Tue May 20 22:43:34 CEST 2014: Problem Count: 20
Tue May 20 22:43:34 CEST 2014: CandidatesCount: 66
Tue May 20 22:43:34 CEST 2014: Max Cycles: 500
Tue May 20 22:43:35 CEST 2014: 0: finished (110ms, 93cycles)
Tue May 20 22:43:35 CEST 2014: 0: Solution found.
Tue May 20 22:43:35 CEST 2014: 1: finished (76ms, 75cycles)
Tue May 20 22:43:35 CEST 2014: 1: Solution found.
Tue May 20 22:43:35 CEST 2014: 2: finished (79ms, 75cycles)
Tue May 20 22:43:35 CEST 2014: 2: Solution found.
Tue May 20 22:43:35 CEST 2014: 3: finished (338ms, 185cycles)
Tue May 20 22:43:35 CEST 2014: 3: Solution found.
Tue May 20 22:43:35 CEST 2014: 4: finished (48ms, 46cycles)
Tue May 20 22:43:35 CEST 2014: 4: Solution found.
Tue May 20 22:43:35 CEST 2014: 5: finished (92ms, 78cycles)
Tue May 20 22:43:35 CEST 2014: 5: Solution found.
Tue May 20 22:43:35 CEST 2014: 6: finished (48ms, 56cycles)
Tue May 20 22:43:35 CEST 2014: 6: Solution found.
Tue May 20 22:43:35 CEST 2014: 7: finished (67ms, 63cycles)
Tue May 20 22:43:35 CEST 2014: 7: Solution found.
Tue May 20 22:43:35 CEST 2014: 8: finished (55ms, 52cycles)
Tue May 20 22:43:35 CEST 2014: 8: Solution found.
Tue May 20 22:43:35 CEST 2014: 9: finished (40ms, 39cycles)
Tue May 20 22:43:35 CEST 2014: 9: Solution found.
Tue May 20 22:43:36 CEST 2014: 10: finished (164ms, 139cycles)
Tue May 20 22:43:36 CEST 2014: 10: Solution found.
Tue May 20 22:43:36 CEST 2014: 11: finished (39ms, 38cycles)
Tue May 20 22:43:36 CEST 2014: 11: Solution found.
Tue May 20 22:43:36 CEST 2014: 12: finished (63ms, 57cycles)
Tue May 20 22:43:36 CEST 2014: 12: Solution found.
Tue May 20 22:43:36 CEST 2014: 13: finished (56ms, 60cycles)
Tue May 20 22:43:36 CEST 2014: 13: Solution found.
Tue May 20 22:43:36 CEST 2014: 14: finished (114ms, 100cycles)
Tue May 20 22:43:36 CEST 2014: 14: Solution found.
Tue May 20 22:43:36 CEST 2014: 15: finished (137ms, 120cycles)
Tue May 20 22:43:36 CEST 2014: 15: Solution found.
Tue May 20 22:43:37 CEST 2014: 16: finished (626ms, 234cycles)
Tue May 20 22:43:37 CEST 2014: 16: Solution found.
Tue May 20 22:43:37 CEST 2014: 17: finished (66ms, 69cycles)
Tue May 20 22:43:37 CEST 2014: 17: Solution found.
Tue May 20 22:43:37 CEST 2014: 18: finished (100ms, 97cycles)
Tue May 20 22:43:37 CEST 2014: 18: Solution found.
Tue May 20 22:43:37 CEST 2014: 19: finished (87ms, 95cycles)
Tue May 20 22:43:37 CEST 2014: 19: Solution found.
Tue May 20 22:43:37 CEST 2014: 20: finished (71ms, 83cycles)
Tue May 20 22:43:37 CEST 2014: 20: Solution found.
Tue May 20 22:43:37 CEST 2014: 21: finished (69ms, 61cycles)
Tue May 20 22:43:37 CEST 2014: 21: Solution found.
Tue May 20 22:43:37 CEST 2014: 22: finished (89ms, 104cycles)
Tue May 20 22:43:37 CEST 2014: 22: Solution found.
Tue May 20 22:43:37 CEST 2014: 23: finished (42ms, 38cycles)
Tue May 20 22:43:37 CEST 2014: 23: Solution found.
Tue May 20 22:43:37 CEST 2014: 24: finished (30ms, 36cycles)
Tue May 20 22:43:37 CEST 2014: 24: Solution found.
Tue May 20 22:43:37 CEST 2014: 25: finished (77ms, 72cycles)
Tue May 20 22:43:37 CEST 2014: 25: Solution found.
Tue May 20 22:43:38 CEST 2014: 26: finished (136ms, 146cycles)
Tue May 20 22:43:38 CEST 2014: 26: Solution found.
Tue May 20 22:43:38 CEST 2014: 27: finished (83ms, 83cycles)
Tue May 20 22:43:38 CEST 2014: 27: Solution found.
Tue May 20 22:43:38 CEST 2014: 28: finished (150ms, 134cycles)
Tue May 20 22:43:38 CEST 2014: 28: Solution found.
Tue May 20 22:43:38 CEST 2014: 29: finished (85ms, 86cycles)
Tue May 20 22:43:38 CEST 2014: 29: Solution found.
Tue May 20 22:43:38 CEST 2014: 30: finished (91ms, 94cycles)
Tue May 20 22:43:38 CEST 2014: 30: Solution found.
Tue May 20 22:43:38 CEST 2014: 31: finished (70ms, 77cycles)
Tue May 20 22:43:38 CEST 2014: 31: Solution found.
Tue May 20 22:43:38 CEST 2014: 32: finished (47ms, 42cycles)
Tue May 20 22:43:38 CEST 2014: 32: Solution found.
Tue May 20 22:43:38 CEST 2014: 33: finished (259ms, 212cycles)
Tue May 20 22:43:38 CEST 2014: 33: Solution found.
Tue May 20 22:43:39 CEST 2014: 34: finished (112ms, 125cycles)
Tue May 20 22:43:39 CEST 2014: 34: Solution found.
Tue May 20 22:43:39 CEST 2014: 35: finished (91ms, 100cycles)
Tue May 20 22:43:39 CEST 2014: 35: Solution found.
Tue May 20 22:43:39 CEST 2014: 36: finished (64ms, 53cycles)
Tue May 20 22:43:39 CEST 2014: 36: Solution found.
Tue May 20 22:43:39 CEST 2014: 37: finished (62ms, 51cycles)
Tue May 20 22:43:39 CEST 2014: 37: Solution found.
Tue May 20 22:43:39 CEST 2014: 38: finished (61ms, 79cycles)
Tue May 20 22:43:39 CEST 2014: 38: Solution found.
Tue May 20 22:43:39 CEST 2014: 39: finished (101ms, 93cycles)
Tue May 20 22:43:39 CEST 2014: 39: Solution found.
Tue May 20 22:43:39 CEST 2014: 40: finished (46ms, 46cycles)
Tue May 20 22:43:39 CEST 2014: 40: Solution found.
Tue May 20 22:43:39 CEST 2014: 41: finished (93ms, 102cycles)
Tue May 20 22:43:39 CEST 2014: 41: Solution found.
Tue May 20 22:43:39 CEST 2014: 42: finished (120ms, 101cycles)
Tue May 20 22:43:39 CEST 2014: 42: Solution found.
Tue May 20 22:43:39 CEST 2014: 43: finished (81ms, 95cycles)
Tue May 20 22:43:39 CEST 2014: 43: Solution found.
Tue May 20 22:43:39 CEST 2014: 44: finished (22ms, 28cycles)
Tue May 20 22:43:39 CEST 2014: 44: Solution found.
Tue May 20 22:43:40 CEST 2014: 45: finished (253ms, 232cycles)
Tue May 20 22:43:40 CEST 2014: 45: Solution found.
Tue May 20 22:43:40 CEST 2014: 46: finished (90ms, 90cycles)
Tue May 20 22:43:40 CEST 2014: 46: Solution found.
Tue May 20 22:43:40 CEST 2014: 47: finished (93ms, 94cycles)
Tue May 20 22:43:40 CEST 2014: 47: Solution found.
Tue May 20 22:43:40 CEST 2014: 48: finished (59ms, 63cycles)
Tue May 20 22:43:40 CEST 2014: 48: Solution found.
Tue May 20 22:43:40 CEST 2014: 49: finished (74ms, 77cycles)
Tue May 20 22:43:40 CEST 2014: 49: Solution found.
Tue May 20 22:43:40 CEST 2014: 50: finished (63ms, 53cycles)
Tue May 20 22:43:40 CEST 2014: 50: Solution found.
Tue May 20 22:43:40 CEST 2014: 51: finished (80ms, 88cycles)
Tue May 20 22:43:40 CEST 2014: 51: Solution found.
Tue May 20 22:43:40 CEST 2014: 52: finished (135ms, 125cycles)
Tue May 20 22:43:40 CEST 2014: 52: Solution found.
Tue May 20 22:43:40 CEST 2014: 53: finished (56ms, 60cycles)
Tue May 20 22:43:40 CEST 2014: 53: Solution found.
Tue May 20 22:43:41 CEST 2014: 54: finished (69ms, 76cycles)
Tue May 20 22:43:41 CEST 2014: 54: Solution found.
Tue May 20 22:43:41 CEST 2014: 55: finished (32ms, 27cycles)
Tue May 20 22:43:41 CEST 2014: 55: Solution found.
Tue May 20 22:43:41 CEST 2014: 56: finished (65ms, 57cycles)
Tue May 20 22:43:41 CEST 2014: 56: Solution found.
Tue May 20 22:43:41 CEST 2014: 57: finished (174ms, 161cycles)
Tue May 20 22:43:41 CEST 2014: 57: Solution found.
Tue May 20 22:43:41 CEST 2014: 58: finished (181ms, 175cycles)
Tue May 20 22:43:41 CEST 2014: 58: Solution found.
Tue May 20 22:43:41 CEST 2014: 59: finished (85ms, 71cycles)
Tue May 20 22:43:41 CEST 2014: 59: Solution found.
Tue May 20 22:43:41 CEST 2014: 60: finished (88ms, 96cycles)
Tue May 20 22:43:41 CEST 2014: 60: Solution found.
Tue May 20 22:43:41 CEST 2014: 61: finished (93ms, 105cycles)
Tue May 20 22:43:41 CEST 2014: 61: Solution found.
Tue May 20 22:43:41 CEST 2014: 62: finished (41ms, 32cycles)
Tue May 20 22:43:41 CEST 2014: 62: Solution found.
Tue May 20 22:43:42 CEST 2014: 63: finished (128ms, 124cycles)
Tue May 20 22:43:42 CEST 2014: 63: Solution found.
Tue May 20 22:43:42 CEST 2014: 64: finished (77ms, 85cycles)
Tue May 20 22:43:42 CEST 2014: 64: Solution found.
Tue May 20 22:43:42 CEST 2014: 65: finished (71ms, 53cycles)
Tue May 20 22:43:42 CEST 2014: 65: Solution found.
Tue May 20 22:43:42 CEST 2014: 66: finished (43ms, 35cycles)
Tue May 20 22:43:42 CEST 2014: 66: Solution found.
Tue May 20 22:43:42 CEST 2014: 67: finished (65ms, 69cycles)
Tue May 20 22:43:42 CEST 2014: 67: Solution found.
Tue May 20 22:43:42 CEST 2014: 68: finished (77ms, 81cycles)
Tue May 20 22:43:42 CEST 2014: 68: Solution found.
Tue May 20 22:43:42 CEST 2014: 69: finished (81ms, 80cycles)
Tue May 20 22:43:42 CEST 2014: 69: Solution found.
Tue May 20 22:43:42 CEST 2014: 70: finished (50ms, 51cycles)
Tue May 20 22:43:42 CEST 2014: 70: Solution found.
Tue May 20 22:43:42 CEST 2014: 71: finished (63ms, 66cycles)
Tue May 20 22:43:42 CEST 2014: 71: Solution found.
Tue May 20 22:43:42 CEST 2014: 72: finished (87ms, 101cycles)
Tue May 20 22:43:42 CEST 2014: 72: Solution found.
Tue May 20 22:43:42 CEST 2014: 73: finished (60ms, 65cycles)
Tue May 20 22:43:42 CEST 2014: 73: Solution found.
Tue May 20 22:43:42 CEST 2014: 74: finished (92ms, 90cycles)
Tue May 20 22:43:42 CEST 2014: 74: Solution found.
Tue May 20 22:43:42 CEST 2014: 75: finished (64ms, 69cycles)
Tue May 20 22:43:42 CEST 2014: 75: Solution found.
Tue May 20 22:43:43 CEST 2014: 76: finished (112ms, 98cycles)
Tue May 20 22:43:43 CEST 2014: 76: Solution found.
Tue May 20 22:43:43 CEST 2014: 77: finished (38ms, 35cycles)
Tue May 20 22:43:43 CEST 2014: 77: Solution found.
Tue May 20 22:43:43 CEST 2014: 78: finished (207ms, 226cycles)
Tue May 20 22:43:43 CEST 2014: 78: Solution found.
Tue May 20 22:43:43 CEST 2014: 79: finished (100ms, 107cycles)
Tue May 20 22:43:43 CEST 2014: 79: Solution found.
Tue May 20 22:43:43 CEST 2014: 80: finished (35ms, 39cycles)
Tue May 20 22:43:43 CEST 2014: 80: Solution found.
Tue May 20 22:43:43 CEST 2014: 81: finished (100ms, 110cycles)
Tue May 20 22:43:43 CEST 2014: 81: Solution found.
Tue May 20 22:43:43 CEST 2014: 82: finished (63ms, 63cycles)
Tue May 20 22:43:43 CEST 2014: 82: Solution found.
Tue May 20 22:43:43 CEST 2014: 83: finished (71ms, 71cycles)
Tue May 20 22:43:43 CEST 2014: 83: Solution found.
Tue May 20 22:43:43 CEST 2014: 84: finished (41ms, 45cycles)
Tue May 20 22:43:43 CEST 2014: 84: Solution found.
Tue May 20 22:43:43 CEST 2014: 85: finished (60ms, 62cycles)
Tue May 20 22:43:43 CEST 2014: 85: Solution found.
Tue May 20 22:43:43 CEST 2014: 86: finished (58ms, 62cycles)
Tue May 20 22:43:43 CEST 2014: 86: Solution found.
Tue May 20 22:43:44 CEST 2014: 87: finished (57ms, 68cycles)
Tue May 20 22:43:44 CEST 2014: 87: Solution found.
Tue May 20 22:43:44 CEST 2014: 88: finished (64ms, 66cycles)
Tue May 20 22:43:44 CEST 2014: 88: Solution found.
Tue May 20 22:43:44 CEST 2014: 89: finished (73ms, 71cycles)
Tue May 20 22:43:44 CEST 2014: 89: Solution found.
Tue May 20 22:43:44 CEST 2014: 90: finished (70ms, 75cycles)
Tue May 20 22:43:44 CEST 2014: 90: Solution found.
Tue May 20 22:43:44 CEST 2014: 91: finished (107ms, 133cycles)
Tue May 20 22:43:44 CEST 2014: 91: Solution found.
Tue May 20 22:43:44 CEST 2014: 92: finished (38ms, 37cycles)
Tue May 20 22:43:44 CEST 2014: 92: Solution found.
Tue May 20 22:43:44 CEST 2014: 93: finished (67ms, 73cycles)
Tue May 20 22:43:44 CEST 2014: 93: Solution found.
Tue May 20 22:43:44 CEST 2014: 94: finished (103ms, 103cycles)
Tue May 20 22:43:44 CEST 2014: 94: Solution found.
Tue May 20 22:43:44 CEST 2014: 95: finished (90ms, 86cycles)
Tue May 20 22:43:44 CEST 2014: 95: Solution found.
Tue May 20 22:43:44 CEST 2014: 96: finished (135ms, 138cycles)
Tue May 20 22:43:44 CEST 2014: 96: Solution found.
Tue May 20 22:43:44 CEST 2014: 97: finished (48ms, 40cycles)
Tue May 20 22:43:44 CEST 2014: 97: Solution found.
Tue May 20 22:43:44 CEST 2014: 98: finished (78ms, 72cycles)
Tue May 20 22:43:45 CEST 2014: 98: Solution found.
Tue May 20 22:43:45 CEST 2014: 99: finished (84ms, 86cycles)
Tue May 20 22:43:45 CEST 2014: 99: Solution found.
Tue May 20 22:43:45 CEST 2014: Solution Found: 100
Tue May 20 22:43:45 CEST 2014: Avg cycles: 85
Tue May 20 22:43:45 CEST 2014: Max cycles: 234
Tue May 20 22:43:45 CEST 2014: Min cycles: 27
Tue May 20 22:43:45 CEST 2014: No solution found: 0
Tue May 20 22:43:45 CEST 2014: logging finished. (runtime: 10151ms)
