Tue May 20 18:15:54 CEST 2014: Problem Count: 20
Tue May 20 18:15:54 CEST 2014: CandidatesCount: 63
Tue May 20 18:15:54 CEST 2014: Max Cycles: 500
Tue May 20 18:15:54 CEST 2014: 0: finished (155ms, 38cycles)
Tue May 20 18:15:54 CEST 2014: 0: Solution found.
Tue May 20 18:15:54 CEST 2014: 1: finished (236ms, 85cycles)
Tue May 20 18:15:54 CEST 2014: 1: Solution found.
Tue May 20 18:15:54 CEST 2014: 2: finished (206ms, 63cycles)
Tue May 20 18:15:55 CEST 2014: 2: Solution found.
Tue May 20 18:15:55 CEST 2014: 3: finished (286ms, 84cycles)
Tue May 20 18:15:55 CEST 2014: 3: Solution found.
Tue May 20 18:15:55 CEST 2014: 4: finished (528ms, 129cycles)
Tue May 20 18:15:55 CEST 2014: 4: Solution found.
Tue May 20 18:15:56 CEST 2014: 5: finished (364ms, 101cycles)
Tue May 20 18:15:56 CEST 2014: 5: Solution found.
Tue May 20 18:15:56 CEST 2014: 6: finished (207ms, 68cycles)
Tue May 20 18:15:56 CEST 2014: 6: Solution found.
Tue May 20 18:15:56 CEST 2014: 7: finished (302ms, 110cycles)
Tue May 20 18:15:56 CEST 2014: 7: Solution found.
Tue May 20 18:15:56 CEST 2014: 8: finished (79ms, 30cycles)
Tue May 20 18:15:56 CEST 2014: 8: Solution found.
Tue May 20 18:15:57 CEST 2014: 9: finished (228ms, 79cycles)
Tue May 20 18:15:57 CEST 2014: 9: Solution found.
Tue May 20 18:15:57 CEST 2014: 10: finished (278ms, 94cycles)
Tue May 20 18:15:57 CEST 2014: 10: Solution found.
Tue May 20 18:15:57 CEST 2014: 11: finished (127ms, 40cycles)
Tue May 20 18:15:57 CEST 2014: 11: Solution found.
Tue May 20 18:15:57 CEST 2014: 12: finished (286ms, 98cycles)
Tue May 20 18:15:57 CEST 2014: 12: Solution found.
Tue May 20 18:15:57 CEST 2014: 13: finished (160ms, 67cycles)
Tue May 20 18:15:57 CEST 2014: 13: Solution found.
Tue May 20 18:15:58 CEST 2014: 14: finished (231ms, 77cycles)
Tue May 20 18:15:58 CEST 2014: 14: Solution found.
Tue May 20 18:15:58 CEST 2014: 15: finished (229ms, 77cycles)
Tue May 20 18:15:58 CEST 2014: 15: Solution found.
Tue May 20 18:15:58 CEST 2014: 16: finished (252ms, 77cycles)
Tue May 20 18:15:58 CEST 2014: 16: Solution found.
Tue May 20 18:15:59 CEST 2014: 17: finished (274ms, 111cycles)
Tue May 20 18:15:59 CEST 2014: 17: Solution found.
Tue May 20 18:15:59 CEST 2014: 18: finished (224ms, 83cycles)
Tue May 20 18:15:59 CEST 2014: 18: Solution found.
Tue May 20 18:15:59 CEST 2014: 19: finished (289ms, 101cycles)
Tue May 20 18:15:59 CEST 2014: 19: Solution found.
Tue May 20 18:15:59 CEST 2014: 20: finished (309ms, 98cycles)
Tue May 20 18:15:59 CEST 2014: 20: Solution found.
Tue May 20 18:16:00 CEST 2014: 21: finished (443ms, 133cycles)
Tue May 20 18:16:00 CEST 2014: 21: Solution found.
Tue May 20 18:16:00 CEST 2014: 22: finished (185ms, 72cycles)
Tue May 20 18:16:00 CEST 2014: 22: Solution found.
Tue May 20 18:16:00 CEST 2014: 23: finished (316ms, 106cycles)
Tue May 20 18:16:00 CEST 2014: 23: Solution found.
Tue May 20 18:16:01 CEST 2014: 24: finished (153ms, 53cycles)
Tue May 20 18:16:01 CEST 2014: 24: Solution found.
Tue May 20 18:16:01 CEST 2014: 25: finished (151ms, 51cycles)
Tue May 20 18:16:01 CEST 2014: 25: Solution found.
Tue May 20 18:16:01 CEST 2014: 26: finished (425ms, 111cycles)
Tue May 20 18:16:01 CEST 2014: 26: Solution found.
Tue May 20 18:16:02 CEST 2014: 27: finished (377ms, 132cycles)
Tue May 20 18:16:02 CEST 2014: 27: Solution found.
Tue May 20 18:16:02 CEST 2014: 28: finished (279ms, 92cycles)
Tue May 20 18:16:02 CEST 2014: 28: Solution found.
Tue May 20 18:16:03 CEST 2014: 29: finished (887ms, 277cycles)
Tue May 20 18:16:03 CEST 2014: 29: Solution found.
Tue May 20 18:16:03 CEST 2014: 30: finished (159ms, 66cycles)
Tue May 20 18:16:03 CEST 2014: 30: Solution found.
Tue May 20 18:16:03 CEST 2014: 31: finished (223ms, 69cycles)
Tue May 20 18:16:03 CEST 2014: 31: Solution found.
Tue May 20 18:16:03 CEST 2014: 32: finished (266ms, 97cycles)
Tue May 20 18:16:03 CEST 2014: 32: Solution found.
Tue May 20 18:16:04 CEST 2014: 33: finished (315ms, 104cycles)
Tue May 20 18:16:04 CEST 2014: 33: Solution found.
Tue May 20 18:16:04 CEST 2014: 34: finished (233ms, 82cycles)
Tue May 20 18:16:04 CEST 2014: 34: Solution found.
Tue May 20 18:16:04 CEST 2014: 35: finished (259ms, 89cycles)
Tue May 20 18:16:04 CEST 2014: 35: Solution found.
Tue May 20 18:16:05 CEST 2014: 36: finished (388ms, 123cycles)
Tue May 20 18:16:05 CEST 2014: 36: Solution found.
Tue May 20 18:16:05 CEST 2014: 37: finished (110ms, 35cycles)
Tue May 20 18:16:05 CEST 2014: 37: Solution found.
Tue May 20 18:16:05 CEST 2014: 38: finished (187ms, 76cycles)
Tue May 20 18:16:05 CEST 2014: 38: Solution found.
Tue May 20 18:16:05 CEST 2014: 39: finished (281ms, 101cycles)
Tue May 20 18:16:05 CEST 2014: 39: Solution found.
Tue May 20 18:16:06 CEST 2014: 40: finished (318ms, 102cycles)
Tue May 20 18:16:06 CEST 2014: 40: Solution found.
Tue May 20 18:16:06 CEST 2014: 41: finished (492ms, 106cycles)
Tue May 20 18:16:06 CEST 2014: 41: Solution found.
Tue May 20 18:16:06 CEST 2014: 42: finished (93ms, 33cycles)
Tue May 20 18:16:06 CEST 2014: 42: Solution found.
Tue May 20 18:16:07 CEST 2014: 43: finished (275ms, 96cycles)
Tue May 20 18:16:07 CEST 2014: 43: Solution found.
Tue May 20 18:16:07 CEST 2014: 44: finished (336ms, 111cycles)
Tue May 20 18:16:07 CEST 2014: 44: Solution found.
Tue May 20 18:16:07 CEST 2014: 45: finished (285ms, 91cycles)
Tue May 20 18:16:07 CEST 2014: 45: Solution found.
Tue May 20 18:16:07 CEST 2014: 46: finished (231ms, 81cycles)
Tue May 20 18:16:08 CEST 2014: 46: Solution found.
Tue May 20 18:16:08 CEST 2014: 47: finished (366ms, 106cycles)
Tue May 20 18:16:08 CEST 2014: 47: Solution found.
Tue May 20 18:16:08 CEST 2014: 48: finished (259ms, 77cycles)
Tue May 20 18:16:08 CEST 2014: 48: Solution found.
Tue May 20 18:16:08 CEST 2014: 49: finished (249ms, 87cycles)
Tue May 20 18:16:08 CEST 2014: 49: Solution found.
Tue May 20 18:16:09 CEST 2014: 50: finished (249ms, 83cycles)
Tue May 20 18:16:09 CEST 2014: 50: Solution found.
Tue May 20 18:16:09 CEST 2014: 51: finished (323ms, 107cycles)
Tue May 20 18:16:09 CEST 2014: 51: Solution found.
Tue May 20 18:16:09 CEST 2014: 52: finished (125ms, 43cycles)
Tue May 20 18:16:09 CEST 2014: 52: Solution found.
Tue May 20 18:16:09 CEST 2014: 53: finished (184ms, 61cycles)
Tue May 20 18:16:09 CEST 2014: 53: Solution found.
Tue May 20 18:16:10 CEST 2014: 54: finished (225ms, 79cycles)
Tue May 20 18:16:10 CEST 2014: 54: Solution found.
Tue May 20 18:16:10 CEST 2014: 55: finished (226ms, 67cycles)
Tue May 20 18:16:10 CEST 2014: 55: Solution found.
Tue May 20 18:16:10 CEST 2014: 56: finished (213ms, 60cycles)
Tue May 20 18:16:10 CEST 2014: 56: Solution found.
Tue May 20 18:16:11 CEST 2014: 57: finished (418ms, 150cycles)
Tue May 20 18:16:11 CEST 2014: 57: Solution found.
Tue May 20 18:16:11 CEST 2014: 58: finished (437ms, 120cycles)
Tue May 20 18:16:11 CEST 2014: 58: Solution found.
Tue May 20 18:16:11 CEST 2014: 59: finished (70ms, 22cycles)
Tue May 20 18:16:11 CEST 2014: 59: Solution found.
Tue May 20 18:16:11 CEST 2014: 60: finished (133ms, 44cycles)
Tue May 20 18:16:11 CEST 2014: 60: Solution found.
Tue May 20 18:16:12 CEST 2014: 61: finished (290ms, 93cycles)
Tue May 20 18:16:12 CEST 2014: 61: Solution found.
Tue May 20 18:16:12 CEST 2014: 62: finished (248ms, 87cycles)
Tue May 20 18:16:12 CEST 2014: 62: Solution found.
Tue May 20 18:16:12 CEST 2014: 63: finished (267ms, 87cycles)
Tue May 20 18:16:12 CEST 2014: 63: Solution found.
Tue May 20 18:16:12 CEST 2014: 64: finished (262ms, 100cycles)
Tue May 20 18:16:12 CEST 2014: 64: Solution found.
Tue May 20 18:16:13 CEST 2014: 65: finished (204ms, 70cycles)
Tue May 20 18:16:13 CEST 2014: 65: Solution found.
Tue May 20 18:16:13 CEST 2014: 66: finished (254ms, 77cycles)
Tue May 20 18:16:13 CEST 2014: 66: Solution found.
Tue May 20 18:16:13 CEST 2014: 67: finished (106ms, 39cycles)
Tue May 20 18:16:13 CEST 2014: 67: Solution found.
Tue May 20 18:16:13 CEST 2014: 68: finished (143ms, 59cycles)
Tue May 20 18:16:13 CEST 2014: 68: Solution found.
Tue May 20 18:16:13 CEST 2014: 69: finished (362ms, 129cycles)
Tue May 20 18:16:14 CEST 2014: 69: Solution found.
Tue May 20 18:16:14 CEST 2014: 70: finished (401ms, 99cycles)
Tue May 20 18:16:14 CEST 2014: 70: Solution found.
Tue May 20 18:16:14 CEST 2014: 71: finished (95ms, 34cycles)
Tue May 20 18:16:14 CEST 2014: 71: Solution found.
Tue May 20 18:16:14 CEST 2014: 72: finished (115ms, 43cycles)
Tue May 20 18:16:14 CEST 2014: 72: Solution found.
Tue May 20 18:16:14 CEST 2014: 73: finished (285ms, 112cycles)
Tue May 20 18:16:14 CEST 2014: 73: Solution found.
Tue May 20 18:16:15 CEST 2014: 74: finished (670ms, 211cycles)
Tue May 20 18:16:15 CEST 2014: 74: Solution found.
Tue May 20 18:16:15 CEST 2014: 75: finished (271ms, 84cycles)
Tue May 20 18:16:15 CEST 2014: 75: Solution found.
Tue May 20 18:16:16 CEST 2014: 76: finished (339ms, 121cycles)
Tue May 20 18:16:16 CEST 2014: 76: Solution found.
Tue May 20 18:16:16 CEST 2014: 77: finished (150ms, 46cycles)
Tue May 20 18:16:16 CEST 2014: 77: Solution found.
Tue May 20 18:16:16 CEST 2014: 78: finished (355ms, 115cycles)
Tue May 20 18:16:16 CEST 2014: 78: Solution found.
Tue May 20 18:16:16 CEST 2014: 79: finished (150ms, 54cycles)
Tue May 20 18:16:17 CEST 2014: 79: Solution found.
Tue May 20 18:16:17 CEST 2014: 80: finished (89ms, 33cycles)
Tue May 20 18:16:17 CEST 2014: 80: Solution found.
Tue May 20 18:16:17 CEST 2014: 81: finished (286ms, 88cycles)
Tue May 20 18:16:17 CEST 2014: 81: Solution found.
Tue May 20 18:16:18 CEST 2014: 82: finished (945ms, 280cycles)
Tue May 20 18:16:18 CEST 2014: 82: Solution found.
Tue May 20 18:16:18 CEST 2014: 83: finished (98ms, 42cycles)
Tue May 20 18:16:18 CEST 2014: 83: Solution found.
Tue May 20 18:16:18 CEST 2014: 84: finished (289ms, 99cycles)
Tue May 20 18:16:18 CEST 2014: 84: Solution found.
Tue May 20 18:16:19 CEST 2014: 85: finished (244ms, 91cycles)
Tue May 20 18:16:19 CEST 2014: 85: Solution found.
Tue May 20 18:16:19 CEST 2014: 86: finished (364ms, 89cycles)
Tue May 20 18:16:19 CEST 2014: 86: Solution found.
Tue May 20 18:16:19 CEST 2014: 87: finished (318ms, 134cycles)
Tue May 20 18:16:19 CEST 2014: 87: Solution found.
Tue May 20 18:16:20 CEST 2014: 88: finished (203ms, 49cycles)
Tue May 20 18:16:20 CEST 2014: 88: Solution found.
Tue May 20 18:16:20 CEST 2014: 89: finished (353ms, 115cycles)
Tue May 20 18:16:20 CEST 2014: 89: Solution found.
Tue May 20 18:16:20 CEST 2014: 90: finished (475ms, 161cycles)
Tue May 20 18:16:20 CEST 2014: 90: Solution found.
Tue May 20 18:16:21 CEST 2014: 91: finished (136ms, 50cycles)
Tue May 20 18:16:21 CEST 2014: 91: Solution found.
Tue May 20 18:16:21 CEST 2014: 92: finished (668ms, 170cycles)
Tue May 20 18:16:21 CEST 2014: 92: Solution found.
Tue May 20 18:16:21 CEST 2014: 93: finished (160ms, 59cycles)
Tue May 20 18:16:21 CEST 2014: 93: Solution found.
Tue May 20 18:16:22 CEST 2014: 94: finished (146ms, 53cycles)
Tue May 20 18:16:22 CEST 2014: 94: Solution found.
Tue May 20 18:16:22 CEST 2014: 95: finished (140ms, 48cycles)
Tue May 20 18:16:22 CEST 2014: 95: Solution found.
Tue May 20 18:16:22 CEST 2014: 96: finished (227ms, 61cycles)
Tue May 20 18:16:22 CEST 2014: 96: Solution found.
Tue May 20 18:16:23 CEST 2014: 97: finished (659ms, 196cycles)
Tue May 20 18:16:23 CEST 2014: 97: Solution found.
Tue May 20 18:16:23 CEST 2014: 98: finished (295ms, 72cycles)
Tue May 20 18:16:23 CEST 2014: 98: Solution found.
Tue May 20 18:16:23 CEST 2014: 99: finished (132ms, 50cycles)
Tue May 20 18:16:23 CEST 2014: 99: Solution found.
Tue May 20 18:16:23 CEST 2014: Solution Found: 100
Tue May 20 18:16:23 CEST 2014: Avg cycles: 89
Tue May 20 18:16:23 CEST 2014: Max cycles: 280
Tue May 20 18:16:23 CEST 2014: Min cycles: 22
Tue May 20 18:16:23 CEST 2014: No solution found: 0
Tue May 20 18:16:23 CEST 2014: logging finished. (runtime: 29279ms)
