Tue May 20 00:19:12 CEST 2014: Problem Count: 50
Tue May 20 00:19:12 CEST 2014: CandidatesCount: 100
Tue May 20 00:19:12 CEST 2014: Max Cycles: 500
Tue May 20 00:19:15 CEST 2014: 0: finished (2926ms, 119cycles)
Tue May 20 00:19:15 CEST 2014: 0: Solution found.
Tue May 20 00:19:16 CEST 2014: 1: finished (788ms, 84cycles)
Tue May 20 00:19:16 CEST 2014: 1: Solution found.
Tue May 20 00:19:16 CEST 2014: 2: finished (600ms, 59cycles)
Tue May 20 00:19:16 CEST 2014: 2: Solution found.
Tue May 20 00:19:17 CEST 2014: 3: finished (793ms, 70cycles)
Tue May 20 00:19:17 CEST 2014: 3: Solution found.
Tue May 20 00:19:18 CEST 2014: 4: finished (367ms, 38cycles)
Tue May 20 00:19:18 CEST 2014: 4: Solution found.
Tue May 20 00:19:19 CEST 2014: 5: finished (1095ms, 100cycles)
Tue May 20 00:19:19 CEST 2014: 5: Solution found.
Tue May 20 00:19:20 CEST 2014: 6: finished (902ms, 101cycles)
Tue May 20 00:19:20 CEST 2014: 6: Solution found.
Tue May 20 00:19:21 CEST 2014: 7: finished (1191ms, 105cycles)
Tue May 20 00:19:21 CEST 2014: 7: Solution found.
Tue May 20 00:19:22 CEST 2014: 8: finished (691ms, 58cycles)
Tue May 20 00:19:22 CEST 2014: 8: Solution found.
Tue May 20 00:19:23 CEST 2014: 9: finished (1373ms, 133cycles)
Tue May 20 00:19:23 CEST 2014: 9: Solution found.
Tue May 20 00:19:35 CEST 2014: 10: finished (12145ms, 500cycles)
Tue May 20 00:19:36 CEST 2014: 10: No solution found.
Tue May 20 00:19:36 CEST 2014: 11: finished (674ms, 69cycles)
Tue May 20 00:19:36 CEST 2014: 11: Solution found.
Tue May 20 00:19:37 CEST 2014: 12: finished (1015ms, 98cycles)
Tue May 20 00:19:37 CEST 2014: 12: Solution found.
Tue May 20 00:19:38 CEST 2014: 13: finished (577ms, 60cycles)
Tue May 20 00:19:38 CEST 2014: 13: Solution found.
Tue May 20 00:19:40 CEST 2014: 14: finished (1875ms, 114cycles)
Tue May 20 00:19:40 CEST 2014: 14: Solution found.
Tue May 20 00:19:51 CEST 2014: 15: finished (11016ms, 500cycles)
Tue May 20 00:19:51 CEST 2014: 15: No solution found.
Tue May 20 00:19:51 CEST 2014: 16: finished (451ms, 42cycles)
Tue May 20 00:19:52 CEST 2014: 16: Solution found.
Tue May 20 00:19:52 CEST 2014: 17: finished (367ms, 38cycles)
Tue May 20 00:19:52 CEST 2014: 17: Solution found.
Tue May 20 00:19:58 CEST 2014: 18: finished (5865ms, 273cycles)
Tue May 20 00:19:58 CEST 2014: 18: Solution found.
Tue May 20 00:19:58 CEST 2014: 19: finished (334ms, 37cycles)
Tue May 20 00:19:58 CEST 2014: 19: Solution found.
Tue May 20 00:20:00 CEST 2014: 20: finished (1371ms, 89cycles)
Tue May 20 00:20:00 CEST 2014: 20: Solution found.
Tue May 20 00:20:04 CEST 2014: 21: finished (4462ms, 376cycles)
Tue May 20 00:20:04 CEST 2014: 21: Solution found.
Tue May 20 00:20:20 CEST 2014: 22: finished (15177ms, 500cycles)
Tue May 20 00:20:20 CEST 2014: 22: No solution found.
Tue May 20 00:20:20 CEST 2014: 23: finished (537ms, 45cycles)
Tue May 20 00:20:20 CEST 2014: 23: Solution found.
Tue May 20 00:20:21 CEST 2014: 24: finished (383ms, 35cycles)
Tue May 20 00:20:21 CEST 2014: 24: Solution found.
Tue May 20 00:20:21 CEST 2014: 25: finished (473ms, 48cycles)
Tue May 20 00:20:21 CEST 2014: 25: Solution found.
Tue May 20 00:20:22 CEST 2014: 26: finished (500ms, 51cycles)
Tue May 20 00:20:22 CEST 2014: 26: Solution found.
Tue May 20 00:20:23 CEST 2014: 27: finished (1015ms, 104cycles)
Tue May 20 00:20:23 CEST 2014: 27: Solution found.
Tue May 20 00:20:24 CEST 2014: 28: finished (729ms, 78cycles)
Tue May 20 00:20:24 CEST 2014: 28: Solution found.
Tue May 20 00:20:24 CEST 2014: 29: finished (430ms, 43cycles)
Tue May 20 00:20:24 CEST 2014: 29: Solution found.
Tue May 20 00:20:25 CEST 2014: 30: finished (737ms, 74cycles)
Tue May 20 00:20:25 CEST 2014: 30: Solution found.
Tue May 20 00:20:38 CEST 2014: 31: finished (13247ms, 500cycles)
Tue May 20 00:20:38 CEST 2014: 31: No solution found.
Tue May 20 00:20:46 CEST 2014: 32: finished (7911ms, 321cycles)
Tue May 20 00:20:46 CEST 2014: 32: Solution found.
Tue May 20 00:20:47 CEST 2014: 33: finished (771ms, 65cycles)
Tue May 20 00:20:47 CEST 2014: 33: Solution found.
Tue May 20 00:20:48 CEST 2014: 34: finished (406ms, 44cycles)
Tue May 20 00:20:48 CEST 2014: 34: Solution found.
Tue May 20 00:20:48 CEST 2014: 35: finished (539ms, 57cycles)
Tue May 20 00:20:48 CEST 2014: 35: Solution found.
Tue May 20 00:20:49 CEST 2014: 36: finished (717ms, 68cycles)
Tue May 20 00:20:49 CEST 2014: 36: Solution found.
Tue May 20 00:20:50 CEST 2014: 37: finished (888ms, 85cycles)
Tue May 20 00:20:50 CEST 2014: 37: Solution found.
Tue May 20 00:20:51 CEST 2014: 38: finished (511ms, 51cycles)
Tue May 20 00:20:51 CEST 2014: 38: Solution found.
Tue May 20 00:20:51 CEST 2014: 39: finished (553ms, 55cycles)
Tue May 20 00:20:51 CEST 2014: 39: Solution found.
Tue May 20 00:20:52 CEST 2014: 40: finished (910ms, 82cycles)
Tue May 20 00:20:52 CEST 2014: 40: Solution found.
Tue May 20 00:21:03 CEST 2014: 41: finished (11100ms, 500cycles)
Tue May 20 00:21:04 CEST 2014: 41: No solution found.
Tue May 20 00:21:13 CEST 2014: 42: finished (9869ms, 391cycles)
Tue May 20 00:21:13 CEST 2014: 42: Solution found.
Tue May 20 00:21:14 CEST 2014: 43: finished (597ms, 51cycles)
Tue May 20 00:21:14 CEST 2014: 43: Solution found.
Tue May 20 00:21:15 CEST 2014: 44: finished (635ms, 59cycles)
Tue May 20 00:21:15 CEST 2014: 44: Solution found.
Tue May 20 00:21:17 CEST 2014: 45: finished (1734ms, 92cycles)
Tue May 20 00:21:17 CEST 2014: 45: Solution found.
Tue May 20 00:21:32 CEST 2014: 46: finished (15104ms, 500cycles)
Tue May 20 00:21:32 CEST 2014: 46: No solution found.
Tue May 20 00:21:32 CEST 2014: 47: finished (563ms, 53cycles)
Tue May 20 00:21:33 CEST 2014: 47: Solution found.
Tue May 20 00:21:47 CEST 2014: 48: finished (14349ms, 500cycles)
Tue May 20 00:21:47 CEST 2014: 48: No solution found.
Tue May 20 00:21:49 CEST 2014: 49: finished (1638ms, 97cycles)
Tue May 20 00:21:49 CEST 2014: 49: Solution found.
Tue May 20 00:21:51 CEST 2014: 50: finished (2213ms, 187cycles)
Tue May 20 00:21:51 CEST 2014: 50: Solution found.
Tue May 20 00:21:51 CEST 2014: 51: finished (225ms, 24cycles)
Tue May 20 00:21:51 CEST 2014: 51: Solution found.
Tue May 20 00:21:52 CEST 2014: 52: finished (306ms, 33cycles)
Tue May 20 00:21:52 CEST 2014: 52: Solution found.
Tue May 20 00:21:53 CEST 2014: 53: finished (992ms, 99cycles)
Tue May 20 00:21:53 CEST 2014: 53: Solution found.
Tue May 20 00:21:53 CEST 2014: 54: finished (484ms, 51cycles)
Tue May 20 00:21:53 CEST 2014: 54: Solution found.
Tue May 20 00:22:04 CEST 2014: 55: finished (10222ms, 356cycles)
Tue May 20 00:22:04 CEST 2014: 55: Solution found.
Tue May 20 00:22:05 CEST 2014: 56: finished (1103ms, 73cycles)
Tue May 20 00:22:05 CEST 2014: 56: Solution found.
Tue May 20 00:22:12 CEST 2014: 57: finished (6773ms, 277cycles)
Tue May 20 00:22:12 CEST 2014: 57: Solution found.
Tue May 20 00:22:13 CEST 2014: 58: finished (1608ms, 138cycles)
Tue May 20 00:22:13 CEST 2014: 58: Solution found.
Tue May 20 00:22:14 CEST 2014: 59: finished (223ms, 23cycles)
Tue May 20 00:22:14 CEST 2014: 59: Solution found.
Tue May 20 00:22:14 CEST 2014: 60: finished (707ms, 55cycles)
Tue May 20 00:22:15 CEST 2014: 60: Solution found.
Tue May 20 00:22:15 CEST 2014: 61: finished (390ms, 38cycles)
Tue May 20 00:22:15 CEST 2014: 61: Solution found.
Tue May 20 00:22:16 CEST 2014: 62: finished (840ms, 84cycles)
Tue May 20 00:22:16 CEST 2014: 62: Solution found.
Tue May 20 00:22:16 CEST 2014: 63: finished (454ms, 48cycles)
Tue May 20 00:22:16 CEST 2014: 63: Solution found.
Tue May 20 00:22:26 CEST 2014: 64: finished (9212ms, 313cycles)
Tue May 20 00:22:26 CEST 2014: 64: Solution found.
Tue May 20 00:22:41 CEST 2014: 65: finished (15088ms, 500cycles)
Tue May 20 00:22:41 CEST 2014: 65: No solution found.
Tue May 20 00:22:42 CEST 2014: 66: finished (833ms, 89cycles)
Tue May 20 00:22:42 CEST 2014: 66: Solution found.
Tue May 20 00:22:43 CEST 2014: 67: finished (681ms, 62cycles)
Tue May 20 00:22:43 CEST 2014: 67: Solution found.
Tue May 20 00:22:56 CEST 2014: 68: finished (13843ms, 500cycles)
Tue May 20 00:22:57 CEST 2014: 68: No solution found.
Tue May 20 00:22:58 CEST 2014: 69: finished (1928ms, 118cycles)
Tue May 20 00:22:59 CEST 2014: 69: Solution found.
Tue May 20 00:22:59 CEST 2014: 70: finished (882ms, 97cycles)
Tue May 20 00:23:00 CEST 2014: 70: Solution found.
Tue May 20 00:23:03 CEST 2014: 71: finished (3443ms, 204cycles)
Tue May 20 00:23:03 CEST 2014: 71: Solution found.
Tue May 20 00:23:04 CEST 2014: 72: finished (588ms, 47cycles)
Tue May 20 00:23:04 CEST 2014: 72: Solution found.
Tue May 20 00:23:05 CEST 2014: 73: finished (1600ms, 98cycles)
Tue May 20 00:23:05 CEST 2014: 73: Solution found.
Tue May 20 00:23:06 CEST 2014: 74: finished (529ms, 55cycles)
Tue May 20 00:23:06 CEST 2014: 74: Solution found.
Tue May 20 00:23:07 CEST 2014: 75: finished (501ms, 45cycles)
Tue May 20 00:23:07 CEST 2014: 75: Solution found.
Tue May 20 00:23:08 CEST 2014: 76: finished (1329ms, 121cycles)
Tue May 20 00:23:08 CEST 2014: 76: Solution found.
Tue May 20 00:23:09 CEST 2014: 77: finished (1469ms, 100cycles)
Tue May 20 00:23:10 CEST 2014: 77: Solution found.
Tue May 20 00:23:10 CEST 2014: 78: finished (422ms, 46cycles)
Tue May 20 00:23:10 CEST 2014: 78: Solution found.
Tue May 20 00:23:11 CEST 2014: 79: finished (582ms, 57cycles)
Tue May 20 00:23:11 CEST 2014: 79: Solution found.
Tue May 20 00:23:11 CEST 2014: 80: finished (602ms, 62cycles)
Tue May 20 00:23:11 CEST 2014: 80: Solution found.
Tue May 20 00:23:12 CEST 2014: 81: finished (768ms, 81cycles)
Tue May 20 00:23:12 CEST 2014: 81: Solution found.
Tue May 20 00:23:15 CEST 2014: 82: finished (2480ms, 209cycles)
Tue May 20 00:23:15 CEST 2014: 82: Solution found.
Tue May 20 00:23:16 CEST 2014: 83: finished (929ms, 84cycles)
Tue May 20 00:23:16 CEST 2014: 83: Solution found.
Tue May 20 00:23:17 CEST 2014: 84: finished (1245ms, 117cycles)
Tue May 20 00:23:17 CEST 2014: 84: Solution found.
Tue May 20 00:23:18 CEST 2014: 85: finished (599ms, 59cycles)
Tue May 20 00:23:18 CEST 2014: 85: Solution found.
Tue May 20 00:23:19 CEST 2014: 86: finished (1443ms, 156cycles)
Tue May 20 00:23:19 CEST 2014: 86: Solution found.
Tue May 20 00:23:20 CEST 2014: 87: finished (388ms, 35cycles)
Tue May 20 00:23:20 CEST 2014: 87: Solution found.
Tue May 20 00:23:21 CEST 2014: 88: finished (861ms, 79cycles)
Tue May 20 00:23:21 CEST 2014: 88: Solution found.
Tue May 20 00:23:21 CEST 2014: 89: finished (530ms, 49cycles)
Tue May 20 00:23:22 CEST 2014: 89: Solution found.
Tue May 20 00:23:22 CEST 2014: 90: finished (518ms, 41cycles)
Tue May 20 00:23:22 CEST 2014: 90: Solution found.
Tue May 20 00:23:25 CEST 2014: 91: finished (2685ms, 119cycles)
Tue May 20 00:23:25 CEST 2014: 91: Solution found.
Tue May 20 00:23:26 CEST 2014: 92: finished (671ms, 69cycles)
Tue May 20 00:23:26 CEST 2014: 92: Solution found.
Tue May 20 00:23:27 CEST 2014: 93: finished (1221ms, 130cycles)
Tue May 20 00:23:27 CEST 2014: 93: Solution found.
Tue May 20 00:23:28 CEST 2014: 94: finished (732ms, 76cycles)
Tue May 20 00:23:28 CEST 2014: 94: Solution found.
Tue May 20 00:23:39 CEST 2014: 95: finished (11088ms, 500cycles)
Tue May 20 00:23:39 CEST 2014: 95: No solution found.
Tue May 20 00:23:53 CEST 2014: 96: finished (14484ms, 500cycles)
Tue May 20 00:23:53 CEST 2014: 96: No solution found.
Tue May 20 00:23:54 CEST 2014: 97: finished (1051ms, 93cycles)
Tue May 20 00:23:55 CEST 2014: 97: Solution found.
Tue May 20 00:23:55 CEST 2014: 98: finished (695ms, 68cycles)
Tue May 20 00:23:55 CEST 2014: 98: Solution found.
Tue May 20 00:23:57 CEST 2014: 99: finished (1868ms, 117cycles)
Tue May 20 00:23:57 CEST 2014: 99: Solution found.
Tue May 20 00:23:57 CEST 2014: Solution Found: 89
Tue May 20 00:23:57 CEST 2014: Avg cycles: 97
Tue May 20 00:23:57 CEST 2014: Max cycles: 391
Tue May 20 00:23:57 CEST 2014: Min cycles: 23
Tue May 20 00:23:57 CEST 2014: No solution found: 11
Tue May 20 00:23:57 CEST 2014: logging finished. (runtime: 285681ms)
