Tue May 20 13:29:18 CEST 2014: Problem Count: 50
Tue May 20 13:29:18 CEST 2014: CandidatesCount: 250
Tue May 20 13:29:18 CEST 2014: Max Cycles: 500
Tue May 20 13:29:18 CEST 2014: 0: finished (614ms, 33cycles)
Tue May 20 13:29:19 CEST 2014: 0: Solution found.
Tue May 20 13:29:38 CEST 2014: 1: finished (19089ms, 306cycles)
Tue May 20 13:29:38 CEST 2014: 1: Solution found.
Tue May 20 13:29:59 CEST 2014: 2: finished (21294ms, 426cycles)
Tue May 20 13:29:59 CEST 2014: 2: Solution found.
Tue May 20 13:29:59 CEST 2014: 3: finished (327ms, 20cycles)
Tue May 20 13:29:59 CEST 2014: 3: Solution found.
Tue May 20 13:30:00 CEST 2014: 4: finished (854ms, 44cycles)
Tue May 20 13:30:00 CEST 2014: 4: Solution found.
Tue May 20 13:30:01 CEST 2014: 5: finished (444ms, 23cycles)
Tue May 20 13:30:01 CEST 2014: 5: Solution found.
Tue May 20 13:30:02 CEST 2014: 6: finished (990ms, 49cycles)
Tue May 20 13:30:02 CEST 2014: 6: Solution found.
Tue May 20 13:30:27 CEST 2014: 7: finished (25101ms, 500cycles)
Tue May 20 13:30:27 CEST 2014: 7: No solution found.
Tue May 20 13:30:28 CEST 2014: 8: finished (937ms, 50cycles)
Tue May 20 13:30:28 CEST 2014: 8: Solution found.
Tue May 20 13:30:29 CEST 2014: 9: finished (1113ms, 52cycles)
Tue May 20 13:30:29 CEST 2014: 9: Solution found.
Tue May 20 13:30:41 CEST 2014: 10: finished (11955ms, 222cycles)
Tue May 20 13:30:41 CEST 2014: 10: Solution found.
Tue May 20 13:30:43 CEST 2014: 11: finished (1728ms, 64cycles)
Tue May 20 13:30:43 CEST 2014: 11: Solution found.
Tue May 20 13:30:44 CEST 2014: 12: finished (788ms, 36cycles)
Tue May 20 13:30:44 CEST 2014: 12: Solution found.
Tue May 20 13:30:44 CEST 2014: 13: finished (489ms, 26cycles)
Tue May 20 13:30:44 CEST 2014: 13: Solution found.
Tue May 20 13:30:45 CEST 2014: 14: finished (613ms, 34cycles)
Tue May 20 13:30:45 CEST 2014: 14: Solution found.
Tue May 20 13:30:46 CEST 2014: 15: finished (642ms, 34cycles)
Tue May 20 13:30:46 CEST 2014: 15: Solution found.
Tue May 20 13:30:47 CEST 2014: 16: finished (621ms, 36cycles)
Tue May 20 13:30:47 CEST 2014: 16: Solution found.
Tue May 20 13:30:47 CEST 2014: 17: finished (854ms, 50cycles)
Tue May 20 13:30:48 CEST 2014: 17: Solution found.
Tue May 20 13:30:48 CEST 2014: 18: finished (696ms, 37cycles)
Tue May 20 13:30:48 CEST 2014: 18: Solution found.
Tue May 20 13:30:49 CEST 2014: 19: finished (715ms, 33cycles)
Tue May 20 13:30:49 CEST 2014: 19: Solution found.
Tue May 20 13:30:53 CEST 2014: 20: finished (4141ms, 186cycles)
Tue May 20 13:30:53 CEST 2014: 20: Solution found.
Tue May 20 13:30:55 CEST 2014: 21: finished (1363ms, 71cycles)
Tue May 20 13:30:55 CEST 2014: 21: Solution found.
Tue May 20 13:30:55 CEST 2014: 22: finished (604ms, 35cycles)
Tue May 20 13:30:55 CEST 2014: 22: Solution found.
Tue May 20 13:30:56 CEST 2014: 23: finished (634ms, 33cycles)
Tue May 20 13:30:56 CEST 2014: 23: Solution found.
Tue May 20 13:30:57 CEST 2014: 24: finished (1265ms, 60cycles)
Tue May 20 13:30:57 CEST 2014: 24: Solution found.
Tue May 20 13:30:58 CEST 2014: 25: finished (851ms, 44cycles)
Tue May 20 13:30:58 CEST 2014: 25: Solution found.
Tue May 20 13:31:03 CEST 2014: 26: finished (4344ms, 105cycles)
Tue May 20 13:31:03 CEST 2014: 26: Solution found.
Tue May 20 13:31:03 CEST 2014: 27: finished (276ms, 14cycles)
Tue May 20 13:31:03 CEST 2014: 27: Solution found.
Tue May 20 13:31:04 CEST 2014: 28: finished (991ms, 45cycles)
Tue May 20 13:31:04 CEST 2014: 28: Solution found.
Tue May 20 13:31:10 CEST 2014: 29: finished (5367ms, 120cycles)
Tue May 20 13:31:10 CEST 2014: 29: Solution found.
Tue May 20 13:31:11 CEST 2014: 30: finished (1006ms, 47cycles)
Tue May 20 13:31:11 CEST 2014: 30: Solution found.
Tue May 20 13:31:11 CEST 2014: 31: finished (447ms, 21cycles)
Tue May 20 13:31:11 CEST 2014: 31: Solution found.
Tue May 20 13:31:12 CEST 2014: 32: finished (683ms, 30cycles)
Tue May 20 13:31:12 CEST 2014: 32: Solution found.
Tue May 20 13:31:13 CEST 2014: 33: finished (1010ms, 47cycles)
Tue May 20 13:31:13 CEST 2014: 33: Solution found.
Tue May 20 13:31:16 CEST 2014: 34: finished (2692ms, 98cycles)
Tue May 20 13:31:16 CEST 2014: 34: Solution found.
Tue May 20 13:31:16 CEST 2014: 35: finished (630ms, 36cycles)
Tue May 20 13:31:17 CEST 2014: 35: Solution found.
Tue May 20 13:31:18 CEST 2014: 36: finished (1582ms, 91cycles)
Tue May 20 13:31:18 CEST 2014: 36: Solution found.
Tue May 20 13:31:19 CEST 2014: 37: finished (306ms, 18cycles)
Tue May 20 13:31:19 CEST 2014: 37: Solution found.
Tue May 20 13:31:19 CEST 2014: 38: finished (544ms, 30cycles)
Tue May 20 13:31:19 CEST 2014: 38: Solution found.
Tue May 20 13:31:45 CEST 2014: 39: finished (25927ms, 500cycles)
Tue May 20 13:31:45 CEST 2014: 39: No solution found.
Tue May 20 13:31:47 CEST 2014: 40: finished (1430ms, 48cycles)
Tue May 20 13:31:47 CEST 2014: 40: Solution found.
Tue May 20 13:31:47 CEST 2014: 41: finished (837ms, 47cycles)
Tue May 20 13:31:47 CEST 2014: 41: Solution found.
Tue May 20 13:31:48 CEST 2014: 42: finished (359ms, 20cycles)
Tue May 20 13:31:48 CEST 2014: 42: Solution found.
Tue May 20 13:31:50 CEST 2014: 43: finished (1619ms, 90cycles)
Tue May 20 13:31:50 CEST 2014: 43: Solution found.
Tue May 20 13:31:50 CEST 2014: 44: finished (767ms, 42cycles)
Tue May 20 13:31:50 CEST 2014: 44: Solution found.
Tue May 20 13:31:51 CEST 2014: 45: finished (381ms, 20cycles)
Tue May 20 13:31:51 CEST 2014: 45: Solution found.
Tue May 20 13:31:52 CEST 2014: 46: finished (1059ms, 55cycles)
Tue May 20 13:31:52 CEST 2014: 46: Solution found.
Tue May 20 13:32:10 CEST 2014: 47: finished (18244ms, 399cycles)
Tue May 20 13:32:10 CEST 2014: 47: Solution found.
Tue May 20 13:32:25 CEST 2014: 48: finished (14647ms, 293cycles)
Tue May 20 13:32:25 CEST 2014: 48: Solution found.
Tue May 20 13:32:26 CEST 2014: 49: finished (900ms, 43cycles)
Tue May 20 13:32:26 CEST 2014: 49: Solution found.
Tue May 20 13:32:27 CEST 2014: 50: finished (1005ms, 49cycles)
Tue May 20 13:32:27 CEST 2014: 50: Solution found.
Tue May 20 13:32:28 CEST 2014: 51: finished (1099ms, 56cycles)
Tue May 20 13:32:28 CEST 2014: 51: Solution found.
Tue May 20 13:32:30 CEST 2014: 52: finished (1843ms, 59cycles)
Tue May 20 13:32:30 CEST 2014: 52: Solution found.
Tue May 20 13:32:32 CEST 2014: 53: finished (1810ms, 61cycles)
Tue May 20 13:32:32 CEST 2014: 53: Solution found.
Tue May 20 13:32:32 CEST 2014: 54: finished (488ms, 25cycles)
Tue May 20 13:32:33 CEST 2014: 54: Solution found.
Tue May 20 13:32:33 CEST 2014: 55: finished (624ms, 30cycles)
Tue May 20 13:32:33 CEST 2014: 55: Solution found.
Tue May 20 13:32:34 CEST 2014: 56: finished (933ms, 47cycles)
Tue May 20 13:32:34 CEST 2014: 56: Solution found.
Tue May 20 13:32:35 CEST 2014: 57: finished (654ms, 33cycles)
Tue May 20 13:32:35 CEST 2014: 57: Solution found.
Tue May 20 13:32:36 CEST 2014: 58: finished (1057ms, 53cycles)
Tue May 20 13:32:36 CEST 2014: 58: Solution found.
Tue May 20 13:32:37 CEST 2014: 59: finished (861ms, 42cycles)
Tue May 20 13:32:37 CEST 2014: 59: Solution found.
Tue May 20 13:32:38 CEST 2014: 60: finished (762ms, 39cycles)
Tue May 20 13:32:38 CEST 2014: 60: Solution found.
Tue May 20 13:32:39 CEST 2014: 61: finished (636ms, 33cycles)
Tue May 20 13:32:39 CEST 2014: 61: Solution found.
Tue May 20 13:33:08 CEST 2014: 62: finished (29563ms, 500cycles)
Tue May 20 13:33:08 CEST 2014: 62: No solution found.
Tue May 20 13:33:10 CEST 2014: 63: finished (1449ms, 54cycles)
Tue May 20 13:33:10 CEST 2014: 63: Solution found.
Tue May 20 13:33:10 CEST 2014: 64: finished (345ms, 16cycles)
Tue May 20 13:33:10 CEST 2014: 64: Solution found.
Tue May 20 13:33:11 CEST 2014: 65: finished (1145ms, 50cycles)
Tue May 20 13:33:11 CEST 2014: 65: Solution found.
Tue May 20 13:33:15 CEST 2014: 66: finished (3726ms, 102cycles)
Tue May 20 13:33:15 CEST 2014: 66: Solution found.
Tue May 20 13:33:16 CEST 2014: 67: finished (840ms, 38cycles)
Tue May 20 13:33:16 CEST 2014: 67: Solution found.
Tue May 20 13:33:17 CEST 2014: 68: finished (990ms, 45cycles)
Tue May 20 13:33:17 CEST 2014: 68: Solution found.
Tue May 20 13:33:18 CEST 2014: 69: finished (832ms, 43cycles)
Tue May 20 13:33:18 CEST 2014: 69: Solution found.
Tue May 20 13:33:19 CEST 2014: 70: finished (1124ms, 40cycles)
Tue May 20 13:33:19 CEST 2014: 70: Solution found.
Tue May 20 13:33:20 CEST 2014: 71: finished (648ms, 31cycles)
Tue May 20 13:33:20 CEST 2014: 71: Solution found.
Tue May 20 13:33:21 CEST 2014: 72: finished (1081ms, 52cycles)
Tue May 20 13:33:21 CEST 2014: 72: Solution found.
Tue May 20 13:33:22 CEST 2014: 73: finished (896ms, 38cycles)
Tue May 20 13:33:22 CEST 2014: 73: Solution found.
Tue May 20 13:33:23 CEST 2014: 74: finished (844ms, 42cycles)
Tue May 20 13:33:23 CEST 2014: 74: Solution found.
Tue May 20 13:33:25 CEST 2014: 75: finished (2498ms, 69cycles)
Tue May 20 13:33:26 CEST 2014: 75: Solution found.
Tue May 20 13:33:27 CEST 2014: 76: finished (1380ms, 73cycles)
Tue May 20 13:33:27 CEST 2014: 76: Solution found.
Tue May 20 13:33:28 CEST 2014: 77: finished (685ms, 35cycles)
Tue May 20 13:33:28 CEST 2014: 77: Solution found.
Tue May 20 13:33:31 CEST 2014: 78: finished (2848ms, 82cycles)
Tue May 20 13:33:31 CEST 2014: 78: Solution found.
Tue May 20 13:33:32 CEST 2014: 79: finished (1109ms, 46cycles)
Tue May 20 13:33:32 CEST 2014: 79: Solution found.
Tue May 20 13:33:33 CEST 2014: 80: finished (964ms, 49cycles)
Tue May 20 13:33:33 CEST 2014: 80: Solution found.
Tue May 20 13:33:33 CEST 2014: 81: finished (425ms, 22cycles)
Tue May 20 13:33:33 CEST 2014: 81: Solution found.
Tue May 20 13:33:35 CEST 2014: 82: finished (1217ms, 64cycles)
Tue May 20 13:33:35 CEST 2014: 82: Solution found.
Tue May 20 13:33:35 CEST 2014: 83: finished (824ms, 40cycles)
Tue May 20 13:33:36 CEST 2014: 83: Solution found.
Tue May 20 13:33:57 CEST 2014: 84: finished (21678ms, 391cycles)
Tue May 20 13:33:57 CEST 2014: 84: Solution found.
Tue May 20 13:33:58 CEST 2014: 85: finished (704ms, 38cycles)
Tue May 20 13:33:58 CEST 2014: 85: Solution found.
Tue May 20 13:33:59 CEST 2014: 86: finished (950ms, 49cycles)
Tue May 20 13:33:59 CEST 2014: 86: Solution found.
Tue May 20 13:34:00 CEST 2014: 87: finished (996ms, 53cycles)
Tue May 20 13:34:00 CEST 2014: 87: Solution found.
Tue May 20 13:34:01 CEST 2014: 88: finished (542ms, 30cycles)
Tue May 20 13:34:01 CEST 2014: 88: Solution found.
Tue May 20 13:34:02 CEST 2014: 89: finished (767ms, 41cycles)
Tue May 20 13:34:02 CEST 2014: 89: Solution found.
Tue May 20 13:34:02 CEST 2014: 90: finished (652ms, 35cycles)
Tue May 20 13:34:02 CEST 2014: 90: Solution found.
Tue May 20 13:34:03 CEST 2014: 91: finished (1138ms, 57cycles)
Tue May 20 13:34:04 CEST 2014: 91: Solution found.
Tue May 20 13:34:04 CEST 2014: 92: finished (838ms, 40cycles)
Tue May 20 13:34:04 CEST 2014: 92: Solution found.
Tue May 20 13:34:05 CEST 2014: 93: finished (695ms, 36cycles)
Tue May 20 13:34:05 CEST 2014: 93: Solution found.
Tue May 20 13:34:06 CEST 2014: 94: finished (1243ms, 60cycles)
Tue May 20 13:34:07 CEST 2014: 94: Solution found.
Tue May 20 13:34:08 CEST 2014: 95: finished (1123ms, 54cycles)
Tue May 20 13:34:08 CEST 2014: 95: Solution found.
Tue May 20 13:34:09 CEST 2014: 96: finished (760ms, 40cycles)
Tue May 20 13:34:09 CEST 2014: 96: Solution found.
Tue May 20 13:34:10 CEST 2014: 97: finished (979ms, 52cycles)
Tue May 20 13:34:10 CEST 2014: 97: Solution found.
Tue May 20 13:34:10 CEST 2014: 98: finished (854ms, 44cycles)
Tue May 20 13:34:11 CEST 2014: 98: Solution found.
Tue May 20 13:34:12 CEST 2014: 99: finished (1156ms, 62cycles)
Tue May 20 13:34:12 CEST 2014: 99: Solution found.
Tue May 20 13:34:12 CEST 2014: Solution Found: 97
Tue May 20 13:34:12 CEST 2014: Avg cycles: 66
Tue May 20 13:34:12 CEST 2014: Max cycles: 426
Tue May 20 13:34:12 CEST 2014: Min cycles: 14
Tue May 20 13:34:12 CEST 2014: No solution found: 3
Tue May 20 13:34:12 CEST 2014: logging finished. (runtime: 293972ms)
