Mon May 19 23:44:49 CEST 2014: Problem Count: 20
Mon May 19 23:44:49 CEST 2014: CandidatesCount: 50
Mon May 19 23:44:49 CEST 2014: Max Cycles: 500
Mon May 19 23:44:52 CEST 2014: 0: finished (2964ms, 500cycles)
Mon May 19 23:44:52 CEST 2014: 0: No solution found.
Mon May 19 23:44:55 CEST 2014: 1: finished (2938ms, 500cycles)
Mon May 19 23:44:55 CEST 2014: 1: No solution found.
Mon May 19 23:44:59 CEST 2014: 2: finished (3682ms, 500cycles)
Mon May 19 23:44:59 CEST 2014: 2: No solution found.
Mon May 19 23:44:59 CEST 2014: 3: finished (340ms, 81cycles)
Mon May 19 23:44:59 CEST 2014: 3: Solution found.
Mon May 19 23:45:01 CEST 2014: 4: finished (2117ms, 500cycles)
Mon May 19 23:45:01 CEST 2014: 4: No solution found.
Mon May 19 23:45:02 CEST 2014: 5: finished (926ms, 409cycles)
Mon May 19 23:45:02 CEST 2014: 5: Solution found.
Mon May 19 23:45:04 CEST 2014: 6: finished (2121ms, 500cycles)
Mon May 19 23:45:04 CEST 2014: 6: No solution found.
Mon May 19 23:45:05 CEST 2014: 7: finished (1234ms, 328cycles)
Mon May 19 23:45:06 CEST 2014: 7: Solution found.
Mon May 19 23:45:08 CEST 2014: 8: finished (2912ms, 500cycles)
Mon May 19 23:45:08 CEST 2014: 8: No solution found.
Mon May 19 23:45:10 CEST 2014: 9: finished (1298ms, 500cycles)
Mon May 19 23:45:10 CEST 2014: 9: No solution found.
Mon May 19 23:45:11 CEST 2014: 10: finished (830ms, 168cycles)
Mon May 19 23:45:11 CEST 2014: 10: Solution found.
Mon May 19 23:45:13 CEST 2014: 11: finished (2669ms, 500cycles)
Mon May 19 23:45:13 CEST 2014: 11: No solution found.
Mon May 19 23:45:15 CEST 2014: 12: finished (2043ms, 398cycles)
Mon May 19 23:45:15 CEST 2014: 12: Solution found.
Mon May 19 23:45:18 CEST 2014: 13: finished (2362ms, 500cycles)
Mon May 19 23:45:18 CEST 2014: 13: No solution found.
Mon May 19 23:45:21 CEST 2014: 14: finished (2715ms, 500cycles)
Mon May 19 23:45:21 CEST 2014: 14: No solution found.
Mon May 19 23:45:23 CEST 2014: 15: finished (2441ms, 440cycles)
Mon May 19 23:45:23 CEST 2014: 15: Solution found.
Mon May 19 23:45:27 CEST 2014: 16: finished (3822ms, 500cycles)
Mon May 19 23:45:27 CEST 2014: 16: No solution found.
Mon May 19 23:45:28 CEST 2014: 17: finished (667ms, 147cycles)
Mon May 19 23:45:28 CEST 2014: 17: Solution found.
Mon May 19 23:45:30 CEST 2014: 18: finished (2080ms, 500cycles)
Mon May 19 23:45:30 CEST 2014: 18: No solution found.
Mon May 19 23:45:31 CEST 2014: 19: finished (1176ms, 500cycles)
Mon May 19 23:45:31 CEST 2014: 19: No solution found.
Mon May 19 23:45:34 CEST 2014: 20: finished (2713ms, 500cycles)
Mon May 19 23:45:34 CEST 2014: 20: No solution found.
Mon May 19 23:45:35 CEST 2014: 21: finished (1038ms, 500cycles)
Mon May 19 23:45:35 CEST 2014: 21: No solution found.
Mon May 19 23:45:37 CEST 2014: 22: finished (2287ms, 500cycles)
Mon May 19 23:45:37 CEST 2014: 22: No solution found.
Mon May 19 23:45:39 CEST 2014: 23: finished (2293ms, 500cycles)
Mon May 19 23:45:39 CEST 2014: 23: No solution found.
Mon May 19 23:45:39 CEST 2014: 24: finished (108ms, 61cycles)
Mon May 19 23:45:39 CEST 2014: 24: Solution found.
Mon May 19 23:45:42 CEST 2014: 25: finished (2620ms, 500cycles)
Mon May 19 23:45:42 CEST 2014: 25: No solution found.
Mon May 19 23:45:43 CEST 2014: 26: finished (564ms, 500cycles)
Mon May 19 23:45:43 CEST 2014: 26: No solution found.
Mon May 19 23:45:46 CEST 2014: 27: finished (2962ms, 500cycles)
Mon May 19 23:45:46 CEST 2014: 27: No solution found.
Mon May 19 23:45:48 CEST 2014: 28: finished (2377ms, 500cycles)
Mon May 19 23:45:48 CEST 2014: 28: No solution found.
Mon May 19 23:45:49 CEST 2014: 29: finished (816ms, 259cycles)
Mon May 19 23:45:49 CEST 2014: 29: Solution found.
Mon May 19 23:45:49 CEST 2014: 30: finished (562ms, 500cycles)
Mon May 19 23:45:49 CEST 2014: 30: No solution found.
Mon May 19 23:45:52 CEST 2014: 31: finished (2104ms, 500cycles)
Mon May 19 23:45:52 CEST 2014: 31: No solution found.
Mon May 19 23:45:54 CEST 2014: 32: finished (2685ms, 500cycles)
Mon May 19 23:45:54 CEST 2014: 32: No solution found.
Mon May 19 23:45:56 CEST 2014: 33: finished (1482ms, 241cycles)
Mon May 19 23:45:56 CEST 2014: 33: Solution found.
Mon May 19 23:45:59 CEST 2014: 34: finished (2683ms, 500cycles)
Mon May 19 23:45:59 CEST 2014: 34: No solution found.
Mon May 19 23:46:01 CEST 2014: 35: finished (2077ms, 500cycles)
Mon May 19 23:46:01 CEST 2014: 35: No solution found.
Mon May 19 23:46:03 CEST 2014: 36: finished (2718ms, 500cycles)
Mon May 19 23:46:03 CEST 2014: 36: No solution found.
Mon May 19 23:46:06 CEST 2014: 37: finished (2606ms, 500cycles)
Mon May 19 23:46:06 CEST 2014: 37: No solution found.
Mon May 19 23:46:08 CEST 2014: 38: finished (1647ms, 500cycles)
Mon May 19 23:46:08 CEST 2014: 38: No solution found.
Mon May 19 23:46:10 CEST 2014: 39: finished (2681ms, 500cycles)
Mon May 19 23:46:10 CEST 2014: 39: No solution found.
Mon May 19 23:46:14 CEST 2014: 40: finished (3270ms, 500cycles)
Mon May 19 23:46:14 CEST 2014: 40: No solution found.
Mon May 19 23:46:15 CEST 2014: 41: finished (1681ms, 500cycles)
Mon May 19 23:46:15 CEST 2014: 41: No solution found.
Mon May 19 23:46:19 CEST 2014: 42: finished (3213ms, 500cycles)
Mon May 19 23:46:19 CEST 2014: 42: No solution found.
Mon May 19 23:46:21 CEST 2014: 43: finished (2715ms, 500cycles)
Mon May 19 23:46:21 CEST 2014: 43: No solution found.
Mon May 19 23:46:23 CEST 2014: 44: finished (2233ms, 500cycles)
Mon May 19 23:46:24 CEST 2014: 44: No solution found.
Mon May 19 23:46:27 CEST 2014: 45: finished (3093ms, 500cycles)
Mon May 19 23:46:27 CEST 2014: 45: No solution found.
Mon May 19 23:46:29 CEST 2014: 46: finished (2353ms, 500cycles)
Mon May 19 23:46:29 CEST 2014: 46: No solution found.
Mon May 19 23:46:32 CEST 2014: 47: finished (2540ms, 500cycles)
Mon May 19 23:46:32 CEST 2014: 47: No solution found.
Mon May 19 23:46:35 CEST 2014: 48: finished (3101ms, 500cycles)
Mon May 19 23:46:35 CEST 2014: 48: No solution found.
Mon May 19 23:46:37 CEST 2014: 49: finished (1914ms, 500cycles)
Mon May 19 23:46:37 CEST 2014: 49: No solution found.
Mon May 19 23:46:39 CEST 2014: 50: finished (2077ms, 500cycles)
Mon May 19 23:46:39 CEST 2014: 50: No solution found.
Mon May 19 23:46:41 CEST 2014: 51: finished (2787ms, 500cycles)
Mon May 19 23:46:41 CEST 2014: 51: No solution found.
Mon May 19 23:46:42 CEST 2014: 52: finished (273ms, 91cycles)
Mon May 19 23:46:42 CEST 2014: 52: Solution found.
Mon May 19 23:46:42 CEST 2014: 53: finished (488ms, 500cycles)
Mon May 19 23:46:42 CEST 2014: 53: No solution found.
Mon May 19 23:46:44 CEST 2014: 54: finished (2030ms, 500cycles)
Mon May 19 23:46:44 CEST 2014: 54: No solution found.
Mon May 19 23:46:45 CEST 2014: 55: finished (669ms, 500cycles)
Mon May 19 23:46:45 CEST 2014: 55: No solution found.
Mon May 19 23:46:46 CEST 2014: 56: finished (1106ms, 339cycles)
Mon May 19 23:46:46 CEST 2014: 56: Solution found.
Mon May 19 23:46:47 CEST 2014: 57: finished (518ms, 500cycles)
Mon May 19 23:46:47 CEST 2014: 57: No solution found.
Mon May 19 23:46:48 CEST 2014: 58: finished (1768ms, 500cycles)
Mon May 19 23:46:48 CEST 2014: 58: No solution found.
Mon May 19 23:46:50 CEST 2014: 59: finished (1846ms, 500cycles)
Mon May 19 23:46:50 CEST 2014: 59: No solution found.
Mon May 19 23:46:53 CEST 2014: 60: finished (2940ms, 500cycles)
Mon May 19 23:46:53 CEST 2014: 60: No solution found.
Mon May 19 23:46:56 CEST 2014: 61: finished (2574ms, 500cycles)
Mon May 19 23:46:56 CEST 2014: 61: No solution found.
Mon May 19 23:46:56 CEST 2014: 62: finished (341ms, 84cycles)
Mon May 19 23:46:56 CEST 2014: 62: Solution found.
Mon May 19 23:47:00 CEST 2014: 63: finished (3343ms, 500cycles)
Mon May 19 23:47:00 CEST 2014: 63: No solution found.
Mon May 19 23:47:02 CEST 2014: 64: finished (2614ms, 500cycles)
Mon May 19 23:47:02 CEST 2014: 64: No solution found.
Mon May 19 23:47:04 CEST 2014: 65: finished (2060ms, 500cycles)
Mon May 19 23:47:04 CEST 2014: 65: No solution found.
Mon May 19 23:47:06 CEST 2014: 66: finished (2126ms, 500cycles)
Mon May 19 23:47:06 CEST 2014: 66: No solution found.
Mon May 19 23:47:07 CEST 2014: 67: finished (407ms, 89cycles)
Mon May 19 23:47:07 CEST 2014: 67: Solution found.
Mon May 19 23:47:10 CEST 2014: 68: finished (2828ms, 500cycles)
Mon May 19 23:47:10 CEST 2014: 68: No solution found.
Mon May 19 23:47:11 CEST 2014: 69: finished (1238ms, 500cycles)
Mon May 19 23:47:11 CEST 2014: 69: No solution found.
Mon May 19 23:47:13 CEST 2014: 70: finished (2387ms, 500cycles)
Mon May 19 23:47:13 CEST 2014: 70: No solution found.
Mon May 19 23:47:17 CEST 2014: 71: finished (3083ms, 500cycles)
Mon May 19 23:47:17 CEST 2014: 71: No solution found.
Mon May 19 23:47:19 CEST 2014: 72: finished (2212ms, 500cycles)
Mon May 19 23:47:19 CEST 2014: 72: No solution found.
Mon May 19 23:47:19 CEST 2014: 73: finished (64ms, 48cycles)
Mon May 19 23:47:19 CEST 2014: 73: Solution found.
Mon May 19 23:47:22 CEST 2014: 74: finished (2681ms, 500cycles)
Mon May 19 23:47:22 CEST 2014: 74: No solution found.
Mon May 19 23:47:25 CEST 2014: 75: finished (3116ms, 500cycles)
Mon May 19 23:47:25 CEST 2014: 75: No solution found.
Mon May 19 23:47:28 CEST 2014: 76: finished (2826ms, 500cycles)
Mon May 19 23:47:28 CEST 2014: 76: No solution found.
Mon May 19 23:47:30 CEST 2014: 77: finished (2386ms, 500cycles)
Mon May 19 23:47:30 CEST 2014: 77: No solution found.
Mon May 19 23:47:33 CEST 2014: 78: finished (2764ms, 500cycles)
Mon May 19 23:47:33 CEST 2014: 78: No solution found.
Mon May 19 23:47:35 CEST 2014: 79: finished (2070ms, 500cycles)
Mon May 19 23:47:35 CEST 2014: 79: No solution found.
Mon May 19 23:47:37 CEST 2014: 80: finished (2413ms, 500cycles)
Mon May 19 23:47:37 CEST 2014: 80: No solution found.
Mon May 19 23:47:40 CEST 2014: 81: finished (2368ms, 500cycles)
Mon May 19 23:47:40 CEST 2014: 81: No solution found.
Mon May 19 23:47:40 CEST 2014: 82: finished (450ms, 115cycles)
Mon May 19 23:47:40 CEST 2014: 82: Solution found.
Mon May 19 23:47:40 CEST 2014: 83: finished (26ms, 25cycles)
Mon May 19 23:47:40 CEST 2014: 83: Solution found.
Mon May 19 23:47:40 CEST 2014: 84: finished (85ms, 64cycles)
Mon May 19 23:47:40 CEST 2014: 84: Solution found.
Mon May 19 23:47:41 CEST 2014: 85: finished (963ms, 288cycles)
Mon May 19 23:47:41 CEST 2014: 85: Solution found.
Mon May 19 23:47:44 CEST 2014: 86: finished (2388ms, 500cycles)
Mon May 19 23:47:44 CEST 2014: 86: No solution found.
Mon May 19 23:47:46 CEST 2014: 87: finished (2116ms, 500cycles)
Mon May 19 23:47:46 CEST 2014: 87: No solution found.
Mon May 19 23:47:48 CEST 2014: 88: finished (2372ms, 500cycles)
Mon May 19 23:47:48 CEST 2014: 88: No solution found.
Mon May 19 23:47:48 CEST 2014: 89: finished (182ms, 42cycles)
Mon May 19 23:47:49 CEST 2014: 89: Solution found.
Mon May 19 23:47:49 CEST 2014: 90: finished (527ms, 500cycles)
Mon May 19 23:47:49 CEST 2014: 90: No solution found.
Mon May 19 23:47:50 CEST 2014: 91: finished (473ms, 500cycles)
Mon May 19 23:47:50 CEST 2014: 91: No solution found.
Mon May 19 23:47:52 CEST 2014: 92: finished (2575ms, 500cycles)
Mon May 19 23:47:52 CEST 2014: 92: No solution found.
Mon May 19 23:47:53 CEST 2014: 93: finished (500ms, 155cycles)
Mon May 19 23:47:53 CEST 2014: 93: Solution found.
Mon May 19 23:47:56 CEST 2014: 94: finished (3110ms, 500cycles)
Mon May 19 23:47:56 CEST 2014: 94: No solution found.
Mon May 19 23:47:57 CEST 2014: 95: finished (1205ms, 500cycles)
Mon May 19 23:47:57 CEST 2014: 95: No solution found.
Mon May 19 23:47:59 CEST 2014: 96: finished (2042ms, 500cycles)
Mon May 19 23:47:59 CEST 2014: 96: No solution found.
Mon May 19 23:48:02 CEST 2014: 97: finished (2420ms, 500cycles)
Mon May 19 23:48:02 CEST 2014: 97: No solution found.
Mon May 19 23:48:05 CEST 2014: 98: finished (3379ms, 500cycles)
Mon May 19 23:48:05 CEST 2014: 98: No solution found.
Mon May 19 23:48:07 CEST 2014: 99: finished (2403ms, 500cycles)
Mon May 19 23:48:07 CEST 2014: 99: No solution found.
Mon May 19 23:48:07 CEST 2014: Solution Found: 21
Mon May 19 23:48:07 CEST 2014: Avg cycles: 184
Mon May 19 23:48:07 CEST 2014: Max cycles: 440
Mon May 19 23:48:07 CEST 2014: Min cycles: 25
Mon May 19 23:48:07 CEST 2014: No solution found: 79
Mon May 19 23:48:07 CEST 2014: logging finished. (runtime: 198384ms)
