Tue May 20 12:51:56 CEST 2014: Problem Count: 30
Tue May 20 12:51:56 CEST 2014: CandidatesCount: 200
Tue May 20 12:51:56 CEST 2014: Max Cycles: 1000
Tue May 20 12:52:00 CEST 2014: 0: finished (4432ms, 65cycles)
Tue May 20 12:52:00 CEST 2014: 0: Solution found.
Tue May 20 12:52:06 CEST 2014: 1: finished (5367ms, 83cycles)
Tue May 20 12:52:06 CEST 2014: 1: Solution found.
Tue May 20 12:52:09 CEST 2014: 2: finished (3188ms, 46cycles)
Tue May 20 12:52:09 CEST 2014: 2: Solution found.
Tue May 20 12:52:15 CEST 2014: 3: finished (6110ms, 99cycles)
Tue May 20 12:52:15 CEST 2014: 3: Solution found.
Tue May 20 12:52:19 CEST 2014: 4: finished (3713ms, 58cycles)
Tue May 20 12:52:19 CEST 2014: 4: Solution found.
Tue May 20 12:52:27 CEST 2014: 5: finished (7756ms, 112cycles)
Tue May 20 12:52:27 CEST 2014: 5: Solution found.
Tue May 20 12:52:34 CEST 2014: 6: finished (7096ms, 105cycles)
Tue May 20 12:52:34 CEST 2014: 6: Solution found.
Tue May 20 12:52:38 CEST 2014: 7: finished (4388ms, 64cycles)
Tue May 20 12:52:38 CEST 2014: 7: Solution found.
Tue May 20 12:52:42 CEST 2014: 8: finished (3886ms, 58cycles)
Tue May 20 12:52:42 CEST 2014: 8: Solution found.
Tue May 20 12:52:46 CEST 2014: 9: finished (3513ms, 53cycles)
Tue May 20 12:52:46 CEST 2014: 9: Solution found.
Tue May 20 12:52:48 CEST 2014: 10: finished (2368ms, 35cycles)
Tue May 20 12:52:48 CEST 2014: 10: Solution found.
Tue May 20 12:52:51 CEST 2014: 11: finished (2911ms, 45cycles)
Tue May 20 12:52:51 CEST 2014: 11: Solution found.
Tue May 20 12:52:56 CEST 2014: 12: finished (4799ms, 73cycles)
Tue May 20 12:52:56 CEST 2014: 12: Solution found.
Tue May 20 12:53:00 CEST 2014: 13: finished (4263ms, 65cycles)
Tue May 20 12:53:00 CEST 2014: 13: Solution found.
Tue May 20 12:53:03 CEST 2014: 14: finished (2919ms, 45cycles)
Tue May 20 12:53:03 CEST 2014: 14: Solution found.
Tue May 20 12:53:07 CEST 2014: 15: finished (3953ms, 61cycles)
Tue May 20 12:53:07 CEST 2014: 15: Solution found.
Tue May 20 12:53:08 CEST 2014: 16: finished (1589ms, 24cycles)
Tue May 20 12:53:08 CEST 2014: 16: Solution found.
Tue May 20 12:53:12 CEST 2014: 17: finished (3278ms, 48cycles)
Tue May 20 12:53:12 CEST 2014: 17: Solution found.
Tue May 20 12:53:15 CEST 2014: 18: finished (3312ms, 52cycles)
Tue May 20 12:53:15 CEST 2014: 18: Solution found.
Tue May 20 12:53:23 CEST 2014: 19: finished (7664ms, 116cycles)
Tue May 20 12:53:23 CEST 2014: 19: Solution found.
Tue May 20 12:53:27 CEST 2014: 20: finished (4737ms, 69cycles)
Tue May 20 12:53:27 CEST 2014: 20: Solution found.
Tue May 20 12:53:32 CEST 2014: 21: finished (4433ms, 68cycles)
Tue May 20 12:53:32 CEST 2014: 21: Solution found.
Tue May 20 12:53:36 CEST 2014: 22: finished (4331ms, 69cycles)
Tue May 20 12:53:36 CEST 2014: 22: Solution found.
Tue May 20 12:53:40 CEST 2014: 23: finished (4025ms, 57cycles)
Tue May 20 12:53:40 CEST 2014: 23: Solution found.
Tue May 20 12:53:44 CEST 2014: 24: finished (3683ms, 60cycles)
Tue May 20 12:53:44 CEST 2014: 24: Solution found.
Tue May 20 12:53:48 CEST 2014: 25: finished (4023ms, 62cycles)
Tue May 20 12:53:48 CEST 2014: 25: Solution found.
Tue May 20 12:53:59 CEST 2014: 26: finished (10721ms, 153cycles)
Tue May 20 12:53:59 CEST 2014: 26: Solution found.
Tue May 20 12:54:03 CEST 2014: 27: finished (4252ms, 66cycles)
Tue May 20 12:54:03 CEST 2014: 27: Solution found.
Tue May 20 12:54:08 CEST 2014: 28: finished (5014ms, 72cycles)
Tue May 20 12:54:08 CEST 2014: 28: Solution found.
Tue May 20 12:54:14 CEST 2014: 29: finished (6278ms, 97cycles)
Tue May 20 12:54:14 CEST 2014: 29: Solution found.
Tue May 20 12:54:18 CEST 2014: 30: finished (3634ms, 56cycles)
Tue May 20 12:54:18 CEST 2014: 30: Solution found.
Tue May 20 12:54:25 CEST 2014: 31: finished (6512ms, 106cycles)
Tue May 20 12:54:25 CEST 2014: 31: Solution found.
Tue May 20 12:54:30 CEST 2014: 32: finished (5253ms, 81cycles)
Tue May 20 12:54:30 CEST 2014: 32: Solution found.
Tue May 20 12:54:33 CEST 2014: 33: finished (3082ms, 44cycles)
Tue May 20 12:54:33 CEST 2014: 33: Solution found.
Tue May 20 12:54:36 CEST 2014: 34: finished (3087ms, 44cycles)
Tue May 20 12:54:36 CEST 2014: 34: Solution found.
Tue May 20 12:54:43 CEST 2014: 35: finished (6583ms, 99cycles)
Tue May 20 12:54:43 CEST 2014: 35: Solution found.
Tue May 20 12:54:48 CEST 2014: 36: finished (5249ms, 74cycles)
Tue May 20 12:54:48 CEST 2014: 36: Solution found.
Tue May 20 12:54:53 CEST 2014: 37: finished (4921ms, 73cycles)
Tue May 20 12:54:53 CEST 2014: 37: Solution found.
Tue May 20 12:54:57 CEST 2014: 38: finished (4296ms, 68cycles)
Tue May 20 12:54:57 CEST 2014: 38: Solution found.
Tue May 20 12:55:00 CEST 2014: 39: finished (3259ms, 52cycles)
Tue May 20 12:55:00 CEST 2014: 39: Solution found.
Tue May 20 12:55:04 CEST 2014: 40: finished (3907ms, 59cycles)
Tue May 20 12:55:04 CEST 2014: 40: Solution found.
Tue May 20 12:55:07 CEST 2014: 41: finished (2567ms, 38cycles)
Tue May 20 12:55:07 CEST 2014: 41: Solution found.
Tue May 20 12:55:16 CEST 2014: 42: finished (8858ms, 126cycles)
Tue May 20 12:55:16 CEST 2014: 42: Solution found.
Tue May 20 12:55:21 CEST 2014: 43: finished (4699ms, 72cycles)
Tue May 20 12:55:21 CEST 2014: 43: Solution found.
Tue May 20 12:55:25 CEST 2014: 44: finished (4701ms, 67cycles)
Tue May 20 12:55:25 CEST 2014: 44: Solution found.
Tue May 20 12:55:29 CEST 2014: 45: finished (3845ms, 55cycles)
Tue May 20 12:55:29 CEST 2014: 45: Solution found.
Tue May 20 12:55:37 CEST 2014: 46: finished (7669ms, 112cycles)
Tue May 20 12:55:37 CEST 2014: 46: Solution found.
Tue May 20 12:55:41 CEST 2014: 47: finished (4694ms, 70cycles)
Tue May 20 12:55:41 CEST 2014: 47: Solution found.
Tue May 20 12:55:45 CEST 2014: 48: finished (3803ms, 57cycles)
Tue May 20 12:55:45 CEST 2014: 48: Solution found.
Tue May 20 12:55:54 CEST 2014: 49: finished (8525ms, 126cycles)
Tue May 20 12:55:54 CEST 2014: 49: Solution found.
Tue May 20 12:55:57 CEST 2014: 50: finished (3164ms, 48cycles)
Tue May 20 12:55:57 CEST 2014: 50: Solution found.
Tue May 20 12:56:08 CEST 2014: 51: finished (10642ms, 157cycles)
Tue May 20 12:56:08 CEST 2014: 51: Solution found.
Tue May 20 12:56:18 CEST 2014: 52: finished (9968ms, 154cycles)
Tue May 20 12:56:18 CEST 2014: 52: Solution found.
Tue May 20 12:56:20 CEST 2014: 53: finished (2331ms, 35cycles)
Tue May 20 12:56:20 CEST 2014: 53: Solution found.
Tue May 20 12:56:22 CEST 2014: 54: finished (2014ms, 30cycles)
Tue May 20 12:56:22 CEST 2014: 54: Solution found.
Tue May 20 12:56:26 CEST 2014: 55: finished (3690ms, 54cycles)
Tue May 20 12:56:26 CEST 2014: 55: Solution found.
Tue May 20 12:56:29 CEST 2014: 56: finished (3422ms, 54cycles)
Tue May 20 12:56:29 CEST 2014: 56: Solution found.
Tue May 20 12:56:35 CEST 2014: 57: finished (6030ms, 89cycles)
Tue May 20 12:56:35 CEST 2014: 57: Solution found.
Tue May 20 12:56:39 CEST 2014: 58: finished (3585ms, 54cycles)
Tue May 20 12:56:39 CEST 2014: 58: Solution found.
Tue May 20 12:56:42 CEST 2014: 59: finished (3552ms, 54cycles)
Tue May 20 12:56:42 CEST 2014: 59: Solution found.
Tue May 20 12:56:48 CEST 2014: 60: finished (5904ms, 91cycles)
Tue May 20 12:56:48 CEST 2014: 60: Solution found.
Tue May 20 12:56:51 CEST 2014: 61: finished (2861ms, 41cycles)
Tue May 20 12:56:51 CEST 2014: 61: Solution found.
Tue May 20 12:56:58 CEST 2014: 62: finished (6685ms, 106cycles)
Tue May 20 12:56:58 CEST 2014: 62: Solution found.
Tue May 20 12:57:02 CEST 2014: 63: finished (4344ms, 68cycles)
Tue May 20 12:57:02 CEST 2014: 63: Solution found.
Tue May 20 12:57:05 CEST 2014: 64: finished (2539ms, 38cycles)
Tue May 20 12:57:05 CEST 2014: 64: Solution found.
Tue May 20 12:57:10 CEST 2014: 65: finished (5286ms, 86cycles)
Tue May 20 12:57:10 CEST 2014: 65: Solution found.
Tue May 20 12:57:15 CEST 2014: 66: finished (5056ms, 76cycles)
Tue May 20 12:57:15 CEST 2014: 66: Solution found.
Tue May 20 12:57:19 CEST 2014: 67: finished (3913ms, 61cycles)
Tue May 20 12:57:19 CEST 2014: 67: Solution found.
Tue May 20 12:57:22 CEST 2014: 68: finished (3107ms, 48cycles)
Tue May 20 12:57:22 CEST 2014: 68: Solution found.
Tue May 20 12:57:29 CEST 2014: 69: finished (6461ms, 93cycles)
Tue May 20 12:57:29 CEST 2014: 69: Solution found.
Tue May 20 12:57:33 CEST 2014: 70: finished (3911ms, 63cycles)
Tue May 20 12:57:33 CEST 2014: 70: Solution found.
Tue May 20 12:57:36 CEST 2014: 71: finished (3559ms, 53cycles)
Tue May 20 12:57:36 CEST 2014: 71: Solution found.
Tue May 20 12:57:39 CEST 2014: 72: finished (2364ms, 36cycles)
Tue May 20 12:57:39 CEST 2014: 72: Solution found.
Tue May 20 12:57:44 CEST 2014: 73: finished (5468ms, 80cycles)
Tue May 20 12:57:44 CEST 2014: 73: Solution found.
Tue May 20 12:57:49 CEST 2014: 74: finished (4755ms, 71cycles)
Tue May 20 12:57:49 CEST 2014: 74: Solution found.
Tue May 20 12:58:09 CEST 2014: 75: finished (20396ms, 224cycles)
Tue May 20 12:58:09 CEST 2014: 75: Solution found.
Tue May 20 12:58:14 CEST 2014: 76: finished (4934ms, 77cycles)
Tue May 20 12:58:14 CEST 2014: 76: Solution found.
Tue May 20 12:58:18 CEST 2014: 77: finished (4181ms, 62cycles)
Tue May 20 12:58:18 CEST 2014: 77: Solution found.
Tue May 20 12:58:21 CEST 2014: 78: finished (2144ms, 32cycles)
Tue May 20 12:58:21 CEST 2014: 78: Solution found.
Tue May 20 12:58:24 CEST 2014: 79: finished (3711ms, 58cycles)
Tue May 20 12:58:24 CEST 2014: 79: Solution found.
Tue May 20 12:58:28 CEST 2014: 80: finished (3659ms, 56cycles)
Tue May 20 12:58:28 CEST 2014: 80: Solution found.
Tue May 20 12:58:30 CEST 2014: 81: finished (1845ms, 28cycles)
Tue May 20 12:58:30 CEST 2014: 81: Solution found.
Tue May 20 12:58:46 CEST 2014: 82: finished (16650ms, 198cycles)
Tue May 20 12:58:47 CEST 2014: 82: Solution found.
Tue May 20 12:58:49 CEST 2014: 83: finished (2096ms, 32cycles)
Tue May 20 12:58:49 CEST 2014: 83: Solution found.
Tue May 20 12:58:56 CEST 2014: 84: finished (7398ms, 104cycles)
Tue May 20 12:58:56 CEST 2014: 84: Solution found.
Tue May 20 12:59:00 CEST 2014: 85: finished (3575ms, 52cycles)
Tue May 20 12:59:00 CEST 2014: 85: Solution found.
Tue May 20 12:59:02 CEST 2014: 86: finished (2424ms, 35cycles)
Tue May 20 12:59:02 CEST 2014: 86: Solution found.
Tue May 20 12:59:08 CEST 2014: 87: finished (5733ms, 84cycles)
Tue May 20 12:59:08 CEST 2014: 87: Solution found.
Tue May 20 12:59:15 CEST 2014: 88: finished (7249ms, 106cycles)
Tue May 20 12:59:15 CEST 2014: 88: Solution found.
Tue May 20 12:59:21 CEST 2014: 89: finished (5869ms, 87cycles)
Tue May 20 12:59:21 CEST 2014: 89: Solution found.
Tue May 20 12:59:28 CEST 2014: 90: finished (6536ms, 91cycles)
Tue May 20 12:59:28 CEST 2014: 90: Solution found.
Tue May 20 12:59:30 CEST 2014: 91: finished (2519ms, 39cycles)
Tue May 20 12:59:30 CEST 2014: 91: Solution found.
Tue May 20 12:59:31 CEST 2014: 92: finished (989ms, 13cycles)
Tue May 20 12:59:31 CEST 2014: 92: Solution found.
Tue May 20 12:59:33 CEST 2014: 93: finished (2313ms, 33cycles)
Tue May 20 12:59:33 CEST 2014: 93: Solution found.
Tue May 20 12:59:36 CEST 2014: 94: finished (2934ms, 46cycles)
Tue May 20 12:59:36 CEST 2014: 94: Solution found.
Tue May 20 12:59:40 CEST 2014: 95: finished (3877ms, 58cycles)
Tue May 20 12:59:40 CEST 2014: 95: Solution found.
Tue May 20 12:59:54 CEST 2014: 96: finished (13657ms, 179cycles)
Tue May 20 12:59:54 CEST 2014: 96: Solution found.
Tue May 20 13:00:01 CEST 2014: 97: finished (7215ms, 110cycles)
Tue May 20 13:00:01 CEST 2014: 97: Solution found.
Tue May 20 13:00:05 CEST 2014: 98: finished (3388ms, 49cycles)
Tue May 20 13:00:05 CEST 2014: 98: Solution found.
Tue May 20 13:00:10 CEST 2014: 99: finished (5640ms, 81cycles)
Tue May 20 13:00:10 CEST 2014: 99: Solution found.
Tue May 20 13:00:10 CEST 2014: Solution Found: 100
Tue May 20 13:00:10 CEST 2014: Avg cycles: 72
Tue May 20 13:00:10 CEST 2014: Max cycles: 224
Tue May 20 13:00:10 CEST 2014: Min cycles: 13
Tue May 20 13:00:10 CEST 2014: No solution found: 0
Tue May 20 13:00:10 CEST 2014: logging finished. (runtime: 494255ms)
