Tue May 20 20:11:45 CEST 2014: Problem Count: 50
Tue May 20 20:11:45 CEST 2014: CandidatesCount: 200
Tue May 20 20:11:45 CEST 2014: Max Cycles: 1000
Tue May 20 20:11:48 CEST 2014: 0: finished (3783ms, 39cycles)
Tue May 20 20:11:48 CEST 2014: 0: Solution found.
Tue May 20 20:11:54 CEST 2014: 1: finished (5140ms, 56cycles)
Tue May 20 20:11:54 CEST 2014: 1: Solution found.
Tue May 20 20:12:03 CEST 2014: 2: finished (8897ms, 96cycles)
Tue May 20 20:12:03 CEST 2014: 2: Solution found.
Tue May 20 20:12:05 CEST 2014: 3: finished (2867ms, 29cycles)
Tue May 20 20:12:05 CEST 2014: 3: Solution found.
Tue May 20 20:12:13 CEST 2014: 4: finished (7829ms, 83cycles)
Tue May 20 20:12:13 CEST 2014: 4: Solution found.
Tue May 20 20:12:20 CEST 2014: 5: finished (6760ms, 71cycles)
Tue May 20 20:12:20 CEST 2014: 5: Solution found.
Tue May 20 20:12:28 CEST 2014: 6: finished (8462ms, 94cycles)
Tue May 20 20:12:29 CEST 2014: 6: Solution found.
Tue May 20 20:12:32 CEST 2014: 7: finished (3003ms, 31cycles)
Tue May 20 20:12:32 CEST 2014: 7: Solution found.
Tue May 20 20:12:39 CEST 2014: 8: finished (7648ms, 80cycles)
Tue May 20 20:12:39 CEST 2014: 8: Solution found.
Tue May 20 20:12:49 CEST 2014: 9: finished (9464ms, 95cycles)
Tue May 20 20:12:49 CEST 2014: 9: Solution found.
Tue May 20 20:12:53 CEST 2014: 10: finished (4783ms, 51cycles)
Tue May 20 20:12:53 CEST 2014: 10: Solution found.
Tue May 20 20:12:58 CEST 2014: 11: finished (4630ms, 50cycles)
Tue May 20 20:12:58 CEST 2014: 11: Solution found.
Tue May 20 20:13:05 CEST 2014: 12: finished (7338ms, 81cycles)
Tue May 20 20:13:05 CEST 2014: 12: Solution found.
Tue May 20 20:13:13 CEST 2014: 13: finished (7150ms, 77cycles)
Tue May 20 20:13:13 CEST 2014: 13: Solution found.
Tue May 20 20:13:22 CEST 2014: 14: finished (9317ms, 103cycles)
Tue May 20 20:13:22 CEST 2014: 14: Solution found.
Tue May 20 20:13:29 CEST 2014: 15: finished (6713ms, 75cycles)
Tue May 20 20:13:29 CEST 2014: 15: Solution found.
Tue May 20 20:13:36 CEST 2014: 16: finished (7751ms, 83cycles)
Tue May 20 20:13:36 CEST 2014: 16: Solution found.
Tue May 20 20:13:43 CEST 2014: 17: finished (6107ms, 66cycles)
Tue May 20 20:13:43 CEST 2014: 17: Solution found.
Tue May 20 20:13:47 CEST 2014: 18: finished (4246ms, 44cycles)
Tue May 20 20:13:47 CEST 2014: 18: Solution found.
Tue May 20 20:13:57 CEST 2014: 19: finished (9787ms, 107cycles)
Tue May 20 20:13:57 CEST 2014: 19: Solution found.
Tue May 20 20:14:03 CEST 2014: 20: finished (6764ms, 71cycles)
Tue May 20 20:14:03 CEST 2014: 20: Solution found.
Tue May 20 20:14:07 CEST 2014: 21: finished (3358ms, 33cycles)
Tue May 20 20:14:07 CEST 2014: 21: Solution found.
Tue May 20 20:14:14 CEST 2014: 22: finished (7149ms, 76cycles)
Tue May 20 20:14:14 CEST 2014: 22: Solution found.
Tue May 20 20:14:21 CEST 2014: 23: finished (6937ms, 74cycles)
Tue May 20 20:14:21 CEST 2014: 23: Solution found.
Tue May 20 20:14:28 CEST 2014: 24: finished (7337ms, 79cycles)
Tue May 20 20:14:28 CEST 2014: 24: Solution found.
Tue May 20 20:14:32 CEST 2014: 25: finished (3418ms, 35cycles)
Tue May 20 20:14:32 CEST 2014: 25: Solution found.
Tue May 20 20:14:40 CEST 2014: 26: finished (8396ms, 91cycles)
Tue May 20 20:14:40 CEST 2014: 26: Solution found.
Tue May 20 20:14:44 CEST 2014: 27: finished (4116ms, 44cycles)
Tue May 20 20:14:44 CEST 2014: 27: Solution found.
Tue May 20 20:14:52 CEST 2014: 28: finished (7985ms, 90cycles)
Tue May 20 20:14:52 CEST 2014: 28: Solution found.
Tue May 20 20:15:00 CEST 2014: 29: finished (7389ms, 78cycles)
Tue May 20 20:15:00 CEST 2014: 29: Solution found.
Tue May 20 20:15:05 CEST 2014: 30: finished (5364ms, 58cycles)
Tue May 20 20:15:05 CEST 2014: 30: Solution found.
Tue May 20 20:15:10 CEST 2014: 31: finished (4593ms, 49cycles)
Tue May 20 20:15:10 CEST 2014: 31: Solution found.
Tue May 20 20:15:14 CEST 2014: 32: finished (4061ms, 42cycles)
Tue May 20 20:15:14 CEST 2014: 32: Solution found.
Tue May 20 20:15:18 CEST 2014: 33: finished (4662ms, 49cycles)
Tue May 20 20:15:18 CEST 2014: 33: Solution found.
Tue May 20 20:15:27 CEST 2014: 34: finished (8437ms, 92cycles)
Tue May 20 20:15:27 CEST 2014: 34: Solution found.
Tue May 20 20:15:32 CEST 2014: 35: finished (5592ms, 60cycles)
Tue May 20 20:15:32 CEST 2014: 35: Solution found.
Tue May 20 20:15:36 CEST 2014: 36: finished (3291ms, 35cycles)
Tue May 20 20:15:36 CEST 2014: 36: Solution found.
Tue May 20 20:15:42 CEST 2014: 37: finished (6552ms, 71cycles)
Tue May 20 20:15:42 CEST 2014: 37: Solution found.
Tue May 20 20:15:48 CEST 2014: 38: finished (5728ms, 61cycles)
Tue May 20 20:15:48 CEST 2014: 38: Solution found.
Tue May 20 20:15:58 CEST 2014: 39: finished (9534ms, 105cycles)
Tue May 20 20:15:58 CEST 2014: 39: Solution found.
Tue May 20 20:16:02 CEST 2014: 40: finished (4346ms, 44cycles)
Tue May 20 20:16:02 CEST 2014: 40: Solution found.
Tue May 20 20:16:09 CEST 2014: 41: finished (7468ms, 79cycles)
Tue May 20 20:16:09 CEST 2014: 41: Solution found.
Tue May 20 20:16:13 CEST 2014: 42: finished (3244ms, 35cycles)
Tue May 20 20:16:13 CEST 2014: 42: Solution found.
Tue May 20 20:16:22 CEST 2014: 43: finished (8944ms, 100cycles)
Tue May 20 20:16:22 CEST 2014: 43: Solution found.
Tue May 20 20:16:27 CEST 2014: 44: finished (5093ms, 56cycles)
Tue May 20 20:16:27 CEST 2014: 44: Solution found.
Tue May 20 20:16:32 CEST 2014: 45: finished (5719ms, 60cycles)
Tue May 20 20:16:32 CEST 2014: 45: Solution found.
Tue May 20 20:16:35 CEST 2014: 46: finished (2573ms, 27cycles)
Tue May 20 20:16:35 CEST 2014: 46: Solution found.
Tue May 20 20:16:41 CEST 2014: 47: finished (5533ms, 59cycles)
Tue May 20 20:16:41 CEST 2014: 47: Solution found.
Tue May 20 20:16:50 CEST 2014: 48: finished (8996ms, 96cycles)
Tue May 20 20:16:50 CEST 2014: 48: Solution found.
Tue May 20 20:17:01 CEST 2014: 49: finished (11158ms, 118cycles)
Tue May 20 20:17:01 CEST 2014: 49: Solution found.
Tue May 20 20:17:07 CEST 2014: 50: finished (5925ms, 65cycles)
Tue May 20 20:17:07 CEST 2014: 50: Solution found.
Tue May 20 20:17:12 CEST 2014: 51: finished (5225ms, 55cycles)
Tue May 20 20:17:12 CEST 2014: 51: Solution found.
Tue May 20 20:17:16 CEST 2014: 52: finished (3871ms, 41cycles)
Tue May 20 20:17:16 CEST 2014: 52: Solution found.
Tue May 20 20:17:18 CEST 2014: 53: finished (1754ms, 17cycles)
Tue May 20 20:17:18 CEST 2014: 53: Solution found.
Tue May 20 20:17:23 CEST 2014: 54: finished (5348ms, 58cycles)
Tue May 20 20:17:23 CEST 2014: 54: Solution found.
Tue May 20 20:17:25 CEST 2014: 55: finished (1860ms, 19cycles)
Tue May 20 20:17:25 CEST 2014: 55: Solution found.
Tue May 20 20:17:30 CEST 2014: 56: finished (5491ms, 59cycles)
Tue May 20 20:17:30 CEST 2014: 56: Solution found.
Tue May 20 20:17:34 CEST 2014: 57: finished (4126ms, 45cycles)
Tue May 20 20:17:34 CEST 2014: 57: Solution found.
Tue May 20 20:17:38 CEST 2014: 58: finished (3860ms, 42cycles)
Tue May 20 20:17:38 CEST 2014: 58: Solution found.
Tue May 20 20:17:44 CEST 2014: 59: finished (5840ms, 62cycles)
Tue May 20 20:17:44 CEST 2014: 59: Solution found.
Tue May 20 20:17:53 CEST 2014: 60: finished (9269ms, 100cycles)
Tue May 20 20:17:53 CEST 2014: 60: Solution found.
Tue May 20 20:18:01 CEST 2014: 61: finished (7204ms, 80cycles)
Tue May 20 20:18:01 CEST 2014: 61: Solution found.
Tue May 20 20:18:10 CEST 2014: 62: finished (9268ms, 100cycles)
Tue May 20 20:18:10 CEST 2014: 62: Solution found.
Tue May 20 20:18:14 CEST 2014: 63: finished (4501ms, 48cycles)
Tue May 20 20:18:14 CEST 2014: 63: Solution found.
Tue May 20 20:18:21 CEST 2014: 64: finished (6176ms, 64cycles)
Tue May 20 20:18:21 CEST 2014: 64: Solution found.
Tue May 20 20:18:28 CEST 2014: 65: finished (7002ms, 76cycles)
Tue May 20 20:18:28 CEST 2014: 65: Solution found.
Tue May 20 20:18:32 CEST 2014: 66: finished (4303ms, 46cycles)
Tue May 20 20:18:32 CEST 2014: 66: Solution found.
Tue May 20 20:18:38 CEST 2014: 67: finished (5524ms, 60cycles)
Tue May 20 20:18:38 CEST 2014: 67: Solution found.
Tue May 20 20:18:45 CEST 2014: 68: finished (7175ms, 76cycles)
Tue May 20 20:18:45 CEST 2014: 68: Solution found.
Tue May 20 20:18:47 CEST 2014: 69: finished (1996ms, 20cycles)
Tue May 20 20:18:47 CEST 2014: 69: Solution found.
Tue May 20 20:18:54 CEST 2014: 70: finished (6816ms, 73cycles)
Tue May 20 20:18:54 CEST 2014: 70: Solution found.
Tue May 20 20:18:59 CEST 2014: 71: finished (5123ms, 54cycles)
Tue May 20 20:18:59 CEST 2014: 71: Solution found.
Tue May 20 20:19:05 CEST 2014: 72: finished (5872ms, 64cycles)
Tue May 20 20:19:05 CEST 2014: 72: Solution found.
Tue May 20 20:19:09 CEST 2014: 73: finished (4874ms, 51cycles)
Tue May 20 20:19:09 CEST 2014: 73: Solution found.
Tue May 20 20:19:14 CEST 2014: 74: finished (4726ms, 52cycles)
Tue May 20 20:19:14 CEST 2014: 74: Solution found.
Tue May 20 20:19:21 CEST 2014: 75: finished (7058ms, 76cycles)
Tue May 20 20:19:21 CEST 2014: 75: Solution found.
Tue May 20 20:19:28 CEST 2014: 76: finished (7116ms, 76cycles)
Tue May 20 20:19:28 CEST 2014: 76: Solution found.
Tue May 20 20:19:33 CEST 2014: 77: finished (4911ms, 53cycles)
Tue May 20 20:19:33 CEST 2014: 77: Solution found.
Tue May 20 20:19:39 CEST 2014: 78: finished (5873ms, 66cycles)
Tue May 20 20:19:39 CEST 2014: 78: Solution found.
Tue May 20 20:19:47 CEST 2014: 79: finished (8250ms, 91cycles)
Tue May 20 20:19:47 CEST 2014: 79: Solution found.
Tue May 20 20:19:53 CEST 2014: 80: finished (5759ms, 63cycles)
Tue May 20 20:19:53 CEST 2014: 80: Solution found.
Tue May 20 20:19:59 CEST 2014: 81: finished (5775ms, 66cycles)
Tue May 20 20:19:59 CEST 2014: 81: Solution found.
Tue May 20 20:20:11 CEST 2014: 82: finished (12186ms, 130cycles)
Tue May 20 20:20:11 CEST 2014: 82: Solution found.
Tue May 20 20:20:15 CEST 2014: 83: finished (4040ms, 43cycles)
Tue May 20 20:20:15 CEST 2014: 83: Solution found.
Tue May 20 20:20:22 CEST 2014: 84: finished (6923ms, 77cycles)
Tue May 20 20:20:22 CEST 2014: 84: Solution found.
Tue May 20 20:20:29 CEST 2014: 85: finished (7089ms, 76cycles)
Tue May 20 20:20:29 CEST 2014: 85: Solution found.
Tue May 20 20:20:34 CEST 2014: 86: finished (4203ms, 45cycles)
Tue May 20 20:20:34 CEST 2014: 86: Solution found.
Tue May 20 20:20:39 CEST 2014: 87: finished (5327ms, 58cycles)
Tue May 20 20:20:39 CEST 2014: 87: Solution found.
Tue May 20 20:20:45 CEST 2014: 88: finished (6492ms, 70cycles)
Tue May 20 20:20:45 CEST 2014: 88: Solution found.
Tue May 20 20:20:53 CEST 2014: 89: finished (8099ms, 88cycles)
Tue May 20 20:20:53 CEST 2014: 89: Solution found.
Tue May 20 20:21:00 CEST 2014: 90: finished (6308ms, 67cycles)
Tue May 20 20:21:00 CEST 2014: 90: Solution found.
Tue May 20 20:21:07 CEST 2014: 91: finished (7374ms, 80cycles)
Tue May 20 20:21:07 CEST 2014: 91: Solution found.
Tue May 20 20:21:14 CEST 2014: 92: finished (6371ms, 67cycles)
Tue May 20 20:21:14 CEST 2014: 92: Solution found.
Tue May 20 20:21:17 CEST 2014: 93: finished (3722ms, 40cycles)
Tue May 20 20:21:17 CEST 2014: 93: Solution found.
Tue May 20 20:21:20 CEST 2014: 94: finished (3043ms, 32cycles)
Tue May 20 20:21:20 CEST 2014: 94: Solution found.
Tue May 20 20:21:24 CEST 2014: 95: finished (3574ms, 38cycles)
Tue May 20 20:21:24 CEST 2014: 95: Solution found.
Tue May 20 20:21:30 CEST 2014: 96: finished (6272ms, 67cycles)
Tue May 20 20:21:30 CEST 2014: 96: Solution found.
Tue May 20 20:21:34 CEST 2014: 97: finished (3923ms, 41cycles)
Tue May 20 20:21:34 CEST 2014: 97: Solution found.
Tue May 20 20:21:39 CEST 2014: 98: finished (5285ms, 58cycles)
Tue May 20 20:21:39 CEST 2014: 98: Solution found.
Tue May 20 20:21:45 CEST 2014: 99: finished (5681ms, 60cycles)
Tue May 20 20:21:45 CEST 2014: 99: Solution found.
Tue May 20 20:21:45 CEST 2014: Solution Found: 100
Tue May 20 20:21:45 CEST 2014: Avg cycles: 64
Tue May 20 20:21:45 CEST 2014: Max cycles: 130
Tue May 20 20:21:45 CEST 2014: Min cycles: 17
Tue May 20 20:21:45 CEST 2014: No solution found: 0
Tue May 20 20:21:45 CEST 2014: logging finished. (runtime: 600466ms)
