Tue May 20 19:58:29 CEST 2014: Problem Count: 30
Tue May 20 19:58:29 CEST 2014: CandidatesCount: 200
Tue May 20 19:58:29 CEST 2014: Max Cycles: 1000
Tue May 20 19:58:32 CEST 2014: 0: finished (2724ms, 54cycles)
Tue May 20 19:58:32 CEST 2014: 0: Solution found.
Tue May 20 19:58:35 CEST 2014: 1: finished (3711ms, 73cycles)
Tue May 20 19:58:35 CEST 2014: 1: Solution found.
Tue May 20 19:58:40 CEST 2014: 2: finished (4211ms, 78cycles)
Tue May 20 19:58:40 CEST 2014: 2: Solution found.
Tue May 20 19:58:46 CEST 2014: 3: finished (6257ms, 115cycles)
Tue May 20 19:58:46 CEST 2014: 3: Solution found.
Tue May 20 19:58:49 CEST 2014: 4: finished (2840ms, 58cycles)
Tue May 20 19:58:49 CEST 2014: 4: Solution found.
Tue May 20 19:58:53 CEST 2014: 5: finished (3920ms, 74cycles)
Tue May 20 19:58:53 CEST 2014: 5: Solution found.
Tue May 20 19:58:54 CEST 2014: 6: finished (846ms, 15cycles)
Tue May 20 19:58:54 CEST 2014: 6: Solution found.
Tue May 20 19:58:59 CEST 2014: 7: finished (5409ms, 93cycles)
Tue May 20 19:58:59 CEST 2014: 7: Solution found.
Tue May 20 19:59:01 CEST 2014: 8: finished (1652ms, 32cycles)
Tue May 20 19:59:01 CEST 2014: 8: Solution found.
Tue May 20 19:59:06 CEST 2014: 9: finished (5289ms, 100cycles)
Tue May 20 19:59:06 CEST 2014: 9: Solution found.
Tue May 20 19:59:08 CEST 2014: 10: finished (2258ms, 40cycles)
Tue May 20 19:59:08 CEST 2014: 10: Solution found.
Tue May 20 19:59:10 CEST 2014: 11: finished (1982ms, 36cycles)
Tue May 20 19:59:10 CEST 2014: 11: Solution found.
Tue May 20 19:59:14 CEST 2014: 12: finished (3828ms, 76cycles)
Tue May 20 19:59:14 CEST 2014: 12: Solution found.
Tue May 20 19:59:17 CEST 2014: 13: finished (2774ms, 54cycles)
Tue May 20 19:59:17 CEST 2014: 13: Solution found.
Tue May 20 19:59:22 CEST 2014: 14: finished (5520ms, 105cycles)
Tue May 20 19:59:22 CEST 2014: 14: Solution found.
Tue May 20 19:59:27 CEST 2014: 15: finished (4364ms, 86cycles)
Tue May 20 19:59:27 CEST 2014: 15: Solution found.
Tue May 20 19:59:30 CEST 2014: 16: finished (2793ms, 54cycles)
Tue May 20 19:59:30 CEST 2014: 16: Solution found.
Tue May 20 19:59:33 CEST 2014: 17: finished (3317ms, 62cycles)
Tue May 20 19:59:33 CEST 2014: 17: Solution found.
Tue May 20 19:59:37 CEST 2014: 18: finished (4387ms, 83cycles)
Tue May 20 19:59:37 CEST 2014: 18: Solution found.
Tue May 20 19:59:39 CEST 2014: 19: finished (2075ms, 41cycles)
Tue May 20 19:59:39 CEST 2014: 19: Solution found.
Tue May 20 19:59:43 CEST 2014: 20: finished (3836ms, 73cycles)
Tue May 20 19:59:43 CEST 2014: 20: Solution found.
Tue May 20 19:59:45 CEST 2014: 21: finished (2247ms, 45cycles)
Tue May 20 19:59:45 CEST 2014: 21: Solution found.
Tue May 20 19:59:48 CEST 2014: 22: finished (2564ms, 48cycles)
Tue May 20 19:59:48 CEST 2014: 22: Solution found.
Tue May 20 19:59:51 CEST 2014: 23: finished (2912ms, 60cycles)
Tue May 20 19:59:51 CEST 2014: 23: Solution found.
Tue May 20 19:59:55 CEST 2014: 24: finished (3821ms, 72cycles)
Tue May 20 19:59:55 CEST 2014: 24: Solution found.
Tue May 20 19:59:58 CEST 2014: 25: finished (3134ms, 61cycles)
Tue May 20 19:59:58 CEST 2014: 25: Solution found.
Tue May 20 20:00:00 CEST 2014: 26: finished (2013ms, 40cycles)
Tue May 20 20:00:00 CEST 2014: 26: Solution found.
Tue May 20 20:00:06 CEST 2014: 27: finished (5700ms, 108cycles)
Tue May 20 20:00:06 CEST 2014: 27: Solution found.
Tue May 20 20:00:10 CEST 2014: 28: finished (4421ms, 88cycles)
Tue May 20 20:00:10 CEST 2014: 28: Solution found.
Tue May 20 20:00:13 CEST 2014: 29: finished (2402ms, 49cycles)
Tue May 20 20:00:13 CEST 2014: 29: Solution found.
Tue May 20 20:00:15 CEST 2014: 30: finished (2327ms, 47cycles)
Tue May 20 20:00:15 CEST 2014: 30: Solution found.
Tue May 20 20:00:17 CEST 2014: 31: finished (1687ms, 31cycles)
Tue May 20 20:00:17 CEST 2014: 31: Solution found.
Tue May 20 20:00:19 CEST 2014: 32: finished (2801ms, 55cycles)
Tue May 20 20:00:19 CEST 2014: 32: Solution found.
Tue May 20 20:00:22 CEST 2014: 33: finished (2193ms, 42cycles)
Tue May 20 20:00:22 CEST 2014: 33: Solution found.
Tue May 20 20:00:27 CEST 2014: 34: finished (5713ms, 110cycles)
Tue May 20 20:00:27 CEST 2014: 34: Solution found.
Tue May 20 20:00:30 CEST 2014: 35: finished (2675ms, 51cycles)
Tue May 20 20:00:30 CEST 2014: 35: Solution found.
Tue May 20 20:00:34 CEST 2014: 36: finished (3479ms, 64cycles)
Tue May 20 20:00:34 CEST 2014: 36: Solution found.
Tue May 20 20:00:37 CEST 2014: 37: finished (3007ms, 55cycles)
Tue May 20 20:00:37 CEST 2014: 37: Solution found.
Tue May 20 20:00:39 CEST 2014: 38: finished (2577ms, 51cycles)
Tue May 20 20:00:39 CEST 2014: 38: Solution found.
Tue May 20 20:00:44 CEST 2014: 39: finished (4550ms, 92cycles)
Tue May 20 20:00:44 CEST 2014: 39: Solution found.
Tue May 20 20:00:49 CEST 2014: 40: finished (5252ms, 90cycles)
Tue May 20 20:00:49 CEST 2014: 40: Solution found.
Tue May 20 20:00:52 CEST 2014: 41: finished (2611ms, 50cycles)
Tue May 20 20:00:52 CEST 2014: 41: Solution found.
Tue May 20 20:00:54 CEST 2014: 42: finished (2453ms, 48cycles)
Tue May 20 20:00:54 CEST 2014: 42: Solution found.
Tue May 20 20:00:59 CEST 2014: 43: finished (5217ms, 92cycles)
Tue May 20 20:00:59 CEST 2014: 43: Solution found.
Tue May 20 20:01:02 CEST 2014: 44: finished (2498ms, 49cycles)
Tue May 20 20:01:02 CEST 2014: 44: Solution found.
Tue May 20 20:01:05 CEST 2014: 45: finished (2980ms, 57cycles)
Tue May 20 20:01:05 CEST 2014: 45: Solution found.
Tue May 20 20:01:09 CEST 2014: 46: finished (3703ms, 73cycles)
Tue May 20 20:01:09 CEST 2014: 46: Solution found.
Tue May 20 20:01:14 CEST 2014: 47: finished (5627ms, 105cycles)
Tue May 20 20:01:14 CEST 2014: 47: Solution found.
Tue May 20 20:01:16 CEST 2014: 48: finished (1929ms, 37cycles)
Tue May 20 20:01:16 CEST 2014: 48: Solution found.
Tue May 20 20:01:18 CEST 2014: 49: finished (1435ms, 25cycles)
Tue May 20 20:01:18 CEST 2014: 49: Solution found.
Tue May 20 20:01:20 CEST 2014: 50: finished (2447ms, 47cycles)
Tue May 20 20:01:20 CEST 2014: 50: Solution found.
Tue May 20 20:01:22 CEST 2014: 51: finished (2458ms, 45cycles)
Tue May 20 20:01:22 CEST 2014: 51: Solution found.
Tue May 20 20:01:25 CEST 2014: 52: finished (2674ms, 48cycles)
Tue May 20 20:01:25 CEST 2014: 52: Solution found.
Tue May 20 20:01:28 CEST 2014: 53: finished (2654ms, 53cycles)
Tue May 20 20:01:28 CEST 2014: 53: Solution found.
Tue May 20 20:01:34 CEST 2014: 54: finished (6356ms, 117cycles)
Tue May 20 20:01:34 CEST 2014: 54: Solution found.
Tue May 20 20:01:36 CEST 2014: 55: finished (2079ms, 42cycles)
Tue May 20 20:01:36 CEST 2014: 55: Solution found.
Tue May 20 20:01:41 CEST 2014: 56: finished (5053ms, 98cycles)
Tue May 20 20:01:41 CEST 2014: 56: Solution found.
Tue May 20 20:01:43 CEST 2014: 57: finished (1765ms, 33cycles)
Tue May 20 20:01:43 CEST 2014: 57: Solution found.
Tue May 20 20:01:48 CEST 2014: 58: finished (5013ms, 99cycles)
Tue May 20 20:01:48 CEST 2014: 58: Solution found.
Tue May 20 20:01:51 CEST 2014: 59: finished (2980ms, 59cycles)
Tue May 20 20:01:51 CEST 2014: 59: Solution found.
Tue May 20 20:01:54 CEST 2014: 60: finished (3014ms, 57cycles)
Tue May 20 20:01:54 CEST 2014: 60: Solution found.
Tue May 20 20:01:58 CEST 2014: 61: finished (3719ms, 74cycles)
Tue May 20 20:01:58 CEST 2014: 61: Solution found.
Tue May 20 20:02:00 CEST 2014: 62: finished (2012ms, 38cycles)
Tue May 20 20:02:00 CEST 2014: 62: Solution found.
Tue May 20 20:02:02 CEST 2014: 63: finished (2493ms, 47cycles)
Tue May 20 20:02:02 CEST 2014: 63: Solution found.
Tue May 20 20:02:06 CEST 2014: 64: finished (3800ms, 75cycles)
Tue May 20 20:02:06 CEST 2014: 64: Solution found.
Tue May 20 20:02:13 CEST 2014: 65: finished (6711ms, 126cycles)
Tue May 20 20:02:13 CEST 2014: 65: Solution found.
Tue May 20 20:02:17 CEST 2014: 66: finished (4140ms, 81cycles)
Tue May 20 20:02:17 CEST 2014: 66: Solution found.
Tue May 20 20:02:19 CEST 2014: 67: finished (1590ms, 31cycles)
Tue May 20 20:02:19 CEST 2014: 67: Solution found.
Tue May 20 20:02:21 CEST 2014: 68: finished (2512ms, 49cycles)
Tue May 20 20:02:21 CEST 2014: 68: Solution found.
Tue May 20 20:02:23 CEST 2014: 69: finished (1898ms, 37cycles)
Tue May 20 20:02:23 CEST 2014: 69: Solution found.
Tue May 20 20:02:29 CEST 2014: 70: finished (6194ms, 119cycles)
Tue May 20 20:02:29 CEST 2014: 70: Solution found.
Tue May 20 20:02:31 CEST 2014: 71: finished (1403ms, 25cycles)
Tue May 20 20:02:31 CEST 2014: 71: Solution found.
Tue May 20 20:02:35 CEST 2014: 72: finished (4073ms, 81cycles)
Tue May 20 20:02:35 CEST 2014: 72: Solution found.
Tue May 20 20:02:42 CEST 2014: 73: finished (6608ms, 111cycles)
Tue May 20 20:02:42 CEST 2014: 73: Solution found.
Tue May 20 20:02:44 CEST 2014: 74: finished (2247ms, 44cycles)
Tue May 20 20:02:44 CEST 2014: 74: Solution found.
Tue May 20 20:02:47 CEST 2014: 75: finished (2737ms, 51cycles)
Tue May 20 20:02:47 CEST 2014: 75: Solution found.
Tue May 20 20:02:50 CEST 2014: 76: finished (3608ms, 69cycles)
Tue May 20 20:02:50 CEST 2014: 76: Solution found.
Tue May 20 20:02:54 CEST 2014: 77: finished (4260ms, 85cycles)
Tue May 20 20:02:54 CEST 2014: 77: Solution found.
Tue May 20 20:02:57 CEST 2014: 78: finished (2727ms, 54cycles)
Tue May 20 20:02:57 CEST 2014: 78: Solution found.
Tue May 20 20:03:01 CEST 2014: 79: finished (4113ms, 79cycles)
Tue May 20 20:03:01 CEST 2014: 79: Solution found.
Tue May 20 20:03:05 CEST 2014: 80: finished (3630ms, 70cycles)
Tue May 20 20:03:05 CEST 2014: 80: Solution found.
Tue May 20 20:03:07 CEST 2014: 81: finished (2129ms, 42cycles)
Tue May 20 20:03:07 CEST 2014: 81: Solution found.
Tue May 20 20:03:10 CEST 2014: 82: finished (3351ms, 62cycles)
Tue May 20 20:03:10 CEST 2014: 82: Solution found.
Tue May 20 20:03:13 CEST 2014: 83: finished (2561ms, 47cycles)
Tue May 20 20:03:13 CEST 2014: 83: Solution found.
Tue May 20 20:03:17 CEST 2014: 84: finished (3860ms, 77cycles)
Tue May 20 20:03:17 CEST 2014: 84: Solution found.
Tue May 20 20:03:21 CEST 2014: 85: finished (4150ms, 85cycles)
Tue May 20 20:03:21 CEST 2014: 85: Solution found.
Tue May 20 20:03:25 CEST 2014: 86: finished (3899ms, 77cycles)
Tue May 20 20:03:25 CEST 2014: 86: Solution found.
Tue May 20 20:03:32 CEST 2014: 87: finished (7255ms, 131cycles)
Tue May 20 20:03:32 CEST 2014: 87: Solution found.
Tue May 20 20:03:35 CEST 2014: 88: finished (2844ms, 57cycles)
Tue May 20 20:03:35 CEST 2014: 88: Solution found.
Tue May 20 20:03:40 CEST 2014: 89: finished (4838ms, 95cycles)
Tue May 20 20:03:40 CEST 2014: 89: Solution found.
Tue May 20 20:03:43 CEST 2014: 90: finished (3057ms, 60cycles)
Tue May 20 20:03:43 CEST 2014: 90: Solution found.
Tue May 20 20:03:46 CEST 2014: 91: finished (3228ms, 59cycles)
Tue May 20 20:03:46 CEST 2014: 91: Solution found.
Tue May 20 20:03:48 CEST 2014: 92: finished (1581ms, 30cycles)
Tue May 20 20:03:48 CEST 2014: 92: Solution found.
Tue May 20 20:03:53 CEST 2014: 93: finished (4768ms, 92cycles)
Tue May 20 20:03:53 CEST 2014: 93: Solution found.
Tue May 20 20:04:01 CEST 2014: 94: finished (8125ms, 144cycles)
Tue May 20 20:04:01 CEST 2014: 94: Solution found.
Tue May 20 20:04:04 CEST 2014: 95: finished (3673ms, 72cycles)
Tue May 20 20:04:04 CEST 2014: 95: Solution found.
Tue May 20 20:04:09 CEST 2014: 96: finished (4156ms, 83cycles)
Tue May 20 20:04:09 CEST 2014: 96: Solution found.
Tue May 20 20:04:13 CEST 2014: 97: finished (4199ms, 74cycles)
Tue May 20 20:04:13 CEST 2014: 97: Solution found.
Tue May 20 20:04:17 CEST 2014: 98: finished (3753ms, 73cycles)
Tue May 20 20:04:17 CEST 2014: 98: Solution found.
Tue May 20 20:04:20 CEST 2014: 99: finished (3799ms, 68cycles)
Tue May 20 20:04:20 CEST 2014: 99: Solution found.
Tue May 20 20:04:20 CEST 2014: Solution Found: 100
Tue May 20 20:04:20 CEST 2014: Avg cycles: 66
Tue May 20 20:04:20 CEST 2014: Max cycles: 144
Tue May 20 20:04:20 CEST 2014: Min cycles: 15
Tue May 20 20:04:20 CEST 2014: No solution found: 0
Tue May 20 20:04:20 CEST 2014: logging finished. (runtime: 351465ms)
