Tue May 20 14:26:12 CEST 2014: Problem Count: 27
Tue May 20 14:26:12 CEST 2014: CandidatesCount: 50
Tue May 20 14:26:12 CEST 2014: Max Cycles: 500
Tue May 20 14:26:12 CEST 2014: 0: finished (112ms, 43cycles)
Tue May 20 14:26:12 CEST 2014: 0: Solution found.
Tue May 20 14:26:12 CEST 2014: 1: finished (132ms, 56cycles)
Tue May 20 14:26:12 CEST 2014: 1: Solution found.
Tue May 20 14:26:12 CEST 2014: 2: finished (41ms, 24cycles)
Tue May 20 14:26:12 CEST 2014: 2: Solution found.
Tue May 20 14:26:12 CEST 2014: 3: finished (22ms, 5cycles)
Tue May 20 14:26:12 CEST 2014: 3: Solution found.
Tue May 20 14:26:12 CEST 2014: 4: finished (1ms, 3cycles)
Tue May 20 14:26:12 CEST 2014: 4: Solution found.
Tue May 20 14:26:12 CEST 2014: 5: finished (42ms, 17cycles)
Tue May 20 14:26:12 CEST 2014: 5: Solution found.
Tue May 20 14:26:12 CEST 2014: 6: finished (41ms, 21cycles)
Tue May 20 14:26:12 CEST 2014: 6: Solution found.
Tue May 20 14:26:12 CEST 2014: 7: finished (97ms, 40cycles)
Tue May 20 14:26:12 CEST 2014: 7: Solution found.
Tue May 20 14:26:13 CEST 2014: 8: finished (132ms, 57cycles)
Tue May 20 14:26:13 CEST 2014: 8: Solution found.
Tue May 20 14:26:13 CEST 2014: 9: finished (55ms, 25cycles)
Tue May 20 14:26:13 CEST 2014: 9: Solution found.
Tue May 20 14:26:13 CEST 2014: 10: finished (57ms, 24cycles)
Tue May 20 14:26:13 CEST 2014: 10: Solution found.
Tue May 20 14:26:13 CEST 2014: 11: finished (100ms, 31cycles)
Tue May 20 14:26:13 CEST 2014: 11: Solution found.
Tue May 20 14:26:13 CEST 2014: 12: finished (81ms, 31cycles)
Tue May 20 14:26:13 CEST 2014: 12: Solution found.
Tue May 20 14:26:13 CEST 2014: 13: finished (84ms, 33cycles)
Tue May 20 14:26:13 CEST 2014: 13: Solution found.
Tue May 20 14:26:13 CEST 2014: 14: finished (11ms, 1cycles)
Tue May 20 14:26:13 CEST 2014: 14: Solution found.
Tue May 20 14:26:13 CEST 2014: 15: finished (75ms, 33cycles)
Tue May 20 14:26:13 CEST 2014: 15: Solution found.
Tue May 20 14:26:13 CEST 2014: 16: finished (53ms, 24cycles)
Tue May 20 14:26:13 CEST 2014: 16: Solution found.
Tue May 20 14:26:13 CEST 2014: 17: finished (75ms, 27cycles)
Tue May 20 14:26:13 CEST 2014: 17: Solution found.
Tue May 20 14:26:13 CEST 2014: 18: finished (51ms, 19cycles)
Tue May 20 14:26:13 CEST 2014: 18: Solution found.
Tue May 20 14:26:13 CEST 2014: 19: finished (45ms, 17cycles)
Tue May 20 14:26:13 CEST 2014: 19: Solution found.
Tue May 20 14:26:13 CEST 2014: 20: finished (44ms, 19cycles)
Tue May 20 14:26:13 CEST 2014: 20: Solution found.
Tue May 20 14:26:13 CEST 2014: 21: finished (74ms, 29cycles)
Tue May 20 14:26:13 CEST 2014: 21: Solution found.
Tue May 20 14:26:14 CEST 2014: 22: finished (126ms, 45cycles)
Tue May 20 14:26:14 CEST 2014: 22: Solution found.
Tue May 20 14:26:14 CEST 2014: 23: finished (3ms, 2cycles)
Tue May 20 14:26:14 CEST 2014: 23: Solution found.
Tue May 20 14:26:14 CEST 2014: 24: finished (103ms, 39cycles)
Tue May 20 14:26:14 CEST 2014: 24: Solution found.
Tue May 20 14:26:14 CEST 2014: 25: finished (120ms, 59cycles)
Tue May 20 14:26:14 CEST 2014: 25: Solution found.
Tue May 20 14:26:14 CEST 2014: 26: finished (58ms, 30cycles)
Tue May 20 14:26:14 CEST 2014: 26: Solution found.
Tue May 20 14:26:14 CEST 2014: 27: finished (43ms, 23cycles)
Tue May 20 14:26:14 CEST 2014: 27: Solution found.
Tue May 20 14:26:14 CEST 2014: 28: finished (87ms, 39cycles)
Tue May 20 14:26:14 CEST 2014: 28: Solution found.
Tue May 20 14:26:14 CEST 2014: 29: finished (43ms, 19cycles)
Tue May 20 14:26:14 CEST 2014: 29: Solution found.
Tue May 20 14:26:14 CEST 2014: 30: finished (26ms, 18cycles)
Tue May 20 14:26:14 CEST 2014: 30: Solution found.
Tue May 20 14:26:14 CEST 2014: 31: finished (55ms, 26cycles)
Tue May 20 14:26:14 CEST 2014: 31: Solution found.
Tue May 20 14:26:14 CEST 2014: 32: finished (3ms, 6cycles)
Tue May 20 14:26:14 CEST 2014: 32: Solution found.
Tue May 20 14:26:14 CEST 2014: 33: finished (74ms, 32cycles)
Tue May 20 14:26:14 CEST 2014: 33: Solution found.
Tue May 20 14:26:15 CEST 2014: 34: finished (93ms, 42cycles)
Tue May 20 14:26:15 CEST 2014: 34: Solution found.
Tue May 20 14:26:15 CEST 2014: 35: finished (53ms, 31cycles)
Tue May 20 14:26:15 CEST 2014: 35: Solution found.
Tue May 20 14:26:15 CEST 2014: 36: finished (42ms, 14cycles)
Tue May 20 14:26:15 CEST 2014: 36: Solution found.
Tue May 20 14:26:15 CEST 2014: 37: finished (64ms, 27cycles)
Tue May 20 14:26:15 CEST 2014: 37: Solution found.
Tue May 20 14:26:15 CEST 2014: 38: finished (135ms, 64cycles)
Tue May 20 14:26:15 CEST 2014: 38: Solution found.
Tue May 20 14:26:15 CEST 2014: 39: finished (1ms, 3cycles)
Tue May 20 14:26:15 CEST 2014: 39: Solution found.
Tue May 20 14:26:15 CEST 2014: 40: finished (70ms, 32cycles)
Tue May 20 14:26:15 CEST 2014: 40: Solution found.
Tue May 20 14:26:15 CEST 2014: 41: finished (42ms, 17cycles)
Tue May 20 14:26:15 CEST 2014: 41: Solution found.
Tue May 20 14:26:15 CEST 2014: 42: finished (29ms, 12cycles)
Tue May 20 14:26:15 CEST 2014: 42: Solution found.
Tue May 20 14:26:15 CEST 2014: 43: finished (84ms, 33cycles)
Tue May 20 14:26:15 CEST 2014: 43: Solution found.
Tue May 20 14:26:15 CEST 2014: 44: finished (75ms, 38cycles)
Tue May 20 14:26:15 CEST 2014: 44: Solution found.
Tue May 20 14:26:15 CEST 2014: 45: finished (31ms, 13cycles)
Tue May 20 14:26:15 CEST 2014: 45: Solution found.
Tue May 20 14:26:15 CEST 2014: 46: finished (91ms, 37cycles)
Tue May 20 14:26:15 CEST 2014: 46: Solution found.
Tue May 20 14:26:16 CEST 2014: 47: finished (122ms, 55cycles)
Tue May 20 14:26:16 CEST 2014: 47: Solution found.
Tue May 20 14:26:16 CEST 2014: 48: finished (74ms, 21cycles)
Tue May 20 14:26:16 CEST 2014: 48: Solution found.
Tue May 20 14:26:16 CEST 2014: 49: finished (75ms, 26cycles)
Tue May 20 14:26:16 CEST 2014: 49: Solution found.
Tue May 20 14:26:16 CEST 2014: 50: finished (116ms, 45cycles)
Tue May 20 14:26:16 CEST 2014: 50: Solution found.
Tue May 20 14:26:16 CEST 2014: 51: finished (57ms, 25cycles)
Tue May 20 14:26:16 CEST 2014: 51: Solution found.
Tue May 20 14:26:16 CEST 2014: 52: finished (30ms, 14cycles)
Tue May 20 14:26:16 CEST 2014: 52: Solution found.
Tue May 20 14:26:16 CEST 2014: 53: finished (87ms, 39cycles)
Tue May 20 14:26:16 CEST 2014: 53: Solution found.
Tue May 20 14:26:16 CEST 2014: 54: finished (45ms, 21cycles)
Tue May 20 14:26:16 CEST 2014: 54: Solution found.
Tue May 20 14:26:16 CEST 2014: 55: finished (24ms, 12cycles)
Tue May 20 14:26:16 CEST 2014: 55: Solution found.
Tue May 20 14:26:16 CEST 2014: 56: finished (29ms, 12cycles)
Tue May 20 14:26:16 CEST 2014: 56: Solution found.
Tue May 20 14:26:16 CEST 2014: 57: finished (45ms, 19cycles)
Tue May 20 14:26:16 CEST 2014: 57: Solution found.
Tue May 20 14:26:16 CEST 2014: 58: finished (62ms, 32cycles)
Tue May 20 14:26:16 CEST 2014: 58: Solution found.
Tue May 20 14:26:17 CEST 2014: 59: finished (88ms, 33cycles)
Tue May 20 14:26:17 CEST 2014: 59: Solution found.
Tue May 20 14:26:17 CEST 2014: 60: finished (11ms, 7cycles)
Tue May 20 14:26:17 CEST 2014: 60: Solution found.
Tue May 20 14:26:17 CEST 2014: 61: finished (45ms, 15cycles)
Tue May 20 14:26:17 CEST 2014: 61: Solution found.
Tue May 20 14:26:17 CEST 2014: 62: finished (28ms, 10cycles)
Tue May 20 14:26:17 CEST 2014: 62: Solution found.
Tue May 20 14:26:17 CEST 2014: 63: finished (52ms, 20cycles)
Tue May 20 14:26:17 CEST 2014: 63: Solution found.
Tue May 20 14:26:17 CEST 2014: 64: finished (123ms, 53cycles)
Tue May 20 14:26:17 CEST 2014: 64: Solution found.
Tue May 20 14:26:17 CEST 2014: 65: finished (32ms, 15cycles)
Tue May 20 14:26:17 CEST 2014: 65: Solution found.
Tue May 20 14:26:17 CEST 2014: 66: finished (37ms, 14cycles)
Tue May 20 14:26:17 CEST 2014: 66: Solution found.
Tue May 20 14:26:17 CEST 2014: 67: finished (63ms, 28cycles)
Tue May 20 14:26:17 CEST 2014: 67: Solution found.
Tue May 20 14:26:17 CEST 2014: 68: finished (26ms, 10cycles)
Tue May 20 14:26:17 CEST 2014: 68: Solution found.
Tue May 20 14:26:17 CEST 2014: 69: finished (76ms, 30cycles)
Tue May 20 14:26:17 CEST 2014: 69: Solution found.
Tue May 20 14:26:17 CEST 2014: 70: finished (96ms, 42cycles)
Tue May 20 14:26:17 CEST 2014: 70: Solution found.
Tue May 20 14:26:17 CEST 2014: 71: finished (59ms, 29cycles)
Tue May 20 14:26:17 CEST 2014: 71: Solution found.
Tue May 20 14:26:17 CEST 2014: 72: finished (47ms, 18cycles)
Tue May 20 14:26:17 CEST 2014: 72: Solution found.
Tue May 20 14:26:17 CEST 2014: 73: finished (50ms, 22cycles)
Tue May 20 14:26:17 CEST 2014: 73: Solution found.
Tue May 20 14:26:17 CEST 2014: 74: finished (38ms, 15cycles)
Tue May 20 14:26:17 CEST 2014: 74: Solution found.
Tue May 20 14:26:18 CEST 2014: 75: finished (68ms, 26cycles)
Tue May 20 14:26:18 CEST 2014: 75: Solution found.
Tue May 20 14:26:18 CEST 2014: 76: finished (126ms, 43cycles)
Tue May 20 14:26:18 CEST 2014: 76: Solution found.
Tue May 20 14:26:18 CEST 2014: 77: finished (13ms, 11cycles)
Tue May 20 14:26:18 CEST 2014: 77: Solution found.
Tue May 20 14:26:18 CEST 2014: 78: finished (114ms, 50cycles)
Tue May 20 14:26:18 CEST 2014: 78: Solution found.
Tue May 20 14:26:18 CEST 2014: 79: finished (56ms, 22cycles)
Tue May 20 14:26:18 CEST 2014: 79: Solution found.
Tue May 20 14:26:18 CEST 2014: 80: finished (29ms, 10cycles)
Tue May 20 14:26:18 CEST 2014: 80: Solution found.
Tue May 20 14:26:18 CEST 2014: 81: finished (33ms, 12cycles)
Tue May 20 14:26:18 CEST 2014: 81: Solution found.
Tue May 20 14:26:18 CEST 2014: 82: finished (40ms, 20cycles)
Tue May 20 14:26:18 CEST 2014: 82: Solution found.
Tue May 20 14:26:18 CEST 2014: 83: finished (62ms, 27cycles)
Tue May 20 14:26:18 CEST 2014: 83: Solution found.
Tue May 20 14:26:18 CEST 2014: 84: finished (27ms, 10cycles)
Tue May 20 14:26:18 CEST 2014: 84: Solution found.
Tue May 20 14:26:18 CEST 2014: 85: finished (81ms, 32cycles)
Tue May 20 14:26:18 CEST 2014: 85: Solution found.
Tue May 20 14:26:18 CEST 2014: 86: finished (113ms, 47cycles)
Tue May 20 14:26:18 CEST 2014: 86: Solution found.
Tue May 20 14:26:19 CEST 2014: 87: finished (104ms, 48cycles)
Tue May 20 14:26:19 CEST 2014: 87: Solution found.
Tue May 20 14:26:19 CEST 2014: 88: finished (88ms, 39cycles)
Tue May 20 14:26:19 CEST 2014: 88: Solution found.
Tue May 20 14:26:19 CEST 2014: 89: finished (53ms, 18cycles)
Tue May 20 14:26:19 CEST 2014: 89: Solution found.
Tue May 20 14:26:19 CEST 2014: 90: finished (213ms, 77cycles)
Tue May 20 14:26:19 CEST 2014: 90: Solution found.
Tue May 20 14:26:19 CEST 2014: 91: finished (70ms, 23cycles)
Tue May 20 14:26:19 CEST 2014: 91: Solution found.
Tue May 20 14:26:19 CEST 2014: 92: finished (1ms, 5cycles)
Tue May 20 14:26:19 CEST 2014: 92: Solution found.
Tue May 20 14:26:19 CEST 2014: 93: finished (52ms, 22cycles)
Tue May 20 14:26:19 CEST 2014: 93: Solution found.
Tue May 20 14:26:19 CEST 2014: 94: finished (178ms, 75cycles)
Tue May 20 14:26:19 CEST 2014: 94: Solution found.
Tue May 20 14:26:19 CEST 2014: 95: finished (74ms, 32cycles)
Tue May 20 14:26:19 CEST 2014: 95: Solution found.
Tue May 20 14:26:19 CEST 2014: 96: finished (102ms, 42cycles)
Tue May 20 14:26:20 CEST 2014: 96: Solution found.
Tue May 20 14:26:20 CEST 2014: 97: finished (61ms, 24cycles)
Tue May 20 14:26:20 CEST 2014: 97: Solution found.
Tue May 20 14:26:20 CEST 2014: 98: finished (118ms, 52cycles)
Tue May 20 14:26:20 CEST 2014: 98: Solution found.
Tue May 20 14:26:20 CEST 2014: 99: finished (368ms, 144cycles)
Tue May 20 14:26:20 CEST 2014: 99: Solution found.
Tue May 20 14:26:20 CEST 2014: Solution Found: 100
Tue May 20 14:26:20 CEST 2014: Avg cycles: 28
Tue May 20 14:26:20 CEST 2014: Max cycles: 144
Tue May 20 14:26:20 CEST 2014: Min cycles: 1
Tue May 20 14:26:20 CEST 2014: No solution found: 0
Tue May 20 14:26:20 CEST 2014: logging finished. (runtime: 8329ms)
