Sat Jan 25 17:46:34 CET 2014: Problem Count: 200
Sat Jan 25 17:46:34 CET 2014: CandidatesCount: 150
Sat Jan 25 17:46:34 CET 2014: Max Cycles: 500
Sat Jan 25 17:46:34 CET 2014: 0: finished (205ms, 10cycles)
Sat Jan 25 17:46:34 CET 2014: 0: Solution found.
Sat Jan 25 17:46:35 CET 2014: 1: finished (458ms, 26cycles)
Sat Jan 25 17:46:35 CET 2014: 1: Solution found.
Sat Jan 25 17:46:35 CET 2014: 2: finished (290ms, 16cycles)
Sat Jan 25 17:46:35 CET 2014: 2: Solution found.
Sat Jan 25 17:46:35 CET 2014: 3: finished (311ms, 18cycles)
Sat Jan 25 17:46:35 CET 2014: 3: Solution found.
Sat Jan 25 17:46:36 CET 2014: 4: finished (412ms, 24cycles)
Sat Jan 25 17:46:36 CET 2014: 4: Solution found.
Sat Jan 25 17:46:36 CET 2014: 5: finished (111ms, 5cycles)
Sat Jan 25 17:46:36 CET 2014: 5: Solution found.
Sat Jan 25 17:46:36 CET 2014: 6: finished (117ms, 6cycles)
Sat Jan 25 17:46:36 CET 2014: 6: Solution found.
Sat Jan 25 17:46:36 CET 2014: 7: finished (152ms, 7cycles)
Sat Jan 25 17:46:36 CET 2014: 7: Solution found.
Sat Jan 25 17:46:48 CET 2014: 8: finished (11780ms, 500cycles)
Sat Jan 25 17:46:48 CET 2014: 8: No solution found.
Sat Jan 25 17:46:48 CET 2014: 9: finished (150ms, 8cycles)
Sat Jan 25 17:46:48 CET 2014: 9: Solution found.
Sat Jan 25 17:46:48 CET 2014: 10: finished (220ms, 13cycles)
Sat Jan 25 17:46:48 CET 2014: 10: Solution found.
Sat Jan 25 17:46:49 CET 2014: 11: finished (610ms, 34cycles)
Sat Jan 25 17:46:49 CET 2014: 11: Solution found.
Sat Jan 25 17:46:49 CET 2014: 12: finished (165ms, 8cycles)
Sat Jan 25 17:46:49 CET 2014: 12: Solution found.
Sat Jan 25 17:46:49 CET 2014: 13: finished (87ms, 4cycles)
Sat Jan 25 17:46:49 CET 2014: 13: Solution found.
Sat Jan 25 17:46:49 CET 2014: 14: finished (130ms, 7cycles)
Sat Jan 25 17:46:49 CET 2014: 14: Solution found.
Sat Jan 25 17:46:50 CET 2014: 15: finished (314ms, 18cycles)
Sat Jan 25 17:46:50 CET 2014: 15: Solution found.
Sat Jan 25 17:46:50 CET 2014: 16: finished (383ms, 23cycles)
Sat Jan 25 17:46:50 CET 2014: 16: Solution found.
Sat Jan 25 17:46:51 CET 2014: 17: finished (403ms, 24cycles)
Sat Jan 25 17:46:51 CET 2014: 17: Solution found.
Sat Jan 25 17:46:51 CET 2014: 18: finished (197ms, 11cycles)
Sat Jan 25 17:46:51 CET 2014: 18: Solution found.
Sat Jan 25 17:46:51 CET 2014: 19: finished (430ms, 25cycles)
Sat Jan 25 17:46:51 CET 2014: 19: Solution found.
Sat Jan 25 17:46:51 CET 2014: 20: finished (149ms, 9cycles)
Sat Jan 25 17:46:51 CET 2014: 20: Solution found.
Sat Jan 25 17:47:04 CET 2014: 21: finished (12233ms, 500cycles)
Sat Jan 25 17:47:04 CET 2014: 21: No solution found.
Sat Jan 25 17:47:04 CET 2014: 22: finished (521ms, 29cycles)
Sat Jan 25 17:47:04 CET 2014: 22: Solution found.
Sat Jan 25 17:47:04 CET 2014: 23: finished (417ms, 25cycles)
Sat Jan 25 17:47:04 CET 2014: 23: Solution found.
Sat Jan 25 17:47:05 CET 2014: 24: finished (315ms, 17cycles)
Sat Jan 25 17:47:05 CET 2014: 24: Solution found.
Sat Jan 25 17:47:05 CET 2014: 25: finished (183ms, 10cycles)
Sat Jan 25 17:47:05 CET 2014: 25: Solution found.
Sat Jan 25 17:47:05 CET 2014: 26: finished (296ms, 18cycles)
Sat Jan 25 17:47:05 CET 2014: 26: Solution found.
Sat Jan 25 17:47:05 CET 2014: 27: finished (102ms, 6cycles)
Sat Jan 25 17:47:05 CET 2014: 27: Solution found.
Sat Jan 25 17:47:05 CET 2014: 28: finished (89ms, 5cycles)
Sat Jan 25 17:47:05 CET 2014: 28: Solution found.
Sat Jan 25 17:47:06 CET 2014: 29: finished (105ms, 6cycles)
Sat Jan 25 17:47:06 CET 2014: 29: Solution found.
Sat Jan 25 17:47:06 CET 2014: 30: finished (347ms, 20cycles)
Sat Jan 25 17:47:06 CET 2014: 30: Solution found.
Sat Jan 25 17:47:06 CET 2014: 31: finished (347ms, 20cycles)
Sat Jan 25 17:47:06 CET 2014: 31: Solution found.
Sat Jan 25 17:47:06 CET 2014: 32: finished (219ms, 12cycles)
Sat Jan 25 17:47:06 CET 2014: 32: Solution found.
Sat Jan 25 17:47:07 CET 2014: 33: finished (153ms, 8cycles)
Sat Jan 25 17:47:07 CET 2014: 33: Solution found.
Sat Jan 25 17:47:19 CET 2014: 34: finished (12254ms, 500cycles)
Sat Jan 25 17:47:19 CET 2014: 34: No solution found.
Sat Jan 25 17:47:19 CET 2014: 35: finished (232ms, 13cycles)
Sat Jan 25 17:47:19 CET 2014: 35: Solution found.
Sat Jan 25 17:47:19 CET 2014: 36: finished (277ms, 17cycles)
Sat Jan 25 17:47:19 CET 2014: 36: Solution found.
Sat Jan 25 17:47:20 CET 2014: 37: finished (272ms, 16cycles)
Sat Jan 25 17:47:20 CET 2014: 37: Solution found.
Sat Jan 25 17:47:20 CET 2014: 38: finished (166ms, 8cycles)
Sat Jan 25 17:47:20 CET 2014: 38: Solution found.
Sat Jan 25 17:47:20 CET 2014: 39: finished (266ms, 14cycles)
Sat Jan 25 17:47:20 CET 2014: 39: Solution found.
Sat Jan 25 17:47:20 CET 2014: 40: finished (143ms, 7cycles)
Sat Jan 25 17:47:20 CET 2014: 40: Solution found.
Sat Jan 25 17:47:20 CET 2014: 41: finished (228ms, 12cycles)
Sat Jan 25 17:47:20 CET 2014: 41: Solution found.
Sat Jan 25 17:47:21 CET 2014: 42: finished (176ms, 10cycles)
Sat Jan 25 17:47:21 CET 2014: 42: Solution found.
Sat Jan 25 17:47:21 CET 2014: 43: finished (334ms, 21cycles)
Sat Jan 25 17:47:21 CET 2014: 43: Solution found.
Sat Jan 25 17:47:21 CET 2014: 44: finished (91ms, 4cycles)
Sat Jan 25 17:47:21 CET 2014: 44: Solution found.
Sat Jan 25 17:47:21 CET 2014: 45: finished (75ms, 3cycles)
Sat Jan 25 17:47:21 CET 2014: 45: Solution found.
Sat Jan 25 17:47:22 CET 2014: 46: finished (538ms, 32cycles)
Sat Jan 25 17:47:22 CET 2014: 46: Solution found.
Sat Jan 25 17:47:22 CET 2014: 47: finished (160ms, 8cycles)
Sat Jan 25 17:47:22 CET 2014: 47: Solution found.
Sat Jan 25 17:47:22 CET 2014: 48: finished (177ms, 9cycles)
Sat Jan 25 17:47:22 CET 2014: 48: Solution found.
Sat Jan 25 17:47:22 CET 2014: 49: finished (232ms, 12cycles)
Sat Jan 25 17:47:22 CET 2014: 49: Solution found.
Sat Jan 25 17:47:22 CET 2014: 50: finished (230ms, 12cycles)
Sat Jan 25 17:47:22 CET 2014: 50: Solution found.
Sat Jan 25 17:47:23 CET 2014: 51: finished (92ms, 5cycles)
Sat Jan 25 17:47:23 CET 2014: 51: Solution found.
Sat Jan 25 17:47:23 CET 2014: 52: finished (273ms, 16cycles)
Sat Jan 25 17:47:23 CET 2014: 52: Solution found.
Sat Jan 25 17:47:23 CET 2014: 53: finished (637ms, 36cycles)
Sat Jan 25 17:47:23 CET 2014: 53: Solution found.
Sat Jan 25 17:47:24 CET 2014: 54: finished (144ms, 7cycles)
Sat Jan 25 17:47:24 CET 2014: 54: Solution found.
Sat Jan 25 17:47:24 CET 2014: 55: finished (111ms, 5cycles)
Sat Jan 25 17:47:24 CET 2014: 55: Solution found.
Sat Jan 25 17:47:24 CET 2014: 56: finished (196ms, 10cycles)
Sat Jan 25 17:47:24 CET 2014: 56: Solution found.
Sat Jan 25 17:47:35 CET 2014: 57: finished (11201ms, 500cycles)
Sat Jan 25 17:47:35 CET 2014: 57: No solution found.
Sat Jan 25 17:47:35 CET 2014: 58: finished (125ms, 6cycles)
Sat Jan 25 17:47:35 CET 2014: 58: Solution found.
Sat Jan 25 17:47:36 CET 2014: 59: finished (365ms, 21cycles)
Sat Jan 25 17:47:36 CET 2014: 59: Solution found.
Sat Jan 25 17:47:36 CET 2014: 60: finished (273ms, 15cycles)
Sat Jan 25 17:47:36 CET 2014: 60: Solution found.
Sat Jan 25 17:47:36 CET 2014: 61: finished (73ms, 3cycles)
Sat Jan 25 17:47:36 CET 2014: 61: Solution found.
Sat Jan 25 17:47:36 CET 2014: 62: finished (114ms, 6cycles)
Sat Jan 25 17:47:36 CET 2014: 62: Solution found.
Sat Jan 25 17:47:36 CET 2014: 63: finished (280ms, 16cycles)
Sat Jan 25 17:47:36 CET 2014: 63: Solution found.
Sat Jan 25 17:47:37 CET 2014: 64: finished (478ms, 28cycles)
Sat Jan 25 17:47:37 CET 2014: 64: Solution found.
Sat Jan 25 17:47:37 CET 2014: 65: finished (151ms, 7cycles)
Sat Jan 25 17:47:37 CET 2014: 65: Solution found.
Sat Jan 25 17:47:48 CET 2014: 66: finished (11234ms, 500cycles)
Sat Jan 25 17:47:48 CET 2014: 66: No solution found.
Sat Jan 25 17:47:49 CET 2014: 67: finished (816ms, 33cycles)
Sat Jan 25 17:47:49 CET 2014: 67: Solution found.
Sat Jan 25 17:47:49 CET 2014: 68: finished (203ms, 12cycles)
Sat Jan 25 17:47:49 CET 2014: 68: Solution found.
Sat Jan 25 17:47:49 CET 2014: 69: finished (122ms, 7cycles)
Sat Jan 25 17:47:49 CET 2014: 69: Solution found.
Sat Jan 25 17:47:50 CET 2014: 70: finished (176ms, 10cycles)
Sat Jan 25 17:47:50 CET 2014: 70: Solution found.
Sat Jan 25 17:47:50 CET 2014: 71: finished (65ms, 3cycles)
Sat Jan 25 17:47:50 CET 2014: 71: Solution found.
Sat Jan 25 17:47:50 CET 2014: 72: finished (74ms, 3cycles)
Sat Jan 25 17:47:50 CET 2014: 72: Solution found.
Sat Jan 25 17:47:50 CET 2014: 73: finished (438ms, 27cycles)
Sat Jan 25 17:47:50 CET 2014: 73: Solution found.
Sat Jan 25 17:47:50 CET 2014: 74: finished (164ms, 10cycles)
Sat Jan 25 17:47:50 CET 2014: 74: Solution found.
Sat Jan 25 17:47:58 CET 2014: 75: finished (7508ms, 500cycles)
Sat Jan 25 17:47:58 CET 2014: 75: No solution found.
Sat Jan 25 17:47:58 CET 2014: 76: finished (680ms, 14cycles)
Sat Jan 25 17:47:58 CET 2014: 76: Solution found.
Sat Jan 25 17:47:59 CET 2014: 77: finished (542ms, 9cycles)
Sat Jan 25 17:47:59 CET 2014: 77: Solution found.
Sat Jan 25 17:48:00 CET 2014: 78: finished (1320ms, 27cycles)
Sat Jan 25 17:48:00 CET 2014: 78: Solution found.
Sat Jan 25 17:48:06 CET 2014: 79: finished (5824ms, 209cycles)
Sat Jan 25 17:48:06 CET 2014: 79: Solution found.
Sat Jan 25 17:48:06 CET 2014: 80: finished (261ms, 15cycles)
Sat Jan 25 17:48:06 CET 2014: 80: Solution found.
Sat Jan 25 17:48:07 CET 2014: 81: finished (158ms, 9cycles)
Sat Jan 25 17:48:07 CET 2014: 81: Solution found.
Sat Jan 25 17:48:07 CET 2014: 82: finished (184ms, 11cycles)
Sat Jan 25 17:48:07 CET 2014: 82: Solution found.
Sat Jan 25 17:48:07 CET 2014: 83: finished (153ms, 8cycles)
Sat Jan 25 17:48:07 CET 2014: 83: Solution found.
Sat Jan 25 17:48:07 CET 2014: 84: finished (92ms, 4cycles)
Sat Jan 25 17:48:07 CET 2014: 84: Solution found.
Sat Jan 25 17:48:07 CET 2014: 85: finished (241ms, 14cycles)
Sat Jan 25 17:48:07 CET 2014: 85: Solution found.
Sat Jan 25 17:48:07 CET 2014: 86: finished (81ms, 4cycles)
Sat Jan 25 17:48:07 CET 2014: 86: Solution found.
Sat Jan 25 17:48:08 CET 2014: 87: finished (551ms, 33cycles)
Sat Jan 25 17:48:08 CET 2014: 87: Solution found.
Sat Jan 25 17:48:08 CET 2014: 88: finished (265ms, 14cycles)
Sat Jan 25 17:48:08 CET 2014: 88: Solution found.
Sat Jan 25 17:48:09 CET 2014: 89: finished (478ms, 28cycles)
Sat Jan 25 17:48:09 CET 2014: 89: Solution found.
Sat Jan 25 17:48:09 CET 2014: 90: finished (148ms, 8cycles)
Sat Jan 25 17:48:09 CET 2014: 90: Solution found.
Sat Jan 25 17:48:09 CET 2014: 91: finished (359ms, 22cycles)
Sat Jan 25 17:48:09 CET 2014: 91: Solution found.
Sat Jan 25 17:48:10 CET 2014: 92: finished (539ms, 34cycles)
Sat Jan 25 17:48:10 CET 2014: 92: Solution found.
Sat Jan 25 17:48:10 CET 2014: 93: finished (218ms, 12cycles)
Sat Jan 25 17:48:10 CET 2014: 93: Solution found.
Sat Jan 25 17:48:10 CET 2014: 94: finished (154ms, 8cycles)
Sat Jan 25 17:48:10 CET 2014: 94: Solution found.
Sat Jan 25 17:48:10 CET 2014: 95: finished (119ms, 6cycles)
Sat Jan 25 17:48:10 CET 2014: 95: Solution found.
Sat Jan 25 17:48:22 CET 2014: 96: finished (12308ms, 500cycles)
Sat Jan 25 17:48:22 CET 2014: 96: No solution found.
Sat Jan 25 17:48:23 CET 2014: 97: finished (240ms, 14cycles)
Sat Jan 25 17:48:23 CET 2014: 97: Solution found.
Sat Jan 25 17:48:23 CET 2014: 98: finished (195ms, 11cycles)
Sat Jan 25 17:48:23 CET 2014: 98: Solution found.
Sat Jan 25 17:48:23 CET 2014: 99: finished (503ms, 33cycles)
Sat Jan 25 17:48:23 CET 2014: 99: Solution found.
Sat Jan 25 17:48:23 CET 2014: Solution Found: 93
Sat Jan 25 17:48:23 CET 2014: Avg cycles: 16
Sat Jan 25 17:48:23 CET 2014: Max cycles: 209
Sat Jan 25 17:48:23 CET 2014: Min cycles: 3
Sat Jan 25 17:48:23 CET 2014: No solution found: 7
Sat Jan 25 17:48:23 CET 2014: logging finished. (runtime: 109206ms)
