Sat Jan 25 19:28:40 CET 2014: Problem Count: 250
Sat Jan 25 19:28:40 CET 2014: CandidatesCount: 200
Sat Jan 25 19:28:40 CET 2014: Max Cycles: 500
Sat Jan 25 19:28:40 CET 2014: 0: finished (697ms, 18cycles)
Sat Jan 25 19:28:40 CET 2014: 0: Solution found.
Sat Jan 25 19:28:42 CET 2014: 1: finished (1334ms, 14cycles)
Sat Jan 25 19:28:42 CET 2014: 1: Solution found.
Sat Jan 25 19:28:43 CET 2014: 2: finished (1275ms, 13cycles)
Sat Jan 25 19:28:43 CET 2014: 2: Solution found.
Sat Jan 25 19:28:44 CET 2014: 3: finished (943ms, 10cycles)
Sat Jan 25 19:28:44 CET 2014: 3: Solution found.
Sat Jan 25 19:28:45 CET 2014: 4: finished (1279ms, 13cycles)
Sat Jan 25 19:28:45 CET 2014: 4: Solution found.
Sat Jan 25 19:28:46 CET 2014: 5: finished (1228ms, 13cycles)
Sat Jan 25 19:28:46 CET 2014: 5: Solution found.
Sat Jan 25 19:28:47 CET 2014: 6: finished (144ms, 3cycles)
Sat Jan 25 19:28:47 CET 2014: 6: Solution found.
Sat Jan 25 19:28:47 CET 2014: 7: finished (339ms, 8cycles)
Sat Jan 25 19:28:47 CET 2014: 7: Solution found.
Sat Jan 25 19:28:47 CET 2014: 8: finished (451ms, 11cycles)
Sat Jan 25 19:28:47 CET 2014: 8: Solution found.
Sat Jan 25 19:28:48 CET 2014: 9: finished (514ms, 13cycles)
Sat Jan 25 19:28:48 CET 2014: 9: Solution found.
Sat Jan 25 19:28:48 CET 2014: 10: finished (421ms, 11cycles)
Sat Jan 25 19:28:48 CET 2014: 10: Solution found.
Sat Jan 25 19:28:49 CET 2014: 11: finished (602ms, 17cycles)
Sat Jan 25 19:28:49 CET 2014: 11: Solution found.
Sat Jan 25 19:28:50 CET 2014: 12: finished (946ms, 29cycles)
Sat Jan 25 19:28:50 CET 2014: 12: Solution found.
Sat Jan 25 19:28:50 CET 2014: 13: finished (514ms, 14cycles)
Sat Jan 25 19:28:50 CET 2014: 13: Solution found.
Sat Jan 25 19:28:51 CET 2014: 14: finished (518ms, 14cycles)
Sat Jan 25 19:28:51 CET 2014: 14: Solution found.
Sat Jan 25 19:28:52 CET 2014: 15: finished (1250ms, 39cycles)
Sat Jan 25 19:28:52 CET 2014: 15: Solution found.
Sat Jan 25 19:28:53 CET 2014: 16: finished (565ms, 17cycles)
Sat Jan 25 19:28:53 CET 2014: 16: Solution found.
Sat Jan 25 19:28:53 CET 2014: 17: finished (641ms, 20cycles)
Sat Jan 25 19:28:53 CET 2014: 17: Solution found.
Sat Jan 25 19:28:54 CET 2014: 18: finished (201ms, 5cycles)
Sat Jan 25 19:28:54 CET 2014: 18: Solution found.
Sat Jan 25 19:28:54 CET 2014: 19: finished (212ms, 5cycles)
Sat Jan 25 19:28:54 CET 2014: 19: Solution found.
Sat Jan 25 19:28:55 CET 2014: 20: finished (1273ms, 38cycles)
Sat Jan 25 19:28:55 CET 2014: 20: Solution found.
Sat Jan 25 19:28:55 CET 2014: 21: finished (356ms, 9cycles)
Sat Jan 25 19:28:55 CET 2014: 21: Solution found.
Sat Jan 25 19:28:56 CET 2014: 22: finished (501ms, 10cycles)
Sat Jan 25 19:28:56 CET 2014: 22: Solution found.
Sat Jan 25 19:29:21 CET 2014: 23: finished (25035ms, 500cycles)
Sat Jan 25 19:29:21 CET 2014: 23: No solution found.
Sat Jan 25 19:29:21 CET 2014: 24: finished (426ms, 12cycles)
Sat Jan 25 19:29:21 CET 2014: 24: Solution found.
Sat Jan 25 19:29:22 CET 2014: 25: finished (600ms, 15cycles)
Sat Jan 25 19:29:22 CET 2014: 25: Solution found.
Sat Jan 25 19:29:22 CET 2014: 26: finished (459ms, 13cycles)
Sat Jan 25 19:29:22 CET 2014: 26: Solution found.
Sat Jan 25 19:29:23 CET 2014: 27: finished (210ms, 6cycles)
Sat Jan 25 19:29:23 CET 2014: 27: Solution found.
Sat Jan 25 19:29:23 CET 2014: 28: finished (580ms, 18cycles)
Sat Jan 25 19:29:23 CET 2014: 28: Solution found.
Sat Jan 25 19:29:24 CET 2014: 29: finished (504ms, 15cycles)
Sat Jan 25 19:29:24 CET 2014: 29: Solution found.
Sat Jan 25 19:29:24 CET 2014: 30: finished (738ms, 21cycles)
Sat Jan 25 19:29:24 CET 2014: 30: Solution found.
Sat Jan 25 19:29:25 CET 2014: 31: finished (564ms, 16cycles)
Sat Jan 25 19:29:25 CET 2014: 31: Solution found.
Sat Jan 25 19:29:26 CET 2014: 32: finished (845ms, 25cycles)
Sat Jan 25 19:29:26 CET 2014: 32: Solution found.
Sat Jan 25 19:29:27 CET 2014: 33: finished (1074ms, 20cycles)
Sat Jan 25 19:29:27 CET 2014: 33: Solution found.
Sat Jan 25 19:29:28 CET 2014: 34: finished (842ms, 8cycles)
Sat Jan 25 19:29:28 CET 2014: 34: Solution found.
Sat Jan 25 19:29:29 CET 2014: 35: finished (1161ms, 12cycles)
Sat Jan 25 19:29:29 CET 2014: 35: Solution found.
Sat Jan 25 19:29:29 CET 2014: 36: finished (280ms, 2cycles)
Sat Jan 25 19:29:29 CET 2014: 36: Solution found.
Sat Jan 25 19:29:32 CET 2014: 37: finished (2946ms, 31cycles)
Sat Jan 25 19:29:32 CET 2014: 37: Solution found.
Sat Jan 25 19:29:33 CET 2014: 38: finished (611ms, 11cycles)
Sat Jan 25 19:29:33 CET 2014: 38: Solution found.
Sat Jan 25 19:29:33 CET 2014: 39: finished (484ms, 14cycles)
Sat Jan 25 19:29:33 CET 2014: 39: Solution found.
Sat Jan 25 19:29:34 CET 2014: 40: finished (363ms, 11cycles)
Sat Jan 25 19:29:34 CET 2014: 40: Solution found.
Sat Jan 25 19:29:34 CET 2014: 41: finished (482ms, 13cycles)
Sat Jan 25 19:29:34 CET 2014: 41: Solution found.
Sat Jan 25 19:29:35 CET 2014: 42: finished (592ms, 17cycles)
Sat Jan 25 19:29:35 CET 2014: 42: Solution found.
Sat Jan 25 19:29:35 CET 2014: 43: finished (333ms, 9cycles)
Sat Jan 25 19:29:35 CET 2014: 43: Solution found.
Sat Jan 25 19:29:35 CET 2014: 44: finished (391ms, 12cycles)
Sat Jan 25 19:29:35 CET 2014: 44: Solution found.
Sat Jan 25 19:29:36 CET 2014: 45: finished (688ms, 21cycles)
Sat Jan 25 19:29:36 CET 2014: 45: Solution found.
Sat Jan 25 19:29:36 CET 2014: 46: finished (304ms, 9cycles)
Sat Jan 25 19:29:36 CET 2014: 46: Solution found.
Sat Jan 25 19:29:37 CET 2014: 47: finished (624ms, 19cycles)
Sat Jan 25 19:29:37 CET 2014: 47: Solution found.
Sat Jan 25 19:29:37 CET 2014: 48: finished (184ms, 5cycles)
Sat Jan 25 19:29:37 CET 2014: 48: Solution found.
Sat Jan 25 19:29:58 CET 2014: 49: finished (20916ms, 500cycles)
Sat Jan 25 19:29:58 CET 2014: 49: No solution found.
Sat Jan 25 19:29:58 CET 2014: 50: finished (209ms, 1cycles)
Sat Jan 25 19:29:58 CET 2014: 50: Solution found.
Sat Jan 25 19:29:59 CET 2014: 51: finished (1091ms, 8cycles)
Sat Jan 25 19:29:59 CET 2014: 51: Solution found.
Sat Jan 25 19:30:01 CET 2014: 52: finished (2002ms, 15cycles)
Sat Jan 25 19:30:01 CET 2014: 52: Solution found.
Sat Jan 25 19:30:03 CET 2014: 53: finished (1653ms, 17cycles)
Sat Jan 25 19:30:03 CET 2014: 53: Solution found.
Sat Jan 25 19:30:04 CET 2014: 54: finished (475ms, 10cycles)
Sat Jan 25 19:30:04 CET 2014: 54: Solution found.
Sat Jan 25 19:30:04 CET 2014: 55: finished (225ms, 6cycles)
Sat Jan 25 19:30:04 CET 2014: 55: Solution found.
Sat Jan 25 19:30:04 CET 2014: 56: finished (313ms, 9cycles)
Sat Jan 25 19:30:04 CET 2014: 56: Solution found.
Sat Jan 25 19:30:04 CET 2014: 57: finished (342ms, 9cycles)
Sat Jan 25 19:30:04 CET 2014: 57: Solution found.
Sat Jan 25 19:30:05 CET 2014: 58: finished (161ms, 4cycles)
Sat Jan 25 19:30:05 CET 2014: 58: Solution found.
Sat Jan 25 19:30:05 CET 2014: 59: finished (387ms, 11cycles)
Sat Jan 25 19:30:05 CET 2014: 59: Solution found.
Sat Jan 25 19:30:05 CET 2014: 60: finished (408ms, 12cycles)
Sat Jan 25 19:30:05 CET 2014: 60: Solution found.
Sat Jan 25 19:30:06 CET 2014: 61: finished (203ms, 5cycles)
Sat Jan 25 19:30:06 CET 2014: 61: Solution found.
Sat Jan 25 19:30:06 CET 2014: 62: finished (421ms, 13cycles)
Sat Jan 25 19:30:06 CET 2014: 62: Solution found.
Sat Jan 25 19:30:06 CET 2014: 63: finished (280ms, 8cycles)
Sat Jan 25 19:30:06 CET 2014: 63: Solution found.
Sat Jan 25 19:30:07 CET 2014: 64: finished (272ms, 7cycles)
Sat Jan 25 19:30:07 CET 2014: 64: Solution found.
Sat Jan 25 19:30:07 CET 2014: 65: finished (797ms, 24cycles)
Sat Jan 25 19:30:07 CET 2014: 65: Solution found.
Sat Jan 25 19:30:08 CET 2014: 66: finished (462ms, 13cycles)
Sat Jan 25 19:30:08 CET 2014: 66: Solution found.
Sat Jan 25 19:30:08 CET 2014: 67: finished (651ms, 19cycles)
Sat Jan 25 19:30:08 CET 2014: 67: Solution found.
Sat Jan 25 19:30:09 CET 2014: 68: finished (256ms, 7cycles)
Sat Jan 25 19:30:09 CET 2014: 68: Solution found.
Sat Jan 25 19:30:09 CET 2014: 69: finished (463ms, 14cycles)
Sat Jan 25 19:30:09 CET 2014: 69: Solution found.
Sat Jan 25 19:30:52 CET 2014: 70: finished (43110ms, 500cycles)
Sat Jan 25 19:30:52 CET 2014: 70: No solution found.
Sat Jan 25 19:30:54 CET 2014: 71: finished (1355ms, 13cycles)
Sat Jan 25 19:30:54 CET 2014: 71: Solution found.
Sat Jan 25 19:30:55 CET 2014: 72: finished (1020ms, 9cycles)
Sat Jan 25 19:30:55 CET 2014: 72: Solution found.
Sat Jan 25 19:30:59 CET 2014: 73: finished (4751ms, 54cycles)
Sat Jan 25 19:30:59 CET 2014: 73: Solution found.
Sat Jan 25 19:31:00 CET 2014: 74: finished (1068ms, 10cycles)
Sat Jan 25 19:31:00 CET 2014: 74: Solution found.
Sat Jan 25 19:31:02 CET 2014: 75: finished (1547ms, 16cycles)
Sat Jan 25 19:31:02 CET 2014: 75: Solution found.
Sat Jan 25 19:31:05 CET 2014: 76: finished (2954ms, 32cycles)
Sat Jan 25 19:31:05 CET 2014: 76: Solution found.
Sat Jan 25 19:31:08 CET 2014: 77: finished (2552ms, 28cycles)
Sat Jan 25 19:31:08 CET 2014: 77: Solution found.
Sat Jan 25 19:31:09 CET 2014: 78: finished (1928ms, 19cycles)
Sat Jan 25 19:31:09 CET 2014: 78: Solution found.
Sat Jan 25 19:31:11 CET 2014: 79: finished (1679ms, 17cycles)
Sat Jan 25 19:31:11 CET 2014: 79: Solution found.
Sat Jan 25 19:31:11 CET 2014: 80: finished (219ms, 1cycles)
Sat Jan 25 19:31:11 CET 2014: 80: Solution found.
Sat Jan 25 19:31:13 CET 2014: 81: finished (1177ms, 12cycles)
Sat Jan 25 19:31:13 CET 2014: 81: Solution found.
Sat Jan 25 19:31:13 CET 2014: 82: finished (863ms, 9cycles)
Sat Jan 25 19:31:13 CET 2014: 82: Solution found.
Sat Jan 25 19:31:15 CET 2014: 83: finished (1252ms, 12cycles)
Sat Jan 25 19:31:15 CET 2014: 83: Solution found.
Sat Jan 25 19:31:17 CET 2014: 84: finished (2072ms, 22cycles)
Sat Jan 25 19:31:17 CET 2014: 84: Solution found.
Sat Jan 25 19:31:18 CET 2014: 85: finished (1248ms, 13cycles)
Sat Jan 25 19:31:18 CET 2014: 85: Solution found.
Sat Jan 25 19:31:18 CET 2014: 86: finished (355ms, 3cycles)
Sat Jan 25 19:31:18 CET 2014: 86: Solution found.
Sat Jan 25 19:31:19 CET 2014: 87: finished (842ms, 10cycles)
Sat Jan 25 19:31:19 CET 2014: 87: Solution found.
Sat Jan 25 19:31:20 CET 2014: 88: finished (837ms, 10cycles)
Sat Jan 25 19:31:20 CET 2014: 88: Solution found.
Sat Jan 25 19:31:21 CET 2014: 89: finished (1143ms, 12cycles)
Sat Jan 25 19:31:21 CET 2014: 89: Solution found.
Sat Jan 25 19:31:24 CET 2014: 90: finished (2335ms, 27cycles)
Sat Jan 25 19:31:24 CET 2014: 90: Solution found.
Sat Jan 25 19:31:24 CET 2014: 91: finished (445ms, 4cycles)
Sat Jan 25 19:31:24 CET 2014: 91: Solution found.
Sat Jan 25 19:31:25 CET 2014: 92: finished (1195ms, 14cycles)
Sat Jan 25 19:31:25 CET 2014: 92: Solution found.
Sat Jan 25 19:31:26 CET 2014: 93: finished (924ms, 10cycles)
Sat Jan 25 19:31:26 CET 2014: 93: Solution found.
Sat Jan 25 19:31:27 CET 2014: 94: finished (1160ms, 12cycles)
Sat Jan 25 19:31:27 CET 2014: 94: Solution found.
Sat Jan 25 19:31:31 CET 2014: 95: finished (3469ms, 39cycles)
Sat Jan 25 19:31:31 CET 2014: 95: Solution found.
Sat Jan 25 19:31:32 CET 2014: 96: finished (1068ms, 10cycles)
Sat Jan 25 19:31:32 CET 2014: 96: Solution found.
Sat Jan 25 19:31:34 CET 2014: 97: finished (1841ms, 19cycles)
Sat Jan 25 19:31:34 CET 2014: 97: Solution found.
Sat Jan 25 19:31:34 CET 2014: 98: finished (309ms, 2cycles)
Sat Jan 25 19:31:34 CET 2014: 98: Solution found.
Sat Jan 25 19:31:34 CET 2014: 99: finished (235ms, 1cycles)
Sat Jan 25 19:31:34 CET 2014: 99: Solution found.
Sat Jan 25 19:31:34 CET 2014: Solution Found: 97
Sat Jan 25 19:31:34 CET 2014: Avg cycles: 13
Sat Jan 25 19:31:34 CET 2014: Max cycles: 54
Sat Jan 25 19:31:34 CET 2014: Min cycles: 1
Sat Jan 25 19:31:34 CET 2014: No solution found: 3
Sat Jan 25 19:31:34 CET 2014: logging finished. (runtime: 174501ms)
