Sat Jan 25 22:47:06 CET 2014: Problem Count: 100
Sat Jan 25 22:47:06 CET 2014: CandidatesCount: 50
Sat Jan 25 22:47:06 CET 2014: Max Cycles: 500
Sat Jan 25 22:47:06 CET 2014: 0: finished (20ms, 10cycles)
Sat Jan 25 22:47:06 CET 2014: 0: Solution found.
Sat Jan 25 22:47:06 CET 2014: 1: finished (4ms, 1cycles)
Sat Jan 25 22:47:06 CET 2014: 1: Solution found.
Sat Jan 25 22:47:06 CET 2014: 2: finished (47ms, 27cycles)
Sat Jan 25 22:47:06 CET 2014: 2: Solution found.
Sat Jan 25 22:47:06 CET 2014: 3: finished (32ms, 17cycles)
Sat Jan 25 22:47:06 CET 2014: 3: Solution found.
Sat Jan 25 22:47:06 CET 2014: 4: finished (802ms, 500cycles)
Sat Jan 25 22:47:06 CET 2014: 4: No solution found.
Sat Jan 25 22:47:07 CET 2014: 5: finished (34ms, 18cycles)
Sat Jan 25 22:47:07 CET 2014: 5: Solution found.
Sat Jan 25 22:47:07 CET 2014: 6: finished (768ms, 500cycles)
Sat Jan 25 22:47:07 CET 2014: 6: No solution found.
Sat Jan 25 22:47:08 CET 2014: 7: finished (783ms, 500cycles)
Sat Jan 25 22:47:08 CET 2014: 7: No solution found.
Sat Jan 25 22:47:08 CET 2014: 8: finished (28ms, 15cycles)
Sat Jan 25 22:47:08 CET 2014: 8: Solution found.
Sat Jan 25 22:47:08 CET 2014: 9: finished (65ms, 34cycles)
Sat Jan 25 22:47:08 CET 2014: 9: Solution found.
Sat Jan 25 22:47:09 CET 2014: 10: finished (806ms, 500cycles)
Sat Jan 25 22:47:09 CET 2014: 10: No solution found.
Sat Jan 25 22:47:10 CET 2014: 11: finished (793ms, 500cycles)
Sat Jan 25 22:47:10 CET 2014: 11: No solution found.
Sat Jan 25 22:47:11 CET 2014: 12: finished (1457ms, 500cycles)
Sat Jan 25 22:47:11 CET 2014: 12: No solution found.
Sat Jan 25 22:47:11 CET 2014: 13: finished (249ms, 50cycles)
Sat Jan 25 22:47:11 CET 2014: 13: Solution found.
Sat Jan 25 22:47:12 CET 2014: 14: finished (223ms, 40cycles)
Sat Jan 25 22:47:12 CET 2014: 14: Solution found.
Sat Jan 25 22:47:12 CET 2014: 15: finished (21ms, 3cycles)
Sat Jan 25 22:47:12 CET 2014: 15: Solution found.
Sat Jan 25 22:47:12 CET 2014: 16: finished (110ms, 19cycles)
Sat Jan 25 22:47:12 CET 2014: 16: Solution found.
Sat Jan 25 22:47:12 CET 2014: 17: finished (45ms, 7cycles)
Sat Jan 25 22:47:12 CET 2014: 17: Solution found.
Sat Jan 25 22:47:12 CET 2014: 18: finished (151ms, 28cycles)
Sat Jan 25 22:47:12 CET 2014: 18: Solution found.
Sat Jan 25 22:47:14 CET 2014: 19: finished (2341ms, 500cycles)
Sat Jan 25 22:47:14 CET 2014: 19: No solution found.
Sat Jan 25 22:47:15 CET 2014: 20: finished (377ms, 69cycles)
Sat Jan 25 22:47:15 CET 2014: 20: Solution found.
Sat Jan 25 22:47:15 CET 2014: 21: finished (34ms, 6cycles)
Sat Jan 25 22:47:15 CET 2014: 21: Solution found.
Sat Jan 25 22:47:17 CET 2014: 22: finished (1891ms, 500cycles)
Sat Jan 25 22:47:17 CET 2014: 22: No solution found.
Sat Jan 25 22:47:17 CET 2014: 23: finished (150ms, 80cycles)
Sat Jan 25 22:47:17 CET 2014: 23: Solution found.
Sat Jan 25 22:47:18 CET 2014: 24: finished (889ms, 500cycles)
Sat Jan 25 22:47:18 CET 2014: 24: No solution found.
Sat Jan 25 22:47:18 CET 2014: 25: finished (16ms, 8cycles)
Sat Jan 25 22:47:18 CET 2014: 25: Solution found.
Sat Jan 25 22:47:19 CET 2014: 26: finished (845ms, 500cycles)
Sat Jan 25 22:47:19 CET 2014: 26: No solution found.
Sat Jan 25 22:47:19 CET 2014: 27: finished (22ms, 12cycles)
Sat Jan 25 22:47:19 CET 2014: 27: Solution found.
Sat Jan 25 22:47:19 CET 2014: 28: finished (818ms, 500cycles)
Sat Jan 25 22:47:19 CET 2014: 28: No solution found.
Sat Jan 25 22:47:19 CET 2014: 29: finished (49ms, 27cycles)
Sat Jan 25 22:47:19 CET 2014: 29: Solution found.
Sat Jan 25 22:47:19 CET 2014: 30: finished (17ms, 9cycles)
Sat Jan 25 22:47:19 CET 2014: 30: Solution found.
Sat Jan 25 22:47:20 CET 2014: 31: finished (26ms, 14cycles)
Sat Jan 25 22:47:20 CET 2014: 31: Solution found.
Sat Jan 25 22:47:20 CET 2014: 32: finished (56ms, 31cycles)
Sat Jan 25 22:47:20 CET 2014: 32: Solution found.
Sat Jan 25 22:47:20 CET 2014: 33: finished (37ms, 21cycles)
Sat Jan 25 22:47:20 CET 2014: 33: Solution found.
Sat Jan 25 22:47:20 CET 2014: 34: finished (22ms, 9cycles)
Sat Jan 25 22:47:20 CET 2014: 34: Solution found.
Sat Jan 25 22:47:20 CET 2014: 35: finished (765ms, 500cycles)
Sat Jan 25 22:47:20 CET 2014: 35: No solution found.
Sat Jan 25 22:47:21 CET 2014: 36: finished (786ms, 500cycles)
Sat Jan 25 22:47:21 CET 2014: 36: No solution found.
Sat Jan 25 22:47:22 CET 2014: 37: finished (822ms, 500cycles)
Sat Jan 25 22:47:22 CET 2014: 37: No solution found.
Sat Jan 25 22:47:22 CET 2014: 38: finished (29ms, 15cycles)
Sat Jan 25 22:47:22 CET 2014: 38: Solution found.
Sat Jan 25 22:47:22 CET 2014: 39: finished (14ms, 7cycles)
Sat Jan 25 22:47:22 CET 2014: 39: Solution found.
Sat Jan 25 22:47:22 CET 2014: 40: finished (85ms, 49cycles)
Sat Jan 25 22:47:22 CET 2014: 40: Solution found.
Sat Jan 25 22:47:23 CET 2014: 41: finished (781ms, 500cycles)
Sat Jan 25 22:47:23 CET 2014: 41: No solution found.
Sat Jan 25 22:47:24 CET 2014: 42: finished (753ms, 500cycles)
Sat Jan 25 22:47:24 CET 2014: 42: No solution found.
Sat Jan 25 22:47:24 CET 2014: 43: finished (13ms, 6cycles)
Sat Jan 25 22:47:24 CET 2014: 43: Solution found.
Sat Jan 25 22:47:24 CET 2014: 44: finished (796ms, 500cycles)
Sat Jan 25 22:47:24 CET 2014: 44: No solution found.
Sat Jan 25 22:47:25 CET 2014: 45: finished (853ms, 500cycles)
Sat Jan 25 22:47:25 CET 2014: 45: No solution found.
Sat Jan 25 22:47:25 CET 2014: 46: finished (60ms, 32cycles)
Sat Jan 25 22:47:25 CET 2014: 46: Solution found.
Sat Jan 25 22:47:25 CET 2014: 47: finished (66ms, 39cycles)
Sat Jan 25 22:47:25 CET 2014: 47: Solution found.
Sat Jan 25 22:47:28 CET 2014: 48: finished (2218ms, 500cycles)
Sat Jan 25 22:47:28 CET 2014: 48: No solution found.
Sat Jan 25 22:47:28 CET 2014: 49: finished (122ms, 21cycles)
Sat Jan 25 22:47:28 CET 2014: 49: Solution found.
Sat Jan 25 22:47:28 CET 2014: 50: finished (16ms, 2cycles)
Sat Jan 25 22:47:28 CET 2014: 50: Solution found.
Sat Jan 25 22:47:30 CET 2014: 51: finished (2322ms, 500cycles)
Sat Jan 25 22:47:30 CET 2014: 51: No solution found.
Sat Jan 25 22:47:32 CET 2014: 52: finished (1886ms, 500cycles)
Sat Jan 25 22:47:32 CET 2014: 52: No solution found.
Sat Jan 25 22:47:32 CET 2014: 53: finished (34ms, 19cycles)
Sat Jan 25 22:47:32 CET 2014: 53: Solution found.
Sat Jan 25 22:47:33 CET 2014: 54: finished (837ms, 500cycles)
Sat Jan 25 22:47:33 CET 2014: 54: No solution found.
Sat Jan 25 22:47:33 CET 2014: 55: finished (29ms, 15cycles)
Sat Jan 25 22:47:33 CET 2014: 55: Solution found.
Sat Jan 25 22:47:33 CET 2014: 56: finished (53ms, 29cycles)
Sat Jan 25 22:47:33 CET 2014: 56: Solution found.
Sat Jan 25 22:47:33 CET 2014: 57: finished (156ms, 87cycles)
Sat Jan 25 22:47:33 CET 2014: 57: Solution found.
Sat Jan 25 22:47:33 CET 2014: 58: finished (33ms, 18cycles)
Sat Jan 25 22:47:33 CET 2014: 58: Solution found.
Sat Jan 25 22:47:33 CET 2014: 59: finished (32ms, 16cycles)
Sat Jan 25 22:47:33 CET 2014: 59: Solution found.
Sat Jan 25 22:47:33 CET 2014: 60: finished (33ms, 17cycles)
Sat Jan 25 22:47:33 CET 2014: 60: Solution found.
Sat Jan 25 22:47:33 CET 2014: 61: finished (63ms, 36cycles)
Sat Jan 25 22:47:33 CET 2014: 61: Solution found.
Sat Jan 25 22:47:34 CET 2014: 62: finished (857ms, 500cycles)
Sat Jan 25 22:47:34 CET 2014: 62: No solution found.
Sat Jan 25 22:47:35 CET 2014: 63: finished (848ms, 500cycles)
Sat Jan 25 22:47:35 CET 2014: 63: No solution found.
Sat Jan 25 22:47:35 CET 2014: 64: finished (36ms, 20cycles)
Sat Jan 25 22:47:35 CET 2014: 64: Solution found.
Sat Jan 25 22:47:35 CET 2014: 65: finished (42ms, 21cycles)
Sat Jan 25 22:47:35 CET 2014: 65: Solution found.
Sat Jan 25 22:47:35 CET 2014: 66: finished (75ms, 40cycles)
Sat Jan 25 22:47:35 CET 2014: 66: Solution found.
Sat Jan 25 22:47:35 CET 2014: 67: finished (24ms, 11cycles)
Sat Jan 25 22:47:35 CET 2014: 67: Solution found.
Sat Jan 25 22:47:36 CET 2014: 68: finished (806ms, 500cycles)
Sat Jan 25 22:47:36 CET 2014: 68: No solution found.
Sat Jan 25 22:47:36 CET 2014: 69: finished (18ms, 9cycles)
Sat Jan 25 22:47:36 CET 2014: 69: Solution found.
Sat Jan 25 22:47:37 CET 2014: 70: finished (805ms, 500cycles)
Sat Jan 25 22:47:37 CET 2014: 70: No solution found.
Sat Jan 25 22:47:38 CET 2014: 71: finished (861ms, 500cycles)
Sat Jan 25 22:47:38 CET 2014: 71: No solution found.
Sat Jan 25 22:47:38 CET 2014: 72: finished (19ms, 10cycles)
Sat Jan 25 22:47:38 CET 2014: 72: Solution found.
Sat Jan 25 22:47:38 CET 2014: 73: finished (69ms, 41cycles)
Sat Jan 25 22:47:38 CET 2014: 73: Solution found.
Sat Jan 25 22:47:38 CET 2014: 74: finished (43ms, 23cycles)
Sat Jan 25 22:47:38 CET 2014: 74: Solution found.
Sat Jan 25 22:47:38 CET 2014: 75: finished (63ms, 36cycles)
Sat Jan 25 22:47:38 CET 2014: 75: Solution found.
Sat Jan 25 22:47:38 CET 2014: 76: finished (37ms, 19cycles)
Sat Jan 25 22:47:38 CET 2014: 76: Solution found.
Sat Jan 25 22:47:38 CET 2014: 77: finished (112ms, 61cycles)
Sat Jan 25 22:47:38 CET 2014: 77: Solution found.
Sat Jan 25 22:47:38 CET 2014: 78: finished (39ms, 22cycles)
Sat Jan 25 22:47:38 CET 2014: 78: Solution found.
Sat Jan 25 22:47:38 CET 2014: 79: finished (7ms, 3cycles)
Sat Jan 25 22:47:38 CET 2014: 79: Solution found.
Sat Jan 25 22:47:38 CET 2014: 80: finished (34ms, 17cycles)
Sat Jan 25 22:47:38 CET 2014: 80: Solution found.
Sat Jan 25 22:47:39 CET 2014: 81: finished (793ms, 500cycles)
Sat Jan 25 22:47:39 CET 2014: 81: No solution found.
Sat Jan 25 22:47:39 CET 2014: 82: finished (39ms, 21cycles)
Sat Jan 25 22:47:39 CET 2014: 82: Solution found.
Sat Jan 25 22:47:39 CET 2014: 83: finished (75ms, 40cycles)
Sat Jan 25 22:47:39 CET 2014: 83: Solution found.
Sat Jan 25 22:47:40 CET 2014: 84: finished (807ms, 500cycles)
Sat Jan 25 22:47:40 CET 2014: 84: No solution found.
Sat Jan 25 22:47:40 CET 2014: 85: finished (14ms, 7cycles)
Sat Jan 25 22:47:40 CET 2014: 85: Solution found.
Sat Jan 25 22:47:40 CET 2014: 86: finished (73ms, 43cycles)
Sat Jan 25 22:47:40 CET 2014: 86: Solution found.
Sat Jan 25 22:47:40 CET 2014: 87: finished (15ms, 8cycles)
Sat Jan 25 22:47:40 CET 2014: 87: Solution found.
Sat Jan 25 22:47:40 CET 2014: 88: finished (39ms, 22cycles)
Sat Jan 25 22:47:40 CET 2014: 88: Solution found.
Sat Jan 25 22:47:40 CET 2014: 89: finished (101ms, 52cycles)
Sat Jan 25 22:47:40 CET 2014: 89: Solution found.
Sat Jan 25 22:47:40 CET 2014: 90: finished (42ms, 19cycles)
Sat Jan 25 22:47:40 CET 2014: 90: Solution found.
Sat Jan 25 22:47:40 CET 2014: 91: finished (90ms, 42cycles)
Sat Jan 25 22:47:40 CET 2014: 91: Solution found.
Sat Jan 25 22:47:40 CET 2014: 92: finished (86ms, 46cycles)
Sat Jan 25 22:47:40 CET 2014: 92: Solution found.
Sat Jan 25 22:47:41 CET 2014: 93: finished (1193ms, 500cycles)
Sat Jan 25 22:47:41 CET 2014: 93: No solution found.
Sat Jan 25 22:47:44 CET 2014: 94: finished (2430ms, 500cycles)
Sat Jan 25 22:47:44 CET 2014: 94: No solution found.
Sat Jan 25 22:47:46 CET 2014: 95: finished (2248ms, 500cycles)
Sat Jan 25 22:47:46 CET 2014: 95: No solution found.
Sat Jan 25 22:47:46 CET 2014: 96: finished (130ms, 25cycles)
Sat Jan 25 22:47:46 CET 2014: 96: Solution found.
Sat Jan 25 22:47:47 CET 2014: 97: finished (460ms, 87cycles)
Sat Jan 25 22:47:47 CET 2014: 97: Solution found.
Sat Jan 25 22:47:47 CET 2014: 98: finished (12ms, 1cycles)
Sat Jan 25 22:47:47 CET 2014: 98: Solution found.
Sat Jan 25 22:47:47 CET 2014: 99: finished (39ms, 7cycles)
Sat Jan 25 22:47:47 CET 2014: 99: Solution found.
Sat Jan 25 22:47:47 CET 2014: Solution Found: 68
Sat Jan 25 22:47:47 CET 2014: Avg cycles: 25
Sat Jan 25 22:47:47 CET 2014: Max cycles: 87
Sat Jan 25 22:47:47 CET 2014: Min cycles: 1
Sat Jan 25 22:47:47 CET 2014: No solution found: 32
Sat Jan 25 22:47:47 CET 2014: logging finished. (runtime: 41199ms)
