Sun Jan 26 01:28:17 CET 2014: Problem Count: 200
Sun Jan 26 01:28:17 CET 2014: CandidatesCount: 50
Sun Jan 26 01:28:17 CET 2014: Max Cycles: 500
Sun Jan 26 01:28:17 CET 2014: 0: finished (142ms, 24cycles)
Sun Jan 26 01:28:17 CET 2014: 0: Solution found.
Sun Jan 26 01:28:18 CET 2014: 1: finished (150ms, 26cycles)
Sun Jan 26 01:28:18 CET 2014: 1: Solution found.
Sun Jan 26 01:28:18 CET 2014: 2: finished (58ms, 9cycles)
Sun Jan 26 01:28:18 CET 2014: 2: Solution found.
Sun Jan 26 01:28:18 CET 2014: 3: finished (141ms, 21cycles)
Sun Jan 26 01:28:18 CET 2014: 3: Solution found.
Sun Jan 26 01:28:20 CET 2014: 4: finished (2473ms, 500cycles)
Sun Jan 26 01:28:20 CET 2014: 4: No solution found.
Sun Jan 26 01:28:20 CET 2014: 5: finished (156ms, 23cycles)
Sun Jan 26 01:28:20 CET 2014: 5: Solution found.
Sun Jan 26 01:28:21 CET 2014: 6: finished (153ms, 23cycles)
Sun Jan 26 01:28:21 CET 2014: 6: Solution found.
Sun Jan 26 01:28:21 CET 2014: 7: finished (36ms, 6cycles)
Sun Jan 26 01:28:21 CET 2014: 7: Solution found.
Sun Jan 26 01:28:24 CET 2014: 8: finished (3305ms, 500cycles)
Sun Jan 26 01:28:24 CET 2014: 8: No solution found.
Sun Jan 26 01:28:24 CET 2014: 9: finished (441ms, 23cycles)
Sun Jan 26 01:28:24 CET 2014: 9: Solution found.
Sun Jan 26 01:28:30 CET 2014: 10: finished (5681ms, 500cycles)
Sun Jan 26 01:28:30 CET 2014: 10: No solution found.
Sun Jan 26 01:28:30 CET 2014: 11: finished (168ms, 25cycles)
Sun Jan 26 01:28:30 CET 2014: 11: Solution found.
Sun Jan 26 01:28:33 CET 2014: 12: finished (2554ms, 500cycles)
Sun Jan 26 01:28:33 CET 2014: 12: No solution found.
Sun Jan 26 01:28:35 CET 2014: 13: finished (2482ms, 500cycles)
Sun Jan 26 01:28:35 CET 2014: 13: No solution found.
Sun Jan 26 01:28:35 CET 2014: 14: finished (119ms, 20cycles)
Sun Jan 26 01:28:35 CET 2014: 14: Solution found.
Sun Jan 26 01:28:35 CET 2014: 15: finished (158ms, 24cycles)
Sun Jan 26 01:28:35 CET 2014: 15: Solution found.
Sun Jan 26 01:28:38 CET 2014: 16: finished (2540ms, 500cycles)
Sun Jan 26 01:28:38 CET 2014: 16: No solution found.
Sun Jan 26 01:28:38 CET 2014: 17: finished (334ms, 27cycles)
Sun Jan 26 01:28:38 CET 2014: 17: Solution found.
Sun Jan 26 01:28:38 CET 2014: 18: finished (95ms, 5cycles)
Sun Jan 26 01:28:38 CET 2014: 18: Solution found.
Sun Jan 26 01:28:45 CET 2014: 19: finished (6231ms, 500cycles)
Sun Jan 26 01:28:45 CET 2014: 19: No solution found.
Sun Jan 26 01:28:45 CET 2014: 20: finished (183ms, 26cycles)
Sun Jan 26 01:28:45 CET 2014: 20: Solution found.
Sun Jan 26 01:28:45 CET 2014: 21: finished (195ms, 33cycles)
Sun Jan 26 01:28:45 CET 2014: 21: Solution found.
Sun Jan 26 01:28:48 CET 2014: 22: finished (2619ms, 500cycles)
Sun Jan 26 01:28:48 CET 2014: 22: No solution found.
Sun Jan 26 01:28:48 CET 2014: 23: finished (102ms, 18cycles)
Sun Jan 26 01:28:48 CET 2014: 23: Solution found.
Sun Jan 26 01:28:50 CET 2014: 24: finished (2501ms, 500cycles)
Sun Jan 26 01:28:50 CET 2014: 24: No solution found.
Sun Jan 26 01:28:53 CET 2014: 25: finished (2481ms, 500cycles)
Sun Jan 26 01:28:53 CET 2014: 25: No solution found.
Sun Jan 26 01:28:53 CET 2014: 26: finished (151ms, 24cycles)
Sun Jan 26 01:28:53 CET 2014: 26: Solution found.
Sun Jan 26 01:28:53 CET 2014: 27: finished (209ms, 32cycles)
Sun Jan 26 01:28:53 CET 2014: 27: Solution found.
Sun Jan 26 01:28:53 CET 2014: 28: finished (239ms, 40cycles)
Sun Jan 26 01:28:53 CET 2014: 28: Solution found.
Sun Jan 26 01:29:00 CET 2014: 29: finished (6181ms, 500cycles)
Sun Jan 26 01:29:00 CET 2014: 29: No solution found.
Sun Jan 26 01:29:02 CET 2014: 30: finished (2437ms, 500cycles)
Sun Jan 26 01:29:02 CET 2014: 30: No solution found.
Sun Jan 26 01:29:02 CET 2014: 31: finished (151ms, 21cycles)
Sun Jan 26 01:29:02 CET 2014: 31: Solution found.
Sun Jan 26 01:29:02 CET 2014: 32: finished (132ms, 24cycles)
Sun Jan 26 01:29:02 CET 2014: 32: Solution found.
Sun Jan 26 01:29:02 CET 2014: 33: finished (206ms, 37cycles)
Sun Jan 26 01:29:02 CET 2014: 33: Solution found.
Sun Jan 26 01:29:03 CET 2014: 34: finished (43ms, 6cycles)
Sun Jan 26 01:29:03 CET 2014: 34: Solution found.
Sun Jan 26 01:29:03 CET 2014: 35: finished (74ms, 10cycles)
Sun Jan 26 01:29:03 CET 2014: 35: Solution found.
Sun Jan 26 01:29:05 CET 2014: 36: finished (2522ms, 500cycles)
Sun Jan 26 01:29:05 CET 2014: 36: No solution found.
Sun Jan 26 01:29:05 CET 2014: 37: finished (63ms, 9cycles)
Sun Jan 26 01:29:05 CET 2014: 37: Solution found.
Sun Jan 26 01:29:05 CET 2014: 38: finished (159ms, 26cycles)
Sun Jan 26 01:29:05 CET 2014: 38: Solution found.
Sun Jan 26 01:29:08 CET 2014: 39: finished (2771ms, 500cycles)
Sun Jan 26 01:29:08 CET 2014: 39: No solution found.
Sun Jan 26 01:29:08 CET 2014: 40: finished (163ms, 30cycles)
Sun Jan 26 01:29:08 CET 2014: 40: Solution found.
Sun Jan 26 01:29:14 CET 2014: 41: finished (6064ms, 500cycles)
Sun Jan 26 01:29:14 CET 2014: 41: No solution found.
Sun Jan 26 01:29:15 CET 2014: 42: finished (164ms, 8cycles)
Sun Jan 26 01:29:15 CET 2014: 42: Solution found.
Sun Jan 26 01:29:15 CET 2014: 43: finished (449ms, 30cycles)
Sun Jan 26 01:29:15 CET 2014: 43: Solution found.
Sun Jan 26 01:29:18 CET 2014: 44: finished (2872ms, 500cycles)
Sun Jan 26 01:29:18 CET 2014: 44: No solution found.
Sun Jan 26 01:29:21 CET 2014: 45: finished (2768ms, 500cycles)
Sun Jan 26 01:29:21 CET 2014: 45: No solution found.
Sun Jan 26 01:29:23 CET 2014: 46: finished (2436ms, 500cycles)
Sun Jan 26 01:29:23 CET 2014: 46: No solution found.
Sun Jan 26 01:29:23 CET 2014: 47: finished (133ms, 25cycles)
Sun Jan 26 01:29:23 CET 2014: 47: Solution found.
Sun Jan 26 01:29:23 CET 2014: 48: finished (182ms, 32cycles)
Sun Jan 26 01:29:23 CET 2014: 48: Solution found.
Sun Jan 26 01:29:23 CET 2014: 49: finished (63ms, 11cycles)
Sun Jan 26 01:29:23 CET 2014: 49: Solution found.
Sun Jan 26 01:29:29 CET 2014: 50: finished (5893ms, 500cycles)
Sun Jan 26 01:29:29 CET 2014: 50: No solution found.
Sun Jan 26 01:29:29 CET 2014: 51: finished (167ms, 8cycles)
Sun Jan 26 01:29:29 CET 2014: 51: Solution found.
Sun Jan 26 01:29:30 CET 2014: 52: finished (323ms, 20cycles)
Sun Jan 26 01:29:30 CET 2014: 52: Solution found.
Sun Jan 26 01:29:30 CET 2014: 53: finished (471ms, 27cycles)
Sun Jan 26 01:29:30 CET 2014: 53: Solution found.
Sun Jan 26 01:29:30 CET 2014: 54: finished (145ms, 25cycles)
Sun Jan 26 01:29:30 CET 2014: 54: Solution found.
Sun Jan 26 01:29:33 CET 2014: 55: finished (2762ms, 500cycles)
Sun Jan 26 01:29:33 CET 2014: 55: No solution found.
Sun Jan 26 01:29:33 CET 2014: 56: finished (97ms, 16cycles)
Sun Jan 26 01:29:33 CET 2014: 56: Solution found.
Sun Jan 26 01:29:36 CET 2014: 57: finished (2759ms, 500cycles)
Sun Jan 26 01:29:36 CET 2014: 57: No solution found.
Sun Jan 26 01:29:39 CET 2014: 58: finished (2746ms, 500cycles)
Sun Jan 26 01:29:39 CET 2014: 58: No solution found.
Sun Jan 26 01:29:39 CET 2014: 59: finished (68ms, 12cycles)
Sun Jan 26 01:29:39 CET 2014: 59: Solution found.
Sun Jan 26 01:29:46 CET 2014: 60: finished (6835ms, 500cycles)
Sun Jan 26 01:29:46 CET 2014: 60: No solution found.
Sun Jan 26 01:29:46 CET 2014: 61: finished (154ms, 27cycles)
Sun Jan 26 01:29:46 CET 2014: 61: Solution found.
Sun Jan 26 01:29:48 CET 2014: 62: finished (2530ms, 500cycles)
Sun Jan 26 01:29:48 CET 2014: 62: No solution found.
Sun Jan 26 01:29:48 CET 2014: 63: finished (41ms, 4cycles)
Sun Jan 26 01:29:48 CET 2014: 63: Solution found.
Sun Jan 26 01:29:49 CET 2014: 64: finished (295ms, 41cycles)
Sun Jan 26 01:29:49 CET 2014: 64: Solution found.
Sun Jan 26 01:29:49 CET 2014: 65: finished (73ms, 12cycles)
Sun Jan 26 01:29:49 CET 2014: 65: Solution found.
Sun Jan 26 01:29:51 CET 2014: 66: finished (2689ms, 500cycles)
Sun Jan 26 01:29:51 CET 2014: 66: No solution found.
Sun Jan 26 01:29:52 CET 2014: 67: finished (116ms, 20cycles)
Sun Jan 26 01:29:52 CET 2014: 67: Solution found.
Sun Jan 26 01:29:52 CET 2014: 68: finished (39ms, 5cycles)
Sun Jan 26 01:29:52 CET 2014: 68: Solution found.
Sun Jan 26 01:29:52 CET 2014: 69: finished (49ms, 8cycles)
Sun Jan 26 01:29:52 CET 2014: 69: Solution found.
Sun Jan 26 01:29:52 CET 2014: 70: finished (132ms, 19cycles)
Sun Jan 26 01:29:52 CET 2014: 70: Solution found.
Sun Jan 26 01:29:54 CET 2014: 71: finished (2568ms, 500cycles)
Sun Jan 26 01:29:54 CET 2014: 71: No solution found.
Sun Jan 26 01:29:55 CET 2014: 72: finished (618ms, 80cycles)
Sun Jan 26 01:29:55 CET 2014: 72: Solution found.
Sun Jan 26 01:29:55 CET 2014: 73: finished (35ms, 1cycles)
Sun Jan 26 01:29:55 CET 2014: 73: Solution found.
Sun Jan 26 01:30:01 CET 2014: 74: finished (6338ms, 500cycles)
Sun Jan 26 01:30:01 CET 2014: 74: No solution found.
Sun Jan 26 01:30:04 CET 2014: 75: finished (2457ms, 500cycles)
Sun Jan 26 01:30:04 CET 2014: 75: No solution found.
Sun Jan 26 01:30:04 CET 2014: 76: finished (111ms, 15cycles)
Sun Jan 26 01:30:04 CET 2014: 76: Solution found.
Sun Jan 26 01:30:06 CET 2014: 77: finished (2475ms, 500cycles)
Sun Jan 26 01:30:06 CET 2014: 77: No solution found.
Sun Jan 26 01:30:07 CET 2014: 78: finished (158ms, 24cycles)
Sun Jan 26 01:30:07 CET 2014: 78: Solution found.
Sun Jan 26 01:30:07 CET 2014: 79: finished (138ms, 22cycles)
Sun Jan 26 01:30:07 CET 2014: 79: Solution found.
Sun Jan 26 01:30:07 CET 2014: 80: finished (68ms, 10cycles)
Sun Jan 26 01:30:07 CET 2014: 80: Solution found.
Sun Jan 26 01:30:07 CET 2014: 81: finished (258ms, 41cycles)
Sun Jan 26 01:30:07 CET 2014: 81: Solution found.
Sun Jan 26 01:30:07 CET 2014: 82: finished (102ms, 18cycles)
Sun Jan 26 01:30:07 CET 2014: 82: Solution found.
Sun Jan 26 01:30:07 CET 2014: 83: finished (61ms, 8cycles)
Sun Jan 26 01:30:07 CET 2014: 83: Solution found.
Sun Jan 26 01:30:10 CET 2014: 84: finished (2522ms, 500cycles)
Sun Jan 26 01:30:10 CET 2014: 84: No solution found.
Sun Jan 26 01:30:10 CET 2014: 85: finished (313ms, 56cycles)
Sun Jan 26 01:30:10 CET 2014: 85: Solution found.
Sun Jan 26 01:30:10 CET 2014: 86: finished (246ms, 27cycles)
Sun Jan 26 01:30:10 CET 2014: 86: Solution found.
Sun Jan 26 01:30:10 CET 2014: 87: finished (212ms, 13cycles)
Sun Jan 26 01:30:11 CET 2014: 87: Solution found.
Sun Jan 26 01:30:11 CET 2014: 88: finished (466ms, 27cycles)
Sun Jan 26 01:30:11 CET 2014: 88: Solution found.
Sun Jan 26 01:30:11 CET 2014: 89: finished (431ms, 26cycles)
Sun Jan 26 01:30:11 CET 2014: 89: Solution found.
Sun Jan 26 01:30:17 CET 2014: 90: finished (5765ms, 500cycles)
Sun Jan 26 01:30:17 CET 2014: 90: No solution found.
Sun Jan 26 01:30:17 CET 2014: 91: finished (229ms, 38cycles)
Sun Jan 26 01:30:17 CET 2014: 91: Solution found.
Sun Jan 26 01:30:17 CET 2014: 92: finished (69ms, 10cycles)
Sun Jan 26 01:30:17 CET 2014: 92: Solution found.
Sun Jan 26 01:30:20 CET 2014: 93: finished (2730ms, 500cycles)
Sun Jan 26 01:30:20 CET 2014: 93: No solution found.
Sun Jan 26 01:30:23 CET 2014: 94: finished (2418ms, 500cycles)
Sun Jan 26 01:30:23 CET 2014: 94: No solution found.
Sun Jan 26 01:30:25 CET 2014: 95: finished (2602ms, 500cycles)
Sun Jan 26 01:30:25 CET 2014: 95: No solution found.
Sun Jan 26 01:30:25 CET 2014: 96: finished (28ms, 4cycles)
Sun Jan 26 01:30:25 CET 2014: 96: Solution found.
Sun Jan 26 01:30:25 CET 2014: 97: finished (173ms, 28cycles)
Sun Jan 26 01:30:25 CET 2014: 97: Solution found.
Sun Jan 26 01:30:26 CET 2014: 98: finished (201ms, 22cycles)
Sun Jan 26 01:30:26 CET 2014: 98: Solution found.
Sun Jan 26 01:30:26 CET 2014: 99: finished (379ms, 22cycles)
Sun Jan 26 01:30:26 CET 2014: 99: Solution found.
Sun Jan 26 01:30:26 CET 2014: Solution Found: 66
Sun Jan 26 01:30:26 CET 2014: Avg cycles: 21
Sun Jan 26 01:30:26 CET 2014: Max cycles: 80
Sun Jan 26 01:30:26 CET 2014: Min cycles: 1
Sun Jan 26 01:30:26 CET 2014: No solution found: 34
Sun Jan 26 01:30:26 CET 2014: logging finished. (runtime: 128722ms)
