Sun Jan 26 03:12:05 CET 2014: Problem Count: 200
Sun Jan 26 03:12:05 CET 2014: CandidatesCount: 100
Sun Jan 26 03:12:05 CET 2014: Max Cycles: 500
Sun Jan 26 03:12:10 CET 2014: 0: finished (4985ms, 500cycles)
Sun Jan 26 03:12:10 CET 2014: 0: No solution found.
Sun Jan 26 03:12:10 CET 2014: 1: finished (178ms, 15cycles)
Sun Jan 26 03:12:10 CET 2014: 1: Solution found.
Sun Jan 26 03:12:10 CET 2014: 2: finished (75ms, 5cycles)
Sun Jan 26 03:12:10 CET 2014: 2: Solution found.
Sun Jan 26 03:12:11 CET 2014: 3: finished (132ms, 12cycles)
Sun Jan 26 03:12:11 CET 2014: 3: Solution found.
Sun Jan 26 03:12:20 CET 2014: 4: finished (9264ms, 500cycles)
Sun Jan 26 03:12:20 CET 2014: 4: No solution found.
Sun Jan 26 03:12:20 CET 2014: 5: finished (278ms, 22cycles)
Sun Jan 26 03:12:20 CET 2014: 5: Solution found.
Sun Jan 26 03:12:20 CET 2014: 6: finished (197ms, 17cycles)
Sun Jan 26 03:12:20 CET 2014: 6: Solution found.
Sun Jan 26 03:12:26 CET 2014: 7: finished (5683ms, 500cycles)
Sun Jan 26 03:12:26 CET 2014: 7: No solution found.
Sun Jan 26 03:12:26 CET 2014: 8: finished (260ms, 20cycles)
Sun Jan 26 03:12:26 CET 2014: 8: Solution found.
Sun Jan 26 03:12:26 CET 2014: 9: finished (132ms, 12cycles)
Sun Jan 26 03:12:26 CET 2014: 9: Solution found.
Sun Jan 26 03:12:27 CET 2014: 10: finished (257ms, 21cycles)
Sun Jan 26 03:12:27 CET 2014: 10: Solution found.
Sun Jan 26 03:12:27 CET 2014: 11: finished (336ms, 25cycles)
Sun Jan 26 03:12:27 CET 2014: 11: Solution found.
Sun Jan 26 03:12:27 CET 2014: 12: finished (189ms, 13cycles)
Sun Jan 26 03:12:27 CET 2014: 12: Solution found.
Sun Jan 26 03:12:37 CET 2014: 13: finished (9619ms, 500cycles)
Sun Jan 26 03:12:37 CET 2014: 13: No solution found.
Sun Jan 26 03:12:37 CET 2014: 14: finished (130ms, 10cycles)
Sun Jan 26 03:12:37 CET 2014: 14: Solution found.
Sun Jan 26 03:12:37 CET 2014: 15: finished (205ms, 18cycles)
Sun Jan 26 03:12:37 CET 2014: 15: Solution found.
Sun Jan 26 03:12:37 CET 2014: 16: finished (194ms, 17cycles)
Sun Jan 26 03:12:37 CET 2014: 16: Solution found.
Sun Jan 26 03:12:42 CET 2014: 17: finished (4808ms, 500cycles)
Sun Jan 26 03:12:42 CET 2014: 17: No solution found.
Sun Jan 26 03:12:42 CET 2014: 18: finished (192ms, 17cycles)
Sun Jan 26 03:12:42 CET 2014: 18: Solution found.
Sun Jan 26 03:12:43 CET 2014: 19: finished (218ms, 17cycles)
Sun Jan 26 03:12:43 CET 2014: 19: Solution found.
Sun Jan 26 03:12:43 CET 2014: 20: finished (280ms, 24cycles)
Sun Jan 26 03:12:43 CET 2014: 20: Solution found.
Sun Jan 26 03:12:44 CET 2014: 21: finished (736ms, 25cycles)
Sun Jan 26 03:12:44 CET 2014: 21: Solution found.
Sun Jan 26 03:12:44 CET 2014: 22: finished (865ms, 28cycles)
Sun Jan 26 03:12:44 CET 2014: 22: Solution found.
Sun Jan 26 03:12:45 CET 2014: 23: finished (561ms, 17cycles)
Sun Jan 26 03:12:45 CET 2014: 23: Solution found.
Sun Jan 26 03:12:46 CET 2014: 24: finished (729ms, 23cycles)
Sun Jan 26 03:12:46 CET 2014: 24: Solution found.
Sun Jan 26 03:12:47 CET 2014: 25: finished (1042ms, 33cycles)
Sun Jan 26 03:12:47 CET 2014: 25: Solution found.
Sun Jan 26 03:12:47 CET 2014: 26: finished (419ms, 12cycles)
Sun Jan 26 03:12:47 CET 2014: 26: Solution found.
Sun Jan 26 03:12:48 CET 2014: 27: finished (740ms, 23cycles)
Sun Jan 26 03:12:48 CET 2014: 27: Solution found.
Sun Jan 26 03:12:48 CET 2014: 28: finished (120ms, 3cycles)
Sun Jan 26 03:12:48 CET 2014: 28: Solution found.
Sun Jan 26 03:12:49 CET 2014: 29: finished (442ms, 13cycles)
Sun Jan 26 03:12:49 CET 2014: 29: Solution found.
Sun Jan 26 03:12:49 CET 2014: 30: finished (124ms, 3cycles)
Sun Jan 26 03:12:49 CET 2014: 30: Solution found.
Sun Jan 26 03:12:55 CET 2014: 31: finished (5915ms, 500cycles)
Sun Jan 26 03:12:55 CET 2014: 31: No solution found.
Sun Jan 26 03:12:55 CET 2014: 32: finished (117ms, 8cycles)
Sun Jan 26 03:12:55 CET 2014: 32: Solution found.
Sun Jan 26 03:12:55 CET 2014: 33: finished (38ms, 2cycles)
Sun Jan 26 03:12:55 CET 2014: 33: Solution found.
Sun Jan 26 03:12:55 CET 2014: 34: finished (257ms, 22cycles)
Sun Jan 26 03:12:55 CET 2014: 34: Solution found.
Sun Jan 26 03:12:55 CET 2014: 35: finished (197ms, 18cycles)
Sun Jan 26 03:12:55 CET 2014: 35: Solution found.
Sun Jan 26 03:12:55 CET 2014: 36: finished (101ms, 8cycles)
Sun Jan 26 03:12:55 CET 2014: 36: Solution found.
Sun Jan 26 03:12:56 CET 2014: 37: finished (281ms, 26cycles)
Sun Jan 26 03:12:56 CET 2014: 37: Solution found.
Sun Jan 26 03:12:56 CET 2014: 38: finished (164ms, 14cycles)
Sun Jan 26 03:12:56 CET 2014: 38: Solution found.
Sun Jan 26 03:12:56 CET 2014: 39: finished (185ms, 14cycles)
Sun Jan 26 03:12:56 CET 2014: 39: Solution found.
Sun Jan 26 03:12:56 CET 2014: 40: finished (140ms, 11cycles)
Sun Jan 26 03:12:56 CET 2014: 40: Solution found.
Sun Jan 26 03:12:56 CET 2014: 41: finished (165ms, 14cycles)
Sun Jan 26 03:12:56 CET 2014: 41: Solution found.
Sun Jan 26 03:12:56 CET 2014: 42: finished (87ms, 7cycles)
Sun Jan 26 03:12:56 CET 2014: 42: Solution found.
Sun Jan 26 03:12:56 CET 2014: 43: finished (167ms, 14cycles)
Sun Jan 26 03:12:56 CET 2014: 43: Solution found.
Sun Jan 26 03:12:57 CET 2014: 44: finished (301ms, 28cycles)
Sun Jan 26 03:12:57 CET 2014: 44: Solution found.
Sun Jan 26 03:12:57 CET 2014: 45: finished (199ms, 18cycles)
Sun Jan 26 03:12:57 CET 2014: 45: Solution found.
Sun Jan 26 03:12:57 CET 2014: 46: finished (124ms, 10cycles)
Sun Jan 26 03:12:57 CET 2014: 46: Solution found.
Sun Jan 26 03:12:57 CET 2014: 47: finished (270ms, 25cycles)
Sun Jan 26 03:12:57 CET 2014: 47: Solution found.
Sun Jan 26 03:12:57 CET 2014: 48: finished (86ms, 6cycles)
Sun Jan 26 03:12:57 CET 2014: 48: Solution found.
Sun Jan 26 03:12:57 CET 2014: 49: finished (60ms, 4cycles)
Sun Jan 26 03:12:57 CET 2014: 49: Solution found.
Sun Jan 26 03:12:58 CET 2014: 50: finished (119ms, 10cycles)
Sun Jan 26 03:12:58 CET 2014: 50: Solution found.
Sun Jan 26 03:12:58 CET 2014: 51: finished (67ms, 5cycles)
Sun Jan 26 03:12:58 CET 2014: 51: Solution found.
Sun Jan 26 03:12:58 CET 2014: 52: finished (100ms, 9cycles)
Sun Jan 26 03:12:58 CET 2014: 52: Solution found.
Sun Jan 26 03:12:58 CET 2014: 53: finished (134ms, 12cycles)
Sun Jan 26 03:12:58 CET 2014: 53: Solution found.
Sun Jan 26 03:12:58 CET 2014: 54: finished (133ms, 10cycles)
Sun Jan 26 03:12:58 CET 2014: 54: Solution found.
Sun Jan 26 03:12:58 CET 2014: 55: finished (340ms, 20cycles)
Sun Jan 26 03:12:58 CET 2014: 55: Solution found.
Sun Jan 26 03:12:59 CET 2014: 56: finished (639ms, 20cycles)
Sun Jan 26 03:12:59 CET 2014: 56: Solution found.
Sun Jan 26 03:13:00 CET 2014: 57: finished (838ms, 27cycles)
Sun Jan 26 03:13:00 CET 2014: 57: Solution found.
Sun Jan 26 03:13:01 CET 2014: 58: finished (890ms, 28cycles)
Sun Jan 26 03:13:01 CET 2014: 58: Solution found.
Sun Jan 26 03:13:01 CET 2014: 59: finished (350ms, 9cycles)
Sun Jan 26 03:13:01 CET 2014: 59: Solution found.
Sun Jan 26 03:13:08 CET 2014: 60: finished (7070ms, 500cycles)
Sun Jan 26 03:13:08 CET 2014: 60: No solution found.
Sun Jan 26 03:13:08 CET 2014: 61: finished (51ms, 4cycles)
Sun Jan 26 03:13:08 CET 2014: 61: Solution found.
Sun Jan 26 03:13:08 CET 2014: 62: finished (121ms, 10cycles)
Sun Jan 26 03:13:08 CET 2014: 62: Solution found.
Sun Jan 26 03:13:09 CET 2014: 63: finished (202ms, 18cycles)
Sun Jan 26 03:13:09 CET 2014: 63: Solution found.
Sun Jan 26 03:13:09 CET 2014: 64: finished (159ms, 13cycles)
Sun Jan 26 03:13:09 CET 2014: 64: Solution found.
Sun Jan 26 03:13:13 CET 2014: 65: finished (4781ms, 500cycles)
Sun Jan 26 03:13:13 CET 2014: 65: No solution found.
Sun Jan 26 03:13:14 CET 2014: 66: finished (68ms, 6cycles)
Sun Jan 26 03:13:14 CET 2014: 66: Solution found.
Sun Jan 26 03:13:14 CET 2014: 67: finished (106ms, 3cycles)
Sun Jan 26 03:13:14 CET 2014: 67: Solution found.
Sun Jan 26 03:13:14 CET 2014: 68: finished (153ms, 3cycles)
Sun Jan 26 03:13:14 CET 2014: 68: Solution found.
Sun Jan 26 03:13:23 CET 2014: 69: finished (9321ms, 500cycles)
Sun Jan 26 03:13:23 CET 2014: 69: No solution found.
Sun Jan 26 03:13:23 CET 2014: 70: finished (151ms, 13cycles)
Sun Jan 26 03:13:23 CET 2014: 70: Solution found.
Sun Jan 26 03:13:23 CET 2014: 71: finished (40ms, 3cycles)
Sun Jan 26 03:13:23 CET 2014: 71: Solution found.
Sun Jan 26 03:13:24 CET 2014: 72: finished (297ms, 28cycles)
Sun Jan 26 03:13:24 CET 2014: 72: Solution found.
Sun Jan 26 03:13:24 CET 2014: 73: finished (237ms, 23cycles)
Sun Jan 26 03:13:24 CET 2014: 73: Solution found.
Sun Jan 26 03:13:24 CET 2014: 74: finished (311ms, 30cycles)
Sun Jan 26 03:13:24 CET 2014: 74: Solution found.
Sun Jan 26 03:13:24 CET 2014: 75: finished (216ms, 19cycles)
Sun Jan 26 03:13:24 CET 2014: 75: Solution found.
Sun Jan 26 03:13:25 CET 2014: 76: finished (519ms, 46cycles)
Sun Jan 26 03:13:25 CET 2014: 76: Solution found.
Sun Jan 26 03:13:25 CET 2014: 77: finished (290ms, 24cycles)
Sun Jan 26 03:13:25 CET 2014: 77: Solution found.
Sun Jan 26 03:13:25 CET 2014: 78: finished (180ms, 14cycles)
Sun Jan 26 03:13:25 CET 2014: 78: Solution found.
Sun Jan 26 03:13:25 CET 2014: 79: finished (48ms, 3cycles)
Sun Jan 26 03:13:25 CET 2014: 79: Solution found.
Sun Jan 26 03:13:26 CET 2014: 80: finished (257ms, 22cycles)
Sun Jan 26 03:13:26 CET 2014: 80: Solution found.
Sun Jan 26 03:13:26 CET 2014: 81: finished (448ms, 37cycles)
Sun Jan 26 03:13:26 CET 2014: 81: Solution found.
Sun Jan 26 03:13:26 CET 2014: 82: finished (141ms, 13cycles)
Sun Jan 26 03:13:26 CET 2014: 82: Solution found.
Sun Jan 26 03:13:26 CET 2014: 83: finished (120ms, 9cycles)
Sun Jan 26 03:13:26 CET 2014: 83: Solution found.
Sun Jan 26 03:13:26 CET 2014: 84: finished (48ms, 3cycles)
Sun Jan 26 03:13:26 CET 2014: 84: Solution found.
Sun Jan 26 03:13:27 CET 2014: 85: finished (213ms, 18cycles)
Sun Jan 26 03:13:27 CET 2014: 85: Solution found.
Sun Jan 26 03:13:27 CET 2014: 86: finished (93ms, 7cycles)
Sun Jan 26 03:13:27 CET 2014: 86: Solution found.
Sun Jan 26 03:13:27 CET 2014: 87: finished (84ms, 6cycles)
Sun Jan 26 03:13:27 CET 2014: 87: Solution found.
Sun Jan 26 03:13:27 CET 2014: 88: finished (556ms, 48cycles)
Sun Jan 26 03:13:27 CET 2014: 88: Solution found.
Sun Jan 26 03:13:28 CET 2014: 89: finished (115ms, 9cycles)
Sun Jan 26 03:13:28 CET 2014: 89: Solution found.
Sun Jan 26 03:13:28 CET 2014: 90: finished (235ms, 22cycles)
Sun Jan 26 03:13:28 CET 2014: 90: Solution found.
Sun Jan 26 03:13:37 CET 2014: 91: finished (8972ms, 500cycles)
Sun Jan 26 03:13:37 CET 2014: 91: No solution found.
Sun Jan 26 03:13:42 CET 2014: 92: finished (5135ms, 500cycles)
Sun Jan 26 03:13:42 CET 2014: 92: No solution found.
Sun Jan 26 03:13:42 CET 2014: 93: finished (644ms, 54cycles)
Sun Jan 26 03:13:42 CET 2014: 93: Solution found.
Sun Jan 26 03:13:43 CET 2014: 94: finished (512ms, 45cycles)
Sun Jan 26 03:13:43 CET 2014: 94: Solution found.
Sun Jan 26 03:13:43 CET 2014: 95: finished (169ms, 14cycles)
Sun Jan 26 03:13:43 CET 2014: 95: Solution found.
Sun Jan 26 03:13:43 CET 2014: 96: finished (82ms, 7cycles)
Sun Jan 26 03:13:43 CET 2014: 96: Solution found.
Sun Jan 26 03:13:53 CET 2014: 97: finished (9524ms, 500cycles)
Sun Jan 26 03:13:53 CET 2014: 97: No solution found.
Sun Jan 26 03:13:53 CET 2014: 98: finished (224ms, 19cycles)
Sun Jan 26 03:13:53 CET 2014: 98: Solution found.
Sun Jan 26 03:13:53 CET 2014: 99: finished (118ms, 10cycles)
Sun Jan 26 03:13:53 CET 2014: 99: Solution found.
Sun Jan 26 03:13:53 CET 2014: Solution Found: 88
Sun Jan 26 03:13:53 CET 2014: Avg cycles: 16
Sun Jan 26 03:13:53 CET 2014: Max cycles: 54
Sun Jan 26 03:13:53 CET 2014: Min cycles: 2
Sun Jan 26 03:13:53 CET 2014: No solution found: 12
Sun Jan 26 03:13:53 CET 2014: logging finished. (runtime: 107896ms)
