Sat Jan 25 12:50:54 CET 2014: Problem Count: 100
Sat Jan 25 12:50:54 CET 2014: CandidatesCount: 50
Sat Jan 25 12:50:54 CET 2014: Max Cycles: 500
Sat Jan 25 12:50:54 CET 2014: 0: finished (67ms, 38cycles)
Sat Jan 25 12:50:54 CET 2014: 0: Solution found.
Sat Jan 25 12:50:54 CET 2014: 1: finished (21ms, 9cycles)
Sat Jan 25 12:50:54 CET 2014: 1: Solution found.
Sat Jan 25 12:50:54 CET 2014: 2: finished (49ms, 25cycles)
Sat Jan 25 12:50:54 CET 2014: 2: Solution found.
Sat Jan 25 12:50:54 CET 2014: 3: finished (40ms, 22cycles)
Sat Jan 25 12:50:54 CET 2014: 3: Solution found.
Sat Jan 25 12:50:55 CET 2014: 4: finished (781ms, 500cycles)
Sat Jan 25 12:50:55 CET 2014: 4: No solution found.
Sat Jan 25 12:50:55 CET 2014: 5: finished (14ms, 6cycles)
Sat Jan 25 12:50:55 CET 2014: 5: Solution found.
Sat Jan 25 12:50:56 CET 2014: 6: finished (955ms, 500cycles)
Sat Jan 25 12:50:56 CET 2014: 6: No solution found.
Sat Jan 25 12:50:56 CET 2014: 7: finished (45ms, 23cycles)
Sat Jan 25 12:50:56 CET 2014: 7: Solution found.
Sat Jan 25 12:50:56 CET 2014: 8: finished (25ms, 8cycles)
Sat Jan 25 12:50:56 CET 2014: 8: Solution found.
Sat Jan 25 12:50:57 CET 2014: 9: finished (791ms, 500cycles)
Sat Jan 25 12:50:57 CET 2014: 9: No solution found.
Sat Jan 25 12:50:57 CET 2014: 10: finished (20ms, 11cycles)
Sat Jan 25 12:50:57 CET 2014: 10: Solution found.
Sat Jan 25 12:50:57 CET 2014: 11: finished (77ms, 45cycles)
Sat Jan 25 12:50:57 CET 2014: 11: Solution found.
Sat Jan 25 12:50:57 CET 2014: 12: finished (20ms, 10cycles)
Sat Jan 25 12:50:57 CET 2014: 12: Solution found.
Sat Jan 25 12:50:57 CET 2014: 13: finished (23ms, 9cycles)
Sat Jan 25 12:50:57 CET 2014: 13: Solution found.
Sat Jan 25 12:50:57 CET 2014: 14: finished (51ms, 24cycles)
Sat Jan 25 12:50:57 CET 2014: 14: Solution found.
Sat Jan 25 12:50:57 CET 2014: 15: finished (23ms, 12cycles)
Sat Jan 25 12:50:57 CET 2014: 15: Solution found.
Sat Jan 25 12:50:58 CET 2014: 16: finished (864ms, 500cycles)
Sat Jan 25 12:50:58 CET 2014: 16: No solution found.
Sat Jan 25 12:50:58 CET 2014: 17: finished (16ms, 8cycles)
Sat Jan 25 12:50:58 CET 2014: 17: Solution found.
Sat Jan 25 12:50:59 CET 2014: 18: finished (817ms, 500cycles)
Sat Jan 25 12:50:59 CET 2014: 18: No solution found.
Sat Jan 25 12:50:59 CET 2014: 19: finished (802ms, 500cycles)
Sat Jan 25 12:50:59 CET 2014: 19: No solution found.
Sat Jan 25 12:51:00 CET 2014: 20: finished (862ms, 500cycles)
Sat Jan 25 12:51:00 CET 2014: 20: No solution found.
Sat Jan 25 12:51:00 CET 2014: 21: finished (6ms, 2cycles)
Sat Jan 25 12:51:00 CET 2014: 21: Solution found.
Sat Jan 25 12:51:00 CET 2014: 22: finished (61ms, 35cycles)
Sat Jan 25 12:51:00 CET 2014: 22: Solution found.
Sat Jan 25 12:51:00 CET 2014: 23: finished (51ms, 23cycles)
Sat Jan 25 12:51:00 CET 2014: 23: Solution found.
Sat Jan 25 12:51:01 CET 2014: 24: finished (871ms, 500cycles)
Sat Jan 25 12:51:01 CET 2014: 24: No solution found.
Sat Jan 25 12:51:01 CET 2014: 25: finished (16ms, 6cycles)
Sat Jan 25 12:51:01 CET 2014: 25: Solution found.
Sat Jan 25 12:51:01 CET 2014: 26: finished (53ms, 29cycles)
Sat Jan 25 12:51:01 CET 2014: 26: Solution found.
Sat Jan 25 12:51:01 CET 2014: 27: finished (15ms, 7cycles)
Sat Jan 25 12:51:01 CET 2014: 27: Solution found.
Sat Jan 25 12:51:02 CET 2014: 28: finished (835ms, 500cycles)
Sat Jan 25 12:51:02 CET 2014: 28: No solution found.
Sat Jan 25 12:51:03 CET 2014: 29: finished (832ms, 500cycles)
Sat Jan 25 12:51:03 CET 2014: 29: No solution found.
Sat Jan 25 12:51:03 CET 2014: 30: finished (75ms, 39cycles)
Sat Jan 25 12:51:03 CET 2014: 30: Solution found.
Sat Jan 25 12:51:03 CET 2014: 31: finished (30ms, 15cycles)
Sat Jan 25 12:51:03 CET 2014: 31: Solution found.
Sat Jan 25 12:51:03 CET 2014: 32: finished (30ms, 11cycles)
Sat Jan 25 12:51:03 CET 2014: 32: Solution found.
Sat Jan 25 12:51:03 CET 2014: 33: finished (69ms, 39cycles)
Sat Jan 25 12:51:03 CET 2014: 33: Solution found.
Sat Jan 25 12:51:03 CET 2014: 34: finished (24ms, 13cycles)
Sat Jan 25 12:51:03 CET 2014: 34: Solution found.
Sat Jan 25 12:51:04 CET 2014: 35: finished (752ms, 500cycles)
Sat Jan 25 12:51:04 CET 2014: 35: No solution found.
Sat Jan 25 12:51:04 CET 2014: 36: finished (6ms, 2cycles)
Sat Jan 25 12:51:04 CET 2014: 36: Solution found.
Sat Jan 25 12:51:05 CET 2014: 37: finished (857ms, 500cycles)
Sat Jan 25 12:51:05 CET 2014: 37: No solution found.
Sat Jan 25 12:51:06 CET 2014: 38: finished (910ms, 500cycles)
Sat Jan 25 12:51:06 CET 2014: 38: No solution found.
Sat Jan 25 12:51:07 CET 2014: 39: finished (846ms, 500cycles)
Sat Jan 25 12:51:07 CET 2014: 39: No solution found.
Sat Jan 25 12:51:07 CET 2014: 40: finished (14ms, 7cycles)
Sat Jan 25 12:51:07 CET 2014: 40: Solution found.
Sat Jan 25 12:51:07 CET 2014: 41: finished (770ms, 500cycles)
Sat Jan 25 12:51:07 CET 2014: 41: No solution found.
Sat Jan 25 12:51:08 CET 2014: 42: finished (39ms, 21cycles)
Sat Jan 25 12:51:08 CET 2014: 42: Solution found.
Sat Jan 25 12:51:08 CET 2014: 43: finished (12ms, 5cycles)
Sat Jan 25 12:51:08 CET 2014: 43: Solution found.
Sat Jan 25 12:51:08 CET 2014: 44: finished (73ms, 41cycles)
Sat Jan 25 12:51:08 CET 2014: 44: Solution found.
Sat Jan 25 12:51:08 CET 2014: 45: finished (867ms, 500cycles)
Sat Jan 25 12:51:08 CET 2014: 45: No solution found.
Sat Jan 25 12:51:09 CET 2014: 46: finished (53ms, 31cycles)
Sat Jan 25 12:51:09 CET 2014: 46: Solution found.
Sat Jan 25 12:51:09 CET 2014: 47: finished (38ms, 21cycles)
Sat Jan 25 12:51:09 CET 2014: 47: Solution found.
Sat Jan 25 12:51:09 CET 2014: 48: finished (69ms, 30cycles)
Sat Jan 25 12:51:09 CET 2014: 48: Solution found.
Sat Jan 25 12:51:09 CET 2014: 49: finished (868ms, 500cycles)
Sat Jan 25 12:51:09 CET 2014: 49: No solution found.
Sat Jan 25 12:51:10 CET 2014: 50: finished (780ms, 500cycles)
Sat Jan 25 12:51:10 CET 2014: 50: No solution found.
Sat Jan 25 12:51:10 CET 2014: 51: finished (58ms, 19cycles)
Sat Jan 25 12:51:10 CET 2014: 51: Solution found.
Sat Jan 25 12:51:11 CET 2014: 52: finished (898ms, 500cycles)
Sat Jan 25 12:51:11 CET 2014: 52: No solution found.
Sat Jan 25 12:51:11 CET 2014: 53: finished (26ms, 15cycles)
Sat Jan 25 12:51:11 CET 2014: 53: Solution found.
Sat Jan 25 12:51:11 CET 2014: 54: finished (74ms, 41cycles)
Sat Jan 25 12:51:11 CET 2014: 54: Solution found.
Sat Jan 25 12:51:11 CET 2014: 55: finished (70ms, 30cycles)
Sat Jan 25 12:51:11 CET 2014: 55: Solution found.
Sat Jan 25 12:51:11 CET 2014: 56: finished (23ms, 7cycles)
Sat Jan 25 12:51:11 CET 2014: 56: Solution found.
Sat Jan 25 12:51:12 CET 2014: 57: finished (91ms, 30cycles)
Sat Jan 25 12:51:12 CET 2014: 57: Solution found.
Sat Jan 25 12:51:13 CET 2014: 58: finished (1023ms, 500cycles)
Sat Jan 25 12:51:13 CET 2014: 58: No solution found.
Sat Jan 25 12:51:13 CET 2014: 59: finished (823ms, 500cycles)
Sat Jan 25 12:51:13 CET 2014: 59: No solution found.
Sat Jan 25 12:51:13 CET 2014: 60: finished (32ms, 18cycles)
Sat Jan 25 12:51:13 CET 2014: 60: Solution found.
Sat Jan 25 12:51:13 CET 2014: 61: finished (66ms, 39cycles)
Sat Jan 25 12:51:13 CET 2014: 61: Solution found.
Sat Jan 25 12:51:14 CET 2014: 62: finished (41ms, 16cycles)
Sat Jan 25 12:51:14 CET 2014: 62: Solution found.
Sat Jan 25 12:51:14 CET 2014: 63: finished (801ms, 500cycles)
Sat Jan 25 12:51:14 CET 2014: 63: No solution found.
Sat Jan 25 12:51:14 CET 2014: 64: finished (25ms, 13cycles)
Sat Jan 25 12:51:14 CET 2014: 64: Solution found.
Sat Jan 25 12:51:14 CET 2014: 65: finished (77ms, 43cycles)
Sat Jan 25 12:51:14 CET 2014: 65: Solution found.
Sat Jan 25 12:51:14 CET 2014: 66: finished (27ms, 14cycles)
Sat Jan 25 12:51:14 CET 2014: 66: Solution found.
Sat Jan 25 12:51:15 CET 2014: 67: finished (71ms, 38cycles)
Sat Jan 25 12:51:15 CET 2014: 67: Solution found.
Sat Jan 25 12:51:15 CET 2014: 68: finished (891ms, 500cycles)
Sat Jan 25 12:51:15 CET 2014: 68: No solution found.
Sat Jan 25 12:51:15 CET 2014: 69: finished (72ms, 39cycles)
Sat Jan 25 12:51:15 CET 2014: 69: Solution found.
Sat Jan 25 12:51:15 CET 2014: 70: finished (16ms, 8cycles)
Sat Jan 25 12:51:15 CET 2014: 70: Solution found.
Sat Jan 25 12:51:16 CET 2014: 71: finished (766ms, 500cycles)
Sat Jan 25 12:51:16 CET 2014: 71: No solution found.
Sat Jan 25 12:51:16 CET 2014: 72: finished (36ms, 18cycles)
Sat Jan 25 12:51:16 CET 2014: 72: Solution found.
Sat Jan 25 12:51:16 CET 2014: 73: finished (17ms, 9cycles)
Sat Jan 25 12:51:16 CET 2014: 73: Solution found.
Sat Jan 25 12:51:16 CET 2014: 74: finished (46ms, 25cycles)
Sat Jan 25 12:51:16 CET 2014: 74: Solution found.
Sat Jan 25 12:51:16 CET 2014: 75: finished (33ms, 17cycles)
Sat Jan 25 12:51:16 CET 2014: 75: Solution found.
Sat Jan 25 12:51:17 CET 2014: 76: finished (877ms, 500cycles)
Sat Jan 25 12:51:17 CET 2014: 76: No solution found.
Sat Jan 25 12:51:18 CET 2014: 77: finished (799ms, 500cycles)
Sat Jan 25 12:51:18 CET 2014: 77: No solution found.
Sat Jan 25 12:51:19 CET 2014: 78: finished (794ms, 500cycles)
Sat Jan 25 12:51:19 CET 2014: 78: No solution found.
Sat Jan 25 12:51:19 CET 2014: 79: finished (8ms, 3cycles)
Sat Jan 25 12:51:19 CET 2014: 79: Solution found.
Sat Jan 25 12:51:20 CET 2014: 80: finished (893ms, 500cycles)
Sat Jan 25 12:51:20 CET 2014: 80: No solution found.
Sat Jan 25 12:51:20 CET 2014: 81: finished (50ms, 23cycles)
Sat Jan 25 12:51:20 CET 2014: 81: Solution found.
Sat Jan 25 12:51:20 CET 2014: 82: finished (45ms, 26cycles)
Sat Jan 25 12:51:20 CET 2014: 82: Solution found.
Sat Jan 25 12:51:21 CET 2014: 83: finished (785ms, 500cycles)
Sat Jan 25 12:51:21 CET 2014: 83: No solution found.
Sat Jan 25 12:51:21 CET 2014: 84: finished (770ms, 500cycles)
Sat Jan 25 12:51:21 CET 2014: 84: No solution found.
Sat Jan 25 12:51:21 CET 2014: 85: finished (35ms, 19cycles)
Sat Jan 25 12:51:21 CET 2014: 85: Solution found.
Sat Jan 25 12:51:21 CET 2014: 86: finished (14ms, 7cycles)
Sat Jan 25 12:51:21 CET 2014: 86: Solution found.
Sat Jan 25 12:51:21 CET 2014: 87: finished (23ms, 6cycles)
Sat Jan 25 12:51:21 CET 2014: 87: Solution found.
Sat Jan 25 12:51:22 CET 2014: 88: finished (55ms, 27cycles)
Sat Jan 25 12:51:22 CET 2014: 88: Solution found.
Sat Jan 25 12:51:22 CET 2014: 89: finished (26ms, 14cycles)
Sat Jan 25 12:51:22 CET 2014: 89: Solution found.
Sat Jan 25 12:51:22 CET 2014: 90: finished (13ms, 5cycles)
Sat Jan 25 12:51:22 CET 2014: 90: Solution found.
Sat Jan 25 12:51:22 CET 2014: 91: finished (39ms, 13cycles)
Sat Jan 25 12:51:22 CET 2014: 91: Solution found.
Sat Jan 25 12:51:22 CET 2014: 92: finished (74ms, 25cycles)
Sat Jan 25 12:51:22 CET 2014: 92: Solution found.
Sat Jan 25 12:51:22 CET 2014: 93: finished (804ms, 500cycles)
Sat Jan 25 12:51:22 CET 2014: 93: No solution found.
Sat Jan 25 12:51:23 CET 2014: 94: finished (72ms, 42cycles)
Sat Jan 25 12:51:23 CET 2014: 94: Solution found.
Sat Jan 25 12:51:23 CET 2014: 95: finished (739ms, 500cycles)
Sat Jan 25 12:51:23 CET 2014: 95: No solution found.
Sat Jan 25 12:51:23 CET 2014: 96: finished (40ms, 22cycles)
Sat Jan 25 12:51:23 CET 2014: 96: Solution found.
Sat Jan 25 12:51:23 CET 2014: 97: finished (23ms, 12cycles)
Sat Jan 25 12:51:23 CET 2014: 97: Solution found.
Sat Jan 25 12:51:23 CET 2014: 98: finished (85ms, 42cycles)
Sat Jan 25 12:51:23 CET 2014: 98: Solution found.
Sat Jan 25 12:51:24 CET 2014: 99: finished (813ms, 500cycles)
Sat Jan 25 12:51:24 CET 2014: 99: No solution found.
Sat Jan 25 12:51:24 CET 2014: Solution Found: 67
Sat Jan 25 12:51:24 CET 2014: Avg cycles: 20
Sat Jan 25 12:51:24 CET 2014: Max cycles: 45
Sat Jan 25 12:51:24 CET 2014: Min cycles: 2
Sat Jan 25 12:51:24 CET 2014: No solution found: 33
Sat Jan 25 12:51:24 CET 2014: logging finished. (runtime: 30292ms)
