Mon Dec 30 04:06:17 CET 2013: Problem Count: 150
Mon Dec 30 04:06:17 CET 2013: CandidatesCount: 150
Mon Dec 30 04:06:17 CET 2013: Max Cycles: 500
Mon Dec 30 04:06:17 CET 2013: 0: finished (292ms, 25cycles)
Mon Dec 30 04:06:17 CET 2013: 0: Solution found.
Mon Dec 30 04:06:23 CET 2013: 1: finished (5881ms, 500cycles)
Mon Dec 30 04:06:23 CET 2013: 1: No solution found.
Mon Dec 30 04:06:28 CET 2013: 2: finished (5031ms, 500cycles)
Mon Dec 30 04:06:28 CET 2013: 2: No solution found.
Mon Dec 30 04:06:34 CET 2013: 3: finished (5763ms, 500cycles)
Mon Dec 30 04:06:34 CET 2013: 3: No solution found.
Mon Dec 30 04:06:35 CET 2013: 4: finished (862ms, 75cycles)
Mon Dec 30 04:06:35 CET 2013: 4: Solution found.
Mon Dec 30 04:06:35 CET 2013: 5: finished (666ms, 57cycles)
Mon Dec 30 04:06:35 CET 2013: 5: Solution found.
Mon Dec 30 04:06:44 CET 2013: 6: finished (8580ms, 500cycles)
Mon Dec 30 04:06:44 CET 2013: 6: No solution found.
Mon Dec 30 04:06:50 CET 2013: 7: finished (5493ms, 500cycles)
Mon Dec 30 04:06:50 CET 2013: 7: No solution found.
Mon Dec 30 04:06:55 CET 2013: 8: finished (5549ms, 500cycles)
Mon Dec 30 04:06:55 CET 2013: 8: No solution found.
Mon Dec 30 04:07:03 CET 2013: 9: finished (8328ms, 500cycles)
Mon Dec 30 04:07:03 CET 2013: 9: No solution found.
Mon Dec 30 04:07:09 CET 2013: 10: finished (5751ms, 500cycles)
Mon Dec 30 04:07:09 CET 2013: 10: No solution found.
Mon Dec 30 04:07:15 CET 2013: 11: finished (5567ms, 500cycles)
Mon Dec 30 04:07:15 CET 2013: 11: No solution found.
Mon Dec 30 04:07:21 CET 2013: 12: finished (5808ms, 500cycles)
Mon Dec 30 04:07:21 CET 2013: 12: No solution found.
Mon Dec 30 04:07:27 CET 2013: 13: finished (6974ms, 500cycles)
Mon Dec 30 04:07:27 CET 2013: 13: No solution found.
Mon Dec 30 04:07:29 CET 2013: 14: finished (1989ms, 174cycles)
Mon Dec 30 04:07:29 CET 2013: 14: Solution found.
Mon Dec 30 04:07:40 CET 2013: 15: finished (10114ms, 441cycles)
Mon Dec 30 04:07:40 CET 2013: 15: Solution found.
Mon Dec 30 04:07:41 CET 2013: 16: finished (1638ms, 121cycles)
Mon Dec 30 04:07:41 CET 2013: 16: Solution found.
Mon Dec 30 04:07:47 CET 2013: 17: finished (5601ms, 500cycles)
Mon Dec 30 04:07:47 CET 2013: 17: No solution found.
Mon Dec 30 04:07:52 CET 2013: 18: finished (5612ms, 500cycles)
Mon Dec 30 04:07:52 CET 2013: 18: No solution found.
Mon Dec 30 04:07:58 CET 2013: 19: finished (5522ms, 500cycles)
Mon Dec 30 04:07:58 CET 2013: 19: No solution found.
Mon Dec 30 04:08:04 CET 2013: 20: finished (5997ms, 500cycles)
Mon Dec 30 04:08:04 CET 2013: 20: No solution found.
Mon Dec 30 04:08:11 CET 2013: 21: finished (7172ms, 500cycles)
Mon Dec 30 04:08:11 CET 2013: 21: No solution found.
Mon Dec 30 04:08:18 CET 2013: 22: finished (7204ms, 500cycles)
Mon Dec 30 04:08:18 CET 2013: 22: No solution found.
Mon Dec 30 04:08:25 CET 2013: 23: finished (6489ms, 500cycles)
Mon Dec 30 04:08:25 CET 2013: 23: No solution found.
Mon Dec 30 04:08:32 CET 2013: 24: finished (6754ms, 500cycles)
Mon Dec 30 04:08:32 CET 2013: 24: No solution found.
Mon Dec 30 04:08:37 CET 2013: 25: finished (5705ms, 500cycles)
Mon Dec 30 04:08:37 CET 2013: 25: No solution found.
Mon Dec 30 04:08:43 CET 2013: 26: finished (6110ms, 500cycles)
Mon Dec 30 04:08:43 CET 2013: 26: No solution found.
Mon Dec 30 04:08:49 CET 2013: 27: finished (5753ms, 500cycles)
Mon Dec 30 04:08:49 CET 2013: 27: No solution found.
Mon Dec 30 04:08:54 CET 2013: 28: finished (5295ms, 500cycles)
Mon Dec 30 04:08:54 CET 2013: 28: No solution found.
Mon Dec 30 04:08:57 CET 2013: 29: finished (2564ms, 197cycles)
Mon Dec 30 04:08:57 CET 2013: 29: Solution found.
Mon Dec 30 04:09:05 CET 2013: 30: finished (7828ms, 500cycles)
Mon Dec 30 04:09:05 CET 2013: 30: No solution found.
Mon Dec 30 04:09:05 CET 2013: 31: finished (525ms, 35cycles)
Mon Dec 30 04:09:05 CET 2013: 31: Solution found.
Mon Dec 30 04:09:11 CET 2013: 32: finished (5818ms, 500cycles)
Mon Dec 30 04:09:11 CET 2013: 32: No solution found.
Mon Dec 30 04:09:17 CET 2013: 33: finished (5569ms, 500cycles)
Mon Dec 30 04:09:17 CET 2013: 33: No solution found.
Mon Dec 30 04:09:22 CET 2013: 34: finished (5277ms, 197cycles)
Mon Dec 30 04:09:22 CET 2013: 34: Solution found.
Mon Dec 30 04:09:28 CET 2013: 35: finished (5535ms, 500cycles)
Mon Dec 30 04:09:28 CET 2013: 35: No solution found.
Mon Dec 30 04:09:29 CET 2013: 36: finished (1017ms, 86cycles)
Mon Dec 30 04:09:29 CET 2013: 36: Solution found.
Mon Dec 30 04:09:34 CET 2013: 37: finished (5675ms, 500cycles)
Mon Dec 30 04:09:34 CET 2013: 37: No solution found.
Mon Dec 30 04:09:40 CET 2013: 38: finished (5298ms, 500cycles)
Mon Dec 30 04:09:40 CET 2013: 38: No solution found.
Mon Dec 30 04:09:40 CET 2013: 39: finished (378ms, 30cycles)
Mon Dec 30 04:09:40 CET 2013: 39: Solution found.
Mon Dec 30 04:09:46 CET 2013: 40: finished (5838ms, 500cycles)
Mon Dec 30 04:09:46 CET 2013: 40: No solution found.
Mon Dec 30 04:09:52 CET 2013: 41: finished (5882ms, 500cycles)
Mon Dec 30 04:09:52 CET 2013: 41: No solution found.
Mon Dec 30 04:10:00 CET 2013: 42: finished (8333ms, 500cycles)
Mon Dec 30 04:10:00 CET 2013: 42: No solution found.
Mon Dec 30 04:10:06 CET 2013: 43: finished (5882ms, 500cycles)
Mon Dec 30 04:10:06 CET 2013: 43: No solution found.
Mon Dec 30 04:10:12 CET 2013: 44: finished (5761ms, 500cycles)
Mon Dec 30 04:10:12 CET 2013: 44: No solution found.
Mon Dec 30 04:10:12 CET 2013: 45: finished (748ms, 63cycles)
Mon Dec 30 04:10:12 CET 2013: 45: Solution found.
Mon Dec 30 04:10:13 CET 2013: 46: finished (605ms, 51cycles)
Mon Dec 30 04:10:13 CET 2013: 46: Solution found.
Mon Dec 30 04:10:19 CET 2013: 47: finished (5675ms, 500cycles)
Mon Dec 30 04:10:19 CET 2013: 47: No solution found.
Mon Dec 30 04:10:24 CET 2013: 48: finished (4995ms, 500cycles)
Mon Dec 30 04:10:24 CET 2013: 48: No solution found.
Mon Dec 30 04:10:25 CET 2013: 49: finished (1631ms, 145cycles)
Mon Dec 30 04:10:25 CET 2013: 49: Solution found.
Mon Dec 30 04:10:26 CET 2013: 50: finished (411ms, 33cycles)
Mon Dec 30 04:10:26 CET 2013: 50: Solution found.
Mon Dec 30 04:10:34 CET 2013: 51: finished (8636ms, 500cycles)
Mon Dec 30 04:10:34 CET 2013: 51: No solution found.
Mon Dec 30 04:10:35 CET 2013: 52: finished (876ms, 73cycles)
Mon Dec 30 04:10:35 CET 2013: 52: Solution found.
Mon Dec 30 04:10:41 CET 2013: 53: finished (5705ms, 500cycles)
Mon Dec 30 04:10:41 CET 2013: 53: No solution found.
Mon Dec 30 04:10:46 CET 2013: 54: finished (5473ms, 500cycles)
Mon Dec 30 04:10:46 CET 2013: 54: No solution found.
Mon Dec 30 04:10:47 CET 2013: 55: finished (264ms, 23cycles)
Mon Dec 30 04:10:47 CET 2013: 55: Solution found.
Mon Dec 30 04:10:52 CET 2013: 56: finished (5582ms, 500cycles)
Mon Dec 30 04:10:52 CET 2013: 56: No solution found.
Mon Dec 30 04:10:55 CET 2013: 57: finished (3173ms, 221cycles)
Mon Dec 30 04:10:55 CET 2013: 57: Solution found.
Mon Dec 30 04:11:01 CET 2013: 58: finished (5538ms, 500cycles)
Mon Dec 30 04:11:01 CET 2013: 58: No solution found.
Mon Dec 30 04:11:09 CET 2013: 59: finished (8105ms, 500cycles)
Mon Dec 30 04:11:09 CET 2013: 59: No solution found.
Mon Dec 30 04:11:15 CET 2013: 60: finished (5719ms, 500cycles)
Mon Dec 30 04:11:15 CET 2013: 60: No solution found.
Mon Dec 30 04:11:22 CET 2013: 61: finished (7037ms, 500cycles)
Mon Dec 30 04:11:22 CET 2013: 61: No solution found.
Mon Dec 30 04:11:28 CET 2013: 62: finished (6080ms, 500cycles)
Mon Dec 30 04:11:28 CET 2013: 62: No solution found.
Mon Dec 30 04:11:33 CET 2013: 63: finished (5535ms, 500cycles)
Mon Dec 30 04:11:33 CET 2013: 63: No solution found.
Mon Dec 30 04:11:39 CET 2013: 64: finished (5551ms, 500cycles)
Mon Dec 30 04:11:39 CET 2013: 64: No solution found.
Mon Dec 30 04:11:45 CET 2013: 65: finished (5819ms, 500cycles)
Mon Dec 30 04:11:45 CET 2013: 65: No solution found.
Mon Dec 30 04:11:50 CET 2013: 66: finished (5640ms, 500cycles)
Mon Dec 30 04:11:50 CET 2013: 66: No solution found.
Mon Dec 30 04:11:51 CET 2013: 67: finished (519ms, 44cycles)
Mon Dec 30 04:11:51 CET 2013: 67: Solution found.
Mon Dec 30 04:11:57 CET 2013: 68: finished (5829ms, 500cycles)
Mon Dec 30 04:11:57 CET 2013: 68: No solution found.
Mon Dec 30 04:12:02 CET 2013: 69: finished (5552ms, 500cycles)
Mon Dec 30 04:12:02 CET 2013: 69: No solution found.
Mon Dec 30 04:12:08 CET 2013: 70: finished (5750ms, 500cycles)
Mon Dec 30 04:12:08 CET 2013: 70: No solution found.
Mon Dec 30 04:12:14 CET 2013: 71: finished (5769ms, 500cycles)
Mon Dec 30 04:12:14 CET 2013: 71: No solution found.
Mon Dec 30 04:12:22 CET 2013: 72: finished (8407ms, 500cycles)
Mon Dec 30 04:12:22 CET 2013: 72: No solution found.
Mon Dec 30 04:12:28 CET 2013: 73: finished (5554ms, 500cycles)
Mon Dec 30 04:12:28 CET 2013: 73: No solution found.
Mon Dec 30 04:12:29 CET 2013: 74: finished (1306ms, 112cycles)
Mon Dec 30 04:12:29 CET 2013: 74: Solution found.
Mon Dec 30 04:12:37 CET 2013: 75: finished (7854ms, 500cycles)
Mon Dec 30 04:12:37 CET 2013: 75: No solution found.
Mon Dec 30 04:12:39 CET 2013: 76: finished (1600ms, 65cycles)
Mon Dec 30 04:12:39 CET 2013: 76: Solution found.
Mon Dec 30 04:12:44 CET 2013: 77: finished (5808ms, 500cycles)
Mon Dec 30 04:12:44 CET 2013: 77: No solution found.
Mon Dec 30 04:12:50 CET 2013: 78: finished (5808ms, 500cycles)
Mon Dec 30 04:12:50 CET 2013: 78: No solution found.
Mon Dec 30 04:12:56 CET 2013: 79: finished (5888ms, 500cycles)
Mon Dec 30 04:12:56 CET 2013: 79: No solution found.
Mon Dec 30 04:13:02 CET 2013: 80: finished (5588ms, 500cycles)
Mon Dec 30 04:13:02 CET 2013: 80: No solution found.
Mon Dec 30 04:13:07 CET 2013: 81: finished (5584ms, 500cycles)
Mon Dec 30 04:13:07 CET 2013: 81: No solution found.
Mon Dec 30 04:13:12 CET 2013: 82: finished (5202ms, 500cycles)
Mon Dec 30 04:13:12 CET 2013: 82: No solution found.
Mon Dec 30 04:13:13 CET 2013: 83: finished (953ms, 81cycles)
Mon Dec 30 04:13:13 CET 2013: 83: Solution found.
Mon Dec 30 04:13:19 CET 2013: 84: finished (5737ms, 500cycles)
Mon Dec 30 04:13:19 CET 2013: 84: No solution found.
Mon Dec 30 04:13:20 CET 2013: 85: finished (784ms, 66cycles)
Mon Dec 30 04:13:20 CET 2013: 85: Solution found.
Mon Dec 30 04:13:20 CET 2013: 86: finished (505ms, 43cycles)
Mon Dec 30 04:13:20 CET 2013: 86: Solution found.
Mon Dec 30 04:13:26 CET 2013: 87: finished (5104ms, 500cycles)
Mon Dec 30 04:13:26 CET 2013: 87: No solution found.
Mon Dec 30 04:13:31 CET 2013: 88: finished (5939ms, 500cycles)
Mon Dec 30 04:13:31 CET 2013: 88: No solution found.
Mon Dec 30 04:13:32 CET 2013: 89: finished (559ms, 47cycles)
Mon Dec 30 04:13:32 CET 2013: 89: Solution found.
Mon Dec 30 04:13:38 CET 2013: 90: finished (5743ms, 500cycles)
Mon Dec 30 04:13:38 CET 2013: 90: No solution found.
Mon Dec 30 04:13:39 CET 2013: 91: finished (852ms, 74cycles)
Mon Dec 30 04:13:39 CET 2013: 91: Solution found.
Mon Dec 30 04:13:39 CET 2013: 92: finished (815ms, 68cycles)
Mon Dec 30 04:13:39 CET 2013: 92: Solution found.
Mon Dec 30 04:13:40 CET 2013: 93: finished (647ms, 56cycles)
Mon Dec 30 04:13:40 CET 2013: 93: Solution found.
Mon Dec 30 04:13:48 CET 2013: 94: finished (8307ms, 500cycles)
Mon Dec 30 04:13:48 CET 2013: 94: No solution found.
Mon Dec 30 04:13:49 CET 2013: 95: finished (760ms, 63cycles)
Mon Dec 30 04:13:49 CET 2013: 95: Solution found.
Mon Dec 30 04:13:55 CET 2013: 96: finished (5668ms, 500cycles)
Mon Dec 30 04:13:55 CET 2013: 96: No solution found.
Mon Dec 30 04:13:56 CET 2013: 97: finished (1349ms, 113cycles)
Mon Dec 30 04:13:56 CET 2013: 97: Solution found.
Mon Dec 30 04:14:03 CET 2013: 98: finished (7153ms, 500cycles)
Mon Dec 30 04:14:03 CET 2013: 98: No solution found.
Mon Dec 30 04:14:09 CET 2013: 99: finished (5601ms, 500cycles)
Mon Dec 30 04:14:09 CET 2013: 99: No solution found.
Mon Dec 30 04:14:09 CET 2013: Solution Found: 30
Mon Dec 30 04:14:09 CET 2013: Avg cycles: 95
Mon Dec 30 04:14:09 CET 2013: Max cycles: 441
Mon Dec 30 04:14:09 CET 2013: Min cycles: 23
Mon Dec 30 04:14:09 CET 2013: No solution found: 70
Mon Dec 30 04:14:09 CET 2013: logging finished. (runtime: 472007ms)
