Sat Dec 28 17:09:43 CET 2013: Problem Count: 200
Sat Dec 28 17:09:43 CET 2013: CandidatesCount: 50
Sat Dec 28 17:09:43 CET 2013: Max Cycles: 500
Sat Dec 28 17:09:51 CET 2013: 0: finished (7544ms, 500cycles)
Sat Dec 28 17:09:51 CET 2013: 0: No solution found.
Sat Dec 28 17:09:57 CET 2013: 1: finished (6352ms, 500cycles)
Sat Dec 28 17:09:57 CET 2013: 1: No solution found.
Sat Dec 28 17:10:04 CET 2013: 2: finished (7153ms, 500cycles)
Sat Dec 28 17:10:04 CET 2013: 2: No solution found.
Sat Dec 28 17:10:10 CET 2013: 3: finished (6017ms, 500cycles)
Sat Dec 28 17:10:10 CET 2013: 3: No solution found.
Sat Dec 28 17:10:17 CET 2013: 4: finished (6452ms, 500cycles)
Sat Dec 28 17:10:17 CET 2013: 4: No solution found.
Sat Dec 28 17:10:23 CET 2013: 5: finished (6166ms, 500cycles)
Sat Dec 28 17:10:23 CET 2013: 5: No solution found.
Sat Dec 28 17:10:30 CET 2013: 6: finished (6948ms, 500cycles)
Sat Dec 28 17:10:30 CET 2013: 6: No solution found.
Sat Dec 28 17:10:37 CET 2013: 7: finished (6595ms, 500cycles)
Sat Dec 28 17:10:37 CET 2013: 7: No solution found.
Sat Dec 28 17:10:43 CET 2013: 8: finished (6895ms, 500cycles)
Sat Dec 28 17:10:43 CET 2013: 8: No solution found.
Sat Dec 28 17:10:50 CET 2013: 9: finished (6346ms, 500cycles)
Sat Dec 28 17:10:50 CET 2013: 9: No solution found.
Sat Dec 28 17:10:56 CET 2013: 10: finished (6163ms, 500cycles)
Sat Dec 28 17:10:56 CET 2013: 10: No solution found.
Sat Dec 28 17:11:03 CET 2013: 11: finished (6590ms, 500cycles)
Sat Dec 28 17:11:03 CET 2013: 11: No solution found.
Sat Dec 28 17:11:10 CET 2013: 12: finished (7412ms, 500cycles)
Sat Dec 28 17:11:10 CET 2013: 12: No solution found.
Sat Dec 28 17:11:17 CET 2013: 13: finished (6620ms, 500cycles)
Sat Dec 28 17:11:17 CET 2013: 13: No solution found.
Sat Dec 28 17:11:23 CET 2013: 14: finished (6234ms, 500cycles)
Sat Dec 28 17:11:23 CET 2013: 14: No solution found.
Sat Dec 28 17:11:30 CET 2013: 15: finished (6752ms, 500cycles)
Sat Dec 28 17:11:30 CET 2013: 15: No solution found.
Sat Dec 28 17:11:36 CET 2013: 16: finished (6845ms, 500cycles)
Sat Dec 28 17:11:36 CET 2013: 16: No solution found.
Sat Dec 28 17:11:42 CET 2013: 17: finished (5433ms, 500cycles)
Sat Dec 28 17:11:42 CET 2013: 17: No solution found.
Sat Dec 28 17:11:49 CET 2013: 18: finished (6958ms, 500cycles)
Sat Dec 28 17:11:49 CET 2013: 18: No solution found.
Sat Dec 28 17:11:56 CET 2013: 19: finished (6757ms, 500cycles)
Sat Dec 28 17:11:56 CET 2013: 19: No solution found.
Sat Dec 28 17:12:02 CET 2013: 20: finished (6624ms, 500cycles)
Sat Dec 28 17:12:02 CET 2013: 20: No solution found.
Sat Dec 28 17:12:09 CET 2013: 21: finished (6391ms, 500cycles)
Sat Dec 28 17:12:09 CET 2013: 21: No solution found.
Sat Dec 28 17:12:15 CET 2013: 22: finished (6704ms, 500cycles)
Sat Dec 28 17:12:15 CET 2013: 22: No solution found.
Sat Dec 28 17:12:22 CET 2013: 23: finished (7192ms, 500cycles)
Sat Dec 28 17:12:22 CET 2013: 23: No solution found.
Sat Dec 28 17:12:29 CET 2013: 24: finished (6992ms, 500cycles)
Sat Dec 28 17:12:29 CET 2013: 24: No solution found.
Sat Dec 28 17:12:35 CET 2013: 25: finished (5850ms, 500cycles)
Sat Dec 28 17:12:35 CET 2013: 25: No solution found.
Sat Dec 28 17:12:42 CET 2013: 26: finished (7095ms, 500cycles)
Sat Dec 28 17:12:42 CET 2013: 26: No solution found.
Sat Dec 28 17:12:50 CET 2013: 27: finished (7128ms, 500cycles)
Sat Dec 28 17:12:50 CET 2013: 27: No solution found.
Sat Dec 28 17:12:56 CET 2013: 28: finished (6547ms, 500cycles)
Sat Dec 28 17:12:56 CET 2013: 28: No solution found.
Sat Dec 28 17:13:04 CET 2013: 29: finished (8066ms, 500cycles)
Sat Dec 28 17:13:04 CET 2013: 29: No solution found.
Sat Dec 28 17:13:11 CET 2013: 30: finished (6959ms, 500cycles)
Sat Dec 28 17:13:11 CET 2013: 30: No solution found.
Sat Dec 28 17:13:12 CET 2013: 31: finished (851ms, 47cycles)
Sat Dec 28 17:13:12 CET 2013: 31: Solution found.
Sat Dec 28 17:13:19 CET 2013: 32: finished (6996ms, 500cycles)
Sat Dec 28 17:13:19 CET 2013: 32: No solution found.
Sat Dec 28 17:13:26 CET 2013: 33: finished (6542ms, 500cycles)
Sat Dec 28 17:13:26 CET 2013: 33: No solution found.
Sat Dec 28 17:13:32 CET 2013: 34: finished (6354ms, 500cycles)
Sat Dec 28 17:13:32 CET 2013: 34: No solution found.
Sat Dec 28 17:13:40 CET 2013: 35: finished (7649ms, 500cycles)
Sat Dec 28 17:13:40 CET 2013: 35: No solution found.
Sat Dec 28 17:13:46 CET 2013: 36: finished (6662ms, 500cycles)
Sat Dec 28 17:13:46 CET 2013: 36: No solution found.
Sat Dec 28 17:13:53 CET 2013: 37: finished (6768ms, 500cycles)
Sat Dec 28 17:13:53 CET 2013: 37: No solution found.
Sat Dec 28 17:13:59 CET 2013: 38: finished (6502ms, 500cycles)
Sat Dec 28 17:13:59 CET 2013: 38: No solution found.
Sat Dec 28 17:14:00 CET 2013: 39: finished (914ms, 67cycles)
Sat Dec 28 17:14:00 CET 2013: 39: Solution found.
Sat Dec 28 17:14:07 CET 2013: 40: finished (6685ms, 500cycles)
Sat Dec 28 17:14:07 CET 2013: 40: No solution found.
Sat Dec 28 17:14:14 CET 2013: 41: finished (7322ms, 500cycles)
Sat Dec 28 17:14:14 CET 2013: 41: No solution found.
Sat Dec 28 17:14:21 CET 2013: 42: finished (6665ms, 500cycles)
Sat Dec 28 17:14:21 CET 2013: 42: No solution found.
Sat Dec 28 17:14:27 CET 2013: 43: finished (6350ms, 500cycles)
Sat Dec 28 17:14:27 CET 2013: 43: No solution found.
Sat Dec 28 17:14:34 CET 2013: 44: finished (7048ms, 500cycles)
Sat Dec 28 17:14:34 CET 2013: 44: No solution found.
Sat Dec 28 17:14:41 CET 2013: 45: finished (6597ms, 500cycles)
Sat Dec 28 17:14:41 CET 2013: 45: No solution found.
Sat Dec 28 17:14:49 CET 2013: 46: finished (7538ms, 500cycles)
Sat Dec 28 17:14:49 CET 2013: 46: No solution found.
Sat Dec 28 17:14:56 CET 2013: 47: finished (7167ms, 500cycles)
Sat Dec 28 17:14:56 CET 2013: 47: No solution found.
Sat Dec 28 17:15:02 CET 2013: 48: finished (6618ms, 500cycles)
Sat Dec 28 17:15:02 CET 2013: 48: No solution found.
Sat Dec 28 17:15:09 CET 2013: 49: finished (6615ms, 500cycles)
Sat Dec 28 17:15:09 CET 2013: 49: No solution found.
Sat Dec 28 17:15:16 CET 2013: 50: finished (6588ms, 500cycles)
Sat Dec 28 17:15:16 CET 2013: 50: No solution found.
Sat Dec 28 17:15:22 CET 2013: 51: finished (6718ms, 500cycles)
Sat Dec 28 17:15:22 CET 2013: 51: No solution found.
Sat Dec 28 17:15:30 CET 2013: 52: finished (7884ms, 500cycles)
Sat Dec 28 17:15:30 CET 2013: 52: No solution found.
Sat Dec 28 17:15:37 CET 2013: 53: finished (7182ms, 500cycles)
Sat Dec 28 17:15:37 CET 2013: 53: No solution found.
Sat Dec 28 17:15:44 CET 2013: 54: finished (6908ms, 500cycles)
Sat Dec 28 17:15:44 CET 2013: 54: No solution found.
Sat Dec 28 17:15:46 CET 2013: 55: finished (1951ms, 141cycles)
Sat Dec 28 17:15:46 CET 2013: 55: Solution found.
Sat Dec 28 17:15:53 CET 2013: 56: finished (7000ms, 500cycles)
Sat Dec 28 17:15:53 CET 2013: 56: No solution found.
Sat Dec 28 17:16:00 CET 2013: 57: finished (6436ms, 500cycles)
Sat Dec 28 17:16:00 CET 2013: 57: No solution found.
Sat Dec 28 17:16:07 CET 2013: 58: finished (6903ms, 500cycles)
Sat Dec 28 17:16:07 CET 2013: 58: No solution found.
Sat Dec 28 17:16:13 CET 2013: 59: finished (6705ms, 500cycles)
Sat Dec 28 17:16:13 CET 2013: 59: No solution found.
Sat Dec 28 17:16:21 CET 2013: 60: finished (7309ms, 500cycles)
Sat Dec 28 17:16:21 CET 2013: 60: No solution found.
Sat Dec 28 17:16:27 CET 2013: 61: finished (6823ms, 500cycles)
Sat Dec 28 17:16:27 CET 2013: 61: No solution found.
Sat Dec 28 17:16:35 CET 2013: 62: finished (7214ms, 500cycles)
Sat Dec 28 17:16:35 CET 2013: 62: No solution found.
Sat Dec 28 17:16:36 CET 2013: 63: finished (959ms, 59cycles)
Sat Dec 28 17:16:36 CET 2013: 63: Solution found.
Sat Dec 28 17:16:36 CET 2013: 64: finished (352ms, 19cycles)
Sat Dec 28 17:16:36 CET 2013: 64: Solution found.
Sat Dec 28 17:16:44 CET 2013: 65: finished (7697ms, 500cycles)
Sat Dec 28 17:16:44 CET 2013: 65: No solution found.
Sat Dec 28 17:16:50 CET 2013: 66: finished (6548ms, 500cycles)
Sat Dec 28 17:16:50 CET 2013: 66: No solution found.
Sat Dec 28 17:16:57 CET 2013: 67: finished (6669ms, 500cycles)
Sat Dec 28 17:16:57 CET 2013: 67: No solution found.
Sat Dec 28 17:17:04 CET 2013: 68: finished (6841ms, 500cycles)
Sat Dec 28 17:17:04 CET 2013: 68: No solution found.
Sat Dec 28 17:17:05 CET 2013: 69: finished (1179ms, 86cycles)
Sat Dec 28 17:17:05 CET 2013: 69: Solution found.
Sat Dec 28 17:17:12 CET 2013: 70: finished (6882ms, 500cycles)
Sat Dec 28 17:17:12 CET 2013: 70: No solution found.
Sat Dec 28 17:17:13 CET 2013: 71: finished (1614ms, 116cycles)
Sat Dec 28 17:17:13 CET 2013: 71: Solution found.
Sat Dec 28 17:17:20 CET 2013: 72: finished (7096ms, 500cycles)
Sat Dec 28 17:17:20 CET 2013: 72: No solution found.
Sat Dec 28 17:17:28 CET 2013: 73: finished (7557ms, 500cycles)
Sat Dec 28 17:17:28 CET 2013: 73: No solution found.
Sat Dec 28 17:17:35 CET 2013: 74: finished (6609ms, 500cycles)
Sat Dec 28 17:17:35 CET 2013: 74: No solution found.
Sat Dec 28 17:17:41 CET 2013: 75: finished (6774ms, 500cycles)
Sat Dec 28 17:17:41 CET 2013: 75: No solution found.
Sat Dec 28 17:17:42 CET 2013: 76: finished (348ms, 24cycles)
Sat Dec 28 17:17:42 CET 2013: 76: Solution found.
Sat Dec 28 17:17:48 CET 2013: 77: finished (6614ms, 500cycles)
Sat Dec 28 17:17:48 CET 2013: 77: No solution found.
Sat Dec 28 17:17:55 CET 2013: 78: finished (6641ms, 500cycles)
Sat Dec 28 17:17:55 CET 2013: 78: No solution found.
Sat Dec 28 17:18:02 CET 2013: 79: finished (6744ms, 500cycles)
Sat Dec 28 17:18:02 CET 2013: 79: No solution found.
Sat Dec 28 17:18:08 CET 2013: 80: finished (6476ms, 500cycles)
Sat Dec 28 17:18:08 CET 2013: 80: No solution found.
Sat Dec 28 17:18:15 CET 2013: 81: finished (6886ms, 500cycles)
Sat Dec 28 17:18:15 CET 2013: 81: No solution found.
Sat Dec 28 17:18:22 CET 2013: 82: finished (6730ms, 500cycles)
Sat Dec 28 17:18:22 CET 2013: 82: No solution found.
Sat Dec 28 17:18:26 CET 2013: 83: finished (4359ms, 285cycles)
Sat Dec 28 17:18:26 CET 2013: 83: Solution found.
Sat Dec 28 17:18:33 CET 2013: 84: finished (6384ms, 500cycles)
Sat Dec 28 17:18:33 CET 2013: 84: No solution found.
Sat Dec 28 17:18:40 CET 2013: 85: finished (7370ms, 500cycles)
Sat Dec 28 17:18:40 CET 2013: 85: No solution found.
Sat Dec 28 17:18:46 CET 2013: 86: finished (6548ms, 500cycles)
Sat Dec 28 17:18:46 CET 2013: 86: No solution found.
Sat Dec 28 17:18:53 CET 2013: 87: finished (6242ms, 500cycles)
Sat Dec 28 17:18:53 CET 2013: 87: No solution found.
Sat Dec 28 17:18:59 CET 2013: 88: finished (6406ms, 500cycles)
Sat Dec 28 17:18:59 CET 2013: 88: No solution found.
Sat Dec 28 17:19:06 CET 2013: 89: finished (6595ms, 500cycles)
Sat Dec 28 17:19:06 CET 2013: 89: No solution found.
Sat Dec 28 17:19:07 CET 2013: 90: finished (1245ms, 90cycles)
Sat Dec 28 17:19:07 CET 2013: 90: Solution found.
Sat Dec 28 17:19:08 CET 2013: 91: finished (1427ms, 105cycles)
Sat Dec 28 17:19:08 CET 2013: 91: Solution found.
Sat Dec 28 17:19:16 CET 2013: 92: finished (7681ms, 500cycles)
Sat Dec 28 17:19:16 CET 2013: 92: No solution found.
Sat Dec 28 17:19:23 CET 2013: 93: finished (6881ms, 500cycles)
Sat Dec 28 17:19:23 CET 2013: 93: No solution found.
Sat Dec 28 17:19:30 CET 2013: 94: finished (7100ms, 500cycles)
Sat Dec 28 17:19:30 CET 2013: 94: No solution found.
Sat Dec 28 17:19:31 CET 2013: 95: finished (1060ms, 77cycles)
Sat Dec 28 17:19:31 CET 2013: 95: Solution found.
Sat Dec 28 17:19:38 CET 2013: 96: finished (6632ms, 500cycles)
Sat Dec 28 17:19:38 CET 2013: 96: No solution found.
Sat Dec 28 17:19:45 CET 2013: 97: finished (6866ms, 500cycles)
Sat Dec 28 17:19:45 CET 2013: 97: No solution found.
Sat Dec 28 17:19:52 CET 2013: 98: finished (7306ms, 500cycles)
Sat Dec 28 17:19:52 CET 2013: 98: No solution found.
Sat Dec 28 17:19:59 CET 2013: 99: finished (6613ms, 500cycles)
Sat Dec 28 17:19:59 CET 2013: 99: No solution found.
Sat Dec 28 17:19:59 CET 2013: Solution Found: 12
Sat Dec 28 17:19:59 CET 2013: Avg cycles: 93
Sat Dec 28 17:19:59 CET 2013: Max cycles: 285
Sat Dec 28 17:19:59 CET 2013: Min cycles: 19
Sat Dec 28 17:19:59 CET 2013: No solution found: 88
Sat Dec 28 17:19:59 CET 2013: logging finished. (runtime: 615218ms)
