Sat Jan 25 23:09:58 CET 2014: Problem Count: 150
Sat Jan 25 23:09:58 CET 2014: CandidatesCount: 200
Sat Jan 25 23:09:58 CET 2014: Max Cycles: 500
Sat Jan 25 23:09:59 CET 2014: 0: finished (195ms, 13cycles)
Sat Jan 25 23:09:59 CET 2014: 0: Solution found.
Sat Jan 25 23:09:59 CET 2014: 1: finished (198ms, 15cycles)
Sat Jan 25 23:09:59 CET 2014: 1: Solution found.
Sat Jan 25 23:09:59 CET 2014: 2: finished (238ms, 16cycles)
Sat Jan 25 23:09:59 CET 2014: 2: Solution found.
Sat Jan 25 23:09:59 CET 2014: 3: finished (28ms, 1cycles)
Sat Jan 25 23:09:59 CET 2014: 3: Solution found.
Sat Jan 25 23:09:59 CET 2014: 4: finished (310ms, 23cycles)
Sat Jan 25 23:09:59 CET 2014: 4: Solution found.
Sat Jan 25 23:10:00 CET 2014: 5: finished (184ms, 11cycles)
Sat Jan 25 23:10:00 CET 2014: 5: Solution found.
Sat Jan 25 23:10:00 CET 2014: 6: finished (132ms, 8cycles)
Sat Jan 25 23:10:00 CET 2014: 6: Solution found.
Sat Jan 25 23:10:00 CET 2014: 7: finished (175ms, 12cycles)
Sat Jan 25 23:10:00 CET 2014: 7: Solution found.
Sat Jan 25 23:10:00 CET 2014: 8: finished (257ms, 17cycles)
Sat Jan 25 23:10:00 CET 2014: 8: Solution found.
Sat Jan 25 23:10:01 CET 2014: 9: finished (316ms, 24cycles)
Sat Jan 25 23:10:01 CET 2014: 9: Solution found.
Sat Jan 25 23:10:01 CET 2014: 10: finished (202ms, 14cycles)
Sat Jan 25 23:10:01 CET 2014: 10: Solution found.
Sat Jan 25 23:10:01 CET 2014: 11: finished (105ms, 7cycles)
Sat Jan 25 23:10:01 CET 2014: 11: Solution found.
Sat Jan 25 23:10:01 CET 2014: 12: finished (82ms, 5cycles)
Sat Jan 25 23:10:01 CET 2014: 12: Solution found.
Sat Jan 25 23:10:01 CET 2014: 13: finished (93ms, 6cycles)
Sat Jan 25 23:10:01 CET 2014: 13: Solution found.
Sat Jan 25 23:10:01 CET 2014: 14: finished (249ms, 16cycles)
Sat Jan 25 23:10:01 CET 2014: 14: Solution found.
Sat Jan 25 23:10:01 CET 2014: 15: finished (140ms, 10cycles)
Sat Jan 25 23:10:01 CET 2014: 15: Solution found.
Sat Jan 25 23:10:01 CET 2014: 16: finished (81ms, 5cycles)
Sat Jan 25 23:10:01 CET 2014: 16: Solution found.
Sat Jan 25 23:10:02 CET 2014: 17: finished (146ms, 9cycles)
Sat Jan 25 23:10:02 CET 2014: 17: Solution found.
Sat Jan 25 23:10:02 CET 2014: 18: finished (192ms, 14cycles)
Sat Jan 25 23:10:02 CET 2014: 18: Solution found.
Sat Jan 25 23:10:02 CET 2014: 19: finished (124ms, 8cycles)
Sat Jan 25 23:10:02 CET 2014: 19: Solution found.
Sat Jan 25 23:10:02 CET 2014: 20: finished (113ms, 7cycles)
Sat Jan 25 23:10:02 CET 2014: 20: Solution found.
Sat Jan 25 23:10:12 CET 2014: 21: finished (10267ms, 500cycles)
Sat Jan 25 23:10:12 CET 2014: 21: No solution found.
Sat Jan 25 23:10:12 CET 2014: 22: finished (89ms, 6cycles)
Sat Jan 25 23:10:12 CET 2014: 22: Solution found.
Sat Jan 25 23:10:13 CET 2014: 23: finished (217ms, 14cycles)
Sat Jan 25 23:10:13 CET 2014: 23: Solution found.
Sat Jan 25 23:10:13 CET 2014: 24: finished (148ms, 8cycles)
Sat Jan 25 23:10:13 CET 2014: 24: Solution found.
Sat Jan 25 23:10:13 CET 2014: 25: finished (187ms, 12cycles)
Sat Jan 25 23:10:13 CET 2014: 25: Solution found.
Sat Jan 25 23:10:13 CET 2014: 26: finished (289ms, 21cycles)
Sat Jan 25 23:10:13 CET 2014: 26: Solution found.
Sat Jan 25 23:10:13 CET 2014: 27: finished (52ms, 3cycles)
Sat Jan 25 23:10:13 CET 2014: 27: Solution found.
Sat Jan 25 23:10:14 CET 2014: 28: finished (261ms, 18cycles)
Sat Jan 25 23:10:14 CET 2014: 28: Solution found.
Sat Jan 25 23:10:14 CET 2014: 29: finished (245ms, 17cycles)
Sat Jan 25 23:10:14 CET 2014: 29: Solution found.
Sat Jan 25 23:10:14 CET 2014: 30: finished (66ms, 4cycles)
Sat Jan 25 23:10:14 CET 2014: 30: Solution found.
Sat Jan 25 23:10:14 CET 2014: 31: finished (51ms, 3cycles)
Sat Jan 25 23:10:14 CET 2014: 31: Solution found.
Sat Jan 25 23:10:14 CET 2014: 32: finished (308ms, 21cycles)
Sat Jan 25 23:10:14 CET 2014: 32: Solution found.
Sat Jan 25 23:10:14 CET 2014: 33: finished (198ms, 13cycles)
Sat Jan 25 23:10:14 CET 2014: 33: Solution found.
Sat Jan 25 23:10:15 CET 2014: 34: finished (246ms, 16cycles)
Sat Jan 25 23:10:15 CET 2014: 34: Solution found.
Sat Jan 25 23:10:15 CET 2014: 35: finished (185ms, 12cycles)
Sat Jan 25 23:10:15 CET 2014: 35: Solution found.
Sat Jan 25 23:10:15 CET 2014: 36: finished (252ms, 17cycles)
Sat Jan 25 23:10:15 CET 2014: 36: Solution found.
Sat Jan 25 23:10:15 CET 2014: 37: finished (71ms, 4cycles)
Sat Jan 25 23:10:15 CET 2014: 37: Solution found.
Sat Jan 25 23:10:16 CET 2014: 38: finished (388ms, 29cycles)
Sat Jan 25 23:10:16 CET 2014: 38: Solution found.
Sat Jan 25 23:10:16 CET 2014: 39: finished (201ms, 14cycles)
Sat Jan 25 23:10:16 CET 2014: 39: Solution found.
Sat Jan 25 23:10:16 CET 2014: 40: finished (132ms, 8cycles)
Sat Jan 25 23:10:16 CET 2014: 40: Solution found.
Sat Jan 25 23:10:16 CET 2014: 41: finished (78ms, 5cycles)
Sat Jan 25 23:10:16 CET 2014: 41: Solution found.
Sat Jan 25 23:10:16 CET 2014: 42: finished (162ms, 11cycles)
Sat Jan 25 23:10:16 CET 2014: 42: Solution found.
Sat Jan 25 23:10:16 CET 2014: 43: finished (196ms, 13cycles)
Sat Jan 25 23:10:16 CET 2014: 43: Solution found.
Sat Jan 25 23:10:16 CET 2014: 44: finished (43ms, 2cycles)
Sat Jan 25 23:10:16 CET 2014: 44: Solution found.
Sat Jan 25 23:10:17 CET 2014: 45: finished (122ms, 9cycles)
Sat Jan 25 23:10:17 CET 2014: 45: Solution found.
Sat Jan 25 23:10:17 CET 2014: 46: finished (99ms, 7cycles)
Sat Jan 25 23:10:17 CET 2014: 46: Solution found.
Sat Jan 25 23:10:17 CET 2014: 47: finished (144ms, 8cycles)
Sat Jan 25 23:10:17 CET 2014: 47: Solution found.
Sat Jan 25 23:10:17 CET 2014: 48: finished (100ms, 6cycles)
Sat Jan 25 23:10:17 CET 2014: 48: Solution found.
Sat Jan 25 23:10:17 CET 2014: 49: finished (155ms, 10cycles)
Sat Jan 25 23:10:17 CET 2014: 49: Solution found.
Sat Jan 25 23:10:17 CET 2014: 50: finished (210ms, 13cycles)
Sat Jan 25 23:10:17 CET 2014: 50: Solution found.
Sat Jan 25 23:10:17 CET 2014: 51: finished (84ms, 5cycles)
Sat Jan 25 23:10:17 CET 2014: 51: Solution found.
Sat Jan 25 23:10:17 CET 2014: 52: finished (198ms, 14cycles)
Sat Jan 25 23:10:17 CET 2014: 52: Solution found.
Sat Jan 25 23:10:18 CET 2014: 53: finished (41ms, 2cycles)
Sat Jan 25 23:10:18 CET 2014: 53: Solution found.
Sat Jan 25 23:10:18 CET 2014: 54: finished (122ms, 8cycles)
Sat Jan 25 23:10:18 CET 2014: 54: Solution found.
Sat Jan 25 23:10:18 CET 2014: 55: finished (191ms, 10cycles)
Sat Jan 25 23:10:18 CET 2014: 55: Solution found.
Sat Jan 25 23:10:18 CET 2014: 56: finished (271ms, 18cycles)
Sat Jan 25 23:10:18 CET 2014: 56: Solution found.
Sat Jan 25 23:10:18 CET 2014: 57: finished (153ms, 8cycles)
Sat Jan 25 23:10:18 CET 2014: 57: Solution found.
Sat Jan 25 23:10:18 CET 2014: 58: finished (107ms, 7cycles)
Sat Jan 25 23:10:18 CET 2014: 58: Solution found.
Sat Jan 25 23:10:19 CET 2014: 59: finished (183ms, 12cycles)
Sat Jan 25 23:10:19 CET 2014: 59: Solution found.
Sat Jan 25 23:10:19 CET 2014: 60: finished (209ms, 15cycles)
Sat Jan 25 23:10:19 CET 2014: 60: Solution found.
Sat Jan 25 23:10:19 CET 2014: 61: finished (149ms, 10cycles)
Sat Jan 25 23:10:19 CET 2014: 61: Solution found.
Sat Jan 25 23:10:19 CET 2014: 62: finished (42ms, 2cycles)
Sat Jan 25 23:10:19 CET 2014: 62: Solution found.
Sat Jan 25 23:10:19 CET 2014: 63: finished (43ms, 2cycles)
Sat Jan 25 23:10:19 CET 2014: 63: Solution found.
Sat Jan 25 23:10:19 CET 2014: 64: finished (156ms, 11cycles)
Sat Jan 25 23:10:19 CET 2014: 64: Solution found.
Sat Jan 25 23:10:19 CET 2014: 65: finished (65ms, 4cycles)
Sat Jan 25 23:10:19 CET 2014: 65: Solution found.
Sat Jan 25 23:10:19 CET 2014: 66: finished (139ms, 8cycles)
Sat Jan 25 23:10:19 CET 2014: 66: Solution found.
Sat Jan 25 23:10:20 CET 2014: 67: finished (159ms, 10cycles)
Sat Jan 25 23:10:20 CET 2014: 67: Solution found.
Sat Jan 25 23:10:20 CET 2014: 68: finished (266ms, 20cycles)
Sat Jan 25 23:10:20 CET 2014: 68: Solution found.
Sat Jan 25 23:10:20 CET 2014: 69: finished (260ms, 18cycles)
Sat Jan 25 23:10:20 CET 2014: 69: Solution found.
Sat Jan 25 23:10:21 CET 2014: 70: finished (1023ms, 35cycles)
Sat Jan 25 23:10:21 CET 2014: 70: Solution found.
Sat Jan 25 23:10:21 CET 2014: 71: finished (371ms, 8cycles)
Sat Jan 25 23:10:21 CET 2014: 71: Solution found.
Sat Jan 25 23:10:22 CET 2014: 72: finished (480ms, 12cycles)
Sat Jan 25 23:10:22 CET 2014: 72: Solution found.
Sat Jan 25 23:10:23 CET 2014: 73: finished (630ms, 15cycles)
Sat Jan 25 23:10:23 CET 2014: 73: Solution found.
Sat Jan 25 23:10:23 CET 2014: 74: finished (676ms, 17cycles)
Sat Jan 25 23:10:23 CET 2014: 74: Solution found.
Sat Jan 25 23:10:24 CET 2014: 75: finished (444ms, 11cycles)
Sat Jan 25 23:10:24 CET 2014: 75: Solution found.
Sat Jan 25 23:10:24 CET 2014: 76: finished (210ms, 5cycles)
Sat Jan 25 23:10:24 CET 2014: 76: Solution found.
Sat Jan 25 23:10:24 CET 2014: 77: finished (364ms, 9cycles)
Sat Jan 25 23:10:24 CET 2014: 77: Solution found.
Sat Jan 25 23:10:24 CET 2014: 78: finished (154ms, 3cycles)
Sat Jan 25 23:10:24 CET 2014: 78: Solution found.
Sat Jan 25 23:10:25 CET 2014: 79: finished (749ms, 20cycles)
Sat Jan 25 23:10:25 CET 2014: 79: Solution found.
Sat Jan 25 23:10:26 CET 2014: 80: finished (404ms, 10cycles)
Sat Jan 25 23:10:26 CET 2014: 80: Solution found.
Sat Jan 25 23:10:26 CET 2014: 81: finished (314ms, 7cycles)
Sat Jan 25 23:10:26 CET 2014: 81: Solution found.
Sat Jan 25 23:10:27 CET 2014: 82: finished (722ms, 26cycles)
Sat Jan 25 23:10:27 CET 2014: 82: Solution found.
Sat Jan 25 23:10:27 CET 2014: 83: finished (246ms, 18cycles)
Sat Jan 25 23:10:27 CET 2014: 83: Solution found.
Sat Jan 25 23:10:27 CET 2014: 84: finished (191ms, 14cycles)
Sat Jan 25 23:10:27 CET 2014: 84: Solution found.
Sat Jan 25 23:10:27 CET 2014: 85: finished (198ms, 14cycles)
Sat Jan 25 23:10:27 CET 2014: 85: Solution found.
Sat Jan 25 23:10:27 CET 2014: 86: finished (168ms, 12cycles)
Sat Jan 25 23:10:27 CET 2014: 86: Solution found.
Sat Jan 25 23:10:28 CET 2014: 87: finished (425ms, 32cycles)
Sat Jan 25 23:10:28 CET 2014: 87: Solution found.
Sat Jan 25 23:10:28 CET 2014: 88: finished (79ms, 5cycles)
Sat Jan 25 23:10:28 CET 2014: 88: Solution found.
Sat Jan 25 23:10:29 CET 2014: 89: finished (1563ms, 126cycles)
Sat Jan 25 23:10:29 CET 2014: 89: Solution found.
Sat Jan 25 23:10:30 CET 2014: 90: finished (148ms, 9cycles)
Sat Jan 25 23:10:30 CET 2014: 90: Solution found.
Sat Jan 25 23:10:30 CET 2014: 91: finished (188ms, 13cycles)
Sat Jan 25 23:10:30 CET 2014: 91: Solution found.
Sat Jan 25 23:10:30 CET 2014: 92: finished (151ms, 10cycles)
Sat Jan 25 23:10:30 CET 2014: 92: Solution found.
Sat Jan 25 23:10:30 CET 2014: 93: finished (143ms, 10cycles)
Sat Jan 25 23:10:30 CET 2014: 93: Solution found.
Sat Jan 25 23:10:30 CET 2014: 94: finished (282ms, 21cycles)
Sat Jan 25 23:10:30 CET 2014: 94: Solution found.
Sat Jan 25 23:10:31 CET 2014: 95: finished (169ms, 12cycles)
Sat Jan 25 23:10:31 CET 2014: 95: Solution found.
Sat Jan 25 23:10:31 CET 2014: 96: finished (166ms, 12cycles)
Sat Jan 25 23:10:31 CET 2014: 96: Solution found.
Sat Jan 25 23:10:31 CET 2014: 97: finished (112ms, 7cycles)
Sat Jan 25 23:10:31 CET 2014: 97: Solution found.
Sat Jan 25 23:10:31 CET 2014: 98: finished (85ms, 6cycles)
Sat Jan 25 23:10:31 CET 2014: 98: Solution found.
Sat Jan 25 23:10:31 CET 2014: 99: finished (93ms, 6cycles)
Sat Jan 25 23:10:31 CET 2014: 99: Solution found.
Sat Jan 25 23:10:31 CET 2014: Solution Found: 99
Sat Jan 25 23:10:31 CET 2014: Avg cycles: 12
Sat Jan 25 23:10:31 CET 2014: Max cycles: 126
Sat Jan 25 23:10:31 CET 2014: Min cycles: 1
Sat Jan 25 23:10:31 CET 2014: No solution found: 1
Sat Jan 25 23:10:31 CET 2014: logging finished. (runtime: 32531ms)
