Sun Jan 26 03:58:42 CET 2014: Problem Count: 50
Sun Jan 26 03:58:42 CET 2014: CandidatesCount: 250
Sun Jan 26 03:58:42 CET 2014: Max Cycles: 500
Sun Jan 26 03:58:42 CET 2014: 0: finished (33ms, 9cycles)
Sun Jan 26 03:58:42 CET 2014: 0: Solution found.
Sun Jan 26 03:58:42 CET 2014: 1: finished (7ms, 1cycles)
Sun Jan 26 03:58:42 CET 2014: 1: Solution found.
Sun Jan 26 03:58:42 CET 2014: 2: finished (33ms, 9cycles)
Sun Jan 26 03:58:42 CET 2014: 2: Solution found.
Sun Jan 26 03:58:42 CET 2014: 3: finished (24ms, 6cycles)
Sun Jan 26 03:58:42 CET 2014: 3: Solution found.
Sun Jan 26 03:58:42 CET 2014: 4: finished (22ms, 3cycles)
Sun Jan 26 03:58:42 CET 2014: 4: Solution found.
Sun Jan 26 03:58:42 CET 2014: 5: finished (58ms, 17cycles)
Sun Jan 26 03:58:42 CET 2014: 5: Solution found.
Sun Jan 26 03:58:42 CET 2014: 6: finished (21ms, 5cycles)
Sun Jan 26 03:58:42 CET 2014: 6: Solution found.
Sun Jan 26 03:58:42 CET 2014: 7: finished (44ms, 12cycles)
Sun Jan 26 03:58:42 CET 2014: 7: Solution found.
Sun Jan 26 03:58:42 CET 2014: 8: finished (22ms, 6cycles)
Sun Jan 26 03:58:42 CET 2014: 8: Solution found.
Sun Jan 26 03:58:42 CET 2014: 9: finished (21ms, 5cycles)
Sun Jan 26 03:58:42 CET 2014: 9: Solution found.
Sun Jan 26 03:58:42 CET 2014: 10: finished (17ms, 4cycles)
Sun Jan 26 03:58:42 CET 2014: 10: Solution found.
Sun Jan 26 03:58:42 CET 2014: 11: finished (41ms, 12cycles)
Sun Jan 26 03:58:42 CET 2014: 11: Solution found.
Sun Jan 26 03:58:42 CET 2014: 12: finished (10ms, 2cycles)
Sun Jan 26 03:58:42 CET 2014: 12: Solution found.
Sun Jan 26 03:58:42 CET 2014: 13: finished (68ms, 18cycles)
Sun Jan 26 03:58:42 CET 2014: 13: Solution found.
Sun Jan 26 03:58:42 CET 2014: 14: finished (21ms, 5cycles)
Sun Jan 26 03:58:42 CET 2014: 14: Solution found.
Sun Jan 26 03:58:42 CET 2014: 15: finished (26ms, 7cycles)
Sun Jan 26 03:58:42 CET 2014: 15: Solution found.
Sun Jan 26 03:58:42 CET 2014: 16: finished (67ms, 18cycles)
Sun Jan 26 03:58:42 CET 2014: 16: Solution found.
Sun Jan 26 03:58:42 CET 2014: 17: finished (12ms, 2cycles)
Sun Jan 26 03:58:42 CET 2014: 17: Solution found.
Sun Jan 26 03:58:42 CET 2014: 18: finished (48ms, 11cycles)
Sun Jan 26 03:58:42 CET 2014: 18: Solution found.
Sun Jan 26 03:58:43 CET 2014: 19: finished (20ms, 5cycles)
Sun Jan 26 03:58:43 CET 2014: 19: Solution found.
Sun Jan 26 03:58:43 CET 2014: 20: finished (60ms, 16cycles)
Sun Jan 26 03:58:43 CET 2014: 20: Solution found.
Sun Jan 26 03:58:43 CET 2014: 21: finished (32ms, 7cycles)
Sun Jan 26 03:58:43 CET 2014: 21: Solution found.
Sun Jan 26 03:58:44 CET 2014: 22: finished (1592ms, 500cycles)
Sun Jan 26 03:58:44 CET 2014: 22: No solution found.
Sun Jan 26 03:58:44 CET 2014: 23: finished (23ms, 6cycles)
Sun Jan 26 03:58:44 CET 2014: 23: Solution found.
Sun Jan 26 03:58:44 CET 2014: 24: finished (13ms, 3cycles)
Sun Jan 26 03:58:44 CET 2014: 24: Solution found.
Sun Jan 26 03:58:44 CET 2014: 25: finished (33ms, 9cycles)
Sun Jan 26 03:58:44 CET 2014: 25: Solution found.
Sun Jan 26 03:58:44 CET 2014: 26: finished (33ms, 9cycles)
Sun Jan 26 03:58:44 CET 2014: 26: Solution found.
Sun Jan 26 03:58:44 CET 2014: 27: finished (29ms, 7cycles)
Sun Jan 26 03:58:44 CET 2014: 27: Solution found.
Sun Jan 26 03:58:44 CET 2014: 28: finished (18ms, 4cycles)
Sun Jan 26 03:58:44 CET 2014: 28: Solution found.
Sun Jan 26 03:58:44 CET 2014: 29: finished (60ms, 17cycles)
Sun Jan 26 03:58:44 CET 2014: 29: Solution found.
Sun Jan 26 03:58:44 CET 2014: 30: finished (35ms, 9cycles)
Sun Jan 26 03:58:44 CET 2014: 30: Solution found.
Sun Jan 26 03:58:45 CET 2014: 31: finished (92ms, 26cycles)
Sun Jan 26 03:58:45 CET 2014: 31: Solution found.
Sun Jan 26 03:58:45 CET 2014: 32: finished (89ms, 28cycles)
Sun Jan 26 03:58:45 CET 2014: 32: Solution found.
Sun Jan 26 03:58:45 CET 2014: 33: finished (42ms, 12cycles)
Sun Jan 26 03:58:45 CET 2014: 33: Solution found.
Sun Jan 26 03:58:45 CET 2014: 34: finished (47ms, 13cycles)
Sun Jan 26 03:58:45 CET 2014: 34: Solution found.
Sun Jan 26 03:58:45 CET 2014: 35: finished (84ms, 25cycles)
Sun Jan 26 03:58:45 CET 2014: 35: Solution found.
Sun Jan 26 03:58:45 CET 2014: 36: finished (133ms, 39cycles)
Sun Jan 26 03:58:45 CET 2014: 36: Solution found.
Sun Jan 26 03:58:45 CET 2014: 37: finished (18ms, 4cycles)
Sun Jan 26 03:58:45 CET 2014: 37: Solution found.
Sun Jan 26 03:58:45 CET 2014: 38: finished (100ms, 31cycles)
Sun Jan 26 03:58:45 CET 2014: 38: Solution found.
Sun Jan 26 03:58:45 CET 2014: 39: finished (19ms, 5cycles)
Sun Jan 26 03:58:45 CET 2014: 39: Solution found.
Sun Jan 26 03:58:45 CET 2014: 40: finished (37ms, 9cycles)
Sun Jan 26 03:58:45 CET 2014: 40: Solution found.
Sun Jan 26 03:58:45 CET 2014: 41: finished (47ms, 13cycles)
Sun Jan 26 03:58:45 CET 2014: 41: Solution found.
Sun Jan 26 03:58:45 CET 2014: 42: finished (34ms, 9cycles)
Sun Jan 26 03:58:45 CET 2014: 42: Solution found.
Sun Jan 26 03:58:45 CET 2014: 43: finished (22ms, 5cycles)
Sun Jan 26 03:58:45 CET 2014: 43: Solution found.
Sun Jan 26 03:58:45 CET 2014: 44: finished (20ms, 5cycles)
Sun Jan 26 03:58:45 CET 2014: 44: Solution found.
Sun Jan 26 03:58:45 CET 2014: 45: finished (58ms, 17cycles)
Sun Jan 26 03:58:45 CET 2014: 45: Solution found.
Sun Jan 26 03:58:45 CET 2014: 46: finished (55ms, 13cycles)
Sun Jan 26 03:58:45 CET 2014: 46: Solution found.
Sun Jan 26 03:58:45 CET 2014: 47: finished (46ms, 13cycles)
Sun Jan 26 03:58:45 CET 2014: 47: Solution found.
Sun Jan 26 03:58:45 CET 2014: 48: finished (16ms, 3cycles)
Sun Jan 26 03:58:45 CET 2014: 48: Solution found.
Sun Jan 26 03:58:45 CET 2014: 49: finished (8ms, 1cycles)
Sun Jan 26 03:58:45 CET 2014: 49: Solution found.
Sun Jan 26 03:58:45 CET 2014: 50: finished (32ms, 9cycles)
Sun Jan 26 03:58:45 CET 2014: 50: Solution found.
Sun Jan 26 03:58:45 CET 2014: 51: finished (48ms, 13cycles)
Sun Jan 26 03:58:45 CET 2014: 51: Solution found.
Sun Jan 26 03:58:46 CET 2014: 52: finished (33ms, 9cycles)
Sun Jan 26 03:58:46 CET 2014: 52: Solution found.
Sun Jan 26 03:58:46 CET 2014: 53: finished (52ms, 15cycles)
Sun Jan 26 03:58:46 CET 2014: 53: Solution found.
Sun Jan 26 03:58:46 CET 2014: 54: finished (41ms, 10cycles)
Sun Jan 26 03:58:46 CET 2014: 54: Solution found.
Sun Jan 26 03:58:46 CET 2014: 55: finished (51ms, 14cycles)
Sun Jan 26 03:58:46 CET 2014: 55: Solution found.
Sun Jan 26 03:58:46 CET 2014: 56: finished (35ms, 9cycles)
Sun Jan 26 03:58:46 CET 2014: 56: Solution found.
Sun Jan 26 03:58:46 CET 2014: 57: finished (51ms, 14cycles)
Sun Jan 26 03:58:46 CET 2014: 57: Solution found.
Sun Jan 26 03:58:46 CET 2014: 58: finished (53ms, 15cycles)
Sun Jan 26 03:58:46 CET 2014: 58: Solution found.
Sun Jan 26 03:58:46 CET 2014: 59: finished (62ms, 17cycles)
Sun Jan 26 03:58:46 CET 2014: 59: Solution found.
Sun Jan 26 03:58:46 CET 2014: 60: finished (12ms, 3cycles)
Sun Jan 26 03:58:46 CET 2014: 60: Solution found.
Sun Jan 26 03:58:46 CET 2014: 61: finished (25ms, 7cycles)
Sun Jan 26 03:58:46 CET 2014: 61: Solution found.
Sun Jan 26 03:58:46 CET 2014: 62: finished (47ms, 13cycles)
Sun Jan 26 03:58:46 CET 2014: 62: Solution found.
Sun Jan 26 03:58:46 CET 2014: 63: finished (18ms, 4cycles)
Sun Jan 26 03:58:46 CET 2014: 63: Solution found.
Sun Jan 26 03:58:46 CET 2014: 64: finished (48ms, 14cycles)
Sun Jan 26 03:58:46 CET 2014: 64: Solution found.
Sun Jan 26 03:58:46 CET 2014: 65: finished (13ms, 3cycles)
Sun Jan 26 03:58:46 CET 2014: 65: Solution found.
Sun Jan 26 03:58:46 CET 2014: 66: finished (30ms, 8cycles)
Sun Jan 26 03:58:46 CET 2014: 66: Solution found.
Sun Jan 26 03:58:46 CET 2014: 67: finished (60ms, 17cycles)
Sun Jan 26 03:58:46 CET 2014: 67: Solution found.
Sun Jan 26 03:58:46 CET 2014: 68: finished (33ms, 9cycles)
Sun Jan 26 03:58:46 CET 2014: 68: Solution found.
Sun Jan 26 03:58:46 CET 2014: 69: finished (42ms, 11cycles)
Sun Jan 26 03:58:46 CET 2014: 69: Solution found.
Sun Jan 26 03:58:46 CET 2014: 70: finished (8ms, 1cycles)
Sun Jan 26 03:58:46 CET 2014: 70: Solution found.
Sun Jan 26 03:58:46 CET 2014: 71: finished (40ms, 11cycles)
Sun Jan 26 03:58:46 CET 2014: 71: Solution found.
Sun Jan 26 03:58:46 CET 2014: 72: finished (50ms, 15cycles)
Sun Jan 26 03:58:46 CET 2014: 72: Solution found.
Sun Jan 26 03:58:46 CET 2014: 73: finished (17ms, 4cycles)
Sun Jan 26 03:58:46 CET 2014: 73: Solution found.
Sun Jan 26 03:58:46 CET 2014: 74: finished (18ms, 4cycles)
Sun Jan 26 03:58:46 CET 2014: 74: Solution found.
Sun Jan 26 03:58:46 CET 2014: 75: finished (17ms, 4cycles)
Sun Jan 26 03:58:46 CET 2014: 75: Solution found.
Sun Jan 26 03:58:46 CET 2014: 76: finished (67ms, 19cycles)
Sun Jan 26 03:58:46 CET 2014: 76: Solution found.
Sun Jan 26 03:58:46 CET 2014: 77: finished (33ms, 9cycles)
Sun Jan 26 03:58:46 CET 2014: 77: Solution found.
Sun Jan 26 03:58:46 CET 2014: 78: finished (16ms, 4cycles)
Sun Jan 26 03:58:46 CET 2014: 78: Solution found.
Sun Jan 26 03:58:46 CET 2014: 79: finished (15ms, 3cycles)
Sun Jan 26 03:58:46 CET 2014: 79: Solution found.
Sun Jan 26 03:58:47 CET 2014: 80: finished (48ms, 13cycles)
Sun Jan 26 03:58:47 CET 2014: 80: Solution found.
Sun Jan 26 03:58:47 CET 2014: 81: finished (13ms, 3cycles)
Sun Jan 26 03:58:47 CET 2014: 81: Solution found.
Sun Jan 26 03:58:47 CET 2014: 82: finished (44ms, 12cycles)
Sun Jan 26 03:58:47 CET 2014: 82: Solution found.
Sun Jan 26 03:58:47 CET 2014: 83: finished (63ms, 18cycles)
Sun Jan 26 03:58:47 CET 2014: 83: Solution found.
Sun Jan 26 03:58:47 CET 2014: 84: finished (60ms, 18cycles)
Sun Jan 26 03:58:47 CET 2014: 84: Solution found.
Sun Jan 26 03:58:47 CET 2014: 85: finished (66ms, 19cycles)
Sun Jan 26 03:58:47 CET 2014: 85: Solution found.
Sun Jan 26 03:58:47 CET 2014: 86: finished (53ms, 16cycles)
Sun Jan 26 03:58:47 CET 2014: 86: Solution found.
Sun Jan 26 03:58:47 CET 2014: 87: finished (59ms, 16cycles)
Sun Jan 26 03:58:47 CET 2014: 87: Solution found.
Sun Jan 26 03:58:47 CET 2014: 88: finished (34ms, 9cycles)
Sun Jan 26 03:58:47 CET 2014: 88: Solution found.
Sun Jan 26 03:58:47 CET 2014: 89: finished (93ms, 27cycles)
Sun Jan 26 03:58:47 CET 2014: 89: Solution found.
Sun Jan 26 03:58:47 CET 2014: 90: finished (30ms, 8cycles)
Sun Jan 26 03:58:47 CET 2014: 90: Solution found.
Sun Jan 26 03:58:47 CET 2014: 91: finished (98ms, 28cycles)
Sun Jan 26 03:58:47 CET 2014: 91: Solution found.
Sun Jan 26 03:58:47 CET 2014: 92: finished (33ms, 9cycles)
Sun Jan 26 03:58:47 CET 2014: 92: Solution found.
Sun Jan 26 03:58:47 CET 2014: 93: finished (14ms, 3cycles)
Sun Jan 26 03:58:47 CET 2014: 93: Solution found.
Sun Jan 26 03:58:47 CET 2014: 94: finished (23ms, 5cycles)
Sun Jan 26 03:58:47 CET 2014: 94: Solution found.
Sun Jan 26 03:58:47 CET 2014: 95: finished (39ms, 11cycles)
Sun Jan 26 03:58:47 CET 2014: 95: Solution found.
Sun Jan 26 03:58:47 CET 2014: 96: finished (82ms, 23cycles)
Sun Jan 26 03:58:47 CET 2014: 96: Solution found.
Sun Jan 26 03:58:47 CET 2014: 97: finished (91ms, 27cycles)
Sun Jan 26 03:58:47 CET 2014: 97: Solution found.
Sun Jan 26 03:58:47 CET 2014: 98: finished (46ms, 12cycles)
Sun Jan 26 03:58:47 CET 2014: 98: Solution found.
Sun Jan 26 03:58:47 CET 2014: 99: finished (20ms, 4cycles)
Sun Jan 26 03:58:47 CET 2014: 99: Solution found.
Sun Jan 26 03:58:47 CET 2014: Solution Found: 99
Sun Jan 26 03:58:47 CET 2014: Avg cycles: 10
Sun Jan 26 03:58:47 CET 2014: Max cycles: 39
Sun Jan 26 03:58:47 CET 2014: Min cycles: 1
Sun Jan 26 03:58:47 CET 2014: No solution found: 1
Sun Jan 26 03:58:47 CET 2014: logging finished. (runtime: 5613ms)
