Sat Jan 25 18:22:32 CET 2014: Problem Count: 150
Sat Jan 25 18:22:32 CET 2014: CandidatesCount: 200
Sat Jan 25 18:22:32 CET 2014: Max Cycles: 500
Sat Jan 25 18:22:32 CET 2014: 0: finished (153ms, 4cycles)
Sat Jan 25 18:22:32 CET 2014: 0: Solution found.
Sat Jan 25 18:22:33 CET 2014: 1: finished (487ms, 12cycles)
Sat Jan 25 18:22:33 CET 2014: 1: Solution found.
Sat Jan 25 18:22:33 CET 2014: 2: finished (412ms, 9cycles)
Sat Jan 25 18:22:33 CET 2014: 2: Solution found.
Sat Jan 25 18:22:34 CET 2014: 3: finished (778ms, 17cycles)
Sat Jan 25 18:22:34 CET 2014: 3: Solution found.
Sat Jan 25 18:22:34 CET 2014: 4: finished (329ms, 7cycles)
Sat Jan 25 18:22:34 CET 2014: 4: Solution found.
Sat Jan 25 18:22:35 CET 2014: 5: finished (996ms, 24cycles)
Sat Jan 25 18:22:35 CET 2014: 5: Solution found.
Sat Jan 25 18:22:36 CET 2014: 6: finished (313ms, 7cycles)
Sat Jan 25 18:22:36 CET 2014: 6: Solution found.
Sat Jan 25 18:22:37 CET 2014: 7: finished (867ms, 23cycles)
Sat Jan 25 18:22:37 CET 2014: 7: Solution found.
Sat Jan 25 18:22:37 CET 2014: 8: finished (643ms, 16cycles)
Sat Jan 25 18:22:37 CET 2014: 8: Solution found.
Sat Jan 25 18:22:38 CET 2014: 9: finished (760ms, 20cycles)
Sat Jan 25 18:22:38 CET 2014: 9: Solution found.
Sat Jan 25 18:22:45 CET 2014: 10: finished (6683ms, 500cycles)
Sat Jan 25 18:22:45 CET 2014: 10: No solution found.
Sat Jan 25 18:22:45 CET 2014: 11: finished (130ms, 9cycles)
Sat Jan 25 18:22:45 CET 2014: 11: Solution found.
Sat Jan 25 18:22:45 CET 2014: 12: finished (148ms, 10cycles)
Sat Jan 25 18:22:45 CET 2014: 12: Solution found.
Sat Jan 25 18:22:45 CET 2014: 13: finished (99ms, 7cycles)
Sat Jan 25 18:22:45 CET 2014: 13: Solution found.
Sat Jan 25 18:22:45 CET 2014: 14: finished (165ms, 12cycles)
Sat Jan 25 18:22:45 CET 2014: 14: Solution found.
Sat Jan 25 18:22:45 CET 2014: 15: finished (71ms, 4cycles)
Sat Jan 25 18:22:45 CET 2014: 15: Solution found.
Sat Jan 25 18:22:46 CET 2014: 16: finished (361ms, 27cycles)
Sat Jan 25 18:22:46 CET 2014: 16: Solution found.
Sat Jan 25 18:22:46 CET 2014: 17: finished (105ms, 7cycles)
Sat Jan 25 18:22:46 CET 2014: 17: Solution found.
Sat Jan 25 18:22:46 CET 2014: 18: finished (42ms, 2cycles)
Sat Jan 25 18:22:46 CET 2014: 18: Solution found.
Sat Jan 25 18:22:46 CET 2014: 19: finished (252ms, 17cycles)
Sat Jan 25 18:22:46 CET 2014: 19: Solution found.
Sat Jan 25 18:22:46 CET 2014: 20: finished (96ms, 6cycles)
Sat Jan 25 18:22:46 CET 2014: 20: Solution found.
Sat Jan 25 18:22:46 CET 2014: 21: finished (255ms, 18cycles)
Sat Jan 25 18:22:46 CET 2014: 21: Solution found.
Sat Jan 25 18:22:47 CET 2014: 22: finished (299ms, 21cycles)
Sat Jan 25 18:22:47 CET 2014: 22: Solution found.
Sat Jan 25 18:22:47 CET 2014: 23: finished (100ms, 6cycles)
Sat Jan 25 18:22:47 CET 2014: 23: Solution found.
Sat Jan 25 18:22:47 CET 2014: 24: finished (52ms, 3cycles)
Sat Jan 25 18:22:47 CET 2014: 24: Solution found.
Sat Jan 25 18:22:47 CET 2014: 25: finished (136ms, 8cycles)
Sat Jan 25 18:22:47 CET 2014: 25: Solution found.
Sat Jan 25 18:22:47 CET 2014: 26: finished (237ms, 17cycles)
Sat Jan 25 18:22:47 CET 2014: 26: Solution found.
Sat Jan 25 18:22:47 CET 2014: 27: finished (119ms, 8cycles)
Sat Jan 25 18:22:47 CET 2014: 27: Solution found.
Sat Jan 25 18:22:48 CET 2014: 28: finished (419ms, 22cycles)
Sat Jan 25 18:22:48 CET 2014: 28: Solution found.
Sat Jan 25 18:22:48 CET 2014: 29: finished (460ms, 11cycles)
Sat Jan 25 18:22:48 CET 2014: 29: Solution found.
Sat Jan 25 18:22:49 CET 2014: 30: finished (378ms, 8cycles)
Sat Jan 25 18:22:49 CET 2014: 30: Solution found.
Sat Jan 25 18:22:49 CET 2014: 31: finished (256ms, 6cycles)
Sat Jan 25 18:22:49 CET 2014: 31: Solution found.
Sat Jan 25 18:22:50 CET 2014: 32: finished (1480ms, 30cycles)
Sat Jan 25 18:22:50 CET 2014: 32: Solution found.
Sat Jan 25 18:22:51 CET 2014: 33: finished (955ms, 15cycles)
Sat Jan 25 18:22:51 CET 2014: 33: Solution found.
Sat Jan 25 18:22:52 CET 2014: 34: finished (551ms, 9cycles)
Sat Jan 25 18:22:52 CET 2014: 34: Solution found.
Sat Jan 25 18:22:52 CET 2014: 35: finished (358ms, 6cycles)
Sat Jan 25 18:22:52 CET 2014: 35: Solution found.
Sat Jan 25 18:22:53 CET 2014: 36: finished (483ms, 12cycles)
Sat Jan 25 18:22:53 CET 2014: 36: Solution found.
Sat Jan 25 18:22:53 CET 2014: 37: finished (476ms, 11cycles)
Sat Jan 25 18:22:53 CET 2014: 37: Solution found.
Sat Jan 25 18:22:53 CET 2014: 38: finished (162ms, 3cycles)
Sat Jan 25 18:22:53 CET 2014: 38: Solution found.
Sat Jan 25 18:22:54 CET 2014: 39: finished (417ms, 11cycles)
Sat Jan 25 18:22:54 CET 2014: 39: Solution found.
Sat Jan 25 18:22:54 CET 2014: 40: finished (108ms, 6cycles)
Sat Jan 25 18:22:54 CET 2014: 40: Solution found.
Sat Jan 25 18:22:54 CET 2014: 41: finished (117ms, 8cycles)
Sat Jan 25 18:22:54 CET 2014: 41: Solution found.
Sat Jan 25 18:22:54 CET 2014: 42: finished (189ms, 13cycles)
Sat Jan 25 18:22:54 CET 2014: 42: Solution found.
Sat Jan 25 18:22:54 CET 2014: 43: finished (98ms, 6cycles)
Sat Jan 25 18:22:54 CET 2014: 43: Solution found.
Sat Jan 25 18:22:54 CET 2014: 44: finished (193ms, 15cycles)
Sat Jan 25 18:22:54 CET 2014: 44: Solution found.
Sat Jan 25 18:22:55 CET 2014: 45: finished (27ms, 1cycles)
Sat Jan 25 18:22:55 CET 2014: 45: Solution found.
Sat Jan 25 18:22:55 CET 2014: 46: finished (111ms, 7cycles)
Sat Jan 25 18:22:55 CET 2014: 46: Solution found.
Sat Jan 25 18:22:55 CET 2014: 47: finished (152ms, 10cycles)
Sat Jan 25 18:22:55 CET 2014: 47: Solution found.
Sat Jan 25 18:22:55 CET 2014: 48: finished (282ms, 20cycles)
Sat Jan 25 18:22:55 CET 2014: 48: Solution found.
Sat Jan 25 18:22:55 CET 2014: 49: finished (160ms, 12cycles)
Sat Jan 25 18:22:55 CET 2014: 49: Solution found.
Sat Jan 25 18:22:55 CET 2014: 50: finished (97ms, 6cycles)
Sat Jan 25 18:22:55 CET 2014: 50: Solution found.
Sat Jan 25 18:22:55 CET 2014: 51: finished (151ms, 11cycles)
Sat Jan 25 18:22:55 CET 2014: 51: Solution found.
Sat Jan 25 18:23:02 CET 2014: 52: finished (6343ms, 500cycles)
Sat Jan 25 18:23:02 CET 2014: 52: No solution found.
Sat Jan 25 18:23:02 CET 2014: 53: finished (198ms, 13cycles)
Sat Jan 25 18:23:02 CET 2014: 53: Solution found.
Sat Jan 25 18:23:02 CET 2014: 54: finished (303ms, 22cycles)
Sat Jan 25 18:23:02 CET 2014: 54: Solution found.
Sat Jan 25 18:23:02 CET 2014: 55: finished (97ms, 6cycles)
Sat Jan 25 18:23:02 CET 2014: 55: Solution found.
Sat Jan 25 18:23:03 CET 2014: 56: finished (83ms, 5cycles)
Sat Jan 25 18:23:03 CET 2014: 56: Solution found.
Sat Jan 25 18:23:03 CET 2014: 57: finished (229ms, 17cycles)
Sat Jan 25 18:23:03 CET 2014: 57: Solution found.
Sat Jan 25 18:23:03 CET 2014: 58: finished (195ms, 13cycles)
Sat Jan 25 18:23:03 CET 2014: 58: Solution found.
Sat Jan 25 18:23:03 CET 2014: 59: finished (58ms, 3cycles)
Sat Jan 25 18:23:03 CET 2014: 59: Solution found.
Sat Jan 25 18:23:09 CET 2014: 60: finished (5703ms, 147cycles)
Sat Jan 25 18:23:09 CET 2014: 60: Solution found.
Sat Jan 25 18:23:09 CET 2014: 61: finished (444ms, 13cycles)
Sat Jan 25 18:23:09 CET 2014: 61: Solution found.
Sat Jan 25 18:23:09 CET 2014: 62: finished (52ms, 1cycles)
Sat Jan 25 18:23:09 CET 2014: 62: Solution found.
Sat Jan 25 18:23:09 CET 2014: 63: finished (248ms, 19cycles)
Sat Jan 25 18:23:09 CET 2014: 63: Solution found.
Sat Jan 25 18:23:10 CET 2014: 64: finished (377ms, 26cycles)
Sat Jan 25 18:23:10 CET 2014: 64: Solution found.
Sat Jan 25 18:23:10 CET 2014: 65: finished (233ms, 17cycles)
Sat Jan 25 18:23:10 CET 2014: 65: Solution found.
Sat Jan 25 18:23:10 CET 2014: 66: finished (261ms, 20cycles)
Sat Jan 25 18:23:10 CET 2014: 66: Solution found.
Sat Jan 25 18:23:10 CET 2014: 67: finished (141ms, 10cycles)
Sat Jan 25 18:23:10 CET 2014: 67: Solution found.
Sat Jan 25 18:23:11 CET 2014: 68: finished (84ms, 6cycles)
Sat Jan 25 18:23:11 CET 2014: 68: Solution found.
Sat Jan 25 18:23:17 CET 2014: 69: finished (6787ms, 500cycles)
Sat Jan 25 18:23:17 CET 2014: 69: No solution found.
Sat Jan 25 18:23:17 CET 2014: 70: finished (175ms, 12cycles)
Sat Jan 25 18:23:17 CET 2014: 70: Solution found.
Sat Jan 25 18:23:18 CET 2014: 71: finished (327ms, 24cycles)
Sat Jan 25 18:23:18 CET 2014: 71: Solution found.
Sat Jan 25 18:23:18 CET 2014: 72: finished (208ms, 15cycles)
Sat Jan 25 18:23:18 CET 2014: 72: Solution found.
Sat Jan 25 18:23:18 CET 2014: 73: finished (131ms, 8cycles)
Sat Jan 25 18:23:18 CET 2014: 73: Solution found.
Sat Jan 25 18:23:18 CET 2014: 74: finished (297ms, 17cycles)
Sat Jan 25 18:23:18 CET 2014: 74: Solution found.
Sat Jan 25 18:23:19 CET 2014: 75: finished (80ms, 1cycles)
Sat Jan 25 18:23:19 CET 2014: 75: Solution found.
Sat Jan 25 18:23:19 CET 2014: 76: finished (561ms, 14cycles)
Sat Jan 25 18:23:19 CET 2014: 76: Solution found.
Sat Jan 25 18:23:20 CET 2014: 77: finished (1127ms, 30cycles)
Sat Jan 25 18:23:20 CET 2014: 77: Solution found.
Sat Jan 25 18:23:21 CET 2014: 78: finished (1220ms, 33cycles)
Sat Jan 25 18:23:21 CET 2014: 78: Solution found.
Sat Jan 25 18:23:22 CET 2014: 79: finished (156ms, 3cycles)
Sat Jan 25 18:23:22 CET 2014: 79: Solution found.
Sat Jan 25 18:23:22 CET 2014: 80: finished (359ms, 8cycles)
Sat Jan 25 18:23:22 CET 2014: 80: Solution found.
Sat Jan 25 18:23:22 CET 2014: 81: finished (155ms, 3cycles)
Sat Jan 25 18:23:22 CET 2014: 81: Solution found.
Sat Jan 25 18:23:22 CET 2014: 82: finished (81ms, 1cycles)
Sat Jan 25 18:23:22 CET 2014: 82: Solution found.
Sat Jan 25 18:23:23 CET 2014: 83: finished (310ms, 7cycles)
Sat Jan 25 18:23:23 CET 2014: 83: Solution found.
Sat Jan 25 18:23:23 CET 2014: 84: finished (532ms, 14cycles)
Sat Jan 25 18:23:23 CET 2014: 84: Solution found.
Sat Jan 25 18:23:24 CET 2014: 85: finished (885ms, 27cycles)
Sat Jan 25 18:23:24 CET 2014: 85: Solution found.
Sat Jan 25 18:23:24 CET 2014: 86: finished (521ms, 14cycles)
Sat Jan 25 18:23:24 CET 2014: 86: Solution found.
Sat Jan 25 18:23:25 CET 2014: 87: finished (212ms, 13cycles)
Sat Jan 25 18:23:25 CET 2014: 87: Solution found.
Sat Jan 25 18:23:25 CET 2014: 88: finished (51ms, 3cycles)
Sat Jan 25 18:23:25 CET 2014: 88: Solution found.
Sat Jan 25 18:23:25 CET 2014: 89: finished (139ms, 9cycles)
Sat Jan 25 18:23:25 CET 2014: 89: Solution found.
Sat Jan 25 18:23:25 CET 2014: 90: finished (29ms, 1cycles)
Sat Jan 25 18:23:25 CET 2014: 90: Solution found.
Sat Jan 25 18:23:25 CET 2014: 91: finished (76ms, 5cycles)
Sat Jan 25 18:23:25 CET 2014: 91: Solution found.
Sat Jan 25 18:23:25 CET 2014: 92: finished (66ms, 4cycles)
Sat Jan 25 18:23:25 CET 2014: 92: Solution found.
Sat Jan 25 18:23:25 CET 2014: 93: finished (106ms, 7cycles)
Sat Jan 25 18:23:25 CET 2014: 93: Solution found.
Sat Jan 25 18:23:25 CET 2014: 94: finished (273ms, 19cycles)
Sat Jan 25 18:23:25 CET 2014: 94: Solution found.
Sat Jan 25 18:23:26 CET 2014: 95: finished (123ms, 9cycles)
Sat Jan 25 18:23:26 CET 2014: 95: Solution found.
Sat Jan 25 18:23:26 CET 2014: 96: finished (172ms, 12cycles)
Sat Jan 25 18:23:26 CET 2014: 96: Solution found.
Sat Jan 25 18:23:26 CET 2014: 97: finished (200ms, 14cycles)
Sat Jan 25 18:23:26 CET 2014: 97: Solution found.
Sat Jan 25 18:23:26 CET 2014: 98: finished (218ms, 16cycles)
Sat Jan 25 18:23:26 CET 2014: 98: Solution found.
Sat Jan 25 18:23:26 CET 2014: 99: finished (190ms, 14cycles)
Sat Jan 25 18:23:26 CET 2014: 99: Solution found.
Sat Jan 25 18:23:26 CET 2014: Solution Found: 97
Sat Jan 25 18:23:26 CET 2014: Avg cycles: 13
Sat Jan 25 18:23:26 CET 2014: Max cycles: 147
Sat Jan 25 18:23:26 CET 2014: Min cycles: 1
Sat Jan 25 18:23:26 CET 2014: No solution found: 3
Sat Jan 25 18:23:26 CET 2014: logging finished. (runtime: 54013ms)
