Sat Dec 28 02:23:38 CET 2013: Problem Count: 200
Sat Dec 28 02:23:38 CET 2013: CandidatesCount: 250
Sat Dec 28 02:23:38 CET 2013: Max Cycles: 500
Sat Dec 28 02:23:56 CET 2013: 0: finished (18774ms, 500cycles)
Sat Dec 28 02:23:56 CET 2013: 0: No solution found.
Sat Dec 28 02:23:59 CET 2013: 1: finished (2460ms, 77cycles)
Sat Dec 28 02:23:59 CET 2013: 1: Solution found.
Sat Dec 28 02:24:14 CET 2013: 2: finished (14591ms, 500cycles)
Sat Dec 28 02:24:14 CET 2013: 2: No solution found.
Sat Dec 28 02:24:30 CET 2013: 3: finished (16133ms, 500cycles)
Sat Dec 28 02:24:30 CET 2013: 3: No solution found.
Sat Dec 28 02:24:45 CET 2013: 4: finished (14975ms, 500cycles)
Sat Dec 28 02:24:45 CET 2013: 4: No solution found.
Sat Dec 28 02:25:00 CET 2013: 5: finished (15681ms, 500cycles)
Sat Dec 28 02:25:00 CET 2013: 5: No solution found.
Sat Dec 28 02:25:16 CET 2013: 6: finished (15483ms, 500cycles)
Sat Dec 28 02:25:16 CET 2013: 6: No solution found.
Sat Dec 28 02:25:17 CET 2013: 7: finished (1063ms, 34cycles)
Sat Dec 28 02:25:17 CET 2013: 7: Solution found.
Sat Dec 28 02:25:20 CET 2013: 8: finished (2843ms, 83cycles)
Sat Dec 28 02:25:20 CET 2013: 8: Solution found.
Sat Dec 28 02:25:35 CET 2013: 9: finished (15471ms, 500cycles)
Sat Dec 28 02:25:35 CET 2013: 9: No solution found.
Sat Dec 28 02:25:37 CET 2013: 10: finished (1483ms, 46cycles)
Sat Dec 28 02:25:37 CET 2013: 10: Solution found.
Sat Dec 28 02:25:53 CET 2013: 11: finished (16004ms, 500cycles)
Sat Dec 28 02:25:53 CET 2013: 11: No solution found.
Sat Dec 28 02:26:12 CET 2013: 12: finished (18900ms, 500cycles)
Sat Dec 28 02:26:12 CET 2013: 12: No solution found.
Sat Dec 28 02:26:27 CET 2013: 13: finished (15810ms, 500cycles)
Sat Dec 28 02:26:27 CET 2013: 13: No solution found.
Sat Dec 28 02:26:46 CET 2013: 14: finished (18920ms, 500cycles)
Sat Dec 28 02:26:46 CET 2013: 14: No solution found.
Sat Dec 28 02:26:47 CET 2013: 15: finished (1087ms, 34cycles)
Sat Dec 28 02:26:47 CET 2013: 15: Solution found.
Sat Dec 28 02:27:02 CET 2013: 16: finished (14985ms, 500cycles)
Sat Dec 28 02:27:02 CET 2013: 16: No solution found.
Sat Dec 28 02:27:18 CET 2013: 17: finished (15806ms, 500cycles)
Sat Dec 28 02:27:18 CET 2013: 17: No solution found.
Sat Dec 28 02:27:20 CET 2013: 18: finished (1855ms, 58cycles)
Sat Dec 28 02:27:20 CET 2013: 18: Solution found.
Sat Dec 28 02:27:36 CET 2013: 19: finished (16055ms, 500cycles)
Sat Dec 28 02:27:36 CET 2013: 19: No solution found.
Sat Dec 28 02:27:52 CET 2013: 20: finished (15802ms, 500cycles)
Sat Dec 28 02:27:52 CET 2013: 20: No solution found.
Sat Dec 28 02:27:55 CET 2013: 21: finished (3447ms, 112cycles)
Sat Dec 28 02:27:55 CET 2013: 21: Solution found.
Sat Dec 28 02:27:57 CET 2013: 22: finished (1277ms, 41cycles)
Sat Dec 28 02:27:57 CET 2013: 22: Solution found.
Sat Dec 28 02:28:12 CET 2013: 23: finished (15647ms, 500cycles)
Sat Dec 28 02:28:12 CET 2013: 23: No solution found.
Sat Dec 28 02:28:13 CET 2013: 24: finished (690ms, 22cycles)
Sat Dec 28 02:28:13 CET 2013: 24: Solution found.
Sat Dec 28 02:28:28 CET 2013: 25: finished (15251ms, 500cycles)
Sat Dec 28 02:28:28 CET 2013: 25: No solution found.
Sat Dec 28 02:28:32 CET 2013: 26: finished (3301ms, 106cycles)
Sat Dec 28 02:28:32 CET 2013: 26: Solution found.
Sat Dec 28 02:28:33 CET 2013: 27: finished (1332ms, 42cycles)
Sat Dec 28 02:28:33 CET 2013: 27: Solution found.
Sat Dec 28 02:28:49 CET 2013: 28: finished (16008ms, 500cycles)
Sat Dec 28 02:28:49 CET 2013: 28: No solution found.
Sat Dec 28 02:29:04 CET 2013: 29: finished (15572ms, 500cycles)
Sat Dec 28 02:29:04 CET 2013: 29: No solution found.
Sat Dec 28 02:29:20 CET 2013: 30: finished (15935ms, 500cycles)
Sat Dec 28 02:29:20 CET 2013: 30: No solution found.
Sat Dec 28 02:29:38 CET 2013: 31: finished (17957ms, 500cycles)
Sat Dec 28 02:29:38 CET 2013: 31: No solution found.
Sat Dec 28 02:29:53 CET 2013: 32: finished (15103ms, 500cycles)
Sat Dec 28 02:29:53 CET 2013: 32: No solution found.
Sat Dec 28 02:29:55 CET 2013: 33: finished (1392ms, 44cycles)
Sat Dec 28 02:29:55 CET 2013: 33: Solution found.
Sat Dec 28 02:30:11 CET 2013: 34: finished (15985ms, 500cycles)
Sat Dec 28 02:30:11 CET 2013: 34: No solution found.
Sat Dec 28 02:30:26 CET 2013: 35: finished (15052ms, 500cycles)
Sat Dec 28 02:30:26 CET 2013: 35: No solution found.
Sat Dec 28 02:30:27 CET 2013: 36: finished (1248ms, 40cycles)
Sat Dec 28 02:30:27 CET 2013: 36: Solution found.
Sat Dec 28 02:30:46 CET 2013: 37: finished (18659ms, 500cycles)
Sat Dec 28 02:30:46 CET 2013: 37: No solution found.
Sat Dec 28 02:31:02 CET 2013: 38: finished (16664ms, 500cycles)
Sat Dec 28 02:31:02 CET 2013: 38: No solution found.
Sat Dec 28 02:31:04 CET 2013: 39: finished (1295ms, 41cycles)
Sat Dec 28 02:31:04 CET 2013: 39: Solution found.
Sat Dec 28 02:31:05 CET 2013: 40: finished (1677ms, 52cycles)
Sat Dec 28 02:31:05 CET 2013: 40: Solution found.
Sat Dec 28 02:31:21 CET 2013: 41: finished (15209ms, 500cycles)
Sat Dec 28 02:31:21 CET 2013: 41: No solution found.
Sat Dec 28 02:31:22 CET 2013: 42: finished (1453ms, 45cycles)
Sat Dec 28 02:31:22 CET 2013: 42: Solution found.
Sat Dec 28 02:31:38 CET 2013: 43: finished (15891ms, 500cycles)
Sat Dec 28 02:31:38 CET 2013: 43: No solution found.
Sat Dec 28 02:31:56 CET 2013: 44: finished (17891ms, 500cycles)
Sat Dec 28 02:31:56 CET 2013: 44: No solution found.
Sat Dec 28 02:32:11 CET 2013: 45: finished (15445ms, 500cycles)
Sat Dec 28 02:32:11 CET 2013: 45: No solution found.
Sat Dec 28 02:32:27 CET 2013: 46: finished (15660ms, 500cycles)
Sat Dec 28 02:32:27 CET 2013: 46: No solution found.
Sat Dec 28 02:32:43 CET 2013: 47: finished (16002ms, 500cycles)
Sat Dec 28 02:32:43 CET 2013: 47: No solution found.
Sat Dec 28 02:32:44 CET 2013: 48: finished (1525ms, 47cycles)
Sat Dec 28 02:32:44 CET 2013: 48: Solution found.
Sat Dec 28 02:32:59 CET 2013: 49: finished (14951ms, 500cycles)
Sat Dec 28 02:32:59 CET 2013: 49: No solution found.
Sat Dec 28 02:33:01 CET 2013: 50: finished (1952ms, 62cycles)
Sat Dec 28 02:33:01 CET 2013: 50: Solution found.
Sat Dec 28 02:33:03 CET 2013: 51: finished (1650ms, 52cycles)
Sat Dec 28 02:33:03 CET 2013: 51: Solution found.
Sat Dec 28 02:33:06 CET 2013: 52: finished (2723ms, 84cycles)
Sat Dec 28 02:33:06 CET 2013: 52: Solution found.
Sat Dec 28 02:33:08 CET 2013: 53: finished (2515ms, 80cycles)
Sat Dec 28 02:33:08 CET 2013: 53: Solution found.
Sat Dec 28 02:33:10 CET 2013: 54: finished (1808ms, 56cycles)
Sat Dec 28 02:33:10 CET 2013: 54: Solution found.
Sat Dec 28 02:33:26 CET 2013: 55: finished (15805ms, 500cycles)
Sat Dec 28 02:33:26 CET 2013: 55: No solution found.
Sat Dec 28 02:33:40 CET 2013: 56: finished (14475ms, 500cycles)
Sat Dec 28 02:33:40 CET 2013: 56: No solution found.
Sat Dec 28 02:33:43 CET 2013: 57: finished (2848ms, 90cycles)
Sat Dec 28 02:33:43 CET 2013: 57: Solution found.
Sat Dec 28 02:34:02 CET 2013: 58: finished (18770ms, 500cycles)
Sat Dec 28 02:34:02 CET 2013: 58: No solution found.
Sat Dec 28 02:34:18 CET 2013: 59: finished (15688ms, 500cycles)
Sat Dec 28 02:34:18 CET 2013: 59: No solution found.
Sat Dec 28 02:34:33 CET 2013: 60: finished (15577ms, 500cycles)
Sat Dec 28 02:34:33 CET 2013: 60: No solution found.
Sat Dec 28 02:34:35 CET 2013: 61: finished (1616ms, 51cycles)
Sat Dec 28 02:34:35 CET 2013: 61: Solution found.
Sat Dec 28 02:34:38 CET 2013: 62: finished (2917ms, 91cycles)
Sat Dec 28 02:34:38 CET 2013: 62: Solution found.
Sat Dec 28 02:34:39 CET 2013: 63: finished (1378ms, 43cycles)
Sat Dec 28 02:34:39 CET 2013: 63: Solution found.
Sat Dec 28 02:34:46 CET 2013: 64: finished (7096ms, 233cycles)
Sat Dec 28 02:34:46 CET 2013: 64: Solution found.
Sat Dec 28 02:35:02 CET 2013: 65: finished (15454ms, 500cycles)
Sat Dec 28 02:35:02 CET 2013: 65: No solution found.
Sat Dec 28 02:35:20 CET 2013: 66: finished (18713ms, 500cycles)
Sat Dec 28 02:35:20 CET 2013: 66: No solution found.
Sat Dec 28 02:35:22 CET 2013: 67: finished (1712ms, 54cycles)
Sat Dec 28 02:35:22 CET 2013: 67: Solution found.
Sat Dec 28 02:35:37 CET 2013: 68: finished (15210ms, 500cycles)
Sat Dec 28 02:35:37 CET 2013: 68: No solution found.
Sat Dec 28 02:35:39 CET 2013: 69: finished (1481ms, 46cycles)
Sat Dec 28 02:35:39 CET 2013: 69: Solution found.
Sat Dec 28 02:35:55 CET 2013: 70: finished (16248ms, 500cycles)
Sat Dec 28 02:35:55 CET 2013: 70: No solution found.
Sat Dec 28 02:36:14 CET 2013: 71: finished (18849ms, 500cycles)
Sat Dec 28 02:36:14 CET 2013: 71: No solution found.
Sat Dec 28 02:36:30 CET 2013: 72: finished (15983ms, 500cycles)
Sat Dec 28 02:36:30 CET 2013: 72: No solution found.
Sat Dec 28 02:36:46 CET 2013: 73: finished (15698ms, 500cycles)
Sat Dec 28 02:36:46 CET 2013: 73: No solution found.
Sat Dec 28 02:36:47 CET 2013: 74: finished (1728ms, 54cycles)
Sat Dec 28 02:36:47 CET 2013: 74: Solution found.
Sat Dec 28 02:36:49 CET 2013: 75: finished (1657ms, 51cycles)
Sat Dec 28 02:36:49 CET 2013: 75: Solution found.
Sat Dec 28 02:36:50 CET 2013: 76: finished (1177ms, 37cycles)
Sat Dec 28 02:36:50 CET 2013: 76: Solution found.
Sat Dec 28 02:37:06 CET 2013: 77: finished (15851ms, 500cycles)
Sat Dec 28 02:37:06 CET 2013: 77: No solution found.
Sat Dec 28 02:37:21 CET 2013: 78: finished (15430ms, 500cycles)
Sat Dec 28 02:37:21 CET 2013: 78: No solution found.
Sat Dec 28 02:37:24 CET 2013: 79: finished (2295ms, 73cycles)
Sat Dec 28 02:37:24 CET 2013: 79: Solution found.
Sat Dec 28 02:37:26 CET 2013: 80: finished (2246ms, 70cycles)
Sat Dec 28 02:37:26 CET 2013: 80: Solution found.
Sat Dec 28 02:37:31 CET 2013: 81: finished (4553ms, 143cycles)
Sat Dec 28 02:37:31 CET 2013: 81: Solution found.
Sat Dec 28 02:37:34 CET 2013: 82: finished (3207ms, 101cycles)
Sat Dec 28 02:37:34 CET 2013: 82: Solution found.
Sat Dec 28 02:37:50 CET 2013: 83: finished (16128ms, 500cycles)
Sat Dec 28 02:37:50 CET 2013: 83: No solution found.
Sat Dec 28 02:38:05 CET 2013: 84: finished (15447ms, 500cycles)
Sat Dec 28 02:38:05 CET 2013: 84: No solution found.
Sat Dec 28 02:38:24 CET 2013: 85: finished (18532ms, 500cycles)
Sat Dec 28 02:38:24 CET 2013: 85: No solution found.
Sat Dec 28 02:38:40 CET 2013: 86: finished (15930ms, 500cycles)
Sat Dec 28 02:38:40 CET 2013: 86: No solution found.
Sat Dec 28 02:38:56 CET 2013: 87: finished (15812ms, 500cycles)
Sat Dec 28 02:38:56 CET 2013: 87: No solution found.
Sat Dec 28 02:39:11 CET 2013: 88: finished (15798ms, 500cycles)
Sat Dec 28 02:39:11 CET 2013: 88: No solution found.
Sat Dec 28 02:39:14 CET 2013: 89: finished (2359ms, 77cycles)
Sat Dec 28 02:39:14 CET 2013: 89: Solution found.
Sat Dec 28 02:39:32 CET 2013: 90: finished (18265ms, 500cycles)
Sat Dec 28 02:39:32 CET 2013: 90: No solution found.
Sat Dec 28 02:39:47 CET 2013: 91: finished (15374ms, 500cycles)
Sat Dec 28 02:39:47 CET 2013: 91: No solution found.
Sat Dec 28 02:40:03 CET 2013: 92: finished (15716ms, 500cycles)
Sat Dec 28 02:40:03 CET 2013: 92: No solution found.
Sat Dec 28 02:40:05 CET 2013: 93: finished (2039ms, 64cycles)
Sat Dec 28 02:40:05 CET 2013: 93: Solution found.
Sat Dec 28 02:40:07 CET 2013: 94: finished (1918ms, 59cycles)
Sat Dec 28 02:40:07 CET 2013: 94: Solution found.
Sat Dec 28 02:40:08 CET 2013: 95: finished (1075ms, 35cycles)
Sat Dec 28 02:40:08 CET 2013: 95: Solution found.
Sat Dec 28 02:40:24 CET 2013: 96: finished (15513ms, 500cycles)
Sat Dec 28 02:40:24 CET 2013: 96: No solution found.
Sat Dec 28 02:40:39 CET 2013: 97: finished (15139ms, 500cycles)
Sat Dec 28 02:40:39 CET 2013: 97: No solution found.
Sat Dec 28 02:40:40 CET 2013: 98: finished (1124ms, 35cycles)
Sat Dec 28 02:40:40 CET 2013: 98: Solution found.
Sat Dec 28 02:40:55 CET 2013: 99: finished (15542ms, 500cycles)
Sat Dec 28 02:40:55 CET 2013: 99: No solution found.
Sat Dec 28 02:40:55 CET 2013: Solution Found: 41
Sat Dec 28 02:40:55 CET 2013: Avg cycles: 65
Sat Dec 28 02:40:55 CET 2013: Max cycles: 233
Sat Dec 28 02:40:55 CET 2013: Min cycles: 22
Sat Dec 28 02:40:55 CET 2013: No solution found: 59
Sat Dec 28 02:40:55 CET 2013: logging finished. (runtime: 1037750ms)
