Sat Jan 25 17:27:15 CET 2014: Problem Count: 150
Sat Jan 25 17:27:15 CET 2014: CandidatesCount: 50
Sat Jan 25 17:27:15 CET 2014: Max Cycles: 500
Sat Jan 25 17:27:15 CET 2014: 0: finished (234ms, 66cycles)
Sat Jan 25 17:27:15 CET 2014: 0: Solution found.
Sat Jan 25 17:27:15 CET 2014: 1: finished (79ms, 19cycles)
Sat Jan 25 17:27:15 CET 2014: 1: Solution found.
Sat Jan 25 17:27:17 CET 2014: 2: finished (1592ms, 500cycles)
Sat Jan 25 17:27:17 CET 2014: 2: No solution found.
Sat Jan 25 17:27:18 CET 2014: 3: finished (1461ms, 500cycles)
Sat Jan 25 17:27:18 CET 2014: 3: No solution found.
Sat Jan 25 17:27:20 CET 2014: 4: finished (2045ms, 500cycles)
Sat Jan 25 17:27:20 CET 2014: 4: No solution found.
Sat Jan 25 17:27:20 CET 2014: 5: finished (137ms, 12cycles)
Sat Jan 25 17:27:20 CET 2014: 5: Solution found.
Sat Jan 25 17:27:24 CET 2014: 6: finished (4159ms, 500cycles)
Sat Jan 25 17:27:24 CET 2014: 6: No solution found.
Sat Jan 25 17:27:25 CET 2014: 7: finished (279ms, 25cycles)
Sat Jan 25 17:27:25 CET 2014: 7: Solution found.
Sat Jan 25 17:27:27 CET 2014: 8: finished (2249ms, 500cycles)
Sat Jan 25 17:27:27 CET 2014: 8: No solution found.
Sat Jan 25 17:27:27 CET 2014: 9: finished (131ms, 38cycles)
Sat Jan 25 17:27:27 CET 2014: 9: Solution found.
Sat Jan 25 17:27:29 CET 2014: 10: finished (1730ms, 500cycles)
Sat Jan 25 17:27:29 CET 2014: 10: No solution found.
Sat Jan 25 17:27:29 CET 2014: 11: finished (86ms, 22cycles)
Sat Jan 25 17:27:29 CET 2014: 11: Solution found.
Sat Jan 25 17:27:29 CET 2014: 12: finished (67ms, 17cycles)
Sat Jan 25 17:27:29 CET 2014: 12: Solution found.
Sat Jan 25 17:27:30 CET 2014: 13: finished (1462ms, 500cycles)
Sat Jan 25 17:27:30 CET 2014: 13: No solution found.
Sat Jan 25 17:27:32 CET 2014: 14: finished (1560ms, 500cycles)
Sat Jan 25 17:27:32 CET 2014: 14: No solution found.
Sat Jan 25 17:27:32 CET 2014: 15: finished (97ms, 26cycles)
Sat Jan 25 17:27:32 CET 2014: 15: Solution found.
Sat Jan 25 17:27:34 CET 2014: 16: finished (1599ms, 500cycles)
Sat Jan 25 17:27:34 CET 2014: 16: No solution found.
Sat Jan 25 17:27:34 CET 2014: 17: finished (75ms, 22cycles)
Sat Jan 25 17:27:34 CET 2014: 17: Solution found.
Sat Jan 25 17:27:35 CET 2014: 18: finished (1810ms, 500cycles)
Sat Jan 25 17:27:35 CET 2014: 18: No solution found.
Sat Jan 25 17:27:36 CET 2014: 19: finished (97ms, 8cycles)
Sat Jan 25 17:27:36 CET 2014: 19: Solution found.
Sat Jan 25 17:27:36 CET 2014: 20: finished (212ms, 20cycles)
Sat Jan 25 17:27:36 CET 2014: 20: Solution found.
Sat Jan 25 17:27:36 CET 2014: 21: finished (500ms, 49cycles)
Sat Jan 25 17:27:36 CET 2014: 21: Solution found.
Sat Jan 25 17:27:37 CET 2014: 22: finished (386ms, 38cycles)
Sat Jan 25 17:27:37 CET 2014: 22: Solution found.
Sat Jan 25 17:27:41 CET 2014: 23: finished (4525ms, 500cycles)
Sat Jan 25 17:27:41 CET 2014: 23: No solution found.
Sat Jan 25 17:27:41 CET 2014: 24: finished (99ms, 27cycles)
Sat Jan 25 17:27:41 CET 2014: 24: Solution found.
Sat Jan 25 17:27:43 CET 2014: 25: finished (1544ms, 500cycles)
Sat Jan 25 17:27:43 CET 2014: 25: No solution found.
Sat Jan 25 17:27:45 CET 2014: 26: finished (1717ms, 500cycles)
Sat Jan 25 17:27:45 CET 2014: 26: No solution found.
Sat Jan 25 17:27:46 CET 2014: 27: finished (1749ms, 500cycles)
Sat Jan 25 17:27:46 CET 2014: 27: No solution found.
Sat Jan 25 17:27:46 CET 2014: 28: finished (131ms, 38cycles)
Sat Jan 25 17:27:46 CET 2014: 28: Solution found.
Sat Jan 25 17:27:46 CET 2014: 29: finished (48ms, 11cycles)
Sat Jan 25 17:27:46 CET 2014: 29: Solution found.
Sat Jan 25 17:27:47 CET 2014: 30: finished (63ms, 16cycles)
Sat Jan 25 17:27:47 CET 2014: 30: Solution found.
Sat Jan 25 17:27:47 CET 2014: 31: finished (17ms, 4cycles)
Sat Jan 25 17:27:47 CET 2014: 31: Solution found.
Sat Jan 25 17:27:47 CET 2014: 32: finished (79ms, 21cycles)
Sat Jan 25 17:27:47 CET 2014: 32: Solution found.
Sat Jan 25 17:27:48 CET 2014: 33: finished (1581ms, 500cycles)
Sat Jan 25 17:27:48 CET 2014: 33: No solution found.
Sat Jan 25 17:27:48 CET 2014: 34: finished (110ms, 29cycles)
Sat Jan 25 17:27:48 CET 2014: 34: Solution found.
Sat Jan 25 17:27:48 CET 2014: 35: finished (90ms, 22cycles)
Sat Jan 25 17:27:48 CET 2014: 35: Solution found.
Sat Jan 25 17:27:50 CET 2014: 36: finished (1621ms, 500cycles)
Sat Jan 25 17:27:50 CET 2014: 36: No solution found.
Sat Jan 25 17:27:55 CET 2014: 37: finished (4673ms, 500cycles)
Sat Jan 25 17:27:55 CET 2014: 37: No solution found.
Sat Jan 25 17:27:55 CET 2014: 38: finished (383ms, 37cycles)
Sat Jan 25 17:27:55 CET 2014: 38: Solution found.
Sat Jan 25 17:27:55 CET 2014: 39: finished (264ms, 26cycles)
Sat Jan 25 17:27:55 CET 2014: 39: Solution found.
Sat Jan 25 17:27:56 CET 2014: 40: finished (384ms, 36cycles)
Sat Jan 25 17:27:56 CET 2014: 40: Solution found.
Sat Jan 25 17:27:58 CET 2014: 41: finished (1866ms, 500cycles)
Sat Jan 25 17:27:58 CET 2014: 41: No solution found.
Sat Jan 25 17:27:58 CET 2014: 42: finished (30ms, 7cycles)
Sat Jan 25 17:27:58 CET 2014: 42: Solution found.
Sat Jan 25 17:27:59 CET 2014: 43: finished (1556ms, 500cycles)
Sat Jan 25 17:27:59 CET 2014: 43: No solution found.
Sat Jan 25 17:28:01 CET 2014: 44: finished (1499ms, 500cycles)
Sat Jan 25 17:28:01 CET 2014: 44: No solution found.
Sat Jan 25 17:28:01 CET 2014: 45: finished (131ms, 38cycles)
Sat Jan 25 17:28:01 CET 2014: 45: Solution found.
Sat Jan 25 17:28:02 CET 2014: 46: finished (1547ms, 500cycles)
Sat Jan 25 17:28:02 CET 2014: 46: No solution found.
Sat Jan 25 17:28:04 CET 2014: 47: finished (1758ms, 500cycles)
Sat Jan 25 17:28:04 CET 2014: 47: No solution found.
Sat Jan 25 17:28:04 CET 2014: 48: finished (33ms, 8cycles)
Sat Jan 25 17:28:04 CET 2014: 48: Solution found.
Sat Jan 25 17:28:06 CET 2014: 49: finished (1830ms, 500cycles)
Sat Jan 25 17:28:06 CET 2014: 49: No solution found.
Sat Jan 25 17:28:11 CET 2014: 50: finished (5436ms, 500cycles)
Sat Jan 25 17:28:11 CET 2014: 50: No solution found.
Sat Jan 25 17:28:12 CET 2014: 51: finished (356ms, 45cycles)
Sat Jan 25 17:28:12 CET 2014: 51: Solution found.
Sat Jan 25 17:28:12 CET 2014: 52: finished (72ms, 21cycles)
Sat Jan 25 17:28:12 CET 2014: 52: Solution found.
Sat Jan 25 17:28:13 CET 2014: 53: finished (1401ms, 500cycles)
Sat Jan 25 17:28:13 CET 2014: 53: No solution found.
Sat Jan 25 17:28:13 CET 2014: 54: finished (95ms, 26cycles)
Sat Jan 25 17:28:13 CET 2014: 54: Solution found.
Sat Jan 25 17:28:14 CET 2014: 55: finished (128ms, 32cycles)
Sat Jan 25 17:28:14 CET 2014: 55: Solution found.
Sat Jan 25 17:28:15 CET 2014: 56: finished (1545ms, 500cycles)
Sat Jan 25 17:28:15 CET 2014: 56: No solution found.
Sat Jan 25 17:28:15 CET 2014: 57: finished (103ms, 28cycles)
Sat Jan 25 17:28:15 CET 2014: 57: Solution found.
Sat Jan 25 17:28:15 CET 2014: 58: finished (82ms, 20cycles)
Sat Jan 25 17:28:15 CET 2014: 58: Solution found.
Sat Jan 25 17:28:17 CET 2014: 59: finished (1619ms, 500cycles)
Sat Jan 25 17:28:17 CET 2014: 59: No solution found.
Sat Jan 25 17:28:17 CET 2014: 60: finished (47ms, 12cycles)
Sat Jan 25 17:28:17 CET 2014: 60: Solution found.
Sat Jan 25 17:28:19 CET 2014: 61: finished (1628ms, 500cycles)
Sat Jan 25 17:28:19 CET 2014: 61: No solution found.
Sat Jan 25 17:28:19 CET 2014: 62: finished (164ms, 42cycles)
Sat Jan 25 17:28:19 CET 2014: 62: Solution found.
Sat Jan 25 17:28:20 CET 2014: 63: finished (1516ms, 500cycles)
Sat Jan 25 17:28:20 CET 2014: 63: No solution found.
Sat Jan 25 17:28:23 CET 2014: 64: finished (2999ms, 500cycles)
Sat Jan 25 17:28:23 CET 2014: 64: No solution found.
Sat Jan 25 17:28:25 CET 2014: 65: finished (1609ms, 169cycles)
Sat Jan 25 17:28:25 CET 2014: 65: Solution found.
Sat Jan 25 17:28:25 CET 2014: 66: finished (238ms, 22cycles)
Sat Jan 25 17:28:25 CET 2014: 66: Solution found.
Sat Jan 25 17:28:28 CET 2014: 67: finished (2892ms, 500cycles)
Sat Jan 25 17:28:28 CET 2014: 67: No solution found.
Sat Jan 25 17:28:29 CET 2014: 68: finished (1455ms, 500cycles)
Sat Jan 25 17:28:29 CET 2014: 68: No solution found.
Sat Jan 25 17:28:31 CET 2014: 69: finished (1538ms, 500cycles)
Sat Jan 25 17:28:31 CET 2014: 69: No solution found.
Sat Jan 25 17:28:32 CET 2014: 70: finished (1500ms, 500cycles)
Sat Jan 25 17:28:32 CET 2014: 70: No solution found.
Sat Jan 25 17:28:33 CET 2014: 71: finished (89ms, 26cycles)
Sat Jan 25 17:28:33 CET 2014: 71: Solution found.
Sat Jan 25 17:28:33 CET 2014: 72: finished (57ms, 16cycles)
Sat Jan 25 17:28:33 CET 2014: 72: Solution found.
Sat Jan 25 17:28:33 CET 2014: 73: finished (729ms, 243cycles)
Sat Jan 25 17:28:33 CET 2014: 73: Solution found.
Sat Jan 25 17:28:33 CET 2014: 74: finished (96ms, 30cycles)
Sat Jan 25 17:28:33 CET 2014: 74: Solution found.
Sat Jan 25 17:28:35 CET 2014: 75: finished (1515ms, 500cycles)
Sat Jan 25 17:28:35 CET 2014: 75: No solution found.
Sat Jan 25 17:28:35 CET 2014: 76: finished (59ms, 17cycles)
Sat Jan 25 17:28:35 CET 2014: 76: Solution found.
Sat Jan 25 17:28:35 CET 2014: 77: finished (76ms, 23cycles)
Sat Jan 25 17:28:35 CET 2014: 77: Solution found.
Sat Jan 25 17:28:35 CET 2014: 78: finished (88ms, 23cycles)
Sat Jan 25 17:28:35 CET 2014: 78: Solution found.
Sat Jan 25 17:28:35 CET 2014: 79: finished (69ms, 14cycles)
Sat Jan 25 17:28:35 CET 2014: 79: Solution found.
Sat Jan 25 17:28:35 CET 2014: 80: finished (68ms, 19cycles)
Sat Jan 25 17:28:35 CET 2014: 80: Solution found.
Sat Jan 25 17:28:35 CET 2014: 81: finished (52ms, 13cycles)
Sat Jan 25 17:28:35 CET 2014: 81: Solution found.
Sat Jan 25 17:28:36 CET 2014: 82: finished (169ms, 46cycles)
Sat Jan 25 17:28:36 CET 2014: 82: Solution found.
Sat Jan 25 17:28:36 CET 2014: 83: finished (59ms, 16cycles)
Sat Jan 25 17:28:36 CET 2014: 83: Solution found.
Sat Jan 25 17:28:36 CET 2014: 84: finished (71ms, 21cycles)
Sat Jan 25 17:28:36 CET 2014: 84: Solution found.
Sat Jan 25 17:28:36 CET 2014: 85: finished (65ms, 18cycles)
Sat Jan 25 17:28:36 CET 2014: 85: Solution found.
Sat Jan 25 17:28:36 CET 2014: 86: finished (51ms, 12cycles)
Sat Jan 25 17:28:36 CET 2014: 86: Solution found.
Sat Jan 25 17:28:36 CET 2014: 87: finished (27ms, 7cycles)
Sat Jan 25 17:28:36 CET 2014: 87: Solution found.
Sat Jan 25 17:28:36 CET 2014: 88: finished (107ms, 28cycles)
Sat Jan 25 17:28:36 CET 2014: 88: Solution found.
Sat Jan 25 17:28:41 CET 2014: 89: finished (5138ms, 500cycles)
Sat Jan 25 17:28:41 CET 2014: 89: No solution found.
Sat Jan 25 17:28:43 CET 2014: 90: finished (2395ms, 500cycles)
Sat Jan 25 17:28:43 CET 2014: 90: No solution found.
Sat Jan 25 17:28:43 CET 2014: 91: finished (41ms, 12cycles)
Sat Jan 25 17:28:43 CET 2014: 91: Solution found.
Sat Jan 25 17:28:44 CET 2014: 92: finished (91ms, 21cycles)
Sat Jan 25 17:28:44 CET 2014: 92: Solution found.
Sat Jan 25 17:28:44 CET 2014: 93: finished (97ms, 26cycles)
Sat Jan 25 17:28:44 CET 2014: 93: Solution found.
Sat Jan 25 17:28:44 CET 2014: 94: finished (97ms, 25cycles)
Sat Jan 25 17:28:44 CET 2014: 94: Solution found.
Sat Jan 25 17:28:44 CET 2014: 95: finished (47ms, 13cycles)
Sat Jan 25 17:28:44 CET 2014: 95: Solution found.
Sat Jan 25 17:28:45 CET 2014: 96: finished (1571ms, 500cycles)
Sat Jan 25 17:28:45 CET 2014: 96: No solution found.
Sat Jan 25 17:28:45 CET 2014: 97: finished (90ms, 23cycles)
Sat Jan 25 17:28:45 CET 2014: 97: Solution found.
Sat Jan 25 17:28:45 CET 2014: 98: finished (34ms, 9cycles)
Sat Jan 25 17:28:45 CET 2014: 98: Solution found.
Sat Jan 25 17:28:46 CET 2014: 99: finished (63ms, 16cycles)
Sat Jan 25 17:28:46 CET 2014: 99: Solution found.
Sat Jan 25 17:28:46 CET 2014: Solution Found: 62
Sat Jan 25 17:28:46 CET 2014: Avg cycles: 29
Sat Jan 25 17:28:46 CET 2014: Max cycles: 243
Sat Jan 25 17:28:46 CET 2014: Min cycles: 4
Sat Jan 25 17:28:46 CET 2014: No solution found: 38
Sat Jan 25 17:28:46 CET 2014: logging finished. (runtime: 90942ms)
