Sat Jan 25 14:44:47 CET 2014: Problem Count: 150
Sat Jan 25 14:44:47 CET 2014: CandidatesCount: 50
Sat Jan 25 14:44:47 CET 2014: Max Cycles: 500
Sat Jan 25 14:44:47 CET 2014: 0: finished (605ms, 64cycles)
Sat Jan 25 14:44:47 CET 2014: 0: Solution found.
Sat Jan 25 14:44:47 CET 2014: 1: finished (234ms, 21cycles)
Sat Jan 25 14:44:47 CET 2014: 1: Solution found.
Sat Jan 25 14:44:48 CET 2014: 2: finished (310ms, 30cycles)
Sat Jan 25 14:44:48 CET 2014: 2: Solution found.
Sat Jan 25 14:44:48 CET 2014: 3: finished (404ms, 37cycles)
Sat Jan 25 14:44:48 CET 2014: 3: Solution found.
Sat Jan 25 14:44:48 CET 2014: 4: finished (31ms, 2cycles)
Sat Jan 25 14:44:48 CET 2014: 4: Solution found.
Sat Jan 25 14:44:52 CET 2014: 5: finished (4177ms, 500cycles)
Sat Jan 25 14:44:52 CET 2014: 5: No solution found.
Sat Jan 25 14:44:53 CET 2014: 6: finished (869ms, 87cycles)
Sat Jan 25 14:44:53 CET 2014: 6: Solution found.
Sat Jan 25 14:44:58 CET 2014: 7: finished (4624ms, 500cycles)
Sat Jan 25 14:44:58 CET 2014: 7: No solution found.
Sat Jan 25 14:44:58 CET 2014: 8: finished (111ms, 10cycles)
Sat Jan 25 14:44:58 CET 2014: 8: Solution found.
Sat Jan 25 14:45:03 CET 2014: 9: finished (5000ms, 500cycles)
Sat Jan 25 14:45:03 CET 2014: 9: No solution found.
Sat Jan 25 14:45:03 CET 2014: 10: finished (136ms, 12cycles)
Sat Jan 25 14:45:03 CET 2014: 10: Solution found.
Sat Jan 25 14:45:08 CET 2014: 11: finished (4575ms, 500cycles)
Sat Jan 25 14:45:08 CET 2014: 11: No solution found.
Sat Jan 25 14:45:12 CET 2014: 12: finished (4187ms, 500cycles)
Sat Jan 25 14:45:12 CET 2014: 12: No solution found.
Sat Jan 25 14:45:12 CET 2014: 13: finished (54ms, 5cycles)
Sat Jan 25 14:45:12 CET 2014: 13: Solution found.
Sat Jan 25 14:45:12 CET 2014: 14: finished (99ms, 7cycles)
Sat Jan 25 14:45:12 CET 2014: 14: Solution found.
Sat Jan 25 14:45:12 CET 2014: 15: finished (244ms, 24cycles)
Sat Jan 25 14:45:12 CET 2014: 15: Solution found.
Sat Jan 25 14:45:12 CET 2014: 16: finished (32ms, 2cycles)
Sat Jan 25 14:45:12 CET 2014: 16: Solution found.
Sat Jan 25 14:45:17 CET 2014: 17: finished (4638ms, 500cycles)
Sat Jan 25 14:45:17 CET 2014: 17: No solution found.
Sat Jan 25 14:45:17 CET 2014: 18: finished (325ms, 28cycles)
Sat Jan 25 14:45:17 CET 2014: 18: Solution found.
Sat Jan 25 14:45:17 CET 2014: 19: finished (132ms, 11cycles)
Sat Jan 25 14:45:17 CET 2014: 19: Solution found.
Sat Jan 25 14:45:17 CET 2014: 20: finished (113ms, 11cycles)
Sat Jan 25 14:45:18 CET 2014: 20: Solution found.
Sat Jan 25 14:45:22 CET 2014: 21: finished (4872ms, 500cycles)
Sat Jan 25 14:45:22 CET 2014: 21: No solution found.
Sat Jan 25 14:45:27 CET 2014: 22: finished (4842ms, 500cycles)
Sat Jan 25 14:45:27 CET 2014: 22: No solution found.
Sat Jan 25 14:45:32 CET 2014: 23: finished (4298ms, 500cycles)
Sat Jan 25 14:45:32 CET 2014: 23: No solution found.
Sat Jan 25 14:45:32 CET 2014: 24: finished (273ms, 26cycles)
Sat Jan 25 14:45:32 CET 2014: 24: Solution found.
Sat Jan 25 14:45:32 CET 2014: 25: finished (144ms, 13cycles)
Sat Jan 25 14:45:32 CET 2014: 25: Solution found.
Sat Jan 25 14:45:36 CET 2014: 26: finished (4191ms, 500cycles)
Sat Jan 25 14:45:36 CET 2014: 26: No solution found.
Sat Jan 25 14:45:36 CET 2014: 27: finished (82ms, 8cycles)
Sat Jan 25 14:45:36 CET 2014: 27: Solution found.
Sat Jan 25 14:45:41 CET 2014: 28: finished (4396ms, 500cycles)
Sat Jan 25 14:45:41 CET 2014: 28: No solution found.
Sat Jan 25 14:45:41 CET 2014: 29: finished (217ms, 21cycles)
Sat Jan 25 14:45:41 CET 2014: 29: Solution found.
Sat Jan 25 14:45:41 CET 2014: 30: finished (58ms, 5cycles)
Sat Jan 25 14:45:41 CET 2014: 30: Solution found.
Sat Jan 25 14:45:45 CET 2014: 31: finished (4258ms, 500cycles)
Sat Jan 25 14:45:45 CET 2014: 31: No solution found.
Sat Jan 25 14:45:46 CET 2014: 32: finished (458ms, 47cycles)
Sat Jan 25 14:45:46 CET 2014: 32: Solution found.
Sat Jan 25 14:45:46 CET 2014: 33: finished (171ms, 15cycles)
Sat Jan 25 14:45:46 CET 2014: 33: Solution found.
Sat Jan 25 14:45:50 CET 2014: 34: finished (4062ms, 500cycles)
Sat Jan 25 14:45:50 CET 2014: 34: No solution found.
Sat Jan 25 14:45:50 CET 2014: 35: finished (372ms, 47cycles)
Sat Jan 25 14:45:50 CET 2014: 35: Solution found.
Sat Jan 25 14:45:55 CET 2014: 36: finished (4770ms, 500cycles)
Sat Jan 25 14:45:55 CET 2014: 36: No solution found.
Sat Jan 25 14:45:55 CET 2014: 37: finished (202ms, 20cycles)
Sat Jan 25 14:45:55 CET 2014: 37: Solution found.
Sat Jan 25 14:45:55 CET 2014: 38: finished (218ms, 21cycles)
Sat Jan 25 14:45:55 CET 2014: 38: Solution found.
Sat Jan 25 14:46:00 CET 2014: 39: finished (4770ms, 500cycles)
Sat Jan 25 14:46:00 CET 2014: 39: No solution found.
Sat Jan 25 14:46:00 CET 2014: 40: finished (237ms, 24cycles)
Sat Jan 25 14:46:00 CET 2014: 40: Solution found.
Sat Jan 25 14:46:00 CET 2014: 41: finished (38ms, 3cycles)
Sat Jan 25 14:46:00 CET 2014: 41: Solution found.
Sat Jan 25 14:46:01 CET 2014: 42: finished (127ms, 11cycles)
Sat Jan 25 14:46:01 CET 2014: 42: Solution found.
Sat Jan 25 14:46:05 CET 2014: 43: finished (4451ms, 500cycles)
Sat Jan 25 14:46:05 CET 2014: 43: No solution found.
Sat Jan 25 14:46:05 CET 2014: 44: finished (187ms, 19cycles)
Sat Jan 25 14:46:05 CET 2014: 44: Solution found.
Sat Jan 25 14:46:05 CET 2014: 45: finished (68ms, 6cycles)
Sat Jan 25 14:46:05 CET 2014: 45: Solution found.
Sat Jan 25 14:46:05 CET 2014: 46: finished (121ms, 11cycles)
Sat Jan 25 14:46:05 CET 2014: 46: Solution found.
Sat Jan 25 14:46:05 CET 2014: 47: finished (95ms, 9cycles)
Sat Jan 25 14:46:05 CET 2014: 47: Solution found.
Sat Jan 25 14:46:06 CET 2014: 48: finished (69ms, 6cycles)
Sat Jan 25 14:46:06 CET 2014: 48: Solution found.
Sat Jan 25 14:46:06 CET 2014: 49: finished (294ms, 33cycles)
Sat Jan 25 14:46:06 CET 2014: 49: Solution found.
Sat Jan 25 14:46:06 CET 2014: 50: finished (538ms, 62cycles)
Sat Jan 25 14:46:06 CET 2014: 50: Solution found.
Sat Jan 25 14:46:10 CET 2014: 51: finished (3705ms, 500cycles)
Sat Jan 25 14:46:10 CET 2014: 51: No solution found.
Sat Jan 25 14:46:10 CET 2014: 52: finished (114ms, 12cycles)
Sat Jan 25 14:46:10 CET 2014: 52: Solution found.
Sat Jan 25 14:46:14 CET 2014: 53: finished (4219ms, 500cycles)
Sat Jan 25 14:46:14 CET 2014: 53: No solution found.
Sat Jan 25 14:46:19 CET 2014: 54: finished (5027ms, 500cycles)
Sat Jan 25 14:46:19 CET 2014: 54: No solution found.
Sat Jan 25 14:46:19 CET 2014: 55: finished (29ms, 2cycles)
Sat Jan 25 14:46:19 CET 2014: 55: Solution found.
Sat Jan 25 14:46:20 CET 2014: 56: finished (367ms, 35cycles)
Sat Jan 25 14:46:20 CET 2014: 56: Solution found.
Sat Jan 25 14:46:20 CET 2014: 57: finished (46ms, 4cycles)
Sat Jan 25 14:46:20 CET 2014: 57: Solution found.
Sat Jan 25 14:46:25 CET 2014: 58: finished (4841ms, 500cycles)
Sat Jan 25 14:46:25 CET 2014: 58: No solution found.
Sat Jan 25 14:46:25 CET 2014: 59: finished (193ms, 19cycles)
Sat Jan 25 14:46:25 CET 2014: 59: Solution found.
Sat Jan 25 14:46:30 CET 2014: 60: finished (4914ms, 500cycles)
Sat Jan 25 14:46:30 CET 2014: 60: No solution found.
Sat Jan 25 14:46:30 CET 2014: 61: finished (69ms, 6cycles)
Sat Jan 25 14:46:30 CET 2014: 61: Solution found.
Sat Jan 25 14:46:30 CET 2014: 62: finished (553ms, 58cycles)
Sat Jan 25 14:46:30 CET 2014: 62: Solution found.
Sat Jan 25 14:46:31 CET 2014: 63: finished (446ms, 41cycles)
Sat Jan 25 14:46:31 CET 2014: 63: Solution found.
Sat Jan 25 14:46:31 CET 2014: 64: finished (121ms, 10cycles)
Sat Jan 25 14:46:31 CET 2014: 64: Solution found.
Sat Jan 25 14:46:31 CET 2014: 65: finished (145ms, 16cycles)
Sat Jan 25 14:46:31 CET 2014: 65: Solution found.
Sat Jan 25 14:46:34 CET 2014: 66: finished (2752ms, 298cycles)
Sat Jan 25 14:46:34 CET 2014: 66: Solution found.
Sat Jan 25 14:46:38 CET 2014: 67: finished (4309ms, 500cycles)
Sat Jan 25 14:46:38 CET 2014: 67: No solution found.
Sat Jan 25 14:46:38 CET 2014: 68: finished (54ms, 5cycles)
Sat Jan 25 14:46:38 CET 2014: 68: Solution found.
Sat Jan 25 14:46:39 CET 2014: 69: finished (295ms, 31cycles)
Sat Jan 25 14:46:39 CET 2014: 69: Solution found.
Sat Jan 25 14:46:39 CET 2014: 70: finished (119ms, 14cycles)
Sat Jan 25 14:46:39 CET 2014: 70: Solution found.
Sat Jan 25 14:46:39 CET 2014: 71: finished (191ms, 22cycles)
Sat Jan 25 14:46:39 CET 2014: 71: Solution found.
Sat Jan 25 14:46:41 CET 2014: 72: finished (2084ms, 500cycles)
Sat Jan 25 14:46:41 CET 2014: 72: No solution found.
Sat Jan 25 14:46:41 CET 2014: 73: finished (62ms, 19cycles)
Sat Jan 25 14:46:41 CET 2014: 73: Solution found.
Sat Jan 25 14:46:43 CET 2014: 74: finished (1607ms, 500cycles)
Sat Jan 25 14:46:43 CET 2014: 74: No solution found.
Sat Jan 25 14:46:44 CET 2014: 75: finished (1616ms, 500cycles)
Sat Jan 25 14:46:44 CET 2014: 75: No solution found.
Sat Jan 25 14:46:44 CET 2014: 76: finished (52ms, 14cycles)
Sat Jan 25 14:46:44 CET 2014: 76: Solution found.
Sat Jan 25 14:46:44 CET 2014: 77: finished (54ms, 14cycles)
Sat Jan 25 14:46:44 CET 2014: 77: Solution found.
Sat Jan 25 14:46:44 CET 2014: 78: finished (92ms, 15cycles)
Sat Jan 25 14:46:44 CET 2014: 78: Solution found.
Sat Jan 25 14:46:45 CET 2014: 79: finished (120ms, 23cycles)
Sat Jan 25 14:46:45 CET 2014: 79: Solution found.
Sat Jan 25 14:46:45 CET 2014: 80: finished (20ms, 5cycles)
Sat Jan 25 14:46:45 CET 2014: 80: Solution found.
Sat Jan 25 14:46:46 CET 2014: 81: finished (1502ms, 500cycles)
Sat Jan 25 14:46:46 CET 2014: 81: No solution found.
Sat Jan 25 14:46:46 CET 2014: 82: finished (71ms, 11cycles)
Sat Jan 25 14:46:46 CET 2014: 82: Solution found.
Sat Jan 25 14:46:46 CET 2014: 83: finished (77ms, 20cycles)
Sat Jan 25 14:46:46 CET 2014: 83: Solution found.
Sat Jan 25 14:46:46 CET 2014: 84: finished (106ms, 30cycles)
Sat Jan 25 14:46:46 CET 2014: 84: Solution found.
Sat Jan 25 14:46:48 CET 2014: 85: finished (1545ms, 500cycles)
Sat Jan 25 14:46:48 CET 2014: 85: No solution found.
Sat Jan 25 14:46:49 CET 2014: 86: finished (1540ms, 500cycles)
Sat Jan 25 14:46:49 CET 2014: 86: No solution found.
Sat Jan 25 14:46:51 CET 2014: 87: finished (1598ms, 500cycles)
Sat Jan 25 14:46:51 CET 2014: 87: No solution found.
Sat Jan 25 14:46:51 CET 2014: 88: finished (82ms, 25cycles)
Sat Jan 25 14:46:51 CET 2014: 88: Solution found.
Sat Jan 25 14:46:53 CET 2014: 89: finished (1558ms, 500cycles)
Sat Jan 25 14:46:53 CET 2014: 89: No solution found.
Sat Jan 25 14:46:53 CET 2014: 90: finished (22ms, 6cycles)
Sat Jan 25 14:46:53 CET 2014: 90: Solution found.
Sat Jan 25 14:46:53 CET 2014: 91: finished (27ms, 7cycles)
Sat Jan 25 14:46:53 CET 2014: 91: Solution found.
Sat Jan 25 14:46:55 CET 2014: 92: finished (1765ms, 500cycles)
Sat Jan 25 14:46:55 CET 2014: 92: No solution found.
Sat Jan 25 14:46:55 CET 2014: 93: finished (30ms, 9cycles)
Sat Jan 25 14:46:55 CET 2014: 93: Solution found.
Sat Jan 25 14:46:56 CET 2014: 94: finished (1739ms, 500cycles)
Sat Jan 25 14:46:56 CET 2014: 94: No solution found.
Sat Jan 25 14:46:58 CET 2014: 95: finished (1769ms, 500cycles)
Sat Jan 25 14:46:58 CET 2014: 95: No solution found.
Sat Jan 25 14:46:58 CET 2014: 96: finished (77ms, 22cycles)
Sat Jan 25 14:46:58 CET 2014: 96: Solution found.
Sat Jan 25 14:46:58 CET 2014: 97: finished (159ms, 44cycles)
Sat Jan 25 14:46:58 CET 2014: 97: Solution found.
Sat Jan 25 14:47:02 CET 2014: 98: finished (3671ms, 500cycles)
Sat Jan 25 14:47:02 CET 2014: 98: No solution found.
Sat Jan 25 14:47:04 CET 2014: 99: finished (2334ms, 500cycles)
Sat Jan 25 14:47:04 CET 2014: 99: No solution found.
Sat Jan 25 14:47:04 CET 2014: Solution Found: 65
Sat Jan 25 14:47:04 CET 2014: Avg cycles: 24
Sat Jan 25 14:47:04 CET 2014: Max cycles: 298
Sat Jan 25 14:47:04 CET 2014: Min cycles: 2
Sat Jan 25 14:47:04 CET 2014: No solution found: 35
Sat Jan 25 14:47:04 CET 2014: logging finished. (runtime: 137718ms)
