Sat Jan 25 15:37:18 CET 2014: Problem Count: 150
Sat Jan 25 15:37:18 CET 2014: CandidatesCount: 200
Sat Jan 25 15:37:18 CET 2014: Max Cycles: 500
Sat Jan 25 15:37:18 CET 2014: 0: finished (177ms, 12cycles)
Sat Jan 25 15:37:18 CET 2014: 0: Solution found.
Sat Jan 25 15:37:18 CET 2014: 1: finished (188ms, 14cycles)
Sat Jan 25 15:37:18 CET 2014: 1: Solution found.
Sat Jan 25 15:37:18 CET 2014: 2: finished (51ms, 3cycles)
Sat Jan 25 15:37:18 CET 2014: 2: Solution found.
Sat Jan 25 15:37:19 CET 2014: 3: finished (132ms, 8cycles)
Sat Jan 25 15:37:19 CET 2014: 3: Solution found.
Sat Jan 25 15:37:19 CET 2014: 4: finished (68ms, 3cycles)
Sat Jan 25 15:37:19 CET 2014: 4: Solution found.
Sat Jan 25 15:37:19 CET 2014: 5: finished (152ms, 10cycles)
Sat Jan 25 15:37:19 CET 2014: 5: Solution found.
Sat Jan 25 15:37:19 CET 2014: 6: finished (77ms, 5cycles)
Sat Jan 25 15:37:19 CET 2014: 6: Solution found.
Sat Jan 25 15:37:19 CET 2014: 7: finished (380ms, 28cycles)
Sat Jan 25 15:37:19 CET 2014: 7: Solution found.
Sat Jan 25 15:37:19 CET 2014: 8: finished (69ms, 4cycles)
Sat Jan 25 15:37:19 CET 2014: 8: Solution found.
Sat Jan 25 15:37:19 CET 2014: 9: finished (28ms, 1cycles)
Sat Jan 25 15:37:19 CET 2014: 9: Solution found.
Sat Jan 25 15:37:20 CET 2014: 10: finished (256ms, 18cycles)
Sat Jan 25 15:37:20 CET 2014: 10: Solution found.
Sat Jan 25 15:37:20 CET 2014: 11: finished (506ms, 34cycles)
Sat Jan 25 15:37:20 CET 2014: 11: Solution found.
Sat Jan 25 15:37:20 CET 2014: 12: finished (188ms, 13cycles)
Sat Jan 25 15:37:20 CET 2014: 12: Solution found.
Sat Jan 25 15:37:20 CET 2014: 13: finished (93ms, 6cycles)
Sat Jan 25 15:37:20 CET 2014: 13: Solution found.
Sat Jan 25 15:37:20 CET 2014: 14: finished (52ms, 2cycles)
Sat Jan 25 15:37:20 CET 2014: 14: Solution found.
Sat Jan 25 15:37:21 CET 2014: 15: finished (203ms, 13cycles)
Sat Jan 25 15:37:21 CET 2014: 15: Solution found.
Sat Jan 25 15:37:21 CET 2014: 16: finished (37ms, 2cycles)
Sat Jan 25 15:37:21 CET 2014: 16: Solution found.
Sat Jan 25 15:37:21 CET 2014: 17: finished (128ms, 8cycles)
Sat Jan 25 15:37:21 CET 2014: 17: Solution found.
Sat Jan 25 15:37:21 CET 2014: 18: finished (140ms, 10cycles)
Sat Jan 25 15:37:21 CET 2014: 18: Solution found.
Sat Jan 25 15:37:21 CET 2014: 19: finished (118ms, 7cycles)
Sat Jan 25 15:37:21 CET 2014: 19: Solution found.
Sat Jan 25 15:37:21 CET 2014: 20: finished (41ms, 1cycles)
Sat Jan 25 15:37:21 CET 2014: 20: Solution found.
Sat Jan 25 15:37:21 CET 2014: 21: finished (207ms, 14cycles)
Sat Jan 25 15:37:21 CET 2014: 21: Solution found.
Sat Jan 25 15:37:21 CET 2014: 22: finished (109ms, 7cycles)
Sat Jan 25 15:37:21 CET 2014: 22: Solution found.
Sat Jan 25 15:37:22 CET 2014: 23: finished (911ms, 35cycles)
Sat Jan 25 15:37:22 CET 2014: 23: Solution found.
Sat Jan 25 15:37:22 CET 2014: 24: finished (91ms, 2cycles)
Sat Jan 25 15:37:22 CET 2014: 24: Solution found.
Sat Jan 25 15:37:23 CET 2014: 25: finished (537ms, 15cycles)
Sat Jan 25 15:37:23 CET 2014: 25: Solution found.
Sat Jan 25 15:37:24 CET 2014: 26: finished (1527ms, 43cycles)
Sat Jan 25 15:37:24 CET 2014: 26: Solution found.
Sat Jan 25 15:37:25 CET 2014: 27: finished (199ms, 5cycles)
Sat Jan 25 15:37:25 CET 2014: 27: Solution found.
Sat Jan 25 15:37:25 CET 2014: 28: finished (70ms, 1cycles)
Sat Jan 25 15:37:25 CET 2014: 28: Solution found.
Sat Jan 25 15:37:25 CET 2014: 29: finished (153ms, 4cycles)
Sat Jan 25 15:37:25 CET 2014: 29: Solution found.
Sat Jan 25 15:37:25 CET 2014: 30: finished (517ms, 15cycles)
Sat Jan 25 15:37:25 CET 2014: 30: Solution found.
Sat Jan 25 15:37:26 CET 2014: 31: finished (192ms, 5cycles)
Sat Jan 25 15:37:26 CET 2014: 31: Solution found.
Sat Jan 25 15:37:26 CET 2014: 32: finished (753ms, 22cycles)
Sat Jan 25 15:37:26 CET 2014: 32: Solution found.
Sat Jan 25 15:37:27 CET 2014: 33: finished (386ms, 10cycles)
Sat Jan 25 15:37:27 CET 2014: 33: Solution found.
Sat Jan 25 15:37:27 CET 2014: 34: finished (296ms, 8cycles)
Sat Jan 25 15:37:27 CET 2014: 34: Solution found.
Sat Jan 25 15:37:27 CET 2014: 35: finished (245ms, 6cycles)
Sat Jan 25 15:37:27 CET 2014: 35: Solution found.
Sat Jan 25 15:37:28 CET 2014: 36: finished (472ms, 14cycles)
Sat Jan 25 15:37:28 CET 2014: 36: Solution found.
Sat Jan 25 15:37:28 CET 2014: 37: finished (266ms, 20cycles)
Sat Jan 25 15:37:28 CET 2014: 37: Solution found.
Sat Jan 25 15:37:28 CET 2014: 38: finished (112ms, 8cycles)
Sat Jan 25 15:37:28 CET 2014: 38: Solution found.
Sat Jan 25 15:37:28 CET 2014: 39: finished (60ms, 3cycles)
Sat Jan 25 15:37:28 CET 2014: 39: Solution found.
Sat Jan 25 15:37:28 CET 2014: 40: finished (114ms, 7cycles)
Sat Jan 25 15:37:28 CET 2014: 40: Solution found.
Sat Jan 25 15:37:28 CET 2014: 41: finished (55ms, 3cycles)
Sat Jan 25 15:37:28 CET 2014: 41: Solution found.
Sat Jan 25 15:37:28 CET 2014: 42: finished (109ms, 8cycles)
Sat Jan 25 15:37:28 CET 2014: 42: Solution found.
Sat Jan 25 15:37:34 CET 2014: 43: finished (6009ms, 500cycles)
Sat Jan 25 15:37:34 CET 2014: 43: No solution found.
Sat Jan 25 15:37:35 CET 2014: 44: finished (105ms, 6cycles)
Sat Jan 25 15:37:35 CET 2014: 44: Solution found.
Sat Jan 25 15:37:35 CET 2014: 45: finished (85ms, 5cycles)
Sat Jan 25 15:37:35 CET 2014: 45: Solution found.
Sat Jan 25 15:37:35 CET 2014: 46: finished (233ms, 15cycles)
Sat Jan 25 15:37:35 CET 2014: 46: Solution found.
Sat Jan 25 15:37:35 CET 2014: 47: finished (135ms, 9cycles)
Sat Jan 25 15:37:35 CET 2014: 47: Solution found.
Sat Jan 25 15:37:35 CET 2014: 48: finished (198ms, 14cycles)
Sat Jan 25 15:37:35 CET 2014: 48: Solution found.
Sat Jan 25 15:37:35 CET 2014: 49: finished (95ms, 6cycles)
Sat Jan 25 15:37:35 CET 2014: 49: Solution found.
Sat Jan 25 15:37:35 CET 2014: 50: finished (96ms, 6cycles)
Sat Jan 25 15:37:35 CET 2014: 50: Solution found.
Sat Jan 25 15:37:36 CET 2014: 51: finished (124ms, 8cycles)
Sat Jan 25 15:37:36 CET 2014: 51: Solution found.
Sat Jan 25 15:37:36 CET 2014: 52: finished (186ms, 13cycles)
Sat Jan 25 15:37:36 CET 2014: 52: Solution found.
Sat Jan 25 15:37:36 CET 2014: 53: finished (57ms, 3cycles)
Sat Jan 25 15:37:36 CET 2014: 53: Solution found.
Sat Jan 25 15:37:36 CET 2014: 54: finished (258ms, 19cycles)
Sat Jan 25 15:37:36 CET 2014: 54: Solution found.
Sat Jan 25 15:37:36 CET 2014: 55: finished (73ms, 5cycles)
Sat Jan 25 15:37:36 CET 2014: 55: Solution found.
Sat Jan 25 15:37:36 CET 2014: 56: finished (145ms, 10cycles)
Sat Jan 25 15:37:36 CET 2014: 56: Solution found.
Sat Jan 25 15:37:36 CET 2014: 57: finished (115ms, 7cycles)
Sat Jan 25 15:37:36 CET 2014: 57: Solution found.
Sat Jan 25 15:37:47 CET 2014: 58: finished (10116ms, 500cycles)
Sat Jan 25 15:37:47 CET 2014: 58: No solution found.
Sat Jan 25 15:37:47 CET 2014: 59: finished (26ms, 1cycles)
Sat Jan 25 15:37:47 CET 2014: 59: Solution found.
Sat Jan 25 15:37:47 CET 2014: 60: finished (143ms, 10cycles)
Sat Jan 25 15:37:47 CET 2014: 60: Solution found.
Sat Jan 25 15:37:47 CET 2014: 61: finished (117ms, 6cycles)
Sat Jan 25 15:37:47 CET 2014: 61: Solution found.
Sat Jan 25 15:37:47 CET 2014: 62: finished (244ms, 18cycles)
Sat Jan 25 15:37:47 CET 2014: 62: Solution found.
Sat Jan 25 15:37:47 CET 2014: 63: finished (42ms, 2cycles)
Sat Jan 25 15:37:47 CET 2014: 63: Solution found.
Sat Jan 25 15:37:47 CET 2014: 64: finished (254ms, 18cycles)
Sat Jan 25 15:37:47 CET 2014: 64: Solution found.
Sat Jan 25 15:37:47 CET 2014: 65: finished (26ms, 1cycles)
Sat Jan 25 15:37:47 CET 2014: 65: Solution found.
Sat Jan 25 15:37:47 CET 2014: 66: finished (72ms, 4cycles)
Sat Jan 25 15:37:47 CET 2014: 66: Solution found.
Sat Jan 25 15:37:48 CET 2014: 67: finished (153ms, 10cycles)
Sat Jan 25 15:37:48 CET 2014: 67: Solution found.
Sat Jan 25 15:37:48 CET 2014: 68: finished (37ms, 2cycles)
Sat Jan 25 15:37:48 CET 2014: 68: Solution found.
Sat Jan 25 15:37:48 CET 2014: 69: finished (55ms, 3cycles)
Sat Jan 25 15:37:48 CET 2014: 69: Solution found.
Sat Jan 25 15:37:48 CET 2014: 70: finished (116ms, 8cycles)
Sat Jan 25 15:37:48 CET 2014: 70: Solution found.
Sat Jan 25 15:37:48 CET 2014: 71: finished (207ms, 14cycles)
Sat Jan 25 15:37:48 CET 2014: 71: Solution found.
Sat Jan 25 15:37:48 CET 2014: 72: finished (351ms, 25cycles)
Sat Jan 25 15:37:48 CET 2014: 72: Solution found.
Sat Jan 25 15:37:48 CET 2014: 73: finished (130ms, 8cycles)
Sat Jan 25 15:37:48 CET 2014: 73: Solution found.
Sat Jan 25 15:37:49 CET 2014: 74: finished (99ms, 6cycles)
Sat Jan 25 15:37:49 CET 2014: 74: Solution found.
Sat Jan 25 15:37:49 CET 2014: 75: finished (92ms, 5cycles)
Sat Jan 25 15:37:49 CET 2014: 75: Solution found.
Sat Jan 25 15:37:49 CET 2014: 76: finished (206ms, 15cycles)
Sat Jan 25 15:37:49 CET 2014: 76: Solution found.
Sat Jan 25 15:37:49 CET 2014: 77: finished (405ms, 31cycles)
Sat Jan 25 15:37:49 CET 2014: 77: Solution found.
Sat Jan 25 15:37:50 CET 2014: 78: finished (252ms, 18cycles)
Sat Jan 25 15:37:50 CET 2014: 78: Solution found.
Sat Jan 25 15:37:50 CET 2014: 79: finished (209ms, 14cycles)
Sat Jan 25 15:37:50 CET 2014: 79: Solution found.
Sat Jan 25 15:37:50 CET 2014: 80: finished (110ms, 8cycles)
Sat Jan 25 15:37:50 CET 2014: 80: Solution found.
Sat Jan 25 15:37:50 CET 2014: 81: finished (439ms, 32cycles)
Sat Jan 25 15:37:50 CET 2014: 81: Solution found.
Sat Jan 25 15:37:50 CET 2014: 82: finished (161ms, 11cycles)
Sat Jan 25 15:37:50 CET 2014: 82: Solution found.
Sat Jan 25 15:37:51 CET 2014: 83: finished (108ms, 7cycles)
Sat Jan 25 15:37:51 CET 2014: 83: Solution found.
Sat Jan 25 15:37:51 CET 2014: 84: finished (68ms, 4cycles)
Sat Jan 25 15:37:51 CET 2014: 84: Solution found.
Sat Jan 25 15:37:51 CET 2014: 85: finished (153ms, 11cycles)
Sat Jan 25 15:37:51 CET 2014: 85: Solution found.
Sat Jan 25 15:37:51 CET 2014: 86: finished (106ms, 7cycles)
Sat Jan 25 15:37:51 CET 2014: 86: Solution found.
Sat Jan 25 15:37:51 CET 2014: 87: finished (146ms, 10cycles)
Sat Jan 25 15:37:51 CET 2014: 87: Solution found.
Sat Jan 25 15:37:51 CET 2014: 88: finished (267ms, 19cycles)
Sat Jan 25 15:37:51 CET 2014: 88: Solution found.
Sat Jan 25 15:37:51 CET 2014: 89: finished (90ms, 6cycles)
Sat Jan 25 15:37:51 CET 2014: 89: Solution found.
Sat Jan 25 15:37:51 CET 2014: 90: finished (82ms, 5cycles)
Sat Jan 25 15:37:51 CET 2014: 90: Solution found.
Sat Jan 25 15:37:52 CET 2014: 91: finished (229ms, 17cycles)
Sat Jan 25 15:37:52 CET 2014: 91: Solution found.
Sat Jan 25 15:37:52 CET 2014: 92: finished (367ms, 28cycles)
Sat Jan 25 15:37:52 CET 2014: 92: Solution found.
Sat Jan 25 15:37:53 CET 2014: 93: finished (424ms, 21cycles)
Sat Jan 25 15:37:53 CET 2014: 93: Solution found.
Sat Jan 25 15:37:53 CET 2014: 94: finished (738ms, 18cycles)
Sat Jan 25 15:37:53 CET 2014: 94: Solution found.
Sat Jan 25 15:37:54 CET 2014: 95: finished (602ms, 15cycles)
Sat Jan 25 15:37:54 CET 2014: 95: Solution found.
Sat Jan 25 15:37:54 CET 2014: 96: finished (499ms, 12cycles)
Sat Jan 25 15:37:54 CET 2014: 96: Solution found.
Sat Jan 25 15:37:55 CET 2014: 97: finished (340ms, 7cycles)
Sat Jan 25 15:37:55 CET 2014: 97: Solution found.
Sat Jan 25 15:37:56 CET 2014: 98: finished (916ms, 22cycles)
Sat Jan 25 15:37:56 CET 2014: 98: Solution found.
Sat Jan 25 15:37:56 CET 2014: 99: finished (250ms, 6cycles)
Sat Jan 25 15:37:56 CET 2014: 99: Solution found.
Sat Jan 25 15:37:56 CET 2014: Solution Found: 98
Sat Jan 25 15:37:56 CET 2014: Avg cycles: 10
Sat Jan 25 15:37:56 CET 2014: Max cycles: 43
Sat Jan 25 15:37:56 CET 2014: Min cycles: 1
Sat Jan 25 15:37:56 CET 2014: No solution found: 2
Sat Jan 25 15:37:56 CET 2014: logging finished. (runtime: 37862ms)
