Sun Jan 26 01:43:52 CET 2014: Problem Count: 150
Sun Jan 26 01:43:52 CET 2014: CandidatesCount: 150
Sun Jan 26 01:43:52 CET 2014: Max Cycles: 500
Sun Jan 26 01:43:53 CET 2014: 0: finished (254ms, 24cycles)
Sun Jan 26 01:43:53 CET 2014: 0: Solution found.
Sun Jan 26 01:43:53 CET 2014: 1: finished (90ms, 8cycles)
Sun Jan 26 01:43:53 CET 2014: 1: Solution found.
Sun Jan 26 01:43:53 CET 2014: 2: finished (167ms, 14cycles)
Sun Jan 26 01:43:53 CET 2014: 2: Solution found.
Sun Jan 26 01:43:57 CET 2014: 3: finished (4576ms, 500cycles)
Sun Jan 26 01:43:57 CET 2014: 3: No solution found.
Sun Jan 26 01:43:58 CET 2014: 4: finished (255ms, 26cycles)
Sun Jan 26 01:43:58 CET 2014: 4: Solution found.
Sun Jan 26 01:43:58 CET 2014: 5: finished (153ms, 14cycles)
Sun Jan 26 01:43:58 CET 2014: 5: Solution found.
Sun Jan 26 01:43:58 CET 2014: 6: finished (30ms, 2cycles)
Sun Jan 26 01:43:58 CET 2014: 6: Solution found.
Sun Jan 26 01:43:58 CET 2014: 7: finished (21ms, 1cycles)
Sun Jan 26 01:43:58 CET 2014: 7: Solution found.
Sun Jan 26 01:43:58 CET 2014: 8: finished (132ms, 13cycles)
Sun Jan 26 01:43:58 CET 2014: 8: Solution found.
Sun Jan 26 01:43:58 CET 2014: 9: finished (136ms, 13cycles)
Sun Jan 26 01:43:58 CET 2014: 9: Solution found.
Sun Jan 26 01:43:58 CET 2014: 10: finished (125ms, 10cycles)
Sun Jan 26 01:43:58 CET 2014: 10: Solution found.
Sun Jan 26 01:43:58 CET 2014: 11: finished (73ms, 6cycles)
Sun Jan 26 01:43:58 CET 2014: 11: Solution found.
Sun Jan 26 01:43:58 CET 2014: 12: finished (107ms, 10cycles)
Sun Jan 26 01:43:58 CET 2014: 12: Solution found.
Sun Jan 26 01:43:59 CET 2014: 13: finished (100ms, 10cycles)
Sun Jan 26 01:43:59 CET 2014: 13: Solution found.
Sun Jan 26 01:43:59 CET 2014: 14: finished (89ms, 8cycles)
Sun Jan 26 01:43:59 CET 2014: 14: Solution found.
Sun Jan 26 01:43:59 CET 2014: 15: finished (116ms, 8cycles)
Sun Jan 26 01:43:59 CET 2014: 15: Solution found.
Sun Jan 26 01:44:00 CET 2014: 16: finished (816ms, 27cycles)
Sun Jan 26 01:44:00 CET 2014: 16: Solution found.
Sun Jan 26 01:44:00 CET 2014: 17: finished (551ms, 19cycles)
Sun Jan 26 01:44:00 CET 2014: 17: Solution found.
Sun Jan 26 01:44:00 CET 2014: 18: finished (288ms, 9cycles)
Sun Jan 26 01:44:00 CET 2014: 18: Solution found.
Sun Jan 26 01:44:01 CET 2014: 19: finished (311ms, 10cycles)
Sun Jan 26 01:44:01 CET 2014: 19: Solution found.
Sun Jan 26 01:44:01 CET 2014: 20: finished (210ms, 6cycles)
Sun Jan 26 01:44:01 CET 2014: 20: Solution found.
Sun Jan 26 01:44:01 CET 2014: 21: finished (361ms, 11cycles)
Sun Jan 26 01:44:01 CET 2014: 21: Solution found.
Sun Jan 26 01:44:02 CET 2014: 22: finished (251ms, 7cycles)
Sun Jan 26 01:44:02 CET 2014: 22: Solution found.
Sun Jan 26 01:44:08 CET 2014: 23: finished (6764ms, 500cycles)
Sun Jan 26 01:44:08 CET 2014: 23: No solution found.
Sun Jan 26 01:44:08 CET 2014: 24: finished (202ms, 19cycles)
Sun Jan 26 01:44:08 CET 2014: 24: Solution found.
Sun Jan 26 01:44:09 CET 2014: 25: finished (103ms, 10cycles)
Sun Jan 26 01:44:09 CET 2014: 25: Solution found.
Sun Jan 26 01:44:10 CET 2014: 26: finished (1327ms, 128cycles)
Sun Jan 26 01:44:10 CET 2014: 26: Solution found.
Sun Jan 26 01:44:10 CET 2014: 27: finished (133ms, 12cycles)
Sun Jan 26 01:44:10 CET 2014: 27: Solution found.
Sun Jan 26 01:44:10 CET 2014: 28: finished (101ms, 8cycles)
Sun Jan 26 01:44:10 CET 2014: 28: Solution found.
Sun Jan 26 01:44:10 CET 2014: 29: finished (348ms, 33cycles)
Sun Jan 26 01:44:10 CET 2014: 29: Solution found.
Sun Jan 26 01:44:11 CET 2014: 30: finished (61ms, 5cycles)
Sun Jan 26 01:44:11 CET 2014: 30: Solution found.
Sun Jan 26 01:44:11 CET 2014: 31: finished (76ms, 7cycles)
Sun Jan 26 01:44:11 CET 2014: 31: Solution found.
Sun Jan 26 01:44:11 CET 2014: 32: finished (54ms, 4cycles)
Sun Jan 26 01:44:11 CET 2014: 32: Solution found.
Sun Jan 26 01:44:11 CET 2014: 33: finished (39ms, 3cycles)
Sun Jan 26 01:44:11 CET 2014: 33: Solution found.
Sun Jan 26 01:44:11 CET 2014: 34: finished (235ms, 22cycles)
Sun Jan 26 01:44:11 CET 2014: 34: Solution found.
Sun Jan 26 01:44:11 CET 2014: 35: finished (111ms, 10cycles)
Sun Jan 26 01:44:11 CET 2014: 35: Solution found.
Sun Jan 26 01:44:11 CET 2014: 36: finished (134ms, 12cycles)
Sun Jan 26 01:44:11 CET 2014: 36: Solution found.
Sun Jan 26 01:44:11 CET 2014: 37: finished (85ms, 7cycles)
Sun Jan 26 01:44:11 CET 2014: 37: Solution found.
Sun Jan 26 01:44:11 CET 2014: 38: finished (113ms, 11cycles)
Sun Jan 26 01:44:11 CET 2014: 38: Solution found.
Sun Jan 26 01:44:12 CET 2014: 39: finished (154ms, 14cycles)
Sun Jan 26 01:44:12 CET 2014: 39: Solution found.
Sun Jan 26 01:44:12 CET 2014: 40: finished (193ms, 19cycles)
Sun Jan 26 01:44:12 CET 2014: 40: Solution found.
Sun Jan 26 01:44:12 CET 2014: 41: finished (77ms, 6cycles)
Sun Jan 26 01:44:12 CET 2014: 41: Solution found.
Sun Jan 26 01:44:12 CET 2014: 42: finished (130ms, 11cycles)
Sun Jan 26 01:44:12 CET 2014: 42: Solution found.
Sun Jan 26 01:44:12 CET 2014: 43: finished (326ms, 34cycles)
Sun Jan 26 01:44:12 CET 2014: 43: Solution found.
Sun Jan 26 01:44:13 CET 2014: 44: finished (303ms, 29cycles)
Sun Jan 26 01:44:13 CET 2014: 44: Solution found.
Sun Jan 26 01:44:13 CET 2014: 45: finished (207ms, 19cycles)
Sun Jan 26 01:44:13 CET 2014: 45: Solution found.
Sun Jan 26 01:44:13 CET 2014: 46: finished (249ms, 24cycles)
Sun Jan 26 01:44:13 CET 2014: 46: Solution found.
Sun Jan 26 01:44:13 CET 2014: 47: finished (182ms, 18cycles)
Sun Jan 26 01:44:13 CET 2014: 47: Solution found.
Sun Jan 26 01:44:13 CET 2014: 48: finished (226ms, 22cycles)
Sun Jan 26 01:44:13 CET 2014: 48: Solution found.
Sun Jan 26 01:44:14 CET 2014: 49: finished (336ms, 33cycles)
Sun Jan 26 01:44:14 CET 2014: 49: Solution found.
Sun Jan 26 01:44:22 CET 2014: 50: finished (8519ms, 500cycles)
Sun Jan 26 01:44:22 CET 2014: 50: No solution found.
Sun Jan 26 01:44:22 CET 2014: 51: finished (104ms, 10cycles)
Sun Jan 26 01:44:22 CET 2014: 51: Solution found.
Sun Jan 26 01:44:27 CET 2014: 52: finished (4989ms, 500cycles)
Sun Jan 26 01:44:27 CET 2014: 52: No solution found.
Sun Jan 26 01:44:28 CET 2014: 53: finished (237ms, 23cycles)
Sun Jan 26 01:44:28 CET 2014: 53: Solution found.
Sun Jan 26 01:44:28 CET 2014: 54: finished (124ms, 12cycles)
Sun Jan 26 01:44:28 CET 2014: 54: Solution found.
Sun Jan 26 01:44:28 CET 2014: 55: finished (63ms, 5cycles)
Sun Jan 26 01:44:28 CET 2014: 55: Solution found.
Sun Jan 26 01:44:28 CET 2014: 56: finished (154ms, 13cycles)
Sun Jan 26 01:44:28 CET 2014: 56: Solution found.
Sun Jan 26 01:44:28 CET 2014: 57: finished (29ms, 2cycles)
Sun Jan 26 01:44:28 CET 2014: 57: Solution found.
Sun Jan 26 01:44:28 CET 2014: 58: finished (179ms, 15cycles)
Sun Jan 26 01:44:28 CET 2014: 58: Solution found.
Sun Jan 26 01:44:28 CET 2014: 59: finished (69ms, 6cycles)
Sun Jan 26 01:44:28 CET 2014: 59: Solution found.
Sun Jan 26 01:44:28 CET 2014: 60: finished (217ms, 21cycles)
Sun Jan 26 01:44:28 CET 2014: 60: Solution found.
Sun Jan 26 01:44:29 CET 2014: 61: finished (333ms, 35cycles)
Sun Jan 26 01:44:29 CET 2014: 61: Solution found.
Sun Jan 26 01:44:29 CET 2014: 62: finished (168ms, 15cycles)
Sun Jan 26 01:44:29 CET 2014: 62: Solution found.
Sun Jan 26 01:44:38 CET 2014: 63: finished (8890ms, 500cycles)
Sun Jan 26 01:44:38 CET 2014: 63: No solution found.
Sun Jan 26 01:44:38 CET 2014: 64: finished (120ms, 11cycles)
Sun Jan 26 01:44:38 CET 2014: 64: Solution found.
Sun Jan 26 01:44:38 CET 2014: 65: finished (114ms, 10cycles)
Sun Jan 26 01:44:38 CET 2014: 65: Solution found.
Sun Jan 26 01:44:43 CET 2014: 66: finished (4688ms, 500cycles)
Sun Jan 26 01:44:43 CET 2014: 66: No solution found.
Sun Jan 26 01:44:43 CET 2014: 67: finished (95ms, 8cycles)
Sun Jan 26 01:44:43 CET 2014: 67: Solution found.
Sun Jan 26 01:44:43 CET 2014: 68: finished (314ms, 30cycles)
Sun Jan 26 01:44:43 CET 2014: 68: Solution found.
Sun Jan 26 01:44:43 CET 2014: 69: finished (66ms, 6cycles)
Sun Jan 26 01:44:43 CET 2014: 69: Solution found.
Sun Jan 26 01:44:43 CET 2014: 70: finished (128ms, 12cycles)
Sun Jan 26 01:44:43 CET 2014: 70: Solution found.
Sun Jan 26 01:44:44 CET 2014: 71: finished (251ms, 25cycles)
Sun Jan 26 01:44:44 CET 2014: 71: Solution found.
Sun Jan 26 01:44:44 CET 2014: 72: finished (128ms, 12cycles)
Sun Jan 26 01:44:44 CET 2014: 72: Solution found.
Sun Jan 26 01:44:44 CET 2014: 73: finished (90ms, 8cycles)
Sun Jan 26 01:44:44 CET 2014: 73: Solution found.
Sun Jan 26 01:44:44 CET 2014: 74: finished (133ms, 13cycles)
Sun Jan 26 01:44:44 CET 2014: 74: Solution found.
Sun Jan 26 01:44:44 CET 2014: 75: finished (114ms, 10cycles)
Sun Jan 26 01:44:44 CET 2014: 75: Solution found.
Sun Jan 26 01:44:44 CET 2014: 76: finished (285ms, 27cycles)
Sun Jan 26 01:44:44 CET 2014: 76: Solution found.
Sun Jan 26 01:44:44 CET 2014: 77: finished (52ms, 4cycles)
Sun Jan 26 01:44:44 CET 2014: 77: Solution found.
Sun Jan 26 01:44:45 CET 2014: 78: finished (172ms, 15cycles)
Sun Jan 26 01:44:45 CET 2014: 78: Solution found.
Sun Jan 26 01:44:45 CET 2014: 79: finished (712ms, 28cycles)
Sun Jan 26 01:44:45 CET 2014: 79: Solution found.
Sun Jan 26 01:44:46 CET 2014: 80: finished (614ms, 21cycles)
Sun Jan 26 01:44:46 CET 2014: 80: Solution found.
Sun Jan 26 01:44:46 CET 2014: 81: finished (519ms, 18cycles)
Sun Jan 26 01:44:46 CET 2014: 81: Solution found.
Sun Jan 26 01:44:47 CET 2014: 82: finished (554ms, 17cycles)
Sun Jan 26 01:44:47 CET 2014: 82: Solution found.
Sun Jan 26 01:44:47 CET 2014: 83: finished (432ms, 13cycles)
Sun Jan 26 01:44:47 CET 2014: 83: Solution found.
Sun Jan 26 01:44:48 CET 2014: 84: finished (309ms, 9cycles)
Sun Jan 26 01:44:48 CET 2014: 84: Solution found.
Sun Jan 26 01:44:49 CET 2014: 85: finished (777ms, 26cycles)
Sun Jan 26 01:44:49 CET 2014: 85: Solution found.
Sun Jan 26 01:44:49 CET 2014: 86: finished (933ms, 31cycles)
Sun Jan 26 01:44:49 CET 2014: 86: Solution found.
Sun Jan 26 01:44:50 CET 2014: 87: finished (407ms, 12cycles)
Sun Jan 26 01:44:50 CET 2014: 87: Solution found.
Sun Jan 26 01:44:50 CET 2014: 88: finished (119ms, 3cycles)
Sun Jan 26 01:44:50 CET 2014: 88: Solution found.
Sun Jan 26 01:44:51 CET 2014: 89: finished (737ms, 25cycles)
Sun Jan 26 01:44:51 CET 2014: 89: Solution found.
Sun Jan 26 01:44:51 CET 2014: 90: finished (381ms, 28cycles)
Sun Jan 26 01:44:51 CET 2014: 90: Solution found.
Sun Jan 26 01:44:51 CET 2014: 91: finished (144ms, 14cycles)
Sun Jan 26 01:44:51 CET 2014: 91: Solution found.
Sun Jan 26 01:44:51 CET 2014: 92: finished (228ms, 22cycles)
Sun Jan 26 01:44:51 CET 2014: 92: Solution found.
Sun Jan 26 01:44:52 CET 2014: 93: finished (235ms, 24cycles)
Sun Jan 26 01:44:52 CET 2014: 93: Solution found.
Sun Jan 26 01:44:52 CET 2014: 94: finished (106ms, 8cycles)
Sun Jan 26 01:44:52 CET 2014: 94: Solution found.
Sun Jan 26 01:44:52 CET 2014: 95: finished (296ms, 28cycles)
Sun Jan 26 01:44:52 CET 2014: 95: Solution found.
Sun Jan 26 01:44:52 CET 2014: 96: finished (72ms, 6cycles)
Sun Jan 26 01:44:52 CET 2014: 96: Solution found.
Sun Jan 26 01:44:52 CET 2014: 97: finished (52ms, 4cycles)
Sun Jan 26 01:44:52 CET 2014: 97: Solution found.
Sun Jan 26 01:44:52 CET 2014: 98: finished (220ms, 21cycles)
Sun Jan 26 01:44:52 CET 2014: 98: Solution found.
Sun Jan 26 01:44:53 CET 2014: 99: finished (75ms, 6cycles)
Sun Jan 26 01:44:53 CET 2014: 99: Solution found.
Sun Jan 26 01:44:53 CET 2014: Solution Found: 94
Sun Jan 26 01:44:53 CET 2014: Avg cycles: 15
Sun Jan 26 01:44:53 CET 2014: Max cycles: 128
Sun Jan 26 01:44:53 CET 2014: Min cycles: 1
Sun Jan 26 01:44:53 CET 2014: No solution found: 6
Sun Jan 26 01:44:53 CET 2014: logging finished. (runtime: 60259ms)
