Sat Jan 25 15:27:03 CET 2014: Problem Count: 250
Sat Jan 25 15:27:03 CET 2014: CandidatesCount: 100
Sat Jan 25 15:27:03 CET 2014: Max Cycles: 500
Sat Jan 25 15:27:04 CET 2014: 0: finished (1324ms, 28cycles)
Sat Jan 25 15:27:04 CET 2014: 0: Solution found.
Sat Jan 25 15:27:07 CET 2014: 1: finished (3253ms, 72cycles)
Sat Jan 25 15:27:07 CET 2014: 1: Solution found.
Sat Jan 25 15:27:08 CET 2014: 2: finished (872ms, 19cycles)
Sat Jan 25 15:27:08 CET 2014: 2: Solution found.
Sat Jan 25 15:27:09 CET 2014: 3: finished (445ms, 8cycles)
Sat Jan 25 15:27:09 CET 2014: 3: Solution found.
Sat Jan 25 15:27:09 CET 2014: 4: finished (539ms, 11cycles)
Sat Jan 25 15:27:09 CET 2014: 4: Solution found.
Sat Jan 25 15:27:10 CET 2014: 5: finished (256ms, 5cycles)
Sat Jan 25 15:27:10 CET 2014: 5: Solution found.
Sat Jan 25 15:27:10 CET 2014: 6: finished (749ms, 16cycles)
Sat Jan 25 15:27:10 CET 2014: 6: Solution found.
Sat Jan 25 15:27:12 CET 2014: 7: finished (1522ms, 33cycles)
Sat Jan 25 15:27:12 CET 2014: 7: Solution found.
Sat Jan 25 15:27:30 CET 2014: 8: finished (18162ms, 500cycles)
Sat Jan 25 15:27:30 CET 2014: 8: No solution found.
Sat Jan 25 15:27:31 CET 2014: 9: finished (1057ms, 64cycles)
Sat Jan 25 15:27:31 CET 2014: 9: Solution found.
Sat Jan 25 15:27:39 CET 2014: 10: finished (8190ms, 500cycles)
Sat Jan 25 15:27:39 CET 2014: 10: No solution found.
Sat Jan 25 15:27:40 CET 2014: 11: finished (318ms, 19cycles)
Sat Jan 25 15:27:40 CET 2014: 11: Solution found.
Sat Jan 25 15:27:40 CET 2014: 12: finished (78ms, 4cycles)
Sat Jan 25 15:27:40 CET 2014: 12: Solution found.
Sat Jan 25 15:27:40 CET 2014: 13: finished (464ms, 27cycles)
Sat Jan 25 15:27:40 CET 2014: 13: Solution found.
Sat Jan 25 15:27:40 CET 2014: 14: finished (113ms, 6cycles)
Sat Jan 25 15:27:40 CET 2014: 14: Solution found.
Sat Jan 25 15:27:41 CET 2014: 15: finished (243ms, 15cycles)
Sat Jan 25 15:27:41 CET 2014: 15: Solution found.
Sat Jan 25 15:27:41 CET 2014: 16: finished (239ms, 14cycles)
Sat Jan 25 15:27:41 CET 2014: 16: Solution found.
Sat Jan 25 15:27:41 CET 2014: 17: finished (522ms, 30cycles)
Sat Jan 25 15:27:41 CET 2014: 17: Solution found.
Sat Jan 25 15:27:41 CET 2014: 18: finished (180ms, 9cycles)
Sat Jan 25 15:27:41 CET 2014: 18: Solution found.
Sat Jan 25 15:27:51 CET 2014: 19: finished (10037ms, 500cycles)
Sat Jan 25 15:27:51 CET 2014: 19: No solution found.
Sat Jan 25 15:27:52 CET 2014: 20: finished (85ms, 4cycles)
Sat Jan 25 15:27:52 CET 2014: 20: Solution found.
Sat Jan 25 15:27:52 CET 2014: 21: finished (237ms, 13cycles)
Sat Jan 25 15:27:52 CET 2014: 21: Solution found.
Sat Jan 25 15:28:00 CET 2014: 22: finished (8114ms, 500cycles)
Sat Jan 25 15:28:00 CET 2014: 22: No solution found.
Sat Jan 25 15:28:11 CET 2014: 23: finished (11074ms, 500cycles)
Sat Jan 25 15:28:11 CET 2014: 23: No solution found.
Sat Jan 25 15:28:11 CET 2014: 24: finished (134ms, 6cycles)
Sat Jan 25 15:28:11 CET 2014: 24: Solution found.
Sat Jan 25 15:28:11 CET 2014: 25: finished (305ms, 18cycles)
Sat Jan 25 15:28:11 CET 2014: 25: Solution found.
Sat Jan 25 15:28:12 CET 2014: 26: finished (577ms, 35cycles)
Sat Jan 25 15:28:12 CET 2014: 26: Solution found.
Sat Jan 25 15:28:12 CET 2014: 27: finished (263ms, 15cycles)
Sat Jan 25 15:28:12 CET 2014: 27: Solution found.
Sat Jan 25 15:28:24 CET 2014: 28: finished (11873ms, 500cycles)
Sat Jan 25 15:28:24 CET 2014: 28: No solution found.
Sat Jan 25 15:28:24 CET 2014: 29: finished (216ms, 13cycles)
Sat Jan 25 15:28:24 CET 2014: 29: Solution found.
Sat Jan 25 15:28:25 CET 2014: 30: finished (219ms, 13cycles)
Sat Jan 25 15:28:25 CET 2014: 30: Solution found.
Sat Jan 25 15:28:25 CET 2014: 31: finished (491ms, 30cycles)
Sat Jan 25 15:28:25 CET 2014: 31: Solution found.
Sat Jan 25 15:28:25 CET 2014: 32: finished (281ms, 16cycles)
Sat Jan 25 15:28:25 CET 2014: 32: Solution found.
Sat Jan 25 15:28:26 CET 2014: 33: finished (384ms, 23cycles)
Sat Jan 25 15:28:26 CET 2014: 33: Solution found.
Sat Jan 25 15:28:26 CET 2014: 34: finished (229ms, 13cycles)
Sat Jan 25 15:28:26 CET 2014: 34: Solution found.
Sat Jan 25 15:28:26 CET 2014: 35: finished (167ms, 10cycles)
Sat Jan 25 15:28:26 CET 2014: 35: Solution found.
Sat Jan 25 15:28:26 CET 2014: 36: finished (299ms, 17cycles)
Sat Jan 25 15:28:26 CET 2014: 36: Solution found.
Sat Jan 25 15:28:27 CET 2014: 37: finished (161ms, 9cycles)
Sat Jan 25 15:28:27 CET 2014: 37: Solution found.
Sat Jan 25 15:28:27 CET 2014: 38: finished (216ms, 12cycles)
Sat Jan 25 15:28:27 CET 2014: 38: Solution found.
Sat Jan 25 15:28:27 CET 2014: 39: finished (314ms, 17cycles)
Sat Jan 25 15:28:27 CET 2014: 39: Solution found.
Sat Jan 25 15:28:28 CET 2014: 40: finished (558ms, 33cycles)
Sat Jan 25 15:28:28 CET 2014: 40: Solution found.
Sat Jan 25 15:28:28 CET 2014: 41: finished (368ms, 22cycles)
Sat Jan 25 15:28:28 CET 2014: 41: Solution found.
Sat Jan 25 15:28:29 CET 2014: 42: finished (612ms, 38cycles)
Sat Jan 25 15:28:29 CET 2014: 42: Solution found.
Sat Jan 25 15:28:29 CET 2014: 43: finished (368ms, 21cycles)
Sat Jan 25 15:28:29 CET 2014: 43: Solution found.
Sat Jan 25 15:28:29 CET 2014: 44: finished (151ms, 9cycles)
Sat Jan 25 15:28:29 CET 2014: 44: Solution found.
Sat Jan 25 15:28:29 CET 2014: 45: finished (199ms, 12cycles)
Sat Jan 25 15:28:29 CET 2014: 45: Solution found.
Sat Jan 25 15:28:41 CET 2014: 46: finished (11783ms, 500cycles)
Sat Jan 25 15:28:41 CET 2014: 46: No solution found.
Sat Jan 25 15:28:42 CET 2014: 47: finished (376ms, 23cycles)
Sat Jan 25 15:28:42 CET 2014: 47: Solution found.
Sat Jan 25 15:28:42 CET 2014: 48: finished (208ms, 11cycles)
Sat Jan 25 15:28:42 CET 2014: 48: Solution found.
Sat Jan 25 15:28:54 CET 2014: 49: finished (12327ms, 500cycles)
Sat Jan 25 15:28:54 CET 2014: 49: No solution found.
Sat Jan 25 15:28:54 CET 2014: 50: finished (308ms, 18cycles)
Sat Jan 25 15:28:54 CET 2014: 50: Solution found.
Sat Jan 25 15:28:55 CET 2014: 51: finished (542ms, 32cycles)
Sat Jan 25 15:28:55 CET 2014: 51: Solution found.
Sat Jan 25 15:28:55 CET 2014: 52: finished (460ms, 28cycles)
Sat Jan 25 15:28:55 CET 2014: 52: Solution found.
Sat Jan 25 15:28:56 CET 2014: 53: finished (256ms, 13cycles)
Sat Jan 25 15:28:56 CET 2014: 53: Solution found.
Sat Jan 25 15:28:56 CET 2014: 54: finished (410ms, 26cycles)
Sat Jan 25 15:28:56 CET 2014: 54: Solution found.
Sat Jan 25 15:28:56 CET 2014: 55: finished (196ms, 11cycles)
Sat Jan 25 15:28:56 CET 2014: 55: Solution found.
Sat Jan 25 15:29:07 CET 2014: 56: finished (10707ms, 500cycles)
Sat Jan 25 15:29:07 CET 2014: 56: No solution found.
Sat Jan 25 15:29:07 CET 2014: 57: finished (292ms, 5cycles)
Sat Jan 25 15:29:07 CET 2014: 57: Solution found.
Sat Jan 25 15:29:07 CET 2014: 58: finished (191ms, 3cycles)
Sat Jan 25 15:29:07 CET 2014: 58: Solution found.
Sat Jan 25 15:29:08 CET 2014: 59: finished (519ms, 11cycles)
Sat Jan 25 15:29:08 CET 2014: 59: Solution found.
Sat Jan 25 15:29:09 CET 2014: 60: finished (970ms, 23cycles)
Sat Jan 25 15:29:09 CET 2014: 60: Solution found.
Sat Jan 25 15:29:09 CET 2014: 61: finished (371ms, 18cycles)
Sat Jan 25 15:29:09 CET 2014: 61: Solution found.
Sat Jan 25 15:29:10 CET 2014: 62: finished (252ms, 14cycles)
Sat Jan 25 15:29:10 CET 2014: 62: Solution found.
Sat Jan 25 15:29:10 CET 2014: 63: finished (225ms, 11cycles)
Sat Jan 25 15:29:10 CET 2014: 63: Solution found.
Sat Jan 25 15:29:10 CET 2014: 64: finished (47ms, 2cycles)
Sat Jan 25 15:29:10 CET 2014: 64: Solution found.
Sat Jan 25 15:29:10 CET 2014: 65: finished (540ms, 32cycles)
Sat Jan 25 15:29:10 CET 2014: 65: Solution found.
Sat Jan 25 15:29:11 CET 2014: 66: finished (132ms, 7cycles)
Sat Jan 25 15:29:11 CET 2014: 66: Solution found.
Sat Jan 25 15:29:11 CET 2014: 67: finished (180ms, 10cycles)
Sat Jan 25 15:29:11 CET 2014: 67: Solution found.
Sat Jan 25 15:29:11 CET 2014: 68: finished (159ms, 9cycles)
Sat Jan 25 15:29:11 CET 2014: 68: Solution found.
Sat Jan 25 15:29:11 CET 2014: 69: finished (600ms, 36cycles)
Sat Jan 25 15:29:11 CET 2014: 69: Solution found.
Sat Jan 25 15:29:19 CET 2014: 70: finished (7951ms, 500cycles)
Sat Jan 25 15:29:19 CET 2014: 70: No solution found.
Sat Jan 25 15:29:21 CET 2014: 71: finished (1174ms, 29cycles)
Sat Jan 25 15:29:21 CET 2014: 71: Solution found.
Sat Jan 25 15:29:21 CET 2014: 72: finished (531ms, 12cycles)
Sat Jan 25 15:29:21 CET 2014: 72: Solution found.
Sat Jan 25 15:29:22 CET 2014: 73: finished (726ms, 15cycles)
Sat Jan 25 15:29:22 CET 2014: 73: Solution found.
Sat Jan 25 15:29:23 CET 2014: 74: finished (1119ms, 28cycles)
Sat Jan 25 15:29:23 CET 2014: 74: Solution found.
Sat Jan 25 15:29:23 CET 2014: 75: finished (439ms, 10cycles)
Sat Jan 25 15:29:23 CET 2014: 75: Solution found.
Sat Jan 25 15:29:24 CET 2014: 76: finished (224ms, 5cycles)
Sat Jan 25 15:29:24 CET 2014: 76: Solution found.
Sat Jan 25 15:29:24 CET 2014: 77: finished (462ms, 10cycles)
Sat Jan 25 15:29:24 CET 2014: 77: Solution found.
Sat Jan 25 15:29:25 CET 2014: 78: finished (1093ms, 54cycles)
Sat Jan 25 15:29:25 CET 2014: 78: Solution found.
Sat Jan 25 15:29:26 CET 2014: 79: finished (573ms, 33cycles)
Sat Jan 25 15:29:26 CET 2014: 79: Solution found.
Sat Jan 25 15:29:26 CET 2014: 80: finished (196ms, 10cycles)
Sat Jan 25 15:29:26 CET 2014: 80: Solution found.
Sat Jan 25 15:29:26 CET 2014: 81: finished (186ms, 11cycles)
Sat Jan 25 15:29:26 CET 2014: 81: Solution found.
Sat Jan 25 15:29:26 CET 2014: 82: finished (228ms, 14cycles)
Sat Jan 25 15:29:26 CET 2014: 82: Solution found.
Sat Jan 25 15:29:27 CET 2014: 83: finished (904ms, 49cycles)
Sat Jan 25 15:29:27 CET 2014: 83: Solution found.
Sat Jan 25 15:29:28 CET 2014: 84: finished (683ms, 41cycles)
Sat Jan 25 15:29:28 CET 2014: 84: Solution found.
Sat Jan 25 15:29:28 CET 2014: 85: finished (223ms, 13cycles)
Sat Jan 25 15:29:28 CET 2014: 85: Solution found.
Sat Jan 25 15:29:29 CET 2014: 86: finished (1146ms, 74cycles)
Sat Jan 25 15:29:29 CET 2014: 86: Solution found.
Sat Jan 25 15:29:30 CET 2014: 87: finished (410ms, 25cycles)
Sat Jan 25 15:29:30 CET 2014: 87: Solution found.
Sat Jan 25 15:29:41 CET 2014: 88: finished (11602ms, 500cycles)
Sat Jan 25 15:29:41 CET 2014: 88: No solution found.
Sat Jan 25 15:29:42 CET 2014: 89: finished (530ms, 30cycles)
Sat Jan 25 15:29:42 CET 2014: 89: Solution found.
Sat Jan 25 15:29:42 CET 2014: 90: finished (141ms, 6cycles)
Sat Jan 25 15:29:42 CET 2014: 90: Solution found.
Sat Jan 25 15:29:42 CET 2014: 91: finished (222ms, 12cycles)
Sat Jan 25 15:29:42 CET 2014: 91: Solution found.
Sat Jan 25 15:29:42 CET 2014: 92: finished (89ms, 5cycles)
Sat Jan 25 15:29:42 CET 2014: 92: Solution found.
Sat Jan 25 15:29:42 CET 2014: 93: finished (109ms, 6cycles)
Sat Jan 25 15:29:42 CET 2014: 93: Solution found.
Sat Jan 25 15:29:52 CET 2014: 94: finished (9106ms, 500cycles)
Sat Jan 25 15:29:52 CET 2014: 94: No solution found.
Sat Jan 25 15:29:52 CET 2014: 95: finished (692ms, 13cycles)
Sat Jan 25 15:29:52 CET 2014: 95: Solution found.
Sat Jan 25 15:29:53 CET 2014: 96: finished (959ms, 19cycles)
Sat Jan 25 15:29:53 CET 2014: 96: Solution found.
Sat Jan 25 15:29:54 CET 2014: 97: finished (861ms, 17cycles)
Sat Jan 25 15:29:54 CET 2014: 97: Solution found.
Sat Jan 25 15:30:03 CET 2014: 98: finished (8471ms, 500cycles)
Sat Jan 25 15:30:03 CET 2014: 98: No solution found.
Sat Jan 25 15:30:03 CET 2014: 99: finished (162ms, 8cycles)
Sat Jan 25 15:30:03 CET 2014: 99: Solution found.
Sat Jan 25 15:30:03 CET 2014: Solution Found: 87
Sat Jan 25 15:30:03 CET 2014: Avg cycles: 19
Sat Jan 25 15:30:03 CET 2014: Max cycles: 74
Sat Jan 25 15:30:03 CET 2014: Min cycles: 2
Sat Jan 25 15:30:03 CET 2014: No solution found: 13
Sat Jan 25 15:30:03 CET 2014: logging finished. (runtime: 179752ms)
