Sat Jan 25 13:52:10 CET 2014: Problem Count: 100
Sat Jan 25 13:52:10 CET 2014: CandidatesCount: 100
Sat Jan 25 13:52:10 CET 2014: Max Cycles: 500
Sat Jan 25 13:52:10 CET 2014: 0: finished (97ms, 27cycles)
Sat Jan 25 13:52:10 CET 2014: 0: Solution found.
Sat Jan 25 13:52:10 CET 2014: 1: finished (18ms, 4cycles)
Sat Jan 25 13:52:10 CET 2014: 1: Solution found.
Sat Jan 25 13:52:10 CET 2014: 2: finished (37ms, 10cycles)
Sat Jan 25 13:52:10 CET 2014: 2: Solution found.
Sat Jan 25 13:52:10 CET 2014: 3: finished (50ms, 13cycles)
Sat Jan 25 13:52:10 CET 2014: 3: Solution found.
Sat Jan 25 13:52:10 CET 2014: 4: finished (16ms, 3cycles)
Sat Jan 25 13:52:10 CET 2014: 4: Solution found.
Sat Jan 25 13:52:10 CET 2014: 5: finished (74ms, 20cycles)
Sat Jan 25 13:52:10 CET 2014: 5: Solution found.
Sat Jan 25 13:52:10 CET 2014: 6: finished (70ms, 19cycles)
Sat Jan 25 13:52:10 CET 2014: 6: Solution found.
Sat Jan 25 13:52:10 CET 2014: 7: finished (21ms, 5cycles)
Sat Jan 25 13:52:10 CET 2014: 7: Solution found.
Sat Jan 25 13:52:10 CET 2014: 8: finished (39ms, 10cycles)
Sat Jan 25 13:52:10 CET 2014: 8: Solution found.
Sat Jan 25 13:52:12 CET 2014: 9: finished (1600ms, 500cycles)
Sat Jan 25 13:52:12 CET 2014: 9: No solution found.
Sat Jan 25 13:52:12 CET 2014: 10: finished (100ms, 29cycles)
Sat Jan 25 13:52:12 CET 2014: 10: Solution found.
Sat Jan 25 13:52:12 CET 2014: 11: finished (175ms, 46cycles)
Sat Jan 25 13:52:12 CET 2014: 11: Solution found.
Sat Jan 25 13:52:12 CET 2014: 12: finished (25ms, 6cycles)
Sat Jan 25 13:52:12 CET 2014: 12: Solution found.
Sat Jan 25 13:52:12 CET 2014: 13: finished (34ms, 9cycles)
Sat Jan 25 13:52:12 CET 2014: 13: Solution found.
Sat Jan 25 13:52:12 CET 2014: 14: finished (39ms, 11cycles)
Sat Jan 25 13:52:12 CET 2014: 14: Solution found.
Sat Jan 25 13:52:12 CET 2014: 15: finished (43ms, 12cycles)
Sat Jan 25 13:52:12 CET 2014: 15: Solution found.
Sat Jan 25 13:52:13 CET 2014: 16: finished (83ms, 21cycles)
Sat Jan 25 13:52:13 CET 2014: 16: Solution found.
Sat Jan 25 13:52:13 CET 2014: 17: finished (31ms, 8cycles)
Sat Jan 25 13:52:13 CET 2014: 17: Solution found.
Sat Jan 25 13:52:13 CET 2014: 18: finished (130ms, 34cycles)
Sat Jan 25 13:52:13 CET 2014: 18: Solution found.
Sat Jan 25 13:52:13 CET 2014: 19: finished (140ms, 37cycles)
Sat Jan 25 13:52:13 CET 2014: 19: Solution found.
Sat Jan 25 13:52:13 CET 2014: 20: finished (102ms, 28cycles)
Sat Jan 25 13:52:13 CET 2014: 20: Solution found.
Sat Jan 25 13:52:13 CET 2014: 21: finished (125ms, 33cycles)
Sat Jan 25 13:52:13 CET 2014: 21: Solution found.
Sat Jan 25 13:52:13 CET 2014: 22: finished (190ms, 53cycles)
Sat Jan 25 13:52:13 CET 2014: 22: Solution found.
Sat Jan 25 13:52:13 CET 2014: 23: finished (119ms, 34cycles)
Sat Jan 25 13:52:13 CET 2014: 23: Solution found.
Sat Jan 25 13:52:13 CET 2014: 24: finished (49ms, 13cycles)
Sat Jan 25 13:52:13 CET 2014: 24: Solution found.
Sat Jan 25 13:52:13 CET 2014: 25: finished (24ms, 6cycles)
Sat Jan 25 13:52:13 CET 2014: 25: Solution found.
Sat Jan 25 13:52:13 CET 2014: 26: finished (36ms, 9cycles)
Sat Jan 25 13:52:13 CET 2014: 26: Solution found.
Sat Jan 25 13:52:14 CET 2014: 27: finished (413ms, 56cycles)
Sat Jan 25 13:52:14 CET 2014: 27: Solution found.
Sat Jan 25 13:52:14 CET 2014: 28: finished (128ms, 11cycles)
Sat Jan 25 13:52:14 CET 2014: 28: Solution found.
Sat Jan 25 13:52:14 CET 2014: 29: finished (97ms, 9cycles)
Sat Jan 25 13:52:14 CET 2014: 29: Solution found.
Sat Jan 25 13:52:14 CET 2014: 30: finished (279ms, 26cycles)
Sat Jan 25 13:52:14 CET 2014: 30: Solution found.
Sat Jan 25 13:52:15 CET 2014: 31: finished (144ms, 14cycles)
Sat Jan 25 13:52:15 CET 2014: 31: Solution found.
Sat Jan 25 13:52:15 CET 2014: 32: finished (229ms, 21cycles)
Sat Jan 25 13:52:15 CET 2014: 32: Solution found.
Sat Jan 25 13:52:15 CET 2014: 33: finished (144ms, 13cycles)
Sat Jan 25 13:52:15 CET 2014: 33: Solution found.
Sat Jan 25 13:52:15 CET 2014: 34: finished (364ms, 34cycles)
Sat Jan 25 13:52:15 CET 2014: 34: Solution found.
Sat Jan 25 13:52:15 CET 2014: 35: finished (135ms, 13cycles)
Sat Jan 25 13:52:15 CET 2014: 35: Solution found.
Sat Jan 25 13:52:20 CET 2014: 36: finished (4383ms, 500cycles)
Sat Jan 25 13:52:20 CET 2014: 36: No solution found.
Sat Jan 25 13:52:21 CET 2014: 37: finished (1574ms, 500cycles)
Sat Jan 25 13:52:21 CET 2014: 37: No solution found.
Sat Jan 25 13:52:21 CET 2014: 38: finished (68ms, 19cycles)
Sat Jan 25 13:52:21 CET 2014: 38: Solution found.
Sat Jan 25 13:52:22 CET 2014: 39: finished (70ms, 19cycles)
Sat Jan 25 13:52:22 CET 2014: 39: Solution found.
Sat Jan 25 13:52:22 CET 2014: 40: finished (48ms, 13cycles)
Sat Jan 25 13:52:22 CET 2014: 40: Solution found.
Sat Jan 25 13:52:22 CET 2014: 41: finished (110ms, 31cycles)
Sat Jan 25 13:52:22 CET 2014: 41: Solution found.
Sat Jan 25 13:52:22 CET 2014: 42: finished (30ms, 8cycles)
Sat Jan 25 13:52:22 CET 2014: 42: Solution found.
Sat Jan 25 13:52:22 CET 2014: 43: finished (31ms, 8cycles)
Sat Jan 25 13:52:22 CET 2014: 43: Solution found.
Sat Jan 25 13:52:23 CET 2014: 44: finished (1597ms, 500cycles)
Sat Jan 25 13:52:23 CET 2014: 44: No solution found.
Sat Jan 25 13:52:23 CET 2014: 45: finished (115ms, 32cycles)
Sat Jan 25 13:52:23 CET 2014: 45: Solution found.
Sat Jan 25 13:52:23 CET 2014: 46: finished (48ms, 12cycles)
Sat Jan 25 13:52:23 CET 2014: 46: Solution found.
Sat Jan 25 13:52:24 CET 2014: 47: finished (70ms, 19cycles)
Sat Jan 25 13:52:24 CET 2014: 47: Solution found.
Sat Jan 25 13:52:24 CET 2014: 48: finished (24ms, 6cycles)
Sat Jan 25 13:52:24 CET 2014: 48: Solution found.
Sat Jan 25 13:52:24 CET 2014: 49: finished (110ms, 30cycles)
Sat Jan 25 13:52:24 CET 2014: 49: Solution found.
Sat Jan 25 13:52:24 CET 2014: 50: finished (40ms, 10cycles)
Sat Jan 25 13:52:24 CET 2014: 50: Solution found.
Sat Jan 25 13:52:24 CET 2014: 51: finished (123ms, 33cycles)
Sat Jan 25 13:52:24 CET 2014: 51: Solution found.
Sat Jan 25 13:52:24 CET 2014: 52: finished (14ms, 3cycles)
Sat Jan 25 13:52:24 CET 2014: 52: Solution found.
Sat Jan 25 13:52:24 CET 2014: 53: finished (34ms, 9cycles)
Sat Jan 25 13:52:24 CET 2014: 53: Solution found.
Sat Jan 25 13:52:24 CET 2014: 54: finished (33ms, 9cycles)
Sat Jan 25 13:52:24 CET 2014: 54: Solution found.
Sat Jan 25 13:52:24 CET 2014: 55: finished (33ms, 8cycles)
Sat Jan 25 13:52:24 CET 2014: 55: Solution found.
Sat Jan 25 13:52:24 CET 2014: 56: finished (51ms, 13cycles)
Sat Jan 25 13:52:24 CET 2014: 56: Solution found.
Sat Jan 25 13:52:24 CET 2014: 57: finished (51ms, 11cycles)
Sat Jan 25 13:52:24 CET 2014: 57: Solution found.
Sat Jan 25 13:52:26 CET 2014: 58: finished (1784ms, 500cycles)
Sat Jan 25 13:52:26 CET 2014: 58: No solution found.
Sat Jan 25 13:52:26 CET 2014: 59: finished (34ms, 9cycles)
Sat Jan 25 13:52:26 CET 2014: 59: Solution found.
Sat Jan 25 13:52:26 CET 2014: 60: finished (39ms, 10cycles)
Sat Jan 25 13:52:26 CET 2014: 60: Solution found.
Sat Jan 25 13:52:26 CET 2014: 61: finished (97ms, 27cycles)
Sat Jan 25 13:52:26 CET 2014: 61: Solution found.
Sat Jan 25 13:52:26 CET 2014: 62: finished (60ms, 16cycles)
Sat Jan 25 13:52:26 CET 2014: 62: Solution found.
Sat Jan 25 13:52:26 CET 2014: 63: finished (74ms, 20cycles)
Sat Jan 25 13:52:26 CET 2014: 63: Solution found.
Sat Jan 25 13:52:26 CET 2014: 64: finished (63ms, 17cycles)
Sat Jan 25 13:52:26 CET 2014: 64: Solution found.
Sat Jan 25 13:52:26 CET 2014: 65: finished (212ms, 61cycles)
Sat Jan 25 13:52:26 CET 2014: 65: Solution found.
Sat Jan 25 13:52:26 CET 2014: 66: finished (42ms, 11cycles)
Sat Jan 25 13:52:26 CET 2014: 66: Solution found.
Sat Jan 25 13:52:27 CET 2014: 67: finished (29ms, 7cycles)
Sat Jan 25 13:52:27 CET 2014: 67: Solution found.
Sat Jan 25 13:52:27 CET 2014: 68: finished (18ms, 4cycles)
Sat Jan 25 13:52:27 CET 2014: 68: Solution found.
Sat Jan 25 13:52:27 CET 2014: 69: finished (113ms, 30cycles)
Sat Jan 25 13:52:27 CET 2014: 69: Solution found.
Sat Jan 25 13:52:27 CET 2014: 70: finished (59ms, 16cycles)
Sat Jan 25 13:52:27 CET 2014: 70: Solution found.
Sat Jan 25 13:52:27 CET 2014: 71: finished (57ms, 16cycles)
Sat Jan 25 13:52:27 CET 2014: 71: Solution found.
Sat Jan 25 13:52:28 CET 2014: 72: finished (1589ms, 500cycles)
Sat Jan 25 13:52:28 CET 2014: 72: No solution found.
Sat Jan 25 13:52:28 CET 2014: 73: finished (78ms, 22cycles)
Sat Jan 25 13:52:28 CET 2014: 73: Solution found.
Sat Jan 25 13:52:32 CET 2014: 74: finished (3717ms, 500cycles)
Sat Jan 25 13:52:32 CET 2014: 74: No solution found.
Sat Jan 25 13:52:32 CET 2014: 75: finished (109ms, 10cycles)
Sat Jan 25 13:52:32 CET 2014: 75: Solution found.
Sat Jan 25 13:52:32 CET 2014: 76: finished (210ms, 20cycles)
Sat Jan 25 13:52:32 CET 2014: 76: Solution found.
Sat Jan 25 13:52:32 CET 2014: 77: finished (32ms, 2cycles)
Sat Jan 25 13:52:32 CET 2014: 77: Solution found.
Sat Jan 25 13:52:33 CET 2014: 78: finished (147ms, 14cycles)
Sat Jan 25 13:52:33 CET 2014: 78: Solution found.
Sat Jan 25 13:52:36 CET 2014: 79: finished (3235ms, 500cycles)
Sat Jan 25 13:52:36 CET 2014: 79: No solution found.
Sat Jan 25 13:52:36 CET 2014: 80: finished (81ms, 23cycles)
Sat Jan 25 13:52:36 CET 2014: 80: Solution found.
Sat Jan 25 13:52:36 CET 2014: 81: finished (54ms, 15cycles)
Sat Jan 25 13:52:36 CET 2014: 81: Solution found.
Sat Jan 25 13:52:36 CET 2014: 82: finished (8ms, 1cycles)
Sat Jan 25 13:52:36 CET 2014: 82: Solution found.
Sat Jan 25 13:52:36 CET 2014: 83: finished (25ms, 6cycles)
Sat Jan 25 13:52:36 CET 2014: 83: Solution found.
Sat Jan 25 13:52:36 CET 2014: 84: finished (86ms, 24cycles)
Sat Jan 25 13:52:36 CET 2014: 84: Solution found.
Sat Jan 25 13:52:36 CET 2014: 85: finished (76ms, 19cycles)
Sat Jan 25 13:52:36 CET 2014: 85: Solution found.
Sat Jan 25 13:52:36 CET 2014: 86: finished (89ms, 25cycles)
Sat Jan 25 13:52:36 CET 2014: 86: Solution found.
Sat Jan 25 13:52:37 CET 2014: 87: finished (322ms, 90cycles)
Sat Jan 25 13:52:37 CET 2014: 87: Solution found.
Sat Jan 25 13:52:38 CET 2014: 88: finished (1506ms, 500cycles)
Sat Jan 25 13:52:38 CET 2014: 88: No solution found.
Sat Jan 25 13:52:38 CET 2014: 89: finished (133ms, 41cycles)
Sat Jan 25 13:52:38 CET 2014: 89: Solution found.
Sat Jan 25 13:52:38 CET 2014: 90: finished (83ms, 23cycles)
Sat Jan 25 13:52:38 CET 2014: 90: Solution found.
Sat Jan 25 13:52:38 CET 2014: 91: finished (40ms, 11cycles)
Sat Jan 25 13:52:38 CET 2014: 91: Solution found.
Sat Jan 25 13:52:38 CET 2014: 92: finished (15ms, 3cycles)
Sat Jan 25 13:52:38 CET 2014: 92: Solution found.
Sat Jan 25 13:52:38 CET 2014: 93: finished (53ms, 14cycles)
Sat Jan 25 13:52:38 CET 2014: 93: Solution found.
Sat Jan 25 13:52:39 CET 2014: 94: finished (50ms, 14cycles)
Sat Jan 25 13:52:39 CET 2014: 94: Solution found.
Sat Jan 25 13:52:39 CET 2014: 95: finished (198ms, 57cycles)
Sat Jan 25 13:52:39 CET 2014: 95: Solution found.
Sat Jan 25 13:52:39 CET 2014: 96: finished (39ms, 10cycles)
Sat Jan 25 13:52:39 CET 2014: 96: Solution found.
Sat Jan 25 13:52:40 CET 2014: 97: finished (1555ms, 500cycles)
Sat Jan 25 13:52:40 CET 2014: 97: No solution found.
Sat Jan 25 13:52:42 CET 2014: 98: finished (1865ms, 500cycles)
Sat Jan 25 13:52:42 CET 2014: 98: No solution found.
Sat Jan 25 13:52:42 CET 2014: 99: finished (52ms, 14cycles)
Sat Jan 25 13:52:42 CET 2014: 99: Solution found.
Sat Jan 25 13:52:42 CET 2014: Solution Found: 89
Sat Jan 25 13:52:42 CET 2014: Avg cycles: 19
Sat Jan 25 13:52:42 CET 2014: Max cycles: 90
Sat Jan 25 13:52:42 CET 2014: Min cycles: 1
Sat Jan 25 13:52:42 CET 2014: No solution found: 11
Sat Jan 25 13:52:42 CET 2014: logging finished. (runtime: 32208ms)
