Sat Jan 25 14:43:41 CET 2014: Problem Count: 50
Sat Jan 25 14:43:41 CET 2014: CandidatesCount: 50
Sat Jan 25 14:43:41 CET 2014: Max Cycles: 500
Sat Jan 25 14:43:41 CET 2014: 0: finished (36ms, 45cycles)
Sat Jan 25 14:43:41 CET 2014: 0: Solution found.
Sat Jan 25 14:43:41 CET 2014: 1: finished (9ms, 15cycles)
Sat Jan 25 14:43:41 CET 2014: 1: Solution found.
Sat Jan 25 14:43:42 CET 2014: 2: finished (319ms, 500cycles)
Sat Jan 25 14:43:42 CET 2014: 2: No solution found.
Sat Jan 25 14:43:42 CET 2014: 3: finished (5ms, 7cycles)
Sat Jan 25 14:43:42 CET 2014: 3: Solution found.
Sat Jan 25 14:43:42 CET 2014: 4: finished (302ms, 500cycles)
Sat Jan 25 14:43:42 CET 2014: 4: No solution found.
Sat Jan 25 14:43:42 CET 2014: 5: finished (5ms, 7cycles)
Sat Jan 25 14:43:42 CET 2014: 5: Solution found.
Sat Jan 25 14:43:42 CET 2014: 6: finished (8ms, 11cycles)
Sat Jan 25 14:43:42 CET 2014: 6: Solution found.
Sat Jan 25 14:43:42 CET 2014: 7: finished (16ms, 24cycles)
Sat Jan 25 14:43:42 CET 2014: 7: Solution found.
Sat Jan 25 14:43:42 CET 2014: 8: finished (7ms, 10cycles)
Sat Jan 25 14:43:42 CET 2014: 8: Solution found.
Sat Jan 25 14:43:42 CET 2014: 9: finished (11ms, 16cycles)
Sat Jan 25 14:43:42 CET 2014: 9: Solution found.
Sat Jan 25 14:43:42 CET 2014: 10: finished (7ms, 8cycles)
Sat Jan 25 14:43:42 CET 2014: 10: Solution found.
Sat Jan 25 14:43:42 CET 2014: 11: finished (290ms, 500cycles)
Sat Jan 25 14:43:42 CET 2014: 11: No solution found.
Sat Jan 25 14:43:43 CET 2014: 12: finished (300ms, 500cycles)
Sat Jan 25 14:43:43 CET 2014: 12: No solution found.
Sat Jan 25 14:43:43 CET 2014: 13: finished (315ms, 500cycles)
Sat Jan 25 14:43:43 CET 2014: 13: No solution found.
Sat Jan 25 14:43:43 CET 2014: 14: finished (27ms, 40cycles)
Sat Jan 25 14:43:43 CET 2014: 14: Solution found.
Sat Jan 25 14:43:43 CET 2014: 15: finished (7ms, 10cycles)
Sat Jan 25 14:43:43 CET 2014: 15: Solution found.
Sat Jan 25 14:43:43 CET 2014: 16: finished (15ms, 22cycles)
Sat Jan 25 14:43:43 CET 2014: 16: Solution found.
Sat Jan 25 14:43:43 CET 2014: 17: finished (14ms, 21cycles)
Sat Jan 25 14:43:43 CET 2014: 17: Solution found.
Sat Jan 25 14:43:43 CET 2014: 18: finished (289ms, 500cycles)
Sat Jan 25 14:43:43 CET 2014: 18: No solution found.
Sat Jan 25 14:43:43 CET 2014: 19: finished (5ms, 7cycles)
Sat Jan 25 14:43:43 CET 2014: 19: Solution found.
Sat Jan 25 14:43:43 CET 2014: 20: finished (5ms, 7cycles)
Sat Jan 25 14:43:43 CET 2014: 20: Solution found.
Sat Jan 25 14:43:43 CET 2014: 21: finished (16ms, 23cycles)
Sat Jan 25 14:43:43 CET 2014: 21: Solution found.
Sat Jan 25 14:43:43 CET 2014: 22: finished (8ms, 11cycles)
Sat Jan 25 14:43:43 CET 2014: 22: Solution found.
Sat Jan 25 14:43:43 CET 2014: 23: finished (25ms, 36cycles)
Sat Jan 25 14:43:43 CET 2014: 23: Solution found.
Sat Jan 25 14:43:43 CET 2014: 24: finished (31ms, 46cycles)
Sat Jan 25 14:43:43 CET 2014: 24: Solution found.
Sat Jan 25 14:43:44 CET 2014: 25: finished (288ms, 500cycles)
Sat Jan 25 14:43:44 CET 2014: 25: No solution found.
Sat Jan 25 14:43:44 CET 2014: 26: finished (325ms, 500cycles)
Sat Jan 25 14:43:44 CET 2014: 26: No solution found.
Sat Jan 25 14:43:44 CET 2014: 27: finished (310ms, 500cycles)
Sat Jan 25 14:43:44 CET 2014: 27: No solution found.
Sat Jan 25 14:43:44 CET 2014: 28: finished (25ms, 32cycles)
Sat Jan 25 14:43:44 CET 2014: 28: Solution found.
Sat Jan 25 14:43:45 CET 2014: 29: finished (311ms, 500cycles)
Sat Jan 25 14:43:45 CET 2014: 29: No solution found.
Sat Jan 25 14:43:45 CET 2014: 30: finished (84ms, 126cycles)
Sat Jan 25 14:43:45 CET 2014: 30: Solution found.
Sat Jan 25 14:43:45 CET 2014: 31: finished (307ms, 500cycles)
Sat Jan 25 14:43:45 CET 2014: 31: No solution found.
Sat Jan 25 14:43:45 CET 2014: 32: finished (13ms, 18cycles)
Sat Jan 25 14:43:45 CET 2014: 32: Solution found.
Sat Jan 25 14:43:45 CET 2014: 33: finished (13ms, 18cycles)
Sat Jan 25 14:43:45 CET 2014: 33: Solution found.
Sat Jan 25 14:43:45 CET 2014: 34: finished (12ms, 18cycles)
Sat Jan 25 14:43:45 CET 2014: 34: Solution found.
Sat Jan 25 14:43:45 CET 2014: 35: finished (13ms, 20cycles)
Sat Jan 25 14:43:45 CET 2014: 35: Solution found.
Sat Jan 25 14:43:45 CET 2014: 36: finished (10ms, 14cycles)
Sat Jan 25 14:43:45 CET 2014: 36: Solution found.
Sat Jan 25 14:43:45 CET 2014: 37: finished (323ms, 500cycles)
Sat Jan 25 14:43:45 CET 2014: 37: No solution found.
Sat Jan 25 14:43:45 CET 2014: 38: finished (6ms, 8cycles)
Sat Jan 25 14:43:45 CET 2014: 38: Solution found.
Sat Jan 25 14:43:45 CET 2014: 39: finished (22ms, 30cycles)
Sat Jan 25 14:43:45 CET 2014: 39: Solution found.
Sat Jan 25 14:43:45 CET 2014: 40: finished (44ms, 73cycles)
Sat Jan 25 14:43:45 CET 2014: 40: Solution found.
Sat Jan 25 14:43:45 CET 2014: 41: finished (10ms, 12cycles)
Sat Jan 25 14:43:45 CET 2014: 41: Solution found.
Sat Jan 25 14:43:45 CET 2014: 42: finished (33ms, 51cycles)
Sat Jan 25 14:43:45 CET 2014: 42: Solution found.
Sat Jan 25 14:43:46 CET 2014: 43: finished (327ms, 500cycles)
Sat Jan 25 14:43:46 CET 2014: 43: No solution found.
Sat Jan 25 14:43:46 CET 2014: 44: finished (298ms, 500cycles)
Sat Jan 25 14:43:46 CET 2014: 44: No solution found.
Sat Jan 25 14:43:46 CET 2014: 45: finished (20ms, 31cycles)
Sat Jan 25 14:43:46 CET 2014: 45: Solution found.
Sat Jan 25 14:43:46 CET 2014: 46: finished (16ms, 22cycles)
Sat Jan 25 14:43:46 CET 2014: 46: Solution found.
Sat Jan 25 14:43:46 CET 2014: 47: finished (29ms, 47cycles)
Sat Jan 25 14:43:46 CET 2014: 47: Solution found.
Sat Jan 25 14:43:46 CET 2014: 48: finished (296ms, 500cycles)
Sat Jan 25 14:43:46 CET 2014: 48: No solution found.
Sat Jan 25 14:43:46 CET 2014: 49: finished (15ms, 21cycles)
Sat Jan 25 14:43:46 CET 2014: 49: Solution found.
Sat Jan 25 14:43:47 CET 2014: 50: finished (38ms, 55cycles)
Sat Jan 25 14:43:47 CET 2014: 50: Solution found.
Sat Jan 25 14:43:47 CET 2014: 51: finished (16ms, 22cycles)
Sat Jan 25 14:43:47 CET 2014: 51: Solution found.
Sat Jan 25 14:43:47 CET 2014: 52: finished (331ms, 500cycles)
Sat Jan 25 14:43:47 CET 2014: 52: No solution found.
Sat Jan 25 14:43:48 CET 2014: 53: finished (656ms, 500cycles)
Sat Jan 25 14:43:48 CET 2014: 53: No solution found.
Sat Jan 25 14:43:48 CET 2014: 54: finished (845ms, 500cycles)
Sat Jan 25 14:43:48 CET 2014: 54: No solution found.
Sat Jan 25 14:43:48 CET 2014: 55: finished (17ms, 8cycles)
Sat Jan 25 14:43:48 CET 2014: 55: Solution found.
Sat Jan 25 14:43:48 CET 2014: 56: finished (23ms, 11cycles)
Sat Jan 25 14:43:48 CET 2014: 56: Solution found.
Sat Jan 25 14:43:49 CET 2014: 57: finished (243ms, 112cycles)
Sat Jan 25 14:43:49 CET 2014: 57: Solution found.
Sat Jan 25 14:43:49 CET 2014: 58: finished (11ms, 5cycles)
Sat Jan 25 14:43:49 CET 2014: 58: Solution found.
Sat Jan 25 14:43:50 CET 2014: 59: finished (888ms, 500cycles)
Sat Jan 25 14:43:50 CET 2014: 59: No solution found.
Sat Jan 25 14:43:50 CET 2014: 60: finished (36ms, 18cycles)
Sat Jan 25 14:43:50 CET 2014: 60: Solution found.
Sat Jan 25 14:43:50 CET 2014: 61: finished (81ms, 39cycles)
Sat Jan 25 14:43:50 CET 2014: 61: Solution found.
Sat Jan 25 14:43:50 CET 2014: 62: finished (24ms, 11cycles)
Sat Jan 25 14:43:50 CET 2014: 62: Solution found.
Sat Jan 25 14:43:50 CET 2014: 63: finished (39ms, 21cycles)
Sat Jan 25 14:43:50 CET 2014: 63: Solution found.
Sat Jan 25 14:43:50 CET 2014: 64: finished (6ms, 2cycles)
Sat Jan 25 14:43:50 CET 2014: 64: Solution found.
Sat Jan 25 14:43:50 CET 2014: 65: finished (29ms, 14cycles)
Sat Jan 25 14:43:50 CET 2014: 65: Solution found.
Sat Jan 25 14:43:50 CET 2014: 66: finished (37ms, 18cycles)
Sat Jan 25 14:43:50 CET 2014: 66: Solution found.
Sat Jan 25 14:43:51 CET 2014: 67: finished (1043ms, 500cycles)
Sat Jan 25 14:43:51 CET 2014: 67: No solution found.
Sat Jan 25 14:43:51 CET 2014: 68: finished (55ms, 26cycles)
Sat Jan 25 14:43:51 CET 2014: 68: Solution found.
Sat Jan 25 14:43:52 CET 2014: 69: finished (864ms, 500cycles)
Sat Jan 25 14:43:52 CET 2014: 69: No solution found.
Sat Jan 25 14:43:52 CET 2014: 70: finished (28ms, 14cycles)
Sat Jan 25 14:43:52 CET 2014: 70: Solution found.
Sat Jan 25 14:43:52 CET 2014: 71: finished (39ms, 21cycles)
Sat Jan 25 14:43:52 CET 2014: 71: Solution found.
Sat Jan 25 14:43:52 CET 2014: 72: finished (64ms, 31cycles)
Sat Jan 25 14:43:52 CET 2014: 72: Solution found.
Sat Jan 25 14:43:52 CET 2014: 73: finished (54ms, 25cycles)
Sat Jan 25 14:43:52 CET 2014: 73: Solution found.
Sat Jan 25 14:43:53 CET 2014: 74: finished (942ms, 500cycles)
Sat Jan 25 14:43:53 CET 2014: 74: No solution found.
Sat Jan 25 14:43:53 CET 2014: 75: finished (60ms, 29cycles)
Sat Jan 25 14:43:53 CET 2014: 75: Solution found.
Sat Jan 25 14:43:53 CET 2014: 76: finished (391ms, 500cycles)
Sat Jan 25 14:43:53 CET 2014: 76: No solution found.
Sat Jan 25 14:43:53 CET 2014: 77: finished (10ms, 15cycles)
Sat Jan 25 14:43:53 CET 2014: 77: Solution found.
Sat Jan 25 14:43:53 CET 2014: 78: finished (16ms, 24cycles)
Sat Jan 25 14:43:53 CET 2014: 78: Solution found.
Sat Jan 25 14:43:54 CET 2014: 79: finished (321ms, 500cycles)
Sat Jan 25 14:43:54 CET 2014: 79: No solution found.
Sat Jan 25 14:43:54 CET 2014: 80: finished (7ms, 10cycles)
Sat Jan 25 14:43:54 CET 2014: 80: Solution found.
Sat Jan 25 14:43:54 CET 2014: 81: finished (11ms, 17cycles)
Sat Jan 25 14:43:54 CET 2014: 81: Solution found.
Sat Jan 25 14:43:54 CET 2014: 82: finished (18ms, 28cycles)
Sat Jan 25 14:43:54 CET 2014: 82: Solution found.
Sat Jan 25 14:43:54 CET 2014: 83: finished (7ms, 9cycles)
Sat Jan 25 14:43:54 CET 2014: 83: Solution found.
Sat Jan 25 14:43:54 CET 2014: 84: finished (9ms, 13cycles)
Sat Jan 25 14:43:54 CET 2014: 84: Solution found.
Sat Jan 25 14:43:54 CET 2014: 85: finished (307ms, 500cycles)
Sat Jan 25 14:43:54 CET 2014: 85: No solution found.
Sat Jan 25 14:43:54 CET 2014: 86: finished (335ms, 500cycles)
Sat Jan 25 14:43:54 CET 2014: 86: No solution found.
Sat Jan 25 14:43:54 CET 2014: 87: finished (6ms, 8cycles)
Sat Jan 25 14:43:54 CET 2014: 87: Solution found.
Sat Jan 25 14:43:54 CET 2014: 88: finished (19ms, 31cycles)
Sat Jan 25 14:43:54 CET 2014: 88: Solution found.
Sat Jan 25 14:43:54 CET 2014: 89: finished (14ms, 18cycles)
Sat Jan 25 14:43:54 CET 2014: 89: Solution found.
Sat Jan 25 14:43:55 CET 2014: 90: finished (352ms, 500cycles)
Sat Jan 25 14:43:55 CET 2014: 90: No solution found.
Sat Jan 25 14:43:55 CET 2014: 91: finished (12ms, 18cycles)
Sat Jan 25 14:43:55 CET 2014: 91: Solution found.
Sat Jan 25 14:43:55 CET 2014: 92: finished (290ms, 500cycles)
Sat Jan 25 14:43:55 CET 2014: 92: No solution found.
Sat Jan 25 14:43:55 CET 2014: 93: finished (15ms, 22cycles)
Sat Jan 25 14:43:55 CET 2014: 93: Solution found.
Sat Jan 25 14:43:55 CET 2014: 94: finished (319ms, 500cycles)
Sat Jan 25 14:43:55 CET 2014: 94: No solution found.
Sat Jan 25 14:43:55 CET 2014: 95: finished (16ms, 22cycles)
Sat Jan 25 14:43:55 CET 2014: 95: Solution found.
Sat Jan 25 14:43:56 CET 2014: 96: finished (73ms, 98cycles)
Sat Jan 25 14:43:56 CET 2014: 96: Solution found.
Sat Jan 25 14:43:56 CET 2014: 97: finished (22ms, 33cycles)
Sat Jan 25 14:43:56 CET 2014: 97: Solution found.
Sat Jan 25 14:43:56 CET 2014: 98: finished (17ms, 23cycles)
Sat Jan 25 14:43:56 CET 2014: 98: Solution found.
Sat Jan 25 14:43:56 CET 2014: 99: finished (10ms, 16cycles)
Sat Jan 25 14:43:56 CET 2014: 99: Solution found.
Sat Jan 25 14:43:56 CET 2014: Solution Found: 71
Sat Jan 25 14:43:56 CET 2014: Avg cycles: 25
Sat Jan 25 14:43:56 CET 2014: Max cycles: 126
Sat Jan 25 14:43:56 CET 2014: Min cycles: 2
Sat Jan 25 14:43:56 CET 2014: No solution found: 29
Sat Jan 25 14:43:56 CET 2014: logging finished. (runtime: 14317ms)
