Sat Jan 25 21:30:10 CET 2014: Problem Count: 200
Sat Jan 25 21:30:10 CET 2014: CandidatesCount: 150
Sat Jan 25 21:30:10 CET 2014: Max Cycles: 500
Sat Jan 25 21:30:10 CET 2014: 0: finished (47ms, 2cycles)
Sat Jan 25 21:30:10 CET 2014: 0: Solution found.
Sat Jan 25 21:30:10 CET 2014: 1: finished (276ms, 14cycles)
Sat Jan 25 21:30:10 CET 2014: 1: Solution found.
Sat Jan 25 21:30:11 CET 2014: 2: finished (251ms, 15cycles)
Sat Jan 25 21:30:11 CET 2014: 2: Solution found.
Sat Jan 25 21:30:11 CET 2014: 3: finished (209ms, 12cycles)
Sat Jan 25 21:30:11 CET 2014: 3: Solution found.
Sat Jan 25 21:30:11 CET 2014: 4: finished (440ms, 25cycles)
Sat Jan 25 21:30:11 CET 2014: 4: Solution found.
Sat Jan 25 21:30:11 CET 2014: 5: finished (233ms, 13cycles)
Sat Jan 25 21:30:11 CET 2014: 5: Solution found.
Sat Jan 25 21:30:13 CET 2014: 6: finished (1326ms, 36cycles)
Sat Jan 25 21:30:13 CET 2014: 6: Solution found.
Sat Jan 25 21:30:14 CET 2014: 7: finished (981ms, 21cycles)
Sat Jan 25 21:30:14 CET 2014: 7: Solution found.
Sat Jan 25 21:30:14 CET 2014: 8: finished (456ms, 9cycles)
Sat Jan 25 21:30:14 CET 2014: 8: Solution found.
Sat Jan 25 21:30:15 CET 2014: 9: finished (939ms, 19cycles)
Sat Jan 25 21:30:15 CET 2014: 9: Solution found.
Sat Jan 25 21:30:16 CET 2014: 10: finished (364ms, 7cycles)
Sat Jan 25 21:30:16 CET 2014: 10: Solution found.
Sat Jan 25 21:30:16 CET 2014: 11: finished (489ms, 10cycles)
Sat Jan 25 21:30:16 CET 2014: 11: Solution found.
Sat Jan 25 21:30:17 CET 2014: 12: finished (1090ms, 21cycles)
Sat Jan 25 21:30:17 CET 2014: 12: Solution found.
Sat Jan 25 21:30:18 CET 2014: 13: finished (945ms, 29cycles)
Sat Jan 25 21:30:18 CET 2014: 13: Solution found.
Sat Jan 25 21:30:18 CET 2014: 14: finished (76ms, 4cycles)
Sat Jan 25 21:30:18 CET 2014: 14: Solution found.
Sat Jan 25 21:30:19 CET 2014: 15: finished (708ms, 44cycles)
Sat Jan 25 21:30:19 CET 2014: 15: Solution found.
Sat Jan 25 21:30:19 CET 2014: 16: finished (208ms, 11cycles)
Sat Jan 25 21:30:19 CET 2014: 16: Solution found.
Sat Jan 25 21:30:19 CET 2014: 17: finished (277ms, 16cycles)
Sat Jan 25 21:30:19 CET 2014: 17: Solution found.
Sat Jan 25 21:30:20 CET 2014: 18: finished (215ms, 11cycles)
Sat Jan 25 21:30:20 CET 2014: 18: Solution found.
Sat Jan 25 21:30:20 CET 2014: 19: finished (98ms, 5cycles)
Sat Jan 25 21:30:20 CET 2014: 19: Solution found.
Sat Jan 25 21:30:20 CET 2014: 20: finished (228ms, 13cycles)
Sat Jan 25 21:30:20 CET 2014: 20: Solution found.
Sat Jan 25 21:30:20 CET 2014: 21: finished (262ms, 14cycles)
Sat Jan 25 21:30:20 CET 2014: 21: Solution found.
Sat Jan 25 21:30:21 CET 2014: 22: finished (404ms, 24cycles)
Sat Jan 25 21:30:21 CET 2014: 22: Solution found.
Sat Jan 25 21:30:21 CET 2014: 23: finished (57ms, 2cycles)
Sat Jan 25 21:30:21 CET 2014: 23: Solution found.
Sat Jan 25 21:30:21 CET 2014: 24: finished (330ms, 19cycles)
Sat Jan 25 21:30:21 CET 2014: 24: Solution found.
Sat Jan 25 21:30:21 CET 2014: 25: finished (198ms, 9cycles)
Sat Jan 25 21:30:21 CET 2014: 25: Solution found.
Sat Jan 25 21:30:22 CET 2014: 26: finished (565ms, 31cycles)
Sat Jan 25 21:30:22 CET 2014: 26: Solution found.
Sat Jan 25 21:30:22 CET 2014: 27: finished (151ms, 8cycles)
Sat Jan 25 21:30:22 CET 2014: 27: Solution found.
Sat Jan 25 21:30:22 CET 2014: 28: finished (396ms, 25cycles)
Sat Jan 25 21:30:22 CET 2014: 28: Solution found.
Sat Jan 25 21:30:22 CET 2014: 29: finished (174ms, 8cycles)
Sat Jan 25 21:30:22 CET 2014: 29: Solution found.
Sat Jan 25 21:30:23 CET 2014: 30: finished (321ms, 17cycles)
Sat Jan 25 21:30:23 CET 2014: 30: Solution found.
Sat Jan 25 21:30:23 CET 2014: 31: finished (206ms, 12cycles)
Sat Jan 25 21:30:23 CET 2014: 31: Solution found.
Sat Jan 25 21:30:23 CET 2014: 32: finished (333ms, 19cycles)
Sat Jan 25 21:30:23 CET 2014: 32: Solution found.
Sat Jan 25 21:30:23 CET 2014: 33: finished (183ms, 10cycles)
Sat Jan 25 21:30:23 CET 2014: 33: Solution found.
Sat Jan 25 21:30:24 CET 2014: 34: finished (178ms, 9cycles)
Sat Jan 25 21:30:24 CET 2014: 34: Solution found.
Sat Jan 25 21:30:24 CET 2014: 35: finished (141ms, 7cycles)
Sat Jan 25 21:30:24 CET 2014: 35: Solution found.
Sat Jan 25 21:30:24 CET 2014: 36: finished (581ms, 34cycles)
Sat Jan 25 21:30:24 CET 2014: 36: Solution found.
Sat Jan 25 21:30:25 CET 2014: 37: finished (197ms, 10cycles)
Sat Jan 25 21:30:25 CET 2014: 37: Solution found.
Sat Jan 25 21:30:25 CET 2014: 38: finished (105ms, 5cycles)
Sat Jan 25 21:30:25 CET 2014: 38: Solution found.
Sat Jan 25 21:30:25 CET 2014: 39: finished (229ms, 12cycles)
Sat Jan 25 21:30:25 CET 2014: 39: Solution found.
Sat Jan 25 21:30:37 CET 2014: 40: finished (12076ms, 500cycles)
Sat Jan 25 21:30:37 CET 2014: 40: No solution found.
Sat Jan 25 21:30:37 CET 2014: 41: finished (318ms, 18cycles)
Sat Jan 25 21:30:37 CET 2014: 41: Solution found.
Sat Jan 25 21:30:38 CET 2014: 42: finished (206ms, 11cycles)
Sat Jan 25 21:30:38 CET 2014: 42: Solution found.
Sat Jan 25 21:30:38 CET 2014: 43: finished (112ms, 6cycles)
Sat Jan 25 21:30:38 CET 2014: 43: Solution found.
Sat Jan 25 21:30:38 CET 2014: 44: finished (79ms, 4cycles)
Sat Jan 25 21:30:38 CET 2014: 44: Solution found.
Sat Jan 25 21:30:38 CET 2014: 45: finished (223ms, 13cycles)
Sat Jan 25 21:30:38 CET 2014: 45: Solution found.
Sat Jan 25 21:30:38 CET 2014: 46: finished (30ms, 1cycles)
Sat Jan 25 21:30:38 CET 2014: 46: Solution found.
Sat Jan 25 21:30:38 CET 2014: 47: finished (213ms, 12cycles)
Sat Jan 25 21:30:38 CET 2014: 47: Solution found.
Sat Jan 25 21:30:38 CET 2014: 48: finished (294ms, 18cycles)
Sat Jan 25 21:30:38 CET 2014: 48: Solution found.
Sat Jan 25 21:30:39 CET 2014: 49: finished (287ms, 17cycles)
Sat Jan 25 21:30:39 CET 2014: 49: Solution found.
Sat Jan 25 21:30:50 CET 2014: 50: finished (11283ms, 500cycles)
Sat Jan 25 21:30:50 CET 2014: 50: No solution found.
Sat Jan 25 21:30:50 CET 2014: 51: finished (166ms, 9cycles)
Sat Jan 25 21:30:50 CET 2014: 51: Solution found.
Sat Jan 25 21:30:50 CET 2014: 52: finished (94ms, 5cycles)
Sat Jan 25 21:30:50 CET 2014: 52: Solution found.
Sat Jan 25 21:30:50 CET 2014: 53: finished (59ms, 2cycles)
Sat Jan 25 21:30:50 CET 2014: 53: Solution found.
Sat Jan 25 21:30:50 CET 2014: 54: finished (138ms, 7cycles)
Sat Jan 25 21:30:50 CET 2014: 54: Solution found.
Sat Jan 25 21:30:51 CET 2014: 55: finished (435ms, 26cycles)
Sat Jan 25 21:30:51 CET 2014: 55: Solution found.
Sat Jan 25 21:30:51 CET 2014: 56: finished (172ms, 9cycles)
Sat Jan 25 21:30:51 CET 2014: 56: Solution found.
Sat Jan 25 21:30:51 CET 2014: 57: finished (278ms, 16cycles)
Sat Jan 25 21:30:51 CET 2014: 57: Solution found.
Sat Jan 25 21:30:52 CET 2014: 58: finished (232ms, 13cycles)
Sat Jan 25 21:30:52 CET 2014: 58: Solution found.
Sat Jan 25 21:30:52 CET 2014: 59: finished (79ms, 4cycles)
Sat Jan 25 21:30:52 CET 2014: 59: Solution found.
Sat Jan 25 21:30:52 CET 2014: 60: finished (593ms, 35cycles)
Sat Jan 25 21:30:52 CET 2014: 60: Solution found.
Sat Jan 25 21:30:52 CET 2014: 61: finished (167ms, 9cycles)
Sat Jan 25 21:30:52 CET 2014: 61: Solution found.
Sat Jan 25 21:30:53 CET 2014: 62: finished (312ms, 18cycles)
Sat Jan 25 21:30:53 CET 2014: 62: Solution found.
Sat Jan 25 21:31:04 CET 2014: 63: finished (11175ms, 500cycles)
Sat Jan 25 21:31:04 CET 2014: 63: No solution found.
Sat Jan 25 21:31:04 CET 2014: 64: finished (141ms, 8cycles)
Sat Jan 25 21:31:04 CET 2014: 64: Solution found.
Sat Jan 25 21:31:05 CET 2014: 65: finished (717ms, 42cycles)
Sat Jan 25 21:31:05 CET 2014: 65: Solution found.
Sat Jan 25 21:31:05 CET 2014: 66: finished (275ms, 17cycles)
Sat Jan 25 21:31:05 CET 2014: 66: Solution found.
Sat Jan 25 21:31:05 CET 2014: 67: finished (167ms, 10cycles)
Sat Jan 25 21:31:05 CET 2014: 67: Solution found.
Sat Jan 25 21:31:06 CET 2014: 68: finished (480ms, 27cycles)
Sat Jan 25 21:31:06 CET 2014: 68: Solution found.
Sat Jan 25 21:31:06 CET 2014: 69: finished (157ms, 9cycles)
Sat Jan 25 21:31:06 CET 2014: 69: Solution found.
Sat Jan 25 21:31:06 CET 2014: 70: finished (212ms, 12cycles)
Sat Jan 25 21:31:06 CET 2014: 70: Solution found.
Sat Jan 25 21:31:16 CET 2014: 71: finished (10057ms, 500cycles)
Sat Jan 25 21:31:16 CET 2014: 71: No solution found.
Sat Jan 25 21:31:17 CET 2014: 72: finished (802ms, 16cycles)
Sat Jan 25 21:31:17 CET 2014: 72: Solution found.
Sat Jan 25 21:31:18 CET 2014: 73: finished (855ms, 18cycles)
Sat Jan 25 21:31:18 CET 2014: 73: Solution found.
Sat Jan 25 21:31:18 CET 2014: 74: finished (363ms, 7cycles)
Sat Jan 25 21:31:18 CET 2014: 74: Solution found.
Sat Jan 25 21:31:19 CET 2014: 75: finished (1265ms, 35cycles)
Sat Jan 25 21:31:19 CET 2014: 75: Solution found.
Sat Jan 25 21:31:20 CET 2014: 76: finished (435ms, 26cycles)
Sat Jan 25 21:31:20 CET 2014: 76: Solution found.
Sat Jan 25 21:31:20 CET 2014: 77: finished (451ms, 29cycles)
Sat Jan 25 21:31:20 CET 2014: 77: Solution found.
Sat Jan 25 21:31:20 CET 2014: 78: finished (77ms, 4cycles)
Sat Jan 25 21:31:20 CET 2014: 78: Solution found.
Sat Jan 25 21:31:21 CET 2014: 79: finished (305ms, 19cycles)
Sat Jan 25 21:31:21 CET 2014: 79: Solution found.
Sat Jan 25 21:31:21 CET 2014: 80: finished (221ms, 14cycles)
Sat Jan 25 21:31:21 CET 2014: 80: Solution found.
Sat Jan 25 21:31:21 CET 2014: 81: finished (243ms, 14cycles)
Sat Jan 25 21:31:21 CET 2014: 81: Solution found.
Sat Jan 25 21:31:21 CET 2014: 82: finished (325ms, 19cycles)
Sat Jan 25 21:31:21 CET 2014: 82: Solution found.
Sat Jan 25 21:31:22 CET 2014: 83: finished (266ms, 15cycles)
Sat Jan 25 21:31:22 CET 2014: 83: Solution found.
Sat Jan 25 21:31:22 CET 2014: 84: finished (76ms, 4cycles)
Sat Jan 25 21:31:22 CET 2014: 84: Solution found.
Sat Jan 25 21:31:22 CET 2014: 85: finished (340ms, 22cycles)
Sat Jan 25 21:31:22 CET 2014: 85: Solution found.
Sat Jan 25 21:31:22 CET 2014: 86: finished (283ms, 16cycles)
Sat Jan 25 21:31:22 CET 2014: 86: Solution found.
Sat Jan 25 21:31:23 CET 2014: 87: finished (315ms, 19cycles)
Sat Jan 25 21:31:23 CET 2014: 87: Solution found.
Sat Jan 25 21:31:23 CET 2014: 88: finished (158ms, 9cycles)
Sat Jan 25 21:31:23 CET 2014: 88: Solution found.
Sat Jan 25 21:31:23 CET 2014: 89: finished (208ms, 12cycles)
Sat Jan 25 21:31:23 CET 2014: 89: Solution found.
Sat Jan 25 21:31:23 CET 2014: 90: finished (88ms, 5cycles)
Sat Jan 25 21:31:23 CET 2014: 90: Solution found.
Sat Jan 25 21:31:23 CET 2014: 91: finished (166ms, 8cycles)
Sat Jan 25 21:31:23 CET 2014: 91: Solution found.
Sat Jan 25 21:31:24 CET 2014: 92: finished (265ms, 13cycles)
Sat Jan 25 21:31:24 CET 2014: 92: Solution found.
Sat Jan 25 21:31:24 CET 2014: 93: finished (356ms, 18cycles)
Sat Jan 25 21:31:24 CET 2014: 93: Solution found.
Sat Jan 25 21:31:24 CET 2014: 94: finished (244ms, 12cycles)
Sat Jan 25 21:31:24 CET 2014: 94: Solution found.
Sat Jan 25 21:31:24 CET 2014: 95: finished (198ms, 12cycles)
Sat Jan 25 21:31:24 CET 2014: 95: Solution found.
Sat Jan 25 21:31:25 CET 2014: 96: finished (50ms, 2cycles)
Sat Jan 25 21:31:25 CET 2014: 96: Solution found.
Sat Jan 25 21:31:25 CET 2014: 97: finished (228ms, 11cycles)
Sat Jan 25 21:31:25 CET 2014: 97: Solution found.
Sat Jan 25 21:31:25 CET 2014: 98: finished (257ms, 15cycles)
Sat Jan 25 21:31:25 CET 2014: 98: Solution found.
Sat Jan 25 21:31:25 CET 2014: 99: finished (133ms, 7cycles)
Sat Jan 25 21:31:25 CET 2014: 99: Solution found.
Sat Jan 25 21:31:25 CET 2014: Solution Found: 96
Sat Jan 25 21:31:25 CET 2014: Avg cycles: 14
Sat Jan 25 21:31:25 CET 2014: Max cycles: 44
Sat Jan 25 21:31:25 CET 2014: Min cycles: 1
Sat Jan 25 21:31:25 CET 2014: No solution found: 4
Sat Jan 25 21:31:25 CET 2014: logging finished. (runtime: 75095ms)
