Sat Jan 25 21:04:26 CET 2014: Problem Count: 100
Sat Jan 25 21:04:26 CET 2014: CandidatesCount: 200
Sat Jan 25 21:04:26 CET 2014: Max Cycles: 500
Sat Jan 25 21:04:26 CET 2014: 0: finished (53ms, 7cycles)
Sat Jan 25 21:04:26 CET 2014: 0: Solution found.
Sat Jan 25 21:04:26 CET 2014: 1: finished (70ms, 9cycles)
Sat Jan 25 21:04:26 CET 2014: 1: Solution found.
Sat Jan 25 21:04:26 CET 2014: 2: finished (14ms, 1cycles)
Sat Jan 25 21:04:26 CET 2014: 2: Solution found.
Sat Jan 25 21:04:26 CET 2014: 3: finished (94ms, 13cycles)
Sat Jan 25 21:04:26 CET 2014: 3: Solution found.
Sat Jan 25 21:04:27 CET 2014: 4: finished (163ms, 22cycles)
Sat Jan 25 21:04:27 CET 2014: 4: Solution found.
Sat Jan 25 21:04:27 CET 2014: 5: finished (49ms, 6cycles)
Sat Jan 25 21:04:27 CET 2014: 5: Solution found.
Sat Jan 25 21:04:27 CET 2014: 6: finished (100ms, 14cycles)
Sat Jan 25 21:04:27 CET 2014: 6: Solution found.
Sat Jan 25 21:04:27 CET 2014: 7: finished (212ms, 28cycles)
Sat Jan 25 21:04:27 CET 2014: 7: Solution found.
Sat Jan 25 21:04:27 CET 2014: 8: finished (119ms, 16cycles)
Sat Jan 25 21:04:27 CET 2014: 8: Solution found.
Sat Jan 25 21:04:27 CET 2014: 9: finished (50ms, 6cycles)
Sat Jan 25 21:04:27 CET 2014: 9: Solution found.
Sat Jan 25 21:04:27 CET 2014: 10: finished (71ms, 9cycles)
Sat Jan 25 21:04:27 CET 2014: 10: Solution found.
Sat Jan 25 21:04:27 CET 2014: 11: finished (52ms, 6cycles)
Sat Jan 25 21:04:27 CET 2014: 11: Solution found.
Sat Jan 25 21:04:28 CET 2014: 12: finished (489ms, 63cycles)
Sat Jan 25 21:04:28 CET 2014: 12: Solution found.
Sat Jan 25 21:04:28 CET 2014: 13: finished (121ms, 17cycles)
Sat Jan 25 21:04:28 CET 2014: 13: Solution found.
Sat Jan 25 21:04:28 CET 2014: 14: finished (178ms, 24cycles)
Sat Jan 25 21:04:28 CET 2014: 14: Solution found.
Sat Jan 25 21:04:28 CET 2014: 15: finished (19ms, 2cycles)
Sat Jan 25 21:04:28 CET 2014: 15: Solution found.
Sat Jan 25 21:04:28 CET 2014: 16: finished (48ms, 6cycles)
Sat Jan 25 21:04:28 CET 2014: 16: Solution found.
Sat Jan 25 21:04:28 CET 2014: 17: finished (77ms, 10cycles)
Sat Jan 25 21:04:28 CET 2014: 17: Solution found.
Sat Jan 25 21:04:28 CET 2014: 18: finished (57ms, 7cycles)
Sat Jan 25 21:04:28 CET 2014: 18: Solution found.
Sat Jan 25 21:04:28 CET 2014: 19: finished (82ms, 11cycles)
Sat Jan 25 21:04:28 CET 2014: 19: Solution found.
Sat Jan 25 21:04:28 CET 2014: 20: finished (24ms, 2cycles)
Sat Jan 25 21:04:28 CET 2014: 20: Solution found.
Sat Jan 25 21:04:28 CET 2014: 21: finished (47ms, 6cycles)
Sat Jan 25 21:04:28 CET 2014: 21: Solution found.
Sat Jan 25 21:04:29 CET 2014: 22: finished (106ms, 14cycles)
Sat Jan 25 21:04:29 CET 2014: 22: Solution found.
Sat Jan 25 21:04:29 CET 2014: 23: finished (121ms, 17cycles)
Sat Jan 25 21:04:29 CET 2014: 23: Solution found.
Sat Jan 25 21:04:29 CET 2014: 24: finished (168ms, 24cycles)
Sat Jan 25 21:04:29 CET 2014: 24: Solution found.
Sat Jan 25 21:04:29 CET 2014: 25: finished (144ms, 20cycles)
Sat Jan 25 21:04:29 CET 2014: 25: Solution found.
Sat Jan 25 21:04:29 CET 2014: 26: finished (147ms, 20cycles)
Sat Jan 25 21:04:29 CET 2014: 26: Solution found.
Sat Jan 25 21:04:29 CET 2014: 27: finished (67ms, 9cycles)
Sat Jan 25 21:04:29 CET 2014: 27: Solution found.
Sat Jan 25 21:04:29 CET 2014: 28: finished (156ms, 22cycles)
Sat Jan 25 21:04:29 CET 2014: 28: Solution found.
Sat Jan 25 21:04:29 CET 2014: 29: finished (96ms, 13cycles)
Sat Jan 25 21:04:29 CET 2014: 29: Solution found.
Sat Jan 25 21:04:30 CET 2014: 30: finished (90ms, 12cycles)
Sat Jan 25 21:04:30 CET 2014: 30: Solution found.
Sat Jan 25 21:04:30 CET 2014: 31: finished (270ms, 24cycles)
Sat Jan 25 21:04:30 CET 2014: 31: Solution found.
Sat Jan 25 21:04:30 CET 2014: 32: finished (257ms, 12cycles)
Sat Jan 25 21:04:30 CET 2014: 32: Solution found.
Sat Jan 25 21:04:30 CET 2014: 33: finished (58ms, 2cycles)
Sat Jan 25 21:04:30 CET 2014: 33: Solution found.
Sat Jan 25 21:04:30 CET 2014: 34: finished (123ms, 5cycles)
Sat Jan 25 21:04:30 CET 2014: 34: Solution found.
Sat Jan 25 21:04:30 CET 2014: 35: finished (215ms, 10cycles)
Sat Jan 25 21:04:30 CET 2014: 35: Solution found.
Sat Jan 25 21:04:31 CET 2014: 36: finished (119ms, 5cycles)
Sat Jan 25 21:04:31 CET 2014: 36: Solution found.
Sat Jan 25 21:04:31 CET 2014: 37: finished (239ms, 11cycles)
Sat Jan 25 21:04:31 CET 2014: 37: Solution found.
Sat Jan 25 21:04:31 CET 2014: 38: finished (236ms, 11cycles)
Sat Jan 25 21:04:31 CET 2014: 38: Solution found.
Sat Jan 25 21:04:31 CET 2014: 39: finished (123ms, 5cycles)
Sat Jan 25 21:04:31 CET 2014: 39: Solution found.
Sat Jan 25 21:04:31 CET 2014: 40: finished (318ms, 15cycles)
Sat Jan 25 21:04:31 CET 2014: 40: Solution found.
Sat Jan 25 21:04:32 CET 2014: 41: finished (312ms, 14cycles)
Sat Jan 25 21:04:32 CET 2014: 41: Solution found.
Sat Jan 25 21:04:32 CET 2014: 42: finished (97ms, 4cycles)
Sat Jan 25 21:04:32 CET 2014: 42: Solution found.
Sat Jan 25 21:04:32 CET 2014: 43: finished (242ms, 11cycles)
Sat Jan 25 21:04:32 CET 2014: 43: Solution found.
Sat Jan 25 21:04:32 CET 2014: 44: finished (86ms, 3cycles)
Sat Jan 25 21:04:32 CET 2014: 44: Solution found.
Sat Jan 25 21:04:32 CET 2014: 45: finished (253ms, 12cycles)
Sat Jan 25 21:04:32 CET 2014: 45: Solution found.
Sat Jan 25 21:04:33 CET 2014: 46: finished (138ms, 6cycles)
Sat Jan 25 21:04:33 CET 2014: 46: Solution found.
Sat Jan 25 21:04:33 CET 2014: 47: finished (102ms, 4cycles)
Sat Jan 25 21:04:33 CET 2014: 47: Solution found.
Sat Jan 25 21:04:33 CET 2014: 48: finished (619ms, 28cycles)
Sat Jan 25 21:04:33 CET 2014: 48: Solution found.
Sat Jan 25 21:04:34 CET 2014: 49: finished (208ms, 9cycles)
Sat Jan 25 21:04:34 CET 2014: 49: Solution found.
Sat Jan 25 21:04:34 CET 2014: 50: finished (159ms, 7cycles)
Sat Jan 25 21:04:34 CET 2014: 50: Solution found.
Sat Jan 25 21:04:34 CET 2014: 51: finished (59ms, 2cycles)
Sat Jan 25 21:04:34 CET 2014: 51: Solution found.
Sat Jan 25 21:04:34 CET 2014: 52: finished (650ms, 26cycles)
Sat Jan 25 21:04:34 CET 2014: 52: Solution found.
Sat Jan 25 21:04:35 CET 2014: 53: finished (157ms, 7cycles)
Sat Jan 25 21:04:35 CET 2014: 53: Solution found.
Sat Jan 25 21:04:35 CET 2014: 54: finished (59ms, 2cycles)
Sat Jan 25 21:04:35 CET 2014: 54: Solution found.
Sat Jan 25 21:04:35 CET 2014: 55: finished (138ms, 6cycles)
Sat Jan 25 21:04:35 CET 2014: 55: Solution found.
Sat Jan 25 21:04:35 CET 2014: 56: finished (216ms, 10cycles)
Sat Jan 25 21:04:35 CET 2014: 56: Solution found.
Sat Jan 25 21:04:35 CET 2014: 57: finished (56ms, 2cycles)
Sat Jan 25 21:04:35 CET 2014: 57: Solution found.
Sat Jan 25 21:04:35 CET 2014: 58: finished (100ms, 4cycles)
Sat Jan 25 21:04:35 CET 2014: 58: Solution found.
Sat Jan 25 21:04:35 CET 2014: 59: finished (229ms, 10cycles)
Sat Jan 25 21:04:35 CET 2014: 59: Solution found.
Sat Jan 25 21:04:36 CET 2014: 60: finished (388ms, 18cycles)
Sat Jan 25 21:04:36 CET 2014: 60: Solution found.
Sat Jan 25 21:04:36 CET 2014: 61: finished (94ms, 10cycles)
Sat Jan 25 21:04:36 CET 2014: 61: Solution found.
Sat Jan 25 21:04:36 CET 2014: 62: finished (61ms, 8cycles)
Sat Jan 25 21:04:36 CET 2014: 62: Solution found.
Sat Jan 25 21:04:36 CET 2014: 63: finished (163ms, 22cycles)
Sat Jan 25 21:04:36 CET 2014: 63: Solution found.
Sat Jan 25 21:04:36 CET 2014: 64: finished (28ms, 3cycles)
Sat Jan 25 21:04:36 CET 2014: 64: Solution found.
Sat Jan 25 21:04:36 CET 2014: 65: finished (104ms, 14cycles)
Sat Jan 25 21:04:36 CET 2014: 65: Solution found.
Sat Jan 25 21:04:36 CET 2014: 66: finished (121ms, 16cycles)
Sat Jan 25 21:04:36 CET 2014: 66: Solution found.
Sat Jan 25 21:04:36 CET 2014: 67: finished (136ms, 19cycles)
Sat Jan 25 21:04:36 CET 2014: 67: Solution found.
Sat Jan 25 21:04:37 CET 2014: 68: finished (64ms, 9cycles)
Sat Jan 25 21:04:37 CET 2014: 68: Solution found.
Sat Jan 25 21:04:37 CET 2014: 69: finished (135ms, 19cycles)
Sat Jan 25 21:04:37 CET 2014: 69: Solution found.
Sat Jan 25 21:04:37 CET 2014: 70: finished (49ms, 6cycles)
Sat Jan 25 21:04:37 CET 2014: 70: Solution found.
Sat Jan 25 21:04:37 CET 2014: 71: finished (127ms, 17cycles)
Sat Jan 25 21:04:37 CET 2014: 71: Solution found.
Sat Jan 25 21:04:37 CET 2014: 72: finished (233ms, 33cycles)
Sat Jan 25 21:04:37 CET 2014: 72: Solution found.
Sat Jan 25 21:04:37 CET 2014: 73: finished (76ms, 10cycles)
Sat Jan 25 21:04:37 CET 2014: 73: Solution found.
Sat Jan 25 21:04:37 CET 2014: 74: finished (37ms, 4cycles)
Sat Jan 25 21:04:37 CET 2014: 74: Solution found.
Sat Jan 25 21:04:37 CET 2014: 75: finished (85ms, 12cycles)
Sat Jan 25 21:04:37 CET 2014: 75: Solution found.
Sat Jan 25 21:04:37 CET 2014: 76: finished (94ms, 11cycles)
Sat Jan 25 21:04:37 CET 2014: 76: Solution found.
Sat Jan 25 21:04:37 CET 2014: 77: finished (32ms, 4cycles)
Sat Jan 25 21:04:37 CET 2014: 77: Solution found.
Sat Jan 25 21:04:37 CET 2014: 78: finished (79ms, 10cycles)
Sat Jan 25 21:04:37 CET 2014: 78: Solution found.
Sat Jan 25 21:04:38 CET 2014: 79: finished (109ms, 15cycles)
Sat Jan 25 21:04:38 CET 2014: 79: Solution found.
Sat Jan 25 21:04:38 CET 2014: 80: finished (133ms, 19cycles)
Sat Jan 25 21:04:38 CET 2014: 80: Solution found.
Sat Jan 25 21:04:38 CET 2014: 81: finished (26ms, 3cycles)
Sat Jan 25 21:04:38 CET 2014: 81: Solution found.
Sat Jan 25 21:04:38 CET 2014: 82: finished (89ms, 12cycles)
Sat Jan 25 21:04:38 CET 2014: 82: Solution found.
Sat Jan 25 21:04:38 CET 2014: 83: finished (89ms, 12cycles)
Sat Jan 25 21:04:38 CET 2014: 83: Solution found.
Sat Jan 25 21:04:38 CET 2014: 84: finished (69ms, 9cycles)
Sat Jan 25 21:04:38 CET 2014: 84: Solution found.
Sat Jan 25 21:04:38 CET 2014: 85: finished (55ms, 7cycles)
Sat Jan 25 21:04:38 CET 2014: 85: Solution found.
Sat Jan 25 21:04:38 CET 2014: 86: finished (65ms, 8cycles)
Sat Jan 25 21:04:38 CET 2014: 86: Solution found.
Sat Jan 25 21:04:38 CET 2014: 87: finished (56ms, 7cycles)
Sat Jan 25 21:04:38 CET 2014: 87: Solution found.
Sat Jan 25 21:04:38 CET 2014: 88: finished (87ms, 11cycles)
Sat Jan 25 21:04:38 CET 2014: 88: Solution found.
Sat Jan 25 21:04:38 CET 2014: 89: finished (90ms, 12cycles)
Sat Jan 25 21:04:38 CET 2014: 89: Solution found.
Sat Jan 25 21:04:38 CET 2014: 90: finished (28ms, 3cycles)
Sat Jan 25 21:04:38 CET 2014: 90: Solution found.
Sat Jan 25 21:04:38 CET 2014: 91: finished (68ms, 9cycles)
Sat Jan 25 21:04:38 CET 2014: 91: Solution found.
Sat Jan 25 21:04:39 CET 2014: 92: finished (142ms, 20cycles)
Sat Jan 25 21:04:39 CET 2014: 92: Solution found.
Sat Jan 25 21:04:39 CET 2014: 93: finished (21ms, 2cycles)
Sat Jan 25 21:04:39 CET 2014: 93: Solution found.
Sat Jan 25 21:04:39 CET 2014: 94: finished (148ms, 19cycles)
Sat Jan 25 21:04:39 CET 2014: 94: Solution found.
Sat Jan 25 21:04:39 CET 2014: 95: finished (154ms, 20cycles)
Sat Jan 25 21:04:39 CET 2014: 95: Solution found.
Sat Jan 25 21:04:39 CET 2014: 96: finished (160ms, 22cycles)
Sat Jan 25 21:04:39 CET 2014: 96: Solution found.
Sat Jan 25 21:04:39 CET 2014: 97: finished (83ms, 11cycles)
Sat Jan 25 21:04:39 CET 2014: 97: Solution found.
Sat Jan 25 21:04:39 CET 2014: 98: finished (57ms, 7cycles)
Sat Jan 25 21:04:39 CET 2014: 98: Solution found.
Sat Jan 25 21:04:39 CET 2014: 99: finished (134ms, 18cycles)
Sat Jan 25 21:04:39 CET 2014: 99: Solution found.
Sat Jan 25 21:04:39 CET 2014: Solution Found: 100
Sat Jan 25 21:04:39 CET 2014: Avg cycles: 11
Sat Jan 25 21:04:39 CET 2014: Max cycles: 63
Sat Jan 25 21:04:39 CET 2014: Min cycles: 1
Sat Jan 25 21:04:39 CET 2014: No solution found: 0
Sat Jan 25 21:04:39 CET 2014: logging finished. (runtime: 13125ms)
