Sat Jan 25 22:57:41 CET 2014: Problem Count: 250
Sat Jan 25 22:57:41 CET 2014: CandidatesCount: 150
Sat Jan 25 22:57:41 CET 2014: Max Cycles: 500
Sat Jan 25 22:57:41 CET 2014: 0: finished (699ms, 24cycles)
Sat Jan 25 22:57:41 CET 2014: 0: Solution found.
Sat Jan 25 22:57:41 CET 2014: 1: finished (130ms, 4cycles)
Sat Jan 25 22:57:41 CET 2014: 1: Solution found.
Sat Jan 25 22:57:58 CET 2014: 2: finished (16525ms, 500cycles)
Sat Jan 25 22:57:58 CET 2014: 2: No solution found.
Sat Jan 25 22:57:58 CET 2014: 3: finished (361ms, 12cycles)
Sat Jan 25 22:57:58 CET 2014: 3: Solution found.
Sat Jan 25 22:57:59 CET 2014: 4: finished (788ms, 29cycles)
Sat Jan 25 22:57:59 CET 2014: 4: Solution found.
Sat Jan 25 22:57:59 CET 2014: 5: finished (335ms, 12cycles)
Sat Jan 25 22:57:59 CET 2014: 5: Solution found.
Sat Jan 25 22:58:00 CET 2014: 6: finished (804ms, 29cycles)
Sat Jan 25 22:58:00 CET 2014: 6: Solution found.
Sat Jan 25 22:58:01 CET 2014: 7: finished (293ms, 10cycles)
Sat Jan 25 22:58:01 CET 2014: 7: Solution found.
Sat Jan 25 22:58:01 CET 2014: 8: finished (693ms, 12cycles)
Sat Jan 25 22:58:01 CET 2014: 8: Solution found.
Sat Jan 25 22:58:03 CET 2014: 9: finished (1692ms, 19cycles)
Sat Jan 25 22:58:03 CET 2014: 9: Solution found.
Sat Jan 25 22:58:06 CET 2014: 10: finished (3448ms, 43cycles)
Sat Jan 25 22:58:06 CET 2014: 10: Solution found.
Sat Jan 25 22:58:08 CET 2014: 11: finished (1258ms, 35cycles)
Sat Jan 25 22:58:08 CET 2014: 11: Solution found.
Sat Jan 25 22:58:08 CET 2014: 12: finished (344ms, 12cycles)
Sat Jan 25 22:58:08 CET 2014: 12: Solution found.
Sat Jan 25 22:58:08 CET 2014: 13: finished (372ms, 13cycles)
Sat Jan 25 22:58:08 CET 2014: 13: Solution found.
Sat Jan 25 22:58:09 CET 2014: 14: finished (662ms, 23cycles)
Sat Jan 25 22:58:09 CET 2014: 14: Solution found.
Sat Jan 25 22:58:10 CET 2014: 15: finished (814ms, 30cycles)
Sat Jan 25 22:58:10 CET 2014: 15: Solution found.
Sat Jan 25 22:58:10 CET 2014: 16: finished (206ms, 7cycles)
Sat Jan 25 22:58:10 CET 2014: 16: Solution found.
Sat Jan 25 22:58:11 CET 2014: 17: finished (494ms, 17cycles)
Sat Jan 25 22:58:11 CET 2014: 17: Solution found.
Sat Jan 25 22:58:12 CET 2014: 18: finished (1459ms, 52cycles)
Sat Jan 25 22:58:12 CET 2014: 18: Solution found.
Sat Jan 25 22:58:12 CET 2014: 19: finished (252ms, 8cycles)
Sat Jan 25 22:58:12 CET 2014: 19: Solution found.
Sat Jan 25 22:58:12 CET 2014: 20: finished (164ms, 5cycles)
Sat Jan 25 22:58:12 CET 2014: 20: Solution found.
Sat Jan 25 22:58:13 CET 2014: 21: finished (189ms, 6cycles)
Sat Jan 25 22:58:13 CET 2014: 21: Solution found.
Sat Jan 25 22:58:14 CET 2014: 22: finished (1744ms, 59cycles)
Sat Jan 25 22:58:14 CET 2014: 22: Solution found.
Sat Jan 25 22:58:15 CET 2014: 23: finished (231ms, 8cycles)
Sat Jan 25 22:58:15 CET 2014: 23: Solution found.
Sat Jan 25 22:58:15 CET 2014: 24: finished (343ms, 12cycles)
Sat Jan 25 22:58:15 CET 2014: 24: Solution found.
Sat Jan 25 22:58:16 CET 2014: 25: finished (642ms, 23cycles)
Sat Jan 25 22:58:16 CET 2014: 25: Solution found.
Sat Jan 25 22:58:17 CET 2014: 26: finished (1088ms, 25cycles)
Sat Jan 25 22:58:17 CET 2014: 26: Solution found.
Sat Jan 25 22:58:17 CET 2014: 27: finished (351ms, 4cycles)
Sat Jan 25 22:58:17 CET 2014: 27: Solution found.
Sat Jan 25 22:58:19 CET 2014: 28: finished (1964ms, 19cycles)
Sat Jan 25 22:58:19 CET 2014: 28: Solution found.
Sat Jan 25 22:58:21 CET 2014: 29: finished (1966ms, 18cycles)
Sat Jan 25 22:58:21 CET 2014: 29: Solution found.
Sat Jan 25 22:58:22 CET 2014: 30: finished (1345ms, 18cycles)
Sat Jan 25 22:58:22 CET 2014: 30: Solution found.
Sat Jan 25 22:58:23 CET 2014: 31: finished (1148ms, 37cycles)
Sat Jan 25 22:58:23 CET 2014: 31: Solution found.
Sat Jan 25 22:58:24 CET 2014: 32: finished (109ms, 3cycles)
Sat Jan 25 22:58:24 CET 2014: 32: Solution found.
Sat Jan 25 22:58:24 CET 2014: 33: finished (351ms, 12cycles)
Sat Jan 25 22:58:24 CET 2014: 33: Solution found.
Sat Jan 25 22:58:24 CET 2014: 34: finished (397ms, 13cycles)
Sat Jan 25 22:58:24 CET 2014: 34: Solution found.
Sat Jan 25 22:58:25 CET 2014: 35: finished (317ms, 10cycles)
Sat Jan 25 22:58:25 CET 2014: 35: Solution found.
Sat Jan 25 22:58:25 CET 2014: 36: finished (477ms, 17cycles)
Sat Jan 25 22:58:25 CET 2014: 36: Solution found.
Sat Jan 25 22:58:26 CET 2014: 37: finished (403ms, 14cycles)
Sat Jan 25 22:58:26 CET 2014: 37: Solution found.
Sat Jan 25 22:58:26 CET 2014: 38: finished (421ms, 14cycles)
Sat Jan 25 22:58:26 CET 2014: 38: Solution found.
Sat Jan 25 22:58:42 CET 2014: 39: finished (16277ms, 500cycles)
Sat Jan 25 22:58:42 CET 2014: 39: No solution found.
Sat Jan 25 22:58:43 CET 2014: 40: finished (477ms, 17cycles)
Sat Jan 25 22:58:43 CET 2014: 40: Solution found.
Sat Jan 25 22:58:43 CET 2014: 41: finished (672ms, 23cycles)
Sat Jan 25 22:58:43 CET 2014: 41: Solution found.
Sat Jan 25 22:58:44 CET 2014: 42: finished (252ms, 8cycles)
Sat Jan 25 22:58:44 CET 2014: 42: Solution found.
Sat Jan 25 22:58:44 CET 2014: 43: finished (377ms, 12cycles)
Sat Jan 25 22:58:44 CET 2014: 43: Solution found.
Sat Jan 25 22:58:44 CET 2014: 44: finished (394ms, 14cycles)
Sat Jan 25 22:58:44 CET 2014: 44: Solution found.
Sat Jan 25 22:58:45 CET 2014: 45: finished (934ms, 33cycles)
Sat Jan 25 22:58:45 CET 2014: 45: Solution found.
Sat Jan 25 22:58:45 CET 2014: 46: finished (155ms, 5cycles)
Sat Jan 25 22:58:45 CET 2014: 46: Solution found.
Sat Jan 25 22:58:46 CET 2014: 47: finished (178ms, 6cycles)
Sat Jan 25 22:58:46 CET 2014: 47: Solution found.
Sat Jan 25 22:58:47 CET 2014: 48: finished (924ms, 33cycles)
Sat Jan 25 22:58:47 CET 2014: 48: Solution found.
Sat Jan 25 22:58:47 CET 2014: 49: finished (187ms, 6cycles)
Sat Jan 25 22:58:47 CET 2014: 49: Solution found.
Sat Jan 25 22:58:51 CET 2014: 50: finished (3963ms, 50cycles)
Sat Jan 25 22:58:51 CET 2014: 50: Solution found.
Sat Jan 25 22:58:51 CET 2014: 51: finished (550ms, 6cycles)
Sat Jan 25 22:58:51 CET 2014: 51: Solution found.
Sat Jan 25 22:58:53 CET 2014: 52: finished (1727ms, 23cycles)
Sat Jan 25 22:58:53 CET 2014: 52: Solution found.
Sat Jan 25 22:58:54 CET 2014: 53: finished (963ms, 34cycles)
Sat Jan 25 22:58:54 CET 2014: 53: Solution found.
Sat Jan 25 22:58:54 CET 2014: 54: finished (407ms, 14cycles)
Sat Jan 25 22:58:54 CET 2014: 54: Solution found.
Sat Jan 25 22:58:54 CET 2014: 55: finished (50ms, 1cycles)
Sat Jan 25 22:58:54 CET 2014: 55: Solution found.
Sat Jan 25 22:58:55 CET 2014: 56: finished (340ms, 12cycles)
Sat Jan 25 22:58:55 CET 2014: 56: Solution found.
Sat Jan 25 22:58:55 CET 2014: 57: finished (378ms, 13cycles)
Sat Jan 25 22:58:55 CET 2014: 57: Solution found.
Sat Jan 25 22:58:55 CET 2014: 58: finished (57ms, 1cycles)
Sat Jan 25 22:58:55 CET 2014: 58: Solution found.
Sat Jan 25 22:58:56 CET 2014: 59: finished (528ms, 17cycles)
Sat Jan 25 22:58:56 CET 2014: 59: Solution found.
Sat Jan 25 22:58:56 CET 2014: 60: finished (415ms, 14cycles)
Sat Jan 25 22:58:56 CET 2014: 60: Solution found.
Sat Jan 25 22:58:57 CET 2014: 61: finished (522ms, 18cycles)
Sat Jan 25 22:58:57 CET 2014: 61: Solution found.
Sat Jan 25 22:58:57 CET 2014: 62: finished (214ms, 7cycles)
Sat Jan 25 22:58:57 CET 2014: 62: Solution found.
Sat Jan 25 22:58:59 CET 2014: 63: finished (1669ms, 59cycles)
Sat Jan 25 22:58:59 CET 2014: 63: Solution found.
Sat Jan 25 22:58:59 CET 2014: 64: finished (407ms, 14cycles)
Sat Jan 25 22:58:59 CET 2014: 64: Solution found.
Sat Jan 25 22:58:59 CET 2014: 65: finished (307ms, 10cycles)
Sat Jan 25 22:58:59 CET 2014: 65: Solution found.
Sat Jan 25 22:58:59 CET 2014: 66: finished (139ms, 4cycles)
Sat Jan 25 22:58:59 CET 2014: 66: Solution found.
Sat Jan 25 22:59:00 CET 2014: 67: finished (368ms, 12cycles)
Sat Jan 25 22:59:00 CET 2014: 67: Solution found.
Sat Jan 25 22:59:00 CET 2014: 68: finished (213ms, 7cycles)
Sat Jan 25 22:59:00 CET 2014: 68: Solution found.
Sat Jan 25 22:59:00 CET 2014: 69: finished (140ms, 4cycles)
Sat Jan 25 22:59:00 CET 2014: 69: Solution found.
Sat Jan 25 22:59:00 CET 2014: 70: finished (318ms, 10cycles)
Sat Jan 25 22:59:00 CET 2014: 70: Solution found.
Sat Jan 25 22:59:01 CET 2014: 71: finished (329ms, 11cycles)
Sat Jan 25 22:59:01 CET 2014: 71: Solution found.
Sat Jan 25 22:59:02 CET 2014: 72: finished (732ms, 25cycles)
Sat Jan 25 22:59:02 CET 2014: 72: Solution found.
Sat Jan 25 22:59:02 CET 2014: 73: finished (659ms, 23cycles)
Sat Jan 25 22:59:02 CET 2014: 73: Solution found.
Sat Jan 25 22:59:03 CET 2014: 74: finished (825ms, 10cycles)
Sat Jan 25 22:59:03 CET 2014: 74: Solution found.
Sat Jan 25 22:59:22 CET 2014: 75: finished (19070ms, 500cycles)
Sat Jan 25 22:59:22 CET 2014: 75: No solution found.
Sat Jan 25 22:59:24 CET 2014: 76: finished (2023ms, 38cycles)
Sat Jan 25 22:59:24 CET 2014: 76: Solution found.
Sat Jan 25 22:59:25 CET 2014: 77: finished (458ms, 15cycles)
Sat Jan 25 22:59:25 CET 2014: 77: Solution found.
Sat Jan 25 22:59:25 CET 2014: 78: finished (907ms, 32cycles)
Sat Jan 25 22:59:25 CET 2014: 78: Solution found.
Sat Jan 25 22:59:26 CET 2014: 79: finished (756ms, 27cycles)
Sat Jan 25 22:59:26 CET 2014: 79: Solution found.
Sat Jan 25 22:59:27 CET 2014: 80: finished (351ms, 12cycles)
Sat Jan 25 22:59:27 CET 2014: 80: Solution found.
Sat Jan 25 22:59:27 CET 2014: 81: finished (442ms, 16cycles)
Sat Jan 25 22:59:27 CET 2014: 81: Solution found.
Sat Jan 25 22:59:28 CET 2014: 82: finished (612ms, 21cycles)
Sat Jan 25 22:59:28 CET 2014: 82: Solution found.
Sat Jan 25 22:59:28 CET 2014: 83: finished (675ms, 23cycles)
Sat Jan 25 22:59:28 CET 2014: 83: Solution found.
Sat Jan 25 22:59:28 CET 2014: 84: finished (82ms, 2cycles)
Sat Jan 25 22:59:28 CET 2014: 84: Solution found.
Sat Jan 25 22:59:29 CET 2014: 85: finished (746ms, 27cycles)
Sat Jan 25 22:59:29 CET 2014: 85: Solution found.
Sat Jan 25 22:59:30 CET 2014: 86: finished (461ms, 16cycles)
Sat Jan 25 22:59:30 CET 2014: 86: Solution found.
Sat Jan 25 22:59:30 CET 2014: 87: finished (456ms, 15cycles)
Sat Jan 25 22:59:30 CET 2014: 87: Solution found.
Sat Jan 25 22:59:30 CET 2014: 88: finished (366ms, 12cycles)
Sat Jan 25 22:59:30 CET 2014: 88: Solution found.
Sat Jan 25 22:59:31 CET 2014: 89: finished (132ms, 4cycles)
Sat Jan 25 22:59:31 CET 2014: 89: Solution found.
Sat Jan 25 22:59:31 CET 2014: 90: finished (436ms, 15cycles)
Sat Jan 25 22:59:31 CET 2014: 90: Solution found.
Sat Jan 25 22:59:34 CET 2014: 91: finished (3402ms, 84cycles)
Sat Jan 25 22:59:34 CET 2014: 91: Solution found.
Sat Jan 25 22:59:35 CET 2014: 92: finished (185ms, 1cycles)
Sat Jan 25 22:59:35 CET 2014: 92: Solution found.
Sat Jan 25 22:59:35 CET 2014: 93: finished (589ms, 7cycles)
Sat Jan 25 22:59:35 CET 2014: 93: Solution found.
Sat Jan 25 22:59:35 CET 2014: 94: finished (218ms, 2cycles)
Sat Jan 25 22:59:35 CET 2014: 94: Solution found.
Sat Jan 25 22:59:37 CET 2014: 95: finished (1136ms, 14cycles)
Sat Jan 25 22:59:37 CET 2014: 95: Solution found.
Sat Jan 25 22:59:55 CET 2014: 96: finished (18136ms, 500cycles)
Sat Jan 25 22:59:55 CET 2014: 96: No solution found.
Sat Jan 25 22:59:55 CET 2014: 97: finished (356ms, 12cycles)
Sat Jan 25 22:59:55 CET 2014: 97: Solution found.
Sat Jan 25 22:59:55 CET 2014: 98: finished (382ms, 13cycles)
Sat Jan 25 22:59:55 CET 2014: 98: Solution found.
Sat Jan 25 22:59:55 CET 2014: 99: finished (51ms, 1cycles)
Sat Jan 25 22:59:55 CET 2014: 99: Solution found.
Sat Jan 25 22:59:55 CET 2014: Solution Found: 96
Sat Jan 25 22:59:55 CET 2014: Avg cycles: 17
Sat Jan 25 22:59:55 CET 2014: Max cycles: 84
Sat Jan 25 22:59:55 CET 2014: Min cycles: 1
Sat Jan 25 22:59:55 CET 2014: No solution found: 4
Sat Jan 25 22:59:55 CET 2014: logging finished. (runtime: 134797ms)
