Tue Dec 31 16:47:26 CET 2013: Problem Count: 200
Tue Dec 31 16:47:26 CET 2013: CandidatesCount: 250
Tue Dec 31 16:47:26 CET 2013: Max Cycles: 500
Tue Dec 31 16:47:26 CET 2013: 0: finished (314ms, 11cycles)
Tue Dec 31 16:47:26 CET 2013: 0: Solution found.
Tue Dec 31 16:47:26 CET 2013: 1: finished (226ms, 8cycles)
Tue Dec 31 16:47:26 CET 2013: 1: Solution found.
Tue Dec 31 16:47:27 CET 2013: 2: finished (399ms, 14cycles)
Tue Dec 31 16:47:27 CET 2013: 2: Solution found.
Tue Dec 31 16:47:27 CET 2013: 3: finished (694ms, 25cycles)
Tue Dec 31 16:47:27 CET 2013: 3: Solution found.
Tue Dec 31 16:47:28 CET 2013: 4: finished (457ms, 15cycles)
Tue Dec 31 16:47:28 CET 2013: 4: Solution found.
Tue Dec 31 16:47:29 CET 2013: 5: finished (782ms, 29cycles)
Tue Dec 31 16:47:29 CET 2013: 5: Solution found.
Tue Dec 31 16:47:29 CET 2013: 6: finished (445ms, 16cycles)
Tue Dec 31 16:47:29 CET 2013: 6: Solution found.
Tue Dec 31 16:47:30 CET 2013: 7: finished (378ms, 14cycles)
Tue Dec 31 16:47:30 CET 2013: 7: Solution found.
Tue Dec 31 16:47:30 CET 2013: 8: finished (182ms, 6cycles)
Tue Dec 31 16:47:30 CET 2013: 8: Solution found.
Tue Dec 31 16:47:30 CET 2013: 9: finished (233ms, 8cycles)
Tue Dec 31 16:47:30 CET 2013: 9: Solution found.
Tue Dec 31 16:47:30 CET 2013: 10: finished (292ms, 10cycles)
Tue Dec 31 16:47:30 CET 2013: 10: Solution found.
Tue Dec 31 16:47:32 CET 2013: 11: finished (1510ms, 58cycles)
Tue Dec 31 16:47:32 CET 2013: 11: Solution found.
Tue Dec 31 16:47:44 CET 2013: 12: finished (11963ms, 500cycles)
Tue Dec 31 16:47:44 CET 2013: 12: No solution found.
Tue Dec 31 16:47:44 CET 2013: 13: finished (501ms, 17cycles)
Tue Dec 31 16:47:44 CET 2013: 13: Solution found.
Tue Dec 31 16:47:47 CET 2013: 14: finished (2793ms, 107cycles)
Tue Dec 31 16:47:47 CET 2013: 14: Solution found.
Tue Dec 31 16:47:47 CET 2013: 15: finished (222ms, 8cycles)
Tue Dec 31 16:47:47 CET 2013: 15: Solution found.
Tue Dec 31 16:47:47 CET 2013: 16: finished (202ms, 7cycles)
Tue Dec 31 16:47:47 CET 2013: 16: Solution found.
Tue Dec 31 16:47:48 CET 2013: 17: finished (213ms, 7cycles)
Tue Dec 31 16:47:48 CET 2013: 17: Solution found.
Tue Dec 31 16:47:48 CET 2013: 18: finished (176ms, 6cycles)
Tue Dec 31 16:47:48 CET 2013: 18: Solution found.
Tue Dec 31 16:47:48 CET 2013: 19: finished (132ms, 4cycles)
Tue Dec 31 16:47:48 CET 2013: 19: Solution found.
Tue Dec 31 16:47:49 CET 2013: 20: finished (637ms, 22cycles)
Tue Dec 31 16:47:49 CET 2013: 20: Solution found.
Tue Dec 31 16:47:49 CET 2013: 21: finished (655ms, 23cycles)
Tue Dec 31 16:47:49 CET 2013: 21: Solution found.
Tue Dec 31 16:47:50 CET 2013: 22: finished (411ms, 15cycles)
Tue Dec 31 16:47:50 CET 2013: 22: Solution found.
Tue Dec 31 16:47:50 CET 2013: 23: finished (366ms, 13cycles)
Tue Dec 31 16:47:50 CET 2013: 23: Solution found.
Tue Dec 31 16:47:50 CET 2013: 24: finished (174ms, 6cycles)
Tue Dec 31 16:47:50 CET 2013: 24: Solution found.
Tue Dec 31 16:47:51 CET 2013: 25: finished (526ms, 19cycles)
Tue Dec 31 16:47:51 CET 2013: 25: Solution found.
Tue Dec 31 16:47:51 CET 2013: 26: finished (311ms, 11cycles)
Tue Dec 31 16:47:51 CET 2013: 26: Solution found.
Tue Dec 31 16:47:52 CET 2013: 27: finished (571ms, 20cycles)
Tue Dec 31 16:47:52 CET 2013: 27: Solution found.
Tue Dec 31 16:47:52 CET 2013: 28: finished (670ms, 25cycles)
Tue Dec 31 16:47:52 CET 2013: 28: Solution found.
Tue Dec 31 16:47:52 CET 2013: 29: finished (123ms, 4cycles)
Tue Dec 31 16:47:52 CET 2013: 29: Solution found.
Tue Dec 31 16:47:53 CET 2013: 30: finished (436ms, 15cycles)
Tue Dec 31 16:47:53 CET 2013: 30: Solution found.
Tue Dec 31 16:47:53 CET 2013: 31: finished (182ms, 6cycles)
Tue Dec 31 16:47:53 CET 2013: 31: Solution found.
Tue Dec 31 16:47:54 CET 2013: 32: finished (692ms, 26cycles)
Tue Dec 31 16:47:54 CET 2013: 32: Solution found.
Tue Dec 31 16:47:54 CET 2013: 33: finished (261ms, 9cycles)
Tue Dec 31 16:47:54 CET 2013: 33: Solution found.
Tue Dec 31 16:47:54 CET 2013: 34: finished (108ms, 3cycles)
Tue Dec 31 16:47:54 CET 2013: 34: Solution found.
Tue Dec 31 16:47:54 CET 2013: 35: finished (151ms, 5cycles)
Tue Dec 31 16:47:54 CET 2013: 35: Solution found.
Tue Dec 31 16:47:55 CET 2013: 36: finished (679ms, 26cycles)
Tue Dec 31 16:47:55 CET 2013: 36: Solution found.
Tue Dec 31 16:47:55 CET 2013: 37: finished (197ms, 7cycles)
Tue Dec 31 16:47:55 CET 2013: 37: Solution found.
Tue Dec 31 16:47:55 CET 2013: 38: finished (215ms, 7cycles)
Tue Dec 31 16:47:55 CET 2013: 38: Solution found.
Tue Dec 31 16:47:56 CET 2013: 39: finished (232ms, 8cycles)
Tue Dec 31 16:47:56 CET 2013: 39: Solution found.
Tue Dec 31 16:47:56 CET 2013: 40: finished (520ms, 18cycles)
Tue Dec 31 16:47:56 CET 2013: 40: Solution found.
Tue Dec 31 16:47:56 CET 2013: 41: finished (182ms, 6cycles)
Tue Dec 31 16:47:56 CET 2013: 41: Solution found.
Tue Dec 31 16:47:56 CET 2013: 42: finished (106ms, 3cycles)
Tue Dec 31 16:47:56 CET 2013: 42: Solution found.
Tue Dec 31 16:47:57 CET 2013: 43: finished (481ms, 17cycles)
Tue Dec 31 16:47:57 CET 2013: 43: Solution found.
Tue Dec 31 16:47:59 CET 2013: 44: finished (2218ms, 85cycles)
Tue Dec 31 16:47:59 CET 2013: 44: Solution found.
Tue Dec 31 16:47:59 CET 2013: 45: finished (136ms, 4cycles)
Tue Dec 31 16:47:59 CET 2013: 45: Solution found.
Tue Dec 31 16:47:59 CET 2013: 46: finished (280ms, 9cycles)
Tue Dec 31 16:47:59 CET 2013: 46: Solution found.
Tue Dec 31 16:48:00 CET 2013: 47: finished (153ms, 5cycles)
Tue Dec 31 16:48:00 CET 2013: 47: Solution found.
Tue Dec 31 16:48:00 CET 2013: 48: finished (611ms, 23cycles)
Tue Dec 31 16:48:00 CET 2013: 48: Solution found.
Tue Dec 31 16:48:01 CET 2013: 49: finished (525ms, 18cycles)
Tue Dec 31 16:48:01 CET 2013: 49: Solution found.
Tue Dec 31 16:48:01 CET 2013: 50: finished (292ms, 10cycles)
Tue Dec 31 16:48:01 CET 2013: 50: Solution found.
Tue Dec 31 16:48:02 CET 2013: 51: finished (470ms, 16cycles)
Tue Dec 31 16:48:02 CET 2013: 51: Solution found.
Tue Dec 31 16:48:02 CET 2013: 52: finished (132ms, 4cycles)
Tue Dec 31 16:48:02 CET 2013: 52: Solution found.
Tue Dec 31 16:48:02 CET 2013: 53: finished (78ms, 2cycles)
Tue Dec 31 16:48:02 CET 2013: 53: Solution found.
Tue Dec 31 16:48:15 CET 2013: 54: finished (13615ms, 500cycles)
Tue Dec 31 16:48:15 CET 2013: 54: No solution found.
Tue Dec 31 16:48:16 CET 2013: 55: finished (192ms, 7cycles)
Tue Dec 31 16:48:16 CET 2013: 55: Solution found.
Tue Dec 31 16:48:16 CET 2013: 56: finished (53ms, 1cycles)
Tue Dec 31 16:48:16 CET 2013: 56: Solution found.
Tue Dec 31 16:48:16 CET 2013: 57: finished (345ms, 12cycles)
Tue Dec 31 16:48:16 CET 2013: 57: Solution found.
Tue Dec 31 16:48:17 CET 2013: 58: finished (613ms, 22cycles)
Tue Dec 31 16:48:17 CET 2013: 58: Solution found.
Tue Dec 31 16:48:17 CET 2013: 59: finished (743ms, 28cycles)
Tue Dec 31 16:48:17 CET 2013: 59: Solution found.
Tue Dec 31 16:48:17 CET 2013: 60: finished (79ms, 2cycles)
Tue Dec 31 16:48:17 CET 2013: 60: Solution found.
Tue Dec 31 16:48:18 CET 2013: 61: finished (269ms, 9cycles)
Tue Dec 31 16:48:18 CET 2013: 61: Solution found.
Tue Dec 31 16:48:18 CET 2013: 62: finished (152ms, 5cycles)
Tue Dec 31 16:48:18 CET 2013: 62: Solution found.
Tue Dec 31 16:48:18 CET 2013: 63: finished (685ms, 24cycles)
Tue Dec 31 16:48:18 CET 2013: 63: Solution found.
Tue Dec 31 16:48:31 CET 2013: 64: finished (12043ms, 500cycles)
Tue Dec 31 16:48:31 CET 2013: 64: No solution found.
Tue Dec 31 16:48:31 CET 2013: 65: finished (420ms, 15cycles)
Tue Dec 31 16:48:31 CET 2013: 65: Solution found.
Tue Dec 31 16:48:31 CET 2013: 66: finished (199ms, 7cycles)
Tue Dec 31 16:48:31 CET 2013: 66: Solution found.
Tue Dec 31 16:48:31 CET 2013: 67: finished (278ms, 10cycles)
Tue Dec 31 16:48:31 CET 2013: 67: Solution found.
Tue Dec 31 16:48:32 CET 2013: 68: finished (630ms, 23cycles)
Tue Dec 31 16:48:32 CET 2013: 68: Solution found.
Tue Dec 31 16:48:34 CET 2013: 69: finished (1789ms, 72cycles)
Tue Dec 31 16:48:34 CET 2013: 69: Solution found.
Tue Dec 31 16:48:34 CET 2013: 70: finished (325ms, 11cycles)
Tue Dec 31 16:48:34 CET 2013: 70: Solution found.
Tue Dec 31 16:48:34 CET 2013: 71: finished (208ms, 7cycles)
Tue Dec 31 16:48:34 CET 2013: 71: Solution found.
Tue Dec 31 16:48:35 CET 2013: 72: finished (223ms, 8cycles)
Tue Dec 31 16:48:35 CET 2013: 72: Solution found.
Tue Dec 31 16:48:35 CET 2013: 73: finished (334ms, 12cycles)
Tue Dec 31 16:48:35 CET 2013: 73: Solution found.
Tue Dec 31 16:48:35 CET 2013: 74: finished (219ms, 8cycles)
Tue Dec 31 16:48:35 CET 2013: 74: Solution found.
Tue Dec 31 16:48:35 CET 2013: 75: finished (311ms, 11cycles)
Tue Dec 31 16:48:35 CET 2013: 75: Solution found.
Tue Dec 31 16:48:36 CET 2013: 76: finished (227ms, 8cycles)
Tue Dec 31 16:48:36 CET 2013: 76: Solution found.
Tue Dec 31 16:48:36 CET 2013: 77: finished (107ms, 3cycles)
Tue Dec 31 16:48:36 CET 2013: 77: Solution found.
Tue Dec 31 16:48:36 CET 2013: 78: finished (354ms, 13cycles)
Tue Dec 31 16:48:36 CET 2013: 78: Solution found.
Tue Dec 31 16:48:37 CET 2013: 79: finished (453ms, 17cycles)
Tue Dec 31 16:48:37 CET 2013: 79: Solution found.
Tue Dec 31 16:48:37 CET 2013: 80: finished (220ms, 8cycles)
Tue Dec 31 16:48:37 CET 2013: 80: Solution found.
Tue Dec 31 16:48:37 CET 2013: 81: finished (592ms, 21cycles)
Tue Dec 31 16:48:37 CET 2013: 81: Solution found.
Tue Dec 31 16:48:38 CET 2013: 82: finished (102ms, 3cycles)
Tue Dec 31 16:48:38 CET 2013: 82: Solution found.
Tue Dec 31 16:48:38 CET 2013: 83: finished (560ms, 20cycles)
Tue Dec 31 16:48:38 CET 2013: 83: Solution found.
Tue Dec 31 16:48:39 CET 2013: 84: finished (544ms, 20cycles)
Tue Dec 31 16:48:39 CET 2013: 84: Solution found.
Tue Dec 31 16:48:39 CET 2013: 85: finished (346ms, 12cycles)
Tue Dec 31 16:48:39 CET 2013: 85: Solution found.
Tue Dec 31 16:48:39 CET 2013: 86: finished (137ms, 4cycles)
Tue Dec 31 16:48:39 CET 2013: 86: Solution found.
Tue Dec 31 16:48:39 CET 2013: 87: finished (161ms, 5cycles)
Tue Dec 31 16:48:39 CET 2013: 87: Solution found.
Tue Dec 31 16:48:40 CET 2013: 88: finished (318ms, 11cycles)
Tue Dec 31 16:48:40 CET 2013: 88: Solution found.
Tue Dec 31 16:48:40 CET 2013: 89: finished (377ms, 13cycles)
Tue Dec 31 16:48:40 CET 2013: 89: Solution found.
Tue Dec 31 16:48:40 CET 2013: 90: finished (106ms, 3cycles)
Tue Dec 31 16:48:40 CET 2013: 90: Solution found.
Tue Dec 31 16:48:41 CET 2013: 91: finished (539ms, 19cycles)
Tue Dec 31 16:48:41 CET 2013: 91: Solution found.
Tue Dec 31 16:48:41 CET 2013: 92: finished (315ms, 11cycles)
Tue Dec 31 16:48:41 CET 2013: 92: Solution found.
Tue Dec 31 16:48:41 CET 2013: 93: finished (128ms, 4cycles)
Tue Dec 31 16:48:41 CET 2013: 93: Solution found.
Tue Dec 31 16:48:41 CET 2013: 94: finished (317ms, 11cycles)
Tue Dec 31 16:48:41 CET 2013: 94: Solution found.
Tue Dec 31 16:48:42 CET 2013: 95: finished (798ms, 29cycles)
Tue Dec 31 16:48:42 CET 2013: 95: Solution found.
Tue Dec 31 16:48:42 CET 2013: 96: finished (310ms, 11cycles)
Tue Dec 31 16:48:42 CET 2013: 96: Solution found.
Tue Dec 31 16:48:43 CET 2013: 97: finished (225ms, 8cycles)
Tue Dec 31 16:48:43 CET 2013: 97: Solution found.
Tue Dec 31 16:48:43 CET 2013: 98: finished (54ms, 1cycles)
Tue Dec 31 16:48:43 CET 2013: 98: Solution found.
Tue Dec 31 16:48:43 CET 2013: 99: finished (75ms, 2cycles)
Tue Dec 31 16:48:43 CET 2013: 99: Solution found.
Tue Dec 31 16:48:43 CET 2013: Solution Found: 97
Tue Dec 31 16:48:43 CET 2013: Avg cycles: 14
Tue Dec 31 16:48:43 CET 2013: Max cycles: 107
Tue Dec 31 16:48:43 CET 2013: Min cycles: 1
Tue Dec 31 16:48:43 CET 2013: No solution found: 3
Tue Dec 31 16:48:43 CET 2013: logging finished. (runtime: 77014ms)
