Sun Jan 26 00:43:49 CET 2014: Problem Count: 100
Sun Jan 26 00:43:49 CET 2014: CandidatesCount: 150
Sun Jan 26 00:43:49 CET 2014: Max Cycles: 500
Sun Jan 26 00:43:49 CET 2014: 0: finished (314ms, 59cycles)
Sun Jan 26 00:43:49 CET 2014: 0: Solution found.
Sun Jan 26 00:43:49 CET 2014: 1: finished (149ms, 26cycles)
Sun Jan 26 00:43:49 CET 2014: 1: Solution found.
Sun Jan 26 00:43:49 CET 2014: 2: finished (68ms, 12cycles)
Sun Jan 26 00:43:49 CET 2014: 2: Solution found.
Sun Jan 26 00:43:52 CET 2014: 3: finished (2793ms, 500cycles)
Sun Jan 26 00:43:52 CET 2014: 3: No solution found.
Sun Jan 26 00:43:52 CET 2014: 4: finished (31ms, 1cycles)
Sun Jan 26 00:43:52 CET 2014: 4: Solution found.
Sun Jan 26 00:43:52 CET 2014: 5: finished (119ms, 7cycles)
Sun Jan 26 00:43:52 CET 2014: 5: Solution found.
Sun Jan 26 00:43:52 CET 2014: 6: finished (157ms, 9cycles)
Sun Jan 26 00:43:52 CET 2014: 6: Solution found.
Sun Jan 26 00:43:53 CET 2014: 7: finished (351ms, 22cycles)
Sun Jan 26 00:43:53 CET 2014: 7: Solution found.
Sun Jan 26 00:43:53 CET 2014: 8: finished (481ms, 27cycles)
Sun Jan 26 00:43:53 CET 2014: 8: Solution found.
Sun Jan 26 00:43:53 CET 2014: 9: finished (352ms, 15cycles)
Sun Jan 26 00:43:53 CET 2014: 9: Solution found.
Sun Jan 26 00:43:54 CET 2014: 10: finished (252ms, 10cycles)
Sun Jan 26 00:43:54 CET 2014: 10: Solution found.
Sun Jan 26 00:43:54 CET 2014: 11: finished (345ms, 15cycles)
Sun Jan 26 00:43:54 CET 2014: 11: Solution found.
Sun Jan 26 00:43:54 CET 2014: 12: finished (372ms, 16cycles)
Sun Jan 26 00:43:54 CET 2014: 12: Solution found.
Sun Jan 26 00:43:59 CET 2014: 13: finished (4622ms, 500cycles)
Sun Jan 26 00:43:59 CET 2014: 13: No solution found.
Sun Jan 26 00:43:59 CET 2014: 14: finished (99ms, 18cycles)
Sun Jan 26 00:43:59 CET 2014: 14: Solution found.
Sun Jan 26 00:43:59 CET 2014: 15: finished (70ms, 12cycles)
Sun Jan 26 00:43:59 CET 2014: 15: Solution found.
Sun Jan 26 00:43:59 CET 2014: 16: finished (148ms, 26cycles)
Sun Jan 26 00:43:59 CET 2014: 16: Solution found.
Sun Jan 26 00:43:59 CET 2014: 17: finished (115ms, 19cycles)
Sun Jan 26 00:43:59 CET 2014: 17: Solution found.
Sun Jan 26 00:44:00 CET 2014: 18: finished (128ms, 20cycles)
Sun Jan 26 00:44:00 CET 2014: 18: Solution found.
Sun Jan 26 00:44:00 CET 2014: 19: finished (106ms, 18cycles)
Sun Jan 26 00:44:00 CET 2014: 19: Solution found.
Sun Jan 26 00:44:00 CET 2014: 20: finished (79ms, 14cycles)
Sun Jan 26 00:44:00 CET 2014: 20: Solution found.
Sun Jan 26 00:44:00 CET 2014: 21: finished (184ms, 31cycles)
Sun Jan 26 00:44:00 CET 2014: 21: Solution found.
Sun Jan 26 00:44:00 CET 2014: 22: finished (158ms, 28cycles)
Sun Jan 26 00:44:00 CET 2014: 22: Solution found.
Sun Jan 26 00:44:00 CET 2014: 23: finished (102ms, 17cycles)
Sun Jan 26 00:44:00 CET 2014: 23: Solution found.
Sun Jan 26 00:44:00 CET 2014: 24: finished (73ms, 11cycles)
Sun Jan 26 00:44:00 CET 2014: 24: Solution found.
Sun Jan 26 00:44:00 CET 2014: 25: finished (51ms, 9cycles)
Sun Jan 26 00:44:00 CET 2014: 25: Solution found.
Sun Jan 26 00:44:00 CET 2014: 26: finished (111ms, 19cycles)
Sun Jan 26 00:44:00 CET 2014: 26: Solution found.
Sun Jan 26 00:44:01 CET 2014: 27: finished (123ms, 22cycles)
Sun Jan 26 00:44:01 CET 2014: 27: Solution found.
Sun Jan 26 00:44:03 CET 2014: 28: finished (2475ms, 500cycles)
Sun Jan 26 00:44:03 CET 2014: 28: No solution found.
Sun Jan 26 00:44:03 CET 2014: 29: finished (48ms, 8cycles)
Sun Jan 26 00:44:03 CET 2014: 29: Solution found.
Sun Jan 26 00:44:06 CET 2014: 30: finished (2454ms, 500cycles)
Sun Jan 26 00:44:06 CET 2014: 30: No solution found.
Sun Jan 26 00:44:06 CET 2014: 31: finished (85ms, 15cycles)
Sun Jan 26 00:44:06 CET 2014: 31: Solution found.
Sun Jan 26 00:44:06 CET 2014: 32: finished (45ms, 7cycles)
Sun Jan 26 00:44:06 CET 2014: 32: Solution found.
Sun Jan 26 00:44:06 CET 2014: 33: finished (65ms, 11cycles)
Sun Jan 26 00:44:06 CET 2014: 33: Solution found.
Sun Jan 26 00:44:06 CET 2014: 34: finished (103ms, 18cycles)
Sun Jan 26 00:44:06 CET 2014: 34: Solution found.
Sun Jan 26 00:44:12 CET 2014: 35: finished (6143ms, 500cycles)
Sun Jan 26 00:44:12 CET 2014: 35: No solution found.
Sun Jan 26 00:44:12 CET 2014: 36: finished (316ms, 19cycles)
Sun Jan 26 00:44:12 CET 2014: 36: Solution found.
Sun Jan 26 00:44:13 CET 2014: 37: finished (224ms, 14cycles)
Sun Jan 26 00:44:13 CET 2014: 37: Solution found.
Sun Jan 26 00:44:13 CET 2014: 38: finished (215ms, 12cycles)
Sun Jan 26 00:44:13 CET 2014: 38: Solution found.
Sun Jan 26 00:44:13 CET 2014: 39: finished (53ms, 2cycles)
Sun Jan 26 00:44:13 CET 2014: 39: Solution found.
Sun Jan 26 00:44:15 CET 2014: 40: finished (2461ms, 500cycles)
Sun Jan 26 00:44:15 CET 2014: 40: No solution found.
Sun Jan 26 00:44:15 CET 2014: 41: finished (31ms, 5cycles)
Sun Jan 26 00:44:15 CET 2014: 41: Solution found.
Sun Jan 26 00:44:15 CET 2014: 42: finished (165ms, 32cycles)
Sun Jan 26 00:44:15 CET 2014: 42: Solution found.
Sun Jan 26 00:44:16 CET 2014: 43: finished (64ms, 11cycles)
Sun Jan 26 00:44:16 CET 2014: 43: Solution found.
Sun Jan 26 00:44:16 CET 2014: 44: finished (20ms, 3cycles)
Sun Jan 26 00:44:16 CET 2014: 44: Solution found.
Sun Jan 26 00:44:16 CET 2014: 45: finished (72ms, 12cycles)
Sun Jan 26 00:44:16 CET 2014: 45: Solution found.
Sun Jan 26 00:44:16 CET 2014: 46: finished (13ms, 1cycles)
Sun Jan 26 00:44:16 CET 2014: 46: Solution found.
Sun Jan 26 00:44:16 CET 2014: 47: finished (37ms, 6cycles)
Sun Jan 26 00:44:16 CET 2014: 47: Solution found.
Sun Jan 26 00:44:16 CET 2014: 48: finished (55ms, 9cycles)
Sun Jan 26 00:44:16 CET 2014: 48: Solution found.
Sun Jan 26 00:44:16 CET 2014: 49: finished (192ms, 34cycles)
Sun Jan 26 00:44:16 CET 2014: 49: Solution found.
Sun Jan 26 00:44:16 CET 2014: 50: finished (154ms, 27cycles)
Sun Jan 26 00:44:16 CET 2014: 50: Solution found.
Sun Jan 26 00:44:18 CET 2014: 51: finished (2433ms, 500cycles)
Sun Jan 26 00:44:18 CET 2014: 51: No solution found.
Sun Jan 26 00:44:19 CET 2014: 52: finished (47ms, 8cycles)
Sun Jan 26 00:44:19 CET 2014: 52: Solution found.
Sun Jan 26 00:44:21 CET 2014: 53: finished (2462ms, 500cycles)
Sun Jan 26 00:44:21 CET 2014: 53: No solution found.
Sun Jan 26 00:44:27 CET 2014: 54: finished (5889ms, 500cycles)
Sun Jan 26 00:44:27 CET 2014: 54: No solution found.
Sun Jan 26 00:44:30 CET 2014: 55: finished (3300ms, 500cycles)
Sun Jan 26 00:44:30 CET 2014: 55: No solution found.
Sun Jan 26 00:44:30 CET 2014: 56: finished (150ms, 24cycles)
Sun Jan 26 00:44:30 CET 2014: 56: Solution found.
Sun Jan 26 00:44:30 CET 2014: 57: finished (52ms, 9cycles)
Sun Jan 26 00:44:30 CET 2014: 57: Solution found.
Sun Jan 26 00:44:33 CET 2014: 58: finished (2430ms, 500cycles)
Sun Jan 26 00:44:33 CET 2014: 58: No solution found.
Sun Jan 26 00:44:33 CET 2014: 59: finished (356ms, 56cycles)
Sun Jan 26 00:44:33 CET 2014: 59: Solution found.
Sun Jan 26 00:44:33 CET 2014: 60: finished (47ms, 5cycles)
Sun Jan 26 00:44:33 CET 2014: 60: Solution found.
Sun Jan 26 00:44:36 CET 2014: 61: finished (2533ms, 500cycles)
Sun Jan 26 00:44:36 CET 2014: 61: No solution found.
Sun Jan 26 00:44:36 CET 2014: 62: finished (37ms, 6cycles)
Sun Jan 26 00:44:36 CET 2014: 62: Solution found.
Sun Jan 26 00:44:36 CET 2014: 63: finished (80ms, 12cycles)
Sun Jan 26 00:44:36 CET 2014: 63: Solution found.
Sun Jan 26 00:44:36 CET 2014: 64: finished (45ms, 7cycles)
Sun Jan 26 00:44:36 CET 2014: 64: Solution found.
Sun Jan 26 00:44:36 CET 2014: 65: finished (61ms, 10cycles)
Sun Jan 26 00:44:36 CET 2014: 65: Solution found.
Sun Jan 26 00:44:36 CET 2014: 66: finished (116ms, 21cycles)
Sun Jan 26 00:44:36 CET 2014: 66: Solution found.
Sun Jan 26 00:44:36 CET 2014: 67: finished (386ms, 75cycles)
Sun Jan 26 00:44:36 CET 2014: 67: Solution found.
Sun Jan 26 00:44:37 CET 2014: 68: finished (47ms, 8cycles)
Sun Jan 26 00:44:37 CET 2014: 68: Solution found.
Sun Jan 26 00:44:37 CET 2014: 69: finished (71ms, 12cycles)
Sun Jan 26 00:44:37 CET 2014: 69: Solution found.
Sun Jan 26 00:44:43 CET 2014: 70: finished (6491ms, 500cycles)
Sun Jan 26 00:44:43 CET 2014: 70: No solution found.
Sun Jan 26 00:44:46 CET 2014: 71: finished (2722ms, 500cycles)
Sun Jan 26 00:44:46 CET 2014: 71: No solution found.
Sun Jan 26 00:44:48 CET 2014: 72: finished (2680ms, 500cycles)
Sun Jan 26 00:44:48 CET 2014: 72: No solution found.
Sun Jan 26 00:44:49 CET 2014: 73: finished (26ms, 4cycles)
Sun Jan 26 00:44:49 CET 2014: 73: Solution found.
Sun Jan 26 00:44:49 CET 2014: 74: finished (73ms, 11cycles)
Sun Jan 26 00:44:49 CET 2014: 74: Solution found.
Sun Jan 26 00:44:49 CET 2014: 75: finished (53ms, 9cycles)
Sun Jan 26 00:44:49 CET 2014: 75: Solution found.
Sun Jan 26 00:44:49 CET 2014: 76: finished (138ms, 22cycles)
Sun Jan 26 00:44:49 CET 2014: 76: Solution found.
Sun Jan 26 00:44:49 CET 2014: 77: finished (32ms, 5cycles)
Sun Jan 26 00:44:49 CET 2014: 77: Solution found.
Sun Jan 26 00:44:49 CET 2014: 78: finished (82ms, 14cycles)
Sun Jan 26 00:44:49 CET 2014: 78: Solution found.
Sun Jan 26 00:44:49 CET 2014: 79: finished (72ms, 11cycles)
Sun Jan 26 00:44:49 CET 2014: 79: Solution found.
Sun Jan 26 00:44:49 CET 2014: 80: finished (180ms, 31cycles)
Sun Jan 26 00:44:49 CET 2014: 80: Solution found.
Sun Jan 26 00:44:49 CET 2014: 81: finished (70ms, 12cycles)
Sun Jan 26 00:44:49 CET 2014: 81: Solution found.
Sun Jan 26 00:44:49 CET 2014: 82: finished (126ms, 20cycles)
Sun Jan 26 00:44:49 CET 2014: 82: Solution found.
Sun Jan 26 00:44:49 CET 2014: 83: finished (129ms, 22cycles)
Sun Jan 26 00:44:49 CET 2014: 83: Solution found.
Sun Jan 26 00:44:49 CET 2014: 84: finished (24ms, 3cycles)
Sun Jan 26 00:44:49 CET 2014: 84: Solution found.
Sun Jan 26 00:44:52 CET 2014: 85: finished (2515ms, 500cycles)
Sun Jan 26 00:44:52 CET 2014: 85: No solution found.
Sun Jan 26 00:44:52 CET 2014: 86: finished (57ms, 10cycles)
Sun Jan 26 00:44:52 CET 2014: 86: Solution found.
Sun Jan 26 00:44:52 CET 2014: 87: finished (32ms, 5cycles)
Sun Jan 26 00:44:52 CET 2014: 87: Solution found.
Sun Jan 26 00:44:59 CET 2014: 88: finished (6680ms, 500cycles)
Sun Jan 26 00:44:59 CET 2014: 88: No solution found.
Sun Jan 26 00:44:59 CET 2014: 89: finished (175ms, 17cycles)
Sun Jan 26 00:44:59 CET 2014: 89: Solution found.
Sun Jan 26 00:44:59 CET 2014: 90: finished (112ms, 21cycles)
Sun Jan 26 00:44:59 CET 2014: 90: Solution found.
Sun Jan 26 00:44:59 CET 2014: 91: finished (52ms, 9cycles)
Sun Jan 26 00:44:59 CET 2014: 91: Solution found.
Sun Jan 26 00:44:59 CET 2014: 92: finished (36ms, 6cycles)
Sun Jan 26 00:44:59 CET 2014: 92: Solution found.
Sun Jan 26 00:44:59 CET 2014: 93: finished (167ms, 32cycles)
Sun Jan 26 00:44:59 CET 2014: 93: Solution found.
Sun Jan 26 00:45:00 CET 2014: 94: finished (198ms, 34cycles)
Sun Jan 26 00:45:00 CET 2014: 94: Solution found.
Sun Jan 26 00:45:00 CET 2014: 95: finished (36ms, 6cycles)
Sun Jan 26 00:45:00 CET 2014: 95: Solution found.
Sun Jan 26 00:45:02 CET 2014: 96: finished (2437ms, 500cycles)
Sun Jan 26 00:45:02 CET 2014: 96: No solution found.
Sun Jan 26 00:45:02 CET 2014: 97: finished (27ms, 4cycles)
Sun Jan 26 00:45:02 CET 2014: 97: Solution found.
Sun Jan 26 00:45:02 CET 2014: 98: finished (73ms, 13cycles)
Sun Jan 26 00:45:02 CET 2014: 98: Solution found.
Sun Jan 26 00:45:02 CET 2014: 99: finished (83ms, 14cycles)
Sun Jan 26 00:45:02 CET 2014: 99: Solution found.
Sun Jan 26 00:45:02 CET 2014: Solution Found: 82
Sun Jan 26 00:45:02 CET 2014: Avg cycles: 16
Sun Jan 26 00:45:02 CET 2014: Max cycles: 75
Sun Jan 26 00:45:02 CET 2014: Min cycles: 1
Sun Jan 26 00:45:02 CET 2014: No solution found: 18
Sun Jan 26 00:45:02 CET 2014: logging finished. (runtime: 73595ms)
