Sun Jan 26 00:07:32 CET 2014: Problem Count: 50
Sun Jan 26 00:07:32 CET 2014: CandidatesCount: 250
Sun Jan 26 00:07:32 CET 2014: Max Cycles: 500
Sun Jan 26 00:07:32 CET 2014: 0: finished (40ms, 11cycles)
Sun Jan 26 00:07:32 CET 2014: 0: Solution found.
Sun Jan 26 00:07:32 CET 2014: 1: finished (43ms, 12cycles)
Sun Jan 26 00:07:32 CET 2014: 1: Solution found.
Sun Jan 26 00:07:32 CET 2014: 2: finished (61ms, 17cycles)
Sun Jan 26 00:07:32 CET 2014: 2: Solution found.
Sun Jan 26 00:07:32 CET 2014: 3: finished (64ms, 17cycles)
Sun Jan 26 00:07:32 CET 2014: 3: Solution found.
Sun Jan 26 00:07:32 CET 2014: 4: finished (49ms, 13cycles)
Sun Jan 26 00:07:32 CET 2014: 4: Solution found.
Sun Jan 26 00:07:32 CET 2014: 5: finished (55ms, 14cycles)
Sun Jan 26 00:07:32 CET 2014: 5: Solution found.
Sun Jan 26 00:07:32 CET 2014: 6: finished (20ms, 5cycles)
Sun Jan 26 00:07:32 CET 2014: 6: Solution found.
Sun Jan 26 00:07:32 CET 2014: 7: finished (20ms, 5cycles)
Sun Jan 26 00:07:32 CET 2014: 7: Solution found.
Sun Jan 26 00:07:32 CET 2014: 8: finished (32ms, 7cycles)
Sun Jan 26 00:07:32 CET 2014: 8: Solution found.
Sun Jan 26 00:07:32 CET 2014: 9: finished (21ms, 5cycles)
Sun Jan 26 00:07:32 CET 2014: 9: Solution found.
Sun Jan 26 00:07:32 CET 2014: 10: finished (51ms, 14cycles)
Sun Jan 26 00:07:32 CET 2014: 10: Solution found.
Sun Jan 26 00:07:32 CET 2014: 11: finished (39ms, 10cycles)
Sun Jan 26 00:07:32 CET 2014: 11: Solution found.
Sun Jan 26 00:07:32 CET 2014: 12: finished (18ms, 2cycles)
Sun Jan 26 00:07:32 CET 2014: 12: Solution found.
Sun Jan 26 00:07:34 CET 2014: 13: finished (1518ms, 500cycles)
Sun Jan 26 00:07:34 CET 2014: 13: No solution found.
Sun Jan 26 00:07:34 CET 2014: 14: finished (37ms, 10cycles)
Sun Jan 26 00:07:34 CET 2014: 14: Solution found.
Sun Jan 26 00:07:34 CET 2014: 15: finished (91ms, 25cycles)
Sun Jan 26 00:07:34 CET 2014: 15: Solution found.
Sun Jan 26 00:07:34 CET 2014: 16: finished (14ms, 3cycles)
Sun Jan 26 00:07:34 CET 2014: 16: Solution found.
Sun Jan 26 00:07:34 CET 2014: 17: finished (84ms, 23cycles)
Sun Jan 26 00:07:34 CET 2014: 17: Solution found.
Sun Jan 26 00:07:34 CET 2014: 18: finished (30ms, 8cycles)
Sun Jan 26 00:07:34 CET 2014: 18: Solution found.
Sun Jan 26 00:07:34 CET 2014: 19: finished (46ms, 12cycles)
Sun Jan 26 00:07:34 CET 2014: 19: Solution found.
Sun Jan 26 00:07:34 CET 2014: 20: finished (59ms, 17cycles)
Sun Jan 26 00:07:34 CET 2014: 20: Solution found.
Sun Jan 26 00:07:34 CET 2014: 21: finished (51ms, 14cycles)
Sun Jan 26 00:07:34 CET 2014: 21: Solution found.
Sun Jan 26 00:07:34 CET 2014: 22: finished (75ms, 21cycles)
Sun Jan 26 00:07:34 CET 2014: 22: Solution found.
Sun Jan 26 00:07:34 CET 2014: 23: finished (56ms, 16cycles)
Sun Jan 26 00:07:34 CET 2014: 23: Solution found.
Sun Jan 26 00:07:34 CET 2014: 24: finished (41ms, 11cycles)
Sun Jan 26 00:07:34 CET 2014: 24: Solution found.
Sun Jan 26 00:07:35 CET 2014: 25: finished (27ms, 7cycles)
Sun Jan 26 00:07:35 CET 2014: 25: Solution found.
Sun Jan 26 00:07:36 CET 2014: 26: finished (1508ms, 500cycles)
Sun Jan 26 00:07:36 CET 2014: 26: No solution found.
Sun Jan 26 00:07:36 CET 2014: 27: finished (61ms, 17cycles)
Sun Jan 26 00:07:36 CET 2014: 27: Solution found.
Sun Jan 26 00:07:36 CET 2014: 28: finished (98ms, 28cycles)
Sun Jan 26 00:07:36 CET 2014: 28: Solution found.
Sun Jan 26 00:07:36 CET 2014: 29: finished (58ms, 16cycles)
Sun Jan 26 00:07:36 CET 2014: 29: Solution found.
Sun Jan 26 00:07:36 CET 2014: 30: finished (104ms, 29cycles)
Sun Jan 26 00:07:36 CET 2014: 30: Solution found.
Sun Jan 26 00:07:36 CET 2014: 31: finished (7ms, 1cycles)
Sun Jan 26 00:07:36 CET 2014: 31: Solution found.
Sun Jan 26 00:07:36 CET 2014: 32: finished (10ms, 2cycles)
Sun Jan 26 00:07:36 CET 2014: 32: Solution found.
Sun Jan 26 00:07:36 CET 2014: 33: finished (66ms, 18cycles)
Sun Jan 26 00:07:36 CET 2014: 33: Solution found.
Sun Jan 26 00:07:36 CET 2014: 34: finished (49ms, 13cycles)
Sun Jan 26 00:07:36 CET 2014: 34: Solution found.
Sun Jan 26 00:07:36 CET 2014: 35: finished (17ms, 4cycles)
Sun Jan 26 00:07:36 CET 2014: 35: Solution found.
Sun Jan 26 00:07:37 CET 2014: 36: finished (130ms, 37cycles)
Sun Jan 26 00:07:37 CET 2014: 36: Solution found.
Sun Jan 26 00:07:37 CET 2014: 37: finished (27ms, 7cycles)
Sun Jan 26 00:07:37 CET 2014: 37: Solution found.
Sun Jan 26 00:07:37 CET 2014: 38: finished (49ms, 14cycles)
Sun Jan 26 00:07:37 CET 2014: 38: Solution found.
Sun Jan 26 00:07:37 CET 2014: 39: finished (14ms, 3cycles)
Sun Jan 26 00:07:37 CET 2014: 39: Solution found.
Sun Jan 26 00:07:38 CET 2014: 40: finished (1547ms, 500cycles)
Sun Jan 26 00:07:38 CET 2014: 40: No solution found.
Sun Jan 26 00:07:38 CET 2014: 41: finished (22ms, 6cycles)
Sun Jan 26 00:07:38 CET 2014: 41: Solution found.
Sun Jan 26 00:07:38 CET 2014: 42: finished (40ms, 11cycles)
Sun Jan 26 00:07:38 CET 2014: 42: Solution found.
Sun Jan 26 00:07:38 CET 2014: 43: finished (10ms, 2cycles)
Sun Jan 26 00:07:38 CET 2014: 43: Solution found.
Sun Jan 26 00:07:38 CET 2014: 44: finished (52ms, 14cycles)
Sun Jan 26 00:07:38 CET 2014: 44: Solution found.
Sun Jan 26 00:07:39 CET 2014: 45: finished (116ms, 31cycles)
Sun Jan 26 00:07:39 CET 2014: 45: Solution found.
Sun Jan 26 00:07:39 CET 2014: 46: finished (58ms, 16cycles)
Sun Jan 26 00:07:39 CET 2014: 46: Solution found.
Sun Jan 26 00:07:39 CET 2014: 47: finished (53ms, 14cycles)
Sun Jan 26 00:07:39 CET 2014: 47: Solution found.
Sun Jan 26 00:07:39 CET 2014: 48: finished (45ms, 12cycles)
Sun Jan 26 00:07:39 CET 2014: 48: Solution found.
Sun Jan 26 00:07:39 CET 2014: 49: finished (40ms, 11cycles)
Sun Jan 26 00:07:39 CET 2014: 49: Solution found.
Sun Jan 26 00:07:39 CET 2014: 50: finished (71ms, 20cycles)
Sun Jan 26 00:07:39 CET 2014: 50: Solution found.
Sun Jan 26 00:07:39 CET 2014: 51: finished (50ms, 14cycles)
Sun Jan 26 00:07:39 CET 2014: 51: Solution found.
Sun Jan 26 00:07:39 CET 2014: 52: finished (36ms, 10cycles)
Sun Jan 26 00:07:39 CET 2014: 52: Solution found.
Sun Jan 26 00:07:39 CET 2014: 53: finished (58ms, 16cycles)
Sun Jan 26 00:07:39 CET 2014: 53: Solution found.
Sun Jan 26 00:07:39 CET 2014: 54: finished (70ms, 19cycles)
Sun Jan 26 00:07:39 CET 2014: 54: Solution found.
Sun Jan 26 00:07:41 CET 2014: 55: finished (2351ms, 500cycles)
Sun Jan 26 00:07:41 CET 2014: 55: No solution found.
Sun Jan 26 00:07:42 CET 2014: 56: finished (171ms, 17cycles)
Sun Jan 26 00:07:42 CET 2014: 56: Solution found.
Sun Jan 26 00:07:42 CET 2014: 57: finished (863ms, 70cycles)
Sun Jan 26 00:07:42 CET 2014: 57: Solution found.
Sun Jan 26 00:07:43 CET 2014: 58: finished (244ms, 16cycles)
Sun Jan 26 00:07:43 CET 2014: 58: Solution found.
Sun Jan 26 00:07:47 CET 2014: 59: finished (4222ms, 500cycles)
Sun Jan 26 00:07:47 CET 2014: 59: No solution found.
Sun Jan 26 00:07:47 CET 2014: 60: finished (72ms, 20cycles)
Sun Jan 26 00:07:47 CET 2014: 60: Solution found.
Sun Jan 26 00:07:47 CET 2014: 61: finished (39ms, 11cycles)
Sun Jan 26 00:07:47 CET 2014: 61: Solution found.
Sun Jan 26 00:07:47 CET 2014: 62: finished (50ms, 13cycles)
Sun Jan 26 00:07:47 CET 2014: 62: Solution found.
Sun Jan 26 00:07:47 CET 2014: 63: finished (69ms, 18cycles)
Sun Jan 26 00:07:47 CET 2014: 63: Solution found.
Sun Jan 26 00:07:47 CET 2014: 64: finished (88ms, 21cycles)
Sun Jan 26 00:07:47 CET 2014: 64: Solution found.
Sun Jan 26 00:07:47 CET 2014: 65: finished (40ms, 11cycles)
Sun Jan 26 00:07:47 CET 2014: 65: Solution found.
Sun Jan 26 00:07:47 CET 2014: 66: finished (20ms, 5cycles)
Sun Jan 26 00:07:47 CET 2014: 66: Solution found.
Sun Jan 26 00:07:47 CET 2014: 67: finished (44ms, 10cycles)
Sun Jan 26 00:07:47 CET 2014: 67: Solution found.
Sun Jan 26 00:07:47 CET 2014: 68: finished (98ms, 25cycles)
Sun Jan 26 00:07:47 CET 2014: 68: Solution found.
Sun Jan 26 00:07:47 CET 2014: 69: finished (40ms, 10cycles)
Sun Jan 26 00:07:47 CET 2014: 69: Solution found.
Sun Jan 26 00:07:47 CET 2014: 70: finished (30ms, 8cycles)
Sun Jan 26 00:07:47 CET 2014: 70: Solution found.
Sun Jan 26 00:07:47 CET 2014: 71: finished (7ms, 1cycles)
Sun Jan 26 00:07:47 CET 2014: 71: Solution found.
Sun Jan 26 00:07:47 CET 2014: 72: finished (32ms, 8cycles)
Sun Jan 26 00:07:47 CET 2014: 72: Solution found.
Sun Jan 26 00:07:48 CET 2014: 73: finished (31ms, 8cycles)
Sun Jan 26 00:07:48 CET 2014: 73: Solution found.
Sun Jan 26 00:07:48 CET 2014: 74: finished (12ms, 2cycles)
Sun Jan 26 00:07:48 CET 2014: 74: Solution found.
Sun Jan 26 00:07:48 CET 2014: 75: finished (15ms, 4cycles)
Sun Jan 26 00:07:48 CET 2014: 75: Solution found.
Sun Jan 26 00:07:48 CET 2014: 76: finished (11ms, 2cycles)
Sun Jan 26 00:07:48 CET 2014: 76: Solution found.
Sun Jan 26 00:07:48 CET 2014: 77: finished (13ms, 3cycles)
Sun Jan 26 00:07:48 CET 2014: 77: Solution found.
Sun Jan 26 00:07:48 CET 2014: 78: finished (31ms, 8cycles)
Sun Jan 26 00:07:48 CET 2014: 78: Solution found.
Sun Jan 26 00:07:48 CET 2014: 79: finished (63ms, 17cycles)
Sun Jan 26 00:07:48 CET 2014: 79: Solution found.
Sun Jan 26 00:07:48 CET 2014: 80: finished (66ms, 19cycles)
Sun Jan 26 00:07:48 CET 2014: 80: Solution found.
Sun Jan 26 00:07:48 CET 2014: 81: finished (19ms, 3cycles)
Sun Jan 26 00:07:48 CET 2014: 81: Solution found.
Sun Jan 26 00:07:48 CET 2014: 82: finished (62ms, 18cycles)
Sun Jan 26 00:07:48 CET 2014: 82: Solution found.
Sun Jan 26 00:07:48 CET 2014: 83: finished (10ms, 1cycles)
Sun Jan 26 00:07:48 CET 2014: 83: Solution found.
Sun Jan 26 00:07:48 CET 2014: 84: finished (79ms, 23cycles)
Sun Jan 26 00:07:48 CET 2014: 84: Solution found.
Sun Jan 26 00:07:48 CET 2014: 85: finished (54ms, 15cycles)
Sun Jan 26 00:07:48 CET 2014: 85: Solution found.
Sun Jan 26 00:07:48 CET 2014: 86: finished (43ms, 12cycles)
Sun Jan 26 00:07:48 CET 2014: 86: Solution found.
Sun Jan 26 00:07:48 CET 2014: 87: finished (60ms, 15cycles)
Sun Jan 26 00:07:48 CET 2014: 87: Solution found.
Sun Jan 26 00:07:48 CET 2014: 88: finished (46ms, 12cycles)
Sun Jan 26 00:07:48 CET 2014: 88: Solution found.
Sun Jan 26 00:07:48 CET 2014: 89: finished (50ms, 11cycles)
Sun Jan 26 00:07:48 CET 2014: 89: Solution found.
Sun Jan 26 00:07:48 CET 2014: 90: finished (47ms, 11cycles)
Sun Jan 26 00:07:48 CET 2014: 90: Solution found.
Sun Jan 26 00:07:48 CET 2014: 91: finished (41ms, 9cycles)
Sun Jan 26 00:07:48 CET 2014: 91: Solution found.
Sun Jan 26 00:07:48 CET 2014: 92: finished (59ms, 15cycles)
Sun Jan 26 00:07:48 CET 2014: 92: Solution found.
Sun Jan 26 00:07:48 CET 2014: 93: finished (64ms, 17cycles)
Sun Jan 26 00:07:48 CET 2014: 93: Solution found.
Sun Jan 26 00:07:50 CET 2014: 94: finished (1500ms, 500cycles)
Sun Jan 26 00:07:50 CET 2014: 94: No solution found.
Sun Jan 26 00:07:50 CET 2014: 95: finished (20ms, 5cycles)
Sun Jan 26 00:07:50 CET 2014: 95: Solution found.
Sun Jan 26 00:07:50 CET 2014: 96: finished (20ms, 5cycles)
Sun Jan 26 00:07:50 CET 2014: 96: Solution found.
Sun Jan 26 00:07:50 CET 2014: 97: finished (34ms, 8cycles)
Sun Jan 26 00:07:50 CET 2014: 97: Solution found.
Sun Jan 26 00:07:50 CET 2014: 98: finished (302ms, 81cycles)
Sun Jan 26 00:07:50 CET 2014: 98: Solution found.
Sun Jan 26 00:07:50 CET 2014: 99: finished (53ms, 15cycles)
Sun Jan 26 00:07:50 CET 2014: 99: Solution found.
Sun Jan 26 00:07:50 CET 2014: Solution Found: 94
Sun Jan 26 00:07:50 CET 2014: Avg cycles: 13
Sun Jan 26 00:07:50 CET 2014: Max cycles: 81
Sun Jan 26 00:07:50 CET 2014: Min cycles: 1
Sun Jan 26 00:07:50 CET 2014: No solution found: 6
Sun Jan 26 00:07:50 CET 2014: logging finished. (runtime: 18418ms)
