Sat Jan 11 19:33:59 CET 2014: Problem Count: 30
Sat Jan 11 19:33:59 CET 2014: CandidatesCount: 40
Sat Jan 11 19:33:59 CET 2014: Max Cycles: 500
Sat Jan 11 19:33:59 CET 2014: 0: finished (5ms, 12cycles)
Sat Jan 11 19:33:59 CET 2014: 0: Solution found.
Sat Jan 11 19:33:59 CET 2014: 1: finished (5ms, 15cycles)
Sat Jan 11 19:33:59 CET 2014: 1: Solution found.
Sat Jan 11 19:33:59 CET 2014: 2: finished (142ms, 500cycles)
Sat Jan 11 19:33:59 CET 2014: 2: No solution found.
Sat Jan 11 19:33:59 CET 2014: 3: finished (145ms, 500cycles)
Sat Jan 11 19:33:59 CET 2014: 3: No solution found.
Sat Jan 11 19:33:59 CET 2014: 4: finished (7ms, 18cycles)
Sat Jan 11 19:33:59 CET 2014: 4: Solution found.
Sat Jan 11 19:33:59 CET 2014: 5: finished (145ms, 500cycles)
Sat Jan 11 19:33:59 CET 2014: 5: No solution found.
Sat Jan 11 19:33:59 CET 2014: 6: finished (146ms, 500cycles)
Sat Jan 11 19:33:59 CET 2014: 6: No solution found.
Sat Jan 11 19:33:59 CET 2014: 7: finished (18ms, 50cycles)
Sat Jan 11 19:33:59 CET 2014: 7: Solution found.
Sat Jan 11 19:34:00 CET 2014: 8: finished (146ms, 500cycles)
Sat Jan 11 19:34:00 CET 2014: 8: No solution found.
Sat Jan 11 19:34:00 CET 2014: 9: finished (9ms, 27cycles)
Sat Jan 11 19:34:00 CET 2014: 9: Solution found.
Sat Jan 11 19:34:00 CET 2014: 10: finished (142ms, 500cycles)
Sat Jan 11 19:34:00 CET 2014: 10: No solution found.
Sat Jan 11 19:34:00 CET 2014: 11: finished (12ms, 35cycles)
Sat Jan 11 19:34:00 CET 2014: 11: Solution found.
Sat Jan 11 19:34:00 CET 2014: 12: finished (2ms, 5cycles)
Sat Jan 11 19:34:00 CET 2014: 12: Solution found.
Sat Jan 11 19:34:00 CET 2014: 13: finished (7ms, 15cycles)
Sat Jan 11 19:34:00 CET 2014: 13: Solution found.
Sat Jan 11 19:34:00 CET 2014: 14: finished (150ms, 500cycles)
Sat Jan 11 19:34:00 CET 2014: 14: No solution found.
Sat Jan 11 19:34:00 CET 2014: 15: finished (158ms, 500cycles)
Sat Jan 11 19:34:00 CET 2014: 15: No solution found.
Sat Jan 11 19:34:00 CET 2014: 16: finished (142ms, 500cycles)
Sat Jan 11 19:34:00 CET 2014: 16: No solution found.
Sat Jan 11 19:34:00 CET 2014: 17: finished (2ms, 4cycles)
Sat Jan 11 19:34:00 CET 2014: 17: Solution found.
Sat Jan 11 19:34:00 CET 2014: 18: finished (8ms, 24cycles)
Sat Jan 11 19:34:00 CET 2014: 18: Solution found.
Sat Jan 11 19:34:00 CET 2014: 19: finished (12ms, 31cycles)
Sat Jan 11 19:34:00 CET 2014: 19: Solution found.
Sat Jan 11 19:34:00 CET 2014: 20: finished (148ms, 500cycles)
Sat Jan 11 19:34:00 CET 2014: 20: No solution found.
Sat Jan 11 19:34:00 CET 2014: 21: finished (144ms, 500cycles)
Sat Jan 11 19:34:00 CET 2014: 21: No solution found.
Sat Jan 11 19:34:01 CET 2014: 22: finished (150ms, 500cycles)
Sat Jan 11 19:34:01 CET 2014: 22: No solution found.
Sat Jan 11 19:34:01 CET 2014: 23: finished (167ms, 500cycles)
Sat Jan 11 19:34:01 CET 2014: 23: No solution found.
Sat Jan 11 19:34:01 CET 2014: 24: finished (154ms, 500cycles)
Sat Jan 11 19:34:01 CET 2014: 24: No solution found.
Sat Jan 11 19:34:01 CET 2014: 25: finished (5ms, 13cycles)
Sat Jan 11 19:34:01 CET 2014: 25: Solution found.
Sat Jan 11 19:34:01 CET 2014: 26: finished (145ms, 500cycles)
Sat Jan 11 19:34:01 CET 2014: 26: No solution found.
Sat Jan 11 19:34:01 CET 2014: 27: finished (156ms, 500cycles)
Sat Jan 11 19:34:01 CET 2014: 27: No solution found.
Sat Jan 11 19:34:01 CET 2014: 28: finished (168ms, 500cycles)
Sat Jan 11 19:34:01 CET 2014: 28: No solution found.
Sat Jan 11 19:34:02 CET 2014: 29: finished (162ms, 500cycles)
Sat Jan 11 19:34:02 CET 2014: 29: No solution found.
Sat Jan 11 19:34:02 CET 2014: 30: finished (10ms, 28cycles)
Sat Jan 11 19:34:02 CET 2014: 30: Solution found.
Sat Jan 11 19:34:02 CET 2014: 31: finished (145ms, 500cycles)
Sat Jan 11 19:34:02 CET 2014: 31: No solution found.
Sat Jan 11 19:34:02 CET 2014: 32: finished (225ms, 500cycles)
Sat Jan 11 19:34:02 CET 2014: 32: No solution found.
Sat Jan 11 19:34:02 CET 2014: 33: finished (369ms, 500cycles)
Sat Jan 11 19:34:02 CET 2014: 33: No solution found.
Sat Jan 11 19:34:03 CET 2014: 34: finished (368ms, 500cycles)
Sat Jan 11 19:34:03 CET 2014: 34: No solution found.
Sat Jan 11 19:34:03 CET 2014: 35: finished (362ms, 500cycles)
Sat Jan 11 19:34:03 CET 2014: 35: No solution found.
Sat Jan 11 19:34:03 CET 2014: 36: finished (46ms, 42cycles)
Sat Jan 11 19:34:03 CET 2014: 36: Solution found.
Sat Jan 11 19:34:03 CET 2014: 37: finished (10ms, 8cycles)
Sat Jan 11 19:34:03 CET 2014: 37: Solution found.
Sat Jan 11 19:34:03 CET 2014: 38: finished (7ms, 6cycles)
Sat Jan 11 19:34:03 CET 2014: 38: Solution found.
Sat Jan 11 19:34:03 CET 2014: 39: finished (20ms, 23cycles)
Sat Jan 11 19:34:03 CET 2014: 39: Solution found.
Sat Jan 11 19:34:03 CET 2014: 40: finished (18ms, 18cycles)
Sat Jan 11 19:34:03 CET 2014: 40: Solution found.
Sat Jan 11 19:34:04 CET 2014: 41: finished (439ms, 500cycles)
Sat Jan 11 19:34:04 CET 2014: 41: No solution found.
Sat Jan 11 19:34:04 CET 2014: 42: finished (2ms, 1cycles)
Sat Jan 11 19:34:04 CET 2014: 42: Solution found.
Sat Jan 11 19:34:04 CET 2014: 43: finished (358ms, 500cycles)
Sat Jan 11 19:34:04 CET 2014: 43: No solution found.
Sat Jan 11 19:34:04 CET 2014: 44: finished (8ms, 7cycles)
Sat Jan 11 19:34:04 CET 2014: 44: Solution found.
Sat Jan 11 19:34:04 CET 2014: 45: finished (11ms, 13cycles)
Sat Jan 11 19:34:04 CET 2014: 45: Solution found.
Sat Jan 11 19:34:04 CET 2014: 46: finished (374ms, 500cycles)
Sat Jan 11 19:34:04 CET 2014: 46: No solution found.
Sat Jan 11 19:34:04 CET 2014: 47: finished (2ms, 1cycles)
Sat Jan 11 19:34:04 CET 2014: 47: Solution found.
Sat Jan 11 19:34:05 CET 2014: 48: finished (358ms, 500cycles)
Sat Jan 11 19:34:05 CET 2014: 48: No solution found.
Sat Jan 11 19:34:05 CET 2014: 49: finished (354ms, 500cycles)
Sat Jan 11 19:34:05 CET 2014: 49: No solution found.
Sat Jan 11 19:34:05 CET 2014: 50: finished (359ms, 500cycles)
Sat Jan 11 19:34:05 CET 2014: 50: No solution found.
Sat Jan 11 19:34:05 CET 2014: 51: finished (18ms, 19cycles)
Sat Jan 11 19:34:05 CET 2014: 51: Solution found.
Sat Jan 11 19:34:06 CET 2014: 52: finished (358ms, 500cycles)
Sat Jan 11 19:34:06 CET 2014: 52: No solution found.
Sat Jan 11 19:34:06 CET 2014: 53: finished (358ms, 500cycles)
Sat Jan 11 19:34:06 CET 2014: 53: No solution found.
Sat Jan 11 19:34:07 CET 2014: 54: finished (366ms, 500cycles)
Sat Jan 11 19:34:07 CET 2014: 54: No solution found.
Sat Jan 11 19:34:07 CET 2014: 55: finished (357ms, 500cycles)
Sat Jan 11 19:34:07 CET 2014: 55: No solution found.
Sat Jan 11 19:34:07 CET 2014: 56: finished (378ms, 500cycles)
Sat Jan 11 19:34:07 CET 2014: 56: No solution found.
Sat Jan 11 19:34:08 CET 2014: 57: finished (403ms, 500cycles)
Sat Jan 11 19:34:08 CET 2014: 57: No solution found.
Sat Jan 11 19:34:08 CET 2014: 58: finished (4ms, 3cycles)
Sat Jan 11 19:34:08 CET 2014: 58: Solution found.
Sat Jan 11 19:34:08 CET 2014: 59: finished (15ms, 16cycles)
Sat Jan 11 19:34:08 CET 2014: 59: Solution found.
Sat Jan 11 19:34:08 CET 2014: 60: finished (315ms, 500cycles)
Sat Jan 11 19:34:08 CET 2014: 60: No solution found.
Sat Jan 11 19:34:08 CET 2014: 61: finished (145ms, 500cycles)
Sat Jan 11 19:34:08 CET 2014: 61: No solution found.
Sat Jan 11 19:34:08 CET 2014: 62: finished (8ms, 23cycles)
Sat Jan 11 19:34:08 CET 2014: 62: Solution found.
Sat Jan 11 19:34:08 CET 2014: 63: finished (4ms, 10cycles)
Sat Jan 11 19:34:08 CET 2014: 63: Solution found.
Sat Jan 11 19:34:08 CET 2014: 64: finished (141ms, 500cycles)
Sat Jan 11 19:34:08 CET 2014: 64: No solution found.
Sat Jan 11 19:34:08 CET 2014: 65: finished (141ms, 500cycles)
Sat Jan 11 19:34:08 CET 2014: 65: No solution found.
Sat Jan 11 19:34:08 CET 2014: 66: finished (1ms, 3cycles)
Sat Jan 11 19:34:08 CET 2014: 66: Solution found.
Sat Jan 11 19:34:09 CET 2014: 67: finished (146ms, 500cycles)
Sat Jan 11 19:34:09 CET 2014: 67: No solution found.
Sat Jan 11 19:34:09 CET 2014: 68: finished (142ms, 500cycles)
Sat Jan 11 19:34:09 CET 2014: 68: No solution found.
Sat Jan 11 19:34:09 CET 2014: 69: finished (143ms, 500cycles)
Sat Jan 11 19:34:09 CET 2014: 69: No solution found.
Sat Jan 11 19:34:09 CET 2014: 70: finished (143ms, 500cycles)
Sat Jan 11 19:34:09 CET 2014: 70: No solution found.
Sat Jan 11 19:34:09 CET 2014: 71: finished (146ms, 500cycles)
Sat Jan 11 19:34:09 CET 2014: 71: No solution found.
Sat Jan 11 19:34:09 CET 2014: 72: finished (162ms, 500cycles)
Sat Jan 11 19:34:09 CET 2014: 72: No solution found.
Sat Jan 11 19:34:10 CET 2014: 73: finished (153ms, 500cycles)
Sat Jan 11 19:34:10 CET 2014: 73: No solution found.
Sat Jan 11 19:34:10 CET 2014: 74: finished (151ms, 500cycles)
Sat Jan 11 19:34:10 CET 2014: 74: No solution found.
Sat Jan 11 19:34:10 CET 2014: 75: finished (145ms, 500cycles)
Sat Jan 11 19:34:10 CET 2014: 75: No solution found.
Sat Jan 11 19:34:10 CET 2014: 76: finished (145ms, 500cycles)
Sat Jan 11 19:34:10 CET 2014: 76: No solution found.
Sat Jan 11 19:34:10 CET 2014: 77: finished (145ms, 500cycles)
Sat Jan 11 19:34:10 CET 2014: 77: No solution found.
Sat Jan 11 19:34:10 CET 2014: 78: finished (7ms, 20cycles)
Sat Jan 11 19:34:10 CET 2014: 78: Solution found.
Sat Jan 11 19:34:10 CET 2014: 79: finished (149ms, 500cycles)
Sat Jan 11 19:34:10 CET 2014: 79: No solution found.
Sat Jan 11 19:34:10 CET 2014: 80: finished (6ms, 15cycles)
Sat Jan 11 19:34:10 CET 2014: 80: Solution found.
Sat Jan 11 19:34:10 CET 2014: 81: finished (143ms, 500cycles)
Sat Jan 11 19:34:10 CET 2014: 81: No solution found.
Sat Jan 11 19:34:11 CET 2014: 82: finished (146ms, 500cycles)
Sat Jan 11 19:34:11 CET 2014: 82: No solution found.
Sat Jan 11 19:34:11 CET 2014: 83: finished (143ms, 500cycles)
Sat Jan 11 19:34:11 CET 2014: 83: No solution found.
Sat Jan 11 19:34:11 CET 2014: 84: finished (139ms, 500cycles)
Sat Jan 11 19:34:11 CET 2014: 84: No solution found.
Sat Jan 11 19:34:11 CET 2014: 85: finished (146ms, 500cycles)
Sat Jan 11 19:34:11 CET 2014: 85: No solution found.
Sat Jan 11 19:34:11 CET 2014: 86: finished (145ms, 500cycles)
Sat Jan 11 19:34:11 CET 2014: 86: No solution found.
Sat Jan 11 19:34:11 CET 2014: 87: finished (147ms, 500cycles)
Sat Jan 11 19:34:11 CET 2014: 87: No solution found.
Sat Jan 11 19:34:11 CET 2014: 88: finished (142ms, 500cycles)
Sat Jan 11 19:34:11 CET 2014: 88: No solution found.
Sat Jan 11 19:34:11 CET 2014: 89: finished (2ms, 4cycles)
Sat Jan 11 19:34:11 CET 2014: 89: Solution found.
Sat Jan 11 19:34:12 CET 2014: 90: finished (146ms, 500cycles)
Sat Jan 11 19:34:12 CET 2014: 90: No solution found.
Sat Jan 11 19:34:12 CET 2014: 91: finished (144ms, 500cycles)
Sat Jan 11 19:34:12 CET 2014: 91: No solution found.
Sat Jan 11 19:34:12 CET 2014: 92: finished (145ms, 500cycles)
Sat Jan 11 19:34:12 CET 2014: 92: No solution found.
Sat Jan 11 19:34:12 CET 2014: 93: finished (143ms, 500cycles)
Sat Jan 11 19:34:12 CET 2014: 93: No solution found.
Sat Jan 11 19:34:12 CET 2014: 94: finished (147ms, 500cycles)
Sat Jan 11 19:34:12 CET 2014: 94: No solution found.
Sat Jan 11 19:34:12 CET 2014: 95: finished (146ms, 500cycles)
Sat Jan 11 19:34:12 CET 2014: 95: No solution found.
Sat Jan 11 19:34:12 CET 2014: 96: finished (150ms, 500cycles)
Sat Jan 11 19:34:12 CET 2014: 96: No solution found.
Sat Jan 11 19:34:13 CET 2014: 97: finished (160ms, 500cycles)
Sat Jan 11 19:34:13 CET 2014: 97: No solution found.
Sat Jan 11 19:34:13 CET 2014: 98: finished (149ms, 500cycles)
Sat Jan 11 19:34:13 CET 2014: 98: No solution found.
Sat Jan 11 19:34:13 CET 2014: 99: finished (145ms, 500cycles)
Sat Jan 11 19:34:13 CET 2014: 99: No solution found.
Sat Jan 11 19:34:13 CET 2014: Solution Found: 31
Sat Jan 11 19:34:13 CET 2014: Avg cycles: 16
Sat Jan 11 19:34:13 CET 2014: Max cycles: 50
Sat Jan 11 19:34:13 CET 2014: Min cycles: 1
Sat Jan 11 19:34:13 CET 2014: No solution found: 69
Sat Jan 11 19:34:13 CET 2014: logging finished. (runtime: 14097ms)
