Sat Jan 11 19:40:26 CET 2014: Problem Count: 40
Sat Jan 11 19:40:26 CET 2014: CandidatesCount: 50
Sat Jan 11 19:40:26 CET 2014: Max Cycles: 500
Sat Jan 11 19:40:26 CET 2014: 0: finished (272ms, 500cycles)
Sat Jan 11 19:40:26 CET 2014: 0: No solution found.
Sat Jan 11 19:40:26 CET 2014: 1: finished (1ms, 1cycles)
Sat Jan 11 19:40:26 CET 2014: 1: Solution found.
Sat Jan 11 19:40:26 CET 2014: 2: finished (248ms, 500cycles)
Sat Jan 11 19:40:26 CET 2014: 2: No solution found.
Sat Jan 11 19:40:27 CET 2014: 3: finished (248ms, 500cycles)
Sat Jan 11 19:40:27 CET 2014: 3: No solution found.
Sat Jan 11 19:40:27 CET 2014: 4: finished (14ms, 22cycles)
Sat Jan 11 19:40:27 CET 2014: 4: Solution found.
Sat Jan 11 19:40:27 CET 2014: 5: finished (257ms, 500cycles)
Sat Jan 11 19:40:27 CET 2014: 5: No solution found.
Sat Jan 11 19:40:27 CET 2014: 6: finished (10ms, 15cycles)
Sat Jan 11 19:40:27 CET 2014: 6: Solution found.
Sat Jan 11 19:40:27 CET 2014: 7: finished (246ms, 500cycles)
Sat Jan 11 19:40:27 CET 2014: 7: No solution found.
Sat Jan 11 19:40:27 CET 2014: 8: finished (260ms, 500cycles)
Sat Jan 11 19:40:27 CET 2014: 8: No solution found.
Sat Jan 11 19:40:27 CET 2014: 9: finished (16ms, 27cycles)
Sat Jan 11 19:40:27 CET 2014: 9: Solution found.
Sat Jan 11 19:40:28 CET 2014: 10: finished (246ms, 500cycles)
Sat Jan 11 19:40:28 CET 2014: 10: No solution found.
Sat Jan 11 19:40:28 CET 2014: 11: finished (17ms, 27cycles)
Sat Jan 11 19:40:28 CET 2014: 11: Solution found.
Sat Jan 11 19:40:28 CET 2014: 12: finished (8ms, 14cycles)
Sat Jan 11 19:40:28 CET 2014: 12: Solution found.
Sat Jan 11 19:40:28 CET 2014: 13: finished (255ms, 500cycles)
Sat Jan 11 19:40:28 CET 2014: 13: No solution found.
Sat Jan 11 19:40:28 CET 2014: 14: finished (261ms, 500cycles)
Sat Jan 11 19:40:28 CET 2014: 14: No solution found.
Sat Jan 11 19:40:28 CET 2014: 15: finished (8ms, 11cycles)
Sat Jan 11 19:40:28 CET 2014: 15: Solution found.
Sat Jan 11 19:40:28 CET 2014: 16: finished (19ms, 31cycles)
Sat Jan 11 19:40:28 CET 2014: 16: Solution found.
Sat Jan 11 19:40:28 CET 2014: 17: finished (247ms, 500cycles)
Sat Jan 11 19:40:28 CET 2014: 17: No solution found.
Sat Jan 11 19:40:29 CET 2014: 18: finished (250ms, 500cycles)
Sat Jan 11 19:40:29 CET 2014: 18: No solution found.
Sat Jan 11 19:40:29 CET 2014: 19: finished (259ms, 500cycles)
Sat Jan 11 19:40:29 CET 2014: 19: No solution found.
Sat Jan 11 19:40:29 CET 2014: 20: finished (252ms, 500cycles)
Sat Jan 11 19:40:29 CET 2014: 20: No solution found.
Sat Jan 11 19:40:29 CET 2014: 21: finished (246ms, 500cycles)
Sat Jan 11 19:40:29 CET 2014: 21: No solution found.
Sat Jan 11 19:40:29 CET 2014: 22: finished (5ms, 8cycles)
Sat Jan 11 19:40:29 CET 2014: 22: Solution found.
Sat Jan 11 19:40:30 CET 2014: 23: finished (259ms, 500cycles)
Sat Jan 11 19:40:30 CET 2014: 23: No solution found.
Sat Jan 11 19:40:30 CET 2014: 24: finished (246ms, 500cycles)
Sat Jan 11 19:40:30 CET 2014: 24: No solution found.
Sat Jan 11 19:40:30 CET 2014: 25: finished (10ms, 17cycles)
Sat Jan 11 19:40:30 CET 2014: 25: Solution found.
Sat Jan 11 19:40:30 CET 2014: 26: finished (12ms, 19cycles)
Sat Jan 11 19:40:30 CET 2014: 26: Solution found.
Sat Jan 11 19:40:30 CET 2014: 27: finished (246ms, 500cycles)
Sat Jan 11 19:40:30 CET 2014: 27: No solution found.
Sat Jan 11 19:40:30 CET 2014: 28: finished (17ms, 26cycles)
Sat Jan 11 19:40:30 CET 2014: 28: Solution found.
Sat Jan 11 19:40:30 CET 2014: 29: finished (4ms, 6cycles)
Sat Jan 11 19:40:30 CET 2014: 29: Solution found.
Sat Jan 11 19:40:31 CET 2014: 30: finished (248ms, 500cycles)
Sat Jan 11 19:40:31 CET 2014: 30: No solution found.
Sat Jan 11 19:40:31 CET 2014: 31: finished (260ms, 500cycles)
Sat Jan 11 19:40:31 CET 2014: 31: No solution found.
Sat Jan 11 19:40:31 CET 2014: 32: finished (248ms, 500cycles)
Sat Jan 11 19:40:31 CET 2014: 32: No solution found.
Sat Jan 11 19:40:31 CET 2014: 33: finished (53ms, 83cycles)
Sat Jan 11 19:40:31 CET 2014: 33: Solution found.
Sat Jan 11 19:40:31 CET 2014: 34: finished (17ms, 21cycles)
Sat Jan 11 19:40:31 CET 2014: 34: Solution found.
Sat Jan 11 19:40:31 CET 2014: 35: finished (318ms, 500cycles)
Sat Jan 11 19:40:31 CET 2014: 35: No solution found.
Sat Jan 11 19:40:31 CET 2014: 36: finished (16ms, 26cycles)
Sat Jan 11 19:40:31 CET 2014: 36: Solution found.
Sat Jan 11 19:40:31 CET 2014: 37: finished (19ms, 33cycles)
Sat Jan 11 19:40:31 CET 2014: 37: Solution found.
Sat Jan 11 19:40:32 CET 2014: 38: finished (599ms, 500cycles)
Sat Jan 11 19:40:32 CET 2014: 38: No solution found.
Sat Jan 11 19:40:33 CET 2014: 39: finished (725ms, 500cycles)
Sat Jan 11 19:40:33 CET 2014: 39: No solution found.
Sat Jan 11 19:40:33 CET 2014: 40: finished (15ms, 8cycles)
Sat Jan 11 19:40:33 CET 2014: 40: Solution found.
Sat Jan 11 19:40:34 CET 2014: 41: finished (774ms, 500cycles)
Sat Jan 11 19:40:34 CET 2014: 41: No solution found.
Sat Jan 11 19:40:34 CET 2014: 42: finished (68ms, 44cycles)
Sat Jan 11 19:40:34 CET 2014: 42: Solution found.
Sat Jan 11 19:40:34 CET 2014: 43: finished (748ms, 500cycles)
Sat Jan 11 19:40:34 CET 2014: 43: No solution found.
Sat Jan 11 19:40:34 CET 2014: 44: finished (31ms, 17cycles)
Sat Jan 11 19:40:34 CET 2014: 44: Solution found.
Sat Jan 11 19:40:35 CET 2014: 45: finished (734ms, 500cycles)
Sat Jan 11 19:40:35 CET 2014: 45: No solution found.
Sat Jan 11 19:40:35 CET 2014: 46: finished (77ms, 31cycles)
Sat Jan 11 19:40:35 CET 2014: 46: Solution found.
Sat Jan 11 19:40:35 CET 2014: 47: finished (69ms, 29cycles)
Sat Jan 11 19:40:35 CET 2014: 47: Solution found.
Sat Jan 11 19:40:35 CET 2014: 48: finished (43ms, 19cycles)
Sat Jan 11 19:40:35 CET 2014: 48: Solution found.
Sat Jan 11 19:40:36 CET 2014: 49: finished (771ms, 500cycles)
Sat Jan 11 19:40:36 CET 2014: 49: No solution found.
Sat Jan 11 19:40:37 CET 2014: 50: finished (743ms, 500cycles)
Sat Jan 11 19:40:37 CET 2014: 50: No solution found.
Sat Jan 11 19:40:38 CET 2014: 51: finished (724ms, 500cycles)
Sat Jan 11 19:40:38 CET 2014: 51: No solution found.
Sat Jan 11 19:40:38 CET 2014: 52: finished (13ms, 7cycles)
Sat Jan 11 19:40:38 CET 2014: 52: Solution found.
Sat Jan 11 19:40:38 CET 2014: 53: finished (337ms, 500cycles)
Sat Jan 11 19:40:38 CET 2014: 53: No solution found.
Sat Jan 11 19:40:38 CET 2014: 54: finished (247ms, 500cycles)
Sat Jan 11 19:40:38 CET 2014: 54: No solution found.
Sat Jan 11 19:40:38 CET 2014: 55: finished (243ms, 500cycles)
Sat Jan 11 19:40:38 CET 2014: 55: No solution found.
Sat Jan 11 19:40:38 CET 2014: 56: finished (12ms, 19cycles)
Sat Jan 11 19:40:38 CET 2014: 56: Solution found.
Sat Jan 11 19:40:39 CET 2014: 57: finished (247ms, 500cycles)
Sat Jan 11 19:40:39 CET 2014: 57: No solution found.
Sat Jan 11 19:40:39 CET 2014: 58: finished (14ms, 25cycles)
Sat Jan 11 19:40:39 CET 2014: 58: Solution found.
Sat Jan 11 19:40:39 CET 2014: 59: finished (13ms, 23cycles)
Sat Jan 11 19:40:39 CET 2014: 59: Solution found.
Sat Jan 11 19:40:39 CET 2014: 60: finished (245ms, 500cycles)
Sat Jan 11 19:40:39 CET 2014: 60: No solution found.
Sat Jan 11 19:40:39 CET 2014: 61: finished (245ms, 500cycles)
Sat Jan 11 19:40:39 CET 2014: 61: No solution found.
Sat Jan 11 19:40:39 CET 2014: 62: finished (252ms, 500cycles)
Sat Jan 11 19:40:39 CET 2014: 62: No solution found.
Sat Jan 11 19:40:40 CET 2014: 63: finished (249ms, 500cycles)
Sat Jan 11 19:40:40 CET 2014: 63: No solution found.
Sat Jan 11 19:40:40 CET 2014: 64: finished (11ms, 18cycles)
Sat Jan 11 19:40:40 CET 2014: 64: Solution found.
Sat Jan 11 19:40:40 CET 2014: 65: finished (243ms, 500cycles)
Sat Jan 11 19:40:40 CET 2014: 65: No solution found.
Sat Jan 11 19:40:40 CET 2014: 66: finished (8ms, 12cycles)
Sat Jan 11 19:40:40 CET 2014: 66: Solution found.
Sat Jan 11 19:40:40 CET 2014: 67: finished (10ms, 16cycles)
Sat Jan 11 19:40:40 CET 2014: 67: Solution found.
Sat Jan 11 19:40:40 CET 2014: 68: finished (6ms, 10cycles)
Sat Jan 11 19:40:40 CET 2014: 68: Solution found.
Sat Jan 11 19:40:40 CET 2014: 69: finished (249ms, 500cycles)
Sat Jan 11 19:40:40 CET 2014: 69: No solution found.
Sat Jan 11 19:40:40 CET 2014: 70: finished (258ms, 500cycles)
Sat Jan 11 19:40:40 CET 2014: 70: No solution found.
Sat Jan 11 19:40:41 CET 2014: 71: finished (244ms, 500cycles)
Sat Jan 11 19:40:41 CET 2014: 71: No solution found.
Sat Jan 11 19:40:41 CET 2014: 72: finished (263ms, 500cycles)
Sat Jan 11 19:40:41 CET 2014: 72: No solution found.
Sat Jan 11 19:40:41 CET 2014: 73: finished (255ms, 500cycles)
Sat Jan 11 19:40:41 CET 2014: 73: No solution found.
Sat Jan 11 19:40:41 CET 2014: 74: finished (7ms, 11cycles)
Sat Jan 11 19:40:41 CET 2014: 74: Solution found.
Sat Jan 11 19:40:42 CET 2014: 75: finished (291ms, 500cycles)
Sat Jan 11 19:40:42 CET 2014: 75: No solution found.
Sat Jan 11 19:40:42 CET 2014: 76: finished (26ms, 46cycles)
Sat Jan 11 19:40:42 CET 2014: 76: Solution found.
Sat Jan 11 19:40:42 CET 2014: 77: finished (11ms, 16cycles)
Sat Jan 11 19:40:42 CET 2014: 77: Solution found.
Sat Jan 11 19:40:42 CET 2014: 78: finished (30ms, 53cycles)
Sat Jan 11 19:40:42 CET 2014: 78: Solution found.
Sat Jan 11 19:40:42 CET 2014: 79: finished (16ms, 29cycles)
Sat Jan 11 19:40:42 CET 2014: 79: Solution found.
Sat Jan 11 19:40:42 CET 2014: 80: finished (27ms, 38cycles)
Sat Jan 11 19:40:42 CET 2014: 80: Solution found.
Sat Jan 11 19:40:42 CET 2014: 81: finished (254ms, 500cycles)
Sat Jan 11 19:40:42 CET 2014: 81: No solution found.
Sat Jan 11 19:40:42 CET 2014: 82: finished (263ms, 500cycles)
Sat Jan 11 19:40:42 CET 2014: 82: No solution found.
Sat Jan 11 19:40:42 CET 2014: 83: finished (252ms, 500cycles)
Sat Jan 11 19:40:42 CET 2014: 83: No solution found.
Sat Jan 11 19:40:43 CET 2014: 84: finished (251ms, 500cycles)
Sat Jan 11 19:40:43 CET 2014: 84: No solution found.
Sat Jan 11 19:40:43 CET 2014: 85: finished (5ms, 5cycles)
Sat Jan 11 19:40:43 CET 2014: 85: Solution found.
Sat Jan 11 19:40:43 CET 2014: 86: finished (5ms, 6cycles)
Sat Jan 11 19:40:43 CET 2014: 86: Solution found.
Sat Jan 11 19:40:43 CET 2014: 87: finished (247ms, 500cycles)
Sat Jan 11 19:40:43 CET 2014: 87: No solution found.
Sat Jan 11 19:40:43 CET 2014: 88: finished (3ms, 4cycles)
Sat Jan 11 19:40:43 CET 2014: 88: Solution found.
Sat Jan 11 19:40:43 CET 2014: 89: finished (245ms, 500cycles)
Sat Jan 11 19:40:43 CET 2014: 89: No solution found.
Sat Jan 11 19:40:43 CET 2014: 90: finished (8ms, 14cycles)
Sat Jan 11 19:40:43 CET 2014: 90: Solution found.
Sat Jan 11 19:40:43 CET 2014: 91: finished (247ms, 500cycles)
Sat Jan 11 19:40:43 CET 2014: 91: No solution found.
Sat Jan 11 19:40:44 CET 2014: 92: finished (246ms, 500cycles)
Sat Jan 11 19:40:44 CET 2014: 92: No solution found.
Sat Jan 11 19:40:44 CET 2014: 93: finished (268ms, 500cycles)
Sat Jan 11 19:40:44 CET 2014: 93: No solution found.
Sat Jan 11 19:40:44 CET 2014: 94: finished (247ms, 500cycles)
Sat Jan 11 19:40:44 CET 2014: 94: No solution found.
Sat Jan 11 19:40:44 CET 2014: 95: finished (18ms, 24cycles)
Sat Jan 11 19:40:44 CET 2014: 95: Solution found.
Sat Jan 11 19:40:44 CET 2014: 96: finished (256ms, 500cycles)
Sat Jan 11 19:40:44 CET 2014: 96: No solution found.
Sat Jan 11 19:40:45 CET 2014: 97: finished (248ms, 500cycles)
Sat Jan 11 19:40:45 CET 2014: 97: No solution found.
Sat Jan 11 19:40:45 CET 2014: 98: finished (14ms, 23cycles)
Sat Jan 11 19:40:45 CET 2014: 98: Solution found.
Sat Jan 11 19:40:45 CET 2014: 99: finished (254ms, 500cycles)
Sat Jan 11 19:40:45 CET 2014: 99: No solution found.
Sat Jan 11 19:40:45 CET 2014: Solution Found: 43
Sat Jan 11 19:40:45 CET 2014: Avg cycles: 21
Sat Jan 11 19:40:45 CET 2014: Max cycles: 83
Sat Jan 11 19:40:45 CET 2014: Min cycles: 1
Sat Jan 11 19:40:45 CET 2014: No solution found: 57
Sat Jan 11 19:40:45 CET 2014: logging finished. (runtime: 19164ms)
