Sat Jan 11 19:43:03 CET 2014: Problem Count: 40
Sat Jan 11 19:43:03 CET 2014: CandidatesCount: 30
Sat Jan 11 19:43:03 CET 2014: Max Cycles: 500
Sat Jan 11 19:43:03 CET 2014: 0: finished (177ms, 500cycles)
Sat Jan 11 19:43:03 CET 2014: 0: No solution found.
Sat Jan 11 19:43:03 CET 2014: 1: finished (3ms, 5cycles)
Sat Jan 11 19:43:03 CET 2014: 1: Solution found.
Sat Jan 11 19:43:03 CET 2014: 2: finished (159ms, 500cycles)
Sat Jan 11 19:43:03 CET 2014: 2: No solution found.
Sat Jan 11 19:43:03 CET 2014: 3: finished (162ms, 500cycles)
Sat Jan 11 19:43:03 CET 2014: 3: No solution found.
Sat Jan 11 19:43:03 CET 2014: 4: finished (166ms, 500cycles)
Sat Jan 11 19:43:03 CET 2014: 4: No solution found.
Sat Jan 11 19:43:03 CET 2014: 5: finished (174ms, 500cycles)
Sat Jan 11 19:43:03 CET 2014: 5: No solution found.
Sat Jan 11 19:43:03 CET 2014: 6: finished (7ms, 14cycles)
Sat Jan 11 19:43:03 CET 2014: 6: Solution found.
Sat Jan 11 19:43:03 CET 2014: 7: finished (13ms, 33cycles)
Sat Jan 11 19:43:03 CET 2014: 7: Solution found.
Sat Jan 11 19:43:03 CET 2014: 8: finished (8ms, 22cycles)
Sat Jan 11 19:43:03 CET 2014: 8: Solution found.
Sat Jan 11 19:43:04 CET 2014: 9: finished (163ms, 500cycles)
Sat Jan 11 19:43:04 CET 2014: 9: No solution found.
Sat Jan 11 19:43:04 CET 2014: 10: finished (2ms, 4cycles)
Sat Jan 11 19:43:04 CET 2014: 10: Solution found.
Sat Jan 11 19:43:04 CET 2014: 11: finished (190ms, 500cycles)
Sat Jan 11 19:43:04 CET 2014: 11: No solution found.
Sat Jan 11 19:43:04 CET 2014: 12: finished (158ms, 500cycles)
Sat Jan 11 19:43:04 CET 2014: 12: No solution found.
Sat Jan 11 19:43:04 CET 2014: 13: finished (158ms, 500cycles)
Sat Jan 11 19:43:04 CET 2014: 13: No solution found.
Sat Jan 11 19:43:04 CET 2014: 14: finished (196ms, 500cycles)
Sat Jan 11 19:43:04 CET 2014: 14: No solution found.
Sat Jan 11 19:43:04 CET 2014: 15: finished (21ms, 40cycles)
Sat Jan 11 19:43:04 CET 2014: 15: Solution found.
Sat Jan 11 19:43:05 CET 2014: 16: finished (181ms, 500cycles)
Sat Jan 11 19:43:05 CET 2014: 16: No solution found.
Sat Jan 11 19:43:05 CET 2014: 17: finished (173ms, 500cycles)
Sat Jan 11 19:43:05 CET 2014: 17: No solution found.
Sat Jan 11 19:43:05 CET 2014: 18: finished (170ms, 500cycles)
Sat Jan 11 19:43:05 CET 2014: 18: No solution found.
Sat Jan 11 19:43:05 CET 2014: 19: finished (178ms, 500cycles)
Sat Jan 11 19:43:05 CET 2014: 19: No solution found.
Sat Jan 11 19:43:05 CET 2014: 20: finished (157ms, 500cycles)
Sat Jan 11 19:43:05 CET 2014: 20: No solution found.
Sat Jan 11 19:43:05 CET 2014: 21: finished (168ms, 500cycles)
Sat Jan 11 19:43:05 CET 2014: 21: No solution found.
Sat Jan 11 19:43:05 CET 2014: 22: finished (30ms, 83cycles)
Sat Jan 11 19:43:05 CET 2014: 22: Solution found.
Sat Jan 11 19:43:06 CET 2014: 23: finished (158ms, 500cycles)
Sat Jan 11 19:43:06 CET 2014: 23: No solution found.
Sat Jan 11 19:43:06 CET 2014: 24: finished (156ms, 500cycles)
Sat Jan 11 19:43:06 CET 2014: 24: No solution found.
Sat Jan 11 19:43:06 CET 2014: 25: finished (158ms, 500cycles)
Sat Jan 11 19:43:06 CET 2014: 25: No solution found.
Sat Jan 11 19:43:06 CET 2014: 26: finished (156ms, 500cycles)
Sat Jan 11 19:43:06 CET 2014: 26: No solution found.
Sat Jan 11 19:43:06 CET 2014: 27: finished (170ms, 500cycles)
Sat Jan 11 19:43:06 CET 2014: 27: No solution found.
Sat Jan 11 19:43:06 CET 2014: 28: finished (156ms, 500cycles)
Sat Jan 11 19:43:06 CET 2014: 28: No solution found.
Sat Jan 11 19:43:07 CET 2014: 29: finished (159ms, 500cycles)
Sat Jan 11 19:43:07 CET 2014: 29: No solution found.
Sat Jan 11 19:43:07 CET 2014: 30: finished (159ms, 500cycles)
Sat Jan 11 19:43:07 CET 2014: 30: No solution found.
Sat Jan 11 19:43:07 CET 2014: 31: finished (158ms, 500cycles)
Sat Jan 11 19:43:07 CET 2014: 31: No solution found.
Sat Jan 11 19:43:07 CET 2014: 32: finished (170ms, 500cycles)
Sat Jan 11 19:43:07 CET 2014: 32: No solution found.
Sat Jan 11 19:43:07 CET 2014: 33: finished (161ms, 500cycles)
Sat Jan 11 19:43:07 CET 2014: 33: No solution found.
Sat Jan 11 19:43:07 CET 2014: 34: finished (158ms, 500cycles)
Sat Jan 11 19:43:07 CET 2014: 34: No solution found.
Sat Jan 11 19:43:07 CET 2014: 35: finished (167ms, 500cycles)
Sat Jan 11 19:43:07 CET 2014: 35: No solution found.
Sat Jan 11 19:43:08 CET 2014: 36: finished (178ms, 500cycles)
Sat Jan 11 19:43:08 CET 2014: 36: No solution found.
Sat Jan 11 19:43:08 CET 2014: 37: finished (158ms, 500cycles)
Sat Jan 11 19:43:08 CET 2014: 37: No solution found.
Sat Jan 11 19:43:08 CET 2014: 38: finished (161ms, 500cycles)
Sat Jan 11 19:43:08 CET 2014: 38: No solution found.
Sat Jan 11 19:43:08 CET 2014: 39: finished (168ms, 500cycles)
Sat Jan 11 19:43:08 CET 2014: 39: No solution found.
Sat Jan 11 19:43:08 CET 2014: 40: finished (159ms, 500cycles)
Sat Jan 11 19:43:08 CET 2014: 40: No solution found.
Sat Jan 11 19:43:08 CET 2014: 41: finished (159ms, 500cycles)
Sat Jan 11 19:43:08 CET 2014: 41: No solution found.
Sat Jan 11 19:43:09 CET 2014: 42: finished (159ms, 500cycles)
Sat Jan 11 19:43:09 CET 2014: 42: No solution found.
Sat Jan 11 19:43:09 CET 2014: 43: finished (12ms, 33cycles)
Sat Jan 11 19:43:09 CET 2014: 43: Solution found.
Sat Jan 11 19:43:09 CET 2014: 44: finished (10ms, 26cycles)
Sat Jan 11 19:43:09 CET 2014: 44: Solution found.
Sat Jan 11 19:43:09 CET 2014: 45: finished (160ms, 500cycles)
Sat Jan 11 19:43:09 CET 2014: 45: No solution found.
Sat Jan 11 19:43:09 CET 2014: 46: finished (7ms, 18cycles)
Sat Jan 11 19:43:09 CET 2014: 46: Solution found.
Sat Jan 11 19:43:09 CET 2014: 47: finished (159ms, 500cycles)
Sat Jan 11 19:43:09 CET 2014: 47: No solution found.
Sat Jan 11 19:43:09 CET 2014: 48: finished (181ms, 500cycles)
Sat Jan 11 19:43:09 CET 2014: 48: No solution found.
Sat Jan 11 19:43:09 CET 2014: 49: finished (159ms, 500cycles)
Sat Jan 11 19:43:09 CET 2014: 49: No solution found.
Sat Jan 11 19:43:10 CET 2014: 50: finished (172ms, 500cycles)
Sat Jan 11 19:43:10 CET 2014: 50: No solution found.
Sat Jan 11 19:43:10 CET 2014: 51: finished (273ms, 500cycles)
Sat Jan 11 19:43:10 CET 2014: 51: No solution found.
Sat Jan 11 19:43:10 CET 2014: 52: finished (406ms, 500cycles)
Sat Jan 11 19:43:10 CET 2014: 52: No solution found.
Sat Jan 11 19:43:11 CET 2014: 53: finished (390ms, 500cycles)
Sat Jan 11 19:43:11 CET 2014: 53: No solution found.
Sat Jan 11 19:43:11 CET 2014: 54: finished (413ms, 500cycles)
Sat Jan 11 19:43:11 CET 2014: 54: No solution found.
Sat Jan 11 19:43:11 CET 2014: 55: finished (418ms, 500cycles)
Sat Jan 11 19:43:11 CET 2014: 55: No solution found.
Sat Jan 11 19:43:12 CET 2014: 56: finished (392ms, 500cycles)
Sat Jan 11 19:43:12 CET 2014: 56: No solution found.
Sat Jan 11 19:43:12 CET 2014: 57: finished (395ms, 500cycles)
Sat Jan 11 19:43:12 CET 2014: 57: No solution found.
Sat Jan 11 19:43:12 CET 2014: 58: finished (32ms, 37cycles)
Sat Jan 11 19:43:12 CET 2014: 58: Solution found.
Sat Jan 11 19:43:13 CET 2014: 59: finished (393ms, 500cycles)
Sat Jan 11 19:43:13 CET 2014: 59: No solution found.
Sat Jan 11 19:43:13 CET 2014: 60: finished (398ms, 500cycles)
Sat Jan 11 19:43:13 CET 2014: 60: No solution found.
Sat Jan 11 19:43:13 CET 2014: 61: finished (24ms, 24cycles)
Sat Jan 11 19:43:13 CET 2014: 61: Solution found.
Sat Jan 11 19:43:13 CET 2014: 62: finished (7ms, 6cycles)
Sat Jan 11 19:43:13 CET 2014: 62: Solution found.
Sat Jan 11 19:43:13 CET 2014: 63: finished (412ms, 500cycles)
Sat Jan 11 19:43:13 CET 2014: 63: No solution found.
Sat Jan 11 19:43:14 CET 2014: 64: finished (391ms, 500cycles)
Sat Jan 11 19:43:14 CET 2014: 64: No solution found.
Sat Jan 11 19:43:14 CET 2014: 65: finished (392ms, 500cycles)
Sat Jan 11 19:43:14 CET 2014: 65: No solution found.
Sat Jan 11 19:43:14 CET 2014: 66: finished (10ms, 9cycles)
Sat Jan 11 19:43:14 CET 2014: 66: Solution found.
Sat Jan 11 19:43:15 CET 2014: 67: finished (466ms, 500cycles)
Sat Jan 11 19:43:15 CET 2014: 67: No solution found.
Sat Jan 11 19:43:15 CET 2014: 68: finished (13ms, 14cycles)
Sat Jan 11 19:43:15 CET 2014: 68: Solution found.
Sat Jan 11 19:43:15 CET 2014: 69: finished (426ms, 500cycles)
Sat Jan 11 19:43:15 CET 2014: 69: No solution found.
Sat Jan 11 19:43:16 CET 2014: 70: finished (392ms, 500cycles)
Sat Jan 11 19:43:16 CET 2014: 70: No solution found.
Sat Jan 11 19:43:16 CET 2014: 71: finished (284ms, 500cycles)
Sat Jan 11 19:43:16 CET 2014: 71: No solution found.
Sat Jan 11 19:43:16 CET 2014: 72: finished (167ms, 500cycles)
Sat Jan 11 19:43:16 CET 2014: 72: No solution found.
Sat Jan 11 19:43:16 CET 2014: 73: finished (155ms, 500cycles)
Sat Jan 11 19:43:16 CET 2014: 73: No solution found.
Sat Jan 11 19:43:16 CET 2014: 74: finished (160ms, 500cycles)
Sat Jan 11 19:43:16 CET 2014: 74: No solution found.
Sat Jan 11 19:43:16 CET 2014: 75: finished (159ms, 500cycles)
Sat Jan 11 19:43:16 CET 2014: 75: No solution found.
Sat Jan 11 19:43:17 CET 2014: 76: finished (156ms, 500cycles)
Sat Jan 11 19:43:17 CET 2014: 76: No solution found.
Sat Jan 11 19:43:17 CET 2014: 77: finished (170ms, 500cycles)
Sat Jan 11 19:43:17 CET 2014: 77: No solution found.
Sat Jan 11 19:43:17 CET 2014: 78: finished (157ms, 500cycles)
Sat Jan 11 19:43:17 CET 2014: 78: No solution found.
Sat Jan 11 19:43:17 CET 2014: 79: finished (158ms, 500cycles)
Sat Jan 11 19:43:17 CET 2014: 79: No solution found.
Sat Jan 11 19:43:17 CET 2014: 80: finished (166ms, 500cycles)
Sat Jan 11 19:43:17 CET 2014: 80: No solution found.
Sat Jan 11 19:43:17 CET 2014: 81: finished (170ms, 500cycles)
Sat Jan 11 19:43:17 CET 2014: 81: No solution found.
Sat Jan 11 19:43:17 CET 2014: 82: finished (7ms, 15cycles)
Sat Jan 11 19:43:17 CET 2014: 82: Solution found.
Sat Jan 11 19:43:18 CET 2014: 83: finished (169ms, 500cycles)
Sat Jan 11 19:43:18 CET 2014: 83: No solution found.
Sat Jan 11 19:43:18 CET 2014: 84: finished (162ms, 500cycles)
Sat Jan 11 19:43:18 CET 2014: 84: No solution found.
Sat Jan 11 19:43:18 CET 2014: 85: finished (165ms, 500cycles)
Sat Jan 11 19:43:18 CET 2014: 85: No solution found.
Sat Jan 11 19:43:18 CET 2014: 86: finished (158ms, 500cycles)
Sat Jan 11 19:43:18 CET 2014: 86: No solution found.
Sat Jan 11 19:43:18 CET 2014: 87: finished (164ms, 500cycles)
Sat Jan 11 19:43:18 CET 2014: 87: No solution found.
Sat Jan 11 19:43:18 CET 2014: 88: finished (167ms, 500cycles)
Sat Jan 11 19:43:18 CET 2014: 88: No solution found.
Sat Jan 11 19:43:19 CET 2014: 89: finished (160ms, 500cycles)
Sat Jan 11 19:43:19 CET 2014: 89: No solution found.
Sat Jan 11 19:43:19 CET 2014: 90: finished (158ms, 500cycles)
Sat Jan 11 19:43:19 CET 2014: 90: No solution found.
Sat Jan 11 19:43:19 CET 2014: 91: finished (157ms, 500cycles)
Sat Jan 11 19:43:19 CET 2014: 91: No solution found.
Sat Jan 11 19:43:19 CET 2014: 92: finished (2ms, 6cycles)
Sat Jan 11 19:43:19 CET 2014: 92: Solution found.
Sat Jan 11 19:43:19 CET 2014: 93: finished (162ms, 500cycles)
Sat Jan 11 19:43:19 CET 2014: 93: No solution found.
Sat Jan 11 19:43:19 CET 2014: 94: finished (169ms, 500cycles)
Sat Jan 11 19:43:19 CET 2014: 94: No solution found.
Sat Jan 11 19:43:19 CET 2014: 95: finished (170ms, 500cycles)
Sat Jan 11 19:43:19 CET 2014: 95: No solution found.
Sat Jan 11 19:43:19 CET 2014: 96: finished (11ms, 29cycles)
Sat Jan 11 19:43:19 CET 2014: 96: Solution found.
Sat Jan 11 19:43:20 CET 2014: 97: finished (156ms, 500cycles)
Sat Jan 11 19:43:20 CET 2014: 97: No solution found.
Sat Jan 11 19:43:20 CET 2014: 98: finished (168ms, 500cycles)
Sat Jan 11 19:43:20 CET 2014: 98: No solution found.
Sat Jan 11 19:43:20 CET 2014: 99: finished (158ms, 500cycles)
Sat Jan 11 19:43:20 CET 2014: 99: No solution found.
Sat Jan 11 19:43:20 CET 2014: Solution Found: 18
Sat Jan 11 19:43:20 CET 2014: Avg cycles: 23
Sat Jan 11 19:43:20 CET 2014: Max cycles: 83
Sat Jan 11 19:43:20 CET 2014: Min cycles: 4
Sat Jan 11 19:43:20 CET 2014: No solution found: 82
Sat Jan 11 19:43:20 CET 2014: logging finished. (runtime: 17345ms)
