Sat Dec 28 21:51:42 CET 2013: Problem Count: 50
Sat Dec 28 21:51:42 CET 2013: CandidatesCount: 200
Sat Dec 28 21:51:42 CET 2013: Max Cycles: 1000
Sat Dec 28 21:51:50 CET 2013: 0: finished (8468ms, 1000cycles)
Sat Dec 28 21:51:50 CET 2013: 0: No solution found.
Sat Dec 28 21:52:01 CET 2013: 1: finished (11240ms, 1000cycles)
Sat Dec 28 21:52:01 CET 2013: 1: No solution found.
Sat Dec 28 21:52:11 CET 2013: 2: finished (9544ms, 1000cycles)
Sat Dec 28 21:52:11 CET 2013: 2: No solution found.
Sat Dec 28 21:52:13 CET 2013: 3: finished (2072ms, 219cycles)
Sat Dec 28 21:52:13 CET 2013: 3: Solution found.
Sat Dec 28 21:52:22 CET 2013: 4: finished (8694ms, 1000cycles)
Sat Dec 28 21:52:22 CET 2013: 4: No solution found.
Sat Dec 28 21:52:31 CET 2013: 5: finished (8867ms, 1000cycles)
Sat Dec 28 21:52:31 CET 2013: 5: No solution found.
Sat Dec 28 21:52:39 CET 2013: 6: finished (8527ms, 1000cycles)
Sat Dec 28 21:52:39 CET 2013: 6: No solution found.
Sat Dec 28 21:52:40 CET 2013: 7: finished (1164ms, 114cycles)
Sat Dec 28 21:52:40 CET 2013: 7: Solution found.
Sat Dec 28 21:52:44 CET 2013: 8: finished (3552ms, 335cycles)
Sat Dec 28 21:52:44 CET 2013: 8: Solution found.
Sat Dec 28 21:52:53 CET 2013: 9: finished (9110ms, 883cycles)
Sat Dec 28 21:52:53 CET 2013: 9: Solution found.
Sat Dec 28 21:53:02 CET 2013: 10: finished (8574ms, 1000cycles)
Sat Dec 28 21:53:02 CET 2013: 10: No solution found.
Sat Dec 28 21:53:13 CET 2013: 11: finished (11328ms, 1000cycles)
Sat Dec 28 21:53:13 CET 2013: 11: No solution found.
Sat Dec 28 21:53:22 CET 2013: 12: finished (9261ms, 1000cycles)
Sat Dec 28 21:53:22 CET 2013: 12: No solution found.
Sat Dec 28 21:53:31 CET 2013: 13: finished (8878ms, 1000cycles)
Sat Dec 28 21:53:31 CET 2013: 13: No solution found.
Sat Dec 28 21:53:40 CET 2013: 14: finished (8925ms, 1000cycles)
Sat Dec 28 21:53:40 CET 2013: 14: No solution found.
Sat Dec 28 21:53:40 CET 2013: 15: finished (246ms, 24cycles)
Sat Dec 28 21:53:40 CET 2013: 15: Solution found.
Sat Dec 28 21:53:51 CET 2013: 16: finished (11268ms, 1000cycles)
Sat Dec 28 21:53:51 CET 2013: 16: No solution found.
Sat Dec 28 21:53:52 CET 2013: 17: finished (866ms, 85cycles)
Sat Dec 28 21:53:52 CET 2013: 17: Solution found.
Sat Dec 28 21:54:01 CET 2013: 18: finished (8974ms, 1000cycles)
Sat Dec 28 21:54:01 CET 2013: 18: No solution found.
Sat Dec 28 21:54:03 CET 2013: 19: finished (1303ms, 126cycles)
Sat Dec 28 21:54:03 CET 2013: 19: Solution found.
Sat Dec 28 21:54:10 CET 2013: 20: finished (7027ms, 346cycles)
Sat Dec 28 21:54:10 CET 2013: 20: Solution found.
Sat Dec 28 21:54:11 CET 2013: 21: finished (924ms, 90cycles)
Sat Dec 28 21:54:11 CET 2013: 21: Solution found.
Sat Dec 28 21:54:19 CET 2013: 22: finished (8626ms, 1000cycles)
Sat Dec 28 21:54:19 CET 2013: 22: No solution found.
Sat Dec 28 21:54:30 CET 2013: 23: finished (10703ms, 1000cycles)
Sat Dec 28 21:54:30 CET 2013: 23: No solution found.
Sat Dec 28 21:54:39 CET 2013: 24: finished (9606ms, 1000cycles)
Sat Dec 28 21:54:39 CET 2013: 24: No solution found.
Sat Dec 28 21:54:48 CET 2013: 25: finished (8685ms, 1000cycles)
Sat Dec 28 21:54:48 CET 2013: 25: No solution found.
Sat Dec 28 21:54:57 CET 2013: 26: finished (8918ms, 1000cycles)
Sat Dec 28 21:54:57 CET 2013: 26: No solution found.
Sat Dec 28 21:55:09 CET 2013: 27: finished (11423ms, 1000cycles)
Sat Dec 28 21:55:09 CET 2013: 27: No solution found.
Sat Dec 28 21:55:18 CET 2013: 28: finished (9228ms, 1000cycles)
Sat Dec 28 21:55:18 CET 2013: 28: No solution found.
Sat Dec 28 21:55:27 CET 2013: 29: finished (9275ms, 1000cycles)
Sat Dec 28 21:55:27 CET 2013: 29: No solution found.
Sat Dec 28 21:55:36 CET 2013: 30: finished (8661ms, 1000cycles)
Sat Dec 28 21:55:36 CET 2013: 30: No solution found.
Sat Dec 28 21:55:44 CET 2013: 31: finished (8682ms, 1000cycles)
Sat Dec 28 21:55:44 CET 2013: 31: No solution found.
Sat Dec 28 21:55:53 CET 2013: 32: finished (8547ms, 1000cycles)
Sat Dec 28 21:55:53 CET 2013: 32: No solution found.
Sat Dec 28 21:56:04 CET 2013: 33: finished (11353ms, 1000cycles)
Sat Dec 28 21:56:04 CET 2013: 33: No solution found.
Sat Dec 28 21:56:13 CET 2013: 34: finished (9052ms, 1000cycles)
Sat Dec 28 21:56:13 CET 2013: 34: No solution found.
Sat Dec 28 21:56:14 CET 2013: 35: finished (1125ms, 116cycles)
Sat Dec 28 21:56:14 CET 2013: 35: Solution found.
Sat Dec 28 21:56:25 CET 2013: 36: finished (10583ms, 1000cycles)
Sat Dec 28 21:56:25 CET 2013: 36: No solution found.
Sat Dec 28 21:56:34 CET 2013: 37: finished (8963ms, 1000cycles)
Sat Dec 28 21:56:34 CET 2013: 37: No solution found.
Sat Dec 28 21:56:47 CET 2013: 38: finished (12681ms, 1000cycles)
Sat Dec 28 21:56:47 CET 2013: 38: No solution found.
Sat Dec 28 21:56:56 CET 2013: 39: finished (9576ms, 1000cycles)
Sat Dec 28 21:56:56 CET 2013: 39: No solution found.
Sat Dec 28 21:57:05 CET 2013: 40: finished (8575ms, 1000cycles)
Sat Dec 28 21:57:05 CET 2013: 40: No solution found.
Sat Dec 28 21:57:17 CET 2013: 41: finished (11713ms, 1000cycles)
Sat Dec 28 21:57:17 CET 2013: 41: No solution found.
Sat Dec 28 21:57:25 CET 2013: 42: finished (8631ms, 1000cycles)
Sat Dec 28 21:57:25 CET 2013: 42: No solution found.
Sat Dec 28 21:57:28 CET 2013: 43: finished (3135ms, 323cycles)
Sat Dec 28 21:57:28 CET 2013: 43: Solution found.
Sat Dec 28 21:57:40 CET 2013: 44: finished (11883ms, 1000cycles)
Sat Dec 28 21:57:40 CET 2013: 44: No solution found.
Sat Dec 28 21:57:51 CET 2013: 45: finished (10473ms, 1000cycles)
Sat Dec 28 21:57:51 CET 2013: 45: No solution found.
Sat Dec 28 21:58:00 CET 2013: 46: finished (9557ms, 1000cycles)
Sat Dec 28 21:58:00 CET 2013: 46: No solution found.
Sat Dec 28 21:58:09 CET 2013: 47: finished (8728ms, 1000cycles)
Sat Dec 28 21:58:09 CET 2013: 47: No solution found.
Sat Dec 28 21:58:20 CET 2013: 48: finished (11470ms, 1000cycles)
Sat Dec 28 21:58:20 CET 2013: 48: No solution found.
Sat Dec 28 21:58:21 CET 2013: 49: finished (575ms, 58cycles)
Sat Dec 28 21:58:21 CET 2013: 49: Solution found.
Sat Dec 28 21:58:30 CET 2013: 50: finished (9103ms, 1000cycles)
Sat Dec 28 21:58:30 CET 2013: 50: No solution found.
Sat Dec 28 21:58:41 CET 2013: 51: finished (11340ms, 1000cycles)
Sat Dec 28 21:58:41 CET 2013: 51: No solution found.
Sat Dec 28 21:58:50 CET 2013: 52: finished (8764ms, 1000cycles)
Sat Dec 28 21:58:50 CET 2013: 52: No solution found.
Sat Dec 28 21:59:00 CET 2013: 53: finished (9650ms, 1000cycles)
Sat Dec 28 21:59:00 CET 2013: 53: No solution found.
Sat Dec 28 21:59:09 CET 2013: 54: finished (8692ms, 1000cycles)
Sat Dec 28 21:59:09 CET 2013: 54: No solution found.
Sat Dec 28 21:59:20 CET 2013: 55: finished (11339ms, 1000cycles)
Sat Dec 28 21:59:20 CET 2013: 55: No solution found.
Sat Dec 28 21:59:20 CET 2013: 56: finished (612ms, 64cycles)
Sat Dec 28 21:59:20 CET 2013: 56: Solution found.
Sat Dec 28 21:59:31 CET 2013: 57: finished (10159ms, 1000cycles)
Sat Dec 28 21:59:31 CET 2013: 57: No solution found.
Sat Dec 28 21:59:32 CET 2013: 58: finished (1479ms, 154cycles)
Sat Dec 28 21:59:32 CET 2013: 58: Solution found.
Sat Dec 28 21:59:34 CET 2013: 59: finished (2238ms, 208cycles)
Sat Dec 28 21:59:34 CET 2013: 59: Solution found.
Sat Dec 28 21:59:43 CET 2013: 60: finished (8915ms, 1000cycles)
Sat Dec 28 21:59:43 CET 2013: 60: No solution found.
Sat Dec 28 21:59:52 CET 2013: 61: finished (8681ms, 1000cycles)
Sat Dec 28 21:59:52 CET 2013: 61: No solution found.
Sat Dec 28 21:59:53 CET 2013: 62: finished (936ms, 89cycles)
Sat Dec 28 21:59:53 CET 2013: 62: Solution found.
Sat Dec 28 22:00:01 CET 2013: 63: finished (8100ms, 471cycles)
Sat Dec 28 22:00:01 CET 2013: 63: Solution found.
Sat Dec 28 22:00:05 CET 2013: 64: finished (4257ms, 463cycles)
Sat Dec 28 22:00:05 CET 2013: 64: Solution found.
Sat Dec 28 22:00:17 CET 2013: 65: finished (11665ms, 1000cycles)
Sat Dec 28 22:00:17 CET 2013: 65: No solution found.
Sat Dec 28 22:00:25 CET 2013: 66: finished (8533ms, 1000cycles)
Sat Dec 28 22:00:25 CET 2013: 66: No solution found.
Sat Dec 28 22:00:27 CET 2013: 67: finished (1102ms, 110cycles)
Sat Dec 28 22:00:27 CET 2013: 67: Solution found.
Sat Dec 28 22:00:38 CET 2013: 68: finished (10992ms, 1000cycles)
Sat Dec 28 22:00:38 CET 2013: 68: No solution found.
Sat Dec 28 22:00:47 CET 2013: 69: finished (9326ms, 1000cycles)
Sat Dec 28 22:00:47 CET 2013: 69: No solution found.
Sat Dec 28 22:00:47 CET 2013: 70: finished (388ms, 39cycles)
Sat Dec 28 22:00:47 CET 2013: 70: Solution found.
Sat Dec 28 22:00:56 CET 2013: 71: finished (8777ms, 1000cycles)
Sat Dec 28 22:00:56 CET 2013: 71: No solution found.
Sat Dec 28 22:01:05 CET 2013: 72: finished (8627ms, 1000cycles)
Sat Dec 28 22:01:05 CET 2013: 72: No solution found.
Sat Dec 28 22:01:16 CET 2013: 73: finished (11176ms, 1000cycles)
Sat Dec 28 22:01:16 CET 2013: 73: No solution found.
Sat Dec 28 22:01:26 CET 2013: 74: finished (9799ms, 1000cycles)
Sat Dec 28 22:01:26 CET 2013: 74: No solution found.
Sat Dec 28 22:01:34 CET 2013: 75: finished (8529ms, 1000cycles)
Sat Dec 28 22:01:34 CET 2013: 75: No solution found.
Sat Dec 28 22:01:46 CET 2013: 76: finished (11370ms, 1000cycles)
Sat Dec 28 22:01:46 CET 2013: 76: No solution found.
Sat Dec 28 22:01:48 CET 2013: 77: finished (2369ms, 216cycles)
Sat Dec 28 22:01:48 CET 2013: 77: Solution found.
Sat Dec 28 22:01:48 CET 2013: 78: finished (545ms, 57cycles)
Sat Dec 28 22:01:48 CET 2013: 78: Solution found.
Sat Dec 28 22:01:49 CET 2013: 79: finished (604ms, 65cycles)
Sat Dec 28 22:01:49 CET 2013: 79: Solution found.
Sat Dec 28 22:01:50 CET 2013: 80: finished (866ms, 88cycles)
Sat Dec 28 22:01:50 CET 2013: 80: Solution found.
Sat Dec 28 22:01:59 CET 2013: 81: finished (8724ms, 1000cycles)
Sat Dec 28 22:01:59 CET 2013: 81: No solution found.
Sat Dec 28 22:02:10 CET 2013: 82: finished (11354ms, 1000cycles)
Sat Dec 28 22:02:10 CET 2013: 82: No solution found.
Sat Dec 28 22:02:19 CET 2013: 83: finished (8711ms, 1000cycles)
Sat Dec 28 22:02:19 CET 2013: 83: No solution found.
Sat Dec 28 22:02:27 CET 2013: 84: finished (8615ms, 1000cycles)
Sat Dec 28 22:02:27 CET 2013: 84: No solution found.
Sat Dec 28 22:02:40 CET 2013: 85: finished (12277ms, 1000cycles)
Sat Dec 28 22:02:40 CET 2013: 85: No solution found.
Sat Dec 28 22:02:49 CET 2013: 86: finished (9289ms, 1000cycles)
Sat Dec 28 22:02:49 CET 2013: 86: No solution found.
Sat Dec 28 22:02:58 CET 2013: 87: finished (8887ms, 1000cycles)
Sat Dec 28 22:02:58 CET 2013: 87: No solution found.
Sat Dec 28 22:03:09 CET 2013: 88: finished (11484ms, 1000cycles)
Sat Dec 28 22:03:09 CET 2013: 88: No solution found.
Sat Dec 28 22:03:18 CET 2013: 89: finished (8606ms, 1000cycles)
Sat Dec 28 22:03:18 CET 2013: 89: No solution found.
Sat Dec 28 22:03:27 CET 2013: 90: finished (9076ms, 1000cycles)
Sat Dec 28 22:03:27 CET 2013: 90: No solution found.
Sat Dec 28 22:03:29 CET 2013: 91: finished (1971ms, 192cycles)
Sat Dec 28 22:03:29 CET 2013: 91: Solution found.
Sat Dec 28 22:03:38 CET 2013: 92: finished (8735ms, 1000cycles)
Sat Dec 28 22:03:38 CET 2013: 92: No solution found.
Sat Dec 28 22:03:48 CET 2013: 93: finished (10294ms, 1000cycles)
Sat Dec 28 22:03:48 CET 2013: 93: No solution found.
Sat Dec 28 22:03:57 CET 2013: 94: finished (8733ms, 1000cycles)
Sat Dec 28 22:03:57 CET 2013: 94: No solution found.
Sat Dec 28 22:04:05 CET 2013: 95: finished (8782ms, 1000cycles)
Sat Dec 28 22:04:05 CET 2013: 95: No solution found.
Sat Dec 28 22:04:16 CET 2013: 96: finished (10723ms, 1000cycles)
Sat Dec 28 22:04:16 CET 2013: 96: No solution found.
Sat Dec 28 22:04:25 CET 2013: 97: finished (8725ms, 1000cycles)
Sat Dec 28 22:04:25 CET 2013: 97: No solution found.
Sat Dec 28 22:04:26 CET 2013: 98: finished (922ms, 88cycles)
Sat Dec 28 22:04:26 CET 2013: 98: Solution found.
Sat Dec 28 22:04:27 CET 2013: 99: finished (726ms, 77cycles)
Sat Dec 28 22:04:27 CET 2013: 99: Solution found.
Sat Dec 28 22:04:27 CET 2013: Solution Found: 27
Sat Dec 28 22:04:27 CET 2013: Avg cycles: 188
Sat Dec 28 22:04:27 CET 2013: Max cycles: 883
Sat Dec 28 22:04:27 CET 2013: Min cycles: 24
Sat Dec 28 22:04:27 CET 2013: No solution found: 73
Sat Dec 28 22:04:27 CET 2013: logging finished. (runtime: 764838ms)
