Tue Dec 31 06:01:53 CET 2013: Problem Count: 150
Tue Dec 31 06:01:53 CET 2013: CandidatesCount: 200
Tue Dec 31 06:01:53 CET 2013: Max Cycles: 250
Tue Dec 31 06:02:04 CET 2013: 0: finished (11482ms, 250cycles)
Tue Dec 31 06:02:04 CET 2013: 0: No solution found.
Tue Dec 31 06:02:04 CET 2013: 1: finished (259ms, 3cycles)
Tue Dec 31 06:02:04 CET 2013: 1: Solution found.
Tue Dec 31 06:02:07 CET 2013: 2: finished (2161ms, 44cycles)
Tue Dec 31 06:02:07 CET 2013: 2: Solution found.
Tue Dec 31 06:02:07 CET 2013: 3: finished (451ms, 7cycles)
Tue Dec 31 06:02:07 CET 2013: 3: Solution found.
Tue Dec 31 06:02:07 CET 2013: 4: finished (226ms, 2cycles)
Tue Dec 31 06:02:07 CET 2013: 4: Solution found.
Tue Dec 31 06:02:08 CET 2013: 5: finished (885ms, 16cycles)
Tue Dec 31 06:02:08 CET 2013: 5: Solution found.
Tue Dec 31 06:02:09 CET 2013: 6: finished (621ms, 10cycles)
Tue Dec 31 06:02:09 CET 2013: 6: Solution found.
Tue Dec 31 06:02:21 CET 2013: 7: finished (11851ms, 250cycles)
Tue Dec 31 06:02:21 CET 2013: 7: No solution found.
Tue Dec 31 06:02:21 CET 2013: 8: finished (704ms, 13cycles)
Tue Dec 31 06:02:21 CET 2013: 8: Solution found.
Tue Dec 31 06:02:22 CET 2013: 9: finished (716ms, 13cycles)
Tue Dec 31 06:02:22 CET 2013: 9: Solution found.
Tue Dec 31 06:02:26 CET 2013: 10: finished (3469ms, 72cycles)
Tue Dec 31 06:02:26 CET 2013: 10: Solution found.
Tue Dec 31 06:02:26 CET 2013: 11: finished (753ms, 14cycles)
Tue Dec 31 06:02:26 CET 2013: 11: Solution found.
Tue Dec 31 06:02:28 CET 2013: 12: finished (1241ms, 24cycles)
Tue Dec 31 06:02:28 CET 2013: 12: Solution found.
Tue Dec 31 06:02:28 CET 2013: 13: finished (450ms, 7cycles)
Tue Dec 31 06:02:28 CET 2013: 13: Solution found.
Tue Dec 31 06:02:29 CET 2013: 14: finished (936ms, 17cycles)
Tue Dec 31 06:02:29 CET 2013: 14: Solution found.
Tue Dec 31 06:02:29 CET 2013: 15: finished (195ms, 2cycles)
Tue Dec 31 06:02:29 CET 2013: 15: Solution found.
Tue Dec 31 06:02:30 CET 2013: 16: finished (389ms, 6cycles)
Tue Dec 31 06:02:30 CET 2013: 16: Solution found.
Tue Dec 31 06:02:31 CET 2013: 17: finished (1082ms, 21cycles)
Tue Dec 31 06:02:31 CET 2013: 17: Solution found.
Tue Dec 31 06:02:31 CET 2013: 18: finished (291ms, 4cycles)
Tue Dec 31 06:02:31 CET 2013: 18: Solution found.
Tue Dec 31 06:02:32 CET 2013: 19: finished (980ms, 18cycles)
Tue Dec 31 06:02:32 CET 2013: 19: Solution found.
Tue Dec 31 06:02:33 CET 2013: 20: finished (856ms, 15cycles)
Tue Dec 31 06:02:33 CET 2013: 20: Solution found.
Tue Dec 31 06:02:33 CET 2013: 21: finished (366ms, 5cycles)
Tue Dec 31 06:02:33 CET 2013: 21: Solution found.
Tue Dec 31 06:02:33 CET 2013: 22: finished (156ms, 1cycles)
Tue Dec 31 06:02:33 CET 2013: 22: Solution found.
Tue Dec 31 06:02:34 CET 2013: 23: finished (1136ms, 22cycles)
Tue Dec 31 06:02:34 CET 2013: 23: Solution found.
Tue Dec 31 06:02:35 CET 2013: 24: finished (867ms, 16cycles)
Tue Dec 31 06:02:35 CET 2013: 24: Solution found.
Tue Dec 31 06:02:36 CET 2013: 25: finished (569ms, 9cycles)
Tue Dec 31 06:02:36 CET 2013: 25: Solution found.
Tue Dec 31 06:02:36 CET 2013: 26: finished (216ms, 2cycles)
Tue Dec 31 06:02:36 CET 2013: 26: Solution found.
Tue Dec 31 06:02:36 CET 2013: 27: finished (368ms, 5cycles)
Tue Dec 31 06:02:36 CET 2013: 27: Solution found.
Tue Dec 31 06:02:48 CET 2013: 28: finished (11538ms, 250cycles)
Tue Dec 31 06:02:48 CET 2013: 28: No solution found.
Tue Dec 31 06:02:48 CET 2013: 29: finished (475ms, 8cycles)
Tue Dec 31 06:02:48 CET 2013: 29: Solution found.
Tue Dec 31 06:02:49 CET 2013: 30: finished (469ms, 8cycles)
Tue Dec 31 06:02:49 CET 2013: 30: Solution found.
Tue Dec 31 06:02:50 CET 2013: 31: finished (1059ms, 20cycles)
Tue Dec 31 06:02:50 CET 2013: 31: Solution found.
Tue Dec 31 06:02:50 CET 2013: 32: finished (358ms, 5cycles)
Tue Dec 31 06:02:50 CET 2013: 32: Solution found.
Tue Dec 31 06:02:51 CET 2013: 33: finished (838ms, 15cycles)
Tue Dec 31 06:02:51 CET 2013: 33: Solution found.
Tue Dec 31 06:02:53 CET 2013: 34: finished (1549ms, 30cycles)
Tue Dec 31 06:02:53 CET 2013: 34: Solution found.
Tue Dec 31 06:02:53 CET 2013: 35: finished (804ms, 15cycles)
Tue Dec 31 06:02:53 CET 2013: 35: Solution found.
Tue Dec 31 06:02:56 CET 2013: 36: finished (2817ms, 58cycles)
Tue Dec 31 06:02:56 CET 2013: 36: Solution found.
Tue Dec 31 06:02:57 CET 2013: 37: finished (1154ms, 22cycles)
Tue Dec 31 06:02:57 CET 2013: 37: Solution found.
Tue Dec 31 06:03:09 CET 2013: 38: finished (11786ms, 250cycles)
Tue Dec 31 06:03:09 CET 2013: 38: No solution found.
Tue Dec 31 06:03:10 CET 2013: 39: finished (604ms, 10cycles)
Tue Dec 31 06:03:10 CET 2013: 39: Solution found.
Tue Dec 31 06:03:10 CET 2013: 40: finished (306ms, 4cycles)
Tue Dec 31 06:03:10 CET 2013: 40: Solution found.
Tue Dec 31 06:03:22 CET 2013: 41: finished (11545ms, 250cycles)
Tue Dec 31 06:03:22 CET 2013: 41: No solution found.
Tue Dec 31 06:03:23 CET 2013: 42: finished (812ms, 15cycles)
Tue Dec 31 06:03:23 CET 2013: 42: Solution found.
Tue Dec 31 06:03:23 CET 2013: 43: finished (494ms, 8cycles)
Tue Dec 31 06:03:23 CET 2013: 43: Solution found.
Tue Dec 31 06:03:24 CET 2013: 44: finished (503ms, 8cycles)
Tue Dec 31 06:03:24 CET 2013: 44: Solution found.
Tue Dec 31 06:03:24 CET 2013: 45: finished (183ms, 2cycles)
Tue Dec 31 06:03:24 CET 2013: 45: Solution found.
Tue Dec 31 06:03:24 CET 2013: 46: finished (667ms, 12cycles)
Tue Dec 31 06:03:24 CET 2013: 46: Solution found.
Tue Dec 31 06:03:25 CET 2013: 47: finished (627ms, 11cycles)
Tue Dec 31 06:03:25 CET 2013: 47: Solution found.
Tue Dec 31 06:03:25 CET 2013: 48: finished (163ms, 1cycles)
Tue Dec 31 06:03:25 CET 2013: 48: Solution found.
Tue Dec 31 06:03:26 CET 2013: 49: finished (553ms, 10cycles)
Tue Dec 31 06:03:26 CET 2013: 49: Solution found.
Tue Dec 31 06:03:26 CET 2013: 50: finished (388ms, 6cycles)
Tue Dec 31 06:03:26 CET 2013: 50: Solution found.
Tue Dec 31 06:03:27 CET 2013: 51: finished (1217ms, 22cycles)
Tue Dec 31 06:03:27 CET 2013: 51: Solution found.
Tue Dec 31 06:03:28 CET 2013: 52: finished (428ms, 7cycles)
Tue Dec 31 06:03:28 CET 2013: 52: Solution found.
Tue Dec 31 06:03:29 CET 2013: 53: finished (802ms, 15cycles)
Tue Dec 31 06:03:29 CET 2013: 53: Solution found.
Tue Dec 31 06:03:29 CET 2013: 54: finished (799ms, 15cycles)
Tue Dec 31 06:03:29 CET 2013: 54: Solution found.
Tue Dec 31 06:03:30 CET 2013: 55: finished (872ms, 16cycles)
Tue Dec 31 06:03:30 CET 2013: 55: Solution found.
Tue Dec 31 06:03:31 CET 2013: 56: finished (533ms, 9cycles)
Tue Dec 31 06:03:31 CET 2013: 56: Solution found.
Tue Dec 31 06:03:31 CET 2013: 57: finished (665ms, 12cycles)
Tue Dec 31 06:03:31 CET 2013: 57: Solution found.
Tue Dec 31 06:03:32 CET 2013: 58: finished (979ms, 19cycles)
Tue Dec 31 06:03:32 CET 2013: 58: Solution found.
Tue Dec 31 06:03:33 CET 2013: 59: finished (853ms, 16cycles)
Tue Dec 31 06:03:33 CET 2013: 59: Solution found.
Tue Dec 31 06:03:34 CET 2013: 60: finished (520ms, 9cycles)
Tue Dec 31 06:03:34 CET 2013: 60: Solution found.
Tue Dec 31 06:03:34 CET 2013: 61: finished (334ms, 5cycles)
Tue Dec 31 06:03:34 CET 2013: 61: Solution found.
Tue Dec 31 06:03:35 CET 2013: 62: finished (847ms, 16cycles)
Tue Dec 31 06:03:35 CET 2013: 62: Solution found.
Tue Dec 31 06:03:36 CET 2013: 63: finished (633ms, 11cycles)
Tue Dec 31 06:03:36 CET 2013: 63: Solution found.
Tue Dec 31 06:03:37 CET 2013: 64: finished (1144ms, 22cycles)
Tue Dec 31 06:03:37 CET 2013: 64: Solution found.
Tue Dec 31 06:03:37 CET 2013: 65: finished (606ms, 10cycles)
Tue Dec 31 06:03:37 CET 2013: 65: Solution found.
Tue Dec 31 06:03:39 CET 2013: 66: finished (1641ms, 33cycles)
Tue Dec 31 06:03:39 CET 2013: 66: Solution found.
Tue Dec 31 06:03:39 CET 2013: 67: finished (228ms, 3cycles)
Tue Dec 31 06:03:39 CET 2013: 67: Solution found.
Tue Dec 31 06:03:40 CET 2013: 68: finished (376ms, 5cycles)
Tue Dec 31 06:03:40 CET 2013: 68: Solution found.
Tue Dec 31 06:03:40 CET 2013: 69: finished (504ms, 8cycles)
Tue Dec 31 06:03:40 CET 2013: 69: Solution found.
Tue Dec 31 06:03:41 CET 2013: 70: finished (840ms, 14cycles)
Tue Dec 31 06:03:41 CET 2013: 70: Solution found.
Tue Dec 31 06:03:41 CET 2013: 71: finished (363ms, 5cycles)
Tue Dec 31 06:03:41 CET 2013: 71: Solution found.
Tue Dec 31 06:03:42 CET 2013: 72: finished (823ms, 15cycles)
Tue Dec 31 06:03:42 CET 2013: 72: Solution found.
Tue Dec 31 06:03:43 CET 2013: 73: finished (415ms, 6cycles)
Tue Dec 31 06:03:43 CET 2013: 73: Solution found.
Tue Dec 31 06:03:45 CET 2013: 74: finished (2215ms, 45cycles)
Tue Dec 31 06:03:45 CET 2013: 74: Solution found.
Tue Dec 31 06:03:45 CET 2013: 75: finished (429ms, 7cycles)
Tue Dec 31 06:03:45 CET 2013: 75: Solution found.
Tue Dec 31 06:03:47 CET 2013: 76: finished (1661ms, 33cycles)
Tue Dec 31 06:03:47 CET 2013: 76: Solution found.
Tue Dec 31 06:03:47 CET 2013: 77: finished (662ms, 11cycles)
Tue Dec 31 06:03:47 CET 2013: 77: Solution found.
Tue Dec 31 06:03:48 CET 2013: 78: finished (476ms, 8cycles)
Tue Dec 31 06:03:48 CET 2013: 78: Solution found.
Tue Dec 31 06:03:49 CET 2013: 79: finished (1328ms, 26cycles)
Tue Dec 31 06:03:49 CET 2013: 79: Solution found.
Tue Dec 31 06:03:50 CET 2013: 80: finished (733ms, 13cycles)
Tue Dec 31 06:03:50 CET 2013: 80: Solution found.
Tue Dec 31 06:03:50 CET 2013: 81: finished (136ms, 1cycles)
Tue Dec 31 06:03:50 CET 2013: 81: Solution found.
Tue Dec 31 06:03:51 CET 2013: 82: finished (397ms, 6cycles)
Tue Dec 31 06:03:51 CET 2013: 82: Solution found.
Tue Dec 31 06:03:51 CET 2013: 83: finished (329ms, 4cycles)
Tue Dec 31 06:03:51 CET 2013: 83: Solution found.
Tue Dec 31 06:03:51 CET 2013: 84: finished (567ms, 10cycles)
Tue Dec 31 06:03:51 CET 2013: 84: Solution found.
Tue Dec 31 06:03:52 CET 2013: 85: finished (224ms, 2cycles)
Tue Dec 31 06:03:52 CET 2013: 85: Solution found.
Tue Dec 31 06:03:52 CET 2013: 86: finished (177ms, 2cycles)
Tue Dec 31 06:03:52 CET 2013: 86: Solution found.
Tue Dec 31 06:03:53 CET 2013: 87: finished (784ms, 14cycles)
Tue Dec 31 06:03:53 CET 2013: 87: Solution found.
Tue Dec 31 06:03:54 CET 2013: 88: finished (913ms, 17cycles)
Tue Dec 31 06:03:54 CET 2013: 88: Solution found.
Tue Dec 31 06:03:55 CET 2013: 89: finished (1230ms, 24cycles)
Tue Dec 31 06:03:55 CET 2013: 89: Solution found.
Tue Dec 31 06:03:55 CET 2013: 90: finished (536ms, 9cycles)
Tue Dec 31 06:03:55 CET 2013: 90: Solution found.
Tue Dec 31 06:03:57 CET 2013: 91: finished (1343ms, 25cycles)
Tue Dec 31 06:03:57 CET 2013: 91: Solution found.
Tue Dec 31 06:03:58 CET 2013: 92: finished (1463ms, 29cycles)
Tue Dec 31 06:03:58 CET 2013: 92: Solution found.
Tue Dec 31 06:03:59 CET 2013: 93: finished (1023ms, 19cycles)
Tue Dec 31 06:03:59 CET 2013: 93: Solution found.
Tue Dec 31 06:03:59 CET 2013: 94: finished (324ms, 4cycles)
Tue Dec 31 06:03:59 CET 2013: 94: Solution found.
Tue Dec 31 06:04:00 CET 2013: 95: finished (549ms, 9cycles)
Tue Dec 31 06:04:00 CET 2013: 95: Solution found.
Tue Dec 31 06:04:00 CET 2013: 96: finished (268ms, 3cycles)
Tue Dec 31 06:04:00 CET 2013: 96: Solution found.
Tue Dec 31 06:04:01 CET 2013: 97: finished (894ms, 16cycles)
Tue Dec 31 06:04:01 CET 2013: 97: Solution found.
Tue Dec 31 06:04:02 CET 2013: 98: finished (862ms, 16cycles)
Tue Dec 31 06:04:02 CET 2013: 98: Solution found.
Tue Dec 31 06:04:03 CET 2013: 99: finished (1406ms, 27cycles)
Tue Dec 31 06:04:03 CET 2013: 99: Solution found.
Tue Dec 31 06:04:03 CET 2013: Solution Found: 95
Tue Dec 31 06:04:03 CET 2013: Avg cycles: 13
Tue Dec 31 06:04:03 CET 2013: Max cycles: 72
Tue Dec 31 06:04:03 CET 2013: Min cycles: 1
Tue Dec 31 06:04:03 CET 2013: No solution found: 5
Tue Dec 31 06:04:03 CET 2013: logging finished. (runtime: 130743ms)
