Wed Jan 01 07:52:22 CET 2014: Problem Count: 250
Wed Jan 01 07:52:22 CET 2014: CandidatesCount: 250
Wed Jan 01 07:52:22 CET 2014: Max Cycles: 250
Wed Jan 01 07:52:26 CET 2014: 0: finished (3982ms, 10cycles)
Wed Jan 01 07:52:26 CET 2014: 0: Solution found.
Wed Jan 01 07:52:30 CET 2014: 1: finished (4027ms, 25cycles)
Wed Jan 01 07:52:30 CET 2014: 1: Solution found.
Wed Jan 01 07:52:31 CET 2014: 2: finished (595ms, 2cycles)
Wed Jan 01 07:52:31 CET 2014: 2: Solution found.
Wed Jan 01 07:52:34 CET 2014: 3: finished (2972ms, 18cycles)
Wed Jan 01 07:52:34 CET 2014: 3: Solution found.
Wed Jan 01 07:52:36 CET 2014: 4: finished (2730ms, 16cycles)
Wed Jan 01 07:52:36 CET 2014: 4: Solution found.
Wed Jan 01 07:52:38 CET 2014: 5: finished (1863ms, 10cycles)
Wed Jan 01 07:52:38 CET 2014: 5: Solution found.
Wed Jan 01 07:52:41 CET 2014: 6: finished (2826ms, 17cycles)
Wed Jan 01 07:52:41 CET 2014: 6: Solution found.
Wed Jan 01 07:52:43 CET 2014: 7: finished (1535ms, 8cycles)
Wed Jan 01 07:52:43 CET 2014: 7: Solution found.
Wed Jan 01 07:52:45 CET 2014: 8: finished (2098ms, 12cycles)
Wed Jan 01 07:52:45 CET 2014: 8: Solution found.
Wed Jan 01 07:52:45 CET 2014: 9: finished (811ms, 3cycles)
Wed Jan 01 07:52:45 CET 2014: 9: Solution found.
Wed Jan 01 07:52:47 CET 2014: 10: finished (1333ms, 6cycles)
Wed Jan 01 07:52:47 CET 2014: 10: Solution found.
Wed Jan 01 07:52:49 CET 2014: 11: finished (2010ms, 11cycles)
Wed Jan 01 07:52:49 CET 2014: 11: Solution found.
Wed Jan 01 07:52:50 CET 2014: 12: finished (1233ms, 6cycles)
Wed Jan 01 07:52:50 CET 2014: 12: Solution found.
Wed Jan 01 07:52:52 CET 2014: 13: finished (2430ms, 14cycles)
Wed Jan 01 07:52:52 CET 2014: 13: Solution found.
Wed Jan 01 07:52:55 CET 2014: 14: finished (2261ms, 13cycles)
Wed Jan 01 07:52:55 CET 2014: 14: Solution found.
Wed Jan 01 07:52:58 CET 2014: 15: finished (2768ms, 17cycles)
Wed Jan 01 07:52:58 CET 2014: 15: Solution found.
Wed Jan 01 07:52:59 CET 2014: 16: finished (1610ms, 9cycles)
Wed Jan 01 07:52:59 CET 2014: 16: Solution found.
Wed Jan 01 07:53:02 CET 2014: 17: finished (2529ms, 15cycles)
Wed Jan 01 07:53:02 CET 2014: 17: Solution found.
Wed Jan 01 07:53:09 CET 2014: 18: finished (6889ms, 18cycles)
Wed Jan 01 07:53:09 CET 2014: 18: Solution found.
Wed Jan 01 07:53:11 CET 2014: 19: finished (2209ms, 12cycles)
Wed Jan 01 07:53:11 CET 2014: 19: Solution found.
Wed Jan 01 07:53:13 CET 2014: 20: finished (2580ms, 15cycles)
Wed Jan 01 07:53:13 CET 2014: 20: Solution found.
Wed Jan 01 07:53:14 CET 2014: 21: finished (587ms, 1cycles)
Wed Jan 01 07:53:14 CET 2014: 21: Solution found.
Wed Jan 01 07:53:18 CET 2014: 22: finished (4152ms, 26cycles)
Wed Jan 01 07:53:18 CET 2014: 22: Solution found.
Wed Jan 01 07:53:20 CET 2014: 23: finished (2179ms, 12cycles)
Wed Jan 01 07:53:20 CET 2014: 23: Solution found.
Wed Jan 01 07:53:27 CET 2014: 24: finished (6416ms, 42cycles)
Wed Jan 01 07:53:27 CET 2014: 24: Solution found.
Wed Jan 01 07:53:28 CET 2014: 25: finished (1634ms, 9cycles)
Wed Jan 01 07:53:28 CET 2014: 25: Solution found.
Wed Jan 01 07:53:29 CET 2014: 26: finished (655ms, 2cycles)
Wed Jan 01 07:53:29 CET 2014: 26: Solution found.
Wed Jan 01 07:53:31 CET 2014: 27: finished (1769ms, 9cycles)
Wed Jan 01 07:53:31 CET 2014: 27: Solution found.
Wed Jan 01 07:53:33 CET 2014: 28: finished (2555ms, 15cycles)
Wed Jan 01 07:53:33 CET 2014: 28: Solution found.
Wed Jan 01 07:53:37 CET 2014: 29: finished (3238ms, 19cycles)
Wed Jan 01 07:53:37 CET 2014: 29: Solution found.
Wed Jan 01 07:53:42 CET 2014: 30: finished (5896ms, 18cycles)
Wed Jan 01 07:53:42 CET 2014: 30: Solution found.
Wed Jan 01 07:54:24 CET 2014: 31: finished (41563ms, 250cycles)
Wed Jan 01 07:54:24 CET 2014: 31: No solution found.
Wed Jan 01 07:54:26 CET 2014: 32: finished (1961ms, 11cycles)
Wed Jan 01 07:54:26 CET 2014: 32: Solution found.
Wed Jan 01 07:54:28 CET 2014: 33: finished (2180ms, 12cycles)
Wed Jan 01 07:54:28 CET 2014: 33: Solution found.
Wed Jan 01 07:54:30 CET 2014: 34: finished (1609ms, 8cycles)
Wed Jan 01 07:54:30 CET 2014: 34: Solution found.
Wed Jan 01 07:54:33 CET 2014: 35: finished (2885ms, 17cycles)
Wed Jan 01 07:54:33 CET 2014: 35: Solution found.
Wed Jan 01 07:54:35 CET 2014: 36: finished (2019ms, 11cycles)
Wed Jan 01 07:54:35 CET 2014: 36: Solution found.
Wed Jan 01 07:54:37 CET 2014: 37: finished (2075ms, 12cycles)
Wed Jan 01 07:54:37 CET 2014: 37: Solution found.
Wed Jan 01 07:54:42 CET 2014: 38: finished (5328ms, 20cycles)
Wed Jan 01 07:54:42 CET 2014: 38: Solution found.
Wed Jan 01 07:54:44 CET 2014: 39: finished (1748ms, 3cycles)
Wed Jan 01 07:54:44 CET 2014: 39: Solution found.
Wed Jan 01 07:54:46 CET 2014: 40: finished (1782ms, 9cycles)
Wed Jan 01 07:54:46 CET 2014: 40: Solution found.
Wed Jan 01 07:54:47 CET 2014: 41: finished (970ms, 4cycles)
Wed Jan 01 07:54:47 CET 2014: 41: Solution found.
Wed Jan 01 07:54:48 CET 2014: 42: finished (1293ms, 6cycles)
Wed Jan 01 07:54:48 CET 2014: 42: Solution found.
Wed Jan 01 07:55:26 CET 2014: 43: finished (38159ms, 250cycles)
Wed Jan 01 07:55:26 CET 2014: 43: No solution found.
Wed Jan 01 07:55:30 CET 2014: 44: finished (3662ms, 8cycles)
Wed Jan 01 07:55:30 CET 2014: 44: Solution found.
Wed Jan 01 07:55:34 CET 2014: 45: finished (4740ms, 29cycles)
Wed Jan 01 07:55:34 CET 2014: 45: Solution found.
Wed Jan 01 07:55:37 CET 2014: 46: finished (2971ms, 18cycles)
Wed Jan 01 07:55:37 CET 2014: 46: Solution found.
Wed Jan 01 07:55:40 CET 2014: 47: finished (2128ms, 12cycles)
Wed Jan 01 07:55:40 CET 2014: 47: Solution found.
Wed Jan 01 07:55:46 CET 2014: 48: finished (6308ms, 20cycles)
Wed Jan 01 07:55:46 CET 2014: 48: Solution found.
Wed Jan 01 07:55:48 CET 2014: 49: finished (2229ms, 12cycles)
Wed Jan 01 07:55:48 CET 2014: 49: Solution found.
Wed Jan 01 07:55:50 CET 2014: 50: finished (1885ms, 10cycles)
Wed Jan 01 07:55:50 CET 2014: 50: Solution found.
Wed Jan 01 07:55:52 CET 2014: 51: finished (2070ms, 12cycles)
Wed Jan 01 07:55:52 CET 2014: 51: Solution found.
Wed Jan 01 07:55:54 CET 2014: 52: finished (2358ms, 13cycles)
Wed Jan 01 07:55:54 CET 2014: 52: Solution found.
Wed Jan 01 07:55:57 CET 2014: 53: finished (2625ms, 15cycles)
Wed Jan 01 07:55:57 CET 2014: 53: Solution found.
Wed Jan 01 07:55:58 CET 2014: 54: finished (1306ms, 7cycles)
Wed Jan 01 07:55:58 CET 2014: 54: Solution found.
Wed Jan 01 07:56:01 CET 2014: 55: finished (2482ms, 12cycles)
Wed Jan 01 07:56:01 CET 2014: 55: Solution found.
Wed Jan 01 07:56:05 CET 2014: 56: finished (4574ms, 11cycles)
Wed Jan 01 07:56:05 CET 2014: 56: Solution found.
Wed Jan 01 07:56:08 CET 2014: 57: finished (2799ms, 17cycles)
Wed Jan 01 07:56:08 CET 2014: 57: Solution found.
Wed Jan 01 07:56:13 CET 2014: 58: finished (5116ms, 32cycles)
Wed Jan 01 07:56:13 CET 2014: 58: Solution found.
Wed Jan 01 07:56:16 CET 2014: 59: finished (2617ms, 15cycles)
Wed Jan 01 07:56:16 CET 2014: 59: Solution found.
Wed Jan 01 07:56:21 CET 2014: 60: finished (4776ms, 30cycles)
Wed Jan 01 07:56:21 CET 2014: 60: Solution found.
Wed Jan 01 07:56:22 CET 2014: 61: finished (1483ms, 7cycles)
Wed Jan 01 07:56:22 CET 2014: 61: Solution found.
Wed Jan 01 07:56:25 CET 2014: 62: finished (3040ms, 18cycles)
Wed Jan 01 07:56:25 CET 2014: 62: Solution found.
Wed Jan 01 07:56:26 CET 2014: 63: finished (774ms, 3cycles)
Wed Jan 01 07:56:26 CET 2014: 63: Solution found.
Wed Jan 01 07:56:30 CET 2014: 64: finished (4160ms, 16cycles)
Wed Jan 01 07:56:30 CET 2014: 64: Solution found.
Wed Jan 01 07:56:33 CET 2014: 65: finished (3064ms, 8cycles)
Wed Jan 01 07:56:33 CET 2014: 65: Solution found.
Wed Jan 01 07:56:36 CET 2014: 66: finished (3296ms, 20cycles)
Wed Jan 01 07:56:36 CET 2014: 66: Solution found.
Wed Jan 01 07:56:39 CET 2014: 67: finished (2515ms, 15cycles)
Wed Jan 01 07:56:39 CET 2014: 67: Solution found.
Wed Jan 01 07:56:40 CET 2014: 68: finished (1467ms, 7cycles)
Wed Jan 01 07:56:40 CET 2014: 68: Solution found.
Wed Jan 01 07:56:42 CET 2014: 69: finished (1382ms, 7cycles)
Wed Jan 01 07:56:42 CET 2014: 69: Solution found.
Wed Jan 01 07:56:43 CET 2014: 70: finished (781ms, 3cycles)
Wed Jan 01 07:56:43 CET 2014: 70: Solution found.
Wed Jan 01 07:56:45 CET 2014: 71: finished (2711ms, 16cycles)
Wed Jan 01 07:56:45 CET 2014: 71: Solution found.
Wed Jan 01 07:56:48 CET 2014: 72: finished (2949ms, 9cycles)
Wed Jan 01 07:56:48 CET 2014: 72: Solution found.
Wed Jan 01 07:56:52 CET 2014: 73: finished (3248ms, 9cycles)
Wed Jan 01 07:56:52 CET 2014: 73: Solution found.
Wed Jan 01 07:56:54 CET 2014: 74: finished (2177ms, 13cycles)
Wed Jan 01 07:56:54 CET 2014: 74: Solution found.
Wed Jan 01 07:56:56 CET 2014: 75: finished (2344ms, 14cycles)
Wed Jan 01 07:56:56 CET 2014: 75: Solution found.
Wed Jan 01 07:56:59 CET 2014: 76: finished (3234ms, 20cycles)
Wed Jan 01 07:56:59 CET 2014: 76: Solution found.
Wed Jan 01 07:57:00 CET 2014: 77: finished (1174ms, 5cycles)
Wed Jan 01 07:57:00 CET 2014: 77: Solution found.
Wed Jan 01 07:57:07 CET 2014: 78: finished (6355ms, 23cycles)
Wed Jan 01 07:57:07 CET 2014: 78: Solution found.
Wed Jan 01 07:57:11 CET 2014: 79: finished (4623ms, 29cycles)
Wed Jan 01 07:57:11 CET 2014: 79: Solution found.
Wed Jan 01 07:57:13 CET 2014: 80: finished (1840ms, 10cycles)
Wed Jan 01 07:57:13 CET 2014: 80: Solution found.
Wed Jan 01 07:57:15 CET 2014: 81: finished (2224ms, 13cycles)
Wed Jan 01 07:57:15 CET 2014: 81: Solution found.
Wed Jan 01 07:57:18 CET 2014: 82: finished (2010ms, 11cycles)
Wed Jan 01 07:57:18 CET 2014: 82: Solution found.
Wed Jan 01 07:57:21 CET 2014: 83: finished (3559ms, 22cycles)
Wed Jan 01 07:57:21 CET 2014: 83: Solution found.
Wed Jan 01 07:57:23 CET 2014: 84: finished (2051ms, 12cycles)
Wed Jan 01 07:57:23 CET 2014: 84: Solution found.
Wed Jan 01 07:57:24 CET 2014: 85: finished (1355ms, 7cycles)
Wed Jan 01 07:57:24 CET 2014: 85: Solution found.
Wed Jan 01 07:57:25 CET 2014: 86: finished (761ms, 3cycles)
Wed Jan 01 07:57:25 CET 2014: 86: Solution found.
Wed Jan 01 07:57:27 CET 2014: 87: finished (1370ms, 7cycles)
Wed Jan 01 07:57:27 CET 2014: 87: Solution found.
Wed Jan 01 07:57:29 CET 2014: 88: finished (2566ms, 15cycles)
Wed Jan 01 07:57:29 CET 2014: 88: Solution found.
Wed Jan 01 07:57:33 CET 2014: 89: finished (3815ms, 23cycles)
Wed Jan 01 07:57:33 CET 2014: 89: Solution found.
Wed Jan 01 07:57:37 CET 2014: 90: finished (3602ms, 22cycles)
Wed Jan 01 07:57:37 CET 2014: 90: Solution found.
Wed Jan 01 07:57:38 CET 2014: 91: finished (1468ms, 8cycles)
Wed Jan 01 07:57:38 CET 2014: 91: Solution found.
Wed Jan 01 07:57:41 CET 2014: 92: finished (2631ms, 15cycles)
Wed Jan 01 07:57:41 CET 2014: 92: Solution found.
Wed Jan 01 07:57:42 CET 2014: 93: finished (1291ms, 6cycles)
Wed Jan 01 07:57:42 CET 2014: 93: Solution found.
Wed Jan 01 07:57:43 CET 2014: 94: finished (1429ms, 7cycles)
Wed Jan 01 07:57:43 CET 2014: 94: Solution found.
Wed Jan 01 07:57:44 CET 2014: 95: finished (923ms, 4cycles)
Wed Jan 01 07:57:44 CET 2014: 95: Solution found.
Wed Jan 01 07:57:49 CET 2014: 96: finished (4773ms, 11cycles)
Wed Jan 01 07:57:49 CET 2014: 96: Solution found.
Wed Jan 01 07:57:52 CET 2014: 97: finished (2480ms, 13cycles)
Wed Jan 01 07:57:52 CET 2014: 97: Solution found.
Wed Jan 01 07:57:53 CET 2014: 98: finished (1808ms, 10cycles)
Wed Jan 01 07:57:53 CET 2014: 98: Solution found.
Wed Jan 01 07:57:55 CET 2014: 99: finished (1434ms, 7cycles)
Wed Jan 01 07:57:55 CET 2014: 99: Solution found.
Wed Jan 01 07:57:55 CET 2014: Solution Found: 98
Wed Jan 01 07:57:55 CET 2014: Avg cycles: 12
Wed Jan 01 07:57:55 CET 2014: Max cycles: 42
Wed Jan 01 07:57:55 CET 2014: Min cycles: 1
Wed Jan 01 07:57:55 CET 2014: No solution found: 2
Wed Jan 01 07:57:55 CET 2014: logging finished. (runtime: 332777ms)
