Sat Jan 11 18:27:27 CET 2014: Problem Count: 40
Sat Jan 11 18:27:27 CET 2014: CandidatesCount: 40
Sat Jan 11 18:27:27 CET 2014: Max Cycles: 500
Sat Jan 11 18:27:28 CET 2014: 0: finished (512ms, 500cycles)
Sat Jan 11 18:27:28 CET 2014: 0: No solution found.
Sat Jan 11 18:27:28 CET 2014: 1: finished (257ms, 500cycles)
Sat Jan 11 18:27:28 CET 2014: 1: No solution found.
Sat Jan 11 18:27:28 CET 2014: 2: finished (220ms, 500cycles)
Sat Jan 11 18:27:28 CET 2014: 2: No solution found.
Sat Jan 11 18:27:28 CET 2014: 3: finished (219ms, 500cycles)
Sat Jan 11 18:27:28 CET 2014: 3: No solution found.
Sat Jan 11 18:27:29 CET 2014: 4: finished (202ms, 500cycles)
Sat Jan 11 18:27:29 CET 2014: 4: No solution found.
Sat Jan 11 18:27:29 CET 2014: 5: finished (201ms, 500cycles)
Sat Jan 11 18:27:29 CET 2014: 5: No solution found.
Sat Jan 11 18:27:29 CET 2014: 6: finished (213ms, 500cycles)
Sat Jan 11 18:27:29 CET 2014: 6: No solution found.
Sat Jan 11 18:27:29 CET 2014: 7: finished (12ms, 25cycles)
Sat Jan 11 18:27:29 CET 2014: 7: Solution found.
Sat Jan 11 18:27:29 CET 2014: 8: finished (20ms, 41cycles)
Sat Jan 11 18:27:29 CET 2014: 8: Solution found.
Sat Jan 11 18:27:29 CET 2014: 9: finished (201ms, 500cycles)
Sat Jan 11 18:27:29 CET 2014: 9: No solution found.
Sat Jan 11 18:27:29 CET 2014: 10: finished (33ms, 74cycles)
Sat Jan 11 18:27:29 CET 2014: 10: Solution found.
Sat Jan 11 18:27:29 CET 2014: 11: finished (8ms, 15cycles)
Sat Jan 11 18:27:29 CET 2014: 11: Solution found.
Sat Jan 11 18:27:30 CET 2014: 12: finished (199ms, 500cycles)
Sat Jan 11 18:27:30 CET 2014: 12: No solution found.
Sat Jan 11 18:27:30 CET 2014: 13: finished (21ms, 42cycles)
Sat Jan 11 18:27:30 CET 2014: 13: Solution found.
Sat Jan 11 18:27:30 CET 2014: 14: finished (203ms, 500cycles)
Sat Jan 11 18:27:30 CET 2014: 14: No solution found.
Sat Jan 11 18:27:30 CET 2014: 15: finished (200ms, 500cycles)
Sat Jan 11 18:27:30 CET 2014: 15: No solution found.
Sat Jan 11 18:27:30 CET 2014: 16: finished (41ms, 94cycles)
Sat Jan 11 18:27:30 CET 2014: 16: Solution found.
Sat Jan 11 18:27:30 CET 2014: 17: finished (203ms, 500cycles)
Sat Jan 11 18:27:30 CET 2014: 17: No solution found.
Sat Jan 11 18:27:30 CET 2014: 18: finished (205ms, 500cycles)
Sat Jan 11 18:27:30 CET 2014: 18: No solution found.
Sat Jan 11 18:27:31 CET 2014: 19: finished (203ms, 500cycles)
Sat Jan 11 18:27:31 CET 2014: 19: No solution found.
Sat Jan 11 18:27:31 CET 2014: 20: finished (203ms, 500cycles)
Sat Jan 11 18:27:31 CET 2014: 20: No solution found.
Sat Jan 11 18:27:31 CET 2014: 21: finished (188ms, 366cycles)
Sat Jan 11 18:27:31 CET 2014: 21: Solution found.
Sat Jan 11 18:27:31 CET 2014: 22: finished (10ms, 21cycles)
Sat Jan 11 18:27:31 CET 2014: 22: Solution found.
Sat Jan 11 18:27:31 CET 2014: 23: finished (213ms, 500cycles)
Sat Jan 11 18:27:31 CET 2014: 23: No solution found.
Sat Jan 11 18:27:31 CET 2014: 24: finished (212ms, 500cycles)
Sat Jan 11 18:27:31 CET 2014: 24: No solution found.
Sat Jan 11 18:27:32 CET 2014: 25: finished (199ms, 500cycles)
Sat Jan 11 18:27:32 CET 2014: 25: No solution found.
Sat Jan 11 18:27:32 CET 2014: 26: finished (201ms, 500cycles)
Sat Jan 11 18:27:32 CET 2014: 26: No solution found.
Sat Jan 11 18:27:32 CET 2014: 27: finished (203ms, 500cycles)
Sat Jan 11 18:27:32 CET 2014: 27: No solution found.
Sat Jan 11 18:27:32 CET 2014: 28: finished (3ms, 5cycles)
Sat Jan 11 18:27:32 CET 2014: 28: Solution found.
Sat Jan 11 18:27:32 CET 2014: 29: finished (201ms, 500cycles)
Sat Jan 11 18:27:32 CET 2014: 29: No solution found.
Sat Jan 11 18:27:32 CET 2014: 30: finished (202ms, 500cycles)
Sat Jan 11 18:27:32 CET 2014: 30: No solution found.
Sat Jan 11 18:27:33 CET 2014: 31: finished (20ms, 42cycles)
Sat Jan 11 18:27:33 CET 2014: 31: Solution found.
Sat Jan 11 18:27:33 CET 2014: 32: finished (9ms, 17cycles)
Sat Jan 11 18:27:33 CET 2014: 32: Solution found.
Sat Jan 11 18:27:33 CET 2014: 33: finished (202ms, 500cycles)
Sat Jan 11 18:27:33 CET 2014: 33: No solution found.
Sat Jan 11 18:27:33 CET 2014: 34: finished (203ms, 500cycles)
Sat Jan 11 18:27:33 CET 2014: 34: No solution found.
Sat Jan 11 18:27:33 CET 2014: 35: finished (6ms, 9cycles)
Sat Jan 11 18:27:33 CET 2014: 35: Solution found.
Sat Jan 11 18:27:33 CET 2014: 36: finished (201ms, 500cycles)
Sat Jan 11 18:27:33 CET 2014: 36: No solution found.
Sat Jan 11 18:27:33 CET 2014: 37: finished (202ms, 500cycles)
Sat Jan 11 18:27:33 CET 2014: 37: No solution found.
Sat Jan 11 18:27:34 CET 2014: 38: finished (204ms, 500cycles)
Sat Jan 11 18:27:34 CET 2014: 38: No solution found.
Sat Jan 11 18:27:34 CET 2014: 39: finished (200ms, 500cycles)
Sat Jan 11 18:27:34 CET 2014: 39: No solution found.
Sat Jan 11 18:27:34 CET 2014: 40: finished (206ms, 500cycles)
Sat Jan 11 18:27:34 CET 2014: 40: No solution found.
Sat Jan 11 18:27:34 CET 2014: 41: finished (16ms, 34cycles)
Sat Jan 11 18:27:34 CET 2014: 41: Solution found.
Sat Jan 11 18:27:34 CET 2014: 42: finished (217ms, 500cycles)
Sat Jan 11 18:27:34 CET 2014: 42: No solution found.
Sat Jan 11 18:27:34 CET 2014: 43: finished (201ms, 500cycles)
Sat Jan 11 18:27:34 CET 2014: 43: No solution found.
Sat Jan 11 18:27:34 CET 2014: 44: finished (14ms, 26cycles)
Sat Jan 11 18:27:34 CET 2014: 44: Solution found.
Sat Jan 11 18:27:35 CET 2014: 45: finished (202ms, 500cycles)
Sat Jan 11 18:27:35 CET 2014: 45: No solution found.
Sat Jan 11 18:27:35 CET 2014: 46: finished (2ms, 3cycles)
Sat Jan 11 18:27:35 CET 2014: 46: Solution found.
Sat Jan 11 18:27:35 CET 2014: 47: finished (201ms, 500cycles)
Sat Jan 11 18:27:35 CET 2014: 47: No solution found.
Sat Jan 11 18:27:35 CET 2014: 48: finished (200ms, 500cycles)
Sat Jan 11 18:27:35 CET 2014: 48: No solution found.
Sat Jan 11 18:27:35 CET 2014: 49: finished (202ms, 500cycles)
Sat Jan 11 18:27:35 CET 2014: 49: No solution found.
Sat Jan 11 18:27:35 CET 2014: 50: finished (207ms, 500cycles)
Sat Jan 11 18:27:35 CET 2014: 50: No solution found.
Sat Jan 11 18:27:36 CET 2014: 51: finished (215ms, 500cycles)
Sat Jan 11 18:27:36 CET 2014: 51: No solution found.
Sat Jan 11 18:27:36 CET 2014: 52: finished (212ms, 500cycles)
Sat Jan 11 18:27:36 CET 2014: 52: No solution found.
Sat Jan 11 18:27:36 CET 2014: 53: finished (8ms, 16cycles)
Sat Jan 11 18:27:36 CET 2014: 53: Solution found.
Sat Jan 11 18:27:36 CET 2014: 54: finished (3ms, 6cycles)
Sat Jan 11 18:27:36 CET 2014: 54: Solution found.
Sat Jan 11 18:27:36 CET 2014: 55: finished (205ms, 500cycles)
Sat Jan 11 18:27:36 CET 2014: 55: No solution found.
Sat Jan 11 18:27:36 CET 2014: 56: finished (200ms, 500cycles)
Sat Jan 11 18:27:36 CET 2014: 56: No solution found.
Sat Jan 11 18:27:36 CET 2014: 57: finished (216ms, 500cycles)
Sat Jan 11 18:27:36 CET 2014: 57: No solution found.
Sat Jan 11 18:27:36 CET 2014: 58: finished (8ms, 17cycles)
Sat Jan 11 18:27:36 CET 2014: 58: Solution found.
Sat Jan 11 18:27:37 CET 2014: 59: finished (212ms, 500cycles)
Sat Jan 11 18:27:37 CET 2014: 59: No solution found.
Sat Jan 11 18:27:37 CET 2014: 60: finished (206ms, 500cycles)
Sat Jan 11 18:27:37 CET 2014: 60: No solution found.
Sat Jan 11 18:27:37 CET 2014: 61: finished (7ms, 15cycles)
Sat Jan 11 18:27:37 CET 2014: 61: Solution found.
Sat Jan 11 18:27:37 CET 2014: 62: finished (13ms, 24cycles)
Sat Jan 11 18:27:37 CET 2014: 62: Solution found.
Sat Jan 11 18:27:37 CET 2014: 63: finished (8ms, 17cycles)
Sat Jan 11 18:27:37 CET 2014: 63: Solution found.
Sat Jan 11 18:27:37 CET 2014: 64: finished (303ms, 500cycles)
Sat Jan 11 18:27:37 CET 2014: 64: No solution found.
Sat Jan 11 18:27:38 CET 2014: 65: finished (517ms, 500cycles)
Sat Jan 11 18:27:38 CET 2014: 65: No solution found.
Sat Jan 11 18:27:38 CET 2014: 66: finished (500ms, 500cycles)
Sat Jan 11 18:27:38 CET 2014: 66: No solution found.
Sat Jan 11 18:27:39 CET 2014: 67: finished (500ms, 500cycles)
Sat Jan 11 18:27:39 CET 2014: 67: No solution found.
Sat Jan 11 18:27:39 CET 2014: 68: finished (501ms, 500cycles)
Sat Jan 11 18:27:39 CET 2014: 68: No solution found.
Sat Jan 11 18:27:40 CET 2014: 69: finished (520ms, 500cycles)
Sat Jan 11 18:27:40 CET 2014: 69: No solution found.
Sat Jan 11 18:27:40 CET 2014: 70: finished (501ms, 500cycles)
Sat Jan 11 18:27:40 CET 2014: 70: No solution found.
Sat Jan 11 18:27:41 CET 2014: 71: finished (506ms, 500cycles)
Sat Jan 11 18:27:41 CET 2014: 71: No solution found.
Sat Jan 11 18:27:41 CET 2014: 72: finished (51ms, 44cycles)
Sat Jan 11 18:27:41 CET 2014: 72: Solution found.
Sat Jan 11 18:27:41 CET 2014: 73: finished (522ms, 500cycles)
Sat Jan 11 18:27:41 CET 2014: 73: No solution found.
Sat Jan 11 18:27:42 CET 2014: 74: finished (501ms, 500cycles)
Sat Jan 11 18:27:42 CET 2014: 74: No solution found.
Sat Jan 11 18:27:42 CET 2014: 75: finished (546ms, 500cycles)
Sat Jan 11 18:27:42 CET 2014: 75: No solution found.
Sat Jan 11 18:27:43 CET 2014: 76: finished (524ms, 500cycles)
Sat Jan 11 18:27:43 CET 2014: 76: No solution found.
Sat Jan 11 18:27:43 CET 2014: 77: finished (369ms, 500cycles)
Sat Jan 11 18:27:43 CET 2014: 77: No solution found.
Sat Jan 11 18:27:43 CET 2014: 78: finished (3ms, 6cycles)
Sat Jan 11 18:27:43 CET 2014: 78: Solution found.
Sat Jan 11 18:27:44 CET 2014: 79: finished (209ms, 500cycles)
Sat Jan 11 18:27:44 CET 2014: 79: No solution found.
Sat Jan 11 18:27:44 CET 2014: 80: finished (198ms, 500cycles)
Sat Jan 11 18:27:44 CET 2014: 80: No solution found.
Sat Jan 11 18:27:44 CET 2014: 81: finished (203ms, 500cycles)
Sat Jan 11 18:27:44 CET 2014: 81: No solution found.
Sat Jan 11 18:27:44 CET 2014: 82: finished (202ms, 500cycles)
Sat Jan 11 18:27:44 CET 2014: 82: No solution found.
Sat Jan 11 18:27:44 CET 2014: 83: finished (200ms, 500cycles)
Sat Jan 11 18:27:44 CET 2014: 83: No solution found.
Sat Jan 11 18:27:45 CET 2014: 84: finished (201ms, 500cycles)
Sat Jan 11 18:27:45 CET 2014: 84: No solution found.
Sat Jan 11 18:27:45 CET 2014: 85: finished (201ms, 500cycles)
Sat Jan 11 18:27:45 CET 2014: 85: No solution found.
Sat Jan 11 18:27:45 CET 2014: 86: finished (213ms, 500cycles)
Sat Jan 11 18:27:45 CET 2014: 86: No solution found.
Sat Jan 11 18:27:45 CET 2014: 87: finished (209ms, 500cycles)
Sat Jan 11 18:27:45 CET 2014: 87: No solution found.
Sat Jan 11 18:27:45 CET 2014: 88: finished (201ms, 500cycles)
Sat Jan 11 18:27:45 CET 2014: 88: No solution found.
Sat Jan 11 18:27:46 CET 2014: 89: finished (202ms, 500cycles)
Sat Jan 11 18:27:46 CET 2014: 89: No solution found.
Sat Jan 11 18:27:46 CET 2014: 90: finished (7ms, 12cycles)
Sat Jan 11 18:27:46 CET 2014: 90: Solution found.
Sat Jan 11 18:27:46 CET 2014: 91: finished (8ms, 17cycles)
Sat Jan 11 18:27:46 CET 2014: 91: Solution found.
Sat Jan 11 18:27:46 CET 2014: 92: finished (21ms, 47cycles)
Sat Jan 11 18:27:46 CET 2014: 92: Solution found.
Sat Jan 11 18:27:46 CET 2014: 93: finished (14ms, 29cycles)
Sat Jan 11 18:27:46 CET 2014: 93: Solution found.
Sat Jan 11 18:27:46 CET 2014: 94: finished (12ms, 25cycles)
Sat Jan 11 18:27:46 CET 2014: 94: Solution found.
Sat Jan 11 18:27:46 CET 2014: 95: finished (203ms, 500cycles)
Sat Jan 11 18:27:46 CET 2014: 95: No solution found.
Sat Jan 11 18:27:46 CET 2014: 96: finished (8ms, 16cycles)
Sat Jan 11 18:27:46 CET 2014: 96: Solution found.
Sat Jan 11 18:27:46 CET 2014: 97: finished (199ms, 500cycles)
Sat Jan 11 18:27:46 CET 2014: 97: No solution found.
Sat Jan 11 18:27:46 CET 2014: 98: finished (199ms, 500cycles)
Sat Jan 11 18:27:46 CET 2014: 98: No solution found.
Sat Jan 11 18:27:46 CET 2014: 99: finished (23ms, 51cycles)
Sat Jan 11 18:27:46 CET 2014: 99: Solution found.
Sat Jan 11 18:27:46 CET 2014: Solution Found: 30
Sat Jan 11 18:27:46 CET 2014: Avg cycles: 38
Sat Jan 11 18:27:46 CET 2014: Max cycles: 366
Sat Jan 11 18:27:46 CET 2014: Min cycles: 3
Sat Jan 11 18:27:46 CET 2014: No solution found: 70
Sat Jan 11 18:27:46 CET 2014: logging finished. (runtime: 18965ms)
