Sat Jan 11 20:13:16 CET 2014: Problem Count: 40
Sat Jan 11 20:13:16 CET 2014: CandidatesCount: 30
Sat Jan 11 20:13:16 CET 2014: Max Cycles: 500
Sat Jan 11 20:13:16 CET 2014: 0: finished (9ms, 22cycles)
Sat Jan 11 20:13:16 CET 2014: 0: Solution found.
Sat Jan 11 20:13:16 CET 2014: 1: finished (171ms, 500cycles)
Sat Jan 11 20:13:16 CET 2014: 1: No solution found.
Sat Jan 11 20:13:16 CET 2014: 2: finished (159ms, 500cycles)
Sat Jan 11 20:13:16 CET 2014: 2: No solution found.
Sat Jan 11 20:13:17 CET 2014: 3: finished (170ms, 500cycles)
Sat Jan 11 20:13:17 CET 2014: 3: No solution found.
Sat Jan 11 20:13:17 CET 2014: 4: finished (154ms, 500cycles)
Sat Jan 11 20:13:17 CET 2014: 4: No solution found.
Sat Jan 11 20:13:17 CET 2014: 5: finished (172ms, 500cycles)
Sat Jan 11 20:13:17 CET 2014: 5: No solution found.
Sat Jan 11 20:13:17 CET 2014: 6: finished (166ms, 500cycles)
Sat Jan 11 20:13:17 CET 2014: 6: No solution found.
Sat Jan 11 20:13:18 CET 2014: 7: finished (463ms, 500cycles)
Sat Jan 11 20:13:18 CET 2014: 7: No solution found.
Sat Jan 11 20:13:18 CET 2014: 8: finished (10ms, 10cycles)
Sat Jan 11 20:13:18 CET 2014: 8: Solution found.
Sat Jan 11 20:13:18 CET 2014: 9: finished (406ms, 500cycles)
Sat Jan 11 20:13:18 CET 2014: 9: No solution found.
Sat Jan 11 20:13:18 CET 2014: 10: finished (34ms, 36cycles)
Sat Jan 11 20:13:18 CET 2014: 10: Solution found.
Sat Jan 11 20:13:18 CET 2014: 11: finished (426ms, 500cycles)
Sat Jan 11 20:13:18 CET 2014: 11: No solution found.
Sat Jan 11 20:13:19 CET 2014: 12: finished (412ms, 500cycles)
Sat Jan 11 20:13:19 CET 2014: 12: No solution found.
Sat Jan 11 20:13:19 CET 2014: 13: finished (14ms, 14cycles)
Sat Jan 11 20:13:19 CET 2014: 13: Solution found.
Sat Jan 11 20:13:19 CET 2014: 14: finished (395ms, 500cycles)
Sat Jan 11 20:13:19 CET 2014: 14: No solution found.
Sat Jan 11 20:13:20 CET 2014: 15: finished (389ms, 500cycles)
Sat Jan 11 20:13:20 CET 2014: 15: No solution found.
Sat Jan 11 20:13:20 CET 2014: 16: finished (406ms, 500cycles)
Sat Jan 11 20:13:20 CET 2014: 16: No solution found.
Sat Jan 11 20:13:20 CET 2014: 17: finished (392ms, 500cycles)
Sat Jan 11 20:13:20 CET 2014: 17: No solution found.
Sat Jan 11 20:13:21 CET 2014: 18: finished (410ms, 500cycles)
Sat Jan 11 20:13:21 CET 2014: 18: No solution found.
Sat Jan 11 20:13:21 CET 2014: 19: finished (83ms, 85cycles)
Sat Jan 11 20:13:21 CET 2014: 19: Solution found.
Sat Jan 11 20:13:21 CET 2014: 20: finished (398ms, 500cycles)
Sat Jan 11 20:13:21 CET 2014: 20: No solution found.
Sat Jan 11 20:13:22 CET 2014: 21: finished (448ms, 500cycles)
Sat Jan 11 20:13:22 CET 2014: 21: No solution found.
Sat Jan 11 20:13:22 CET 2014: 22: finished (413ms, 500cycles)
Sat Jan 11 20:13:22 CET 2014: 22: No solution found.
Sat Jan 11 20:13:23 CET 2014: 23: finished (428ms, 500cycles)
Sat Jan 11 20:13:23 CET 2014: 23: No solution found.
Sat Jan 11 20:13:23 CET 2014: 24: finished (393ms, 500cycles)
Sat Jan 11 20:13:23 CET 2014: 24: No solution found.
Sat Jan 11 20:13:23 CET 2014: 25: finished (298ms, 500cycles)
Sat Jan 11 20:13:23 CET 2014: 25: No solution found.
Sat Jan 11 20:13:23 CET 2014: 26: finished (165ms, 500cycles)
Sat Jan 11 20:13:23 CET 2014: 26: No solution found.
Sat Jan 11 20:13:24 CET 2014: 27: finished (192ms, 500cycles)
Sat Jan 11 20:13:24 CET 2014: 27: No solution found.
Sat Jan 11 20:13:24 CET 2014: 28: finished (7ms, 13cycles)
Sat Jan 11 20:13:24 CET 2014: 28: Solution found.
Sat Jan 11 20:13:24 CET 2014: 29: finished (4ms, 6cycles)
Sat Jan 11 20:13:24 CET 2014: 29: Solution found.
Sat Jan 11 20:13:24 CET 2014: 30: finished (159ms, 500cycles)
Sat Jan 11 20:13:24 CET 2014: 30: No solution found.
Sat Jan 11 20:13:24 CET 2014: 31: finished (159ms, 500cycles)
Sat Jan 11 20:13:24 CET 2014: 31: No solution found.
Sat Jan 11 20:13:24 CET 2014: 32: finished (8ms, 17cycles)
Sat Jan 11 20:13:24 CET 2014: 32: Solution found.
Sat Jan 11 20:13:24 CET 2014: 33: finished (182ms, 500cycles)
Sat Jan 11 20:13:24 CET 2014: 33: No solution found.
Sat Jan 11 20:13:24 CET 2014: 34: finished (155ms, 500cycles)
Sat Jan 11 20:13:24 CET 2014: 34: No solution found.
Sat Jan 11 20:13:24 CET 2014: 35: finished (3ms, 8cycles)
Sat Jan 11 20:13:24 CET 2014: 35: Solution found.
Sat Jan 11 20:13:24 CET 2014: 36: finished (3ms, 5cycles)
Sat Jan 11 20:13:24 CET 2014: 36: Solution found.
Sat Jan 11 20:13:24 CET 2014: 37: finished (158ms, 500cycles)
Sat Jan 11 20:13:24 CET 2014: 37: No solution found.
Sat Jan 11 20:13:25 CET 2014: 38: finished (164ms, 500cycles)
Sat Jan 11 20:13:25 CET 2014: 38: No solution found.
Sat Jan 11 20:13:25 CET 2014: 39: finished (162ms, 500cycles)
Sat Jan 11 20:13:25 CET 2014: 39: No solution found.
Sat Jan 11 20:13:25 CET 2014: 40: finished (172ms, 500cycles)
Sat Jan 11 20:13:25 CET 2014: 40: No solution found.
Sat Jan 11 20:13:25 CET 2014: 41: finished (17ms, 45cycles)
Sat Jan 11 20:13:25 CET 2014: 41: Solution found.
Sat Jan 11 20:13:25 CET 2014: 42: finished (157ms, 500cycles)
Sat Jan 11 20:13:25 CET 2014: 42: No solution found.
Sat Jan 11 20:13:25 CET 2014: 43: finished (38ms, 105cycles)
Sat Jan 11 20:13:25 CET 2014: 43: Solution found.
Sat Jan 11 20:13:25 CET 2014: 44: finished (4ms, 9cycles)
Sat Jan 11 20:13:25 CET 2014: 44: Solution found.
Sat Jan 11 20:13:25 CET 2014: 45: finished (162ms, 500cycles)
Sat Jan 11 20:13:25 CET 2014: 45: No solution found.
Sat Jan 11 20:13:26 CET 2014: 46: finished (171ms, 500cycles)
Sat Jan 11 20:13:26 CET 2014: 46: No solution found.
Sat Jan 11 20:13:26 CET 2014: 47: finished (160ms, 500cycles)
Sat Jan 11 20:13:26 CET 2014: 47: No solution found.
Sat Jan 11 20:13:26 CET 2014: 48: finished (16ms, 43cycles)
Sat Jan 11 20:13:26 CET 2014: 48: Solution found.
Sat Jan 11 20:13:26 CET 2014: 49: finished (5ms, 14cycles)
Sat Jan 11 20:13:26 CET 2014: 49: Solution found.
Sat Jan 11 20:13:26 CET 2014: 50: finished (159ms, 500cycles)
Sat Jan 11 20:13:26 CET 2014: 50: No solution found.
Sat Jan 11 20:13:26 CET 2014: 51: finished (162ms, 500cycles)
Sat Jan 11 20:13:26 CET 2014: 51: No solution found.
Sat Jan 11 20:13:26 CET 2014: 52: finished (5ms, 11cycles)
Sat Jan 11 20:13:26 CET 2014: 52: Solution found.
Sat Jan 11 20:13:26 CET 2014: 53: finished (169ms, 500cycles)
Sat Jan 11 20:13:26 CET 2014: 53: No solution found.
Sat Jan 11 20:13:26 CET 2014: 54: finished (155ms, 500cycles)
Sat Jan 11 20:13:26 CET 2014: 54: No solution found.
Sat Jan 11 20:13:27 CET 2014: 55: finished (161ms, 500cycles)
Sat Jan 11 20:13:27 CET 2014: 55: No solution found.
Sat Jan 11 20:13:27 CET 2014: 56: finished (158ms, 500cycles)
Sat Jan 11 20:13:27 CET 2014: 56: No solution found.
Sat Jan 11 20:13:27 CET 2014: 57: finished (158ms, 500cycles)
Sat Jan 11 20:13:27 CET 2014: 57: No solution found.
Sat Jan 11 20:13:27 CET 2014: 58: finished (167ms, 500cycles)
Sat Jan 11 20:13:27 CET 2014: 58: No solution found.
Sat Jan 11 20:13:27 CET 2014: 59: finished (172ms, 500cycles)
Sat Jan 11 20:13:27 CET 2014: 59: No solution found.
Sat Jan 11 20:13:27 CET 2014: 60: finished (156ms, 500cycles)
Sat Jan 11 20:13:27 CET 2014: 60: No solution found.
Sat Jan 11 20:13:27 CET 2014: 61: finished (9ms, 21cycles)
Sat Jan 11 20:13:27 CET 2014: 61: Solution found.
Sat Jan 11 20:13:28 CET 2014: 62: finished (170ms, 500cycles)
Sat Jan 11 20:13:28 CET 2014: 62: No solution found.
Sat Jan 11 20:13:28 CET 2014: 63: finished (172ms, 500cycles)
Sat Jan 11 20:13:28 CET 2014: 63: No solution found.
Sat Jan 11 20:13:28 CET 2014: 64: finished (161ms, 500cycles)
Sat Jan 11 20:13:28 CET 2014: 64: No solution found.
Sat Jan 11 20:13:28 CET 2014: 65: finished (166ms, 500cycles)
Sat Jan 11 20:13:28 CET 2014: 65: No solution found.
Sat Jan 11 20:13:28 CET 2014: 66: finished (8ms, 19cycles)
Sat Jan 11 20:13:28 CET 2014: 66: Solution found.
Sat Jan 11 20:13:28 CET 2014: 67: finished (159ms, 500cycles)
Sat Jan 11 20:13:28 CET 2014: 67: No solution found.
Sat Jan 11 20:13:28 CET 2014: 68: finished (180ms, 500cycles)
Sat Jan 11 20:13:28 CET 2014: 68: No solution found.
Sat Jan 11 20:13:29 CET 2014: 69: finished (160ms, 500cycles)
Sat Jan 11 20:13:29 CET 2014: 69: No solution found.
Sat Jan 11 20:13:29 CET 2014: 70: finished (169ms, 500cycles)
Sat Jan 11 20:13:29 CET 2014: 70: No solution found.
Sat Jan 11 20:13:29 CET 2014: 71: finished (159ms, 500cycles)
Sat Jan 11 20:13:29 CET 2014: 71: No solution found.
Sat Jan 11 20:13:29 CET 2014: 72: finished (177ms, 500cycles)
Sat Jan 11 20:13:29 CET 2014: 72: No solution found.
Sat Jan 11 20:13:29 CET 2014: 73: finished (159ms, 500cycles)
Sat Jan 11 20:13:29 CET 2014: 73: No solution found.
Sat Jan 11 20:13:29 CET 2014: 74: finished (161ms, 500cycles)
Sat Jan 11 20:13:29 CET 2014: 74: No solution found.
Sat Jan 11 20:13:30 CET 2014: 75: finished (166ms, 500cycles)
Sat Jan 11 20:13:30 CET 2014: 75: No solution found.
Sat Jan 11 20:13:30 CET 2014: 76: finished (11ms, 27cycles)
Sat Jan 11 20:13:30 CET 2014: 76: Solution found.
Sat Jan 11 20:13:30 CET 2014: 77: finished (6ms, 16cycles)
Sat Jan 11 20:13:30 CET 2014: 77: Solution found.
Sat Jan 11 20:13:30 CET 2014: 78: finished (158ms, 500cycles)
Sat Jan 11 20:13:30 CET 2014: 78: No solution found.
Sat Jan 11 20:13:30 CET 2014: 79: finished (179ms, 500cycles)
Sat Jan 11 20:13:30 CET 2014: 79: No solution found.
Sat Jan 11 20:13:30 CET 2014: 80: finished (3ms, 4cycles)
Sat Jan 11 20:13:30 CET 2014: 80: Solution found.
Sat Jan 11 20:13:30 CET 2014: 81: finished (7ms, 18cycles)
Sat Jan 11 20:13:30 CET 2014: 81: Solution found.
Sat Jan 11 20:13:30 CET 2014: 82: finished (1ms, 1cycles)
Sat Jan 11 20:13:30 CET 2014: 82: Solution found.
Sat Jan 11 20:13:30 CET 2014: 83: finished (160ms, 500cycles)
Sat Jan 11 20:13:30 CET 2014: 83: No solution found.
Sat Jan 11 20:13:30 CET 2014: 84: finished (168ms, 500cycles)
Sat Jan 11 20:13:30 CET 2014: 84: No solution found.
Sat Jan 11 20:13:30 CET 2014: 85: finished (5ms, 14cycles)
Sat Jan 11 20:13:30 CET 2014: 85: Solution found.
Sat Jan 11 20:13:30 CET 2014: 86: finished (161ms, 500cycles)
Sat Jan 11 20:13:30 CET 2014: 86: No solution found.
Sat Jan 11 20:13:30 CET 2014: 87: finished (5ms, 13cycles)
Sat Jan 11 20:13:30 CET 2014: 87: Solution found.
Sat Jan 11 20:13:30 CET 2014: 88: finished (7ms, 17cycles)
Sat Jan 11 20:13:30 CET 2014: 88: Solution found.
Sat Jan 11 20:13:31 CET 2014: 89: finished (168ms, 500cycles)
Sat Jan 11 20:13:31 CET 2014: 89: No solution found.
Sat Jan 11 20:13:31 CET 2014: 90: finished (16ms, 22cycles)
Sat Jan 11 20:13:31 CET 2014: 90: Solution found.
Sat Jan 11 20:13:31 CET 2014: 91: finished (14ms, 26cycles)
Sat Jan 11 20:13:31 CET 2014: 91: Solution found.
Sat Jan 11 20:13:31 CET 2014: 92: finished (173ms, 500cycles)
Sat Jan 11 20:13:31 CET 2014: 92: No solution found.
Sat Jan 11 20:13:31 CET 2014: 93: finished (168ms, 500cycles)
Sat Jan 11 20:13:31 CET 2014: 93: No solution found.
Sat Jan 11 20:13:31 CET 2014: 94: finished (159ms, 500cycles)
Sat Jan 11 20:13:31 CET 2014: 94: No solution found.
Sat Jan 11 20:13:31 CET 2014: 95: finished (161ms, 500cycles)
Sat Jan 11 20:13:31 CET 2014: 95: No solution found.
Sat Jan 11 20:13:31 CET 2014: 96: finished (158ms, 500cycles)
Sat Jan 11 20:13:31 CET 2014: 96: No solution found.
Sat Jan 11 20:13:31 CET 2014: 97: finished (3ms, 6cycles)
Sat Jan 11 20:13:31 CET 2014: 97: Solution found.
Sat Jan 11 20:13:31 CET 2014: 98: finished (5ms, 13cycles)
Sat Jan 11 20:13:31 CET 2014: 98: Solution found.
Sat Jan 11 20:13:32 CET 2014: 99: finished (160ms, 500cycles)
Sat Jan 11 20:13:32 CET 2014: 99: No solution found.
Sat Jan 11 20:13:32 CET 2014: Solution Found: 30
Sat Jan 11 20:13:32 CET 2014: Avg cycles: 22
Sat Jan 11 20:13:32 CET 2014: Max cycles: 105
Sat Jan 11 20:13:32 CET 2014: Min cycles: 1
Sat Jan 11 20:13:32 CET 2014: No solution found: 70
Sat Jan 11 20:13:32 CET 2014: logging finished. (runtime: 15519ms)
