Sat Jan 11 16:31:36 CET 2014: Problem Count: 10
Sat Jan 11 16:31:36 CET 2014: CandidatesCount: 40
Sat Jan 11 16:31:36 CET 2014: Max Cycles: 500
Sat Jan 11 16:31:36 CET 2014: 0: finished (52ms, 500cycles)
Sat Jan 11 16:31:36 CET 2014: 0: No solution found.
Sat Jan 11 16:31:36 CET 2014: 1: finished (61ms, 500cycles)
Sat Jan 11 16:31:36 CET 2014: 1: No solution found.
Sat Jan 11 16:31:36 CET 2014: 2: finished (55ms, 500cycles)
Sat Jan 11 16:31:36 CET 2014: 2: No solution found.
Sat Jan 11 16:31:36 CET 2014: 3: finished (52ms, 500cycles)
Sat Jan 11 16:31:36 CET 2014: 3: No solution found.
Sat Jan 11 16:31:36 CET 2014: 4: finished (2ms, 13cycles)
Sat Jan 11 16:31:36 CET 2014: 4: Solution found.
Sat Jan 11 16:31:36 CET 2014: 5: finished (57ms, 500cycles)
Sat Jan 11 16:31:36 CET 2014: 5: No solution found.
Sat Jan 11 16:31:36 CET 2014: 6: finished (50ms, 500cycles)
Sat Jan 11 16:31:36 CET 2014: 6: No solution found.
Sat Jan 11 16:31:36 CET 2014: 7: finished (5ms, 21cycles)
Sat Jan 11 16:31:36 CET 2014: 7: Solution found.
Sat Jan 11 16:31:36 CET 2014: 8: finished (4ms, 16cycles)
Sat Jan 11 16:31:36 CET 2014: 8: Solution found.
Sat Jan 11 16:31:36 CET 2014: 9: finished (54ms, 500cycles)
Sat Jan 11 16:31:36 CET 2014: 9: No solution found.
Sat Jan 11 16:31:36 CET 2014: 10: finished (59ms, 500cycles)
Sat Jan 11 16:31:36 CET 2014: 10: No solution found.
Sat Jan 11 16:31:36 CET 2014: 11: finished (61ms, 500cycles)
Sat Jan 11 16:31:36 CET 2014: 11: No solution found.
Sat Jan 11 16:31:36 CET 2014: 12: finished (66ms, 500cycles)
Sat Jan 11 16:31:36 CET 2014: 12: No solution found.
Sat Jan 11 16:31:37 CET 2014: 13: finished (52ms, 500cycles)
Sat Jan 11 16:31:37 CET 2014: 13: No solution found.
Sat Jan 11 16:31:37 CET 2014: 14: finished (62ms, 500cycles)
Sat Jan 11 16:31:37 CET 2014: 14: No solution found.
Sat Jan 11 16:31:37 CET 2014: 15: finished (52ms, 500cycles)
Sat Jan 11 16:31:37 CET 2014: 15: No solution found.
Sat Jan 11 16:31:37 CET 2014: 16: finished (54ms, 500cycles)
Sat Jan 11 16:31:37 CET 2014: 16: No solution found.
Sat Jan 11 16:31:37 CET 2014: 17: finished (58ms, 500cycles)
Sat Jan 11 16:31:37 CET 2014: 17: No solution found.
Sat Jan 11 16:31:37 CET 2014: 18: finished (50ms, 500cycles)
Sat Jan 11 16:31:37 CET 2014: 18: No solution found.
Sat Jan 11 16:31:37 CET 2014: 19: finished (55ms, 500cycles)
Sat Jan 11 16:31:37 CET 2014: 19: No solution found.
Sat Jan 11 16:31:37 CET 2014: 20: finished (58ms, 500cycles)
Sat Jan 11 16:31:37 CET 2014: 20: No solution found.
Sat Jan 11 16:31:37 CET 2014: 21: finished (54ms, 500cycles)
Sat Jan 11 16:31:37 CET 2014: 21: No solution found.
Sat Jan 11 16:31:37 CET 2014: 22: finished (62ms, 500cycles)
Sat Jan 11 16:31:37 CET 2014: 22: No solution found.
Sat Jan 11 16:31:37 CET 2014: 23: finished (58ms, 500cycles)
Sat Jan 11 16:31:37 CET 2014: 23: No solution found.
Sat Jan 11 16:31:37 CET 2014: 24: finished (53ms, 500cycles)
Sat Jan 11 16:31:37 CET 2014: 24: No solution found.
Sat Jan 11 16:31:37 CET 2014: 25: finished (52ms, 500cycles)
Sat Jan 11 16:31:37 CET 2014: 25: No solution found.
Sat Jan 11 16:31:37 CET 2014: 26: finished (52ms, 500cycles)
Sat Jan 11 16:31:37 CET 2014: 26: No solution found.
Sat Jan 11 16:31:37 CET 2014: 27: finished (56ms, 500cycles)
Sat Jan 11 16:31:37 CET 2014: 27: No solution found.
Sat Jan 11 16:31:37 CET 2014: 28: finished (6ms, 29cycles)
Sat Jan 11 16:31:37 CET 2014: 28: Solution found.
Sat Jan 11 16:31:37 CET 2014: 29: finished (4ms, 26cycles)
Sat Jan 11 16:31:37 CET 2014: 29: Solution found.
Sat Jan 11 16:31:37 CET 2014: 30: finished (2ms, 10cycles)
Sat Jan 11 16:31:37 CET 2014: 30: Solution found.
Sat Jan 11 16:31:37 CET 2014: 31: finished (54ms, 500cycles)
Sat Jan 11 16:31:37 CET 2014: 31: No solution found.
Sat Jan 11 16:31:37 CET 2014: 32: finished (56ms, 500cycles)
Sat Jan 11 16:31:37 CET 2014: 32: No solution found.
Sat Jan 11 16:31:37 CET 2014: 33: finished (53ms, 500cycles)
Sat Jan 11 16:31:37 CET 2014: 33: No solution found.
Sat Jan 11 16:31:38 CET 2014: 34: finished (56ms, 500cycles)
Sat Jan 11 16:31:38 CET 2014: 34: No solution found.
Sat Jan 11 16:31:38 CET 2014: 35: finished (54ms, 500cycles)
Sat Jan 11 16:31:38 CET 2014: 35: No solution found.
Sat Jan 11 16:31:38 CET 2014: 36: finished (53ms, 500cycles)
Sat Jan 11 16:31:38 CET 2014: 36: No solution found.
Sat Jan 11 16:31:38 CET 2014: 37: finished (56ms, 500cycles)
Sat Jan 11 16:31:38 CET 2014: 37: No solution found.
Sat Jan 11 16:31:38 CET 2014: 38: finished (4ms, 25cycles)
Sat Jan 11 16:31:38 CET 2014: 38: Solution found.
Sat Jan 11 16:31:38 CET 2014: 39: finished (60ms, 500cycles)
Sat Jan 11 16:31:38 CET 2014: 39: No solution found.
Sat Jan 11 16:31:38 CET 2014: 40: finished (54ms, 500cycles)
Sat Jan 11 16:31:38 CET 2014: 40: No solution found.
Sat Jan 11 16:31:38 CET 2014: 41: finished (66ms, 500cycles)
Sat Jan 11 16:31:38 CET 2014: 41: No solution found.
Sat Jan 11 16:31:38 CET 2014: 42: finished (5ms, 20cycles)
Sat Jan 11 16:31:38 CET 2014: 42: Solution found.
Sat Jan 11 16:31:38 CET 2014: 43: finished (5ms, 17cycles)
Sat Jan 11 16:31:38 CET 2014: 43: Solution found.
Sat Jan 11 16:31:38 CET 2014: 44: finished (52ms, 500cycles)
Sat Jan 11 16:31:38 CET 2014: 44: No solution found.
Sat Jan 11 16:31:38 CET 2014: 45: finished (52ms, 500cycles)
Sat Jan 11 16:31:38 CET 2014: 45: No solution found.
Sat Jan 11 16:31:38 CET 2014: 46: finished (55ms, 500cycles)
Sat Jan 11 16:31:38 CET 2014: 46: No solution found.
Sat Jan 11 16:31:38 CET 2014: 47: finished (52ms, 500cycles)
Sat Jan 11 16:31:38 CET 2014: 47: No solution found.
Sat Jan 11 16:31:38 CET 2014: 48: finished (57ms, 500cycles)
Sat Jan 11 16:31:38 CET 2014: 48: No solution found.
Sat Jan 11 16:31:38 CET 2014: 49: finished (52ms, 500cycles)
Sat Jan 11 16:31:38 CET 2014: 49: No solution found.
Sat Jan 11 16:31:38 CET 2014: 50: finished (4ms, 20cycles)
Sat Jan 11 16:31:38 CET 2014: 50: Solution found.
Sat Jan 11 16:31:38 CET 2014: 51: finished (53ms, 500cycles)
Sat Jan 11 16:31:38 CET 2014: 51: No solution found.
Sat Jan 11 16:31:38 CET 2014: 52: finished (57ms, 500cycles)
Sat Jan 11 16:31:38 CET 2014: 52: No solution found.
Sat Jan 11 16:31:38 CET 2014: 53: finished (52ms, 500cycles)
Sat Jan 11 16:31:38 CET 2014: 53: No solution found.
Sat Jan 11 16:31:38 CET 2014: 54: finished (56ms, 500cycles)
Sat Jan 11 16:31:38 CET 2014: 54: No solution found.
Sat Jan 11 16:31:38 CET 2014: 55: finished (53ms, 500cycles)
Sat Jan 11 16:31:38 CET 2014: 55: No solution found.
Sat Jan 11 16:31:38 CET 2014: 56: finished (2ms, 9cycles)
Sat Jan 11 16:31:38 CET 2014: 56: Solution found.
Sat Jan 11 16:31:39 CET 2014: 57: finished (54ms, 500cycles)
Sat Jan 11 16:31:39 CET 2014: 57: No solution found.
Sat Jan 11 16:31:39 CET 2014: 58: finished (54ms, 500cycles)
Sat Jan 11 16:31:39 CET 2014: 58: No solution found.
Sat Jan 11 16:31:39 CET 2014: 59: finished (53ms, 500cycles)
Sat Jan 11 16:31:39 CET 2014: 59: No solution found.
Sat Jan 11 16:31:39 CET 2014: 60: finished (52ms, 500cycles)
Sat Jan 11 16:31:39 CET 2014: 60: No solution found.
Sat Jan 11 16:31:39 CET 2014: 61: finished (60ms, 500cycles)
Sat Jan 11 16:31:39 CET 2014: 61: No solution found.
Sat Jan 11 16:31:39 CET 2014: 62: finished (56ms, 500cycles)
Sat Jan 11 16:31:39 CET 2014: 62: No solution found.
Sat Jan 11 16:31:39 CET 2014: 63: finished (56ms, 500cycles)
Sat Jan 11 16:31:39 CET 2014: 63: No solution found.
Sat Jan 11 16:31:39 CET 2014: 64: finished (55ms, 500cycles)
Sat Jan 11 16:31:39 CET 2014: 64: No solution found.
Sat Jan 11 16:31:39 CET 2014: 65: finished (55ms, 500cycles)
Sat Jan 11 16:31:39 CET 2014: 65: No solution found.
Sat Jan 11 16:31:39 CET 2014: 66: finished (52ms, 500cycles)
Sat Jan 11 16:31:39 CET 2014: 66: No solution found.
Sat Jan 11 16:31:39 CET 2014: 67: finished (3ms, 13cycles)
Sat Jan 11 16:31:39 CET 2014: 67: Solution found.
Sat Jan 11 16:31:39 CET 2014: 68: finished (53ms, 500cycles)
Sat Jan 11 16:31:39 CET 2014: 68: No solution found.
Sat Jan 11 16:31:39 CET 2014: 69: finished (54ms, 500cycles)
Sat Jan 11 16:31:39 CET 2014: 69: No solution found.
Sat Jan 11 16:31:39 CET 2014: 70: finished (55ms, 500cycles)
Sat Jan 11 16:31:39 CET 2014: 70: No solution found.
Sat Jan 11 16:31:39 CET 2014: 71: finished (59ms, 500cycles)
Sat Jan 11 16:31:39 CET 2014: 71: No solution found.
Sat Jan 11 16:31:39 CET 2014: 72: finished (55ms, 500cycles)
Sat Jan 11 16:31:39 CET 2014: 72: No solution found.
Sat Jan 11 16:31:39 CET 2014: 73: finished (52ms, 500cycles)
Sat Jan 11 16:31:39 CET 2014: 73: No solution found.
Sat Jan 11 16:31:39 CET 2014: 74: finished (56ms, 500cycles)
Sat Jan 11 16:31:39 CET 2014: 74: No solution found.
Sat Jan 11 16:31:39 CET 2014: 75: finished (54ms, 500cycles)
Sat Jan 11 16:31:39 CET 2014: 75: No solution found.
Sat Jan 11 16:31:40 CET 2014: 76: finished (55ms, 500cycles)
Sat Jan 11 16:31:40 CET 2014: 76: No solution found.
Sat Jan 11 16:31:40 CET 2014: 77: finished (5ms, 27cycles)
Sat Jan 11 16:31:40 CET 2014: 77: Solution found.
Sat Jan 11 16:31:40 CET 2014: 78: finished (57ms, 500cycles)
Sat Jan 11 16:31:40 CET 2014: 78: No solution found.
Sat Jan 11 16:31:40 CET 2014: 79: finished (3ms, 12cycles)
Sat Jan 11 16:31:40 CET 2014: 79: Solution found.
Sat Jan 11 16:31:40 CET 2014: 80: finished (52ms, 500cycles)
Sat Jan 11 16:31:40 CET 2014: 80: No solution found.
Sat Jan 11 16:31:40 CET 2014: 81: finished (5ms, 33cycles)
Sat Jan 11 16:31:40 CET 2014: 81: Solution found.
Sat Jan 11 16:31:40 CET 2014: 82: finished (55ms, 500cycles)
Sat Jan 11 16:31:40 CET 2014: 82: No solution found.
Sat Jan 11 16:31:40 CET 2014: 83: finished (53ms, 500cycles)
Sat Jan 11 16:31:40 CET 2014: 83: No solution found.
Sat Jan 11 16:31:40 CET 2014: 84: finished (55ms, 500cycles)
Sat Jan 11 16:31:40 CET 2014: 84: No solution found.
Sat Jan 11 16:31:40 CET 2014: 85: finished (66ms, 500cycles)
Sat Jan 11 16:31:40 CET 2014: 85: No solution found.
Sat Jan 11 16:31:40 CET 2014: 86: finished (57ms, 500cycles)
Sat Jan 11 16:31:40 CET 2014: 86: No solution found.
Sat Jan 11 16:31:40 CET 2014: 87: finished (56ms, 500cycles)
Sat Jan 11 16:31:40 CET 2014: 87: No solution found.
Sat Jan 11 16:31:40 CET 2014: 88: finished (55ms, 500cycles)
Sat Jan 11 16:31:40 CET 2014: 88: No solution found.
Sat Jan 11 16:31:40 CET 2014: 89: finished (60ms, 500cycles)
Sat Jan 11 16:31:40 CET 2014: 89: No solution found.
Sat Jan 11 16:31:40 CET 2014: 90: finished (57ms, 500cycles)
Sat Jan 11 16:31:40 CET 2014: 90: No solution found.
Sat Jan 11 16:31:40 CET 2014: 91: finished (6ms, 35cycles)
Sat Jan 11 16:31:40 CET 2014: 91: Solution found.
Sat Jan 11 16:31:40 CET 2014: 92: finished (1ms, 5cycles)
Sat Jan 11 16:31:40 CET 2014: 92: Solution found.
Sat Jan 11 16:31:40 CET 2014: 93: finished (2ms, 9cycles)
Sat Jan 11 16:31:40 CET 2014: 93: Solution found.
Sat Jan 11 16:31:40 CET 2014: 94: finished (3ms, 15cycles)
Sat Jan 11 16:31:40 CET 2014: 94: Solution found.
Sat Jan 11 16:31:40 CET 2014: 95: finished (4ms, 28cycles)
Sat Jan 11 16:31:40 CET 2014: 95: Solution found.
Sat Jan 11 16:31:40 CET 2014: 96: finished (4ms, 26cycles)
Sat Jan 11 16:31:40 CET 2014: 96: Solution found.
Sat Jan 11 16:31:40 CET 2014: 97: finished (53ms, 500cycles)
Sat Jan 11 16:31:40 CET 2014: 97: No solution found.
Sat Jan 11 16:31:40 CET 2014: 98: finished (56ms, 500cycles)
Sat Jan 11 16:31:40 CET 2014: 98: No solution found.
Sat Jan 11 16:31:40 CET 2014: 99: finished (6ms, 32cycles)
Sat Jan 11 16:31:40 CET 2014: 99: Solution found.
Sat Jan 11 16:31:40 CET 2014: Solution Found: 22
Sat Jan 11 16:31:40 CET 2014: Avg cycles: 20
Sat Jan 11 16:31:40 CET 2014: Max cycles: 35
Sat Jan 11 16:31:40 CET 2014: Min cycles: 5
Sat Jan 11 16:31:40 CET 2014: No solution found: 78
Sat Jan 11 16:31:40 CET 2014: logging finished. (runtime: 4431ms)
