Sat Jan 11 19:52:52 CET 2014: Problem Count: 30
Sat Jan 11 19:52:52 CET 2014: CandidatesCount: 30
Sat Jan 11 19:52:52 CET 2014: Max Cycles: 500
Sat Jan 11 19:52:53 CET 2014: 0: finished (114ms, 500cycles)
Sat Jan 11 19:52:53 CET 2014: 0: No solution found.
Sat Jan 11 19:52:53 CET 2014: 1: finished (115ms, 500cycles)
Sat Jan 11 19:52:53 CET 2014: 1: No solution found.
Sat Jan 11 19:52:53 CET 2014: 2: finished (111ms, 500cycles)
Sat Jan 11 19:52:53 CET 2014: 2: No solution found.
Sat Jan 11 19:52:53 CET 2014: 3: finished (113ms, 500cycles)
Sat Jan 11 19:52:53 CET 2014: 3: No solution found.
Sat Jan 11 19:52:53 CET 2014: 4: finished (112ms, 500cycles)
Sat Jan 11 19:52:53 CET 2014: 4: No solution found.
Sat Jan 11 19:52:53 CET 2014: 5: finished (113ms, 500cycles)
Sat Jan 11 19:52:53 CET 2014: 5: No solution found.
Sat Jan 11 19:52:53 CET 2014: 6: finished (112ms, 500cycles)
Sat Jan 11 19:52:53 CET 2014: 6: No solution found.
Sat Jan 11 19:52:53 CET 2014: 7: finished (4ms, 12cycles)
Sat Jan 11 19:52:53 CET 2014: 7: Solution found.
Sat Jan 11 19:52:53 CET 2014: 8: finished (113ms, 500cycles)
Sat Jan 11 19:52:53 CET 2014: 8: No solution found.
Sat Jan 11 19:52:53 CET 2014: 9: finished (115ms, 500cycles)
Sat Jan 11 19:52:53 CET 2014: 9: No solution found.
Sat Jan 11 19:52:54 CET 2014: 10: finished (119ms, 500cycles)
Sat Jan 11 19:52:54 CET 2014: 10: No solution found.
Sat Jan 11 19:52:54 CET 2014: 11: finished (122ms, 500cycles)
Sat Jan 11 19:52:54 CET 2014: 11: No solution found.
Sat Jan 11 19:52:54 CET 2014: 12: finished (121ms, 500cycles)
Sat Jan 11 19:52:54 CET 2014: 12: No solution found.
Sat Jan 11 19:52:54 CET 2014: 13: finished (9ms, 31cycles)
Sat Jan 11 19:52:54 CET 2014: 13: Solution found.
Sat Jan 11 19:52:54 CET 2014: 14: finished (112ms, 500cycles)
Sat Jan 11 19:52:54 CET 2014: 14: No solution found.
Sat Jan 11 19:52:54 CET 2014: 15: finished (111ms, 500cycles)
Sat Jan 11 19:52:54 CET 2014: 15: No solution found.
Sat Jan 11 19:52:54 CET 2014: 16: finished (111ms, 500cycles)
Sat Jan 11 19:52:54 CET 2014: 16: No solution found.
Sat Jan 11 19:52:54 CET 2014: 17: finished (14ms, 53cycles)
Sat Jan 11 19:52:54 CET 2014: 17: Solution found.
Sat Jan 11 19:52:54 CET 2014: 18: finished (109ms, 500cycles)
Sat Jan 11 19:52:54 CET 2014: 18: No solution found.
Sat Jan 11 19:52:54 CET 2014: 19: finished (113ms, 500cycles)
Sat Jan 11 19:52:54 CET 2014: 19: No solution found.
Sat Jan 11 19:52:54 CET 2014: 20: finished (111ms, 500cycles)
Sat Jan 11 19:52:54 CET 2014: 20: No solution found.
Sat Jan 11 19:52:55 CET 2014: 21: finished (110ms, 500cycles)
Sat Jan 11 19:52:55 CET 2014: 21: No solution found.
Sat Jan 11 19:52:55 CET 2014: 22: finished (111ms, 500cycles)
Sat Jan 11 19:52:55 CET 2014: 22: No solution found.
Sat Jan 11 19:52:55 CET 2014: 23: finished (112ms, 500cycles)
Sat Jan 11 19:52:55 CET 2014: 23: No solution found.
Sat Jan 11 19:52:55 CET 2014: 24: finished (111ms, 500cycles)
Sat Jan 11 19:52:55 CET 2014: 24: No solution found.
Sat Jan 11 19:52:55 CET 2014: 25: finished (112ms, 500cycles)
Sat Jan 11 19:52:55 CET 2014: 25: No solution found.
Sat Jan 11 19:52:55 CET 2014: 26: finished (121ms, 500cycles)
Sat Jan 11 19:52:55 CET 2014: 26: No solution found.
Sat Jan 11 19:52:55 CET 2014: 27: finished (116ms, 500cycles)
Sat Jan 11 19:52:55 CET 2014: 27: No solution found.
Sat Jan 11 19:52:55 CET 2014: 28: finished (124ms, 500cycles)
Sat Jan 11 19:52:55 CET 2014: 28: No solution found.
Sat Jan 11 19:52:56 CET 2014: 29: finished (111ms, 500cycles)
Sat Jan 11 19:52:56 CET 2014: 29: No solution found.
Sat Jan 11 19:52:56 CET 2014: 30: finished (112ms, 500cycles)
Sat Jan 11 19:52:56 CET 2014: 30: No solution found.
Sat Jan 11 19:52:56 CET 2014: 31: finished (113ms, 500cycles)
Sat Jan 11 19:52:56 CET 2014: 31: No solution found.
Sat Jan 11 19:52:56 CET 2014: 32: finished (111ms, 500cycles)
Sat Jan 11 19:52:56 CET 2014: 32: No solution found.
Sat Jan 11 19:52:56 CET 2014: 33: finished (113ms, 500cycles)
Sat Jan 11 19:52:56 CET 2014: 33: No solution found.
Sat Jan 11 19:52:56 CET 2014: 34: finished (113ms, 500cycles)
Sat Jan 11 19:52:56 CET 2014: 34: No solution found.
Sat Jan 11 19:52:56 CET 2014: 35: finished (116ms, 500cycles)
Sat Jan 11 19:52:56 CET 2014: 35: No solution found.
Sat Jan 11 19:52:56 CET 2014: 36: finished (133ms, 500cycles)
Sat Jan 11 19:52:56 CET 2014: 36: No solution found.
Sat Jan 11 19:52:56 CET 2014: 37: finished (160ms, 500cycles)
Sat Jan 11 19:52:56 CET 2014: 37: No solution found.
Sat Jan 11 19:52:56 CET 2014: 38: finished (2ms, 3cycles)
Sat Jan 11 19:52:56 CET 2014: 38: Solution found.
Sat Jan 11 19:52:57 CET 2014: 39: finished (125ms, 500cycles)
Sat Jan 11 19:52:57 CET 2014: 39: No solution found.
Sat Jan 11 19:52:57 CET 2014: 40: finished (114ms, 500cycles)
Sat Jan 11 19:52:57 CET 2014: 40: No solution found.
Sat Jan 11 19:52:57 CET 2014: 41: finished (115ms, 500cycles)
Sat Jan 11 19:52:57 CET 2014: 41: No solution found.
Sat Jan 11 19:52:57 CET 2014: 42: finished (117ms, 500cycles)
Sat Jan 11 19:52:57 CET 2014: 42: No solution found.
Sat Jan 11 19:52:57 CET 2014: 43: finished (110ms, 500cycles)
Sat Jan 11 19:52:57 CET 2014: 43: No solution found.
Sat Jan 11 19:52:57 CET 2014: 44: finished (115ms, 500cycles)
Sat Jan 11 19:52:57 CET 2014: 44: No solution found.
Sat Jan 11 19:52:57 CET 2014: 45: finished (9ms, 22cycles)
Sat Jan 11 19:52:57 CET 2014: 45: Solution found.
Sat Jan 11 19:52:57 CET 2014: 46: finished (6ms, 15cycles)
Sat Jan 11 19:52:57 CET 2014: 46: Solution found.
Sat Jan 11 19:52:57 CET 2014: 47: finished (220ms, 500cycles)
Sat Jan 11 19:52:57 CET 2014: 47: No solution found.
Sat Jan 11 19:52:57 CET 2014: 48: finished (7ms, 9cycles)
Sat Jan 11 19:52:57 CET 2014: 48: Solution found.
Sat Jan 11 19:52:57 CET 2014: 49: finished (7ms, 10cycles)
Sat Jan 11 19:52:57 CET 2014: 49: Solution found.
Sat Jan 11 19:52:58 CET 2014: 50: finished (282ms, 500cycles)
Sat Jan 11 19:52:58 CET 2014: 50: No solution found.
Sat Jan 11 19:52:58 CET 2014: 51: finished (276ms, 500cycles)
Sat Jan 11 19:52:58 CET 2014: 51: No solution found.
Sat Jan 11 19:52:58 CET 2014: 52: finished (280ms, 500cycles)
Sat Jan 11 19:52:58 CET 2014: 52: No solution found.
Sat Jan 11 19:52:59 CET 2014: 53: finished (283ms, 500cycles)
Sat Jan 11 19:52:59 CET 2014: 53: No solution found.
Sat Jan 11 19:52:59 CET 2014: 54: finished (315ms, 500cycles)
Sat Jan 11 19:52:59 CET 2014: 54: No solution found.
Sat Jan 11 19:52:59 CET 2014: 55: finished (6ms, 8cycles)
Sat Jan 11 19:52:59 CET 2014: 55: Solution found.
Sat Jan 11 19:52:59 CET 2014: 56: finished (17ms, 23cycles)
Sat Jan 11 19:52:59 CET 2014: 56: Solution found.
Sat Jan 11 19:52:59 CET 2014: 57: finished (279ms, 500cycles)
Sat Jan 11 19:52:59 CET 2014: 57: No solution found.
Sat Jan 11 19:52:59 CET 2014: 58: finished (277ms, 500cycles)
Sat Jan 11 19:52:59 CET 2014: 58: No solution found.
Sat Jan 11 19:52:59 CET 2014: 59: finished (11ms, 17cycles)
Sat Jan 11 19:52:59 CET 2014: 59: Solution found.
Sat Jan 11 19:53:00 CET 2014: 60: finished (297ms, 500cycles)
Sat Jan 11 19:53:00 CET 2014: 60: No solution found.
Sat Jan 11 19:53:00 CET 2014: 61: finished (10ms, 14cycles)
Sat Jan 11 19:53:00 CET 2014: 61: Solution found.
Sat Jan 11 19:53:00 CET 2014: 62: finished (279ms, 500cycles)
Sat Jan 11 19:53:00 CET 2014: 62: No solution found.
Sat Jan 11 19:53:00 CET 2014: 63: finished (287ms, 500cycles)
Sat Jan 11 19:53:00 CET 2014: 63: No solution found.
Sat Jan 11 19:53:01 CET 2014: 64: finished (303ms, 500cycles)
Sat Jan 11 19:53:01 CET 2014: 64: No solution found.
Sat Jan 11 19:53:01 CET 2014: 65: finished (26ms, 37cycles)
Sat Jan 11 19:53:01 CET 2014: 65: Solution found.
Sat Jan 11 19:53:01 CET 2014: 66: finished (297ms, 500cycles)
Sat Jan 11 19:53:01 CET 2014: 66: No solution found.
Sat Jan 11 19:53:01 CET 2014: 67: finished (301ms, 500cycles)
Sat Jan 11 19:53:01 CET 2014: 67: No solution found.
Sat Jan 11 19:53:01 CET 2014: 68: finished (3ms, 2cycles)
Sat Jan 11 19:53:01 CET 2014: 68: Solution found.
Sat Jan 11 19:53:02 CET 2014: 69: finished (299ms, 500cycles)
Sat Jan 11 19:53:02 CET 2014: 69: No solution found.
Sat Jan 11 19:53:02 CET 2014: 70: finished (301ms, 500cycles)
Sat Jan 11 19:53:02 CET 2014: 70: No solution found.
Sat Jan 11 19:53:02 CET 2014: 71: finished (282ms, 500cycles)
Sat Jan 11 19:53:02 CET 2014: 71: No solution found.
Sat Jan 11 19:53:02 CET 2014: 72: finished (11ms, 15cycles)
Sat Jan 11 19:53:02 CET 2014: 72: Solution found.
Sat Jan 11 19:53:02 CET 2014: 73: finished (300ms, 500cycles)
Sat Jan 11 19:53:02 CET 2014: 73: No solution found.
Sat Jan 11 19:53:02 CET 2014: 74: finished (18ms, 26cycles)
Sat Jan 11 19:53:02 CET 2014: 74: Solution found.
Sat Jan 11 19:53:02 CET 2014: 75: finished (2ms, 1cycles)
Sat Jan 11 19:53:02 CET 2014: 75: Solution found.
Sat Jan 11 19:53:03 CET 2014: 76: finished (283ms, 500cycles)
Sat Jan 11 19:53:03 CET 2014: 76: No solution found.
Sat Jan 11 19:53:03 CET 2014: 77: finished (13ms, 17cycles)
Sat Jan 11 19:53:03 CET 2014: 77: Solution found.
Sat Jan 11 19:53:03 CET 2014: 78: finished (291ms, 500cycles)
Sat Jan 11 19:53:03 CET 2014: 78: No solution found.
Sat Jan 11 19:53:03 CET 2014: 79: finished (294ms, 500cycles)
Sat Jan 11 19:53:03 CET 2014: 79: No solution found.
Sat Jan 11 19:53:04 CET 2014: 80: finished (146ms, 500cycles)
Sat Jan 11 19:53:04 CET 2014: 80: No solution found.
Sat Jan 11 19:53:04 CET 2014: 81: finished (111ms, 500cycles)
Sat Jan 11 19:53:04 CET 2014: 81: No solution found.
Sat Jan 11 19:53:04 CET 2014: 82: finished (111ms, 500cycles)
Sat Jan 11 19:53:04 CET 2014: 82: No solution found.
Sat Jan 11 19:53:04 CET 2014: 83: finished (115ms, 500cycles)
Sat Jan 11 19:53:04 CET 2014: 83: No solution found.
Sat Jan 11 19:53:04 CET 2014: 84: finished (2ms, 4cycles)
Sat Jan 11 19:53:04 CET 2014: 84: Solution found.
Sat Jan 11 19:53:04 CET 2014: 85: finished (114ms, 500cycles)
Sat Jan 11 19:53:04 CET 2014: 85: No solution found.
Sat Jan 11 19:53:04 CET 2014: 86: finished (8ms, 21cycles)
Sat Jan 11 19:53:04 CET 2014: 86: Solution found.
Sat Jan 11 19:53:04 CET 2014: 87: finished (112ms, 500cycles)
Sat Jan 11 19:53:04 CET 2014: 87: No solution found.
Sat Jan 11 19:53:04 CET 2014: 88: finished (111ms, 500cycles)
Sat Jan 11 19:53:04 CET 2014: 88: No solution found.
Sat Jan 11 19:53:04 CET 2014: 89: finished (117ms, 500cycles)
Sat Jan 11 19:53:04 CET 2014: 89: No solution found.
Sat Jan 11 19:53:04 CET 2014: 90: finished (115ms, 500cycles)
Sat Jan 11 19:53:04 CET 2014: 90: No solution found.
Sat Jan 11 19:53:04 CET 2014: 91: finished (4ms, 9cycles)
Sat Jan 11 19:53:04 CET 2014: 91: Solution found.
Sat Jan 11 19:53:05 CET 2014: 92: finished (116ms, 500cycles)
Sat Jan 11 19:53:05 CET 2014: 92: No solution found.
Sat Jan 11 19:53:05 CET 2014: 93: finished (3ms, 11cycles)
Sat Jan 11 19:53:05 CET 2014: 93: Solution found.
Sat Jan 11 19:53:05 CET 2014: 94: finished (4ms, 12cycles)
Sat Jan 11 19:53:05 CET 2014: 94: Solution found.
Sat Jan 11 19:53:05 CET 2014: 95: finished (5ms, 18cycles)
Sat Jan 11 19:53:05 CET 2014: 95: Solution found.
Sat Jan 11 19:53:05 CET 2014: 96: finished (114ms, 500cycles)
Sat Jan 11 19:53:05 CET 2014: 96: No solution found.
Sat Jan 11 19:53:05 CET 2014: 97: finished (111ms, 500cycles)
Sat Jan 11 19:53:05 CET 2014: 97: No solution found.
Sat Jan 11 19:53:05 CET 2014: 98: finished (3ms, 13cycles)
Sat Jan 11 19:53:05 CET 2014: 98: Solution found.
Sat Jan 11 19:53:05 CET 2014: 99: finished (125ms, 500cycles)
Sat Jan 11 19:53:05 CET 2014: 99: No solution found.
Sat Jan 11 19:53:05 CET 2014: Solution Found: 25
Sat Jan 11 19:53:05 CET 2014: Avg cycles: 16
Sat Jan 11 19:53:05 CET 2014: Max cycles: 53
Sat Jan 11 19:53:05 CET 2014: Min cycles: 1
Sat Jan 11 19:53:05 CET 2014: No solution found: 75
Sat Jan 11 19:53:05 CET 2014: logging finished. (runtime: 12522ms)
