Sat Jan 11 17:18:05 CET 2014: Problem Count: 50
Sat Jan 11 17:18:05 CET 2014: CandidatesCount: 50
Sat Jan 11 17:18:05 CET 2014: Max Cycles: 500
Sat Jan 11 17:18:06 CET 2014: 0: finished (857ms, 500cycles)
Sat Jan 11 17:18:06 CET 2014: 0: No solution found.
Sat Jan 11 17:18:07 CET 2014: 1: finished (924ms, 500cycles)
Sat Jan 11 17:18:07 CET 2014: 1: No solution found.
Sat Jan 11 17:18:07 CET 2014: 2: finished (35ms, 18cycles)
Sat Jan 11 17:18:07 CET 2014: 2: Solution found.
Sat Jan 11 17:18:07 CET 2014: 3: finished (19ms, 9cycles)
Sat Jan 11 17:18:07 CET 2014: 3: Solution found.
Sat Jan 11 17:18:07 CET 2014: 4: finished (94ms, 47cycles)
Sat Jan 11 17:18:07 CET 2014: 4: Solution found.
Sat Jan 11 17:18:08 CET 2014: 5: finished (884ms, 500cycles)
Sat Jan 11 17:18:08 CET 2014: 5: No solution found.
Sat Jan 11 17:18:08 CET 2014: 6: finished (33ms, 17cycles)
Sat Jan 11 17:18:08 CET 2014: 6: Solution found.
Sat Jan 11 17:18:08 CET 2014: 7: finished (25ms, 13cycles)
Sat Jan 11 17:18:08 CET 2014: 7: Solution found.
Sat Jan 11 17:18:08 CET 2014: 8: finished (486ms, 500cycles)
Sat Jan 11 17:18:08 CET 2014: 8: No solution found.
Sat Jan 11 17:18:08 CET 2014: 9: finished (10ms, 13cycles)
Sat Jan 11 17:18:08 CET 2014: 9: Solution found.
Sat Jan 11 17:18:09 CET 2014: 10: finished (323ms, 500cycles)
Sat Jan 11 17:18:09 CET 2014: 10: No solution found.
Sat Jan 11 17:18:09 CET 2014: 11: finished (331ms, 500cycles)
Sat Jan 11 17:18:09 CET 2014: 11: No solution found.
Sat Jan 11 17:18:09 CET 2014: 12: finished (13ms, 16cycles)
Sat Jan 11 17:18:09 CET 2014: 12: Solution found.
Sat Jan 11 17:18:09 CET 2014: 13: finished (328ms, 500cycles)
Sat Jan 11 17:18:09 CET 2014: 13: No solution found.
Sat Jan 11 17:18:09 CET 2014: 14: finished (5ms, 6cycles)
Sat Jan 11 17:18:09 CET 2014: 14: Solution found.
Sat Jan 11 17:18:10 CET 2014: 15: finished (338ms, 500cycles)
Sat Jan 11 17:18:10 CET 2014: 15: No solution found.
Sat Jan 11 17:18:10 CET 2014: 16: finished (10ms, 11cycles)
Sat Jan 11 17:18:10 CET 2014: 16: Solution found.
Sat Jan 11 17:18:10 CET 2014: 17: finished (327ms, 500cycles)
Sat Jan 11 17:18:10 CET 2014: 17: No solution found.
Sat Jan 11 17:18:10 CET 2014: 18: finished (364ms, 500cycles)
Sat Jan 11 17:18:10 CET 2014: 18: No solution found.
Sat Jan 11 17:18:11 CET 2014: 19: finished (327ms, 500cycles)
Sat Jan 11 17:18:11 CET 2014: 19: No solution found.
Sat Jan 11 17:18:11 CET 2014: 20: finished (3ms, 2cycles)
Sat Jan 11 17:18:11 CET 2014: 20: Solution found.
Sat Jan 11 17:18:11 CET 2014: 21: finished (8ms, 9cycles)
Sat Jan 11 17:18:11 CET 2014: 21: Solution found.
Sat Jan 11 17:18:11 CET 2014: 22: finished (11ms, 12cycles)
Sat Jan 11 17:18:11 CET 2014: 22: Solution found.
Sat Jan 11 17:18:11 CET 2014: 23: finished (12ms, 16cycles)
Sat Jan 11 17:18:11 CET 2014: 23: Solution found.
Sat Jan 11 17:18:11 CET 2014: 24: finished (9ms, 12cycles)
Sat Jan 11 17:18:11 CET 2014: 24: Solution found.
Sat Jan 11 17:18:11 CET 2014: 25: finished (331ms, 500cycles)
Sat Jan 11 17:18:11 CET 2014: 25: No solution found.
Sat Jan 11 17:18:11 CET 2014: 26: finished (7ms, 8cycles)
Sat Jan 11 17:18:11 CET 2014: 26: Solution found.
Sat Jan 11 17:18:11 CET 2014: 27: finished (329ms, 500cycles)
Sat Jan 11 17:18:11 CET 2014: 27: No solution found.
Sat Jan 11 17:18:12 CET 2014: 28: finished (331ms, 500cycles)
Sat Jan 11 17:18:12 CET 2014: 28: No solution found.
Sat Jan 11 17:18:12 CET 2014: 29: finished (327ms, 500cycles)
Sat Jan 11 17:18:12 CET 2014: 29: No solution found.
Sat Jan 11 17:18:12 CET 2014: 30: finished (328ms, 500cycles)
Sat Jan 11 17:18:12 CET 2014: 30: No solution found.
Sat Jan 11 17:18:13 CET 2014: 31: finished (331ms, 500cycles)
Sat Jan 11 17:18:13 CET 2014: 31: No solution found.
Sat Jan 11 17:18:13 CET 2014: 32: finished (336ms, 500cycles)
Sat Jan 11 17:18:13 CET 2014: 32: No solution found.
Sat Jan 11 17:18:13 CET 2014: 33: finished (330ms, 500cycles)
Sat Jan 11 17:18:13 CET 2014: 33: No solution found.
Sat Jan 11 17:18:13 CET 2014: 34: finished (15ms, 20cycles)
Sat Jan 11 17:18:13 CET 2014: 34: Solution found.
Sat Jan 11 17:18:14 CET 2014: 35: finished (333ms, 500cycles)
Sat Jan 11 17:18:14 CET 2014: 35: No solution found.
Sat Jan 11 17:18:14 CET 2014: 36: finished (346ms, 500cycles)
Sat Jan 11 17:18:14 CET 2014: 36: No solution found.
Sat Jan 11 17:18:14 CET 2014: 37: finished (347ms, 500cycles)
Sat Jan 11 17:18:14 CET 2014: 37: No solution found.
Sat Jan 11 17:18:14 CET 2014: 38: finished (19ms, 24cycles)
Sat Jan 11 17:18:14 CET 2014: 38: Solution found.
Sat Jan 11 17:18:15 CET 2014: 39: finished (323ms, 500cycles)
Sat Jan 11 17:18:15 CET 2014: 39: No solution found.
Sat Jan 11 17:18:15 CET 2014: 40: finished (325ms, 500cycles)
Sat Jan 11 17:18:15 CET 2014: 40: No solution found.
Sat Jan 11 17:18:15 CET 2014: 41: finished (325ms, 500cycles)
Sat Jan 11 17:18:15 CET 2014: 41: No solution found.
Sat Jan 11 17:18:15 CET 2014: 42: finished (55ms, 73cycles)
Sat Jan 11 17:18:15 CET 2014: 42: Solution found.
Sat Jan 11 17:18:16 CET 2014: 43: finished (325ms, 500cycles)
Sat Jan 11 17:18:16 CET 2014: 43: No solution found.
Sat Jan 11 17:18:16 CET 2014: 44: finished (13ms, 16cycles)
Sat Jan 11 17:18:16 CET 2014: 44: Solution found.
Sat Jan 11 17:18:16 CET 2014: 45: finished (8ms, 10cycles)
Sat Jan 11 17:18:16 CET 2014: 45: Solution found.
Sat Jan 11 17:18:16 CET 2014: 46: finished (331ms, 500cycles)
Sat Jan 11 17:18:16 CET 2014: 46: No solution found.
Sat Jan 11 17:18:17 CET 2014: 47: finished (352ms, 500cycles)
Sat Jan 11 17:18:17 CET 2014: 47: No solution found.
Sat Jan 11 17:18:17 CET 2014: 48: finished (10ms, 12cycles)
Sat Jan 11 17:18:17 CET 2014: 48: Solution found.
Sat Jan 11 17:18:17 CET 2014: 49: finished (3ms, 2cycles)
Sat Jan 11 17:18:17 CET 2014: 49: Solution found.
Sat Jan 11 17:18:17 CET 2014: 50: finished (35ms, 48cycles)
Sat Jan 11 17:18:17 CET 2014: 50: Solution found.
Sat Jan 11 17:18:17 CET 2014: 51: finished (331ms, 500cycles)
Sat Jan 11 17:18:17 CET 2014: 51: No solution found.
Sat Jan 11 17:18:17 CET 2014: 52: finished (29ms, 36cycles)
Sat Jan 11 17:18:17 CET 2014: 52: Solution found.
Sat Jan 11 17:18:17 CET 2014: 53: finished (11ms, 15cycles)
Sat Jan 11 17:18:17 CET 2014: 53: Solution found.
Sat Jan 11 17:18:17 CET 2014: 54: finished (12ms, 17cycles)
Sat Jan 11 17:18:17 CET 2014: 54: Solution found.
Sat Jan 11 17:18:17 CET 2014: 55: finished (339ms, 500cycles)
Sat Jan 11 17:18:17 CET 2014: 55: No solution found.
Sat Jan 11 17:18:17 CET 2014: 56: finished (8ms, 10cycles)
Sat Jan 11 17:18:17 CET 2014: 56: Solution found.
Sat Jan 11 17:18:17 CET 2014: 57: finished (2ms, 1cycles)
Sat Jan 11 17:18:17 CET 2014: 57: Solution found.
Sat Jan 11 17:18:18 CET 2014: 58: finished (332ms, 500cycles)
Sat Jan 11 17:18:18 CET 2014: 58: No solution found.
Sat Jan 11 17:18:18 CET 2014: 59: finished (327ms, 500cycles)
Sat Jan 11 17:18:18 CET 2014: 59: No solution found.
Sat Jan 11 17:18:18 CET 2014: 60: finished (10ms, 11cycles)
Sat Jan 11 17:18:18 CET 2014: 60: Solution found.
Sat Jan 11 17:18:18 CET 2014: 61: finished (12ms, 15cycles)
Sat Jan 11 17:18:18 CET 2014: 61: Solution found.
Sat Jan 11 17:18:18 CET 2014: 62: finished (330ms, 500cycles)
Sat Jan 11 17:18:18 CET 2014: 62: No solution found.
Sat Jan 11 17:18:18 CET 2014: 63: finished (17ms, 22cycles)
Sat Jan 11 17:18:18 CET 2014: 63: Solution found.
Sat Jan 11 17:18:19 CET 2014: 64: finished (340ms, 500cycles)
Sat Jan 11 17:18:19 CET 2014: 64: No solution found.
Sat Jan 11 17:18:19 CET 2014: 65: finished (619ms, 500cycles)
Sat Jan 11 17:18:19 CET 2014: 65: No solution found.
Sat Jan 11 17:18:19 CET 2014: 66: finished (21ms, 8cycles)
Sat Jan 11 17:18:19 CET 2014: 66: Solution found.
Sat Jan 11 17:18:20 CET 2014: 67: finished (848ms, 500cycles)
Sat Jan 11 17:18:20 CET 2014: 67: No solution found.
Sat Jan 11 17:18:21 CET 2014: 68: finished (831ms, 500cycles)
Sat Jan 11 17:18:21 CET 2014: 68: No solution found.
Sat Jan 11 17:18:21 CET 2014: 69: finished (59ms, 31cycles)
Sat Jan 11 17:18:21 CET 2014: 69: Solution found.
Sat Jan 11 17:18:22 CET 2014: 70: finished (834ms, 500cycles)
Sat Jan 11 17:18:22 CET 2014: 70: No solution found.
Sat Jan 11 17:18:23 CET 2014: 71: finished (834ms, 500cycles)
Sat Jan 11 17:18:23 CET 2014: 71: No solution found.
Sat Jan 11 17:18:24 CET 2014: 72: finished (840ms, 500cycles)
Sat Jan 11 17:18:24 CET 2014: 72: No solution found.
Sat Jan 11 17:18:24 CET 2014: 73: finished (138ms, 73cycles)
Sat Jan 11 17:18:24 CET 2014: 73: Solution found.
Sat Jan 11 17:18:24 CET 2014: 74: finished (24ms, 12cycles)
Sat Jan 11 17:18:24 CET 2014: 74: Solution found.
Sat Jan 11 17:18:24 CET 2014: 75: finished (20ms, 10cycles)
Sat Jan 11 17:18:24 CET 2014: 75: Solution found.
Sat Jan 11 17:18:24 CET 2014: 76: finished (90ms, 45cycles)
Sat Jan 11 17:18:24 CET 2014: 76: Solution found.
Sat Jan 11 17:18:25 CET 2014: 77: finished (883ms, 500cycles)
Sat Jan 11 17:18:25 CET 2014: 77: No solution found.
Sat Jan 11 17:18:25 CET 2014: 78: finished (477ms, 500cycles)
Sat Jan 11 17:18:25 CET 2014: 78: No solution found.
Sat Jan 11 17:18:26 CET 2014: 79: finished (325ms, 500cycles)
Sat Jan 11 17:18:26 CET 2014: 79: No solution found.
Sat Jan 11 17:18:26 CET 2014: 80: finished (343ms, 500cycles)
Sat Jan 11 17:18:26 CET 2014: 80: No solution found.
Sat Jan 11 17:18:26 CET 2014: 81: finished (331ms, 500cycles)
Sat Jan 11 17:18:26 CET 2014: 81: No solution found.
Sat Jan 11 17:18:27 CET 2014: 82: finished (351ms, 500cycles)
Sat Jan 11 17:18:27 CET 2014: 82: No solution found.
Sat Jan 11 17:18:27 CET 2014: 83: finished (337ms, 500cycles)
Sat Jan 11 17:18:27 CET 2014: 83: No solution found.
Sat Jan 11 17:18:27 CET 2014: 84: finished (355ms, 500cycles)
Sat Jan 11 17:18:27 CET 2014: 84: No solution found.
Sat Jan 11 17:18:28 CET 2014: 85: finished (335ms, 500cycles)
Sat Jan 11 17:18:28 CET 2014: 85: No solution found.
Sat Jan 11 17:18:28 CET 2014: 86: finished (12ms, 15cycles)
Sat Jan 11 17:18:28 CET 2014: 86: Solution found.
Sat Jan 11 17:18:28 CET 2014: 87: finished (13ms, 17cycles)
Sat Jan 11 17:18:28 CET 2014: 87: Solution found.
Sat Jan 11 17:18:28 CET 2014: 88: finished (19ms, 26cycles)
Sat Jan 11 17:18:28 CET 2014: 88: Solution found.
Sat Jan 11 17:18:28 CET 2014: 89: finished (20ms, 24cycles)
Sat Jan 11 17:18:28 CET 2014: 89: Solution found.
Sat Jan 11 17:18:28 CET 2014: 90: finished (350ms, 500cycles)
Sat Jan 11 17:18:28 CET 2014: 90: No solution found.
Sat Jan 11 17:18:28 CET 2014: 91: finished (44ms, 62cycles)
Sat Jan 11 17:18:28 CET 2014: 91: Solution found.
Sat Jan 11 17:18:28 CET 2014: 92: finished (340ms, 500cycles)
Sat Jan 11 17:18:28 CET 2014: 92: No solution found.
Sat Jan 11 17:18:28 CET 2014: 93: finished (36ms, 47cycles)
Sat Jan 11 17:18:28 CET 2014: 93: Solution found.
Sat Jan 11 17:18:29 CET 2014: 94: finished (341ms, 500cycles)
Sat Jan 11 17:18:29 CET 2014: 94: No solution found.
Sat Jan 11 17:18:29 CET 2014: 95: finished (8ms, 10cycles)
Sat Jan 11 17:18:29 CET 2014: 95: Solution found.
Sat Jan 11 17:18:29 CET 2014: 96: finished (350ms, 500cycles)
Sat Jan 11 17:18:29 CET 2014: 96: No solution found.
Sat Jan 11 17:18:29 CET 2014: 97: finished (340ms, 500cycles)
Sat Jan 11 17:18:29 CET 2014: 97: No solution found.
Sat Jan 11 17:18:30 CET 2014: 98: finished (336ms, 500cycles)
Sat Jan 11 17:18:30 CET 2014: 98: No solution found.
Sat Jan 11 17:18:30 CET 2014: 99: finished (343ms, 500cycles)
Sat Jan 11 17:18:30 CET 2014: 99: No solution found.
Sat Jan 11 17:18:30 CET 2014: Solution Found: 44
Sat Jan 11 17:18:30 CET 2014: Avg cycles: 20
Sat Jan 11 17:18:30 CET 2014: Max cycles: 73
Sat Jan 11 17:18:30 CET 2014: Min cycles: 1
Sat Jan 11 17:18:30 CET 2014: No solution found: 56
Sat Jan 11 17:18:30 CET 2014: logging finished. (runtime: 25163ms)
