Sat Jan 11 16:25:59 CET 2014: Problem Count: 30
Sat Jan 11 16:25:59 CET 2014: CandidatesCount: 30
Sat Jan 11 16:25:59 CET 2014: Max Cycles: 500
Sat Jan 11 16:25:59 CET 2014: 0: finished (2ms, 5cycles)
Sat Jan 11 16:25:59 CET 2014: 0: Solution found.
Sat Jan 11 16:25:59 CET 2014: 1: finished (110ms, 500cycles)
Sat Jan 11 16:25:59 CET 2014: 1: No solution found.
Sat Jan 11 16:25:59 CET 2014: 2: finished (118ms, 500cycles)
Sat Jan 11 16:25:59 CET 2014: 2: No solution found.
Sat Jan 11 16:25:59 CET 2014: 3: finished (112ms, 500cycles)
Sat Jan 11 16:25:59 CET 2014: 3: No solution found.
Sat Jan 11 16:25:59 CET 2014: 4: finished (112ms, 500cycles)
Sat Jan 11 16:25:59 CET 2014: 4: No solution found.
Sat Jan 11 16:25:59 CET 2014: 5: finished (9ms, 30cycles)
Sat Jan 11 16:25:59 CET 2014: 5: Solution found.
Sat Jan 11 16:25:59 CET 2014: 6: finished (112ms, 500cycles)
Sat Jan 11 16:25:59 CET 2014: 6: No solution found.
Sat Jan 11 16:25:59 CET 2014: 7: finished (7ms, 23cycles)
Sat Jan 11 16:25:59 CET 2014: 7: Solution found.
Sat Jan 11 16:25:59 CET 2014: 8: finished (110ms, 500cycles)
Sat Jan 11 16:25:59 CET 2014: 8: No solution found.
Sat Jan 11 16:25:59 CET 2014: 9: finished (115ms, 500cycles)
Sat Jan 11 16:25:59 CET 2014: 9: No solution found.
Sat Jan 11 16:25:59 CET 2014: 10: finished (112ms, 500cycles)
Sat Jan 11 16:25:59 CET 2014: 10: No solution found.
Sat Jan 11 16:25:59 CET 2014: 11: finished (5ms, 19cycles)
Sat Jan 11 16:25:59 CET 2014: 11: Solution found.
Sat Jan 11 16:26:00 CET 2014: 12: finished (116ms, 500cycles)
Sat Jan 11 16:26:00 CET 2014: 12: No solution found.
Sat Jan 11 16:26:00 CET 2014: 13: finished (126ms, 500cycles)
Sat Jan 11 16:26:00 CET 2014: 13: No solution found.
Sat Jan 11 16:26:00 CET 2014: 14: finished (115ms, 500cycles)
Sat Jan 11 16:26:00 CET 2014: 14: No solution found.
Sat Jan 11 16:26:00 CET 2014: 15: finished (4ms, 13cycles)
Sat Jan 11 16:26:00 CET 2014: 15: Solution found.
Sat Jan 11 16:26:00 CET 2014: 16: finished (112ms, 500cycles)
Sat Jan 11 16:26:00 CET 2014: 16: No solution found.
Sat Jan 11 16:26:00 CET 2014: 17: finished (113ms, 500cycles)
Sat Jan 11 16:26:00 CET 2014: 17: No solution found.
Sat Jan 11 16:26:00 CET 2014: 18: finished (11ms, 39cycles)
Sat Jan 11 16:26:00 CET 2014: 18: Solution found.
Sat Jan 11 16:26:00 CET 2014: 19: finished (111ms, 500cycles)
Sat Jan 11 16:26:00 CET 2014: 19: No solution found.
Sat Jan 11 16:26:00 CET 2014: 20: finished (113ms, 500cycles)
Sat Jan 11 16:26:00 CET 2014: 20: No solution found.
Sat Jan 11 16:26:00 CET 2014: 21: finished (115ms, 500cycles)
Sat Jan 11 16:26:00 CET 2014: 21: No solution found.
Sat Jan 11 16:26:00 CET 2014: 22: finished (5ms, 17cycles)
Sat Jan 11 16:26:00 CET 2014: 22: Solution found.
Sat Jan 11 16:26:01 CET 2014: 23: finished (111ms, 500cycles)
Sat Jan 11 16:26:01 CET 2014: 23: No solution found.
Sat Jan 11 16:26:01 CET 2014: 24: finished (16ms, 55cycles)
Sat Jan 11 16:26:01 CET 2014: 24: Solution found.
Sat Jan 11 16:26:01 CET 2014: 25: finished (111ms, 500cycles)
Sat Jan 11 16:26:01 CET 2014: 25: No solution found.
Sat Jan 11 16:26:01 CET 2014: 26: finished (3ms, 10cycles)
Sat Jan 11 16:26:01 CET 2014: 26: Solution found.
Sat Jan 11 16:26:01 CET 2014: 27: finished (11ms, 40cycles)
Sat Jan 11 16:26:01 CET 2014: 27: Solution found.
Sat Jan 11 16:26:01 CET 2014: 28: finished (113ms, 500cycles)
Sat Jan 11 16:26:01 CET 2014: 28: No solution found.
Sat Jan 11 16:26:01 CET 2014: 29: finished (143ms, 500cycles)
Sat Jan 11 16:26:01 CET 2014: 29: No solution found.
Sat Jan 11 16:26:01 CET 2014: 30: finished (117ms, 500cycles)
Sat Jan 11 16:26:01 CET 2014: 30: No solution found.
Sat Jan 11 16:26:01 CET 2014: 31: finished (112ms, 500cycles)
Sat Jan 11 16:26:01 CET 2014: 31: No solution found.
Sat Jan 11 16:26:01 CET 2014: 32: finished (4ms, 12cycles)
Sat Jan 11 16:26:01 CET 2014: 32: Solution found.
Sat Jan 11 16:26:01 CET 2014: 33: finished (1ms, 2cycles)
Sat Jan 11 16:26:01 CET 2014: 33: Solution found.
Sat Jan 11 16:26:01 CET 2014: 34: finished (1ms, 1cycles)
Sat Jan 11 16:26:01 CET 2014: 34: Solution found.
Sat Jan 11 16:26:01 CET 2014: 35: finished (120ms, 500cycles)
Sat Jan 11 16:26:01 CET 2014: 35: No solution found.
Sat Jan 11 16:26:01 CET 2014: 36: finished (130ms, 500cycles)
Sat Jan 11 16:26:01 CET 2014: 36: No solution found.
Sat Jan 11 16:26:02 CET 2014: 37: finished (115ms, 500cycles)
Sat Jan 11 16:26:02 CET 2014: 37: No solution found.
Sat Jan 11 16:26:02 CET 2014: 38: finished (112ms, 500cycles)
Sat Jan 11 16:26:02 CET 2014: 38: No solution found.
Sat Jan 11 16:26:02 CET 2014: 39: finished (114ms, 500cycles)
Sat Jan 11 16:26:02 CET 2014: 39: No solution found.
Sat Jan 11 16:26:02 CET 2014: 40: finished (7ms, 22cycles)
Sat Jan 11 16:26:02 CET 2014: 40: Solution found.
Sat Jan 11 16:26:02 CET 2014: 41: finished (112ms, 500cycles)
Sat Jan 11 16:26:02 CET 2014: 41: No solution found.
Sat Jan 11 16:26:02 CET 2014: 42: finished (122ms, 500cycles)
Sat Jan 11 16:26:02 CET 2014: 42: No solution found.
Sat Jan 11 16:26:02 CET 2014: 43: finished (111ms, 500cycles)
Sat Jan 11 16:26:02 CET 2014: 43: No solution found.
Sat Jan 11 16:26:02 CET 2014: 44: finished (112ms, 500cycles)
Sat Jan 11 16:26:02 CET 2014: 44: No solution found.
Sat Jan 11 16:26:02 CET 2014: 45: finished (113ms, 500cycles)
Sat Jan 11 16:26:02 CET 2014: 45: No solution found.
Sat Jan 11 16:26:02 CET 2014: 46: finished (4ms, 12cycles)
Sat Jan 11 16:26:02 CET 2014: 46: Solution found.
Sat Jan 11 16:26:02 CET 2014: 47: finished (111ms, 500cycles)
Sat Jan 11 16:26:02 CET 2014: 47: No solution found.
Sat Jan 11 16:26:03 CET 2014: 48: finished (114ms, 500cycles)
Sat Jan 11 16:26:03 CET 2014: 48: No solution found.
Sat Jan 11 16:26:03 CET 2014: 49: finished (1ms, 1cycles)
Sat Jan 11 16:26:03 CET 2014: 49: Solution found.
Sat Jan 11 16:26:03 CET 2014: 50: finished (4ms, 13cycles)
Sat Jan 11 16:26:03 CET 2014: 50: Solution found.
Sat Jan 11 16:26:03 CET 2014: 51: finished (254ms, 500cycles)
Sat Jan 11 16:26:03 CET 2014: 51: No solution found.
Sat Jan 11 16:26:03 CET 2014: 52: finished (282ms, 500cycles)
Sat Jan 11 16:26:03 CET 2014: 52: No solution found.
Sat Jan 11 16:26:03 CET 2014: 53: finished (367ms, 500cycles)
Sat Jan 11 16:26:03 CET 2014: 53: No solution found.
Sat Jan 11 16:26:04 CET 2014: 54: finished (284ms, 500cycles)
Sat Jan 11 16:26:04 CET 2014: 54: No solution found.
Sat Jan 11 16:26:04 CET 2014: 55: finished (279ms, 500cycles)
Sat Jan 11 16:26:04 CET 2014: 55: No solution found.
Sat Jan 11 16:26:04 CET 2014: 56: finished (282ms, 500cycles)
Sat Jan 11 16:26:04 CET 2014: 56: No solution found.
Sat Jan 11 16:26:05 CET 2014: 57: finished (282ms, 500cycles)
Sat Jan 11 16:26:05 CET 2014: 57: No solution found.
Sat Jan 11 16:26:05 CET 2014: 58: finished (294ms, 500cycles)
Sat Jan 11 16:26:05 CET 2014: 58: No solution found.
Sat Jan 11 16:26:05 CET 2014: 59: finished (14ms, 17cycles)
Sat Jan 11 16:26:05 CET 2014: 59: Solution found.
Sat Jan 11 16:26:05 CET 2014: 60: finished (285ms, 500cycles)
Sat Jan 11 16:26:05 CET 2014: 60: No solution found.
Sat Jan 11 16:26:05 CET 2014: 61: finished (288ms, 500cycles)
Sat Jan 11 16:26:05 CET 2014: 61: No solution found.
Sat Jan 11 16:26:06 CET 2014: 62: finished (283ms, 500cycles)
Sat Jan 11 16:26:06 CET 2014: 62: No solution found.
Sat Jan 11 16:26:06 CET 2014: 63: finished (299ms, 500cycles)
Sat Jan 11 16:26:06 CET 2014: 63: No solution found.
Sat Jan 11 16:26:06 CET 2014: 64: finished (299ms, 500cycles)
Sat Jan 11 16:26:06 CET 2014: 64: No solution found.
Sat Jan 11 16:26:07 CET 2014: 65: finished (279ms, 500cycles)
Sat Jan 11 16:26:07 CET 2014: 65: No solution found.
Sat Jan 11 16:26:07 CET 2014: 66: finished (15ms, 23cycles)
Sat Jan 11 16:26:07 CET 2014: 66: Solution found.
Sat Jan 11 16:26:07 CET 2014: 67: finished (278ms, 500cycles)
Sat Jan 11 16:26:07 CET 2014: 67: No solution found.
Sat Jan 11 16:26:07 CET 2014: 68: finished (273ms, 500cycles)
Sat Jan 11 16:26:07 CET 2014: 68: No solution found.
Sat Jan 11 16:26:07 CET 2014: 69: finished (112ms, 500cycles)
Sat Jan 11 16:26:07 CET 2014: 69: No solution found.
Sat Jan 11 16:26:07 CET 2014: 70: finished (3ms, 6cycles)
Sat Jan 11 16:26:07 CET 2014: 70: Solution found.
Sat Jan 11 16:26:07 CET 2014: 71: finished (117ms, 500cycles)
Sat Jan 11 16:26:07 CET 2014: 71: No solution found.
Sat Jan 11 16:26:08 CET 2014: 72: finished (111ms, 500cycles)
Sat Jan 11 16:26:08 CET 2014: 72: No solution found.
Sat Jan 11 16:26:08 CET 2014: 73: finished (115ms, 500cycles)
Sat Jan 11 16:26:08 CET 2014: 73: No solution found.
Sat Jan 11 16:26:08 CET 2014: 74: finished (117ms, 500cycles)
Sat Jan 11 16:26:08 CET 2014: 74: No solution found.
Sat Jan 11 16:26:08 CET 2014: 75: finished (119ms, 500cycles)
Sat Jan 11 16:26:08 CET 2014: 75: No solution found.
Sat Jan 11 16:26:08 CET 2014: 76: finished (120ms, 500cycles)
Sat Jan 11 16:26:08 CET 2014: 76: No solution found.
Sat Jan 11 16:26:08 CET 2014: 77: finished (13ms, 48cycles)
Sat Jan 11 16:26:08 CET 2014: 77: Solution found.
Sat Jan 11 16:26:08 CET 2014: 78: finished (109ms, 500cycles)
Sat Jan 11 16:26:08 CET 2014: 78: No solution found.
Sat Jan 11 16:26:08 CET 2014: 79: finished (110ms, 500cycles)
Sat Jan 11 16:26:08 CET 2014: 79: No solution found.
Sat Jan 11 16:26:08 CET 2014: 80: finished (114ms, 500cycles)
Sat Jan 11 16:26:08 CET 2014: 80: No solution found.
Sat Jan 11 16:26:08 CET 2014: 81: finished (110ms, 500cycles)
Sat Jan 11 16:26:08 CET 2014: 81: No solution found.
Sat Jan 11 16:26:09 CET 2014: 82: finished (112ms, 500cycles)
Sat Jan 11 16:26:09 CET 2014: 82: No solution found.
Sat Jan 11 16:26:09 CET 2014: 83: finished (112ms, 500cycles)
Sat Jan 11 16:26:09 CET 2014: 83: No solution found.
Sat Jan 11 16:26:09 CET 2014: 84: finished (110ms, 500cycles)
Sat Jan 11 16:26:09 CET 2014: 84: No solution found.
Sat Jan 11 16:26:09 CET 2014: 85: finished (147ms, 500cycles)
Sat Jan 11 16:26:09 CET 2014: 85: No solution found.
Sat Jan 11 16:26:09 CET 2014: 86: finished (113ms, 500cycles)
Sat Jan 11 16:26:09 CET 2014: 86: No solution found.
Sat Jan 11 16:26:09 CET 2014: 87: finished (111ms, 500cycles)
Sat Jan 11 16:26:09 CET 2014: 87: No solution found.
Sat Jan 11 16:26:09 CET 2014: 88: finished (111ms, 500cycles)
Sat Jan 11 16:26:09 CET 2014: 88: No solution found.
Sat Jan 11 16:26:09 CET 2014: 89: finished (121ms, 500cycles)
Sat Jan 11 16:26:09 CET 2014: 89: No solution found.
Sat Jan 11 16:26:10 CET 2014: 90: finished (114ms, 500cycles)
Sat Jan 11 16:26:10 CET 2014: 90: No solution found.
Sat Jan 11 16:26:10 CET 2014: 91: finished (113ms, 500cycles)
Sat Jan 11 16:26:10 CET 2014: 91: No solution found.
Sat Jan 11 16:26:10 CET 2014: 92: finished (125ms, 500cycles)
Sat Jan 11 16:26:10 CET 2014: 92: No solution found.
Sat Jan 11 16:26:10 CET 2014: 93: finished (1ms, 3cycles)
Sat Jan 11 16:26:10 CET 2014: 93: Solution found.
Sat Jan 11 16:26:10 CET 2014: 94: finished (112ms, 500cycles)
Sat Jan 11 16:26:10 CET 2014: 94: No solution found.
Sat Jan 11 16:26:10 CET 2014: 95: finished (117ms, 500cycles)
Sat Jan 11 16:26:10 CET 2014: 95: No solution found.
Sat Jan 11 16:26:10 CET 2014: 96: finished (118ms, 500cycles)
Sat Jan 11 16:26:10 CET 2014: 96: No solution found.
Sat Jan 11 16:26:10 CET 2014: 97: finished (122ms, 500cycles)
Sat Jan 11 16:26:10 CET 2014: 97: No solution found.
Sat Jan 11 16:26:10 CET 2014: 98: finished (116ms, 500cycles)
Sat Jan 11 16:26:10 CET 2014: 98: No solution found.
Sat Jan 11 16:26:10 CET 2014: 99: finished (115ms, 500cycles)
Sat Jan 11 16:26:10 CET 2014: 99: No solution found.
Sat Jan 11 16:26:10 CET 2014: Solution Found: 22
Sat Jan 11 16:26:10 CET 2014: Avg cycles: 18
Sat Jan 11 16:26:10 CET 2014: Max cycles: 55
Sat Jan 11 16:26:10 CET 2014: Min cycles: 1
Sat Jan 11 16:26:10 CET 2014: No solution found: 78
Sat Jan 11 16:26:10 CET 2014: logging finished. (runtime: 11941ms)
