Tue May 20 09:48:05 CEST 2014: Problem Count: 200
Tue May 20 09:48:05 CEST 2014: CandidatesCount: 200
Tue May 20 09:48:05 CEST 2014: Max Cycles: 500
Tue May 20 09:48:09 CEST 2014: 0: finished (4179ms, 61cycles)
Tue May 20 09:48:09 CEST 2014: 0: Solution found.
Tue May 20 09:48:22 CEST 2014: 1: finished (13378ms, 500cycles)
Tue May 20 09:48:22 CEST 2014: 1: No solution found.
Tue May 20 09:48:39 CEST 2014: 2: finished (17076ms, 500cycles)
Tue May 20 09:48:39 CEST 2014: 2: No solution found.
Tue May 20 09:48:53 CEST 2014: 3: finished (14057ms, 500cycles)
Tue May 20 09:48:53 CEST 2014: 3: No solution found.
Tue May 20 09:48:54 CEST 2014: 4: finished (792ms, 28cycles)
Tue May 20 09:48:54 CEST 2014: 4: Solution found.
Tue May 20 09:48:57 CEST 2014: 5: finished (2885ms, 105cycles)
Tue May 20 09:48:57 CEST 2014: 5: Solution found.
Tue May 20 09:48:58 CEST 2014: 6: finished (1260ms, 45cycles)
Tue May 20 09:48:58 CEST 2014: 6: Solution found.
Tue May 20 09:49:12 CEST 2014: 7: finished (13864ms, 500cycles)
Tue May 20 09:49:12 CEST 2014: 7: No solution found.
Tue May 20 09:49:29 CEST 2014: 8: finished (16498ms, 500cycles)
Tue May 20 09:49:29 CEST 2014: 8: No solution found.
Tue May 20 09:49:30 CEST 2014: 9: finished (1326ms, 48cycles)
Tue May 20 09:49:30 CEST 2014: 9: Solution found.
Tue May 20 09:49:44 CEST 2014: 10: finished (13799ms, 500cycles)
Tue May 20 09:49:44 CEST 2014: 10: No solution found.
Tue May 20 09:50:00 CEST 2014: 11: finished (16530ms, 500cycles)
Tue May 20 09:50:00 CEST 2014: 11: No solution found.
Tue May 20 09:50:17 CEST 2014: 12: finished (16872ms, 500cycles)
Tue May 20 09:50:17 CEST 2014: 12: No solution found.
Tue May 20 09:50:31 CEST 2014: 13: finished (14192ms, 500cycles)
Tue May 20 09:50:31 CEST 2014: 13: No solution found.
Tue May 20 09:50:32 CEST 2014: 14: finished (973ms, 34cycles)
Tue May 20 09:50:32 CEST 2014: 14: Solution found.
Tue May 20 09:50:33 CEST 2014: 15: finished (1045ms, 38cycles)
Tue May 20 09:50:33 CEST 2014: 15: Solution found.
Tue May 20 09:50:51 CEST 2014: 16: finished (17191ms, 500cycles)
Tue May 20 09:50:51 CEST 2014: 16: No solution found.
Tue May 20 09:50:52 CEST 2014: 17: finished (911ms, 33cycles)
Tue May 20 09:50:52 CEST 2014: 17: Solution found.
Tue May 20 09:51:09 CEST 2014: 18: finished (17016ms, 500cycles)
Tue May 20 09:51:09 CEST 2014: 18: No solution found.
Tue May 20 09:51:09 CEST 2014: 19: finished (933ms, 34cycles)
Tue May 20 09:51:09 CEST 2014: 19: Solution found.
Tue May 20 09:51:11 CEST 2014: 20: finished (1367ms, 47cycles)
Tue May 20 09:51:11 CEST 2014: 20: Solution found.
Tue May 20 09:51:27 CEST 2014: 21: finished (16119ms, 500cycles)
Tue May 20 09:51:27 CEST 2014: 21: No solution found.
Tue May 20 09:51:29 CEST 2014: 22: finished (1577ms, 32cycles)
Tue May 20 09:51:29 CEST 2014: 22: Solution found.
Tue May 20 09:51:42 CEST 2014: 23: finished (13788ms, 500cycles)
Tue May 20 09:51:42 CEST 2014: 23: No solution found.
Tue May 20 09:51:56 CEST 2014: 24: finished (14064ms, 500cycles)
Tue May 20 09:51:56 CEST 2014: 24: No solution found.
Tue May 20 09:52:14 CEST 2014: 25: finished (17322ms, 500cycles)
Tue May 20 09:52:14 CEST 2014: 25: No solution found.
Tue May 20 09:52:30 CEST 2014: 26: finished (16464ms, 500cycles)
Tue May 20 09:52:30 CEST 2014: 26: No solution found.
Tue May 20 09:52:45 CEST 2014: 27: finished (14391ms, 500cycles)
Tue May 20 09:52:45 CEST 2014: 27: No solution found.
Tue May 20 09:52:59 CEST 2014: 28: finished (14157ms, 500cycles)
Tue May 20 09:52:59 CEST 2014: 28: No solution found.
Tue May 20 09:53:00 CEST 2014: 29: finished (832ms, 30cycles)
Tue May 20 09:53:00 CEST 2014: 29: Solution found.
Tue May 20 09:53:16 CEST 2014: 30: finished (16785ms, 500cycles)
Tue May 20 09:53:16 CEST 2014: 30: No solution found.
Tue May 20 09:53:17 CEST 2014: 31: finished (686ms, 24cycles)
Tue May 20 09:53:17 CEST 2014: 31: Solution found.
Tue May 20 09:53:33 CEST 2014: 32: finished (15771ms, 500cycles)
Tue May 20 09:53:33 CEST 2014: 32: No solution found.
Tue May 20 09:53:34 CEST 2014: 33: finished (1567ms, 43cycles)
Tue May 20 09:53:34 CEST 2014: 33: Solution found.
Tue May 20 09:53:37 CEST 2014: 34: finished (2279ms, 36cycles)
Tue May 20 09:53:37 CEST 2014: 34: Solution found.
Tue May 20 09:53:51 CEST 2014: 35: finished (14169ms, 500cycles)
Tue May 20 09:53:51 CEST 2014: 35: No solution found.
Tue May 20 09:53:52 CEST 2014: 36: finished (1306ms, 48cycles)
Tue May 20 09:53:52 CEST 2014: 36: Solution found.
Tue May 20 09:54:09 CEST 2014: 37: finished (16422ms, 500cycles)
Tue May 20 09:54:09 CEST 2014: 37: No solution found.
Tue May 20 09:54:22 CEST 2014: 38: finished (13818ms, 500cycles)
Tue May 20 09:54:22 CEST 2014: 38: No solution found.
Tue May 20 09:54:40 CEST 2014: 39: finished (17668ms, 500cycles)
Tue May 20 09:54:40 CEST 2014: 39: No solution found.
Tue May 20 09:54:54 CEST 2014: 40: finished (14041ms, 500cycles)
Tue May 20 09:54:54 CEST 2014: 40: No solution found.
Tue May 20 09:55:12 CEST 2014: 41: finished (17955ms, 500cycles)
Tue May 20 09:55:12 CEST 2014: 41: No solution found.
Tue May 20 09:55:13 CEST 2014: 42: finished (1348ms, 50cycles)
Tue May 20 09:55:13 CEST 2014: 42: Solution found.
Tue May 20 09:55:15 CEST 2014: 43: finished (1586ms, 58cycles)
Tue May 20 09:55:15 CEST 2014: 43: Solution found.
Tue May 20 09:55:32 CEST 2014: 44: finished (16969ms, 500cycles)
Tue May 20 09:55:32 CEST 2014: 44: No solution found.
Tue May 20 09:55:46 CEST 2014: 45: finished (14183ms, 500cycles)
Tue May 20 09:55:46 CEST 2014: 45: No solution found.
Tue May 20 09:56:04 CEST 2014: 46: finished (18032ms, 500cycles)
Tue May 20 09:56:04 CEST 2014: 46: No solution found.
Tue May 20 09:56:20 CEST 2014: 47: finished (16242ms, 500cycles)
Tue May 20 09:56:20 CEST 2014: 47: No solution found.
Tue May 20 09:56:21 CEST 2014: 48: finished (656ms, 24cycles)
Tue May 20 09:56:21 CEST 2014: 48: Solution found.
Tue May 20 09:56:35 CEST 2014: 49: finished (13974ms, 500cycles)
Tue May 20 09:56:35 CEST 2014: 49: No solution found.
Tue May 20 09:56:51 CEST 2014: 50: finished (15757ms, 500cycles)
Tue May 20 09:56:51 CEST 2014: 50: No solution found.
Tue May 20 09:56:51 CEST 2014: 51: finished (311ms, 11cycles)
Tue May 20 09:56:51 CEST 2014: 51: Solution found.
Tue May 20 09:57:05 CEST 2014: 52: finished (14066ms, 500cycles)
Tue May 20 09:57:05 CEST 2014: 52: No solution found.
Tue May 20 09:57:19 CEST 2014: 53: finished (14114ms, 500cycles)
Tue May 20 09:57:19 CEST 2014: 53: No solution found.
Tue May 20 09:57:20 CEST 2014: 54: finished (1106ms, 41cycles)
Tue May 20 09:57:20 CEST 2014: 54: Solution found.
Tue May 20 09:57:22 CEST 2014: 55: finished (1225ms, 43cycles)
Tue May 20 09:57:22 CEST 2014: 55: Solution found.
Tue May 20 09:57:36 CEST 2014: 56: finished (14206ms, 500cycles)
Tue May 20 09:57:36 CEST 2014: 56: No solution found.
Tue May 20 09:57:54 CEST 2014: 57: finished (17913ms, 500cycles)
Tue May 20 09:57:54 CEST 2014: 57: No solution found.
Tue May 20 09:58:09 CEST 2014: 58: finished (15094ms, 500cycles)
Tue May 20 09:58:09 CEST 2014: 58: No solution found.
Tue May 20 09:58:25 CEST 2014: 59: finished (15953ms, 500cycles)
Tue May 20 09:58:25 CEST 2014: 59: No solution found.
Tue May 20 09:58:26 CEST 2014: 60: finished (1122ms, 40cycles)
Tue May 20 09:58:26 CEST 2014: 60: Solution found.
Tue May 20 09:58:27 CEST 2014: 61: finished (876ms, 31cycles)
Tue May 20 09:58:27 CEST 2014: 61: Solution found.
Tue May 20 09:58:44 CEST 2014: 62: finished (16967ms, 500cycles)
Tue May 20 09:58:44 CEST 2014: 62: No solution found.
Tue May 20 09:58:59 CEST 2014: 63: finished (15222ms, 500cycles)
Tue May 20 09:58:59 CEST 2014: 63: No solution found.
Tue May 20 09:59:01 CEST 2014: 64: finished (1973ms, 33cycles)
Tue May 20 09:59:01 CEST 2014: 64: Solution found.
Tue May 20 09:59:02 CEST 2014: 65: finished (1136ms, 40cycles)
Tue May 20 09:59:02 CEST 2014: 65: Solution found.
Tue May 20 09:59:16 CEST 2014: 66: finished (14119ms, 500cycles)
Tue May 20 09:59:16 CEST 2014: 66: No solution found.
Tue May 20 09:59:32 CEST 2014: 67: finished (16188ms, 500cycles)
Tue May 20 09:59:32 CEST 2014: 67: No solution found.
Tue May 20 09:59:50 CEST 2014: 68: finished (17168ms, 500cycles)
Tue May 20 09:59:50 CEST 2014: 68: No solution found.
Tue May 20 09:59:51 CEST 2014: 69: finished (1433ms, 51cycles)
Tue May 20 09:59:51 CEST 2014: 69: Solution found.
Tue May 20 10:00:08 CEST 2014: 70: finished (16984ms, 500cycles)
Tue May 20 10:00:08 CEST 2014: 70: No solution found.
Tue May 20 10:00:22 CEST 2014: 71: finished (14175ms, 500cycles)
Tue May 20 10:00:22 CEST 2014: 71: No solution found.
Tue May 20 10:00:39 CEST 2014: 72: finished (16996ms, 500cycles)
Tue May 20 10:00:39 CEST 2014: 72: No solution found.
Tue May 20 10:00:40 CEST 2014: 73: finished (1306ms, 48cycles)
Tue May 20 10:00:40 CEST 2014: 73: Solution found.
Tue May 20 10:00:41 CEST 2014: 74: finished (528ms, 19cycles)
Tue May 20 10:00:41 CEST 2014: 74: Solution found.
Tue May 20 10:00:58 CEST 2014: 75: finished (17204ms, 500cycles)
Tue May 20 10:00:58 CEST 2014: 75: No solution found.
Tue May 20 10:01:13 CEST 2014: 76: finished (14349ms, 500cycles)
Tue May 20 10:01:13 CEST 2014: 76: No solution found.
Tue May 20 10:01:26 CEST 2014: 77: finished (13947ms, 500cycles)
Tue May 20 10:01:26 CEST 2014: 77: No solution found.
Tue May 20 10:01:43 CEST 2014: 78: finished (16560ms, 500cycles)
Tue May 20 10:01:43 CEST 2014: 78: No solution found.
Tue May 20 10:02:00 CEST 2014: 79: finished (17195ms, 500cycles)
Tue May 20 10:02:00 CEST 2014: 79: No solution found.
Tue May 20 10:02:17 CEST 2014: 80: finished (16383ms, 500cycles)
Tue May 20 10:02:17 CEST 2014: 80: No solution found.
Tue May 20 10:02:31 CEST 2014: 81: finished (14275ms, 500cycles)
Tue May 20 10:02:31 CEST 2014: 81: No solution found.
Tue May 20 10:02:33 CEST 2014: 82: finished (2135ms, 78cycles)
Tue May 20 10:02:33 CEST 2014: 82: Solution found.
Tue May 20 10:02:34 CEST 2014: 83: finished (675ms, 24cycles)
Tue May 20 10:02:34 CEST 2014: 83: Solution found.
Tue May 20 10:02:51 CEST 2014: 84: finished (17458ms, 500cycles)
Tue May 20 10:02:51 CEST 2014: 84: No solution found.
Tue May 20 10:03:05 CEST 2014: 85: finished (14239ms, 500cycles)
Tue May 20 10:03:05 CEST 2014: 85: No solution found.
Tue May 20 10:03:07 CEST 2014: 86: finished (1926ms, 40cycles)
Tue May 20 10:03:07 CEST 2014: 86: Solution found.
Tue May 20 10:03:11 CEST 2014: 87: finished (3765ms, 59cycles)
Tue May 20 10:03:11 CEST 2014: 87: Solution found.
Tue May 20 10:03:25 CEST 2014: 88: finished (13956ms, 500cycles)
Tue May 20 10:03:25 CEST 2014: 88: No solution found.
Tue May 20 10:03:39 CEST 2014: 89: finished (13827ms, 500cycles)
Tue May 20 10:03:39 CEST 2014: 89: No solution found.
Tue May 20 10:03:40 CEST 2014: 90: finished (871ms, 31cycles)
Tue May 20 10:03:40 CEST 2014: 90: Solution found.
Tue May 20 10:03:55 CEST 2014: 91: finished (15257ms, 500cycles)
Tue May 20 10:03:55 CEST 2014: 91: No solution found.
Tue May 20 10:04:11 CEST 2014: 92: finished (16158ms, 500cycles)
Tue May 20 10:04:11 CEST 2014: 92: No solution found.
Tue May 20 10:04:28 CEST 2014: 93: finished (16939ms, 500cycles)
Tue May 20 10:04:28 CEST 2014: 93: No solution found.
Tue May 20 10:04:30 CEST 2014: 94: finished (2308ms, 81cycles)
Tue May 20 10:04:30 CEST 2014: 94: Solution found.
Tue May 20 10:04:32 CEST 2014: 95: finished (1707ms, 63cycles)
Tue May 20 10:04:32 CEST 2014: 95: Solution found.
Tue May 20 10:04:48 CEST 2014: 96: finished (16132ms, 500cycles)
Tue May 20 10:04:48 CEST 2014: 96: No solution found.
Tue May 20 10:04:49 CEST 2014: 97: finished (958ms, 34cycles)
Tue May 20 10:04:49 CEST 2014: 97: Solution found.
Tue May 20 10:05:03 CEST 2014: 98: finished (14079ms, 500cycles)
Tue May 20 10:05:03 CEST 2014: 98: No solution found.
Tue May 20 10:05:17 CEST 2014: 99: finished (13968ms, 500cycles)
Tue May 20 10:05:17 CEST 2014: 99: No solution found.
Tue May 20 10:05:17 CEST 2014: Solution Found: 37
Tue May 20 10:05:17 CEST 2014: Avg cycles: 42
Tue May 20 10:05:17 CEST 2014: Max cycles: 105
Tue May 20 10:05:17 CEST 2014: Min cycles: 11
Tue May 20 10:05:17 CEST 2014: No solution found: 63
Tue May 20 10:05:17 CEST 2014: logging finished. (runtime: 1032546ms)
