Tue May 20 12:05:16 CEST 2014: Problem Count: 100
Tue May 20 12:05:16 CEST 2014: CandidatesCount: 100
Tue May 20 12:05:16 CEST 2014: Max Cycles: 500
Tue May 20 12:05:17 CEST 2014: 0: finished (1957ms, 500cycles)
Tue May 20 12:05:17 CEST 2014: 0: No solution found.
Tue May 20 12:05:19 CEST 2014: 1: finished (1934ms, 500cycles)
Tue May 20 12:05:19 CEST 2014: 1: No solution found.
Tue May 20 12:05:21 CEST 2014: 2: finished (2023ms, 500cycles)
Tue May 20 12:05:21 CEST 2014: 2: No solution found.
Tue May 20 12:05:22 CEST 2014: 3: finished (554ms, 135cycles)
Tue May 20 12:05:22 CEST 2014: 3: Solution found.
Tue May 20 12:05:24 CEST 2014: 4: finished (2013ms, 500cycles)
Tue May 20 12:05:24 CEST 2014: 4: No solution found.
Tue May 20 12:05:24 CEST 2014: 5: finished (434ms, 113cycles)
Tue May 20 12:05:24 CEST 2014: 5: Solution found.
Tue May 20 12:05:25 CEST 2014: 6: finished (224ms, 55cycles)
Tue May 20 12:05:25 CEST 2014: 6: Solution found.
Tue May 20 12:05:27 CEST 2014: 7: finished (1893ms, 500cycles)
Tue May 20 12:05:27 CEST 2014: 7: No solution found.
Tue May 20 12:05:27 CEST 2014: 8: finished (140ms, 34cycles)
Tue May 20 12:05:27 CEST 2014: 8: Solution found.
Tue May 20 12:05:29 CEST 2014: 9: finished (1899ms, 500cycles)
Tue May 20 12:05:29 CEST 2014: 9: No solution found.
Tue May 20 12:05:32 CEST 2014: 10: finished (3894ms, 500cycles)
Tue May 20 12:05:32 CEST 2014: 10: No solution found.
Tue May 20 12:05:35 CEST 2014: 11: finished (2649ms, 500cycles)
Tue May 20 12:05:35 CEST 2014: 11: No solution found.
Tue May 20 12:05:37 CEST 2014: 12: finished (2033ms, 500cycles)
Tue May 20 12:05:37 CEST 2014: 12: No solution found.
Tue May 20 12:05:39 CEST 2014: 13: finished (1981ms, 500cycles)
Tue May 20 12:05:39 CEST 2014: 13: No solution found.
Tue May 20 12:05:41 CEST 2014: 14: finished (2052ms, 500cycles)
Tue May 20 12:05:41 CEST 2014: 14: No solution found.
Tue May 20 12:05:43 CEST 2014: 15: finished (1675ms, 500cycles)
Tue May 20 12:05:43 CEST 2014: 15: No solution found.
Tue May 20 12:05:45 CEST 2014: 16: finished (2072ms, 500cycles)
Tue May 20 12:05:45 CEST 2014: 16: No solution found.
Tue May 20 12:05:47 CEST 2014: 17: finished (1711ms, 500cycles)
Tue May 20 12:05:47 CEST 2014: 17: No solution found.
Tue May 20 12:05:47 CEST 2014: 18: finished (132ms, 33cycles)
Tue May 20 12:05:47 CEST 2014: 18: Solution found.
Tue May 20 12:05:49 CEST 2014: 19: finished (2059ms, 500cycles)
Tue May 20 12:05:49 CEST 2014: 19: No solution found.
Tue May 20 12:05:51 CEST 2014: 20: finished (1993ms, 500cycles)
Tue May 20 12:05:51 CEST 2014: 20: No solution found.
Tue May 20 12:05:53 CEST 2014: 21: finished (1924ms, 500cycles)
Tue May 20 12:05:53 CEST 2014: 21: No solution found.
Tue May 20 12:05:55 CEST 2014: 22: finished (2030ms, 500cycles)
Tue May 20 12:05:55 CEST 2014: 22: No solution found.
Tue May 20 12:05:57 CEST 2014: 23: finished (1937ms, 500cycles)
Tue May 20 12:05:57 CEST 2014: 23: No solution found.
Tue May 20 12:05:57 CEST 2014: 24: finished (239ms, 56cycles)
Tue May 20 12:05:57 CEST 2014: 24: Solution found.
Tue May 20 12:05:57 CEST 2014: 25: finished (179ms, 42cycles)
Tue May 20 12:05:57 CEST 2014: 25: Solution found.
Tue May 20 12:06:01 CEST 2014: 26: finished (3372ms, 500cycles)
Tue May 20 12:06:01 CEST 2014: 26: No solution found.
Tue May 20 12:06:04 CEST 2014: 27: finished (3341ms, 500cycles)
Tue May 20 12:06:04 CEST 2014: 27: No solution found.
Tue May 20 12:06:06 CEST 2014: 28: finished (1986ms, 500cycles)
Tue May 20 12:06:06 CEST 2014: 28: No solution found.
Tue May 20 12:06:08 CEST 2014: 29: finished (1905ms, 500cycles)
Tue May 20 12:06:08 CEST 2014: 29: No solution found.
Tue May 20 12:06:10 CEST 2014: 30: finished (2003ms, 500cycles)
Tue May 20 12:06:10 CEST 2014: 30: No solution found.
Tue May 20 12:06:12 CEST 2014: 31: finished (2008ms, 500cycles)
Tue May 20 12:06:12 CEST 2014: 31: No solution found.
Tue May 20 12:06:14 CEST 2014: 32: finished (2025ms, 500cycles)
Tue May 20 12:06:14 CEST 2014: 32: No solution found.
Tue May 20 12:06:16 CEST 2014: 33: finished (1957ms, 500cycles)
Tue May 20 12:06:16 CEST 2014: 33: No solution found.
Tue May 20 12:06:18 CEST 2014: 34: finished (2020ms, 500cycles)
Tue May 20 12:06:18 CEST 2014: 34: No solution found.
Tue May 20 12:06:18 CEST 2014: 35: finished (200ms, 49cycles)
Tue May 20 12:06:18 CEST 2014: 35: Solution found.
Tue May 20 12:06:20 CEST 2014: 36: finished (2432ms, 500cycles)
Tue May 20 12:06:20 CEST 2014: 36: No solution found.
Tue May 20 12:06:25 CEST 2014: 37: finished (4657ms, 500cycles)
Tue May 20 12:06:25 CEST 2014: 37: No solution found.
Tue May 20 12:06:27 CEST 2014: 38: finished (1661ms, 500cycles)
Tue May 20 12:06:27 CEST 2014: 38: No solution found.
Tue May 20 12:06:29 CEST 2014: 39: finished (1894ms, 500cycles)
Tue May 20 12:06:29 CEST 2014: 39: No solution found.
Tue May 20 12:06:29 CEST 2014: 40: finished (326ms, 80cycles)
Tue May 20 12:06:29 CEST 2014: 40: Solution found.
Tue May 20 12:06:31 CEST 2014: 41: finished (1959ms, 500cycles)
Tue May 20 12:06:31 CEST 2014: 41: No solution found.
Tue May 20 12:06:33 CEST 2014: 42: finished (1990ms, 500cycles)
Tue May 20 12:06:33 CEST 2014: 42: No solution found.
Tue May 20 12:06:35 CEST 2014: 43: finished (1990ms, 500cycles)
Tue May 20 12:06:35 CEST 2014: 43: No solution found.
Tue May 20 12:06:37 CEST 2014: 44: finished (2061ms, 500cycles)
Tue May 20 12:06:37 CEST 2014: 44: No solution found.
Tue May 20 12:06:39 CEST 2014: 45: finished (1737ms, 500cycles)
Tue May 20 12:06:39 CEST 2014: 45: No solution found.
Tue May 20 12:06:40 CEST 2014: 46: finished (1736ms, 500cycles)
Tue May 20 12:06:40 CEST 2014: 46: No solution found.
Tue May 20 12:06:42 CEST 2014: 47: finished (1944ms, 500cycles)
Tue May 20 12:06:42 CEST 2014: 47: No solution found.
Tue May 20 12:06:43 CEST 2014: 48: finished (585ms, 141cycles)
Tue May 20 12:06:43 CEST 2014: 48: Solution found.
Tue May 20 12:06:45 CEST 2014: 49: finished (1967ms, 500cycles)
Tue May 20 12:06:45 CEST 2014: 49: No solution found.
Tue May 20 12:06:45 CEST 2014: 50: finished (263ms, 67cycles)
Tue May 20 12:06:45 CEST 2014: 50: Solution found.
Tue May 20 12:06:50 CEST 2014: 51: finished (4444ms, 500cycles)
Tue May 20 12:06:50 CEST 2014: 51: No solution found.
Tue May 20 12:06:50 CEST 2014: 52: finished (402ms, 37cycles)
Tue May 20 12:06:50 CEST 2014: 52: Solution found.
Tue May 20 12:06:52 CEST 2014: 53: finished (2338ms, 500cycles)
Tue May 20 12:06:52 CEST 2014: 53: No solution found.
Tue May 20 12:06:53 CEST 2014: 54: finished (190ms, 44cycles)
Tue May 20 12:06:53 CEST 2014: 54: Solution found.
Tue May 20 12:06:55 CEST 2014: 55: finished (2006ms, 500cycles)
Tue May 20 12:06:55 CEST 2014: 55: No solution found.
Tue May 20 12:06:57 CEST 2014: 56: finished (2108ms, 500cycles)
Tue May 20 12:06:57 CEST 2014: 56: No solution found.
Tue May 20 12:06:59 CEST 2014: 57: finished (2058ms, 500cycles)
Tue May 20 12:06:59 CEST 2014: 57: No solution found.
Tue May 20 12:07:01 CEST 2014: 58: finished (2065ms, 500cycles)
Tue May 20 12:07:01 CEST 2014: 58: No solution found.
Tue May 20 12:07:03 CEST 2014: 59: finished (1931ms, 500cycles)
Tue May 20 12:07:03 CEST 2014: 59: No solution found.
Tue May 20 12:07:05 CEST 2014: 60: finished (2017ms, 500cycles)
Tue May 20 12:07:05 CEST 2014: 60: No solution found.
Tue May 20 12:07:07 CEST 2014: 61: finished (1916ms, 500cycles)
Tue May 20 12:07:07 CEST 2014: 61: No solution found.
Tue May 20 12:07:07 CEST 2014: 62: finished (192ms, 49cycles)
Tue May 20 12:07:07 CEST 2014: 62: Solution found.
Tue May 20 12:07:09 CEST 2014: 63: finished (1988ms, 500cycles)
Tue May 20 12:07:09 CEST 2014: 63: No solution found.
Tue May 20 12:07:09 CEST 2014: 64: finished (200ms, 46cycles)
Tue May 20 12:07:09 CEST 2014: 64: Solution found.
Tue May 20 12:07:11 CEST 2014: 65: finished (2011ms, 500cycles)
Tue May 20 12:07:11 CEST 2014: 65: No solution found.
Tue May 20 12:07:13 CEST 2014: 66: finished (2017ms, 500cycles)
Tue May 20 12:07:13 CEST 2014: 66: No solution found.
Tue May 20 12:07:15 CEST 2014: 67: finished (1989ms, 500cycles)
Tue May 20 12:07:15 CEST 2014: 67: No solution found.
Tue May 20 12:07:17 CEST 2014: 68: finished (1716ms, 500cycles)
Tue May 20 12:07:17 CEST 2014: 68: No solution found.
Tue May 20 12:07:19 CEST 2014: 69: finished (2007ms, 500cycles)
Tue May 20 12:07:19 CEST 2014: 69: No solution found.
Tue May 20 12:07:21 CEST 2014: 70: finished (1877ms, 500cycles)
Tue May 20 12:07:21 CEST 2014: 70: No solution found.
Tue May 20 12:07:23 CEST 2014: 71: finished (2015ms, 500cycles)
Tue May 20 12:07:23 CEST 2014: 71: No solution found.
Tue May 20 12:07:25 CEST 2014: 72: finished (2146ms, 500cycles)
Tue May 20 12:07:25 CEST 2014: 72: No solution found.
Tue May 20 12:07:25 CEST 2014: 73: finished (140ms, 33cycles)
Tue May 20 12:07:25 CEST 2014: 73: Solution found.
Tue May 20 12:07:27 CEST 2014: 74: finished (1970ms, 500cycles)
Tue May 20 12:07:27 CEST 2014: 74: No solution found.
Tue May 20 12:07:29 CEST 2014: 75: finished (1867ms, 500cycles)
Tue May 20 12:07:29 CEST 2014: 75: No solution found.
Tue May 20 12:07:31 CEST 2014: 76: finished (2015ms, 500cycles)
Tue May 20 12:07:31 CEST 2014: 76: No solution found.
Tue May 20 12:07:33 CEST 2014: 77: finished (2063ms, 500cycles)
Tue May 20 12:07:33 CEST 2014: 77: No solution found.
Tue May 20 12:07:33 CEST 2014: 78: finished (143ms, 36cycles)
Tue May 20 12:07:33 CEST 2014: 78: Solution found.
Tue May 20 12:07:35 CEST 2014: 79: finished (1907ms, 500cycles)
Tue May 20 12:07:35 CEST 2014: 79: No solution found.
Tue May 20 12:07:37 CEST 2014: 80: finished (1884ms, 500cycles)
Tue May 20 12:07:37 CEST 2014: 80: No solution found.
Tue May 20 12:07:39 CEST 2014: 81: finished (1996ms, 500cycles)
Tue May 20 12:07:39 CEST 2014: 81: No solution found.
Tue May 20 12:07:39 CEST 2014: 82: finished (164ms, 40cycles)
Tue May 20 12:07:39 CEST 2014: 82: Solution found.
Tue May 20 12:07:41 CEST 2014: 83: finished (2036ms, 500cycles)
Tue May 20 12:07:41 CEST 2014: 83: No solution found.
Tue May 20 12:07:43 CEST 2014: 84: finished (2044ms, 500cycles)
Tue May 20 12:07:43 CEST 2014: 84: No solution found.
Tue May 20 12:07:45 CEST 2014: 85: finished (1705ms, 500cycles)
Tue May 20 12:07:45 CEST 2014: 85: No solution found.
Tue May 20 12:07:47 CEST 2014: 86: finished (1825ms, 500cycles)
Tue May 20 12:07:47 CEST 2014: 86: No solution found.
Tue May 20 12:07:49 CEST 2014: 87: finished (1933ms, 500cycles)
Tue May 20 12:07:49 CEST 2014: 87: No solution found.
Tue May 20 12:07:51 CEST 2014: 88: finished (1998ms, 500cycles)
Tue May 20 12:07:51 CEST 2014: 88: No solution found.
Tue May 20 12:07:52 CEST 2014: 89: finished (1902ms, 500cycles)
Tue May 20 12:07:52 CEST 2014: 89: No solution found.
Tue May 20 12:07:54 CEST 2014: 90: finished (1870ms, 500cycles)
Tue May 20 12:07:54 CEST 2014: 90: No solution found.
Tue May 20 12:07:56 CEST 2014: 91: finished (2040ms, 500cycles)
Tue May 20 12:07:56 CEST 2014: 91: No solution found.
Tue May 20 12:07:58 CEST 2014: 92: finished (1963ms, 500cycles)
Tue May 20 12:07:58 CEST 2014: 92: No solution found.
Tue May 20 12:07:59 CEST 2014: 93: finished (868ms, 212cycles)
Tue May 20 12:07:59 CEST 2014: 93: Solution found.
Tue May 20 12:08:01 CEST 2014: 94: finished (2019ms, 500cycles)
Tue May 20 12:08:01 CEST 2014: 94: No solution found.
Tue May 20 12:08:04 CEST 2014: 95: finished (2645ms, 500cycles)
Tue May 20 12:08:04 CEST 2014: 95: No solution found.
Tue May 20 12:08:08 CEST 2014: 96: finished (3830ms, 500cycles)
Tue May 20 12:08:08 CEST 2014: 96: No solution found.
Tue May 20 12:08:08 CEST 2014: 97: finished (294ms, 73cycles)
Tue May 20 12:08:08 CEST 2014: 97: Solution found.
Tue May 20 12:08:10 CEST 2014: 98: finished (1863ms, 500cycles)
Tue May 20 12:08:10 CEST 2014: 98: No solution found.
Tue May 20 12:08:12 CEST 2014: 99: finished (1987ms, 500cycles)
Tue May 20 12:08:12 CEST 2014: 99: No solution found.
Tue May 20 12:08:12 CEST 2014: Solution Found: 20
Tue May 20 12:08:12 CEST 2014: Avg cycles: 68
Tue May 20 12:08:12 CEST 2014: Max cycles: 212
Tue May 20 12:08:12 CEST 2014: Min cycles: 33
Tue May 20 12:08:12 CEST 2014: No solution found: 80
Tue May 20 12:08:12 CEST 2014: logging finished. (runtime: 176269ms)
