Tue May 20 07:49:14 CEST 2014: Problem Count: 200
Tue May 20 07:49:14 CEST 2014: CandidatesCount: 50
Tue May 20 07:49:14 CEST 2014: Max Cycles: 500
Tue May 20 07:49:20 CEST 2014: 0: finished (6082ms, 500cycles)
Tue May 20 07:49:20 CEST 2014: 0: No solution found.
Tue May 20 07:49:23 CEST 2014: 1: finished (3312ms, 500cycles)
Tue May 20 07:49:23 CEST 2014: 1: No solution found.
Tue May 20 07:49:27 CEST 2014: 2: finished (3493ms, 500cycles)
Tue May 20 07:49:27 CEST 2014: 2: No solution found.
Tue May 20 07:49:30 CEST 2014: 3: finished (3211ms, 500cycles)
Tue May 20 07:49:30 CEST 2014: 3: No solution found.
Tue May 20 07:49:30 CEST 2014: 4: finished (523ms, 71cycles)
Tue May 20 07:49:30 CEST 2014: 4: Solution found.
Tue May 20 07:49:34 CEST 2014: 5: finished (3799ms, 500cycles)
Tue May 20 07:49:34 CEST 2014: 5: No solution found.
Tue May 20 07:49:41 CEST 2014: 6: finished (6356ms, 500cycles)
Tue May 20 07:49:41 CEST 2014: 6: No solution found.
Tue May 20 07:49:44 CEST 2014: 7: finished (3254ms, 500cycles)
Tue May 20 07:49:44 CEST 2014: 7: No solution found.
Tue May 20 07:49:47 CEST 2014: 8: finished (3493ms, 500cycles)
Tue May 20 07:49:47 CEST 2014: 8: No solution found.
Tue May 20 07:49:51 CEST 2014: 9: finished (3876ms, 500cycles)
Tue May 20 07:49:51 CEST 2014: 9: No solution found.
Tue May 20 07:49:54 CEST 2014: 10: finished (3123ms, 500cycles)
Tue May 20 07:49:54 CEST 2014: 10: No solution found.
Tue May 20 07:49:58 CEST 2014: 11: finished (3323ms, 500cycles)
Tue May 20 07:49:58 CEST 2014: 11: No solution found.
Tue May 20 07:50:02 CEST 2014: 12: finished (3790ms, 500cycles)
Tue May 20 07:50:02 CEST 2014: 12: No solution found.
Tue May 20 07:50:05 CEST 2014: 13: finished (3518ms, 500cycles)
Tue May 20 07:50:05 CEST 2014: 13: No solution found.
Tue May 20 07:50:09 CEST 2014: 14: finished (3623ms, 500cycles)
Tue May 20 07:50:09 CEST 2014: 14: No solution found.
Tue May 20 07:50:15 CEST 2014: 15: finished (5934ms, 500cycles)
Tue May 20 07:50:15 CEST 2014: 15: No solution found.
Tue May 20 07:50:18 CEST 2014: 16: finished (2939ms, 500cycles)
Tue May 20 07:50:18 CEST 2014: 16: No solution found.
Tue May 20 07:50:21 CEST 2014: 17: finished (3809ms, 500cycles)
Tue May 20 07:50:21 CEST 2014: 17: No solution found.
Tue May 20 07:50:25 CEST 2014: 18: finished (3574ms, 500cycles)
Tue May 20 07:50:25 CEST 2014: 18: No solution found.
Tue May 20 07:50:25 CEST 2014: 19: finished (496ms, 65cycles)
Tue May 20 07:50:25 CEST 2014: 19: Solution found.
Tue May 20 07:50:29 CEST 2014: 20: finished (3708ms, 500cycles)
Tue May 20 07:50:29 CEST 2014: 20: No solution found.
Tue May 20 07:50:30 CEST 2014: 21: finished (633ms, 83cycles)
Tue May 20 07:50:30 CEST 2014: 21: Solution found.
Tue May 20 07:50:33 CEST 2014: 22: finished (3711ms, 500cycles)
Tue May 20 07:50:33 CEST 2014: 22: No solution found.
Tue May 20 07:50:34 CEST 2014: 23: finished (236ms, 30cycles)
Tue May 20 07:50:34 CEST 2014: 23: Solution found.
Tue May 20 07:50:37 CEST 2014: 24: finished (3788ms, 500cycles)
Tue May 20 07:50:37 CEST 2014: 24: No solution found.
Tue May 20 07:50:41 CEST 2014: 25: finished (3640ms, 500cycles)
Tue May 20 07:50:41 CEST 2014: 25: No solution found.
Tue May 20 07:50:47 CEST 2014: 26: finished (6292ms, 500cycles)
Tue May 20 07:50:47 CEST 2014: 26: No solution found.
Tue May 20 07:50:51 CEST 2014: 27: finished (3116ms, 500cycles)
Tue May 20 07:50:51 CEST 2014: 27: No solution found.
Tue May 20 07:50:54 CEST 2014: 28: finished (3520ms, 500cycles)
Tue May 20 07:50:54 CEST 2014: 28: No solution found.
Tue May 20 07:50:57 CEST 2014: 29: finished (3204ms, 500cycles)
Tue May 20 07:50:57 CEST 2014: 29: No solution found.
Tue May 20 07:50:57 CEST 2014: 30: finished (213ms, 26cycles)
Tue May 20 07:50:57 CEST 2014: 30: Solution found.
Tue May 20 07:51:01 CEST 2014: 31: finished (3815ms, 500cycles)
Tue May 20 07:51:01 CEST 2014: 31: No solution found.
Tue May 20 07:51:05 CEST 2014: 32: finished (3340ms, 500cycles)
Tue May 20 07:51:05 CEST 2014: 32: No solution found.
Tue May 20 07:51:05 CEST 2014: 33: finished (735ms, 104cycles)
Tue May 20 07:51:05 CEST 2014: 33: Solution found.
Tue May 20 07:51:12 CEST 2014: 34: finished (6247ms, 500cycles)
Tue May 20 07:51:12 CEST 2014: 34: No solution found.
Tue May 20 07:51:16 CEST 2014: 35: finished (4068ms, 500cycles)
Tue May 20 07:51:16 CEST 2014: 35: No solution found.
Tue May 20 07:51:19 CEST 2014: 36: finished (3046ms, 500cycles)
Tue May 20 07:51:19 CEST 2014: 36: No solution found.
Tue May 20 07:51:22 CEST 2014: 37: finished (3641ms, 500cycles)
Tue May 20 07:51:22 CEST 2014: 37: No solution found.
Tue May 20 07:51:29 CEST 2014: 38: finished (6197ms, 500cycles)
Tue May 20 07:51:29 CEST 2014: 38: No solution found.
Tue May 20 07:51:33 CEST 2014: 39: finished (4628ms, 500cycles)
Tue May 20 07:51:33 CEST 2014: 39: No solution found.
Tue May 20 07:51:37 CEST 2014: 40: finished (3584ms, 500cycles)
Tue May 20 07:51:37 CEST 2014: 40: No solution found.
Tue May 20 07:51:41 CEST 2014: 41: finished (3833ms, 500cycles)
Tue May 20 07:51:41 CEST 2014: 41: No solution found.
Tue May 20 07:51:44 CEST 2014: 42: finished (3888ms, 500cycles)
Tue May 20 07:51:44 CEST 2014: 42: No solution found.
Tue May 20 07:51:48 CEST 2014: 43: finished (3029ms, 500cycles)
Tue May 20 07:51:48 CEST 2014: 43: No solution found.
Tue May 20 07:51:51 CEST 2014: 44: finished (3062ms, 500cycles)
Tue May 20 07:51:51 CEST 2014: 44: No solution found.
Tue May 20 07:51:54 CEST 2014: 45: finished (3846ms, 500cycles)
Tue May 20 07:51:54 CEST 2014: 45: No solution found.
Tue May 20 07:51:58 CEST 2014: 46: finished (3740ms, 500cycles)
Tue May 20 07:51:58 CEST 2014: 46: No solution found.
Tue May 20 07:52:02 CEST 2014: 47: finished (3896ms, 500cycles)
Tue May 20 07:52:02 CEST 2014: 47: No solution found.
Tue May 20 07:52:06 CEST 2014: 48: finished (3522ms, 500cycles)
Tue May 20 07:52:06 CEST 2014: 48: No solution found.
Tue May 20 07:52:09 CEST 2014: 49: finished (3492ms, 500cycles)
Tue May 20 07:52:09 CEST 2014: 49: No solution found.
Tue May 20 07:52:13 CEST 2014: 50: finished (3775ms, 500cycles)
Tue May 20 07:52:13 CEST 2014: 50: No solution found.
Tue May 20 07:52:16 CEST 2014: 51: finished (3314ms, 500cycles)
Tue May 20 07:52:16 CEST 2014: 51: No solution found.
Tue May 20 07:52:19 CEST 2014: 52: finished (3063ms, 500cycles)
Tue May 20 07:52:19 CEST 2014: 52: No solution found.
Tue May 20 07:52:23 CEST 2014: 53: finished (3457ms, 500cycles)
Tue May 20 07:52:23 CEST 2014: 53: No solution found.
Tue May 20 07:52:26 CEST 2014: 54: finished (3632ms, 500cycles)
Tue May 20 07:52:26 CEST 2014: 54: No solution found.
Tue May 20 07:52:30 CEST 2014: 55: finished (3823ms, 500cycles)
Tue May 20 07:52:30 CEST 2014: 55: No solution found.
Tue May 20 07:52:34 CEST 2014: 56: finished (3542ms, 500cycles)
Tue May 20 07:52:34 CEST 2014: 56: No solution found.
Tue May 20 07:52:38 CEST 2014: 57: finished (3907ms, 500cycles)
Tue May 20 07:52:38 CEST 2014: 57: No solution found.
Tue May 20 07:52:41 CEST 2014: 58: finished (3781ms, 500cycles)
Tue May 20 07:52:41 CEST 2014: 58: No solution found.
Tue May 20 07:52:45 CEST 2014: 59: finished (3503ms, 500cycles)
Tue May 20 07:52:45 CEST 2014: 59: No solution found.
Tue May 20 07:52:48 CEST 2014: 60: finished (3432ms, 500cycles)
Tue May 20 07:52:48 CEST 2014: 60: No solution found.
Tue May 20 07:52:52 CEST 2014: 61: finished (3285ms, 500cycles)
Tue May 20 07:52:52 CEST 2014: 61: No solution found.
Tue May 20 07:52:55 CEST 2014: 62: finished (3710ms, 500cycles)
Tue May 20 07:52:55 CEST 2014: 62: No solution found.
Tue May 20 07:53:00 CEST 2014: 63: finished (4233ms, 500cycles)
Tue May 20 07:53:00 CEST 2014: 63: No solution found.
Tue May 20 07:53:06 CEST 2014: 64: finished (6396ms, 500cycles)
Tue May 20 07:53:06 CEST 2014: 64: No solution found.
Tue May 20 07:53:10 CEST 2014: 65: finished (3800ms, 500cycles)
Tue May 20 07:53:10 CEST 2014: 65: No solution found.
Tue May 20 07:53:13 CEST 2014: 66: finished (3335ms, 500cycles)
Tue May 20 07:53:13 CEST 2014: 66: No solution found.
Tue May 20 07:53:17 CEST 2014: 67: finished (3774ms, 500cycles)
Tue May 20 07:53:17 CEST 2014: 67: No solution found.
Tue May 20 07:53:20 CEST 2014: 68: finished (3570ms, 500cycles)
Tue May 20 07:53:20 CEST 2014: 68: No solution found.
Tue May 20 07:53:24 CEST 2014: 69: finished (3789ms, 500cycles)
Tue May 20 07:53:24 CEST 2014: 69: No solution found.
Tue May 20 07:53:28 CEST 2014: 70: finished (3415ms, 500cycles)
Tue May 20 07:53:28 CEST 2014: 70: No solution found.
Tue May 20 07:53:31 CEST 2014: 71: finished (3770ms, 500cycles)
Tue May 20 07:53:31 CEST 2014: 71: No solution found.
Tue May 20 07:53:37 CEST 2014: 72: finished (5887ms, 500cycles)
Tue May 20 07:53:37 CEST 2014: 72: No solution found.
Tue May 20 07:53:41 CEST 2014: 73: finished (3788ms, 500cycles)
Tue May 20 07:53:41 CEST 2014: 73: No solution found.
Tue May 20 07:53:45 CEST 2014: 74: finished (3525ms, 500cycles)
Tue May 20 07:53:45 CEST 2014: 74: No solution found.
Tue May 20 07:53:45 CEST 2014: 75: finished (367ms, 50cycles)
Tue May 20 07:53:45 CEST 2014: 75: Solution found.
Tue May 20 07:53:46 CEST 2014: 76: finished (1065ms, 141cycles)
Tue May 20 07:53:46 CEST 2014: 76: Solution found.
Tue May 20 07:53:49 CEST 2014: 77: finished (3399ms, 500cycles)
Tue May 20 07:53:49 CEST 2014: 77: No solution found.
Tue May 20 07:53:53 CEST 2014: 78: finished (3268ms, 500cycles)
Tue May 20 07:53:53 CEST 2014: 78: No solution found.
Tue May 20 07:53:59 CEST 2014: 79: finished (6143ms, 500cycles)
Tue May 20 07:53:59 CEST 2014: 79: No solution found.
Tue May 20 07:54:03 CEST 2014: 80: finished (3836ms, 500cycles)
Tue May 20 07:54:03 CEST 2014: 80: No solution found.
Tue May 20 07:54:03 CEST 2014: 81: finished (478ms, 63cycles)
Tue May 20 07:54:03 CEST 2014: 81: Solution found.
Tue May 20 07:54:06 CEST 2014: 82: finished (3053ms, 500cycles)
Tue May 20 07:54:06 CEST 2014: 82: No solution found.
Tue May 20 07:54:10 CEST 2014: 83: finished (3409ms, 500cycles)
Tue May 20 07:54:10 CEST 2014: 83: No solution found.
Tue May 20 07:54:13 CEST 2014: 84: finished (3617ms, 500cycles)
Tue May 20 07:54:13 CEST 2014: 84: No solution found.
Tue May 20 07:54:17 CEST 2014: 85: finished (3901ms, 500cycles)
Tue May 20 07:54:17 CEST 2014: 85: No solution found.
Tue May 20 07:54:21 CEST 2014: 86: finished (3718ms, 500cycles)
Tue May 20 07:54:21 CEST 2014: 86: No solution found.
Tue May 20 07:54:24 CEST 2014: 87: finished (3208ms, 500cycles)
Tue May 20 07:54:24 CEST 2014: 87: No solution found.
Tue May 20 07:54:28 CEST 2014: 88: finished (3604ms, 500cycles)
Tue May 20 07:54:28 CEST 2014: 88: No solution found.
Tue May 20 07:54:31 CEST 2014: 89: finished (3720ms, 500cycles)
Tue May 20 07:54:31 CEST 2014: 89: No solution found.
Tue May 20 07:54:34 CEST 2014: 90: finished (3058ms, 500cycles)
Tue May 20 07:54:34 CEST 2014: 90: No solution found.
Tue May 20 07:54:41 CEST 2014: 91: finished (6593ms, 500cycles)
Tue May 20 07:54:41 CEST 2014: 91: No solution found.
Tue May 20 07:54:44 CEST 2014: 92: finished (3457ms, 500cycles)
Tue May 20 07:54:44 CEST 2014: 92: No solution found.
Tue May 20 07:54:48 CEST 2014: 93: finished (3591ms, 500cycles)
Tue May 20 07:54:48 CEST 2014: 93: No solution found.
Tue May 20 07:54:49 CEST 2014: 94: finished (1005ms, 140cycles)
Tue May 20 07:54:49 CEST 2014: 94: Solution found.
Tue May 20 07:54:53 CEST 2014: 95: finished (3843ms, 500cycles)
Tue May 20 07:54:53 CEST 2014: 95: No solution found.
Tue May 20 07:54:53 CEST 2014: 96: finished (251ms, 32cycles)
Tue May 20 07:54:53 CEST 2014: 96: Solution found.
Tue May 20 07:54:56 CEST 2014: 97: finished (3287ms, 500cycles)
Tue May 20 07:54:56 CEST 2014: 97: No solution found.
Tue May 20 07:55:00 CEST 2014: 98: finished (3344ms, 500cycles)
Tue May 20 07:55:00 CEST 2014: 98: No solution found.
Tue May 20 07:55:03 CEST 2014: 99: finished (3531ms, 500cycles)
Tue May 20 07:55:03 CEST 2014: 99: No solution found.
Tue May 20 07:55:03 CEST 2014: Solution Found: 11
Tue May 20 07:55:03 CEST 2014: Avg cycles: 73
Tue May 20 07:55:03 CEST 2014: Max cycles: 141
Tue May 20 07:55:03 CEST 2014: Min cycles: 26
Tue May 20 07:55:03 CEST 2014: No solution found: 89
Tue May 20 07:55:03 CEST 2014: logging finished. (runtime: 349465ms)
