Tue May 20 16:55:58 CEST 2014: Problem Count: 100
Tue May 20 16:55:58 CEST 2014: CandidatesCount: 21
Tue May 20 16:55:58 CEST 2014: Max Cycles: 500
Tue May 20 16:56:00 CEST 2014: 0: finished (1954ms, 361cycles)
Tue May 20 16:56:00 CEST 2014: 0: Solution found.
Tue May 20 16:56:01 CEST 2014: 1: finished (1498ms, 236cycles)
Tue May 20 16:56:02 CEST 2014: 1: Solution found.
Tue May 20 16:56:02 CEST 2014: 2: finished (442ms, 100cycles)
Tue May 20 16:56:02 CEST 2014: 2: Solution found.
Tue May 20 16:56:03 CEST 2014: 3: finished (840ms, 124cycles)
Tue May 20 16:56:03 CEST 2014: 3: Solution found.
Tue May 20 16:56:07 CEST 2014: 4: finished (3554ms, 500cycles)
Tue May 20 16:56:07 CEST 2014: 4: No solution found.
Tue May 20 16:56:07 CEST 2014: 5: finished (625ms, 115cycles)
Tue May 20 16:56:07 CEST 2014: 5: Solution found.
Tue May 20 16:56:08 CEST 2014: 6: finished (500ms, 88cycles)
Tue May 20 16:56:08 CEST 2014: 6: Solution found.
Tue May 20 16:56:10 CEST 2014: 7: finished (1720ms, 307cycles)
Tue May 20 16:56:10 CEST 2014: 7: Solution found.
Tue May 20 16:56:11 CEST 2014: 8: finished (824ms, 172cycles)
Tue May 20 16:56:11 CEST 2014: 8: Solution found.
Tue May 20 16:56:12 CEST 2014: 9: finished (1598ms, 257cycles)
Tue May 20 16:56:12 CEST 2014: 9: Solution found.
Tue May 20 16:56:15 CEST 2014: 10: finished (2467ms, 500cycles)
Tue May 20 16:56:15 CEST 2014: 10: No solution found.
Tue May 20 16:56:16 CEST 2014: 11: finished (1056ms, 215cycles)
Tue May 20 16:56:16 CEST 2014: 11: Solution found.
Tue May 20 16:56:17 CEST 2014: 12: finished (917ms, 187cycles)
Tue May 20 16:56:17 CEST 2014: 12: Solution found.
Tue May 20 16:56:18 CEST 2014: 13: finished (860ms, 122cycles)
Tue May 20 16:56:18 CEST 2014: 13: Solution found.
Tue May 20 16:56:19 CEST 2014: 14: finished (949ms, 132cycles)
Tue May 20 16:56:19 CEST 2014: 14: Solution found.
Tue May 20 16:56:20 CEST 2014: 15: finished (967ms, 136cycles)
Tue May 20 16:56:20 CEST 2014: 15: Solution found.
Tue May 20 16:56:21 CEST 2014: 16: finished (1301ms, 178cycles)
Tue May 20 16:56:21 CEST 2014: 16: Solution found.
Tue May 20 16:56:22 CEST 2014: 17: finished (857ms, 147cycles)
Tue May 20 16:56:22 CEST 2014: 17: Solution found.
Tue May 20 16:56:24 CEST 2014: 18: finished (1579ms, 275cycles)
Tue May 20 16:56:24 CEST 2014: 18: Solution found.
Tue May 20 16:56:25 CEST 2014: 19: finished (1025ms, 184cycles)
Tue May 20 16:56:25 CEST 2014: 19: Solution found.
Tue May 20 16:56:26 CEST 2014: 20: finished (823ms, 149cycles)
Tue May 20 16:56:26 CEST 2014: 20: Solution found.
Tue May 20 16:56:27 CEST 2014: 21: finished (624ms, 99cycles)
Tue May 20 16:56:27 CEST 2014: 21: Solution found.
Tue May 20 16:56:27 CEST 2014: 22: finished (297ms, 61cycles)
Tue May 20 16:56:27 CEST 2014: 22: Solution found.
Tue May 20 16:56:30 CEST 2014: 23: finished (2453ms, 500cycles)
Tue May 20 16:56:30 CEST 2014: 23: No solution found.
Tue May 20 16:56:31 CEST 2014: 24: finished (1590ms, 306cycles)
Tue May 20 16:56:31 CEST 2014: 24: Solution found.
Tue May 20 16:56:32 CEST 2014: 25: finished (647ms, 118cycles)
Tue May 20 16:56:32 CEST 2014: 25: Solution found.
Tue May 20 16:56:34 CEST 2014: 26: finished (1841ms, 352cycles)
Tue May 20 16:56:34 CEST 2014: 26: Solution found.
Tue May 20 16:56:36 CEST 2014: 27: finished (2159ms, 343cycles)
Tue May 20 16:56:36 CEST 2014: 27: Solution found.
Tue May 20 16:56:37 CEST 2014: 28: finished (859ms, 170cycles)
Tue May 20 16:56:37 CEST 2014: 28: Solution found.
Tue May 20 16:56:38 CEST 2014: 29: finished (1202ms, 178cycles)
Tue May 20 16:56:39 CEST 2014: 29: Solution found.
Tue May 20 16:56:40 CEST 2014: 30: finished (1888ms, 315cycles)
Tue May 20 16:56:41 CEST 2014: 30: Solution found.
Tue May 20 16:56:42 CEST 2014: 31: finished (1132ms, 179cycles)
Tue May 20 16:56:42 CEST 2014: 31: Solution found.
Tue May 20 16:56:42 CEST 2014: 32: finished (374ms, 91cycles)
Tue May 20 16:56:42 CEST 2014: 32: Solution found.
Tue May 20 16:56:43 CEST 2014: 33: finished (578ms, 91cycles)
Tue May 20 16:56:43 CEST 2014: 33: Solution found.
Tue May 20 16:56:46 CEST 2014: 34: finished (2838ms, 500cycles)
Tue May 20 16:56:46 CEST 2014: 34: No solution found.
Tue May 20 16:56:46 CEST 2014: 35: finished (496ms, 84cycles)
Tue May 20 16:56:46 CEST 2014: 35: Solution found.
Tue May 20 16:56:49 CEST 2014: 36: finished (3020ms, 500cycles)
Tue May 20 16:56:49 CEST 2014: 36: No solution found.
Tue May 20 16:56:51 CEST 2014: 37: finished (1320ms, 312cycles)
Tue May 20 16:56:51 CEST 2014: 37: Solution found.
Tue May 20 16:56:52 CEST 2014: 38: finished (1073ms, 180cycles)
Tue May 20 16:56:52 CEST 2014: 38: Solution found.
Tue May 20 16:56:53 CEST 2014: 39: finished (693ms, 100cycles)
Tue May 20 16:56:53 CEST 2014: 39: Solution found.
Tue May 20 16:56:54 CEST 2014: 40: finished (908ms, 155cycles)
Tue May 20 16:56:54 CEST 2014: 40: Solution found.
Tue May 20 16:56:56 CEST 2014: 41: finished (2249ms, 500cycles)
Tue May 20 16:56:56 CEST 2014: 41: No solution found.
Tue May 20 16:56:57 CEST 2014: 42: finished (859ms, 174cycles)
Tue May 20 16:56:57 CEST 2014: 42: Solution found.
Tue May 20 16:57:00 CEST 2014: 43: finished (3457ms, 500cycles)
Tue May 20 16:57:00 CEST 2014: 43: No solution found.
Tue May 20 16:57:01 CEST 2014: 44: finished (634ms, 139cycles)
Tue May 20 16:57:01 CEST 2014: 44: Solution found.
Tue May 20 16:57:02 CEST 2014: 45: finished (543ms, 136cycles)
Tue May 20 16:57:02 CEST 2014: 45: Solution found.
Tue May 20 16:57:02 CEST 2014: 46: finished (405ms, 91cycles)
Tue May 20 16:57:02 CEST 2014: 46: Solution found.
Tue May 20 16:57:03 CEST 2014: 47: finished (818ms, 102cycles)
Tue May 20 16:57:03 CEST 2014: 47: Solution found.
Tue May 20 16:57:04 CEST 2014: 48: finished (723ms, 101cycles)
Tue May 20 16:57:04 CEST 2014: 48: Solution found.
Tue May 20 16:57:06 CEST 2014: 49: finished (1985ms, 355cycles)
Tue May 20 16:57:06 CEST 2014: 49: Solution found.
Tue May 20 16:57:07 CEST 2014: 50: finished (459ms, 75cycles)
Tue May 20 16:57:07 CEST 2014: 50: Solution found.
Tue May 20 16:57:09 CEST 2014: 51: finished (2213ms, 418cycles)
Tue May 20 16:57:09 CEST 2014: 51: Solution found.
Tue May 20 16:57:11 CEST 2014: 52: finished (2453ms, 500cycles)
Tue May 20 16:57:11 CEST 2014: 52: No solution found.
Tue May 20 16:57:12 CEST 2014: 53: finished (907ms, 179cycles)
Tue May 20 16:57:12 CEST 2014: 53: Solution found.
Tue May 20 16:57:15 CEST 2014: 54: finished (2289ms, 416cycles)
Tue May 20 16:57:15 CEST 2014: 54: Solution found.
Tue May 20 16:57:17 CEST 2014: 55: finished (1742ms, 291cycles)
Tue May 20 16:57:17 CEST 2014: 55: Solution found.
Tue May 20 16:57:17 CEST 2014: 56: finished (703ms, 112cycles)
Tue May 20 16:57:18 CEST 2014: 56: Solution found.
Tue May 20 16:57:18 CEST 2014: 57: finished (503ms, 107cycles)
Tue May 20 16:57:18 CEST 2014: 57: Solution found.
Tue May 20 16:57:21 CEST 2014: 58: finished (3069ms, 500cycles)
Tue May 20 16:57:21 CEST 2014: 58: No solution found.
Tue May 20 16:57:22 CEST 2014: 59: finished (661ms, 88cycles)
Tue May 20 16:57:22 CEST 2014: 59: Solution found.
Tue May 20 16:57:22 CEST 2014: 60: finished (270ms, 43cycles)
Tue May 20 16:57:22 CEST 2014: 60: Solution found.
Tue May 20 16:57:23 CEST 2014: 61: finished (966ms, 160cycles)
Tue May 20 16:57:23 CEST 2014: 61: Solution found.
Tue May 20 16:57:25 CEST 2014: 62: finished (1601ms, 294cycles)
Tue May 20 16:57:25 CEST 2014: 62: Solution found.
Tue May 20 16:57:26 CEST 2014: 63: finished (858ms, 133cycles)
Tue May 20 16:57:26 CEST 2014: 63: Solution found.
Tue May 20 16:57:28 CEST 2014: 64: finished (1552ms, 314cycles)
Tue May 20 16:57:28 CEST 2014: 64: Solution found.
Tue May 20 16:57:29 CEST 2014: 65: finished (1226ms, 168cycles)
Tue May 20 16:57:29 CEST 2014: 65: Solution found.
Tue May 20 16:57:29 CEST 2014: 66: finished (225ms, 53cycles)
Tue May 20 16:57:29 CEST 2014: 66: Solution found.
Tue May 20 16:57:32 CEST 2014: 67: finished (2508ms, 454cycles)
Tue May 20 16:57:32 CEST 2014: 67: Solution found.
Tue May 20 16:57:34 CEST 2014: 68: finished (1597ms, 322cycles)
Tue May 20 16:57:34 CEST 2014: 68: Solution found.
Tue May 20 16:57:34 CEST 2014: 69: finished (462ms, 77cycles)
Tue May 20 16:57:34 CEST 2014: 69: Solution found.
Tue May 20 16:57:37 CEST 2014: 70: finished (2464ms, 451cycles)
Tue May 20 16:57:37 CEST 2014: 70: Solution found.
Tue May 20 16:57:38 CEST 2014: 71: finished (1575ms, 268cycles)
Tue May 20 16:57:38 CEST 2014: 71: Solution found.
Tue May 20 16:57:41 CEST 2014: 72: finished (2119ms, 500cycles)
Tue May 20 16:57:41 CEST 2014: 72: No solution found.
Tue May 20 16:57:41 CEST 2014: 73: finished (817ms, 135cycles)
Tue May 20 16:57:41 CEST 2014: 73: Solution found.
Tue May 20 16:57:43 CEST 2014: 74: finished (1895ms, 391cycles)
Tue May 20 16:57:43 CEST 2014: 74: Solution found.
Tue May 20 16:57:44 CEST 2014: 75: finished (1044ms, 172cycles)
Tue May 20 16:57:45 CEST 2014: 75: Solution found.
Tue May 20 16:57:46 CEST 2014: 76: finished (1210ms, 169cycles)
Tue May 20 16:57:46 CEST 2014: 76: Solution found.
Tue May 20 16:57:46 CEST 2014: 77: finished (600ms, 98cycles)
Tue May 20 16:57:47 CEST 2014: 77: Solution found.
Tue May 20 16:57:48 CEST 2014: 78: finished (1919ms, 295cycles)
Tue May 20 16:57:49 CEST 2014: 78: Solution found.
Tue May 20 16:57:49 CEST 2014: 79: finished (500ms, 61cycles)
Tue May 20 16:57:49 CEST 2014: 79: Solution found.
Tue May 20 16:57:50 CEST 2014: 80: finished (720ms, 165cycles)
Tue May 20 16:57:50 CEST 2014: 80: Solution found.
Tue May 20 16:57:51 CEST 2014: 81: finished (1427ms, 205cycles)
Tue May 20 16:57:51 CEST 2014: 81: Solution found.
Tue May 20 16:57:53 CEST 2014: 82: finished (1825ms, 271cycles)
Tue May 20 16:57:53 CEST 2014: 82: Solution found.
Tue May 20 16:57:54 CEST 2014: 83: finished (626ms, 148cycles)
Tue May 20 16:57:54 CEST 2014: 83: Solution found.
Tue May 20 16:57:57 CEST 2014: 84: finished (2846ms, 500cycles)
Tue May 20 16:57:57 CEST 2014: 84: No solution found.
Tue May 20 16:57:59 CEST 2014: 85: finished (2347ms, 500cycles)
Tue May 20 16:57:59 CEST 2014: 85: No solution found.
Tue May 20 16:58:00 CEST 2014: 86: finished (298ms, 53cycles)
Tue May 20 16:58:00 CEST 2014: 86: Solution found.
Tue May 20 16:58:00 CEST 2014: 87: finished (67ms, 17cycles)
Tue May 20 16:58:00 CEST 2014: 87: Solution found.
Tue May 20 16:58:00 CEST 2014: 88: finished (558ms, 105cycles)
Tue May 20 16:58:01 CEST 2014: 88: Solution found.
Tue May 20 16:58:01 CEST 2014: 89: finished (705ms, 138cycles)
Tue May 20 16:58:01 CEST 2014: 89: Solution found.
Tue May 20 16:58:04 CEST 2014: 90: finished (2874ms, 500cycles)
Tue May 20 16:58:04 CEST 2014: 90: No solution found.
Tue May 20 16:58:05 CEST 2014: 91: finished (1215ms, 218cycles)
Tue May 20 16:58:05 CEST 2014: 91: Solution found.
Tue May 20 16:58:07 CEST 2014: 92: finished (1059ms, 162cycles)
Tue May 20 16:58:07 CEST 2014: 92: Solution found.
Tue May 20 16:58:09 CEST 2014: 93: finished (2565ms, 500cycles)
Tue May 20 16:58:09 CEST 2014: 93: No solution found.
Tue May 20 16:58:10 CEST 2014: 94: finished (689ms, 100cycles)
Tue May 20 16:58:10 CEST 2014: 94: Solution found.
Tue May 20 16:58:11 CEST 2014: 95: finished (527ms, 115cycles)
Tue May 20 16:58:11 CEST 2014: 95: Solution found.
Tue May 20 16:58:13 CEST 2014: 96: finished (2501ms, 471cycles)
Tue May 20 16:58:13 CEST 2014: 96: Solution found.
Tue May 20 16:58:14 CEST 2014: 97: finished (876ms, 172cycles)
Tue May 20 16:58:14 CEST 2014: 97: Solution found.
Tue May 20 16:58:16 CEST 2014: 98: finished (1841ms, 335cycles)
Tue May 20 16:58:16 CEST 2014: 98: Solution found.
Tue May 20 16:58:17 CEST 2014: 99: finished (826ms, 149cycles)
Tue May 20 16:58:17 CEST 2014: 99: Solution found.
Tue May 20 16:58:17 CEST 2014: Solution Found: 86
Tue May 20 16:58:17 CEST 2014: Avg cycles: 189
Tue May 20 16:58:17 CEST 2014: Max cycles: 471
Tue May 20 16:58:17 CEST 2014: Min cycles: 17
Tue May 20 16:58:17 CEST 2014: No solution found: 14
Tue May 20 16:58:17 CEST 2014: logging finished. (runtime: 139092ms)
