Tue May 20 16:46:44 CEST 2014: Problem Count: 100
Tue May 20 16:46:44 CEST 2014: CandidatesCount: 6
Tue May 20 16:46:44 CEST 2014: Max Cycles: 500
Tue May 20 16:46:45 CEST 2014: 0: finished (744ms, 500cycles)
Tue May 20 16:46:45 CEST 2014: 0: No solution found.
Tue May 20 16:46:45 CEST 2014: 1: finished (405ms, 269cycles)
Tue May 20 16:46:45 CEST 2014: 1: Solution found.
Tue May 20 16:46:46 CEST 2014: 2: finished (224ms, 146cycles)
Tue May 20 16:46:46 CEST 2014: 2: Solution found.
Tue May 20 16:46:46 CEST 2014: 3: finished (640ms, 500cycles)
Tue May 20 16:46:46 CEST 2014: 3: No solution found.
Tue May 20 16:46:47 CEST 2014: 4: finished (360ms, 184cycles)
Tue May 20 16:46:47 CEST 2014: 4: Solution found.
Tue May 20 16:46:47 CEST 2014: 5: finished (362ms, 172cycles)
Tue May 20 16:46:47 CEST 2014: 5: Solution found.
Tue May 20 16:46:48 CEST 2014: 6: finished (663ms, 500cycles)
Tue May 20 16:46:48 CEST 2014: 6: No solution found.
Tue May 20 16:46:49 CEST 2014: 7: finished (930ms, 500cycles)
Tue May 20 16:46:49 CEST 2014: 7: No solution found.
Tue May 20 16:46:50 CEST 2014: 8: finished (736ms, 500cycles)
Tue May 20 16:46:50 CEST 2014: 8: No solution found.
Tue May 20 16:46:50 CEST 2014: 9: finished (642ms, 500cycles)
Tue May 20 16:46:50 CEST 2014: 9: No solution found.
Tue May 20 16:46:51 CEST 2014: 10: finished (721ms, 500cycles)
Tue May 20 16:46:51 CEST 2014: 10: No solution found.
Tue May 20 16:46:52 CEST 2014: 11: finished (839ms, 500cycles)
Tue May 20 16:46:52 CEST 2014: 11: No solution found.
Tue May 20 16:46:52 CEST 2014: 12: finished (629ms, 500cycles)
Tue May 20 16:46:52 CEST 2014: 12: No solution found.
Tue May 20 16:46:54 CEST 2014: 13: finished (1320ms, 500cycles)
Tue May 20 16:46:54 CEST 2014: 13: No solution found.
Tue May 20 16:46:54 CEST 2014: 14: finished (164ms, 110cycles)
Tue May 20 16:46:54 CEST 2014: 14: Solution found.
Tue May 20 16:46:55 CEST 2014: 15: finished (676ms, 500cycles)
Tue May 20 16:46:55 CEST 2014: 15: No solution found.
Tue May 20 16:46:56 CEST 2014: 16: finished (1002ms, 500cycles)
Tue May 20 16:46:56 CEST 2014: 16: No solution found.
Tue May 20 16:46:57 CEST 2014: 17: finished (837ms, 500cycles)
Tue May 20 16:46:57 CEST 2014: 17: No solution found.
Tue May 20 16:46:57 CEST 2014: 18: finished (689ms, 500cycles)
Tue May 20 16:46:57 CEST 2014: 18: No solution found.
Tue May 20 16:46:58 CEST 2014: 19: finished (596ms, 381cycles)
Tue May 20 16:46:58 CEST 2014: 19: Solution found.
Tue May 20 16:46:58 CEST 2014: 20: finished (490ms, 339cycles)
Tue May 20 16:46:59 CEST 2014: 20: Solution found.
Tue May 20 16:46:59 CEST 2014: 21: finished (740ms, 500cycles)
Tue May 20 16:46:59 CEST 2014: 21: No solution found.
Tue May 20 16:47:00 CEST 2014: 22: finished (761ms, 500cycles)
Tue May 20 16:47:00 CEST 2014: 22: No solution found.
Tue May 20 16:47:01 CEST 2014: 23: finished (791ms, 500cycles)
Tue May 20 16:47:01 CEST 2014: 23: No solution found.
Tue May 20 16:47:01 CEST 2014: 24: finished (595ms, 500cycles)
Tue May 20 16:47:01 CEST 2014: 24: No solution found.
Tue May 20 16:47:02 CEST 2014: 25: finished (583ms, 335cycles)
Tue May 20 16:47:02 CEST 2014: 25: Solution found.
Tue May 20 16:47:03 CEST 2014: 26: finished (1177ms, 500cycles)
Tue May 20 16:47:03 CEST 2014: 26: No solution found.
Tue May 20 16:47:04 CEST 2014: 27: finished (923ms, 500cycles)
Tue May 20 16:47:04 CEST 2014: 27: No solution found.
Tue May 20 16:47:05 CEST 2014: 28: finished (747ms, 500cycles)
Tue May 20 16:47:05 CEST 2014: 28: No solution found.
Tue May 20 16:47:05 CEST 2014: 29: finished (442ms, 273cycles)
Tue May 20 16:47:06 CEST 2014: 29: Solution found.
Tue May 20 16:47:06 CEST 2014: 30: finished (690ms, 500cycles)
Tue May 20 16:47:06 CEST 2014: 30: No solution found.
Tue May 20 16:47:07 CEST 2014: 31: finished (359ms, 260cycles)
Tue May 20 16:47:07 CEST 2014: 31: Solution found.
Tue May 20 16:47:08 CEST 2014: 32: finished (925ms, 500cycles)
Tue May 20 16:47:08 CEST 2014: 32: No solution found.
Tue May 20 16:47:08 CEST 2014: 33: finished (588ms, 500cycles)
Tue May 20 16:47:08 CEST 2014: 33: No solution found.
Tue May 20 16:47:09 CEST 2014: 34: finished (928ms, 500cycles)
Tue May 20 16:47:09 CEST 2014: 34: No solution found.
Tue May 20 16:47:10 CEST 2014: 35: finished (743ms, 500cycles)
Tue May 20 16:47:10 CEST 2014: 35: No solution found.
Tue May 20 16:47:11 CEST 2014: 36: finished (809ms, 500cycles)
Tue May 20 16:47:11 CEST 2014: 36: No solution found.
Tue May 20 16:47:12 CEST 2014: 37: finished (695ms, 500cycles)
Tue May 20 16:47:12 CEST 2014: 37: No solution found.
Tue May 20 16:47:12 CEST 2014: 38: finished (736ms, 500cycles)
Tue May 20 16:47:12 CEST 2014: 38: No solution found.
Tue May 20 16:47:13 CEST 2014: 39: finished (578ms, 361cycles)
Tue May 20 16:47:13 CEST 2014: 39: Solution found.
Tue May 20 16:47:14 CEST 2014: 40: finished (538ms, 500cycles)
Tue May 20 16:47:14 CEST 2014: 40: No solution found.
Tue May 20 16:47:14 CEST 2014: 41: finished (833ms, 500cycles)
Tue May 20 16:47:14 CEST 2014: 41: No solution found.
Tue May 20 16:47:15 CEST 2014: 42: finished (886ms, 500cycles)
Tue May 20 16:47:15 CEST 2014: 42: No solution found.
Tue May 20 16:47:16 CEST 2014: 43: finished (453ms, 297cycles)
Tue May 20 16:47:16 CEST 2014: 43: Solution found.
Tue May 20 16:47:16 CEST 2014: 44: finished (471ms, 279cycles)
Tue May 20 16:47:16 CEST 2014: 44: Solution found.
Tue May 20 16:47:17 CEST 2014: 45: finished (809ms, 500cycles)
Tue May 20 16:47:17 CEST 2014: 45: No solution found.
Tue May 20 16:47:18 CEST 2014: 46: finished (700ms, 500cycles)
Tue May 20 16:47:18 CEST 2014: 46: No solution found.
Tue May 20 16:47:19 CEST 2014: 47: finished (1036ms, 500cycles)
Tue May 20 16:47:19 CEST 2014: 47: No solution found.
Tue May 20 16:47:20 CEST 2014: 48: finished (575ms, 500cycles)
Tue May 20 16:47:20 CEST 2014: 48: No solution found.
Tue May 20 16:47:21 CEST 2014: 49: finished (996ms, 500cycles)
Tue May 20 16:47:21 CEST 2014: 49: No solution found.
Tue May 20 16:47:21 CEST 2014: 50: finished (684ms, 500cycles)
Tue May 20 16:47:21 CEST 2014: 50: No solution found.
Tue May 20 16:47:22 CEST 2014: 51: finished (655ms, 500cycles)
Tue May 20 16:47:22 CEST 2014: 51: No solution found.
Tue May 20 16:47:23 CEST 2014: 52: finished (716ms, 500cycles)
Tue May 20 16:47:23 CEST 2014: 52: No solution found.
Tue May 20 16:47:23 CEST 2014: 53: finished (357ms, 227cycles)
Tue May 20 16:47:23 CEST 2014: 53: Solution found.
Tue May 20 16:47:24 CEST 2014: 54: finished (737ms, 500cycles)
Tue May 20 16:47:24 CEST 2014: 54: No solution found.
Tue May 20 16:47:25 CEST 2014: 55: finished (792ms, 500cycles)
Tue May 20 16:47:25 CEST 2014: 55: No solution found.
Tue May 20 16:47:25 CEST 2014: 56: finished (26ms, 12cycles)
Tue May 20 16:47:25 CEST 2014: 56: Solution found.
Tue May 20 16:47:26 CEST 2014: 57: finished (753ms, 430cycles)
Tue May 20 16:47:26 CEST 2014: 57: Solution found.
Tue May 20 16:47:27 CEST 2014: 58: finished (915ms, 500cycles)
Tue May 20 16:47:27 CEST 2014: 58: No solution found.
Tue May 20 16:47:28 CEST 2014: 59: finished (973ms, 500cycles)
Tue May 20 16:47:28 CEST 2014: 59: No solution found.
Tue May 20 16:47:28 CEST 2014: 60: finished (418ms, 307cycles)
Tue May 20 16:47:28 CEST 2014: 60: Solution found.
Tue May 20 16:47:29 CEST 2014: 61: finished (815ms, 500cycles)
Tue May 20 16:47:29 CEST 2014: 61: No solution found.
Tue May 20 16:47:29 CEST 2014: 62: finished (365ms, 168cycles)
Tue May 20 16:47:29 CEST 2014: 62: Solution found.
Tue May 20 16:47:30 CEST 2014: 63: finished (592ms, 397cycles)
Tue May 20 16:47:30 CEST 2014: 63: Solution found.
Tue May 20 16:47:31 CEST 2014: 64: finished (839ms, 500cycles)
Tue May 20 16:47:31 CEST 2014: 64: No solution found.
Tue May 20 16:47:32 CEST 2014: 65: finished (683ms, 500cycles)
Tue May 20 16:47:32 CEST 2014: 65: No solution found.
Tue May 20 16:47:32 CEST 2014: 66: finished (430ms, 302cycles)
Tue May 20 16:47:32 CEST 2014: 66: Solution found.
Tue May 20 16:47:33 CEST 2014: 67: finished (943ms, 500cycles)
Tue May 20 16:47:33 CEST 2014: 67: No solution found.
Tue May 20 16:47:34 CEST 2014: 68: finished (641ms, 500cycles)
Tue May 20 16:47:34 CEST 2014: 68: No solution found.
Tue May 20 16:47:35 CEST 2014: 69: finished (699ms, 461cycles)
Tue May 20 16:47:35 CEST 2014: 69: Solution found.
Tue May 20 16:47:36 CEST 2014: 70: finished (1144ms, 500cycles)
Tue May 20 16:47:36 CEST 2014: 70: No solution found.
Tue May 20 16:47:37 CEST 2014: 71: finished (868ms, 500cycles)
Tue May 20 16:47:37 CEST 2014: 71: No solution found.
Tue May 20 16:47:37 CEST 2014: 72: finished (859ms, 500cycles)
Tue May 20 16:47:37 CEST 2014: 72: No solution found.
Tue May 20 16:47:38 CEST 2014: 73: finished (708ms, 500cycles)
Tue May 20 16:47:38 CEST 2014: 73: No solution found.
Tue May 20 16:47:39 CEST 2014: 74: finished (678ms, 500cycles)
Tue May 20 16:47:39 CEST 2014: 74: No solution found.
Tue May 20 16:47:40 CEST 2014: 75: finished (837ms, 500cycles)
Tue May 20 16:47:40 CEST 2014: 75: No solution found.
Tue May 20 16:47:41 CEST 2014: 76: finished (781ms, 474cycles)
Tue May 20 16:47:41 CEST 2014: 76: Solution found.
Tue May 20 16:47:41 CEST 2014: 77: finished (713ms, 500cycles)
Tue May 20 16:47:41 CEST 2014: 77: No solution found.
Tue May 20 16:47:42 CEST 2014: 78: finished (753ms, 500cycles)
Tue May 20 16:47:42 CEST 2014: 78: No solution found.
Tue May 20 16:47:43 CEST 2014: 79: finished (930ms, 500cycles)
Tue May 20 16:47:43 CEST 2014: 79: No solution found.
Tue May 20 16:47:44 CEST 2014: 80: finished (776ms, 500cycles)
Tue May 20 16:47:44 CEST 2014: 80: No solution found.
Tue May 20 16:47:45 CEST 2014: 81: finished (723ms, 500cycles)
Tue May 20 16:47:45 CEST 2014: 81: No solution found.
Tue May 20 16:47:45 CEST 2014: 82: finished (788ms, 500cycles)
Tue May 20 16:47:45 CEST 2014: 82: No solution found.
Tue May 20 16:47:46 CEST 2014: 83: finished (739ms, 488cycles)
Tue May 20 16:47:46 CEST 2014: 83: Solution found.
Tue May 20 16:47:47 CEST 2014: 84: finished (666ms, 500cycles)
Tue May 20 16:47:47 CEST 2014: 84: No solution found.
Tue May 20 16:47:48 CEST 2014: 85: finished (860ms, 500cycles)
Tue May 20 16:47:48 CEST 2014: 85: No solution found.
Tue May 20 16:47:49 CEST 2014: 86: finished (785ms, 500cycles)
Tue May 20 16:47:49 CEST 2014: 86: No solution found.
Tue May 20 16:47:49 CEST 2014: 87: finished (226ms, 138cycles)
Tue May 20 16:47:49 CEST 2014: 87: Solution found.
Tue May 20 16:47:50 CEST 2014: 88: finished (666ms, 395cycles)
Tue May 20 16:47:50 CEST 2014: 88: Solution found.
Tue May 20 16:47:51 CEST 2014: 89: finished (772ms, 500cycles)
Tue May 20 16:47:51 CEST 2014: 89: No solution found.
Tue May 20 16:47:51 CEST 2014: 90: finished (749ms, 500cycles)
Tue May 20 16:47:51 CEST 2014: 90: No solution found.
Tue May 20 16:47:52 CEST 2014: 91: finished (998ms, 500cycles)
Tue May 20 16:47:52 CEST 2014: 91: No solution found.
Tue May 20 16:47:53 CEST 2014: 92: finished (416ms, 231cycles)
Tue May 20 16:47:53 CEST 2014: 92: Solution found.
Tue May 20 16:47:53 CEST 2014: 93: finished (625ms, 500cycles)
Tue May 20 16:47:53 CEST 2014: 93: No solution found.
Tue May 20 16:47:54 CEST 2014: 94: finished (934ms, 500cycles)
Tue May 20 16:47:54 CEST 2014: 94: No solution found.
Tue May 20 16:47:55 CEST 2014: 95: finished (904ms, 500cycles)
Tue May 20 16:47:55 CEST 2014: 95: No solution found.
Tue May 20 16:47:56 CEST 2014: 96: finished (719ms, 500cycles)
Tue May 20 16:47:56 CEST 2014: 96: No solution found.
Tue May 20 16:47:57 CEST 2014: 97: finished (802ms, 500cycles)
Tue May 20 16:47:57 CEST 2014: 97: No solution found.
Tue May 20 16:47:58 CEST 2014: 98: finished (668ms, 500cycles)
Tue May 20 16:47:58 CEST 2014: 98: No solution found.
Tue May 20 16:47:58 CEST 2014: 99: finished (611ms, 417cycles)
Tue May 20 16:47:58 CEST 2014: 99: Solution found.
Tue May 20 16:47:58 CEST 2014: Solution Found: 27
Tue May 20 16:47:58 CEST 2014: Avg cycles: 290
Tue May 20 16:47:58 CEST 2014: Max cycles: 488
Tue May 20 16:47:58 CEST 2014: Min cycles: 12
Tue May 20 16:47:58 CEST 2014: No solution found: 73
Tue May 20 16:47:58 CEST 2014: logging finished. (runtime: 74242ms)
