Tue May 20 01:56:35 CEST 2014: Problem Count: 0
Tue May 20 01:56:35 CEST 2014: CandidatesCount: 20
Tue May 20 01:56:35 CEST 2014: Max Cycles: 500
Tue May 20 01:56:35 CEST 2014: 0: finished (20ms, 5cycles)
Tue May 20 01:56:35 CEST 2014: 0: Solution found.
Tue May 20 01:56:35 CEST 2014: 1: finished (26ms, 8cycles)
Tue May 20 01:56:35 CEST 2014: 1: Solution found.
Tue May 20 01:56:35 CEST 2014: 2: finished (552ms, 154cycles)
Tue May 20 01:56:35 CEST 2014: 2: Solution found.
Tue May 20 01:56:36 CEST 2014: 3: finished (721ms, 211cycles)
Tue May 20 01:56:36 CEST 2014: 3: Solution found.
Tue May 20 01:56:36 CEST 2014: 4: finished (380ms, 120cycles)
Tue May 20 01:56:36 CEST 2014: 4: Solution found.
Tue May 20 01:56:36 CEST 2014: 5: finished (213ms, 61cycles)
Tue May 20 01:56:36 CEST 2014: 5: Solution found.
Tue May 20 01:56:37 CEST 2014: 6: finished (905ms, 281cycles)
Tue May 20 01:56:37 CEST 2014: 6: Solution found.
Tue May 20 01:56:38 CEST 2014: 7: finished (621ms, 195cycles)
Tue May 20 01:56:38 CEST 2014: 7: Solution found.
Tue May 20 01:56:38 CEST 2014: 8: finished (217ms, 72cycles)
Tue May 20 01:56:38 CEST 2014: 8: Solution found.
Tue May 20 01:56:39 CEST 2014: 9: finished (655ms, 193cycles)
Tue May 20 01:56:39 CEST 2014: 9: Solution found.
Tue May 20 01:56:41 CEST 2014: 10: finished (1641ms, 500cycles)
Tue May 20 01:56:41 CEST 2014: 10: No solution found.
Tue May 20 01:56:41 CEST 2014: 11: finished (565ms, 169cycles)
Tue May 20 01:56:41 CEST 2014: 11: Solution found.
Tue May 20 01:56:41 CEST 2014: 12: finished (253ms, 78cycles)
Tue May 20 01:56:41 CEST 2014: 12: Solution found.
Tue May 20 01:56:42 CEST 2014: 13: finished (288ms, 76cycles)
Tue May 20 01:56:42 CEST 2014: 13: Solution found.
Tue May 20 01:56:42 CEST 2014: 14: finished (47ms, 15cycles)
Tue May 20 01:56:42 CEST 2014: 14: Solution found.
Tue May 20 01:56:42 CEST 2014: 15: finished (118ms, 40cycles)
Tue May 20 01:56:42 CEST 2014: 15: Solution found.
Tue May 20 01:56:42 CEST 2014: 16: finished (542ms, 172cycles)
Tue May 20 01:56:43 CEST 2014: 16: Solution found.
Tue May 20 01:56:43 CEST 2014: 17: finished (39ms, 11cycles)
Tue May 20 01:56:43 CEST 2014: 17: Solution found.
Tue May 20 01:56:43 CEST 2014: 18: finished (238ms, 74cycles)
Tue May 20 01:56:43 CEST 2014: 18: Solution found.
Tue May 20 01:56:43 CEST 2014: 19: finished (301ms, 100cycles)
Tue May 20 01:56:43 CEST 2014: 19: Solution found.
Tue May 20 01:56:45 CEST 2014: 20: finished (1406ms, 439cycles)
Tue May 20 01:56:45 CEST 2014: 20: Solution found.
Tue May 20 01:56:45 CEST 2014: 21: finished (138ms, 29cycles)
Tue May 20 01:56:45 CEST 2014: 21: Solution found.
Tue May 20 01:56:45 CEST 2014: 22: finished (93ms, 32cycles)
Tue May 20 01:56:45 CEST 2014: 22: Solution found.
Tue May 20 01:56:45 CEST 2014: 23: finished (18ms, 11cycles)
Tue May 20 01:56:45 CEST 2014: 23: Solution found.
Tue May 20 01:56:45 CEST 2014: 24: finished (413ms, 120cycles)
Tue May 20 01:56:45 CEST 2014: 24: Solution found.
Tue May 20 01:56:45 CEST 2014: 25: finished (170ms, 54cycles)
Tue May 20 01:56:45 CEST 2014: 25: Solution found.
Tue May 20 01:56:46 CEST 2014: 26: finished (281ms, 77cycles)
Tue May 20 01:56:46 CEST 2014: 26: Solution found.
Tue May 20 01:56:46 CEST 2014: 27: finished (508ms, 167cycles)
Tue May 20 01:56:46 CEST 2014: 27: Solution found.
Tue May 20 01:56:46 CEST 2014: 28: finished (1ms, 0cycles)
Tue May 20 01:56:46 CEST 2014: 28: Solution found.
Tue May 20 01:56:47 CEST 2014: 29: finished (836ms, 263cycles)
Tue May 20 01:56:47 CEST 2014: 29: Solution found.
Tue May 20 01:56:48 CEST 2014: 30: finished (951ms, 284cycles)
Tue May 20 01:56:48 CEST 2014: 30: Solution found.
Tue May 20 01:56:48 CEST 2014: 31: finished (72ms, 23cycles)
Tue May 20 01:56:48 CEST 2014: 31: Solution found.
Tue May 20 01:56:48 CEST 2014: 32: finished (147ms, 37cycles)
Tue May 20 01:56:48 CEST 2014: 32: Solution found.
Tue May 20 01:56:50 CEST 2014: 33: finished (1511ms, 461cycles)
Tue May 20 01:56:50 CEST 2014: 33: Solution found.
Tue May 20 01:56:51 CEST 2014: 34: finished (1105ms, 319cycles)
Tue May 20 01:56:51 CEST 2014: 34: Solution found.
Tue May 20 01:56:52 CEST 2014: 35: finished (902ms, 262cycles)
Tue May 20 01:56:52 CEST 2014: 35: Solution found.
Tue May 20 01:56:53 CEST 2014: 36: finished (1293ms, 398cycles)
Tue May 20 01:56:53 CEST 2014: 36: Solution found.
Tue May 20 01:56:54 CEST 2014: 37: finished (841ms, 258cycles)
Tue May 20 01:56:54 CEST 2014: 37: Solution found.
Tue May 20 01:56:55 CEST 2014: 38: finished (788ms, 230cycles)
Tue May 20 01:56:55 CEST 2014: 38: Solution found.
Tue May 20 01:56:55 CEST 2014: 39: finished (41ms, 12cycles)
Tue May 20 01:56:55 CEST 2014: 39: Solution found.
Tue May 20 01:56:55 CEST 2014: 40: finished (451ms, 138cycles)
Tue May 20 01:56:55 CEST 2014: 40: Solution found.
Tue May 20 01:56:56 CEST 2014: 41: finished (460ms, 134cycles)
Tue May 20 01:56:56 CEST 2014: 41: Solution found.
Tue May 20 01:56:57 CEST 2014: 42: finished (552ms, 174cycles)
Tue May 20 01:56:57 CEST 2014: 42: Solution found.
Tue May 20 01:56:57 CEST 2014: 43: finished (353ms, 100cycles)
Tue May 20 01:56:57 CEST 2014: 43: Solution found.
Tue May 20 01:56:57 CEST 2014: 44: finished (54ms, 15cycles)
Tue May 20 01:56:57 CEST 2014: 44: Solution found.
Tue May 20 01:56:57 CEST 2014: 45: finished (317ms, 104cycles)
Tue May 20 01:56:57 CEST 2014: 45: Solution found.
Tue May 20 01:56:58 CEST 2014: 46: finished (242ms, 81cycles)
Tue May 20 01:56:58 CEST 2014: 46: Solution found.
Tue May 20 01:56:58 CEST 2014: 47: finished (403ms, 127cycles)
Tue May 20 01:56:58 CEST 2014: 47: Solution found.
Tue May 20 01:56:58 CEST 2014: 48: finished (69ms, 19cycles)
Tue May 20 01:56:58 CEST 2014: 48: Solution found.
Tue May 20 01:56:58 CEST 2014: 49: finished (55ms, 16cycles)
Tue May 20 01:56:58 CEST 2014: 49: Solution found.
Tue May 20 01:56:58 CEST 2014: 50: finished (342ms, 106cycles)
Tue May 20 01:56:58 CEST 2014: 50: Solution found.
Tue May 20 01:56:59 CEST 2014: 51: finished (330ms, 99cycles)
Tue May 20 01:56:59 CEST 2014: 51: Solution found.
Tue May 20 01:56:59 CEST 2014: 52: finished (70ms, 22cycles)
Tue May 20 01:56:59 CEST 2014: 52: Solution found.
Tue May 20 01:56:59 CEST 2014: 53: finished (545ms, 183cycles)
Tue May 20 01:57:00 CEST 2014: 53: Solution found.
Tue May 20 01:57:01 CEST 2014: 54: finished (1685ms, 500cycles)
Tue May 20 01:57:01 CEST 2014: 54: No solution found.
Tue May 20 01:57:02 CEST 2014: 55: finished (330ms, 105cycles)
Tue May 20 01:57:02 CEST 2014: 55: Solution found.
Tue May 20 01:57:02 CEST 2014: 56: finished (2ms, 2cycles)
Tue May 20 01:57:02 CEST 2014: 56: Solution found.
Tue May 20 01:57:03 CEST 2014: 57: finished (1307ms, 393cycles)
Tue May 20 01:57:03 CEST 2014: 57: Solution found.
Tue May 20 01:57:03 CEST 2014: 58: finished (287ms, 77cycles)
Tue May 20 01:57:03 CEST 2014: 58: Solution found.
Tue May 20 01:57:04 CEST 2014: 59: finished (431ms, 130cycles)
Tue May 20 01:57:04 CEST 2014: 59: Solution found.
Tue May 20 01:57:04 CEST 2014: 60: finished (262ms, 75cycles)
Tue May 20 01:57:04 CEST 2014: 60: Solution found.
Tue May 20 01:57:04 CEST 2014: 61: finished (464ms, 139cycles)
Tue May 20 01:57:04 CEST 2014: 61: Solution found.
Tue May 20 01:57:04 CEST 2014: 62: finished (10ms, 4cycles)
Tue May 20 01:57:04 CEST 2014: 62: Solution found.
Tue May 20 01:57:04 CEST 2014: 63: finished (58ms, 14cycles)
Tue May 20 01:57:05 CEST 2014: 63: Solution found.
Tue May 20 01:57:05 CEST 2014: 64: finished (32ms, 11cycles)
Tue May 20 01:57:05 CEST 2014: 64: Solution found.
Tue May 20 01:57:05 CEST 2014: 65: finished (205ms, 57cycles)
Tue May 20 01:57:05 CEST 2014: 65: Solution found.
Tue May 20 01:57:05 CEST 2014: 66: finished (436ms, 136cycles)
Tue May 20 01:57:05 CEST 2014: 66: Solution found.
Tue May 20 01:57:06 CEST 2014: 67: finished (407ms, 125cycles)
Tue May 20 01:57:06 CEST 2014: 67: Solution found.
Tue May 20 01:57:06 CEST 2014: 68: finished (210ms, 66cycles)
Tue May 20 01:57:06 CEST 2014: 68: Solution found.
Tue May 20 01:57:07 CEST 2014: 69: finished (1590ms, 500cycles)
Tue May 20 01:57:07 CEST 2014: 69: No solution found.
Tue May 20 01:57:08 CEST 2014: 70: finished (840ms, 251cycles)
Tue May 20 01:57:08 CEST 2014: 70: Solution found.
Tue May 20 01:57:08 CEST 2014: 71: finished (45ms, 13cycles)
Tue May 20 01:57:08 CEST 2014: 71: Solution found.
Tue May 20 01:57:09 CEST 2014: 72: finished (1080ms, 325cycles)
Tue May 20 01:57:10 CEST 2014: 72: Solution found.
Tue May 20 01:57:11 CEST 2014: 73: finished (1674ms, 500cycles)
Tue May 20 01:57:11 CEST 2014: 73: No solution found.
Tue May 20 01:57:12 CEST 2014: 74: finished (637ms, 186cycles)
Tue May 20 01:57:12 CEST 2014: 74: Solution found.
Tue May 20 01:57:12 CEST 2014: 75: finished (520ms, 163cycles)
Tue May 20 01:57:12 CEST 2014: 75: Solution found.
Tue May 20 01:57:13 CEST 2014: 76: finished (236ms, 69cycles)
Tue May 20 01:57:13 CEST 2014: 76: Solution found.
Tue May 20 01:57:13 CEST 2014: 77: finished (486ms, 136cycles)
Tue May 20 01:57:13 CEST 2014: 77: Solution found.
Tue May 20 01:57:13 CEST 2014: 78: finished (343ms, 98cycles)
Tue May 20 01:57:13 CEST 2014: 78: Solution found.
Tue May 20 01:57:14 CEST 2014: 79: finished (644ms, 198cycles)
Tue May 20 01:57:14 CEST 2014: 79: Solution found.
Tue May 20 01:57:15 CEST 2014: 80: finished (471ms, 147cycles)
Tue May 20 01:57:15 CEST 2014: 80: Solution found.
Tue May 20 01:57:15 CEST 2014: 81: finished (163ms, 52cycles)
Tue May 20 01:57:15 CEST 2014: 81: Solution found.
Tue May 20 01:57:15 CEST 2014: 82: finished (612ms, 178cycles)
Tue May 20 01:57:15 CEST 2014: 82: Solution found.
Tue May 20 01:57:15 CEST 2014: 83: finished (52ms, 22cycles)
Tue May 20 01:57:16 CEST 2014: 83: Solution found.
Tue May 20 01:57:16 CEST 2014: 84: finished (373ms, 104cycles)
Tue May 20 01:57:16 CEST 2014: 84: Solution found.
Tue May 20 01:57:16 CEST 2014: 85: finished (55ms, 15cycles)
Tue May 20 01:57:16 CEST 2014: 85: Solution found.
Tue May 20 01:57:16 CEST 2014: 86: finished (59ms, 17cycles)
Tue May 20 01:57:16 CEST 2014: 86: Solution found.
Tue May 20 01:57:16 CEST 2014: 87: finished (54ms, 16cycles)
Tue May 20 01:57:16 CEST 2014: 87: Solution found.
Tue May 20 01:57:16 CEST 2014: 88: finished (128ms, 37cycles)
Tue May 20 01:57:16 CEST 2014: 88: Solution found.
Tue May 20 01:57:17 CEST 2014: 89: finished (492ms, 152cycles)
Tue May 20 01:57:17 CEST 2014: 89: Solution found.
Tue May 20 01:57:17 CEST 2014: 90: finished (376ms, 117cycles)
Tue May 20 01:57:17 CEST 2014: 90: Solution found.
Tue May 20 01:57:18 CEST 2014: 91: finished (590ms, 175cycles)
Tue May 20 01:57:18 CEST 2014: 91: Solution found.
Tue May 20 01:57:19 CEST 2014: 92: finished (1544ms, 467cycles)
Tue May 20 01:57:19 CEST 2014: 92: Solution found.
Tue May 20 01:57:20 CEST 2014: 93: finished (813ms, 248cycles)
Tue May 20 01:57:20 CEST 2014: 93: Solution found.
Tue May 20 01:57:20 CEST 2014: 94: finished (208ms, 69cycles)
Tue May 20 01:57:20 CEST 2014: 94: Solution found.
Tue May 20 01:57:21 CEST 2014: 95: finished (418ms, 131cycles)
Tue May 20 01:57:21 CEST 2014: 95: Solution found.
Tue May 20 01:57:21 CEST 2014: 96: finished (193ms, 62cycles)
Tue May 20 01:57:21 CEST 2014: 96: Solution found.
Tue May 20 01:57:21 CEST 2014: 97: finished (185ms, 56cycles)
Tue May 20 01:57:21 CEST 2014: 97: Solution found.
Tue May 20 01:57:21 CEST 2014: 98: finished (229ms, 73cycles)
Tue May 20 01:57:22 CEST 2014: 98: Solution found.
Tue May 20 01:57:22 CEST 2014: 99: finished (958ms, 293cycles)
Tue May 20 01:57:22 CEST 2014: 99: Solution found.
Tue May 20 01:57:22 CEST 2014: Solution Found: 96
Tue May 20 01:57:22 CEST 2014: Avg cycles: 125
Tue May 20 01:57:22 CEST 2014: Max cycles: 467
Tue May 20 01:57:22 CEST 2014: Min cycles: 0
Tue May 20 01:57:22 CEST 2014: No solution found: 4
Tue May 20 01:57:22 CEST 2014: logging finished. (runtime: 47983ms)
