Tue May 20 02:00:49 CEST 2014: Problem Count: 0
Tue May 20 02:00:49 CEST 2014: CandidatesCount: 30
Tue May 20 02:00:49 CEST 2014: Max Cycles: 500
Tue May 20 02:00:49 CEST 2014: 0: finished (552ms, 113cycles)
Tue May 20 02:00:50 CEST 2014: 0: Solution found.
Tue May 20 02:00:51 CEST 2014: 1: finished (1308ms, 260cycles)
Tue May 20 02:00:51 CEST 2014: 1: Solution found.
Tue May 20 02:00:52 CEST 2014: 2: finished (1164ms, 228cycles)
Tue May 20 02:00:52 CEST 2014: 2: Solution found.
Tue May 20 02:00:52 CEST 2014: 3: finished (178ms, 36cycles)
Tue May 20 02:00:52 CEST 2014: 3: Solution found.
Tue May 20 02:00:53 CEST 2014: 4: finished (420ms, 80cycles)
Tue May 20 02:00:53 CEST 2014: 4: Solution found.
Tue May 20 02:00:54 CEST 2014: 5: finished (1407ms, 267cycles)
Tue May 20 02:00:54 CEST 2014: 5: Solution found.
Tue May 20 02:00:54 CEST 2014: 6: finished (342ms, 70cycles)
Tue May 20 02:00:54 CEST 2014: 6: Solution found.
Tue May 20 02:00:55 CEST 2014: 7: finished (504ms, 101cycles)
Tue May 20 02:00:55 CEST 2014: 7: Solution found.
Tue May 20 02:00:55 CEST 2014: 8: finished (104ms, 19cycles)
Tue May 20 02:00:55 CEST 2014: 8: Solution found.
Tue May 20 02:00:55 CEST 2014: 9: finished (1ms, 1cycles)
Tue May 20 02:00:55 CEST 2014: 9: Solution found.
Tue May 20 02:00:55 CEST 2014: 10: finished (239ms, 44cycles)
Tue May 20 02:00:55 CEST 2014: 10: Solution found.
Tue May 20 02:00:57 CEST 2014: 11: finished (1486ms, 307cycles)
Tue May 20 02:00:57 CEST 2014: 11: Solution found.
Tue May 20 02:00:57 CEST 2014: 12: finished (179ms, 39cycles)
Tue May 20 02:00:57 CEST 2014: 12: Solution found.
Tue May 20 02:00:58 CEST 2014: 13: finished (702ms, 146cycles)
Tue May 20 02:00:58 CEST 2014: 13: Solution found.
Tue May 20 02:00:58 CEST 2014: 14: finished (37ms, 5cycles)
Tue May 20 02:00:58 CEST 2014: 14: Solution found.
Tue May 20 02:00:58 CEST 2014: 15: finished (421ms, 81cycles)
Tue May 20 02:00:58 CEST 2014: 15: Solution found.
Tue May 20 02:00:58 CEST 2014: 16: finished (192ms, 32cycles)
Tue May 20 02:00:58 CEST 2014: 16: Solution found.
Tue May 20 02:00:58 CEST 2014: 17: finished (1ms, 0cycles)
Tue May 20 02:00:58 CEST 2014: 17: Solution found.
Tue May 20 02:00:59 CEST 2014: 18: finished (444ms, 84cycles)
Tue May 20 02:00:59 CEST 2014: 18: Solution found.
Tue May 20 02:00:59 CEST 2014: 19: finished (79ms, 15cycles)
Tue May 20 02:00:59 CEST 2014: 19: Solution found.
Tue May 20 02:00:59 CEST 2014: 20: finished (202ms, 45cycles)
Tue May 20 02:00:59 CEST 2014: 20: Solution found.
Tue May 20 02:01:00 CEST 2014: 21: finished (546ms, 106cycles)
Tue May 20 02:01:00 CEST 2014: 21: Solution found.
Tue May 20 02:01:00 CEST 2014: 22: finished (101ms, 25cycles)
Tue May 20 02:01:00 CEST 2014: 22: Solution found.
Tue May 20 02:01:01 CEST 2014: 23: finished (673ms, 137cycles)
Tue May 20 02:01:01 CEST 2014: 23: Solution found.
Tue May 20 02:01:01 CEST 2014: 24: finished (329ms, 60cycles)
Tue May 20 02:01:01 CEST 2014: 24: Solution found.
Tue May 20 02:01:03 CEST 2014: 25: finished (2299ms, 469cycles)
Tue May 20 02:01:03 CEST 2014: 25: Solution found.
Tue May 20 02:01:04 CEST 2014: 26: finished (300ms, 61cycles)
Tue May 20 02:01:04 CEST 2014: 26: Solution found.
Tue May 20 02:01:04 CEST 2014: 27: finished (352ms, 65cycles)
Tue May 20 02:01:04 CEST 2014: 27: Solution found.
Tue May 20 02:01:04 CEST 2014: 28: finished (177ms, 37cycles)
Tue May 20 02:01:04 CEST 2014: 28: Solution found.
Tue May 20 02:01:04 CEST 2014: 29: finished (126ms, 25cycles)
Tue May 20 02:01:04 CEST 2014: 29: Solution found.
Tue May 20 02:01:05 CEST 2014: 30: finished (612ms, 122cycles)
Tue May 20 02:01:05 CEST 2014: 30: Solution found.
Tue May 20 02:01:05 CEST 2014: 31: finished (205ms, 44cycles)
Tue May 20 02:01:05 CEST 2014: 31: Solution found.
Tue May 20 02:01:05 CEST 2014: 32: finished (174ms, 38cycles)
Tue May 20 02:01:05 CEST 2014: 32: Solution found.
Tue May 20 02:01:06 CEST 2014: 33: finished (346ms, 69cycles)
Tue May 20 02:01:06 CEST 2014: 33: Solution found.
Tue May 20 02:01:06 CEST 2014: 34: finished (157ms, 30cycles)
Tue May 20 02:01:06 CEST 2014: 34: Solution found.
Tue May 20 02:01:06 CEST 2014: 35: finished (309ms, 58cycles)
Tue May 20 02:01:06 CEST 2014: 35: Solution found.
Tue May 20 02:01:07 CEST 2014: 36: finished (513ms, 102cycles)
Tue May 20 02:01:07 CEST 2014: 36: Solution found.
Tue May 20 02:01:07 CEST 2014: 37: finished (564ms, 108cycles)
Tue May 20 02:01:07 CEST 2014: 37: Solution found.
Tue May 20 02:01:08 CEST 2014: 38: finished (395ms, 77cycles)
Tue May 20 02:01:08 CEST 2014: 38: Solution found.
Tue May 20 02:01:08 CEST 2014: 39: finished (118ms, 18cycles)
Tue May 20 02:01:08 CEST 2014: 39: Solution found.
Tue May 20 02:01:09 CEST 2014: 40: finished (1350ms, 279cycles)
Tue May 20 02:01:09 CEST 2014: 40: Solution found.
Tue May 20 02:01:09 CEST 2014: 41: finished (54ms, 11cycles)
Tue May 20 02:01:09 CEST 2014: 41: Solution found.
Tue May 20 02:01:10 CEST 2014: 42: finished (384ms, 76cycles)
Tue May 20 02:01:10 CEST 2014: 42: Solution found.
Tue May 20 02:01:11 CEST 2014: 43: finished (1056ms, 212cycles)
Tue May 20 02:01:11 CEST 2014: 43: Solution found.
Tue May 20 02:01:11 CEST 2014: 44: finished (589ms, 122cycles)
Tue May 20 02:01:11 CEST 2014: 44: Solution found.
Tue May 20 02:01:11 CEST 2014: 45: finished (16ms, 2cycles)
Tue May 20 02:01:11 CEST 2014: 45: Solution found.
Tue May 20 02:01:11 CEST 2014: 46: finished (54ms, 7cycles)
Tue May 20 02:01:11 CEST 2014: 46: Solution found.
Tue May 20 02:01:11 CEST 2014: 47: finished (1ms, 0cycles)
Tue May 20 02:01:11 CEST 2014: 47: Solution found.
Tue May 20 02:01:11 CEST 2014: 48: finished (38ms, 10cycles)
Tue May 20 02:01:11 CEST 2014: 48: Solution found.
Tue May 20 02:01:12 CEST 2014: 49: finished (154ms, 30cycles)
Tue May 20 02:01:12 CEST 2014: 49: Solution found.
Tue May 20 02:01:12 CEST 2014: 50: finished (85ms, 14cycles)
Tue May 20 02:01:12 CEST 2014: 50: Solution found.
Tue May 20 02:01:13 CEST 2014: 51: finished (1716ms, 351cycles)
Tue May 20 02:01:13 CEST 2014: 51: Solution found.
Tue May 20 02:01:14 CEST 2014: 52: finished (124ms, 29cycles)
Tue May 20 02:01:14 CEST 2014: 52: Solution found.
Tue May 20 02:01:14 CEST 2014: 53: finished (553ms, 111cycles)
Tue May 20 02:01:14 CEST 2014: 53: Solution found.
Tue May 20 02:01:15 CEST 2014: 54: finished (1213ms, 244cycles)
Tue May 20 02:01:15 CEST 2014: 54: Solution found.
Tue May 20 02:01:16 CEST 2014: 55: finished (147ms, 31cycles)
Tue May 20 02:01:16 CEST 2014: 55: Solution found.
Tue May 20 02:01:16 CEST 2014: 56: finished (154ms, 25cycles)
Tue May 20 02:01:16 CEST 2014: 56: Solution found.
Tue May 20 02:01:17 CEST 2014: 57: finished (1580ms, 330cycles)
Tue May 20 02:01:17 CEST 2014: 57: Solution found.
Tue May 20 02:01:18 CEST 2014: 58: finished (898ms, 180cycles)
Tue May 20 02:01:18 CEST 2014: 58: Solution found.
Tue May 20 02:01:18 CEST 2014: 59: finished (103ms, 21cycles)
Tue May 20 02:01:18 CEST 2014: 59: Solution found.
Tue May 20 02:01:18 CEST 2014: 60: finished (93ms, 18cycles)
Tue May 20 02:01:19 CEST 2014: 60: Solution found.
Tue May 20 02:01:20 CEST 2014: 61: finished (1692ms, 338cycles)
Tue May 20 02:01:20 CEST 2014: 61: Solution found.
Tue May 20 02:01:20 CEST 2014: 62: finished (4ms, 5cycles)
Tue May 20 02:01:20 CEST 2014: 62: Solution found.
Tue May 20 02:01:22 CEST 2014: 63: finished (1391ms, 268cycles)
Tue May 20 02:01:22 CEST 2014: 63: Solution found.
Tue May 20 02:01:22 CEST 2014: 64: finished (845ms, 163cycles)
Tue May 20 02:01:23 CEST 2014: 64: Solution found.
Tue May 20 02:01:23 CEST 2014: 65: finished (275ms, 53cycles)
Tue May 20 02:01:23 CEST 2014: 65: Solution found.
Tue May 20 02:01:23 CEST 2014: 66: finished (17ms, 7cycles)
Tue May 20 02:01:23 CEST 2014: 66: Solution found.
Tue May 20 02:01:24 CEST 2014: 67: finished (709ms, 149cycles)
Tue May 20 02:01:24 CEST 2014: 67: Solution found.
Tue May 20 02:01:25 CEST 2014: 68: finished (1205ms, 239cycles)
Tue May 20 02:01:25 CEST 2014: 68: Solution found.
Tue May 20 02:01:25 CEST 2014: 69: finished (390ms, 81cycles)
Tue May 20 02:01:25 CEST 2014: 69: Solution found.
Tue May 20 02:01:25 CEST 2014: 70: finished (285ms, 58cycles)
Tue May 20 02:01:25 CEST 2014: 70: Solution found.
Tue May 20 02:01:26 CEST 2014: 71: finished (69ms, 15cycles)
Tue May 20 02:01:26 CEST 2014: 71: Solution found.
Tue May 20 02:01:26 CEST 2014: 72: finished (179ms, 32cycles)
Tue May 20 02:01:26 CEST 2014: 72: Solution found.
Tue May 20 02:01:27 CEST 2014: 73: finished (1051ms, 212cycles)
Tue May 20 02:01:27 CEST 2014: 73: Solution found.
Tue May 20 02:01:27 CEST 2014: 74: finished (536ms, 109cycles)
Tue May 20 02:01:27 CEST 2014: 74: Solution found.
Tue May 20 02:01:28 CEST 2014: 75: finished (826ms, 165cycles)
Tue May 20 02:01:28 CEST 2014: 75: Solution found.
Tue May 20 02:01:29 CEST 2014: 76: finished (631ms, 130cycles)
Tue May 20 02:01:29 CEST 2014: 76: Solution found.
Tue May 20 02:01:29 CEST 2014: 77: finished (366ms, 75cycles)
Tue May 20 02:01:29 CEST 2014: 77: Solution found.
Tue May 20 02:01:30 CEST 2014: 78: finished (293ms, 60cycles)
Tue May 20 02:01:30 CEST 2014: 78: Solution found.
Tue May 20 02:01:32 CEST 2014: 79: finished (1920ms, 382cycles)
Tue May 20 02:01:32 CEST 2014: 79: Solution found.
Tue May 20 02:01:34 CEST 2014: 80: finished (2031ms, 412cycles)
Tue May 20 02:01:34 CEST 2014: 80: Solution found.
Tue May 20 02:01:34 CEST 2014: 81: finished (123ms, 21cycles)
Tue May 20 02:01:34 CEST 2014: 81: Solution found.
Tue May 20 02:01:34 CEST 2014: 82: finished (78ms, 17cycles)
Tue May 20 02:01:34 CEST 2014: 82: Solution found.
Tue May 20 02:01:34 CEST 2014: 83: finished (304ms, 64cycles)
Tue May 20 02:01:34 CEST 2014: 83: Solution found.
Tue May 20 02:01:34 CEST 2014: 84: finished (21ms, 3cycles)
Tue May 20 02:01:34 CEST 2014: 84: Solution found.
Tue May 20 02:01:34 CEST 2014: 85: finished (66ms, 13cycles)
Tue May 20 02:01:34 CEST 2014: 85: Solution found.
Tue May 20 02:01:36 CEST 2014: 86: finished (1348ms, 264cycles)
Tue May 20 02:01:36 CEST 2014: 86: Solution found.
Tue May 20 02:01:36 CEST 2014: 87: finished (264ms, 54cycles)
Tue May 20 02:01:36 CEST 2014: 87: Solution found.
Tue May 20 02:01:37 CEST 2014: 88: finished (1401ms, 283cycles)
Tue May 20 02:01:37 CEST 2014: 88: Solution found.
Tue May 20 02:01:37 CEST 2014: 89: finished (54ms, 12cycles)
Tue May 20 02:01:37 CEST 2014: 89: Solution found.
Tue May 20 02:01:38 CEST 2014: 90: finished (559ms, 113cycles)
Tue May 20 02:01:38 CEST 2014: 90: Solution found.
Tue May 20 02:01:38 CEST 2014: 91: finished (99ms, 20cycles)
Tue May 20 02:01:38 CEST 2014: 91: Solution found.
Tue May 20 02:01:38 CEST 2014: 92: finished (126ms, 24cycles)
Tue May 20 02:01:38 CEST 2014: 92: Solution found.
Tue May 20 02:01:38 CEST 2014: 93: finished (22ms, 5cycles)
Tue May 20 02:01:38 CEST 2014: 93: Solution found.
Tue May 20 02:01:38 CEST 2014: 94: finished (55ms, 8cycles)
Tue May 20 02:01:38 CEST 2014: 94: Solution found.
Tue May 20 02:01:39 CEST 2014: 95: finished (397ms, 69cycles)
Tue May 20 02:01:39 CEST 2014: 95: Solution found.
Tue May 20 02:01:39 CEST 2014: 96: finished (336ms, 71cycles)
Tue May 20 02:01:39 CEST 2014: 96: Solution found.
Tue May 20 02:01:40 CEST 2014: 97: finished (871ms, 180cycles)
Tue May 20 02:01:40 CEST 2014: 97: Solution found.
Tue May 20 02:01:40 CEST 2014: 98: finished (339ms, 66cycles)
Tue May 20 02:01:40 CEST 2014: 98: Solution found.
Tue May 20 02:01:41 CEST 2014: 99: finished (113ms, 21cycles)
Tue May 20 02:01:41 CEST 2014: 99: Solution found.
Tue May 20 02:01:41 CEST 2014: Solution Found: 100
Tue May 20 02:01:41 CEST 2014: Avg cycles: 99
Tue May 20 02:01:41 CEST 2014: Max cycles: 469
Tue May 20 02:01:41 CEST 2014: Min cycles: 0
Tue May 20 02:01:41 CEST 2014: No solution found: 0
Tue May 20 02:01:41 CEST 2014: logging finished. (runtime: 51599ms)
