Tue May 20 04:04:46 CEST 2014: Problem Count: 0
Tue May 20 04:04:46 CEST 2014: CandidatesCount: 30
Tue May 20 04:04:46 CEST 2014: Max Cycles: 500
Tue May 20 04:04:46 CEST 2014: 0: finished (739ms, 141cycles)
Tue May 20 04:04:46 CEST 2014: 0: Solution found.
Tue May 20 04:04:47 CEST 2014: 1: finished (356ms, 72cycles)
Tue May 20 04:04:47 CEST 2014: 1: Solution found.
Tue May 20 04:04:47 CEST 2014: 2: finished (332ms, 67cycles)
Tue May 20 04:04:47 CEST 2014: 2: Solution found.
Tue May 20 04:04:47 CEST 2014: 3: finished (96ms, 18cycles)
Tue May 20 04:04:47 CEST 2014: 3: Solution found.
Tue May 20 04:04:47 CEST 2014: 4: finished (23ms, 6cycles)
Tue May 20 04:04:47 CEST 2014: 4: Solution found.
Tue May 20 04:04:49 CEST 2014: 5: finished (2081ms, 397cycles)
Tue May 20 04:04:49 CEST 2014: 5: Solution found.
Tue May 20 04:04:50 CEST 2014: 6: finished (179ms, 33cycles)
Tue May 20 04:04:50 CEST 2014: 6: Solution found.
Tue May 20 04:04:50 CEST 2014: 7: finished (237ms, 43cycles)
Tue May 20 04:04:50 CEST 2014: 7: Solution found.
Tue May 20 04:04:50 CEST 2014: 8: finished (512ms, 100cycles)
Tue May 20 04:04:50 CEST 2014: 8: Solution found.
Tue May 20 04:04:50 CEST 2014: 9: finished (150ms, 28cycles)
Tue May 20 04:04:50 CEST 2014: 9: Solution found.
Tue May 20 04:04:51 CEST 2014: 10: finished (177ms, 33cycles)
Tue May 20 04:04:51 CEST 2014: 10: Solution found.
Tue May 20 04:04:51 CEST 2014: 11: finished (472ms, 88cycles)
Tue May 20 04:04:51 CEST 2014: 11: Solution found.
Tue May 20 04:04:52 CEST 2014: 12: finished (705ms, 138cycles)
Tue May 20 04:04:52 CEST 2014: 12: Solution found.
Tue May 20 04:04:52 CEST 2014: 13: finished (468ms, 87cycles)
Tue May 20 04:04:52 CEST 2014: 13: Solution found.
Tue May 20 04:04:54 CEST 2014: 14: finished (1472ms, 299cycles)
Tue May 20 04:04:54 CEST 2014: 14: Solution found.
Tue May 20 04:04:54 CEST 2014: 15: finished (273ms, 58cycles)
Tue May 20 04:04:54 CEST 2014: 15: Solution found.
Tue May 20 04:04:55 CEST 2014: 16: finished (537ms, 107cycles)
Tue May 20 04:04:55 CEST 2014: 16: Solution found.
Tue May 20 04:04:56 CEST 2014: 17: finished (1364ms, 265cycles)
Tue May 20 04:04:56 CEST 2014: 17: Solution found.
Tue May 20 04:04:56 CEST 2014: 18: finished (105ms, 21cycles)
Tue May 20 04:04:56 CEST 2014: 18: Solution found.
Tue May 20 04:04:56 CEST 2014: 19: finished (77ms, 14cycles)
Tue May 20 04:04:56 CEST 2014: 19: Solution found.
Tue May 20 04:04:56 CEST 2014: 20: finished (178ms, 35cycles)
Tue May 20 04:04:56 CEST 2014: 20: Solution found.
Tue May 20 04:04:57 CEST 2014: 21: finished (229ms, 45cycles)
Tue May 20 04:04:57 CEST 2014: 21: Solution found.
Tue May 20 04:04:57 CEST 2014: 22: finished (264ms, 54cycles)
Tue May 20 04:04:57 CEST 2014: 22: Solution found.
Tue May 20 04:04:57 CEST 2014: 23: finished (97ms, 20cycles)
Tue May 20 04:04:57 CEST 2014: 23: Solution found.
Tue May 20 04:04:57 CEST 2014: 24: finished (153ms, 28cycles)
Tue May 20 04:04:57 CEST 2014: 24: Solution found.
Tue May 20 04:04:58 CEST 2014: 25: finished (352ms, 69cycles)
Tue May 20 04:04:58 CEST 2014: 25: Solution found.
Tue May 20 04:04:58 CEST 2014: 26: finished (448ms, 82cycles)
Tue May 20 04:04:58 CEST 2014: 26: Solution found.
Tue May 20 04:04:58 CEST 2014: 27: finished (272ms, 54cycles)
Tue May 20 04:04:58 CEST 2014: 27: Solution found.
Tue May 20 04:04:59 CEST 2014: 28: finished (242ms, 47cycles)
Tue May 20 04:04:59 CEST 2014: 28: Solution found.
Tue May 20 04:04:59 CEST 2014: 29: finished (533ms, 93cycles)
Tue May 20 04:04:59 CEST 2014: 29: Solution found.
Tue May 20 04:05:00 CEST 2014: 30: finished (1033ms, 198cycles)
Tue May 20 04:05:00 CEST 2014: 30: Solution found.
Tue May 20 04:05:01 CEST 2014: 31: finished (391ms, 74cycles)
Tue May 20 04:05:01 CEST 2014: 31: Solution found.
Tue May 20 04:05:02 CEST 2014: 32: finished (890ms, 174cycles)
Tue May 20 04:05:02 CEST 2014: 32: Solution found.
Tue May 20 04:05:02 CEST 2014: 33: finished (689ms, 126cycles)
Tue May 20 04:05:02 CEST 2014: 33: Solution found.
Tue May 20 04:05:03 CEST 2014: 34: finished (585ms, 115cycles)
Tue May 20 04:05:03 CEST 2014: 34: Solution found.
Tue May 20 04:05:03 CEST 2014: 35: finished (40ms, 7cycles)
Tue May 20 04:05:03 CEST 2014: 35: Solution found.
Tue May 20 04:05:03 CEST 2014: 36: finished (158ms, 35cycles)
Tue May 20 04:05:03 CEST 2014: 36: Solution found.
Tue May 20 04:05:04 CEST 2014: 37: finished (1275ms, 255cycles)
Tue May 20 04:05:04 CEST 2014: 37: Solution found.
Tue May 20 04:05:05 CEST 2014: 38: finished (721ms, 134cycles)
Tue May 20 04:05:05 CEST 2014: 38: Solution found.
Tue May 20 04:05:05 CEST 2014: 39: finished (259ms, 48cycles)
Tue May 20 04:05:05 CEST 2014: 39: Solution found.
Tue May 20 04:05:06 CEST 2014: 40: finished (105ms, 18cycles)
Tue May 20 04:05:06 CEST 2014: 40: Solution found.
Tue May 20 04:05:07 CEST 2014: 41: finished (1290ms, 255cycles)
Tue May 20 04:05:07 CEST 2014: 41: Solution found.
Tue May 20 04:05:08 CEST 2014: 42: finished (751ms, 146cycles)
Tue May 20 04:05:08 CEST 2014: 42: Solution found.
Tue May 20 04:05:08 CEST 2014: 43: finished (180ms, 26cycles)
Tue May 20 04:05:08 CEST 2014: 43: Solution found.
Tue May 20 04:05:08 CEST 2014: 44: finished (177ms, 33cycles)
Tue May 20 04:05:08 CEST 2014: 44: Solution found.
Tue May 20 04:05:09 CEST 2014: 45: finished (637ms, 93cycles)
Tue May 20 04:05:09 CEST 2014: 45: Solution found.
Tue May 20 04:05:10 CEST 2014: 46: finished (863ms, 152cycles)
Tue May 20 04:05:10 CEST 2014: 46: Solution found.
Tue May 20 04:05:10 CEST 2014: 47: finished (39ms, 8cycles)
Tue May 20 04:05:10 CEST 2014: 47: Solution found.
Tue May 20 04:05:10 CEST 2014: 48: finished (424ms, 83cycles)
Tue May 20 04:05:10 CEST 2014: 48: Solution found.
Tue May 20 04:05:10 CEST 2014: 49: finished (337ms, 65cycles)
Tue May 20 04:05:10 CEST 2014: 49: Solution found.
Tue May 20 04:05:11 CEST 2014: 50: finished (794ms, 161cycles)
Tue May 20 04:05:11 CEST 2014: 50: Solution found.
Tue May 20 04:05:12 CEST 2014: 51: finished (534ms, 102cycles)
Tue May 20 04:05:12 CEST 2014: 51: Solution found.
Tue May 20 04:05:12 CEST 2014: 52: finished (44ms, 7cycles)
Tue May 20 04:05:12 CEST 2014: 52: Solution found.
Tue May 20 04:05:12 CEST 2014: 53: finished (59ms, 12cycles)
Tue May 20 04:05:12 CEST 2014: 53: Solution found.
Tue May 20 04:05:12 CEST 2014: 54: finished (591ms, 112cycles)
Tue May 20 04:05:12 CEST 2014: 54: Solution found.
Tue May 20 04:05:14 CEST 2014: 55: finished (1311ms, 246cycles)
Tue May 20 04:05:14 CEST 2014: 55: Solution found.
Tue May 20 04:05:14 CEST 2014: 56: finished (384ms, 74cycles)
Tue May 20 04:05:14 CEST 2014: 56: Solution found.
Tue May 20 04:05:14 CEST 2014: 57: finished (176ms, 37cycles)
Tue May 20 04:05:14 CEST 2014: 57: Solution found.
Tue May 20 04:05:15 CEST 2014: 58: finished (188ms, 35cycles)
Tue May 20 04:05:15 CEST 2014: 58: Solution found.
Tue May 20 04:05:15 CEST 2014: 59: finished (103ms, 18cycles)
Tue May 20 04:05:15 CEST 2014: 59: Solution found.
Tue May 20 04:05:15 CEST 2014: 60: finished (267ms, 54cycles)
Tue May 20 04:05:15 CEST 2014: 60: Solution found.
Tue May 20 04:05:15 CEST 2014: 61: finished (90ms, 20cycles)
Tue May 20 04:05:15 CEST 2014: 61: Solution found.
Tue May 20 04:05:15 CEST 2014: 62: finished (137ms, 26cycles)
Tue May 20 04:05:15 CEST 2014: 62: Solution found.
Tue May 20 04:05:15 CEST 2014: 63: finished (116ms, 23cycles)
Tue May 20 04:05:15 CEST 2014: 63: Solution found.
Tue May 20 04:05:16 CEST 2014: 64: finished (677ms, 129cycles)
Tue May 20 04:05:16 CEST 2014: 64: Solution found.
Tue May 20 04:05:16 CEST 2014: 65: finished (79ms, 13cycles)
Tue May 20 04:05:16 CEST 2014: 65: Solution found.
Tue May 20 04:05:16 CEST 2014: 66: finished (263ms, 53cycles)
Tue May 20 04:05:16 CEST 2014: 66: Solution found.
Tue May 20 04:05:17 CEST 2014: 67: finished (960ms, 184cycles)
Tue May 20 04:05:17 CEST 2014: 67: Solution found.
Tue May 20 04:05:18 CEST 2014: 68: finished (1029ms, 205cycles)
Tue May 20 04:05:19 CEST 2014: 68: Solution found.
Tue May 20 04:05:20 CEST 2014: 69: finished (1543ms, 297cycles)
Tue May 20 04:05:20 CEST 2014: 69: Solution found.
Tue May 20 04:05:20 CEST 2014: 70: finished (335ms, 65cycles)
Tue May 20 04:05:20 CEST 2014: 70: Solution found.
Tue May 20 04:05:21 CEST 2014: 71: finished (537ms, 105cycles)
Tue May 20 04:05:21 CEST 2014: 71: Solution found.
Tue May 20 04:05:21 CEST 2014: 72: finished (401ms, 83cycles)
Tue May 20 04:05:21 CEST 2014: 72: Solution found.
Tue May 20 04:05:23 CEST 2014: 73: finished (1778ms, 330cycles)
Tue May 20 04:05:23 CEST 2014: 73: Solution found.
Tue May 20 04:05:24 CEST 2014: 74: finished (402ms, 83cycles)
Tue May 20 04:05:24 CEST 2014: 74: Solution found.
Tue May 20 04:05:24 CEST 2014: 75: finished (444ms, 84cycles)
Tue May 20 04:05:24 CEST 2014: 75: Solution found.
Tue May 20 04:05:26 CEST 2014: 76: finished (1894ms, 360cycles)
Tue May 20 04:05:26 CEST 2014: 76: Solution found.
Tue May 20 04:05:27 CEST 2014: 77: finished (1051ms, 190cycles)
Tue May 20 04:05:27 CEST 2014: 77: Solution found.
Tue May 20 04:05:28 CEST 2014: 78: finished (755ms, 134cycles)
Tue May 20 04:05:28 CEST 2014: 78: Solution found.
Tue May 20 04:05:28 CEST 2014: 79: finished (365ms, 67cycles)
Tue May 20 04:05:28 CEST 2014: 79: Solution found.
Tue May 20 04:05:29 CEST 2014: 80: finished (555ms, 94cycles)
Tue May 20 04:05:29 CEST 2014: 80: Solution found.
Tue May 20 04:05:29 CEST 2014: 81: finished (86ms, 13cycles)
Tue May 20 04:05:29 CEST 2014: 81: Solution found.
Tue May 20 04:05:30 CEST 2014: 82: finished (767ms, 134cycles)
Tue May 20 04:05:30 CEST 2014: 82: Solution found.
Tue May 20 04:05:31 CEST 2014: 83: finished (1491ms, 270cycles)
Tue May 20 04:05:31 CEST 2014: 83: Solution found.
Tue May 20 04:05:32 CEST 2014: 84: finished (509ms, 88cycles)
Tue May 20 04:05:32 CEST 2014: 84: Solution found.
Tue May 20 04:05:32 CEST 2014: 85: finished (428ms, 77cycles)
Tue May 20 04:05:32 CEST 2014: 85: Solution found.
Tue May 20 04:05:32 CEST 2014: 86: finished (329ms, 62cycles)
Tue May 20 04:05:32 CEST 2014: 86: Solution found.
Tue May 20 04:05:33 CEST 2014: 87: finished (504ms, 96cycles)
Tue May 20 04:05:33 CEST 2014: 87: Solution found.
Tue May 20 04:05:33 CEST 2014: 88: finished (110ms, 20cycles)
Tue May 20 04:05:33 CEST 2014: 88: Solution found.
Tue May 20 04:05:33 CEST 2014: 89: finished (177ms, 28cycles)
Tue May 20 04:05:33 CEST 2014: 89: Solution found.
Tue May 20 04:05:34 CEST 2014: 90: finished (222ms, 45cycles)
Tue May 20 04:05:34 CEST 2014: 90: Solution found.
Tue May 20 04:05:34 CEST 2014: 91: finished (3ms, 3cycles)
Tue May 20 04:05:34 CEST 2014: 91: Solution found.
Tue May 20 04:05:34 CEST 2014: 92: finished (383ms, 73cycles)
Tue May 20 04:05:34 CEST 2014: 92: Solution found.
Tue May 20 04:05:35 CEST 2014: 93: finished (499ms, 95cycles)
Tue May 20 04:05:35 CEST 2014: 93: Solution found.
Tue May 20 04:05:35 CEST 2014: 94: finished (69ms, 10cycles)
Tue May 20 04:05:35 CEST 2014: 94: Solution found.
Tue May 20 04:05:35 CEST 2014: 95: finished (721ms, 139cycles)
Tue May 20 04:05:35 CEST 2014: 95: Solution found.
Tue May 20 04:05:35 CEST 2014: 96: finished (140ms, 30cycles)
Tue May 20 04:05:36 CEST 2014: 96: Solution found.
Tue May 20 04:05:36 CEST 2014: 97: finished (798ms, 163cycles)
Tue May 20 04:05:36 CEST 2014: 97: Solution found.
Tue May 20 04:05:39 CEST 2014: 98: finished (2695ms, 500cycles)
Tue May 20 04:05:39 CEST 2014: 98: No solution found.
Tue May 20 04:05:40 CEST 2014: 99: finished (1290ms, 204cycles)
Tue May 20 04:05:40 CEST 2014: 99: Solution found.
Tue May 20 04:05:40 CEST 2014: Solution Found: 99
Tue May 20 04:05:40 CEST 2014: Avg cycles: 96
Tue May 20 04:05:40 CEST 2014: Max cycles: 397
Tue May 20 04:05:40 CEST 2014: Min cycles: 3
Tue May 20 04:05:40 CEST 2014: No solution found: 1
Tue May 20 04:05:40 CEST 2014: logging finished. (runtime: 54669ms)
