Tue May 20 02:47:07 CEST 2014: Problem Count: 0
Tue May 20 02:47:07 CEST 2014: CandidatesCount: 30
Tue May 20 02:47:07 CEST 2014: Max Cycles: 500
Tue May 20 02:47:07 CEST 2014: 0: finished (38ms, 9cycles)
Tue May 20 02:47:07 CEST 2014: 0: Solution found.
Tue May 20 02:47:09 CEST 2014: 1: finished (1412ms, 208cycles)
Tue May 20 02:47:09 CEST 2014: 1: Solution found.
Tue May 20 02:47:09 CEST 2014: 2: finished (139ms, 25cycles)
Tue May 20 02:47:09 CEST 2014: 2: Solution found.
Tue May 20 02:47:09 CEST 2014: 3: finished (322ms, 60cycles)
Tue May 20 02:47:09 CEST 2014: 3: Solution found.
Tue May 20 02:47:09 CEST 2014: 4: finished (164ms, 26cycles)
Tue May 20 02:47:09 CEST 2014: 4: Solution found.
Tue May 20 02:47:10 CEST 2014: 5: finished (193ms, 33cycles)
Tue May 20 02:47:10 CEST 2014: 5: Solution found.
Tue May 20 02:47:12 CEST 2014: 6: finished (2406ms, 384cycles)
Tue May 20 02:47:12 CEST 2014: 6: Solution found.
Tue May 20 02:47:14 CEST 2014: 7: finished (1970ms, 304cycles)
Tue May 20 02:47:14 CEST 2014: 7: Solution found.
Tue May 20 02:47:15 CEST 2014: 8: finished (468ms, 73cycles)
Tue May 20 02:47:15 CEST 2014: 8: Solution found.
Tue May 20 02:47:16 CEST 2014: 9: finished (973ms, 168cycles)
Tue May 20 02:47:16 CEST 2014: 9: Solution found.
Tue May 20 02:47:16 CEST 2014: 10: finished (802ms, 129cycles)
Tue May 20 02:47:16 CEST 2014: 10: Solution found.
Tue May 20 02:47:17 CEST 2014: 11: finished (629ms, 105cycles)
Tue May 20 02:47:17 CEST 2014: 11: Solution found.
Tue May 20 02:47:18 CEST 2014: 12: finished (1261ms, 210cycles)
Tue May 20 02:47:18 CEST 2014: 12: Solution found.
Tue May 20 02:47:18 CEST 2014: 13: finished (20ms, 4cycles)
Tue May 20 02:47:18 CEST 2014: 13: Solution found.
Tue May 20 02:47:19 CEST 2014: 14: finished (710ms, 108cycles)
Tue May 20 02:47:19 CEST 2014: 14: Solution found.
Tue May 20 02:47:20 CEST 2014: 15: finished (826ms, 133cycles)
Tue May 20 02:47:20 CEST 2014: 15: Solution found.
Tue May 20 02:47:21 CEST 2014: 16: finished (1158ms, 176cycles)
Tue May 20 02:47:21 CEST 2014: 16: Solution found.
Tue May 20 02:47:22 CEST 2014: 17: finished (1214ms, 205cycles)
Tue May 20 02:47:22 CEST 2014: 17: Solution found.
Tue May 20 02:47:22 CEST 2014: 18: finished (124ms, 21cycles)
Tue May 20 02:47:22 CEST 2014: 18: Solution found.
Tue May 20 02:47:23 CEST 2014: 19: finished (675ms, 106cycles)
Tue May 20 02:47:23 CEST 2014: 19: Solution found.
Tue May 20 02:47:23 CEST 2014: 20: finished (61ms, 10cycles)
Tue May 20 02:47:23 CEST 2014: 20: Solution found.
Tue May 20 02:47:24 CEST 2014: 21: finished (846ms, 128cycles)
Tue May 20 02:47:24 CEST 2014: 21: Solution found.
Tue May 20 02:47:25 CEST 2014: 22: finished (639ms, 101cycles)
Tue May 20 02:47:25 CEST 2014: 22: Solution found.
Tue May 20 02:47:25 CEST 2014: 23: finished (193ms, 30cycles)
Tue May 20 02:47:25 CEST 2014: 23: Solution found.
Tue May 20 02:47:26 CEST 2014: 24: finished (668ms, 108cycles)
Tue May 20 02:47:26 CEST 2014: 24: Solution found.
Tue May 20 02:47:26 CEST 2014: 25: finished (575ms, 82cycles)
Tue May 20 02:47:26 CEST 2014: 25: Solution found.
Tue May 20 02:47:27 CEST 2014: 26: finished (374ms, 53cycles)
Tue May 20 02:47:27 CEST 2014: 26: Solution found.
Tue May 20 02:47:27 CEST 2014: 27: finished (346ms, 48cycles)
Tue May 20 02:47:27 CEST 2014: 27: Solution found.
Tue May 20 02:47:27 CEST 2014: 28: finished (394ms, 66cycles)
Tue May 20 02:47:27 CEST 2014: 28: Solution found.
Tue May 20 02:47:28 CEST 2014: 29: finished (268ms, 46cycles)
Tue May 20 02:47:28 CEST 2014: 29: Solution found.
Tue May 20 02:47:28 CEST 2014: 30: finished (491ms, 78cycles)
Tue May 20 02:47:28 CEST 2014: 30: Solution found.
Tue May 20 02:47:29 CEST 2014: 31: finished (403ms, 73cycles)
Tue May 20 02:47:29 CEST 2014: 31: Solution found.
Tue May 20 02:47:31 CEST 2014: 32: finished (2851ms, 445cycles)
Tue May 20 02:47:31 CEST 2014: 32: Solution found.
Tue May 20 02:47:32 CEST 2014: 33: finished (851ms, 148cycles)
Tue May 20 02:47:32 CEST 2014: 33: Solution found.
Tue May 20 02:47:33 CEST 2014: 34: finished (498ms, 85cycles)
Tue May 20 02:47:33 CEST 2014: 34: Solution found.
Tue May 20 02:47:33 CEST 2014: 35: finished (227ms, 38cycles)
Tue May 20 02:47:33 CEST 2014: 35: Solution found.
Tue May 20 02:47:33 CEST 2014: 36: finished (329ms, 55cycles)
Tue May 20 02:47:33 CEST 2014: 36: Solution found.
Tue May 20 02:47:34 CEST 2014: 37: finished (128ms, 23cycles)
Tue May 20 02:47:34 CEST 2014: 37: Solution found.
Tue May 20 02:47:35 CEST 2014: 38: finished (1522ms, 243cycles)
Tue May 20 02:47:35 CEST 2014: 38: Solution found.
Tue May 20 02:47:36 CEST 2014: 39: finished (447ms, 78cycles)
Tue May 20 02:47:36 CEST 2014: 39: Solution found.
Tue May 20 02:47:37 CEST 2014: 40: finished (1668ms, 266cycles)
Tue May 20 02:47:37 CEST 2014: 40: Solution found.
Tue May 20 02:47:37 CEST 2014: 41: finished (57ms, 12cycles)
Tue May 20 02:47:37 CEST 2014: 41: Solution found.
Tue May 20 02:47:40 CEST 2014: 42: finished (2675ms, 437cycles)
Tue May 20 02:47:40 CEST 2014: 42: Solution found.
Tue May 20 02:47:40 CEST 2014: 43: finished (238ms, 36cycles)
Tue May 20 02:47:40 CEST 2014: 43: Solution found.
Tue May 20 02:47:41 CEST 2014: 44: finished (875ms, 140cycles)
Tue May 20 02:47:41 CEST 2014: 44: Solution found.
Tue May 20 02:47:42 CEST 2014: 45: finished (563ms, 93cycles)
Tue May 20 02:47:42 CEST 2014: 45: Solution found.
Tue May 20 02:47:42 CEST 2014: 46: finished (582ms, 95cycles)
Tue May 20 02:47:42 CEST 2014: 46: Solution found.
Tue May 20 02:47:44 CEST 2014: 47: finished (1719ms, 270cycles)
Tue May 20 02:47:44 CEST 2014: 47: Solution found.
Tue May 20 02:47:45 CEST 2014: 48: finished (1149ms, 181cycles)
Tue May 20 02:47:45 CEST 2014: 48: Solution found.
Tue May 20 02:47:45 CEST 2014: 49: finished (15ms, 1cycles)
Tue May 20 02:47:45 CEST 2014: 49: Solution found.
Tue May 20 02:47:46 CEST 2014: 50: finished (325ms, 50cycles)
Tue May 20 02:47:46 CEST 2014: 50: Solution found.
Tue May 20 02:47:46 CEST 2014: 51: finished (34ms, 4cycles)
Tue May 20 02:47:46 CEST 2014: 51: Solution found.
Tue May 20 02:47:46 CEST 2014: 52: finished (156ms, 23cycles)
Tue May 20 02:47:46 CEST 2014: 52: Solution found.
Tue May 20 02:47:46 CEST 2014: 53: finished (437ms, 73cycles)
Tue May 20 02:47:46 CEST 2014: 53: Solution found.
Tue May 20 02:47:46 CEST 2014: 54: finished (127ms, 19cycles)
Tue May 20 02:47:46 CEST 2014: 54: Solution found.
Tue May 20 02:47:48 CEST 2014: 55: finished (1342ms, 219cycles)
Tue May 20 02:47:48 CEST 2014: 55: Solution found.
Tue May 20 02:47:49 CEST 2014: 56: finished (1068ms, 178cycles)
Tue May 20 02:47:49 CEST 2014: 56: Solution found.
Tue May 20 02:47:49 CEST 2014: 57: finished (507ms, 82cycles)
Tue May 20 02:47:49 CEST 2014: 57: Solution found.
Tue May 20 02:47:50 CEST 2014: 58: finished (809ms, 126cycles)
Tue May 20 02:47:50 CEST 2014: 58: Solution found.
Tue May 20 02:47:50 CEST 2014: 59: finished (59ms, 7cycles)
Tue May 20 02:47:50 CEST 2014: 59: Solution found.
Tue May 20 02:47:53 CEST 2014: 60: finished (2744ms, 396cycles)
Tue May 20 02:47:53 CEST 2014: 60: Solution found.
Tue May 20 02:47:54 CEST 2014: 61: finished (626ms, 98cycles)
Tue May 20 02:47:54 CEST 2014: 61: Solution found.
Tue May 20 02:47:54 CEST 2014: 62: finished (226ms, 42cycles)
Tue May 20 02:47:54 CEST 2014: 62: Solution found.
Tue May 20 02:47:54 CEST 2014: 63: finished (345ms, 58cycles)
Tue May 20 02:47:54 CEST 2014: 63: Solution found.
Tue May 20 02:47:55 CEST 2014: 64: finished (428ms, 67cycles)
Tue May 20 02:47:55 CEST 2014: 64: Solution found.
Tue May 20 02:47:55 CEST 2014: 65: finished (593ms, 96cycles)
Tue May 20 02:47:55 CEST 2014: 65: Solution found.
Tue May 20 02:47:57 CEST 2014: 66: finished (1893ms, 302cycles)
Tue May 20 02:47:57 CEST 2014: 66: Solution found.
Tue May 20 02:47:59 CEST 2014: 67: finished (1390ms, 219cycles)
Tue May 20 02:47:59 CEST 2014: 67: Solution found.
Tue May 20 02:48:00 CEST 2014: 68: finished (1430ms, 230cycles)
Tue May 20 02:48:00 CEST 2014: 68: Solution found.
Tue May 20 02:48:01 CEST 2014: 69: finished (425ms, 69cycles)
Tue May 20 02:48:01 CEST 2014: 69: Solution found.
Tue May 20 02:48:01 CEST 2014: 70: finished (570ms, 89cycles)
Tue May 20 02:48:01 CEST 2014: 70: Solution found.
Tue May 20 02:48:01 CEST 2014: 71: finished (190ms, 28cycles)
Tue May 20 02:48:01 CEST 2014: 71: Solution found.
Tue May 20 02:48:02 CEST 2014: 72: finished (826ms, 130cycles)
Tue May 20 02:48:02 CEST 2014: 72: Solution found.
Tue May 20 02:48:03 CEST 2014: 73: finished (162ms, 27cycles)
Tue May 20 02:48:03 CEST 2014: 73: Solution found.
Tue May 20 02:48:03 CEST 2014: 74: finished (92ms, 15cycles)
Tue May 20 02:48:03 CEST 2014: 74: Solution found.
Tue May 20 02:48:03 CEST 2014: 75: finished (142ms, 22cycles)
Tue May 20 02:48:03 CEST 2014: 75: Solution found.
Tue May 20 02:48:04 CEST 2014: 76: finished (1415ms, 222cycles)
Tue May 20 02:48:04 CEST 2014: 76: Solution found.
Tue May 20 02:48:05 CEST 2014: 77: finished (491ms, 81cycles)
Tue May 20 02:48:05 CEST 2014: 77: Solution found.
Tue May 20 02:48:05 CEST 2014: 78: finished (0ms, 0cycles)
Tue May 20 02:48:05 CEST 2014: 78: Solution found.
Tue May 20 02:48:05 CEST 2014: 79: finished (121ms, 16cycles)
Tue May 20 02:48:05 CEST 2014: 79: Solution found.
Tue May 20 02:48:05 CEST 2014: 80: finished (309ms, 54cycles)
Tue May 20 02:48:05 CEST 2014: 80: Solution found.
Tue May 20 02:48:05 CEST 2014: 81: finished (187ms, 28cycles)
Tue May 20 02:48:05 CEST 2014: 81: Solution found.
Tue May 20 02:48:06 CEST 2014: 82: finished (99ms, 14cycles)
Tue May 20 02:48:06 CEST 2014: 82: Solution found.
Tue May 20 02:48:06 CEST 2014: 83: finished (790ms, 127cycles)
Tue May 20 02:48:06 CEST 2014: 83: Solution found.
Tue May 20 02:48:06 CEST 2014: 84: finished (66ms, 12cycles)
Tue May 20 02:48:06 CEST 2014: 84: Solution found.
Tue May 20 02:48:07 CEST 2014: 85: finished (914ms, 147cycles)
Tue May 20 02:48:07 CEST 2014: 85: Solution found.
Tue May 20 02:48:08 CEST 2014: 86: finished (169ms, 26cycles)
Tue May 20 02:48:08 CEST 2014: 86: Solution found.
Tue May 20 02:48:08 CEST 2014: 87: finished (922ms, 120cycles)
Tue May 20 02:48:08 CEST 2014: 87: Solution found.
Tue May 20 02:48:09 CEST 2014: 88: finished (552ms, 81cycles)
Tue May 20 02:48:09 CEST 2014: 88: Solution found.
Tue May 20 02:48:12 CEST 2014: 89: finished (3254ms, 500cycles)
Tue May 20 02:48:12 CEST 2014: 89: No solution found.
Tue May 20 02:48:13 CEST 2014: 90: finished (243ms, 37cycles)
Tue May 20 02:48:13 CEST 2014: 90: Solution found.
Tue May 20 02:48:13 CEST 2014: 91: finished (48ms, 6cycles)
Tue May 20 02:48:13 CEST 2014: 91: Solution found.
Tue May 20 02:48:14 CEST 2014: 92: finished (1688ms, 264cycles)
Tue May 20 02:48:14 CEST 2014: 92: Solution found.
Tue May 20 02:48:15 CEST 2014: 93: finished (410ms, 67cycles)
Tue May 20 02:48:15 CEST 2014: 93: Solution found.
Tue May 20 02:48:15 CEST 2014: 94: finished (227ms, 37cycles)
Tue May 20 02:48:15 CEST 2014: 94: Solution found.
Tue May 20 02:48:17 CEST 2014: 95: finished (2216ms, 360cycles)
Tue May 20 02:48:17 CEST 2014: 95: Solution found.
Tue May 20 02:48:17 CEST 2014: 96: finished (180ms, 30cycles)
Tue May 20 02:48:17 CEST 2014: 96: Solution found.
Tue May 20 02:48:17 CEST 2014: 97: finished (6ms, 6cycles)
Tue May 20 02:48:17 CEST 2014: 97: Solution found.
Tue May 20 02:48:19 CEST 2014: 98: finished (1647ms, 261cycles)
Tue May 20 02:48:19 CEST 2014: 98: Solution found.
Tue May 20 02:48:20 CEST 2014: 99: finished (1248ms, 184cycles)
Tue May 20 02:48:20 CEST 2014: 99: Solution found.
Tue May 20 02:48:20 CEST 2014: Solution Found: 99
Tue May 20 02:48:20 CEST 2014: Avg cycles: 109
Tue May 20 02:48:20 CEST 2014: Max cycles: 445
Tue May 20 02:48:20 CEST 2014: Min cycles: 0
Tue May 20 02:48:20 CEST 2014: No solution found: 1
Tue May 20 02:48:20 CEST 2014: logging finished. (runtime: 73149ms)
