Tue May 20 03:09:54 CEST 2014: Problem Count: 0
Tue May 20 03:09:54 CEST 2014: CandidatesCount: 20
Tue May 20 03:09:54 CEST 2014: Max Cycles: 500
Tue May 20 03:09:54 CEST 2014: 0: finished (226ms, 49cycles)
Tue May 20 03:09:54 CEST 2014: 0: Solution found.
Tue May 20 03:09:55 CEST 2014: 1: finished (987ms, 254cycles)
Tue May 20 03:09:55 CEST 2014: 1: Solution found.
Tue May 20 03:09:55 CEST 2014: 2: finished (23ms, 6cycles)
Tue May 20 03:09:55 CEST 2014: 2: Solution found.
Tue May 20 03:09:55 CEST 2014: 3: finished (130ms, 38cycles)
Tue May 20 03:09:55 CEST 2014: 3: Solution found.
Tue May 20 03:09:56 CEST 2014: 4: finished (585ms, 157cycles)
Tue May 20 03:09:56 CEST 2014: 4: Solution found.
Tue May 20 03:09:56 CEST 2014: 5: finished (357ms, 92cycles)
Tue May 20 03:09:56 CEST 2014: 5: Solution found.
Tue May 20 03:09:56 CEST 2014: 6: finished (383ms, 109cycles)
Tue May 20 03:09:56 CEST 2014: 6: Solution found.
Tue May 20 03:09:56 CEST 2014: 7: finished (2ms, 0cycles)
Tue May 20 03:09:56 CEST 2014: 7: Solution found.
Tue May 20 03:09:57 CEST 2014: 8: finished (844ms, 231cycles)
Tue May 20 03:09:57 CEST 2014: 8: Solution found.
Tue May 20 03:09:59 CEST 2014: 9: finished (1844ms, 500cycles)
Tue May 20 03:09:59 CEST 2014: 9: No solution found.
Tue May 20 03:10:00 CEST 2014: 10: finished (801ms, 212cycles)
Tue May 20 03:10:00 CEST 2014: 10: Solution found.
Tue May 20 03:10:01 CEST 2014: 11: finished (983ms, 277cycles)
Tue May 20 03:10:01 CEST 2014: 11: Solution found.
Tue May 20 03:10:03 CEST 2014: 12: finished (1547ms, 436cycles)
Tue May 20 03:10:03 CEST 2014: 12: Solution found.
Tue May 20 03:10:03 CEST 2014: 13: finished (243ms, 55cycles)
Tue May 20 03:10:03 CEST 2014: 13: Solution found.
Tue May 20 03:10:03 CEST 2014: 14: finished (657ms, 178cycles)
Tue May 20 03:10:03 CEST 2014: 14: Solution found.
Tue May 20 03:10:04 CEST 2014: 15: finished (248ms, 74cycles)
Tue May 20 03:10:04 CEST 2014: 15: Solution found.
Tue May 20 03:10:04 CEST 2014: 16: finished (249ms, 64cycles)
Tue May 20 03:10:04 CEST 2014: 16: Solution found.
Tue May 20 03:10:04 CEST 2014: 17: finished (173ms, 45cycles)
Tue May 20 03:10:04 CEST 2014: 17: Solution found.
Tue May 20 03:10:04 CEST 2014: 18: finished (70ms, 16cycles)
Tue May 20 03:10:04 CEST 2014: 18: Solution found.
Tue May 20 03:10:05 CEST 2014: 19: finished (608ms, 138cycles)
Tue May 20 03:10:05 CEST 2014: 19: Solution found.
Tue May 20 03:10:05 CEST 2014: 20: finished (350ms, 104cycles)
Tue May 20 03:10:05 CEST 2014: 20: Solution found.
Tue May 20 03:10:05 CEST 2014: 21: finished (98ms, 27cycles)
Tue May 20 03:10:05 CEST 2014: 21: Solution found.
Tue May 20 03:10:06 CEST 2014: 22: finished (336ms, 88cycles)
Tue May 20 03:10:06 CEST 2014: 22: Solution found.
Tue May 20 03:10:06 CEST 2014: 23: finished (765ms, 209cycles)
Tue May 20 03:10:07 CEST 2014: 23: Solution found.
Tue May 20 03:10:07 CEST 2014: 24: finished (131ms, 33cycles)
Tue May 20 03:10:07 CEST 2014: 24: Solution found.
Tue May 20 03:10:07 CEST 2014: 25: finished (52ms, 11cycles)
Tue May 20 03:10:07 CEST 2014: 25: Solution found.
Tue May 20 03:10:07 CEST 2014: 26: finished (72ms, 20cycles)
Tue May 20 03:10:07 CEST 2014: 26: Solution found.
Tue May 20 03:10:08 CEST 2014: 27: finished (1299ms, 350cycles)
Tue May 20 03:10:08 CEST 2014: 27: Solution found.
Tue May 20 03:10:08 CEST 2014: 28: finished (322ms, 67cycles)
Tue May 20 03:10:08 CEST 2014: 28: Solution found.
Tue May 20 03:10:10 CEST 2014: 29: finished (1496ms, 415cycles)
Tue May 20 03:10:10 CEST 2014: 29: Solution found.
Tue May 20 03:10:11 CEST 2014: 30: finished (718ms, 197cycles)
Tue May 20 03:10:11 CEST 2014: 30: Solution found.
Tue May 20 03:10:11 CEST 2014: 31: finished (124ms, 30cycles)
Tue May 20 03:10:11 CEST 2014: 31: Solution found.
Tue May 20 03:10:11 CEST 2014: 32: finished (190ms, 47cycles)
Tue May 20 03:10:11 CEST 2014: 32: Solution found.
Tue May 20 03:10:11 CEST 2014: 33: finished (1ms, 1cycles)
Tue May 20 03:10:11 CEST 2014: 33: Solution found.
Tue May 20 03:10:12 CEST 2014: 34: finished (541ms, 141cycles)
Tue May 20 03:10:12 CEST 2014: 34: Solution found.
Tue May 20 03:10:12 CEST 2014: 35: finished (112ms, 31cycles)
Tue May 20 03:10:12 CEST 2014: 35: Solution found.
Tue May 20 03:10:13 CEST 2014: 36: finished (985ms, 276cycles)
Tue May 20 03:10:13 CEST 2014: 36: Solution found.
Tue May 20 03:10:13 CEST 2014: 37: finished (284ms, 76cycles)
Tue May 20 03:10:13 CEST 2014: 37: Solution found.
Tue May 20 03:10:13 CEST 2014: 38: finished (117ms, 32cycles)
Tue May 20 03:10:13 CEST 2014: 38: Solution found.
Tue May 20 03:10:13 CEST 2014: 39: finished (216ms, 53cycles)
Tue May 20 03:10:13 CEST 2014: 39: Solution found.
Tue May 20 03:10:14 CEST 2014: 40: finished (601ms, 153cycles)
Tue May 20 03:10:14 CEST 2014: 40: Solution found.
Tue May 20 03:10:16 CEST 2014: 41: finished (1526ms, 410cycles)
Tue May 20 03:10:16 CEST 2014: 41: Solution found.
Tue May 20 03:10:17 CEST 2014: 42: finished (1728ms, 465cycles)
Tue May 20 03:10:17 CEST 2014: 42: Solution found.
Tue May 20 03:10:18 CEST 2014: 43: finished (452ms, 113cycles)
Tue May 20 03:10:18 CEST 2014: 43: Solution found.
Tue May 20 03:10:19 CEST 2014: 44: finished (1105ms, 291cycles)
Tue May 20 03:10:19 CEST 2014: 44: Solution found.
Tue May 20 03:10:19 CEST 2014: 45: finished (407ms, 113cycles)
Tue May 20 03:10:19 CEST 2014: 45: Solution found.
Tue May 20 03:10:20 CEST 2014: 46: finished (157ms, 43cycles)
Tue May 20 03:10:20 CEST 2014: 46: Solution found.
Tue May 20 03:10:20 CEST 2014: 47: finished (581ms, 146cycles)
Tue May 20 03:10:20 CEST 2014: 47: Solution found.
Tue May 20 03:10:21 CEST 2014: 48: finished (371ms, 99cycles)
Tue May 20 03:10:21 CEST 2014: 48: Solution found.
Tue May 20 03:10:22 CEST 2014: 49: finished (1443ms, 380cycles)
Tue May 20 03:10:22 CEST 2014: 49: Solution found.
Tue May 20 03:10:22 CEST 2014: 50: finished (72ms, 17cycles)
Tue May 20 03:10:22 CEST 2014: 50: Solution found.
Tue May 20 03:10:22 CEST 2014: 51: finished (80ms, 24cycles)
Tue May 20 03:10:22 CEST 2014: 51: Solution found.
Tue May 20 03:10:23 CEST 2014: 52: finished (407ms, 112cycles)
Tue May 20 03:10:23 CEST 2014: 52: Solution found.
Tue May 20 03:10:23 CEST 2014: 53: finished (531ms, 142cycles)
Tue May 20 03:10:23 CEST 2014: 53: Solution found.
Tue May 20 03:10:23 CEST 2014: 54: finished (306ms, 86cycles)
Tue May 20 03:10:23 CEST 2014: 54: Solution found.
Tue May 20 03:10:25 CEST 2014: 55: finished (1697ms, 458cycles)
Tue May 20 03:10:25 CEST 2014: 55: Solution found.
Tue May 20 03:10:25 CEST 2014: 56: finished (87ms, 33cycles)
Tue May 20 03:10:25 CEST 2014: 56: Solution found.
Tue May 20 03:10:26 CEST 2014: 57: finished (587ms, 148cycles)
Tue May 20 03:10:26 CEST 2014: 57: Solution found.
Tue May 20 03:10:26 CEST 2014: 58: finished (263ms, 72cycles)
Tue May 20 03:10:26 CEST 2014: 58: Solution found.
Tue May 20 03:10:26 CEST 2014: 59: finished (191ms, 58cycles)
Tue May 20 03:10:26 CEST 2014: 59: Solution found.
Tue May 20 03:10:28 CEST 2014: 60: finished (1154ms, 296cycles)
Tue May 20 03:10:28 CEST 2014: 60: Solution found.
Tue May 20 03:10:28 CEST 2014: 61: finished (250ms, 57cycles)
Tue May 20 03:10:28 CEST 2014: 61: Solution found.
Tue May 20 03:10:28 CEST 2014: 62: finished (444ms, 124cycles)
Tue May 20 03:10:28 CEST 2014: 62: Solution found.
Tue May 20 03:10:29 CEST 2014: 63: finished (594ms, 164cycles)
Tue May 20 03:10:29 CEST 2014: 63: Solution found.
Tue May 20 03:10:30 CEST 2014: 64: finished (615ms, 169cycles)
Tue May 20 03:10:30 CEST 2014: 64: Solution found.
Tue May 20 03:10:30 CEST 2014: 65: finished (215ms, 57cycles)
Tue May 20 03:10:30 CEST 2014: 65: Solution found.
Tue May 20 03:10:31 CEST 2014: 66: finished (1227ms, 324cycles)
Tue May 20 03:10:31 CEST 2014: 66: Solution found.
Tue May 20 03:10:32 CEST 2014: 67: finished (536ms, 160cycles)
Tue May 20 03:10:32 CEST 2014: 67: Solution found.
Tue May 20 03:10:32 CEST 2014: 68: finished (436ms, 107cycles)
Tue May 20 03:10:32 CEST 2014: 68: Solution found.
Tue May 20 03:10:34 CEST 2014: 69: finished (1555ms, 422cycles)
Tue May 20 03:10:34 CEST 2014: 69: Solution found.
Tue May 20 03:10:34 CEST 2014: 70: finished (882ms, 244cycles)
Tue May 20 03:10:34 CEST 2014: 70: Solution found.
Tue May 20 03:10:35 CEST 2014: 71: finished (355ms, 94cycles)
Tue May 20 03:10:35 CEST 2014: 71: Solution found.
Tue May 20 03:10:35 CEST 2014: 72: finished (211ms, 56cycles)
Tue May 20 03:10:35 CEST 2014: 72: Solution found.
Tue May 20 03:10:35 CEST 2014: 73: finished (405ms, 100cycles)
Tue May 20 03:10:36 CEST 2014: 73: Solution found.
Tue May 20 03:10:36 CEST 2014: 74: finished (639ms, 166cycles)
Tue May 20 03:10:36 CEST 2014: 74: Solution found.
Tue May 20 03:10:37 CEST 2014: 75: finished (320ms, 86cycles)
Tue May 20 03:10:37 CEST 2014: 75: Solution found.
Tue May 20 03:10:37 CEST 2014: 76: finished (125ms, 26cycles)
Tue May 20 03:10:37 CEST 2014: 76: Solution found.
Tue May 20 03:10:37 CEST 2014: 77: finished (579ms, 155cycles)
Tue May 20 03:10:37 CEST 2014: 77: Solution found.
Tue May 20 03:10:38 CEST 2014: 78: finished (1007ms, 281cycles)
Tue May 20 03:10:38 CEST 2014: 78: Solution found.
Tue May 20 03:10:39 CEST 2014: 79: finished (620ms, 175cycles)
Tue May 20 03:10:39 CEST 2014: 79: Solution found.
Tue May 20 03:10:39 CEST 2014: 80: finished (122ms, 28cycles)
Tue May 20 03:10:39 CEST 2014: 80: Solution found.
Tue May 20 03:10:40 CEST 2014: 81: finished (940ms, 262cycles)
Tue May 20 03:10:40 CEST 2014: 81: Solution found.
Tue May 20 03:10:41 CEST 2014: 82: finished (1006ms, 272cycles)
Tue May 20 03:10:41 CEST 2014: 82: Solution found.
Tue May 20 03:10:41 CEST 2014: 83: finished (31ms, 9cycles)
Tue May 20 03:10:41 CEST 2014: 83: Solution found.
Tue May 20 03:10:42 CEST 2014: 84: finished (678ms, 189cycles)
Tue May 20 03:10:42 CEST 2014: 84: Solution found.
Tue May 20 03:10:42 CEST 2014: 85: finished (41ms, 10cycles)
Tue May 20 03:10:42 CEST 2014: 85: Solution found.
Tue May 20 03:10:43 CEST 2014: 86: finished (1625ms, 463cycles)
Tue May 20 03:10:43 CEST 2014: 86: Solution found.
Tue May 20 03:10:44 CEST 2014: 87: finished (426ms, 114cycles)
Tue May 20 03:10:44 CEST 2014: 87: Solution found.
Tue May 20 03:10:44 CEST 2014: 88: finished (272ms, 74cycles)
Tue May 20 03:10:44 CEST 2014: 88: Solution found.
Tue May 20 03:10:45 CEST 2014: 89: finished (345ms, 101cycles)
Tue May 20 03:10:45 CEST 2014: 89: Solution found.
Tue May 20 03:10:45 CEST 2014: 90: finished (555ms, 139cycles)
Tue May 20 03:10:45 CEST 2014: 90: Solution found.
Tue May 20 03:10:46 CEST 2014: 91: finished (587ms, 158cycles)
Tue May 20 03:10:46 CEST 2014: 91: Solution found.
Tue May 20 03:10:47 CEST 2014: 92: finished (1149ms, 310cycles)
Tue May 20 03:10:47 CEST 2014: 92: Solution found.
Tue May 20 03:10:47 CEST 2014: 93: finished (65ms, 14cycles)
Tue May 20 03:10:47 CEST 2014: 93: Solution found.
Tue May 20 03:10:47 CEST 2014: 94: finished (32ms, 8cycles)
Tue May 20 03:10:47 CEST 2014: 94: Solution found.
Tue May 20 03:10:47 CEST 2014: 95: finished (139ms, 40cycles)
Tue May 20 03:10:47 CEST 2014: 95: Solution found.
Tue May 20 03:10:49 CEST 2014: 96: finished (1850ms, 500cycles)
Tue May 20 03:10:49 CEST 2014: 96: No solution found.
Tue May 20 03:10:50 CEST 2014: 97: finished (690ms, 178cycles)
Tue May 20 03:10:50 CEST 2014: 97: Solution found.
Tue May 20 03:10:50 CEST 2014: 98: finished (154ms, 44cycles)
Tue May 20 03:10:50 CEST 2014: 98: Solution found.
Tue May 20 03:10:50 CEST 2014: 99: finished (310ms, 82cycles)
Tue May 20 03:10:50 CEST 2014: 99: Solution found.
Tue May 20 03:10:50 CEST 2014: Solution Found: 98
Tue May 20 03:10:50 CEST 2014: Avg cycles: 140
Tue May 20 03:10:50 CEST 2014: Max cycles: 465
Tue May 20 03:10:50 CEST 2014: Min cycles: 0
Tue May 20 03:10:50 CEST 2014: No solution found: 2
Tue May 20 03:10:50 CEST 2014: logging finished. (runtime: 56583ms)
