Tue May 20 00:42:36 CEST 2014: Problem Count: 0
Tue May 20 00:42:36 CEST 2014: CandidatesCount: 10
Tue May 20 00:42:36 CEST 2014: Max Cycles: 500
Tue May 20 00:42:37 CEST 2014: 0: finished (461ms, 239cycles)
Tue May 20 00:42:37 CEST 2014: 0: Solution found.
Tue May 20 00:42:37 CEST 2014: 1: finished (108ms, 51cycles)
Tue May 20 00:42:37 CEST 2014: 1: Solution found.
Tue May 20 00:42:37 CEST 2014: 2: finished (285ms, 153cycles)
Tue May 20 00:42:37 CEST 2014: 2: Solution found.
Tue May 20 00:42:37 CEST 2014: 3: finished (34ms, 18cycles)
Tue May 20 00:42:37 CEST 2014: 3: Solution found.
Tue May 20 00:42:38 CEST 2014: 4: finished (1028ms, 500cycles)
Tue May 20 00:42:38 CEST 2014: 4: No solution found.
Tue May 20 00:42:38 CEST 2014: 5: finished (336ms, 183cycles)
Tue May 20 00:42:39 CEST 2014: 5: Solution found.
Tue May 20 00:42:39 CEST 2014: 6: finished (426ms, 223cycles)
Tue May 20 00:42:39 CEST 2014: 6: Solution found.
Tue May 20 00:42:39 CEST 2014: 7: finished (23ms, 9cycles)
Tue May 20 00:42:39 CEST 2014: 7: Solution found.
Tue May 20 00:42:40 CEST 2014: 8: finished (976ms, 500cycles)
Tue May 20 00:42:40 CEST 2014: 8: No solution found.
Tue May 20 00:42:40 CEST 2014: 9: finished (1ms, 4cycles)
Tue May 20 00:42:40 CEST 2014: 9: Solution found.
Tue May 20 00:42:40 CEST 2014: 10: finished (387ms, 205cycles)
Tue May 20 00:42:40 CEST 2014: 10: Solution found.
Tue May 20 00:42:41 CEST 2014: 11: finished (161ms, 76cycles)
Tue May 20 00:42:41 CEST 2014: 11: Solution found.
Tue May 20 00:42:41 CEST 2014: 12: finished (391ms, 201cycles)
Tue May 20 00:42:41 CEST 2014: 12: Solution found.
Tue May 20 00:42:41 CEST 2014: 13: finished (71ms, 34cycles)
Tue May 20 00:42:41 CEST 2014: 13: Solution found.
Tue May 20 00:42:42 CEST 2014: 14: finished (656ms, 331cycles)
Tue May 20 00:42:42 CEST 2014: 14: Solution found.
Tue May 20 00:42:43 CEST 2014: 15: finished (938ms, 500cycles)
Tue May 20 00:42:43 CEST 2014: 15: No solution found.
Tue May 20 00:42:43 CEST 2014: 16: finished (134ms, 51cycles)
Tue May 20 00:42:43 CEST 2014: 16: Solution found.
Tue May 20 00:42:44 CEST 2014: 17: finished (956ms, 500cycles)
Tue May 20 00:42:44 CEST 2014: 17: No solution found.
Tue May 20 00:42:44 CEST 2014: 18: finished (361ms, 190cycles)
Tue May 20 00:42:44 CEST 2014: 18: Solution found.
Tue May 20 00:42:45 CEST 2014: 19: finished (952ms, 500cycles)
Tue May 20 00:42:45 CEST 2014: 19: No solution found.
Tue May 20 00:42:45 CEST 2014: 20: finished (276ms, 151cycles)
Tue May 20 00:42:45 CEST 2014: 20: Solution found.
Tue May 20 00:42:46 CEST 2014: 21: finished (626ms, 303cycles)
Tue May 20 00:42:46 CEST 2014: 21: Solution found.
Tue May 20 00:42:46 CEST 2014: 22: finished (61ms, 38cycles)
Tue May 20 00:42:46 CEST 2014: 22: Solution found.
Tue May 20 00:42:46 CEST 2014: 23: finished (201ms, 113cycles)
Tue May 20 00:42:46 CEST 2014: 23: Solution found.
Tue May 20 00:42:47 CEST 2014: 24: finished (576ms, 296cycles)
Tue May 20 00:42:47 CEST 2014: 24: Solution found.
Tue May 20 00:42:47 CEST 2014: 25: finished (462ms, 252cycles)
Tue May 20 00:42:47 CEST 2014: 25: Solution found.
Tue May 20 00:42:48 CEST 2014: 26: finished (314ms, 166cycles)
Tue May 20 00:42:48 CEST 2014: 26: Solution found.
Tue May 20 00:42:49 CEST 2014: 27: finished (942ms, 500cycles)
Tue May 20 00:42:49 CEST 2014: 27: No solution found.
Tue May 20 00:42:50 CEST 2014: 28: finished (970ms, 500cycles)
Tue May 20 00:42:50 CEST 2014: 28: No solution found.
Tue May 20 00:42:50 CEST 2014: 29: finished (740ms, 388cycles)
Tue May 20 00:42:50 CEST 2014: 29: Solution found.
Tue May 20 00:42:51 CEST 2014: 30: finished (950ms, 500cycles)
Tue May 20 00:42:51 CEST 2014: 30: No solution found.
Tue May 20 00:42:52 CEST 2014: 31: finished (89ms, 45cycles)
Tue May 20 00:42:52 CEST 2014: 31: Solution found.
Tue May 20 00:42:52 CEST 2014: 32: finished (264ms, 136cycles)
Tue May 20 00:42:52 CEST 2014: 32: Solution found.
Tue May 20 00:42:52 CEST 2014: 33: finished (343ms, 187cycles)
Tue May 20 00:42:52 CEST 2014: 33: Solution found.
Tue May 20 00:42:53 CEST 2014: 34: finished (985ms, 500cycles)
Tue May 20 00:42:53 CEST 2014: 34: No solution found.
Tue May 20 00:42:53 CEST 2014: 35: finished (126ms, 68cycles)
Tue May 20 00:42:53 CEST 2014: 35: Solution found.
Tue May 20 00:42:54 CEST 2014: 36: finished (556ms, 299cycles)
Tue May 20 00:42:54 CEST 2014: 36: Solution found.
Tue May 20 00:42:54 CEST 2014: 37: finished (1ms, 1cycles)
Tue May 20 00:42:54 CEST 2014: 37: Solution found.
Tue May 20 00:42:54 CEST 2014: 38: finished (246ms, 126cycles)
Tue May 20 00:42:54 CEST 2014: 38: Solution found.
Tue May 20 00:42:55 CEST 2014: 39: finished (396ms, 191cycles)
Tue May 20 00:42:55 CEST 2014: 39: Solution found.
Tue May 20 00:42:56 CEST 2014: 40: finished (1048ms, 500cycles)
Tue May 20 00:42:56 CEST 2014: 40: No solution found.
Tue May 20 00:42:56 CEST 2014: 41: finished (732ms, 346cycles)
Tue May 20 00:42:56 CEST 2014: 41: Solution found.
Tue May 20 00:42:57 CEST 2014: 42: finished (350ms, 200cycles)
Tue May 20 00:42:57 CEST 2014: 42: Solution found.
Tue May 20 00:42:58 CEST 2014: 43: finished (931ms, 500cycles)
Tue May 20 00:42:58 CEST 2014: 43: No solution found.
Tue May 20 00:42:58 CEST 2014: 44: finished (591ms, 319cycles)
Tue May 20 00:42:58 CEST 2014: 44: Solution found.
Tue May 20 00:42:59 CEST 2014: 45: finished (642ms, 319cycles)
Tue May 20 00:42:59 CEST 2014: 45: Solution found.
Tue May 20 00:43:00 CEST 2014: 46: finished (806ms, 423cycles)
Tue May 20 00:43:00 CEST 2014: 46: Solution found.
Tue May 20 00:43:00 CEST 2014: 47: finished (603ms, 331cycles)
Tue May 20 00:43:00 CEST 2014: 47: Solution found.
Tue May 20 00:43:00 CEST 2014: 48: finished (1ms, 3cycles)
Tue May 20 00:43:00 CEST 2014: 48: Solution found.
Tue May 20 00:43:01 CEST 2014: 49: finished (78ms, 49cycles)
Tue May 20 00:43:01 CEST 2014: 49: Solution found.
Tue May 20 00:43:01 CEST 2014: 50: finished (66ms, 37cycles)
Tue May 20 00:43:01 CEST 2014: 50: Solution found.
Tue May 20 00:43:01 CEST 2014: 51: finished (34ms, 7cycles)
Tue May 20 00:43:01 CEST 2014: 51: Solution found.
Tue May 20 00:43:01 CEST 2014: 52: finished (1ms, 0cycles)
Tue May 20 00:43:01 CEST 2014: 52: Solution found.
Tue May 20 00:43:01 CEST 2014: 53: finished (417ms, 214cycles)
Tue May 20 00:43:01 CEST 2014: 53: Solution found.
Tue May 20 00:43:02 CEST 2014: 54: finished (973ms, 500cycles)
Tue May 20 00:43:02 CEST 2014: 54: No solution found.
Tue May 20 00:43:02 CEST 2014: 55: finished (33ms, 25cycles)
Tue May 20 00:43:02 CEST 2014: 55: Solution found.
Tue May 20 00:43:03 CEST 2014: 56: finished (936ms, 500cycles)
Tue May 20 00:43:03 CEST 2014: 56: No solution found.
Tue May 20 00:43:04 CEST 2014: 57: finished (464ms, 258cycles)
Tue May 20 00:43:04 CEST 2014: 57: Solution found.
Tue May 20 00:43:05 CEST 2014: 58: finished (925ms, 500cycles)
Tue May 20 00:43:05 CEST 2014: 58: No solution found.
Tue May 20 00:43:06 CEST 2014: 59: finished (926ms, 500cycles)
Tue May 20 00:43:06 CEST 2014: 59: No solution found.
Tue May 20 00:43:06 CEST 2014: 60: finished (942ms, 500cycles)
Tue May 20 00:43:07 CEST 2014: 60: No solution found.
Tue May 20 00:43:07 CEST 2014: 61: finished (419ms, 212cycles)
Tue May 20 00:43:07 CEST 2014: 61: Solution found.
Tue May 20 00:43:07 CEST 2014: 62: finished (3ms, 9cycles)
Tue May 20 00:43:07 CEST 2014: 62: Solution found.
Tue May 20 00:43:08 CEST 2014: 63: finished (998ms, 500cycles)
Tue May 20 00:43:08 CEST 2014: 63: No solution found.
Tue May 20 00:43:09 CEST 2014: 64: finished (537ms, 273cycles)
Tue May 20 00:43:09 CEST 2014: 64: Solution found.
Tue May 20 00:43:09 CEST 2014: 65: finished (300ms, 153cycles)
Tue May 20 00:43:09 CEST 2014: 65: Solution found.
Tue May 20 00:43:10 CEST 2014: 66: finished (938ms, 500cycles)
Tue May 20 00:43:10 CEST 2014: 66: No solution found.
Tue May 20 00:43:10 CEST 2014: 67: finished (1ms, 3cycles)
Tue May 20 00:43:10 CEST 2014: 67: Solution found.
Tue May 20 00:43:10 CEST 2014: 68: finished (355ms, 194cycles)
Tue May 20 00:43:10 CEST 2014: 68: Solution found.
Tue May 20 00:43:11 CEST 2014: 69: finished (990ms, 500cycles)
Tue May 20 00:43:11 CEST 2014: 69: No solution found.
Tue May 20 00:43:11 CEST 2014: 70: finished (269ms, 157cycles)
Tue May 20 00:43:11 CEST 2014: 70: Solution found.
Tue May 20 00:43:12 CEST 2014: 71: finished (930ms, 500cycles)
Tue May 20 00:43:12 CEST 2014: 71: No solution found.
Tue May 20 00:43:13 CEST 2014: 72: finished (173ms, 100cycles)
Tue May 20 00:43:13 CEST 2014: 72: Solution found.
Tue May 20 00:43:13 CEST 2014: 73: finished (53ms, 23cycles)
Tue May 20 00:43:13 CEST 2014: 73: Solution found.
Tue May 20 00:43:13 CEST 2014: 74: finished (229ms, 136cycles)
Tue May 20 00:43:13 CEST 2014: 74: Solution found.
Tue May 20 00:43:14 CEST 2014: 75: finished (966ms, 500cycles)
Tue May 20 00:43:14 CEST 2014: 75: No solution found.
Tue May 20 00:43:14 CEST 2014: 76: finished (510ms, 270cycles)
Tue May 20 00:43:14 CEST 2014: 76: Solution found.
Tue May 20 00:43:15 CEST 2014: 77: finished (965ms, 500cycles)
Tue May 20 00:43:15 CEST 2014: 77: No solution found.
Tue May 20 00:43:16 CEST 2014: 78: finished (310ms, 137cycles)
Tue May 20 00:43:16 CEST 2014: 78: Solution found.
Tue May 20 00:43:17 CEST 2014: 79: finished (988ms, 500cycles)
Tue May 20 00:43:17 CEST 2014: 79: No solution found.
Tue May 20 00:43:18 CEST 2014: 80: finished (780ms, 419cycles)
Tue May 20 00:43:18 CEST 2014: 80: Solution found.
Tue May 20 00:43:18 CEST 2014: 81: finished (575ms, 325cycles)
Tue May 20 00:43:18 CEST 2014: 81: Solution found.
Tue May 20 00:43:19 CEST 2014: 82: finished (640ms, 347cycles)
Tue May 20 00:43:19 CEST 2014: 82: Solution found.
Tue May 20 00:43:19 CEST 2014: 83: finished (567ms, 308cycles)
Tue May 20 00:43:19 CEST 2014: 83: Solution found.
Tue May 20 00:43:19 CEST 2014: 84: finished (27ms, 14cycles)
Tue May 20 00:43:19 CEST 2014: 84: Solution found.
Tue May 20 00:43:20 CEST 2014: 85: finished (863ms, 479cycles)
Tue May 20 00:43:20 CEST 2014: 85: Solution found.
Tue May 20 00:43:21 CEST 2014: 86: finished (954ms, 500cycles)
Tue May 20 00:43:21 CEST 2014: 86: No solution found.
Tue May 20 00:43:22 CEST 2014: 87: finished (900ms, 441cycles)
Tue May 20 00:43:22 CEST 2014: 87: Solution found.
Tue May 20 00:43:23 CEST 2014: 88: finished (683ms, 337cycles)
Tue May 20 00:43:23 CEST 2014: 88: Solution found.
Tue May 20 00:43:23 CEST 2014: 89: finished (294ms, 150cycles)
Tue May 20 00:43:23 CEST 2014: 89: Solution found.
Tue May 20 00:43:24 CEST 2014: 90: finished (272ms, 157cycles)
Tue May 20 00:43:24 CEST 2014: 90: Solution found.
Tue May 20 00:43:24 CEST 2014: 91: finished (728ms, 382cycles)
Tue May 20 00:43:24 CEST 2014: 91: Solution found.
Tue May 20 00:43:25 CEST 2014: 92: finished (943ms, 500cycles)
Tue May 20 00:43:25 CEST 2014: 92: No solution found.
Tue May 20 00:43:26 CEST 2014: 93: finished (948ms, 500cycles)
Tue May 20 00:43:26 CEST 2014: 93: No solution found.
Tue May 20 00:43:27 CEST 2014: 94: finished (290ms, 163cycles)
Tue May 20 00:43:27 CEST 2014: 94: Solution found.
Tue May 20 00:43:27 CEST 2014: 95: finished (214ms, 113cycles)
Tue May 20 00:43:27 CEST 2014: 95: Solution found.
Tue May 20 00:43:27 CEST 2014: 96: finished (611ms, 328cycles)
Tue May 20 00:43:27 CEST 2014: 96: Solution found.
Tue May 20 00:43:28 CEST 2014: 97: finished (396ms, 200cycles)
Tue May 20 00:43:28 CEST 2014: 97: Solution found.
Tue May 20 00:43:29 CEST 2014: 98: finished (955ms, 500cycles)
Tue May 20 00:43:29 CEST 2014: 98: No solution found.
Tue May 20 00:43:29 CEST 2014: 99: finished (288ms, 146cycles)
Tue May 20 00:43:29 CEST 2014: 99: Solution found.
Tue May 20 00:43:29 CEST 2014: Solution Found: 73
Tue May 20 00:43:29 CEST 2014: Avg cycles: 181
Tue May 20 00:43:29 CEST 2014: Max cycles: 479
Tue May 20 00:43:29 CEST 2014: Min cycles: 0
Tue May 20 00:43:29 CEST 2014: No solution found: 27
Tue May 20 00:43:29 CEST 2014: logging finished. (runtime: 52941ms)
