Tue May 20 00:14:58 CEST 2014: Problem Count: 0
Tue May 20 00:14:58 CEST 2014: CandidatesCount: 50
Tue May 20 00:14:58 CEST 2014: Max Cycles: 500
Tue May 20 00:15:14 CEST 2014: 0: finished (15940ms, 500cycles)
Tue May 20 00:15:14 CEST 2014: 0: No solution found.
Tue May 20 00:15:21 CEST 2014: 1: finished (7030ms, 500cycles)
Tue May 20 00:15:21 CEST 2014: 1: No solution found.
Tue May 20 00:15:26 CEST 2014: 2: finished (5299ms, 500cycles)
Tue May 20 00:15:26 CEST 2014: 2: No solution found.
Tue May 20 00:15:32 CEST 2014: 3: finished (5682ms, 500cycles)
Tue May 20 00:15:32 CEST 2014: 3: No solution found.
Tue May 20 00:15:37 CEST 2014: 4: finished (5199ms, 500cycles)
Tue May 20 00:15:37 CEST 2014: 4: No solution found.
Tue May 20 00:15:42 CEST 2014: 5: finished (5383ms, 500cycles)
Tue May 20 00:15:42 CEST 2014: 5: No solution found.
Tue May 20 00:15:48 CEST 2014: 6: finished (5533ms, 500cycles)
Tue May 20 00:15:48 CEST 2014: 6: No solution found.
Tue May 20 00:15:54 CEST 2014: 7: finished (5809ms, 500cycles)
Tue May 20 00:15:54 CEST 2014: 7: No solution found.
Tue May 20 00:15:59 CEST 2014: 8: finished (5406ms, 500cycles)
Tue May 20 00:15:59 CEST 2014: 8: No solution found.
Tue May 20 00:16:05 CEST 2014: 9: finished (5296ms, 500cycles)
Tue May 20 00:16:05 CEST 2014: 9: No solution found.
Tue May 20 00:16:10 CEST 2014: 10: finished (5238ms, 500cycles)
Tue May 20 00:16:10 CEST 2014: 10: No solution found.
Tue May 20 00:16:15 CEST 2014: 11: finished (5170ms, 500cycles)
Tue May 20 00:16:15 CEST 2014: 11: No solution found.
Tue May 20 00:16:21 CEST 2014: 12: finished (5741ms, 500cycles)
Tue May 20 00:16:21 CEST 2014: 12: No solution found.
Tue May 20 00:16:26 CEST 2014: 13: finished (5544ms, 500cycles)
Tue May 20 00:16:26 CEST 2014: 13: No solution found.
Tue May 20 00:16:32 CEST 2014: 14: finished (5571ms, 500cycles)
Tue May 20 00:16:32 CEST 2014: 14: No solution found.
Tue May 20 00:16:37 CEST 2014: 15: finished (5262ms, 500cycles)
Tue May 20 00:16:37 CEST 2014: 15: No solution found.
Tue May 20 00:16:43 CEST 2014: 16: finished (5592ms, 500cycles)
Tue May 20 00:16:43 CEST 2014: 16: No solution found.
Tue May 20 00:16:49 CEST 2014: 17: finished (6100ms, 500cycles)
Tue May 20 00:16:49 CEST 2014: 17: No solution found.
Tue May 20 00:16:55 CEST 2014: 18: finished (6165ms, 500cycles)
Tue May 20 00:16:55 CEST 2014: 18: No solution found.
Tue May 20 00:17:01 CEST 2014: 19: finished (6109ms, 500cycles)
Tue May 20 00:17:01 CEST 2014: 19: No solution found.
Tue May 20 00:17:07 CEST 2014: 20: finished (5960ms, 500cycles)
Tue May 20 00:17:07 CEST 2014: 20: No solution found.
Tue May 20 00:17:13 CEST 2014: 21: finished (6098ms, 500cycles)
Tue May 20 00:17:13 CEST 2014: 21: No solution found.
Tue May 20 00:17:20 CEST 2014: 22: finished (6140ms, 500cycles)
Tue May 20 00:17:20 CEST 2014: 22: No solution found.
Tue May 20 00:17:26 CEST 2014: 23: finished (6072ms, 500cycles)
Tue May 20 00:17:26 CEST 2014: 23: No solution found.
Tue May 20 00:17:31 CEST 2014: 24: finished (5634ms, 500cycles)
Tue May 20 00:17:31 CEST 2014: 24: No solution found.
Tue May 20 00:17:37 CEST 2014: 25: finished (5626ms, 500cycles)
Tue May 20 00:17:37 CEST 2014: 25: No solution found.
Tue May 20 00:17:42 CEST 2014: 26: finished (5517ms, 500cycles)
Tue May 20 00:17:42 CEST 2014: 26: No solution found.
Tue May 20 00:17:48 CEST 2014: 27: finished (5430ms, 500cycles)
Tue May 20 00:17:48 CEST 2014: 27: No solution found.
Tue May 20 00:17:54 CEST 2014: 28: finished (5664ms, 500cycles)
Tue May 20 00:17:54 CEST 2014: 28: No solution found.
Tue May 20 00:17:59 CEST 2014: 29: finished (5774ms, 500cycles)
Tue May 20 00:17:59 CEST 2014: 29: No solution found.
Tue May 20 00:18:05 CEST 2014: 30: finished (5598ms, 500cycles)
Tue May 20 00:18:05 CEST 2014: 30: No solution found.
Tue May 20 00:18:11 CEST 2014: 31: finished (5771ms, 500cycles)
Tue May 20 00:18:11 CEST 2014: 31: No solution found.
Tue May 20 00:18:16 CEST 2014: 32: finished (5563ms, 500cycles)
Tue May 20 00:18:16 CEST 2014: 32: No solution found.
Tue May 20 00:18:22 CEST 2014: 33: finished (5815ms, 500cycles)
Tue May 20 00:18:22 CEST 2014: 33: No solution found.
Tue May 20 00:18:28 CEST 2014: 34: finished (5504ms, 500cycles)
Tue May 20 00:18:28 CEST 2014: 34: No solution found.
Tue May 20 00:18:33 CEST 2014: 35: finished (5421ms, 500cycles)
Tue May 20 00:18:33 CEST 2014: 35: No solution found.
Tue May 20 00:18:39 CEST 2014: 36: finished (5416ms, 500cycles)
Tue May 20 00:18:39 CEST 2014: 36: No solution found.
Tue May 20 00:18:44 CEST 2014: 37: finished (5566ms, 500cycles)
Tue May 20 00:18:44 CEST 2014: 37: No solution found.
Tue May 20 00:18:50 CEST 2014: 38: finished (5275ms, 500cycles)
Tue May 20 00:18:50 CEST 2014: 38: No solution found.
Tue May 20 00:18:55 CEST 2014: 39: finished (5280ms, 500cycles)
Tue May 20 00:18:55 CEST 2014: 39: No solution found.
Tue May 20 00:19:00 CEST 2014: 40: finished (5260ms, 500cycles)
Tue May 20 00:19:00 CEST 2014: 40: No solution found.
Tue May 20 00:19:05 CEST 2014: 41: finished (5257ms, 500cycles)
Tue May 20 00:19:05 CEST 2014: 41: No solution found.
Tue May 20 00:19:11 CEST 2014: 42: finished (5215ms, 500cycles)
Tue May 20 00:19:11 CEST 2014: 42: No solution found.
Tue May 20 00:19:16 CEST 2014: 43: finished (5232ms, 500cycles)
Tue May 20 00:19:16 CEST 2014: 43: No solution found.
Tue May 20 00:19:21 CEST 2014: 44: finished (5119ms, 500cycles)
Tue May 20 00:19:21 CEST 2014: 44: No solution found.
Tue May 20 00:19:26 CEST 2014: 45: finished (5208ms, 500cycles)
Tue May 20 00:19:26 CEST 2014: 45: No solution found.
Tue May 20 00:19:32 CEST 2014: 46: finished (5310ms, 500cycles)
Tue May 20 00:19:32 CEST 2014: 46: No solution found.
Tue May 20 00:19:37 CEST 2014: 47: finished (5188ms, 500cycles)
Tue May 20 00:19:37 CEST 2014: 47: No solution found.
Tue May 20 00:19:42 CEST 2014: 48: finished (5250ms, 500cycles)
Tue May 20 00:19:42 CEST 2014: 48: No solution found.
Tue May 20 00:19:47 CEST 2014: 49: finished (5161ms, 500cycles)
Tue May 20 00:19:47 CEST 2014: 49: No solution found.
Tue May 20 00:19:52 CEST 2014: 50: finished (5219ms, 500cycles)
Tue May 20 00:19:52 CEST 2014: 50: No solution found.
Tue May 20 00:19:58 CEST 2014: 51: finished (5101ms, 500cycles)
Tue May 20 00:19:58 CEST 2014: 51: No solution found.
Tue May 20 00:20:03 CEST 2014: 52: finished (5132ms, 500cycles)
Tue May 20 00:20:03 CEST 2014: 52: No solution found.
Tue May 20 00:20:08 CEST 2014: 53: finished (5229ms, 500cycles)
Tue May 20 00:20:08 CEST 2014: 53: No solution found.
Tue May 20 00:20:13 CEST 2014: 54: finished (5150ms, 500cycles)
Tue May 20 00:20:13 CEST 2014: 54: No solution found.
Tue May 20 00:20:18 CEST 2014: 55: finished (5145ms, 500cycles)
Tue May 20 00:20:18 CEST 2014: 55: No solution found.
Tue May 20 00:20:23 CEST 2014: 56: finished (5240ms, 500cycles)
Tue May 20 00:20:24 CEST 2014: 56: No solution found.
Tue May 20 00:20:29 CEST 2014: 57: finished (5256ms, 500cycles)
Tue May 20 00:20:29 CEST 2014: 57: No solution found.
Tue May 20 00:20:34 CEST 2014: 58: finished (5500ms, 500cycles)
Tue May 20 00:20:34 CEST 2014: 58: No solution found.
Tue May 20 00:20:40 CEST 2014: 59: finished (5312ms, 500cycles)
Tue May 20 00:20:40 CEST 2014: 59: No solution found.
Tue May 20 00:20:45 CEST 2014: 60: finished (5750ms, 500cycles)
Tue May 20 00:20:45 CEST 2014: 60: No solution found.
Tue May 20 00:20:51 CEST 2014: 61: finished (5455ms, 500cycles)
Tue May 20 00:20:51 CEST 2014: 61: No solution found.
Tue May 20 00:20:57 CEST 2014: 62: finished (5661ms, 500cycles)
Tue May 20 00:20:57 CEST 2014: 62: No solution found.
Tue May 20 00:21:02 CEST 2014: 63: finished (5402ms, 500cycles)
Tue May 20 00:21:02 CEST 2014: 63: No solution found.
Tue May 20 00:21:07 CEST 2014: 64: finished (5307ms, 500cycles)
Tue May 20 00:21:07 CEST 2014: 64: No solution found.
Tue May 20 00:21:13 CEST 2014: 65: finished (5285ms, 500cycles)
Tue May 20 00:21:13 CEST 2014: 65: No solution found.
Tue May 20 00:21:18 CEST 2014: 66: finished (5268ms, 500cycles)
Tue May 20 00:21:18 CEST 2014: 66: No solution found.
Tue May 20 00:21:23 CEST 2014: 67: finished (5237ms, 500cycles)
Tue May 20 00:21:23 CEST 2014: 67: No solution found.
Tue May 20 00:21:28 CEST 2014: 68: finished (5312ms, 500cycles)
Tue May 20 00:21:28 CEST 2014: 68: No solution found.
Tue May 20 00:21:34 CEST 2014: 69: finished (5398ms, 500cycles)
Tue May 20 00:21:34 CEST 2014: 69: No solution found.
Tue May 20 00:21:39 CEST 2014: 70: finished (5205ms, 500cycles)
Tue May 20 00:21:39 CEST 2014: 70: No solution found.
Tue May 20 00:21:45 CEST 2014: 71: finished (5529ms, 500cycles)
Tue May 20 00:21:45 CEST 2014: 71: No solution found.
Tue May 20 00:21:50 CEST 2014: 72: finished (5451ms, 500cycles)
Tue May 20 00:21:50 CEST 2014: 72: No solution found.
Tue May 20 00:21:55 CEST 2014: 73: finished (5285ms, 500cycles)
Tue May 20 00:21:55 CEST 2014: 73: No solution found.
Tue May 20 00:22:01 CEST 2014: 74: finished (5394ms, 500cycles)
Tue May 20 00:22:01 CEST 2014: 74: No solution found.
Tue May 20 00:22:06 CEST 2014: 75: finished (5422ms, 500cycles)
Tue May 20 00:22:06 CEST 2014: 75: No solution found.
Tue May 20 00:22:12 CEST 2014: 76: finished (5242ms, 500cycles)
Tue May 20 00:22:12 CEST 2014: 76: No solution found.
Tue May 20 00:22:17 CEST 2014: 77: finished (5444ms, 500cycles)
Tue May 20 00:22:17 CEST 2014: 77: No solution found.
Tue May 20 00:22:22 CEST 2014: 78: finished (5017ms, 500cycles)
Tue May 20 00:22:22 CEST 2014: 78: No solution found.
Tue May 20 00:22:27 CEST 2014: 79: finished (5313ms, 500cycles)
Tue May 20 00:22:27 CEST 2014: 79: No solution found.
Tue May 20 00:22:33 CEST 2014: 80: finished (5274ms, 500cycles)
Tue May 20 00:22:33 CEST 2014: 80: No solution found.
Tue May 20 00:22:38 CEST 2014: 81: finished (5026ms, 500cycles)
Tue May 20 00:22:38 CEST 2014: 81: No solution found.
Tue May 20 00:22:43 CEST 2014: 82: finished (4950ms, 500cycles)
Tue May 20 00:22:43 CEST 2014: 82: No solution found.
Tue May 20 00:22:48 CEST 2014: 83: finished (4926ms, 500cycles)
Tue May 20 00:22:48 CEST 2014: 83: No solution found.
Tue May 20 00:22:53 CEST 2014: 84: finished (5165ms, 500cycles)
Tue May 20 00:22:53 CEST 2014: 84: No solution found.
Tue May 20 00:22:58 CEST 2014: 85: finished (5198ms, 500cycles)
Tue May 20 00:22:58 CEST 2014: 85: No solution found.
Tue May 20 00:23:03 CEST 2014: 86: finished (5340ms, 500cycles)
Tue May 20 00:23:03 CEST 2014: 86: No solution found.
Tue May 20 00:23:09 CEST 2014: 87: finished (5483ms, 500cycles)
Tue May 20 00:23:09 CEST 2014: 87: No solution found.
Tue May 20 00:23:14 CEST 2014: 88: finished (5268ms, 500cycles)
Tue May 20 00:23:14 CEST 2014: 88: No solution found.
Tue May 20 00:23:19 CEST 2014: 89: finished (5261ms, 500cycles)
Tue May 20 00:23:19 CEST 2014: 89: No solution found.
Tue May 20 00:23:25 CEST 2014: 90: finished (5435ms, 500cycles)
Tue May 20 00:23:25 CEST 2014: 90: No solution found.
Tue May 20 00:23:30 CEST 2014: 91: finished (5228ms, 500cycles)
Tue May 20 00:23:30 CEST 2014: 91: No solution found.
Tue May 20 00:23:35 CEST 2014: 92: finished (5042ms, 500cycles)
Tue May 20 00:23:35 CEST 2014: 92: No solution found.
Tue May 20 00:23:40 CEST 2014: 93: finished (5261ms, 500cycles)
Tue May 20 00:23:41 CEST 2014: 93: No solution found.
Tue May 20 00:23:42 CEST 2014: 94: finished (1083ms, 110cycles)
Tue May 20 00:23:42 CEST 2014: 94: Solution found.
Tue May 20 00:23:47 CEST 2014: 95: finished (5272ms, 500cycles)
Tue May 20 00:23:47 CEST 2014: 95: No solution found.
Tue May 20 00:23:52 CEST 2014: 96: finished (5057ms, 500cycles)
Tue May 20 00:23:52 CEST 2014: 96: No solution found.
Tue May 20 00:23:57 CEST 2014: 97: finished (5400ms, 500cycles)
Tue May 20 00:23:57 CEST 2014: 97: No solution found.
Tue May 20 00:24:02 CEST 2014: 98: finished (5099ms, 500cycles)
Tue May 20 00:24:02 CEST 2014: 98: No solution found.
Tue May 20 00:24:08 CEST 2014: 99: finished (5027ms, 500cycles)
Tue May 20 00:24:08 CEST 2014: 99: No solution found.
Tue May 20 00:24:08 CEST 2014: Solution Found: 1
Tue May 20 00:24:08 CEST 2014: Avg cycles: 110
Tue May 20 00:24:08 CEST 2014: Max cycles: 110
Tue May 20 00:24:08 CEST 2014: Min cycles: 110
Tue May 20 00:24:08 CEST 2014: No solution found: 99
Tue May 20 00:24:08 CEST 2014: logging finished. (runtime: 549800ms)
