Tue May 20 02:56:05 CEST 2014: Problem Count: 0
Tue May 20 02:56:05 CEST 2014: CandidatesCount: 50
Tue May 20 02:56:05 CEST 2014: Max Cycles: 500
Tue May 20 02:56:05 CEST 2014: 0: finished (209ms, 18cycles)
Tue May 20 02:56:05 CEST 2014: 0: Solution found.
Tue May 20 02:56:06 CEST 2014: 1: finished (789ms, 71cycles)
Tue May 20 02:56:06 CEST 2014: 1: Solution found.
Tue May 20 02:56:07 CEST 2014: 2: finished (1011ms, 92cycles)
Tue May 20 02:56:07 CEST 2014: 2: Solution found.
Tue May 20 02:56:07 CEST 2014: 3: finished (437ms, 43cycles)
Tue May 20 02:56:07 CEST 2014: 3: Solution found.
Tue May 20 02:56:10 CEST 2014: 4: finished (2572ms, 225cycles)
Tue May 20 02:56:10 CEST 2014: 4: Solution found.
Tue May 20 02:56:10 CEST 2014: 5: finished (205ms, 19cycles)
Tue May 20 02:56:10 CEST 2014: 5: Solution found.
Tue May 20 02:56:10 CEST 2014: 6: finished (26ms, 3cycles)
Tue May 20 02:56:10 CEST 2014: 6: Solution found.
Tue May 20 02:56:10 CEST 2014: 7: finished (79ms, 5cycles)
Tue May 20 02:56:10 CEST 2014: 7: Solution found.
Tue May 20 02:56:11 CEST 2014: 8: finished (1287ms, 116cycles)
Tue May 20 02:56:11 CEST 2014: 8: Solution found.
Tue May 20 02:56:12 CEST 2014: 9: finished (485ms, 42cycles)
Tue May 20 02:56:12 CEST 2014: 9: Solution found.
Tue May 20 02:56:12 CEST 2014: 10: finished (449ms, 45cycles)
Tue May 20 02:56:12 CEST 2014: 10: Solution found.
Tue May 20 02:56:14 CEST 2014: 11: finished (1446ms, 137cycles)
Tue May 20 02:56:14 CEST 2014: 11: Solution found.
Tue May 20 02:56:14 CEST 2014: 12: finished (329ms, 30cycles)
Tue May 20 02:56:14 CEST 2014: 12: Solution found.
Tue May 20 02:56:17 CEST 2014: 13: finished (2581ms, 224cycles)
Tue May 20 02:56:17 CEST 2014: 13: Solution found.
Tue May 20 02:56:17 CEST 2014: 14: finished (3ms, 3cycles)
Tue May 20 02:56:17 CEST 2014: 14: Solution found.
Tue May 20 02:56:18 CEST 2014: 15: finished (1595ms, 152cycles)
Tue May 20 02:56:18 CEST 2014: 15: Solution found.
Tue May 20 02:56:19 CEST 2014: 16: finished (967ms, 90cycles)
Tue May 20 02:56:19 CEST 2014: 16: Solution found.
Tue May 20 02:56:20 CEST 2014: 17: finished (843ms, 74cycles)
Tue May 20 02:56:20 CEST 2014: 17: Solution found.
Tue May 20 02:56:21 CEST 2014: 18: finished (676ms, 59cycles)
Tue May 20 02:56:21 CEST 2014: 18: Solution found.
Tue May 20 02:56:22 CEST 2014: 19: finished (1212ms, 113cycles)
Tue May 20 02:56:22 CEST 2014: 19: Solution found.
Tue May 20 02:56:23 CEST 2014: 20: finished (294ms, 28cycles)
Tue May 20 02:56:23 CEST 2014: 20: Solution found.
Tue May 20 02:56:23 CEST 2014: 21: finished (939ms, 84cycles)
Tue May 20 02:56:23 CEST 2014: 21: Solution found.
Tue May 20 02:56:24 CEST 2014: 22: finished (363ms, 33cycles)
Tue May 20 02:56:24 CEST 2014: 22: Solution found.
Tue May 20 02:56:25 CEST 2014: 23: finished (1174ms, 112cycles)
Tue May 20 02:56:25 CEST 2014: 23: Solution found.
Tue May 20 02:56:26 CEST 2014: 24: finished (709ms, 68cycles)
Tue May 20 02:56:26 CEST 2014: 24: Solution found.
Tue May 20 02:56:26 CEST 2014: 25: finished (393ms, 38cycles)
Tue May 20 02:56:26 CEST 2014: 25: Solution found.
Tue May 20 02:56:26 CEST 2014: 26: finished (145ms, 13cycles)
Tue May 20 02:56:26 CEST 2014: 26: Solution found.
Tue May 20 02:56:27 CEST 2014: 27: finished (690ms, 64cycles)
Tue May 20 02:56:27 CEST 2014: 27: Solution found.
Tue May 20 02:56:27 CEST 2014: 28: finished (98ms, 10cycles)
Tue May 20 02:56:27 CEST 2014: 28: Solution found.
Tue May 20 02:56:28 CEST 2014: 29: finished (416ms, 40cycles)
Tue May 20 02:56:28 CEST 2014: 29: Solution found.
Tue May 20 02:56:28 CEST 2014: 30: finished (52ms, 3cycles)
Tue May 20 02:56:28 CEST 2014: 30: Solution found.
Tue May 20 02:56:28 CEST 2014: 31: finished (115ms, 11cycles)
Tue May 20 02:56:28 CEST 2014: 31: Solution found.
Tue May 20 02:56:28 CEST 2014: 32: finished (1ms, 0cycles)
Tue May 20 02:56:28 CEST 2014: 32: Solution found.
Tue May 20 02:56:28 CEST 2014: 33: finished (653ms, 60cycles)
Tue May 20 02:56:28 CEST 2014: 33: Solution found.
Tue May 20 02:56:29 CEST 2014: 34: finished (175ms, 16cycles)
Tue May 20 02:56:29 CEST 2014: 34: Solution found.
Tue May 20 02:56:29 CEST 2014: 35: finished (278ms, 27cycles)
Tue May 20 02:56:29 CEST 2014: 35: Solution found.
Tue May 20 02:56:30 CEST 2014: 36: finished (925ms, 84cycles)
Tue May 20 02:56:30 CEST 2014: 36: Solution found.
Tue May 20 02:56:31 CEST 2014: 37: finished (643ms, 56cycles)
Tue May 20 02:56:31 CEST 2014: 37: Solution found.
Tue May 20 02:56:31 CEST 2014: 38: finished (99ms, 11cycles)
Tue May 20 02:56:31 CEST 2014: 38: Solution found.
Tue May 20 02:56:32 CEST 2014: 39: finished (1229ms, 111cycles)
Tue May 20 02:56:32 CEST 2014: 39: Solution found.
Tue May 20 02:56:32 CEST 2014: 40: finished (27ms, 1cycles)
Tue May 20 02:56:32 CEST 2014: 40: Solution found.
Tue May 20 02:56:32 CEST 2014: 41: finished (253ms, 22cycles)
Tue May 20 02:56:32 CEST 2014: 41: Solution found.
Tue May 20 02:56:33 CEST 2014: 42: finished (380ms, 37cycles)
Tue May 20 02:56:33 CEST 2014: 42: Solution found.
Tue May 20 02:56:33 CEST 2014: 43: finished (262ms, 21cycles)
Tue May 20 02:56:33 CEST 2014: 43: Solution found.
Tue May 20 02:56:33 CEST 2014: 44: finished (162ms, 16cycles)
Tue May 20 02:56:33 CEST 2014: 44: Solution found.
Tue May 20 02:56:33 CEST 2014: 45: finished (31ms, 6cycles)
Tue May 20 02:56:33 CEST 2014: 45: Solution found.
Tue May 20 02:56:34 CEST 2014: 46: finished (339ms, 31cycles)
Tue May 20 02:56:34 CEST 2014: 46: Solution found.
Tue May 20 02:56:34 CEST 2014: 47: finished (795ms, 60cycles)
Tue May 20 02:56:34 CEST 2014: 47: Solution found.
Tue May 20 02:56:35 CEST 2014: 48: finished (325ms, 24cycles)
Tue May 20 02:56:35 CEST 2014: 48: Solution found.
Tue May 20 02:56:36 CEST 2014: 49: finished (1518ms, 137cycles)
Tue May 20 02:56:36 CEST 2014: 49: Solution found.
Tue May 20 02:56:37 CEST 2014: 50: finished (249ms, 22cycles)
Tue May 20 02:56:37 CEST 2014: 50: Solution found.
Tue May 20 02:56:37 CEST 2014: 51: finished (522ms, 46cycles)
Tue May 20 02:56:37 CEST 2014: 51: Solution found.
Tue May 20 02:56:39 CEST 2014: 52: finished (1977ms, 184cycles)
Tue May 20 02:56:39 CEST 2014: 52: Solution found.
Tue May 20 02:56:39 CEST 2014: 53: finished (420ms, 39cycles)
Tue May 20 02:56:39 CEST 2014: 53: Solution found.
Tue May 20 02:56:41 CEST 2014: 54: finished (1054ms, 92cycles)
Tue May 20 02:56:41 CEST 2014: 54: Solution found.
Tue May 20 02:56:41 CEST 2014: 55: finished (857ms, 80cycles)
Tue May 20 02:56:41 CEST 2014: 55: Solution found.
Tue May 20 02:56:41 CEST 2014: 56: finished (16ms, 2cycles)
Tue May 20 02:56:41 CEST 2014: 56: Solution found.
Tue May 20 02:56:45 CEST 2014: 57: finished (3548ms, 333cycles)
Tue May 20 02:56:45 CEST 2014: 57: Solution found.
Tue May 20 02:56:45 CEST 2014: 58: finished (175ms, 16cycles)
Tue May 20 02:56:45 CEST 2014: 58: Solution found.
Tue May 20 02:56:46 CEST 2014: 59: finished (536ms, 46cycles)
Tue May 20 02:56:46 CEST 2014: 59: Solution found.
Tue May 20 02:56:50 CEST 2014: 60: finished (4503ms, 428cycles)
Tue May 20 02:56:50 CEST 2014: 60: Solution found.
Tue May 20 02:56:51 CEST 2014: 61: finished (248ms, 23cycles)
Tue May 20 02:56:51 CEST 2014: 61: Solution found.
Tue May 20 02:56:51 CEST 2014: 62: finished (526ms, 53cycles)
Tue May 20 02:56:51 CEST 2014: 62: Solution found.
Tue May 20 02:56:51 CEST 2014: 63: finished (347ms, 32cycles)
Tue May 20 02:56:51 CEST 2014: 63: Solution found.
Tue May 20 02:56:53 CEST 2014: 64: finished (1243ms, 108cycles)
Tue May 20 02:56:53 CEST 2014: 64: Solution found.
Tue May 20 02:56:53 CEST 2014: 65: finished (209ms, 17cycles)
Tue May 20 02:56:53 CEST 2014: 65: Solution found.
Tue May 20 02:56:53 CEST 2014: 66: finished (418ms, 41cycles)
Tue May 20 02:56:53 CEST 2014: 66: Solution found.
Tue May 20 02:56:55 CEST 2014: 67: finished (1153ms, 97cycles)
Tue May 20 02:56:55 CEST 2014: 67: Solution found.
Tue May 20 02:56:57 CEST 2014: 68: finished (2252ms, 209cycles)
Tue May 20 02:56:57 CEST 2014: 68: Solution found.
Tue May 20 02:56:57 CEST 2014: 69: finished (226ms, 21cycles)
Tue May 20 02:56:57 CEST 2014: 69: Solution found.
Tue May 20 02:56:57 CEST 2014: 70: finished (300ms, 29cycles)
Tue May 20 02:56:57 CEST 2014: 70: Solution found.
Tue May 20 02:56:57 CEST 2014: 71: finished (57ms, 6cycles)
Tue May 20 02:56:57 CEST 2014: 71: Solution found.
Tue May 20 02:56:58 CEST 2014: 72: finished (59ms, 5cycles)
Tue May 20 02:56:58 CEST 2014: 72: Solution found.
Tue May 20 02:56:59 CEST 2014: 73: finished (992ms, 89cycles)
Tue May 20 02:56:59 CEST 2014: 73: Solution found.
Tue May 20 02:56:59 CEST 2014: 74: finished (565ms, 51cycles)
Tue May 20 02:56:59 CEST 2014: 74: Solution found.
Tue May 20 02:56:59 CEST 2014: 75: finished (104ms, 10cycles)
Tue May 20 02:56:59 CEST 2014: 75: Solution found.
Tue May 20 02:57:00 CEST 2014: 76: finished (612ms, 56cycles)
Tue May 20 02:57:00 CEST 2014: 76: Solution found.
Tue May 20 02:57:00 CEST 2014: 77: finished (68ms, 6cycles)
Tue May 20 02:57:00 CEST 2014: 77: Solution found.
Tue May 20 02:57:01 CEST 2014: 78: finished (663ms, 66cycles)
Tue May 20 02:57:01 CEST 2014: 78: Solution found.
Tue May 20 02:57:01 CEST 2014: 79: finished (86ms, 6cycles)
Tue May 20 02:57:01 CEST 2014: 79: Solution found.
Tue May 20 02:57:02 CEST 2014: 80: finished (1148ms, 108cycles)
Tue May 20 02:57:02 CEST 2014: 80: Solution found.
Tue May 20 02:57:02 CEST 2014: 81: finished (250ms, 22cycles)
Tue May 20 02:57:02 CEST 2014: 81: Solution found.
Tue May 20 02:57:02 CEST 2014: 82: finished (33ms, 3cycles)
Tue May 20 02:57:02 CEST 2014: 82: Solution found.
Tue May 20 02:57:03 CEST 2014: 83: finished (260ms, 23cycles)
Tue May 20 02:57:03 CEST 2014: 83: Solution found.
Tue May 20 02:57:03 CEST 2014: 84: finished (932ms, 86cycles)
Tue May 20 02:57:04 CEST 2014: 84: Solution found.
Tue May 20 02:57:04 CEST 2014: 85: finished (24ms, 2cycles)
Tue May 20 02:57:04 CEST 2014: 85: Solution found.
Tue May 20 02:57:06 CEST 2014: 86: finished (2143ms, 196cycles)
Tue May 20 02:57:06 CEST 2014: 86: Solution found.
Tue May 20 02:57:06 CEST 2014: 87: finished (26ms, 3cycles)
Tue May 20 02:57:06 CEST 2014: 87: Solution found.
Tue May 20 02:57:07 CEST 2014: 88: finished (1175ms, 96cycles)
Tue May 20 02:57:07 CEST 2014: 88: Solution found.
Tue May 20 02:57:07 CEST 2014: 89: finished (1ms, 0cycles)
Tue May 20 02:57:07 CEST 2014: 89: Solution found.
Tue May 20 02:57:07 CEST 2014: 90: finished (73ms, 8cycles)
Tue May 20 02:57:07 CEST 2014: 90: Solution found.
Tue May 20 02:57:08 CEST 2014: 91: finished (770ms, 64cycles)
Tue May 20 02:57:08 CEST 2014: 91: Solution found.
Tue May 20 02:57:08 CEST 2014: 92: finished (457ms, 35cycles)
Tue May 20 02:57:08 CEST 2014: 92: Solution found.
Tue May 20 02:57:08 CEST 2014: 93: finished (2ms, 0cycles)
Tue May 20 02:57:08 CEST 2014: 93: Solution found.
Tue May 20 02:57:09 CEST 2014: 94: finished (407ms, 34cycles)
Tue May 20 02:57:09 CEST 2014: 94: Solution found.
Tue May 20 02:57:09 CEST 2014: 95: finished (1ms, 0cycles)
Tue May 20 02:57:09 CEST 2014: 95: Solution found.
Tue May 20 02:57:10 CEST 2014: 96: finished (1212ms, 113cycles)
Tue May 20 02:57:10 CEST 2014: 96: Solution found.
Tue May 20 02:57:10 CEST 2014: 97: finished (351ms, 32cycles)
Tue May 20 02:57:10 CEST 2014: 97: Solution found.
Tue May 20 02:57:11 CEST 2014: 98: finished (332ms, 29cycles)
Tue May 20 02:57:11 CEST 2014: 98: Solution found.
Tue May 20 02:57:12 CEST 2014: 99: finished (825ms, 82cycles)
Tue May 20 02:57:12 CEST 2014: 99: Solution found.
Tue May 20 02:57:12 CEST 2014: Solution Found: 100
Tue May 20 02:57:12 CEST 2014: Avg cycles: 59
Tue May 20 02:57:12 CEST 2014: Max cycles: 428
Tue May 20 02:57:12 CEST 2014: Min cycles: 0
Tue May 20 02:57:12 CEST 2014: No solution found: 0
Tue May 20 02:57:12 CEST 2014: logging finished. (runtime: 66915ms)
