Tue Dec 31 12:16:29 CET 2013: Problem Count: 200
Tue Dec 31 12:16:29 CET 2013: CandidatesCount: 150
Tue Dec 31 12:16:29 CET 2013: Max Cycles: 500
Tue Dec 31 12:16:31 CET 2013: 0: finished (1553ms, 45cycles)
Tue Dec 31 12:16:31 CET 2013: 0: Solution found.
Tue Dec 31 12:16:31 CET 2013: 1: finished (382ms, 12cycles)
Tue Dec 31 12:16:31 CET 2013: 1: Solution found.
Tue Dec 31 12:16:31 CET 2013: 2: finished (306ms, 10cycles)
Tue Dec 31 12:16:31 CET 2013: 2: Solution found.
Tue Dec 31 12:16:46 CET 2013: 3: finished (14941ms, 500cycles)
Tue Dec 31 12:16:46 CET 2013: 3: No solution found.
Tue Dec 31 12:16:47 CET 2013: 4: finished (487ms, 15cycles)
Tue Dec 31 12:16:47 CET 2013: 4: Solution found.
Tue Dec 31 12:16:47 CET 2013: 5: finished (701ms, 21cycles)
Tue Dec 31 12:16:47 CET 2013: 5: Solution found.
Tue Dec 31 12:16:48 CET 2013: 6: finished (88ms, 2cycles)
Tue Dec 31 12:16:48 CET 2013: 6: Solution found.
Tue Dec 31 12:16:48 CET 2013: 7: finished (727ms, 23cycles)
Tue Dec 31 12:16:48 CET 2013: 7: Solution found.
Tue Dec 31 12:16:49 CET 2013: 8: finished (670ms, 22cycles)
Tue Dec 31 12:16:49 CET 2013: 8: Solution found.
Tue Dec 31 12:16:49 CET 2013: 9: finished (388ms, 12cycles)
Tue Dec 31 12:16:49 CET 2013: 9: Solution found.
Tue Dec 31 12:16:50 CET 2013: 10: finished (751ms, 23cycles)
Tue Dec 31 12:16:50 CET 2013: 10: Solution found.
Tue Dec 31 12:16:51 CET 2013: 11: finished (547ms, 18cycles)
Tue Dec 31 12:16:51 CET 2013: 11: Solution found.
Tue Dec 31 12:16:51 CET 2013: 12: finished (708ms, 19cycles)
Tue Dec 31 12:16:51 CET 2013: 12: Solution found.
Tue Dec 31 12:16:52 CET 2013: 13: finished (303ms, 9cycles)
Tue Dec 31 12:16:52 CET 2013: 13: Solution found.
Tue Dec 31 12:16:52 CET 2013: 14: finished (120ms, 3cycles)
Tue Dec 31 12:16:52 CET 2013: 14: Solution found.
Tue Dec 31 12:16:52 CET 2013: 15: finished (393ms, 12cycles)
Tue Dec 31 12:16:52 CET 2013: 15: Solution found.
Tue Dec 31 12:16:53 CET 2013: 16: finished (1319ms, 45cycles)
Tue Dec 31 12:16:53 CET 2013: 16: Solution found.
Tue Dec 31 12:16:54 CET 2013: 17: finished (802ms, 25cycles)
Tue Dec 31 12:16:54 CET 2013: 17: Solution found.
Tue Dec 31 12:16:55 CET 2013: 18: finished (694ms, 23cycles)
Tue Dec 31 12:16:55 CET 2013: 18: Solution found.
Tue Dec 31 12:16:55 CET 2013: 19: finished (331ms, 11cycles)
Tue Dec 31 12:16:55 CET 2013: 19: Solution found.
Tue Dec 31 12:16:56 CET 2013: 20: finished (282ms, 9cycles)
Tue Dec 31 12:16:56 CET 2013: 20: Solution found.
Tue Dec 31 12:16:56 CET 2013: 21: finished (326ms, 10cycles)
Tue Dec 31 12:16:56 CET 2013: 21: Solution found.
Tue Dec 31 12:16:57 CET 2013: 22: finished (1050ms, 37cycles)
Tue Dec 31 12:16:57 CET 2013: 22: Solution found.
Tue Dec 31 12:16:58 CET 2013: 23: finished (578ms, 19cycles)
Tue Dec 31 12:16:58 CET 2013: 23: Solution found.
Tue Dec 31 12:16:58 CET 2013: 24: finished (55ms, 1cycles)
Tue Dec 31 12:16:58 CET 2013: 24: Solution found.
Tue Dec 31 12:17:13 CET 2013: 25: finished (15792ms, 500cycles)
Tue Dec 31 12:17:13 CET 2013: 25: No solution found.
Tue Dec 31 12:17:14 CET 2013: 26: finished (426ms, 14cycles)
Tue Dec 31 12:17:14 CET 2013: 26: Solution found.
Tue Dec 31 12:17:14 CET 2013: 27: finished (184ms, 5cycles)
Tue Dec 31 12:17:14 CET 2013: 27: Solution found.
Tue Dec 31 12:17:14 CET 2013: 28: finished (406ms, 13cycles)
Tue Dec 31 12:17:14 CET 2013: 28: Solution found.
Tue Dec 31 12:17:15 CET 2013: 29: finished (380ms, 12cycles)
Tue Dec 31 12:17:15 CET 2013: 29: Solution found.
Tue Dec 31 12:17:29 CET 2013: 30: finished (13741ms, 500cycles)
Tue Dec 31 12:17:29 CET 2013: 30: No solution found.
Tue Dec 31 12:17:29 CET 2013: 31: finished (458ms, 15cycles)
Tue Dec 31 12:17:29 CET 2013: 31: Solution found.
Tue Dec 31 12:17:29 CET 2013: 32: finished (145ms, 4cycles)
Tue Dec 31 12:17:29 CET 2013: 32: Solution found.
Tue Dec 31 12:17:30 CET 2013: 33: finished (411ms, 13cycles)
Tue Dec 31 12:17:30 CET 2013: 33: Solution found.
Tue Dec 31 12:17:30 CET 2013: 34: finished (495ms, 16cycles)
Tue Dec 31 12:17:30 CET 2013: 34: Solution found.
Tue Dec 31 12:17:43 CET 2013: 35: finished (13433ms, 500cycles)
Tue Dec 31 12:17:43 CET 2013: 35: No solution found.
Tue Dec 31 12:17:44 CET 2013: 36: finished (189ms, 5cycles)
Tue Dec 31 12:17:44 CET 2013: 36: Solution found.
Tue Dec 31 12:17:44 CET 2013: 37: finished (707ms, 20cycles)
Tue Dec 31 12:17:44 CET 2013: 37: Solution found.
Tue Dec 31 12:17:44 CET 2013: 38: finished (66ms, 1cycles)
Tue Dec 31 12:17:44 CET 2013: 38: Solution found.
Tue Dec 31 12:17:45 CET 2013: 39: finished (682ms, 22cycles)
Tue Dec 31 12:17:45 CET 2013: 39: Solution found.
Tue Dec 31 12:17:45 CET 2013: 40: finished (317ms, 10cycles)
Tue Dec 31 12:17:45 CET 2013: 40: Solution found.
Tue Dec 31 12:17:46 CET 2013: 41: finished (318ms, 10cycles)
Tue Dec 31 12:17:46 CET 2013: 41: Solution found.
Tue Dec 31 12:18:01 CET 2013: 42: finished (14751ms, 500cycles)
Tue Dec 31 12:18:01 CET 2013: 42: No solution found.
Tue Dec 31 12:18:01 CET 2013: 43: finished (281ms, 8cycles)
Tue Dec 31 12:18:01 CET 2013: 43: Solution found.
Tue Dec 31 12:18:16 CET 2013: 44: finished (15227ms, 500cycles)
Tue Dec 31 12:18:16 CET 2013: 44: No solution found.
Tue Dec 31 12:18:16 CET 2013: 45: finished (374ms, 11cycles)
Tue Dec 31 12:18:16 CET 2013: 45: Solution found.
Tue Dec 31 12:18:17 CET 2013: 46: finished (427ms, 12cycles)
Tue Dec 31 12:18:17 CET 2013: 46: Solution found.
Tue Dec 31 12:18:17 CET 2013: 47: finished (339ms, 10cycles)
Tue Dec 31 12:18:17 CET 2013: 47: Solution found.
Tue Dec 31 12:18:17 CET 2013: 48: finished (245ms, 7cycles)
Tue Dec 31 12:18:17 CET 2013: 48: Solution found.
Tue Dec 31 12:18:18 CET 2013: 49: finished (975ms, 28cycles)
Tue Dec 31 12:18:18 CET 2013: 49: Solution found.
Tue Dec 31 12:18:19 CET 2013: 50: finished (577ms, 16cycles)
Tue Dec 31 12:18:19 CET 2013: 50: Solution found.
Tue Dec 31 12:18:20 CET 2013: 51: finished (566ms, 17cycles)
Tue Dec 31 12:18:20 CET 2013: 51: Solution found.
Tue Dec 31 12:18:20 CET 2013: 52: finished (301ms, 8cycles)
Tue Dec 31 12:18:20 CET 2013: 52: Solution found.
Tue Dec 31 12:18:20 CET 2013: 53: finished (377ms, 11cycles)
Tue Dec 31 12:18:20 CET 2013: 53: Solution found.
Tue Dec 31 12:18:21 CET 2013: 54: finished (307ms, 9cycles)
Tue Dec 31 12:18:21 CET 2013: 54: Solution found.
Tue Dec 31 12:18:21 CET 2013: 55: finished (357ms, 10cycles)
Tue Dec 31 12:18:21 CET 2013: 55: Solution found.
Tue Dec 31 12:18:22 CET 2013: 56: finished (908ms, 28cycles)
Tue Dec 31 12:18:22 CET 2013: 56: Solution found.
Tue Dec 31 12:18:22 CET 2013: 57: finished (228ms, 6cycles)
Tue Dec 31 12:18:22 CET 2013: 57: Solution found.
Tue Dec 31 12:18:23 CET 2013: 58: finished (784ms, 24cycles)
Tue Dec 31 12:18:23 CET 2013: 58: Solution found.
Tue Dec 31 12:18:23 CET 2013: 59: finished (158ms, 4cycles)
Tue Dec 31 12:18:23 CET 2013: 59: Solution found.
Tue Dec 31 12:18:39 CET 2013: 60: finished (15875ms, 500cycles)
Tue Dec 31 12:18:39 CET 2013: 60: No solution found.
Tue Dec 31 12:18:40 CET 2013: 61: finished (960ms, 31cycles)
Tue Dec 31 12:18:40 CET 2013: 61: Solution found.
Tue Dec 31 12:18:40 CET 2013: 62: finished (317ms, 10cycles)
Tue Dec 31 12:18:40 CET 2013: 62: Solution found.
Tue Dec 31 12:18:55 CET 2013: 63: finished (14580ms, 500cycles)
Tue Dec 31 12:18:55 CET 2013: 63: No solution found.
Tue Dec 31 12:18:55 CET 2013: 64: finished (381ms, 11cycles)
Tue Dec 31 12:18:55 CET 2013: 64: Solution found.
Tue Dec 31 12:19:11 CET 2013: 65: finished (16087ms, 500cycles)
Tue Dec 31 12:19:11 CET 2013: 65: No solution found.
Tue Dec 31 12:19:12 CET 2013: 66: finished (519ms, 16cycles)
Tue Dec 31 12:19:12 CET 2013: 66: Solution found.
Tue Dec 31 12:19:12 CET 2013: 67: finished (398ms, 12cycles)
Tue Dec 31 12:19:12 CET 2013: 67: Solution found.
Tue Dec 31 12:19:12 CET 2013: 68: finished (116ms, 3cycles)
Tue Dec 31 12:19:12 CET 2013: 68: Solution found.
Tue Dec 31 12:19:13 CET 2013: 69: finished (300ms, 10cycles)
Tue Dec 31 12:19:13 CET 2013: 69: Solution found.
Tue Dec 31 12:19:13 CET 2013: 70: finished (280ms, 8cycles)
Tue Dec 31 12:19:13 CET 2013: 70: Solution found.
Tue Dec 31 12:19:13 CET 2013: 71: finished (317ms, 10cycles)
Tue Dec 31 12:19:13 CET 2013: 71: Solution found.
Tue Dec 31 12:19:14 CET 2013: 72: finished (1102ms, 34cycles)
Tue Dec 31 12:19:14 CET 2013: 72: Solution found.
Tue Dec 31 12:19:14 CET 2013: 73: finished (287ms, 9cycles)
Tue Dec 31 12:19:14 CET 2013: 73: Solution found.
Tue Dec 31 12:19:15 CET 2013: 74: finished (581ms, 18cycles)
Tue Dec 31 12:19:15 CET 2013: 74: Solution found.
Tue Dec 31 12:19:15 CET 2013: 75: finished (210ms, 6cycles)
Tue Dec 31 12:19:15 CET 2013: 75: Solution found.
Tue Dec 31 12:19:16 CET 2013: 76: finished (452ms, 13cycles)
Tue Dec 31 12:19:16 CET 2013: 76: Solution found.
Tue Dec 31 12:19:16 CET 2013: 77: finished (286ms, 9cycles)
Tue Dec 31 12:19:16 CET 2013: 77: Solution found.
Tue Dec 31 12:19:16 CET 2013: 78: finished (295ms, 9cycles)
Tue Dec 31 12:19:16 CET 2013: 78: Solution found.
Tue Dec 31 12:19:17 CET 2013: 79: finished (576ms, 17cycles)
Tue Dec 31 12:19:17 CET 2013: 79: Solution found.
Tue Dec 31 12:19:17 CET 2013: 80: finished (261ms, 8cycles)
Tue Dec 31 12:19:17 CET 2013: 80: Solution found.
Tue Dec 31 12:19:18 CET 2013: 81: finished (675ms, 21cycles)
Tue Dec 31 12:19:18 CET 2013: 81: Solution found.
Tue Dec 31 12:19:18 CET 2013: 82: finished (449ms, 14cycles)
Tue Dec 31 12:19:18 CET 2013: 82: Solution found.
Tue Dec 31 12:19:18 CET 2013: 83: finished (128ms, 3cycles)
Tue Dec 31 12:19:18 CET 2013: 83: Solution found.
Tue Dec 31 12:19:18 CET 2013: 84: finished (56ms, 1cycles)
Tue Dec 31 12:19:18 CET 2013: 84: Solution found.
Tue Dec 31 12:19:19 CET 2013: 85: finished (178ms, 5cycles)
Tue Dec 31 12:19:19 CET 2013: 85: Solution found.
Tue Dec 31 12:19:19 CET 2013: 86: finished (466ms, 14cycles)
Tue Dec 31 12:19:19 CET 2013: 86: Solution found.
Tue Dec 31 12:19:19 CET 2013: 87: finished (182ms, 5cycles)
Tue Dec 31 12:19:19 CET 2013: 87: Solution found.
Tue Dec 31 12:19:20 CET 2013: 88: finished (743ms, 24cycles)
Tue Dec 31 12:19:20 CET 2013: 88: Solution found.
Tue Dec 31 12:19:21 CET 2013: 89: finished (1365ms, 43cycles)
Tue Dec 31 12:19:21 CET 2013: 89: Solution found.
Tue Dec 31 12:19:22 CET 2013: 90: finished (648ms, 21cycles)
Tue Dec 31 12:19:22 CET 2013: 90: Solution found.
Tue Dec 31 12:19:23 CET 2013: 91: finished (480ms, 15cycles)
Tue Dec 31 12:19:23 CET 2013: 91: Solution found.
Tue Dec 31 12:19:23 CET 2013: 92: finished (588ms, 19cycles)
Tue Dec 31 12:19:23 CET 2013: 92: Solution found.
Tue Dec 31 12:19:23 CET 2013: 93: finished (302ms, 9cycles)
Tue Dec 31 12:19:23 CET 2013: 93: Solution found.
Tue Dec 31 12:19:24 CET 2013: 94: finished (509ms, 16cycles)
Tue Dec 31 12:19:24 CET 2013: 94: Solution found.
Tue Dec 31 12:19:24 CET 2013: 95: finished (121ms, 3cycles)
Tue Dec 31 12:19:24 CET 2013: 95: Solution found.
Tue Dec 31 12:19:24 CET 2013: 96: finished (329ms, 10cycles)
Tue Dec 31 12:19:24 CET 2013: 96: Solution found.
Tue Dec 31 12:19:24 CET 2013: 97: finished (115ms, 3cycles)
Tue Dec 31 12:19:24 CET 2013: 97: Solution found.
Tue Dec 31 12:19:25 CET 2013: 98: finished (61ms, 1cycles)
Tue Dec 31 12:19:25 CET 2013: 98: Solution found.
Tue Dec 31 12:19:25 CET 2013: 99: finished (153ms, 4cycles)
Tue Dec 31 12:19:25 CET 2013: 99: Solution found.
Tue Dec 31 12:19:25 CET 2013: Solution Found: 91
Tue Dec 31 12:19:25 CET 2013: Avg cycles: 13
Tue Dec 31 12:19:25 CET 2013: Max cycles: 45
Tue Dec 31 12:19:25 CET 2013: Min cycles: 1
Tue Dec 31 12:19:25 CET 2013: No solution found: 9
Tue Dec 31 12:19:25 CET 2013: logging finished. (runtime: 175604ms)
