Tue Dec 31 12:19:25 CET 2013: Problem Count: 250
Tue Dec 31 12:19:25 CET 2013: CandidatesCount: 150
Tue Dec 31 12:19:25 CET 2013: Max Cycles: 500
Tue Dec 31 12:19:25 CET 2013: 0: finished (664ms, 14cycles)
Tue Dec 31 12:19:25 CET 2013: 0: Solution found.
Tue Dec 31 12:19:26 CET 2013: 1: finished (816ms, 15cycles)
Tue Dec 31 12:19:26 CET 2013: 1: Solution found.
Tue Dec 31 12:19:27 CET 2013: 2: finished (1060ms, 22cycles)
Tue Dec 31 12:19:27 CET 2013: 2: Solution found.
Tue Dec 31 12:19:28 CET 2013: 3: finished (1040ms, 20cycles)
Tue Dec 31 12:19:28 CET 2013: 3: Solution found.
Tue Dec 31 12:19:29 CET 2013: 4: finished (345ms, 7cycles)
Tue Dec 31 12:19:29 CET 2013: 4: Solution found.
Tue Dec 31 12:19:29 CET 2013: 5: finished (466ms, 9cycles)
Tue Dec 31 12:19:29 CET 2013: 5: Solution found.
Tue Dec 31 12:19:30 CET 2013: 6: finished (664ms, 14cycles)
Tue Dec 31 12:19:30 CET 2013: 6: Solution found.
Tue Dec 31 12:19:30 CET 2013: 7: finished (479ms, 9cycles)
Tue Dec 31 12:19:30 CET 2013: 7: Solution found.
Tue Dec 31 12:19:31 CET 2013: 8: finished (339ms, 6cycles)
Tue Dec 31 12:19:31 CET 2013: 8: Solution found.
Tue Dec 31 12:19:31 CET 2013: 9: finished (313ms, 6cycles)
Tue Dec 31 12:19:31 CET 2013: 9: Solution found.
Tue Dec 31 12:19:31 CET 2013: 10: finished (424ms, 8cycles)
Tue Dec 31 12:19:31 CET 2013: 10: Solution found.
Tue Dec 31 12:19:32 CET 2013: 11: finished (413ms, 8cycles)
Tue Dec 31 12:19:32 CET 2013: 11: Solution found.
Tue Dec 31 12:19:33 CET 2013: 12: finished (991ms, 21cycles)
Tue Dec 31 12:19:33 CET 2013: 12: Solution found.
Tue Dec 31 12:19:33 CET 2013: 13: finished (656ms, 13cycles)
Tue Dec 31 12:19:33 CET 2013: 13: Solution found.
Tue Dec 31 12:19:34 CET 2013: 14: finished (935ms, 18cycles)
Tue Dec 31 12:19:34 CET 2013: 14: Solution found.
Tue Dec 31 12:19:35 CET 2013: 15: finished (601ms, 12cycles)
Tue Dec 31 12:19:35 CET 2013: 15: Solution found.
Tue Dec 31 12:19:36 CET 2013: 16: finished (619ms, 12cycles)
Tue Dec 31 12:19:36 CET 2013: 16: Solution found.
Tue Dec 31 12:19:37 CET 2013: 17: finished (1042ms, 20cycles)
Tue Dec 31 12:19:37 CET 2013: 17: Solution found.
Tue Dec 31 12:19:37 CET 2013: 18: finished (433ms, 9cycles)
Tue Dec 31 12:19:37 CET 2013: 18: Solution found.
Tue Dec 31 12:19:38 CET 2013: 19: finished (972ms, 21cycles)
Tue Dec 31 12:19:38 CET 2013: 19: Solution found.
Tue Dec 31 12:19:40 CET 2013: 20: finished (1585ms, 35cycles)
Tue Dec 31 12:19:40 CET 2013: 20: Solution found.
Tue Dec 31 12:19:40 CET 2013: 21: finished (268ms, 5cycles)
Tue Dec 31 12:19:40 CET 2013: 21: Solution found.
Tue Dec 31 12:19:41 CET 2013: 22: finished (702ms, 15cycles)
Tue Dec 31 12:19:41 CET 2013: 22: Solution found.
Tue Dec 31 12:19:41 CET 2013: 23: finished (540ms, 11cycles)
Tue Dec 31 12:19:41 CET 2013: 23: Solution found.
Tue Dec 31 12:19:42 CET 2013: 24: finished (645ms, 14cycles)
Tue Dec 31 12:19:42 CET 2013: 24: Solution found.
Tue Dec 31 12:19:42 CET 2013: 25: finished (604ms, 13cycles)
Tue Dec 31 12:19:42 CET 2013: 25: Solution found.
Tue Dec 31 12:19:43 CET 2013: 26: finished (687ms, 14cycles)
Tue Dec 31 12:19:43 CET 2013: 26: Solution found.
Tue Dec 31 12:19:44 CET 2013: 27: finished (497ms, 10cycles)
Tue Dec 31 12:19:44 CET 2013: 27: Solution found.
Tue Dec 31 12:19:44 CET 2013: 28: finished (316ms, 6cycles)
Tue Dec 31 12:19:44 CET 2013: 28: Solution found.
Tue Dec 31 12:19:45 CET 2013: 29: finished (869ms, 18cycles)
Tue Dec 31 12:19:45 CET 2013: 29: Solution found.
Tue Dec 31 12:19:45 CET 2013: 30: finished (232ms, 4cycles)
Tue Dec 31 12:19:45 CET 2013: 30: Solution found.
Tue Dec 31 12:19:46 CET 2013: 31: finished (680ms, 14cycles)
Tue Dec 31 12:19:46 CET 2013: 31: Solution found.
Tue Dec 31 12:19:46 CET 2013: 32: finished (731ms, 15cycles)
Tue Dec 31 12:19:46 CET 2013: 32: Solution found.
Tue Dec 31 12:19:47 CET 2013: 33: finished (658ms, 14cycles)
Tue Dec 31 12:19:47 CET 2013: 33: Solution found.
Tue Dec 31 12:19:48 CET 2013: 34: finished (706ms, 15cycles)
Tue Dec 31 12:19:48 CET 2013: 34: Solution found.
Tue Dec 31 12:19:48 CET 2013: 35: finished (525ms, 11cycles)
Tue Dec 31 12:19:48 CET 2013: 35: Solution found.
Tue Dec 31 12:19:49 CET 2013: 36: finished (346ms, 7cycles)
Tue Dec 31 12:19:49 CET 2013: 36: Solution found.
Tue Dec 31 12:19:49 CET 2013: 37: finished (656ms, 13cycles)
Tue Dec 31 12:19:49 CET 2013: 37: Solution found.
Tue Dec 31 12:19:50 CET 2013: 38: finished (634ms, 13cycles)
Tue Dec 31 12:19:50 CET 2013: 38: Solution found.
Tue Dec 31 12:19:50 CET 2013: 39: finished (193ms, 3cycles)
Tue Dec 31 12:19:50 CET 2013: 39: Solution found.
Tue Dec 31 12:19:51 CET 2013: 40: finished (826ms, 17cycles)
Tue Dec 31 12:19:51 CET 2013: 40: Solution found.
Tue Dec 31 12:19:53 CET 2013: 41: finished (1888ms, 42cycles)
Tue Dec 31 12:19:53 CET 2013: 41: Solution found.
Tue Dec 31 12:19:53 CET 2013: 42: finished (442ms, 9cycles)
Tue Dec 31 12:19:53 CET 2013: 42: Solution found.
Tue Dec 31 12:19:54 CET 2013: 43: finished (390ms, 8cycles)
Tue Dec 31 12:19:54 CET 2013: 43: Solution found.
Tue Dec 31 12:19:54 CET 2013: 44: finished (813ms, 17cycles)
Tue Dec 31 12:19:54 CET 2013: 44: Solution found.
Tue Dec 31 12:19:55 CET 2013: 45: finished (1049ms, 23cycles)
Tue Dec 31 12:19:55 CET 2013: 45: Solution found.
Tue Dec 31 12:19:56 CET 2013: 46: finished (435ms, 9cycles)
Tue Dec 31 12:19:56 CET 2013: 46: Solution found.
Tue Dec 31 12:19:56 CET 2013: 47: finished (415ms, 8cycles)
Tue Dec 31 12:19:56 CET 2013: 47: Solution found.
Tue Dec 31 12:19:58 CET 2013: 48: finished (1474ms, 30cycles)
Tue Dec 31 12:19:58 CET 2013: 48: Solution found.
Tue Dec 31 12:19:58 CET 2013: 49: finished (651ms, 14cycles)
Tue Dec 31 12:19:58 CET 2013: 49: Solution found.
Tue Dec 31 12:19:59 CET 2013: 50: finished (910ms, 19cycles)
Tue Dec 31 12:19:59 CET 2013: 50: Solution found.
Tue Dec 31 12:20:00 CET 2013: 51: finished (273ms, 5cycles)
Tue Dec 31 12:20:00 CET 2013: 51: Solution found.
Tue Dec 31 12:20:00 CET 2013: 52: finished (617ms, 13cycles)
Tue Dec 31 12:20:00 CET 2013: 52: Solution found.
Tue Dec 31 12:20:03 CET 2013: 53: finished (2925ms, 62cycles)
Tue Dec 31 12:20:03 CET 2013: 53: Solution found.
Tue Dec 31 12:20:04 CET 2013: 54: finished (826ms, 18cycles)
Tue Dec 31 12:20:04 CET 2013: 54: Solution found.
Tue Dec 31 12:20:05 CET 2013: 55: finished (770ms, 17cycles)
Tue Dec 31 12:20:05 CET 2013: 55: Solution found.
Tue Dec 31 12:20:06 CET 2013: 56: finished (1189ms, 27cycles)
Tue Dec 31 12:20:06 CET 2013: 56: Solution found.
Tue Dec 31 12:20:07 CET 2013: 57: finished (983ms, 21cycles)
Tue Dec 31 12:20:07 CET 2013: 57: Solution found.
Tue Dec 31 12:20:09 CET 2013: 58: finished (1908ms, 40cycles)
Tue Dec 31 12:20:09 CET 2013: 58: Solution found.
Tue Dec 31 12:20:09 CET 2013: 59: finished (368ms, 7cycles)
Tue Dec 31 12:20:09 CET 2013: 59: Solution found.
Tue Dec 31 12:20:10 CET 2013: 60: finished (420ms, 8cycles)
Tue Dec 31 12:20:10 CET 2013: 60: Solution found.
Tue Dec 31 12:20:10 CET 2013: 61: finished (653ms, 13cycles)
Tue Dec 31 12:20:10 CET 2013: 61: Solution found.
Tue Dec 31 12:20:11 CET 2013: 62: finished (860ms, 18cycles)
Tue Dec 31 12:20:11 CET 2013: 62: Solution found.
Tue Dec 31 12:20:32 CET 2013: 63: finished (21276ms, 500cycles)
Tue Dec 31 12:20:32 CET 2013: 63: No solution found.
Tue Dec 31 12:20:33 CET 2013: 64: finished (1027ms, 22cycles)
Tue Dec 31 12:20:33 CET 2013: 64: Solution found.
Tue Dec 31 12:20:35 CET 2013: 65: finished (1269ms, 27cycles)
Tue Dec 31 12:20:35 CET 2013: 65: Solution found.
Tue Dec 31 12:20:36 CET 2013: 66: finished (1047ms, 22cycles)
Tue Dec 31 12:20:36 CET 2013: 66: Solution found.
Tue Dec 31 12:20:37 CET 2013: 67: finished (1562ms, 35cycles)
Tue Dec 31 12:20:37 CET 2013: 67: Solution found.
Tue Dec 31 12:20:38 CET 2013: 68: finished (305ms, 6cycles)
Tue Dec 31 12:20:38 CET 2013: 68: Solution found.
Tue Dec 31 12:20:38 CET 2013: 69: finished (327ms, 7cycles)
Tue Dec 31 12:20:38 CET 2013: 69: Solution found.
Tue Dec 31 12:20:38 CET 2013: 70: finished (348ms, 7cycles)
Tue Dec 31 12:20:38 CET 2013: 70: Solution found.
Tue Dec 31 12:20:39 CET 2013: 71: finished (698ms, 15cycles)
Tue Dec 31 12:20:39 CET 2013: 71: Solution found.
Tue Dec 31 12:20:39 CET 2013: 72: finished (304ms, 6cycles)
Tue Dec 31 12:20:39 CET 2013: 72: Solution found.
Tue Dec 31 12:20:40 CET 2013: 73: finished (347ms, 7cycles)
Tue Dec 31 12:20:40 CET 2013: 73: Solution found.
Tue Dec 31 12:20:40 CET 2013: 74: finished (723ms, 16cycles)
Tue Dec 31 12:20:40 CET 2013: 74: Solution found.
Tue Dec 31 12:20:41 CET 2013: 75: finished (1037ms, 23cycles)
Tue Dec 31 12:20:41 CET 2013: 75: Solution found.
Tue Dec 31 12:20:43 CET 2013: 76: finished (1455ms, 31cycles)
Tue Dec 31 12:20:43 CET 2013: 76: Solution found.
Tue Dec 31 12:20:43 CET 2013: 77: finished (356ms, 7cycles)
Tue Dec 31 12:20:43 CET 2013: 77: Solution found.
Tue Dec 31 12:20:44 CET 2013: 78: finished (394ms, 8cycles)
Tue Dec 31 12:20:44 CET 2013: 78: Solution found.
Tue Dec 31 12:20:44 CET 2013: 79: finished (521ms, 11cycles)
Tue Dec 31 12:20:44 CET 2013: 79: Solution found.
Tue Dec 31 12:20:45 CET 2013: 80: finished (774ms, 16cycles)
Tue Dec 31 12:20:45 CET 2013: 80: Solution found.
Tue Dec 31 12:20:46 CET 2013: 81: finished (625ms, 12cycles)
Tue Dec 31 12:20:46 CET 2013: 81: Solution found.
Tue Dec 31 12:20:46 CET 2013: 82: finished (623ms, 12cycles)
Tue Dec 31 12:20:46 CET 2013: 82: Solution found.
Tue Dec 31 12:20:47 CET 2013: 83: finished (526ms, 10cycles)
Tue Dec 31 12:20:47 CET 2013: 83: Solution found.
Tue Dec 31 12:20:47 CET 2013: 84: finished (700ms, 13cycles)
Tue Dec 31 12:20:47 CET 2013: 84: Solution found.
Tue Dec 31 12:21:10 CET 2013: 85: finished (22822ms, 500cycles)
Tue Dec 31 12:21:10 CET 2013: 85: No solution found.
Tue Dec 31 12:21:11 CET 2013: 86: finished (465ms, 10cycles)
Tue Dec 31 12:21:11 CET 2013: 86: Solution found.
Tue Dec 31 12:21:11 CET 2013: 87: finished (782ms, 18cycles)
Tue Dec 31 12:21:11 CET 2013: 87: Solution found.
Tue Dec 31 12:21:13 CET 2013: 88: finished (1038ms, 22cycles)
Tue Dec 31 12:21:13 CET 2013: 88: Solution found.
Tue Dec 31 12:21:14 CET 2013: 89: finished (1175ms, 27cycles)
Tue Dec 31 12:21:14 CET 2013: 89: Solution found.
Tue Dec 31 12:21:14 CET 2013: 90: finished (258ms, 5cycles)
Tue Dec 31 12:21:14 CET 2013: 90: Solution found.
Tue Dec 31 12:21:14 CET 2013: 91: finished (418ms, 9cycles)
Tue Dec 31 12:21:14 CET 2013: 91: Solution found.
Tue Dec 31 12:21:15 CET 2013: 92: finished (946ms, 20cycles)
Tue Dec 31 12:21:15 CET 2013: 92: Solution found.
Tue Dec 31 12:21:16 CET 2013: 93: finished (854ms, 19cycles)
Tue Dec 31 12:21:16 CET 2013: 93: Solution found.
Tue Dec 31 12:21:17 CET 2013: 94: finished (803ms, 18cycles)
Tue Dec 31 12:21:17 CET 2013: 94: Solution found.
Tue Dec 31 12:21:17 CET 2013: 95: finished (265ms, 5cycles)
Tue Dec 31 12:21:17 CET 2013: 95: Solution found.
Tue Dec 31 12:21:17 CET 2013: 96: finished (88ms, 1cycles)
Tue Dec 31 12:21:17 CET 2013: 96: Solution found.
Tue Dec 31 12:21:18 CET 2013: 97: finished (513ms, 11cycles)
Tue Dec 31 12:21:18 CET 2013: 97: Solution found.
Tue Dec 31 12:21:18 CET 2013: 98: finished (294ms, 6cycles)
Tue Dec 31 12:21:18 CET 2013: 98: Solution found.
Tue Dec 31 12:21:19 CET 2013: 99: finished (911ms, 18cycles)
Tue Dec 31 12:21:19 CET 2013: 99: Solution found.
Tue Dec 31 12:21:19 CET 2013: Solution Found: 98
Tue Dec 31 12:21:19 CET 2013: Avg cycles: 14
Tue Dec 31 12:21:19 CET 2013: Max cycles: 62
Tue Dec 31 12:21:19 CET 2013: Min cycles: 1
Tue Dec 31 12:21:19 CET 2013: No solution found: 2
Tue Dec 31 12:21:19 CET 2013: logging finished. (runtime: 114345ms)
