Tue Dec 31 11:59:15 CET 2013: Problem Count: 250
Tue Dec 31 11:59:15 CET 2013: CandidatesCount: 50
Tue Dec 31 11:59:15 CET 2013: Max Cycles: 500
Tue Dec 31 11:59:22 CET 2013: 0: finished (6417ms, 500cycles)
Tue Dec 31 11:59:22 CET 2013: 0: No solution found.
Tue Dec 31 11:59:29 CET 2013: 1: finished (7518ms, 500cycles)
Tue Dec 31 11:59:29 CET 2013: 1: No solution found.
Tue Dec 31 11:59:30 CET 2013: 2: finished (85ms, 5cycles)
Tue Dec 31 11:59:30 CET 2013: 2: Solution found.
Tue Dec 31 11:59:37 CET 2013: 3: finished (7059ms, 500cycles)
Tue Dec 31 11:59:37 CET 2013: 3: No solution found.
Tue Dec 31 11:59:44 CET 2013: 4: finished (7597ms, 500cycles)
Tue Dec 31 11:59:44 CET 2013: 4: No solution found.
Tue Dec 31 11:59:44 CET 2013: 5: finished (233ms, 14cycles)
Tue Dec 31 11:59:44 CET 2013: 5: Solution found.
Tue Dec 31 11:59:45 CET 2013: 6: finished (236ms, 15cycles)
Tue Dec 31 11:59:45 CET 2013: 6: Solution found.
Tue Dec 31 11:59:45 CET 2013: 7: finished (416ms, 27cycles)
Tue Dec 31 11:59:45 CET 2013: 7: Solution found.
Tue Dec 31 11:59:52 CET 2013: 8: finished (7254ms, 500cycles)
Tue Dec 31 11:59:52 CET 2013: 8: No solution found.
Tue Dec 31 11:59:59 CET 2013: 9: finished (7140ms, 500cycles)
Tue Dec 31 11:59:59 CET 2013: 9: No solution found.
Tue Dec 31 12:00:06 CET 2013: 10: finished (7050ms, 500cycles)
Tue Dec 31 12:00:06 CET 2013: 10: No solution found.
Tue Dec 31 12:00:07 CET 2013: 11: finished (359ms, 22cycles)
Tue Dec 31 12:00:07 CET 2013: 11: Solution found.
Tue Dec 31 12:00:14 CET 2013: 12: finished (7167ms, 500cycles)
Tue Dec 31 12:00:14 CET 2013: 12: No solution found.
Tue Dec 31 12:00:15 CET 2013: 13: finished (661ms, 35cycles)
Tue Dec 31 12:00:15 CET 2013: 13: Solution found.
Tue Dec 31 12:00:15 CET 2013: 14: finished (649ms, 40cycles)
Tue Dec 31 12:00:15 CET 2013: 14: Solution found.
Tue Dec 31 12:00:23 CET 2013: 15: finished (7269ms, 500cycles)
Tue Dec 31 12:00:23 CET 2013: 15: No solution found.
Tue Dec 31 12:00:29 CET 2013: 16: finished (6206ms, 500cycles)
Tue Dec 31 12:00:29 CET 2013: 16: No solution found.
Tue Dec 31 12:00:29 CET 2013: 17: finished (310ms, 20cycles)
Tue Dec 31 12:00:29 CET 2013: 17: Solution found.
Tue Dec 31 12:00:29 CET 2013: 18: finished (264ms, 18cycles)
Tue Dec 31 12:00:29 CET 2013: 18: Solution found.
Tue Dec 31 12:00:30 CET 2013: 19: finished (391ms, 27cycles)
Tue Dec 31 12:00:30 CET 2013: 19: Solution found.
Tue Dec 31 12:00:30 CET 2013: 20: finished (225ms, 15cycles)
Tue Dec 31 12:00:30 CET 2013: 20: Solution found.
Tue Dec 31 12:00:37 CET 2013: 21: finished (6913ms, 500cycles)
Tue Dec 31 12:00:37 CET 2013: 21: No solution found.
Tue Dec 31 12:00:46 CET 2013: 22: finished (8648ms, 500cycles)
Tue Dec 31 12:00:46 CET 2013: 22: No solution found.
Tue Dec 31 12:00:53 CET 2013: 23: finished (7459ms, 500cycles)
Tue Dec 31 12:00:53 CET 2013: 23: No solution found.
Tue Dec 31 12:00:53 CET 2013: 24: finished (233ms, 11cycles)
Tue Dec 31 12:00:53 CET 2013: 24: Solution found.
Tue Dec 31 12:00:54 CET 2013: 25: finished (415ms, 22cycles)
Tue Dec 31 12:00:54 CET 2013: 25: Solution found.
Tue Dec 31 12:01:01 CET 2013: 26: finished (7168ms, 500cycles)
Tue Dec 31 12:01:01 CET 2013: 26: No solution found.
Tue Dec 31 12:01:01 CET 2013: 27: finished (547ms, 34cycles)
Tue Dec 31 12:01:01 CET 2013: 27: Solution found.
Tue Dec 31 12:01:02 CET 2013: 28: finished (281ms, 16cycles)
Tue Dec 31 12:01:02 CET 2013: 28: Solution found.
Tue Dec 31 12:01:02 CET 2013: 29: finished (145ms, 9cycles)
Tue Dec 31 12:01:02 CET 2013: 29: Solution found.
Tue Dec 31 12:01:02 CET 2013: 30: finished (407ms, 26cycles)
Tue Dec 31 12:01:02 CET 2013: 30: Solution found.
Tue Dec 31 12:01:02 CET 2013: 31: finished (93ms, 5cycles)
Tue Dec 31 12:01:02 CET 2013: 31: Solution found.
Tue Dec 31 12:01:03 CET 2013: 32: finished (226ms, 12cycles)
Tue Dec 31 12:01:03 CET 2013: 32: Solution found.
Tue Dec 31 12:01:09 CET 2013: 33: finished (6782ms, 500cycles)
Tue Dec 31 12:01:09 CET 2013: 33: No solution found.
Tue Dec 31 12:01:09 CET 2013: 34: finished (43ms, 2cycles)
Tue Dec 31 12:01:09 CET 2013: 34: Solution found.
Tue Dec 31 12:01:10 CET 2013: 35: finished (442ms, 29cycles)
Tue Dec 31 12:01:10 CET 2013: 35: Solution found.
Tue Dec 31 12:01:10 CET 2013: 36: finished (290ms, 18cycles)
Tue Dec 31 12:01:10 CET 2013: 36: Solution found.
Tue Dec 31 12:01:17 CET 2013: 37: finished (6830ms, 500cycles)
Tue Dec 31 12:01:17 CET 2013: 37: No solution found.
Tue Dec 31 12:01:24 CET 2013: 38: finished (6801ms, 500cycles)
Tue Dec 31 12:01:24 CET 2013: 38: No solution found.
Tue Dec 31 12:01:24 CET 2013: 39: finished (359ms, 22cycles)
Tue Dec 31 12:01:24 CET 2013: 39: Solution found.
Tue Dec 31 12:01:24 CET 2013: 40: finished (168ms, 10cycles)
Tue Dec 31 12:01:24 CET 2013: 40: Solution found.
Tue Dec 31 12:01:24 CET 2013: 41: finished (182ms, 11cycles)
Tue Dec 31 12:01:24 CET 2013: 41: Solution found.
Tue Dec 31 12:01:25 CET 2013: 42: finished (180ms, 11cycles)
Tue Dec 31 12:01:25 CET 2013: 42: Solution found.
Tue Dec 31 12:01:25 CET 2013: 43: finished (208ms, 12cycles)
Tue Dec 31 12:01:25 CET 2013: 43: Solution found.
Tue Dec 31 12:01:25 CET 2013: 44: finished (47ms, 2cycles)
Tue Dec 31 12:01:25 CET 2013: 44: Solution found.
Tue Dec 31 12:01:25 CET 2013: 45: finished (111ms, 6cycles)
Tue Dec 31 12:01:25 CET 2013: 45: Solution found.
Tue Dec 31 12:01:32 CET 2013: 46: finished (7097ms, 500cycles)
Tue Dec 31 12:01:32 CET 2013: 46: No solution found.
Tue Dec 31 12:01:39 CET 2013: 47: finished (7041ms, 500cycles)
Tue Dec 31 12:01:39 CET 2013: 47: No solution found.
Tue Dec 31 12:01:47 CET 2013: 48: finished (7551ms, 500cycles)
Tue Dec 31 12:01:47 CET 2013: 48: No solution found.
Tue Dec 31 12:01:47 CET 2013: 49: finished (197ms, 12cycles)
Tue Dec 31 12:01:47 CET 2013: 49: Solution found.
Tue Dec 31 12:01:54 CET 2013: 50: finished (7158ms, 500cycles)
Tue Dec 31 12:01:54 CET 2013: 50: No solution found.
Tue Dec 31 12:01:55 CET 2013: 51: finished (618ms, 35cycles)
Tue Dec 31 12:01:55 CET 2013: 51: Solution found.
Tue Dec 31 12:01:55 CET 2013: 52: finished (441ms, 28cycles)
Tue Dec 31 12:01:55 CET 2013: 52: Solution found.
Tue Dec 31 12:01:55 CET 2013: 53: finished (165ms, 9cycles)
Tue Dec 31 12:01:55 CET 2013: 53: Solution found.
Tue Dec 31 12:01:56 CET 2013: 54: finished (275ms, 15cycles)
Tue Dec 31 12:01:56 CET 2013: 54: Solution found.
Tue Dec 31 12:02:03 CET 2013: 55: finished (7850ms, 500cycles)
Tue Dec 31 12:02:03 CET 2013: 55: No solution found.
Tue Dec 31 12:02:04 CET 2013: 56: finished (417ms, 25cycles)
Tue Dec 31 12:02:04 CET 2013: 56: Solution found.
Tue Dec 31 12:02:04 CET 2013: 57: finished (186ms, 10cycles)
Tue Dec 31 12:02:04 CET 2013: 57: Solution found.
Tue Dec 31 12:02:04 CET 2013: 58: finished (229ms, 12cycles)
Tue Dec 31 12:02:04 CET 2013: 58: Solution found.
Tue Dec 31 12:02:12 CET 2013: 59: finished (7671ms, 500cycles)
Tue Dec 31 12:02:12 CET 2013: 59: No solution found.
Tue Dec 31 12:02:19 CET 2013: 60: finished (7099ms, 500cycles)
Tue Dec 31 12:02:19 CET 2013: 60: No solution found.
Tue Dec 31 12:02:26 CET 2013: 61: finished (7170ms, 500cycles)
Tue Dec 31 12:02:26 CET 2013: 61: No solution found.
Tue Dec 31 12:02:26 CET 2013: 62: finished (132ms, 7cycles)
Tue Dec 31 12:02:26 CET 2013: 62: Solution found.
Tue Dec 31 12:02:26 CET 2013: 63: finished (191ms, 12cycles)
Tue Dec 31 12:02:26 CET 2013: 63: Solution found.
Tue Dec 31 12:02:27 CET 2013: 64: finished (138ms, 8cycles)
Tue Dec 31 12:02:27 CET 2013: 64: Solution found.
Tue Dec 31 12:02:27 CET 2013: 65: finished (338ms, 20cycles)
Tue Dec 31 12:02:27 CET 2013: 65: Solution found.
Tue Dec 31 12:02:34 CET 2013: 66: finished (7023ms, 500cycles)
Tue Dec 31 12:02:34 CET 2013: 66: No solution found.
Tue Dec 31 12:02:42 CET 2013: 67: finished (7682ms, 500cycles)
Tue Dec 31 12:02:42 CET 2013: 67: No solution found.
Tue Dec 31 12:02:42 CET 2013: 68: finished (182ms, 11cycles)
Tue Dec 31 12:02:42 CET 2013: 68: Solution found.
Tue Dec 31 12:02:49 CET 2013: 69: finished (7121ms, 500cycles)
Tue Dec 31 12:02:49 CET 2013: 69: No solution found.
Tue Dec 31 12:02:49 CET 2013: 70: finished (84ms, 4cycles)
Tue Dec 31 12:02:49 CET 2013: 70: Solution found.
Tue Dec 31 12:02:50 CET 2013: 71: finished (540ms, 34cycles)
Tue Dec 31 12:02:50 CET 2013: 71: Solution found.
Tue Dec 31 12:02:56 CET 2013: 72: finished (6878ms, 500cycles)
Tue Dec 31 12:02:56 CET 2013: 72: No solution found.
Tue Dec 31 12:02:57 CET 2013: 73: finished (122ms, 7cycles)
Tue Dec 31 12:02:57 CET 2013: 73: Solution found.
Tue Dec 31 12:03:04 CET 2013: 74: finished (7237ms, 500cycles)
Tue Dec 31 12:03:04 CET 2013: 74: No solution found.
Tue Dec 31 12:03:04 CET 2013: 75: finished (383ms, 25cycles)
Tue Dec 31 12:03:04 CET 2013: 75: Solution found.
Tue Dec 31 12:03:11 CET 2013: 76: finished (6809ms, 500cycles)
Tue Dec 31 12:03:11 CET 2013: 76: No solution found.
Tue Dec 31 12:03:18 CET 2013: 77: finished (7159ms, 500cycles)
Tue Dec 31 12:03:18 CET 2013: 77: No solution found.
Tue Dec 31 12:03:19 CET 2013: 78: finished (387ms, 22cycles)
Tue Dec 31 12:03:19 CET 2013: 78: Solution found.
Tue Dec 31 12:03:19 CET 2013: 79: finished (309ms, 17cycles)
Tue Dec 31 12:03:19 CET 2013: 79: Solution found.
Tue Dec 31 12:03:27 CET 2013: 80: finished (8206ms, 500cycles)
Tue Dec 31 12:03:27 CET 2013: 80: No solution found.
Tue Dec 31 12:03:34 CET 2013: 81: finished (7150ms, 500cycles)
Tue Dec 31 12:03:34 CET 2013: 81: No solution found.
Tue Dec 31 12:03:42 CET 2013: 82: finished (7795ms, 500cycles)
Tue Dec 31 12:03:42 CET 2013: 82: No solution found.
Tue Dec 31 12:03:42 CET 2013: 83: finished (63ms, 3cycles)
Tue Dec 31 12:03:42 CET 2013: 83: Solution found.
Tue Dec 31 12:03:42 CET 2013: 84: finished (348ms, 23cycles)
Tue Dec 31 12:03:42 CET 2013: 84: Solution found.
Tue Dec 31 12:03:50 CET 2013: 85: finished (7357ms, 500cycles)
Tue Dec 31 12:03:50 CET 2013: 85: No solution found.
Tue Dec 31 12:03:50 CET 2013: 86: finished (255ms, 15cycles)
Tue Dec 31 12:03:50 CET 2013: 86: Solution found.
Tue Dec 31 12:03:51 CET 2013: 87: finished (605ms, 37cycles)
Tue Dec 31 12:03:51 CET 2013: 87: Solution found.
Tue Dec 31 12:03:59 CET 2013: 88: finished (8210ms, 500cycles)
Tue Dec 31 12:03:59 CET 2013: 88: No solution found.
Tue Dec 31 12:03:59 CET 2013: 89: finished (162ms, 8cycles)
Tue Dec 31 12:03:59 CET 2013: 89: Solution found.
Tue Dec 31 12:04:07 CET 2013: 90: finished (7641ms, 500cycles)
Tue Dec 31 12:04:07 CET 2013: 90: No solution found.
Tue Dec 31 12:04:07 CET 2013: 91: finished (258ms, 15cycles)
Tue Dec 31 12:04:07 CET 2013: 91: Solution found.
Tue Dec 31 12:04:15 CET 2013: 92: finished (7766ms, 500cycles)
Tue Dec 31 12:04:15 CET 2013: 92: No solution found.
Tue Dec 31 12:04:20 CET 2013: 93: finished (5028ms, 305cycles)
Tue Dec 31 12:04:20 CET 2013: 93: Solution found.
Tue Dec 31 12:04:27 CET 2013: 94: finished (7327ms, 500cycles)
Tue Dec 31 12:04:27 CET 2013: 94: No solution found.
Tue Dec 31 12:04:27 CET 2013: 95: finished (191ms, 11cycles)
Tue Dec 31 12:04:27 CET 2013: 95: Solution found.
Tue Dec 31 12:04:28 CET 2013: 96: finished (794ms, 50cycles)
Tue Dec 31 12:04:28 CET 2013: 96: Solution found.
Tue Dec 31 12:04:36 CET 2013: 97: finished (8306ms, 500cycles)
Tue Dec 31 12:04:36 CET 2013: 97: No solution found.
Tue Dec 31 12:04:37 CET 2013: 98: finished (479ms, 24cycles)
Tue Dec 31 12:04:37 CET 2013: 98: Solution found.
Tue Dec 31 12:04:37 CET 2013: 99: finished (104ms, 5cycles)
Tue Dec 31 12:04:37 CET 2013: 99: Solution found.
Tue Dec 31 12:04:37 CET 2013: Solution Found: 59
Tue Dec 31 12:04:37 CET 2013: Avg cycles: 22
Tue Dec 31 12:04:37 CET 2013: Max cycles: 305
Tue Dec 31 12:04:37 CET 2013: Min cycles: 2
Tue Dec 31 12:04:37 CET 2013: No solution found: 41
Tue Dec 31 12:04:37 CET 2013: logging finished. (runtime: 321460ms)
