Thu Jan 02 01:21:49 CET 2014: Problem Count: 50
Thu Jan 02 01:21:49 CET 2014: CandidatesCount: 50
Thu Jan 02 01:21:49 CET 2014: Max Cycles: 500
Thu Jan 02 01:21:50 CET 2014: 0: finished (748ms, 500cycles)
Thu Jan 02 01:21:50 CET 2014: 0: No solution found.
Thu Jan 02 01:21:51 CET 2014: 1: finished (596ms, 500cycles)
Thu Jan 02 01:21:51 CET 2014: 1: No solution found.
Thu Jan 02 01:21:51 CET 2014: 2: finished (59ms, 39cycles)
Thu Jan 02 01:21:51 CET 2014: 2: Solution found.
Thu Jan 02 01:21:51 CET 2014: 3: finished (48ms, 39cycles)
Thu Jan 02 01:21:51 CET 2014: 3: Solution found.
Thu Jan 02 01:21:51 CET 2014: 4: finished (552ms, 500cycles)
Thu Jan 02 01:21:51 CET 2014: 4: No solution found.
Thu Jan 02 01:21:52 CET 2014: 5: finished (591ms, 500cycles)
Thu Jan 02 01:21:52 CET 2014: 5: No solution found.
Thu Jan 02 01:21:52 CET 2014: 6: finished (534ms, 500cycles)
Thu Jan 02 01:21:52 CET 2014: 6: No solution found.
Thu Jan 02 01:21:52 CET 2014: 7: finished (52ms, 41cycles)
Thu Jan 02 01:21:52 CET 2014: 7: Solution found.
Thu Jan 02 01:21:53 CET 2014: 8: finished (534ms, 500cycles)
Thu Jan 02 01:21:53 CET 2014: 8: No solution found.
Thu Jan 02 01:21:53 CET 2014: 9: finished (96ms, 75cycles)
Thu Jan 02 01:21:53 CET 2014: 9: Solution found.
Thu Jan 02 01:21:53 CET 2014: 10: finished (34ms, 20cycles)
Thu Jan 02 01:21:53 CET 2014: 10: Solution found.
Thu Jan 02 01:21:53 CET 2014: 11: finished (17ms, 13cycles)
Thu Jan 02 01:21:53 CET 2014: 11: Solution found.
Thu Jan 02 01:21:54 CET 2014: 12: finished (527ms, 500cycles)
Thu Jan 02 01:21:54 CET 2014: 12: No solution found.
Thu Jan 02 01:21:54 CET 2014: 13: finished (568ms, 500cycles)
Thu Jan 02 01:21:54 CET 2014: 13: No solution found.
Thu Jan 02 01:21:54 CET 2014: 14: finished (61ms, 31cycles)
Thu Jan 02 01:21:54 CET 2014: 14: Solution found.
Thu Jan 02 01:21:54 CET 2014: 15: finished (92ms, 38cycles)
Thu Jan 02 01:21:54 CET 2014: 15: Solution found.
Thu Jan 02 01:21:54 CET 2014: 16: finished (46ms, 22cycles)
Thu Jan 02 01:21:54 CET 2014: 16: Solution found.
Thu Jan 02 01:21:54 CET 2014: 17: finished (143ms, 93cycles)
Thu Jan 02 01:21:54 CET 2014: 17: Solution found.
Thu Jan 02 01:21:55 CET 2014: 18: finished (841ms, 500cycles)
Thu Jan 02 01:21:55 CET 2014: 18: No solution found.
Thu Jan 02 01:21:56 CET 2014: 19: finished (489ms, 500cycles)
Thu Jan 02 01:21:56 CET 2014: 19: No solution found.
Thu Jan 02 01:21:56 CET 2014: 20: finished (21ms, 18cycles)
Thu Jan 02 01:21:56 CET 2014: 20: Solution found.
Thu Jan 02 01:21:56 CET 2014: 21: finished (19ms, 15cycles)
Thu Jan 02 01:21:56 CET 2014: 21: Solution found.
Thu Jan 02 01:21:56 CET 2014: 22: finished (21ms, 13cycles)
Thu Jan 02 01:21:56 CET 2014: 22: Solution found.
Thu Jan 02 01:21:56 CET 2014: 23: finished (509ms, 500cycles)
Thu Jan 02 01:21:56 CET 2014: 23: No solution found.
Thu Jan 02 01:21:56 CET 2014: 24: finished (9ms, 6cycles)
Thu Jan 02 01:21:56 CET 2014: 24: Solution found.
Thu Jan 02 01:21:57 CET 2014: 25: finished (521ms, 500cycles)
Thu Jan 02 01:21:57 CET 2014: 25: No solution found.
Thu Jan 02 01:21:57 CET 2014: 26: finished (560ms, 500cycles)
Thu Jan 02 01:21:57 CET 2014: 26: No solution found.
Thu Jan 02 01:21:58 CET 2014: 27: finished (514ms, 500cycles)
Thu Jan 02 01:21:58 CET 2014: 27: No solution found.
Thu Jan 02 01:21:58 CET 2014: 28: finished (21ms, 17cycles)
Thu Jan 02 01:21:58 CET 2014: 28: Solution found.
Thu Jan 02 01:21:58 CET 2014: 29: finished (68ms, 54cycles)
Thu Jan 02 01:21:58 CET 2014: 29: Solution found.
Thu Jan 02 01:21:59 CET 2014: 30: finished (577ms, 500cycles)
Thu Jan 02 01:21:59 CET 2014: 30: No solution found.
Thu Jan 02 01:21:59 CET 2014: 31: finished (498ms, 500cycles)
Thu Jan 02 01:21:59 CET 2014: 31: No solution found.
Thu Jan 02 01:22:00 CET 2014: 32: finished (573ms, 500cycles)
Thu Jan 02 01:22:00 CET 2014: 32: No solution found.
Thu Jan 02 01:22:00 CET 2014: 33: finished (18ms, 15cycles)
Thu Jan 02 01:22:00 CET 2014: 33: Solution found.
Thu Jan 02 01:22:00 CET 2014: 34: finished (547ms, 500cycles)
Thu Jan 02 01:22:00 CET 2014: 34: No solution found.
Thu Jan 02 01:22:01 CET 2014: 35: finished (542ms, 500cycles)
Thu Jan 02 01:22:01 CET 2014: 35: No solution found.
Thu Jan 02 01:22:01 CET 2014: 36: finished (553ms, 500cycles)
Thu Jan 02 01:22:01 CET 2014: 36: No solution found.
Thu Jan 02 01:22:01 CET 2014: 37: finished (12ms, 8cycles)
Thu Jan 02 01:22:01 CET 2014: 37: Solution found.
Thu Jan 02 01:22:01 CET 2014: 38: finished (11ms, 9cycles)
Thu Jan 02 01:22:01 CET 2014: 38: Solution found.
Thu Jan 02 01:22:02 CET 2014: 39: finished (544ms, 500cycles)
Thu Jan 02 01:22:02 CET 2014: 39: No solution found.
Thu Jan 02 01:22:02 CET 2014: 40: finished (492ms, 500cycles)
Thu Jan 02 01:22:02 CET 2014: 40: No solution found.
Thu Jan 02 01:22:02 CET 2014: 41: finished (26ms, 22cycles)
Thu Jan 02 01:22:02 CET 2014: 41: Solution found.
Thu Jan 02 01:22:02 CET 2014: 42: finished (10ms, 8cycles)
Thu Jan 02 01:22:02 CET 2014: 42: Solution found.
Thu Jan 02 01:22:03 CET 2014: 43: finished (53ms, 46cycles)
Thu Jan 02 01:22:03 CET 2014: 43: Solution found.
Thu Jan 02 01:22:03 CET 2014: 44: finished (41ms, 35cycles)
Thu Jan 02 01:22:03 CET 2014: 44: Solution found.
Thu Jan 02 01:22:03 CET 2014: 45: finished (32ms, 25cycles)
Thu Jan 02 01:22:03 CET 2014: 45: Solution found.
Thu Jan 02 01:22:03 CET 2014: 46: finished (18ms, 15cycles)
Thu Jan 02 01:22:03 CET 2014: 46: Solution found.
Thu Jan 02 01:22:03 CET 2014: 47: finished (5ms, 4cycles)
Thu Jan 02 01:22:03 CET 2014: 47: Solution found.
Thu Jan 02 01:22:03 CET 2014: 48: finished (493ms, 500cycles)
Thu Jan 02 01:22:03 CET 2014: 48: No solution found.
Thu Jan 02 01:22:03 CET 2014: 49: finished (47ms, 43cycles)
Thu Jan 02 01:22:03 CET 2014: 49: Solution found.
Thu Jan 02 01:22:03 CET 2014: 50: finished (22ms, 19cycles)
Thu Jan 02 01:22:03 CET 2014: 50: Solution found.
Thu Jan 02 01:22:04 CET 2014: 51: finished (518ms, 500cycles)
Thu Jan 02 01:22:04 CET 2014: 51: No solution found.
Thu Jan 02 01:22:04 CET 2014: 52: finished (481ms, 500cycles)
Thu Jan 02 01:22:04 CET 2014: 52: No solution found.
Thu Jan 02 01:22:05 CET 2014: 53: finished (557ms, 500cycles)
Thu Jan 02 01:22:05 CET 2014: 53: No solution found.
Thu Jan 02 01:22:05 CET 2014: 54: finished (502ms, 500cycles)
Thu Jan 02 01:22:05 CET 2014: 54: No solution found.
Thu Jan 02 01:22:05 CET 2014: 55: finished (21ms, 18cycles)
Thu Jan 02 01:22:05 CET 2014: 55: Solution found.
Thu Jan 02 01:22:05 CET 2014: 56: finished (27ms, 25cycles)
Thu Jan 02 01:22:05 CET 2014: 56: Solution found.
Thu Jan 02 01:22:05 CET 2014: 57: finished (9ms, 5cycles)
Thu Jan 02 01:22:05 CET 2014: 57: Solution found.
Thu Jan 02 01:22:06 CET 2014: 58: finished (524ms, 500cycles)
Thu Jan 02 01:22:06 CET 2014: 58: No solution found.
Thu Jan 02 01:22:06 CET 2014: 59: finished (9ms, 5cycles)
Thu Jan 02 01:22:06 CET 2014: 59: Solution found.
Thu Jan 02 01:22:06 CET 2014: 60: finished (539ms, 500cycles)
Thu Jan 02 01:22:06 CET 2014: 60: No solution found.
Thu Jan 02 01:22:06 CET 2014: 61: finished (56ms, 52cycles)
Thu Jan 02 01:22:06 CET 2014: 61: Solution found.
Thu Jan 02 01:22:06 CET 2014: 62: finished (3ms, 1cycles)
Thu Jan 02 01:22:06 CET 2014: 62: Solution found.
Thu Jan 02 01:22:07 CET 2014: 63: finished (483ms, 500cycles)
Thu Jan 02 01:22:07 CET 2014: 63: No solution found.
Thu Jan 02 01:22:07 CET 2014: 64: finished (490ms, 500cycles)
Thu Jan 02 01:22:07 CET 2014: 64: No solution found.
Thu Jan 02 01:22:07 CET 2014: 65: finished (37ms, 31cycles)
Thu Jan 02 01:22:07 CET 2014: 65: Solution found.
Thu Jan 02 01:22:07 CET 2014: 66: finished (36ms, 34cycles)
Thu Jan 02 01:22:07 CET 2014: 66: Solution found.
Thu Jan 02 01:22:08 CET 2014: 67: finished (16ms, 14cycles)
Thu Jan 02 01:22:08 CET 2014: 67: Solution found.
Thu Jan 02 01:22:08 CET 2014: 68: finished (8ms, 7cycles)
Thu Jan 02 01:22:08 CET 2014: 68: Solution found.
Thu Jan 02 01:22:08 CET 2014: 69: finished (9ms, 4cycles)
Thu Jan 02 01:22:08 CET 2014: 69: Solution found.
Thu Jan 02 01:22:08 CET 2014: 70: finished (42ms, 39cycles)
Thu Jan 02 01:22:08 CET 2014: 70: Solution found.
Thu Jan 02 01:22:08 CET 2014: 71: finished (10ms, 4cycles)
Thu Jan 02 01:22:08 CET 2014: 71: Solution found.
Thu Jan 02 01:22:08 CET 2014: 72: finished (13ms, 12cycles)
Thu Jan 02 01:22:08 CET 2014: 72: Solution found.
Thu Jan 02 01:22:08 CET 2014: 73: finished (516ms, 500cycles)
Thu Jan 02 01:22:08 CET 2014: 73: No solution found.
Thu Jan 02 01:22:08 CET 2014: 74: finished (47ms, 43cycles)
Thu Jan 02 01:22:08 CET 2014: 74: Solution found.
Thu Jan 02 01:22:08 CET 2014: 75: finished (23ms, 20cycles)
Thu Jan 02 01:22:08 CET 2014: 75: Solution found.
Thu Jan 02 01:22:08 CET 2014: 76: finished (6ms, 3cycles)
Thu Jan 02 01:22:08 CET 2014: 76: Solution found.
Thu Jan 02 01:22:09 CET 2014: 77: finished (472ms, 500cycles)
Thu Jan 02 01:22:09 CET 2014: 77: No solution found.
Thu Jan 02 01:22:09 CET 2014: 78: finished (547ms, 500cycles)
Thu Jan 02 01:22:09 CET 2014: 78: No solution found.
Thu Jan 02 01:22:09 CET 2014: 79: finished (13ms, 10cycles)
Thu Jan 02 01:22:09 CET 2014: 79: Solution found.
Thu Jan 02 01:22:10 CET 2014: 80: finished (499ms, 500cycles)
Thu Jan 02 01:22:10 CET 2014: 80: No solution found.
Thu Jan 02 01:22:10 CET 2014: 81: finished (12ms, 11cycles)
Thu Jan 02 01:22:10 CET 2014: 81: Solution found.
Thu Jan 02 01:22:10 CET 2014: 82: finished (43ms, 38cycles)
Thu Jan 02 01:22:10 CET 2014: 82: Solution found.
Thu Jan 02 01:22:10 CET 2014: 83: finished (16ms, 14cycles)
Thu Jan 02 01:22:10 CET 2014: 83: Solution found.
Thu Jan 02 01:22:10 CET 2014: 84: finished (26ms, 24cycles)
Thu Jan 02 01:22:10 CET 2014: 84: Solution found.
Thu Jan 02 01:22:10 CET 2014: 85: finished (21ms, 16cycles)
Thu Jan 02 01:22:10 CET 2014: 85: Solution found.
Thu Jan 02 01:22:10 CET 2014: 86: finished (43ms, 41cycles)
Thu Jan 02 01:22:10 CET 2014: 86: Solution found.
Thu Jan 02 01:22:10 CET 2014: 87: finished (28ms, 27cycles)
Thu Jan 02 01:22:10 CET 2014: 87: Solution found.
Thu Jan 02 01:22:10 CET 2014: 88: finished (502ms, 500cycles)
Thu Jan 02 01:22:10 CET 2014: 88: No solution found.
Thu Jan 02 01:22:10 CET 2014: 89: finished (13ms, 11cycles)
Thu Jan 02 01:22:10 CET 2014: 89: Solution found.
Thu Jan 02 01:22:11 CET 2014: 90: finished (90ms, 74cycles)
Thu Jan 02 01:22:11 CET 2014: 90: Solution found.
Thu Jan 02 01:22:11 CET 2014: 91: finished (12ms, 10cycles)
Thu Jan 02 01:22:11 CET 2014: 91: Solution found.
Thu Jan 02 01:22:11 CET 2014: 92: finished (507ms, 500cycles)
Thu Jan 02 01:22:11 CET 2014: 92: No solution found.
Thu Jan 02 01:22:11 CET 2014: 93: finished (390ms, 393cycles)
Thu Jan 02 01:22:11 CET 2014: 93: Solution found.
Thu Jan 02 01:22:12 CET 2014: 94: finished (519ms, 500cycles)
Thu Jan 02 01:22:12 CET 2014: 94: No solution found.
Thu Jan 02 01:22:12 CET 2014: 95: finished (491ms, 500cycles)
Thu Jan 02 01:22:12 CET 2014: 95: No solution found.
Thu Jan 02 01:22:13 CET 2014: 96: finished (476ms, 500cycles)
Thu Jan 02 01:22:13 CET 2014: 96: No solution found.
Thu Jan 02 01:22:13 CET 2014: 97: finished (482ms, 500cycles)
Thu Jan 02 01:22:13 CET 2014: 97: No solution found.
Thu Jan 02 01:22:13 CET 2014: 98: finished (12ms, 10cycles)
Thu Jan 02 01:22:13 CET 2014: 98: Solution found.
Thu Jan 02 01:22:14 CET 2014: 99: finished (478ms, 500cycles)
Thu Jan 02 01:22:14 CET 2014: 99: No solution found.
Thu Jan 02 01:22:14 CET 2014: Solution Found: 58
Thu Jan 02 01:22:14 CET 2014: Avg cycles: 30
Thu Jan 02 01:22:14 CET 2014: Max cycles: 393
Thu Jan 02 01:22:14 CET 2014: Min cycles: 1
Thu Jan 02 01:22:14 CET 2014: No solution found: 42
Thu Jan 02 01:22:14 CET 2014: logging finished. (runtime: 24710ms)
