Mon May 19 22:47:49 CEST 2014: Problem Count: 20
Mon May 19 22:47:49 CEST 2014: CandidatesCount: 200
Mon May 19 22:47:49 CEST 2014: Max Cycles: 500
Mon May 19 22:47:50 CEST 2014: 0: finished (225ms, 32cycles)
Mon May 19 22:47:50 CEST 2014: 0: Solution found.
Mon May 19 22:47:50 CEST 2014: 1: finished (566ms, 67cycles)
Mon May 19 22:47:50 CEST 2014: 1: Solution found.
Mon May 19 22:47:51 CEST 2014: 2: finished (852ms, 89cycles)
Mon May 19 22:47:51 CEST 2014: 2: Solution found.
Mon May 19 22:47:52 CEST 2014: 3: finished (879ms, 92cycles)
Mon May 19 22:47:52 CEST 2014: 3: Solution found.
Mon May 19 22:47:52 CEST 2014: 4: finished (570ms, 61cycles)
Mon May 19 22:47:52 CEST 2014: 4: Solution found.
Mon May 19 22:47:53 CEST 2014: 5: finished (374ms, 46cycles)
Mon May 19 22:47:53 CEST 2014: 5: Solution found.
Mon May 19 22:47:53 CEST 2014: 6: finished (423ms, 60cycles)
Mon May 19 22:47:53 CEST 2014: 6: Solution found.
Mon May 19 22:47:54 CEST 2014: 7: finished (690ms, 86cycles)
Mon May 19 22:47:54 CEST 2014: 7: Solution found.
Mon May 19 22:47:54 CEST 2014: 8: finished (303ms, 42cycles)
Mon May 19 22:47:54 CEST 2014: 8: Solution found.
Mon May 19 22:47:55 CEST 2014: 9: finished (753ms, 63cycles)
Mon May 19 22:47:55 CEST 2014: 9: Solution found.
Mon May 19 22:47:55 CEST 2014: 10: finished (152ms, 19cycles)
Mon May 19 22:47:55 CEST 2014: 10: Solution found.
Mon May 19 22:47:56 CEST 2014: 11: finished (315ms, 43cycles)
Mon May 19 22:47:56 CEST 2014: 11: Solution found.
Mon May 19 22:47:56 CEST 2014: 12: finished (276ms, 38cycles)
Mon May 19 22:47:56 CEST 2014: 12: Solution found.
Mon May 19 22:47:56 CEST 2014: 13: finished (214ms, 26cycles)
Mon May 19 22:47:56 CEST 2014: 13: Solution found.
Mon May 19 22:47:57 CEST 2014: 14: finished (686ms, 76cycles)
Mon May 19 22:47:57 CEST 2014: 14: Solution found.
Mon May 19 22:47:58 CEST 2014: 15: finished (1085ms, 73cycles)
Mon May 19 22:47:58 CEST 2014: 15: Solution found.
Mon May 19 22:47:58 CEST 2014: 16: finished (463ms, 62cycles)
Mon May 19 22:47:58 CEST 2014: 16: Solution found.
Mon May 19 22:47:59 CEST 2014: 17: finished (324ms, 37cycles)
Mon May 19 22:47:59 CEST 2014: 17: Solution found.
Mon May 19 22:47:59 CEST 2014: 18: finished (332ms, 45cycles)
Mon May 19 22:47:59 CEST 2014: 18: Solution found.
Mon May 19 22:47:59 CEST 2014: 19: finished (354ms, 42cycles)
Mon May 19 22:47:59 CEST 2014: 19: Solution found.
Mon May 19 22:48:00 CEST 2014: 20: finished (356ms, 46cycles)
Mon May 19 22:48:00 CEST 2014: 20: Solution found.
Mon May 19 22:48:00 CEST 2014: 21: finished (450ms, 59cycles)
Mon May 19 22:48:00 CEST 2014: 21: Solution found.
Mon May 19 22:48:01 CEST 2014: 22: finished (456ms, 54cycles)
Mon May 19 22:48:01 CEST 2014: 22: Solution found.
Mon May 19 22:48:01 CEST 2014: 23: finished (557ms, 76cycles)
Mon May 19 22:48:01 CEST 2014: 23: Solution found.
Mon May 19 22:48:02 CEST 2014: 24: finished (466ms, 56cycles)
Mon May 19 22:48:02 CEST 2014: 24: Solution found.
Mon May 19 22:48:02 CEST 2014: 25: finished (612ms, 66cycles)
Mon May 19 22:48:02 CEST 2014: 25: Solution found.
Mon May 19 22:48:03 CEST 2014: 26: finished (438ms, 52cycles)
Mon May 19 22:48:03 CEST 2014: 26: Solution found.
Mon May 19 22:48:03 CEST 2014: 27: finished (472ms, 64cycles)
Mon May 19 22:48:03 CEST 2014: 27: Solution found.
Mon May 19 22:48:04 CEST 2014: 28: finished (286ms, 37cycles)
Mon May 19 22:48:04 CEST 2014: 28: Solution found.
Mon May 19 22:48:04 CEST 2014: 29: finished (276ms, 33cycles)
Mon May 19 22:48:04 CEST 2014: 29: Solution found.
Mon May 19 22:48:04 CEST 2014: 30: finished (348ms, 50cycles)
Mon May 19 22:48:04 CEST 2014: 30: Solution found.
Mon May 19 22:48:05 CEST 2014: 31: finished (227ms, 29cycles)
Mon May 19 22:48:05 CEST 2014: 31: Solution found.
Mon May 19 22:48:05 CEST 2014: 32: finished (501ms, 56cycles)
Mon May 19 22:48:05 CEST 2014: 32: Solution found.
Mon May 19 22:48:06 CEST 2014: 33: finished (428ms, 55cycles)
Mon May 19 22:48:06 CEST 2014: 33: Solution found.
Mon May 19 22:48:06 CEST 2014: 34: finished (224ms, 27cycles)
Mon May 19 22:48:06 CEST 2014: 34: Solution found.
Mon May 19 22:48:06 CEST 2014: 35: finished (405ms, 53cycles)
Mon May 19 22:48:06 CEST 2014: 35: Solution found.
Mon May 19 22:48:07 CEST 2014: 36: finished (353ms, 41cycles)
Mon May 19 22:48:07 CEST 2014: 36: Solution found.
Mon May 19 22:48:07 CEST 2014: 37: finished (446ms, 43cycles)
Mon May 19 22:48:07 CEST 2014: 37: Solution found.
Mon May 19 22:48:07 CEST 2014: 38: finished (255ms, 34cycles)
Mon May 19 22:48:07 CEST 2014: 38: Solution found.
Mon May 19 22:48:08 CEST 2014: 39: finished (453ms, 43cycles)
Mon May 19 22:48:08 CEST 2014: 39: Solution found.
Mon May 19 22:48:08 CEST 2014: 40: finished (318ms, 41cycles)
Mon May 19 22:48:08 CEST 2014: 40: Solution found.
Mon May 19 22:48:08 CEST 2014: 41: finished (354ms, 45cycles)
Mon May 19 22:48:08 CEST 2014: 41: Solution found.
Mon May 19 22:48:09 CEST 2014: 42: finished (614ms, 68cycles)
Mon May 19 22:48:09 CEST 2014: 42: Solution found.
Mon May 19 22:48:09 CEST 2014: 43: finished (194ms, 27cycles)
Mon May 19 22:48:09 CEST 2014: 43: Solution found.
Mon May 19 22:48:10 CEST 2014: 44: finished (246ms, 32cycles)
Mon May 19 22:48:10 CEST 2014: 44: Solution found.
Mon May 19 22:48:10 CEST 2014: 45: finished (231ms, 25cycles)
Mon May 19 22:48:10 CEST 2014: 45: Solution found.
Mon May 19 22:48:10 CEST 2014: 46: finished (213ms, 28cycles)
Mon May 19 22:48:10 CEST 2014: 46: Solution found.
Mon May 19 22:48:11 CEST 2014: 47: finished (770ms, 80cycles)
Mon May 19 22:48:11 CEST 2014: 47: Solution found.
Mon May 19 22:48:11 CEST 2014: 48: finished (262ms, 39cycles)
Mon May 19 22:48:11 CEST 2014: 48: Solution found.
Mon May 19 22:48:12 CEST 2014: 49: finished (818ms, 75cycles)
Mon May 19 22:48:12 CEST 2014: 49: Solution found.
Mon May 19 22:48:12 CEST 2014: 50: finished (275ms, 37cycles)
Mon May 19 22:48:12 CEST 2014: 50: Solution found.
Mon May 19 22:48:13 CEST 2014: 51: finished (422ms, 60cycles)
Mon May 19 22:48:13 CEST 2014: 51: Solution found.
Mon May 19 22:48:13 CEST 2014: 52: finished (209ms, 23cycles)
Mon May 19 22:48:13 CEST 2014: 52: Solution found.
Mon May 19 22:48:13 CEST 2014: 53: finished (158ms, 19cycles)
Mon May 19 22:48:13 CEST 2014: 53: Solution found.
Mon May 19 22:48:13 CEST 2014: 54: finished (414ms, 50cycles)
Mon May 19 22:48:13 CEST 2014: 54: Solution found.
Mon May 19 22:48:14 CEST 2014: 55: finished (360ms, 44cycles)
Mon May 19 22:48:14 CEST 2014: 55: Solution found.
Mon May 19 22:48:14 CEST 2014: 56: finished (396ms, 54cycles)
Mon May 19 22:48:14 CEST 2014: 56: Solution found.
Mon May 19 22:48:15 CEST 2014: 57: finished (291ms, 34cycles)
Mon May 19 22:48:15 CEST 2014: 57: Solution found.
Mon May 19 22:48:15 CEST 2014: 58: finished (341ms, 32cycles)
Mon May 19 22:48:15 CEST 2014: 58: Solution found.
Mon May 19 22:48:15 CEST 2014: 59: finished (196ms, 29cycles)
Mon May 19 22:48:15 CEST 2014: 59: Solution found.
Mon May 19 22:48:16 CEST 2014: 60: finished (545ms, 77cycles)
Mon May 19 22:48:16 CEST 2014: 60: Solution found.
Mon May 19 22:48:16 CEST 2014: 61: finished (417ms, 59cycles)
Mon May 19 22:48:16 CEST 2014: 61: Solution found.
Mon May 19 22:48:16 CEST 2014: 62: finished (297ms, 44cycles)
Mon May 19 22:48:16 CEST 2014: 62: Solution found.
Mon May 19 22:48:17 CEST 2014: 63: finished (220ms, 30cycles)
Mon May 19 22:48:17 CEST 2014: 63: Solution found.
Mon May 19 22:48:17 CEST 2014: 64: finished (357ms, 36cycles)
Mon May 19 22:48:17 CEST 2014: 64: Solution found.
Mon May 19 22:48:17 CEST 2014: 65: finished (230ms, 32cycles)
Mon May 19 22:48:17 CEST 2014: 65: Solution found.
Mon May 19 22:48:18 CEST 2014: 66: finished (337ms, 40cycles)
Mon May 19 22:48:18 CEST 2014: 66: Solution found.
Mon May 19 22:48:18 CEST 2014: 67: finished (317ms, 36cycles)
Mon May 19 22:48:18 CEST 2014: 67: Solution found.
Mon May 19 22:48:18 CEST 2014: 68: finished (399ms, 43cycles)
Mon May 19 22:48:18 CEST 2014: 68: Solution found.
Mon May 19 22:48:19 CEST 2014: 69: finished (466ms, 62cycles)
Mon May 19 22:48:19 CEST 2014: 69: Solution found.
Mon May 19 22:48:19 CEST 2014: 70: finished (373ms, 55cycles)
Mon May 19 22:48:19 CEST 2014: 70: Solution found.
Mon May 19 22:48:20 CEST 2014: 71: finished (286ms, 38cycles)
Mon May 19 22:48:20 CEST 2014: 71: Solution found.
Mon May 19 22:48:20 CEST 2014: 72: finished (310ms, 45cycles)
Mon May 19 22:48:20 CEST 2014: 72: Solution found.
Mon May 19 22:48:20 CEST 2014: 73: finished (436ms, 56cycles)
Mon May 19 22:48:20 CEST 2014: 73: Solution found.
Mon May 19 22:48:21 CEST 2014: 74: finished (465ms, 56cycles)
Mon May 19 22:48:21 CEST 2014: 74: Solution found.
Mon May 19 22:48:21 CEST 2014: 75: finished (315ms, 36cycles)
Mon May 19 22:48:21 CEST 2014: 75: Solution found.
Mon May 19 22:48:22 CEST 2014: 76: finished (417ms, 53cycles)
Mon May 19 22:48:22 CEST 2014: 76: Solution found.
Mon May 19 22:48:22 CEST 2014: 77: finished (119ms, 15cycles)
Mon May 19 22:48:22 CEST 2014: 77: Solution found.
Mon May 19 22:48:22 CEST 2014: 78: finished (286ms, 42cycles)
Mon May 19 22:48:22 CEST 2014: 78: Solution found.
Mon May 19 22:48:22 CEST 2014: 79: finished (455ms, 64cycles)
Mon May 19 22:48:22 CEST 2014: 79: Solution found.
Mon May 19 22:48:23 CEST 2014: 80: finished (526ms, 62cycles)
Mon May 19 22:48:23 CEST 2014: 80: Solution found.
Mon May 19 22:48:23 CEST 2014: 81: finished (86ms, 13cycles)
Mon May 19 22:48:23 CEST 2014: 81: Solution found.
Mon May 19 22:48:24 CEST 2014: 82: finished (706ms, 86cycles)
Mon May 19 22:48:24 CEST 2014: 82: Solution found.
Mon May 19 22:48:24 CEST 2014: 83: finished (327ms, 44cycles)
Mon May 19 22:48:24 CEST 2014: 83: Solution found.
Mon May 19 22:48:25 CEST 2014: 84: finished (330ms, 42cycles)
Mon May 19 22:48:25 CEST 2014: 84: Solution found.
Mon May 19 22:48:25 CEST 2014: 85: finished (357ms, 46cycles)
Mon May 19 22:48:25 CEST 2014: 85: Solution found.
Mon May 19 22:48:25 CEST 2014: 86: finished (443ms, 57cycles)
Mon May 19 22:48:25 CEST 2014: 86: Solution found.
Mon May 19 22:48:26 CEST 2014: 87: finished (446ms, 58cycles)
Mon May 19 22:48:26 CEST 2014: 87: Solution found.
Mon May 19 22:48:26 CEST 2014: 88: finished (410ms, 56cycles)
Mon May 19 22:48:26 CEST 2014: 88: Solution found.
Mon May 19 22:48:27 CEST 2014: 89: finished (219ms, 34cycles)
Mon May 19 22:48:27 CEST 2014: 89: Solution found.
Mon May 19 22:48:27 CEST 2014: 90: finished (323ms, 37cycles)
Mon May 19 22:48:27 CEST 2014: 90: Solution found.
Mon May 19 22:48:27 CEST 2014: 91: finished (368ms, 49cycles)
Mon May 19 22:48:27 CEST 2014: 91: Solution found.
Mon May 19 22:48:28 CEST 2014: 92: finished (536ms, 61cycles)
Mon May 19 22:48:28 CEST 2014: 92: Solution found.
Mon May 19 22:48:28 CEST 2014: 93: finished (244ms, 32cycles)
Mon May 19 22:48:28 CEST 2014: 93: Solution found.
Mon May 19 22:48:28 CEST 2014: 94: finished (411ms, 54cycles)
Mon May 19 22:48:28 CEST 2014: 94: Solution found.
Mon May 19 22:48:29 CEST 2014: 95: finished (296ms, 41cycles)
Mon May 19 22:48:29 CEST 2014: 95: Solution found.
Mon May 19 22:48:29 CEST 2014: 96: finished (287ms, 38cycles)
Mon May 19 22:48:29 CEST 2014: 96: Solution found.
Mon May 19 22:48:29 CEST 2014: 97: finished (210ms, 32cycles)
Mon May 19 22:48:29 CEST 2014: 97: Solution found.
Mon May 19 22:48:30 CEST 2014: 98: finished (320ms, 46cycles)
Mon May 19 22:48:30 CEST 2014: 98: Solution found.
Mon May 19 22:48:30 CEST 2014: 99: finished (246ms, 33cycles)
Mon May 19 22:48:30 CEST 2014: 99: Solution found.
Mon May 19 22:48:30 CEST 2014: Solution Found: 100
Mon May 19 22:48:30 CEST 2014: Avg cycles: 47
Mon May 19 22:48:30 CEST 2014: Max cycles: 92
Mon May 19 22:48:30 CEST 2014: Min cycles: 13
Mon May 19 22:48:30 CEST 2014: No solution found: 0
Mon May 19 22:48:30 CEST 2014: logging finished. (runtime: 40588ms)
