Sun Mar 30 00:39:55 CET 2014: Problem Count: 100
Sun Mar 30 00:39:55 CET 2014: CandidatesCount: 100
Sun Mar 30 00:39:55 CET 2014: Max Cycles: 500
Sun Mar 30 00:39:55 CET 2014: 0: finished (39ms, 11cycles)
Sun Mar 30 00:39:55 CET 2014: 0: Solution found.
Sun Mar 30 00:39:55 CET 2014: 1: finished (59ms, 17cycles)
Sun Mar 30 00:39:55 CET 2014: 1: Solution found.
Sun Mar 30 00:39:56 CET 2014: 2: finished (1483ms, 500cycles)
Sun Mar 30 00:39:56 CET 2014: 2: No solution found.
Sun Mar 30 00:39:56 CET 2014: 3: finished (31ms, 8cycles)
Sun Mar 30 00:39:56 CET 2014: 3: Solution found.
Sun Mar 30 00:39:58 CET 2014: 4: finished (1490ms, 500cycles)
Sun Mar 30 00:39:58 CET 2014: 4: No solution found.
Sun Mar 30 00:39:58 CET 2014: 5: finished (80ms, 23cycles)
Sun Mar 30 00:39:58 CET 2014: 5: Solution found.
Sun Mar 30 00:39:58 CET 2014: 6: finished (51ms, 15cycles)
Sun Mar 30 00:39:58 CET 2014: 6: Solution found.
Sun Mar 30 00:39:59 CET 2014: 7: finished (1497ms, 500cycles)
Sun Mar 30 00:39:59 CET 2014: 7: No solution found.
Sun Mar 30 00:40:00 CET 2014: 8: finished (56ms, 16cycles)
Sun Mar 30 00:40:00 CET 2014: 8: Solution found.
Sun Mar 30 00:40:00 CET 2014: 9: finished (22ms, 6cycles)
Sun Mar 30 00:40:00 CET 2014: 9: Solution found.
Sun Mar 30 00:40:01 CET 2014: 10: finished (1515ms, 500cycles)
Sun Mar 30 00:40:01 CET 2014: 10: No solution found.
Sun Mar 30 00:40:03 CET 2014: 11: finished (1486ms, 500cycles)
Sun Mar 30 00:40:03 CET 2014: 11: No solution found.
Sun Mar 30 00:40:03 CET 2014: 12: finished (74ms, 23cycles)
Sun Mar 30 00:40:03 CET 2014: 12: Solution found.
Sun Mar 30 00:40:03 CET 2014: 13: finished (82ms, 23cycles)
Sun Mar 30 00:40:03 CET 2014: 13: Solution found.
Sun Mar 30 00:40:04 CET 2014: 14: finished (1507ms, 500cycles)
Sun Mar 30 00:40:04 CET 2014: 14: No solution found.
Sun Mar 30 00:40:06 CET 2014: 15: finished (1495ms, 500cycles)
Sun Mar 30 00:40:06 CET 2014: 15: No solution found.
Sun Mar 30 00:40:06 CET 2014: 16: finished (62ms, 18cycles)
Sun Mar 30 00:40:06 CET 2014: 16: Solution found.
Sun Mar 30 00:40:06 CET 2014: 17: finished (89ms, 25cycles)
Sun Mar 30 00:40:06 CET 2014: 17: Solution found.
Sun Mar 30 00:40:06 CET 2014: 18: finished (93ms, 24cycles)
Sun Mar 30 00:40:06 CET 2014: 18: Solution found.
Sun Mar 30 00:40:06 CET 2014: 19: finished (37ms, 10cycles)
Sun Mar 30 00:40:06 CET 2014: 19: Solution found.
Sun Mar 30 00:40:06 CET 2014: 20: finished (54ms, 14cycles)
Sun Mar 30 00:40:06 CET 2014: 20: Solution found.
Sun Mar 30 00:40:06 CET 2014: 21: finished (62ms, 18cycles)
Sun Mar 30 00:40:06 CET 2014: 21: Solution found.
Sun Mar 30 00:40:06 CET 2014: 22: finished (70ms, 21cycles)
Sun Mar 30 00:40:06 CET 2014: 22: Solution found.
Sun Mar 30 00:40:06 CET 2014: 23: finished (22ms, 6cycles)
Sun Mar 30 00:40:06 CET 2014: 23: Solution found.
Sun Mar 30 00:40:06 CET 2014: 24: finished (153ms, 45cycles)
Sun Mar 30 00:40:06 CET 2014: 24: Solution found.
Sun Mar 30 00:40:06 CET 2014: 25: finished (121ms, 36cycles)
Sun Mar 30 00:40:06 CET 2014: 25: Solution found.
Sun Mar 30 00:40:07 CET 2014: 26: finished (40ms, 12cycles)
Sun Mar 30 00:40:07 CET 2014: 26: Solution found.
Sun Mar 30 00:40:07 CET 2014: 27: finished (74ms, 21cycles)
Sun Mar 30 00:40:07 CET 2014: 27: Solution found.
Sun Mar 30 00:40:08 CET 2014: 28: finished (1475ms, 500cycles)
Sun Mar 30 00:40:08 CET 2014: 28: No solution found.
Sun Mar 30 00:40:08 CET 2014: 29: finished (96ms, 27cycles)
Sun Mar 30 00:40:08 CET 2014: 29: Solution found.
Sun Mar 30 00:40:10 CET 2014: 30: finished (1533ms, 500cycles)
Sun Mar 30 00:40:10 CET 2014: 30: No solution found.
Sun Mar 30 00:40:10 CET 2014: 31: finished (48ms, 14cycles)
Sun Mar 30 00:40:10 CET 2014: 31: Solution found.
Sun Mar 30 00:40:10 CET 2014: 32: finished (65ms, 19cycles)
Sun Mar 30 00:40:10 CET 2014: 32: Solution found.
Sun Mar 30 00:40:10 CET 2014: 33: finished (124ms, 35cycles)
Sun Mar 30 00:40:10 CET 2014: 33: Solution found.
Sun Mar 30 00:40:11 CET 2014: 34: finished (1514ms, 500cycles)
Sun Mar 30 00:40:11 CET 2014: 34: No solution found.
Sun Mar 30 00:40:13 CET 2014: 35: finished (1540ms, 500cycles)
Sun Mar 30 00:40:13 CET 2014: 35: No solution found.
Sun Mar 30 00:40:13 CET 2014: 36: finished (34ms, 9cycles)
Sun Mar 30 00:40:13 CET 2014: 36: Solution found.
Sun Mar 30 00:40:13 CET 2014: 37: finished (90ms, 27cycles)
Sun Mar 30 00:40:13 CET 2014: 37: Solution found.
Sun Mar 30 00:40:13 CET 2014: 38: finished (134ms, 39cycles)
Sun Mar 30 00:40:13 CET 2014: 38: Solution found.
Sun Mar 30 00:40:13 CET 2014: 39: finished (79ms, 24cycles)
Sun Mar 30 00:40:13 CET 2014: 39: Solution found.
Sun Mar 30 00:40:15 CET 2014: 40: finished (1500ms, 500cycles)
Sun Mar 30 00:40:15 CET 2014: 40: No solution found.
Sun Mar 30 00:40:15 CET 2014: 41: finished (16ms, 4cycles)
Sun Mar 30 00:40:15 CET 2014: 41: Solution found.
Sun Mar 30 00:40:15 CET 2014: 42: finished (64ms, 17cycles)
Sun Mar 30 00:40:15 CET 2014: 42: Solution found.
Sun Mar 30 00:40:16 CET 2014: 43: finished (1511ms, 500cycles)
Sun Mar 30 00:40:16 CET 2014: 43: No solution found.
Sun Mar 30 00:40:17 CET 2014: 44: finished (201ms, 57cycles)
Sun Mar 30 00:40:17 CET 2014: 44: Solution found.
Sun Mar 30 00:40:17 CET 2014: 45: finished (60ms, 17cycles)
Sun Mar 30 00:40:17 CET 2014: 45: Solution found.
Sun Mar 30 00:40:18 CET 2014: 46: finished (1486ms, 500cycles)
Sun Mar 30 00:40:18 CET 2014: 46: No solution found.
Sun Mar 30 00:40:18 CET 2014: 47: finished (39ms, 11cycles)
Sun Mar 30 00:40:18 CET 2014: 47: Solution found.
Sun Mar 30 00:40:20 CET 2014: 48: finished (1518ms, 500cycles)
Sun Mar 30 00:40:20 CET 2014: 48: No solution found.
Sun Mar 30 00:40:20 CET 2014: 49: finished (91ms, 23cycles)
Sun Mar 30 00:40:20 CET 2014: 49: Solution found.
Sun Mar 30 00:40:20 CET 2014: 50: finished (39ms, 9cycles)
Sun Mar 30 00:40:20 CET 2014: 50: Solution found.
Sun Mar 30 00:40:21 CET 2014: 51: finished (1515ms, 500cycles)
Sun Mar 30 00:40:21 CET 2014: 51: No solution found.
Sun Mar 30 00:40:21 CET 2014: 52: finished (53ms, 15cycles)
Sun Mar 30 00:40:21 CET 2014: 52: Solution found.
Sun Mar 30 00:40:22 CET 2014: 53: finished (78ms, 20cycles)
Sun Mar 30 00:40:22 CET 2014: 53: Solution found.
Sun Mar 30 00:40:22 CET 2014: 54: finished (42ms, 12cycles)
Sun Mar 30 00:40:22 CET 2014: 54: Solution found.
Sun Mar 30 00:40:22 CET 2014: 55: finished (37ms, 10cycles)
Sun Mar 30 00:40:22 CET 2014: 55: Solution found.
Sun Mar 30 00:40:23 CET 2014: 56: finished (1483ms, 500cycles)
Sun Mar 30 00:40:23 CET 2014: 56: No solution found.
Sun Mar 30 00:40:23 CET 2014: 57: finished (127ms, 39cycles)
Sun Mar 30 00:40:23 CET 2014: 57: Solution found.
Sun Mar 30 00:40:23 CET 2014: 58: finished (80ms, 23cycles)
Sun Mar 30 00:40:23 CET 2014: 58: Solution found.
Sun Mar 30 00:40:23 CET 2014: 59: finished (52ms, 15cycles)
Sun Mar 30 00:40:23 CET 2014: 59: Solution found.
Sun Mar 30 00:40:23 CET 2014: 60: finished (70ms, 20cycles)
Sun Mar 30 00:40:23 CET 2014: 60: Solution found.
Sun Mar 30 00:40:23 CET 2014: 61: finished (36ms, 9cycles)
Sun Mar 30 00:40:23 CET 2014: 61: Solution found.
Sun Mar 30 00:40:23 CET 2014: 62: finished (25ms, 7cycles)
Sun Mar 30 00:40:23 CET 2014: 62: Solution found.
Sun Mar 30 00:40:23 CET 2014: 63: finished (27ms, 7cycles)
Sun Mar 30 00:40:23 CET 2014: 63: Solution found.
Sun Mar 30 00:40:26 CET 2014: 64: finished (2440ms, 500cycles)
Sun Mar 30 00:40:26 CET 2014: 64: No solution found.
Sun Mar 30 00:40:26 CET 2014: 65: finished (175ms, 19cycles)
Sun Mar 30 00:40:26 CET 2014: 65: Solution found.
Sun Mar 30 00:40:29 CET 2014: 66: finished (3344ms, 500cycles)
Sun Mar 30 00:40:29 CET 2014: 66: No solution found.
Sun Mar 30 00:40:29 CET 2014: 67: finished (51ms, 14cycles)
Sun Mar 30 00:40:29 CET 2014: 67: Solution found.
Sun Mar 30 00:40:31 CET 2014: 68: finished (1488ms, 500cycles)
Sun Mar 30 00:40:31 CET 2014: 68: No solution found.
Sun Mar 30 00:40:31 CET 2014: 69: finished (24ms, 7cycles)
Sun Mar 30 00:40:31 CET 2014: 69: Solution found.
Sun Mar 30 00:40:31 CET 2014: 70: finished (81ms, 17cycles)
Sun Mar 30 00:40:31 CET 2014: 70: Solution found.
Sun Mar 30 00:40:31 CET 2014: 71: finished (54ms, 14cycles)
Sun Mar 30 00:40:31 CET 2014: 71: Solution found.
Sun Mar 30 00:40:31 CET 2014: 72: finished (41ms, 12cycles)
Sun Mar 30 00:40:31 CET 2014: 72: Solution found.
Sun Mar 30 00:40:33 CET 2014: 73: finished (1505ms, 500cycles)
Sun Mar 30 00:40:33 CET 2014: 73: No solution found.
Sun Mar 30 00:40:33 CET 2014: 74: finished (34ms, 9cycles)
Sun Mar 30 00:40:33 CET 2014: 74: Solution found.
Sun Mar 30 00:40:33 CET 2014: 75: finished (41ms, 11cycles)
Sun Mar 30 00:40:33 CET 2014: 75: Solution found.
Sun Mar 30 00:40:33 CET 2014: 76: finished (40ms, 10cycles)
Sun Mar 30 00:40:33 CET 2014: 76: Solution found.
Sun Mar 30 00:40:33 CET 2014: 77: finished (45ms, 11cycles)
Sun Mar 30 00:40:33 CET 2014: 77: Solution found.
Sun Mar 30 00:40:34 CET 2014: 78: finished (1568ms, 500cycles)
Sun Mar 30 00:40:34 CET 2014: 78: No solution found.
Sun Mar 30 00:40:34 CET 2014: 79: finished (37ms, 10cycles)
Sun Mar 30 00:40:34 CET 2014: 79: Solution found.
Sun Mar 30 00:40:35 CET 2014: 80: finished (47ms, 13cycles)
Sun Mar 30 00:40:35 CET 2014: 80: Solution found.
Sun Mar 30 00:40:36 CET 2014: 81: finished (1495ms, 500cycles)
Sun Mar 30 00:40:36 CET 2014: 81: No solution found.
Sun Mar 30 00:40:36 CET 2014: 82: finished (67ms, 20cycles)
Sun Mar 30 00:40:36 CET 2014: 82: Solution found.
Sun Mar 30 00:40:36 CET 2014: 83: finished (35ms, 10cycles)
Sun Mar 30 00:40:36 CET 2014: 83: Solution found.
Sun Mar 30 00:40:38 CET 2014: 84: finished (1489ms, 500cycles)
Sun Mar 30 00:40:38 CET 2014: 84: No solution found.
Sun Mar 30 00:40:38 CET 2014: 85: finished (80ms, 24cycles)
Sun Mar 30 00:40:38 CET 2014: 85: Solution found.
Sun Mar 30 00:40:38 CET 2014: 86: finished (29ms, 8cycles)
Sun Mar 30 00:40:38 CET 2014: 86: Solution found.
Sun Mar 30 00:40:39 CET 2014: 87: finished (1473ms, 500cycles)
Sun Mar 30 00:40:39 CET 2014: 87: No solution found.
Sun Mar 30 00:40:39 CET 2014: 88: finished (154ms, 44cycles)
Sun Mar 30 00:40:39 CET 2014: 88: Solution found.
Sun Mar 30 00:40:39 CET 2014: 89: finished (44ms, 13cycles)
Sun Mar 30 00:40:39 CET 2014: 89: Solution found.
Sun Mar 30 00:40:41 CET 2014: 90: finished (1481ms, 500cycles)
Sun Mar 30 00:40:41 CET 2014: 90: No solution found.
Sun Mar 30 00:40:41 CET 2014: 91: finished (41ms, 12cycles)
Sun Mar 30 00:40:41 CET 2014: 91: Solution found.
Sun Mar 30 00:40:41 CET 2014: 92: finished (163ms, 45cycles)
Sun Mar 30 00:40:41 CET 2014: 92: Solution found.
Sun Mar 30 00:40:41 CET 2014: 93: finished (57ms, 17cycles)
Sun Mar 30 00:40:41 CET 2014: 93: Solution found.
Sun Mar 30 00:40:41 CET 2014: 94: finished (85ms, 24cycles)
Sun Mar 30 00:40:41 CET 2014: 94: Solution found.
Sun Mar 30 00:40:43 CET 2014: 95: finished (1504ms, 500cycles)
Sun Mar 30 00:40:43 CET 2014: 95: No solution found.
Sun Mar 30 00:40:44 CET 2014: 96: finished (1515ms, 500cycles)
Sun Mar 30 00:40:44 CET 2014: 96: No solution found.
Sun Mar 30 00:40:44 CET 2014: 97: finished (55ms, 16cycles)
Sun Mar 30 00:40:44 CET 2014: 97: Solution found.
Sun Mar 30 00:40:46 CET 2014: 98: finished (1491ms, 500cycles)
Sun Mar 30 00:40:46 CET 2014: 98: No solution found.
Sun Mar 30 00:40:46 CET 2014: 99: finished (66ms, 19cycles)
Sun Mar 30 00:40:46 CET 2014: 99: Solution found.
Sun Mar 30 00:40:46 CET 2014: Solution Found: 71
Sun Mar 30 00:40:46 CET 2014: Avg cycles: 18
Sun Mar 30 00:40:46 CET 2014: Max cycles: 57
Sun Mar 30 00:40:46 CET 2014: Min cycles: 4
Sun Mar 30 00:40:46 CET 2014: No solution found: 29
Sun Mar 30 00:40:46 CET 2014: logging finished. (runtime: 51091ms)
