Sun Mar 30 10:08:04 CEST 2014: Problem Count: 100
Sun Mar 30 10:08:04 CEST 2014: CandidatesCount: 250
Sun Mar 30 10:08:04 CEST 2014: Max Cycles: 500
Sun Mar 30 10:08:04 CEST 2014: 0: finished (62ms, 7cycles)
Sun Mar 30 10:08:04 CEST 2014: 0: Solution found.
Sun Mar 30 10:08:04 CEST 2014: 1: finished (62ms, 7cycles)
Sun Mar 30 10:08:04 CEST 2014: 1: Solution found.
Sun Mar 30 10:08:04 CEST 2014: 2: finished (32ms, 3cycles)
Sun Mar 30 10:08:04 CEST 2014: 2: Solution found.
Sun Mar 30 10:08:04 CEST 2014: 3: finished (113ms, 12cycles)
Sun Mar 30 10:08:04 CEST 2014: 3: Solution found.
Sun Mar 30 10:08:04 CEST 2014: 4: finished (187ms, 23cycles)
Sun Mar 30 10:08:04 CEST 2014: 4: Solution found.
Sun Mar 30 10:08:04 CEST 2014: 5: finished (143ms, 17cycles)
Sun Mar 30 10:08:04 CEST 2014: 5: Solution found.
Sun Mar 30 10:08:04 CEST 2014: 6: finished (122ms, 14cycles)
Sun Mar 30 10:08:04 CEST 2014: 6: Solution found.
Sun Mar 30 10:08:04 CEST 2014: 7: finished (78ms, 9cycles)
Sun Mar 30 10:08:04 CEST 2014: 7: Solution found.
Sun Mar 30 10:08:05 CEST 2014: 8: finished (87ms, 10cycles)
Sun Mar 30 10:08:05 CEST 2014: 8: Solution found.
Sun Mar 30 10:08:05 CEST 2014: 9: finished (176ms, 20cycles)
Sun Mar 30 10:08:05 CEST 2014: 9: Solution found.
Sun Mar 30 10:08:05 CEST 2014: 10: finished (236ms, 27cycles)
Sun Mar 30 10:08:05 CEST 2014: 10: Solution found.
Sun Mar 30 10:08:05 CEST 2014: 11: finished (61ms, 7cycles)
Sun Mar 30 10:08:05 CEST 2014: 11: Solution found.
Sun Mar 30 10:08:05 CEST 2014: 12: finished (95ms, 11cycles)
Sun Mar 30 10:08:05 CEST 2014: 12: Solution found.
Sun Mar 30 10:08:05 CEST 2014: 13: finished (232ms, 28cycles)
Sun Mar 30 10:08:05 CEST 2014: 13: Solution found.
Sun Mar 30 10:08:05 CEST 2014: 14: finished (156ms, 18cycles)
Sun Mar 30 10:08:05 CEST 2014: 14: Solution found.
Sun Mar 30 10:08:09 CEST 2014: 15: finished (3605ms, 500cycles)
Sun Mar 30 10:08:09 CEST 2014: 15: No solution found.
Sun Mar 30 10:08:09 CEST 2014: 16: finished (138ms, 16cycles)
Sun Mar 30 10:08:09 CEST 2014: 16: Solution found.
Sun Mar 30 10:08:09 CEST 2014: 17: finished (275ms, 34cycles)
Sun Mar 30 10:08:09 CEST 2014: 17: Solution found.
Sun Mar 30 10:08:10 CEST 2014: 18: finished (101ms, 12cycles)
Sun Mar 30 10:08:10 CEST 2014: 18: Solution found.
Sun Mar 30 10:08:10 CEST 2014: 19: finished (228ms, 28cycles)
Sun Mar 30 10:08:10 CEST 2014: 19: Solution found.
Sun Mar 30 10:08:10 CEST 2014: 20: finished (86ms, 10cycles)
Sun Mar 30 10:08:10 CEST 2014: 20: Solution found.
Sun Mar 30 10:08:10 CEST 2014: 21: finished (215ms, 23cycles)
Sun Mar 30 10:08:10 CEST 2014: 21: Solution found.
Sun Mar 30 10:08:10 CEST 2014: 22: finished (28ms, 2cycles)
Sun Mar 30 10:08:10 CEST 2014: 22: Solution found.
Sun Mar 30 10:08:10 CEST 2014: 23: finished (103ms, 12cycles)
Sun Mar 30 10:08:10 CEST 2014: 23: Solution found.
Sun Mar 30 10:08:10 CEST 2014: 24: finished (104ms, 12cycles)
Sun Mar 30 10:08:10 CEST 2014: 24: Solution found.
Sun Mar 30 10:08:14 CEST 2014: 25: finished (3682ms, 500cycles)
Sun Mar 30 10:08:14 CEST 2014: 25: No solution found.
Sun Mar 30 10:08:14 CEST 2014: 26: finished (46ms, 5cycles)
Sun Mar 30 10:08:14 CEST 2014: 26: Solution found.
Sun Mar 30 10:08:14 CEST 2014: 27: finished (118ms, 14cycles)
Sun Mar 30 10:08:14 CEST 2014: 27: Solution found.
Sun Mar 30 10:08:14 CEST 2014: 28: finished (103ms, 12cycles)
Sun Mar 30 10:08:14 CEST 2014: 28: Solution found.
Sun Mar 30 10:08:14 CEST 2014: 29: finished (23ms, 2cycles)
Sun Mar 30 10:08:14 CEST 2014: 29: Solution found.
Sun Mar 30 10:08:14 CEST 2014: 30: finished (149ms, 16cycles)
Sun Mar 30 10:08:14 CEST 2014: 30: Solution found.
Sun Mar 30 10:08:15 CEST 2014: 31: finished (38ms, 4cycles)
Sun Mar 30 10:08:15 CEST 2014: 31: Solution found.
Sun Mar 30 10:08:15 CEST 2014: 32: finished (24ms, 2cycles)
Sun Mar 30 10:08:15 CEST 2014: 32: Solution found.
Sun Mar 30 10:08:15 CEST 2014: 33: finished (343ms, 43cycles)
Sun Mar 30 10:08:15 CEST 2014: 33: Solution found.
Sun Mar 30 10:08:15 CEST 2014: 34: finished (107ms, 12cycles)
Sun Mar 30 10:08:15 CEST 2014: 34: Solution found.
Sun Mar 30 10:08:19 CEST 2014: 35: finished (3598ms, 500cycles)
Sun Mar 30 10:08:19 CEST 2014: 35: No solution found.
Sun Mar 30 10:08:19 CEST 2014: 36: finished (271ms, 31cycles)
Sun Mar 30 10:08:19 CEST 2014: 36: Solution found.
Sun Mar 30 10:08:19 CEST 2014: 37: finished (133ms, 16cycles)
Sun Mar 30 10:08:19 CEST 2014: 37: Solution found.
Sun Mar 30 10:08:19 CEST 2014: 38: finished (56ms, 6cycles)
Sun Mar 30 10:08:19 CEST 2014: 38: Solution found.
Sun Mar 30 10:08:19 CEST 2014: 39: finished (103ms, 12cycles)
Sun Mar 30 10:08:19 CEST 2014: 39: Solution found.
Sun Mar 30 10:08:19 CEST 2014: 40: finished (100ms, 12cycles)
Sun Mar 30 10:08:19 CEST 2014: 40: Solution found.
Sun Mar 30 10:08:19 CEST 2014: 41: finished (89ms, 10cycles)
Sun Mar 30 10:08:19 CEST 2014: 41: Solution found.
Sun Mar 30 10:08:20 CEST 2014: 42: finished (204ms, 25cycles)
Sun Mar 30 10:08:20 CEST 2014: 42: Solution found.
Sun Mar 30 10:08:20 CEST 2014: 43: finished (85ms, 10cycles)
Sun Mar 30 10:08:20 CEST 2014: 43: Solution found.
Sun Mar 30 10:08:20 CEST 2014: 44: finished (231ms, 27cycles)
Sun Mar 30 10:08:20 CEST 2014: 44: Solution found.
Sun Mar 30 10:08:20 CEST 2014: 45: finished (100ms, 12cycles)
Sun Mar 30 10:08:20 CEST 2014: 45: Solution found.
Sun Mar 30 10:08:20 CEST 2014: 46: finished (38ms, 4cycles)
Sun Mar 30 10:08:20 CEST 2014: 46: Solution found.
Sun Mar 30 10:08:20 CEST 2014: 47: finished (102ms, 12cycles)
Sun Mar 30 10:08:20 CEST 2014: 47: Solution found.
Sun Mar 30 10:08:24 CEST 2014: 48: finished (3700ms, 500cycles)
Sun Mar 30 10:08:24 CEST 2014: 48: No solution found.
Sun Mar 30 10:08:24 CEST 2014: 49: finished (95ms, 11cycles)
Sun Mar 30 10:08:24 CEST 2014: 49: Solution found.
Sun Mar 30 10:08:24 CEST 2014: 50: finished (153ms, 18cycles)
Sun Mar 30 10:08:24 CEST 2014: 50: Solution found.
Sun Mar 30 10:08:24 CEST 2014: 51: finished (266ms, 28cycles)
Sun Mar 30 10:08:24 CEST 2014: 51: Solution found.
Sun Mar 30 10:08:24 CEST 2014: 52: finished (79ms, 9cycles)
Sun Mar 30 10:08:24 CEST 2014: 52: Solution found.
Sun Mar 30 10:08:25 CEST 2014: 53: finished (192ms, 22cycles)
Sun Mar 30 10:08:25 CEST 2014: 53: Solution found.
Sun Mar 30 10:08:25 CEST 2014: 54: finished (74ms, 9cycles)
Sun Mar 30 10:08:25 CEST 2014: 54: Solution found.
Sun Mar 30 10:08:25 CEST 2014: 55: finished (148ms, 17cycles)
Sun Mar 30 10:08:25 CEST 2014: 55: Solution found.
Sun Mar 30 10:08:25 CEST 2014: 56: finished (268ms, 32cycles)
Sun Mar 30 10:08:25 CEST 2014: 56: Solution found.
Sun Mar 30 10:08:25 CEST 2014: 57: finished (120ms, 14cycles)
Sun Mar 30 10:08:25 CEST 2014: 57: Solution found.
Sun Mar 30 10:08:25 CEST 2014: 58: finished (68ms, 6cycles)
Sun Mar 30 10:08:25 CEST 2014: 58: Solution found.
Sun Mar 30 10:08:25 CEST 2014: 59: finished (63ms, 7cycles)
Sun Mar 30 10:08:25 CEST 2014: 59: Solution found.
Sun Mar 30 10:08:29 CEST 2014: 60: finished (3619ms, 500cycles)
Sun Mar 30 10:08:29 CEST 2014: 60: No solution found.
Sun Mar 30 10:08:29 CEST 2014: 61: finished (69ms, 8cycles)
Sun Mar 30 10:08:29 CEST 2014: 61: Solution found.
Sun Mar 30 10:08:29 CEST 2014: 62: finished (144ms, 16cycles)
Sun Mar 30 10:08:29 CEST 2014: 62: Solution found.
Sun Mar 30 10:08:29 CEST 2014: 63: finished (56ms, 6cycles)
Sun Mar 30 10:08:29 CEST 2014: 63: Solution found.
Sun Mar 30 10:08:29 CEST 2014: 64: finished (112ms, 13cycles)
Sun Mar 30 10:08:29 CEST 2014: 64: Solution found.
Sun Mar 30 10:08:30 CEST 2014: 65: finished (261ms, 30cycles)
Sun Mar 30 10:08:30 CEST 2014: 65: Solution found.
Sun Mar 30 10:08:30 CEST 2014: 66: finished (132ms, 15cycles)
Sun Mar 30 10:08:30 CEST 2014: 66: Solution found.
Sun Mar 30 10:08:30 CEST 2014: 67: finished (118ms, 14cycles)
Sun Mar 30 10:08:30 CEST 2014: 67: Solution found.
Sun Mar 30 10:08:30 CEST 2014: 68: finished (112ms, 13cycles)
Sun Mar 30 10:08:30 CEST 2014: 68: Solution found.
Sun Mar 30 10:08:30 CEST 2014: 69: finished (126ms, 14cycles)
Sun Mar 30 10:08:30 CEST 2014: 69: Solution found.
Sun Mar 30 10:08:30 CEST 2014: 70: finished (122ms, 14cycles)
Sun Mar 30 10:08:30 CEST 2014: 70: Solution found.
Sun Mar 30 10:08:30 CEST 2014: 71: finished (40ms, 4cycles)
Sun Mar 30 10:08:30 CEST 2014: 71: Solution found.
Sun Mar 30 10:08:30 CEST 2014: 72: finished (82ms, 9cycles)
Sun Mar 30 10:08:30 CEST 2014: 72: Solution found.
Sun Mar 30 10:08:30 CEST 2014: 73: finished (159ms, 19cycles)
Sun Mar 30 10:08:30 CEST 2014: 73: Solution found.
Sun Mar 30 10:08:31 CEST 2014: 74: finished (137ms, 15cycles)
Sun Mar 30 10:08:31 CEST 2014: 74: Solution found.
Sun Mar 30 10:08:31 CEST 2014: 75: finished (165ms, 19cycles)
Sun Mar 30 10:08:31 CEST 2014: 75: Solution found.
Sun Mar 30 10:08:31 CEST 2014: 76: finished (187ms, 22cycles)
Sun Mar 30 10:08:31 CEST 2014: 76: Solution found.
Sun Mar 30 10:08:31 CEST 2014: 77: finished (197ms, 23cycles)
Sun Mar 30 10:08:31 CEST 2014: 77: Solution found.
Sun Mar 30 10:08:31 CEST 2014: 78: finished (89ms, 10cycles)
Sun Mar 30 10:08:31 CEST 2014: 78: Solution found.
Sun Mar 30 10:08:31 CEST 2014: 79: finished (40ms, 4cycles)
Sun Mar 30 10:08:31 CEST 2014: 79: Solution found.
Sun Mar 30 10:08:31 CEST 2014: 80: finished (148ms, 18cycles)
Sun Mar 30 10:08:31 CEST 2014: 80: Solution found.
Sun Mar 30 10:08:32 CEST 2014: 81: finished (227ms, 27cycles)
Sun Mar 30 10:08:32 CEST 2014: 81: Solution found.
Sun Mar 30 10:08:32 CEST 2014: 82: finished (155ms, 18cycles)
Sun Mar 30 10:08:32 CEST 2014: 82: Solution found.
Sun Mar 30 10:08:32 CEST 2014: 83: finished (23ms, 1cycles)
Sun Mar 30 10:08:32 CEST 2014: 83: Solution found.
Sun Mar 30 10:08:32 CEST 2014: 84: finished (136ms, 16cycles)
Sun Mar 30 10:08:32 CEST 2014: 84: Solution found.
Sun Mar 30 10:08:32 CEST 2014: 85: finished (108ms, 13cycles)
Sun Mar 30 10:08:32 CEST 2014: 85: Solution found.
Sun Mar 30 10:08:32 CEST 2014: 86: finished (150ms, 18cycles)
Sun Mar 30 10:08:32 CEST 2014: 86: Solution found.
Sun Mar 30 10:08:32 CEST 2014: 87: finished (119ms, 14cycles)
Sun Mar 30 10:08:32 CEST 2014: 87: Solution found.
Sun Mar 30 10:08:33 CEST 2014: 88: finished (217ms, 27cycles)
Sun Mar 30 10:08:33 CEST 2014: 88: Solution found.
Sun Mar 30 10:08:33 CEST 2014: 89: finished (180ms, 20cycles)
Sun Mar 30 10:08:33 CEST 2014: 89: Solution found.
Sun Mar 30 10:08:33 CEST 2014: 90: finished (64ms, 7cycles)
Sun Mar 30 10:08:33 CEST 2014: 90: Solution found.
Sun Mar 30 10:08:33 CEST 2014: 91: finished (170ms, 19cycles)
Sun Mar 30 10:08:33 CEST 2014: 91: Solution found.
Sun Mar 30 10:08:33 CEST 2014: 92: finished (51ms, 5cycles)
Sun Mar 30 10:08:33 CEST 2014: 92: Solution found.
Sun Mar 30 10:08:33 CEST 2014: 93: finished (31ms, 3cycles)
Sun Mar 30 10:08:33 CEST 2014: 93: Solution found.
Sun Mar 30 10:08:33 CEST 2014: 94: finished (113ms, 13cycles)
Sun Mar 30 10:08:33 CEST 2014: 94: Solution found.
Sun Mar 30 10:08:33 CEST 2014: 95: finished (123ms, 14cycles)
Sun Mar 30 10:08:33 CEST 2014: 95: Solution found.
Sun Mar 30 10:08:33 CEST 2014: 96: finished (108ms, 13cycles)
Sun Mar 30 10:08:33 CEST 2014: 96: Solution found.
Sun Mar 30 10:08:34 CEST 2014: 97: finished (139ms, 17cycles)
Sun Mar 30 10:08:34 CEST 2014: 97: Solution found.
Sun Mar 30 10:08:37 CEST 2014: 98: finished (3682ms, 500cycles)
Sun Mar 30 10:08:37 CEST 2014: 98: No solution found.
Sun Mar 30 10:08:37 CEST 2014: 99: finished (131ms, 14cycles)
Sun Mar 30 10:08:37 CEST 2014: 99: Solution found.
Sun Mar 30 10:08:37 CEST 2014: Solution Found: 94
Sun Mar 30 10:08:37 CEST 2014: Avg cycles: 14
Sun Mar 30 10:08:37 CEST 2014: Max cycles: 43
Sun Mar 30 10:08:37 CEST 2014: Min cycles: 1
Sun Mar 30 10:08:37 CEST 2014: No solution found: 6
Sun Mar 30 10:08:37 CEST 2014: logging finished. (runtime: 33756ms)
