Mon May 19 21:22:03 CEST 2014: Problem Count: 20
Mon May 19 21:22:03 CEST 2014: CandidatesCount: 250
Mon May 19 21:22:03 CEST 2014: Max Cycles: 500
Mon May 19 21:22:04 CEST 2014: 0: finished (695ms, 52cycles)
Mon May 19 21:22:04 CEST 2014: 0: Solution found.
Mon May 19 21:22:04 CEST 2014: 1: finished (649ms, 50cycles)
Mon May 19 21:22:04 CEST 2014: 1: Solution found.
Mon May 19 21:22:05 CEST 2014: 2: finished (341ms, 30cycles)
Mon May 19 21:22:05 CEST 2014: 2: Solution found.
Mon May 19 21:22:05 CEST 2014: 3: finished (298ms, 26cycles)
Mon May 19 21:22:05 CEST 2014: 3: Solution found.
Mon May 19 21:22:06 CEST 2014: 4: finished (382ms, 35cycles)
Mon May 19 21:22:06 CEST 2014: 4: Solution found.
Mon May 19 21:22:06 CEST 2014: 5: finished (256ms, 22cycles)
Mon May 19 21:22:06 CEST 2014: 5: Solution found.
Mon May 19 21:22:07 CEST 2014: 6: finished (796ms, 63cycles)
Mon May 19 21:22:07 CEST 2014: 6: Solution found.
Mon May 19 21:22:07 CEST 2014: 7: finished (300ms, 22cycles)
Mon May 19 21:22:07 CEST 2014: 7: Solution found.
Mon May 19 21:22:07 CEST 2014: 8: finished (406ms, 30cycles)
Mon May 19 21:22:07 CEST 2014: 8: Solution found.
Mon May 19 21:22:08 CEST 2014: 9: finished (604ms, 45cycles)
Mon May 19 21:22:08 CEST 2014: 9: Solution found.
Mon May 19 21:22:09 CEST 2014: 10: finished (667ms, 54cycles)
Mon May 19 21:22:09 CEST 2014: 10: Solution found.
Mon May 19 21:22:09 CEST 2014: 11: finished (597ms, 41cycles)
Mon May 19 21:22:09 CEST 2014: 11: Solution found.
Mon May 19 21:22:10 CEST 2014: 12: finished (461ms, 35cycles)
Mon May 19 21:22:10 CEST 2014: 12: Solution found.
Mon May 19 21:22:10 CEST 2014: 13: finished (628ms, 49cycles)
Mon May 19 21:22:10 CEST 2014: 13: Solution found.
Mon May 19 21:22:11 CEST 2014: 14: finished (375ms, 27cycles)
Mon May 19 21:22:11 CEST 2014: 14: Solution found.
Mon May 19 21:22:11 CEST 2014: 15: finished (455ms, 35cycles)
Mon May 19 21:22:11 CEST 2014: 15: Solution found.
Mon May 19 21:22:12 CEST 2014: 16: finished (379ms, 28cycles)
Mon May 19 21:22:12 CEST 2014: 16: Solution found.
Mon May 19 21:22:12 CEST 2014: 17: finished (384ms, 30cycles)
Mon May 19 21:22:12 CEST 2014: 17: Solution found.
Mon May 19 21:22:13 CEST 2014: 18: finished (504ms, 42cycles)
Mon May 19 21:22:13 CEST 2014: 18: Solution found.
Mon May 19 21:22:13 CEST 2014: 19: finished (324ms, 27cycles)
Mon May 19 21:22:13 CEST 2014: 19: Solution found.
Mon May 19 21:22:13 CEST 2014: 20: finished (364ms, 36cycles)
Mon May 19 21:22:13 CEST 2014: 20: Solution found.
Mon May 19 21:22:14 CEST 2014: 21: finished (503ms, 42cycles)
Mon May 19 21:22:14 CEST 2014: 21: Solution found.
Mon May 19 21:22:15 CEST 2014: 22: finished (753ms, 63cycles)
Mon May 19 21:22:15 CEST 2014: 22: Solution found.
Mon May 19 21:22:15 CEST 2014: 23: finished (354ms, 27cycles)
Mon May 19 21:22:15 CEST 2014: 23: Solution found.
Mon May 19 21:22:16 CEST 2014: 24: finished (779ms, 60cycles)
Mon May 19 21:22:16 CEST 2014: 24: Solution found.
Mon May 19 21:22:17 CEST 2014: 25: finished (909ms, 62cycles)
Mon May 19 21:22:17 CEST 2014: 25: Solution found.
Mon May 19 21:22:17 CEST 2014: 26: finished (440ms, 32cycles)
Mon May 19 21:22:17 CEST 2014: 26: Solution found.
Mon May 19 21:22:18 CEST 2014: 27: finished (569ms, 39cycles)
Mon May 19 21:22:18 CEST 2014: 27: Solution found.
Mon May 19 21:22:18 CEST 2014: 28: finished (716ms, 52cycles)
Mon May 19 21:22:18 CEST 2014: 28: Solution found.
Mon May 19 21:22:19 CEST 2014: 29: finished (783ms, 57cycles)
Mon May 19 21:22:19 CEST 2014: 29: Solution found.
Mon May 19 21:22:20 CEST 2014: 30: finished (508ms, 36cycles)
Mon May 19 21:22:20 CEST 2014: 30: Solution found.
Mon May 19 21:22:20 CEST 2014: 31: finished (634ms, 41cycles)
Mon May 19 21:22:20 CEST 2014: 31: Solution found.
Mon May 19 21:22:21 CEST 2014: 32: finished (580ms, 43cycles)
Mon May 19 21:22:21 CEST 2014: 32: Solution found.
Mon May 19 21:22:22 CEST 2014: 33: finished (486ms, 34cycles)
Mon May 19 21:22:22 CEST 2014: 33: Solution found.
Mon May 19 21:22:22 CEST 2014: 34: finished (515ms, 36cycles)
Mon May 19 21:22:22 CEST 2014: 34: Solution found.
Mon May 19 21:22:23 CEST 2014: 35: finished (500ms, 38cycles)
Mon May 19 21:22:23 CEST 2014: 35: Solution found.
Mon May 19 21:22:23 CEST 2014: 36: finished (564ms, 43cycles)
Mon May 19 21:22:23 CEST 2014: 36: Solution found.
Mon May 19 21:22:24 CEST 2014: 37: finished (735ms, 56cycles)
Mon May 19 21:22:24 CEST 2014: 37: Solution found.
Mon May 19 21:22:25 CEST 2014: 38: finished (666ms, 52cycles)
Mon May 19 21:22:25 CEST 2014: 38: Solution found.
Mon May 19 21:22:25 CEST 2014: 39: finished (589ms, 46cycles)
Mon May 19 21:22:25 CEST 2014: 39: Solution found.
Mon May 19 21:22:26 CEST 2014: 40: finished (673ms, 40cycles)
Mon May 19 21:22:26 CEST 2014: 40: Solution found.
Mon May 19 21:22:27 CEST 2014: 41: finished (1070ms, 64cycles)
Mon May 19 21:22:27 CEST 2014: 41: Solution found.
Mon May 19 21:22:28 CEST 2014: 42: finished (924ms, 66cycles)
Mon May 19 21:22:28 CEST 2014: 42: Solution found.
Mon May 19 21:22:28 CEST 2014: 43: finished (602ms, 38cycles)
Mon May 19 21:22:28 CEST 2014: 43: Solution found.
Mon May 19 21:22:29 CEST 2014: 44: finished (1010ms, 63cycles)
Mon May 19 21:22:29 CEST 2014: 44: Solution found.
Mon May 19 21:22:30 CEST 2014: 45: finished (295ms, 24cycles)
Mon May 19 21:22:30 CEST 2014: 45: Solution found.
Mon May 19 21:22:30 CEST 2014: 46: finished (451ms, 37cycles)
Mon May 19 21:22:30 CEST 2014: 46: Solution found.
Mon May 19 21:22:31 CEST 2014: 47: finished (660ms, 48cycles)
Mon May 19 21:22:31 CEST 2014: 47: Solution found.
Mon May 19 21:22:31 CEST 2014: 48: finished (438ms, 35cycles)
Mon May 19 21:22:31 CEST 2014: 48: Solution found.
Mon May 19 21:22:32 CEST 2014: 49: finished (617ms, 43cycles)
Mon May 19 21:22:32 CEST 2014: 49: Solution found.
Mon May 19 21:22:33 CEST 2014: 50: finished (574ms, 46cycles)
Mon May 19 21:22:33 CEST 2014: 50: Solution found.
Mon May 19 21:22:33 CEST 2014: 51: finished (392ms, 25cycles)
Mon May 19 21:22:33 CEST 2014: 51: Solution found.
Mon May 19 21:22:34 CEST 2014: 52: finished (624ms, 43cycles)
Mon May 19 21:22:34 CEST 2014: 52: Solution found.
Mon May 19 21:22:34 CEST 2014: 53: finished (404ms, 30cycles)
Mon May 19 21:22:34 CEST 2014: 53: Solution found.
Mon May 19 21:22:35 CEST 2014: 54: finished (524ms, 45cycles)
Mon May 19 21:22:35 CEST 2014: 54: Solution found.
Mon May 19 21:22:35 CEST 2014: 55: finished (396ms, 29cycles)
Mon May 19 21:22:35 CEST 2014: 55: Solution found.
Mon May 19 21:22:36 CEST 2014: 56: finished (648ms, 42cycles)
Mon May 19 21:22:36 CEST 2014: 56: Solution found.
Mon May 19 21:22:36 CEST 2014: 57: finished (549ms, 45cycles)
Mon May 19 21:22:36 CEST 2014: 57: Solution found.
Mon May 19 21:22:37 CEST 2014: 58: finished (365ms, 26cycles)
Mon May 19 21:22:37 CEST 2014: 58: Solution found.
Mon May 19 21:22:37 CEST 2014: 59: finished (697ms, 46cycles)
Mon May 19 21:22:37 CEST 2014: 59: Solution found.
Mon May 19 21:22:38 CEST 2014: 60: finished (802ms, 58cycles)
Mon May 19 21:22:38 CEST 2014: 60: Solution found.
Mon May 19 21:22:39 CEST 2014: 61: finished (882ms, 65cycles)
Mon May 19 21:22:39 CEST 2014: 61: Solution found.
Mon May 19 21:22:40 CEST 2014: 62: finished (837ms, 55cycles)
Mon May 19 21:22:40 CEST 2014: 62: Solution found.
Mon May 19 21:22:41 CEST 2014: 63: finished (757ms, 51cycles)
Mon May 19 21:22:41 CEST 2014: 63: Solution found.
Mon May 19 21:22:42 CEST 2014: 64: finished (1067ms, 78cycles)
Mon May 19 21:22:42 CEST 2014: 64: Solution found.
Mon May 19 21:22:43 CEST 2014: 65: finished (696ms, 48cycles)
Mon May 19 21:22:43 CEST 2014: 65: Solution found.
Mon May 19 21:22:43 CEST 2014: 66: finished (467ms, 35cycles)
Mon May 19 21:22:43 CEST 2014: 66: Solution found.
Mon May 19 21:22:44 CEST 2014: 67: finished (460ms, 37cycles)
Mon May 19 21:22:44 CEST 2014: 67: Solution found.
Mon May 19 21:22:44 CEST 2014: 68: finished (550ms, 38cycles)
Mon May 19 21:22:44 CEST 2014: 68: Solution found.
Mon May 19 21:22:45 CEST 2014: 69: finished (693ms, 57cycles)
Mon May 19 21:22:45 CEST 2014: 69: Solution found.
Mon May 19 21:22:45 CEST 2014: 70: finished (612ms, 46cycles)
Mon May 19 21:22:45 CEST 2014: 70: Solution found.
Mon May 19 21:22:46 CEST 2014: 71: finished (492ms, 32cycles)
Mon May 19 21:22:46 CEST 2014: 71: Solution found.
Mon May 19 21:22:47 CEST 2014: 72: finished (846ms, 66cycles)
Mon May 19 21:22:47 CEST 2014: 72: Solution found.
Mon May 19 21:22:47 CEST 2014: 73: finished (481ms, 43cycles)
Mon May 19 21:22:47 CEST 2014: 73: Solution found.
Mon May 19 21:22:48 CEST 2014: 74: finished (696ms, 37cycles)
Mon May 19 21:22:48 CEST 2014: 74: Solution found.
Mon May 19 21:22:49 CEST 2014: 75: finished (1325ms, 97cycles)
Mon May 19 21:22:49 CEST 2014: 75: Solution found.
Mon May 19 21:22:50 CEST 2014: 76: finished (567ms, 38cycles)
Mon May 19 21:22:50 CEST 2014: 76: Solution found.
Mon May 19 21:22:51 CEST 2014: 77: finished (674ms, 47cycles)
Mon May 19 21:22:51 CEST 2014: 77: Solution found.
Mon May 19 21:22:51 CEST 2014: 78: finished (594ms, 39cycles)
Mon May 19 21:22:51 CEST 2014: 78: Solution found.
Mon May 19 21:22:52 CEST 2014: 79: finished (589ms, 37cycles)
Mon May 19 21:22:52 CEST 2014: 79: Solution found.
Mon May 19 21:22:53 CEST 2014: 80: finished (1005ms, 59cycles)
Mon May 19 21:22:53 CEST 2014: 80: Solution found.
Mon May 19 21:22:53 CEST 2014: 81: finished (502ms, 36cycles)
Mon May 19 21:22:53 CEST 2014: 81: Solution found.
Mon May 19 21:22:54 CEST 2014: 82: finished (297ms, 17cycles)
Mon May 19 21:22:54 CEST 2014: 82: Solution found.
Mon May 19 21:22:54 CEST 2014: 83: finished (801ms, 56cycles)
Mon May 19 21:22:54 CEST 2014: 83: Solution found.
Mon May 19 21:22:55 CEST 2014: 84: finished (738ms, 40cycles)
Mon May 19 21:22:55 CEST 2014: 84: Solution found.
Mon May 19 21:22:56 CEST 2014: 85: finished (482ms, 32cycles)
Mon May 19 21:22:56 CEST 2014: 85: Solution found.
Mon May 19 21:22:56 CEST 2014: 86: finished (517ms, 45cycles)
Mon May 19 21:22:56 CEST 2014: 86: Solution found.
Mon May 19 21:22:57 CEST 2014: 87: finished (758ms, 53cycles)
Mon May 19 21:22:57 CEST 2014: 87: Solution found.
Mon May 19 21:22:58 CEST 2014: 88: finished (747ms, 51cycles)
Mon May 19 21:22:58 CEST 2014: 88: Solution found.
Mon May 19 21:22:58 CEST 2014: 89: finished (245ms, 17cycles)
Mon May 19 21:22:58 CEST 2014: 89: Solution found.
Mon May 19 21:22:59 CEST 2014: 90: finished (527ms, 39cycles)
Mon May 19 21:22:59 CEST 2014: 90: Solution found.
Mon May 19 21:22:59 CEST 2014: 91: finished (794ms, 50cycles)
Mon May 19 21:22:59 CEST 2014: 91: Solution found.
Mon May 19 21:23:00 CEST 2014: 92: finished (706ms, 42cycles)
Mon May 19 21:23:00 CEST 2014: 92: Solution found.
Mon May 19 21:23:01 CEST 2014: 93: finished (819ms, 53cycles)
Mon May 19 21:23:01 CEST 2014: 93: Solution found.
Mon May 19 21:23:01 CEST 2014: 94: finished (564ms, 45cycles)
Mon May 19 21:23:01 CEST 2014: 94: Solution found.
Mon May 19 21:23:02 CEST 2014: 95: finished (577ms, 42cycles)
Mon May 19 21:23:02 CEST 2014: 95: Solution found.
Mon May 19 21:23:03 CEST 2014: 96: finished (525ms, 33cycles)
Mon May 19 21:23:03 CEST 2014: 96: Solution found.
Mon May 19 21:23:03 CEST 2014: 97: finished (790ms, 52cycles)
Mon May 19 21:23:03 CEST 2014: 97: Solution found.
Mon May 19 21:23:04 CEST 2014: 98: finished (563ms, 42cycles)
Mon May 19 21:23:04 CEST 2014: 98: Solution found.
Mon May 19 21:23:04 CEST 2014: 99: finished (311ms, 30cycles)
Mon May 19 21:23:04 CEST 2014: 99: Solution found.
Mon May 19 21:23:04 CEST 2014: Solution Found: 100
Mon May 19 21:23:04 CEST 2014: Avg cycles: 43
Mon May 19 21:23:04 CEST 2014: Max cycles: 97
Mon May 19 21:23:04 CEST 2014: Min cycles: 17
Mon May 19 21:23:04 CEST 2014: No solution found: 0
Mon May 19 21:23:04 CEST 2014: logging finished. (runtime: 61241ms)
