Sun Mar 23 21:18:27 CET 2014: Problem Count: 50
Sun Mar 23 21:18:27 CET 2014: CandidatesCount: 250
Sun Mar 23 21:18:27 CET 2014: Max Cycles: 500
Sun Mar 23 21:18:27 CET 2014: 0: finished (38ms, 10cycles)
Sun Mar 23 21:18:27 CET 2014: 0: Solution found.
Sun Mar 23 21:18:27 CET 2014: 1: finished (48ms, 8cycles)
Sun Mar 23 21:18:27 CET 2014: 1: Solution found.
Sun Mar 23 21:18:27 CET 2014: 2: finished (53ms, 15cycles)
Sun Mar 23 21:18:27 CET 2014: 2: Solution found.
Sun Mar 23 21:18:28 CET 2014: 3: finished (45ms, 14cycles)
Sun Mar 23 21:18:28 CET 2014: 3: Solution found.
Sun Mar 23 21:18:28 CET 2014: 4: finished (15ms, 4cycles)
Sun Mar 23 21:18:28 CET 2014: 4: Solution found.
Sun Mar 23 21:18:28 CET 2014: 5: finished (43ms, 11cycles)
Sun Mar 23 21:18:28 CET 2014: 5: Solution found.
Sun Mar 23 21:18:28 CET 2014: 6: finished (27ms, 8cycles)
Sun Mar 23 21:18:28 CET 2014: 6: Solution found.
Sun Mar 23 21:18:28 CET 2014: 7: finished (11ms, 2cycles)
Sun Mar 23 21:18:28 CET 2014: 7: Solution found.
Sun Mar 23 21:18:28 CET 2014: 8: finished (49ms, 15cycles)
Sun Mar 23 21:18:28 CET 2014: 8: Solution found.
Sun Mar 23 21:18:28 CET 2014: 9: finished (56ms, 16cycles)
Sun Mar 23 21:18:28 CET 2014: 9: Solution found.
Sun Mar 23 21:18:29 CET 2014: 10: finished (1339ms, 500cycles)
Sun Mar 23 21:18:29 CET 2014: 10: No solution found.
Sun Mar 23 21:18:29 CET 2014: 11: finished (99ms, 33cycles)
Sun Mar 23 21:18:29 CET 2014: 11: Solution found.
Sun Mar 23 21:18:31 CET 2014: 12: finished (1345ms, 500cycles)
Sun Mar 23 21:18:31 CET 2014: 12: No solution found.
Sun Mar 23 21:18:31 CET 2014: 13: finished (101ms, 32cycles)
Sun Mar 23 21:18:31 CET 2014: 13: Solution found.
Sun Mar 23 21:18:31 CET 2014: 14: finished (28ms, 7cycles)
Sun Mar 23 21:18:31 CET 2014: 14: Solution found.
Sun Mar 23 21:18:31 CET 2014: 15: finished (10ms, 2cycles)
Sun Mar 23 21:18:31 CET 2014: 15: Solution found.
Sun Mar 23 21:18:31 CET 2014: 16: finished (25ms, 6cycles)
Sun Mar 23 21:18:31 CET 2014: 16: Solution found.
Sun Mar 23 21:18:31 CET 2014: 17: finished (30ms, 8cycles)
Sun Mar 23 21:18:31 CET 2014: 17: Solution found.
Sun Mar 23 21:18:31 CET 2014: 18: finished (41ms, 11cycles)
Sun Mar 23 21:18:31 CET 2014: 18: Solution found.
Sun Mar 23 21:18:31 CET 2014: 19: finished (9ms, 2cycles)
Sun Mar 23 21:18:31 CET 2014: 19: Solution found.
Sun Mar 23 21:18:31 CET 2014: 20: finished (32ms, 10cycles)
Sun Mar 23 21:18:31 CET 2014: 20: Solution found.
Sun Mar 23 21:18:31 CET 2014: 21: finished (35ms, 11cycles)
Sun Mar 23 21:18:31 CET 2014: 21: Solution found.
Sun Mar 23 21:18:31 CET 2014: 22: finished (47ms, 15cycles)
Sun Mar 23 21:18:31 CET 2014: 22: Solution found.
Sun Mar 23 21:18:31 CET 2014: 23: finished (14ms, 3cycles)
Sun Mar 23 21:18:31 CET 2014: 23: Solution found.
Sun Mar 23 21:18:31 CET 2014: 24: finished (6ms, 1cycles)
Sun Mar 23 21:18:31 CET 2014: 24: Solution found.
Sun Mar 23 21:18:31 CET 2014: 25: finished (60ms, 19cycles)
Sun Mar 23 21:18:31 CET 2014: 25: Solution found.
Sun Mar 23 21:18:31 CET 2014: 26: finished (74ms, 26cycles)
Sun Mar 23 21:18:31 CET 2014: 26: Solution found.
Sun Mar 23 21:18:31 CET 2014: 27: finished (35ms, 11cycles)
Sun Mar 23 21:18:31 CET 2014: 27: Solution found.
Sun Mar 23 21:18:31 CET 2014: 28: finished (21ms, 6cycles)
Sun Mar 23 21:18:31 CET 2014: 28: Solution found.
Sun Mar 23 21:18:32 CET 2014: 29: finished (1330ms, 500cycles)
Sun Mar 23 21:18:32 CET 2014: 29: No solution found.
Sun Mar 23 21:18:32 CET 2014: 30: finished (49ms, 16cycles)
Sun Mar 23 21:18:32 CET 2014: 30: Solution found.
Sun Mar 23 21:18:33 CET 2014: 31: finished (29ms, 9cycles)
Sun Mar 23 21:18:33 CET 2014: 31: Solution found.
Sun Mar 23 21:18:33 CET 2014: 32: finished (35ms, 10cycles)
Sun Mar 23 21:18:33 CET 2014: 32: Solution found.
Sun Mar 23 21:18:33 CET 2014: 33: finished (33ms, 10cycles)
Sun Mar 23 21:18:33 CET 2014: 33: Solution found.
Sun Mar 23 21:18:33 CET 2014: 34: finished (67ms, 20cycles)
Sun Mar 23 21:18:33 CET 2014: 34: Solution found.
Sun Mar 23 21:18:33 CET 2014: 35: finished (12ms, 3cycles)
Sun Mar 23 21:18:33 CET 2014: 35: Solution found.
Sun Mar 23 21:18:33 CET 2014: 36: finished (132ms, 45cycles)
Sun Mar 23 21:18:33 CET 2014: 36: Solution found.
Sun Mar 23 21:18:34 CET 2014: 37: finished (1358ms, 500cycles)
Sun Mar 23 21:18:34 CET 2014: 37: No solution found.
Sun Mar 23 21:18:34 CET 2014: 38: finished (11ms, 1cycles)
Sun Mar 23 21:18:34 CET 2014: 38: Solution found.
Sun Mar 23 21:18:34 CET 2014: 39: finished (108ms, 33cycles)
Sun Mar 23 21:18:34 CET 2014: 39: Solution found.
Sun Mar 23 21:18:34 CET 2014: 40: finished (44ms, 13cycles)
Sun Mar 23 21:18:34 CET 2014: 40: Solution found.
Sun Mar 23 21:18:34 CET 2014: 41: finished (53ms, 17cycles)
Sun Mar 23 21:18:34 CET 2014: 41: Solution found.
Sun Mar 23 21:18:34 CET 2014: 42: finished (32ms, 10cycles)
Sun Mar 23 21:18:34 CET 2014: 42: Solution found.
Sun Mar 23 21:18:34 CET 2014: 43: finished (36ms, 11cycles)
Sun Mar 23 21:18:34 CET 2014: 43: Solution found.
Sun Mar 23 21:18:34 CET 2014: 44: finished (37ms, 10cycles)
Sun Mar 23 21:18:34 CET 2014: 44: Solution found.
Sun Mar 23 21:18:35 CET 2014: 45: finished (39ms, 12cycles)
Sun Mar 23 21:18:35 CET 2014: 45: Solution found.
Sun Mar 23 21:18:35 CET 2014: 46: finished (31ms, 9cycles)
Sun Mar 23 21:18:35 CET 2014: 46: Solution found.
Sun Mar 23 21:18:35 CET 2014: 47: finished (42ms, 13cycles)
Sun Mar 23 21:18:35 CET 2014: 47: Solution found.
Sun Mar 23 21:18:35 CET 2014: 48: finished (57ms, 17cycles)
Sun Mar 23 21:18:35 CET 2014: 48: Solution found.
Sun Mar 23 21:18:35 CET 2014: 49: finished (23ms, 7cycles)
Sun Mar 23 21:18:35 CET 2014: 49: Solution found.
Sun Mar 23 21:18:35 CET 2014: 50: finished (15ms, 4cycles)
Sun Mar 23 21:18:35 CET 2014: 50: Solution found.
Sun Mar 23 21:18:35 CET 2014: 51: finished (16ms, 4cycles)
Sun Mar 23 21:18:35 CET 2014: 51: Solution found.
Sun Mar 23 21:18:35 CET 2014: 52: finished (7ms, 1cycles)
Sun Mar 23 21:18:35 CET 2014: 52: Solution found.
Sun Mar 23 21:18:35 CET 2014: 53: finished (53ms, 17cycles)
Sun Mar 23 21:18:35 CET 2014: 53: Solution found.
Sun Mar 23 21:18:35 CET 2014: 54: finished (7ms, 1cycles)
Sun Mar 23 21:18:35 CET 2014: 54: Solution found.
Sun Mar 23 21:18:35 CET 2014: 55: finished (61ms, 18cycles)
Sun Mar 23 21:18:35 CET 2014: 55: Solution found.
Sun Mar 23 21:18:35 CET 2014: 56: finished (105ms, 32cycles)
Sun Mar 23 21:18:35 CET 2014: 56: Solution found.
Sun Mar 23 21:18:35 CET 2014: 57: finished (63ms, 18cycles)
Sun Mar 23 21:18:35 CET 2014: 57: Solution found.
Sun Mar 23 21:18:35 CET 2014: 58: finished (93ms, 31cycles)
Sun Mar 23 21:18:35 CET 2014: 58: Solution found.
Sun Mar 23 21:18:35 CET 2014: 59: finished (6ms, 1cycles)
Sun Mar 23 21:18:35 CET 2014: 59: Solution found.
Sun Mar 23 21:18:35 CET 2014: 60: finished (23ms, 7cycles)
Sun Mar 23 21:18:35 CET 2014: 60: Solution found.
Sun Mar 23 21:18:35 CET 2014: 61: finished (50ms, 15cycles)
Sun Mar 23 21:18:35 CET 2014: 61: Solution found.
Sun Mar 23 21:18:35 CET 2014: 62: finished (34ms, 10cycles)
Sun Mar 23 21:18:35 CET 2014: 62: Solution found.
Sun Mar 23 21:18:35 CET 2014: 63: finished (15ms, 4cycles)
Sun Mar 23 21:18:35 CET 2014: 63: Solution found.
Sun Mar 23 21:18:35 CET 2014: 64: finished (27ms, 8cycles)
Sun Mar 23 21:18:35 CET 2014: 64: Solution found.
Sun Mar 23 21:18:35 CET 2014: 65: finished (72ms, 20cycles)
Sun Mar 23 21:18:35 CET 2014: 65: Solution found.
Sun Mar 23 21:18:37 CET 2014: 66: finished (1353ms, 500cycles)
Sun Mar 23 21:18:37 CET 2014: 66: No solution found.
Sun Mar 23 21:18:37 CET 2014: 67: finished (13ms, 3cycles)
Sun Mar 23 21:18:37 CET 2014: 67: Solution found.
Sun Mar 23 21:18:37 CET 2014: 68: finished (18ms, 5cycles)
Sun Mar 23 21:18:37 CET 2014: 68: Solution found.
Sun Mar 23 21:18:37 CET 2014: 69: finished (9ms, 2cycles)
Sun Mar 23 21:18:37 CET 2014: 69: Solution found.
Sun Mar 23 21:18:37 CET 2014: 70: finished (48ms, 15cycles)
Sun Mar 23 21:18:37 CET 2014: 70: Solution found.
Sun Mar 23 21:18:37 CET 2014: 71: finished (59ms, 18cycles)
Sun Mar 23 21:18:37 CET 2014: 71: Solution found.
Sun Mar 23 21:18:37 CET 2014: 72: finished (32ms, 10cycles)
Sun Mar 23 21:18:37 CET 2014: 72: Solution found.
Sun Mar 23 21:18:37 CET 2014: 73: finished (21ms, 6cycles)
Sun Mar 23 21:18:37 CET 2014: 73: Solution found.
Sun Mar 23 21:18:37 CET 2014: 74: finished (46ms, 14cycles)
Sun Mar 23 21:18:37 CET 2014: 74: Solution found.
Sun Mar 23 21:18:38 CET 2014: 75: finished (1346ms, 500cycles)
Sun Mar 23 21:18:38 CET 2014: 75: No solution found.
Sun Mar 23 21:18:38 CET 2014: 76: finished (123ms, 41cycles)
Sun Mar 23 21:18:38 CET 2014: 76: Solution found.
Sun Mar 23 21:18:38 CET 2014: 77: finished (40ms, 12cycles)
Sun Mar 23 21:18:38 CET 2014: 77: Solution found.
Sun Mar 23 21:18:38 CET 2014: 78: finished (21ms, 6cycles)
Sun Mar 23 21:18:38 CET 2014: 78: Solution found.
Sun Mar 23 21:18:38 CET 2014: 79: finished (20ms, 6cycles)
Sun Mar 23 21:18:38 CET 2014: 79: Solution found.
Sun Mar 23 21:18:39 CET 2014: 80: finished (44ms, 14cycles)
Sun Mar 23 21:18:39 CET 2014: 80: Solution found.
Sun Mar 23 21:18:39 CET 2014: 81: finished (43ms, 10cycles)
Sun Mar 23 21:18:39 CET 2014: 81: Solution found.
Sun Mar 23 21:18:39 CET 2014: 82: finished (32ms, 10cycles)
Sun Mar 23 21:18:39 CET 2014: 82: Solution found.
Sun Mar 23 21:18:39 CET 2014: 83: finished (32ms, 10cycles)
Sun Mar 23 21:18:39 CET 2014: 83: Solution found.
Sun Mar 23 21:18:39 CET 2014: 84: finished (26ms, 8cycles)
Sun Mar 23 21:18:39 CET 2014: 84: Solution found.
Sun Mar 23 21:18:39 CET 2014: 85: finished (21ms, 6cycles)
Sun Mar 23 21:18:39 CET 2014: 85: Solution found.
Sun Mar 23 21:18:39 CET 2014: 86: finished (23ms, 5cycles)
Sun Mar 23 21:18:39 CET 2014: 86: Solution found.
Sun Mar 23 21:18:40 CET 2014: 87: finished (1326ms, 500cycles)
Sun Mar 23 21:18:40 CET 2014: 87: No solution found.
Sun Mar 23 21:18:41 CET 2014: 88: finished (1386ms, 500cycles)
Sun Mar 23 21:18:41 CET 2014: 88: No solution found.
Sun Mar 23 21:18:41 CET 2014: 89: finished (12ms, 3cycles)
Sun Mar 23 21:18:41 CET 2014: 89: Solution found.
Sun Mar 23 21:18:41 CET 2014: 90: finished (7ms, 1cycles)
Sun Mar 23 21:18:41 CET 2014: 90: Solution found.
Sun Mar 23 21:18:41 CET 2014: 91: finished (6ms, 1cycles)
Sun Mar 23 21:18:41 CET 2014: 91: Solution found.
Sun Mar 23 21:18:41 CET 2014: 92: finished (51ms, 15cycles)
Sun Mar 23 21:18:41 CET 2014: 92: Solution found.
Sun Mar 23 21:18:43 CET 2014: 93: finished (1484ms, 500cycles)
Sun Mar 23 21:18:43 CET 2014: 93: No solution found.
Sun Mar 23 21:18:43 CET 2014: 94: finished (51ms, 16cycles)
Sun Mar 23 21:18:43 CET 2014: 94: Solution found.
Sun Mar 23 21:18:43 CET 2014: 95: finished (30ms, 9cycles)
Sun Mar 23 21:18:43 CET 2014: 95: Solution found.
Sun Mar 23 21:18:43 CET 2014: 96: finished (48ms, 14cycles)
Sun Mar 23 21:18:43 CET 2014: 96: Solution found.
Sun Mar 23 21:18:43 CET 2014: 97: finished (29ms, 9cycles)
Sun Mar 23 21:18:43 CET 2014: 97: Solution found.
Sun Mar 23 21:18:43 CET 2014: 98: finished (18ms, 5cycles)
Sun Mar 23 21:18:43 CET 2014: 98: Solution found.
Sun Mar 23 21:18:43 CET 2014: 99: finished (15ms, 4cycles)
Sun Mar 23 21:18:43 CET 2014: 99: Solution found.
Sun Mar 23 21:18:43 CET 2014: Solution Found: 91
Sun Mar 23 21:18:43 CET 2014: Avg cycles: 11
Sun Mar 23 21:18:43 CET 2014: Max cycles: 45
Sun Mar 23 21:18:43 CET 2014: Min cycles: 1
Sun Mar 23 21:18:43 CET 2014: No solution found: 9
Sun Mar 23 21:18:43 CET 2014: logging finished. (runtime: 15798ms)
