Tue May 20 15:03:43 CEST 2014: Problem Count: 40
Tue May 20 15:03:43 CEST 2014: CandidatesCount: 50
Tue May 20 15:03:43 CEST 2014: Max Cycles: 500
Tue May 20 15:03:44 CEST 2014: 0: finished (170ms, 37cycles)
Tue May 20 15:03:44 CEST 2014: 0: Solution found.
Tue May 20 15:03:44 CEST 2014: 1: finished (102ms, 20cycles)
Tue May 20 15:03:44 CEST 2014: 1: Solution found.
Tue May 20 15:03:44 CEST 2014: 2: finished (52ms, 10cycles)
Tue May 20 15:03:44 CEST 2014: 2: Solution found.
Tue May 20 15:03:44 CEST 2014: 3: finished (24ms, 5cycles)
Tue May 20 15:03:44 CEST 2014: 3: Solution found.
Tue May 20 15:03:44 CEST 2014: 4: finished (207ms, 53cycles)
Tue May 20 15:03:44 CEST 2014: 4: Solution found.
Tue May 20 15:03:44 CEST 2014: 5: finished (97ms, 26cycles)
Tue May 20 15:03:44 CEST 2014: 5: Solution found.
Tue May 20 15:03:44 CEST 2014: 6: finished (45ms, 7cycles)
Tue May 20 15:03:44 CEST 2014: 6: Solution found.
Tue May 20 15:03:44 CEST 2014: 7: finished (192ms, 54cycles)
Tue May 20 15:03:44 CEST 2014: 7: Solution found.
Tue May 20 15:03:45 CEST 2014: 8: finished (158ms, 38cycles)
Tue May 20 15:03:45 CEST 2014: 8: Solution found.
Tue May 20 15:03:45 CEST 2014: 9: finished (416ms, 89cycles)
Tue May 20 15:03:45 CEST 2014: 9: Solution found.
Tue May 20 15:03:45 CEST 2014: 10: finished (37ms, 7cycles)
Tue May 20 15:03:45 CEST 2014: 10: Solution found.
Tue May 20 15:03:45 CEST 2014: 11: finished (25ms, 7cycles)
Tue May 20 15:03:45 CEST 2014: 11: Solution found.
Tue May 20 15:03:45 CEST 2014: 12: finished (156ms, 35cycles)
Tue May 20 15:03:45 CEST 2014: 12: Solution found.
Tue May 20 15:03:45 CEST 2014: 13: finished (112ms, 32cycles)
Tue May 20 15:03:45 CEST 2014: 13: Solution found.
Tue May 20 15:03:46 CEST 2014: 14: finished (158ms, 37cycles)
Tue May 20 15:03:46 CEST 2014: 14: Solution found.
Tue May 20 15:03:46 CEST 2014: 15: finished (120ms, 25cycles)
Tue May 20 15:03:46 CEST 2014: 15: Solution found.
Tue May 20 15:03:46 CEST 2014: 16: finished (40ms, 6cycles)
Tue May 20 15:03:46 CEST 2014: 16: Solution found.
Tue May 20 15:03:46 CEST 2014: 17: finished (97ms, 21cycles)
Tue May 20 15:03:46 CEST 2014: 17: Solution found.
Tue May 20 15:03:46 CEST 2014: 18: finished (63ms, 19cycles)
Tue May 20 15:03:46 CEST 2014: 18: Solution found.
Tue May 20 15:03:46 CEST 2014: 19: finished (156ms, 41cycles)
Tue May 20 15:03:46 CEST 2014: 19: Solution found.
Tue May 20 15:03:46 CEST 2014: 20: finished (77ms, 16cycles)
Tue May 20 15:03:46 CEST 2014: 20: Solution found.
Tue May 20 15:03:46 CEST 2014: 21: finished (228ms, 48cycles)
Tue May 20 15:03:46 CEST 2014: 21: Solution found.
Tue May 20 15:03:47 CEST 2014: 22: finished (157ms, 40cycles)
Tue May 20 15:03:47 CEST 2014: 22: Solution found.
Tue May 20 15:03:47 CEST 2014: 23: finished (226ms, 51cycles)
Tue May 20 15:03:47 CEST 2014: 23: Solution found.
Tue May 20 15:03:47 CEST 2014: 24: finished (147ms, 29cycles)
Tue May 20 15:03:47 CEST 2014: 24: Solution found.
Tue May 20 15:03:47 CEST 2014: 25: finished (88ms, 23cycles)
Tue May 20 15:03:47 CEST 2014: 25: Solution found.
Tue May 20 15:03:47 CEST 2014: 26: finished (32ms, 7cycles)
Tue May 20 15:03:47 CEST 2014: 26: Solution found.
Tue May 20 15:03:47 CEST 2014: 27: finished (87ms, 22cycles)
Tue May 20 15:03:47 CEST 2014: 27: Solution found.
Tue May 20 15:03:47 CEST 2014: 28: finished (70ms, 19cycles)
Tue May 20 15:03:47 CEST 2014: 28: Solution found.
Tue May 20 15:03:48 CEST 2014: 29: finished (216ms, 53cycles)
Tue May 20 15:03:48 CEST 2014: 29: Solution found.
Tue May 20 15:03:48 CEST 2014: 30: finished (175ms, 30cycles)
Tue May 20 15:03:48 CEST 2014: 30: Solution found.
Tue May 20 15:03:48 CEST 2014: 31: finished (52ms, 13cycles)
Tue May 20 15:03:48 CEST 2014: 31: Solution found.
Tue May 20 15:03:48 CEST 2014: 32: finished (36ms, 8cycles)
Tue May 20 15:03:48 CEST 2014: 32: Solution found.
Tue May 20 15:03:48 CEST 2014: 33: finished (129ms, 36cycles)
Tue May 20 15:03:48 CEST 2014: 33: Solution found.
Tue May 20 15:03:48 CEST 2014: 34: finished (148ms, 31cycles)
Tue May 20 15:03:48 CEST 2014: 34: Solution found.
Tue May 20 15:03:48 CEST 2014: 35: finished (23ms, 4cycles)
Tue May 20 15:03:48 CEST 2014: 35: Solution found.
Tue May 20 15:03:48 CEST 2014: 36: finished (154ms, 35cycles)
Tue May 20 15:03:48 CEST 2014: 36: Solution found.
Tue May 20 15:03:48 CEST 2014: 37: finished (81ms, 22cycles)
Tue May 20 15:03:49 CEST 2014: 37: Solution found.
Tue May 20 15:03:49 CEST 2014: 38: finished (236ms, 57cycles)
Tue May 20 15:03:49 CEST 2014: 38: Solution found.
Tue May 20 15:03:49 CEST 2014: 39: finished (23ms, 5cycles)
Tue May 20 15:03:49 CEST 2014: 39: Solution found.
Tue May 20 15:03:49 CEST 2014: 40: finished (104ms, 24cycles)
Tue May 20 15:03:49 CEST 2014: 40: Solution found.
Tue May 20 15:03:49 CEST 2014: 41: finished (139ms, 37cycles)
Tue May 20 15:03:49 CEST 2014: 41: Solution found.
Tue May 20 15:03:49 CEST 2014: 42: finished (57ms, 17cycles)
Tue May 20 15:03:49 CEST 2014: 42: Solution found.
Tue May 20 15:03:49 CEST 2014: 43: finished (138ms, 35cycles)
Tue May 20 15:03:49 CEST 2014: 43: Solution found.
Tue May 20 15:03:49 CEST 2014: 44: finished (79ms, 16cycles)
Tue May 20 15:03:49 CEST 2014: 44: Solution found.
Tue May 20 15:03:49 CEST 2014: 45: finished (31ms, 10cycles)
Tue May 20 15:03:49 CEST 2014: 45: Solution found.
Tue May 20 15:03:50 CEST 2014: 46: finished (204ms, 54cycles)
Tue May 20 15:03:50 CEST 2014: 46: Solution found.
Tue May 20 15:03:50 CEST 2014: 47: finished (1ms, 1cycles)
Tue May 20 15:03:50 CEST 2014: 47: Solution found.
Tue May 20 15:03:50 CEST 2014: 48: finished (18ms, 6cycles)
Tue May 20 15:03:50 CEST 2014: 48: Solution found.
Tue May 20 15:03:50 CEST 2014: 49: finished (86ms, 20cycles)
Tue May 20 15:03:50 CEST 2014: 49: Solution found.
Tue May 20 15:03:50 CEST 2014: 50: finished (50ms, 11cycles)
Tue May 20 15:03:50 CEST 2014: 50: Solution found.
Tue May 20 15:03:50 CEST 2014: 51: finished (87ms, 17cycles)
Tue May 20 15:03:50 CEST 2014: 51: Solution found.
Tue May 20 15:03:50 CEST 2014: 52: finished (193ms, 47cycles)
Tue May 20 15:03:50 CEST 2014: 52: Solution found.
Tue May 20 15:03:50 CEST 2014: 53: finished (70ms, 15cycles)
Tue May 20 15:03:50 CEST 2014: 53: Solution found.
Tue May 20 15:03:50 CEST 2014: 54: finished (52ms, 10cycles)
Tue May 20 15:03:50 CEST 2014: 54: Solution found.
Tue May 20 15:03:50 CEST 2014: 55: finished (29ms, 9cycles)
Tue May 20 15:03:50 CEST 2014: 55: Solution found.
Tue May 20 15:03:50 CEST 2014: 56: finished (92ms, 22cycles)
Tue May 20 15:03:51 CEST 2014: 56: Solution found.
Tue May 20 15:03:51 CEST 2014: 57: finished (59ms, 17cycles)
Tue May 20 15:03:51 CEST 2014: 57: Solution found.
Tue May 20 15:03:51 CEST 2014: 58: finished (43ms, 11cycles)
Tue May 20 15:03:51 CEST 2014: 58: Solution found.
Tue May 20 15:03:51 CEST 2014: 59: finished (258ms, 54cycles)
Tue May 20 15:03:51 CEST 2014: 59: Solution found.
Tue May 20 15:03:51 CEST 2014: 60: finished (212ms, 51cycles)
Tue May 20 15:03:51 CEST 2014: 60: Solution found.
Tue May 20 15:03:51 CEST 2014: 61: finished (164ms, 42cycles)
Tue May 20 15:03:51 CEST 2014: 61: Solution found.
Tue May 20 15:03:51 CEST 2014: 62: finished (48ms, 9cycles)
Tue May 20 15:03:51 CEST 2014: 62: Solution found.
Tue May 20 15:03:51 CEST 2014: 63: finished (42ms, 13cycles)
Tue May 20 15:03:51 CEST 2014: 63: Solution found.
Tue May 20 15:03:52 CEST 2014: 64: finished (234ms, 50cycles)
Tue May 20 15:03:52 CEST 2014: 64: Solution found.
Tue May 20 15:03:52 CEST 2014: 65: finished (122ms, 25cycles)
Tue May 20 15:03:52 CEST 2014: 65: Solution found.
Tue May 20 15:03:52 CEST 2014: 66: finished (52ms, 18cycles)
Tue May 20 15:03:52 CEST 2014: 66: Solution found.
Tue May 20 15:03:52 CEST 2014: 67: finished (130ms, 34cycles)
Tue May 20 15:03:52 CEST 2014: 67: Solution found.
Tue May 20 15:03:52 CEST 2014: 68: finished (79ms, 22cycles)
Tue May 20 15:03:52 CEST 2014: 68: Solution found.
Tue May 20 15:03:52 CEST 2014: 69: finished (39ms, 10cycles)
Tue May 20 15:03:52 CEST 2014: 69: Solution found.
Tue May 20 15:03:52 CEST 2014: 70: finished (40ms, 10cycles)
Tue May 20 15:03:52 CEST 2014: 70: Solution found.
Tue May 20 15:03:52 CEST 2014: 71: finished (114ms, 28cycles)
Tue May 20 15:03:52 CEST 2014: 71: Solution found.
Tue May 20 15:03:53 CEST 2014: 72: finished (108ms, 26cycles)
Tue May 20 15:03:53 CEST 2014: 72: Solution found.
Tue May 20 15:03:53 CEST 2014: 73: finished (83ms, 22cycles)
Tue May 20 15:03:53 CEST 2014: 73: Solution found.
Tue May 20 15:03:53 CEST 2014: 74: finished (98ms, 16cycles)
Tue May 20 15:03:53 CEST 2014: 74: Solution found.
Tue May 20 15:03:53 CEST 2014: 75: finished (84ms, 14cycles)
Tue May 20 15:03:53 CEST 2014: 75: Solution found.
Tue May 20 15:03:53 CEST 2014: 76: finished (77ms, 15cycles)
Tue May 20 15:03:53 CEST 2014: 76: Solution found.
Tue May 20 15:03:53 CEST 2014: 77: finished (102ms, 26cycles)
Tue May 20 15:03:53 CEST 2014: 77: Solution found.
Tue May 20 15:03:53 CEST 2014: 78: finished (195ms, 54cycles)
Tue May 20 15:03:53 CEST 2014: 78: Solution found.
Tue May 20 15:03:53 CEST 2014: 79: finished (84ms, 26cycles)
Tue May 20 15:03:53 CEST 2014: 79: Solution found.
Tue May 20 15:03:53 CEST 2014: 80: finished (60ms, 14cycles)
Tue May 20 15:03:53 CEST 2014: 80: Solution found.
Tue May 20 15:03:53 CEST 2014: 81: finished (32ms, 5cycles)
Tue May 20 15:03:53 CEST 2014: 81: Solution found.
Tue May 20 15:03:54 CEST 2014: 82: finished (32ms, 13cycles)
Tue May 20 15:03:54 CEST 2014: 82: Solution found.
Tue May 20 15:03:54 CEST 2014: 83: finished (197ms, 49cycles)
Tue May 20 15:03:54 CEST 2014: 83: Solution found.
Tue May 20 15:03:54 CEST 2014: 84: finished (114ms, 24cycles)
Tue May 20 15:03:54 CEST 2014: 84: Solution found.
Tue May 20 15:03:54 CEST 2014: 85: finished (110ms, 26cycles)
Tue May 20 15:03:54 CEST 2014: 85: Solution found.
Tue May 20 15:03:54 CEST 2014: 86: finished (125ms, 30cycles)
Tue May 20 15:03:54 CEST 2014: 86: Solution found.
Tue May 20 15:03:54 CEST 2014: 87: finished (75ms, 25cycles)
Tue May 20 15:03:54 CEST 2014: 87: Solution found.
Tue May 20 15:03:54 CEST 2014: 88: finished (32ms, 6cycles)
Tue May 20 15:03:54 CEST 2014: 88: Solution found.
Tue May 20 15:03:54 CEST 2014: 89: finished (97ms, 26cycles)
Tue May 20 15:03:54 CEST 2014: 89: Solution found.
Tue May 20 15:03:55 CEST 2014: 90: finished (195ms, 45cycles)
Tue May 20 15:03:55 CEST 2014: 90: Solution found.
Tue May 20 15:03:55 CEST 2014: 91: finished (72ms, 12cycles)
Tue May 20 15:03:55 CEST 2014: 91: Solution found.
Tue May 20 15:03:55 CEST 2014: 92: finished (101ms, 21cycles)
Tue May 20 15:03:55 CEST 2014: 92: Solution found.
Tue May 20 15:03:55 CEST 2014: 93: finished (91ms, 20cycles)
Tue May 20 15:03:55 CEST 2014: 93: Solution found.
Tue May 20 15:03:55 CEST 2014: 94: finished (113ms, 25cycles)
Tue May 20 15:03:55 CEST 2014: 94: Solution found.
Tue May 20 15:03:55 CEST 2014: 95: finished (54ms, 17cycles)
Tue May 20 15:03:55 CEST 2014: 95: Solution found.
Tue May 20 15:03:55 CEST 2014: 96: finished (156ms, 38cycles)
Tue May 20 15:03:55 CEST 2014: 96: Solution found.
Tue May 20 15:03:55 CEST 2014: 97: finished (184ms, 44cycles)
Tue May 20 15:03:56 CEST 2014: 97: Solution found.
Tue May 20 15:03:56 CEST 2014: 98: finished (76ms, 19cycles)
Tue May 20 15:03:56 CEST 2014: 98: Solution found.
Tue May 20 15:03:56 CEST 2014: 99: finished (147ms, 31cycles)
Tue May 20 15:03:56 CEST 2014: 99: Solution found.
Tue May 20 15:03:56 CEST 2014: Solution Found: 100
Tue May 20 15:03:56 CEST 2014: Avg cycles: 25
Tue May 20 15:03:56 CEST 2014: Max cycles: 89
Tue May 20 15:03:56 CEST 2014: Min cycles: 1
Tue May 20 15:03:56 CEST 2014: No solution found: 0
Tue May 20 15:03:56 CEST 2014: logging finished. (runtime: 12304ms)
