Sun Mar 30 21:10:20 CEST 2014: Problem Count: 250
Sun Mar 30 21:10:20 CEST 2014: CandidatesCount: 50
Sun Mar 30 21:10:20 CEST 2014: Max Cycles: 500
Sun Mar 30 21:10:24 CEST 2014: 0: finished (4165ms, 500cycles)
Sun Mar 30 21:10:24 CEST 2014: 0: No solution found.
Sun Mar 30 21:10:24 CEST 2014: 1: finished (79ms, 7cycles)
Sun Mar 30 21:10:24 CEST 2014: 1: Solution found.
Sun Mar 30 21:10:24 CEST 2014: 2: finished (248ms, 24cycles)
Sun Mar 30 21:10:24 CEST 2014: 2: Solution found.
Sun Mar 30 21:10:28 CEST 2014: 3: finished (4063ms, 500cycles)
Sun Mar 30 21:10:28 CEST 2014: 3: No solution found.
Sun Mar 30 21:10:30 CEST 2014: 4: finished (1204ms, 124cycles)
Sun Mar 30 21:10:30 CEST 2014: 4: Solution found.
Sun Mar 30 21:10:30 CEST 2014: 5: finished (18ms, 1cycles)
Sun Mar 30 21:10:30 CEST 2014: 5: Solution found.
Sun Mar 30 21:10:34 CEST 2014: 6: finished (4164ms, 500cycles)
Sun Mar 30 21:10:34 CEST 2014: 6: No solution found.
Sun Mar 30 21:10:34 CEST 2014: 7: finished (26ms, 2cycles)
Sun Mar 30 21:10:34 CEST 2014: 7: Solution found.
Sun Mar 30 21:10:38 CEST 2014: 8: finished (4094ms, 500cycles)
Sun Mar 30 21:10:38 CEST 2014: 8: No solution found.
Sun Mar 30 21:10:38 CEST 2014: 9: finished (63ms, 6cycles)
Sun Mar 30 21:10:38 CEST 2014: 9: Solution found.
Sun Mar 30 21:10:42 CEST 2014: 10: finished (4154ms, 500cycles)
Sun Mar 30 21:10:42 CEST 2014: 10: No solution found.
Sun Mar 30 21:10:42 CEST 2014: 11: finished (371ms, 36cycles)
Sun Mar 30 21:10:42 CEST 2014: 11: Solution found.
Sun Mar 30 21:10:43 CEST 2014: 12: finished (190ms, 21cycles)
Sun Mar 30 21:10:43 CEST 2014: 12: Solution found.
Sun Mar 30 21:10:47 CEST 2014: 13: finished (4075ms, 500cycles)
Sun Mar 30 21:10:47 CEST 2014: 13: No solution found.
Sun Mar 30 21:10:47 CEST 2014: 14: finished (195ms, 20cycles)
Sun Mar 30 21:10:47 CEST 2014: 14: Solution found.
Sun Mar 30 21:10:51 CEST 2014: 15: finished (4079ms, 500cycles)
Sun Mar 30 21:10:51 CEST 2014: 15: No solution found.
Sun Mar 30 21:10:55 CEST 2014: 16: finished (4167ms, 500cycles)
Sun Mar 30 21:10:55 CEST 2014: 16: No solution found.
Sun Mar 30 21:11:00 CEST 2014: 17: finished (4614ms, 500cycles)
Sun Mar 30 21:11:00 CEST 2014: 17: No solution found.
Sun Mar 30 21:11:07 CEST 2014: 18: finished (6918ms, 500cycles)
Sun Mar 30 21:11:07 CEST 2014: 18: No solution found.
Sun Mar 30 21:11:11 CEST 2014: 19: finished (4148ms, 500cycles)
Sun Mar 30 21:11:11 CEST 2014: 19: No solution found.
Sun Mar 30 21:11:11 CEST 2014: 20: finished (207ms, 21cycles)
Sun Mar 30 21:11:11 CEST 2014: 20: Solution found.
Sun Mar 30 21:11:15 CEST 2014: 21: finished (4095ms, 500cycles)
Sun Mar 30 21:11:15 CEST 2014: 21: No solution found.
Sun Mar 30 21:11:16 CEST 2014: 22: finished (480ms, 52cycles)
Sun Mar 30 21:11:16 CEST 2014: 22: Solution found.
Sun Mar 30 21:11:16 CEST 2014: 23: finished (314ms, 34cycles)
Sun Mar 30 21:11:16 CEST 2014: 23: Solution found.
Sun Mar 30 21:11:16 CEST 2014: 24: finished (416ms, 43cycles)
Sun Mar 30 21:11:16 CEST 2014: 24: Solution found.
Sun Mar 30 21:11:20 CEST 2014: 25: finished (4099ms, 500cycles)
Sun Mar 30 21:11:20 CEST 2014: 25: No solution found.
Sun Mar 30 21:11:25 CEST 2014: 26: finished (4280ms, 500cycles)
Sun Mar 30 21:11:25 CEST 2014: 26: No solution found.
Sun Mar 30 21:11:25 CEST 2014: 27: finished (27ms, 2cycles)
Sun Mar 30 21:11:25 CEST 2014: 27: Solution found.
Sun Mar 30 21:11:25 CEST 2014: 28: finished (60ms, 6cycles)
Sun Mar 30 21:11:25 CEST 2014: 28: Solution found.
Sun Mar 30 21:11:29 CEST 2014: 29: finished (4114ms, 500cycles)
Sun Mar 30 21:11:29 CEST 2014: 29: No solution found.
Sun Mar 30 21:11:29 CEST 2014: 30: finished (74ms, 7cycles)
Sun Mar 30 21:11:29 CEST 2014: 30: Solution found.
Sun Mar 30 21:11:33 CEST 2014: 31: finished (4057ms, 500cycles)
Sun Mar 30 21:11:33 CEST 2014: 31: No solution found.
Sun Mar 30 21:11:33 CEST 2014: 32: finished (158ms, 16cycles)
Sun Mar 30 21:11:33 CEST 2014: 32: Solution found.
Sun Mar 30 21:11:37 CEST 2014: 33: finished (4081ms, 500cycles)
Sun Mar 30 21:11:37 CEST 2014: 33: No solution found.
Sun Mar 30 21:11:37 CEST 2014: 34: finished (148ms, 15cycles)
Sun Mar 30 21:11:37 CEST 2014: 34: Solution found.
Sun Mar 30 21:11:38 CEST 2014: 35: finished (65ms, 6cycles)
Sun Mar 30 21:11:38 CEST 2014: 35: Solution found.
Sun Mar 30 21:11:42 CEST 2014: 36: finished (4056ms, 500cycles)
Sun Mar 30 21:11:42 CEST 2014: 36: No solution found.
Sun Mar 30 21:11:46 CEST 2014: 37: finished (4109ms, 500cycles)
Sun Mar 30 21:11:46 CEST 2014: 37: No solution found.
Sun Mar 30 21:11:46 CEST 2014: 38: finished (28ms, 2cycles)
Sun Mar 30 21:11:46 CEST 2014: 38: Solution found.
Sun Mar 30 21:11:50 CEST 2014: 39: finished (4158ms, 500cycles)
Sun Mar 30 21:11:50 CEST 2014: 39: No solution found.
Sun Mar 30 21:11:50 CEST 2014: 40: finished (359ms, 38cycles)
Sun Mar 30 21:11:50 CEST 2014: 40: Solution found.
Sun Mar 30 21:11:54 CEST 2014: 41: finished (4266ms, 500cycles)
Sun Mar 30 21:11:54 CEST 2014: 41: No solution found.
Sun Mar 30 21:11:59 CEST 2014: 42: finished (4177ms, 500cycles)
Sun Mar 30 21:11:59 CEST 2014: 42: No solution found.
Sun Mar 30 21:12:03 CEST 2014: 43: finished (4645ms, 500cycles)
Sun Mar 30 21:12:03 CEST 2014: 43: No solution found.
Sun Mar 30 21:12:07 CEST 2014: 44: finished (4183ms, 500cycles)
Sun Mar 30 21:12:07 CEST 2014: 44: No solution found.
Sun Mar 30 21:12:08 CEST 2014: 45: finished (234ms, 24cycles)
Sun Mar 30 21:12:08 CEST 2014: 45: Solution found.
Sun Mar 30 21:12:12 CEST 2014: 46: finished (4105ms, 500cycles)
Sun Mar 30 21:12:12 CEST 2014: 46: No solution found.
Sun Mar 30 21:12:16 CEST 2014: 47: finished (4081ms, 500cycles)
Sun Mar 30 21:12:16 CEST 2014: 47: No solution found.
Sun Mar 30 21:12:20 CEST 2014: 48: finished (4092ms, 500cycles)
Sun Mar 30 21:12:20 CEST 2014: 48: No solution found.
Sun Mar 30 21:12:21 CEST 2014: 49: finished (520ms, 55cycles)
Sun Mar 30 21:12:21 CEST 2014: 49: Solution found.
Sun Mar 30 21:12:21 CEST 2014: 50: finished (136ms, 14cycles)
Sun Mar 30 21:12:21 CEST 2014: 50: Solution found.
Sun Mar 30 21:12:21 CEST 2014: 51: finished (312ms, 30cycles)
Sun Mar 30 21:12:21 CEST 2014: 51: Solution found.
Sun Mar 30 21:12:21 CEST 2014: 52: finished (51ms, 5cycles)
Sun Mar 30 21:12:21 CEST 2014: 52: Solution found.
Sun Mar 30 21:12:21 CEST 2014: 53: finished (270ms, 28cycles)
Sun Mar 30 21:12:21 CEST 2014: 53: Solution found.
Sun Mar 30 21:12:25 CEST 2014: 54: finished (4106ms, 500cycles)
Sun Mar 30 21:12:25 CEST 2014: 54: No solution found.
Sun Mar 30 21:12:30 CEST 2014: 55: finished (4124ms, 500cycles)
Sun Mar 30 21:12:30 CEST 2014: 55: No solution found.
Sun Mar 30 21:12:30 CEST 2014: 56: finished (45ms, 4cycles)
Sun Mar 30 21:12:30 CEST 2014: 56: Solution found.
Sun Mar 30 21:12:30 CEST 2014: 57: finished (372ms, 40cycles)
Sun Mar 30 21:12:30 CEST 2014: 57: Solution found.
Sun Mar 30 21:12:34 CEST 2014: 58: finished (4532ms, 500cycles)
Sun Mar 30 21:12:34 CEST 2014: 58: No solution found.
Sun Mar 30 21:12:41 CEST 2014: 59: finished (6774ms, 500cycles)
Sun Mar 30 21:12:41 CEST 2014: 59: No solution found.
Sun Mar 30 21:12:45 CEST 2014: 60: finished (4061ms, 500cycles)
Sun Mar 30 21:12:45 CEST 2014: 60: No solution found.
Sun Mar 30 21:12:50 CEST 2014: 61: finished (4233ms, 500cycles)
Sun Mar 30 21:12:50 CEST 2014: 61: No solution found.
Sun Mar 30 21:12:54 CEST 2014: 62: finished (4131ms, 500cycles)
Sun Mar 30 21:12:54 CEST 2014: 62: No solution found.
Sun Mar 30 21:12:58 CEST 2014: 63: finished (4111ms, 500cycles)
Sun Mar 30 21:12:58 CEST 2014: 63: No solution found.
Sun Mar 30 21:13:02 CEST 2014: 64: finished (4068ms, 500cycles)
Sun Mar 30 21:13:02 CEST 2014: 64: No solution found.
Sun Mar 30 21:13:02 CEST 2014: 65: finished (288ms, 29cycles)
Sun Mar 30 21:13:02 CEST 2014: 65: Solution found.
Sun Mar 30 21:13:02 CEST 2014: 66: finished (269ms, 29cycles)
Sun Mar 30 21:13:02 CEST 2014: 66: Solution found.
Sun Mar 30 21:13:07 CEST 2014: 67: finished (4240ms, 500cycles)
Sun Mar 30 21:13:07 CEST 2014: 67: No solution found.
Sun Mar 30 21:13:07 CEST 2014: 68: finished (460ms, 49cycles)
Sun Mar 30 21:13:07 CEST 2014: 68: Solution found.
Sun Mar 30 21:13:11 CEST 2014: 69: finished (4153ms, 500cycles)
Sun Mar 30 21:13:11 CEST 2014: 69: No solution found.
Sun Mar 30 21:13:15 CEST 2014: 70: finished (4106ms, 500cycles)
Sun Mar 30 21:13:15 CEST 2014: 70: No solution found.
Sun Mar 30 21:13:16 CEST 2014: 71: finished (311ms, 33cycles)
Sun Mar 30 21:13:16 CEST 2014: 71: Solution found.
Sun Mar 30 21:13:16 CEST 2014: 72: finished (209ms, 20cycles)
Sun Mar 30 21:13:16 CEST 2014: 72: Solution found.
Sun Mar 30 21:13:16 CEST 2014: 73: finished (153ms, 15cycles)
Sun Mar 30 21:13:16 CEST 2014: 73: Solution found.
Sun Mar 30 21:13:20 CEST 2014: 74: finished (4121ms, 500cycles)
Sun Mar 30 21:13:20 CEST 2014: 74: No solution found.
Sun Mar 30 21:13:24 CEST 2014: 75: finished (4135ms, 500cycles)
Sun Mar 30 21:13:24 CEST 2014: 75: No solution found.
Sun Mar 30 21:13:29 CEST 2014: 76: finished (4318ms, 500cycles)
Sun Mar 30 21:13:29 CEST 2014: 76: No solution found.
Sun Mar 30 21:13:33 CEST 2014: 77: finished (4061ms, 500cycles)
Sun Mar 30 21:13:33 CEST 2014: 77: No solution found.
Sun Mar 30 21:13:37 CEST 2014: 78: finished (4152ms, 500cycles)
Sun Mar 30 21:13:37 CEST 2014: 78: No solution found.
Sun Mar 30 21:13:41 CEST 2014: 79: finished (4072ms, 500cycles)
Sun Mar 30 21:13:41 CEST 2014: 79: No solution found.
Sun Mar 30 21:13:45 CEST 2014: 80: finished (4180ms, 500cycles)
Sun Mar 30 21:13:45 CEST 2014: 80: No solution found.
Sun Mar 30 21:13:52 CEST 2014: 81: finished (7296ms, 500cycles)
Sun Mar 30 21:13:52 CEST 2014: 81: No solution found.
Sun Mar 30 21:13:52 CEST 2014: 82: finished (111ms, 12cycles)
Sun Mar 30 21:13:53 CEST 2014: 82: Solution found.
Sun Mar 30 21:13:53 CEST 2014: 83: finished (36ms, 3cycles)
Sun Mar 30 21:13:53 CEST 2014: 83: Solution found.
Sun Mar 30 21:13:57 CEST 2014: 84: finished (4079ms, 500cycles)
Sun Mar 30 21:13:57 CEST 2014: 84: No solution found.
Sun Mar 30 21:13:57 CEST 2014: 85: finished (112ms, 11cycles)
Sun Mar 30 21:13:57 CEST 2014: 85: Solution found.
Sun Mar 30 21:14:01 CEST 2014: 86: finished (4052ms, 500cycles)
Sun Mar 30 21:14:01 CEST 2014: 86: No solution found.
Sun Mar 30 21:14:05 CEST 2014: 87: finished (4149ms, 500cycles)
Sun Mar 30 21:14:05 CEST 2014: 87: No solution found.
Sun Mar 30 21:14:09 CEST 2014: 88: finished (4095ms, 500cycles)
Sun Mar 30 21:14:09 CEST 2014: 88: No solution found.
Sun Mar 30 21:14:13 CEST 2014: 89: finished (4087ms, 500cycles)
Sun Mar 30 21:14:13 CEST 2014: 89: No solution found.
Sun Mar 30 21:14:13 CEST 2014: 90: finished (208ms, 20cycles)
Sun Mar 30 21:14:13 CEST 2014: 90: Solution found.
Sun Mar 30 21:14:17 CEST 2014: 91: finished (4166ms, 500cycles)
Sun Mar 30 21:14:17 CEST 2014: 91: No solution found.
Sun Mar 30 21:14:18 CEST 2014: 92: finished (255ms, 26cycles)
Sun Mar 30 21:14:18 CEST 2014: 92: Solution found.
Sun Mar 30 21:14:22 CEST 2014: 93: finished (4100ms, 500cycles)
Sun Mar 30 21:14:22 CEST 2014: 93: No solution found.
Sun Mar 30 21:14:22 CEST 2014: 94: finished (54ms, 5cycles)
Sun Mar 30 21:14:22 CEST 2014: 94: Solution found.
Sun Mar 30 21:14:26 CEST 2014: 95: finished (4116ms, 500cycles)
Sun Mar 30 21:14:26 CEST 2014: 95: No solution found.
Sun Mar 30 21:14:26 CEST 2014: 96: finished (37ms, 3cycles)
Sun Mar 30 21:14:26 CEST 2014: 96: Solution found.
Sun Mar 30 21:14:30 CEST 2014: 97: finished (4085ms, 500cycles)
Sun Mar 30 21:14:30 CEST 2014: 97: No solution found.
Sun Mar 30 21:14:30 CEST 2014: 98: finished (235ms, 24cycles)
Sun Mar 30 21:14:30 CEST 2014: 98: Solution found.
Sun Mar 30 21:14:31 CEST 2014: 99: finished (388ms, 18cycles)
Sun Mar 30 21:14:31 CEST 2014: 99: Solution found.
Sun Mar 30 21:14:31 CEST 2014: Solution Found: 44
Sun Mar 30 21:14:31 CEST 2014: Avg cycles: 22
Sun Mar 30 21:14:31 CEST 2014: Max cycles: 124
Sun Mar 30 21:14:31 CEST 2014: Min cycles: 1
Sun Mar 30 21:14:31 CEST 2014: No solution found: 56
Sun Mar 30 21:14:31 CEST 2014: logging finished. (runtime: 250968ms)
