Sun Mar 23 23:06:33 CET 2014: Problem Count: 250
Sun Mar 23 23:06:33 CET 2014: CandidatesCount: 200
Sun Mar 23 23:06:33 CET 2014: Max Cycles: 500
Sun Mar 23 23:06:48 CET 2014: 0: finished (15589ms, 500cycles)
Sun Mar 23 23:06:48 CET 2014: 0: No solution found.
Sun Mar 23 23:06:48 CET 2014: 1: finished (155ms, 4cycles)
Sun Mar 23 23:06:48 CET 2014: 1: Solution found.
Sun Mar 23 23:06:49 CET 2014: 2: finished (205ms, 6cycles)
Sun Mar 23 23:06:49 CET 2014: 2: Solution found.
Sun Mar 23 23:06:49 CET 2014: 3: finished (232ms, 6cycles)
Sun Mar 23 23:06:49 CET 2014: 3: Solution found.
Sun Mar 23 23:06:49 CET 2014: 4: finished (248ms, 6cycles)
Sun Mar 23 23:06:49 CET 2014: 4: Solution found.
Sun Mar 23 23:07:04 CET 2014: 5: finished (14753ms, 500cycles)
Sun Mar 23 23:07:04 CET 2014: 5: No solution found.
Sun Mar 23 23:07:04 CET 2014: 6: finished (596ms, 17cycles)
Sun Mar 23 23:07:04 CET 2014: 6: Solution found.
Sun Mar 23 23:07:05 CET 2014: 7: finished (692ms, 21cycles)
Sun Mar 23 23:07:05 CET 2014: 7: Solution found.
Sun Mar 23 23:07:06 CET 2014: 8: finished (588ms, 16cycles)
Sun Mar 23 23:07:06 CET 2014: 8: Solution found.
Sun Mar 23 23:07:06 CET 2014: 9: finished (494ms, 14cycles)
Sun Mar 23 23:07:06 CET 2014: 9: Solution found.
Sun Mar 23 23:07:23 CET 2014: 10: finished (16780ms, 500cycles)
Sun Mar 23 23:07:23 CET 2014: 10: No solution found.
Sun Mar 23 23:07:23 CET 2014: 11: finished (255ms, 7cycles)
Sun Mar 23 23:07:23 CET 2014: 11: Solution found.
Sun Mar 23 23:07:23 CET 2014: 12: finished (58ms, 1cycles)
Sun Mar 23 23:07:23 CET 2014: 12: Solution found.
Sun Mar 23 23:07:24 CET 2014: 13: finished (645ms, 18cycles)
Sun Mar 23 23:07:24 CET 2014: 13: Solution found.
Sun Mar 23 23:07:24 CET 2014: 14: finished (399ms, 12cycles)
Sun Mar 23 23:07:24 CET 2014: 14: Solution found.
Sun Mar 23 23:07:24 CET 2014: 15: finished (213ms, 6cycles)
Sun Mar 23 23:07:24 CET 2014: 15: Solution found.
Sun Mar 23 23:07:25 CET 2014: 16: finished (229ms, 6cycles)
Sun Mar 23 23:07:25 CET 2014: 16: Solution found.
Sun Mar 23 23:07:25 CET 2014: 17: finished (672ms, 19cycles)
Sun Mar 23 23:07:25 CET 2014: 17: Solution found.
Sun Mar 23 23:07:26 CET 2014: 18: finished (549ms, 17cycles)
Sun Mar 23 23:07:26 CET 2014: 18: Solution found.
Sun Mar 23 23:07:26 CET 2014: 19: finished (549ms, 16cycles)
Sun Mar 23 23:07:26 CET 2014: 19: Solution found.
Sun Mar 23 23:07:29 CET 2014: 20: finished (2285ms, 68cycles)
Sun Mar 23 23:07:29 CET 2014: 20: Solution found.
Sun Mar 23 23:07:29 CET 2014: 21: finished (721ms, 21cycles)
Sun Mar 23 23:07:29 CET 2014: 21: Solution found.
Sun Mar 23 23:07:47 CET 2014: 22: finished (17402ms, 500cycles)
Sun Mar 23 23:07:47 CET 2014: 22: No solution found.
Sun Mar 23 23:07:47 CET 2014: 23: finished (189ms, 5cycles)
Sun Mar 23 23:07:47 CET 2014: 23: Solution found.
Sun Mar 23 23:07:48 CET 2014: 24: finished (519ms, 15cycles)
Sun Mar 23 23:07:48 CET 2014: 24: Solution found.
Sun Mar 23 23:07:48 CET 2014: 25: finished (317ms, 8cycles)
Sun Mar 23 23:07:48 CET 2014: 25: Solution found.
Sun Mar 23 23:08:03 CET 2014: 26: finished (14729ms, 500cycles)
Sun Mar 23 23:08:03 CET 2014: 26: No solution found.
Sun Mar 23 23:08:03 CET 2014: 27: finished (154ms, 4cycles)
Sun Mar 23 23:08:03 CET 2014: 27: Solution found.
Sun Mar 23 23:08:18 CET 2014: 28: finished (14872ms, 500cycles)
Sun Mar 23 23:08:18 CET 2014: 28: No solution found.
Sun Mar 23 23:08:18 CET 2014: 29: finished (771ms, 22cycles)
Sun Mar 23 23:08:18 CET 2014: 29: Solution found.
Sun Mar 23 23:08:20 CET 2014: 30: finished (1610ms, 46cycles)
Sun Mar 23 23:08:20 CET 2014: 30: Solution found.
Sun Mar 23 23:08:20 CET 2014: 31: finished (307ms, 9cycles)
Sun Mar 23 23:08:20 CET 2014: 31: Solution found.
Sun Mar 23 23:08:21 CET 2014: 32: finished (726ms, 21cycles)
Sun Mar 23 23:08:21 CET 2014: 32: Solution found.
Sun Mar 23 23:08:22 CET 2014: 33: finished (472ms, 13cycles)
Sun Mar 23 23:08:22 CET 2014: 33: Solution found.
Sun Mar 23 23:08:22 CET 2014: 34: finished (320ms, 9cycles)
Sun Mar 23 23:08:22 CET 2014: 34: Solution found.
Sun Mar 23 23:08:24 CET 2014: 35: finished (1758ms, 52cycles)
Sun Mar 23 23:08:24 CET 2014: 35: Solution found.
Sun Mar 23 23:08:24 CET 2014: 36: finished (595ms, 17cycles)
Sun Mar 23 23:08:24 CET 2014: 36: Solution found.
Sun Mar 23 23:08:25 CET 2014: 37: finished (302ms, 8cycles)
Sun Mar 23 23:08:25 CET 2014: 37: Solution found.
Sun Mar 23 23:08:25 CET 2014: 38: finished (442ms, 12cycles)
Sun Mar 23 23:08:25 CET 2014: 38: Solution found.
Sun Mar 23 23:08:26 CET 2014: 39: finished (652ms, 19cycles)
Sun Mar 23 23:08:26 CET 2014: 39: Solution found.
Sun Mar 23 23:08:26 CET 2014: 40: finished (504ms, 15cycles)
Sun Mar 23 23:08:26 CET 2014: 40: Solution found.
Sun Mar 23 23:08:27 CET 2014: 41: finished (913ms, 27cycles)
Sun Mar 23 23:08:27 CET 2014: 41: Solution found.
Sun Mar 23 23:08:28 CET 2014: 42: finished (723ms, 21cycles)
Sun Mar 23 23:08:28 CET 2014: 42: Solution found.
Sun Mar 23 23:08:28 CET 2014: 43: finished (218ms, 6cycles)
Sun Mar 23 23:08:28 CET 2014: 43: Solution found.
Sun Mar 23 23:08:28 CET 2014: 44: finished (187ms, 5cycles)
Sun Mar 23 23:08:28 CET 2014: 44: Solution found.
Sun Mar 23 23:08:28 CET 2014: 45: finished (250ms, 7cycles)
Sun Mar 23 23:08:28 CET 2014: 45: Solution found.
Sun Mar 23 23:08:29 CET 2014: 46: finished (490ms, 14cycles)
Sun Mar 23 23:08:29 CET 2014: 46: Solution found.
Sun Mar 23 23:08:30 CET 2014: 47: finished (866ms, 25cycles)
Sun Mar 23 23:08:30 CET 2014: 47: Solution found.
Sun Mar 23 23:08:30 CET 2014: 48: finished (345ms, 10cycles)
Sun Mar 23 23:08:30 CET 2014: 48: Solution found.
Sun Mar 23 23:08:31 CET 2014: 49: finished (400ms, 11cycles)
Sun Mar 23 23:08:31 CET 2014: 49: Solution found.
Sun Mar 23 23:08:31 CET 2014: 50: finished (257ms, 7cycles)
Sun Mar 23 23:08:31 CET 2014: 50: Solution found.
Sun Mar 23 23:08:31 CET 2014: 51: finished (362ms, 10cycles)
Sun Mar 23 23:08:31 CET 2014: 51: Solution found.
Sun Mar 23 23:08:31 CET 2014: 52: finished (154ms, 4cycles)
Sun Mar 23 23:08:31 CET 2014: 52: Solution found.
Sun Mar 23 23:08:32 CET 2014: 53: finished (511ms, 15cycles)
Sun Mar 23 23:08:32 CET 2014: 53: Solution found.
Sun Mar 23 23:08:33 CET 2014: 54: finished (1307ms, 39cycles)
Sun Mar 23 23:08:33 CET 2014: 54: Solution found.
Sun Mar 23 23:08:33 CET 2014: 55: finished (224ms, 6cycles)
Sun Mar 23 23:08:33 CET 2014: 55: Solution found.
Sun Mar 23 23:08:33 CET 2014: 56: finished (157ms, 4cycles)
Sun Mar 23 23:08:33 CET 2014: 56: Solution found.
Sun Mar 23 23:08:34 CET 2014: 57: finished (419ms, 12cycles)
Sun Mar 23 23:08:34 CET 2014: 57: Solution found.
Sun Mar 23 23:08:34 CET 2014: 58: finished (599ms, 17cycles)
Sun Mar 23 23:08:34 CET 2014: 58: Solution found.
Sun Mar 23 23:08:35 CET 2014: 59: finished (512ms, 15cycles)
Sun Mar 23 23:08:35 CET 2014: 59: Solution found.
Sun Mar 23 23:08:35 CET 2014: 60: finished (369ms, 10cycles)
Sun Mar 23 23:08:35 CET 2014: 60: Solution found.
Sun Mar 23 23:08:36 CET 2014: 61: finished (194ms, 5cycles)
Sun Mar 23 23:08:36 CET 2014: 61: Solution found.
Sun Mar 23 23:08:36 CET 2014: 62: finished (481ms, 14cycles)
Sun Mar 23 23:08:36 CET 2014: 62: Solution found.
Sun Mar 23 23:08:37 CET 2014: 63: finished (652ms, 19cycles)
Sun Mar 23 23:08:37 CET 2014: 63: Solution found.
Sun Mar 23 23:08:37 CET 2014: 64: finished (540ms, 15cycles)
Sun Mar 23 23:08:37 CET 2014: 64: Solution found.
Sun Mar 23 23:08:37 CET 2014: 65: finished (220ms, 6cycles)
Sun Mar 23 23:08:37 CET 2014: 65: Solution found.
Sun Mar 23 23:08:38 CET 2014: 66: finished (652ms, 18cycles)
Sun Mar 23 23:08:38 CET 2014: 66: Solution found.
Sun Mar 23 23:08:38 CET 2014: 67: finished (309ms, 8cycles)
Sun Mar 23 23:08:38 CET 2014: 67: Solution found.
Sun Mar 23 23:08:39 CET 2014: 68: finished (360ms, 10cycles)
Sun Mar 23 23:08:39 CET 2014: 68: Solution found.
Sun Mar 23 23:08:39 CET 2014: 69: finished (389ms, 11cycles)
Sun Mar 23 23:08:39 CET 2014: 69: Solution found.
Sun Mar 23 23:08:40 CET 2014: 70: finished (506ms, 14cycles)
Sun Mar 23 23:08:40 CET 2014: 70: Solution found.
Sun Mar 23 23:08:41 CET 2014: 71: finished (1364ms, 41cycles)
Sun Mar 23 23:08:41 CET 2014: 71: Solution found.
Sun Mar 23 23:08:56 CET 2014: 72: finished (14772ms, 500cycles)
Sun Mar 23 23:08:56 CET 2014: 72: No solution found.
Sun Mar 23 23:09:11 CET 2014: 73: finished (14734ms, 500cycles)
Sun Mar 23 23:09:11 CET 2014: 73: No solution found.
Sun Mar 23 23:09:11 CET 2014: 74: finished (740ms, 22cycles)
Sun Mar 23 23:09:11 CET 2014: 74: Solution found.
Sun Mar 23 23:09:26 CET 2014: 75: finished (14901ms, 500cycles)
Sun Mar 23 23:09:26 CET 2014: 75: No solution found.
Sun Mar 23 23:09:27 CET 2014: 76: finished (518ms, 14cycles)
Sun Mar 23 23:09:27 CET 2014: 76: Solution found.
Sun Mar 23 23:09:27 CET 2014: 77: finished (563ms, 15cycles)
Sun Mar 23 23:09:27 CET 2014: 77: Solution found.
Sun Mar 23 23:09:29 CET 2014: 78: finished (1840ms, 54cycles)
Sun Mar 23 23:09:29 CET 2014: 78: Solution found.
Sun Mar 23 23:09:30 CET 2014: 79: finished (529ms, 14cycles)
Sun Mar 23 23:09:30 CET 2014: 79: Solution found.
Sun Mar 23 23:09:31 CET 2014: 80: finished (880ms, 26cycles)
Sun Mar 23 23:09:31 CET 2014: 80: Solution found.
Sun Mar 23 23:09:31 CET 2014: 81: finished (549ms, 16cycles)
Sun Mar 23 23:09:31 CET 2014: 81: Solution found.
Sun Mar 23 23:09:32 CET 2014: 82: finished (485ms, 14cycles)
Sun Mar 23 23:09:32 CET 2014: 82: Solution found.
Sun Mar 23 23:09:32 CET 2014: 83: finished (563ms, 16cycles)
Sun Mar 23 23:09:32 CET 2014: 83: Solution found.
Sun Mar 23 23:09:47 CET 2014: 84: finished (14805ms, 500cycles)
Sun Mar 23 23:09:47 CET 2014: 84: No solution found.
Sun Mar 23 23:09:48 CET 2014: 85: finished (798ms, 23cycles)
Sun Mar 23 23:09:48 CET 2014: 85: Solution found.
Sun Mar 23 23:09:48 CET 2014: 86: finished (774ms, 21cycles)
Sun Mar 23 23:09:48 CET 2014: 86: Solution found.
Sun Mar 23 23:09:50 CET 2014: 87: finished (1408ms, 42cycles)
Sun Mar 23 23:09:50 CET 2014: 87: Solution found.
Sun Mar 23 23:09:50 CET 2014: 88: finished (163ms, 4cycles)
Sun Mar 23 23:09:50 CET 2014: 88: Solution found.
Sun Mar 23 23:09:50 CET 2014: 89: finished (130ms, 3cycles)
Sun Mar 23 23:09:50 CET 2014: 89: Solution found.
Sun Mar 23 23:09:51 CET 2014: 90: finished (541ms, 15cycles)
Sun Mar 23 23:09:51 CET 2014: 90: Solution found.
Sun Mar 23 23:09:51 CET 2014: 91: finished (494ms, 14cycles)
Sun Mar 23 23:09:51 CET 2014: 91: Solution found.
Sun Mar 23 23:09:52 CET 2014: 92: finished (327ms, 9cycles)
Sun Mar 23 23:09:52 CET 2014: 92: Solution found.
Sun Mar 23 23:09:52 CET 2014: 93: finished (603ms, 17cycles)
Sun Mar 23 23:09:52 CET 2014: 93: Solution found.
Sun Mar 23 23:09:53 CET 2014: 94: finished (609ms, 17cycles)
Sun Mar 23 23:09:53 CET 2014: 94: Solution found.
Sun Mar 23 23:10:08 CET 2014: 95: finished (14802ms, 500cycles)
Sun Mar 23 23:10:08 CET 2014: 95: No solution found.
Sun Mar 23 23:10:08 CET 2014: 96: finished (500ms, 14cycles)
Sun Mar 23 23:10:08 CET 2014: 96: Solution found.
Sun Mar 23 23:10:08 CET 2014: 97: finished (136ms, 3cycles)
Sun Mar 23 23:10:08 CET 2014: 97: Solution found.
Sun Mar 23 23:10:09 CET 2014: 98: finished (290ms, 8cycles)
Sun Mar 23 23:10:09 CET 2014: 98: Solution found.
Sun Mar 23 23:10:09 CET 2014: 99: finished (600ms, 18cycles)
Sun Mar 23 23:10:09 CET 2014: 99: Solution found.
Sun Mar 23 23:10:09 CET 2014: Solution Found: 89
Sun Mar 23 23:10:09 CET 2014: Avg cycles: 15
Sun Mar 23 23:10:09 CET 2014: Max cycles: 68
Sun Mar 23 23:10:09 CET 2014: Min cycles: 1
Sun Mar 23 23:10:09 CET 2014: No solution found: 11
Sun Mar 23 23:10:09 CET 2014: logging finished. (runtime: 216549ms)
