Mon Mar 31 00:44:43 CEST 2014: Problem Count: 150
Mon Mar 31 00:44:43 CEST 2014: CandidatesCount: 200
Mon Mar 31 00:44:43 CEST 2014: Max Cycles: 500
Mon Mar 31 00:44:43 CEST 2014: 0: finished (45ms, 2cycles)
Mon Mar 31 00:44:43 CEST 2014: 0: Solution found.
Mon Mar 31 00:44:43 CEST 2014: 1: finished (365ms, 27cycles)
Mon Mar 31 00:44:43 CEST 2014: 1: Solution found.
Mon Mar 31 00:44:50 CEST 2014: 2: finished (6824ms, 500cycles)
Mon Mar 31 00:44:50 CEST 2014: 2: No solution found.
Mon Mar 31 00:44:50 CEST 2014: 3: finished (109ms, 8cycles)
Mon Mar 31 00:44:50 CEST 2014: 3: Solution found.
Mon Mar 31 00:44:56 CEST 2014: 4: finished (6548ms, 500cycles)
Mon Mar 31 00:44:56 CEST 2014: 4: No solution found.
Mon Mar 31 00:44:56 CEST 2014: 5: finished (39ms, 2cycles)
Mon Mar 31 00:44:56 CEST 2014: 5: Solution found.
Mon Mar 31 00:44:57 CEST 2014: 6: finished (479ms, 36cycles)
Mon Mar 31 00:44:57 CEST 2014: 6: Solution found.
Mon Mar 31 00:44:57 CEST 2014: 7: finished (92ms, 7cycles)
Mon Mar 31 00:44:57 CEST 2014: 7: Solution found.
Mon Mar 31 00:44:57 CEST 2014: 8: finished (72ms, 5cycles)
Mon Mar 31 00:44:57 CEST 2014: 8: Solution found.
Mon Mar 31 00:44:57 CEST 2014: 9: finished (114ms, 8cycles)
Mon Mar 31 00:44:57 CEST 2014: 9: Solution found.
Mon Mar 31 00:45:03 CEST 2014: 10: finished (5737ms, 500cycles)
Mon Mar 31 00:45:03 CEST 2014: 10: No solution found.
Mon Mar 31 00:45:03 CEST 2014: 11: finished (148ms, 11cycles)
Mon Mar 31 00:45:03 CEST 2014: 11: Solution found.
Mon Mar 31 00:45:03 CEST 2014: 12: finished (241ms, 17cycles)
Mon Mar 31 00:45:03 CEST 2014: 12: Solution found.
Mon Mar 31 00:45:04 CEST 2014: 13: finished (198ms, 15cycles)
Mon Mar 31 00:45:04 CEST 2014: 13: Solution found.
Mon Mar 31 00:45:04 CEST 2014: 14: finished (204ms, 15cycles)
Mon Mar 31 00:45:04 CEST 2014: 14: Solution found.
Mon Mar 31 00:45:10 CEST 2014: 15: finished (5755ms, 500cycles)
Mon Mar 31 00:45:10 CEST 2014: 15: No solution found.
Mon Mar 31 00:45:15 CEST 2014: 16: finished (5839ms, 500cycles)
Mon Mar 31 00:45:15 CEST 2014: 16: No solution found.
Mon Mar 31 00:45:16 CEST 2014: 17: finished (225ms, 17cycles)
Mon Mar 31 00:45:16 CEST 2014: 17: Solution found.
Mon Mar 31 00:45:16 CEST 2014: 18: finished (148ms, 11cycles)
Mon Mar 31 00:45:16 CEST 2014: 18: Solution found.
Mon Mar 31 00:45:16 CEST 2014: 19: finished (201ms, 15cycles)
Mon Mar 31 00:45:16 CEST 2014: 19: Solution found.
Mon Mar 31 00:45:16 CEST 2014: 20: finished (282ms, 21cycles)
Mon Mar 31 00:45:16 CEST 2014: 20: Solution found.
Mon Mar 31 00:45:16 CEST 2014: 21: finished (229ms, 17cycles)
Mon Mar 31 00:45:16 CEST 2014: 21: Solution found.
Mon Mar 31 00:45:17 CEST 2014: 22: finished (96ms, 7cycles)
Mon Mar 31 00:45:17 CEST 2014: 22: Solution found.
Mon Mar 31 00:45:17 CEST 2014: 23: finished (218ms, 16cycles)
Mon Mar 31 00:45:17 CEST 2014: 23: Solution found.
Mon Mar 31 00:45:17 CEST 2014: 24: finished (206ms, 15cycles)
Mon Mar 31 00:45:17 CEST 2014: 24: Solution found.
Mon Mar 31 00:45:17 CEST 2014: 25: finished (25ms, 1cycles)
Mon Mar 31 00:45:17 CEST 2014: 25: Solution found.
Mon Mar 31 00:45:17 CEST 2014: 26: finished (215ms, 16cycles)
Mon Mar 31 00:45:17 CEST 2014: 26: Solution found.
Mon Mar 31 00:45:17 CEST 2014: 27: finished (168ms, 12cycles)
Mon Mar 31 00:45:17 CEST 2014: 27: Solution found.
Mon Mar 31 00:45:23 CEST 2014: 28: finished (5799ms, 500cycles)
Mon Mar 31 00:45:23 CEST 2014: 28: No solution found.
Mon Mar 31 00:45:24 CEST 2014: 29: finished (423ms, 33cycles)
Mon Mar 31 00:45:24 CEST 2014: 29: Solution found.
Mon Mar 31 00:45:24 CEST 2014: 30: finished (191ms, 13cycles)
Mon Mar 31 00:45:24 CEST 2014: 30: Solution found.
Mon Mar 31 00:45:24 CEST 2014: 31: finished (230ms, 17cycles)
Mon Mar 31 00:45:24 CEST 2014: 31: Solution found.
Mon Mar 31 00:45:24 CEST 2014: 32: finished (195ms, 14cycles)
Mon Mar 31 00:45:24 CEST 2014: 32: Solution found.
Mon Mar 31 00:45:24 CEST 2014: 33: finished (50ms, 3cycles)
Mon Mar 31 00:45:24 CEST 2014: 33: Solution found.
Mon Mar 31 00:45:31 CEST 2014: 34: finished (6397ms, 500cycles)
Mon Mar 31 00:45:31 CEST 2014: 34: No solution found.
Mon Mar 31 00:45:31 CEST 2014: 35: finished (429ms, 12cycles)
Mon Mar 31 00:45:31 CEST 2014: 35: Solution found.
Mon Mar 31 00:45:32 CEST 2014: 36: finished (502ms, 14cycles)
Mon Mar 31 00:45:32 CEST 2014: 36: Solution found.
Mon Mar 31 00:45:32 CEST 2014: 37: finished (577ms, 16cycles)
Mon Mar 31 00:45:32 CEST 2014: 37: Solution found.
Mon Mar 31 00:45:32 CEST 2014: 38: finished (279ms, 7cycles)
Mon Mar 31 00:45:32 CEST 2014: 38: Solution found.
Mon Mar 31 00:45:33 CEST 2014: 39: finished (351ms, 9cycles)
Mon Mar 31 00:45:33 CEST 2014: 39: Solution found.
Mon Mar 31 00:45:34 CEST 2014: 40: finished (1106ms, 32cycles)
Mon Mar 31 00:45:34 CEST 2014: 40: Solution found.
Mon Mar 31 00:45:40 CEST 2014: 41: finished (6092ms, 500cycles)
Mon Mar 31 00:45:40 CEST 2014: 41: No solution found.
Mon Mar 31 00:45:40 CEST 2014: 42: finished (114ms, 8cycles)
Mon Mar 31 00:45:40 CEST 2014: 42: Solution found.
Mon Mar 31 00:45:40 CEST 2014: 43: finished (143ms, 11cycles)
Mon Mar 31 00:45:40 CEST 2014: 43: Solution found.
Mon Mar 31 00:45:40 CEST 2014: 44: finished (178ms, 13cycles)
Mon Mar 31 00:45:40 CEST 2014: 44: Solution found.
Mon Mar 31 00:45:41 CEST 2014: 45: finished (191ms, 14cycles)
Mon Mar 31 00:45:41 CEST 2014: 45: Solution found.
Mon Mar 31 00:45:41 CEST 2014: 46: finished (59ms, 3cycles)
Mon Mar 31 00:45:41 CEST 2014: 46: Solution found.
Mon Mar 31 00:45:46 CEST 2014: 47: finished (5781ms, 500cycles)
Mon Mar 31 00:45:46 CEST 2014: 47: No solution found.
Mon Mar 31 00:45:47 CEST 2014: 48: finished (61ms, 4cycles)
Mon Mar 31 00:45:47 CEST 2014: 48: Solution found.
Mon Mar 31 00:45:47 CEST 2014: 49: finished (61ms, 4cycles)
Mon Mar 31 00:45:47 CEST 2014: 49: Solution found.
Mon Mar 31 00:45:47 CEST 2014: 50: finished (24ms, 1cycles)
Mon Mar 31 00:45:47 CEST 2014: 50: Solution found.
Mon Mar 31 00:45:47 CEST 2014: 51: finished (191ms, 14cycles)
Mon Mar 31 00:45:47 CEST 2014: 51: Solution found.
Mon Mar 31 00:45:47 CEST 2014: 52: finished (153ms, 11cycles)
Mon Mar 31 00:45:47 CEST 2014: 52: Solution found.
Mon Mar 31 00:45:47 CEST 2014: 53: finished (159ms, 12cycles)
Mon Mar 31 00:45:47 CEST 2014: 53: Solution found.
Mon Mar 31 00:45:48 CEST 2014: 54: finished (454ms, 34cycles)
Mon Mar 31 00:45:48 CEST 2014: 54: Solution found.
Mon Mar 31 00:45:53 CEST 2014: 55: finished (5697ms, 500cycles)
Mon Mar 31 00:45:53 CEST 2014: 55: No solution found.
Mon Mar 31 00:45:53 CEST 2014: 56: finished (149ms, 9cycles)
Mon Mar 31 00:45:53 CEST 2014: 56: Solution found.
Mon Mar 31 00:45:54 CEST 2014: 57: finished (467ms, 36cycles)
Mon Mar 31 00:45:54 CEST 2014: 57: Solution found.
Mon Mar 31 00:46:00 CEST 2014: 58: finished (5849ms, 500cycles)
Mon Mar 31 00:46:00 CEST 2014: 58: No solution found.
Mon Mar 31 00:46:00 CEST 2014: 59: finished (451ms, 35cycles)
Mon Mar 31 00:46:00 CEST 2014: 59: Solution found.
Mon Mar 31 00:46:00 CEST 2014: 60: finished (85ms, 6cycles)
Mon Mar 31 00:46:00 CEST 2014: 60: Solution found.
Mon Mar 31 00:46:00 CEST 2014: 61: finished (63ms, 4cycles)
Mon Mar 31 00:46:00 CEST 2014: 61: Solution found.
Mon Mar 31 00:46:01 CEST 2014: 62: finished (163ms, 12cycles)
Mon Mar 31 00:46:01 CEST 2014: 62: Solution found.
Mon Mar 31 00:46:01 CEST 2014: 63: finished (69ms, 5cycles)
Mon Mar 31 00:46:01 CEST 2014: 63: Solution found.
Mon Mar 31 00:46:02 CEST 2014: 64: finished (965ms, 77cycles)
Mon Mar 31 00:46:02 CEST 2014: 64: Solution found.
Mon Mar 31 00:46:02 CEST 2014: 65: finished (485ms, 36cycles)
Mon Mar 31 00:46:02 CEST 2014: 65: Solution found.
Mon Mar 31 00:46:02 CEST 2014: 66: finished (374ms, 29cycles)
Mon Mar 31 00:46:02 CEST 2014: 66: Solution found.
Mon Mar 31 00:46:03 CEST 2014: 67: finished (149ms, 11cycles)
Mon Mar 31 00:46:03 CEST 2014: 67: Solution found.
Mon Mar 31 00:46:03 CEST 2014: 68: finished (73ms, 5cycles)
Mon Mar 31 00:46:03 CEST 2014: 68: Solution found.
Mon Mar 31 00:46:03 CEST 2014: 69: finished (98ms, 7cycles)
Mon Mar 31 00:46:03 CEST 2014: 69: Solution found.
Mon Mar 31 00:46:03 CEST 2014: 70: finished (138ms, 10cycles)
Mon Mar 31 00:46:03 CEST 2014: 70: Solution found.
Mon Mar 31 00:46:03 CEST 2014: 71: finished (376ms, 28cycles)
Mon Mar 31 00:46:03 CEST 2014: 71: Solution found.
Mon Mar 31 00:46:03 CEST 2014: 72: finished (123ms, 9cycles)
Mon Mar 31 00:46:03 CEST 2014: 72: Solution found.
Mon Mar 31 00:46:03 CEST 2014: 73: finished (84ms, 6cycles)
Mon Mar 31 00:46:03 CEST 2014: 73: Solution found.
Mon Mar 31 00:46:04 CEST 2014: 74: finished (260ms, 20cycles)
Mon Mar 31 00:46:04 CEST 2014: 74: Solution found.
Mon Mar 31 00:46:04 CEST 2014: 75: finished (207ms, 14cycles)
Mon Mar 31 00:46:04 CEST 2014: 75: Solution found.
Mon Mar 31 00:46:13 CEST 2014: 76: finished (8663ms, 500cycles)
Mon Mar 31 00:46:13 CEST 2014: 76: No solution found.
Mon Mar 31 00:46:18 CEST 2014: 77: finished (5821ms, 500cycles)
Mon Mar 31 00:46:18 CEST 2014: 77: No solution found.
Mon Mar 31 00:46:19 CEST 2014: 78: finished (113ms, 8cycles)
Mon Mar 31 00:46:19 CEST 2014: 78: Solution found.
Mon Mar 31 00:46:19 CEST 2014: 79: finished (216ms, 16cycles)
Mon Mar 31 00:46:19 CEST 2014: 79: Solution found.
Mon Mar 31 00:46:19 CEST 2014: 80: finished (126ms, 9cycles)
Mon Mar 31 00:46:19 CEST 2014: 80: Solution found.
Mon Mar 31 00:46:19 CEST 2014: 81: finished (159ms, 12cycles)
Mon Mar 31 00:46:19 CEST 2014: 81: Solution found.
Mon Mar 31 00:46:20 CEST 2014: 82: finished (692ms, 54cycles)
Mon Mar 31 00:46:20 CEST 2014: 82: Solution found.
Mon Mar 31 00:46:20 CEST 2014: 83: finished (253ms, 19cycles)
Mon Mar 31 00:46:20 CEST 2014: 83: Solution found.
Mon Mar 31 00:46:20 CEST 2014: 84: finished (96ms, 7cycles)
Mon Mar 31 00:46:20 CEST 2014: 84: Solution found.
Mon Mar 31 00:46:20 CEST 2014: 85: finished (201ms, 15cycles)
Mon Mar 31 00:46:20 CEST 2014: 85: Solution found.
Mon Mar 31 00:46:21 CEST 2014: 86: finished (248ms, 18cycles)
Mon Mar 31 00:46:21 CEST 2014: 86: Solution found.
Mon Mar 31 00:46:26 CEST 2014: 87: finished (5731ms, 500cycles)
Mon Mar 31 00:46:26 CEST 2014: 87: No solution found.
Mon Mar 31 00:46:26 CEST 2014: 88: finished (174ms, 13cycles)
Mon Mar 31 00:46:26 CEST 2014: 88: Solution found.
Mon Mar 31 00:46:27 CEST 2014: 89: finished (373ms, 28cycles)
Mon Mar 31 00:46:27 CEST 2014: 89: Solution found.
Mon Mar 31 00:46:27 CEST 2014: 90: finished (238ms, 18cycles)
Mon Mar 31 00:46:27 CEST 2014: 90: Solution found.
Mon Mar 31 00:46:27 CEST 2014: 91: finished (426ms, 33cycles)
Mon Mar 31 00:46:27 CEST 2014: 91: Solution found.
Mon Mar 31 00:46:28 CEST 2014: 92: finished (226ms, 17cycles)
Mon Mar 31 00:46:28 CEST 2014: 92: Solution found.
Mon Mar 31 00:46:33 CEST 2014: 93: finished (5714ms, 500cycles)
Mon Mar 31 00:46:33 CEST 2014: 93: No solution found.
Mon Mar 31 00:46:34 CEST 2014: 94: finished (180ms, 13cycles)
Mon Mar 31 00:46:34 CEST 2014: 94: Solution found.
Mon Mar 31 00:46:34 CEST 2014: 95: finished (110ms, 8cycles)
Mon Mar 31 00:46:34 CEST 2014: 95: Solution found.
Mon Mar 31 00:46:34 CEST 2014: 96: finished (648ms, 50cycles)
Mon Mar 31 00:46:34 CEST 2014: 96: Solution found.
Mon Mar 31 00:46:34 CEST 2014: 97: finished (120ms, 9cycles)
Mon Mar 31 00:46:34 CEST 2014: 97: Solution found.
Mon Mar 31 00:46:35 CEST 2014: 98: finished (186ms, 14cycles)
Mon Mar 31 00:46:35 CEST 2014: 98: Solution found.
Mon Mar 31 00:46:35 CEST 2014: 99: finished (112ms, 8cycles)
Mon Mar 31 00:46:35 CEST 2014: 99: Solution found.
Mon Mar 31 00:46:35 CEST 2014: Solution Found: 85
Mon Mar 31 00:46:35 CEST 2014: Avg cycles: 15
Mon Mar 31 00:46:35 CEST 2014: Max cycles: 77
Mon Mar 31 00:46:35 CEST 2014: Min cycles: 1
Mon Mar 31 00:46:35 CEST 2014: No solution found: 15
Mon Mar 31 00:46:35 CEST 2014: logging finished. (runtime: 112186ms)
