Sat Mar 29 22:02:29 CET 2014: Problem Count: 200
Sat Mar 29 22:02:29 CET 2014: CandidatesCount: 50
Sat Mar 29 22:02:29 CET 2014: Max Cycles: 500
Sat Mar 29 22:02:31 CET 2014: 0: finished (2621ms, 500cycles)
Sat Mar 29 22:02:31 CET 2014: 0: No solution found.
Sat Mar 29 22:02:34 CET 2014: 1: finished (2676ms, 500cycles)
Sat Mar 29 22:02:34 CET 2014: 1: No solution found.
Sat Mar 29 22:02:34 CET 2014: 2: finished (58ms, 9cycles)
Sat Mar 29 22:02:34 CET 2014: 2: Solution found.
Sat Mar 29 22:02:37 CET 2014: 3: finished (2666ms, 500cycles)
Sat Mar 29 22:02:37 CET 2014: 3: No solution found.
Sat Mar 29 22:02:39 CET 2014: 4: finished (2668ms, 500cycles)
Sat Mar 29 22:02:39 CET 2014: 4: No solution found.
Sat Mar 29 22:02:42 CET 2014: 5: finished (2715ms, 500cycles)
Sat Mar 29 22:02:42 CET 2014: 5: No solution found.
Sat Mar 29 22:02:45 CET 2014: 6: finished (2713ms, 500cycles)
Sat Mar 29 22:02:45 CET 2014: 6: No solution found.
Sat Mar 29 22:02:45 CET 2014: 7: finished (111ms, 17cycles)
Sat Mar 29 22:02:45 CET 2014: 7: Solution found.
Sat Mar 29 22:02:45 CET 2014: 8: finished (351ms, 60cycles)
Sat Mar 29 22:02:45 CET 2014: 8: Solution found.
Sat Mar 29 22:02:48 CET 2014: 9: finished (2654ms, 500cycles)
Sat Mar 29 22:02:48 CET 2014: 9: No solution found.
Sat Mar 29 22:02:50 CET 2014: 10: finished (2654ms, 500cycles)
Sat Mar 29 22:02:50 CET 2014: 10: No solution found.
Sat Mar 29 22:02:51 CET 2014: 11: finished (115ms, 17cycles)
Sat Mar 29 22:02:51 CET 2014: 11: Solution found.
Sat Mar 29 22:02:51 CET 2014: 12: finished (92ms, 14cycles)
Sat Mar 29 22:02:51 CET 2014: 12: Solution found.
Sat Mar 29 22:02:53 CET 2014: 13: finished (2614ms, 500cycles)
Sat Mar 29 22:02:53 CET 2014: 13: No solution found.
Sat Mar 29 22:02:53 CET 2014: 14: finished (94ms, 14cycles)
Sat Mar 29 22:02:53 CET 2014: 14: Solution found.
Sat Mar 29 22:02:53 CET 2014: 15: finished (92ms, 15cycles)
Sat Mar 29 22:02:53 CET 2014: 15: Solution found.
Sat Mar 29 22:02:56 CET 2014: 16: finished (2635ms, 500cycles)
Sat Mar 29 22:02:56 CET 2014: 16: No solution found.
Sat Mar 29 22:02:56 CET 2014: 17: finished (113ms, 17cycles)
Sat Mar 29 22:02:56 CET 2014: 17: Solution found.
Sat Mar 29 22:02:56 CET 2014: 18: finished (107ms, 17cycles)
Sat Mar 29 22:02:56 CET 2014: 18: Solution found.
Sat Mar 29 22:02:56 CET 2014: 19: finished (170ms, 26cycles)
Sat Mar 29 22:02:56 CET 2014: 19: Solution found.
Sat Mar 29 22:02:59 CET 2014: 20: finished (2687ms, 500cycles)
Sat Mar 29 22:02:59 CET 2014: 20: No solution found.
Sat Mar 29 22:02:59 CET 2014: 21: finished (142ms, 23cycles)
Sat Mar 29 22:02:59 CET 2014: 21: Solution found.
Sat Mar 29 22:03:02 CET 2014: 22: finished (2644ms, 500cycles)
Sat Mar 29 22:03:02 CET 2014: 22: No solution found.
Sat Mar 29 22:03:02 CET 2014: 23: finished (165ms, 25cycles)
Sat Mar 29 22:03:02 CET 2014: 23: Solution found.
Sat Mar 29 22:03:02 CET 2014: 24: finished (130ms, 20cycles)
Sat Mar 29 22:03:02 CET 2014: 24: Solution found.
Sat Mar 29 22:03:02 CET 2014: 25: finished (50ms, 8cycles)
Sat Mar 29 22:03:02 CET 2014: 25: Solution found.
Sat Mar 29 22:03:02 CET 2014: 26: finished (48ms, 7cycles)
Sat Mar 29 22:03:02 CET 2014: 26: Solution found.
Sat Mar 29 22:03:05 CET 2014: 27: finished (2663ms, 500cycles)
Sat Mar 29 22:03:05 CET 2014: 27: No solution found.
Sat Mar 29 22:03:08 CET 2014: 28: finished (2670ms, 500cycles)
Sat Mar 29 22:03:08 CET 2014: 28: No solution found.
Sat Mar 29 22:03:10 CET 2014: 29: finished (2707ms, 500cycles)
Sat Mar 29 22:03:10 CET 2014: 29: No solution found.
Sat Mar 29 22:03:13 CET 2014: 30: finished (2654ms, 500cycles)
Sat Mar 29 22:03:13 CET 2014: 30: No solution found.
Sat Mar 29 22:03:16 CET 2014: 31: finished (2705ms, 500cycles)
Sat Mar 29 22:03:16 CET 2014: 31: No solution found.
Sat Mar 29 22:03:18 CET 2014: 32: finished (2661ms, 500cycles)
Sat Mar 29 22:03:18 CET 2014: 32: No solution found.
Sat Mar 29 22:03:19 CET 2014: 33: finished (207ms, 33cycles)
Sat Mar 29 22:03:19 CET 2014: 33: Solution found.
Sat Mar 29 22:03:19 CET 2014: 34: finished (342ms, 56cycles)
Sat Mar 29 22:03:19 CET 2014: 34: Solution found.
Sat Mar 29 22:03:19 CET 2014: 35: finished (134ms, 21cycles)
Sat Mar 29 22:03:19 CET 2014: 35: Solution found.
Sat Mar 29 22:03:22 CET 2014: 36: finished (2612ms, 500cycles)
Sat Mar 29 22:03:22 CET 2014: 36: No solution found.
Sat Mar 29 22:03:24 CET 2014: 37: finished (2724ms, 500cycles)
Sat Mar 29 22:03:24 CET 2014: 37: No solution found.
Sat Mar 29 22:03:27 CET 2014: 38: finished (2680ms, 500cycles)
Sat Mar 29 22:03:27 CET 2014: 38: No solution found.
Sat Mar 29 22:03:27 CET 2014: 39: finished (163ms, 26cycles)
Sat Mar 29 22:03:27 CET 2014: 39: Solution found.
Sat Mar 29 22:03:30 CET 2014: 40: finished (2646ms, 500cycles)
Sat Mar 29 22:03:30 CET 2014: 40: No solution found.
Sat Mar 29 22:03:33 CET 2014: 41: finished (2678ms, 500cycles)
Sat Mar 29 22:03:33 CET 2014: 41: No solution found.
Sat Mar 29 22:03:33 CET 2014: 42: finished (78ms, 13cycles)
Sat Mar 29 22:03:33 CET 2014: 42: Solution found.
Sat Mar 29 22:03:35 CET 2014: 43: finished (2701ms, 500cycles)
Sat Mar 29 22:03:35 CET 2014: 43: No solution found.
Sat Mar 29 22:03:41 CET 2014: 44: finished (5549ms, 500cycles)
Sat Mar 29 22:03:41 CET 2014: 44: No solution found.
Sat Mar 29 22:03:41 CET 2014: 45: finished (224ms, 36cycles)
Sat Mar 29 22:03:41 CET 2014: 45: Solution found.
Sat Mar 29 22:03:41 CET 2014: 46: finished (90ms, 13cycles)
Sat Mar 29 22:03:41 CET 2014: 46: Solution found.
Sat Mar 29 22:03:44 CET 2014: 47: finished (2652ms, 500cycles)
Sat Mar 29 22:03:44 CET 2014: 47: No solution found.
Sat Mar 29 22:03:44 CET 2014: 48: finished (51ms, 8cycles)
Sat Mar 29 22:03:44 CET 2014: 48: Solution found.
Sat Mar 29 22:03:47 CET 2014: 49: finished (2621ms, 500cycles)
Sat Mar 29 22:03:47 CET 2014: 49: No solution found.
Sat Mar 29 22:03:47 CET 2014: 50: finished (111ms, 18cycles)
Sat Mar 29 22:03:47 CET 2014: 50: Solution found.
Sat Mar 29 22:03:49 CET 2014: 51: finished (2665ms, 500cycles)
Sat Mar 29 22:03:49 CET 2014: 51: No solution found.
Sat Mar 29 22:03:52 CET 2014: 52: finished (2706ms, 500cycles)
Sat Mar 29 22:03:52 CET 2014: 52: No solution found.
Sat Mar 29 22:03:55 CET 2014: 53: finished (2623ms, 500cycles)
Sat Mar 29 22:03:55 CET 2014: 53: No solution found.
Sat Mar 29 22:03:57 CET 2014: 54: finished (2692ms, 500cycles)
Sat Mar 29 22:03:57 CET 2014: 54: No solution found.
Sat Mar 29 22:04:00 CET 2014: 55: finished (2620ms, 500cycles)
Sat Mar 29 22:04:00 CET 2014: 55: No solution found.
Sat Mar 29 22:04:00 CET 2014: 56: finished (84ms, 13cycles)
Sat Mar 29 22:04:00 CET 2014: 56: Solution found.
Sat Mar 29 22:04:00 CET 2014: 57: finished (107ms, 17cycles)
Sat Mar 29 22:04:00 CET 2014: 57: Solution found.
Sat Mar 29 22:04:00 CET 2014: 58: finished (118ms, 16cycles)
Sat Mar 29 22:04:00 CET 2014: 58: Solution found.
Sat Mar 29 22:04:03 CET 2014: 59: finished (2659ms, 500cycles)
Sat Mar 29 22:04:03 CET 2014: 59: No solution found.
Sat Mar 29 22:04:03 CET 2014: 60: finished (241ms, 39cycles)
Sat Mar 29 22:04:03 CET 2014: 60: Solution found.
Sat Mar 29 22:04:03 CET 2014: 61: finished (108ms, 17cycles)
Sat Mar 29 22:04:03 CET 2014: 61: Solution found.
Sat Mar 29 22:04:03 CET 2014: 62: finished (101ms, 16cycles)
Sat Mar 29 22:04:03 CET 2014: 62: Solution found.
Sat Mar 29 22:04:03 CET 2014: 63: finished (28ms, 3cycles)
Sat Mar 29 22:04:03 CET 2014: 63: Solution found.
Sat Mar 29 22:04:06 CET 2014: 64: finished (2702ms, 500cycles)
Sat Mar 29 22:04:06 CET 2014: 64: No solution found.
Sat Mar 29 22:04:06 CET 2014: 65: finished (127ms, 21cycles)
Sat Mar 29 22:04:06 CET 2014: 65: Solution found.
Sat Mar 29 22:04:09 CET 2014: 66: finished (2613ms, 500cycles)
Sat Mar 29 22:04:09 CET 2014: 66: No solution found.
Sat Mar 29 22:04:12 CET 2014: 67: finished (2696ms, 500cycles)
Sat Mar 29 22:04:12 CET 2014: 67: No solution found.
Sat Mar 29 22:04:12 CET 2014: 68: finished (128ms, 20cycles)
Sat Mar 29 22:04:12 CET 2014: 68: Solution found.
Sat Mar 29 22:04:12 CET 2014: 69: finished (197ms, 31cycles)
Sat Mar 29 22:04:12 CET 2014: 69: Solution found.
Sat Mar 29 22:04:15 CET 2014: 70: finished (2690ms, 500cycles)
Sat Mar 29 22:04:15 CET 2014: 70: No solution found.
Sat Mar 29 22:04:15 CET 2014: 71: finished (110ms, 17cycles)
Sat Mar 29 22:04:15 CET 2014: 71: Solution found.
Sat Mar 29 22:04:17 CET 2014: 72: finished (2684ms, 500cycles)
Sat Mar 29 22:04:17 CET 2014: 72: No solution found.
Sat Mar 29 22:04:20 CET 2014: 73: finished (2638ms, 500cycles)
Sat Mar 29 22:04:20 CET 2014: 73: No solution found.
Sat Mar 29 22:04:20 CET 2014: 74: finished (133ms, 21cycles)
Sat Mar 29 22:04:20 CET 2014: 74: Solution found.
Sat Mar 29 22:04:20 CET 2014: 75: finished (25ms, 3cycles)
Sat Mar 29 22:04:20 CET 2014: 75: Solution found.
Sat Mar 29 22:04:23 CET 2014: 76: finished (2671ms, 500cycles)
Sat Mar 29 22:04:23 CET 2014: 76: No solution found.
Sat Mar 29 22:04:25 CET 2014: 77: finished (2619ms, 500cycles)
Sat Mar 29 22:04:25 CET 2014: 77: No solution found.
Sat Mar 29 22:04:28 CET 2014: 78: finished (2660ms, 500cycles)
Sat Mar 29 22:04:28 CET 2014: 78: No solution found.
Sat Mar 29 22:04:31 CET 2014: 79: finished (2708ms, 500cycles)
Sat Mar 29 22:04:31 CET 2014: 79: No solution found.
Sat Mar 29 22:04:34 CET 2014: 80: finished (2697ms, 500cycles)
Sat Mar 29 22:04:34 CET 2014: 80: No solution found.
Sat Mar 29 22:04:34 CET 2014: 81: finished (414ms, 69cycles)
Sat Mar 29 22:04:34 CET 2014: 81: Solution found.
Sat Mar 29 22:04:34 CET 2014: 82: finished (39ms, 6cycles)
Sat Mar 29 22:04:34 CET 2014: 82: Solution found.
Sat Mar 29 22:04:34 CET 2014: 83: finished (211ms, 35cycles)
Sat Mar 29 22:04:34 CET 2014: 83: Solution found.
Sat Mar 29 22:04:34 CET 2014: 84: finished (147ms, 25cycles)
Sat Mar 29 22:04:34 CET 2014: 84: Solution found.
Sat Mar 29 22:04:34 CET 2014: 85: finished (116ms, 17cycles)
Sat Mar 29 22:04:34 CET 2014: 85: Solution found.
Sat Mar 29 22:04:35 CET 2014: 86: finished (69ms, 11cycles)
Sat Mar 29 22:04:35 CET 2014: 86: Solution found.
Sat Mar 29 22:04:35 CET 2014: 87: finished (427ms, 66cycles)
Sat Mar 29 22:04:35 CET 2014: 87: Solution found.
Sat Mar 29 22:04:38 CET 2014: 88: finished (2681ms, 500cycles)
Sat Mar 29 22:04:38 CET 2014: 88: No solution found.
Sat Mar 29 22:04:38 CET 2014: 89: finished (123ms, 19cycles)
Sat Mar 29 22:04:38 CET 2014: 89: Solution found.
Sat Mar 29 22:04:40 CET 2014: 90: finished (2702ms, 500cycles)
Sat Mar 29 22:04:40 CET 2014: 90: No solution found.
Sat Mar 29 22:04:41 CET 2014: 91: finished (85ms, 14cycles)
Sat Mar 29 22:04:41 CET 2014: 91: Solution found.
Sat Mar 29 22:04:43 CET 2014: 92: finished (2707ms, 500cycles)
Sat Mar 29 22:04:43 CET 2014: 92: No solution found.
Sat Mar 29 22:04:46 CET 2014: 93: finished (2641ms, 500cycles)
Sat Mar 29 22:04:46 CET 2014: 93: No solution found.
Sat Mar 29 22:04:46 CET 2014: 94: finished (93ms, 15cycles)
Sat Mar 29 22:04:46 CET 2014: 94: Solution found.
Sat Mar 29 22:04:49 CET 2014: 95: finished (2739ms, 500cycles)
Sat Mar 29 22:04:49 CET 2014: 95: No solution found.
Sat Mar 29 22:04:49 CET 2014: 96: finished (108ms, 16cycles)
Sat Mar 29 22:04:49 CET 2014: 96: Solution found.
Sat Mar 29 22:04:51 CET 2014: 97: finished (2664ms, 500cycles)
Sat Mar 29 22:04:51 CET 2014: 97: No solution found.
Sat Mar 29 22:04:54 CET 2014: 98: finished (2659ms, 500cycles)
Sat Mar 29 22:04:54 CET 2014: 98: No solution found.
Sat Mar 29 22:04:54 CET 2014: 99: finished (148ms, 25cycles)
Sat Mar 29 22:04:54 CET 2014: 99: Solution found.
Sat Mar 29 22:04:54 CET 2014: Solution Found: 49
Sat Mar 29 22:04:54 CET 2014: Avg cycles: 21
Sat Mar 29 22:04:54 CET 2014: Max cycles: 69
Sat Mar 29 22:04:54 CET 2014: Min cycles: 3
Sat Mar 29 22:04:54 CET 2014: No solution found: 51
Sat Mar 29 22:04:54 CET 2014: logging finished. (runtime: 145748ms)
