Mon May 19 22:54:17 CEST 2014: Problem Count: 40
Mon May 19 22:54:17 CEST 2014: CandidatesCount: 250
Mon May 19 22:54:17 CEST 2014: Max Cycles: 500
Mon May 19 22:54:18 CEST 2014: 0: finished (844ms, 48cycles)
Mon May 19 22:54:18 CEST 2014: 0: Solution found.
Mon May 19 22:54:18 CEST 2014: 1: finished (499ms, 31cycles)
Mon May 19 22:54:18 CEST 2014: 1: Solution found.
Mon May 19 22:54:19 CEST 2014: 2: finished (693ms, 38cycles)
Mon May 19 22:54:19 CEST 2014: 2: Solution found.
Mon May 19 22:54:20 CEST 2014: 3: finished (789ms, 49cycles)
Mon May 19 22:54:20 CEST 2014: 3: Solution found.
Mon May 19 22:54:21 CEST 2014: 4: finished (1018ms, 61cycles)
Mon May 19 22:54:21 CEST 2014: 4: Solution found.
Mon May 19 22:54:22 CEST 2014: 5: finished (650ms, 38cycles)
Mon May 19 22:54:22 CEST 2014: 5: Solution found.
Mon May 19 22:54:23 CEST 2014: 6: finished (978ms, 57cycles)
Mon May 19 22:54:23 CEST 2014: 6: Solution found.
Mon May 19 22:54:23 CEST 2014: 7: finished (603ms, 34cycles)
Mon May 19 22:54:23 CEST 2014: 7: Solution found.
Mon May 19 22:54:24 CEST 2014: 8: finished (579ms, 33cycles)
Mon May 19 22:54:24 CEST 2014: 8: Solution found.
Mon May 19 22:54:25 CEST 2014: 9: finished (765ms, 46cycles)
Mon May 19 22:54:25 CEST 2014: 9: Solution found.
Mon May 19 22:54:26 CEST 2014: 10: finished (932ms, 50cycles)
Mon May 19 22:54:26 CEST 2014: 10: Solution found.
Mon May 19 22:54:26 CEST 2014: 11: finished (586ms, 31cycles)
Mon May 19 22:54:26 CEST 2014: 11: Solution found.
Mon May 19 22:54:27 CEST 2014: 12: finished (755ms, 39cycles)
Mon May 19 22:54:27 CEST 2014: 12: Solution found.
Mon May 19 22:54:28 CEST 2014: 13: finished (679ms, 35cycles)
Mon May 19 22:54:28 CEST 2014: 13: Solution found.
Mon May 19 22:54:28 CEST 2014: 14: finished (778ms, 47cycles)
Mon May 19 22:54:28 CEST 2014: 14: Solution found.
Mon May 19 22:54:29 CEST 2014: 15: finished (519ms, 32cycles)
Mon May 19 22:54:29 CEST 2014: 15: Solution found.
Mon May 19 22:54:30 CEST 2014: 16: finished (962ms, 54cycles)
Mon May 19 22:54:30 CEST 2014: 16: Solution found.
Mon May 19 22:54:30 CEST 2014: 17: finished (257ms, 17cycles)
Mon May 19 22:54:30 CEST 2014: 17: Solution found.
Mon May 19 22:54:31 CEST 2014: 18: finished (710ms, 43cycles)
Mon May 19 22:54:31 CEST 2014: 18: Solution found.
Mon May 19 22:54:31 CEST 2014: 19: finished (425ms, 30cycles)
Mon May 19 22:54:31 CEST 2014: 19: Solution found.
Mon May 19 22:54:32 CEST 2014: 20: finished (487ms, 31cycles)
Mon May 19 22:54:32 CEST 2014: 20: Solution found.
Mon May 19 22:54:33 CEST 2014: 21: finished (859ms, 52cycles)
Mon May 19 22:54:33 CEST 2014: 21: Solution found.
Mon May 19 22:54:33 CEST 2014: 22: finished (784ms, 48cycles)
Mon May 19 22:54:33 CEST 2014: 22: Solution found.
Mon May 19 22:54:35 CEST 2014: 23: finished (1036ms, 59cycles)
Mon May 19 22:54:35 CEST 2014: 23: Solution found.
Mon May 19 22:54:35 CEST 2014: 24: finished (906ms, 50cycles)
Mon May 19 22:54:35 CEST 2014: 24: Solution found.
Mon May 19 22:54:36 CEST 2014: 25: finished (861ms, 49cycles)
Mon May 19 22:54:36 CEST 2014: 25: Solution found.
Mon May 19 22:54:37 CEST 2014: 26: finished (843ms, 53cycles)
Mon May 19 22:54:37 CEST 2014: 26: Solution found.
Mon May 19 22:54:38 CEST 2014: 27: finished (905ms, 52cycles)
Mon May 19 22:54:38 CEST 2014: 27: Solution found.
Mon May 19 22:54:39 CEST 2014: 28: finished (852ms, 49cycles)
Mon May 19 22:54:39 CEST 2014: 28: Solution found.
Mon May 19 22:54:40 CEST 2014: 29: finished (677ms, 44cycles)
Mon May 19 22:54:40 CEST 2014: 29: Solution found.
Mon May 19 22:54:40 CEST 2014: 30: finished (577ms, 36cycles)
Mon May 19 22:54:40 CEST 2014: 30: Solution found.
Mon May 19 22:54:41 CEST 2014: 31: finished (671ms, 44cycles)
Mon May 19 22:54:41 CEST 2014: 31: Solution found.
Mon May 19 22:54:41 CEST 2014: 32: finished (339ms, 21cycles)
Mon May 19 22:54:41 CEST 2014: 32: Solution found.
Mon May 19 22:54:42 CEST 2014: 33: finished (786ms, 51cycles)
Mon May 19 22:54:42 CEST 2014: 33: Solution found.
Mon May 19 22:54:43 CEST 2014: 34: finished (993ms, 64cycles)
Mon May 19 22:54:43 CEST 2014: 34: Solution found.
Mon May 19 22:54:44 CEST 2014: 35: finished (830ms, 51cycles)
Mon May 19 22:54:44 CEST 2014: 35: Solution found.
Mon May 19 22:54:44 CEST 2014: 36: finished (175ms, 11cycles)
Mon May 19 22:54:44 CEST 2014: 36: Solution found.
Mon May 19 22:54:45 CEST 2014: 37: finished (1050ms, 61cycles)
Mon May 19 22:54:45 CEST 2014: 37: Solution found.
Mon May 19 22:54:46 CEST 2014: 38: finished (643ms, 38cycles)
Mon May 19 22:54:46 CEST 2014: 38: Solution found.
Mon May 19 22:54:47 CEST 2014: 39: finished (804ms, 48cycles)
Mon May 19 22:54:47 CEST 2014: 39: Solution found.
Mon May 19 22:54:47 CEST 2014: 40: finished (700ms, 42cycles)
Mon May 19 22:54:47 CEST 2014: 40: Solution found.
Mon May 19 22:54:48 CEST 2014: 41: finished (419ms, 27cycles)
Mon May 19 22:54:48 CEST 2014: 41: Solution found.
Mon May 19 22:54:49 CEST 2014: 42: finished (688ms, 42cycles)
Mon May 19 22:54:49 CEST 2014: 42: Solution found.
Mon May 19 22:54:50 CEST 2014: 43: finished (995ms, 56cycles)
Mon May 19 22:54:50 CEST 2014: 43: Solution found.
Mon May 19 22:54:50 CEST 2014: 44: finished (461ms, 30cycles)
Mon May 19 22:54:50 CEST 2014: 44: Solution found.
Mon May 19 22:54:51 CEST 2014: 45: finished (1086ms, 62cycles)
Mon May 19 22:54:51 CEST 2014: 45: Solution found.
Mon May 19 22:54:52 CEST 2014: 46: finished (592ms, 37cycles)
Mon May 19 22:54:52 CEST 2014: 46: Solution found.
Mon May 19 22:54:52 CEST 2014: 47: finished (395ms, 25cycles)
Mon May 19 22:54:52 CEST 2014: 47: Solution found.
Mon May 19 22:54:52 CEST 2014: 48: finished (279ms, 17cycles)
Mon May 19 22:54:52 CEST 2014: 48: Solution found.
Mon May 19 22:54:53 CEST 2014: 49: finished (656ms, 38cycles)
Mon May 19 22:54:53 CEST 2014: 49: Solution found.
Mon May 19 22:54:54 CEST 2014: 50: finished (786ms, 47cycles)
Mon May 19 22:54:54 CEST 2014: 50: Solution found.
Mon May 19 22:54:54 CEST 2014: 51: finished (424ms, 28cycles)
Mon May 19 22:54:54 CEST 2014: 51: Solution found.
Mon May 19 22:54:55 CEST 2014: 52: finished (679ms, 43cycles)
Mon May 19 22:54:55 CEST 2014: 52: Solution found.
Mon May 19 22:54:56 CEST 2014: 53: finished (569ms, 36cycles)
Mon May 19 22:54:56 CEST 2014: 53: Solution found.
Mon May 19 22:54:56 CEST 2014: 54: finished (760ms, 43cycles)
Mon May 19 22:54:56 CEST 2014: 54: Solution found.
Mon May 19 22:54:57 CEST 2014: 55: finished (815ms, 47cycles)
Mon May 19 22:54:57 CEST 2014: 55: Solution found.
Mon May 19 22:54:58 CEST 2014: 56: finished (657ms, 39cycles)
Mon May 19 22:54:58 CEST 2014: 56: Solution found.
Mon May 19 22:54:58 CEST 2014: 57: finished (499ms, 29cycles)
Mon May 19 22:54:58 CEST 2014: 57: Solution found.
Mon May 19 22:54:59 CEST 2014: 58: finished (843ms, 49cycles)
Mon May 19 22:54:59 CEST 2014: 58: Solution found.
Mon May 19 22:55:00 CEST 2014: 59: finished (359ms, 22cycles)
Mon May 19 22:55:00 CEST 2014: 59: Solution found.
Mon May 19 22:55:00 CEST 2014: 60: finished (735ms, 43cycles)
Mon May 19 22:55:00 CEST 2014: 60: Solution found.
Mon May 19 22:55:01 CEST 2014: 61: finished (810ms, 47cycles)
Mon May 19 22:55:01 CEST 2014: 61: Solution found.
Mon May 19 22:55:02 CEST 2014: 62: finished (653ms, 35cycles)
Mon May 19 22:55:02 CEST 2014: 62: Solution found.
Mon May 19 22:55:03 CEST 2014: 63: finished (866ms, 51cycles)
Mon May 19 22:55:03 CEST 2014: 63: Solution found.
Mon May 19 22:55:03 CEST 2014: 64: finished (461ms, 25cycles)
Mon May 19 22:55:03 CEST 2014: 64: Solution found.
Mon May 19 22:55:04 CEST 2014: 65: finished (605ms, 36cycles)
Mon May 19 22:55:04 CEST 2014: 65: Solution found.
Mon May 19 22:55:05 CEST 2014: 66: finished (684ms, 43cycles)
Mon May 19 22:55:05 CEST 2014: 66: Solution found.
Mon May 19 22:55:05 CEST 2014: 67: finished (732ms, 40cycles)
Mon May 19 22:55:05 CEST 2014: 67: Solution found.
Mon May 19 22:55:06 CEST 2014: 68: finished (623ms, 37cycles)
Mon May 19 22:55:06 CEST 2014: 68: Solution found.
Mon May 19 22:55:07 CEST 2014: 69: finished (912ms, 55cycles)
Mon May 19 22:55:07 CEST 2014: 69: Solution found.
Mon May 19 22:55:07 CEST 2014: 70: finished (388ms, 24cycles)
Mon May 19 22:55:07 CEST 2014: 70: Solution found.
Mon May 19 22:55:08 CEST 2014: 71: finished (1118ms, 67cycles)
Mon May 19 22:55:08 CEST 2014: 71: Solution found.
Mon May 19 22:55:09 CEST 2014: 72: finished (935ms, 52cycles)
Mon May 19 22:55:09 CEST 2014: 72: Solution found.
Mon May 19 22:55:10 CEST 2014: 73: finished (841ms, 51cycles)
Mon May 19 22:55:10 CEST 2014: 73: Solution found.
Mon May 19 22:55:11 CEST 2014: 74: finished (506ms, 29cycles)
Mon May 19 22:55:11 CEST 2014: 74: Solution found.
Mon May 19 22:55:12 CEST 2014: 75: finished (916ms, 49cycles)
Mon May 19 22:55:12 CEST 2014: 75: Solution found.
Mon May 19 22:55:12 CEST 2014: 76: finished (726ms, 44cycles)
Mon May 19 22:55:12 CEST 2014: 76: Solution found.
Mon May 19 22:55:13 CEST 2014: 77: finished (569ms, 35cycles)
Mon May 19 22:55:13 CEST 2014: 77: Solution found.
Mon May 19 22:55:13 CEST 2014: 78: finished (362ms, 22cycles)
Mon May 19 22:55:13 CEST 2014: 78: Solution found.
Mon May 19 22:55:14 CEST 2014: 79: finished (1140ms, 59cycles)
Mon May 19 22:55:14 CEST 2014: 79: Solution found.
Mon May 19 22:55:15 CEST 2014: 80: finished (807ms, 43cycles)
Mon May 19 22:55:15 CEST 2014: 80: Solution found.
Mon May 19 22:55:16 CEST 2014: 81: finished (822ms, 49cycles)
Mon May 19 22:55:16 CEST 2014: 81: Solution found.
Mon May 19 22:55:17 CEST 2014: 82: finished (502ms, 32cycles)
Mon May 19 22:55:17 CEST 2014: 82: Solution found.
Mon May 19 22:55:18 CEST 2014: 83: finished (1091ms, 63cycles)
Mon May 19 22:55:18 CEST 2014: 83: Solution found.
Mon May 19 22:55:18 CEST 2014: 84: finished (540ms, 32cycles)
Mon May 19 22:55:18 CEST 2014: 84: Solution found.
Mon May 19 22:55:19 CEST 2014: 85: finished (279ms, 19cycles)
Mon May 19 22:55:19 CEST 2014: 85: Solution found.
Mon May 19 22:55:19 CEST 2014: 86: finished (646ms, 37cycles)
Mon May 19 22:55:19 CEST 2014: 86: Solution found.
Mon May 19 22:55:20 CEST 2014: 87: finished (708ms, 47cycles)
Mon May 19 22:55:20 CEST 2014: 87: Solution found.
Mon May 19 22:55:21 CEST 2014: 88: finished (565ms, 34cycles)
Mon May 19 22:55:21 CEST 2014: 88: Solution found.
Mon May 19 22:55:21 CEST 2014: 89: finished (492ms, 32cycles)
Mon May 19 22:55:21 CEST 2014: 89: Solution found.
Mon May 19 22:55:22 CEST 2014: 90: finished (531ms, 32cycles)
Mon May 19 22:55:22 CEST 2014: 90: Solution found.
Mon May 19 22:55:22 CEST 2014: 91: finished (718ms, 44cycles)
Mon May 19 22:55:22 CEST 2014: 91: Solution found.
Mon May 19 22:55:23 CEST 2014: 92: finished (452ms, 26cycles)
Mon May 19 22:55:23 CEST 2014: 92: Solution found.
Mon May 19 22:55:24 CEST 2014: 93: finished (708ms, 45cycles)
Mon May 19 22:55:24 CEST 2014: 93: Solution found.
Mon May 19 22:55:24 CEST 2014: 94: finished (661ms, 38cycles)
Mon May 19 22:55:24 CEST 2014: 94: Solution found.
Mon May 19 22:55:25 CEST 2014: 95: finished (602ms, 37cycles)
Mon May 19 22:55:25 CEST 2014: 95: Solution found.
Mon May 19 22:55:25 CEST 2014: 96: finished (560ms, 36cycles)
Mon May 19 22:55:25 CEST 2014: 96: Solution found.
Mon May 19 22:55:26 CEST 2014: 97: finished (538ms, 33cycles)
Mon May 19 22:55:26 CEST 2014: 97: Solution found.
Mon May 19 22:55:27 CEST 2014: 98: finished (964ms, 58cycles)
Mon May 19 22:55:27 CEST 2014: 98: Solution found.
Mon May 19 22:55:27 CEST 2014: 99: finished (389ms, 23cycles)
Mon May 19 22:55:27 CEST 2014: 99: Solution found.
Mon May 19 22:55:27 CEST 2014: Solution Found: 100
Mon May 19 22:55:27 CEST 2014: Avg cycles: 40
Mon May 19 22:55:27 CEST 2014: Max cycles: 67
Mon May 19 22:55:27 CEST 2014: Min cycles: 11
Mon May 19 22:55:27 CEST 2014: No solution found: 0
Mon May 19 22:55:27 CEST 2014: logging finished. (runtime: 70363ms)
