Sun Mar 30 13:43:15 CEST 2014: Problem Count: 150
Sun Mar 30 13:43:15 CEST 2014: CandidatesCount: 150
Sun Mar 30 13:43:15 CEST 2014: Max Cycles: 500
Sun Mar 30 13:43:15 CEST 2014: 0: finished (81ms, 8cycles)
Sun Mar 30 13:43:15 CEST 2014: 0: Solution found.
Sun Mar 30 13:43:15 CEST 2014: 1: finished (87ms, 8cycles)
Sun Mar 30 13:43:15 CEST 2014: 1: Solution found.
Sun Mar 30 13:43:15 CEST 2014: 2: finished (364ms, 35cycles)
Sun Mar 30 13:43:15 CEST 2014: 2: Solution found.
Sun Mar 30 13:43:20 CEST 2014: 3: finished (4353ms, 500cycles)
Sun Mar 30 13:43:20 CEST 2014: 3: No solution found.
Sun Mar 30 13:43:20 CEST 2014: 4: finished (746ms, 76cycles)
Sun Mar 30 13:43:20 CEST 2014: 4: Solution found.
Sun Mar 30 13:43:21 CEST 2014: 5: finished (112ms, 11cycles)
Sun Mar 30 13:43:21 CEST 2014: 5: Solution found.
Sun Mar 30 13:43:21 CEST 2014: 6: finished (98ms, 9cycles)
Sun Mar 30 13:43:21 CEST 2014: 6: Solution found.
Sun Mar 30 13:43:25 CEST 2014: 7: finished (4312ms, 500cycles)
Sun Mar 30 13:43:25 CEST 2014: 7: No solution found.
Sun Mar 30 13:43:25 CEST 2014: 8: finished (83ms, 8cycles)
Sun Mar 30 13:43:25 CEST 2014: 8: Solution found.
Sun Mar 30 13:43:25 CEST 2014: 9: finished (87ms, 8cycles)
Sun Mar 30 13:43:25 CEST 2014: 9: Solution found.
Sun Mar 30 13:43:30 CEST 2014: 10: finished (4359ms, 500cycles)
Sun Mar 30 13:43:30 CEST 2014: 10: No solution found.
Sun Mar 30 13:43:30 CEST 2014: 11: finished (279ms, 28cycles)
Sun Mar 30 13:43:30 CEST 2014: 11: Solution found.
Sun Mar 30 13:43:30 CEST 2014: 12: finished (68ms, 6cycles)
Sun Mar 30 13:43:30 CEST 2014: 12: Solution found.
Sun Mar 30 13:43:34 CEST 2014: 13: finished (4402ms, 500cycles)
Sun Mar 30 13:43:34 CEST 2014: 13: No solution found.
Sun Mar 30 13:43:34 CEST 2014: 14: finished (78ms, 7cycles)
Sun Mar 30 13:43:34 CEST 2014: 14: Solution found.
Sun Mar 30 13:43:35 CEST 2014: 15: finished (286ms, 29cycles)
Sun Mar 30 13:43:35 CEST 2014: 15: Solution found.
Sun Mar 30 13:43:35 CEST 2014: 16: finished (178ms, 17cycles)
Sun Mar 30 13:43:35 CEST 2014: 16: Solution found.
Sun Mar 30 13:43:35 CEST 2014: 17: finished (346ms, 35cycles)
Sun Mar 30 13:43:35 CEST 2014: 17: Solution found.
Sun Mar 30 13:43:35 CEST 2014: 18: finished (306ms, 32cycles)
Sun Mar 30 13:43:35 CEST 2014: 18: Solution found.
Sun Mar 30 13:43:36 CEST 2014: 19: finished (193ms, 17cycles)
Sun Mar 30 13:43:36 CEST 2014: 19: Solution found.
Sun Mar 30 13:43:40 CEST 2014: 20: finished (4362ms, 500cycles)
Sun Mar 30 13:43:40 CEST 2014: 20: No solution found.
Sun Mar 30 13:43:40 CEST 2014: 21: finished (83ms, 8cycles)
Sun Mar 30 13:43:40 CEST 2014: 21: Solution found.
Sun Mar 30 13:43:40 CEST 2014: 22: finished (198ms, 20cycles)
Sun Mar 30 13:43:40 CEST 2014: 22: Solution found.
Sun Mar 30 13:43:40 CEST 2014: 23: finished (168ms, 15cycles)
Sun Mar 30 13:43:40 CEST 2014: 23: Solution found.
Sun Mar 30 13:43:41 CEST 2014: 24: finished (310ms, 32cycles)
Sun Mar 30 13:43:41 CEST 2014: 24: Solution found.
Sun Mar 30 13:43:41 CEST 2014: 25: finished (98ms, 9cycles)
Sun Mar 30 13:43:41 CEST 2014: 25: Solution found.
Sun Mar 30 13:43:41 CEST 2014: 26: finished (54ms, 5cycles)
Sun Mar 30 13:43:41 CEST 2014: 26: Solution found.
Sun Mar 30 13:43:45 CEST 2014: 27: finished (4365ms, 500cycles)
Sun Mar 30 13:43:45 CEST 2014: 27: No solution found.
Sun Mar 30 13:43:46 CEST 2014: 28: finished (460ms, 46cycles)
Sun Mar 30 13:43:46 CEST 2014: 28: Solution found.
Sun Mar 30 13:43:46 CEST 2014: 29: finished (164ms, 16cycles)
Sun Mar 30 13:43:46 CEST 2014: 29: Solution found.
Sun Mar 30 13:43:50 CEST 2014: 30: finished (4356ms, 500cycles)
Sun Mar 30 13:43:50 CEST 2014: 30: No solution found.
Sun Mar 30 13:43:50 CEST 2014: 31: finished (146ms, 13cycles)
Sun Mar 30 13:43:50 CEST 2014: 31: Solution found.
Sun Mar 30 13:43:51 CEST 2014: 32: finished (327ms, 32cycles)
Sun Mar 30 13:43:51 CEST 2014: 32: Solution found.
Sun Mar 30 13:43:51 CEST 2014: 33: finished (75ms, 7cycles)
Sun Mar 30 13:43:51 CEST 2014: 33: Solution found.
Sun Mar 30 13:43:51 CEST 2014: 34: finished (132ms, 13cycles)
Sun Mar 30 13:43:51 CEST 2014: 34: Solution found.
Sun Mar 30 13:43:51 CEST 2014: 35: finished (113ms, 10cycles)
Sun Mar 30 13:43:51 CEST 2014: 35: Solution found.
Sun Mar 30 13:43:51 CEST 2014: 36: finished (95ms, 9cycles)
Sun Mar 30 13:43:51 CEST 2014: 36: Solution found.
Sun Mar 30 13:43:56 CEST 2014: 37: finished (4354ms, 500cycles)
Sun Mar 30 13:43:56 CEST 2014: 37: No solution found.
Sun Mar 30 13:43:56 CEST 2014: 38: finished (344ms, 33cycles)
Sun Mar 30 13:43:56 CEST 2014: 38: Solution found.
Sun Mar 30 13:44:01 CEST 2014: 39: finished (5418ms, 500cycles)
Sun Mar 30 13:44:01 CEST 2014: 39: No solution found.
Sun Mar 30 13:44:01 CEST 2014: 40: finished (132ms, 13cycles)
Sun Mar 30 13:44:01 CEST 2014: 40: Solution found.
Sun Mar 30 13:44:02 CEST 2014: 41: finished (111ms, 9cycles)
Sun Mar 30 13:44:02 CEST 2014: 41: Solution found.
Sun Mar 30 13:44:02 CEST 2014: 42: finished (178ms, 16cycles)
Sun Mar 30 13:44:02 CEST 2014: 42: Solution found.
Sun Mar 30 13:44:02 CEST 2014: 43: finished (284ms, 28cycles)
Sun Mar 30 13:44:02 CEST 2014: 43: Solution found.
Sun Mar 30 13:44:06 CEST 2014: 44: finished (4370ms, 500cycles)
Sun Mar 30 13:44:06 CEST 2014: 44: No solution found.
Sun Mar 30 13:44:07 CEST 2014: 45: finished (157ms, 16cycles)
Sun Mar 30 13:44:07 CEST 2014: 45: Solution found.
Sun Mar 30 13:44:07 CEST 2014: 46: finished (597ms, 58cycles)
Sun Mar 30 13:44:07 CEST 2014: 46: Solution found.
Sun Mar 30 13:44:07 CEST 2014: 47: finished (102ms, 9cycles)
Sun Mar 30 13:44:07 CEST 2014: 47: Solution found.
Sun Mar 30 13:44:07 CEST 2014: 48: finished (137ms, 13cycles)
Sun Mar 30 13:44:07 CEST 2014: 48: Solution found.
Sun Mar 30 13:44:07 CEST 2014: 49: finished (106ms, 10cycles)
Sun Mar 30 13:44:07 CEST 2014: 49: Solution found.
Sun Mar 30 13:44:08 CEST 2014: 50: finished (89ms, 8cycles)
Sun Mar 30 13:44:08 CEST 2014: 50: Solution found.
Sun Mar 30 13:44:08 CEST 2014: 51: finished (117ms, 11cycles)
Sun Mar 30 13:44:08 CEST 2014: 51: Solution found.
Sun Mar 30 13:44:08 CEST 2014: 52: finished (116ms, 11cycles)
Sun Mar 30 13:44:08 CEST 2014: 52: Solution found.
Sun Mar 30 13:44:08 CEST 2014: 53: finished (173ms, 18cycles)
Sun Mar 30 13:44:08 CEST 2014: 53: Solution found.
Sun Mar 30 13:44:08 CEST 2014: 54: finished (56ms, 4cycles)
Sun Mar 30 13:44:08 CEST 2014: 54: Solution found.
Sun Mar 30 13:44:08 CEST 2014: 55: finished (142ms, 14cycles)
Sun Mar 30 13:44:08 CEST 2014: 55: Solution found.
Sun Mar 30 13:44:08 CEST 2014: 56: finished (232ms, 22cycles)
Sun Mar 30 13:44:08 CEST 2014: 56: Solution found.
Sun Mar 30 13:44:09 CEST 2014: 57: finished (211ms, 21cycles)
Sun Mar 30 13:44:09 CEST 2014: 57: Solution found.
Sun Mar 30 13:44:09 CEST 2014: 58: finished (141ms, 13cycles)
Sun Mar 30 13:44:09 CEST 2014: 58: Solution found.
Sun Mar 30 13:44:09 CEST 2014: 59: finished (268ms, 26cycles)
Sun Mar 30 13:44:09 CEST 2014: 59: Solution found.
Sun Mar 30 13:44:09 CEST 2014: 60: finished (56ms, 5cycles)
Sun Mar 30 13:44:09 CEST 2014: 60: Solution found.
Sun Mar 30 13:44:09 CEST 2014: 61: finished (111ms, 11cycles)
Sun Mar 30 13:44:09 CEST 2014: 61: Solution found.
Sun Mar 30 13:44:14 CEST 2014: 62: finished (4359ms, 500cycles)
Sun Mar 30 13:44:14 CEST 2014: 62: No solution found.
Sun Mar 30 13:44:14 CEST 2014: 63: finished (119ms, 12cycles)
Sun Mar 30 13:44:14 CEST 2014: 63: Solution found.
Sun Mar 30 13:44:14 CEST 2014: 64: finished (327ms, 33cycles)
Sun Mar 30 13:44:14 CEST 2014: 64: Solution found.
Sun Mar 30 13:44:14 CEST 2014: 65: finished (179ms, 18cycles)
Sun Mar 30 13:44:14 CEST 2014: 65: Solution found.
Sun Mar 30 13:44:14 CEST 2014: 66: finished (82ms, 8cycles)
Sun Mar 30 13:44:14 CEST 2014: 66: Solution found.
Sun Mar 30 13:44:14 CEST 2014: 67: finished (198ms, 19cycles)
Sun Mar 30 13:44:14 CEST 2014: 67: Solution found.
Sun Mar 30 13:44:19 CEST 2014: 68: finished (4437ms, 500cycles)
Sun Mar 30 13:44:19 CEST 2014: 68: No solution found.
Sun Mar 30 13:44:19 CEST 2014: 69: finished (114ms, 12cycles)
Sun Mar 30 13:44:19 CEST 2014: 69: Solution found.
Sun Mar 30 13:44:19 CEST 2014: 70: finished (32ms, 2cycles)
Sun Mar 30 13:44:19 CEST 2014: 70: Solution found.
Sun Mar 30 13:44:19 CEST 2014: 71: finished (170ms, 17cycles)
Sun Mar 30 13:44:19 CEST 2014: 71: Solution found.
Sun Mar 30 13:44:20 CEST 2014: 72: finished (599ms, 64cycles)
Sun Mar 30 13:44:20 CEST 2014: 72: Solution found.
Sun Mar 30 13:44:20 CEST 2014: 73: finished (360ms, 35cycles)
Sun Mar 30 13:44:20 CEST 2014: 73: Solution found.
Sun Mar 30 13:44:20 CEST 2014: 74: finished (165ms, 17cycles)
Sun Mar 30 13:44:20 CEST 2014: 74: Solution found.
Sun Mar 30 13:44:21 CEST 2014: 75: finished (202ms, 20cycles)
Sun Mar 30 13:44:21 CEST 2014: 75: Solution found.
Sun Mar 30 13:44:21 CEST 2014: 76: finished (156ms, 16cycles)
Sun Mar 30 13:44:21 CEST 2014: 76: Solution found.
Sun Mar 30 13:44:21 CEST 2014: 77: finished (147ms, 14cycles)
Sun Mar 30 13:44:21 CEST 2014: 77: Solution found.
Sun Mar 30 13:44:21 CEST 2014: 78: finished (386ms, 37cycles)
Sun Mar 30 13:44:21 CEST 2014: 78: Solution found.
Sun Mar 30 13:44:22 CEST 2014: 79: finished (393ms, 39cycles)
Sun Mar 30 13:44:22 CEST 2014: 79: Solution found.
Sun Mar 30 13:44:22 CEST 2014: 80: finished (171ms, 17cycles)
Sun Mar 30 13:44:22 CEST 2014: 80: Solution found.
Sun Mar 30 13:44:22 CEST 2014: 81: finished (131ms, 13cycles)
Sun Mar 30 13:44:22 CEST 2014: 81: Solution found.
Sun Mar 30 13:44:22 CEST 2014: 82: finished (493ms, 51cycles)
Sun Mar 30 13:44:22 CEST 2014: 82: Solution found.
Sun Mar 30 13:44:23 CEST 2014: 83: finished (155ms, 15cycles)
Sun Mar 30 13:44:23 CEST 2014: 83: Solution found.
Sun Mar 30 13:44:23 CEST 2014: 84: finished (159ms, 15cycles)
Sun Mar 30 13:44:23 CEST 2014: 84: Solution found.
Sun Mar 30 13:44:23 CEST 2014: 85: finished (29ms, 2cycles)
Sun Mar 30 13:44:23 CEST 2014: 85: Solution found.
Sun Mar 30 13:44:23 CEST 2014: 86: finished (145ms, 14cycles)
Sun Mar 30 13:44:23 CEST 2014: 86: Solution found.
Sun Mar 30 13:44:23 CEST 2014: 87: finished (262ms, 24cycles)
Sun Mar 30 13:44:23 CEST 2014: 87: Solution found.
Sun Mar 30 13:44:23 CEST 2014: 88: finished (117ms, 11cycles)
Sun Mar 30 13:44:23 CEST 2014: 88: Solution found.
Sun Mar 30 13:44:23 CEST 2014: 89: finished (119ms, 12cycles)
Sun Mar 30 13:44:23 CEST 2014: 89: Solution found.
Sun Mar 30 13:44:24 CEST 2014: 90: finished (88ms, 8cycles)
Sun Mar 30 13:44:24 CEST 2014: 90: Solution found.
Sun Mar 30 13:44:24 CEST 2014: 91: finished (101ms, 10cycles)
Sun Mar 30 13:44:24 CEST 2014: 91: Solution found.
Sun Mar 30 13:44:24 CEST 2014: 92: finished (103ms, 10cycles)
Sun Mar 30 13:44:24 CEST 2014: 92: Solution found.
Sun Mar 30 13:44:28 CEST 2014: 93: finished (4344ms, 500cycles)
Sun Mar 30 13:44:28 CEST 2014: 93: No solution found.
Sun Mar 30 13:44:28 CEST 2014: 94: finished (242ms, 24cycles)
Sun Mar 30 13:44:28 CEST 2014: 94: Solution found.
Sun Mar 30 13:44:28 CEST 2014: 95: finished (111ms, 11cycles)
Sun Mar 30 13:44:28 CEST 2014: 95: Solution found.
Sun Mar 30 13:44:29 CEST 2014: 96: finished (112ms, 11cycles)
Sun Mar 30 13:44:29 CEST 2014: 96: Solution found.
Sun Mar 30 13:44:29 CEST 2014: 97: finished (334ms, 34cycles)
Sun Mar 30 13:44:29 CEST 2014: 97: Solution found.
Sun Mar 30 13:44:32 CEST 2014: 98: finished (2827ms, 283cycles)
Sun Mar 30 13:44:32 CEST 2014: 98: Solution found.
Sun Mar 30 13:44:32 CEST 2014: 99: finished (391ms, 38cycles)
Sun Mar 30 13:44:32 CEST 2014: 99: Solution found.
Sun Mar 30 13:44:32 CEST 2014: Solution Found: 87
Sun Mar 30 13:44:32 CEST 2014: Avg cycles: 21
Sun Mar 30 13:44:32 CEST 2014: Max cycles: 283
Sun Mar 30 13:44:32 CEST 2014: Min cycles: 2
Sun Mar 30 13:44:32 CEST 2014: No solution found: 13
Sun Mar 30 13:44:32 CEST 2014: logging finished. (runtime: 77209ms)
