Sun Mar 30 07:55:42 CEST 2014: Problem Count: 200
Sun Mar 30 07:55:42 CEST 2014: CandidatesCount: 100
Sun Mar 30 07:55:42 CEST 2014: Max Cycles: 500
Sun Mar 30 07:55:47 CEST 2014: 0: finished (4999ms, 500cycles)
Sun Mar 30 07:55:47 CEST 2014: 0: No solution found.
Sun Mar 30 07:55:52 CEST 2014: 1: finished (5064ms, 500cycles)
Sun Mar 30 07:55:52 CEST 2014: 1: No solution found.
Sun Mar 30 07:55:53 CEST 2014: 2: finished (322ms, 28cycles)
Sun Mar 30 07:55:53 CEST 2014: 2: Solution found.
Sun Mar 30 07:55:53 CEST 2014: 3: finished (183ms, 16cycles)
Sun Mar 30 07:55:53 CEST 2014: 3: Solution found.
Sun Mar 30 07:55:53 CEST 2014: 4: finished (179ms, 15cycles)
Sun Mar 30 07:55:53 CEST 2014: 4: Solution found.
Sun Mar 30 07:55:53 CEST 2014: 5: finished (295ms, 25cycles)
Sun Mar 30 07:55:53 CEST 2014: 5: Solution found.
Sun Mar 30 07:55:53 CEST 2014: 6: finished (129ms, 10cycles)
Sun Mar 30 07:55:53 CEST 2014: 6: Solution found.
Sun Mar 30 07:55:54 CEST 2014: 7: finished (213ms, 19cycles)
Sun Mar 30 07:55:54 CEST 2014: 7: Solution found.
Sun Mar 30 07:55:54 CEST 2014: 8: finished (243ms, 20cycles)
Sun Mar 30 07:55:54 CEST 2014: 8: Solution found.
Sun Mar 30 07:55:54 CEST 2014: 9: finished (195ms, 15cycles)
Sun Mar 30 07:55:54 CEST 2014: 9: Solution found.
Sun Mar 30 07:55:54 CEST 2014: 10: finished (297ms, 26cycles)
Sun Mar 30 07:55:54 CEST 2014: 10: Solution found.
Sun Mar 30 07:55:54 CEST 2014: 11: finished (206ms, 18cycles)
Sun Mar 30 07:55:54 CEST 2014: 11: Solution found.
Sun Mar 30 07:55:55 CEST 2014: 12: finished (127ms, 11cycles)
Sun Mar 30 07:55:55 CEST 2014: 12: Solution found.
Sun Mar 30 07:55:55 CEST 2014: 13: finished (34ms, 2cycles)
Sun Mar 30 07:55:55 CEST 2014: 13: Solution found.
Sun Mar 30 07:55:55 CEST 2014: 14: finished (245ms, 21cycles)
Sun Mar 30 07:55:55 CEST 2014: 14: Solution found.
Sun Mar 30 07:55:55 CEST 2014: 15: finished (164ms, 14cycles)
Sun Mar 30 07:55:55 CEST 2014: 15: Solution found.
Sun Mar 30 07:56:00 CEST 2014: 16: finished (5036ms, 500cycles)
Sun Mar 30 07:56:00 CEST 2014: 16: No solution found.
Sun Mar 30 07:56:00 CEST 2014: 17: finished (168ms, 14cycles)
Sun Mar 30 07:56:00 CEST 2014: 17: Solution found.
Sun Mar 30 07:56:05 CEST 2014: 18: finished (5038ms, 500cycles)
Sun Mar 30 07:56:05 CEST 2014: 18: No solution found.
Sun Mar 30 07:56:05 CEST 2014: 19: finished (75ms, 6cycles)
Sun Mar 30 07:56:05 CEST 2014: 19: Solution found.
Sun Mar 30 07:56:06 CEST 2014: 20: finished (150ms, 13cycles)
Sun Mar 30 07:56:06 CEST 2014: 20: Solution found.
Sun Mar 30 07:56:10 CEST 2014: 21: finished (4974ms, 500cycles)
Sun Mar 30 07:56:10 CEST 2014: 21: No solution found.
Sun Mar 30 07:56:11 CEST 2014: 22: finished (131ms, 11cycles)
Sun Mar 30 07:56:11 CEST 2014: 22: Solution found.
Sun Mar 30 07:56:16 CEST 2014: 23: finished (5064ms, 500cycles)
Sun Mar 30 07:56:16 CEST 2014: 23: No solution found.
Sun Mar 30 07:56:16 CEST 2014: 24: finished (88ms, 7cycles)
Sun Mar 30 07:56:16 CEST 2014: 24: Solution found.
Sun Mar 30 07:56:16 CEST 2014: 25: finished (52ms, 4cycles)
Sun Mar 30 07:56:16 CEST 2014: 25: Solution found.
Sun Mar 30 07:56:16 CEST 2014: 26: finished (190ms, 16cycles)
Sun Mar 30 07:56:16 CEST 2014: 26: Solution found.
Sun Mar 30 07:56:16 CEST 2014: 27: finished (33ms, 2cycles)
Sun Mar 30 07:56:16 CEST 2014: 27: Solution found.
Sun Mar 30 07:56:21 CEST 2014: 28: finished (5058ms, 500cycles)
Sun Mar 30 07:56:21 CEST 2014: 28: No solution found.
Sun Mar 30 07:56:21 CEST 2014: 29: finished (210ms, 18cycles)
Sun Mar 30 07:56:21 CEST 2014: 29: Solution found.
Sun Mar 30 07:56:21 CEST 2014: 30: finished (62ms, 5cycles)
Sun Mar 30 07:56:21 CEST 2014: 30: Solution found.
Sun Mar 30 07:56:22 CEST 2014: 31: finished (136ms, 11cycles)
Sun Mar 30 07:56:22 CEST 2014: 31: Solution found.
Sun Mar 30 07:56:22 CEST 2014: 32: finished (277ms, 23cycles)
Sun Mar 30 07:56:22 CEST 2014: 32: Solution found.
Sun Mar 30 07:56:22 CEST 2014: 33: finished (34ms, 2cycles)
Sun Mar 30 07:56:22 CEST 2014: 33: Solution found.
Sun Mar 30 07:56:22 CEST 2014: 34: finished (236ms, 19cycles)
Sun Mar 30 07:56:22 CEST 2014: 34: Solution found.
Sun Mar 30 07:56:22 CEST 2014: 35: finished (219ms, 19cycles)
Sun Mar 30 07:56:22 CEST 2014: 35: Solution found.
Sun Mar 30 07:56:22 CEST 2014: 36: finished (132ms, 10cycles)
Sun Mar 30 07:56:22 CEST 2014: 36: Solution found.
Sun Mar 30 07:56:23 CEST 2014: 37: finished (149ms, 13cycles)
Sun Mar 30 07:56:23 CEST 2014: 37: Solution found.
Sun Mar 30 07:56:23 CEST 2014: 38: finished (254ms, 22cycles)
Sun Mar 30 07:56:23 CEST 2014: 38: Solution found.
Sun Mar 30 07:56:23 CEST 2014: 39: finished (119ms, 9cycles)
Sun Mar 30 07:56:23 CEST 2014: 39: Solution found.
Sun Mar 30 07:56:28 CEST 2014: 40: finished (5046ms, 500cycles)
Sun Mar 30 07:56:28 CEST 2014: 40: No solution found.
Sun Mar 30 07:56:33 CEST 2014: 41: finished (5059ms, 500cycles)
Sun Mar 30 07:56:33 CEST 2014: 41: No solution found.
Sun Mar 30 07:56:40 CEST 2014: 42: finished (6621ms, 500cycles)
Sun Mar 30 07:56:40 CEST 2014: 42: No solution found.
Sun Mar 30 07:56:40 CEST 2014: 43: finished (265ms, 8cycles)
Sun Mar 30 07:56:40 CEST 2014: 43: Solution found.
Sun Mar 30 07:56:46 CEST 2014: 44: finished (6203ms, 500cycles)
Sun Mar 30 07:56:46 CEST 2014: 44: No solution found.
Sun Mar 30 07:56:46 CEST 2014: 45: finished (188ms, 15cycles)
Sun Mar 30 07:56:46 CEST 2014: 45: Solution found.
Sun Mar 30 07:56:47 CEST 2014: 46: finished (217ms, 18cycles)
Sun Mar 30 07:56:47 CEST 2014: 46: Solution found.
Sun Mar 30 07:56:52 CEST 2014: 47: finished (5031ms, 500cycles)
Sun Mar 30 07:56:52 CEST 2014: 47: No solution found.
Sun Mar 30 07:56:52 CEST 2014: 48: finished (25ms, 1cycles)
Sun Mar 30 07:56:52 CEST 2014: 48: Solution found.
Sun Mar 30 07:56:52 CEST 2014: 49: finished (122ms, 8cycles)
Sun Mar 30 07:56:52 CEST 2014: 49: Solution found.
Sun Mar 30 07:56:57 CEST 2014: 50: finished (5753ms, 500cycles)
Sun Mar 30 07:56:57 CEST 2014: 50: No solution found.
Sun Mar 30 07:56:58 CEST 2014: 51: finished (204ms, 16cycles)
Sun Mar 30 07:56:58 CEST 2014: 51: Solution found.
Sun Mar 30 07:56:58 CEST 2014: 52: finished (320ms, 26cycles)
Sun Mar 30 07:56:58 CEST 2014: 52: Solution found.
Sun Mar 30 07:57:04 CEST 2014: 53: finished (5742ms, 500cycles)
Sun Mar 30 07:57:04 CEST 2014: 53: No solution found.
Sun Mar 30 07:57:09 CEST 2014: 54: finished (5089ms, 500cycles)
Sun Mar 30 07:57:09 CEST 2014: 54: No solution found.
Sun Mar 30 07:57:09 CEST 2014: 55: finished (185ms, 15cycles)
Sun Mar 30 07:57:09 CEST 2014: 55: Solution found.
Sun Mar 30 07:57:09 CEST 2014: 56: finished (178ms, 15cycles)
Sun Mar 30 07:57:09 CEST 2014: 56: Solution found.
Sun Mar 30 07:57:09 CEST 2014: 57: finished (140ms, 11cycles)
Sun Mar 30 07:57:09 CEST 2014: 57: Solution found.
Sun Mar 30 07:57:10 CEST 2014: 58: finished (314ms, 26cycles)
Sun Mar 30 07:57:10 CEST 2014: 58: Solution found.
Sun Mar 30 07:57:10 CEST 2014: 59: finished (312ms, 28cycles)
Sun Mar 30 07:57:10 CEST 2014: 59: Solution found.
Sun Mar 30 07:57:10 CEST 2014: 60: finished (248ms, 21cycles)
Sun Mar 30 07:57:10 CEST 2014: 60: Solution found.
Sun Mar 30 07:57:10 CEST 2014: 61: finished (202ms, 17cycles)
Sun Mar 30 07:57:10 CEST 2014: 61: Solution found.
Sun Mar 30 07:57:11 CEST 2014: 62: finished (320ms, 27cycles)
Sun Mar 30 07:57:11 CEST 2014: 62: Solution found.
Sun Mar 30 07:57:11 CEST 2014: 63: finished (289ms, 25cycles)
Sun Mar 30 07:57:11 CEST 2014: 63: Solution found.
Sun Mar 30 07:57:16 CEST 2014: 64: finished (5040ms, 500cycles)
Sun Mar 30 07:57:16 CEST 2014: 64: No solution found.
Sun Mar 30 07:57:16 CEST 2014: 65: finished (81ms, 6cycles)
Sun Mar 30 07:57:16 CEST 2014: 65: Solution found.
Sun Mar 30 07:57:16 CEST 2014: 66: finished (155ms, 12cycles)
Sun Mar 30 07:57:16 CEST 2014: 66: Solution found.
Sun Mar 30 07:57:16 CEST 2014: 67: finished (164ms, 13cycles)
Sun Mar 30 07:57:16 CEST 2014: 67: Solution found.
Sun Mar 30 07:57:17 CEST 2014: 68: finished (129ms, 11cycles)
Sun Mar 30 07:57:17 CEST 2014: 68: Solution found.
Sun Mar 30 07:57:22 CEST 2014: 69: finished (5068ms, 500cycles)
Sun Mar 30 07:57:22 CEST 2014: 69: No solution found.
Sun Mar 30 07:57:22 CEST 2014: 70: finished (219ms, 18cycles)
Sun Mar 30 07:57:22 CEST 2014: 70: Solution found.
Sun Mar 30 07:57:22 CEST 2014: 71: finished (44ms, 3cycles)
Sun Mar 30 07:57:22 CEST 2014: 71: Solution found.
Sun Mar 30 07:57:22 CEST 2014: 72: finished (431ms, 35cycles)
Sun Mar 30 07:57:22 CEST 2014: 72: Solution found.
Sun Mar 30 07:57:27 CEST 2014: 73: finished (5075ms, 500cycles)
Sun Mar 30 07:57:27 CEST 2014: 73: No solution found.
Sun Mar 30 07:57:28 CEST 2014: 74: finished (507ms, 44cycles)
Sun Mar 30 07:57:28 CEST 2014: 74: Solution found.
Sun Mar 30 07:57:28 CEST 2014: 75: finished (301ms, 26cycles)
Sun Mar 30 07:57:28 CEST 2014: 75: Solution found.
Sun Mar 30 07:57:33 CEST 2014: 76: finished (5171ms, 500cycles)
Sun Mar 30 07:57:33 CEST 2014: 76: No solution found.
Sun Mar 30 07:57:34 CEST 2014: 77: finished (598ms, 52cycles)
Sun Mar 30 07:57:34 CEST 2014: 77: Solution found.
Sun Mar 30 07:57:34 CEST 2014: 78: finished (190ms, 16cycles)
Sun Mar 30 07:57:34 CEST 2014: 78: Solution found.
Sun Mar 30 07:57:35 CEST 2014: 79: finished (325ms, 28cycles)
Sun Mar 30 07:57:35 CEST 2014: 79: Solution found.
Sun Mar 30 07:57:35 CEST 2014: 80: finished (244ms, 20cycles)
Sun Mar 30 07:57:35 CEST 2014: 80: Solution found.
Sun Mar 30 07:57:40 CEST 2014: 81: finished (5032ms, 500cycles)
Sun Mar 30 07:57:40 CEST 2014: 81: No solution found.
Sun Mar 30 07:57:40 CEST 2014: 82: finished (127ms, 10cycles)
Sun Mar 30 07:57:40 CEST 2014: 82: Solution found.
Sun Mar 30 07:57:40 CEST 2014: 83: finished (335ms, 27cycles)
Sun Mar 30 07:57:40 CEST 2014: 83: Solution found.
Sun Mar 30 07:57:40 CEST 2014: 84: finished (177ms, 15cycles)
Sun Mar 30 07:57:40 CEST 2014: 84: Solution found.
Sun Mar 30 07:57:41 CEST 2014: 85: finished (252ms, 20cycles)
Sun Mar 30 07:57:41 CEST 2014: 85: Solution found.
Sun Mar 30 07:57:41 CEST 2014: 86: finished (168ms, 14cycles)
Sun Mar 30 07:57:41 CEST 2014: 86: Solution found.
Sun Mar 30 07:57:41 CEST 2014: 87: finished (34ms, 2cycles)
Sun Mar 30 07:57:41 CEST 2014: 87: Solution found.
Sun Mar 30 07:57:41 CEST 2014: 88: finished (91ms, 7cycles)
Sun Mar 30 07:57:41 CEST 2014: 88: Solution found.
Sun Mar 30 07:57:41 CEST 2014: 89: finished (234ms, 20cycles)
Sun Mar 30 07:57:41 CEST 2014: 89: Solution found.
Sun Mar 30 07:57:41 CEST 2014: 90: finished (110ms, 9cycles)
Sun Mar 30 07:57:41 CEST 2014: 90: Solution found.
Sun Mar 30 07:57:46 CEST 2014: 91: finished (5082ms, 500cycles)
Sun Mar 30 07:57:46 CEST 2014: 91: No solution found.
Sun Mar 30 07:57:47 CEST 2014: 92: finished (215ms, 18cycles)
Sun Mar 30 07:57:47 CEST 2014: 92: Solution found.
Sun Mar 30 07:57:47 CEST 2014: 93: finished (122ms, 10cycles)
Sun Mar 30 07:57:47 CEST 2014: 93: Solution found.
Sun Mar 30 07:57:47 CEST 2014: 94: finished (164ms, 14cycles)
Sun Mar 30 07:57:47 CEST 2014: 94: Solution found.
Sun Mar 30 07:57:52 CEST 2014: 95: finished (5048ms, 500cycles)
Sun Mar 30 07:57:52 CEST 2014: 95: No solution found.
Sun Mar 30 07:57:52 CEST 2014: 96: finished (154ms, 13cycles)
Sun Mar 30 07:57:52 CEST 2014: 96: Solution found.
Sun Mar 30 07:57:52 CEST 2014: 97: finished (247ms, 19cycles)
Sun Mar 30 07:57:52 CEST 2014: 97: Solution found.
Sun Mar 30 07:57:57 CEST 2014: 98: finished (5111ms, 500cycles)
Sun Mar 30 07:57:57 CEST 2014: 98: No solution found.
Sun Mar 30 07:58:03 CEST 2014: 99: finished (5054ms, 500cycles)
Sun Mar 30 07:58:03 CEST 2014: 99: No solution found.
Sun Mar 30 07:58:03 CEST 2014: Solution Found: 76
Sun Mar 30 07:58:03 CEST 2014: Avg cycles: 16
Sun Mar 30 07:58:03 CEST 2014: Max cycles: 52
Sun Mar 30 07:58:03 CEST 2014: Min cycles: 1
Sun Mar 30 07:58:03 CEST 2014: No solution found: 24
Sun Mar 30 07:58:03 CEST 2014: logging finished. (runtime: 140379ms)
