Sat Mar 29 21:51:34 CET 2014: Problem Count: 250
Sat Mar 29 21:51:34 CET 2014: CandidatesCount: 200
Sat Mar 29 21:51:34 CET 2014: Max Cycles: 500
Sat Mar 29 21:51:34 CET 2014: 0: finished (521ms, 15cycles)
Sat Mar 29 21:51:34 CET 2014: 0: Solution found.
Sat Mar 29 21:51:35 CET 2014: 1: finished (459ms, 13cycles)
Sat Mar 29 21:51:35 CET 2014: 1: Solution found.
Sat Mar 29 21:51:35 CET 2014: 2: finished (299ms, 8cycles)
Sat Mar 29 21:51:35 CET 2014: 2: Solution found.
Sat Mar 29 21:51:42 CET 2014: 3: finished (6342ms, 190cycles)
Sat Mar 29 21:51:42 CET 2014: 3: Solution found.
Sat Mar 29 21:51:42 CET 2014: 4: finished (768ms, 22cycles)
Sat Mar 29 21:51:42 CET 2014: 4: Solution found.
Sat Mar 29 21:51:43 CET 2014: 5: finished (358ms, 10cycles)
Sat Mar 29 21:51:43 CET 2014: 5: Solution found.
Sat Mar 29 21:51:43 CET 2014: 6: finished (212ms, 6cycles)
Sat Mar 29 21:51:43 CET 2014: 6: Solution found.
Sat Mar 29 21:51:44 CET 2014: 7: finished (980ms, 28cycles)
Sat Mar 29 21:51:44 CET 2014: 7: Solution found.
Sat Mar 29 21:51:59 CET 2014: 8: finished (14990ms, 500cycles)
Sat Mar 29 21:51:59 CET 2014: 8: No solution found.
Sat Mar 29 21:52:00 CET 2014: 9: finished (978ms, 28cycles)
Sat Mar 29 21:52:00 CET 2014: 9: Solution found.
Sat Mar 29 21:52:00 CET 2014: 10: finished (548ms, 16cycles)
Sat Mar 29 21:52:00 CET 2014: 10: Solution found.
Sat Mar 29 21:52:01 CET 2014: 11: finished (442ms, 13cycles)
Sat Mar 29 21:52:01 CET 2014: 11: Solution found.
Sat Mar 29 21:52:02 CET 2014: 12: finished (681ms, 20cycles)
Sat Mar 29 21:52:02 CET 2014: 12: Solution found.
Sat Mar 29 21:52:02 CET 2014: 13: finished (737ms, 21cycles)
Sat Mar 29 21:52:02 CET 2014: 13: Solution found.
Sat Mar 29 21:52:17 CET 2014: 14: finished (14871ms, 500cycles)
Sat Mar 29 21:52:17 CET 2014: 14: No solution found.
Sat Mar 29 21:52:19 CET 2014: 15: finished (1584ms, 48cycles)
Sat Mar 29 21:52:19 CET 2014: 15: Solution found.
Sat Mar 29 21:52:19 CET 2014: 16: finished (268ms, 7cycles)
Sat Mar 29 21:52:19 CET 2014: 16: Solution found.
Sat Mar 29 21:52:19 CET 2014: 17: finished (258ms, 7cycles)
Sat Mar 29 21:52:19 CET 2014: 17: Solution found.
Sat Mar 29 21:52:20 CET 2014: 18: finished (314ms, 9cycles)
Sat Mar 29 21:52:20 CET 2014: 18: Solution found.
Sat Mar 29 21:52:20 CET 2014: 19: finished (220ms, 6cycles)
Sat Mar 29 21:52:20 CET 2014: 19: Solution found.
Sat Mar 29 21:52:20 CET 2014: 20: finished (688ms, 20cycles)
Sat Mar 29 21:52:20 CET 2014: 20: Solution found.
Sat Mar 29 21:52:21 CET 2014: 21: finished (602ms, 16cycles)
Sat Mar 29 21:52:21 CET 2014: 21: Solution found.
Sat Mar 29 21:52:36 CET 2014: 22: finished (14880ms, 500cycles)
Sat Mar 29 21:52:36 CET 2014: 22: No solution found.
Sat Mar 29 21:52:36 CET 2014: 23: finished (357ms, 10cycles)
Sat Mar 29 21:52:36 CET 2014: 23: Solution found.
Sat Mar 29 21:52:37 CET 2014: 24: finished (464ms, 13cycles)
Sat Mar 29 21:52:37 CET 2014: 24: Solution found.
Sat Mar 29 21:52:52 CET 2014: 25: finished (14774ms, 500cycles)
Sat Mar 29 21:52:52 CET 2014: 25: No solution found.
Sat Mar 29 21:52:52 CET 2014: 26: finished (445ms, 13cycles)
Sat Mar 29 21:52:52 CET 2014: 26: Solution found.
Sat Mar 29 21:52:53 CET 2014: 27: finished (727ms, 22cycles)
Sat Mar 29 21:52:53 CET 2014: 27: Solution found.
Sat Mar 29 21:52:53 CET 2014: 28: finished (260ms, 7cycles)
Sat Mar 29 21:52:53 CET 2014: 28: Solution found.
Sat Mar 29 21:52:54 CET 2014: 29: finished (634ms, 18cycles)
Sat Mar 29 21:52:54 CET 2014: 29: Solution found.
Sat Mar 29 21:52:54 CET 2014: 30: finished (521ms, 15cycles)
Sat Mar 29 21:52:54 CET 2014: 30: Solution found.
Sat Mar 29 21:52:54 CET 2014: 31: finished (317ms, 9cycles)
Sat Mar 29 21:52:54 CET 2014: 31: Solution found.
Sat Mar 29 21:52:55 CET 2014: 32: finished (701ms, 21cycles)
Sat Mar 29 21:52:55 CET 2014: 32: Solution found.
Sat Mar 29 21:52:56 CET 2014: 33: finished (856ms, 25cycles)
Sat Mar 29 21:52:56 CET 2014: 33: Solution found.
Sat Mar 29 21:53:12 CET 2014: 34: finished (16228ms, 500cycles)
Sat Mar 29 21:53:12 CET 2014: 34: No solution found.
Sat Mar 29 21:53:14 CET 2014: 35: finished (1708ms, 51cycles)
Sat Mar 29 21:53:14 CET 2014: 35: Solution found.
Sat Mar 29 21:53:15 CET 2014: 36: finished (1072ms, 33cycles)
Sat Mar 29 21:53:15 CET 2014: 36: Solution found.
Sat Mar 29 21:53:15 CET 2014: 37: finished (390ms, 11cycles)
Sat Mar 29 21:53:15 CET 2014: 37: Solution found.
Sat Mar 29 21:53:16 CET 2014: 38: finished (475ms, 14cycles)
Sat Mar 29 21:53:16 CET 2014: 38: Solution found.
Sat Mar 29 21:53:16 CET 2014: 39: finished (408ms, 11cycles)
Sat Mar 29 21:53:16 CET 2014: 39: Solution found.
Sat Mar 29 21:53:17 CET 2014: 40: finished (631ms, 19cycles)
Sat Mar 29 21:53:17 CET 2014: 40: Solution found.
Sat Mar 29 21:53:18 CET 2014: 41: finished (654ms, 18cycles)
Sat Mar 29 21:53:18 CET 2014: 41: Solution found.
Sat Mar 29 21:53:18 CET 2014: 42: finished (612ms, 18cycles)
Sat Mar 29 21:53:18 CET 2014: 42: Solution found.
Sat Mar 29 21:53:19 CET 2014: 43: finished (370ms, 11cycles)
Sat Mar 29 21:53:19 CET 2014: 43: Solution found.
Sat Mar 29 21:53:19 CET 2014: 44: finished (762ms, 23cycles)
Sat Mar 29 21:53:19 CET 2014: 44: Solution found.
Sat Mar 29 21:53:20 CET 2014: 45: finished (1020ms, 30cycles)
Sat Mar 29 21:53:20 CET 2014: 45: Solution found.
Sat Mar 29 21:53:24 CET 2014: 46: finished (4141ms, 129cycles)
Sat Mar 29 21:53:24 CET 2014: 46: Solution found.
Sat Mar 29 21:53:25 CET 2014: 47: finished (469ms, 13cycles)
Sat Mar 29 21:53:25 CET 2014: 47: Solution found.
Sat Mar 29 21:53:25 CET 2014: 48: finished (438ms, 12cycles)
Sat Mar 29 21:53:25 CET 2014: 48: Solution found.
Sat Mar 29 21:53:26 CET 2014: 49: finished (571ms, 17cycles)
Sat Mar 29 21:53:26 CET 2014: 49: Solution found.
Sat Mar 29 21:53:26 CET 2014: 50: finished (401ms, 12cycles)
Sat Mar 29 21:53:26 CET 2014: 50: Solution found.
Sat Mar 29 21:53:27 CET 2014: 51: finished (449ms, 13cycles)
Sat Mar 29 21:53:27 CET 2014: 51: Solution found.
Sat Mar 29 21:53:27 CET 2014: 52: finished (640ms, 18cycles)
Sat Mar 29 21:53:27 CET 2014: 52: Solution found.
Sat Mar 29 21:53:28 CET 2014: 53: finished (433ms, 12cycles)
Sat Mar 29 21:53:28 CET 2014: 53: Solution found.
Sat Mar 29 21:53:29 CET 2014: 54: finished (624ms, 18cycles)
Sat Mar 29 21:53:29 CET 2014: 54: Solution found.
Sat Mar 29 21:53:29 CET 2014: 55: finished (836ms, 24cycles)
Sat Mar 29 21:53:29 CET 2014: 55: Solution found.
Sat Mar 29 21:53:30 CET 2014: 56: finished (364ms, 10cycles)
Sat Mar 29 21:53:30 CET 2014: 56: Solution found.
Sat Mar 29 21:53:30 CET 2014: 57: finished (580ms, 17cycles)
Sat Mar 29 21:53:30 CET 2014: 57: Solution found.
Sat Mar 29 21:53:30 CET 2014: 58: finished (163ms, 4cycles)
Sat Mar 29 21:53:30 CET 2014: 58: Solution found.
Sat Mar 29 21:53:31 CET 2014: 59: finished (411ms, 12cycles)
Sat Mar 29 21:53:31 CET 2014: 59: Solution found.
Sat Mar 29 21:53:31 CET 2014: 60: finished (571ms, 16cycles)
Sat Mar 29 21:53:31 CET 2014: 60: Solution found.
Sat Mar 29 21:53:32 CET 2014: 61: finished (353ms, 10cycles)
Sat Mar 29 21:53:32 CET 2014: 61: Solution found.
Sat Mar 29 21:53:32 CET 2014: 62: finished (322ms, 9cycles)
Sat Mar 29 21:53:32 CET 2014: 62: Solution found.
Sat Mar 29 21:53:32 CET 2014: 63: finished (70ms, 1cycles)
Sat Mar 29 21:53:32 CET 2014: 63: Solution found.
Sat Mar 29 21:53:33 CET 2014: 64: finished (625ms, 17cycles)
Sat Mar 29 21:53:33 CET 2014: 64: Solution found.
Sat Mar 29 21:53:51 CET 2014: 65: finished (17838ms, 500cycles)
Sat Mar 29 21:53:51 CET 2014: 65: No solution found.
Sat Mar 29 21:53:51 CET 2014: 66: finished (533ms, 15cycles)
Sat Mar 29 21:53:51 CET 2014: 66: Solution found.
Sat Mar 29 21:54:10 CET 2014: 67: finished (18868ms, 500cycles)
Sat Mar 29 21:54:10 CET 2014: 67: No solution found.
Sat Mar 29 21:54:10 CET 2014: 68: finished (246ms, 7cycles)
Sat Mar 29 21:54:10 CET 2014: 68: Solution found.
Sat Mar 29 21:54:11 CET 2014: 69: finished (334ms, 9cycles)
Sat Mar 29 21:54:11 CET 2014: 69: Solution found.
Sat Mar 29 21:54:11 CET 2014: 70: finished (431ms, 12cycles)
Sat Mar 29 21:54:11 CET 2014: 70: Solution found.
Sat Mar 29 21:54:11 CET 2014: 71: finished (194ms, 5cycles)
Sat Mar 29 21:54:11 CET 2014: 71: Solution found.
Sat Mar 29 21:54:11 CET 2014: 72: finished (154ms, 4cycles)
Sat Mar 29 21:54:11 CET 2014: 72: Solution found.
Sat Mar 29 21:54:12 CET 2014: 73: finished (412ms, 12cycles)
Sat Mar 29 21:54:12 CET 2014: 73: Solution found.
Sat Mar 29 21:54:12 CET 2014: 74: finished (130ms, 3cycles)
Sat Mar 29 21:54:12 CET 2014: 74: Solution found.
Sat Mar 29 21:54:12 CET 2014: 75: finished (260ms, 7cycles)
Sat Mar 29 21:54:12 CET 2014: 75: Solution found.
Sat Mar 29 21:54:13 CET 2014: 76: finished (821ms, 23cycles)
Sat Mar 29 21:54:13 CET 2014: 76: Solution found.
Sat Mar 29 21:54:13 CET 2014: 77: finished (166ms, 4cycles)
Sat Mar 29 21:54:13 CET 2014: 77: Solution found.
Sat Mar 29 21:54:13 CET 2014: 78: finished (254ms, 7cycles)
Sat Mar 29 21:54:13 CET 2014: 78: Solution found.
Sat Mar 29 21:54:14 CET 2014: 79: finished (497ms, 14cycles)
Sat Mar 29 21:54:14 CET 2014: 79: Solution found.
Sat Mar 29 21:54:15 CET 2014: 80: finished (735ms, 21cycles)
Sat Mar 29 21:54:15 CET 2014: 80: Solution found.
Sat Mar 29 21:54:15 CET 2014: 81: finished (618ms, 18cycles)
Sat Mar 29 21:54:15 CET 2014: 81: Solution found.
Sat Mar 29 21:54:16 CET 2014: 82: finished (283ms, 8cycles)
Sat Mar 29 21:54:16 CET 2014: 82: Solution found.
Sat Mar 29 21:54:16 CET 2014: 83: finished (412ms, 11cycles)
Sat Mar 29 21:54:16 CET 2014: 83: Solution found.
Sat Mar 29 21:54:16 CET 2014: 84: finished (121ms, 3cycles)
Sat Mar 29 21:54:16 CET 2014: 84: Solution found.
Sat Mar 29 21:54:17 CET 2014: 85: finished (422ms, 12cycles)
Sat Mar 29 21:54:17 CET 2014: 85: Solution found.
Sat Mar 29 21:54:17 CET 2014: 86: finished (561ms, 16cycles)
Sat Mar 29 21:54:17 CET 2014: 86: Solution found.
Sat Mar 29 21:54:17 CET 2014: 87: finished (259ms, 7cycles)
Sat Mar 29 21:54:17 CET 2014: 87: Solution found.
Sat Mar 29 21:54:18 CET 2014: 88: finished (380ms, 11cycles)
Sat Mar 29 21:54:18 CET 2014: 88: Solution found.
Sat Mar 29 21:54:18 CET 2014: 89: finished (220ms, 6cycles)
Sat Mar 29 21:54:18 CET 2014: 89: Solution found.
Sat Mar 29 21:54:18 CET 2014: 90: finished (377ms, 11cycles)
Sat Mar 29 21:54:18 CET 2014: 90: Solution found.
Sat Mar 29 21:54:19 CET 2014: 91: finished (629ms, 18cycles)
Sat Mar 29 21:54:19 CET 2014: 91: Solution found.
Sat Mar 29 21:54:20 CET 2014: 92: finished (727ms, 21cycles)
Sat Mar 29 21:54:20 CET 2014: 92: Solution found.
Sat Mar 29 21:54:20 CET 2014: 93: finished (752ms, 22cycles)
Sat Mar 29 21:54:20 CET 2014: 93: Solution found.
Sat Mar 29 21:54:21 CET 2014: 94: finished (515ms, 15cycles)
Sat Mar 29 21:54:21 CET 2014: 94: Solution found.
Sat Mar 29 21:54:21 CET 2014: 95: finished (111ms, 2cycles)
Sat Mar 29 21:54:21 CET 2014: 95: Solution found.
Sat Mar 29 21:54:21 CET 2014: 96: finished (60ms, 1cycles)
Sat Mar 29 21:54:21 CET 2014: 96: Solution found.
Sat Mar 29 21:54:21 CET 2014: 97: finished (323ms, 9cycles)
Sat Mar 29 21:54:21 CET 2014: 97: Solution found.
Sat Mar 29 21:54:23 CET 2014: 98: finished (1173ms, 36cycles)
Sat Mar 29 21:54:23 CET 2014: 98: Solution found.
Sat Mar 29 21:54:23 CET 2014: 99: finished (383ms, 11cycles)
Sat Mar 29 21:54:23 CET 2014: 99: Solution found.
Sat Mar 29 21:54:23 CET 2014: Solution Found: 93
Sat Mar 29 21:54:23 CET 2014: Avg cycles: 17
Sat Mar 29 21:54:23 CET 2014: Max cycles: 190
Sat Mar 29 21:54:23 CET 2014: Min cycles: 1
Sat Mar 29 21:54:23 CET 2014: No solution found: 7
Sat Mar 29 21:54:23 CET 2014: logging finished. (runtime: 169074ms)
