Sun Jan 26 02:09:57 CET 2014: Problem Count: 100
Sun Jan 26 02:09:57 CET 2014: CandidatesCount: 50
Sun Jan 26 02:09:57 CET 2014: Max Cycles: 500
Sun Jan 26 02:09:58 CET 2014: 0: finished (890ms, 500cycles)
Sun Jan 26 02:09:58 CET 2014: 0: No solution found.
Sun Jan 26 02:09:58 CET 2014: 1: finished (10ms, 4cycles)
Sun Jan 26 02:09:58 CET 2014: 1: Solution found.
Sun Jan 26 02:09:59 CET 2014: 2: finished (866ms, 500cycles)
Sun Jan 26 02:09:59 CET 2014: 2: No solution found.
Sun Jan 26 02:09:59 CET 2014: 3: finished (24ms, 12cycles)
Sun Jan 26 02:09:59 CET 2014: 3: Solution found.
Sun Jan 26 02:09:59 CET 2014: 4: finished (67ms, 33cycles)
Sun Jan 26 02:09:59 CET 2014: 4: Solution found.
Sun Jan 26 02:09:59 CET 2014: 5: finished (17ms, 8cycles)
Sun Jan 26 02:09:59 CET 2014: 5: Solution found.
Sun Jan 26 02:10:00 CET 2014: 6: finished (848ms, 500cycles)
Sun Jan 26 02:10:00 CET 2014: 6: No solution found.
Sun Jan 26 02:10:01 CET 2014: 7: finished (854ms, 500cycles)
Sun Jan 26 02:10:01 CET 2014: 7: No solution found.
Sun Jan 26 02:10:01 CET 2014: 8: finished (847ms, 500cycles)
Sun Jan 26 02:10:01 CET 2014: 8: No solution found.
Sun Jan 26 02:10:02 CET 2014: 9: finished (870ms, 500cycles)
Sun Jan 26 02:10:02 CET 2014: 9: No solution found.
Sun Jan 26 02:10:02 CET 2014: 10: finished (125ms, 64cycles)
Sun Jan 26 02:10:02 CET 2014: 10: Solution found.
Sun Jan 26 02:10:02 CET 2014: 11: finished (15ms, 7cycles)
Sun Jan 26 02:10:02 CET 2014: 11: Solution found.
Sun Jan 26 02:10:03 CET 2014: 12: finished (855ms, 500cycles)
Sun Jan 26 02:10:03 CET 2014: 12: No solution found.
Sun Jan 26 02:10:04 CET 2014: 13: finished (854ms, 500cycles)
Sun Jan 26 02:10:04 CET 2014: 13: No solution found.
Sun Jan 26 02:10:05 CET 2014: 14: finished (857ms, 500cycles)
Sun Jan 26 02:10:05 CET 2014: 14: No solution found.
Sun Jan 26 02:10:06 CET 2014: 15: finished (869ms, 500cycles)
Sun Jan 26 02:10:06 CET 2014: 15: No solution found.
Sun Jan 26 02:10:06 CET 2014: 16: finished (10ms, 4cycles)
Sun Jan 26 02:10:06 CET 2014: 16: Solution found.
Sun Jan 26 02:10:06 CET 2014: 17: finished (7ms, 3cycles)
Sun Jan 26 02:10:06 CET 2014: 17: Solution found.
Sun Jan 26 02:10:06 CET 2014: 18: finished (104ms, 50cycles)
Sun Jan 26 02:10:06 CET 2014: 18: Solution found.
Sun Jan 26 02:10:06 CET 2014: 19: finished (79ms, 38cycles)
Sun Jan 26 02:10:06 CET 2014: 19: Solution found.
Sun Jan 26 02:10:07 CET 2014: 20: finished (873ms, 500cycles)
Sun Jan 26 02:10:07 CET 2014: 20: No solution found.
Sun Jan 26 02:10:08 CET 2014: 21: finished (891ms, 500cycles)
Sun Jan 26 02:10:08 CET 2014: 21: No solution found.
Sun Jan 26 02:10:08 CET 2014: 22: finished (14ms, 7cycles)
Sun Jan 26 02:10:08 CET 2014: 22: Solution found.
Sun Jan 26 02:10:09 CET 2014: 23: finished (888ms, 500cycles)
Sun Jan 26 02:10:09 CET 2014: 23: No solution found.
Sun Jan 26 02:10:10 CET 2014: 24: finished (849ms, 500cycles)
Sun Jan 26 02:10:10 CET 2014: 24: No solution found.
Sun Jan 26 02:10:10 CET 2014: 25: finished (53ms, 27cycles)
Sun Jan 26 02:10:10 CET 2014: 25: Solution found.
Sun Jan 26 02:10:11 CET 2014: 26: finished (1315ms, 500cycles)
Sun Jan 26 02:10:11 CET 2014: 26: No solution found.
Sun Jan 26 02:10:13 CET 2014: 27: finished (1637ms, 500cycles)
Sun Jan 26 02:10:13 CET 2014: 27: No solution found.
Sun Jan 26 02:10:14 CET 2014: 28: finished (1246ms, 500cycles)
Sun Jan 26 02:10:14 CET 2014: 28: No solution found.
Sun Jan 26 02:10:14 CET 2014: 29: finished (47ms, 24cycles)
Sun Jan 26 02:10:14 CET 2014: 29: Solution found.
Sun Jan 26 02:10:14 CET 2014: 30: finished (66ms, 33cycles)
Sun Jan 26 02:10:14 CET 2014: 30: Solution found.
Sun Jan 26 02:10:16 CET 2014: 31: finished (2022ms, 500cycles)
Sun Jan 26 02:10:16 CET 2014: 31: No solution found.
Sun Jan 26 02:10:16 CET 2014: 32: finished (47ms, 23cycles)
Sun Jan 26 02:10:16 CET 2014: 32: Solution found.
Sun Jan 26 02:10:17 CET 2014: 33: finished (1376ms, 500cycles)
Sun Jan 26 02:10:17 CET 2014: 33: No solution found.
Sun Jan 26 02:10:18 CET 2014: 34: finished (958ms, 500cycles)
Sun Jan 26 02:10:18 CET 2014: 34: No solution found.
Sun Jan 26 02:10:19 CET 2014: 35: finished (857ms, 500cycles)
Sun Jan 26 02:10:19 CET 2014: 35: No solution found.
Sun Jan 26 02:10:20 CET 2014: 36: finished (854ms, 500cycles)
Sun Jan 26 02:10:20 CET 2014: 36: No solution found.
Sun Jan 26 02:10:21 CET 2014: 37: finished (856ms, 500cycles)
Sun Jan 26 02:10:21 CET 2014: 37: No solution found.
Sun Jan 26 02:10:21 CET 2014: 38: finished (71ms, 36cycles)
Sun Jan 26 02:10:21 CET 2014: 38: Solution found.
Sun Jan 26 02:10:21 CET 2014: 39: finished (6ms, 2cycles)
Sun Jan 26 02:10:21 CET 2014: 39: Solution found.
Sun Jan 26 02:10:22 CET 2014: 40: finished (850ms, 500cycles)
Sun Jan 26 02:10:22 CET 2014: 40: No solution found.
Sun Jan 26 02:10:23 CET 2014: 41: finished (852ms, 500cycles)
Sun Jan 26 02:10:23 CET 2014: 41: No solution found.
Sun Jan 26 02:10:23 CET 2014: 42: finished (51ms, 25cycles)
Sun Jan 26 02:10:23 CET 2014: 42: Solution found.
Sun Jan 26 02:10:24 CET 2014: 43: finished (849ms, 500cycles)
Sun Jan 26 02:10:24 CET 2014: 43: No solution found.
Sun Jan 26 02:10:24 CET 2014: 44: finished (864ms, 500cycles)
Sun Jan 26 02:10:24 CET 2014: 44: No solution found.
Sun Jan 26 02:10:25 CET 2014: 45: finished (863ms, 500cycles)
Sun Jan 26 02:10:25 CET 2014: 45: No solution found.
Sun Jan 26 02:10:25 CET 2014: 46: finished (20ms, 10cycles)
Sun Jan 26 02:10:25 CET 2014: 46: Solution found.
Sun Jan 26 02:10:25 CET 2014: 47: finished (34ms, 17cycles)
Sun Jan 26 02:10:25 CET 2014: 47: Solution found.
Sun Jan 26 02:10:25 CET 2014: 48: finished (47ms, 24cycles)
Sun Jan 26 02:10:25 CET 2014: 48: Solution found.
Sun Jan 26 02:10:25 CET 2014: 49: finished (23ms, 11cycles)
Sun Jan 26 02:10:25 CET 2014: 49: Solution found.
Sun Jan 26 02:10:26 CET 2014: 50: finished (874ms, 500cycles)
Sun Jan 26 02:10:26 CET 2014: 50: No solution found.
Sun Jan 26 02:10:28 CET 2014: 51: finished (1561ms, 500cycles)
Sun Jan 26 02:10:28 CET 2014: 51: No solution found.
Sun Jan 26 02:10:30 CET 2014: 52: finished (2215ms, 500cycles)
Sun Jan 26 02:10:30 CET 2014: 52: No solution found.
Sun Jan 26 02:10:32 CET 2014: 53: finished (2130ms, 500cycles)
Sun Jan 26 02:10:32 CET 2014: 53: No solution found.
Sun Jan 26 02:10:33 CET 2014: 54: finished (1254ms, 500cycles)
Sun Jan 26 02:10:33 CET 2014: 54: No solution found.
Sun Jan 26 02:10:34 CET 2014: 55: finished (848ms, 500cycles)
Sun Jan 26 02:10:34 CET 2014: 55: No solution found.
Sun Jan 26 02:10:35 CET 2014: 56: finished (854ms, 500cycles)
Sun Jan 26 02:10:35 CET 2014: 56: No solution found.
Sun Jan 26 02:10:35 CET 2014: 57: finished (79ms, 40cycles)
Sun Jan 26 02:10:35 CET 2014: 57: Solution found.
Sun Jan 26 02:10:36 CET 2014: 58: finished (871ms, 500cycles)
Sun Jan 26 02:10:36 CET 2014: 58: No solution found.
Sun Jan 26 02:10:37 CET 2014: 59: finished (869ms, 500cycles)
Sun Jan 26 02:10:37 CET 2014: 59: No solution found.
Sun Jan 26 02:10:38 CET 2014: 60: finished (850ms, 500cycles)
Sun Jan 26 02:10:38 CET 2014: 60: No solution found.
Sun Jan 26 02:10:38 CET 2014: 61: finished (81ms, 43cycles)
Sun Jan 26 02:10:38 CET 2014: 61: Solution found.
Sun Jan 26 02:10:39 CET 2014: 62: finished (923ms, 500cycles)
Sun Jan 26 02:10:39 CET 2014: 62: No solution found.
Sun Jan 26 02:10:40 CET 2014: 63: finished (857ms, 500cycles)
Sun Jan 26 02:10:40 CET 2014: 63: No solution found.
Sun Jan 26 02:10:40 CET 2014: 64: finished (20ms, 10cycles)
Sun Jan 26 02:10:40 CET 2014: 64: Solution found.
Sun Jan 26 02:10:41 CET 2014: 65: finished (861ms, 500cycles)
Sun Jan 26 02:10:41 CET 2014: 65: No solution found.
Sun Jan 26 02:10:41 CET 2014: 66: finished (855ms, 500cycles)
Sun Jan 26 02:10:41 CET 2014: 66: No solution found.
Sun Jan 26 02:10:41 CET 2014: 67: finished (15ms, 7cycles)
Sun Jan 26 02:10:41 CET 2014: 67: Solution found.
Sun Jan 26 02:10:43 CET 2014: 68: finished (1290ms, 500cycles)
Sun Jan 26 02:10:43 CET 2014: 68: No solution found.
Sun Jan 26 02:10:43 CET 2014: 69: finished (176ms, 33cycles)
Sun Jan 26 02:10:43 CET 2014: 69: Solution found.
Sun Jan 26 02:10:45 CET 2014: 70: finished (2161ms, 500cycles)
Sun Jan 26 02:10:45 CET 2014: 70: No solution found.
Sun Jan 26 02:10:47 CET 2014: 71: finished (2141ms, 500cycles)
Sun Jan 26 02:10:47 CET 2014: 71: No solution found.
Sun Jan 26 02:10:49 CET 2014: 72: finished (1513ms, 500cycles)
Sun Jan 26 02:10:49 CET 2014: 72: No solution found.
Sun Jan 26 02:10:49 CET 2014: 73: finished (21ms, 10cycles)
Sun Jan 26 02:10:49 CET 2014: 73: Solution found.
Sun Jan 26 02:10:50 CET 2014: 74: finished (848ms, 500cycles)
Sun Jan 26 02:10:50 CET 2014: 74: No solution found.
Sun Jan 26 02:10:50 CET 2014: 75: finished (857ms, 500cycles)
Sun Jan 26 02:10:50 CET 2014: 75: No solution found.
Sun Jan 26 02:10:50 CET 2014: 76: finished (6ms, 2cycles)
Sun Jan 26 02:10:50 CET 2014: 76: Solution found.
Sun Jan 26 02:10:51 CET 2014: 77: finished (851ms, 500cycles)
Sun Jan 26 02:10:51 CET 2014: 77: No solution found.
Sun Jan 26 02:10:52 CET 2014: 78: finished (857ms, 500cycles)
Sun Jan 26 02:10:52 CET 2014: 78: No solution found.
Sun Jan 26 02:10:53 CET 2014: 79: finished (873ms, 500cycles)
Sun Jan 26 02:10:53 CET 2014: 79: No solution found.
Sun Jan 26 02:10:53 CET 2014: 80: finished (58ms, 30cycles)
Sun Jan 26 02:10:53 CET 2014: 80: Solution found.
Sun Jan 26 02:10:53 CET 2014: 81: finished (57ms, 28cycles)
Sun Jan 26 02:10:53 CET 2014: 81: Solution found.
Sun Jan 26 02:10:53 CET 2014: 82: finished (27ms, 12cycles)
Sun Jan 26 02:10:53 CET 2014: 82: Solution found.
Sun Jan 26 02:10:54 CET 2014: 83: finished (860ms, 500cycles)
Sun Jan 26 02:10:54 CET 2014: 83: No solution found.
Sun Jan 26 02:10:55 CET 2014: 84: finished (854ms, 500cycles)
Sun Jan 26 02:10:55 CET 2014: 84: No solution found.
Sun Jan 26 02:10:56 CET 2014: 85: finished (858ms, 500cycles)
Sun Jan 26 02:10:56 CET 2014: 85: No solution found.
Sun Jan 26 02:10:56 CET 2014: 86: finished (75ms, 41cycles)
Sun Jan 26 02:10:56 CET 2014: 86: Solution found.
Sun Jan 26 02:10:57 CET 2014: 87: finished (863ms, 500cycles)
Sun Jan 26 02:10:57 CET 2014: 87: No solution found.
Sun Jan 26 02:10:57 CET 2014: 88: finished (53ms, 26cycles)
Sun Jan 26 02:10:57 CET 2014: 88: Solution found.
Sun Jan 26 02:10:57 CET 2014: 89: finished (19ms, 9cycles)
Sun Jan 26 02:10:57 CET 2014: 89: Solution found.
Sun Jan 26 02:10:57 CET 2014: 90: finished (94ms, 48cycles)
Sun Jan 26 02:10:57 CET 2014: 90: Solution found.
Sun Jan 26 02:10:57 CET 2014: 91: finished (32ms, 16cycles)
Sun Jan 26 02:10:57 CET 2014: 91: Solution found.
Sun Jan 26 02:10:58 CET 2014: 92: finished (1383ms, 500cycles)
Sun Jan 26 02:10:58 CET 2014: 92: No solution found.
Sun Jan 26 02:11:00 CET 2014: 93: finished (2126ms, 500cycles)
Sun Jan 26 02:11:00 CET 2014: 93: No solution found.
Sun Jan 26 02:11:03 CET 2014: 94: finished (2321ms, 500cycles)
Sun Jan 26 02:11:03 CET 2014: 94: No solution found.
Sun Jan 26 02:11:04 CET 2014: 95: finished (1359ms, 500cycles)
Sun Jan 26 02:11:04 CET 2014: 95: No solution found.
Sun Jan 26 02:11:05 CET 2014: 96: finished (858ms, 500cycles)
Sun Jan 26 02:11:05 CET 2014: 96: No solution found.
Sun Jan 26 02:11:05 CET 2014: 97: finished (57ms, 29cycles)
Sun Jan 26 02:11:05 CET 2014: 97: Solution found.
Sun Jan 26 02:11:06 CET 2014: 98: finished (861ms, 500cycles)
Sun Jan 26 02:11:06 CET 2014: 98: No solution found.
Sun Jan 26 02:11:07 CET 2014: 99: finished (854ms, 500cycles)
Sun Jan 26 02:11:07 CET 2014: 99: No solution found.
Sun Jan 26 02:11:07 CET 2014: Solution Found: 38
Sun Jan 26 02:11:07 CET 2014: Avg cycles: 22
Sun Jan 26 02:11:07 CET 2014: Max cycles: 64
Sun Jan 26 02:11:07 CET 2014: Min cycles: 2
Sun Jan 26 02:11:07 CET 2014: No solution found: 62
Sun Jan 26 02:11:07 CET 2014: logging finished. (runtime: 69755ms)
