Sun Mar 30 14:55:41 CEST 2014: Problem Count: 250
Sun Mar 30 14:55:41 CEST 2014: CandidatesCount: 100
Sun Mar 30 14:55:41 CEST 2014: Max Cycles: 500
Sun Mar 30 14:55:52 CEST 2014: 0: finished (10683ms, 500cycles)
Sun Mar 30 14:55:52 CEST 2014: 0: No solution found.
Sun Mar 30 14:55:52 CEST 2014: 1: finished (274ms, 5cycles)
Sun Mar 30 14:55:52 CEST 2014: 1: Solution found.
Sun Mar 30 14:55:52 CEST 2014: 2: finished (264ms, 13cycles)
Sun Mar 30 14:55:52 CEST 2014: 2: Solution found.
Sun Mar 30 14:56:00 CEST 2014: 3: finished (7752ms, 500cycles)
Sun Mar 30 14:56:00 CEST 2014: 3: No solution found.
Sun Mar 30 14:56:01 CEST 2014: 4: finished (382ms, 20cycles)
Sun Mar 30 14:56:01 CEST 2014: 4: Solution found.
Sun Mar 30 14:56:01 CEST 2014: 5: finished (874ms, 50cycles)
Sun Mar 30 14:56:01 CEST 2014: 5: Solution found.
Sun Mar 30 14:56:02 CEST 2014: 6: finished (56ms, 2cycles)
Sun Mar 30 14:56:02 CEST 2014: 6: Solution found.
Sun Mar 30 14:56:09 CEST 2014: 7: finished (7939ms, 500cycles)
Sun Mar 30 14:56:09 CEST 2014: 7: No solution found.
Sun Mar 30 14:56:10 CEST 2014: 8: finished (99ms, 5cycles)
Sun Mar 30 14:56:10 CEST 2014: 8: Solution found.
Sun Mar 30 14:56:10 CEST 2014: 9: finished (214ms, 12cycles)
Sun Mar 30 14:56:10 CEST 2014: 9: Solution found.
Sun Mar 30 14:56:18 CEST 2014: 10: finished (7883ms, 500cycles)
Sun Mar 30 14:56:18 CEST 2014: 10: No solution found.
Sun Mar 30 14:56:18 CEST 2014: 11: finished (187ms, 10cycles)
Sun Mar 30 14:56:18 CEST 2014: 11: Solution found.
Sun Mar 30 14:56:18 CEST 2014: 12: finished (409ms, 23cycles)
Sun Mar 30 14:56:18 CEST 2014: 12: Solution found.
Sun Mar 30 14:56:29 CEST 2014: 13: finished (10634ms, 500cycles)
Sun Mar 30 14:56:29 CEST 2014: 13: No solution found.
Sun Mar 30 14:56:30 CEST 2014: 14: finished (669ms, 37cycles)
Sun Mar 30 14:56:30 CEST 2014: 14: Solution found.
Sun Mar 30 14:56:30 CEST 2014: 15: finished (136ms, 7cycles)
Sun Mar 30 14:56:30 CEST 2014: 15: Solution found.
Sun Mar 30 14:56:30 CEST 2014: 16: finished (555ms, 31cycles)
Sun Mar 30 14:56:30 CEST 2014: 16: Solution found.
Sun Mar 30 14:56:31 CEST 2014: 17: finished (957ms, 57cycles)
Sun Mar 30 14:56:31 CEST 2014: 17: Solution found.
Sun Mar 30 14:56:32 CEST 2014: 18: finished (587ms, 32cycles)
Sun Mar 30 14:56:32 CEST 2014: 18: Solution found.
Sun Mar 30 14:56:32 CEST 2014: 19: finished (77ms, 4cycles)
Sun Mar 30 14:56:32 CEST 2014: 19: Solution found.
Sun Mar 30 14:56:40 CEST 2014: 20: finished (7736ms, 500cycles)
Sun Mar 30 14:56:40 CEST 2014: 20: No solution found.
Sun Mar 30 14:56:41 CEST 2014: 21: finished (1006ms, 58cycles)
Sun Mar 30 14:56:41 CEST 2014: 21: Solution found.
Sun Mar 30 14:56:42 CEST 2014: 22: finished (1067ms, 63cycles)
Sun Mar 30 14:56:42 CEST 2014: 22: Solution found.
Sun Mar 30 14:56:49 CEST 2014: 23: finished (7688ms, 500cycles)
Sun Mar 30 14:56:49 CEST 2014: 23: No solution found.
Sun Mar 30 14:56:57 CEST 2014: 24: finished (7794ms, 500cycles)
Sun Mar 30 14:56:57 CEST 2014: 24: No solution found.
Sun Mar 30 14:56:57 CEST 2014: 25: finished (73ms, 3cycles)
Sun Mar 30 14:56:57 CEST 2014: 25: Solution found.
Sun Mar 30 14:57:05 CEST 2014: 26: finished (7832ms, 500cycles)
Sun Mar 30 14:57:05 CEST 2014: 26: No solution found.
Sun Mar 30 14:57:05 CEST 2014: 27: finished (314ms, 16cycles)
Sun Mar 30 14:57:05 CEST 2014: 27: Solution found.
Sun Mar 30 14:57:06 CEST 2014: 28: finished (127ms, 6cycles)
Sun Mar 30 14:57:06 CEST 2014: 28: Solution found.
Sun Mar 30 14:57:06 CEST 2014: 29: finished (488ms, 26cycles)
Sun Mar 30 14:57:06 CEST 2014: 29: Solution found.
Sun Mar 30 14:57:06 CEST 2014: 30: finished (195ms, 10cycles)
Sun Mar 30 14:57:06 CEST 2014: 30: Solution found.
Sun Mar 30 14:57:07 CEST 2014: 31: finished (306ms, 16cycles)
Sun Mar 30 14:57:07 CEST 2014: 31: Solution found.
Sun Mar 30 14:57:14 CEST 2014: 32: finished (7683ms, 500cycles)
Sun Mar 30 14:57:14 CEST 2014: 32: No solution found.
Sun Mar 30 14:57:14 CEST 2014: 33: finished (176ms, 9cycles)
Sun Mar 30 14:57:14 CEST 2014: 33: Solution found.
Sun Mar 30 14:57:25 CEST 2014: 34: finished (10755ms, 500cycles)
Sun Mar 30 14:57:25 CEST 2014: 34: No solution found.
Sun Mar 30 14:57:25 CEST 2014: 35: finished (225ms, 12cycles)
Sun Mar 30 14:57:25 CEST 2014: 35: Solution found.
Sun Mar 30 14:57:33 CEST 2014: 36: finished (7798ms, 500cycles)
Sun Mar 30 14:57:33 CEST 2014: 36: No solution found.
Sun Mar 30 14:57:41 CEST 2014: 37: finished (7800ms, 500cycles)
Sun Mar 30 14:57:41 CEST 2014: 37: No solution found.
Sun Mar 30 14:57:49 CEST 2014: 38: finished (7809ms, 500cycles)
Sun Mar 30 14:57:49 CEST 2014: 38: No solution found.
Sun Mar 30 14:57:49 CEST 2014: 39: finished (475ms, 25cycles)
Sun Mar 30 14:57:49 CEST 2014: 39: Solution found.
Sun Mar 30 14:57:49 CEST 2014: 40: finished (154ms, 8cycles)
Sun Mar 30 14:57:49 CEST 2014: 40: Solution found.
Sun Mar 30 14:57:50 CEST 2014: 41: finished (216ms, 11cycles)
Sun Mar 30 14:57:50 CEST 2014: 41: Solution found.
Sun Mar 30 14:57:50 CEST 2014: 42: finished (118ms, 6cycles)
Sun Mar 30 14:57:50 CEST 2014: 42: Solution found.
Sun Mar 30 14:57:50 CEST 2014: 43: finished (651ms, 38cycles)
Sun Mar 30 14:57:50 CEST 2014: 43: Solution found.
Sun Mar 30 14:57:51 CEST 2014: 44: finished (362ms, 20cycles)
Sun Mar 30 14:57:51 CEST 2014: 44: Solution found.
Sun Mar 30 14:57:59 CEST 2014: 45: finished (7795ms, 500cycles)
Sun Mar 30 14:57:59 CEST 2014: 45: No solution found.
Sun Mar 30 14:57:59 CEST 2014: 46: finished (312ms, 17cycles)
Sun Mar 30 14:57:59 CEST 2014: 46: Solution found.
Sun Mar 30 14:57:59 CEST 2014: 47: finished (334ms, 18cycles)
Sun Mar 30 14:57:59 CEST 2014: 47: Solution found.
Sun Mar 30 14:58:07 CEST 2014: 48: finished (7693ms, 500cycles)
Sun Mar 30 14:58:07 CEST 2014: 48: No solution found.
Sun Mar 30 14:58:10 CEST 2014: 49: finished (3182ms, 185cycles)
Sun Mar 30 14:58:10 CEST 2014: 49: Solution found.
Sun Mar 30 14:58:10 CEST 2014: 50: finished (200ms, 11cycles)
Sun Mar 30 14:58:10 CEST 2014: 50: Solution found.
Sun Mar 30 14:58:10 CEST 2014: 51: finished (171ms, 9cycles)
Sun Mar 30 14:58:10 CEST 2014: 51: Solution found.
Sun Mar 30 14:58:11 CEST 2014: 52: finished (297ms, 15cycles)
Sun Mar 30 14:58:11 CEST 2014: 52: Solution found.
Sun Mar 30 14:58:18 CEST 2014: 53: finished (7703ms, 500cycles)
Sun Mar 30 14:58:18 CEST 2014: 53: No solution found.
Sun Mar 30 14:58:19 CEST 2014: 54: finished (331ms, 17cycles)
Sun Mar 30 14:58:19 CEST 2014: 54: Solution found.
Sun Mar 30 14:58:27 CEST 2014: 55: finished (7834ms, 500cycles)
Sun Mar 30 14:58:27 CEST 2014: 55: No solution found.
Sun Mar 30 14:58:27 CEST 2014: 56: finished (109ms, 5cycles)
Sun Mar 30 14:58:27 CEST 2014: 56: Solution found.
Sun Mar 30 14:58:27 CEST 2014: 57: finished (227ms, 12cycles)
Sun Mar 30 14:58:27 CEST 2014: 57: Solution found.
Sun Mar 30 14:58:27 CEST 2014: 58: finished (268ms, 13cycles)
Sun Mar 30 14:58:27 CEST 2014: 58: Solution found.
Sun Mar 30 14:58:28 CEST 2014: 59: finished (454ms, 25cycles)
Sun Mar 30 14:58:28 CEST 2014: 59: Solution found.
Sun Mar 30 14:58:28 CEST 2014: 60: finished (401ms, 22cycles)
Sun Mar 30 14:58:28 CEST 2014: 60: Solution found.
Sun Mar 30 14:58:36 CEST 2014: 61: finished (7748ms, 500cycles)
Sun Mar 30 14:58:36 CEST 2014: 61: No solution found.
Sun Mar 30 14:58:47 CEST 2014: 62: finished (10756ms, 500cycles)
Sun Mar 30 14:58:47 CEST 2014: 62: No solution found.
Sun Mar 30 14:58:47 CEST 2014: 63: finished (85ms, 4cycles)
Sun Mar 30 14:58:47 CEST 2014: 63: Solution found.
Sun Mar 30 14:58:48 CEST 2014: 64: finished (981ms, 55cycles)
Sun Mar 30 14:58:48 CEST 2014: 64: Solution found.
Sun Mar 30 14:58:55 CEST 2014: 65: finished (7788ms, 500cycles)
Sun Mar 30 14:58:55 CEST 2014: 65: No solution found.
Sun Mar 30 14:58:55 CEST 2014: 66: finished (54ms, 2cycles)
Sun Mar 30 14:58:55 CEST 2014: 66: Solution found.
Sun Mar 30 14:58:56 CEST 2014: 67: finished (778ms, 43cycles)
Sun Mar 30 14:58:56 CEST 2014: 67: Solution found.
Sun Mar 30 14:58:57 CEST 2014: 68: finished (356ms, 20cycles)
Sun Mar 30 14:58:57 CEST 2014: 68: Solution found.
Sun Mar 30 14:58:57 CEST 2014: 69: finished (174ms, 9cycles)
Sun Mar 30 14:58:57 CEST 2014: 69: Solution found.
Sun Mar 30 14:59:05 CEST 2014: 70: finished (7802ms, 500cycles)
Sun Mar 30 14:59:05 CEST 2014: 70: No solution found.
Sun Mar 30 14:59:05 CEST 2014: 71: finished (752ms, 43cycles)
Sun Mar 30 14:59:05 CEST 2014: 71: Solution found.
Sun Mar 30 14:59:13 CEST 2014: 72: finished (7884ms, 500cycles)
Sun Mar 30 14:59:13 CEST 2014: 72: No solution found.
Sun Mar 30 14:59:14 CEST 2014: 73: finished (615ms, 33cycles)
Sun Mar 30 14:59:14 CEST 2014: 73: Solution found.
Sun Mar 30 14:59:14 CEST 2014: 74: finished (203ms, 12cycles)
Sun Mar 30 14:59:14 CEST 2014: 74: Solution found.
Sun Mar 30 14:59:22 CEST 2014: 75: finished (7877ms, 500cycles)
Sun Mar 30 14:59:22 CEST 2014: 75: No solution found.
Sun Mar 30 14:59:22 CEST 2014: 76: finished (310ms, 16cycles)
Sun Mar 30 14:59:22 CEST 2014: 76: Solution found.
Sun Mar 30 14:59:23 CEST 2014: 77: finished (522ms, 29cycles)
Sun Mar 30 14:59:23 CEST 2014: 77: Solution found.
Sun Mar 30 14:59:23 CEST 2014: 78: finished (139ms, 7cycles)
Sun Mar 30 14:59:23 CEST 2014: 78: Solution found.
Sun Mar 30 14:59:23 CEST 2014: 79: finished (222ms, 12cycles)
Sun Mar 30 14:59:23 CEST 2014: 79: Solution found.
Sun Mar 30 14:59:23 CEST 2014: 80: finished (34ms, 1cycles)
Sun Mar 30 14:59:23 CEST 2014: 80: Solution found.
Sun Mar 30 14:59:31 CEST 2014: 81: finished (7644ms, 500cycles)
Sun Mar 30 14:59:31 CEST 2014: 81: No solution found.
Sun Mar 30 14:59:31 CEST 2014: 82: finished (308ms, 16cycles)
Sun Mar 30 14:59:31 CEST 2014: 82: Solution found.
Sun Mar 30 14:59:39 CEST 2014: 83: finished (7719ms, 500cycles)
Sun Mar 30 14:59:39 CEST 2014: 83: No solution found.
Sun Mar 30 14:59:39 CEST 2014: 84: finished (462ms, 27cycles)
Sun Mar 30 14:59:39 CEST 2014: 84: Solution found.
Sun Mar 30 14:59:51 CEST 2014: 85: finished (11845ms, 500cycles)
Sun Mar 30 14:59:51 CEST 2014: 85: No solution found.
Sun Mar 30 14:59:51 CEST 2014: 86: finished (36ms, 1cycles)
Sun Mar 30 14:59:51 CEST 2014: 86: Solution found.
Sun Mar 30 14:59:51 CEST 2014: 87: finished (201ms, 11cycles)
Sun Mar 30 14:59:51 CEST 2014: 87: Solution found.
Sun Mar 30 14:59:52 CEST 2014: 88: finished (341ms, 20cycles)
Sun Mar 30 14:59:52 CEST 2014: 88: Solution found.
Sun Mar 30 14:59:52 CEST 2014: 89: finished (303ms, 17cycles)
Sun Mar 30 14:59:52 CEST 2014: 89: Solution found.
Sun Mar 30 14:59:52 CEST 2014: 90: finished (331ms, 18cycles)
Sun Mar 30 14:59:52 CEST 2014: 90: Solution found.
Sun Mar 30 14:59:53 CEST 2014: 91: finished (473ms, 28cycles)
Sun Mar 30 14:59:53 CEST 2014: 91: Solution found.
Sun Mar 30 15:00:01 CEST 2014: 92: finished (7890ms, 500cycles)
Sun Mar 30 15:00:01 CEST 2014: 92: No solution found.
Sun Mar 30 15:00:09 CEST 2014: 93: finished (7837ms, 500cycles)
Sun Mar 30 15:00:09 CEST 2014: 93: No solution found.
Sun Mar 30 15:00:16 CEST 2014: 94: finished (7843ms, 500cycles)
Sun Mar 30 15:00:16 CEST 2014: 94: No solution found.
Sun Mar 30 15:00:24 CEST 2014: 95: finished (7890ms, 500cycles)
Sun Mar 30 15:00:24 CEST 2014: 95: No solution found.
Sun Mar 30 15:00:25 CEST 2014: 96: finished (239ms, 14cycles)
Sun Mar 30 15:00:25 CEST 2014: 96: Solution found.
Sun Mar 30 15:00:25 CEST 2014: 97: finished (268ms, 14cycles)
Sun Mar 30 15:00:25 CEST 2014: 97: Solution found.
Sun Mar 30 15:00:36 CEST 2014: 98: finished (11154ms, 500cycles)
Sun Mar 30 15:00:36 CEST 2014: 98: No solution found.
Sun Mar 30 15:00:36 CEST 2014: 99: finished (238ms, 13cycles)
Sun Mar 30 15:00:36 CEST 2014: 99: Solution found.
Sun Mar 30 15:00:36 CEST 2014: Solution Found: 68
Sun Mar 30 15:00:36 CEST 2014: Avg cycles: 21
Sun Mar 30 15:00:36 CEST 2014: Max cycles: 185
Sun Mar 30 15:00:36 CEST 2014: Min cycles: 1
Sun Mar 30 15:00:36 CEST 2014: No solution found: 32
Sun Mar 30 15:00:36 CEST 2014: logging finished. (runtime: 294917ms)
