Mon May 19 22:03:54 CEST 2014: Problem Count: 30
Mon May 19 22:03:54 CEST 2014: CandidatesCount: 150
Mon May 19 22:03:54 CEST 2014: Max Cycles: 500
Mon May 19 22:03:55 CEST 2014: 0: finished (445ms, 61cycles)
Mon May 19 22:03:55 CEST 2014: 0: Solution found.
Mon May 19 22:03:55 CEST 2014: 1: finished (253ms, 24cycles)
Mon May 19 22:03:55 CEST 2014: 1: Solution found.
Mon May 19 22:03:55 CEST 2014: 2: finished (500ms, 71cycles)
Mon May 19 22:03:55 CEST 2014: 2: Solution found.
Mon May 19 22:03:56 CEST 2014: 3: finished (371ms, 40cycles)
Mon May 19 22:03:56 CEST 2014: 3: Solution found.
Mon May 19 22:03:56 CEST 2014: 4: finished (703ms, 89cycles)
Mon May 19 22:03:56 CEST 2014: 4: Solution found.
Mon May 19 22:03:57 CEST 2014: 5: finished (143ms, 19cycles)
Mon May 19 22:03:57 CEST 2014: 5: Solution found.
Mon May 19 22:03:57 CEST 2014: 6: finished (521ms, 70cycles)
Mon May 19 22:03:57 CEST 2014: 6: Solution found.
Mon May 19 22:03:58 CEST 2014: 7: finished (477ms, 68cycles)
Mon May 19 22:03:58 CEST 2014: 7: Solution found.
Mon May 19 22:03:58 CEST 2014: 8: finished (381ms, 45cycles)
Mon May 19 22:03:58 CEST 2014: 8: Solution found.
Mon May 19 22:03:58 CEST 2014: 9: finished (377ms, 49cycles)
Mon May 19 22:03:58 CEST 2014: 9: Solution found.
Mon May 19 22:03:59 CEST 2014: 10: finished (292ms, 41cycles)
Mon May 19 22:03:59 CEST 2014: 10: Solution found.
Mon May 19 22:03:59 CEST 2014: 11: finished (542ms, 71cycles)
Mon May 19 22:03:59 CEST 2014: 11: Solution found.
Mon May 19 22:03:59 CEST 2014: 12: finished (224ms, 31cycles)
Mon May 19 22:03:59 CEST 2014: 12: Solution found.
Mon May 19 22:04:00 CEST 2014: 13: finished (271ms, 33cycles)
Mon May 19 22:04:00 CEST 2014: 13: Solution found.
Mon May 19 22:04:00 CEST 2014: 14: finished (287ms, 37cycles)
Mon May 19 22:04:00 CEST 2014: 14: Solution found.
Mon May 19 22:04:00 CEST 2014: 15: finished (241ms, 34cycles)
Mon May 19 22:04:00 CEST 2014: 15: Solution found.
Mon May 19 22:04:01 CEST 2014: 16: finished (326ms, 44cycles)
Mon May 19 22:04:01 CEST 2014: 16: Solution found.
Mon May 19 22:04:01 CEST 2014: 17: finished (485ms, 56cycles)
Mon May 19 22:04:01 CEST 2014: 17: Solution found.
Mon May 19 22:04:01 CEST 2014: 18: finished (353ms, 44cycles)
Mon May 19 22:04:02 CEST 2014: 18: Solution found.
Mon May 19 22:04:02 CEST 2014: 19: finished (274ms, 36cycles)
Mon May 19 22:04:02 CEST 2014: 19: Solution found.
Mon May 19 22:04:02 CEST 2014: 20: finished (427ms, 58cycles)
Mon May 19 22:04:02 CEST 2014: 20: Solution found.
Mon May 19 22:04:02 CEST 2014: 21: finished (181ms, 27cycles)
Mon May 19 22:04:02 CEST 2014: 21: Solution found.
Mon May 19 22:04:03 CEST 2014: 22: finished (440ms, 54cycles)
Mon May 19 22:04:03 CEST 2014: 22: Solution found.
Mon May 19 22:04:03 CEST 2014: 23: finished (482ms, 65cycles)
Mon May 19 22:04:03 CEST 2014: 23: Solution found.
Mon May 19 22:04:04 CEST 2014: 24: finished (342ms, 46cycles)
Mon May 19 22:04:04 CEST 2014: 24: Solution found.
Mon May 19 22:04:04 CEST 2014: 25: finished (327ms, 43cycles)
Mon May 19 22:04:04 CEST 2014: 25: Solution found.
Mon May 19 22:04:05 CEST 2014: 26: finished (431ms, 54cycles)
Mon May 19 22:04:05 CEST 2014: 26: Solution found.
Mon May 19 22:04:05 CEST 2014: 27: finished (264ms, 37cycles)
Mon May 19 22:04:05 CEST 2014: 27: Solution found.
Mon May 19 22:04:05 CEST 2014: 28: finished (300ms, 35cycles)
Mon May 19 22:04:05 CEST 2014: 28: Solution found.
Mon May 19 22:04:05 CEST 2014: 29: finished (301ms, 43cycles)
Mon May 19 22:04:05 CEST 2014: 29: Solution found.
Mon May 19 22:04:06 CEST 2014: 30: finished (250ms, 33cycles)
Mon May 19 22:04:06 CEST 2014: 30: Solution found.
Mon May 19 22:04:06 CEST 2014: 31: finished (365ms, 46cycles)
Mon May 19 22:04:06 CEST 2014: 31: Solution found.
Mon May 19 22:04:07 CEST 2014: 32: finished (459ms, 62cycles)
Mon May 19 22:04:07 CEST 2014: 32: Solution found.
Mon May 19 22:04:07 CEST 2014: 33: finished (516ms, 64cycles)
Mon May 19 22:04:07 CEST 2014: 33: Solution found.
Mon May 19 22:04:08 CEST 2014: 34: finished (421ms, 56cycles)
Mon May 19 22:04:08 CEST 2014: 34: Solution found.
Mon May 19 22:04:08 CEST 2014: 35: finished (381ms, 43cycles)
Mon May 19 22:04:08 CEST 2014: 35: Solution found.
Mon May 19 22:04:08 CEST 2014: 36: finished (535ms, 67cycles)
Mon May 19 22:04:08 CEST 2014: 36: Solution found.
Mon May 19 22:04:09 CEST 2014: 37: finished (334ms, 47cycles)
Mon May 19 22:04:09 CEST 2014: 37: Solution found.
Mon May 19 22:04:09 CEST 2014: 38: finished (370ms, 46cycles)
Mon May 19 22:04:09 CEST 2014: 38: Solution found.
Mon May 19 22:04:10 CEST 2014: 39: finished (384ms, 49cycles)
Mon May 19 22:04:10 CEST 2014: 39: Solution found.
Mon May 19 22:04:10 CEST 2014: 40: finished (391ms, 53cycles)
Mon May 19 22:04:10 CEST 2014: 40: Solution found.
Mon May 19 22:04:10 CEST 2014: 41: finished (294ms, 41cycles)
Mon May 19 22:04:10 CEST 2014: 41: Solution found.
Mon May 19 22:04:11 CEST 2014: 42: finished (421ms, 57cycles)
Mon May 19 22:04:11 CEST 2014: 42: Solution found.
Mon May 19 22:04:11 CEST 2014: 43: finished (211ms, 31cycles)
Mon May 19 22:04:11 CEST 2014: 43: Solution found.
Mon May 19 22:04:12 CEST 2014: 44: finished (552ms, 71cycles)
Mon May 19 22:04:12 CEST 2014: 44: Solution found.
Mon May 19 22:04:12 CEST 2014: 45: finished (505ms, 67cycles)
Mon May 19 22:04:12 CEST 2014: 45: Solution found.
Mon May 19 22:04:13 CEST 2014: 46: finished (493ms, 67cycles)
Mon May 19 22:04:13 CEST 2014: 46: Solution found.
Mon May 19 22:04:13 CEST 2014: 47: finished (393ms, 48cycles)
Mon May 19 22:04:13 CEST 2014: 47: Solution found.
Mon May 19 22:04:13 CEST 2014: 48: finished (321ms, 48cycles)
Mon May 19 22:04:13 CEST 2014: 48: Solution found.
Mon May 19 22:04:14 CEST 2014: 49: finished (390ms, 47cycles)
Mon May 19 22:04:14 CEST 2014: 49: Solution found.
Mon May 19 22:04:14 CEST 2014: 50: finished (316ms, 48cycles)
Mon May 19 22:04:14 CEST 2014: 50: Solution found.
Mon May 19 22:04:14 CEST 2014: 51: finished (277ms, 37cycles)
Mon May 19 22:04:14 CEST 2014: 51: Solution found.
Mon May 19 22:04:15 CEST 2014: 52: finished (605ms, 74cycles)
Mon May 19 22:04:15 CEST 2014: 52: Solution found.
Mon May 19 22:04:15 CEST 2014: 53: finished (351ms, 50cycles)
Mon May 19 22:04:15 CEST 2014: 53: Solution found.
Mon May 19 22:04:16 CEST 2014: 54: finished (682ms, 81cycles)
Mon May 19 22:04:16 CEST 2014: 54: Solution found.
Mon May 19 22:04:16 CEST 2014: 55: finished (349ms, 45cycles)
Mon May 19 22:04:16 CEST 2014: 55: Solution found.
Mon May 19 22:04:17 CEST 2014: 56: finished (599ms, 70cycles)
Mon May 19 22:04:17 CEST 2014: 56: Solution found.
Mon May 19 22:04:17 CEST 2014: 57: finished (367ms, 49cycles)
Mon May 19 22:04:17 CEST 2014: 57: Solution found.
Mon May 19 22:04:18 CEST 2014: 58: finished (343ms, 43cycles)
Mon May 19 22:04:18 CEST 2014: 58: Solution found.
Mon May 19 22:04:18 CEST 2014: 59: finished (371ms, 46cycles)
Mon May 19 22:04:18 CEST 2014: 59: Solution found.
Mon May 19 22:04:19 CEST 2014: 60: finished (418ms, 54cycles)
Mon May 19 22:04:19 CEST 2014: 60: Solution found.
Mon May 19 22:04:19 CEST 2014: 61: finished (616ms, 78cycles)
Mon May 19 22:04:19 CEST 2014: 61: Solution found.
Mon May 19 22:04:19 CEST 2014: 62: finished (326ms, 48cycles)
Mon May 19 22:04:20 CEST 2014: 62: Solution found.
Mon May 19 22:04:20 CEST 2014: 63: finished (299ms, 33cycles)
Mon May 19 22:04:20 CEST 2014: 63: Solution found.
Mon May 19 22:04:20 CEST 2014: 64: finished (655ms, 82cycles)
Mon May 19 22:04:20 CEST 2014: 64: Solution found.
Mon May 19 22:04:21 CEST 2014: 65: finished (368ms, 46cycles)
Mon May 19 22:04:21 CEST 2014: 65: Solution found.
Mon May 19 22:04:21 CEST 2014: 66: finished (416ms, 57cycles)
Mon May 19 22:04:21 CEST 2014: 66: Solution found.
Mon May 19 22:04:22 CEST 2014: 67: finished (641ms, 76cycles)
Mon May 19 22:04:22 CEST 2014: 67: Solution found.
Mon May 19 22:04:23 CEST 2014: 68: finished (827ms, 110cycles)
Mon May 19 22:04:23 CEST 2014: 68: Solution found.
Mon May 19 22:04:23 CEST 2014: 69: finished (192ms, 28cycles)
Mon May 19 22:04:23 CEST 2014: 69: Solution found.
Mon May 19 22:04:23 CEST 2014: 70: finished (337ms, 40cycles)
Mon May 19 22:04:23 CEST 2014: 70: Solution found.
Mon May 19 22:04:24 CEST 2014: 71: finished (292ms, 41cycles)
Mon May 19 22:04:24 CEST 2014: 71: Solution found.
Mon May 19 22:04:24 CEST 2014: 72: finished (486ms, 59cycles)
Mon May 19 22:04:24 CEST 2014: 72: Solution found.
Mon May 19 22:04:24 CEST 2014: 73: finished (319ms, 47cycles)
Mon May 19 22:04:24 CEST 2014: 73: Solution found.
Mon May 19 22:04:25 CEST 2014: 74: finished (323ms, 40cycles)
Mon May 19 22:04:25 CEST 2014: 74: Solution found.
Mon May 19 22:04:25 CEST 2014: 75: finished (392ms, 53cycles)
Mon May 19 22:04:25 CEST 2014: 75: Solution found.
Mon May 19 22:04:26 CEST 2014: 76: finished (364ms, 53cycles)
Mon May 19 22:04:26 CEST 2014: 76: Solution found.
Mon May 19 22:04:26 CEST 2014: 77: finished (280ms, 35cycles)
Mon May 19 22:04:26 CEST 2014: 77: Solution found.
Mon May 19 22:04:26 CEST 2014: 78: finished (471ms, 73cycles)
Mon May 19 22:04:26 CEST 2014: 78: Solution found.
Mon May 19 22:04:27 CEST 2014: 79: finished (224ms, 29cycles)
Mon May 19 22:04:27 CEST 2014: 79: Solution found.
Mon May 19 22:04:27 CEST 2014: 80: finished (383ms, 48cycles)
Mon May 19 22:04:27 CEST 2014: 80: Solution found.
Mon May 19 22:04:27 CEST 2014: 81: finished (438ms, 53cycles)
Mon May 19 22:04:27 CEST 2014: 81: Solution found.
Mon May 19 22:04:28 CEST 2014: 82: finished (297ms, 42cycles)
Mon May 19 22:04:28 CEST 2014: 82: Solution found.
Mon May 19 22:04:28 CEST 2014: 83: finished (362ms, 53cycles)
Mon May 19 22:04:28 CEST 2014: 83: Solution found.
Mon May 19 22:04:28 CEST 2014: 84: finished (352ms, 50cycles)
Mon May 19 22:04:29 CEST 2014: 84: Solution found.
Mon May 19 22:04:29 CEST 2014: 85: finished (463ms, 56cycles)
Mon May 19 22:04:29 CEST 2014: 85: Solution found.
Mon May 19 22:04:29 CEST 2014: 86: finished (354ms, 44cycles)
Mon May 19 22:04:29 CEST 2014: 86: Solution found.
Mon May 19 22:04:30 CEST 2014: 87: finished (388ms, 54cycles)
Mon May 19 22:04:30 CEST 2014: 87: Solution found.
Mon May 19 22:04:30 CEST 2014: 88: finished (672ms, 87cycles)
Mon May 19 22:04:30 CEST 2014: 88: Solution found.
Mon May 19 22:04:31 CEST 2014: 89: finished (199ms, 26cycles)
Mon May 19 22:04:31 CEST 2014: 89: Solution found.
Mon May 19 22:04:31 CEST 2014: 90: finished (604ms, 81cycles)
Mon May 19 22:04:31 CEST 2014: 90: Solution found.
Mon May 19 22:04:31 CEST 2014: 91: finished (233ms, 36cycles)
Mon May 19 22:04:32 CEST 2014: 91: Solution found.
Mon May 19 22:04:32 CEST 2014: 92: finished (456ms, 62cycles)
Mon May 19 22:04:32 CEST 2014: 92: Solution found.
Mon May 19 22:04:32 CEST 2014: 93: finished (267ms, 34cycles)
Mon May 19 22:04:32 CEST 2014: 93: Solution found.
Mon May 19 22:04:33 CEST 2014: 94: finished (527ms, 70cycles)
Mon May 19 22:04:33 CEST 2014: 94: Solution found.
Mon May 19 22:04:33 CEST 2014: 95: finished (404ms, 54cycles)
Mon May 19 22:04:33 CEST 2014: 95: Solution found.
Mon May 19 22:04:34 CEST 2014: 96: finished (400ms, 55cycles)
Mon May 19 22:04:34 CEST 2014: 96: Solution found.
Mon May 19 22:04:34 CEST 2014: 97: finished (197ms, 25cycles)
Mon May 19 22:04:34 CEST 2014: 97: Solution found.
Mon May 19 22:04:35 CEST 2014: 98: finished (640ms, 84cycles)
Mon May 19 22:04:35 CEST 2014: 98: Solution found.
Mon May 19 22:04:35 CEST 2014: 99: finished (220ms, 30cycles)
Mon May 19 22:04:35 CEST 2014: 99: Solution found.
Mon May 19 22:04:35 CEST 2014: Solution Found: 100
Mon May 19 22:04:35 CEST 2014: Avg cycles: 51
Mon May 19 22:04:35 CEST 2014: Max cycles: 110
Mon May 19 22:04:35 CEST 2014: Min cycles: 19
Mon May 19 22:04:35 CEST 2014: No solution found: 0
Mon May 19 22:04:35 CEST 2014: logging finished. (runtime: 40700ms)
