Sun Jan 26 05:52:37 CET 2014: Problem Count: 150
Sun Jan 26 05:52:37 CET 2014: CandidatesCount: 250
Sun Jan 26 05:52:37 CET 2014: Max Cycles: 500
Sun Jan 26 05:52:38 CET 2014: 0: finished (742ms, 14cycles)
Sun Jan 26 05:52:38 CET 2014: 0: Solution found.
Sun Jan 26 05:52:39 CET 2014: 1: finished (1309ms, 24cycles)
Sun Jan 26 05:52:39 CET 2014: 1: Solution found.
Sun Jan 26 05:52:40 CET 2014: 2: finished (343ms, 6cycles)
Sun Jan 26 05:52:40 CET 2014: 2: Solution found.
Sun Jan 26 05:52:40 CET 2014: 3: finished (692ms, 13cycles)
Sun Jan 26 05:52:40 CET 2014: 3: Solution found.
Sun Jan 26 05:52:40 CET 2014: 4: finished (126ms, 1cycles)
Sun Jan 26 05:52:40 CET 2014: 4: Solution found.
Sun Jan 26 05:52:41 CET 2014: 5: finished (260ms, 4cycles)
Sun Jan 26 05:52:41 CET 2014: 5: Solution found.
Sun Jan 26 05:52:41 CET 2014: 6: finished (454ms, 8cycles)
Sun Jan 26 05:52:41 CET 2014: 6: Solution found.
Sun Jan 26 05:52:41 CET 2014: 7: finished (299ms, 5cycles)
Sun Jan 26 05:52:41 CET 2014: 7: Solution found.
Sun Jan 26 05:52:42 CET 2014: 8: finished (1082ms, 20cycles)
Sun Jan 26 05:52:42 CET 2014: 8: Solution found.
Sun Jan 26 05:52:44 CET 2014: 9: finished (1665ms, 30cycles)
Sun Jan 26 05:52:44 CET 2014: 9: Solution found.
Sun Jan 26 05:52:45 CET 2014: 10: finished (768ms, 14cycles)
Sun Jan 26 05:52:45 CET 2014: 10: Solution found.
Sun Jan 26 05:52:45 CET 2014: 11: finished (536ms, 10cycles)
Sun Jan 26 05:52:45 CET 2014: 11: Solution found.
Sun Jan 26 05:52:46 CET 2014: 12: finished (606ms, 11cycles)
Sun Jan 26 05:52:46 CET 2014: 12: Solution found.
Sun Jan 26 05:53:09 CET 2014: 13: finished (23021ms, 500cycles)
Sun Jan 26 05:53:09 CET 2014: 13: No solution found.
Sun Jan 26 05:53:09 CET 2014: 14: finished (150ms, 2cycles)
Sun Jan 26 05:53:09 CET 2014: 14: Solution found.
Sun Jan 26 05:53:10 CET 2014: 15: finished (556ms, 10cycles)
Sun Jan 26 05:53:10 CET 2014: 15: Solution found.
Sun Jan 26 05:53:10 CET 2014: 16: finished (151ms, 2cycles)
Sun Jan 26 05:53:10 CET 2014: 16: Solution found.
Sun Jan 26 05:53:11 CET 2014: 17: finished (924ms, 16cycles)
Sun Jan 26 05:53:11 CET 2014: 17: Solution found.
Sun Jan 26 05:53:11 CET 2014: 18: finished (352ms, 6cycles)
Sun Jan 26 05:53:11 CET 2014: 18: Solution found.
Sun Jan 26 05:53:12 CET 2014: 19: finished (574ms, 11cycles)
Sun Jan 26 05:53:12 CET 2014: 19: Solution found.
Sun Jan 26 05:53:13 CET 2014: 20: finished (774ms, 14cycles)
Sun Jan 26 05:53:13 CET 2014: 20: Solution found.
Sun Jan 26 05:53:13 CET 2014: 21: finished (685ms, 12cycles)
Sun Jan 26 05:53:13 CET 2014: 21: Solution found.
Sun Jan 26 05:53:14 CET 2014: 22: finished (445ms, 8cycles)
Sun Jan 26 05:53:14 CET 2014: 22: Solution found.
Sun Jan 26 05:53:14 CET 2014: 23: finished (101ms, 1cycles)
Sun Jan 26 05:53:14 CET 2014: 23: Solution found.
Sun Jan 26 05:53:14 CET 2014: 24: finished (294ms, 5cycles)
Sun Jan 26 05:53:14 CET 2014: 24: Solution found.
Sun Jan 26 05:53:14 CET 2014: 25: finished (247ms, 4cycles)
Sun Jan 26 05:53:14 CET 2014: 25: Solution found.
Sun Jan 26 05:53:16 CET 2014: 26: finished (1464ms, 28cycles)
Sun Jan 26 05:53:16 CET 2014: 26: Solution found.
Sun Jan 26 05:53:16 CET 2014: 27: finished (239ms, 4cycles)
Sun Jan 26 05:53:16 CET 2014: 27: Solution found.
Sun Jan 26 05:53:16 CET 2014: 28: finished (469ms, 8cycles)
Sun Jan 26 05:53:16 CET 2014: 28: Solution found.
Sun Jan 26 05:53:17 CET 2014: 29: finished (551ms, 10cycles)
Sun Jan 26 05:53:17 CET 2014: 29: Solution found.
Sun Jan 26 05:53:17 CET 2014: 30: finished (234ms, 3cycles)
Sun Jan 26 05:53:17 CET 2014: 30: Solution found.
Sun Jan 26 05:53:18 CET 2014: 31: finished (571ms, 10cycles)
Sun Jan 26 05:53:18 CET 2014: 31: Solution found.
Sun Jan 26 05:53:18 CET 2014: 32: finished (505ms, 9cycles)
Sun Jan 26 05:53:18 CET 2014: 32: Solution found.
Sun Jan 26 05:53:19 CET 2014: 33: finished (498ms, 9cycles)
Sun Jan 26 05:53:19 CET 2014: 33: Solution found.
Sun Jan 26 05:53:20 CET 2014: 34: finished (829ms, 15cycles)
Sun Jan 26 05:53:20 CET 2014: 34: Solution found.
Sun Jan 26 05:53:20 CET 2014: 35: finished (350ms, 6cycles)
Sun Jan 26 05:53:20 CET 2014: 35: Solution found.
Sun Jan 26 05:53:20 CET 2014: 36: finished (393ms, 7cycles)
Sun Jan 26 05:53:20 CET 2014: 36: Solution found.
Sun Jan 26 05:53:21 CET 2014: 37: finished (623ms, 11cycles)
Sun Jan 26 05:53:21 CET 2014: 37: Solution found.
Sun Jan 26 05:53:23 CET 2014: 38: finished (1688ms, 32cycles)
Sun Jan 26 05:53:23 CET 2014: 38: Solution found.
Sun Jan 26 05:53:23 CET 2014: 39: finished (379ms, 8cycles)
Sun Jan 26 05:53:23 CET 2014: 39: Solution found.
Sun Jan 26 05:53:24 CET 2014: 40: finished (797ms, 18cycles)
Sun Jan 26 05:53:24 CET 2014: 40: Solution found.
Sun Jan 26 05:53:24 CET 2014: 41: finished (502ms, 11cycles)
Sun Jan 26 05:53:24 CET 2014: 41: Solution found.
Sun Jan 26 05:53:25 CET 2014: 42: finished (176ms, 3cycles)
Sun Jan 26 05:53:25 CET 2014: 42: Solution found.
Sun Jan 26 05:53:25 CET 2014: 43: finished (379ms, 8cycles)
Sun Jan 26 05:53:25 CET 2014: 43: Solution found.
Sun Jan 26 05:53:25 CET 2014: 44: finished (479ms, 10cycles)
Sun Jan 26 05:53:25 CET 2014: 44: Solution found.
Sun Jan 26 05:53:26 CET 2014: 45: finished (705ms, 14cycles)
Sun Jan 26 05:53:26 CET 2014: 45: Solution found.
Sun Jan 26 05:53:27 CET 2014: 46: finished (1143ms, 24cycles)
Sun Jan 26 05:53:27 CET 2014: 46: Solution found.
Sun Jan 26 05:53:28 CET 2014: 47: finished (378ms, 8cycles)
Sun Jan 26 05:53:28 CET 2014: 47: Solution found.
Sun Jan 26 05:53:28 CET 2014: 48: finished (471ms, 10cycles)
Sun Jan 26 05:53:28 CET 2014: 48: Solution found.
Sun Jan 26 05:53:29 CET 2014: 49: finished (1260ms, 28cycles)
Sun Jan 26 05:53:29 CET 2014: 49: Solution found.
Sun Jan 26 05:53:30 CET 2014: 50: finished (342ms, 7cycles)
Sun Jan 26 05:53:30 CET 2014: 50: Solution found.
Sun Jan 26 05:53:30 CET 2014: 51: finished (570ms, 12cycles)
Sun Jan 26 05:53:30 CET 2014: 51: Solution found.
Sun Jan 26 05:53:31 CET 2014: 52: finished (557ms, 12cycles)
Sun Jan 26 05:53:31 CET 2014: 52: Solution found.
Sun Jan 26 05:53:31 CET 2014: 53: finished (610ms, 13cycles)
Sun Jan 26 05:53:31 CET 2014: 53: Solution found.
Sun Jan 26 05:53:32 CET 2014: 54: finished (696ms, 15cycles)
Sun Jan 26 05:53:32 CET 2014: 54: Solution found.
Sun Jan 26 05:53:35 CET 2014: 55: finished (2349ms, 52cycles)
Sun Jan 26 05:53:35 CET 2014: 55: Solution found.
Sun Jan 26 05:53:35 CET 2014: 56: finished (587ms, 12cycles)
Sun Jan 26 05:53:35 CET 2014: 56: Solution found.
Sun Jan 26 05:53:36 CET 2014: 57: finished (617ms, 12cycles)
Sun Jan 26 05:53:36 CET 2014: 57: Solution found.
Sun Jan 26 05:53:37 CET 2014: 58: finished (1030ms, 22cycles)
Sun Jan 26 05:53:37 CET 2014: 58: Solution found.
Sun Jan 26 05:53:38 CET 2014: 59: finished (913ms, 21cycles)
Sun Jan 26 05:53:38 CET 2014: 59: Solution found.
Sun Jan 26 05:53:39 CET 2014: 60: finished (964ms, 21cycles)
Sun Jan 26 05:53:39 CET 2014: 60: Solution found.
Sun Jan 26 05:53:39 CET 2014: 61: finished (227ms, 4cycles)
Sun Jan 26 05:53:39 CET 2014: 61: Solution found.
Sun Jan 26 05:53:40 CET 2014: 62: finished (645ms, 14cycles)
Sun Jan 26 05:53:40 CET 2014: 62: Solution found.
Sun Jan 26 05:53:40 CET 2014: 63: finished (335ms, 7cycles)
Sun Jan 26 05:53:40 CET 2014: 63: Solution found.
Sun Jan 26 05:54:03 CET 2014: 64: finished (22740ms, 500cycles)
Sun Jan 26 05:54:03 CET 2014: 64: No solution found.
Sun Jan 26 05:54:03 CET 2014: 65: finished (806ms, 14cycles)
Sun Jan 26 05:54:03 CET 2014: 65: Solution found.
Sun Jan 26 05:54:04 CET 2014: 66: finished (554ms, 10cycles)
Sun Jan 26 05:54:04 CET 2014: 66: Solution found.
Sun Jan 26 05:54:05 CET 2014: 67: finished (680ms, 12cycles)
Sun Jan 26 05:54:05 CET 2014: 67: Solution found.
Sun Jan 26 05:54:05 CET 2014: 68: finished (656ms, 12cycles)
Sun Jan 26 05:54:05 CET 2014: 68: Solution found.
Sun Jan 26 05:54:05 CET 2014: 69: finished (84ms, 1cycles)
Sun Jan 26 05:54:05 CET 2014: 69: Solution found.
Sun Jan 26 05:54:06 CET 2014: 70: finished (690ms, 15cycles)
Sun Jan 26 05:54:06 CET 2014: 70: Solution found.
Sun Jan 26 05:54:06 CET 2014: 71: finished (215ms, 4cycles)
Sun Jan 26 05:54:06 CET 2014: 71: Solution found.
Sun Jan 26 05:54:07 CET 2014: 72: finished (603ms, 13cycles)
Sun Jan 26 05:54:07 CET 2014: 72: Solution found.
Sun Jan 26 05:54:08 CET 2014: 73: finished (625ms, 13cycles)
Sun Jan 26 05:54:08 CET 2014: 73: Solution found.
Sun Jan 26 05:54:08 CET 2014: 74: finished (450ms, 9cycles)
Sun Jan 26 05:54:08 CET 2014: 74: Solution found.
Sun Jan 26 05:54:08 CET 2014: 75: finished (445ms, 9cycles)
Sun Jan 26 05:54:08 CET 2014: 75: Solution found.
Sun Jan 26 05:54:09 CET 2014: 76: finished (91ms, 1cycles)
Sun Jan 26 05:54:09 CET 2014: 76: Solution found.
Sun Jan 26 05:54:09 CET 2014: 77: finished (130ms, 2cycles)
Sun Jan 26 05:54:09 CET 2014: 77: Solution found.
Sun Jan 26 05:54:10 CET 2014: 78: finished (1072ms, 22cycles)
Sun Jan 26 05:54:10 CET 2014: 78: Solution found.
Sun Jan 26 05:54:10 CET 2014: 79: finished (490ms, 9cycles)
Sun Jan 26 05:54:10 CET 2014: 79: Solution found.
Sun Jan 26 05:54:10 CET 2014: 80: finished (293ms, 4cycles)
Sun Jan 26 05:54:10 CET 2014: 80: Solution found.
Sun Jan 26 05:54:11 CET 2014: 81: finished (624ms, 14cycles)
Sun Jan 26 05:54:11 CET 2014: 81: Solution found.
Sun Jan 26 05:54:11 CET 2014: 82: finished (213ms, 3cycles)
Sun Jan 26 05:54:11 CET 2014: 82: Solution found.
Sun Jan 26 05:54:12 CET 2014: 83: finished (442ms, 8cycles)
Sun Jan 26 05:54:12 CET 2014: 83: Solution found.
Sun Jan 26 05:54:13 CET 2014: 84: finished (878ms, 16cycles)
Sun Jan 26 05:54:13 CET 2014: 84: Solution found.
Sun Jan 26 05:54:13 CET 2014: 85: finished (507ms, 9cycles)
Sun Jan 26 05:54:13 CET 2014: 85: Solution found.
Sun Jan 26 05:54:14 CET 2014: 86: finished (867ms, 16cycles)
Sun Jan 26 05:54:14 CET 2014: 86: Solution found.
Sun Jan 26 05:54:14 CET 2014: 87: finished (450ms, 8cycles)
Sun Jan 26 05:54:14 CET 2014: 87: Solution found.
Sun Jan 26 05:54:16 CET 2014: 88: finished (1166ms, 22cycles)
Sun Jan 26 05:54:16 CET 2014: 88: Solution found.
Sun Jan 26 05:54:17 CET 2014: 89: finished (1608ms, 31cycles)
Sun Jan 26 05:54:17 CET 2014: 89: Solution found.
Sun Jan 26 05:54:18 CET 2014: 90: finished (941ms, 17cycles)
Sun Jan 26 05:54:18 CET 2014: 90: Solution found.
Sun Jan 26 05:54:19 CET 2014: 91: finished (524ms, 9cycles)
Sun Jan 26 05:54:19 CET 2014: 91: Solution found.
Sun Jan 26 05:54:19 CET 2014: 92: finished (299ms, 6cycles)
Sun Jan 26 05:54:19 CET 2014: 92: Solution found.
Sun Jan 26 05:54:19 CET 2014: 93: finished (302ms, 6cycles)
Sun Jan 26 05:54:19 CET 2014: 93: Solution found.
Sun Jan 26 05:54:20 CET 2014: 94: finished (415ms, 10cycles)
Sun Jan 26 05:54:20 CET 2014: 94: Solution found.
Sun Jan 26 05:54:20 CET 2014: 95: finished (151ms, 8cycles)
Sun Jan 26 05:54:20 CET 2014: 95: Solution found.
Sun Jan 26 05:54:20 CET 2014: 96: finished (166ms, 9cycles)
Sun Jan 26 05:54:20 CET 2014: 96: Solution found.
Sun Jan 26 05:54:20 CET 2014: 97: finished (256ms, 15cycles)
Sun Jan 26 05:54:20 CET 2014: 97: Solution found.
Sun Jan 26 05:54:20 CET 2014: 98: finished (146ms, 8cycles)
Sun Jan 26 05:54:20 CET 2014: 98: Solution found.
Sun Jan 26 05:54:21 CET 2014: 99: finished (188ms, 10cycles)
Sun Jan 26 05:54:21 CET 2014: 99: Solution found.
Sun Jan 26 05:54:21 CET 2014: Solution Found: 98
Sun Jan 26 05:54:21 CET 2014: Avg cycles: 11
Sun Jan 26 05:54:21 CET 2014: Max cycles: 52
Sun Jan 26 05:54:21 CET 2014: Min cycles: 1
Sun Jan 26 05:54:21 CET 2014: No solution found: 2
Sun Jan 26 05:54:21 CET 2014: logging finished. (runtime: 103507ms)
