Sun Mar 30 05:10:26 CEST 2014: Problem Count: 150
Sun Mar 30 05:10:26 CEST 2014: CandidatesCount: 250
Sun Mar 30 05:10:26 CEST 2014: Max Cycles: 500
Sun Mar 30 05:10:26 CEST 2014: 0: finished (188ms, 11cycles)
Sun Mar 30 05:10:26 CEST 2014: 0: Solution found.
Sun Mar 30 05:10:26 CEST 2014: 1: finished (139ms, 8cycles)
Sun Mar 30 05:10:26 CEST 2014: 1: Solution found.
Sun Mar 30 05:10:26 CEST 2014: 2: finished (215ms, 13cycles)
Sun Mar 30 05:10:26 CEST 2014: 2: Solution found.
Sun Mar 30 05:10:27 CEST 2014: 3: finished (632ms, 39cycles)
Sun Mar 30 05:10:27 CEST 2014: 3: Solution found.
Sun Mar 30 05:10:27 CEST 2014: 4: finished (184ms, 11cycles)
Sun Mar 30 05:10:27 CEST 2014: 4: Solution found.
Sun Mar 30 05:10:28 CEST 2014: 5: finished (228ms, 13cycles)
Sun Mar 30 05:10:28 CEST 2014: 5: Solution found.
Sun Mar 30 05:10:28 CEST 2014: 6: finished (62ms, 3cycles)
Sun Mar 30 05:10:28 CEST 2014: 6: Solution found.
Sun Mar 30 05:10:28 CEST 2014: 7: finished (232ms, 14cycles)
Sun Mar 30 05:10:28 CEST 2014: 7: Solution found.
Sun Mar 30 05:10:28 CEST 2014: 8: finished (551ms, 30cycles)
Sun Mar 30 05:10:28 CEST 2014: 8: Solution found.
Sun Mar 30 05:10:29 CEST 2014: 9: finished (327ms, 20cycles)
Sun Mar 30 05:10:29 CEST 2014: 9: Solution found.
Sun Mar 30 05:10:29 CEST 2014: 10: finished (269ms, 16cycles)
Sun Mar 30 05:10:29 CEST 2014: 10: Solution found.
Sun Mar 30 05:10:29 CEST 2014: 11: finished (152ms, 9cycles)
Sun Mar 30 05:10:29 CEST 2014: 11: Solution found.
Sun Mar 30 05:10:29 CEST 2014: 12: finished (256ms, 15cycles)
Sun Mar 30 05:10:29 CEST 2014: 12: Solution found.
Sun Mar 30 05:10:30 CEST 2014: 13: finished (207ms, 12cycles)
Sun Mar 30 05:10:30 CEST 2014: 13: Solution found.
Sun Mar 30 05:10:30 CEST 2014: 14: finished (150ms, 9cycles)
Sun Mar 30 05:10:30 CEST 2014: 14: Solution found.
Sun Mar 30 05:10:30 CEST 2014: 15: finished (248ms, 15cycles)
Sun Mar 30 05:10:30 CEST 2014: 15: Solution found.
Sun Mar 30 05:10:30 CEST 2014: 16: finished (60ms, 3cycles)
Sun Mar 30 05:10:30 CEST 2014: 16: Solution found.
Sun Mar 30 05:10:30 CEST 2014: 17: finished (87ms, 5cycles)
Sun Mar 30 05:10:30 CEST 2014: 17: Solution found.
Sun Mar 30 05:10:30 CEST 2014: 18: finished (45ms, 2cycles)
Sun Mar 30 05:10:30 CEST 2014: 18: Solution found.
Sun Mar 30 05:10:30 CEST 2014: 19: finished (257ms, 15cycles)
Sun Mar 30 05:10:30 CEST 2014: 19: Solution found.
Sun Mar 30 05:10:31 CEST 2014: 20: finished (273ms, 16cycles)
Sun Mar 30 05:10:31 CEST 2014: 20: Solution found.
Sun Mar 30 05:10:31 CEST 2014: 21: finished (76ms, 4cycles)
Sun Mar 30 05:10:31 CEST 2014: 21: Solution found.
Sun Mar 30 05:10:31 CEST 2014: 22: finished (139ms, 8cycles)
Sun Mar 30 05:10:31 CEST 2014: 22: Solution found.
Sun Mar 30 05:10:31 CEST 2014: 23: finished (152ms, 9cycles)
Sun Mar 30 05:10:31 CEST 2014: 23: Solution found.
Sun Mar 30 05:10:31 CEST 2014: 24: finished (108ms, 6cycles)
Sun Mar 30 05:10:31 CEST 2014: 24: Solution found.
Sun Mar 30 05:10:31 CEST 2014: 25: finished (308ms, 19cycles)
Sun Mar 30 05:10:31 CEST 2014: 25: Solution found.
Sun Mar 30 05:10:32 CEST 2014: 26: finished (376ms, 24cycles)
Sun Mar 30 05:10:32 CEST 2014: 26: Solution found.
Sun Mar 30 05:10:32 CEST 2014: 27: finished (133ms, 7cycles)
Sun Mar 30 05:10:32 CEST 2014: 27: Solution found.
Sun Mar 30 05:10:39 CEST 2014: 28: finished (7216ms, 500cycles)
Sun Mar 30 05:10:39 CEST 2014: 28: No solution found.
Sun Mar 30 05:10:39 CEST 2014: 29: finished (233ms, 14cycles)
Sun Mar 30 05:10:39 CEST 2014: 29: Solution found.
Sun Mar 30 05:10:40 CEST 2014: 30: finished (139ms, 8cycles)
Sun Mar 30 05:10:40 CEST 2014: 30: Solution found.
Sun Mar 30 05:10:40 CEST 2014: 31: finished (221ms, 12cycles)
Sun Mar 30 05:10:40 CEST 2014: 31: Solution found.
Sun Mar 30 05:10:40 CEST 2014: 32: finished (291ms, 17cycles)
Sun Mar 30 05:10:40 CEST 2014: 32: Solution found.
Sun Mar 30 05:10:40 CEST 2014: 33: finished (202ms, 12cycles)
Sun Mar 30 05:10:40 CEST 2014: 33: Solution found.
Sun Mar 30 05:10:40 CEST 2014: 34: finished (123ms, 7cycles)
Sun Mar 30 05:10:40 CEST 2014: 34: Solution found.
Sun Mar 30 05:10:40 CEST 2014: 35: finished (61ms, 3cycles)
Sun Mar 30 05:10:40 CEST 2014: 35: Solution found.
Sun Mar 30 05:10:48 CEST 2014: 36: finished (7177ms, 500cycles)
Sun Mar 30 05:10:48 CEST 2014: 36: No solution found.
Sun Mar 30 05:10:48 CEST 2014: 37: finished (31ms, 1cycles)
Sun Mar 30 05:10:48 CEST 2014: 37: Solution found.
Sun Mar 30 05:10:48 CEST 2014: 38: finished (145ms, 8cycles)
Sun Mar 30 05:10:48 CEST 2014: 38: Solution found.
Sun Mar 30 05:10:48 CEST 2014: 39: finished (423ms, 25cycles)
Sun Mar 30 05:10:48 CEST 2014: 39: Solution found.
Sun Mar 30 05:10:48 CEST 2014: 40: finished (47ms, 2cycles)
Sun Mar 30 05:10:48 CEST 2014: 40: Solution found.
Sun Mar 30 05:10:48 CEST 2014: 41: finished (89ms, 5cycles)
Sun Mar 30 05:10:48 CEST 2014: 41: Solution found.
Sun Mar 30 05:10:56 CEST 2014: 42: finished (7156ms, 500cycles)
Sun Mar 30 05:10:56 CEST 2014: 42: No solution found.
Sun Mar 30 05:10:56 CEST 2014: 43: finished (349ms, 20cycles)
Sun Mar 30 05:10:56 CEST 2014: 43: Solution found.
Sun Mar 30 05:10:56 CEST 2014: 44: finished (110ms, 6cycles)
Sun Mar 30 05:10:56 CEST 2014: 44: Solution found.
Sun Mar 30 05:10:56 CEST 2014: 45: finished (62ms, 3cycles)
Sun Mar 30 05:10:56 CEST 2014: 45: Solution found.
Sun Mar 30 05:10:56 CEST 2014: 46: finished (331ms, 20cycles)
Sun Mar 30 05:10:56 CEST 2014: 46: Solution found.
Sun Mar 30 05:10:57 CEST 2014: 47: finished (201ms, 12cycles)
Sun Mar 30 05:10:57 CEST 2014: 47: Solution found.
Sun Mar 30 05:10:57 CEST 2014: 48: finished (292ms, 18cycles)
Sun Mar 30 05:10:57 CEST 2014: 48: Solution found.
Sun Mar 30 05:10:57 CEST 2014: 49: finished (278ms, 17cycles)
Sun Mar 30 05:10:57 CEST 2014: 49: Solution found.
Sun Mar 30 05:10:57 CEST 2014: 50: finished (199ms, 12cycles)
Sun Mar 30 05:10:57 CEST 2014: 50: Solution found.
Sun Mar 30 05:10:58 CEST 2014: 51: finished (217ms, 13cycles)
Sun Mar 30 05:10:58 CEST 2014: 51: Solution found.
Sun Mar 30 05:10:58 CEST 2014: 52: finished (143ms, 8cycles)
Sun Mar 30 05:10:58 CEST 2014: 52: Solution found.
Sun Mar 30 05:10:58 CEST 2014: 53: finished (156ms, 9cycles)
Sun Mar 30 05:10:58 CEST 2014: 53: Solution found.
Sun Mar 30 05:10:58 CEST 2014: 54: finished (385ms, 25cycles)
Sun Mar 30 05:10:58 CEST 2014: 54: Solution found.
Sun Mar 30 05:10:58 CEST 2014: 55: finished (91ms, 5cycles)
Sun Mar 30 05:10:58 CEST 2014: 55: Solution found.
Sun Mar 30 05:10:59 CEST 2014: 56: finished (151ms, 9cycles)
Sun Mar 30 05:10:59 CEST 2014: 56: Solution found.
Sun Mar 30 05:10:59 CEST 2014: 57: finished (326ms, 19cycles)
Sun Mar 30 05:10:59 CEST 2014: 57: Solution found.
Sun Mar 30 05:10:59 CEST 2014: 58: finished (198ms, 12cycles)
Sun Mar 30 05:10:59 CEST 2014: 58: Solution found.
Sun Mar 30 05:10:59 CEST 2014: 59: finished (190ms, 12cycles)
Sun Mar 30 05:10:59 CEST 2014: 59: Solution found.
Sun Mar 30 05:11:00 CEST 2014: 60: finished (268ms, 16cycles)
Sun Mar 30 05:11:00 CEST 2014: 60: Solution found.
Sun Mar 30 05:11:00 CEST 2014: 61: finished (127ms, 7cycles)
Sun Mar 30 05:11:00 CEST 2014: 61: Solution found.
Sun Mar 30 05:11:00 CEST 2014: 62: finished (488ms, 31cycles)
Sun Mar 30 05:11:00 CEST 2014: 62: Solution found.
Sun Mar 30 05:11:00 CEST 2014: 63: finished (184ms, 11cycles)
Sun Mar 30 05:11:00 CEST 2014: 63: Solution found.
Sun Mar 30 05:11:01 CEST 2014: 64: finished (264ms, 15cycles)
Sun Mar 30 05:11:01 CEST 2014: 64: Solution found.
Sun Mar 30 05:11:01 CEST 2014: 65: finished (92ms, 5cycles)
Sun Mar 30 05:11:01 CEST 2014: 65: Solution found.
Sun Mar 30 05:11:01 CEST 2014: 66: finished (264ms, 15cycles)
Sun Mar 30 05:11:01 CEST 2014: 66: Solution found.
Sun Mar 30 05:11:01 CEST 2014: 67: finished (288ms, 17cycles)
Sun Mar 30 05:11:01 CEST 2014: 67: Solution found.
Sun Mar 30 05:11:01 CEST 2014: 68: finished (37ms, 1cycles)
Sun Mar 30 05:11:01 CEST 2014: 68: Solution found.
Sun Mar 30 05:11:02 CEST 2014: 69: finished (367ms, 22cycles)
Sun Mar 30 05:11:02 CEST 2014: 69: Solution found.
Sun Mar 30 05:11:02 CEST 2014: 70: finished (337ms, 20cycles)
Sun Mar 30 05:11:02 CEST 2014: 70: Solution found.
Sun Mar 30 05:11:02 CEST 2014: 71: finished (179ms, 11cycles)
Sun Mar 30 05:11:02 CEST 2014: 71: Solution found.
Sun Mar 30 05:11:02 CEST 2014: 72: finished (270ms, 16cycles)
Sun Mar 30 05:11:02 CEST 2014: 72: Solution found.
Sun Mar 30 05:11:03 CEST 2014: 73: finished (93ms, 5cycles)
Sun Mar 30 05:11:03 CEST 2014: 73: Solution found.
Sun Mar 30 05:11:03 CEST 2014: 74: finished (177ms, 10cycles)
Sun Mar 30 05:11:03 CEST 2014: 74: Solution found.
Sun Mar 30 05:11:03 CEST 2014: 75: finished (315ms, 19cycles)
Sun Mar 30 05:11:03 CEST 2014: 75: Solution found.
Sun Mar 30 05:11:03 CEST 2014: 76: finished (46ms, 2cycles)
Sun Mar 30 05:11:03 CEST 2014: 76: Solution found.
Sun Mar 30 05:11:03 CEST 2014: 77: finished (47ms, 2cycles)
Sun Mar 30 05:11:03 CEST 2014: 77: Solution found.
Sun Mar 30 05:11:03 CEST 2014: 78: finished (196ms, 11cycles)
Sun Mar 30 05:11:03 CEST 2014: 78: Solution found.
Sun Mar 30 05:11:04 CEST 2014: 79: finished (304ms, 18cycles)
Sun Mar 30 05:11:04 CEST 2014: 79: Solution found.
Sun Mar 30 05:11:04 CEST 2014: 80: finished (362ms, 22cycles)
Sun Mar 30 05:11:04 CEST 2014: 80: Solution found.
Sun Mar 30 05:11:04 CEST 2014: 81: finished (165ms, 10cycles)
Sun Mar 30 05:11:04 CEST 2014: 81: Solution found.
Sun Mar 30 05:11:04 CEST 2014: 82: finished (271ms, 16cycles)
Sun Mar 30 05:11:04 CEST 2014: 82: Solution found.
Sun Mar 30 05:11:04 CEST 2014: 83: finished (105ms, 6cycles)
Sun Mar 30 05:11:04 CEST 2014: 83: Solution found.
Sun Mar 30 05:11:05 CEST 2014: 84: finished (289ms, 17cycles)
Sun Mar 30 05:11:05 CEST 2014: 84: Solution found.
Sun Mar 30 05:11:05 CEST 2014: 85: finished (415ms, 25cycles)
Sun Mar 30 05:11:05 CEST 2014: 85: Solution found.
Sun Mar 30 05:11:05 CEST 2014: 86: finished (112ms, 6cycles)
Sun Mar 30 05:11:05 CEST 2014: 86: Solution found.
Sun Mar 30 05:11:05 CEST 2014: 87: finished (183ms, 10cycles)
Sun Mar 30 05:11:05 CEST 2014: 87: Solution found.
Sun Mar 30 05:11:06 CEST 2014: 88: finished (333ms, 21cycles)
Sun Mar 30 05:11:06 CEST 2014: 88: Solution found.
Sun Mar 30 05:11:06 CEST 2014: 89: finished (60ms, 3cycles)
Sun Mar 30 05:11:06 CEST 2014: 89: Solution found.
Sun Mar 30 05:11:06 CEST 2014: 90: finished (516ms, 31cycles)
Sun Mar 30 05:11:06 CEST 2014: 90: Solution found.
Sun Mar 30 05:11:14 CEST 2014: 91: finished (7167ms, 500cycles)
Sun Mar 30 05:11:14 CEST 2014: 91: No solution found.
Sun Mar 30 05:11:14 CEST 2014: 92: finished (174ms, 10cycles)
Sun Mar 30 05:11:14 CEST 2014: 92: Solution found.
Sun Mar 30 05:11:14 CEST 2014: 93: finished (200ms, 12cycles)
Sun Mar 30 05:11:14 CEST 2014: 93: Solution found.
Sun Mar 30 05:11:14 CEST 2014: 94: finished (64ms, 3cycles)
Sun Mar 30 05:11:14 CEST 2014: 94: Solution found.
Sun Mar 30 05:11:14 CEST 2014: 95: finished (104ms, 6cycles)
Sun Mar 30 05:11:14 CEST 2014: 95: Solution found.
Sun Mar 30 05:11:14 CEST 2014: 96: finished (243ms, 14cycles)
Sun Mar 30 05:11:14 CEST 2014: 96: Solution found.
Sun Mar 30 05:11:15 CEST 2014: 97: finished (272ms, 16cycles)
Sun Mar 30 05:11:15 CEST 2014: 97: Solution found.
Sun Mar 30 05:11:15 CEST 2014: 98: finished (133ms, 8cycles)
Sun Mar 30 05:11:15 CEST 2014: 98: Solution found.
Sun Mar 30 05:11:16 CEST 2014: 99: finished (771ms, 49cycles)
Sun Mar 30 05:11:16 CEST 2014: 99: Solution found.
Sun Mar 30 05:11:16 CEST 2014: Solution Found: 96
Sun Mar 30 05:11:16 CEST 2014: Avg cycles: 12
Sun Mar 30 05:11:16 CEST 2014: Max cycles: 49
Sun Mar 30 05:11:16 CEST 2014: Min cycles: 1
Sun Mar 30 05:11:16 CEST 2014: No solution found: 4
Sun Mar 30 05:11:16 CEST 2014: logging finished. (runtime: 49598ms)
