Sun Mar 30 18:21:11 CEST 2014: Problem Count: 200
Sun Mar 30 18:21:11 CEST 2014: CandidatesCount: 200
Sun Mar 30 18:21:11 CEST 2014: Max Cycles: 500
Sun Mar 30 18:21:12 CEST 2014: 0: finished (270ms, 11cycles)
Sun Mar 30 18:21:12 CEST 2014: 0: Solution found.
Sun Mar 30 18:21:12 CEST 2014: 1: finished (374ms, 16cycles)
Sun Mar 30 18:21:12 CEST 2014: 1: Solution found.
Sun Mar 30 18:21:12 CEST 2014: 2: finished (178ms, 7cycles)
Sun Mar 30 18:21:12 CEST 2014: 2: Solution found.
Sun Mar 30 18:21:13 CEST 2014: 3: finished (285ms, 11cycles)
Sun Mar 30 18:21:13 CEST 2014: 3: Solution found.
Sun Mar 30 18:21:13 CEST 2014: 4: finished (234ms, 10cycles)
Sun Mar 30 18:21:13 CEST 2014: 4: Solution found.
Sun Mar 30 18:21:13 CEST 2014: 5: finished (421ms, 18cycles)
Sun Mar 30 18:21:13 CEST 2014: 5: Solution found.
Sun Mar 30 18:21:14 CEST 2014: 6: finished (325ms, 14cycles)
Sun Mar 30 18:21:14 CEST 2014: 6: Solution found.
Sun Mar 30 18:21:14 CEST 2014: 7: finished (303ms, 13cycles)
Sun Mar 30 18:21:14 CEST 2014: 7: Solution found.
Sun Mar 30 18:21:14 CEST 2014: 8: finished (522ms, 22cycles)
Sun Mar 30 18:21:14 CEST 2014: 8: Solution found.
Sun Mar 30 18:21:15 CEST 2014: 9: finished (306ms, 13cycles)
Sun Mar 30 18:21:15 CEST 2014: 9: Solution found.
Sun Mar 30 18:21:15 CEST 2014: 10: finished (107ms, 4cycles)
Sun Mar 30 18:21:15 CEST 2014: 10: Solution found.
Sun Mar 30 18:21:15 CEST 2014: 11: finished (137ms, 5cycles)
Sun Mar 30 18:21:15 CEST 2014: 11: Solution found.
Sun Mar 30 18:21:28 CEST 2014: 12: finished (12727ms, 500cycles)
Sun Mar 30 18:21:28 CEST 2014: 12: No solution found.
Sun Mar 30 18:21:28 CEST 2014: 13: finished (75ms, 2cycles)
Sun Mar 30 18:21:28 CEST 2014: 13: Solution found.
Sun Mar 30 18:21:28 CEST 2014: 14: finished (238ms, 10cycles)
Sun Mar 30 18:21:28 CEST 2014: 14: Solution found.
Sun Mar 30 18:21:38 CEST 2014: 15: finished (9792ms, 500cycles)
Sun Mar 30 18:21:38 CEST 2014: 15: No solution found.
Sun Mar 30 18:21:38 CEST 2014: 16: finished (270ms, 12cycles)
Sun Mar 30 18:21:38 CEST 2014: 16: Solution found.
Sun Mar 30 18:21:38 CEST 2014: 17: finished (334ms, 14cycles)
Sun Mar 30 18:21:38 CEST 2014: 17: Solution found.
Sun Mar 30 18:21:39 CEST 2014: 18: finished (167ms, 7cycles)
Sun Mar 30 18:21:39 CEST 2014: 18: Solution found.
Sun Mar 30 18:21:48 CEST 2014: 19: finished (9859ms, 500cycles)
Sun Mar 30 18:21:48 CEST 2014: 19: No solution found.
Sun Mar 30 18:21:49 CEST 2014: 20: finished (102ms, 4cycles)
Sun Mar 30 18:21:49 CEST 2014: 20: Solution found.
Sun Mar 30 18:21:49 CEST 2014: 21: finished (234ms, 10cycles)
Sun Mar 30 18:21:49 CEST 2014: 21: Solution found.
Sun Mar 30 18:21:49 CEST 2014: 22: finished (357ms, 15cycles)
Sun Mar 30 18:21:49 CEST 2014: 22: Solution found.
Sun Mar 30 18:21:50 CEST 2014: 23: finished (441ms, 19cycles)
Sun Mar 30 18:21:50 CEST 2014: 23: Solution found.
Sun Mar 30 18:21:50 CEST 2014: 24: finished (254ms, 11cycles)
Sun Mar 30 18:21:50 CEST 2014: 24: Solution found.
Sun Mar 30 18:21:50 CEST 2014: 25: finished (258ms, 11cycles)
Sun Mar 30 18:21:50 CEST 2014: 25: Solution found.
Sun Mar 30 18:21:51 CEST 2014: 26: finished (439ms, 19cycles)
Sun Mar 30 18:21:51 CEST 2014: 26: Solution found.
Sun Mar 30 18:21:51 CEST 2014: 27: finished (263ms, 11cycles)
Sun Mar 30 18:21:51 CEST 2014: 27: Solution found.
Sun Mar 30 18:21:51 CEST 2014: 28: finished (316ms, 13cycles)
Sun Mar 30 18:21:51 CEST 2014: 28: Solution found.
Sun Mar 30 18:21:51 CEST 2014: 29: finished (146ms, 6cycles)
Sun Mar 30 18:21:51 CEST 2014: 29: Solution found.
Sun Mar 30 18:21:51 CEST 2014: 30: finished (42ms, 1cycles)
Sun Mar 30 18:21:51 CEST 2014: 30: Solution found.
Sun Mar 30 18:21:52 CEST 2014: 31: finished (465ms, 20cycles)
Sun Mar 30 18:21:52 CEST 2014: 31: Solution found.
Sun Mar 30 18:21:52 CEST 2014: 32: finished (177ms, 7cycles)
Sun Mar 30 18:21:52 CEST 2014: 32: Solution found.
Sun Mar 30 18:21:52 CEST 2014: 33: finished (239ms, 10cycles)
Sun Mar 30 18:21:52 CEST 2014: 33: Solution found.
Sun Mar 30 18:21:52 CEST 2014: 34: finished (258ms, 11cycles)
Sun Mar 30 18:21:52 CEST 2014: 34: Solution found.
Sun Mar 30 18:21:53 CEST 2014: 35: finished (303ms, 13cycles)
Sun Mar 30 18:21:53 CEST 2014: 35: Solution found.
Sun Mar 30 18:21:53 CEST 2014: 36: finished (436ms, 19cycles)
Sun Mar 30 18:21:53 CEST 2014: 36: Solution found.
Sun Mar 30 18:21:53 CEST 2014: 37: finished (124ms, 5cycles)
Sun Mar 30 18:21:53 CEST 2014: 37: Solution found.
Sun Mar 30 18:21:54 CEST 2014: 38: finished (280ms, 12cycles)
Sun Mar 30 18:21:54 CEST 2014: 38: Solution found.
Sun Mar 30 18:21:54 CEST 2014: 39: finished (215ms, 9cycles)
Sun Mar 30 18:21:54 CEST 2014: 39: Solution found.
Sun Mar 30 18:21:55 CEST 2014: 40: finished (737ms, 32cycles)
Sun Mar 30 18:21:55 CEST 2014: 40: Solution found.
Sun Mar 30 18:21:55 CEST 2014: 41: finished (148ms, 6cycles)
Sun Mar 30 18:21:55 CEST 2014: 41: Solution found.
Sun Mar 30 18:21:55 CEST 2014: 42: finished (309ms, 13cycles)
Sun Mar 30 18:21:55 CEST 2014: 42: Solution found.
Sun Mar 30 18:21:55 CEST 2014: 43: finished (293ms, 12cycles)
Sun Mar 30 18:21:55 CEST 2014: 43: Solution found.
Sun Mar 30 18:21:55 CEST 2014: 44: finished (87ms, 3cycles)
Sun Mar 30 18:21:55 CEST 2014: 44: Solution found.
Sun Mar 30 18:21:56 CEST 2014: 45: finished (322ms, 15cycles)
Sun Mar 30 18:21:56 CEST 2014: 45: Solution found.
Sun Mar 30 18:21:56 CEST 2014: 46: finished (306ms, 12cycles)
Sun Mar 30 18:21:56 CEST 2014: 46: Solution found.
Sun Mar 30 18:21:56 CEST 2014: 47: finished (230ms, 10cycles)
Sun Mar 30 18:21:56 CEST 2014: 47: Solution found.
Sun Mar 30 18:21:56 CEST 2014: 48: finished (143ms, 6cycles)
Sun Mar 30 18:21:56 CEST 2014: 48: Solution found.
Sun Mar 30 18:21:57 CEST 2014: 49: finished (356ms, 15cycles)
Sun Mar 30 18:21:57 CEST 2014: 49: Solution found.
Sun Mar 30 18:21:57 CEST 2014: 50: finished (209ms, 9cycles)
Sun Mar 30 18:21:57 CEST 2014: 50: Solution found.
Sun Mar 30 18:22:07 CEST 2014: 51: finished (9867ms, 500cycles)
Sun Mar 30 18:22:07 CEST 2014: 51: No solution found.
Sun Mar 30 18:22:07 CEST 2014: 52: finished (360ms, 16cycles)
Sun Mar 30 18:22:07 CEST 2014: 52: Solution found.
Sun Mar 30 18:22:07 CEST 2014: 53: finished (212ms, 9cycles)
Sun Mar 30 18:22:07 CEST 2014: 53: Solution found.
Sun Mar 30 18:22:08 CEST 2014: 54: finished (476ms, 21cycles)
Sun Mar 30 18:22:08 CEST 2014: 54: Solution found.
Sun Mar 30 18:22:08 CEST 2014: 55: finished (231ms, 10cycles)
Sun Mar 30 18:22:08 CEST 2014: 55: Solution found.
Sun Mar 30 18:22:09 CEST 2014: 56: finished (483ms, 21cycles)
Sun Mar 30 18:22:09 CEST 2014: 56: Solution found.
Sun Mar 30 18:22:09 CEST 2014: 57: finished (121ms, 5cycles)
Sun Mar 30 18:22:09 CEST 2014: 57: Solution found.
Sun Mar 30 18:22:09 CEST 2014: 58: finished (426ms, 18cycles)
Sun Mar 30 18:22:09 CEST 2014: 58: Solution found.
Sun Mar 30 18:22:09 CEST 2014: 59: finished (171ms, 7cycles)
Sun Mar 30 18:22:09 CEST 2014: 59: Solution found.
Sun Mar 30 18:22:10 CEST 2014: 60: finished (588ms, 27cycles)
Sun Mar 30 18:22:10 CEST 2014: 60: Solution found.
Sun Mar 30 18:22:10 CEST 2014: 61: finished (163ms, 7cycles)
Sun Mar 30 18:22:10 CEST 2014: 61: Solution found.
Sun Mar 30 18:22:10 CEST 2014: 62: finished (451ms, 20cycles)
Sun Mar 30 18:22:10 CEST 2014: 62: Solution found.
Sun Mar 30 18:22:11 CEST 2014: 63: finished (253ms, 11cycles)
Sun Mar 30 18:22:11 CEST 2014: 63: Solution found.
Sun Mar 30 18:22:11 CEST 2014: 64: finished (125ms, 5cycles)
Sun Mar 30 18:22:11 CEST 2014: 64: Solution found.
Sun Mar 30 18:22:11 CEST 2014: 65: finished (211ms, 9cycles)
Sun Mar 30 18:22:11 CEST 2014: 65: Solution found.
Sun Mar 30 18:22:11 CEST 2014: 66: finished (433ms, 19cycles)
Sun Mar 30 18:22:11 CEST 2014: 66: Solution found.
Sun Mar 30 18:22:12 CEST 2014: 67: finished (372ms, 17cycles)
Sun Mar 30 18:22:12 CEST 2014: 67: Solution found.
Sun Mar 30 18:22:12 CEST 2014: 68: finished (365ms, 16cycles)
Sun Mar 30 18:22:12 CEST 2014: 68: Solution found.
Sun Mar 30 18:22:12 CEST 2014: 69: finished (68ms, 2cycles)
Sun Mar 30 18:22:12 CEST 2014: 69: Solution found.
Sun Mar 30 18:22:13 CEST 2014: 70: finished (275ms, 12cycles)
Sun Mar 30 18:22:13 CEST 2014: 70: Solution found.
Sun Mar 30 18:22:13 CEST 2014: 71: finished (173ms, 7cycles)
Sun Mar 30 18:22:13 CEST 2014: 71: Solution found.
Sun Mar 30 18:22:13 CEST 2014: 72: finished (207ms, 9cycles)
Sun Mar 30 18:22:13 CEST 2014: 72: Solution found.
Sun Mar 30 18:22:13 CEST 2014: 73: finished (170ms, 7cycles)
Sun Mar 30 18:22:13 CEST 2014: 73: Solution found.
Sun Mar 30 18:22:13 CEST 2014: 74: finished (320ms, 13cycles)
Sun Mar 30 18:22:13 CEST 2014: 74: Solution found.
Sun Mar 30 18:22:14 CEST 2014: 75: finished (311ms, 14cycles)
Sun Mar 30 18:22:14 CEST 2014: 75: Solution found.
Sun Mar 30 18:22:14 CEST 2014: 76: finished (124ms, 5cycles)
Sun Mar 30 18:22:14 CEST 2014: 76: Solution found.
Sun Mar 30 18:22:14 CEST 2014: 77: finished (440ms, 19cycles)
Sun Mar 30 18:22:14 CEST 2014: 77: Solution found.
Sun Mar 30 18:22:15 CEST 2014: 78: finished (606ms, 27cycles)
Sun Mar 30 18:22:15 CEST 2014: 78: Solution found.
Sun Mar 30 18:22:15 CEST 2014: 79: finished (210ms, 9cycles)
Sun Mar 30 18:22:15 CEST 2014: 79: Solution found.
Sun Mar 30 18:22:16 CEST 2014: 80: finished (402ms, 18cycles)
Sun Mar 30 18:22:16 CEST 2014: 80: Solution found.
Sun Mar 30 18:22:16 CEST 2014: 81: finished (197ms, 8cycles)
Sun Mar 30 18:22:16 CEST 2014: 81: Solution found.
Sun Mar 30 18:22:17 CEST 2014: 82: finished (828ms, 35cycles)
Sun Mar 30 18:22:17 CEST 2014: 82: Solution found.
Sun Mar 30 18:22:17 CEST 2014: 83: finished (380ms, 17cycles)
Sun Mar 30 18:22:17 CEST 2014: 83: Solution found.
Sun Mar 30 18:22:27 CEST 2014: 84: finished (9732ms, 500cycles)
Sun Mar 30 18:22:27 CEST 2014: 84: No solution found.
Sun Mar 30 18:22:28 CEST 2014: 85: finished (976ms, 43cycles)
Sun Mar 30 18:22:28 CEST 2014: 85: Solution found.
Sun Mar 30 18:22:31 CEST 2014: 86: finished (3175ms, 56cycles)
Sun Mar 30 18:22:31 CEST 2014: 86: Solution found.
Sun Mar 30 18:22:32 CEST 2014: 87: finished (1609ms, 30cycles)
Sun Mar 30 18:22:32 CEST 2014: 87: Solution found.
Sun Mar 30 18:22:33 CEST 2014: 88: finished (257ms, 10cycles)
Sun Mar 30 18:22:33 CEST 2014: 88: Solution found.
Sun Mar 30 18:22:33 CEST 2014: 89: finished (321ms, 14cycles)
Sun Mar 30 18:22:33 CEST 2014: 89: Solution found.
Sun Mar 30 18:22:33 CEST 2014: 90: finished (469ms, 21cycles)
Sun Mar 30 18:22:33 CEST 2014: 90: Solution found.
Sun Mar 30 18:22:34 CEST 2014: 91: finished (154ms, 6cycles)
Sun Mar 30 18:22:34 CEST 2014: 91: Solution found.
Sun Mar 30 18:22:34 CEST 2014: 92: finished (505ms, 22cycles)
Sun Mar 30 18:22:34 CEST 2014: 92: Solution found.
Sun Mar 30 18:22:34 CEST 2014: 93: finished (250ms, 11cycles)
Sun Mar 30 18:22:34 CEST 2014: 93: Solution found.
Sun Mar 30 18:22:35 CEST 2014: 94: finished (402ms, 18cycles)
Sun Mar 30 18:22:35 CEST 2014: 94: Solution found.
Sun Mar 30 18:22:47 CEST 2014: 95: finished (12294ms, 500cycles)
Sun Mar 30 18:22:47 CEST 2014: 95: No solution found.
Sun Mar 30 18:22:47 CEST 2014: 96: finished (302ms, 11cycles)
Sun Mar 30 18:22:47 CEST 2014: 96: Solution found.
Sun Mar 30 18:22:48 CEST 2014: 97: finished (413ms, 10cycles)
Sun Mar 30 18:22:48 CEST 2014: 97: Solution found.
Sun Mar 30 18:22:48 CEST 2014: 98: finished (239ms, 10cycles)
Sun Mar 30 18:22:48 CEST 2014: 98: Solution found.
Sun Mar 30 18:22:58 CEST 2014: 99: finished (9911ms, 500cycles)
Sun Mar 30 18:22:58 CEST 2014: 99: No solution found.
Sun Mar 30 18:22:58 CEST 2014: Solution Found: 93
Sun Mar 30 18:22:58 CEST 2014: Avg cycles: 13
Sun Mar 30 18:22:58 CEST 2014: Max cycles: 56
Sun Mar 30 18:22:58 CEST 2014: Min cycles: 1
Sun Mar 30 18:22:58 CEST 2014: No solution found: 7
Sun Mar 30 18:22:58 CEST 2014: logging finished. (runtime: 106459ms)
