Sat Jan 25 21:05:40 CET 2014: Problem Count: 100
Sat Jan 25 21:05:40 CET 2014: CandidatesCount: 200
Sat Jan 25 21:05:40 CET 2014: Max Cycles: 500
Sat Jan 25 21:05:40 CET 2014: 0: finished (93ms, 12cycles)
Sat Jan 25 21:05:40 CET 2014: 0: Solution found.
Sat Jan 25 21:05:43 CET 2014: 1: finished (3229ms, 500cycles)
Sat Jan 25 21:05:43 CET 2014: 1: No solution found.
Sat Jan 25 21:05:43 CET 2014: 2: finished (171ms, 22cycles)
Sat Jan 25 21:05:43 CET 2014: 2: Solution found.
Sat Jan 25 21:05:43 CET 2014: 3: finished (27ms, 3cycles)
Sat Jan 25 21:05:43 CET 2014: 3: Solution found.
Sat Jan 25 21:05:43 CET 2014: 4: finished (108ms, 13cycles)
Sat Jan 25 21:05:43 CET 2014: 4: Solution found.
Sat Jan 25 21:05:43 CET 2014: 5: finished (189ms, 25cycles)
Sat Jan 25 21:05:43 CET 2014: 5: Solution found.
Sat Jan 25 21:05:43 CET 2014: 6: finished (100ms, 13cycles)
Sat Jan 25 21:05:43 CET 2014: 6: Solution found.
Sat Jan 25 21:05:44 CET 2014: 7: finished (99ms, 13cycles)
Sat Jan 25 21:05:44 CET 2014: 7: Solution found.
Sat Jan 25 21:05:48 CET 2014: 8: finished (4507ms, 500cycles)
Sat Jan 25 21:05:48 CET 2014: 8: No solution found.
Sat Jan 25 21:05:48 CET 2014: 9: finished (83ms, 3cycles)
Sat Jan 25 21:05:48 CET 2014: 9: Solution found.
Sat Jan 25 21:05:54 CET 2014: 10: finished (5984ms, 500cycles)
Sat Jan 25 21:05:54 CET 2014: 10: No solution found.
Sat Jan 25 21:05:54 CET 2014: 11: finished (14ms, 1cycles)
Sat Jan 25 21:05:54 CET 2014: 11: Solution found.
Sat Jan 25 21:05:54 CET 2014: 12: finished (112ms, 15cycles)
Sat Jan 25 21:05:54 CET 2014: 12: Solution found.
Sat Jan 25 21:05:54 CET 2014: 13: finished (73ms, 8cycles)
Sat Jan 25 21:05:54 CET 2014: 13: Solution found.
Sat Jan 25 21:05:54 CET 2014: 14: finished (122ms, 16cycles)
Sat Jan 25 21:05:54 CET 2014: 14: Solution found.
Sat Jan 25 21:05:55 CET 2014: 15: finished (149ms, 20cycles)
Sat Jan 25 21:05:55 CET 2014: 15: Solution found.
Sat Jan 25 21:05:55 CET 2014: 16: finished (79ms, 10cycles)
Sat Jan 25 21:05:55 CET 2014: 16: Solution found.
Sat Jan 25 21:05:55 CET 2014: 17: finished (125ms, 16cycles)
Sat Jan 25 21:05:55 CET 2014: 17: Solution found.
Sat Jan 25 21:05:55 CET 2014: 18: finished (255ms, 37cycles)
Sat Jan 25 21:05:55 CET 2014: 18: Solution found.
Sat Jan 25 21:05:55 CET 2014: 19: finished (40ms, 5cycles)
Sat Jan 25 21:05:55 CET 2014: 19: Solution found.
Sat Jan 25 21:05:55 CET 2014: 20: finished (87ms, 12cycles)
Sat Jan 25 21:05:55 CET 2014: 20: Solution found.
Sat Jan 25 21:05:55 CET 2014: 21: finished (69ms, 9cycles)
Sat Jan 25 21:05:55 CET 2014: 21: Solution found.
Sat Jan 25 21:05:55 CET 2014: 22: finished (40ms, 5cycles)
Sat Jan 25 21:05:55 CET 2014: 22: Solution found.
Sat Jan 25 21:05:55 CET 2014: 23: finished (131ms, 17cycles)
Sat Jan 25 21:05:55 CET 2014: 23: Solution found.
Sat Jan 25 21:05:55 CET 2014: 24: finished (22ms, 2cycles)
Sat Jan 25 21:05:55 CET 2014: 24: Solution found.
Sat Jan 25 21:05:56 CET 2014: 25: finished (224ms, 24cycles)
Sat Jan 25 21:05:56 CET 2014: 25: Solution found.
Sat Jan 25 21:05:59 CET 2014: 26: finished (3297ms, 500cycles)
Sat Jan 25 21:05:59 CET 2014: 26: No solution found.
Sat Jan 25 21:05:59 CET 2014: 27: finished (362ms, 46cycles)
Sat Jan 25 21:05:59 CET 2014: 27: Solution found.
Sat Jan 25 21:06:00 CET 2014: 28: finished (242ms, 34cycles)
Sat Jan 25 21:06:00 CET 2014: 28: Solution found.
Sat Jan 25 21:06:05 CET 2014: 29: finished (5414ms, 500cycles)
Sat Jan 25 21:06:05 CET 2014: 29: No solution found.
Sat Jan 25 21:06:05 CET 2014: 30: finished (407ms, 19cycles)
Sat Jan 25 21:06:05 CET 2014: 30: Solution found.
Sat Jan 25 21:06:10 CET 2014: 31: finished (4790ms, 500cycles)
Sat Jan 25 21:06:10 CET 2014: 31: No solution found.
Sat Jan 25 21:06:10 CET 2014: 32: finished (133ms, 17cycles)
Sat Jan 25 21:06:10 CET 2014: 32: Solution found.
Sat Jan 25 21:06:10 CET 2014: 33: finished (75ms, 10cycles)
Sat Jan 25 21:06:10 CET 2014: 33: Solution found.
Sat Jan 25 21:06:11 CET 2014: 34: finished (108ms, 14cycles)
Sat Jan 25 21:06:11 CET 2014: 34: Solution found.
Sat Jan 25 21:06:11 CET 2014: 35: finished (90ms, 12cycles)
Sat Jan 25 21:06:11 CET 2014: 35: Solution found.
Sat Jan 25 21:06:11 CET 2014: 36: finished (83ms, 11cycles)
Sat Jan 25 21:06:11 CET 2014: 36: Solution found.
Sat Jan 25 21:06:11 CET 2014: 37: finished (99ms, 13cycles)
Sat Jan 25 21:06:11 CET 2014: 37: Solution found.
Sat Jan 25 21:06:11 CET 2014: 38: finished (158ms, 21cycles)
Sat Jan 25 21:06:11 CET 2014: 38: Solution found.
Sat Jan 25 21:06:11 CET 2014: 39: finished (136ms, 19cycles)
Sat Jan 25 21:06:11 CET 2014: 39: Solution found.
Sat Jan 25 21:06:11 CET 2014: 40: finished (63ms, 8cycles)
Sat Jan 25 21:06:11 CET 2014: 40: Solution found.
Sat Jan 25 21:06:11 CET 2014: 41: finished (29ms, 3cycles)
Sat Jan 25 21:06:11 CET 2014: 41: Solution found.
Sat Jan 25 21:06:11 CET 2014: 42: finished (66ms, 7cycles)
Sat Jan 25 21:06:11 CET 2014: 42: Solution found.
Sat Jan 25 21:06:11 CET 2014: 43: finished (121ms, 16cycles)
Sat Jan 25 21:06:11 CET 2014: 43: Solution found.
Sat Jan 25 21:06:11 CET 2014: 44: finished (44ms, 5cycles)
Sat Jan 25 21:06:11 CET 2014: 44: Solution found.
Sat Jan 25 21:06:12 CET 2014: 45: finished (89ms, 12cycles)
Sat Jan 25 21:06:12 CET 2014: 45: Solution found.
Sat Jan 25 21:06:12 CET 2014: 46: finished (246ms, 33cycles)
Sat Jan 25 21:06:12 CET 2014: 46: Solution found.
Sat Jan 25 21:06:12 CET 2014: 47: finished (105ms, 14cycles)
Sat Jan 25 21:06:12 CET 2014: 47: Solution found.
Sat Jan 25 21:06:12 CET 2014: 48: finished (14ms, 1cycles)
Sat Jan 25 21:06:12 CET 2014: 48: Solution found.
Sat Jan 25 21:06:12 CET 2014: 49: finished (100ms, 13cycles)
Sat Jan 25 21:06:12 CET 2014: 49: Solution found.
Sat Jan 25 21:06:12 CET 2014: 50: finished (21ms, 2cycles)
Sat Jan 25 21:06:12 CET 2014: 50: Solution found.
Sat Jan 25 21:06:12 CET 2014: 51: finished (58ms, 7cycles)
Sat Jan 25 21:06:12 CET 2014: 51: Solution found.
Sat Jan 25 21:06:12 CET 2014: 52: finished (127ms, 16cycles)
Sat Jan 25 21:06:12 CET 2014: 52: Solution found.
Sat Jan 25 21:06:12 CET 2014: 53: finished (21ms, 2cycles)
Sat Jan 25 21:06:12 CET 2014: 53: Solution found.
Sat Jan 25 21:06:12 CET 2014: 54: finished (143ms, 19cycles)
Sat Jan 25 21:06:12 CET 2014: 54: Solution found.
Sat Jan 25 21:06:12 CET 2014: 55: finished (71ms, 9cycles)
Sat Jan 25 21:06:12 CET 2014: 55: Solution found.
Sat Jan 25 21:06:13 CET 2014: 56: finished (114ms, 14cycles)
Sat Jan 25 21:06:13 CET 2014: 56: Solution found.
Sat Jan 25 21:06:13 CET 2014: 57: finished (15ms, 1cycles)
Sat Jan 25 21:06:13 CET 2014: 57: Solution found.
Sat Jan 25 21:06:13 CET 2014: 58: finished (76ms, 10cycles)
Sat Jan 25 21:06:13 CET 2014: 58: Solution found.
Sat Jan 25 21:06:13 CET 2014: 59: finished (77ms, 10cycles)
Sat Jan 25 21:06:13 CET 2014: 59: Solution found.
Sat Jan 25 21:06:13 CET 2014: 60: finished (29ms, 3cycles)
Sat Jan 25 21:06:13 CET 2014: 60: Solution found.
Sat Jan 25 21:06:13 CET 2014: 61: finished (77ms, 10cycles)
Sat Jan 25 21:06:13 CET 2014: 61: Solution found.
Sat Jan 25 21:06:13 CET 2014: 62: finished (150ms, 20cycles)
Sat Jan 25 21:06:13 CET 2014: 62: Solution found.
Sat Jan 25 21:06:13 CET 2014: 63: finished (153ms, 19cycles)
Sat Jan 25 21:06:13 CET 2014: 63: Solution found.
Sat Jan 25 21:06:13 CET 2014: 64: finished (16ms, 1cycles)
Sat Jan 25 21:06:13 CET 2014: 64: Solution found.
Sat Jan 25 21:06:13 CET 2014: 65: finished (14ms, 1cycles)
Sat Jan 25 21:06:13 CET 2014: 65: Solution found.
Sat Jan 25 21:06:17 CET 2014: 66: finished (3772ms, 500cycles)
Sat Jan 25 21:06:17 CET 2014: 66: No solution found.
Sat Jan 25 21:06:24 CET 2014: 67: finished (7240ms, 500cycles)
Sat Jan 25 21:06:24 CET 2014: 67: No solution found.
Sat Jan 25 21:06:24 CET 2014: 68: finished (196ms, 27cycles)
Sat Jan 25 21:06:24 CET 2014: 68: Solution found.
Sat Jan 25 21:06:24 CET 2014: 69: finished (105ms, 14cycles)
Sat Jan 25 21:06:24 CET 2014: 69: Solution found.
Sat Jan 25 21:06:25 CET 2014: 70: finished (104ms, 14cycles)
Sat Jan 25 21:06:25 CET 2014: 70: Solution found.
Sat Jan 25 21:06:25 CET 2014: 71: finished (119ms, 15cycles)
Sat Jan 25 21:06:25 CET 2014: 71: Solution found.
Sat Jan 25 21:06:25 CET 2014: 72: finished (65ms, 8cycles)
Sat Jan 25 21:06:25 CET 2014: 72: Solution found.
Sat Jan 25 21:06:25 CET 2014: 73: finished (47ms, 6cycles)
Sat Jan 25 21:06:25 CET 2014: 73: Solution found.
Sat Jan 25 21:06:25 CET 2014: 74: finished (78ms, 10cycles)
Sat Jan 25 21:06:25 CET 2014: 74: Solution found.
Sat Jan 25 21:06:25 CET 2014: 75: finished (172ms, 24cycles)
Sat Jan 25 21:06:25 CET 2014: 75: Solution found.
Sat Jan 25 21:06:25 CET 2014: 76: finished (57ms, 7cycles)
Sat Jan 25 21:06:25 CET 2014: 76: Solution found.
Sat Jan 25 21:06:25 CET 2014: 77: finished (136ms, 19cycles)
Sat Jan 25 21:06:25 CET 2014: 77: Solution found.
Sat Jan 25 21:06:25 CET 2014: 78: finished (165ms, 23cycles)
Sat Jan 25 21:06:25 CET 2014: 78: Solution found.
Sat Jan 25 21:06:26 CET 2014: 79: finished (81ms, 11cycles)
Sat Jan 25 21:06:26 CET 2014: 79: Solution found.
Sat Jan 25 21:06:26 CET 2014: 80: finished (63ms, 8cycles)
Sat Jan 25 21:06:26 CET 2014: 80: Solution found.
Sat Jan 25 21:06:26 CET 2014: 81: finished (106ms, 12cycles)
Sat Jan 25 21:06:26 CET 2014: 81: Solution found.
Sat Jan 25 21:06:29 CET 2014: 82: finished (3758ms, 500cycles)
Sat Jan 25 21:06:29 CET 2014: 82: No solution found.
Sat Jan 25 21:06:29 CET 2014: 83: finished (49ms, 6cycles)
Sat Jan 25 21:06:29 CET 2014: 83: Solution found.
Sat Jan 25 21:06:30 CET 2014: 84: finished (218ms, 29cycles)
Sat Jan 25 21:06:30 CET 2014: 84: Solution found.
Sat Jan 25 21:06:34 CET 2014: 85: finished (4354ms, 500cycles)
Sat Jan 25 21:06:34 CET 2014: 85: No solution found.
Sat Jan 25 21:06:35 CET 2014: 86: finished (677ms, 22cycles)
Sat Jan 25 21:06:35 CET 2014: 86: Solution found.
Sat Jan 25 21:06:35 CET 2014: 87: finished (371ms, 12cycles)
Sat Jan 25 21:06:35 CET 2014: 87: Solution found.
Sat Jan 25 21:06:36 CET 2014: 88: finished (632ms, 22cycles)
Sat Jan 25 21:06:36 CET 2014: 88: Solution found.
Sat Jan 25 21:06:36 CET 2014: 89: finished (369ms, 12cycles)
Sat Jan 25 21:06:36 CET 2014: 89: Solution found.
Sat Jan 25 21:06:37 CET 2014: 90: finished (754ms, 24cycles)
Sat Jan 25 21:06:37 CET 2014: 90: Solution found.
Sat Jan 25 21:06:37 CET 2014: 91: finished (429ms, 13cycles)
Sat Jan 25 21:06:37 CET 2014: 91: Solution found.
Sat Jan 25 21:06:38 CET 2014: 92: finished (371ms, 11cycles)
Sat Jan 25 21:06:38 CET 2014: 92: Solution found.
Sat Jan 25 21:06:38 CET 2014: 93: finished (825ms, 27cycles)
Sat Jan 25 21:06:38 CET 2014: 93: Solution found.
Sat Jan 25 21:06:39 CET 2014: 94: finished (262ms, 11cycles)
Sat Jan 25 21:06:39 CET 2014: 94: Solution found.
Sat Jan 25 21:06:39 CET 2014: 95: finished (392ms, 18cycles)
Sat Jan 25 21:06:39 CET 2014: 95: Solution found.
Sat Jan 25 21:06:39 CET 2014: 96: finished (250ms, 11cycles)
Sat Jan 25 21:06:39 CET 2014: 96: Solution found.
Sat Jan 25 21:06:40 CET 2014: 97: finished (143ms, 6cycles)
Sat Jan 25 21:06:40 CET 2014: 97: Solution found.
Sat Jan 25 21:06:40 CET 2014: 98: finished (105ms, 4cycles)
Sat Jan 25 21:06:40 CET 2014: 98: Solution found.
Sat Jan 25 21:06:40 CET 2014: 99: finished (199ms, 9cycles)
Sat Jan 25 21:06:40 CET 2014: 99: Solution found.
Sat Jan 25 21:06:40 CET 2014: Solution Found: 90
Sat Jan 25 21:06:40 CET 2014: Avg cycles: 13
Sat Jan 25 21:06:40 CET 2014: Max cycles: 46
Sat Jan 25 21:06:40 CET 2014: Min cycles: 1
Sat Jan 25 21:06:40 CET 2014: No solution found: 10
Sat Jan 25 21:06:40 CET 2014: logging finished. (runtime: 60263ms)
