Mon May 19 20:25:59 CEST 2014: Problem Count: 20
Mon May 19 20:25:59 CEST 2014: CandidatesCount: 250
Mon May 19 20:25:59 CEST 2014: Max Cycles: 500
Mon May 19 20:26:00 CEST 2014: 0: finished (602ms, 51cycles)
Mon May 19 20:26:00 CEST 2014: 0: Solution found.
Mon May 19 20:26:00 CEST 2014: 1: finished (300ms, 28cycles)
Mon May 19 20:26:00 CEST 2014: 1: Solution found.
Mon May 19 20:26:01 CEST 2014: 2: finished (845ms, 63cycles)
Mon May 19 20:26:01 CEST 2014: 2: Solution found.
Mon May 19 20:26:01 CEST 2014: 3: finished (296ms, 28cycles)
Mon May 19 20:26:01 CEST 2014: 3: Solution found.
Mon May 19 20:26:02 CEST 2014: 4: finished (826ms, 62cycles)
Mon May 19 20:26:02 CEST 2014: 4: Solution found.
Mon May 19 20:26:03 CEST 2014: 5: finished (662ms, 42cycles)
Mon May 19 20:26:03 CEST 2014: 5: Solution found.
Mon May 19 20:26:03 CEST 2014: 6: finished (384ms, 33cycles)
Mon May 19 20:26:03 CEST 2014: 6: Solution found.
Mon May 19 20:26:04 CEST 2014: 7: finished (649ms, 51cycles)
Mon May 19 20:26:04 CEST 2014: 7: Solution found.
Mon May 19 20:26:05 CEST 2014: 8: finished (614ms, 41cycles)
Mon May 19 20:26:05 CEST 2014: 8: Solution found.
Mon May 19 20:26:05 CEST 2014: 9: finished (458ms, 32cycles)
Mon May 19 20:26:05 CEST 2014: 9: Solution found.
Mon May 19 20:26:06 CEST 2014: 10: finished (541ms, 37cycles)
Mon May 19 20:26:06 CEST 2014: 10: Solution found.
Mon May 19 20:26:06 CEST 2014: 11: finished (369ms, 35cycles)
Mon May 19 20:26:06 CEST 2014: 11: Solution found.
Mon May 19 20:26:07 CEST 2014: 12: finished (633ms, 52cycles)
Mon May 19 20:26:07 CEST 2014: 12: Solution found.
Mon May 19 20:26:07 CEST 2014: 13: finished (623ms, 49cycles)
Mon May 19 20:26:07 CEST 2014: 13: Solution found.
Mon May 19 20:26:08 CEST 2014: 14: finished (505ms, 47cycles)
Mon May 19 20:26:08 CEST 2014: 14: Solution found.
Mon May 19 20:26:09 CEST 2014: 15: finished (585ms, 48cycles)
Mon May 19 20:26:09 CEST 2014: 15: Solution found.
Mon May 19 20:26:09 CEST 2014: 16: finished (340ms, 35cycles)
Mon May 19 20:26:09 CEST 2014: 16: Solution found.
Mon May 19 20:26:09 CEST 2014: 17: finished (504ms, 50cycles)
Mon May 19 20:26:09 CEST 2014: 17: Solution found.
Mon May 19 20:26:10 CEST 2014: 18: finished (212ms, 21cycles)
Mon May 19 20:26:10 CEST 2014: 18: Solution found.
Mon May 19 20:26:10 CEST 2014: 19: finished (690ms, 55cycles)
Mon May 19 20:26:10 CEST 2014: 19: Solution found.
Mon May 19 20:26:11 CEST 2014: 20: finished (467ms, 39cycles)
Mon May 19 20:26:11 CEST 2014: 20: Solution found.
Mon May 19 20:26:12 CEST 2014: 21: finished (930ms, 58cycles)
Mon May 19 20:26:12 CEST 2014: 21: Solution found.
Mon May 19 20:26:13 CEST 2014: 22: finished (775ms, 61cycles)
Mon May 19 20:26:13 CEST 2014: 22: Solution found.
Mon May 19 20:26:13 CEST 2014: 23: finished (392ms, 29cycles)
Mon May 19 20:26:13 CEST 2014: 23: Solution found.
Mon May 19 20:26:14 CEST 2014: 24: finished (666ms, 48cycles)
Mon May 19 20:26:14 CEST 2014: 24: Solution found.
Mon May 19 20:26:14 CEST 2014: 25: finished (717ms, 64cycles)
Mon May 19 20:26:14 CEST 2014: 25: Solution found.
Mon May 19 20:26:15 CEST 2014: 26: finished (444ms, 42cycles)
Mon May 19 20:26:15 CEST 2014: 26: Solution found.
Mon May 19 20:26:16 CEST 2014: 27: finished (926ms, 61cycles)
Mon May 19 20:26:16 CEST 2014: 27: Solution found.
Mon May 19 20:26:16 CEST 2014: 28: finished (589ms, 55cycles)
Mon May 19 20:26:16 CEST 2014: 28: Solution found.
Mon May 19 20:26:17 CEST 2014: 29: finished (510ms, 48cycles)
Mon May 19 20:26:17 CEST 2014: 29: Solution found.
Mon May 19 20:26:17 CEST 2014: 30: finished (183ms, 20cycles)
Mon May 19 20:26:17 CEST 2014: 30: Solution found.
Mon May 19 20:26:18 CEST 2014: 31: finished (593ms, 53cycles)
Mon May 19 20:26:18 CEST 2014: 31: Solution found.
Mon May 19 20:26:18 CEST 2014: 32: finished (432ms, 37cycles)
Mon May 19 20:26:18 CEST 2014: 32: Solution found.
Mon May 19 20:26:19 CEST 2014: 33: finished (384ms, 32cycles)
Mon May 19 20:26:19 CEST 2014: 33: Solution found.
Mon May 19 20:26:20 CEST 2014: 34: finished (864ms, 77cycles)
Mon May 19 20:26:20 CEST 2014: 34: Solution found.
Mon May 19 20:26:20 CEST 2014: 35: finished (872ms, 59cycles)
Mon May 19 20:26:20 CEST 2014: 35: Solution found.
Mon May 19 20:26:21 CEST 2014: 36: finished (362ms, 30cycles)
Mon May 19 20:26:21 CEST 2014: 36: Solution found.
Mon May 19 20:26:22 CEST 2014: 37: finished (814ms, 61cycles)
Mon May 19 20:26:22 CEST 2014: 37: Solution found.
Mon May 19 20:26:22 CEST 2014: 38: finished (655ms, 47cycles)
Mon May 19 20:26:22 CEST 2014: 38: Solution found.
Mon May 19 20:26:23 CEST 2014: 39: finished (1187ms, 93cycles)
Mon May 19 20:26:24 CEST 2014: 39: Solution found.
Mon May 19 20:26:24 CEST 2014: 40: finished (771ms, 56cycles)
Mon May 19 20:26:24 CEST 2014: 40: Solution found.
Mon May 19 20:26:25 CEST 2014: 41: finished (585ms, 45cycles)
Mon May 19 20:26:25 CEST 2014: 41: Solution found.
Mon May 19 20:26:25 CEST 2014: 42: finished (499ms, 43cycles)
Mon May 19 20:26:25 CEST 2014: 42: Solution found.
Mon May 19 20:26:26 CEST 2014: 43: finished (616ms, 49cycles)
Mon May 19 20:26:26 CEST 2014: 43: Solution found.
Mon May 19 20:26:27 CEST 2014: 44: finished (771ms, 57cycles)
Mon May 19 20:26:27 CEST 2014: 44: Solution found.
Mon May 19 20:26:27 CEST 2014: 45: finished (613ms, 51cycles)
Mon May 19 20:26:28 CEST 2014: 45: Solution found.
Mon May 19 20:26:28 CEST 2014: 46: finished (566ms, 46cycles)
Mon May 19 20:26:28 CEST 2014: 46: Solution found.
Mon May 19 20:26:29 CEST 2014: 47: finished (541ms, 46cycles)
Mon May 19 20:26:29 CEST 2014: 47: Solution found.
Mon May 19 20:26:29 CEST 2014: 48: finished (550ms, 41cycles)
Mon May 19 20:26:29 CEST 2014: 48: Solution found.
Mon May 19 20:26:29 CEST 2014: 49: finished (128ms, 11cycles)
Mon May 19 20:26:29 CEST 2014: 49: Solution found.
Mon May 19 20:26:30 CEST 2014: 50: finished (628ms, 48cycles)
Mon May 19 20:26:30 CEST 2014: 50: Solution found.
Mon May 19 20:26:30 CEST 2014: 51: finished (403ms, 27cycles)
Mon May 19 20:26:30 CEST 2014: 51: Solution found.
Mon May 19 20:26:31 CEST 2014: 52: finished (571ms, 37cycles)
Mon May 19 20:26:31 CEST 2014: 52: Solution found.
Mon May 19 20:26:32 CEST 2014: 53: finished (741ms, 52cycles)
Mon May 19 20:26:32 CEST 2014: 53: Solution found.
Mon May 19 20:26:32 CEST 2014: 54: finished (670ms, 56cycles)
Mon May 19 20:26:33 CEST 2014: 54: Solution found.
Mon May 19 20:26:33 CEST 2014: 55: finished (466ms, 33cycles)
Mon May 19 20:26:33 CEST 2014: 55: Solution found.
Mon May 19 20:26:34 CEST 2014: 56: finished (625ms, 51cycles)
Mon May 19 20:26:34 CEST 2014: 56: Solution found.
Mon May 19 20:26:34 CEST 2014: 57: finished (480ms, 38cycles)
Mon May 19 20:26:34 CEST 2014: 57: Solution found.
Mon May 19 20:26:35 CEST 2014: 58: finished (599ms, 47cycles)
Mon May 19 20:26:35 CEST 2014: 58: Solution found.
Mon May 19 20:26:35 CEST 2014: 59: finished (622ms, 57cycles)
Mon May 19 20:26:35 CEST 2014: 59: Solution found.
Mon May 19 20:26:36 CEST 2014: 60: finished (344ms, 33cycles)
Mon May 19 20:26:36 CEST 2014: 60: Solution found.
Mon May 19 20:26:36 CEST 2014: 61: finished (266ms, 22cycles)
Mon May 19 20:26:36 CEST 2014: 61: Solution found.
Mon May 19 20:26:37 CEST 2014: 62: finished (831ms, 65cycles)
Mon May 19 20:26:37 CEST 2014: 62: Solution found.
Mon May 19 20:26:37 CEST 2014: 63: finished (607ms, 51cycles)
Mon May 19 20:26:37 CEST 2014: 63: Solution found.
Mon May 19 20:26:38 CEST 2014: 64: finished (695ms, 58cycles)
Mon May 19 20:26:38 CEST 2014: 64: Solution found.
Mon May 19 20:26:39 CEST 2014: 65: finished (470ms, 48cycles)
Mon May 19 20:26:39 CEST 2014: 65: Solution found.
Mon May 19 20:26:39 CEST 2014: 66: finished (376ms, 37cycles)
Mon May 19 20:26:39 CEST 2014: 66: Solution found.
Mon May 19 20:26:39 CEST 2014: 67: finished (292ms, 30cycles)
Mon May 19 20:26:39 CEST 2014: 67: Solution found.
Mon May 19 20:26:40 CEST 2014: 68: finished (472ms, 43cycles)
Mon May 19 20:26:40 CEST 2014: 68: Solution found.
Mon May 19 20:26:40 CEST 2014: 69: finished (442ms, 47cycles)
Mon May 19 20:26:40 CEST 2014: 69: Solution found.
Mon May 19 20:26:40 CEST 2014: 70: finished (151ms, 17cycles)
Mon May 19 20:26:41 CEST 2014: 70: Solution found.
Mon May 19 20:26:41 CEST 2014: 71: finished (388ms, 33cycles)
Mon May 19 20:26:41 CEST 2014: 71: Solution found.
Mon May 19 20:26:41 CEST 2014: 72: finished (518ms, 46cycles)
Mon May 19 20:26:41 CEST 2014: 72: Solution found.
Mon May 19 20:26:42 CEST 2014: 73: finished (792ms, 69cycles)
Mon May 19 20:26:42 CEST 2014: 73: Solution found.
Mon May 19 20:26:43 CEST 2014: 74: finished (649ms, 63cycles)
Mon May 19 20:26:43 CEST 2014: 74: Solution found.
Mon May 19 20:26:43 CEST 2014: 75: finished (348ms, 40cycles)
Mon May 19 20:26:43 CEST 2014: 75: Solution found.
Mon May 19 20:26:44 CEST 2014: 76: finished (514ms, 45cycles)
Mon May 19 20:26:44 CEST 2014: 76: Solution found.
Mon May 19 20:26:44 CEST 2014: 77: finished (318ms, 33cycles)
Mon May 19 20:26:44 CEST 2014: 77: Solution found.
Mon May 19 20:26:45 CEST 2014: 78: finished (370ms, 35cycles)
Mon May 19 20:26:45 CEST 2014: 78: Solution found.
Mon May 19 20:26:45 CEST 2014: 79: finished (596ms, 51cycles)
Mon May 19 20:26:45 CEST 2014: 79: Solution found.
Mon May 19 20:26:45 CEST 2014: 80: finished (261ms, 24cycles)
Mon May 19 20:26:45 CEST 2014: 80: Solution found.
Mon May 19 20:26:46 CEST 2014: 81: finished (200ms, 21cycles)
Mon May 19 20:26:46 CEST 2014: 81: Solution found.
Mon May 19 20:26:46 CEST 2014: 82: finished (447ms, 36cycles)
Mon May 19 20:26:46 CEST 2014: 82: Solution found.
Mon May 19 20:26:46 CEST 2014: 83: finished (311ms, 26cycles)
Mon May 19 20:26:46 CEST 2014: 83: Solution found.
Mon May 19 20:26:47 CEST 2014: 84: finished (451ms, 39cycles)
Mon May 19 20:26:47 CEST 2014: 84: Solution found.
Mon May 19 20:26:48 CEST 2014: 85: finished (675ms, 66cycles)
Mon May 19 20:26:48 CEST 2014: 85: Solution found.
Mon May 19 20:26:48 CEST 2014: 86: finished (431ms, 42cycles)
Mon May 19 20:26:48 CEST 2014: 86: Solution found.
Mon May 19 20:26:48 CEST 2014: 87: finished (350ms, 39cycles)
Mon May 19 20:26:48 CEST 2014: 87: Solution found.
Mon May 19 20:26:49 CEST 2014: 88: finished (552ms, 42cycles)
Mon May 19 20:26:49 CEST 2014: 88: Solution found.
Mon May 19 20:26:50 CEST 2014: 89: finished (557ms, 45cycles)
Mon May 19 20:26:50 CEST 2014: 89: Solution found.
Mon May 19 20:26:50 CEST 2014: 90: finished (603ms, 54cycles)
Mon May 19 20:26:50 CEST 2014: 90: Solution found.
Mon May 19 20:26:50 CEST 2014: 91: finished (149ms, 17cycles)
Mon May 19 20:26:50 CEST 2014: 91: Solution found.
Mon May 19 20:26:51 CEST 2014: 92: finished (226ms, 24cycles)
Mon May 19 20:26:51 CEST 2014: 92: Solution found.
Mon May 19 20:26:51 CEST 2014: 93: finished (374ms, 40cycles)
Mon May 19 20:26:51 CEST 2014: 93: Solution found.
Mon May 19 20:26:52 CEST 2014: 94: finished (780ms, 74cycles)
Mon May 19 20:26:52 CEST 2014: 94: Solution found.
Mon May 19 20:26:52 CEST 2014: 95: finished (442ms, 40cycles)
Mon May 19 20:26:52 CEST 2014: 95: Solution found.
Mon May 19 20:26:53 CEST 2014: 96: finished (439ms, 42cycles)
Mon May 19 20:26:53 CEST 2014: 96: Solution found.
Mon May 19 20:26:53 CEST 2014: 97: finished (515ms, 51cycles)
Mon May 19 20:26:53 CEST 2014: 97: Solution found.
Mon May 19 20:26:53 CEST 2014: 98: finished (169ms, 17cycles)
Mon May 19 20:26:53 CEST 2014: 98: Solution found.
Mon May 19 20:26:54 CEST 2014: 99: finished (413ms, 37cycles)
Mon May 19 20:26:54 CEST 2014: 99: Solution found.
Mon May 19 20:26:54 CEST 2014: Solution Found: 100
Mon May 19 20:26:54 CEST 2014: Avg cycles: 44
Mon May 19 20:26:54 CEST 2014: Max cycles: 93
Mon May 19 20:26:54 CEST 2014: Min cycles: 11
Mon May 19 20:26:54 CEST 2014: No solution found: 0
Mon May 19 20:26:54 CEST 2014: logging finished. (runtime: 54426ms)
