Sun Mar 30 01:47:56 CET 2014: Problem Count: 100
Sun Mar 30 01:47:56 CET 2014: CandidatesCount: 50
Sun Mar 30 01:47:56 CET 2014: Max Cycles: 500
Sun Mar 30 01:47:56 CET 2014: 0: finished (10ms, 5cycles)
Sun Mar 30 01:47:56 CET 2014: 0: Solution found.
Sun Mar 30 01:47:57 CET 2014: 1: finished (796ms, 500cycles)
Sun Mar 30 01:47:57 CET 2014: 1: No solution found.
Sun Mar 30 01:47:57 CET 2014: 2: finished (29ms, 17cycles)
Sun Mar 30 01:47:57 CET 2014: 2: Solution found.
Sun Mar 30 01:47:57 CET 2014: 3: finished (12ms, 6cycles)
Sun Mar 30 01:47:57 CET 2014: 3: Solution found.
Sun Mar 30 01:47:58 CET 2014: 4: finished (800ms, 500cycles)
Sun Mar 30 01:47:58 CET 2014: 4: No solution found.
Sun Mar 30 01:47:59 CET 2014: 5: finished (789ms, 500cycles)
Sun Mar 30 01:47:59 CET 2014: 5: No solution found.
Sun Mar 30 01:48:00 CET 2014: 6: finished (907ms, 500cycles)
Sun Mar 30 01:48:00 CET 2014: 6: No solution found.
Sun Mar 30 01:48:00 CET 2014: 7: finished (58ms, 30cycles)
Sun Mar 30 01:48:00 CET 2014: 7: Solution found.
Sun Mar 30 01:48:00 CET 2014: 8: finished (13ms, 7cycles)
Sun Mar 30 01:48:00 CET 2014: 8: Solution found.
Sun Mar 30 01:48:00 CET 2014: 9: finished (784ms, 500cycles)
Sun Mar 30 01:48:00 CET 2014: 9: No solution found.
Sun Mar 30 01:48:00 CET 2014: 10: finished (28ms, 16cycles)
Sun Mar 30 01:48:00 CET 2014: 10: Solution found.
Sun Mar 30 01:48:00 CET 2014: 11: finished (11ms, 6cycles)
Sun Mar 30 01:48:00 CET 2014: 11: Solution found.
Sun Mar 30 01:48:00 CET 2014: 12: finished (27ms, 14cycles)
Sun Mar 30 01:48:00 CET 2014: 12: Solution found.
Sun Mar 30 01:48:01 CET 2014: 13: finished (779ms, 500cycles)
Sun Mar 30 01:48:01 CET 2014: 13: No solution found.
Sun Mar 30 01:48:02 CET 2014: 14: finished (781ms, 500cycles)
Sun Mar 30 01:48:02 CET 2014: 14: No solution found.
Sun Mar 30 01:48:02 CET 2014: 15: finished (21ms, 11cycles)
Sun Mar 30 01:48:02 CET 2014: 15: Solution found.
Sun Mar 30 01:48:02 CET 2014: 16: finished (19ms, 10cycles)
Sun Mar 30 01:48:02 CET 2014: 16: Solution found.
Sun Mar 30 01:48:03 CET 2014: 17: finished (804ms, 500cycles)
Sun Mar 30 01:48:03 CET 2014: 17: No solution found.
Sun Mar 30 01:48:04 CET 2014: 18: finished (796ms, 500cycles)
Sun Mar 30 01:48:04 CET 2014: 18: No solution found.
Sun Mar 30 01:48:04 CET 2014: 19: finished (29ms, 16cycles)
Sun Mar 30 01:48:04 CET 2014: 19: Solution found.
Sun Mar 30 01:48:04 CET 2014: 20: finished (35ms, 19cycles)
Sun Mar 30 01:48:04 CET 2014: 20: Solution found.
Sun Mar 30 01:48:04 CET 2014: 21: finished (27ms, 15cycles)
Sun Mar 30 01:48:04 CET 2014: 21: Solution found.
Sun Mar 30 01:48:05 CET 2014: 22: finished (806ms, 500cycles)
Sun Mar 30 01:48:05 CET 2014: 22: No solution found.
Sun Mar 30 01:48:05 CET 2014: 23: finished (19ms, 11cycles)
Sun Mar 30 01:48:05 CET 2014: 23: Solution found.
Sun Mar 30 01:48:05 CET 2014: 24: finished (775ms, 500cycles)
Sun Mar 30 01:48:05 CET 2014: 24: No solution found.
Sun Mar 30 01:48:06 CET 2014: 25: finished (783ms, 500cycles)
Sun Mar 30 01:48:06 CET 2014: 25: No solution found.
Sun Mar 30 01:48:07 CET 2014: 26: finished (790ms, 500cycles)
Sun Mar 30 01:48:07 CET 2014: 26: No solution found.
Sun Mar 30 01:48:08 CET 2014: 27: finished (764ms, 500cycles)
Sun Mar 30 01:48:08 CET 2014: 27: No solution found.
Sun Mar 30 01:48:08 CET 2014: 28: finished (48ms, 29cycles)
Sun Mar 30 01:48:08 CET 2014: 28: Solution found.
Sun Mar 30 01:48:09 CET 2014: 29: finished (812ms, 500cycles)
Sun Mar 30 01:48:09 CET 2014: 29: No solution found.
Sun Mar 30 01:48:09 CET 2014: 30: finished (33ms, 18cycles)
Sun Mar 30 01:48:09 CET 2014: 30: Solution found.
Sun Mar 30 01:48:09 CET 2014: 31: finished (814ms, 500cycles)
Sun Mar 30 01:48:09 CET 2014: 31: No solution found.
Sun Mar 30 01:48:09 CET 2014: 32: finished (24ms, 13cycles)
Sun Mar 30 01:48:09 CET 2014: 32: Solution found.
Sun Mar 30 01:48:09 CET 2014: 33: finished (5ms, 2cycles)
Sun Mar 30 01:48:09 CET 2014: 33: Solution found.
Sun Mar 30 01:48:10 CET 2014: 34: finished (789ms, 500cycles)
Sun Mar 30 01:48:10 CET 2014: 34: No solution found.
Sun Mar 30 01:48:11 CET 2014: 35: finished (800ms, 500cycles)
Sun Mar 30 01:48:11 CET 2014: 35: No solution found.
Sun Mar 30 01:48:11 CET 2014: 36: finished (27ms, 15cycles)
Sun Mar 30 01:48:11 CET 2014: 36: Solution found.
Sun Mar 30 01:48:11 CET 2014: 37: finished (59ms, 35cycles)
Sun Mar 30 01:48:11 CET 2014: 37: Solution found.
Sun Mar 30 01:48:11 CET 2014: 38: finished (15ms, 8cycles)
Sun Mar 30 01:48:11 CET 2014: 38: Solution found.
Sun Mar 30 01:48:12 CET 2014: 39: finished (780ms, 500cycles)
Sun Mar 30 01:48:12 CET 2014: 39: No solution found.
Sun Mar 30 01:48:12 CET 2014: 40: finished (44ms, 25cycles)
Sun Mar 30 01:48:12 CET 2014: 40: Solution found.
Sun Mar 30 01:48:13 CET 2014: 41: finished (782ms, 500cycles)
Sun Mar 30 01:48:13 CET 2014: 41: No solution found.
Sun Mar 30 01:48:13 CET 2014: 42: finished (80ms, 46cycles)
Sun Mar 30 01:48:13 CET 2014: 42: Solution found.
Sun Mar 30 01:48:14 CET 2014: 43: finished (786ms, 500cycles)
Sun Mar 30 01:48:14 CET 2014: 43: No solution found.
Sun Mar 30 01:48:14 CET 2014: 44: finished (36ms, 18cycles)
Sun Mar 30 01:48:14 CET 2014: 44: Solution found.
Sun Mar 30 01:48:14 CET 2014: 45: finished (306ms, 168cycles)
Sun Mar 30 01:48:14 CET 2014: 45: Solution found.
Sun Mar 30 01:48:15 CET 2014: 46: finished (846ms, 500cycles)
Sun Mar 30 01:48:15 CET 2014: 46: No solution found.
Sun Mar 30 01:48:15 CET 2014: 47: finished (86ms, 50cycles)
Sun Mar 30 01:48:15 CET 2014: 47: Solution found.
Sun Mar 30 01:48:15 CET 2014: 48: finished (31ms, 16cycles)
Sun Mar 30 01:48:15 CET 2014: 48: Solution found.
Sun Mar 30 01:48:16 CET 2014: 49: finished (771ms, 500cycles)
Sun Mar 30 01:48:16 CET 2014: 49: No solution found.
Sun Mar 30 01:48:16 CET 2014: 50: finished (799ms, 500cycles)
Sun Mar 30 01:48:16 CET 2014: 50: No solution found.
Sun Mar 30 01:48:17 CET 2014: 51: finished (786ms, 500cycles)
Sun Mar 30 01:48:17 CET 2014: 51: No solution found.
Sun Mar 30 01:48:18 CET 2014: 52: finished (797ms, 500cycles)
Sun Mar 30 01:48:18 CET 2014: 52: No solution found.
Sun Mar 30 01:48:19 CET 2014: 53: finished (797ms, 500cycles)
Sun Mar 30 01:48:19 CET 2014: 53: No solution found.
Sun Mar 30 01:48:20 CET 2014: 54: finished (793ms, 500cycles)
Sun Mar 30 01:48:20 CET 2014: 54: No solution found.
Sun Mar 30 01:48:20 CET 2014: 55: finished (17ms, 9cycles)
Sun Mar 30 01:48:20 CET 2014: 55: Solution found.
Sun Mar 30 01:48:20 CET 2014: 56: finished (16ms, 9cycles)
Sun Mar 30 01:48:20 CET 2014: 56: Solution found.
Sun Mar 30 01:48:20 CET 2014: 57: finished (777ms, 500cycles)
Sun Mar 30 01:48:20 CET 2014: 57: No solution found.
Sun Mar 30 01:48:21 CET 2014: 58: finished (779ms, 500cycles)
Sun Mar 30 01:48:21 CET 2014: 58: No solution found.
Sun Mar 30 01:48:22 CET 2014: 59: finished (791ms, 500cycles)
Sun Mar 30 01:48:22 CET 2014: 59: No solution found.
Sun Mar 30 01:48:22 CET 2014: 60: finished (5ms, 2cycles)
Sun Mar 30 01:48:22 CET 2014: 60: Solution found.
Sun Mar 30 01:48:23 CET 2014: 61: finished (793ms, 500cycles)
Sun Mar 30 01:48:23 CET 2014: 61: No solution found.
Sun Mar 30 01:48:24 CET 2014: 62: finished (790ms, 500cycles)
Sun Mar 30 01:48:24 CET 2014: 62: No solution found.
Sun Mar 30 01:48:24 CET 2014: 63: finished (795ms, 500cycles)
Sun Mar 30 01:48:24 CET 2014: 63: No solution found.
Sun Mar 30 01:48:25 CET 2014: 64: finished (824ms, 500cycles)
Sun Mar 30 01:48:25 CET 2014: 64: No solution found.
Sun Mar 30 01:48:25 CET 2014: 65: finished (35ms, 19cycles)
Sun Mar 30 01:48:25 CET 2014: 65: Solution found.
Sun Mar 30 01:48:26 CET 2014: 66: finished (783ms, 500cycles)
Sun Mar 30 01:48:26 CET 2014: 66: No solution found.
Sun Mar 30 01:48:26 CET 2014: 67: finished (29ms, 15cycles)
Sun Mar 30 01:48:26 CET 2014: 67: Solution found.
Sun Mar 30 01:48:26 CET 2014: 68: finished (3ms, 1cycles)
Sun Mar 30 01:48:26 CET 2014: 68: Solution found.
Sun Mar 30 01:48:26 CET 2014: 69: finished (28ms, 15cycles)
Sun Mar 30 01:48:26 CET 2014: 69: Solution found.
Sun Mar 30 01:48:27 CET 2014: 70: finished (783ms, 500cycles)
Sun Mar 30 01:48:27 CET 2014: 70: No solution found.
Sun Mar 30 01:48:28 CET 2014: 71: finished (817ms, 500cycles)
Sun Mar 30 01:48:28 CET 2014: 71: No solution found.
Sun Mar 30 01:48:28 CET 2014: 72: finished (19ms, 10cycles)
Sun Mar 30 01:48:28 CET 2014: 72: Solution found.
Sun Mar 30 01:48:29 CET 2014: 73: finished (780ms, 500cycles)
Sun Mar 30 01:48:29 CET 2014: 73: No solution found.
Sun Mar 30 01:48:29 CET 2014: 74: finished (10ms, 5cycles)
Sun Mar 30 01:48:29 CET 2014: 74: Solution found.
Sun Mar 30 01:48:29 CET 2014: 75: finished (797ms, 500cycles)
Sun Mar 30 01:48:29 CET 2014: 75: No solution found.
Sun Mar 30 01:48:30 CET 2014: 76: finished (787ms, 500cycles)
Sun Mar 30 01:48:30 CET 2014: 76: No solution found.
Sun Mar 30 01:48:31 CET 2014: 77: finished (800ms, 500cycles)
Sun Mar 30 01:48:31 CET 2014: 77: No solution found.
Sun Mar 30 01:48:32 CET 2014: 78: finished (781ms, 500cycles)
Sun Mar 30 01:48:32 CET 2014: 78: No solution found.
Sun Mar 30 01:48:32 CET 2014: 79: finished (35ms, 20cycles)
Sun Mar 30 01:48:32 CET 2014: 79: Solution found.
Sun Mar 30 01:48:32 CET 2014: 80: finished (130ms, 71cycles)
Sun Mar 30 01:48:32 CET 2014: 80: Solution found.
Sun Mar 30 01:48:32 CET 2014: 81: finished (69ms, 38cycles)
Sun Mar 30 01:48:32 CET 2014: 81: Solution found.
Sun Mar 30 01:48:33 CET 2014: 82: finished (773ms, 500cycles)
Sun Mar 30 01:48:33 CET 2014: 82: No solution found.
Sun Mar 30 01:48:33 CET 2014: 83: finished (46ms, 25cycles)
Sun Mar 30 01:48:33 CET 2014: 83: Solution found.
Sun Mar 30 01:48:34 CET 2014: 84: finished (769ms, 500cycles)
Sun Mar 30 01:48:34 CET 2014: 84: No solution found.
Sun Mar 30 01:48:34 CET 2014: 85: finished (27ms, 15cycles)
Sun Mar 30 01:48:34 CET 2014: 85: Solution found.
Sun Mar 30 01:48:34 CET 2014: 86: finished (34ms, 18cycles)
Sun Mar 30 01:48:34 CET 2014: 86: Solution found.
Sun Mar 30 01:48:34 CET 2014: 87: finished (772ms, 500cycles)
Sun Mar 30 01:48:34 CET 2014: 87: No solution found.
Sun Mar 30 01:48:35 CET 2014: 88: finished (807ms, 500cycles)
Sun Mar 30 01:48:35 CET 2014: 88: No solution found.
Sun Mar 30 01:48:35 CET 2014: 89: finished (44ms, 24cycles)
Sun Mar 30 01:48:35 CET 2014: 89: Solution found.
Sun Mar 30 01:48:36 CET 2014: 90: finished (792ms, 500cycles)
Sun Mar 30 01:48:36 CET 2014: 90: No solution found.
Sun Mar 30 01:48:37 CET 2014: 91: finished (804ms, 500cycles)
Sun Mar 30 01:48:37 CET 2014: 91: No solution found.
Sun Mar 30 01:48:38 CET 2014: 92: finished (779ms, 500cycles)
Sun Mar 30 01:48:38 CET 2014: 92: No solution found.
Sun Mar 30 01:48:38 CET 2014: 93: finished (800ms, 500cycles)
Sun Mar 30 01:48:38 CET 2014: 93: No solution found.
Sun Mar 30 01:48:39 CET 2014: 94: finished (786ms, 500cycles)
Sun Mar 30 01:48:39 CET 2014: 94: No solution found.
Sun Mar 30 01:48:39 CET 2014: 95: finished (54ms, 31cycles)
Sun Mar 30 01:48:39 CET 2014: 95: Solution found.
Sun Mar 30 01:48:40 CET 2014: 96: finished (791ms, 500cycles)
Sun Mar 30 01:48:40 CET 2014: 96: No solution found.
Sun Mar 30 01:48:41 CET 2014: 97: finished (790ms, 500cycles)
Sun Mar 30 01:48:41 CET 2014: 97: No solution found.
Sun Mar 30 01:48:41 CET 2014: 98: finished (24ms, 13cycles)
Sun Mar 30 01:48:41 CET 2014: 98: Solution found.
Sun Mar 30 01:48:41 CET 2014: 99: finished (9ms, 5cycles)
Sun Mar 30 01:48:41 CET 2014: 99: Solution found.
Sun Mar 30 01:48:41 CET 2014: Solution Found: 46
Sun Mar 30 01:48:41 CET 2014: Avg cycles: 21
Sun Mar 30 01:48:41 CET 2014: Max cycles: 168
Sun Mar 30 01:48:41 CET 2014: Min cycles: 1
Sun Mar 30 01:48:41 CET 2014: No solution found: 54
Sun Mar 30 01:48:41 CET 2014: logging finished. (runtime: 44643ms)
