Tue May 20 00:29:46 CEST 2014: Problem Count: 36
Tue May 20 00:29:46 CEST 2014: CandidatesCount: 100
Tue May 20 00:29:46 CEST 2014: Max Cycles: 500
Tue May 20 00:29:47 CEST 2014: 0: finished (604ms, 65cycles)
Tue May 20 00:29:47 CEST 2014: 0: Solution found.
Tue May 20 00:29:47 CEST 2014: 1: finished (394ms, 48cycles)
Tue May 20 00:29:47 CEST 2014: 1: Solution found.
Tue May 20 00:29:48 CEST 2014: 2: finished (329ms, 35cycles)
Tue May 20 00:29:48 CEST 2014: 2: Solution found.
Tue May 20 00:29:48 CEST 2014: 3: finished (593ms, 68cycles)
Tue May 20 00:29:48 CEST 2014: 3: Solution found.
Tue May 20 00:29:48 CEST 2014: 4: finished (317ms, 39cycles)
Tue May 20 00:29:48 CEST 2014: 4: Solution found.
Tue May 20 00:29:49 CEST 2014: 5: finished (909ms, 101cycles)
Tue May 20 00:29:49 CEST 2014: 5: Solution found.
Tue May 20 00:29:50 CEST 2014: 6: finished (674ms, 80cycles)
Tue May 20 00:29:50 CEST 2014: 6: Solution found.
Tue May 20 00:29:50 CEST 2014: 7: finished (251ms, 34cycles)
Tue May 20 00:29:50 CEST 2014: 7: Solution found.
Tue May 20 00:29:51 CEST 2014: 8: finished (549ms, 63cycles)
Tue May 20 00:29:51 CEST 2014: 8: Solution found.
Tue May 20 00:29:51 CEST 2014: 9: finished (493ms, 53cycles)
Tue May 20 00:29:51 CEST 2014: 9: Solution found.
Tue May 20 00:29:52 CEST 2014: 10: finished (227ms, 28cycles)
Tue May 20 00:29:52 CEST 2014: 10: Solution found.
Tue May 20 00:29:52 CEST 2014: 11: finished (255ms, 31cycles)
Tue May 20 00:29:52 CEST 2014: 11: Solution found.
Tue May 20 00:29:52 CEST 2014: 12: finished (331ms, 42cycles)
Tue May 20 00:29:52 CEST 2014: 12: Solution found.
Tue May 20 00:29:53 CEST 2014: 13: finished (548ms, 65cycles)
Tue May 20 00:29:53 CEST 2014: 13: Solution found.
Tue May 20 00:29:53 CEST 2014: 14: finished (435ms, 52cycles)
Tue May 20 00:29:53 CEST 2014: 14: Solution found.
Tue May 20 00:29:54 CEST 2014: 15: finished (437ms, 47cycles)
Tue May 20 00:29:54 CEST 2014: 15: Solution found.
Tue May 20 00:29:54 CEST 2014: 16: finished (417ms, 59cycles)
Tue May 20 00:29:54 CEST 2014: 16: Solution found.
Tue May 20 00:29:55 CEST 2014: 17: finished (336ms, 43cycles)
Tue May 20 00:29:55 CEST 2014: 17: Solution found.
Tue May 20 00:29:55 CEST 2014: 18: finished (666ms, 77cycles)
Tue May 20 00:29:55 CEST 2014: 18: Solution found.
Tue May 20 00:29:56 CEST 2014: 19: finished (599ms, 70cycles)
Tue May 20 00:29:56 CEST 2014: 19: Solution found.
Tue May 20 00:29:56 CEST 2014: 20: finished (506ms, 63cycles)
Tue May 20 00:29:56 CEST 2014: 20: Solution found.
Tue May 20 00:29:57 CEST 2014: 21: finished (326ms, 40cycles)
Tue May 20 00:29:57 CEST 2014: 21: Solution found.
Tue May 20 00:29:57 CEST 2014: 22: finished (489ms, 62cycles)
Tue May 20 00:29:57 CEST 2014: 22: Solution found.
Tue May 20 00:29:58 CEST 2014: 23: finished (416ms, 45cycles)
Tue May 20 00:29:58 CEST 2014: 23: Solution found.
Tue May 20 00:29:58 CEST 2014: 24: finished (602ms, 72cycles)
Tue May 20 00:29:58 CEST 2014: 24: Solution found.
Tue May 20 00:29:59 CEST 2014: 25: finished (421ms, 50cycles)
Tue May 20 00:29:59 CEST 2014: 25: Solution found.
Tue May 20 00:29:59 CEST 2014: 26: finished (443ms, 53cycles)
Tue May 20 00:29:59 CEST 2014: 26: Solution found.
Tue May 20 00:30:00 CEST 2014: 27: finished (505ms, 53cycles)
Tue May 20 00:30:00 CEST 2014: 27: Solution found.
Tue May 20 00:30:01 CEST 2014: 28: finished (812ms, 94cycles)
Tue May 20 00:30:01 CEST 2014: 28: Solution found.
Tue May 20 00:30:01 CEST 2014: 29: finished (233ms, 25cycles)
Tue May 20 00:30:01 CEST 2014: 29: Solution found.
Tue May 20 00:30:01 CEST 2014: 30: finished (531ms, 55cycles)
Tue May 20 00:30:01 CEST 2014: 30: Solution found.
Tue May 20 00:30:02 CEST 2014: 31: finished (536ms, 65cycles)
Tue May 20 00:30:02 CEST 2014: 31: Solution found.
Tue May 20 00:30:02 CEST 2014: 32: finished (388ms, 45cycles)
Tue May 20 00:30:02 CEST 2014: 32: Solution found.
Tue May 20 00:30:03 CEST 2014: 33: finished (423ms, 48cycles)
Tue May 20 00:30:03 CEST 2014: 33: Solution found.
Tue May 20 00:30:04 CEST 2014: 34: finished (756ms, 81cycles)
Tue May 20 00:30:04 CEST 2014: 34: Solution found.
Tue May 20 00:30:04 CEST 2014: 35: finished (417ms, 48cycles)
Tue May 20 00:30:04 CEST 2014: 35: Solution found.
Tue May 20 00:30:04 CEST 2014: 36: finished (502ms, 60cycles)
Tue May 20 00:30:04 CEST 2014: 36: Solution found.
Tue May 20 00:30:05 CEST 2014: 37: finished (417ms, 46cycles)
Tue May 20 00:30:05 CEST 2014: 37: Solution found.
Tue May 20 00:30:05 CEST 2014: 38: finished (499ms, 59cycles)
Tue May 20 00:30:05 CEST 2014: 38: Solution found.
Tue May 20 00:30:06 CEST 2014: 39: finished (615ms, 72cycles)
Tue May 20 00:30:06 CEST 2014: 39: Solution found.
Tue May 20 00:30:07 CEST 2014: 40: finished (675ms, 76cycles)
Tue May 20 00:30:07 CEST 2014: 40: Solution found.
Tue May 20 00:30:07 CEST 2014: 41: finished (573ms, 73cycles)
Tue May 20 00:30:07 CEST 2014: 41: Solution found.
Tue May 20 00:30:08 CEST 2014: 42: finished (690ms, 75cycles)
Tue May 20 00:30:08 CEST 2014: 42: Solution found.
Tue May 20 00:30:09 CEST 2014: 43: finished (464ms, 54cycles)
Tue May 20 00:30:09 CEST 2014: 43: Solution found.
Tue May 20 00:30:09 CEST 2014: 44: finished (382ms, 48cycles)
Tue May 20 00:30:09 CEST 2014: 44: Solution found.
Tue May 20 00:30:09 CEST 2014: 45: finished (327ms, 39cycles)
Tue May 20 00:30:09 CEST 2014: 45: Solution found.
Tue May 20 00:30:10 CEST 2014: 46: finished (373ms, 45cycles)
Tue May 20 00:30:10 CEST 2014: 46: Solution found.
Tue May 20 00:30:10 CEST 2014: 47: finished (767ms, 88cycles)
Tue May 20 00:30:10 CEST 2014: 47: Solution found.
Tue May 20 00:30:11 CEST 2014: 48: finished (377ms, 46cycles)
Tue May 20 00:30:11 CEST 2014: 48: Solution found.
Tue May 20 00:30:11 CEST 2014: 49: finished (334ms, 40cycles)
Tue May 20 00:30:11 CEST 2014: 49: Solution found.
Tue May 20 00:30:12 CEST 2014: 50: finished (406ms, 47cycles)
Tue May 20 00:30:12 CEST 2014: 50: Solution found.
Tue May 20 00:30:12 CEST 2014: 51: finished (792ms, 89cycles)
Tue May 20 00:30:12 CEST 2014: 51: Solution found.
Tue May 20 00:30:13 CEST 2014: 52: finished (869ms, 99cycles)
Tue May 20 00:30:13 CEST 2014: 52: Solution found.
Tue May 20 00:30:14 CEST 2014: 53: finished (541ms, 63cycles)
Tue May 20 00:30:14 CEST 2014: 53: Solution found.
Tue May 20 00:30:15 CEST 2014: 54: finished (754ms, 79cycles)
Tue May 20 00:30:15 CEST 2014: 54: Solution found.
Tue May 20 00:30:15 CEST 2014: 55: finished (313ms, 37cycles)
Tue May 20 00:30:15 CEST 2014: 55: Solution found.
Tue May 20 00:30:15 CEST 2014: 56: finished (490ms, 60cycles)
Tue May 20 00:30:15 CEST 2014: 56: Solution found.
Tue May 20 00:30:16 CEST 2014: 57: finished (479ms, 49cycles)
Tue May 20 00:30:16 CEST 2014: 57: Solution found.
Tue May 20 00:30:17 CEST 2014: 58: finished (541ms, 61cycles)
Tue May 20 00:30:17 CEST 2014: 58: Solution found.
Tue May 20 00:30:17 CEST 2014: 59: finished (627ms, 75cycles)
Tue May 20 00:30:17 CEST 2014: 59: Solution found.
Tue May 20 00:30:18 CEST 2014: 60: finished (680ms, 77cycles)
Tue May 20 00:30:18 CEST 2014: 60: Solution found.
Tue May 20 00:30:18 CEST 2014: 61: finished (254ms, 27cycles)
Tue May 20 00:30:18 CEST 2014: 61: Solution found.
Tue May 20 00:30:19 CEST 2014: 62: finished (848ms, 99cycles)
Tue May 20 00:30:19 CEST 2014: 62: Solution found.
Tue May 20 00:30:20 CEST 2014: 63: finished (526ms, 54cycles)
Tue May 20 00:30:20 CEST 2014: 63: Solution found.
Tue May 20 00:30:20 CEST 2014: 64: finished (917ms, 110cycles)
Tue May 20 00:30:20 CEST 2014: 64: Solution found.
Tue May 20 00:30:21 CEST 2014: 65: finished (329ms, 39cycles)
Tue May 20 00:30:21 CEST 2014: 65: Solution found.
Tue May 20 00:30:21 CEST 2014: 66: finished (453ms, 62cycles)
Tue May 20 00:30:21 CEST 2014: 66: Solution found.
Tue May 20 00:30:22 CEST 2014: 67: finished (565ms, 68cycles)
Tue May 20 00:30:22 CEST 2014: 67: Solution found.
Tue May 20 00:30:22 CEST 2014: 68: finished (389ms, 45cycles)
Tue May 20 00:30:22 CEST 2014: 68: Solution found.
Tue May 20 00:30:23 CEST 2014: 69: finished (447ms, 56cycles)
Tue May 20 00:30:23 CEST 2014: 69: Solution found.
Tue May 20 00:30:23 CEST 2014: 70: finished (415ms, 55cycles)
Tue May 20 00:30:23 CEST 2014: 70: Solution found.
Tue May 20 00:30:24 CEST 2014: 71: finished (400ms, 48cycles)
Tue May 20 00:30:24 CEST 2014: 71: Solution found.
Tue May 20 00:30:24 CEST 2014: 72: finished (548ms, 63cycles)
Tue May 20 00:30:24 CEST 2014: 72: Solution found.
Tue May 20 00:30:24 CEST 2014: 73: finished (257ms, 33cycles)
Tue May 20 00:30:24 CEST 2014: 73: Solution found.
Tue May 20 00:30:25 CEST 2014: 74: finished (552ms, 65cycles)
Tue May 20 00:30:25 CEST 2014: 74: Solution found.
Tue May 20 00:30:26 CEST 2014: 75: finished (540ms, 66cycles)
Tue May 20 00:30:26 CEST 2014: 75: Solution found.
Tue May 20 00:30:26 CEST 2014: 76: finished (226ms, 24cycles)
Tue May 20 00:30:26 CEST 2014: 76: Solution found.
Tue May 20 00:30:26 CEST 2014: 77: finished (587ms, 75cycles)
Tue May 20 00:30:26 CEST 2014: 77: Solution found.
Tue May 20 00:30:27 CEST 2014: 78: finished (239ms, 29cycles)
Tue May 20 00:30:27 CEST 2014: 78: Solution found.
Tue May 20 00:30:27 CEST 2014: 79: finished (338ms, 37cycles)
Tue May 20 00:30:27 CEST 2014: 79: Solution found.
Tue May 20 00:30:28 CEST 2014: 80: finished (627ms, 63cycles)
Tue May 20 00:30:28 CEST 2014: 80: Solution found.
Tue May 20 00:30:28 CEST 2014: 81: finished (688ms, 85cycles)
Tue May 20 00:30:28 CEST 2014: 81: Solution found.
Tue May 20 00:30:29 CEST 2014: 82: finished (932ms, 90cycles)
Tue May 20 00:30:29 CEST 2014: 82: Solution found.
Tue May 20 00:30:30 CEST 2014: 83: finished (697ms, 81cycles)
Tue May 20 00:30:30 CEST 2014: 83: Solution found.
Tue May 20 00:30:30 CEST 2014: 84: finished (399ms, 48cycles)
Tue May 20 00:30:30 CEST 2014: 84: Solution found.
Tue May 20 00:30:31 CEST 2014: 85: finished (618ms, 70cycles)
Tue May 20 00:30:31 CEST 2014: 85: Solution found.
Tue May 20 00:30:32 CEST 2014: 86: finished (472ms, 58cycles)
Tue May 20 00:30:32 CEST 2014: 86: Solution found.
Tue May 20 00:30:32 CEST 2014: 87: finished (425ms, 48cycles)
Tue May 20 00:30:32 CEST 2014: 87: Solution found.
Tue May 20 00:30:32 CEST 2014: 88: finished (307ms, 40cycles)
Tue May 20 00:30:32 CEST 2014: 88: Solution found.
Tue May 20 00:30:33 CEST 2014: 89: finished (583ms, 69cycles)
Tue May 20 00:30:33 CEST 2014: 89: Solution found.
Tue May 20 00:30:33 CEST 2014: 90: finished (324ms, 40cycles)
Tue May 20 00:30:33 CEST 2014: 90: Solution found.
Tue May 20 00:30:34 CEST 2014: 91: finished (672ms, 79cycles)
Tue May 20 00:30:34 CEST 2014: 91: Solution found.
Tue May 20 00:30:34 CEST 2014: 92: finished (447ms, 54cycles)
Tue May 20 00:30:34 CEST 2014: 92: Solution found.
Tue May 20 00:30:35 CEST 2014: 93: finished (499ms, 52cycles)
Tue May 20 00:30:35 CEST 2014: 93: Solution found.
Tue May 20 00:30:36 CEST 2014: 94: finished (619ms, 69cycles)
Tue May 20 00:30:36 CEST 2014: 94: Solution found.
Tue May 20 00:30:36 CEST 2014: 95: finished (414ms, 46cycles)
Tue May 20 00:30:36 CEST 2014: 95: Solution found.
Tue May 20 00:30:36 CEST 2014: 96: finished (458ms, 58cycles)
Tue May 20 00:30:37 CEST 2014: 96: Solution found.
Tue May 20 00:30:37 CEST 2014: 97: finished (530ms, 61cycles)
Tue May 20 00:30:37 CEST 2014: 97: Solution found.
Tue May 20 00:30:37 CEST 2014: 98: finished (211ms, 24cycles)
Tue May 20 00:30:37 CEST 2014: 98: Solution found.
Tue May 20 00:30:38 CEST 2014: 99: finished (595ms, 70cycles)
Tue May 20 00:30:38 CEST 2014: 99: Solution found.
Tue May 20 00:30:38 CEST 2014: Solution Found: 100
Tue May 20 00:30:38 CEST 2014: Avg cycles: 58
Tue May 20 00:30:38 CEST 2014: Max cycles: 110
Tue May 20 00:30:38 CEST 2014: Min cycles: 24
Tue May 20 00:30:38 CEST 2014: No solution found: 0
Tue May 20 00:30:38 CEST 2014: logging finished. (runtime: 51743ms)
