Mon May 19 21:51:58 CEST 2014: Problem Count: 9
Mon May 19 21:51:58 CEST 2014: CandidatesCount: 100
Mon May 19 21:51:58 CEST 2014: Max Cycles: 500
Mon May 19 21:51:59 CEST 2014: 0: finished (553ms, 134cycles)
Mon May 19 21:51:59 CEST 2014: 0: Solution found.
Mon May 19 21:51:59 CEST 2014: 1: finished (206ms, 74cycles)
Mon May 19 21:51:59 CEST 2014: 1: Solution found.
Mon May 19 21:52:00 CEST 2014: 2: finished (643ms, 168cycles)
Mon May 19 21:52:00 CEST 2014: 2: Solution found.
Mon May 19 21:52:00 CEST 2014: 3: finished (449ms, 85cycles)
Mon May 19 21:52:00 CEST 2014: 3: Solution found.
Mon May 19 21:52:00 CEST 2014: 4: finished (280ms, 65cycles)
Mon May 19 21:52:00 CEST 2014: 4: Solution found.
Mon May 19 21:52:01 CEST 2014: 5: finished (975ms, 100cycles)
Mon May 19 21:52:01 CEST 2014: 5: Solution found.
Mon May 19 21:52:02 CEST 2014: 6: finished (385ms, 97cycles)
Mon May 19 21:52:02 CEST 2014: 6: Solution found.
Mon May 19 21:52:02 CEST 2014: 7: finished (156ms, 39cycles)
Mon May 19 21:52:02 CEST 2014: 7: Solution found.
Mon May 19 21:52:02 CEST 2014: 8: finished (288ms, 78cycles)
Mon May 19 21:52:02 CEST 2014: 8: Solution found.
Mon May 19 21:52:02 CEST 2014: 9: finished (86ms, 30cycles)
Mon May 19 21:52:02 CEST 2014: 9: Solution found.
Mon May 19 21:52:02 CEST 2014: 10: finished (103ms, 29cycles)
Mon May 19 21:52:02 CEST 2014: 10: Solution found.
Mon May 19 21:52:03 CEST 2014: 11: finished (1037ms, 109cycles)
Mon May 19 21:52:03 CEST 2014: 11: Solution found.
Mon May 19 21:52:04 CEST 2014: 12: finished (567ms, 116cycles)
Mon May 19 21:52:04 CEST 2014: 12: Solution found.
Mon May 19 21:52:04 CEST 2014: 13: finished (428ms, 64cycles)
Mon May 19 21:52:05 CEST 2014: 13: Solution found.
Mon May 19 21:52:15 CEST 2014: 14: finished (10894ms, 500cycles)
Mon May 19 21:52:15 CEST 2014: 14: No solution found.
Mon May 19 21:52:16 CEST 2014: 15: finished (795ms, 100cycles)
Mon May 19 21:52:16 CEST 2014: 15: Solution found.
Mon May 19 21:52:18 CEST 2014: 16: finished (1265ms, 151cycles)
Mon May 19 21:52:18 CEST 2014: 16: Solution found.
Mon May 19 21:52:18 CEST 2014: 17: finished (149ms, 31cycles)
Mon May 19 21:52:18 CEST 2014: 17: Solution found.
Mon May 19 21:52:18 CEST 2014: 18: finished (533ms, 49cycles)
Mon May 19 21:52:18 CEST 2014: 18: Solution found.
Mon May 19 21:52:19 CEST 2014: 19: finished (749ms, 138cycles)
Mon May 19 21:52:19 CEST 2014: 19: Solution found.
Mon May 19 21:52:20 CEST 2014: 20: finished (868ms, 146cycles)
Mon May 19 21:52:20 CEST 2014: 20: Solution found.
Mon May 19 21:52:20 CEST 2014: 21: finished (386ms, 74cycles)
Mon May 19 21:52:20 CEST 2014: 21: Solution found.
Mon May 19 21:52:21 CEST 2014: 22: finished (530ms, 111cycles)
Mon May 19 21:52:21 CEST 2014: 22: Solution found.
Mon May 19 21:52:21 CEST 2014: 23: finished (306ms, 39cycles)
Mon May 19 21:52:21 CEST 2014: 23: Solution found.
Mon May 19 21:52:21 CEST 2014: 24: finished (299ms, 99cycles)
Mon May 19 21:52:21 CEST 2014: 24: Solution found.
Mon May 19 21:52:23 CEST 2014: 25: finished (1811ms, 157cycles)
Mon May 19 21:52:23 CEST 2014: 25: Solution found.
Mon May 19 21:52:24 CEST 2014: 26: finished (515ms, 84cycles)
Mon May 19 21:52:24 CEST 2014: 26: Solution found.
Mon May 19 21:52:25 CEST 2014: 27: finished (686ms, 90cycles)
Mon May 19 21:52:25 CEST 2014: 27: Solution found.
Mon May 19 21:52:25 CEST 2014: 28: finished (382ms, 69cycles)
Mon May 19 21:52:25 CEST 2014: 28: Solution found.
Mon May 19 21:52:26 CEST 2014: 29: finished (582ms, 121cycles)
Mon May 19 21:52:26 CEST 2014: 29: Solution found.
Mon May 19 21:52:27 CEST 2014: 30: finished (1532ms, 148cycles)
Mon May 19 21:52:27 CEST 2014: 30: Solution found.
Mon May 19 21:52:28 CEST 2014: 31: finished (1311ms, 232cycles)
Mon May 19 21:52:28 CEST 2014: 31: Solution found.
Mon May 19 21:52:29 CEST 2014: 32: finished (432ms, 66cycles)
Mon May 19 21:52:29 CEST 2014: 32: Solution found.
Mon May 19 21:52:29 CEST 2014: 33: finished (352ms, 60cycles)
Mon May 19 21:52:29 CEST 2014: 33: Solution found.
Mon May 19 21:52:29 CEST 2014: 34: finished (249ms, 58cycles)
Mon May 19 21:52:29 CEST 2014: 34: Solution found.
Mon May 19 21:52:30 CEST 2014: 35: finished (706ms, 113cycles)
Mon May 19 21:52:30 CEST 2014: 35: Solution found.
Mon May 19 21:52:32 CEST 2014: 36: finished (1851ms, 109cycles)
Mon May 19 21:52:32 CEST 2014: 36: Solution found.
Mon May 19 21:52:32 CEST 2014: 37: finished (195ms, 39cycles)
Mon May 19 21:52:32 CEST 2014: 37: Solution found.
Mon May 19 21:52:33 CEST 2014: 38: finished (590ms, 115cycles)
Mon May 19 21:52:33 CEST 2014: 38: Solution found.
Mon May 19 21:52:33 CEST 2014: 39: finished (585ms, 114cycles)
Mon May 19 21:52:34 CEST 2014: 39: Solution found.
Mon May 19 21:52:34 CEST 2014: 40: finished (385ms, 55cycles)
Mon May 19 21:52:34 CEST 2014: 40: Solution found.
Mon May 19 21:52:34 CEST 2014: 41: finished (556ms, 96cycles)
Mon May 19 21:52:35 CEST 2014: 41: Solution found.
Mon May 19 21:52:35 CEST 2014: 42: finished (957ms, 169cycles)
Mon May 19 21:52:35 CEST 2014: 42: Solution found.
Mon May 19 21:52:36 CEST 2014: 43: finished (182ms, 46cycles)
Mon May 19 21:52:36 CEST 2014: 43: Solution found.
Mon May 19 21:52:36 CEST 2014: 44: finished (248ms, 55cycles)
Mon May 19 21:52:36 CEST 2014: 44: Solution found.
Mon May 19 21:52:36 CEST 2014: 45: finished (249ms, 65cycles)
Mon May 19 21:52:36 CEST 2014: 45: Solution found.
Mon May 19 21:52:37 CEST 2014: 46: finished (946ms, 137cycles)
Mon May 19 21:52:37 CEST 2014: 46: Solution found.
Mon May 19 21:52:38 CEST 2014: 47: finished (719ms, 107cycles)
Mon May 19 21:52:38 CEST 2014: 47: Solution found.
Mon May 19 21:52:38 CEST 2014: 48: finished (229ms, 39cycles)
Mon May 19 21:52:38 CEST 2014: 48: Solution found.
Mon May 19 21:52:38 CEST 2014: 49: finished (268ms, 65cycles)
Mon May 19 21:52:38 CEST 2014: 49: Solution found.
Mon May 19 21:52:40 CEST 2014: 50: finished (1699ms, 155cycles)
Mon May 19 21:52:40 CEST 2014: 50: Solution found.
Mon May 19 21:52:41 CEST 2014: 51: finished (379ms, 81cycles)
Mon May 19 21:52:41 CEST 2014: 51: Solution found.
Mon May 19 21:52:41 CEST 2014: 52: finished (92ms, 27cycles)
Mon May 19 21:52:41 CEST 2014: 52: Solution found.
Mon May 19 21:52:41 CEST 2014: 53: finished (285ms, 54cycles)
Mon May 19 21:52:41 CEST 2014: 53: Solution found.
Mon May 19 21:52:42 CEST 2014: 54: finished (1365ms, 135cycles)
Mon May 19 21:52:42 CEST 2014: 54: Solution found.
Mon May 19 21:52:43 CEST 2014: 55: finished (312ms, 86cycles)
Mon May 19 21:52:43 CEST 2014: 55: Solution found.
Mon May 19 21:52:43 CEST 2014: 56: finished (165ms, 56cycles)
Mon May 19 21:52:43 CEST 2014: 56: Solution found.
Mon May 19 21:52:43 CEST 2014: 57: finished (543ms, 114cycles)
Mon May 19 21:52:43 CEST 2014: 57: Solution found.
Mon May 19 21:52:44 CEST 2014: 58: finished (336ms, 68cycles)
Mon May 19 21:52:44 CEST 2014: 58: Solution found.
Mon May 19 21:52:45 CEST 2014: 59: finished (890ms, 118cycles)
Mon May 19 21:52:45 CEST 2014: 59: Solution found.
Mon May 19 21:52:45 CEST 2014: 60: finished (438ms, 82cycles)
Mon May 19 21:52:45 CEST 2014: 60: Solution found.
Mon May 19 21:52:45 CEST 2014: 61: finished (322ms, 82cycles)
Mon May 19 21:52:46 CEST 2014: 61: Solution found.
Mon May 19 21:52:46 CEST 2014: 62: finished (625ms, 93cycles)
Mon May 19 21:52:46 CEST 2014: 62: Solution found.
Mon May 19 21:52:46 CEST 2014: 63: finished (340ms, 64cycles)
Mon May 19 21:52:47 CEST 2014: 63: Solution found.
Mon May 19 21:52:47 CEST 2014: 64: finished (448ms, 112cycles)
Mon May 19 21:52:47 CEST 2014: 64: Solution found.
Mon May 19 21:52:49 CEST 2014: 65: finished (2389ms, 184cycles)
Mon May 19 21:52:49 CEST 2014: 65: Solution found.
Mon May 19 21:52:50 CEST 2014: 66: finished (412ms, 77cycles)
Mon May 19 21:52:50 CEST 2014: 66: Solution found.
Mon May 19 21:52:50 CEST 2014: 67: finished (220ms, 40cycles)
Mon May 19 21:52:50 CEST 2014: 67: Solution found.
Mon May 19 21:52:50 CEST 2014: 68: finished (156ms, 43cycles)
Mon May 19 21:52:50 CEST 2014: 68: Solution found.
Mon May 19 21:52:51 CEST 2014: 69: finished (319ms, 80cycles)
Mon May 19 21:52:51 CEST 2014: 69: Solution found.
Mon May 19 21:52:51 CEST 2014: 70: finished (303ms, 65cycles)
Mon May 19 21:52:51 CEST 2014: 70: Solution found.
Mon May 19 21:52:52 CEST 2014: 71: finished (733ms, 154cycles)
Mon May 19 21:52:52 CEST 2014: 71: Solution found.
Mon May 19 21:52:53 CEST 2014: 72: finished (920ms, 124cycles)
Mon May 19 21:52:53 CEST 2014: 72: Solution found.
Mon May 19 21:52:55 CEST 2014: 73: finished (1974ms, 144cycles)
Mon May 19 21:52:55 CEST 2014: 73: Solution found.
Mon May 19 21:52:55 CEST 2014: 74: finished (431ms, 63cycles)
Mon May 19 21:52:55 CEST 2014: 74: Solution found.
Mon May 19 21:52:55 CEST 2014: 75: finished (287ms, 66cycles)
Mon May 19 21:52:55 CEST 2014: 75: Solution found.
Mon May 19 21:52:56 CEST 2014: 76: finished (549ms, 91cycles)
Mon May 19 21:52:56 CEST 2014: 76: Solution found.
Mon May 19 21:52:57 CEST 2014: 77: finished (1043ms, 158cycles)
Mon May 19 21:52:57 CEST 2014: 77: Solution found.
Mon May 19 21:52:57 CEST 2014: 78: finished (428ms, 57cycles)
Mon May 19 21:52:57 CEST 2014: 78: Solution found.
Mon May 19 21:52:59 CEST 2014: 79: finished (1862ms, 148cycles)
Mon May 19 21:52:59 CEST 2014: 79: Solution found.
Mon May 19 21:53:01 CEST 2014: 80: finished (1266ms, 116cycles)
Mon May 19 21:53:01 CEST 2014: 80: Solution found.
Mon May 19 21:53:01 CEST 2014: 81: finished (470ms, 111cycles)
Mon May 19 21:53:01 CEST 2014: 81: Solution found.
Mon May 19 21:53:02 CEST 2014: 82: finished (635ms, 103cycles)
Mon May 19 21:53:02 CEST 2014: 82: Solution found.
Mon May 19 21:53:02 CEST 2014: 83: finished (581ms, 90cycles)
Mon May 19 21:53:02 CEST 2014: 83: Solution found.
Mon May 19 21:53:03 CEST 2014: 84: finished (565ms, 81cycles)
Mon May 19 21:53:03 CEST 2014: 84: Solution found.
Mon May 19 21:53:03 CEST 2014: 85: finished (135ms, 34cycles)
Mon May 19 21:53:03 CEST 2014: 85: Solution found.
Mon May 19 21:53:03 CEST 2014: 86: finished (458ms, 61cycles)
Mon May 19 21:53:03 CEST 2014: 86: Solution found.
Mon May 19 21:53:04 CEST 2014: 87: finished (833ms, 123cycles)
Mon May 19 21:53:04 CEST 2014: 87: Solution found.
Mon May 19 21:53:05 CEST 2014: 88: finished (632ms, 59cycles)
Mon May 19 21:53:05 CEST 2014: 88: Solution found.
Mon May 19 21:53:06 CEST 2014: 89: finished (550ms, 52cycles)
Mon May 19 21:53:06 CEST 2014: 89: Solution found.
Mon May 19 21:53:06 CEST 2014: 90: finished (490ms, 50cycles)
Mon May 19 21:53:06 CEST 2014: 90: Solution found.
Mon May 19 21:53:06 CEST 2014: 91: finished (440ms, 49cycles)
Mon May 19 21:53:06 CEST 2014: 91: Solution found.
Mon May 19 21:53:07 CEST 2014: 92: finished (893ms, 99cycles)
Mon May 19 21:53:07 CEST 2014: 92: Solution found.
Mon May 19 21:53:08 CEST 2014: 93: finished (704ms, 101cycles)
Mon May 19 21:53:08 CEST 2014: 93: Solution found.
Mon May 19 21:53:08 CEST 2014: 94: finished (318ms, 82cycles)
Mon May 19 21:53:08 CEST 2014: 94: Solution found.
Mon May 19 21:53:09 CEST 2014: 95: finished (271ms, 82cycles)
Mon May 19 21:53:09 CEST 2014: 95: Solution found.
Mon May 19 21:53:09 CEST 2014: 96: finished (233ms, 65cycles)
Mon May 19 21:53:09 CEST 2014: 96: Solution found.
Mon May 19 21:53:09 CEST 2014: 97: finished (129ms, 35cycles)
Mon May 19 21:53:09 CEST 2014: 97: Solution found.
Mon May 19 21:53:10 CEST 2014: 98: finished (731ms, 131cycles)
Mon May 19 21:53:10 CEST 2014: 98: Solution found.
Mon May 19 21:53:11 CEST 2014: 99: finished (674ms, 148cycles)
Mon May 19 21:53:11 CEST 2014: 99: Solution found.
Mon May 19 21:53:11 CEST 2014: Solution Found: 99
Mon May 19 21:53:11 CEST 2014: Avg cycles: 91
Mon May 19 21:53:11 CEST 2014: Max cycles: 232
Mon May 19 21:53:11 CEST 2014: Min cycles: 27
Mon May 19 21:53:11 CEST 2014: No solution found: 1
Mon May 19 21:53:11 CEST 2014: logging finished. (runtime: 72449ms)
