Mon May 19 20:17:09 CEST 2014: Problem Count: 3
Mon May 19 20:17:09 CEST 2014: CandidatesCount: 100
Mon May 19 20:17:09 CEST 2014: Max Cycles: 500
Mon May 19 20:17:16 CEST 2014: 0: finished (6631ms, 500cycles)
Mon May 19 20:17:16 CEST 2014: 0: No solution found.
Mon May 19 20:17:25 CEST 2014: 1: finished (8542ms, 500cycles)
Mon May 19 20:17:25 CEST 2014: 1: No solution found.
Mon May 19 20:17:31 CEST 2014: 2: finished (6226ms, 500cycles)
Mon May 19 20:17:31 CEST 2014: 2: No solution found.
Mon May 19 20:17:40 CEST 2014: 3: finished (8983ms, 500cycles)
Mon May 19 20:17:40 CEST 2014: 3: No solution found.
Mon May 19 20:17:47 CEST 2014: 4: finished (6827ms, 500cycles)
Mon May 19 20:17:47 CEST 2014: 4: No solution found.
Mon May 19 20:17:51 CEST 2014: 5: finished (4810ms, 500cycles)
Mon May 19 20:17:51 CEST 2014: 5: No solution found.
Mon May 19 20:17:59 CEST 2014: 6: finished (7730ms, 500cycles)
Mon May 19 20:17:59 CEST 2014: 6: No solution found.
Mon May 19 20:18:07 CEST 2014: 7: finished (8198ms, 500cycles)
Mon May 19 20:18:07 CEST 2014: 7: No solution found.
Mon May 19 20:18:12 CEST 2014: 8: finished (4983ms, 500cycles)
Mon May 19 20:18:12 CEST 2014: 8: No solution found.
Mon May 19 20:18:20 CEST 2014: 9: finished (7834ms, 500cycles)
Mon May 19 20:18:20 CEST 2014: 9: No solution found.
Mon May 19 20:18:21 CEST 2014: 10: finished (689ms, 72cycles)
Mon May 19 20:18:21 CEST 2014: 10: Solution found.
Mon May 19 20:18:29 CEST 2014: 11: finished (7875ms, 500cycles)
Mon May 19 20:18:29 CEST 2014: 11: No solution found.
Mon May 19 20:18:35 CEST 2014: 12: finished (5806ms, 500cycles)
Mon May 19 20:18:35 CEST 2014: 12: No solution found.
Mon May 19 20:18:35 CEST 2014: 13: finished (440ms, 58cycles)
Mon May 19 20:18:35 CEST 2014: 13: Solution found.
Mon May 19 20:18:40 CEST 2014: 14: finished (4421ms, 500cycles)
Mon May 19 20:18:40 CEST 2014: 14: No solution found.
Mon May 19 20:18:45 CEST 2014: 15: finished (4919ms, 500cycles)
Mon May 19 20:18:45 CEST 2014: 15: No solution found.
Mon May 19 20:18:54 CEST 2014: 16: finished (9525ms, 500cycles)
Mon May 19 20:18:54 CEST 2014: 16: No solution found.
Mon May 19 20:18:59 CEST 2014: 17: finished (5027ms, 500cycles)
Mon May 19 20:18:59 CEST 2014: 17: No solution found.
Mon May 19 20:19:05 CEST 2014: 18: finished (5703ms, 500cycles)
Mon May 19 20:19:05 CEST 2014: 18: No solution found.
Mon May 19 20:19:11 CEST 2014: 19: finished (6080ms, 500cycles)
Mon May 19 20:19:11 CEST 2014: 19: No solution found.
Mon May 19 20:19:17 CEST 2014: 20: finished (6276ms, 500cycles)
Mon May 19 20:19:17 CEST 2014: 20: No solution found.
Mon May 19 20:19:24 CEST 2014: 21: finished (6868ms, 500cycles)
Mon May 19 20:19:24 CEST 2014: 21: No solution found.
Mon May 19 20:19:31 CEST 2014: 22: finished (6547ms, 500cycles)
Mon May 19 20:19:31 CEST 2014: 22: No solution found.
Mon May 19 20:19:40 CEST 2014: 23: finished (9173ms, 500cycles)
Mon May 19 20:19:40 CEST 2014: 23: No solution found.
Mon May 19 20:19:46 CEST 2014: 24: finished (5993ms, 500cycles)
Mon May 19 20:19:46 CEST 2014: 24: No solution found.
Mon May 19 20:19:47 CEST 2014: 25: finished (1524ms, 128cycles)
Mon May 19 20:19:47 CEST 2014: 25: Solution found.
Mon May 19 20:19:56 CEST 2014: 26: finished (8516ms, 500cycles)
Mon May 19 20:19:56 CEST 2014: 26: No solution found.
Mon May 19 20:20:04 CEST 2014: 27: finished (8027ms, 500cycles)
Mon May 19 20:20:04 CEST 2014: 27: No solution found.
Mon May 19 20:20:10 CEST 2014: 28: finished (6274ms, 500cycles)
Mon May 19 20:20:10 CEST 2014: 28: No solution found.
Mon May 19 20:20:20 CEST 2014: 29: finished (9774ms, 500cycles)
Mon May 19 20:20:20 CEST 2014: 29: No solution found.
Mon May 19 20:20:27 CEST 2014: 30: finished (6469ms, 500cycles)
Mon May 19 20:20:27 CEST 2014: 30: No solution found.
Mon May 19 20:20:33 CEST 2014: 31: finished (6173ms, 500cycles)
Mon May 19 20:20:33 CEST 2014: 31: No solution found.
Mon May 19 20:20:34 CEST 2014: 32: finished (766ms, 134cycles)
Mon May 19 20:20:34 CEST 2014: 32: Solution found.
Mon May 19 20:20:39 CEST 2014: 33: finished (5693ms, 500cycles)
Mon May 19 20:20:39 CEST 2014: 33: No solution found.
Mon May 19 20:20:49 CEST 2014: 34: finished (10136ms, 500cycles)
Mon May 19 20:20:49 CEST 2014: 34: No solution found.
Mon May 19 20:20:54 CEST 2014: 35: finished (5026ms, 500cycles)
Mon May 19 20:20:54 CEST 2014: 35: No solution found.
Mon May 19 20:21:02 CEST 2014: 36: finished (7860ms, 500cycles)
Mon May 19 20:21:02 CEST 2014: 36: No solution found.
Mon May 19 20:21:07 CEST 2014: 37: finished (4845ms, 500cycles)
Mon May 19 20:21:07 CEST 2014: 37: No solution found.
Mon May 19 20:21:14 CEST 2014: 38: finished (7111ms, 500cycles)
Mon May 19 20:21:14 CEST 2014: 38: No solution found.
Mon May 19 20:21:20 CEST 2014: 39: finished (5301ms, 500cycles)
Mon May 19 20:21:20 CEST 2014: 39: No solution found.
Mon May 19 20:21:28 CEST 2014: 40: finished (8217ms, 500cycles)
Mon May 19 20:21:28 CEST 2014: 40: No solution found.
Mon May 19 20:21:28 CEST 2014: 41: finished (107ms, 17cycles)
Mon May 19 20:21:28 CEST 2014: 41: Solution found.
Mon May 19 20:21:33 CEST 2014: 42: finished (5172ms, 500cycles)
Mon May 19 20:21:33 CEST 2014: 42: No solution found.
Mon May 19 20:21:38 CEST 2014: 43: finished (4862ms, 500cycles)
Mon May 19 20:21:38 CEST 2014: 43: No solution found.
Mon May 19 20:21:43 CEST 2014: 44: finished (5221ms, 500cycles)
Mon May 19 20:21:43 CEST 2014: 44: No solution found.
Mon May 19 20:21:49 CEST 2014: 45: finished (5630ms, 500cycles)
Mon May 19 20:21:49 CEST 2014: 45: No solution found.
Mon May 19 20:21:53 CEST 2014: 46: finished (4599ms, 500cycles)
Mon May 19 20:21:54 CEST 2014: 46: No solution found.
Mon May 19 20:21:58 CEST 2014: 47: finished (4396ms, 500cycles)
Mon May 19 20:21:58 CEST 2014: 47: No solution found.
Mon May 19 20:22:06 CEST 2014: 48: finished (8186ms, 500cycles)
Mon May 19 20:22:06 CEST 2014: 48: No solution found.
Mon May 19 20:22:11 CEST 2014: 49: finished (5038ms, 500cycles)
Mon May 19 20:22:11 CEST 2014: 49: No solution found.
Mon May 19 20:22:16 CEST 2014: 50: finished (4438ms, 500cycles)
Mon May 19 20:22:16 CEST 2014: 50: No solution found.
Mon May 19 20:22:21 CEST 2014: 51: finished (5721ms, 500cycles)
Mon May 19 20:22:21 CEST 2014: 51: No solution found.
Mon May 19 20:22:27 CEST 2014: 52: finished (5432ms, 500cycles)
Mon May 19 20:22:27 CEST 2014: 52: No solution found.
Mon May 19 20:22:27 CEST 2014: 53: finished (411ms, 58cycles)
Mon May 19 20:22:27 CEST 2014: 53: Solution found.
Mon May 19 20:22:32 CEST 2014: 54: finished (4763ms, 500cycles)
Mon May 19 20:22:32 CEST 2014: 54: No solution found.
Mon May 19 20:22:37 CEST 2014: 55: finished (5347ms, 500cycles)
Mon May 19 20:22:37 CEST 2014: 55: No solution found.
Mon May 19 20:22:46 CEST 2014: 56: finished (8790ms, 500cycles)
Mon May 19 20:22:46 CEST 2014: 56: No solution found.
Mon May 19 20:22:51 CEST 2014: 57: finished (5115ms, 500cycles)
Mon May 19 20:22:51 CEST 2014: 57: No solution found.
Mon May 19 20:22:56 CEST 2014: 58: finished (4630ms, 500cycles)
Mon May 19 20:22:56 CEST 2014: 58: No solution found.
Mon May 19 20:23:06 CEST 2014: 59: finished (9546ms, 500cycles)
Mon May 19 20:23:06 CEST 2014: 59: No solution found.
Mon May 19 20:23:12 CEST 2014: 60: finished (6045ms, 500cycles)
Mon May 19 20:23:12 CEST 2014: 60: No solution found.
Mon May 19 20:23:16 CEST 2014: 61: finished (4008ms, 404cycles)
Mon May 19 20:23:16 CEST 2014: 61: Solution found.
Mon May 19 20:23:22 CEST 2014: 62: finished (6813ms, 500cycles)
Mon May 19 20:23:22 CEST 2014: 62: No solution found.
Mon May 19 20:23:29 CEST 2014: 63: finished (6369ms, 500cycles)
Mon May 19 20:23:29 CEST 2014: 63: No solution found.
Mon May 19 20:23:34 CEST 2014: 64: finished (5429ms, 411cycles)
Mon May 19 20:23:34 CEST 2014: 64: Solution found.
Mon May 19 20:23:37 CEST 2014: 65: finished (2673ms, 324cycles)
Mon May 19 20:23:37 CEST 2014: 65: Solution found.
Mon May 19 20:23:44 CEST 2014: 66: finished (7081ms, 500cycles)
Mon May 19 20:23:44 CEST 2014: 66: No solution found.
Mon May 19 20:23:49 CEST 2014: 67: finished (4872ms, 500cycles)
Mon May 19 20:23:49 CEST 2014: 67: No solution found.
Mon May 19 20:23:54 CEST 2014: 68: finished (5209ms, 500cycles)
Mon May 19 20:23:54 CEST 2014: 68: No solution found.
Mon May 19 20:24:01 CEST 2014: 69: finished (6384ms, 500cycles)
Mon May 19 20:24:01 CEST 2014: 69: No solution found.
Mon May 19 20:24:07 CEST 2014: 70: finished (6213ms, 500cycles)
Mon May 19 20:24:07 CEST 2014: 70: No solution found.
Mon May 19 20:24:13 CEST 2014: 71: finished (6069ms, 500cycles)
Mon May 19 20:24:13 CEST 2014: 71: No solution found.
Mon May 19 20:24:15 CEST 2014: 72: finished (1654ms, 170cycles)
Mon May 19 20:24:15 CEST 2014: 72: Solution found.
Mon May 19 20:24:19 CEST 2014: 73: finished (4439ms, 500cycles)
Mon May 19 20:24:19 CEST 2014: 73: No solution found.
Mon May 19 20:24:26 CEST 2014: 74: finished (6834ms, 500cycles)
Mon May 19 20:24:26 CEST 2014: 74: No solution found.
Mon May 19 20:24:29 CEST 2014: 75: finished (3354ms, 335cycles)
Mon May 19 20:24:29 CEST 2014: 75: Solution found.
Mon May 19 20:24:35 CEST 2014: 76: finished (5563ms, 500cycles)
Mon May 19 20:24:35 CEST 2014: 76: No solution found.
Mon May 19 20:24:38 CEST 2014: 77: finished (2806ms, 231cycles)
Mon May 19 20:24:38 CEST 2014: 77: Solution found.
Mon May 19 20:24:46 CEST 2014: 78: finished (8236ms, 500cycles)
Mon May 19 20:24:46 CEST 2014: 78: No solution found.
Mon May 19 20:24:50 CEST 2014: 79: finished (4510ms, 500cycles)
Mon May 19 20:24:50 CEST 2014: 79: No solution found.
Mon May 19 20:24:53 CEST 2014: 80: finished (2372ms, 236cycles)
Mon May 19 20:24:53 CEST 2014: 80: Solution found.
Mon May 19 20:24:57 CEST 2014: 81: finished (3760ms, 285cycles)
Mon May 19 20:24:57 CEST 2014: 81: Solution found.
Mon May 19 20:25:04 CEST 2014: 82: finished (7801ms, 500cycles)
Mon May 19 20:25:04 CEST 2014: 82: No solution found.
Mon May 19 20:25:10 CEST 2014: 83: finished (6032ms, 500cycles)
Mon May 19 20:25:10 CEST 2014: 83: No solution found.
Mon May 19 20:25:15 CEST 2014: 84: finished (5001ms, 500cycles)
Mon May 19 20:25:15 CEST 2014: 84: No solution found.
Mon May 19 20:25:23 CEST 2014: 85: finished (7473ms, 500cycles)
Mon May 19 20:25:23 CEST 2014: 85: No solution found.
Mon May 19 20:25:32 CEST 2014: 86: finished (8734ms, 500cycles)
Mon May 19 20:25:32 CEST 2014: 86: No solution found.
Mon May 19 20:25:34 CEST 2014: 87: finished (2047ms, 157cycles)
Mon May 19 20:25:34 CEST 2014: 87: Solution found.
Mon May 19 20:25:40 CEST 2014: 88: finished (5948ms, 500cycles)
Mon May 19 20:25:40 CEST 2014: 88: No solution found.
Mon May 19 20:25:49 CEST 2014: 89: finished (9362ms, 500cycles)
Mon May 19 20:25:49 CEST 2014: 89: No solution found.
Mon May 19 20:25:57 CEST 2014: 90: finished (7610ms, 500cycles)
Mon May 19 20:25:57 CEST 2014: 90: No solution found.
Mon May 19 20:26:09 CEST 2014: 91: finished (11899ms, 500cycles)
Mon May 19 20:26:09 CEST 2014: 91: No solution found.
Mon May 19 20:26:15 CEST 2014: 92: finished (5920ms, 500cycles)
Mon May 19 20:26:15 CEST 2014: 92: No solution found.
Mon May 19 20:26:22 CEST 2014: 93: finished (7148ms, 500cycles)
Mon May 19 20:26:22 CEST 2014: 93: No solution found.
Mon May 19 20:26:24 CEST 2014: 94: finished (2428ms, 274cycles)
Mon May 19 20:26:24 CEST 2014: 94: Solution found.
Mon May 19 20:26:31 CEST 2014: 95: finished (6615ms, 500cycles)
Mon May 19 20:26:31 CEST 2014: 95: No solution found.
Mon May 19 20:26:37 CEST 2014: 96: finished (6528ms, 500cycles)
Mon May 19 20:26:37 CEST 2014: 96: No solution found.
Mon May 19 20:26:41 CEST 2014: 97: finished (4015ms, 500cycles)
Mon May 19 20:26:41 CEST 2014: 97: No solution found.
Mon May 19 20:26:46 CEST 2014: 98: finished (4425ms, 500cycles)
Mon May 19 20:26:46 CEST 2014: 98: No solution found.
Mon May 19 20:26:53 CEST 2014: 99: finished (6928ms, 500cycles)
Mon May 19 20:26:53 CEST 2014: 99: No solution found.
Mon May 19 20:26:53 CEST 2014: Solution Found: 16
Mon May 19 20:26:53 CEST 2014: Avg cycles: 205
Mon May 19 20:26:53 CEST 2014: Max cycles: 411
Mon May 19 20:26:53 CEST 2014: Min cycles: 17
Mon May 19 20:26:53 CEST 2014: No solution found: 84
Mon May 19 20:26:53 CEST 2014: logging finished. (runtime: 583452ms)
