Mon May 19 20:01:08 CEST 2014: Problem Count: 33
Mon May 19 20:01:08 CEST 2014: CandidatesCount: 100
Mon May 19 20:01:08 CEST 2014: Max Cycles: 500
Mon May 19 20:01:08 CEST 2014: 0: finished (290ms, 42cycles)
Mon May 19 20:01:08 CEST 2014: 0: Solution found.
Mon May 19 20:01:09 CEST 2014: 1: finished (548ms, 76cycles)
Mon May 19 20:01:09 CEST 2014: 1: Solution found.
Mon May 19 20:01:09 CEST 2014: 2: finished (539ms, 59cycles)
Mon May 19 20:01:09 CEST 2014: 2: Solution found.
Mon May 19 20:01:10 CEST 2014: 3: finished (476ms, 59cycles)
Mon May 19 20:01:10 CEST 2014: 3: Solution found.
Mon May 19 20:01:10 CEST 2014: 4: finished (266ms, 39cycles)
Mon May 19 20:01:10 CEST 2014: 4: Solution found.
Mon May 19 20:01:10 CEST 2014: 5: finished (266ms, 42cycles)
Mon May 19 20:01:10 CEST 2014: 5: Solution found.
Mon May 19 20:01:11 CEST 2014: 6: finished (530ms, 76cycles)
Mon May 19 20:01:11 CEST 2014: 6: Solution found.
Mon May 19 20:01:11 CEST 2014: 7: finished (400ms, 67cycles)
Mon May 19 20:01:11 CEST 2014: 7: Solution found.
Mon May 19 20:01:12 CEST 2014: 8: finished (430ms, 65cycles)
Mon May 19 20:01:12 CEST 2014: 8: Solution found.
Mon May 19 20:01:12 CEST 2014: 9: finished (303ms, 43cycles)
Mon May 19 20:01:12 CEST 2014: 9: Solution found.
Mon May 19 20:01:12 CEST 2014: 10: finished (569ms, 72cycles)
Mon May 19 20:01:12 CEST 2014: 10: Solution found.
Mon May 19 20:01:13 CEST 2014: 11: finished (436ms, 58cycles)
Mon May 19 20:01:13 CEST 2014: 11: Solution found.
Mon May 19 20:01:14 CEST 2014: 12: finished (619ms, 94cycles)
Mon May 19 20:01:14 CEST 2014: 12: Solution found.
Mon May 19 20:01:14 CEST 2014: 13: finished (191ms, 28cycles)
Mon May 19 20:01:14 CEST 2014: 13: Solution found.
Mon May 19 20:01:14 CEST 2014: 14: finished (216ms, 33cycles)
Mon May 19 20:01:14 CEST 2014: 14: Solution found.
Mon May 19 20:01:15 CEST 2014: 15: finished (786ms, 122cycles)
Mon May 19 20:01:15 CEST 2014: 15: Solution found.
Mon May 19 20:01:15 CEST 2014: 16: finished (268ms, 37cycles)
Mon May 19 20:01:15 CEST 2014: 16: Solution found.
Mon May 19 20:01:15 CEST 2014: 17: finished (267ms, 38cycles)
Mon May 19 20:01:15 CEST 2014: 17: Solution found.
Mon May 19 20:01:16 CEST 2014: 18: finished (584ms, 94cycles)
Mon May 19 20:01:16 CEST 2014: 18: Solution found.
Mon May 19 20:01:16 CEST 2014: 19: finished (340ms, 47cycles)
Mon May 19 20:01:16 CEST 2014: 19: Solution found.
Mon May 19 20:01:17 CEST 2014: 20: finished (697ms, 82cycles)
Mon May 19 20:01:17 CEST 2014: 20: Solution found.
Mon May 19 20:01:18 CEST 2014: 21: finished (612ms, 87cycles)
Mon May 19 20:01:18 CEST 2014: 21: Solution found.
Mon May 19 20:01:18 CEST 2014: 22: finished (552ms, 86cycles)
Mon May 19 20:01:18 CEST 2014: 22: Solution found.
Mon May 19 20:01:19 CEST 2014: 23: finished (386ms, 64cycles)
Mon May 19 20:01:19 CEST 2014: 23: Solution found.
Mon May 19 20:01:19 CEST 2014: 24: finished (316ms, 45cycles)
Mon May 19 20:01:19 CEST 2014: 24: Solution found.
Mon May 19 20:01:19 CEST 2014: 25: finished (179ms, 27cycles)
Mon May 19 20:01:19 CEST 2014: 25: Solution found.
Mon May 19 20:01:19 CEST 2014: 26: finished (289ms, 36cycles)
Mon May 19 20:01:19 CEST 2014: 26: Solution found.
Mon May 19 20:01:20 CEST 2014: 27: finished (568ms, 77cycles)
Mon May 19 20:01:20 CEST 2014: 27: Solution found.
Mon May 19 20:01:20 CEST 2014: 28: finished (232ms, 40cycles)
Mon May 19 20:01:20 CEST 2014: 28: Solution found.
Mon May 19 20:01:21 CEST 2014: 29: finished (324ms, 49cycles)
Mon May 19 20:01:21 CEST 2014: 29: Solution found.
Mon May 19 20:01:21 CEST 2014: 30: finished (566ms, 78cycles)
Mon May 19 20:01:21 CEST 2014: 30: Solution found.
Mon May 19 20:01:22 CEST 2014: 31: finished (361ms, 55cycles)
Mon May 19 20:01:22 CEST 2014: 31: Solution found.
Mon May 19 20:01:22 CEST 2014: 32: finished (290ms, 47cycles)
Mon May 19 20:01:22 CEST 2014: 32: Solution found.
Mon May 19 20:01:22 CEST 2014: 33: finished (450ms, 73cycles)
Mon May 19 20:01:22 CEST 2014: 33: Solution found.
Mon May 19 20:01:23 CEST 2014: 34: finished (444ms, 64cycles)
Mon May 19 20:01:23 CEST 2014: 34: Solution found.
Mon May 19 20:01:23 CEST 2014: 35: finished (394ms, 60cycles)
Mon May 19 20:01:23 CEST 2014: 35: Solution found.
Mon May 19 20:01:23 CEST 2014: 36: finished (246ms, 35cycles)
Mon May 19 20:01:23 CEST 2014: 36: Solution found.
Mon May 19 20:01:24 CEST 2014: 37: finished (398ms, 61cycles)
Mon May 19 20:01:24 CEST 2014: 37: Solution found.
Mon May 19 20:01:24 CEST 2014: 38: finished (527ms, 80cycles)
Mon May 19 20:01:24 CEST 2014: 38: Solution found.
Mon May 19 20:01:25 CEST 2014: 39: finished (431ms, 61cycles)
Mon May 19 20:01:25 CEST 2014: 39: Solution found.
Mon May 19 20:01:25 CEST 2014: 40: finished (390ms, 56cycles)
Mon May 19 20:01:25 CEST 2014: 40: Solution found.
Mon May 19 20:01:26 CEST 2014: 41: finished (248ms, 35cycles)
Mon May 19 20:01:26 CEST 2014: 41: Solution found.
Mon May 19 20:01:26 CEST 2014: 42: finished (752ms, 100cycles)
Mon May 19 20:01:26 CEST 2014: 42: Solution found.
Mon May 19 20:01:26 CEST 2014: 43: finished (151ms, 20cycles)
Mon May 19 20:01:26 CEST 2014: 43: Solution found.
Mon May 19 20:01:27 CEST 2014: 44: finished (546ms, 79cycles)
Mon May 19 20:01:27 CEST 2014: 44: Solution found.
Mon May 19 20:01:27 CEST 2014: 45: finished (349ms, 57cycles)
Mon May 19 20:01:27 CEST 2014: 45: Solution found.
Mon May 19 20:01:28 CEST 2014: 46: finished (578ms, 86cycles)
Mon May 19 20:01:28 CEST 2014: 46: Solution found.
Mon May 19 20:01:29 CEST 2014: 47: finished (670ms, 95cycles)
Mon May 19 20:01:29 CEST 2014: 47: Solution found.
Mon May 19 20:01:29 CEST 2014: 48: finished (313ms, 46cycles)
Mon May 19 20:01:29 CEST 2014: 48: Solution found.
Mon May 19 20:01:29 CEST 2014: 49: finished (420ms, 70cycles)
Mon May 19 20:01:29 CEST 2014: 49: Solution found.
Mon May 19 20:01:30 CEST 2014: 50: finished (293ms, 42cycles)
Mon May 19 20:01:30 CEST 2014: 50: Solution found.
Mon May 19 20:01:30 CEST 2014: 51: finished (481ms, 75cycles)
Mon May 19 20:01:30 CEST 2014: 51: Solution found.
Mon May 19 20:01:31 CEST 2014: 52: finished (390ms, 60cycles)
Mon May 19 20:01:31 CEST 2014: 52: Solution found.
Mon May 19 20:01:31 CEST 2014: 53: finished (247ms, 33cycles)
Mon May 19 20:01:31 CEST 2014: 53: Solution found.
Mon May 19 20:01:31 CEST 2014: 54: finished (378ms, 56cycles)
Mon May 19 20:01:31 CEST 2014: 54: Solution found.
Mon May 19 20:01:32 CEST 2014: 55: finished (292ms, 41cycles)
Mon May 19 20:01:32 CEST 2014: 55: Solution found.
Mon May 19 20:01:32 CEST 2014: 56: finished (614ms, 83cycles)
Mon May 19 20:01:32 CEST 2014: 56: Solution found.
Mon May 19 20:01:32 CEST 2014: 57: finished (241ms, 42cycles)
Mon May 19 20:01:32 CEST 2014: 57: Solution found.
Mon May 19 20:01:33 CEST 2014: 58: finished (166ms, 28cycles)
Mon May 19 20:01:33 CEST 2014: 58: Solution found.
Mon May 19 20:01:33 CEST 2014: 59: finished (454ms, 75cycles)
Mon May 19 20:01:33 CEST 2014: 59: Solution found.
Mon May 19 20:01:34 CEST 2014: 60: finished (422ms, 65cycles)
Mon May 19 20:01:34 CEST 2014: 60: Solution found.
Mon May 19 20:01:34 CEST 2014: 61: finished (377ms, 60cycles)
Mon May 19 20:01:34 CEST 2014: 61: Solution found.
Mon May 19 20:01:34 CEST 2014: 62: finished (320ms, 52cycles)
Mon May 19 20:01:34 CEST 2014: 62: Solution found.
Mon May 19 20:01:35 CEST 2014: 63: finished (443ms, 69cycles)
Mon May 19 20:01:35 CEST 2014: 63: Solution found.
Mon May 19 20:01:35 CEST 2014: 64: finished (371ms, 55cycles)
Mon May 19 20:01:35 CEST 2014: 64: Solution found.
Mon May 19 20:01:36 CEST 2014: 65: finished (369ms, 62cycles)
Mon May 19 20:01:36 CEST 2014: 65: Solution found.
Mon May 19 20:01:36 CEST 2014: 66: finished (342ms, 52cycles)
Mon May 19 20:01:36 CEST 2014: 66: Solution found.
Mon May 19 20:01:36 CEST 2014: 67: finished (359ms, 53cycles)
Mon May 19 20:01:36 CEST 2014: 67: Solution found.
Mon May 19 20:01:37 CEST 2014: 68: finished (442ms, 72cycles)
Mon May 19 20:01:37 CEST 2014: 68: Solution found.
Mon May 19 20:01:37 CEST 2014: 69: finished (401ms, 63cycles)
Mon May 19 20:01:37 CEST 2014: 69: Solution found.
Mon May 19 20:01:37 CEST 2014: 70: finished (322ms, 51cycles)
Mon May 19 20:01:37 CEST 2014: 70: Solution found.
Mon May 19 20:01:38 CEST 2014: 71: finished (696ms, 103cycles)
Mon May 19 20:01:38 CEST 2014: 71: Solution found.
Mon May 19 20:01:38 CEST 2014: 72: finished (325ms, 52cycles)
Mon May 19 20:01:39 CEST 2014: 72: Solution found.
Mon May 19 20:01:39 CEST 2014: 73: finished (558ms, 83cycles)
Mon May 19 20:01:39 CEST 2014: 73: Solution found.
Mon May 19 20:01:39 CEST 2014: 74: finished (357ms, 54cycles)
Mon May 19 20:01:39 CEST 2014: 74: Solution found.
Mon May 19 20:01:40 CEST 2014: 75: finished (604ms, 86cycles)
Mon May 19 20:01:40 CEST 2014: 75: Solution found.
Mon May 19 20:01:40 CEST 2014: 76: finished (303ms, 42cycles)
Mon May 19 20:01:40 CEST 2014: 76: Solution found.
Mon May 19 20:01:41 CEST 2014: 77: finished (563ms, 88cycles)
Mon May 19 20:01:41 CEST 2014: 77: Solution found.
Mon May 19 20:01:42 CEST 2014: 78: finished (914ms, 128cycles)
Mon May 19 20:01:42 CEST 2014: 78: Solution found.
Mon May 19 20:01:42 CEST 2014: 79: finished (430ms, 66cycles)
Mon May 19 20:01:42 CEST 2014: 79: Solution found.
Mon May 19 20:01:43 CEST 2014: 80: finished (451ms, 69cycles)
Mon May 19 20:01:43 CEST 2014: 80: Solution found.
Mon May 19 20:01:43 CEST 2014: 81: finished (402ms, 64cycles)
Mon May 19 20:01:43 CEST 2014: 81: Solution found.
Mon May 19 20:01:44 CEST 2014: 82: finished (310ms, 43cycles)
Mon May 19 20:01:44 CEST 2014: 82: Solution found.
Mon May 19 20:01:44 CEST 2014: 83: finished (472ms, 69cycles)
Mon May 19 20:01:44 CEST 2014: 83: Solution found.
Mon May 19 20:01:44 CEST 2014: 84: finished (326ms, 58cycles)
Mon May 19 20:01:44 CEST 2014: 84: Solution found.
Mon May 19 20:01:45 CEST 2014: 85: finished (399ms, 57cycles)
Mon May 19 20:01:45 CEST 2014: 85: Solution found.
Mon May 19 20:01:45 CEST 2014: 86: finished (415ms, 62cycles)
Mon May 19 20:01:45 CEST 2014: 86: Solution found.
Mon May 19 20:01:45 CEST 2014: 87: finished (241ms, 35cycles)
Mon May 19 20:01:45 CEST 2014: 87: Solution found.
Mon May 19 20:01:46 CEST 2014: 88: finished (380ms, 56cycles)
Mon May 19 20:01:46 CEST 2014: 88: Solution found.
Mon May 19 20:01:46 CEST 2014: 89: finished (387ms, 53cycles)
Mon May 19 20:01:46 CEST 2014: 89: Solution found.
Mon May 19 20:01:47 CEST 2014: 90: finished (323ms, 53cycles)
Mon May 19 20:01:47 CEST 2014: 90: Solution found.
Mon May 19 20:01:47 CEST 2014: 91: finished (429ms, 59cycles)
Mon May 19 20:01:47 CEST 2014: 91: Solution found.
Mon May 19 20:01:48 CEST 2014: 92: finished (590ms, 89cycles)
Mon May 19 20:01:48 CEST 2014: 92: Solution found.
Mon May 19 20:01:48 CEST 2014: 93: finished (251ms, 41cycles)
Mon May 19 20:01:48 CEST 2014: 93: Solution found.
Mon May 19 20:01:48 CEST 2014: 94: finished (459ms, 71cycles)
Mon May 19 20:01:48 CEST 2014: 94: Solution found.
Mon May 19 20:01:49 CEST 2014: 95: finished (323ms, 41cycles)
Mon May 19 20:01:49 CEST 2014: 95: Solution found.
Mon May 19 20:01:49 CEST 2014: 96: finished (612ms, 99cycles)
Mon May 19 20:01:49 CEST 2014: 96: Solution found.
Mon May 19 20:01:50 CEST 2014: 97: finished (394ms, 56cycles)
Mon May 19 20:01:50 CEST 2014: 97: Solution found.
Mon May 19 20:01:50 CEST 2014: 98: finished (497ms, 74cycles)
Mon May 19 20:01:50 CEST 2014: 98: Solution found.
Mon May 19 20:01:51 CEST 2014: 99: finished (409ms, 59cycles)
Mon May 19 20:01:51 CEST 2014: 99: Solution found.
Mon May 19 20:01:51 CEST 2014: Solution Found: 100
Mon May 19 20:01:51 CEST 2014: Avg cycles: 61
Mon May 19 20:01:51 CEST 2014: Max cycles: 128
Mon May 19 20:01:51 CEST 2014: Min cycles: 20
Mon May 19 20:01:51 CEST 2014: No solution found: 0
Mon May 19 20:01:51 CEST 2014: logging finished. (runtime: 43009ms)
