Mon May 19 21:58:15 CEST 2014: Problem Count: 36
Mon May 19 21:58:15 CEST 2014: CandidatesCount: 100
Mon May 19 21:58:15 CEST 2014: Max Cycles: 500
Mon May 19 21:58:16 CEST 2014: 0: finished (435ms, 57cycles)
Mon May 19 21:58:16 CEST 2014: 0: Solution found.
Mon May 19 21:58:17 CEST 2014: 1: finished (647ms, 87cycles)
Mon May 19 21:58:17 CEST 2014: 1: Solution found.
Mon May 19 21:58:17 CEST 2014: 2: finished (577ms, 78cycles)
Mon May 19 21:58:17 CEST 2014: 2: Solution found.
Mon May 19 21:58:17 CEST 2014: 3: finished (299ms, 41cycles)
Mon May 19 21:58:18 CEST 2014: 3: Solution found.
Mon May 19 21:58:18 CEST 2014: 4: finished (338ms, 44cycles)
Mon May 19 21:58:18 CEST 2014: 4: Solution found.
Mon May 19 21:58:18 CEST 2014: 5: finished (417ms, 57cycles)
Mon May 19 21:58:18 CEST 2014: 5: Solution found.
Mon May 19 21:58:19 CEST 2014: 6: finished (342ms, 46cycles)
Mon May 19 21:58:19 CEST 2014: 6: Solution found.
Mon May 19 21:58:19 CEST 2014: 7: finished (496ms, 67cycles)
Mon May 19 21:58:19 CEST 2014: 7: Solution found.
Mon May 19 21:58:20 CEST 2014: 8: finished (474ms, 68cycles)
Mon May 19 21:58:20 CEST 2014: 8: Solution found.
Mon May 19 21:58:20 CEST 2014: 9: finished (343ms, 47cycles)
Mon May 19 21:58:20 CEST 2014: 9: Solution found.
Mon May 19 21:58:20 CEST 2014: 10: finished (278ms, 37cycles)
Mon May 19 21:58:20 CEST 2014: 10: Solution found.
Mon May 19 21:58:21 CEST 2014: 11: finished (415ms, 57cycles)
Mon May 19 21:58:21 CEST 2014: 11: Solution found.
Mon May 19 21:58:21 CEST 2014: 12: finished (409ms, 60cycles)
Mon May 19 21:58:21 CEST 2014: 12: Solution found.
Mon May 19 21:58:22 CEST 2014: 13: finished (389ms, 68cycles)
Mon May 19 21:58:22 CEST 2014: 13: Solution found.
Mon May 19 21:58:22 CEST 2014: 14: finished (409ms, 56cycles)
Mon May 19 21:58:22 CEST 2014: 14: Solution found.
Mon May 19 21:58:22 CEST 2014: 15: finished (366ms, 62cycles)
Mon May 19 21:58:22 CEST 2014: 15: Solution found.
Mon May 19 21:58:23 CEST 2014: 16: finished (228ms, 37cycles)
Mon May 19 21:58:23 CEST 2014: 16: Solution found.
Mon May 19 21:58:23 CEST 2014: 17: finished (493ms, 77cycles)
Mon May 19 21:58:23 CEST 2014: 17: Solution found.
Mon May 19 21:58:23 CEST 2014: 18: finished (271ms, 41cycles)
Mon May 19 21:58:23 CEST 2014: 18: Solution found.
Mon May 19 21:58:24 CEST 2014: 19: finished (364ms, 56cycles)
Mon May 19 21:58:24 CEST 2014: 19: Solution found.
Mon May 19 21:58:24 CEST 2014: 20: finished (537ms, 89cycles)
Mon May 19 21:58:24 CEST 2014: 20: Solution found.
Mon May 19 21:58:24 CEST 2014: 21: finished (80ms, 11cycles)
Mon May 19 21:58:24 CEST 2014: 21: Solution found.
Mon May 19 21:58:25 CEST 2014: 22: finished (636ms, 112cycles)
Mon May 19 21:58:25 CEST 2014: 22: Solution found.
Mon May 19 21:58:25 CEST 2014: 23: finished (285ms, 47cycles)
Mon May 19 21:58:25 CEST 2014: 23: Solution found.
Mon May 19 21:58:26 CEST 2014: 24: finished (291ms, 47cycles)
Mon May 19 21:58:26 CEST 2014: 24: Solution found.
Mon May 19 21:58:26 CEST 2014: 25: finished (856ms, 125cycles)
Mon May 19 21:58:26 CEST 2014: 25: Solution found.
Mon May 19 21:58:27 CEST 2014: 26: finished (23ms, 5cycles)
Mon May 19 21:58:27 CEST 2014: 26: Solution found.
Mon May 19 21:58:27 CEST 2014: 27: finished (334ms, 56cycles)
Mon May 19 21:58:27 CEST 2014: 27: Solution found.
Mon May 19 21:58:27 CEST 2014: 28: finished (306ms, 50cycles)
Mon May 19 21:58:27 CEST 2014: 28: Solution found.
Mon May 19 21:58:28 CEST 2014: 29: finished (756ms, 96cycles)
Mon May 19 21:58:28 CEST 2014: 29: Solution found.
Mon May 19 21:58:28 CEST 2014: 30: finished (444ms, 82cycles)
Mon May 19 21:58:28 CEST 2014: 30: Solution found.
Mon May 19 21:58:29 CEST 2014: 31: finished (178ms, 30cycles)
Mon May 19 21:58:29 CEST 2014: 31: Solution found.
Mon May 19 21:58:29 CEST 2014: 32: finished (247ms, 43cycles)
Mon May 19 21:58:29 CEST 2014: 32: Solution found.
Mon May 19 21:58:29 CEST 2014: 33: finished (397ms, 65cycles)
Mon May 19 21:58:29 CEST 2014: 33: Solution found.
Mon May 19 21:58:30 CEST 2014: 34: finished (331ms, 62cycles)
Mon May 19 21:58:30 CEST 2014: 34: Solution found.
Mon May 19 21:58:30 CEST 2014: 35: finished (357ms, 53cycles)
Mon May 19 21:58:30 CEST 2014: 35: Solution found.
Mon May 19 21:58:30 CEST 2014: 36: finished (288ms, 46cycles)
Mon May 19 21:58:30 CEST 2014: 36: Solution found.
Mon May 19 21:58:31 CEST 2014: 37: finished (469ms, 86cycles)
Mon May 19 21:58:31 CEST 2014: 37: Solution found.
Mon May 19 21:58:31 CEST 2014: 38: finished (357ms, 58cycles)
Mon May 19 21:58:31 CEST 2014: 38: Solution found.
Mon May 19 21:58:31 CEST 2014: 39: finished (260ms, 47cycles)
Mon May 19 21:58:31 CEST 2014: 39: Solution found.
Mon May 19 21:58:32 CEST 2014: 40: finished (126ms, 18cycles)
Mon May 19 21:58:32 CEST 2014: 40: Solution found.
Mon May 19 21:58:32 CEST 2014: 41: finished (293ms, 51cycles)
Mon May 19 21:58:32 CEST 2014: 41: Solution found.
Mon May 19 21:58:32 CEST 2014: 42: finished (157ms, 28cycles)
Mon May 19 21:58:32 CEST 2014: 42: Solution found.
Mon May 19 21:58:32 CEST 2014: 43: finished (374ms, 51cycles)
Mon May 19 21:58:32 CEST 2014: 43: Solution found.
Mon May 19 21:58:33 CEST 2014: 44: finished (374ms, 58cycles)
Mon May 19 21:58:33 CEST 2014: 44: Solution found.
Mon May 19 21:58:33 CEST 2014: 45: finished (306ms, 51cycles)
Mon May 19 21:58:33 CEST 2014: 45: Solution found.
Mon May 19 21:58:34 CEST 2014: 46: finished (428ms, 60cycles)
Mon May 19 21:58:34 CEST 2014: 46: Solution found.
Mon May 19 21:58:34 CEST 2014: 47: finished (406ms, 54cycles)
Mon May 19 21:58:34 CEST 2014: 47: Solution found.
Mon May 19 21:58:34 CEST 2014: 48: finished (353ms, 39cycles)
Mon May 19 21:58:34 CEST 2014: 48: Solution found.
Mon May 19 21:58:35 CEST 2014: 49: finished (356ms, 47cycles)
Mon May 19 21:58:35 CEST 2014: 49: Solution found.
Mon May 19 21:58:35 CEST 2014: 50: finished (376ms, 56cycles)
Mon May 19 21:58:35 CEST 2014: 50: Solution found.
Mon May 19 21:58:35 CEST 2014: 51: finished (408ms, 55cycles)
Mon May 19 21:58:35 CEST 2014: 51: Solution found.
Mon May 19 21:58:36 CEST 2014: 52: finished (431ms, 63cycles)
Mon May 19 21:58:36 CEST 2014: 52: Solution found.
Mon May 19 21:58:36 CEST 2014: 53: finished (403ms, 56cycles)
Mon May 19 21:58:36 CEST 2014: 53: Solution found.
Mon May 19 21:58:37 CEST 2014: 54: finished (537ms, 78cycles)
Mon May 19 21:58:37 CEST 2014: 54: Solution found.
Mon May 19 21:58:37 CEST 2014: 55: finished (309ms, 45cycles)
Mon May 19 21:58:37 CEST 2014: 55: Solution found.
Mon May 19 21:58:38 CEST 2014: 56: finished (320ms, 54cycles)
Mon May 19 21:58:38 CEST 2014: 56: Solution found.
Mon May 19 21:58:38 CEST 2014: 57: finished (444ms, 70cycles)
Mon May 19 21:58:38 CEST 2014: 57: Solution found.
Mon May 19 21:58:38 CEST 2014: 58: finished (317ms, 53cycles)
Mon May 19 21:58:38 CEST 2014: 58: Solution found.
Mon May 19 21:58:39 CEST 2014: 59: finished (386ms, 58cycles)
Mon May 19 21:58:39 CEST 2014: 59: Solution found.
Mon May 19 21:58:39 CEST 2014: 60: finished (523ms, 82cycles)
Mon May 19 21:58:39 CEST 2014: 60: Solution found.
Mon May 19 21:58:40 CEST 2014: 61: finished (378ms, 55cycles)
Mon May 19 21:58:40 CEST 2014: 61: Solution found.
Mon May 19 21:58:40 CEST 2014: 62: finished (338ms, 55cycles)
Mon May 19 21:58:40 CEST 2014: 62: Solution found.
Mon May 19 21:58:40 CEST 2014: 63: finished (296ms, 54cycles)
Mon May 19 21:58:40 CEST 2014: 63: Solution found.
Mon May 19 21:58:41 CEST 2014: 64: finished (373ms, 56cycles)
Mon May 19 21:58:41 CEST 2014: 64: Solution found.
Mon May 19 21:58:41 CEST 2014: 65: finished (298ms, 48cycles)
Mon May 19 21:58:41 CEST 2014: 65: Solution found.
Mon May 19 21:58:41 CEST 2014: 66: finished (460ms, 72cycles)
Mon May 19 21:58:42 CEST 2014: 66: Solution found.
Mon May 19 21:58:42 CEST 2014: 67: finished (568ms, 93cycles)
Mon May 19 21:58:42 CEST 2014: 67: Solution found.
Mon May 19 21:58:42 CEST 2014: 68: finished (152ms, 25cycles)
Mon May 19 21:58:42 CEST 2014: 68: Solution found.
Mon May 19 21:58:43 CEST 2014: 69: finished (351ms, 58cycles)
Mon May 19 21:58:43 CEST 2014: 69: Solution found.
Mon May 19 21:58:43 CEST 2014: 70: finished (264ms, 43cycles)
Mon May 19 21:58:43 CEST 2014: 70: Solution found.
Mon May 19 21:58:43 CEST 2014: 71: finished (352ms, 57cycles)
Mon May 19 21:58:43 CEST 2014: 71: Solution found.
Mon May 19 21:58:44 CEST 2014: 72: finished (329ms, 53cycles)
Mon May 19 21:58:44 CEST 2014: 72: Solution found.
Mon May 19 21:58:44 CEST 2014: 73: finished (661ms, 97cycles)
Mon May 19 21:58:44 CEST 2014: 73: Solution found.
Mon May 19 21:58:45 CEST 2014: 74: finished (328ms, 52cycles)
Mon May 19 21:58:45 CEST 2014: 74: Solution found.
Mon May 19 21:58:45 CEST 2014: 75: finished (303ms, 49cycles)
Mon May 19 21:58:45 CEST 2014: 75: Solution found.
Mon May 19 21:58:45 CEST 2014: 76: finished (279ms, 48cycles)
Mon May 19 21:58:45 CEST 2014: 76: Solution found.
Mon May 19 21:58:45 CEST 2014: 77: finished (248ms, 34cycles)
Mon May 19 21:58:45 CEST 2014: 77: Solution found.
Mon May 19 21:58:46 CEST 2014: 78: finished (418ms, 65cycles)
Mon May 19 21:58:46 CEST 2014: 78: Solution found.
Mon May 19 21:58:47 CEST 2014: 79: finished (679ms, 107cycles)
Mon May 19 21:58:47 CEST 2014: 79: Solution found.
Mon May 19 21:58:47 CEST 2014: 80: finished (460ms, 61cycles)
Mon May 19 21:58:47 CEST 2014: 80: Solution found.
Mon May 19 21:58:48 CEST 2014: 81: finished (459ms, 69cycles)
Mon May 19 21:58:48 CEST 2014: 81: Solution found.
Mon May 19 21:58:48 CEST 2014: 82: finished (515ms, 86cycles)
Mon May 19 21:58:48 CEST 2014: 82: Solution found.
Mon May 19 21:58:48 CEST 2014: 83: finished (209ms, 35cycles)
Mon May 19 21:58:48 CEST 2014: 83: Solution found.
Mon May 19 21:58:49 CEST 2014: 84: finished (499ms, 78cycles)
Mon May 19 21:58:49 CEST 2014: 84: Solution found.
Mon May 19 21:58:49 CEST 2014: 85: finished (453ms, 83cycles)
Mon May 19 21:58:49 CEST 2014: 85: Solution found.
Mon May 19 21:58:50 CEST 2014: 86: finished (439ms, 70cycles)
Mon May 19 21:58:50 CEST 2014: 86: Solution found.
Mon May 19 21:58:50 CEST 2014: 87: finished (230ms, 41cycles)
Mon May 19 21:58:50 CEST 2014: 87: Solution found.
Mon May 19 21:58:50 CEST 2014: 88: finished (308ms, 50cycles)
Mon May 19 21:58:50 CEST 2014: 88: Solution found.
Mon May 19 21:58:51 CEST 2014: 89: finished (615ms, 94cycles)
Mon May 19 21:58:51 CEST 2014: 89: Solution found.
Mon May 19 21:58:51 CEST 2014: 90: finished (388ms, 67cycles)
Mon May 19 21:58:51 CEST 2014: 90: Solution found.
Mon May 19 21:58:52 CEST 2014: 91: finished (352ms, 56cycles)
Mon May 19 21:58:52 CEST 2014: 91: Solution found.
Mon May 19 21:58:52 CEST 2014: 92: finished (348ms, 51cycles)
Mon May 19 21:58:52 CEST 2014: 92: Solution found.
Mon May 19 21:58:52 CEST 2014: 93: finished (443ms, 66cycles)
Mon May 19 21:58:53 CEST 2014: 93: Solution found.
Mon May 19 21:58:53 CEST 2014: 94: finished (292ms, 44cycles)
Mon May 19 21:58:53 CEST 2014: 94: Solution found.
Mon May 19 21:58:53 CEST 2014: 95: finished (297ms, 53cycles)
Mon May 19 21:58:53 CEST 2014: 95: Solution found.
Mon May 19 21:58:54 CEST 2014: 96: finished (434ms, 71cycles)
Mon May 19 21:58:54 CEST 2014: 96: Solution found.
Mon May 19 21:58:54 CEST 2014: 97: finished (444ms, 65cycles)
Mon May 19 21:58:54 CEST 2014: 97: Solution found.
Mon May 19 21:58:54 CEST 2014: 98: finished (237ms, 41cycles)
Mon May 19 21:58:54 CEST 2014: 98: Solution found.
Mon May 19 21:58:55 CEST 2014: 99: finished (472ms, 82cycles)
Mon May 19 21:58:55 CEST 2014: 99: Solution found.
Mon May 19 21:58:55 CEST 2014: Solution Found: 100
Mon May 19 21:58:55 CEST 2014: Avg cycles: 58
Mon May 19 21:58:55 CEST 2014: Max cycles: 125
Mon May 19 21:58:55 CEST 2014: Min cycles: 5
Mon May 19 21:58:55 CEST 2014: No solution found: 0
Mon May 19 21:58:55 CEST 2014: logging finished. (runtime: 39310ms)
