Tue May 20 00:27:31 CEST 2014: Problem Count: 27
Tue May 20 00:27:31 CEST 2014: CandidatesCount: 100
Tue May 20 00:27:31 CEST 2014: Max Cycles: 500
Tue May 20 00:27:31 CEST 2014: 0: finished (395ms, 62cycles)
Tue May 20 00:27:31 CEST 2014: 0: Solution found.
Tue May 20 00:27:32 CEST 2014: 1: finished (310ms, 52cycles)
Tue May 20 00:27:32 CEST 2014: 1: Solution found.
Tue May 20 00:27:32 CEST 2014: 2: finished (322ms, 51cycles)
Tue May 20 00:27:32 CEST 2014: 2: Solution found.
Tue May 20 00:27:32 CEST 2014: 3: finished (322ms, 54cycles)
Tue May 20 00:27:32 CEST 2014: 3: Solution found.
Tue May 20 00:27:33 CEST 2014: 4: finished (231ms, 39cycles)
Tue May 20 00:27:33 CEST 2014: 4: Solution found.
Tue May 20 00:27:33 CEST 2014: 5: finished (282ms, 42cycles)
Tue May 20 00:27:33 CEST 2014: 5: Solution found.
Tue May 20 00:27:33 CEST 2014: 6: finished (376ms, 66cycles)
Tue May 20 00:27:33 CEST 2014: 6: Solution found.
Tue May 20 00:27:34 CEST 2014: 7: finished (323ms, 57cycles)
Tue May 20 00:27:34 CEST 2014: 7: Solution found.
Tue May 20 00:27:34 CEST 2014: 8: finished (645ms, 101cycles)
Tue May 20 00:27:34 CEST 2014: 8: Solution found.
Tue May 20 00:27:35 CEST 2014: 9: finished (219ms, 36cycles)
Tue May 20 00:27:35 CEST 2014: 9: Solution found.
Tue May 20 00:27:35 CEST 2014: 10: finished (318ms, 58cycles)
Tue May 20 00:27:35 CEST 2014: 10: Solution found.
Tue May 20 00:27:36 CEST 2014: 11: finished (673ms, 86cycles)
Tue May 20 00:27:36 CEST 2014: 11: Solution found.
Tue May 20 00:27:36 CEST 2014: 12: finished (346ms, 56cycles)
Tue May 20 00:27:36 CEST 2014: 12: Solution found.
Tue May 20 00:27:36 CEST 2014: 13: finished (380ms, 59cycles)
Tue May 20 00:27:36 CEST 2014: 13: Solution found.
Tue May 20 00:27:36 CEST 2014: 14: finished (155ms, 25cycles)
Tue May 20 00:27:36 CEST 2014: 14: Solution found.
Tue May 20 00:27:37 CEST 2014: 15: finished (523ms, 80cycles)
Tue May 20 00:27:37 CEST 2014: 15: Solution found.
Tue May 20 00:27:37 CEST 2014: 16: finished (373ms, 59cycles)
Tue May 20 00:27:37 CEST 2014: 16: Solution found.
Tue May 20 00:27:38 CEST 2014: 17: finished (322ms, 54cycles)
Tue May 20 00:27:38 CEST 2014: 17: Solution found.
Tue May 20 00:27:38 CEST 2014: 18: finished (386ms, 60cycles)
Tue May 20 00:27:38 CEST 2014: 18: Solution found.
Tue May 20 00:27:39 CEST 2014: 19: finished (417ms, 65cycles)
Tue May 20 00:27:39 CEST 2014: 19: Solution found.
Tue May 20 00:27:39 CEST 2014: 20: finished (522ms, 74cycles)
Tue May 20 00:27:39 CEST 2014: 20: Solution found.
Tue May 20 00:27:39 CEST 2014: 21: finished (257ms, 44cycles)
Tue May 20 00:27:39 CEST 2014: 21: Solution found.
Tue May 20 00:27:40 CEST 2014: 22: finished (187ms, 34cycles)
Tue May 20 00:27:40 CEST 2014: 22: Solution found.
Tue May 20 00:27:40 CEST 2014: 23: finished (327ms, 50cycles)
Tue May 20 00:27:40 CEST 2014: 23: Solution found.
Tue May 20 00:27:40 CEST 2014: 24: finished (313ms, 55cycles)
Tue May 20 00:27:40 CEST 2014: 24: Solution found.
Tue May 20 00:27:40 CEST 2014: 25: finished (183ms, 30cycles)
Tue May 20 00:27:40 CEST 2014: 25: Solution found.
Tue May 20 00:27:41 CEST 2014: 26: finished (530ms, 81cycles)
Tue May 20 00:27:41 CEST 2014: 26: Solution found.
Tue May 20 00:27:41 CEST 2014: 27: finished (357ms, 55cycles)
Tue May 20 00:27:41 CEST 2014: 27: Solution found.
Tue May 20 00:27:42 CEST 2014: 28: finished (568ms, 95cycles)
Tue May 20 00:27:42 CEST 2014: 28: Solution found.
Tue May 20 00:27:42 CEST 2014: 29: finished (394ms, 68cycles)
Tue May 20 00:27:42 CEST 2014: 29: Solution found.
Tue May 20 00:27:43 CEST 2014: 30: finished (397ms, 56cycles)
Tue May 20 00:27:43 CEST 2014: 30: Solution found.
Tue May 20 00:27:43 CEST 2014: 31: finished (310ms, 49cycles)
Tue May 20 00:27:43 CEST 2014: 31: Solution found.
Tue May 20 00:27:44 CEST 2014: 32: finished (329ms, 58cycles)
Tue May 20 00:27:44 CEST 2014: 32: Solution found.
Tue May 20 00:27:44 CEST 2014: 33: finished (178ms, 28cycles)
Tue May 20 00:27:44 CEST 2014: 33: Solution found.
Tue May 20 00:27:44 CEST 2014: 34: finished (357ms, 57cycles)
Tue May 20 00:27:44 CEST 2014: 34: Solution found.
Tue May 20 00:27:45 CEST 2014: 35: finished (469ms, 68cycles)
Tue May 20 00:27:45 CEST 2014: 35: Solution found.
Tue May 20 00:27:45 CEST 2014: 36: finished (319ms, 46cycles)
Tue May 20 00:27:45 CEST 2014: 36: Solution found.
Tue May 20 00:27:45 CEST 2014: 37: finished (191ms, 32cycles)
Tue May 20 00:27:45 CEST 2014: 37: Solution found.
Tue May 20 00:27:45 CEST 2014: 38: finished (199ms, 35cycles)
Tue May 20 00:27:45 CEST 2014: 38: Solution found.
Tue May 20 00:27:46 CEST 2014: 39: finished (462ms, 71cycles)
Tue May 20 00:27:46 CEST 2014: 39: Solution found.
Tue May 20 00:27:46 CEST 2014: 40: finished (499ms, 80cycles)
Tue May 20 00:27:46 CEST 2014: 40: Solution found.
Tue May 20 00:27:47 CEST 2014: 41: finished (288ms, 42cycles)
Tue May 20 00:27:47 CEST 2014: 41: Solution found.
Tue May 20 00:27:47 CEST 2014: 42: finished (229ms, 38cycles)
Tue May 20 00:27:47 CEST 2014: 42: Solution found.
Tue May 20 00:27:47 CEST 2014: 43: finished (351ms, 54cycles)
Tue May 20 00:27:47 CEST 2014: 43: Solution found.
Tue May 20 00:27:47 CEST 2014: 44: finished (293ms, 44cycles)
Tue May 20 00:27:48 CEST 2014: 44: Solution found.
Tue May 20 00:27:48 CEST 2014: 45: finished (404ms, 62cycles)
Tue May 20 00:27:48 CEST 2014: 45: Solution found.
Tue May 20 00:27:48 CEST 2014: 46: finished (376ms, 58cycles)
Tue May 20 00:27:48 CEST 2014: 46: Solution found.
Tue May 20 00:27:49 CEST 2014: 47: finished (442ms, 61cycles)
Tue May 20 00:27:49 CEST 2014: 47: Solution found.
Tue May 20 00:27:49 CEST 2014: 48: finished (283ms, 48cycles)
Tue May 20 00:27:49 CEST 2014: 48: Solution found.
Tue May 20 00:27:49 CEST 2014: 49: finished (304ms, 47cycles)
Tue May 20 00:27:49 CEST 2014: 49: Solution found.
Tue May 20 00:27:50 CEST 2014: 50: finished (415ms, 70cycles)
Tue May 20 00:27:50 CEST 2014: 50: Solution found.
Tue May 20 00:27:50 CEST 2014: 51: finished (243ms, 42cycles)
Tue May 20 00:27:50 CEST 2014: 51: Solution found.
Tue May 20 00:27:52 CEST 2014: 52: finished (1411ms, 159cycles)
Tue May 20 00:27:52 CEST 2014: 52: Solution found.
Tue May 20 00:27:52 CEST 2014: 53: finished (475ms, 65cycles)
Tue May 20 00:27:52 CEST 2014: 53: Solution found.
Tue May 20 00:27:53 CEST 2014: 54: finished (603ms, 91cycles)
Tue May 20 00:27:53 CEST 2014: 54: Solution found.
Tue May 20 00:27:53 CEST 2014: 55: finished (271ms, 38cycles)
Tue May 20 00:27:53 CEST 2014: 55: Solution found.
Tue May 20 00:27:53 CEST 2014: 56: finished (296ms, 50cycles)
Tue May 20 00:27:53 CEST 2014: 56: Solution found.
Tue May 20 00:27:54 CEST 2014: 57: finished (490ms, 73cycles)
Tue May 20 00:27:54 CEST 2014: 57: Solution found.
Tue May 20 00:27:54 CEST 2014: 58: finished (293ms, 56cycles)
Tue May 20 00:27:54 CEST 2014: 58: Solution found.
Tue May 20 00:27:54 CEST 2014: 59: finished (290ms, 41cycles)
Tue May 20 00:27:54 CEST 2014: 59: Solution found.
Tue May 20 00:27:55 CEST 2014: 60: finished (416ms, 54cycles)
Tue May 20 00:27:55 CEST 2014: 60: Solution found.
Tue May 20 00:27:55 CEST 2014: 61: finished (693ms, 104cycles)
Tue May 20 00:27:56 CEST 2014: 61: Solution found.
Tue May 20 00:27:56 CEST 2014: 62: finished (300ms, 48cycles)
Tue May 20 00:27:56 CEST 2014: 62: Solution found.
Tue May 20 00:27:56 CEST 2014: 63: finished (117ms, 20cycles)
Tue May 20 00:27:56 CEST 2014: 63: Solution found.
Tue May 20 00:27:57 CEST 2014: 64: finished (542ms, 76cycles)
Tue May 20 00:27:57 CEST 2014: 64: Solution found.
Tue May 20 00:27:57 CEST 2014: 65: finished (327ms, 53cycles)
Tue May 20 00:27:57 CEST 2014: 65: Solution found.
Tue May 20 00:27:57 CEST 2014: 66: finished (189ms, 28cycles)
Tue May 20 00:27:57 CEST 2014: 66: Solution found.
Tue May 20 00:27:58 CEST 2014: 67: finished (537ms, 81cycles)
Tue May 20 00:27:58 CEST 2014: 67: Solution found.
Tue May 20 00:27:58 CEST 2014: 68: finished (332ms, 55cycles)
Tue May 20 00:27:58 CEST 2014: 68: Solution found.
Tue May 20 00:27:58 CEST 2014: 69: finished (392ms, 53cycles)
Tue May 20 00:27:58 CEST 2014: 69: Solution found.
Tue May 20 00:27:59 CEST 2014: 70: finished (655ms, 91cycles)
Tue May 20 00:27:59 CEST 2014: 70: Solution found.
Tue May 20 00:27:59 CEST 2014: 71: finished (373ms, 55cycles)
Tue May 20 00:27:59 CEST 2014: 71: Solution found.
Tue May 20 00:28:00 CEST 2014: 72: finished (268ms, 42cycles)
Tue May 20 00:28:00 CEST 2014: 72: Solution found.
Tue May 20 00:28:00 CEST 2014: 73: finished (310ms, 51cycles)
Tue May 20 00:28:00 CEST 2014: 73: Solution found.
Tue May 20 00:28:00 CEST 2014: 74: finished (182ms, 29cycles)
Tue May 20 00:28:00 CEST 2014: 74: Solution found.
Tue May 20 00:28:00 CEST 2014: 75: finished (223ms, 33cycles)
Tue May 20 00:28:00 CEST 2014: 75: Solution found.
Tue May 20 00:28:01 CEST 2014: 76: finished (269ms, 45cycles)
Tue May 20 00:28:01 CEST 2014: 76: Solution found.
Tue May 20 00:28:01 CEST 2014: 77: finished (232ms, 37cycles)
Tue May 20 00:28:01 CEST 2014: 77: Solution found.
Tue May 20 00:28:02 CEST 2014: 78: finished (584ms, 85cycles)
Tue May 20 00:28:02 CEST 2014: 78: Solution found.
Tue May 20 00:28:02 CEST 2014: 79: finished (445ms, 70cycles)
Tue May 20 00:28:02 CEST 2014: 79: Solution found.
Tue May 20 00:28:02 CEST 2014: 80: finished (451ms, 71cycles)
Tue May 20 00:28:03 CEST 2014: 80: Solution found.
Tue May 20 00:28:03 CEST 2014: 81: finished (426ms, 66cycles)
Tue May 20 00:28:03 CEST 2014: 81: Solution found.
Tue May 20 00:28:03 CEST 2014: 82: finished (355ms, 55cycles)
Tue May 20 00:28:03 CEST 2014: 82: Solution found.
Tue May 20 00:28:04 CEST 2014: 83: finished (535ms, 80cycles)
Tue May 20 00:28:04 CEST 2014: 83: Solution found.
Tue May 20 00:28:04 CEST 2014: 84: finished (296ms, 46cycles)
Tue May 20 00:28:04 CEST 2014: 84: Solution found.
Tue May 20 00:28:05 CEST 2014: 85: finished (361ms, 55cycles)
Tue May 20 00:28:05 CEST 2014: 85: Solution found.
Tue May 20 00:28:05 CEST 2014: 86: finished (524ms, 81cycles)
Tue May 20 00:28:05 CEST 2014: 86: Solution found.
Tue May 20 00:28:05 CEST 2014: 87: finished (254ms, 38cycles)
Tue May 20 00:28:05 CEST 2014: 87: Solution found.
Tue May 20 00:28:06 CEST 2014: 88: finished (272ms, 48cycles)
Tue May 20 00:28:06 CEST 2014: 88: Solution found.
Tue May 20 00:28:06 CEST 2014: 89: finished (425ms, 57cycles)
Tue May 20 00:28:06 CEST 2014: 89: Solution found.
Tue May 20 00:28:07 CEST 2014: 90: finished (406ms, 67cycles)
Tue May 20 00:28:07 CEST 2014: 90: Solution found.
Tue May 20 00:28:07 CEST 2014: 91: finished (474ms, 69cycles)
Tue May 20 00:28:07 CEST 2014: 91: Solution found.
Tue May 20 00:28:08 CEST 2014: 92: finished (465ms, 67cycles)
Tue May 20 00:28:08 CEST 2014: 92: Solution found.
Tue May 20 00:28:08 CEST 2014: 93: finished (813ms, 111cycles)
Tue May 20 00:28:08 CEST 2014: 93: Solution found.
Tue May 20 00:28:09 CEST 2014: 94: finished (544ms, 85cycles)
Tue May 20 00:28:09 CEST 2014: 94: Solution found.
Tue May 20 00:28:09 CEST 2014: 95: finished (393ms, 58cycles)
Tue May 20 00:28:09 CEST 2014: 95: Solution found.
Tue May 20 00:28:10 CEST 2014: 96: finished (513ms, 76cycles)
Tue May 20 00:28:10 CEST 2014: 96: Solution found.
Tue May 20 00:28:10 CEST 2014: 97: finished (458ms, 81cycles)
Tue May 20 00:28:10 CEST 2014: 97: Solution found.
Tue May 20 00:28:11 CEST 2014: 98: finished (594ms, 84cycles)
Tue May 20 00:28:11 CEST 2014: 98: Solution found.
Tue May 20 00:28:11 CEST 2014: 99: finished (293ms, 49cycles)
Tue May 20 00:28:11 CEST 2014: 99: Solution found.
Tue May 20 00:28:11 CEST 2014: Solution Found: 100
Tue May 20 00:28:11 CEST 2014: Avg cycles: 59
Tue May 20 00:28:11 CEST 2014: Max cycles: 159
Tue May 20 00:28:11 CEST 2014: Min cycles: 20
Tue May 20 00:28:11 CEST 2014: No solution found: 0
Tue May 20 00:28:11 CEST 2014: logging finished. (runtime: 40388ms)
