Mon May 19 21:23:20 CEST 2014: Problem Count: 54
Mon May 19 21:23:20 CEST 2014: CandidatesCount: 100
Mon May 19 21:23:20 CEST 2014: Max Cycles: 500
Mon May 19 21:23:21 CEST 2014: 0: finished (603ms, 47cycles)
Mon May 19 21:23:21 CEST 2014: 0: Solution found.
Mon May 19 21:23:21 CEST 2014: 1: finished (489ms, 38cycles)
Mon May 19 21:23:21 CEST 2014: 1: Solution found.
Mon May 19 21:23:22 CEST 2014: 2: finished (434ms, 34cycles)
Mon May 19 21:23:22 CEST 2014: 2: Solution found.
Mon May 19 21:23:22 CEST 2014: 3: finished (870ms, 74cycles)
Mon May 19 21:23:22 CEST 2014: 3: Solution found.
Mon May 19 21:23:23 CEST 2014: 4: finished (804ms, 67cycles)
Mon May 19 21:23:23 CEST 2014: 4: Solution found.
Mon May 19 21:23:24 CEST 2014: 5: finished (892ms, 65cycles)
Mon May 19 21:23:24 CEST 2014: 5: Solution found.
Mon May 19 21:23:25 CEST 2014: 6: finished (905ms, 69cycles)
Mon May 19 21:23:25 CEST 2014: 6: Solution found.
Mon May 19 21:23:26 CEST 2014: 7: finished (553ms, 41cycles)
Mon May 19 21:23:26 CEST 2014: 7: Solution found.
Mon May 19 21:23:27 CEST 2014: 8: finished (1234ms, 88cycles)
Mon May 19 21:23:27 CEST 2014: 8: Solution found.
Mon May 19 21:23:27 CEST 2014: 9: finished (525ms, 44cycles)
Mon May 19 21:23:27 CEST 2014: 9: Solution found.
Mon May 19 21:23:29 CEST 2014: 10: finished (1251ms, 97cycles)
Mon May 19 21:23:29 CEST 2014: 10: Solution found.
Mon May 19 21:23:29 CEST 2014: 11: finished (413ms, 33cycles)
Mon May 19 21:23:29 CEST 2014: 11: Solution found.
Mon May 19 21:23:30 CEST 2014: 12: finished (682ms, 56cycles)
Mon May 19 21:23:30 CEST 2014: 12: Solution found.
Mon May 19 21:23:30 CEST 2014: 13: finished (547ms, 46cycles)
Mon May 19 21:23:30 CEST 2014: 13: Solution found.
Mon May 19 21:23:31 CEST 2014: 14: finished (594ms, 45cycles)
Mon May 19 21:23:31 CEST 2014: 14: Solution found.
Mon May 19 21:23:32 CEST 2014: 15: finished (1168ms, 86cycles)
Mon May 19 21:23:32 CEST 2014: 15: Solution found.
Mon May 19 21:23:33 CEST 2014: 16: finished (574ms, 44cycles)
Mon May 19 21:23:33 CEST 2014: 16: Solution found.
Mon May 19 21:23:35 CEST 2014: 17: finished (1924ms, 123cycles)
Mon May 19 21:23:35 CEST 2014: 17: Solution found.
Mon May 19 21:23:35 CEST 2014: 18: finished (522ms, 38cycles)
Mon May 19 21:23:35 CEST 2014: 18: Solution found.
Mon May 19 21:23:36 CEST 2014: 19: finished (424ms, 30cycles)
Mon May 19 21:23:36 CEST 2014: 19: Solution found.
Mon May 19 21:23:37 CEST 2014: 20: finished (1231ms, 87cycles)
Mon May 19 21:23:37 CEST 2014: 20: Solution found.
Mon May 19 21:23:37 CEST 2014: 21: finished (513ms, 41cycles)
Mon May 19 21:23:37 CEST 2014: 21: Solution found.
Mon May 19 21:23:38 CEST 2014: 22: finished (715ms, 56cycles)
Mon May 19 21:23:38 CEST 2014: 22: Solution found.
Mon May 19 21:23:39 CEST 2014: 23: finished (572ms, 39cycles)
Mon May 19 21:23:39 CEST 2014: 23: Solution found.
Mon May 19 21:23:40 CEST 2014: 24: finished (900ms, 66cycles)
Mon May 19 21:23:40 CEST 2014: 24: Solution found.
Mon May 19 21:23:40 CEST 2014: 25: finished (736ms, 60cycles)
Mon May 19 21:23:40 CEST 2014: 25: Solution found.
Mon May 19 21:23:42 CEST 2014: 26: finished (1197ms, 93cycles)
Mon May 19 21:23:42 CEST 2014: 26: Solution found.
Mon May 19 21:23:42 CEST 2014: 27: finished (617ms, 49cycles)
Mon May 19 21:23:42 CEST 2014: 27: Solution found.
Mon May 19 21:23:43 CEST 2014: 28: finished (520ms, 35cycles)
Mon May 19 21:23:43 CEST 2014: 28: Solution found.
Mon May 19 21:23:43 CEST 2014: 29: finished (563ms, 40cycles)
Mon May 19 21:23:43 CEST 2014: 29: Solution found.
Mon May 19 21:23:44 CEST 2014: 30: finished (920ms, 60cycles)
Mon May 19 21:23:44 CEST 2014: 30: Solution found.
Mon May 19 21:23:45 CEST 2014: 31: finished (522ms, 37cycles)
Mon May 19 21:23:45 CEST 2014: 31: Solution found.
Mon May 19 21:23:45 CEST 2014: 32: finished (563ms, 39cycles)
Mon May 19 21:23:45 CEST 2014: 32: Solution found.
Mon May 19 21:23:46 CEST 2014: 33: finished (604ms, 37cycles)
Mon May 19 21:23:46 CEST 2014: 33: Solution found.
Mon May 19 21:23:47 CEST 2014: 34: finished (761ms, 52cycles)
Mon May 19 21:23:47 CEST 2014: 34: Solution found.
Mon May 19 21:23:47 CEST 2014: 35: finished (443ms, 31cycles)
Mon May 19 21:23:47 CEST 2014: 35: Solution found.
Mon May 19 21:23:48 CEST 2014: 36: finished (775ms, 61cycles)
Mon May 19 21:23:48 CEST 2014: 36: Solution found.
Mon May 19 21:23:49 CEST 2014: 37: finished (616ms, 49cycles)
Mon May 19 21:23:49 CEST 2014: 37: Solution found.
Mon May 19 21:23:49 CEST 2014: 38: finished (660ms, 47cycles)
Mon May 19 21:23:49 CEST 2014: 38: Solution found.
Mon May 19 21:23:50 CEST 2014: 39: finished (462ms, 43cycles)
Mon May 19 21:23:50 CEST 2014: 39: Solution found.
Mon May 19 21:23:51 CEST 2014: 40: finished (974ms, 75cycles)
Mon May 19 21:23:51 CEST 2014: 40: Solution found.
Mon May 19 21:23:51 CEST 2014: 41: finished (523ms, 39cycles)
Mon May 19 21:23:51 CEST 2014: 41: Solution found.
Mon May 19 21:23:52 CEST 2014: 42: finished (492ms, 43cycles)
Mon May 19 21:23:52 CEST 2014: 42: Solution found.
Mon May 19 21:23:53 CEST 2014: 43: finished (763ms, 58cycles)
Mon May 19 21:23:53 CEST 2014: 43: Solution found.
Mon May 19 21:23:53 CEST 2014: 44: finished (717ms, 60cycles)
Mon May 19 21:23:53 CEST 2014: 44: Solution found.
Mon May 19 21:23:54 CEST 2014: 45: finished (769ms, 63cycles)
Mon May 19 21:23:54 CEST 2014: 45: Solution found.
Mon May 19 21:23:54 CEST 2014: 46: finished (145ms, 12cycles)
Mon May 19 21:23:54 CEST 2014: 46: Solution found.
Mon May 19 21:23:55 CEST 2014: 47: finished (781ms, 67cycles)
Mon May 19 21:23:55 CEST 2014: 47: Solution found.
Mon May 19 21:23:56 CEST 2014: 48: finished (906ms, 65cycles)
Mon May 19 21:23:56 CEST 2014: 48: Solution found.
Mon May 19 21:23:57 CEST 2014: 49: finished (459ms, 37cycles)
Mon May 19 21:23:57 CEST 2014: 49: Solution found.
Mon May 19 21:23:58 CEST 2014: 50: finished (1412ms, 106cycles)
Mon May 19 21:23:58 CEST 2014: 50: Solution found.
Mon May 19 21:23:59 CEST 2014: 51: finished (910ms, 60cycles)
Mon May 19 21:23:59 CEST 2014: 51: Solution found.
Mon May 19 21:24:00 CEST 2014: 52: finished (1401ms, 117cycles)
Mon May 19 21:24:00 CEST 2014: 52: Solution found.
Mon May 19 21:24:01 CEST 2014: 53: finished (842ms, 59cycles)
Mon May 19 21:24:01 CEST 2014: 53: Solution found.
Mon May 19 21:24:02 CEST 2014: 54: finished (368ms, 29cycles)
Mon May 19 21:24:02 CEST 2014: 54: Solution found.
Mon May 19 21:24:02 CEST 2014: 55: finished (647ms, 49cycles)
Mon May 19 21:24:02 CEST 2014: 55: Solution found.
Mon May 19 21:24:03 CEST 2014: 56: finished (592ms, 46cycles)
Mon May 19 21:24:03 CEST 2014: 56: Solution found.
Mon May 19 21:24:04 CEST 2014: 57: finished (927ms, 62cycles)
Mon May 19 21:24:04 CEST 2014: 57: Solution found.
Mon May 19 21:24:04 CEST 2014: 58: finished (567ms, 43cycles)
Mon May 19 21:24:04 CEST 2014: 58: Solution found.
Mon May 19 21:24:05 CEST 2014: 59: finished (883ms, 64cycles)
Mon May 19 21:24:05 CEST 2014: 59: Solution found.
Mon May 19 21:24:06 CEST 2014: 60: finished (944ms, 71cycles)
Mon May 19 21:24:06 CEST 2014: 60: Solution found.
Mon May 19 21:24:07 CEST 2014: 61: finished (884ms, 63cycles)
Mon May 19 21:24:07 CEST 2014: 61: Solution found.
Mon May 19 21:24:08 CEST 2014: 62: finished (874ms, 62cycles)
Mon May 19 21:24:08 CEST 2014: 62: Solution found.
Mon May 19 21:24:09 CEST 2014: 63: finished (626ms, 48cycles)
Mon May 19 21:24:09 CEST 2014: 63: Solution found.
Mon May 19 21:24:10 CEST 2014: 64: finished (989ms, 73cycles)
Mon May 19 21:24:10 CEST 2014: 64: Solution found.
Mon May 19 21:24:10 CEST 2014: 65: finished (655ms, 52cycles)
Mon May 19 21:24:10 CEST 2014: 65: Solution found.
Mon May 19 21:24:12 CEST 2014: 66: finished (1640ms, 133cycles)
Mon May 19 21:24:12 CEST 2014: 66: Solution found.
Mon May 19 21:24:13 CEST 2014: 67: finished (577ms, 47cycles)
Mon May 19 21:24:13 CEST 2014: 67: Solution found.
Mon May 19 21:24:14 CEST 2014: 68: finished (1365ms, 94cycles)
Mon May 19 21:24:14 CEST 2014: 68: Solution found.
Mon May 19 21:24:15 CEST 2014: 69: finished (529ms, 42cycles)
Mon May 19 21:24:15 CEST 2014: 69: Solution found.
Mon May 19 21:24:16 CEST 2014: 70: finished (1429ms, 100cycles)
Mon May 19 21:24:16 CEST 2014: 70: Solution found.
Mon May 19 21:24:16 CEST 2014: 71: finished (416ms, 34cycles)
Mon May 19 21:24:16 CEST 2014: 71: Solution found.
Mon May 19 21:24:17 CEST 2014: 72: finished (682ms, 56cycles)
Mon May 19 21:24:17 CEST 2014: 72: Solution found.
Mon May 19 21:24:18 CEST 2014: 73: finished (828ms, 62cycles)
Mon May 19 21:24:18 CEST 2014: 73: Solution found.
Mon May 19 21:24:19 CEST 2014: 74: finished (687ms, 68cycles)
Mon May 19 21:24:19 CEST 2014: 74: Solution found.
Mon May 19 21:24:19 CEST 2014: 75: finished (525ms, 41cycles)
Mon May 19 21:24:19 CEST 2014: 75: Solution found.
Mon May 19 21:24:20 CEST 2014: 76: finished (464ms, 40cycles)
Mon May 19 21:24:20 CEST 2014: 76: Solution found.
Mon May 19 21:24:20 CEST 2014: 77: finished (483ms, 37cycles)
Mon May 19 21:24:20 CEST 2014: 77: Solution found.
Mon May 19 21:24:21 CEST 2014: 78: finished (588ms, 48cycles)
Mon May 19 21:24:21 CEST 2014: 78: Solution found.
Mon May 19 21:24:21 CEST 2014: 79: finished (524ms, 45cycles)
Mon May 19 21:24:21 CEST 2014: 79: Solution found.
Mon May 19 21:24:22 CEST 2014: 80: finished (866ms, 73cycles)
Mon May 19 21:24:22 CEST 2014: 80: Solution found.
Mon May 19 21:24:23 CEST 2014: 81: finished (533ms, 42cycles)
Mon May 19 21:24:23 CEST 2014: 81: Solution found.
Mon May 19 21:24:23 CEST 2014: 82: finished (630ms, 53cycles)
Mon May 19 21:24:23 CEST 2014: 82: Solution found.
Mon May 19 21:24:24 CEST 2014: 83: finished (216ms, 20cycles)
Mon May 19 21:24:24 CEST 2014: 83: Solution found.
Mon May 19 21:24:24 CEST 2014: 84: finished (569ms, 47cycles)
Mon May 19 21:24:24 CEST 2014: 84: Solution found.
Mon May 19 21:24:25 CEST 2014: 85: finished (424ms, 37cycles)
Mon May 19 21:24:25 CEST 2014: 85: Solution found.
Mon May 19 21:24:25 CEST 2014: 86: finished (662ms, 56cycles)
Mon May 19 21:24:25 CEST 2014: 86: Solution found.
Mon May 19 21:24:26 CEST 2014: 87: finished (890ms, 72cycles)
Mon May 19 21:24:26 CEST 2014: 87: Solution found.
Mon May 19 21:24:27 CEST 2014: 88: finished (745ms, 61cycles)
Mon May 19 21:24:27 CEST 2014: 88: Solution found.
Mon May 19 21:24:28 CEST 2014: 89: finished (885ms, 68cycles)
Mon May 19 21:24:28 CEST 2014: 89: Solution found.
Mon May 19 21:24:29 CEST 2014: 90: finished (800ms, 65cycles)
Mon May 19 21:24:29 CEST 2014: 90: Solution found.
Mon May 19 21:24:29 CEST 2014: 91: finished (704ms, 51cycles)
Mon May 19 21:24:29 CEST 2014: 91: Solution found.
Mon May 19 21:24:30 CEST 2014: 92: finished (713ms, 57cycles)
Mon May 19 21:24:30 CEST 2014: 92: Solution found.
Mon May 19 21:24:31 CEST 2014: 93: finished (590ms, 48cycles)
Mon May 19 21:24:31 CEST 2014: 93: Solution found.
Mon May 19 21:24:31 CEST 2014: 94: finished (341ms, 28cycles)
Mon May 19 21:24:31 CEST 2014: 94: Solution found.
Mon May 19 21:24:32 CEST 2014: 95: finished (553ms, 48cycles)
Mon May 19 21:24:32 CEST 2014: 95: Solution found.
Mon May 19 21:24:32 CEST 2014: 96: finished (505ms, 39cycles)
Mon May 19 21:24:32 CEST 2014: 96: Solution found.
Mon May 19 21:24:33 CEST 2014: 97: finished (669ms, 52cycles)
Mon May 19 21:24:33 CEST 2014: 97: Solution found.
Mon May 19 21:24:33 CEST 2014: 98: finished (545ms, 49cycles)
Mon May 19 21:24:33 CEST 2014: 98: Solution found.
Mon May 19 21:24:34 CEST 2014: 99: finished (684ms, 50cycles)
Mon May 19 21:24:34 CEST 2014: 99: Solution found.
Mon May 19 21:24:34 CEST 2014: Solution Found: 100
Mon May 19 21:24:34 CEST 2014: Avg cycles: 55
Mon May 19 21:24:34 CEST 2014: Max cycles: 133
Mon May 19 21:24:34 CEST 2014: Min cycles: 12
Mon May 19 21:24:34 CEST 2014: No solution found: 0
Mon May 19 21:24:34 CEST 2014: logging finished. (runtime: 74178ms)
