Mon May 19 21:21:02 CEST 2014: Problem Count: 48
Mon May 19 21:21:02 CEST 2014: CandidatesCount: 100
Mon May 19 21:21:02 CEST 2014: Max Cycles: 500
Mon May 19 21:21:03 CEST 2014: 0: finished (936ms, 75cycles)
Mon May 19 21:21:03 CEST 2014: 0: Solution found.
Mon May 19 21:21:04 CEST 2014: 1: finished (807ms, 76cycles)
Mon May 19 21:21:04 CEST 2014: 1: Solution found.
Mon May 19 21:21:04 CEST 2014: 2: finished (446ms, 45cycles)
Mon May 19 21:21:04 CEST 2014: 2: Solution found.
Mon May 19 21:21:05 CEST 2014: 3: finished (715ms, 68cycles)
Mon May 19 21:21:05 CEST 2014: 3: Solution found.
Mon May 19 21:21:06 CEST 2014: 4: finished (671ms, 59cycles)
Mon May 19 21:21:06 CEST 2014: 4: Solution found.
Mon May 19 21:21:06 CEST 2014: 5: finished (513ms, 45cycles)
Mon May 19 21:21:06 CEST 2014: 5: Solution found.
Mon May 19 21:21:07 CEST 2014: 6: finished (956ms, 82cycles)
Mon May 19 21:21:07 CEST 2014: 6: Solution found.
Mon May 19 21:21:08 CEST 2014: 7: finished (715ms, 70cycles)
Mon May 19 21:21:08 CEST 2014: 7: Solution found.
Mon May 19 21:21:09 CEST 2014: 8: finished (618ms, 50cycles)
Mon May 19 21:21:09 CEST 2014: 8: Solution found.
Mon May 19 21:21:09 CEST 2014: 9: finished (463ms, 40cycles)
Mon May 19 21:21:09 CEST 2014: 9: Solution found.
Mon May 19 21:21:10 CEST 2014: 10: finished (618ms, 55cycles)
Mon May 19 21:21:10 CEST 2014: 10: Solution found.
Mon May 19 21:21:10 CEST 2014: 11: finished (557ms, 52cycles)
Mon May 19 21:21:10 CEST 2014: 11: Solution found.
Mon May 19 21:21:12 CEST 2014: 12: finished (1253ms, 102cycles)
Mon May 19 21:21:12 CEST 2014: 12: Solution found.
Mon May 19 21:21:12 CEST 2014: 13: finished (717ms, 64cycles)
Mon May 19 21:21:12 CEST 2014: 13: Solution found.
Mon May 19 21:21:13 CEST 2014: 14: finished (601ms, 46cycles)
Mon May 19 21:21:13 CEST 2014: 14: Solution found.
Mon May 19 21:21:14 CEST 2014: 15: finished (1010ms, 81cycles)
Mon May 19 21:21:14 CEST 2014: 15: Solution found.
Mon May 19 21:21:15 CEST 2014: 16: finished (548ms, 48cycles)
Mon May 19 21:21:15 CEST 2014: 16: Solution found.
Mon May 19 21:21:15 CEST 2014: 17: finished (669ms, 54cycles)
Mon May 19 21:21:15 CEST 2014: 17: Solution found.
Mon May 19 21:21:16 CEST 2014: 18: finished (812ms, 64cycles)
Mon May 19 21:21:16 CEST 2014: 18: Solution found.
Mon May 19 21:21:17 CEST 2014: 19: finished (753ms, 68cycles)
Mon May 19 21:21:17 CEST 2014: 19: Solution found.
Mon May 19 21:21:17 CEST 2014: 20: finished (382ms, 30cycles)
Mon May 19 21:21:17 CEST 2014: 20: Solution found.
Mon May 19 21:21:18 CEST 2014: 21: finished (1030ms, 77cycles)
Mon May 19 21:21:18 CEST 2014: 21: Solution found.
Mon May 19 21:21:19 CEST 2014: 22: finished (830ms, 75cycles)
Mon May 19 21:21:19 CEST 2014: 22: Solution found.
Mon May 19 21:21:20 CEST 2014: 23: finished (641ms, 58cycles)
Mon May 19 21:21:20 CEST 2014: 23: Solution found.
Mon May 19 21:21:21 CEST 2014: 24: finished (738ms, 62cycles)
Mon May 19 21:21:21 CEST 2014: 24: Solution found.
Mon May 19 21:21:21 CEST 2014: 25: finished (646ms, 56cycles)
Mon May 19 21:21:21 CEST 2014: 25: Solution found.
Mon May 19 21:21:22 CEST 2014: 26: finished (1087ms, 91cycles)
Mon May 19 21:21:22 CEST 2014: 26: Solution found.
Mon May 19 21:21:23 CEST 2014: 27: finished (963ms, 76cycles)
Mon May 19 21:21:23 CEST 2014: 27: Solution found.
Mon May 19 21:21:24 CEST 2014: 28: finished (925ms, 78cycles)
Mon May 19 21:21:24 CEST 2014: 28: Solution found.
Mon May 19 21:21:25 CEST 2014: 29: finished (619ms, 51cycles)
Mon May 19 21:21:25 CEST 2014: 29: Solution found.
Mon May 19 21:21:26 CEST 2014: 30: finished (715ms, 61cycles)
Mon May 19 21:21:26 CEST 2014: 30: Solution found.
Mon May 19 21:21:26 CEST 2014: 31: finished (646ms, 52cycles)
Mon May 19 21:21:26 CEST 2014: 31: Solution found.
Mon May 19 21:21:27 CEST 2014: 32: finished (531ms, 44cycles)
Mon May 19 21:21:27 CEST 2014: 32: Solution found.
Mon May 19 21:21:27 CEST 2014: 33: finished (404ms, 38cycles)
Mon May 19 21:21:27 CEST 2014: 33: Solution found.
Mon May 19 21:21:28 CEST 2014: 34: finished (554ms, 45cycles)
Mon May 19 21:21:28 CEST 2014: 34: Solution found.
Mon May 19 21:21:28 CEST 2014: 35: finished (520ms, 46cycles)
Mon May 19 21:21:28 CEST 2014: 35: Solution found.
Mon May 19 21:21:29 CEST 2014: 36: finished (791ms, 77cycles)
Mon May 19 21:21:29 CEST 2014: 36: Solution found.
Mon May 19 21:21:30 CEST 2014: 37: finished (355ms, 41cycles)
Mon May 19 21:21:30 CEST 2014: 37: Solution found.
Mon May 19 21:21:30 CEST 2014: 38: finished (740ms, 67cycles)
Mon May 19 21:21:30 CEST 2014: 38: Solution found.
Mon May 19 21:21:31 CEST 2014: 39: finished (415ms, 36cycles)
Mon May 19 21:21:31 CEST 2014: 39: Solution found.
Mon May 19 21:21:31 CEST 2014: 40: finished (569ms, 48cycles)
Mon May 19 21:21:31 CEST 2014: 40: Solution found.
Mon May 19 21:21:32 CEST 2014: 41: finished (525ms, 47cycles)
Mon May 19 21:21:32 CEST 2014: 41: Solution found.
Mon May 19 21:21:32 CEST 2014: 42: finished (295ms, 27cycles)
Mon May 19 21:21:32 CEST 2014: 42: Solution found.
Mon May 19 21:21:33 CEST 2014: 43: finished (412ms, 39cycles)
Mon May 19 21:21:33 CEST 2014: 43: Solution found.
Mon May 19 21:21:33 CEST 2014: 44: finished (683ms, 68cycles)
Mon May 19 21:21:33 CEST 2014: 44: Solution found.
Mon May 19 21:21:34 CEST 2014: 45: finished (385ms, 43cycles)
Mon May 19 21:21:34 CEST 2014: 45: Solution found.
Mon May 19 21:21:34 CEST 2014: 46: finished (633ms, 60cycles)
Mon May 19 21:21:34 CEST 2014: 46: Solution found.
Mon May 19 21:21:35 CEST 2014: 47: finished (778ms, 64cycles)
Mon May 19 21:21:35 CEST 2014: 47: Solution found.
Mon May 19 21:21:36 CEST 2014: 48: finished (885ms, 81cycles)
Mon May 19 21:21:36 CEST 2014: 48: Solution found.
Mon May 19 21:21:38 CEST 2014: 49: finished (1501ms, 110cycles)
Mon May 19 21:21:38 CEST 2014: 49: Solution found.
Mon May 19 21:21:38 CEST 2014: 50: finished (596ms, 74cycles)
Mon May 19 21:21:38 CEST 2014: 50: Solution found.
Mon May 19 21:21:39 CEST 2014: 51: finished (669ms, 74cycles)
Mon May 19 21:21:39 CEST 2014: 51: Solution found.
Mon May 19 21:21:39 CEST 2014: 52: finished (540ms, 57cycles)
Mon May 19 21:21:39 CEST 2014: 52: Solution found.
Mon May 19 21:21:40 CEST 2014: 53: finished (507ms, 55cycles)
Mon May 19 21:21:40 CEST 2014: 53: Solution found.
Mon May 19 21:21:41 CEST 2014: 54: finished (1343ms, 107cycles)
Mon May 19 21:21:41 CEST 2014: 54: Solution found.
Mon May 19 21:21:42 CEST 2014: 55: finished (350ms, 30cycles)
Mon May 19 21:21:42 CEST 2014: 55: Solution found.
Mon May 19 21:21:42 CEST 2014: 56: finished (365ms, 29cycles)
Mon May 19 21:21:42 CEST 2014: 56: Solution found.
Mon May 19 21:21:43 CEST 2014: 57: finished (513ms, 37cycles)
Mon May 19 21:21:43 CEST 2014: 57: Solution found.
Mon May 19 21:21:43 CEST 2014: 58: finished (830ms, 68cycles)
Mon May 19 21:21:43 CEST 2014: 58: Solution found.
Mon May 19 21:21:44 CEST 2014: 59: finished (885ms, 72cycles)
Mon May 19 21:21:44 CEST 2014: 59: Solution found.
Mon May 19 21:21:45 CEST 2014: 60: finished (583ms, 47cycles)
Mon May 19 21:21:45 CEST 2014: 60: Solution found.
Mon May 19 21:21:46 CEST 2014: 61: finished (637ms, 54cycles)
Mon May 19 21:21:46 CEST 2014: 61: Solution found.
Mon May 19 21:21:46 CEST 2014: 62: finished (835ms, 78cycles)
Mon May 19 21:21:46 CEST 2014: 62: Solution found.
Mon May 19 21:21:47 CEST 2014: 63: finished (491ms, 44cycles)
Mon May 19 21:21:47 CEST 2014: 63: Solution found.
Mon May 19 21:21:48 CEST 2014: 64: finished (579ms, 52cycles)
Mon May 19 21:21:48 CEST 2014: 64: Solution found.
Mon May 19 21:21:48 CEST 2014: 65: finished (392ms, 34cycles)
Mon May 19 21:21:48 CEST 2014: 65: Solution found.
Mon May 19 21:21:49 CEST 2014: 66: finished (671ms, 59cycles)
Mon May 19 21:21:49 CEST 2014: 66: Solution found.
Mon May 19 21:21:50 CEST 2014: 67: finished (899ms, 67cycles)
Mon May 19 21:21:50 CEST 2014: 67: Solution found.
Mon May 19 21:21:50 CEST 2014: 68: finished (230ms, 21cycles)
Mon May 19 21:21:50 CEST 2014: 68: Solution found.
Mon May 19 21:21:51 CEST 2014: 69: finished (823ms, 64cycles)
Mon May 19 21:21:51 CEST 2014: 69: Solution found.
Mon May 19 21:21:51 CEST 2014: 70: finished (769ms, 66cycles)
Mon May 19 21:21:51 CEST 2014: 70: Solution found.
Mon May 19 21:21:52 CEST 2014: 71: finished (744ms, 66cycles)
Mon May 19 21:21:52 CEST 2014: 71: Solution found.
Mon May 19 21:21:53 CEST 2014: 72: finished (455ms, 36cycles)
Mon May 19 21:21:53 CEST 2014: 72: Solution found.
Mon May 19 21:21:53 CEST 2014: 73: finished (397ms, 37cycles)
Mon May 19 21:21:53 CEST 2014: 73: Solution found.
Mon May 19 21:21:54 CEST 2014: 74: finished (973ms, 82cycles)
Mon May 19 21:21:54 CEST 2014: 74: Solution found.
Mon May 19 21:21:55 CEST 2014: 75: finished (608ms, 56cycles)
Mon May 19 21:21:55 CEST 2014: 75: Solution found.
Mon May 19 21:21:55 CEST 2014: 76: finished (566ms, 57cycles)
Mon May 19 21:21:55 CEST 2014: 76: Solution found.
Mon May 19 21:21:56 CEST 2014: 77: finished (1209ms, 97cycles)
Mon May 19 21:21:56 CEST 2014: 77: Solution found.
Mon May 19 21:21:57 CEST 2014: 78: finished (577ms, 52cycles)
Mon May 19 21:21:57 CEST 2014: 78: Solution found.
Mon May 19 21:21:58 CEST 2014: 79: finished (742ms, 63cycles)
Mon May 19 21:21:58 CEST 2014: 79: Solution found.
Mon May 19 21:21:58 CEST 2014: 80: finished (611ms, 55cycles)
Mon May 19 21:21:58 CEST 2014: 80: Solution found.
Mon May 19 21:21:59 CEST 2014: 81: finished (690ms, 59cycles)
Mon May 19 21:21:59 CEST 2014: 81: Solution found.
Mon May 19 21:22:00 CEST 2014: 82: finished (823ms, 69cycles)
Mon May 19 21:22:00 CEST 2014: 82: Solution found.
Mon May 19 21:22:00 CEST 2014: 83: finished (461ms, 44cycles)
Mon May 19 21:22:00 CEST 2014: 83: Solution found.
Mon May 19 21:22:01 CEST 2014: 84: finished (458ms, 42cycles)
Mon May 19 21:22:01 CEST 2014: 84: Solution found.
Mon May 19 21:22:02 CEST 2014: 85: finished (601ms, 58cycles)
Mon May 19 21:22:02 CEST 2014: 85: Solution found.
Mon May 19 21:22:02 CEST 2014: 86: finished (767ms, 73cycles)
Mon May 19 21:22:02 CEST 2014: 86: Solution found.
Mon May 19 21:22:03 CEST 2014: 87: finished (390ms, 41cycles)
Mon May 19 21:22:03 CEST 2014: 87: Solution found.
Mon May 19 21:22:03 CEST 2014: 88: finished (639ms, 64cycles)
Mon May 19 21:22:03 CEST 2014: 88: Solution found.
Mon May 19 21:22:05 CEST 2014: 89: finished (1232ms, 105cycles)
Mon May 19 21:22:05 CEST 2014: 89: Solution found.
Mon May 19 21:22:05 CEST 2014: 90: finished (584ms, 54cycles)
Mon May 19 21:22:05 CEST 2014: 90: Solution found.
Mon May 19 21:22:06 CEST 2014: 91: finished (662ms, 66cycles)
Mon May 19 21:22:06 CEST 2014: 91: Solution found.
Mon May 19 21:22:06 CEST 2014: 92: finished (482ms, 46cycles)
Mon May 19 21:22:06 CEST 2014: 92: Solution found.
Mon May 19 21:22:07 CEST 2014: 93: finished (606ms, 54cycles)
Mon May 19 21:22:07 CEST 2014: 93: Solution found.
Mon May 19 21:22:08 CEST 2014: 94: finished (509ms, 47cycles)
Mon May 19 21:22:08 CEST 2014: 94: Solution found.
Mon May 19 21:22:08 CEST 2014: 95: finished (528ms, 48cycles)
Mon May 19 21:22:08 CEST 2014: 95: Solution found.
Mon May 19 21:22:09 CEST 2014: 96: finished (932ms, 80cycles)
Mon May 19 21:22:09 CEST 2014: 96: Solution found.
Mon May 19 21:22:10 CEST 2014: 97: finished (543ms, 50cycles)
Mon May 19 21:22:10 CEST 2014: 97: Solution found.
Mon May 19 21:22:10 CEST 2014: 98: finished (733ms, 60cycles)
Mon May 19 21:22:10 CEST 2014: 98: Solution found.
Mon May 19 21:22:11 CEST 2014: 99: finished (741ms, 60cycles)
Mon May 19 21:22:11 CEST 2014: 99: Solution found.
Mon May 19 21:22:11 CEST 2014: Solution Found: 100
Mon May 19 21:22:11 CEST 2014: Avg cycles: 59
Mon May 19 21:22:11 CEST 2014: Max cycles: 110
Mon May 19 21:22:11 CEST 2014: Min cycles: 21
Mon May 19 21:22:11 CEST 2014: No solution found: 0
Mon May 19 21:22:11 CEST 2014: logging finished. (runtime: 68898ms)
