Mon May 19 23:54:45 CEST 2014: Problem Count: 9
Mon May 19 23:54:45 CEST 2014: CandidatesCount: 100
Mon May 19 23:54:45 CEST 2014: Max Cycles: 500
Mon May 19 23:54:45 CEST 2014: 0: finished (102ms, 47cycles)
Mon May 19 23:54:45 CEST 2014: 0: Solution found.
Mon May 19 23:54:45 CEST 2014: 1: finished (154ms, 43cycles)
Mon May 19 23:54:45 CEST 2014: 1: Solution found.
Mon May 19 23:54:45 CEST 2014: 2: finished (469ms, 164cycles)
Mon May 19 23:54:45 CEST 2014: 2: Solution found.
Mon May 19 23:54:45 CEST 2014: 3: finished (131ms, 43cycles)
Mon May 19 23:54:45 CEST 2014: 3: Solution found.
Mon May 19 23:54:46 CEST 2014: 4: finished (207ms, 52cycles)
Mon May 19 23:54:46 CEST 2014: 4: Solution found.
Mon May 19 23:54:46 CEST 2014: 5: finished (180ms, 59cycles)
Mon May 19 23:54:46 CEST 2014: 5: Solution found.
Mon May 19 23:54:46 CEST 2014: 6: finished (245ms, 107cycles)
Mon May 19 23:54:46 CEST 2014: 6: Solution found.
Mon May 19 23:54:46 CEST 2014: 7: finished (364ms, 88cycles)
Mon May 19 23:54:46 CEST 2014: 7: Solution found.
Mon May 19 23:54:47 CEST 2014: 8: finished (550ms, 96cycles)
Mon May 19 23:54:47 CEST 2014: 8: Solution found.
Mon May 19 23:54:47 CEST 2014: 9: finished (168ms, 55cycles)
Mon May 19 23:54:47 CEST 2014: 9: Solution found.
Mon May 19 23:54:48 CEST 2014: 10: finished (475ms, 146cycles)
Mon May 19 23:54:48 CEST 2014: 10: Solution found.
Mon May 19 23:54:48 CEST 2014: 11: finished (175ms, 52cycles)
Mon May 19 23:54:48 CEST 2014: 11: Solution found.
Mon May 19 23:54:48 CEST 2014: 12: finished (191ms, 110cycles)
Mon May 19 23:54:48 CEST 2014: 12: Solution found.
Mon May 19 23:54:48 CEST 2014: 13: finished (263ms, 75cycles)
Mon May 19 23:54:48 CEST 2014: 13: Solution found.
Mon May 19 23:54:49 CEST 2014: 14: finished (231ms, 70cycles)
Mon May 19 23:54:49 CEST 2014: 14: Solution found.
Mon May 19 23:54:49 CEST 2014: 15: finished (394ms, 117cycles)
Mon May 19 23:54:49 CEST 2014: 15: Solution found.
Mon May 19 23:54:49 CEST 2014: 16: finished (127ms, 37cycles)
Mon May 19 23:54:49 CEST 2014: 16: Solution found.
Mon May 19 23:54:49 CEST 2014: 17: finished (192ms, 78cycles)
Mon May 19 23:54:49 CEST 2014: 17: Solution found.
Mon May 19 23:54:50 CEST 2014: 18: finished (149ms, 51cycles)
Mon May 19 23:54:50 CEST 2014: 18: Solution found.
Mon May 19 23:54:50 CEST 2014: 19: finished (288ms, 78cycles)
Mon May 19 23:54:50 CEST 2014: 19: Solution found.
Mon May 19 23:54:50 CEST 2014: 20: finished (288ms, 102cycles)
Mon May 19 23:54:50 CEST 2014: 20: Solution found.
Mon May 19 23:54:50 CEST 2014: 21: finished (44ms, 29cycles)
Mon May 19 23:54:50 CEST 2014: 21: Solution found.
Mon May 19 23:54:50 CEST 2014: 22: finished (243ms, 120cycles)
Mon May 19 23:54:51 CEST 2014: 22: Solution found.
Mon May 19 23:54:51 CEST 2014: 23: finished (185ms, 77cycles)
Mon May 19 23:54:51 CEST 2014: 23: Solution found.
Mon May 19 23:54:51 CEST 2014: 24: finished (511ms, 113cycles)
Mon May 19 23:54:51 CEST 2014: 24: Solution found.
Mon May 19 23:54:51 CEST 2014: 25: finished (215ms, 82cycles)
Mon May 19 23:54:51 CEST 2014: 25: Solution found.
Mon May 19 23:54:52 CEST 2014: 26: finished (482ms, 85cycles)
Mon May 19 23:54:52 CEST 2014: 26: Solution found.
Mon May 19 23:54:53 CEST 2014: 27: finished (540ms, 124cycles)
Mon May 19 23:54:53 CEST 2014: 27: Solution found.
Mon May 19 23:54:53 CEST 2014: 28: finished (585ms, 129cycles)
Mon May 19 23:54:53 CEST 2014: 28: Solution found.
Mon May 19 23:54:53 CEST 2014: 29: finished (234ms, 105cycles)
Mon May 19 23:54:53 CEST 2014: 29: Solution found.
Mon May 19 23:54:54 CEST 2014: 30: finished (820ms, 147cycles)
Mon May 19 23:54:54 CEST 2014: 30: Solution found.
Mon May 19 23:54:55 CEST 2014: 31: finished (421ms, 111cycles)
Mon May 19 23:54:55 CEST 2014: 31: Solution found.
Mon May 19 23:54:55 CEST 2014: 32: finished (255ms, 63cycles)
Mon May 19 23:54:55 CEST 2014: 32: Solution found.
Mon May 19 23:54:55 CEST 2014: 33: finished (217ms, 89cycles)
Mon May 19 23:54:55 CEST 2014: 33: Solution found.
Mon May 19 23:54:55 CEST 2014: 34: finished (118ms, 57cycles)
Mon May 19 23:54:55 CEST 2014: 34: Solution found.
Mon May 19 23:54:56 CEST 2014: 35: finished (298ms, 119cycles)
Mon May 19 23:54:56 CEST 2014: 35: Solution found.
Mon May 19 23:54:56 CEST 2014: 36: finished (298ms, 116cycles)
Mon May 19 23:54:56 CEST 2014: 36: Solution found.
Mon May 19 23:54:56 CEST 2014: 37: finished (388ms, 96cycles)
Mon May 19 23:54:56 CEST 2014: 37: Solution found.
Mon May 19 23:54:56 CEST 2014: 38: finished (118ms, 52cycles)
Mon May 19 23:54:56 CEST 2014: 38: Solution found.
Mon May 19 23:54:57 CEST 2014: 39: finished (330ms, 89cycles)
Mon May 19 23:54:57 CEST 2014: 39: Solution found.
Mon May 19 23:54:57 CEST 2014: 40: finished (344ms, 114cycles)
Mon May 19 23:54:57 CEST 2014: 40: Solution found.
Mon May 19 23:54:57 CEST 2014: 41: finished (125ms, 49cycles)
Mon May 19 23:54:57 CEST 2014: 41: Solution found.
Mon May 19 23:54:58 CEST 2014: 42: finished (287ms, 80cycles)
Mon May 19 23:54:58 CEST 2014: 42: Solution found.
Mon May 19 23:54:58 CEST 2014: 43: finished (300ms, 74cycles)
Mon May 19 23:54:58 CEST 2014: 43: Solution found.
Mon May 19 23:54:58 CEST 2014: 44: finished (157ms, 63cycles)
Mon May 19 23:54:58 CEST 2014: 44: Solution found.
Mon May 19 23:54:58 CEST 2014: 45: finished (322ms, 81cycles)
Mon May 19 23:54:58 CEST 2014: 45: Solution found.
Mon May 19 23:54:59 CEST 2014: 46: finished (459ms, 150cycles)
Mon May 19 23:54:59 CEST 2014: 46: Solution found.
Mon May 19 23:54:59 CEST 2014: 47: finished (297ms, 124cycles)
Mon May 19 23:54:59 CEST 2014: 47: Solution found.
Mon May 19 23:55:00 CEST 2014: 48: finished (1068ms, 195cycles)
Mon May 19 23:55:00 CEST 2014: 48: Solution found.
Mon May 19 23:55:01 CEST 2014: 49: finished (640ms, 131cycles)
Mon May 19 23:55:01 CEST 2014: 49: Solution found.
Mon May 19 23:55:01 CEST 2014: 50: finished (477ms, 104cycles)
Mon May 19 23:55:01 CEST 2014: 50: Solution found.
Mon May 19 23:55:02 CEST 2014: 51: finished (734ms, 137cycles)
Mon May 19 23:55:02 CEST 2014: 51: Solution found.
Mon May 19 23:55:02 CEST 2014: 52: finished (303ms, 65cycles)
Mon May 19 23:55:02 CEST 2014: 52: Solution found.
Mon May 19 23:55:03 CEST 2014: 53: finished (755ms, 115cycles)
Mon May 19 23:55:03 CEST 2014: 53: Solution found.
Mon May 19 23:55:04 CEST 2014: 54: finished (750ms, 119cycles)
Mon May 19 23:55:04 CEST 2014: 54: Solution found.
Mon May 19 23:55:05 CEST 2014: 55: finished (735ms, 122cycles)
Mon May 19 23:55:05 CEST 2014: 55: Solution found.
Mon May 19 23:55:05 CEST 2014: 56: finished (319ms, 75cycles)
Mon May 19 23:55:05 CEST 2014: 56: Solution found.
Mon May 19 23:55:06 CEST 2014: 57: finished (852ms, 218cycles)
Mon May 19 23:55:06 CEST 2014: 57: Solution found.
Mon May 19 23:55:06 CEST 2014: 58: finished (166ms, 57cycles)
Mon May 19 23:55:06 CEST 2014: 58: Solution found.
Mon May 19 23:55:06 CEST 2014: 59: finished (251ms, 61cycles)
Mon May 19 23:55:06 CEST 2014: 59: Solution found.
Mon May 19 23:55:07 CEST 2014: 60: finished (228ms, 78cycles)
Mon May 19 23:55:07 CEST 2014: 60: Solution found.
Mon May 19 23:55:07 CEST 2014: 61: finished (109ms, 45cycles)
Mon May 19 23:55:07 CEST 2014: 61: Solution found.
Mon May 19 23:55:07 CEST 2014: 62: finished (297ms, 107cycles)
Mon May 19 23:55:07 CEST 2014: 62: Solution found.
Mon May 19 23:55:07 CEST 2014: 63: finished (203ms, 79cycles)
Mon May 19 23:55:07 CEST 2014: 63: Solution found.
Mon May 19 23:55:07 CEST 2014: 64: finished (110ms, 58cycles)
Mon May 19 23:55:07 CEST 2014: 64: Solution found.
Mon May 19 23:55:08 CEST 2014: 65: finished (178ms, 53cycles)
Mon May 19 23:55:08 CEST 2014: 65: Solution found.
Mon May 19 23:55:08 CEST 2014: 66: finished (273ms, 58cycles)
Mon May 19 23:55:08 CEST 2014: 66: Solution found.
Mon May 19 23:55:08 CEST 2014: 67: finished (123ms, 39cycles)
Mon May 19 23:55:08 CEST 2014: 67: Solution found.
Mon May 19 23:55:08 CEST 2014: 68: finished (248ms, 60cycles)
Mon May 19 23:55:08 CEST 2014: 68: Solution found.
Mon May 19 23:55:08 CEST 2014: 69: finished (206ms, 76cycles)
Mon May 19 23:55:08 CEST 2014: 69: Solution found.
Mon May 19 23:55:09 CEST 2014: 70: finished (227ms, 59cycles)
Mon May 19 23:55:09 CEST 2014: 70: Solution found.
Mon May 19 23:55:10 CEST 2014: 71: finished (921ms, 142cycles)
Mon May 19 23:55:10 CEST 2014: 71: Solution found.
Mon May 19 23:55:10 CEST 2014: 72: finished (179ms, 57cycles)
Mon May 19 23:55:10 CEST 2014: 72: Solution found.
Mon May 19 23:55:10 CEST 2014: 73: finished (213ms, 93cycles)
Mon May 19 23:55:10 CEST 2014: 73: Solution found.
Mon May 19 23:55:10 CEST 2014: 74: finished (331ms, 126cycles)
Mon May 19 23:55:10 CEST 2014: 74: Solution found.
Mon May 19 23:55:11 CEST 2014: 75: finished (148ms, 67cycles)
Mon May 19 23:55:11 CEST 2014: 75: Solution found.
Mon May 19 23:55:11 CEST 2014: 76: finished (299ms, 74cycles)
Mon May 19 23:55:11 CEST 2014: 76: Solution found.
Mon May 19 23:55:11 CEST 2014: 77: finished (349ms, 87cycles)
Mon May 19 23:55:11 CEST 2014: 77: Solution found.
Mon May 19 23:55:11 CEST 2014: 78: finished (126ms, 69cycles)
Mon May 19 23:55:11 CEST 2014: 78: Solution found.
Mon May 19 23:55:13 CEST 2014: 79: finished (1124ms, 236cycles)
Mon May 19 23:55:13 CEST 2014: 79: Solution found.
Mon May 19 23:55:13 CEST 2014: 80: finished (883ms, 196cycles)
Mon May 19 23:55:13 CEST 2014: 80: Solution found.
Mon May 19 23:55:14 CEST 2014: 81: finished (519ms, 104cycles)
Mon May 19 23:55:14 CEST 2014: 81: Solution found.
Mon May 19 23:55:14 CEST 2014: 82: finished (436ms, 98cycles)
Mon May 19 23:55:14 CEST 2014: 82: Solution found.
Mon May 19 23:55:15 CEST 2014: 83: finished (258ms, 36cycles)
Mon May 19 23:55:15 CEST 2014: 83: Solution found.
Mon May 19 23:55:15 CEST 2014: 84: finished (198ms, 67cycles)
Mon May 19 23:55:15 CEST 2014: 84: Solution found.
Mon May 19 23:55:15 CEST 2014: 85: finished (173ms, 63cycles)
Mon May 19 23:55:15 CEST 2014: 85: Solution found.
Mon May 19 23:55:15 CEST 2014: 86: finished (128ms, 32cycles)
Mon May 19 23:55:15 CEST 2014: 86: Solution found.
Mon May 19 23:55:16 CEST 2014: 87: finished (312ms, 112cycles)
Mon May 19 23:55:16 CEST 2014: 87: Solution found.
Mon May 19 23:55:16 CEST 2014: 88: finished (416ms, 78cycles)
Mon May 19 23:55:16 CEST 2014: 88: Solution found.
Mon May 19 23:55:17 CEST 2014: 89: finished (564ms, 146cycles)
Mon May 19 23:55:17 CEST 2014: 89: Solution found.
Mon May 19 23:55:17 CEST 2014: 90: finished (424ms, 88cycles)
Mon May 19 23:55:17 CEST 2014: 90: Solution found.
Mon May 19 23:55:17 CEST 2014: 91: finished (425ms, 70cycles)
Mon May 19 23:55:17 CEST 2014: 91: Solution found.
Mon May 19 23:55:18 CEST 2014: 92: finished (368ms, 102cycles)
Mon May 19 23:55:18 CEST 2014: 92: Solution found.
Mon May 19 23:55:18 CEST 2014: 93: finished (196ms, 63cycles)
Mon May 19 23:55:18 CEST 2014: 93: Solution found.
Mon May 19 23:55:18 CEST 2014: 94: finished (415ms, 112cycles)
Mon May 19 23:55:18 CEST 2014: 94: Solution found.
Mon May 19 23:55:19 CEST 2014: 95: finished (571ms, 117cycles)
Mon May 19 23:55:19 CEST 2014: 95: Solution found.
Mon May 19 23:55:19 CEST 2014: 96: finished (429ms, 116cycles)
Mon May 19 23:55:19 CEST 2014: 96: Solution found.
Mon May 19 23:55:20 CEST 2014: 97: finished (131ms, 53cycles)
Mon May 19 23:55:20 CEST 2014: 97: Solution found.
Mon May 19 23:55:20 CEST 2014: 98: finished (226ms, 87cycles)
Mon May 19 23:55:20 CEST 2014: 98: Solution found.
Mon May 19 23:55:20 CEST 2014: 99: finished (244ms, 71cycles)
Mon May 19 23:55:20 CEST 2014: 99: Solution found.
Mon May 19 23:55:20 CEST 2014: Solution Found: 100
Mon May 19 23:55:20 CEST 2014: Avg cycles: 90
Mon May 19 23:55:20 CEST 2014: Max cycles: 236
Mon May 19 23:55:20 CEST 2014: Min cycles: 29
Mon May 19 23:55:20 CEST 2014: No solution found: 0
Mon May 19 23:55:20 CEST 2014: logging finished. (runtime: 35617ms)
