Mon May 19 22:00:19 CEST 2014: Problem Count: 45
Mon May 19 22:00:19 CEST 2014: CandidatesCount: 100
Mon May 19 22:00:19 CEST 2014: Max Cycles: 500
Mon May 19 22:00:19 CEST 2014: 0: finished (312ms, 42cycles)
Mon May 19 22:00:19 CEST 2014: 0: Solution found.
Mon May 19 22:00:20 CEST 2014: 1: finished (573ms, 73cycles)
Mon May 19 22:00:20 CEST 2014: 1: Solution found.
Mon May 19 22:00:21 CEST 2014: 2: finished (668ms, 84cycles)
Mon May 19 22:00:21 CEST 2014: 2: Solution found.
Mon May 19 22:00:21 CEST 2014: 3: finished (693ms, 88cycles)
Mon May 19 22:00:21 CEST 2014: 3: Solution found.
Mon May 19 22:00:22 CEST 2014: 4: finished (417ms, 58cycles)
Mon May 19 22:00:22 CEST 2014: 4: Solution found.
Mon May 19 22:00:22 CEST 2014: 5: finished (426ms, 54cycles)
Mon May 19 22:00:22 CEST 2014: 5: Solution found.
Mon May 19 22:00:23 CEST 2014: 6: finished (409ms, 49cycles)
Mon May 19 22:00:23 CEST 2014: 6: Solution found.
Mon May 19 22:00:23 CEST 2014: 7: finished (299ms, 37cycles)
Mon May 19 22:00:23 CEST 2014: 7: Solution found.
Mon May 19 22:00:23 CEST 2014: 8: finished (307ms, 40cycles)
Mon May 19 22:00:23 CEST 2014: 8: Solution found.
Mon May 19 22:00:24 CEST 2014: 9: finished (511ms, 69cycles)
Mon May 19 22:00:24 CEST 2014: 9: Solution found.
Mon May 19 22:00:24 CEST 2014: 10: finished (431ms, 56cycles)
Mon May 19 22:00:24 CEST 2014: 10: Solution found.
Mon May 19 22:00:25 CEST 2014: 11: finished (720ms, 91cycles)
Mon May 19 22:00:25 CEST 2014: 11: Solution found.
Mon May 19 22:00:25 CEST 2014: 12: finished (183ms, 26cycles)
Mon May 19 22:00:25 CEST 2014: 12: Solution found.
Mon May 19 22:00:26 CEST 2014: 13: finished (543ms, 69cycles)
Mon May 19 22:00:26 CEST 2014: 13: Solution found.
Mon May 19 22:00:26 CEST 2014: 14: finished (160ms, 18cycles)
Mon May 19 22:00:26 CEST 2014: 14: Solution found.
Mon May 19 22:00:26 CEST 2014: 15: finished (610ms, 84cycles)
Mon May 19 22:00:26 CEST 2014: 15: Solution found.
Mon May 19 22:00:27 CEST 2014: 16: finished (494ms, 58cycles)
Mon May 19 22:00:27 CEST 2014: 16: Solution found.
Mon May 19 22:00:27 CEST 2014: 17: finished (325ms, 48cycles)
Mon May 19 22:00:27 CEST 2014: 17: Solution found.
Mon May 19 22:00:28 CEST 2014: 18: finished (248ms, 32cycles)
Mon May 19 22:00:28 CEST 2014: 18: Solution found.
Mon May 19 22:00:28 CEST 2014: 19: finished (459ms, 61cycles)
Mon May 19 22:00:28 CEST 2014: 19: Solution found.
Mon May 19 22:00:29 CEST 2014: 20: finished (514ms, 67cycles)
Mon May 19 22:00:29 CEST 2014: 20: Solution found.
Mon May 19 22:00:29 CEST 2014: 21: finished (595ms, 77cycles)
Mon May 19 22:00:29 CEST 2014: 21: Solution found.
Mon May 19 22:00:30 CEST 2014: 22: finished (517ms, 70cycles)
Mon May 19 22:00:30 CEST 2014: 22: Solution found.
Mon May 19 22:00:30 CEST 2014: 23: finished (554ms, 71cycles)
Mon May 19 22:00:30 CEST 2014: 23: Solution found.
Mon May 19 22:00:31 CEST 2014: 24: finished (395ms, 52cycles)
Mon May 19 22:00:31 CEST 2014: 24: Solution found.
Mon May 19 22:00:31 CEST 2014: 25: finished (228ms, 31cycles)
Mon May 19 22:00:31 CEST 2014: 25: Solution found.
Mon May 19 22:00:32 CEST 2014: 26: finished (700ms, 94cycles)
Mon May 19 22:00:32 CEST 2014: 26: Solution found.
Mon May 19 22:00:32 CEST 2014: 27: finished (340ms, 48cycles)
Mon May 19 22:00:32 CEST 2014: 27: Solution found.
Mon May 19 22:00:32 CEST 2014: 28: finished (326ms, 45cycles)
Mon May 19 22:00:32 CEST 2014: 28: Solution found.
Mon May 19 22:00:33 CEST 2014: 29: finished (454ms, 53cycles)
Mon May 19 22:00:33 CEST 2014: 29: Solution found.
Mon May 19 22:00:33 CEST 2014: 30: finished (271ms, 36cycles)
Mon May 19 22:00:33 CEST 2014: 30: Solution found.
Mon May 19 22:00:34 CEST 2014: 31: finished (468ms, 65cycles)
Mon May 19 22:00:34 CEST 2014: 31: Solution found.
Mon May 19 22:00:34 CEST 2014: 32: finished (557ms, 73cycles)
Mon May 19 22:00:34 CEST 2014: 32: Solution found.
Mon May 19 22:00:35 CEST 2014: 33: finished (679ms, 89cycles)
Mon May 19 22:00:35 CEST 2014: 33: Solution found.
Mon May 19 22:00:35 CEST 2014: 34: finished (413ms, 50cycles)
Mon May 19 22:00:35 CEST 2014: 34: Solution found.
Mon May 19 22:00:36 CEST 2014: 35: finished (386ms, 51cycles)
Mon May 19 22:00:36 CEST 2014: 35: Solution found.
Mon May 19 22:00:36 CEST 2014: 36: finished (262ms, 37cycles)
Mon May 19 22:00:36 CEST 2014: 36: Solution found.
Mon May 19 22:00:36 CEST 2014: 37: finished (326ms, 44cycles)
Mon May 19 22:00:36 CEST 2014: 37: Solution found.
Mon May 19 22:00:37 CEST 2014: 38: finished (725ms, 97cycles)
Mon May 19 22:00:37 CEST 2014: 38: Solution found.
Mon May 19 22:00:38 CEST 2014: 39: finished (762ms, 94cycles)
Mon May 19 22:00:38 CEST 2014: 39: Solution found.
Mon May 19 22:00:38 CEST 2014: 40: finished (335ms, 48cycles)
Mon May 19 22:00:38 CEST 2014: 40: Solution found.
Mon May 19 22:00:39 CEST 2014: 41: finished (629ms, 76cycles)
Mon May 19 22:00:39 CEST 2014: 41: Solution found.
Mon May 19 22:00:39 CEST 2014: 42: finished (342ms, 44cycles)
Mon May 19 22:00:39 CEST 2014: 42: Solution found.
Mon May 19 22:00:39 CEST 2014: 43: finished (389ms, 44cycles)
Mon May 19 22:00:39 CEST 2014: 43: Solution found.
Mon May 19 22:00:40 CEST 2014: 44: finished (525ms, 72cycles)
Mon May 19 22:00:40 CEST 2014: 44: Solution found.
Mon May 19 22:00:40 CEST 2014: 45: finished (404ms, 53cycles)
Mon May 19 22:00:40 CEST 2014: 45: Solution found.
Mon May 19 22:00:41 CEST 2014: 46: finished (698ms, 89cycles)
Mon May 19 22:00:41 CEST 2014: 46: Solution found.
Mon May 19 22:00:42 CEST 2014: 47: finished (535ms, 73cycles)
Mon May 19 22:00:42 CEST 2014: 47: Solution found.
Mon May 19 22:00:42 CEST 2014: 48: finished (546ms, 80cycles)
Mon May 19 22:00:42 CEST 2014: 48: Solution found.
Mon May 19 22:00:43 CEST 2014: 49: finished (286ms, 40cycles)
Mon May 19 22:00:43 CEST 2014: 49: Solution found.
Mon May 19 22:00:43 CEST 2014: 50: finished (609ms, 85cycles)
Mon May 19 22:00:43 CEST 2014: 50: Solution found.
Mon May 19 22:00:44 CEST 2014: 51: finished (760ms, 95cycles)
Mon May 19 22:00:44 CEST 2014: 51: Solution found.
Mon May 19 22:00:44 CEST 2014: 52: finished (276ms, 37cycles)
Mon May 19 22:00:44 CEST 2014: 52: Solution found.
Mon May 19 22:00:45 CEST 2014: 53: finished (689ms, 93cycles)
Mon May 19 22:00:45 CEST 2014: 53: Solution found.
Mon May 19 22:00:45 CEST 2014: 54: finished (408ms, 58cycles)
Mon May 19 22:00:45 CEST 2014: 54: Solution found.
Mon May 19 22:00:46 CEST 2014: 55: finished (321ms, 46cycles)
Mon May 19 22:00:46 CEST 2014: 55: Solution found.
Mon May 19 22:00:46 CEST 2014: 56: finished (316ms, 45cycles)
Mon May 19 22:00:46 CEST 2014: 56: Solution found.
Mon May 19 22:00:46 CEST 2014: 57: finished (210ms, 30cycles)
Mon May 19 22:00:46 CEST 2014: 57: Solution found.
Mon May 19 22:00:47 CEST 2014: 58: finished (691ms, 82cycles)
Mon May 19 22:00:47 CEST 2014: 58: Solution found.
Mon May 19 22:00:47 CEST 2014: 59: finished (168ms, 24cycles)
Mon May 19 22:00:47 CEST 2014: 59: Solution found.
Mon May 19 22:00:48 CEST 2014: 60: finished (413ms, 58cycles)
Mon May 19 22:00:48 CEST 2014: 60: Solution found.
Mon May 19 22:00:48 CEST 2014: 61: finished (878ms, 111cycles)
Mon May 19 22:00:48 CEST 2014: 61: Solution found.
Mon May 19 22:00:49 CEST 2014: 62: finished (131ms, 16cycles)
Mon May 19 22:00:49 CEST 2014: 62: Solution found.
Mon May 19 22:00:49 CEST 2014: 63: finished (420ms, 53cycles)
Mon May 19 22:00:49 CEST 2014: 63: Solution found.
Mon May 19 22:00:50 CEST 2014: 64: finished (509ms, 66cycles)
Mon May 19 22:00:50 CEST 2014: 64: Solution found.
Mon May 19 22:00:50 CEST 2014: 65: finished (640ms, 88cycles)
Mon May 19 22:00:50 CEST 2014: 65: Solution found.
Mon May 19 22:00:51 CEST 2014: 66: finished (394ms, 56cycles)
Mon May 19 22:00:51 CEST 2014: 66: Solution found.
Mon May 19 22:00:51 CEST 2014: 67: finished (284ms, 31cycles)
Mon May 19 22:00:51 CEST 2014: 67: Solution found.
Mon May 19 22:00:51 CEST 2014: 68: finished (335ms, 49cycles)
Mon May 19 22:00:51 CEST 2014: 68: Solution found.
Mon May 19 22:00:52 CEST 2014: 69: finished (339ms, 51cycles)
Mon May 19 22:00:52 CEST 2014: 69: Solution found.
Mon May 19 22:00:52 CEST 2014: 70: finished (373ms, 51cycles)
Mon May 19 22:00:52 CEST 2014: 70: Solution found.
Mon May 19 22:00:53 CEST 2014: 71: finished (584ms, 78cycles)
Mon May 19 22:00:53 CEST 2014: 71: Solution found.
Mon May 19 22:00:53 CEST 2014: 72: finished (492ms, 59cycles)
Mon May 19 22:00:53 CEST 2014: 72: Solution found.
Mon May 19 22:00:54 CEST 2014: 73: finished (557ms, 67cycles)
Mon May 19 22:00:54 CEST 2014: 73: Solution found.
Mon May 19 22:00:54 CEST 2014: 74: finished (550ms, 77cycles)
Mon May 19 22:00:54 CEST 2014: 74: Solution found.
Mon May 19 22:00:55 CEST 2014: 75: finished (441ms, 61cycles)
Mon May 19 22:00:55 CEST 2014: 75: Solution found.
Mon May 19 22:00:55 CEST 2014: 76: finished (365ms, 48cycles)
Mon May 19 22:00:55 CEST 2014: 76: Solution found.
Mon May 19 22:00:55 CEST 2014: 77: finished (231ms, 33cycles)
Mon May 19 22:00:55 CEST 2014: 77: Solution found.
Mon May 19 22:00:56 CEST 2014: 78: finished (535ms, 64cycles)
Mon May 19 22:00:56 CEST 2014: 78: Solution found.
Mon May 19 22:00:56 CEST 2014: 79: finished (353ms, 49cycles)
Mon May 19 22:00:56 CEST 2014: 79: Solution found.
Mon May 19 22:00:57 CEST 2014: 80: finished (468ms, 58cycles)
Mon May 19 22:00:57 CEST 2014: 80: Solution found.
Mon May 19 22:00:57 CEST 2014: 81: finished (249ms, 29cycles)
Mon May 19 22:00:57 CEST 2014: 81: Solution found.
Mon May 19 22:00:57 CEST 2014: 82: finished (490ms, 68cycles)
Mon May 19 22:00:57 CEST 2014: 82: Solution found.
Mon May 19 22:00:58 CEST 2014: 83: finished (479ms, 63cycles)
Mon May 19 22:00:58 CEST 2014: 83: Solution found.
Mon May 19 22:00:58 CEST 2014: 84: finished (455ms, 60cycles)
Mon May 19 22:00:58 CEST 2014: 84: Solution found.
Mon May 19 22:00:59 CEST 2014: 85: finished (655ms, 87cycles)
Mon May 19 22:00:59 CEST 2014: 85: Solution found.
Mon May 19 22:00:59 CEST 2014: 86: finished (371ms, 50cycles)
Mon May 19 22:00:59 CEST 2014: 86: Solution found.
Mon May 19 22:01:00 CEST 2014: 87: finished (762ms, 104cycles)
Mon May 19 22:01:00 CEST 2014: 87: Solution found.
Mon May 19 22:01:01 CEST 2014: 88: finished (656ms, 85cycles)
Mon May 19 22:01:01 CEST 2014: 88: Solution found.
Mon May 19 22:01:01 CEST 2014: 89: finished (423ms, 58cycles)
Mon May 19 22:01:01 CEST 2014: 89: Solution found.
Mon May 19 22:01:02 CEST 2014: 90: finished (349ms, 51cycles)
Mon May 19 22:01:02 CEST 2014: 90: Solution found.
Mon May 19 22:01:02 CEST 2014: 91: finished (624ms, 77cycles)
Mon May 19 22:01:02 CEST 2014: 91: Solution found.
Mon May 19 22:01:03 CEST 2014: 92: finished (396ms, 51cycles)
Mon May 19 22:01:03 CEST 2014: 92: Solution found.
Mon May 19 22:01:03 CEST 2014: 93: finished (228ms, 30cycles)
Mon May 19 22:01:03 CEST 2014: 93: Solution found.
Mon May 19 22:01:03 CEST 2014: 94: finished (461ms, 61cycles)
Mon May 19 22:01:03 CEST 2014: 94: Solution found.
Mon May 19 22:01:04 CEST 2014: 95: finished (446ms, 62cycles)
Mon May 19 22:01:04 CEST 2014: 95: Solution found.
Mon May 19 22:01:04 CEST 2014: 96: finished (540ms, 72cycles)
Mon May 19 22:01:04 CEST 2014: 96: Solution found.
Mon May 19 22:01:05 CEST 2014: 97: finished (377ms, 51cycles)
Mon May 19 22:01:05 CEST 2014: 97: Solution found.
Mon May 19 22:01:05 CEST 2014: 98: finished (622ms, 68cycles)
Mon May 19 22:01:05 CEST 2014: 98: Solution found.
Mon May 19 22:01:06 CEST 2014: 99: finished (504ms, 58cycles)
Mon May 19 22:01:06 CEST 2014: 99: Solution found.
Mon May 19 22:01:06 CEST 2014: Solution Found: 100
Mon May 19 22:01:06 CEST 2014: Avg cycles: 60
Mon May 19 22:01:06 CEST 2014: Max cycles: 111
Mon May 19 22:01:06 CEST 2014: Min cycles: 16
Mon May 19 22:01:06 CEST 2014: No solution found: 0
Mon May 19 22:01:06 CEST 2014: logging finished. (runtime: 47055ms)
