Tue May 20 00:45:06 CEST 2014: Problem Count: 72
Tue May 20 00:45:06 CEST 2014: CandidatesCount: 100
Tue May 20 00:45:06 CEST 2014: Max Cycles: 500
Tue May 20 00:45:06 CEST 2014: 0: finished (631ms, 34cycles)
Tue May 20 00:45:06 CEST 2014: 0: Solution found.
Tue May 20 00:45:08 CEST 2014: 1: finished (1394ms, 79cycles)
Tue May 20 00:45:08 CEST 2014: 1: Solution found.
Tue May 20 00:45:09 CEST 2014: 2: finished (1189ms, 61cycles)
Tue May 20 00:45:09 CEST 2014: 2: Solution found.
Tue May 20 00:45:10 CEST 2014: 3: finished (1135ms, 62cycles)
Tue May 20 00:45:10 CEST 2014: 3: Solution found.
Tue May 20 00:45:11 CEST 2014: 4: finished (658ms, 38cycles)
Tue May 20 00:45:11 CEST 2014: 4: Solution found.
Tue May 20 00:45:12 CEST 2014: 5: finished (892ms, 48cycles)
Tue May 20 00:45:12 CEST 2014: 5: Solution found.
Tue May 20 00:45:12 CEST 2014: 6: finished (716ms, 40cycles)
Tue May 20 00:45:12 CEST 2014: 6: Solution found.
Tue May 20 00:45:14 CEST 2014: 7: finished (1243ms, 68cycles)
Tue May 20 00:45:14 CEST 2014: 7: Solution found.
Tue May 20 00:45:15 CEST 2014: 8: finished (1384ms, 76cycles)
Tue May 20 00:45:15 CEST 2014: 8: Solution found.
Tue May 20 00:45:16 CEST 2014: 9: finished (1002ms, 53cycles)
Tue May 20 00:45:16 CEST 2014: 9: Solution found.
Tue May 20 00:45:17 CEST 2014: 10: finished (821ms, 46cycles)
Tue May 20 00:45:17 CEST 2014: 10: Solution found.
Tue May 20 00:45:17 CEST 2014: 11: finished (724ms, 39cycles)
Tue May 20 00:45:18 CEST 2014: 11: Solution found.
Tue May 20 00:45:19 CEST 2014: 12: finished (1000ms, 55cycles)
Tue May 20 00:45:19 CEST 2014: 12: Solution found.
Tue May 20 00:45:20 CEST 2014: 13: finished (984ms, 56cycles)
Tue May 20 00:45:20 CEST 2014: 13: Solution found.
Tue May 20 00:45:21 CEST 2014: 14: finished (1532ms, 82cycles)
Tue May 20 00:45:21 CEST 2014: 14: Solution found.
Tue May 20 00:45:22 CEST 2014: 15: finished (1064ms, 53cycles)
Tue May 20 00:45:22 CEST 2014: 15: Solution found.
Tue May 20 00:45:23 CEST 2014: 16: finished (1010ms, 58cycles)
Tue May 20 00:45:23 CEST 2014: 16: Solution found.
Tue May 20 00:45:24 CEST 2014: 17: finished (376ms, 19cycles)
Tue May 20 00:45:24 CEST 2014: 17: Solution found.
Tue May 20 00:45:25 CEST 2014: 18: finished (1127ms, 56cycles)
Tue May 20 00:45:25 CEST 2014: 18: Solution found.
Tue May 20 00:45:26 CEST 2014: 19: finished (1447ms, 75cycles)
Tue May 20 00:45:26 CEST 2014: 19: Solution found.
Tue May 20 00:45:27 CEST 2014: 20: finished (1195ms, 67cycles)
Tue May 20 00:45:27 CEST 2014: 20: Solution found.
Tue May 20 00:45:29 CEST 2014: 21: finished (1205ms, 62cycles)
Tue May 20 00:45:29 CEST 2014: 21: Solution found.
Tue May 20 00:45:29 CEST 2014: 22: finished (893ms, 50cycles)
Tue May 20 00:45:29 CEST 2014: 22: Solution found.
Tue May 20 00:45:30 CEST 2014: 23: finished (810ms, 45cycles)
Tue May 20 00:45:30 CEST 2014: 23: Solution found.
Tue May 20 00:45:31 CEST 2014: 24: finished (702ms, 38cycles)
Tue May 20 00:45:31 CEST 2014: 24: Solution found.
Tue May 20 00:45:32 CEST 2014: 25: finished (855ms, 37cycles)
Tue May 20 00:45:32 CEST 2014: 25: Solution found.
Tue May 20 00:45:34 CEST 2014: 26: finished (1700ms, 91cycles)
Tue May 20 00:45:34 CEST 2014: 26: Solution found.
Tue May 20 00:45:35 CEST 2014: 27: finished (951ms, 50cycles)
Tue May 20 00:45:35 CEST 2014: 27: Solution found.
Tue May 20 00:45:36 CEST 2014: 28: finished (1004ms, 55cycles)
Tue May 20 00:45:36 CEST 2014: 28: Solution found.
Tue May 20 00:45:37 CEST 2014: 29: finished (1437ms, 75cycles)
Tue May 20 00:45:37 CEST 2014: 29: Solution found.
Tue May 20 00:45:38 CEST 2014: 30: finished (1077ms, 54cycles)
Tue May 20 00:45:38 CEST 2014: 30: Solution found.
Tue May 20 00:45:39 CEST 2014: 31: finished (803ms, 47cycles)
Tue May 20 00:45:39 CEST 2014: 31: Solution found.
Tue May 20 00:45:40 CEST 2014: 32: finished (1284ms, 69cycles)
Tue May 20 00:45:40 CEST 2014: 32: Solution found.
Tue May 20 00:45:41 CEST 2014: 33: finished (895ms, 46cycles)
Tue May 20 00:45:41 CEST 2014: 33: Solution found.
Tue May 20 00:45:43 CEST 2014: 34: finished (1757ms, 97cycles)
Tue May 20 00:45:43 CEST 2014: 34: Solution found.
Tue May 20 00:45:44 CEST 2014: 35: finished (710ms, 41cycles)
Tue May 20 00:45:44 CEST 2014: 35: Solution found.
Tue May 20 00:45:45 CEST 2014: 36: finished (808ms, 45cycles)
Tue May 20 00:45:45 CEST 2014: 36: Solution found.
Tue May 20 00:45:45 CEST 2014: 37: finished (764ms, 42cycles)
Tue May 20 00:45:45 CEST 2014: 37: Solution found.
Tue May 20 00:45:46 CEST 2014: 38: finished (1157ms, 66cycles)
Tue May 20 00:45:46 CEST 2014: 38: Solution found.
Tue May 20 00:45:47 CEST 2014: 39: finished (706ms, 39cycles)
Tue May 20 00:45:47 CEST 2014: 39: Solution found.
Tue May 20 00:45:48 CEST 2014: 40: finished (546ms, 33cycles)
Tue May 20 00:45:48 CEST 2014: 40: Solution found.
Tue May 20 00:45:49 CEST 2014: 41: finished (763ms, 40cycles)
Tue May 20 00:45:49 CEST 2014: 41: Solution found.
Tue May 20 00:45:51 CEST 2014: 42: finished (2118ms, 100cycles)
Tue May 20 00:45:51 CEST 2014: 42: Solution found.
Tue May 20 00:45:53 CEST 2014: 43: finished (2055ms, 111cycles)
Tue May 20 00:45:53 CEST 2014: 43: Solution found.
Tue May 20 00:45:53 CEST 2014: 44: finished (757ms, 42cycles)
Tue May 20 00:45:54 CEST 2014: 44: Solution found.
Tue May 20 00:45:55 CEST 2014: 45: finished (1078ms, 58cycles)
Tue May 20 00:45:55 CEST 2014: 45: Solution found.
Tue May 20 00:45:56 CEST 2014: 46: finished (1280ms, 66cycles)
Tue May 20 00:45:56 CEST 2014: 46: Solution found.
Tue May 20 00:45:57 CEST 2014: 47: finished (915ms, 47cycles)
Tue May 20 00:45:57 CEST 2014: 47: Solution found.
Tue May 20 00:45:58 CEST 2014: 48: finished (850ms, 45cycles)
Tue May 20 00:45:58 CEST 2014: 48: Solution found.
Tue May 20 00:45:59 CEST 2014: 49: finished (1402ms, 75cycles)
Tue May 20 00:45:59 CEST 2014: 49: Solution found.
Tue May 20 00:45:59 CEST 2014: 50: finished (352ms, 19cycles)
Tue May 20 00:45:59 CEST 2014: 50: Solution found.
Tue May 20 00:46:01 CEST 2014: 51: finished (1081ms, 60cycles)
Tue May 20 00:46:01 CEST 2014: 51: Solution found.
Tue May 20 00:46:01 CEST 2014: 52: finished (869ms, 45cycles)
Tue May 20 00:46:01 CEST 2014: 52: Solution found.
Tue May 20 00:46:02 CEST 2014: 53: finished (1032ms, 57cycles)
Tue May 20 00:46:02 CEST 2014: 53: Solution found.
Tue May 20 00:46:04 CEST 2014: 54: finished (1489ms, 81cycles)
Tue May 20 00:46:04 CEST 2014: 54: Solution found.
Tue May 20 00:46:05 CEST 2014: 55: finished (1415ms, 74cycles)
Tue May 20 00:46:05 CEST 2014: 55: Solution found.
Tue May 20 00:46:07 CEST 2014: 56: finished (1229ms, 66cycles)
Tue May 20 00:46:07 CEST 2014: 56: Solution found.
Tue May 20 00:46:07 CEST 2014: 57: finished (877ms, 45cycles)
Tue May 20 00:46:07 CEST 2014: 57: Solution found.
Tue May 20 00:46:09 CEST 2014: 58: finished (1413ms, 77cycles)
Tue May 20 00:46:09 CEST 2014: 58: Solution found.
Tue May 20 00:46:10 CEST 2014: 59: finished (1388ms, 74cycles)
Tue May 20 00:46:10 CEST 2014: 59: Solution found.
Tue May 20 00:46:12 CEST 2014: 60: finished (1505ms, 80cycles)
Tue May 20 00:46:12 CEST 2014: 60: Solution found.
Tue May 20 00:46:13 CEST 2014: 61: finished (953ms, 46cycles)
Tue May 20 00:46:13 CEST 2014: 61: Solution found.
Tue May 20 00:46:14 CEST 2014: 62: finished (1290ms, 70cycles)
Tue May 20 00:46:14 CEST 2014: 62: Solution found.
Tue May 20 00:46:15 CEST 2014: 63: finished (798ms, 40cycles)
Tue May 20 00:46:15 CEST 2014: 63: Solution found.
Tue May 20 00:46:17 CEST 2014: 64: finished (2185ms, 115cycles)
Tue May 20 00:46:17 CEST 2014: 64: Solution found.
Tue May 20 00:46:18 CEST 2014: 65: finished (1305ms, 74cycles)
Tue May 20 00:46:18 CEST 2014: 65: Solution found.
Tue May 20 00:46:20 CEST 2014: 66: finished (1121ms, 62cycles)
Tue May 20 00:46:20 CEST 2014: 66: Solution found.
Tue May 20 00:46:21 CEST 2014: 67: finished (996ms, 51cycles)
Tue May 20 00:46:21 CEST 2014: 67: Solution found.
Tue May 20 00:46:22 CEST 2014: 68: finished (976ms, 51cycles)
Tue May 20 00:46:22 CEST 2014: 68: Solution found.
Tue May 20 00:46:23 CEST 2014: 69: finished (1362ms, 67cycles)
Tue May 20 00:46:23 CEST 2014: 69: Solution found.
Tue May 20 00:46:24 CEST 2014: 70: finished (1503ms, 82cycles)
Tue May 20 00:46:24 CEST 2014: 70: Solution found.
Tue May 20 00:46:26 CEST 2014: 71: finished (1563ms, 85cycles)
Tue May 20 00:46:26 CEST 2014: 71: Solution found.
Tue May 20 00:46:27 CEST 2014: 72: finished (530ms, 30cycles)
Tue May 20 00:46:27 CEST 2014: 72: Solution found.
Tue May 20 00:46:27 CEST 2014: 73: finished (856ms, 47cycles)
Tue May 20 00:46:27 CEST 2014: 73: Solution found.
Tue May 20 00:46:29 CEST 2014: 74: finished (1260ms, 65cycles)
Tue May 20 00:46:29 CEST 2014: 74: Solution found.
Tue May 20 00:46:30 CEST 2014: 75: finished (1156ms, 65cycles)
Tue May 20 00:46:30 CEST 2014: 75: Solution found.
Tue May 20 00:46:31 CEST 2014: 76: finished (725ms, 43cycles)
Tue May 20 00:46:31 CEST 2014: 76: Solution found.
Tue May 20 00:46:33 CEST 2014: 77: finished (1826ms, 107cycles)
Tue May 20 00:46:33 CEST 2014: 77: Solution found.
Tue May 20 00:46:33 CEST 2014: 78: finished (651ms, 36cycles)
Tue May 20 00:46:33 CEST 2014: 78: Solution found.
Tue May 20 00:46:34 CEST 2014: 79: finished (850ms, 48cycles)
Tue May 20 00:46:34 CEST 2014: 79: Solution found.
Tue May 20 00:46:35 CEST 2014: 80: finished (1039ms, 58cycles)
Tue May 20 00:46:35 CEST 2014: 80: Solution found.
Tue May 20 00:46:37 CEST 2014: 81: finished (2161ms, 106cycles)
Tue May 20 00:46:37 CEST 2014: 81: Solution found.
Tue May 20 00:46:38 CEST 2014: 82: finished (1115ms, 61cycles)
Tue May 20 00:46:38 CEST 2014: 82: Solution found.
Tue May 20 00:46:39 CEST 2014: 83: finished (799ms, 46cycles)
Tue May 20 00:46:39 CEST 2014: 83: Solution found.
Tue May 20 00:46:40 CEST 2014: 84: finished (927ms, 52cycles)
Tue May 20 00:46:40 CEST 2014: 84: Solution found.
Tue May 20 00:46:41 CEST 2014: 85: finished (664ms, 34cycles)
Tue May 20 00:46:41 CEST 2014: 85: Solution found.
Tue May 20 00:46:42 CEST 2014: 86: finished (851ms, 44cycles)
Tue May 20 00:46:42 CEST 2014: 86: Solution found.
Tue May 20 00:46:42 CEST 2014: 87: finished (547ms, 31cycles)
Tue May 20 00:46:42 CEST 2014: 87: Solution found.
Tue May 20 00:46:44 CEST 2014: 88: finished (1300ms, 73cycles)
Tue May 20 00:46:44 CEST 2014: 88: Solution found.
Tue May 20 00:46:45 CEST 2014: 89: finished (983ms, 55cycles)
Tue May 20 00:46:45 CEST 2014: 89: Solution found.
Tue May 20 00:46:45 CEST 2014: 90: finished (579ms, 33cycles)
Tue May 20 00:46:45 CEST 2014: 90: Solution found.
Tue May 20 00:46:46 CEST 2014: 91: finished (655ms, 34cycles)
Tue May 20 00:46:46 CEST 2014: 91: Solution found.
Tue May 20 00:46:47 CEST 2014: 92: finished (837ms, 44cycles)
Tue May 20 00:46:47 CEST 2014: 92: Solution found.
Tue May 20 00:46:48 CEST 2014: 93: finished (846ms, 48cycles)
Tue May 20 00:46:48 CEST 2014: 93: Solution found.
Tue May 20 00:46:49 CEST 2014: 94: finished (1275ms, 66cycles)
Tue May 20 00:46:49 CEST 2014: 94: Solution found.
Tue May 20 00:46:50 CEST 2014: 95: finished (1399ms, 72cycles)
Tue May 20 00:46:50 CEST 2014: 95: Solution found.
Tue May 20 00:46:52 CEST 2014: 96: finished (1760ms, 90cycles)
Tue May 20 00:46:52 CEST 2014: 96: Solution found.
Tue May 20 00:46:53 CEST 2014: 97: finished (801ms, 45cycles)
Tue May 20 00:46:53 CEST 2014: 97: Solution found.
Tue May 20 00:46:54 CEST 2014: 98: finished (935ms, 53cycles)
Tue May 20 00:46:54 CEST 2014: 98: Solution found.
Tue May 20 00:46:55 CEST 2014: 99: finished (1162ms, 63cycles)
Tue May 20 00:46:55 CEST 2014: 99: Solution found.
Tue May 20 00:46:55 CEST 2014: Solution Found: 100
Tue May 20 00:46:55 CEST 2014: Avg cycles: 58
Tue May 20 00:46:55 CEST 2014: Max cycles: 115
Tue May 20 00:46:55 CEST 2014: Min cycles: 19
Tue May 20 00:46:55 CEST 2014: No solution found: 0
Tue May 20 00:46:55 CEST 2014: logging finished. (runtime: 109539ms)
