Mon May 19 20:03:30 CEST 2014: Problem Count: 50
Mon May 19 20:03:30 CEST 2014: CandidatesCount: 150
Mon May 19 20:03:30 CEST 2014: Max Cycles: 500
Mon May 19 20:03:30 CEST 2014: 0: finished (160ms, 42cycles)
Mon May 19 20:03:30 CEST 2014: 0: Solution found.
Mon May 19 20:03:32 CEST 2014: 1: finished (2264ms, 500cycles)
Mon May 19 20:03:32 CEST 2014: 1: No solution found.
Mon May 19 20:03:33 CEST 2014: 2: finished (996ms, 500cycles)
Mon May 19 20:03:33 CEST 2014: 2: No solution found.
Mon May 19 20:03:35 CEST 2014: 3: finished (1971ms, 500cycles)
Mon May 19 20:03:35 CEST 2014: 3: No solution found.
Mon May 19 20:03:38 CEST 2014: 4: finished (3382ms, 500cycles)
Mon May 19 20:03:38 CEST 2014: 4: No solution found.
Mon May 19 20:03:40 CEST 2014: 5: finished (1546ms, 134cycles)
Mon May 19 20:03:40 CEST 2014: 5: Solution found.
Mon May 19 20:03:40 CEST 2014: 6: finished (415ms, 107cycles)
Mon May 19 20:03:40 CEST 2014: 6: Solution found.
Mon May 19 20:03:41 CEST 2014: 7: finished (1036ms, 500cycles)
Mon May 19 20:03:41 CEST 2014: 7: No solution found.
Mon May 19 20:03:42 CEST 2014: 8: finished (993ms, 500cycles)
Mon May 19 20:03:42 CEST 2014: 8: No solution found.
Mon May 19 20:03:43 CEST 2014: 9: finished (287ms, 80cycles)
Mon May 19 20:03:43 CEST 2014: 9: Solution found.
Mon May 19 20:03:44 CEST 2014: 10: finished (961ms, 500cycles)
Mon May 19 20:03:44 CEST 2014: 10: No solution found.
Mon May 19 20:03:44 CEST 2014: 11: finished (365ms, 107cycles)
Mon May 19 20:03:44 CEST 2014: 11: Solution found.
Mon May 19 20:03:46 CEST 2014: 12: finished (1927ms, 500cycles)
Mon May 19 20:03:46 CEST 2014: 12: No solution found.
Mon May 19 20:03:48 CEST 2014: 13: finished (2027ms, 500cycles)
Mon May 19 20:03:48 CEST 2014: 13: No solution found.
Mon May 19 20:03:49 CEST 2014: 14: finished (904ms, 215cycles)
Mon May 19 20:03:49 CEST 2014: 14: Solution found.
Mon May 19 20:03:49 CEST 2014: 15: finished (179ms, 75cycles)
Mon May 19 20:03:49 CEST 2014: 15: Solution found.
Mon May 19 20:03:51 CEST 2014: 16: finished (2137ms, 498cycles)
Mon May 19 20:03:51 CEST 2014: 16: Solution found.
Mon May 19 20:03:51 CEST 2014: 17: finished (94ms, 44cycles)
Mon May 19 20:03:51 CEST 2014: 17: Solution found.
Mon May 19 20:03:54 CEST 2014: 18: finished (2850ms, 500cycles)
Mon May 19 20:03:54 CEST 2014: 18: No solution found.
Mon May 19 20:03:58 CEST 2014: 19: finished (3897ms, 500cycles)
Mon May 19 20:03:58 CEST 2014: 19: No solution found.
Mon May 19 20:04:00 CEST 2014: 20: finished (2114ms, 500cycles)
Mon May 19 20:04:00 CEST 2014: 20: No solution found.
Mon May 19 20:04:02 CEST 2014: 21: finished (1739ms, 500cycles)
Mon May 19 20:04:02 CEST 2014: 21: No solution found.
Mon May 19 20:04:02 CEST 2014: 22: finished (162ms, 67cycles)
Mon May 19 20:04:02 CEST 2014: 22: Solution found.
Mon May 19 20:04:02 CEST 2014: 23: finished (68ms, 29cycles)
Mon May 19 20:04:02 CEST 2014: 23: Solution found.
Mon May 19 20:04:04 CEST 2014: 24: finished (1556ms, 372cycles)
Mon May 19 20:04:04 CEST 2014: 24: Solution found.
Mon May 19 20:04:04 CEST 2014: 25: finished (563ms, 258cycles)
Mon May 19 20:04:04 CEST 2014: 25: Solution found.
Mon May 19 20:04:06 CEST 2014: 26: finished (1389ms, 500cycles)
Mon May 19 20:04:06 CEST 2014: 26: No solution found.
Mon May 19 20:04:08 CEST 2014: 27: finished (2224ms, 500cycles)
Mon May 19 20:04:08 CEST 2014: 27: No solution found.
Mon May 19 20:04:09 CEST 2014: 28: finished (952ms, 500cycles)
Mon May 19 20:04:09 CEST 2014: 28: No solution found.
Mon May 19 20:04:10 CEST 2014: 29: finished (952ms, 500cycles)
Mon May 19 20:04:10 CEST 2014: 29: No solution found.
Mon May 19 20:04:11 CEST 2014: 30: finished (1191ms, 500cycles)
Mon May 19 20:04:11 CEST 2014: 30: No solution found.
Mon May 19 20:04:13 CEST 2014: 31: finished (2634ms, 500cycles)
Mon May 19 20:04:13 CEST 2014: 31: No solution found.
Mon May 19 20:04:17 CEST 2014: 32: finished (3087ms, 500cycles)
Mon May 19 20:04:17 CEST 2014: 32: No solution found.
Mon May 19 20:04:19 CEST 2014: 33: finished (1971ms, 500cycles)
Mon May 19 20:04:19 CEST 2014: 33: No solution found.
Mon May 19 20:04:21 CEST 2014: 34: finished (2021ms, 500cycles)
Mon May 19 20:04:21 CEST 2014: 34: No solution found.
Mon May 19 20:04:23 CEST 2014: 35: finished (2330ms, 500cycles)
Mon May 19 20:04:23 CEST 2014: 35: No solution found.
Mon May 19 20:04:25 CEST 2014: 36: finished (1723ms, 500cycles)
Mon May 19 20:04:25 CEST 2014: 36: No solution found.
Mon May 19 20:04:27 CEST 2014: 37: finished (2129ms, 500cycles)
Mon May 19 20:04:27 CEST 2014: 37: No solution found.
Mon May 19 20:04:29 CEST 2014: 38: finished (2062ms, 500cycles)
Mon May 19 20:04:29 CEST 2014: 38: No solution found.
Mon May 19 20:04:31 CEST 2014: 39: finished (1813ms, 500cycles)
Mon May 19 20:04:31 CEST 2014: 39: No solution found.
Mon May 19 20:04:31 CEST 2014: 40: finished (73ms, 35cycles)
Mon May 19 20:04:31 CEST 2014: 40: Solution found.
Mon May 19 20:04:32 CEST 2014: 41: finished (1798ms, 500cycles)
Mon May 19 20:04:32 CEST 2014: 41: No solution found.
Mon May 19 20:04:35 CEST 2014: 42: finished (2082ms, 500cycles)
Mon May 19 20:04:35 CEST 2014: 42: No solution found.
Mon May 19 20:04:36 CEST 2014: 43: finished (1843ms, 500cycles)
Mon May 19 20:04:36 CEST 2014: 43: No solution found.
Mon May 19 20:04:39 CEST 2014: 44: finished (2119ms, 500cycles)
Mon May 19 20:04:39 CEST 2014: 44: No solution found.
Mon May 19 20:04:40 CEST 2014: 45: finished (1678ms, 500cycles)
Mon May 19 20:04:40 CEST 2014: 45: No solution found.
Mon May 19 20:04:41 CEST 2014: 46: finished (940ms, 500cycles)
Mon May 19 20:04:41 CEST 2014: 46: No solution found.
Mon May 19 20:04:43 CEST 2014: 47: finished (2231ms, 500cycles)
Mon May 19 20:04:43 CEST 2014: 47: No solution found.
Mon May 19 20:04:47 CEST 2014: 48: finished (3340ms, 500cycles)
Mon May 19 20:04:47 CEST 2014: 48: No solution found.
Mon May 19 20:04:47 CEST 2014: 49: finished (617ms, 76cycles)
Mon May 19 20:04:47 CEST 2014: 49: Solution found.
Mon May 19 20:04:50 CEST 2014: 50: finished (2401ms, 500cycles)
Mon May 19 20:04:50 CEST 2014: 50: No solution found.
Mon May 19 20:04:52 CEST 2014: 51: finished (2041ms, 500cycles)
Mon May 19 20:04:52 CEST 2014: 51: No solution found.
Mon May 19 20:04:53 CEST 2014: 52: finished (989ms, 500cycles)
Mon May 19 20:04:53 CEST 2014: 52: No solution found.
Mon May 19 20:04:54 CEST 2014: 53: finished (985ms, 500cycles)
Mon May 19 20:04:54 CEST 2014: 53: No solution found.
Mon May 19 20:04:55 CEST 2014: 54: finished (1147ms, 500cycles)
Mon May 19 20:04:55 CEST 2014: 54: No solution found.
Mon May 19 20:04:57 CEST 2014: 55: finished (2208ms, 500cycles)
Mon May 19 20:04:57 CEST 2014: 55: No solution found.
Mon May 19 20:04:59 CEST 2014: 56: finished (1701ms, 500cycles)
Mon May 19 20:04:59 CEST 2014: 56: No solution found.
Mon May 19 20:05:00 CEST 2014: 57: finished (1040ms, 500cycles)
Mon May 19 20:05:00 CEST 2014: 57: No solution found.
Mon May 19 20:05:02 CEST 2014: 58: finished (2042ms, 500cycles)
Mon May 19 20:05:02 CEST 2014: 58: No solution found.
Mon May 19 20:05:03 CEST 2014: 59: finished (1048ms, 500cycles)
Mon May 19 20:05:03 CEST 2014: 59: No solution found.
Mon May 19 20:05:05 CEST 2014: 60: finished (1788ms, 500cycles)
Mon May 19 20:05:05 CEST 2014: 60: No solution found.
Mon May 19 20:05:06 CEST 2014: 61: finished (1130ms, 500cycles)
Mon May 19 20:05:06 CEST 2014: 61: No solution found.
Mon May 19 20:05:08 CEST 2014: 62: finished (2054ms, 500cycles)
Mon May 19 20:05:08 CEST 2014: 62: No solution found.
Mon May 19 20:05:09 CEST 2014: 63: finished (947ms, 500cycles)
Mon May 19 20:05:09 CEST 2014: 63: No solution found.
Mon May 19 20:05:10 CEST 2014: 64: finished (977ms, 500cycles)
Mon May 19 20:05:10 CEST 2014: 64: No solution found.
Mon May 19 20:05:12 CEST 2014: 65: finished (2008ms, 500cycles)
Mon May 19 20:05:12 CEST 2014: 65: No solution found.
Mon May 19 20:05:13 CEST 2014: 66: finished (989ms, 500cycles)
Mon May 19 20:05:13 CEST 2014: 66: No solution found.
Mon May 19 20:05:15 CEST 2014: 67: finished (2022ms, 500cycles)
Mon May 19 20:05:15 CEST 2014: 67: No solution found.
Mon May 19 20:05:16 CEST 2014: 68: finished (980ms, 500cycles)
Mon May 19 20:05:16 CEST 2014: 68: No solution found.
Mon May 19 20:05:18 CEST 2014: 69: finished (2236ms, 500cycles)
Mon May 19 20:05:18 CEST 2014: 69: No solution found.
Mon May 19 20:05:20 CEST 2014: 70: finished (1984ms, 500cycles)
Mon May 19 20:05:20 CEST 2014: 70: No solution found.
Mon May 19 20:05:21 CEST 2014: 71: finished (1022ms, 500cycles)
Mon May 19 20:05:21 CEST 2014: 71: No solution found.
Mon May 19 20:05:22 CEST 2014: 72: finished (1029ms, 500cycles)
Mon May 19 20:05:22 CEST 2014: 72: No solution found.
Mon May 19 20:05:24 CEST 2014: 73: finished (2300ms, 500cycles)
Mon May 19 20:05:24 CEST 2014: 73: No solution found.
Mon May 19 20:05:26 CEST 2014: 74: finished (1731ms, 500cycles)
Mon May 19 20:05:26 CEST 2014: 74: No solution found.
Mon May 19 20:05:28 CEST 2014: 75: finished (1877ms, 500cycles)
Mon May 19 20:05:28 CEST 2014: 75: No solution found.
Mon May 19 20:05:29 CEST 2014: 76: finished (1094ms, 500cycles)
Mon May 19 20:05:29 CEST 2014: 76: No solution found.
Mon May 19 20:05:32 CEST 2014: 77: finished (2422ms, 500cycles)
Mon May 19 20:05:32 CEST 2014: 77: No solution found.
Mon May 19 20:05:35 CEST 2014: 78: finished (3592ms, 500cycles)
Mon May 19 20:05:35 CEST 2014: 78: No solution found.
Mon May 19 20:05:37 CEST 2014: 79: finished (1913ms, 500cycles)
Mon May 19 20:05:37 CEST 2014: 79: No solution found.
Mon May 19 20:05:39 CEST 2014: 80: finished (1822ms, 500cycles)
Mon May 19 20:05:39 CEST 2014: 80: No solution found.
Mon May 19 20:05:40 CEST 2014: 81: finished (1066ms, 500cycles)
Mon May 19 20:05:40 CEST 2014: 81: No solution found.
Mon May 19 20:05:41 CEST 2014: 82: finished (1346ms, 379cycles)
Mon May 19 20:05:41 CEST 2014: 82: Solution found.
Mon May 19 20:05:42 CEST 2014: 83: finished (993ms, 500cycles)
Mon May 19 20:05:42 CEST 2014: 83: No solution found.
Mon May 19 20:05:42 CEST 2014: 84: finished (125ms, 48cycles)
Mon May 19 20:05:42 CEST 2014: 84: Solution found.
Mon May 19 20:05:43 CEST 2014: 85: finished (952ms, 500cycles)
Mon May 19 20:05:43 CEST 2014: 85: No solution found.
Mon May 19 20:05:45 CEST 2014: 86: finished (2021ms, 500cycles)
Mon May 19 20:05:45 CEST 2014: 86: No solution found.
Mon May 19 20:05:47 CEST 2014: 87: finished (1999ms, 500cycles)
Mon May 19 20:05:47 CEST 2014: 87: No solution found.
Mon May 19 20:05:49 CEST 2014: 88: finished (1975ms, 500cycles)
Mon May 19 20:05:49 CEST 2014: 88: No solution found.
Mon May 19 20:05:51 CEST 2014: 89: finished (1627ms, 500cycles)
Mon May 19 20:05:51 CEST 2014: 89: No solution found.
Mon May 19 20:05:52 CEST 2014: 90: finished (947ms, 294cycles)
Mon May 19 20:05:52 CEST 2014: 90: Solution found.
Mon May 19 20:05:52 CEST 2014: 91: finished (45ms, 21cycles)
Mon May 19 20:05:52 CEST 2014: 91: Solution found.
Mon May 19 20:05:53 CEST 2014: 92: finished (1215ms, 500cycles)
Mon May 19 20:05:53 CEST 2014: 92: No solution found.
Mon May 19 20:05:55 CEST 2014: 93: finished (2099ms, 500cycles)
Mon May 19 20:05:55 CEST 2014: 93: No solution found.
Mon May 19 20:05:57 CEST 2014: 94: finished (1754ms, 500cycles)
Mon May 19 20:05:57 CEST 2014: 94: No solution found.
Mon May 19 20:05:59 CEST 2014: 95: finished (2368ms, 500cycles)
Mon May 19 20:05:59 CEST 2014: 95: No solution found.
Mon May 19 20:06:01 CEST 2014: 96: finished (2017ms, 500cycles)
Mon May 19 20:06:01 CEST 2014: 96: No solution found.
Mon May 19 20:06:03 CEST 2014: 97: finished (1618ms, 500cycles)
Mon May 19 20:06:03 CEST 2014: 97: No solution found.
Mon May 19 20:06:04 CEST 2014: 98: finished (996ms, 500cycles)
Mon May 19 20:06:04 CEST 2014: 98: No solution found.
Mon May 19 20:06:04 CEST 2014: 99: finished (261ms, 79cycles)
Mon May 19 20:06:04 CEST 2014: 99: Solution found.
Mon May 19 20:06:04 CEST 2014: Solution Found: 20
Mon May 19 20:06:04 CEST 2014: Avg cycles: 148
Mon May 19 20:06:04 CEST 2014: Max cycles: 498
Mon May 19 20:06:04 CEST 2014: Min cycles: 21
Mon May 19 20:06:04 CEST 2014: No solution found: 80
Mon May 19 20:06:04 CEST 2014: logging finished. (runtime: 154766ms)
