Tue Dec 31 15:53:35 CET 2013: Problem Count: 150
Tue Dec 31 15:53:35 CET 2013: CandidatesCount: 150
Tue Dec 31 15:53:35 CET 2013: Max Cycles: 500
Tue Dec 31 15:53:35 CET 2013: 0: finished (286ms, 14cycles)
Tue Dec 31 15:53:35 CET 2013: 0: Solution found.
Tue Dec 31 15:53:35 CET 2013: 1: finished (112ms, 5cycles)
Tue Dec 31 15:53:35 CET 2013: 1: Solution found.
Tue Dec 31 15:53:44 CET 2013: 2: finished (8615ms, 500cycles)
Tue Dec 31 15:53:44 CET 2013: 2: No solution found.
Tue Dec 31 15:53:44 CET 2013: 3: finished (250ms, 13cycles)
Tue Dec 31 15:53:44 CET 2013: 3: Solution found.
Tue Dec 31 15:53:45 CET 2013: 4: finished (337ms, 18cycles)
Tue Dec 31 15:53:45 CET 2013: 4: Solution found.
Tue Dec 31 15:53:45 CET 2013: 5: finished (422ms, 23cycles)
Tue Dec 31 15:53:45 CET 2013: 5: Solution found.
Tue Dec 31 15:53:46 CET 2013: 6: finished (478ms, 26cycles)
Tue Dec 31 15:53:46 CET 2013: 6: Solution found.
Tue Dec 31 15:53:46 CET 2013: 7: finished (184ms, 9cycles)
Tue Dec 31 15:53:46 CET 2013: 7: Solution found.
Tue Dec 31 15:53:46 CET 2013: 8: finished (267ms, 14cycles)
Tue Dec 31 15:53:46 CET 2013: 8: Solution found.
Tue Dec 31 15:53:46 CET 2013: 9: finished (237ms, 13cycles)
Tue Dec 31 15:53:46 CET 2013: 9: Solution found.
Tue Dec 31 15:53:47 CET 2013: 10: finished (294ms, 15cycles)
Tue Dec 31 15:53:47 CET 2013: 10: Solution found.
Tue Dec 31 15:53:47 CET 2013: 11: finished (240ms, 12cycles)
Tue Dec 31 15:53:47 CET 2013: 11: Solution found.
Tue Dec 31 15:53:47 CET 2013: 12: finished (234ms, 12cycles)
Tue Dec 31 15:53:47 CET 2013: 12: Solution found.
Tue Dec 31 15:53:47 CET 2013: 13: finished (55ms, 2cycles)
Tue Dec 31 15:53:47 CET 2013: 13: Solution found.
Tue Dec 31 15:53:47 CET 2013: 14: finished (283ms, 14cycles)
Tue Dec 31 15:53:47 CET 2013: 14: Solution found.
Tue Dec 31 15:53:47 CET 2013: 15: finished (54ms, 2cycles)
Tue Dec 31 15:53:47 CET 2013: 15: Solution found.
Tue Dec 31 15:53:48 CET 2013: 16: finished (191ms, 9cycles)
Tue Dec 31 15:53:48 CET 2013: 16: Solution found.
Tue Dec 31 15:53:48 CET 2013: 17: finished (425ms, 21cycles)
Tue Dec 31 15:53:48 CET 2013: 17: Solution found.
Tue Dec 31 15:53:48 CET 2013: 18: finished (94ms, 4cycles)
Tue Dec 31 15:53:48 CET 2013: 18: Solution found.
Tue Dec 31 15:53:48 CET 2013: 19: finished (180ms, 9cycles)
Tue Dec 31 15:53:48 CET 2013: 19: Solution found.
Tue Dec 31 15:53:49 CET 2013: 20: finished (232ms, 12cycles)
Tue Dec 31 15:53:49 CET 2013: 20: Solution found.
Tue Dec 31 15:53:49 CET 2013: 21: finished (318ms, 16cycles)
Tue Dec 31 15:53:49 CET 2013: 21: Solution found.
Tue Dec 31 15:53:49 CET 2013: 22: finished (195ms, 10cycles)
Tue Dec 31 15:53:49 CET 2013: 22: Solution found.
Tue Dec 31 15:53:49 CET 2013: 23: finished (207ms, 11cycles)
Tue Dec 31 15:53:49 CET 2013: 23: Solution found.
Tue Dec 31 15:53:49 CET 2013: 24: finished (141ms, 7cycles)
Tue Dec 31 15:53:49 CET 2013: 24: Solution found.
Tue Dec 31 15:53:50 CET 2013: 25: finished (335ms, 17cycles)
Tue Dec 31 15:53:50 CET 2013: 25: Solution found.
Tue Dec 31 15:53:50 CET 2013: 26: finished (211ms, 11cycles)
Tue Dec 31 15:53:50 CET 2013: 26: Solution found.
Tue Dec 31 15:53:50 CET 2013: 27: finished (278ms, 14cycles)
Tue Dec 31 15:53:50 CET 2013: 27: Solution found.
Tue Dec 31 15:53:50 CET 2013: 28: finished (70ms, 3cycles)
Tue Dec 31 15:53:50 CET 2013: 28: Solution found.
Tue Dec 31 15:53:50 CET 2013: 29: finished (56ms, 2cycles)
Tue Dec 31 15:53:50 CET 2013: 29: Solution found.
Tue Dec 31 15:53:50 CET 2013: 30: finished (89ms, 4cycles)
Tue Dec 31 15:53:50 CET 2013: 30: Solution found.
Tue Dec 31 15:53:51 CET 2013: 31: finished (198ms, 10cycles)
Tue Dec 31 15:53:51 CET 2013: 31: Solution found.
Tue Dec 31 15:53:51 CET 2013: 32: finished (245ms, 12cycles)
Tue Dec 31 15:53:51 CET 2013: 32: Solution found.
Tue Dec 31 15:53:51 CET 2013: 33: finished (513ms, 27cycles)
Tue Dec 31 15:53:51 CET 2013: 33: Solution found.
Tue Dec 31 15:53:52 CET 2013: 34: finished (155ms, 8cycles)
Tue Dec 31 15:53:52 CET 2013: 34: Solution found.
Tue Dec 31 15:53:52 CET 2013: 35: finished (212ms, 10cycles)
Tue Dec 31 15:53:52 CET 2013: 35: Solution found.
Tue Dec 31 15:53:52 CET 2013: 36: finished (108ms, 5cycles)
Tue Dec 31 15:53:52 CET 2013: 36: Solution found.
Tue Dec 31 15:53:52 CET 2013: 37: finished (272ms, 14cycles)
Tue Dec 31 15:53:52 CET 2013: 37: Solution found.
Tue Dec 31 15:53:53 CET 2013: 38: finished (606ms, 31cycles)
Tue Dec 31 15:53:53 CET 2013: 38: Solution found.
Tue Dec 31 15:53:53 CET 2013: 39: finished (181ms, 9cycles)
Tue Dec 31 15:53:53 CET 2013: 39: Solution found.
Tue Dec 31 15:53:53 CET 2013: 40: finished (180ms, 9cycles)
Tue Dec 31 15:53:53 CET 2013: 40: Solution found.
Tue Dec 31 15:53:54 CET 2013: 41: finished (398ms, 21cycles)
Tue Dec 31 15:53:54 CET 2013: 41: Solution found.
Tue Dec 31 15:53:54 CET 2013: 42: finished (202ms, 10cycles)
Tue Dec 31 15:53:54 CET 2013: 42: Solution found.
Tue Dec 31 15:53:54 CET 2013: 43: finished (366ms, 19cycles)
Tue Dec 31 15:53:54 CET 2013: 43: Solution found.
Tue Dec 31 15:53:54 CET 2013: 44: finished (171ms, 9cycles)
Tue Dec 31 15:53:54 CET 2013: 44: Solution found.
Tue Dec 31 15:53:55 CET 2013: 45: finished (324ms, 17cycles)
Tue Dec 31 15:53:55 CET 2013: 45: Solution found.
Tue Dec 31 15:53:55 CET 2013: 46: finished (262ms, 13cycles)
Tue Dec 31 15:53:55 CET 2013: 46: Solution found.
Tue Dec 31 15:53:55 CET 2013: 47: finished (376ms, 20cycles)
Tue Dec 31 15:53:55 CET 2013: 47: Solution found.
Tue Dec 31 15:53:56 CET 2013: 48: finished (375ms, 21cycles)
Tue Dec 31 15:53:56 CET 2013: 48: Solution found.
Tue Dec 31 15:53:56 CET 2013: 49: finished (214ms, 10cycles)
Tue Dec 31 15:53:56 CET 2013: 49: Solution found.
Tue Dec 31 15:53:56 CET 2013: 50: finished (135ms, 7cycles)
Tue Dec 31 15:53:56 CET 2013: 50: Solution found.
Tue Dec 31 15:53:56 CET 2013: 51: finished (346ms, 12cycles)
Tue Dec 31 15:53:56 CET 2013: 51: Solution found.
Tue Dec 31 15:53:57 CET 2013: 52: finished (338ms, 9cycles)
Tue Dec 31 15:53:57 CET 2013: 52: Solution found.
Tue Dec 31 15:53:57 CET 2013: 53: finished (397ms, 13cycles)
Tue Dec 31 15:53:57 CET 2013: 53: Solution found.
Tue Dec 31 15:53:57 CET 2013: 54: finished (294ms, 16cycles)
Tue Dec 31 15:53:57 CET 2013: 54: Solution found.
Tue Dec 31 15:53:58 CET 2013: 55: finished (246ms, 13cycles)
Tue Dec 31 15:53:58 CET 2013: 55: Solution found.
Tue Dec 31 15:53:58 CET 2013: 56: finished (455ms, 24cycles)
Tue Dec 31 15:53:58 CET 2013: 56: Solution found.
Tue Dec 31 15:53:58 CET 2013: 57: finished (171ms, 9cycles)
Tue Dec 31 15:53:58 CET 2013: 57: Solution found.
Tue Dec 31 15:53:59 CET 2013: 58: finished (442ms, 23cycles)
Tue Dec 31 15:53:59 CET 2013: 58: Solution found.
Tue Dec 31 15:53:59 CET 2013: 59: finished (318ms, 16cycles)
Tue Dec 31 15:53:59 CET 2013: 59: Solution found.
Tue Dec 31 15:53:59 CET 2013: 60: finished (190ms, 10cycles)
Tue Dec 31 15:53:59 CET 2013: 60: Solution found.
Tue Dec 31 15:53:59 CET 2013: 61: finished (267ms, 14cycles)
Tue Dec 31 15:53:59 CET 2013: 61: Solution found.
Tue Dec 31 15:54:00 CET 2013: 62: finished (90ms, 4cycles)
Tue Dec 31 15:54:00 CET 2013: 62: Solution found.
Tue Dec 31 15:54:00 CET 2013: 63: finished (525ms, 27cycles)
Tue Dec 31 15:54:00 CET 2013: 63: Solution found.
Tue Dec 31 15:54:01 CET 2013: 64: finished (436ms, 24cycles)
Tue Dec 31 15:54:01 CET 2013: 64: Solution found.
Tue Dec 31 15:54:01 CET 2013: 65: finished (259ms, 14cycles)
Tue Dec 31 15:54:01 CET 2013: 65: Solution found.
Tue Dec 31 15:54:05 CET 2013: 66: finished (3760ms, 190cycles)
Tue Dec 31 15:54:05 CET 2013: 66: Solution found.
Tue Dec 31 15:54:05 CET 2013: 67: finished (165ms, 8cycles)
Tue Dec 31 15:54:05 CET 2013: 67: Solution found.
Tue Dec 31 15:54:05 CET 2013: 68: finished (306ms, 16cycles)
Tue Dec 31 15:54:05 CET 2013: 68: Solution found.
Tue Dec 31 15:54:05 CET 2013: 69: finished (273ms, 14cycles)
Tue Dec 31 15:54:05 CET 2013: 69: Solution found.
Tue Dec 31 15:54:06 CET 2013: 70: finished (258ms, 13cycles)
Tue Dec 31 15:54:06 CET 2013: 70: Solution found.
Tue Dec 31 15:54:06 CET 2013: 71: finished (902ms, 47cycles)
Tue Dec 31 15:54:06 CET 2013: 71: Solution found.
Tue Dec 31 15:54:07 CET 2013: 72: finished (531ms, 26cycles)
Tue Dec 31 15:54:07 CET 2013: 72: Solution found.
Tue Dec 31 15:54:07 CET 2013: 73: finished (130ms, 6cycles)
Tue Dec 31 15:54:07 CET 2013: 73: Solution found.
Tue Dec 31 15:54:07 CET 2013: 74: finished (253ms, 14cycles)
Tue Dec 31 15:54:07 CET 2013: 74: Solution found.
Tue Dec 31 15:54:08 CET 2013: 75: finished (513ms, 17cycles)
Tue Dec 31 15:54:08 CET 2013: 75: Solution found.
Tue Dec 31 15:54:08 CET 2013: 76: finished (113ms, 5cycles)
Tue Dec 31 15:54:08 CET 2013: 76: Solution found.
Tue Dec 31 15:54:08 CET 2013: 77: finished (318ms, 16cycles)
Tue Dec 31 15:54:08 CET 2013: 77: Solution found.
Tue Dec 31 15:54:09 CET 2013: 78: finished (250ms, 12cycles)
Tue Dec 31 15:54:09 CET 2013: 78: Solution found.
Tue Dec 31 15:54:09 CET 2013: 79: finished (83ms, 4cycles)
Tue Dec 31 15:54:09 CET 2013: 79: Solution found.
Tue Dec 31 15:54:09 CET 2013: 80: finished (325ms, 16cycles)
Tue Dec 31 15:54:09 CET 2013: 80: Solution found.
Tue Dec 31 15:54:18 CET 2013: 81: finished (9544ms, 500cycles)
Tue Dec 31 15:54:18 CET 2013: 81: No solution found.
Tue Dec 31 15:54:19 CET 2013: 82: finished (318ms, 16cycles)
Tue Dec 31 15:54:19 CET 2013: 82: Solution found.
Tue Dec 31 15:54:19 CET 2013: 83: finished (177ms, 9cycles)
Tue Dec 31 15:54:19 CET 2013: 83: Solution found.
Tue Dec 31 15:54:19 CET 2013: 84: finished (294ms, 14cycles)
Tue Dec 31 15:54:19 CET 2013: 84: Solution found.
Tue Dec 31 15:54:20 CET 2013: 85: finished (237ms, 12cycles)
Tue Dec 31 15:54:20 CET 2013: 85: Solution found.
Tue Dec 31 15:54:20 CET 2013: 86: finished (393ms, 20cycles)
Tue Dec 31 15:54:20 CET 2013: 86: Solution found.
Tue Dec 31 15:54:20 CET 2013: 87: finished (123ms, 6cycles)
Tue Dec 31 15:54:20 CET 2013: 87: Solution found.
Tue Dec 31 15:54:20 CET 2013: 88: finished (112ms, 5cycles)
Tue Dec 31 15:54:20 CET 2013: 88: Solution found.
Tue Dec 31 15:54:20 CET 2013: 89: finished (146ms, 7cycles)
Tue Dec 31 15:54:20 CET 2013: 89: Solution found.
Tue Dec 31 15:54:21 CET 2013: 90: finished (324ms, 17cycles)
Tue Dec 31 15:54:21 CET 2013: 90: Solution found.
Tue Dec 31 15:54:21 CET 2013: 91: finished (535ms, 28cycles)
Tue Dec 31 15:54:21 CET 2013: 91: Solution found.
Tue Dec 31 15:54:22 CET 2013: 92: finished (590ms, 29cycles)
Tue Dec 31 15:54:22 CET 2013: 92: Solution found.
Tue Dec 31 15:54:22 CET 2013: 93: finished (303ms, 13cycles)
Tue Dec 31 15:54:22 CET 2013: 93: Solution found.
Tue Dec 31 15:54:22 CET 2013: 94: finished (202ms, 10cycles)
Tue Dec 31 15:54:22 CET 2013: 94: Solution found.
Tue Dec 31 15:54:23 CET 2013: 95: finished (330ms, 17cycles)
Tue Dec 31 15:54:23 CET 2013: 95: Solution found.
Tue Dec 31 15:54:23 CET 2013: 96: finished (154ms, 7cycles)
Tue Dec 31 15:54:23 CET 2013: 96: Solution found.
Tue Dec 31 15:54:23 CET 2013: 97: finished (491ms, 25cycles)
Tue Dec 31 15:54:23 CET 2013: 97: Solution found.
Tue Dec 31 15:54:23 CET 2013: 98: finished (182ms, 9cycles)
Tue Dec 31 15:54:23 CET 2013: 98: Solution found.
Tue Dec 31 15:54:23 CET 2013: 99: finished (90ms, 4cycles)
Tue Dec 31 15:54:23 CET 2013: 99: Solution found.
Tue Dec 31 15:54:23 CET 2013: Solution Found: 98
Tue Dec 31 15:54:23 CET 2013: Avg cycles: 15
Tue Dec 31 15:54:23 CET 2013: Max cycles: 190
Tue Dec 31 15:54:23 CET 2013: Min cycles: 2
Tue Dec 31 15:54:23 CET 2013: No solution found: 2
Tue Dec 31 15:54:23 CET 2013: logging finished. (runtime: 48399ms)
