Sun Jan 26 01:08:31 CET 2014: Problem Count: 200
Sun Jan 26 01:08:31 CET 2014: CandidatesCount: 250
Sun Jan 26 01:08:31 CET 2014: Max Cycles: 500
Sun Jan 26 01:08:32 CET 2014: 0: finished (524ms, 17cycles)
Sun Jan 26 01:08:32 CET 2014: 0: Solution found.
Sun Jan 26 01:08:32 CET 2014: 1: finished (146ms, 4cycles)
Sun Jan 26 01:08:32 CET 2014: 1: Solution found.
Sun Jan 26 01:08:33 CET 2014: 2: finished (556ms, 17cycles)
Sun Jan 26 01:08:33 CET 2014: 2: Solution found.
Sun Jan 26 01:08:33 CET 2014: 3: finished (139ms, 4cycles)
Sun Jan 26 01:08:33 CET 2014: 3: Solution found.
Sun Jan 26 01:08:34 CET 2014: 4: finished (1076ms, 36cycles)
Sun Jan 26 01:08:34 CET 2014: 4: Solution found.
Sun Jan 26 01:08:34 CET 2014: 5: finished (313ms, 9cycles)
Sun Jan 26 01:08:34 CET 2014: 5: Solution found.
Sun Jan 26 01:08:35 CET 2014: 6: finished (500ms, 16cycles)
Sun Jan 26 01:08:35 CET 2014: 6: Solution found.
Sun Jan 26 01:08:35 CET 2014: 7: finished (161ms, 5cycles)
Sun Jan 26 01:08:35 CET 2014: 7: Solution found.
Sun Jan 26 01:08:35 CET 2014: 8: finished (584ms, 20cycles)
Sun Jan 26 01:08:35 CET 2014: 8: Solution found.
Sun Jan 26 01:08:36 CET 2014: 9: finished (629ms, 20cycles)
Sun Jan 26 01:08:36 CET 2014: 9: Solution found.
Sun Jan 26 01:08:36 CET 2014: 10: finished (452ms, 15cycles)
Sun Jan 26 01:08:36 CET 2014: 10: Solution found.
Sun Jan 26 01:08:37 CET 2014: 11: finished (557ms, 10cycles)
Sun Jan 26 01:08:37 CET 2014: 11: Solution found.
Sun Jan 26 01:08:38 CET 2014: 12: finished (1103ms, 12cycles)
Sun Jan 26 01:08:38 CET 2014: 12: Solution found.
Sun Jan 26 01:08:39 CET 2014: 13: finished (918ms, 10cycles)
Sun Jan 26 01:08:39 CET 2014: 13: Solution found.
Sun Jan 26 01:08:40 CET 2014: 14: finished (558ms, 6cycles)
Sun Jan 26 01:08:40 CET 2014: 14: Solution found.
Sun Jan 26 01:08:40 CET 2014: 15: finished (173ms, 1cycles)
Sun Jan 26 01:08:40 CET 2014: 15: Solution found.
Sun Jan 26 01:08:41 CET 2014: 16: finished (1116ms, 13cycles)
Sun Jan 26 01:08:41 CET 2014: 16: Solution found.
Sun Jan 26 01:08:41 CET 2014: 17: finished (231ms, 2cycles)
Sun Jan 26 01:08:41 CET 2014: 17: Solution found.
Sun Jan 26 01:08:43 CET 2014: 18: finished (1736ms, 20cycles)
Sun Jan 26 01:08:43 CET 2014: 18: Solution found.
Sun Jan 26 01:08:43 CET 2014: 19: finished (290ms, 9cycles)
Sun Jan 26 01:08:43 CET 2014: 19: Solution found.
Sun Jan 26 01:08:44 CET 2014: 20: finished (580ms, 19cycles)
Sun Jan 26 01:08:44 CET 2014: 20: Solution found.
Sun Jan 26 01:09:01 CET 2014: 21: finished (17149ms, 500cycles)
Sun Jan 26 01:09:01 CET 2014: 21: No solution found.
Sun Jan 26 01:09:01 CET 2014: 22: finished (652ms, 21cycles)
Sun Jan 26 01:09:01 CET 2014: 22: Solution found.
Sun Jan 26 01:09:02 CET 2014: 23: finished (261ms, 8cycles)
Sun Jan 26 01:09:02 CET 2014: 23: Solution found.
Sun Jan 26 01:09:02 CET 2014: 24: finished (444ms, 14cycles)
Sun Jan 26 01:09:02 CET 2014: 24: Solution found.
Sun Jan 26 01:09:03 CET 2014: 25: finished (949ms, 30cycles)
Sun Jan 26 01:09:03 CET 2014: 25: Solution found.
Sun Jan 26 01:09:04 CET 2014: 26: finished (695ms, 24cycles)
Sun Jan 26 01:09:04 CET 2014: 26: Solution found.
Sun Jan 26 01:09:05 CET 2014: 27: finished (786ms, 26cycles)
Sun Jan 26 01:09:05 CET 2014: 27: Solution found.
Sun Jan 26 01:09:05 CET 2014: 28: finished (248ms, 8cycles)
Sun Jan 26 01:09:05 CET 2014: 28: Solution found.
Sun Jan 26 01:09:05 CET 2014: 29: finished (321ms, 10cycles)
Sun Jan 26 01:09:05 CET 2014: 29: Solution found.
Sun Jan 26 01:09:07 CET 2014: 30: finished (1360ms, 45cycles)
Sun Jan 26 01:09:07 CET 2014: 30: Solution found.
Sun Jan 26 01:09:07 CET 2014: 31: finished (758ms, 24cycles)
Sun Jan 26 01:09:07 CET 2014: 31: Solution found.
Sun Jan 26 01:09:10 CET 2014: 32: finished (2330ms, 27cycles)
Sun Jan 26 01:09:10 CET 2014: 32: Solution found.
Sun Jan 26 01:09:11 CET 2014: 33: finished (1273ms, 14cycles)
Sun Jan 26 01:09:11 CET 2014: 33: Solution found.
Sun Jan 26 01:09:12 CET 2014: 34: finished (1419ms, 16cycles)
Sun Jan 26 01:09:12 CET 2014: 34: Solution found.
Sun Jan 26 01:09:13 CET 2014: 35: finished (344ms, 3cycles)
Sun Jan 26 01:09:13 CET 2014: 35: Solution found.
Sun Jan 26 01:09:14 CET 2014: 36: finished (1108ms, 18cycles)
Sun Jan 26 01:09:14 CET 2014: 36: Solution found.
Sun Jan 26 01:09:14 CET 2014: 37: finished (114ms, 3cycles)
Sun Jan 26 01:09:14 CET 2014: 37: Solution found.
Sun Jan 26 01:09:14 CET 2014: 38: finished (337ms, 11cycles)
Sun Jan 26 01:09:14 CET 2014: 38: Solution found.
Sun Jan 26 01:09:15 CET 2014: 39: finished (353ms, 11cycles)
Sun Jan 26 01:09:15 CET 2014: 39: Solution found.
Sun Jan 26 01:09:15 CET 2014: 40: finished (501ms, 16cycles)
Sun Jan 26 01:09:15 CET 2014: 40: Solution found.
Sun Jan 26 01:09:15 CET 2014: 41: finished (308ms, 10cycles)
Sun Jan 26 01:09:15 CET 2014: 41: Solution found.
Sun Jan 26 01:09:16 CET 2014: 42: finished (388ms, 12cycles)
Sun Jan 26 01:09:16 CET 2014: 42: Solution found.
Sun Jan 26 01:09:16 CET 2014: 43: finished (528ms, 17cycles)
Sun Jan 26 01:09:16 CET 2014: 43: Solution found.
Sun Jan 26 01:09:34 CET 2014: 44: finished (17194ms, 500cycles)
Sun Jan 26 01:09:34 CET 2014: 44: No solution found.
Sun Jan 26 01:09:35 CET 2014: 45: finished (1096ms, 33cycles)
Sun Jan 26 01:09:35 CET 2014: 45: Solution found.
Sun Jan 26 01:09:35 CET 2014: 46: finished (55ms, 1cycles)
Sun Jan 26 01:09:35 CET 2014: 46: Solution found.
Sun Jan 26 01:09:35 CET 2014: 47: finished (255ms, 8cycles)
Sun Jan 26 01:09:35 CET 2014: 47: Solution found.
Sun Jan 26 01:09:35 CET 2014: 48: finished (297ms, 9cycles)
Sun Jan 26 01:09:35 CET 2014: 48: Solution found.
Sun Jan 26 01:09:35 CET 2014: 49: finished (59ms, 1cycles)
Sun Jan 26 01:09:35 CET 2014: 49: Solution found.
Sun Jan 26 01:09:53 CET 2014: 50: finished (17506ms, 500cycles)
Sun Jan 26 01:09:53 CET 2014: 50: No solution found.
Sun Jan 26 01:09:53 CET 2014: 51: finished (115ms, 3cycles)
Sun Jan 26 01:09:53 CET 2014: 51: Solution found.
Sun Jan 26 01:09:54 CET 2014: 52: finished (990ms, 21cycles)
Sun Jan 26 01:09:54 CET 2014: 52: Solution found.
Sun Jan 26 01:09:55 CET 2014: 53: finished (783ms, 8cycles)
Sun Jan 26 01:09:55 CET 2014: 53: Solution found.
Sun Jan 26 01:09:55 CET 2014: 54: finished (614ms, 6cycles)
Sun Jan 26 01:09:55 CET 2014: 54: Solution found.
Sun Jan 26 01:09:56 CET 2014: 55: finished (266ms, 2cycles)
Sun Jan 26 01:09:56 CET 2014: 55: Solution found.
Sun Jan 26 01:09:57 CET 2014: 56: finished (1456ms, 16cycles)
Sun Jan 26 01:09:57 CET 2014: 56: Solution found.
Sun Jan 26 01:09:58 CET 2014: 57: finished (1024ms, 11cycles)
Sun Jan 26 01:09:58 CET 2014: 57: Solution found.
Sun Jan 26 01:09:58 CET 2014: 58: finished (398ms, 4cycles)
Sun Jan 26 01:09:58 CET 2014: 58: Solution found.
Sun Jan 26 01:09:59 CET 2014: 59: finished (661ms, 7cycles)
Sun Jan 26 01:09:59 CET 2014: 59: Solution found.
Sun Jan 26 01:10:00 CET 2014: 60: finished (1007ms, 24cycles)
Sun Jan 26 01:10:00 CET 2014: 60: Solution found.
Sun Jan 26 01:10:18 CET 2014: 61: finished (17558ms, 500cycles)
Sun Jan 26 01:10:18 CET 2014: 61: No solution found.
Sun Jan 26 01:10:18 CET 2014: 62: finished (259ms, 8cycles)
Sun Jan 26 01:10:18 CET 2014: 62: Solution found.
Sun Jan 26 01:10:18 CET 2014: 63: finished (503ms, 16cycles)
Sun Jan 26 01:10:18 CET 2014: 63: Solution found.
Sun Jan 26 01:10:19 CET 2014: 64: finished (297ms, 9cycles)
Sun Jan 26 01:10:19 CET 2014: 64: Solution found.
Sun Jan 26 01:10:19 CET 2014: 65: finished (193ms, 6cycles)
Sun Jan 26 01:10:19 CET 2014: 65: Solution found.
Sun Jan 26 01:10:19 CET 2014: 66: finished (420ms, 13cycles)
Sun Jan 26 01:10:19 CET 2014: 66: Solution found.
Sun Jan 26 01:10:20 CET 2014: 67: finished (433ms, 14cycles)
Sun Jan 26 01:10:20 CET 2014: 67: Solution found.
Sun Jan 26 01:10:20 CET 2014: 68: finished (318ms, 10cycles)
Sun Jan 26 01:10:20 CET 2014: 68: Solution found.
Sun Jan 26 01:10:20 CET 2014: 69: finished (118ms, 3cycles)
Sun Jan 26 01:10:20 CET 2014: 69: Solution found.
Sun Jan 26 01:10:20 CET 2014: 70: finished (198ms, 6cycles)
Sun Jan 26 01:10:20 CET 2014: 70: Solution found.
Sun Jan 26 01:10:21 CET 2014: 71: finished (116ms, 3cycles)
Sun Jan 26 01:10:21 CET 2014: 71: Solution found.
Sun Jan 26 01:10:21 CET 2014: 72: finished (601ms, 19cycles)
Sun Jan 26 01:10:21 CET 2014: 72: Solution found.
Sun Jan 26 01:10:21 CET 2014: 73: finished (90ms, 2cycles)
Sun Jan 26 01:10:21 CET 2014: 73: Solution found.
Sun Jan 26 01:10:22 CET 2014: 74: finished (688ms, 22cycles)
Sun Jan 26 01:10:22 CET 2014: 74: Solution found.
Sun Jan 26 01:10:22 CET 2014: 75: finished (328ms, 10cycles)
Sun Jan 26 01:10:22 CET 2014: 75: Solution found.
Sun Jan 26 01:10:22 CET 2014: 76: finished (236ms, 7cycles)
Sun Jan 26 01:10:22 CET 2014: 76: Solution found.
Sun Jan 26 01:10:23 CET 2014: 77: finished (192ms, 6cycles)
Sun Jan 26 01:10:23 CET 2014: 77: Solution found.
Sun Jan 26 01:10:23 CET 2014: 78: finished (315ms, 10cycles)
Sun Jan 26 01:10:23 CET 2014: 78: Solution found.
Sun Jan 26 01:10:23 CET 2014: 79: finished (81ms, 2cycles)
Sun Jan 26 01:10:23 CET 2014: 79: Solution found.
Sun Jan 26 01:10:24 CET 2014: 80: finished (457ms, 14cycles)
Sun Jan 26 01:10:24 CET 2014: 80: Solution found.
Sun Jan 26 01:10:24 CET 2014: 81: finished (408ms, 13cycles)
Sun Jan 26 01:10:24 CET 2014: 81: Solution found.
Sun Jan 26 01:10:26 CET 2014: 82: finished (2085ms, 26cycles)
Sun Jan 26 01:10:26 CET 2014: 82: Solution found.
Sun Jan 26 01:10:26 CET 2014: 83: finished (424ms, 4cycles)
Sun Jan 26 01:10:26 CET 2014: 83: Solution found.
Sun Jan 26 01:10:27 CET 2014: 84: finished (1050ms, 12cycles)
Sun Jan 26 01:10:27 CET 2014: 84: Solution found.
Sun Jan 26 01:10:28 CET 2014: 85: finished (486ms, 5cycles)
Sun Jan 26 01:10:28 CET 2014: 85: Solution found.
Sun Jan 26 01:10:32 CET 2014: 86: finished (3540ms, 70cycles)
Sun Jan 26 01:10:32 CET 2014: 86: Solution found.
Sun Jan 26 01:10:32 CET 2014: 87: finished (597ms, 21cycles)
Sun Jan 26 01:10:32 CET 2014: 87: Solution found.
Sun Jan 26 01:10:32 CET 2014: 88: finished (252ms, 8cycles)
Sun Jan 26 01:10:32 CET 2014: 88: Solution found.
Sun Jan 26 01:10:33 CET 2014: 89: finished (509ms, 16cycles)
Sun Jan 26 01:10:33 CET 2014: 89: Solution found.
Sun Jan 26 01:10:33 CET 2014: 90: finished (400ms, 12cycles)
Sun Jan 26 01:10:33 CET 2014: 90: Solution found.
Sun Jan 26 01:10:34 CET 2014: 91: finished (441ms, 14cycles)
Sun Jan 26 01:10:34 CET 2014: 91: Solution found.
Sun Jan 26 01:10:34 CET 2014: 92: finished (147ms, 4cycles)
Sun Jan 26 01:10:34 CET 2014: 92: Solution found.
Sun Jan 26 01:10:34 CET 2014: 93: finished (207ms, 6cycles)
Sun Jan 26 01:10:34 CET 2014: 93: Solution found.
Sun Jan 26 01:10:34 CET 2014: 94: finished (255ms, 8cycles)
Sun Jan 26 01:10:34 CET 2014: 94: Solution found.
Sun Jan 26 01:10:35 CET 2014: 95: finished (317ms, 10cycles)
Sun Jan 26 01:10:35 CET 2014: 95: Solution found.
Sun Jan 26 01:10:35 CET 2014: 96: finished (632ms, 18cycles)
Sun Jan 26 01:10:35 CET 2014: 96: Solution found.
Sun Jan 26 01:10:36 CET 2014: 97: finished (583ms, 19cycles)
Sun Jan 26 01:10:36 CET 2014: 97: Solution found.
Sun Jan 26 01:10:36 CET 2014: 98: finished (241ms, 8cycles)
Sun Jan 26 01:10:36 CET 2014: 98: Solution found.
Sun Jan 26 01:10:36 CET 2014: 99: finished (148ms, 4cycles)
Sun Jan 26 01:10:36 CET 2014: 99: Solution found.
Sun Jan 26 01:10:36 CET 2014: Solution Found: 96
Sun Jan 26 01:10:36 CET 2014: Avg cycles: 12
Sun Jan 26 01:10:36 CET 2014: Max cycles: 70
Sun Jan 26 01:10:36 CET 2014: Min cycles: 1
Sun Jan 26 01:10:36 CET 2014: No solution found: 4
Sun Jan 26 01:10:36 CET 2014: logging finished. (runtime: 124905ms)
