Sun Mar 30 01:37:22 CET 2014: Problem Count: 150
Sun Mar 30 01:37:22 CET 2014: CandidatesCount: 200
Sun Mar 30 01:37:22 CET 2014: Max Cycles: 500
Sun Mar 30 01:37:22 CET 2014: 0: finished (183ms, 13cycles)
Sun Mar 30 01:37:22 CET 2014: 0: Solution found.
Sun Mar 30 01:37:28 CET 2014: 1: finished (5684ms, 500cycles)
Sun Mar 30 01:37:28 CET 2014: 1: No solution found.
Sun Mar 30 01:37:28 CET 2014: 2: finished (62ms, 4cycles)
Sun Mar 30 01:37:28 CET 2014: 2: Solution found.
Sun Mar 30 01:37:28 CET 2014: 3: finished (180ms, 13cycles)
Sun Mar 30 01:37:28 CET 2014: 3: Solution found.
Sun Mar 30 01:37:28 CET 2014: 4: finished (49ms, 3cycles)
Sun Mar 30 01:37:28 CET 2014: 4: Solution found.
Sun Mar 30 01:37:28 CET 2014: 5: finished (330ms, 25cycles)
Sun Mar 30 01:37:28 CET 2014: 5: Solution found.
Sun Mar 30 01:37:29 CET 2014: 6: finished (654ms, 51cycles)
Sun Mar 30 01:37:29 CET 2014: 6: Solution found.
Sun Mar 30 01:37:29 CET 2014: 7: finished (533ms, 39cycles)
Sun Mar 30 01:37:29 CET 2014: 7: Solution found.
Sun Mar 30 01:37:30 CET 2014: 8: finished (95ms, 7cycles)
Sun Mar 30 01:37:30 CET 2014: 8: Solution found.
Sun Mar 30 01:37:30 CET 2014: 9: finished (172ms, 12cycles)
Sun Mar 30 01:37:30 CET 2014: 9: Solution found.
Sun Mar 30 01:37:30 CET 2014: 10: finished (411ms, 32cycles)
Sun Mar 30 01:37:30 CET 2014: 10: Solution found.
Sun Mar 30 01:37:30 CET 2014: 11: finished (278ms, 21cycles)
Sun Mar 30 01:37:30 CET 2014: 11: Solution found.
Sun Mar 30 01:37:30 CET 2014: 12: finished (50ms, 3cycles)
Sun Mar 30 01:37:30 CET 2014: 12: Solution found.
Sun Mar 30 01:37:31 CET 2014: 13: finished (331ms, 24cycles)
Sun Mar 30 01:37:31 CET 2014: 13: Solution found.
Sun Mar 30 01:37:31 CET 2014: 14: finished (138ms, 10cycles)
Sun Mar 30 01:37:31 CET 2014: 14: Solution found.
Sun Mar 30 01:37:31 CET 2014: 15: finished (84ms, 6cycles)
Sun Mar 30 01:37:31 CET 2014: 15: Solution found.
Sun Mar 30 01:37:31 CET 2014: 16: finished (210ms, 14cycles)
Sun Mar 30 01:37:31 CET 2014: 16: Solution found.
Sun Mar 30 01:37:32 CET 2014: 17: finished (523ms, 40cycles)
Sun Mar 30 01:37:32 CET 2014: 17: Solution found.
Sun Mar 30 01:37:32 CET 2014: 18: finished (384ms, 29cycles)
Sun Mar 30 01:37:32 CET 2014: 18: Solution found.
Sun Mar 30 01:37:32 CET 2014: 19: finished (69ms, 5cycles)
Sun Mar 30 01:37:32 CET 2014: 19: Solution found.
Sun Mar 30 01:37:32 CET 2014: 20: finished (104ms, 7cycles)
Sun Mar 30 01:37:32 CET 2014: 20: Solution found.
Sun Mar 30 01:37:38 CET 2014: 21: finished (5735ms, 500cycles)
Sun Mar 30 01:37:38 CET 2014: 21: No solution found.
Sun Mar 30 01:37:38 CET 2014: 22: finished (128ms, 9cycles)
Sun Mar 30 01:37:38 CET 2014: 22: Solution found.
Sun Mar 30 01:37:38 CET 2014: 23: finished (64ms, 4cycles)
Sun Mar 30 01:37:38 CET 2014: 23: Solution found.
Sun Mar 30 01:37:38 CET 2014: 24: finished (130ms, 10cycles)
Sun Mar 30 01:37:38 CET 2014: 24: Solution found.
Sun Mar 30 01:37:38 CET 2014: 25: finished (126ms, 9cycles)
Sun Mar 30 01:37:38 CET 2014: 25: Solution found.
Sun Mar 30 01:37:39 CET 2014: 26: finished (103ms, 7cycles)
Sun Mar 30 01:37:39 CET 2014: 26: Solution found.
Sun Mar 30 01:37:39 CET 2014: 27: finished (230ms, 16cycles)
Sun Mar 30 01:37:39 CET 2014: 27: Solution found.
Sun Mar 30 01:37:39 CET 2014: 28: finished (215ms, 15cycles)
Sun Mar 30 01:37:39 CET 2014: 28: Solution found.
Sun Mar 30 01:37:39 CET 2014: 29: finished (197ms, 15cycles)
Sun Mar 30 01:37:39 CET 2014: 29: Solution found.
Sun Mar 30 01:37:39 CET 2014: 30: finished (225ms, 16cycles)
Sun Mar 30 01:37:39 CET 2014: 30: Solution found.
Sun Mar 30 01:37:40 CET 2014: 31: finished (83ms, 6cycles)
Sun Mar 30 01:37:40 CET 2014: 31: Solution found.
Sun Mar 30 01:37:40 CET 2014: 32: finished (227ms, 16cycles)
Sun Mar 30 01:37:40 CET 2014: 32: Solution found.
Sun Mar 30 01:37:40 CET 2014: 33: finished (168ms, 12cycles)
Sun Mar 30 01:37:40 CET 2014: 33: Solution found.
Sun Mar 30 01:37:40 CET 2014: 34: finished (145ms, 11cycles)
Sun Mar 30 01:37:40 CET 2014: 34: Solution found.
Sun Mar 30 01:37:40 CET 2014: 35: finished (94ms, 7cycles)
Sun Mar 30 01:37:40 CET 2014: 35: Solution found.
Sun Mar 30 01:37:41 CET 2014: 36: finished (398ms, 32cycles)
Sun Mar 30 01:37:41 CET 2014: 36: Solution found.
Sun Mar 30 01:37:41 CET 2014: 37: finished (166ms, 12cycles)
Sun Mar 30 01:37:41 CET 2014: 37: Solution found.
Sun Mar 30 01:37:47 CET 2014: 38: finished (5820ms, 500cycles)
Sun Mar 30 01:37:47 CET 2014: 38: No solution found.
Sun Mar 30 01:37:47 CET 2014: 39: finished (142ms, 10cycles)
Sun Mar 30 01:37:47 CET 2014: 39: Solution found.
Sun Mar 30 01:37:47 CET 2014: 40: finished (84ms, 6cycles)
Sun Mar 30 01:37:47 CET 2014: 40: Solution found.
Sun Mar 30 01:37:47 CET 2014: 41: finished (58ms, 3cycles)
Sun Mar 30 01:37:47 CET 2014: 41: Solution found.
Sun Mar 30 01:37:47 CET 2014: 42: finished (74ms, 5cycles)
Sun Mar 30 01:37:47 CET 2014: 42: Solution found.
Sun Mar 30 01:37:53 CET 2014: 43: finished (5773ms, 500cycles)
Sun Mar 30 01:37:53 CET 2014: 43: No solution found.
Sun Mar 30 01:37:53 CET 2014: 44: finished (241ms, 17cycles)
Sun Mar 30 01:37:53 CET 2014: 44: Solution found.
Sun Mar 30 01:37:53 CET 2014: 45: finished (156ms, 11cycles)
Sun Mar 30 01:37:53 CET 2014: 45: Solution found.
Sun Mar 30 01:37:53 CET 2014: 46: finished (268ms, 20cycles)
Sun Mar 30 01:37:53 CET 2014: 46: Solution found.
Sun Mar 30 01:37:53 CET 2014: 47: finished (84ms, 6cycles)
Sun Mar 30 01:37:53 CET 2014: 47: Solution found.
Sun Mar 30 01:37:54 CET 2014: 48: finished (104ms, 7cycles)
Sun Mar 30 01:37:54 CET 2014: 48: Solution found.
Sun Mar 30 01:37:54 CET 2014: 49: finished (229ms, 17cycles)
Sun Mar 30 01:37:54 CET 2014: 49: Solution found.
Sun Mar 30 01:37:54 CET 2014: 50: finished (227ms, 17cycles)
Sun Mar 30 01:37:54 CET 2014: 50: Solution found.
Sun Mar 30 01:37:54 CET 2014: 51: finished (124ms, 9cycles)
Sun Mar 30 01:37:54 CET 2014: 51: Solution found.
Sun Mar 30 01:37:54 CET 2014: 52: finished (142ms, 10cycles)
Sun Mar 30 01:37:54 CET 2014: 52: Solution found.
Sun Mar 30 01:37:54 CET 2014: 53: finished (175ms, 13cycles)
Sun Mar 30 01:37:54 CET 2014: 53: Solution found.
Sun Mar 30 01:37:55 CET 2014: 54: finished (443ms, 33cycles)
Sun Mar 30 01:37:55 CET 2014: 54: Solution found.
Sun Mar 30 01:37:55 CET 2014: 55: finished (193ms, 14cycles)
Sun Mar 30 01:37:55 CET 2014: 55: Solution found.
Sun Mar 30 01:37:55 CET 2014: 56: finished (121ms, 9cycles)
Sun Mar 30 01:37:55 CET 2014: 56: Solution found.
Sun Mar 30 01:37:55 CET 2014: 57: finished (194ms, 14cycles)
Sun Mar 30 01:37:55 CET 2014: 57: Solution found.
Sun Mar 30 01:37:56 CET 2014: 58: finished (160ms, 12cycles)
Sun Mar 30 01:37:56 CET 2014: 58: Solution found.
Sun Mar 30 01:37:56 CET 2014: 59: finished (813ms, 62cycles)
Sun Mar 30 01:37:56 CET 2014: 59: Solution found.
Sun Mar 30 01:37:56 CET 2014: 60: finished (60ms, 4cycles)
Sun Mar 30 01:37:56 CET 2014: 60: Solution found.
Sun Mar 30 01:37:57 CET 2014: 61: finished (356ms, 27cycles)
Sun Mar 30 01:37:57 CET 2014: 61: Solution found.
Sun Mar 30 01:37:57 CET 2014: 62: finished (204ms, 14cycles)
Sun Mar 30 01:37:57 CET 2014: 62: Solution found.
Sun Mar 30 01:37:57 CET 2014: 63: finished (134ms, 10cycles)
Sun Mar 30 01:37:57 CET 2014: 63: Solution found.
Sun Mar 30 01:37:57 CET 2014: 64: finished (38ms, 2cycles)
Sun Mar 30 01:37:57 CET 2014: 64: Solution found.
Sun Mar 30 01:37:57 CET 2014: 65: finished (98ms, 7cycles)
Sun Mar 30 01:37:57 CET 2014: 65: Solution found.
Sun Mar 30 01:38:03 CET 2014: 66: finished (5783ms, 500cycles)
Sun Mar 30 01:38:03 CET 2014: 66: No solution found.
Sun Mar 30 01:38:03 CET 2014: 67: finished (176ms, 13cycles)
Sun Mar 30 01:38:03 CET 2014: 67: Solution found.
Sun Mar 30 01:38:03 CET 2014: 68: finished (230ms, 18cycles)
Sun Mar 30 01:38:03 CET 2014: 68: Solution found.
Sun Mar 30 01:38:04 CET 2014: 69: finished (214ms, 16cycles)
Sun Mar 30 01:38:04 CET 2014: 69: Solution found.
Sun Mar 30 01:38:04 CET 2014: 70: finished (37ms, 2cycles)
Sun Mar 30 01:38:04 CET 2014: 70: Solution found.
Sun Mar 30 01:38:04 CET 2014: 71: finished (159ms, 12cycles)
Sun Mar 30 01:38:04 CET 2014: 71: Solution found.
Sun Mar 30 01:38:04 CET 2014: 72: finished (151ms, 12cycles)
Sun Mar 30 01:38:04 CET 2014: 72: Solution found.
Sun Mar 30 01:38:04 CET 2014: 73: finished (133ms, 10cycles)
Sun Mar 30 01:38:04 CET 2014: 73: Solution found.
Sun Mar 30 01:38:05 CET 2014: 74: finished (626ms, 49cycles)
Sun Mar 30 01:38:05 CET 2014: 74: Solution found.
Sun Mar 30 01:38:05 CET 2014: 75: finished (62ms, 4cycles)
Sun Mar 30 01:38:05 CET 2014: 75: Solution found.
Sun Mar 30 01:38:05 CET 2014: 76: finished (112ms, 8cycles)
Sun Mar 30 01:38:05 CET 2014: 76: Solution found.
Sun Mar 30 01:38:05 CET 2014: 77: finished (468ms, 35cycles)
Sun Mar 30 01:38:05 CET 2014: 77: Solution found.
Sun Mar 30 01:38:05 CET 2014: 78: finished (25ms, 1cycles)
Sun Mar 30 01:38:05 CET 2014: 78: Solution found.
Sun Mar 30 01:38:11 CET 2014: 79: finished (5827ms, 500cycles)
Sun Mar 30 01:38:11 CET 2014: 79: No solution found.
Sun Mar 30 01:38:12 CET 2014: 80: finished (350ms, 28cycles)
Sun Mar 30 01:38:12 CET 2014: 80: Solution found.
Sun Mar 30 01:38:12 CET 2014: 81: finished (158ms, 11cycles)
Sun Mar 30 01:38:12 CET 2014: 81: Solution found.
Sun Mar 30 01:38:12 CET 2014: 82: finished (107ms, 8cycles)
Sun Mar 30 01:38:12 CET 2014: 82: Solution found.
Sun Mar 30 01:38:12 CET 2014: 83: finished (72ms, 5cycles)
Sun Mar 30 01:38:12 CET 2014: 83: Solution found.
Sun Mar 30 01:38:12 CET 2014: 84: finished (71ms, 4cycles)
Sun Mar 30 01:38:12 CET 2014: 84: Solution found.
Sun Mar 30 01:38:13 CET 2014: 85: finished (968ms, 73cycles)
Sun Mar 30 01:38:13 CET 2014: 85: Solution found.
Sun Mar 30 01:38:13 CET 2014: 86: finished (216ms, 16cycles)
Sun Mar 30 01:38:13 CET 2014: 86: Solution found.
Sun Mar 30 01:38:13 CET 2014: 87: finished (137ms, 9cycles)
Sun Mar 30 01:38:13 CET 2014: 87: Solution found.
Sun Mar 30 01:38:13 CET 2014: 88: finished (174ms, 12cycles)
Sun Mar 30 01:38:13 CET 2014: 88: Solution found.
Sun Mar 30 01:38:14 CET 2014: 89: finished (138ms, 10cycles)
Sun Mar 30 01:38:14 CET 2014: 89: Solution found.
Sun Mar 30 01:38:14 CET 2014: 90: finished (279ms, 21cycles)
Sun Mar 30 01:38:14 CET 2014: 90: Solution found.
Sun Mar 30 01:38:20 CET 2014: 91: finished (5783ms, 500cycles)
Sun Mar 30 01:38:20 CET 2014: 91: No solution found.
Sun Mar 30 01:38:20 CET 2014: 92: finished (229ms, 17cycles)
Sun Mar 30 01:38:20 CET 2014: 92: Solution found.
Sun Mar 30 01:38:20 CET 2014: 93: finished (483ms, 35cycles)
Sun Mar 30 01:38:20 CET 2014: 93: Solution found.
Sun Mar 30 01:38:21 CET 2014: 94: finished (247ms, 18cycles)
Sun Mar 30 01:38:21 CET 2014: 94: Solution found.
Sun Mar 30 01:38:21 CET 2014: 95: finished (435ms, 33cycles)
Sun Mar 30 01:38:21 CET 2014: 95: Solution found.
Sun Mar 30 01:38:21 CET 2014: 96: finished (351ms, 26cycles)
Sun Mar 30 01:38:21 CET 2014: 96: Solution found.
Sun Mar 30 01:38:22 CET 2014: 97: finished (85ms, 6cycles)
Sun Mar 30 01:38:22 CET 2014: 97: Solution found.
Sun Mar 30 01:38:22 CET 2014: 98: finished (327ms, 24cycles)
Sun Mar 30 01:38:22 CET 2014: 98: Solution found.
Sun Mar 30 01:38:22 CET 2014: 99: finished (197ms, 13cycles)
Sun Mar 30 01:38:22 CET 2014: 99: Solution found.
Sun Mar 30 01:38:22 CET 2014: Solution Found: 93
Sun Mar 30 01:38:22 CET 2014: Avg cycles: 15
Sun Mar 30 01:38:22 CET 2014: Max cycles: 73
Sun Mar 30 01:38:22 CET 2014: Min cycles: 1
Sun Mar 30 01:38:22 CET 2014: No solution found: 7
Sun Mar 30 01:38:22 CET 2014: logging finished. (runtime: 60301ms)
