Sat Jan 25 18:56:58 CET 2014: Problem Count: 200
Sat Jan 25 18:56:58 CET 2014: CandidatesCount: 150
Sat Jan 25 18:56:58 CET 2014: Max Cycles: 500
Sat Jan 25 18:56:58 CET 2014: 0: finished (279ms, 13cycles)
Sat Jan 25 18:56:58 CET 2014: 0: Solution found.
Sat Jan 25 18:56:59 CET 2014: 1: finished (346ms, 18cycles)
Sat Jan 25 18:56:59 CET 2014: 1: Solution found.
Sat Jan 25 18:56:59 CET 2014: 2: finished (341ms, 17cycles)
Sat Jan 25 18:56:59 CET 2014: 2: Solution found.
Sat Jan 25 18:56:59 CET 2014: 3: finished (106ms, 5cycles)
Sat Jan 25 18:56:59 CET 2014: 3: Solution found.
Sat Jan 25 18:56:59 CET 2014: 4: finished (173ms, 9cycles)
Sat Jan 25 18:56:59 CET 2014: 4: Solution found.
Sat Jan 25 18:57:00 CET 2014: 5: finished (679ms, 35cycles)
Sat Jan 25 18:57:00 CET 2014: 5: Solution found.
Sat Jan 25 18:57:11 CET 2014: 6: finished (10977ms, 500cycles)
Sat Jan 25 18:57:11 CET 2014: 6: No solution found.
Sat Jan 25 18:57:20 CET 2014: 7: finished (9525ms, 500cycles)
Sat Jan 25 18:57:20 CET 2014: 7: No solution found.
Sat Jan 25 18:57:21 CET 2014: 8: finished (615ms, 33cycles)
Sat Jan 25 18:57:21 CET 2014: 8: Solution found.
Sat Jan 25 18:57:34 CET 2014: 9: finished (13109ms, 500cycles)
Sat Jan 25 18:57:34 CET 2014: 9: No solution found.
Sat Jan 25 18:57:35 CET 2014: 10: finished (459ms, 26cycles)
Sat Jan 25 18:57:35 CET 2014: 10: Solution found.
Sat Jan 25 18:57:35 CET 2014: 11: finished (243ms, 12cycles)
Sat Jan 25 18:57:35 CET 2014: 11: Solution found.
Sat Jan 25 18:57:35 CET 2014: 12: finished (427ms, 23cycles)
Sat Jan 25 18:57:35 CET 2014: 12: Solution found.
Sat Jan 25 18:57:36 CET 2014: 13: finished (438ms, 24cycles)
Sat Jan 25 18:57:36 CET 2014: 13: Solution found.
Sat Jan 25 18:57:36 CET 2014: 14: finished (70ms, 3cycles)
Sat Jan 25 18:57:36 CET 2014: 14: Solution found.
Sat Jan 25 18:57:36 CET 2014: 15: finished (351ms, 18cycles)
Sat Jan 25 18:57:36 CET 2014: 15: Solution found.
Sat Jan 25 18:57:38 CET 2014: 16: finished (1749ms, 94cycles)
Sat Jan 25 18:57:38 CET 2014: 16: Solution found.
Sat Jan 25 18:57:38 CET 2014: 17: finished (230ms, 12cycles)
Sat Jan 25 18:57:38 CET 2014: 17: Solution found.
Sat Jan 25 18:57:38 CET 2014: 18: finished (104ms, 5cycles)
Sat Jan 25 18:57:38 CET 2014: 18: Solution found.
Sat Jan 25 18:57:38 CET 2014: 19: finished (102ms, 5cycles)
Sat Jan 25 18:57:38 CET 2014: 19: Solution found.
Sat Jan 25 18:57:39 CET 2014: 20: finished (176ms, 9cycles)
Sat Jan 25 18:57:39 CET 2014: 20: Solution found.
Sat Jan 25 18:57:39 CET 2014: 21: finished (237ms, 10cycles)
Sat Jan 25 18:57:39 CET 2014: 21: Solution found.
Sat Jan 25 18:57:39 CET 2014: 22: finished (519ms, 26cycles)
Sat Jan 25 18:57:39 CET 2014: 22: Solution found.
Sat Jan 25 18:57:40 CET 2014: 23: finished (502ms, 27cycles)
Sat Jan 25 18:57:40 CET 2014: 23: Solution found.
Sat Jan 25 18:57:51 CET 2014: 24: finished (11475ms, 500cycles)
Sat Jan 25 18:57:51 CET 2014: 24: No solution found.
Sat Jan 25 18:57:51 CET 2014: 25: finished (135ms, 6cycles)
Sat Jan 25 18:57:51 CET 2014: 25: Solution found.
Sat Jan 25 18:57:52 CET 2014: 26: finished (270ms, 13cycles)
Sat Jan 25 18:57:52 CET 2014: 26: Solution found.
Sat Jan 25 18:58:04 CET 2014: 27: finished (12085ms, 500cycles)
Sat Jan 25 18:58:04 CET 2014: 27: No solution found.
Sat Jan 25 18:58:04 CET 2014: 28: finished (229ms, 12cycles)
Sat Jan 25 18:58:04 CET 2014: 28: Solution found.
Sat Jan 25 18:58:13 CET 2014: 29: finished (8896ms, 500cycles)
Sat Jan 25 18:58:13 CET 2014: 29: No solution found.
Sat Jan 25 18:58:13 CET 2014: 30: finished (349ms, 6cycles)
Sat Jan 25 18:58:13 CET 2014: 30: Solution found.
Sat Jan 25 18:58:14 CET 2014: 31: finished (663ms, 12cycles)
Sat Jan 25 18:58:14 CET 2014: 31: Solution found.
Sat Jan 25 18:58:14 CET 2014: 32: finished (344ms, 6cycles)
Sat Jan 25 18:58:14 CET 2014: 32: Solution found.
Sat Jan 25 18:58:15 CET 2014: 33: finished (252ms, 4cycles)
Sat Jan 25 18:58:15 CET 2014: 33: Solution found.
Sat Jan 25 18:58:15 CET 2014: 34: finished (198ms, 3cycles)
Sat Jan 25 18:58:15 CET 2014: 34: Solution found.
Sat Jan 25 18:58:15 CET 2014: 35: finished (257ms, 4cycles)
Sat Jan 25 18:58:15 CET 2014: 35: Solution found.
Sat Jan 25 18:58:15 CET 2014: 36: finished (457ms, 8cycles)
Sat Jan 25 18:58:15 CET 2014: 36: Solution found.
Sat Jan 25 18:58:26 CET 2014: 37: finished (10402ms, 500cycles)
Sat Jan 25 18:58:26 CET 2014: 37: No solution found.
Sat Jan 25 18:58:26 CET 2014: 38: finished (311ms, 16cycles)
Sat Jan 25 18:58:26 CET 2014: 38: Solution found.
Sat Jan 25 18:58:27 CET 2014: 39: finished (383ms, 20cycles)
Sat Jan 25 18:58:27 CET 2014: 39: Solution found.
Sat Jan 25 18:58:27 CET 2014: 40: finished (54ms, 2cycles)
Sat Jan 25 18:58:27 CET 2014: 40: Solution found.
Sat Jan 25 18:58:27 CET 2014: 41: finished (135ms, 6cycles)
Sat Jan 25 18:58:27 CET 2014: 41: Solution found.
Sat Jan 25 18:58:27 CET 2014: 42: finished (226ms, 11cycles)
Sat Jan 25 18:58:27 CET 2014: 42: Solution found.
Sat Jan 25 18:58:27 CET 2014: 43: finished (447ms, 23cycles)
Sat Jan 25 18:58:27 CET 2014: 43: Solution found.
Sat Jan 25 18:58:27 CET 2014: 44: finished (104ms, 5cycles)
Sat Jan 25 18:58:27 CET 2014: 44: Solution found.
Sat Jan 25 18:58:28 CET 2014: 45: finished (888ms, 43cycles)
Sat Jan 25 18:58:28 CET 2014: 45: Solution found.
Sat Jan 25 18:58:29 CET 2014: 46: finished (813ms, 15cycles)
Sat Jan 25 18:58:29 CET 2014: 46: Solution found.
Sat Jan 25 18:58:32 CET 2014: 47: finished (3178ms, 62cycles)
Sat Jan 25 18:58:32 CET 2014: 47: Solution found.
Sat Jan 25 18:58:33 CET 2014: 48: finished (729ms, 14cycles)
Sat Jan 25 18:58:33 CET 2014: 48: Solution found.
Sat Jan 25 18:58:42 CET 2014: 49: finished (8898ms, 500cycles)
Sat Jan 25 18:58:42 CET 2014: 49: No solution found.
Sat Jan 25 18:58:54 CET 2014: 50: finished (12066ms, 500cycles)
Sat Jan 25 18:58:54 CET 2014: 50: No solution found.
Sat Jan 25 18:58:54 CET 2014: 51: finished (291ms, 15cycles)
Sat Jan 25 18:58:54 CET 2014: 51: Solution found.
Sat Jan 25 18:58:55 CET 2014: 52: finished (266ms, 12cycles)
Sat Jan 25 18:58:55 CET 2014: 52: Solution found.
Sat Jan 25 18:58:55 CET 2014: 53: finished (516ms, 27cycles)
Sat Jan 25 18:58:55 CET 2014: 53: Solution found.
Sat Jan 25 18:58:55 CET 2014: 54: finished (89ms, 4cycles)
Sat Jan 25 18:58:55 CET 2014: 54: Solution found.
Sat Jan 25 18:58:56 CET 2014: 55: finished (710ms, 40cycles)
Sat Jan 25 18:58:56 CET 2014: 55: Solution found.
Sat Jan 25 18:58:56 CET 2014: 56: finished (181ms, 9cycles)
Sat Jan 25 18:58:56 CET 2014: 56: Solution found.
Sat Jan 25 18:58:57 CET 2014: 57: finished (744ms, 36cycles)
Sat Jan 25 18:58:57 CET 2014: 57: Solution found.
Sat Jan 25 18:58:57 CET 2014: 58: finished (291ms, 15cycles)
Sat Jan 25 18:58:57 CET 2014: 58: Solution found.
Sat Jan 25 18:58:58 CET 2014: 59: finished (381ms, 19cycles)
Sat Jan 25 18:58:58 CET 2014: 59: Solution found.
Sat Jan 25 18:58:58 CET 2014: 60: finished (323ms, 17cycles)
Sat Jan 25 18:58:58 CET 2014: 60: Solution found.
Sat Jan 25 18:58:58 CET 2014: 61: finished (245ms, 12cycles)
Sat Jan 25 18:58:58 CET 2014: 61: Solution found.
Sat Jan 25 18:58:58 CET 2014: 62: finished (302ms, 16cycles)
Sat Jan 25 18:58:58 CET 2014: 62: Solution found.
Sat Jan 25 18:59:11 CET 2014: 63: finished (12290ms, 500cycles)
Sat Jan 25 18:59:11 CET 2014: 63: No solution found.
Sat Jan 25 18:59:23 CET 2014: 64: finished (12239ms, 500cycles)
Sat Jan 25 18:59:23 CET 2014: 64: No solution found.
Sat Jan 25 18:59:23 CET 2014: 65: finished (294ms, 16cycles)
Sat Jan 25 18:59:23 CET 2014: 65: Solution found.
Sat Jan 25 18:59:24 CET 2014: 66: finished (277ms, 14cycles)
Sat Jan 25 18:59:24 CET 2014: 66: Solution found.
Sat Jan 25 18:59:24 CET 2014: 67: finished (264ms, 14cycles)
Sat Jan 25 18:59:24 CET 2014: 67: Solution found.
Sat Jan 25 18:59:36 CET 2014: 68: finished (12074ms, 500cycles)
Sat Jan 25 18:59:36 CET 2014: 68: No solution found.
Sat Jan 25 18:59:37 CET 2014: 69: finished (903ms, 49cycles)
Sat Jan 25 18:59:37 CET 2014: 69: Solution found.
Sat Jan 25 18:59:37 CET 2014: 70: finished (149ms, 7cycles)
Sat Jan 25 18:59:37 CET 2014: 70: Solution found.
Sat Jan 25 18:59:37 CET 2014: 71: finished (366ms, 20cycles)
Sat Jan 25 18:59:37 CET 2014: 71: Solution found.
Sat Jan 25 18:59:38 CET 2014: 72: finished (553ms, 29cycles)
Sat Jan 25 18:59:38 CET 2014: 72: Solution found.
Sat Jan 25 18:59:38 CET 2014: 73: finished (85ms, 4cycles)
Sat Jan 25 18:59:38 CET 2014: 73: Solution found.
Sat Jan 25 18:59:39 CET 2014: 74: finished (672ms, 35cycles)
Sat Jan 25 18:59:39 CET 2014: 74: Solution found.
Sat Jan 25 18:59:50 CET 2014: 75: finished (11489ms, 500cycles)
Sat Jan 25 18:59:50 CET 2014: 75: No solution found.
Sat Jan 25 18:59:51 CET 2014: 76: finished (1081ms, 23cycles)
Sat Jan 25 18:59:51 CET 2014: 76: Solution found.
Sat Jan 25 18:59:52 CET 2014: 77: finished (546ms, 28cycles)
Sat Jan 25 18:59:52 CET 2014: 77: Solution found.
Sat Jan 25 19:00:00 CET 2014: 78: finished (8020ms, 500cycles)
Sat Jan 25 19:00:00 CET 2014: 78: No solution found.
Sat Jan 25 19:00:01 CET 2014: 79: finished (1624ms, 49cycles)
Sat Jan 25 19:00:01 CET 2014: 79: Solution found.
Sat Jan 25 19:00:06 CET 2014: 80: finished (4783ms, 91cycles)
Sat Jan 25 19:00:06 CET 2014: 80: Solution found.
Sat Jan 25 19:00:07 CET 2014: 81: finished (513ms, 16cycles)
Sat Jan 25 19:00:07 CET 2014: 81: Solution found.
Sat Jan 25 19:00:07 CET 2014: 82: finished (101ms, 5cycles)
Sat Jan 25 19:00:07 CET 2014: 82: Solution found.
Sat Jan 25 19:00:08 CET 2014: 83: finished (1111ms, 66cycles)
Sat Jan 25 19:00:08 CET 2014: 83: Solution found.
Sat Jan 25 19:00:08 CET 2014: 84: finished (175ms, 9cycles)
Sat Jan 25 19:00:08 CET 2014: 84: Solution found.
Sat Jan 25 19:00:08 CET 2014: 85: finished (212ms, 11cycles)
Sat Jan 25 19:00:08 CET 2014: 85: Solution found.
Sat Jan 25 19:00:08 CET 2014: 86: finished (198ms, 10cycles)
Sat Jan 25 19:00:08 CET 2014: 86: Solution found.
Sat Jan 25 19:00:21 CET 2014: 87: finished (12709ms, 500cycles)
Sat Jan 25 19:00:21 CET 2014: 87: No solution found.
Sat Jan 25 19:00:22 CET 2014: 88: finished (644ms, 12cycles)
Sat Jan 25 19:00:22 CET 2014: 88: Solution found.
Sat Jan 25 19:00:23 CET 2014: 89: finished (1107ms, 63cycles)
Sat Jan 25 19:00:23 CET 2014: 89: Solution found.
Sat Jan 25 19:00:23 CET 2014: 90: finished (342ms, 17cycles)
Sat Jan 25 19:00:23 CET 2014: 90: Solution found.
Sat Jan 25 19:00:24 CET 2014: 91: finished (444ms, 23cycles)
Sat Jan 25 19:00:24 CET 2014: 91: Solution found.
Sat Jan 25 19:00:24 CET 2014: 92: finished (34ms, 1cycles)
Sat Jan 25 19:00:24 CET 2014: 92: Solution found.
Sat Jan 25 19:00:24 CET 2014: 93: finished (212ms, 11cycles)
Sat Jan 25 19:00:24 CET 2014: 93: Solution found.
Sat Jan 25 19:00:24 CET 2014: 94: finished (93ms, 4cycles)
Sat Jan 25 19:00:24 CET 2014: 94: Solution found.
Sat Jan 25 19:00:24 CET 2014: 95: finished (470ms, 24cycles)
Sat Jan 25 19:00:24 CET 2014: 95: Solution found.
Sat Jan 25 19:00:25 CET 2014: 96: finished (184ms, 9cycles)
Sat Jan 25 19:00:25 CET 2014: 96: Solution found.
Sat Jan 25 19:00:25 CET 2014: 97: finished (805ms, 43cycles)
Sat Jan 25 19:00:25 CET 2014: 97: Solution found.
Sat Jan 25 19:00:26 CET 2014: 98: finished (172ms, 9cycles)
Sat Jan 25 19:00:26 CET 2014: 98: Solution found.
Sat Jan 25 19:00:27 CET 2014: 99: finished (1098ms, 60cycles)
Sat Jan 25 19:00:27 CET 2014: 99: Solution found.
Sat Jan 25 19:00:27 CET 2014: Solution Found: 85
Sat Jan 25 19:00:27 CET 2014: Avg cycles: 20
Sat Jan 25 19:00:27 CET 2014: Max cycles: 94
Sat Jan 25 19:00:27 CET 2014: Min cycles: 1
Sat Jan 25 19:00:27 CET 2014: No solution found: 15
Sat Jan 25 19:00:27 CET 2014: logging finished. (runtime: 208702ms)
