Sun Mar 30 03:55:47 CEST 2014: Problem Count: 50
Sun Mar 30 03:55:47 CEST 2014: CandidatesCount: 250
Sun Mar 30 03:55:47 CEST 2014: Max Cycles: 500
Sun Mar 30 03:55:47 CEST 2014: 0: finished (37ms, 8cycles)
Sun Mar 30 03:55:47 CEST 2014: 0: Solution found.
Sun Mar 30 03:55:47 CEST 2014: 1: finished (154ms, 37cycles)
Sun Mar 30 03:55:47 CEST 2014: 1: Solution found.
Sun Mar 30 03:55:48 CEST 2014: 2: finished (1429ms, 500cycles)
Sun Mar 30 03:55:48 CEST 2014: 2: No solution found.
Sun Mar 30 03:55:48 CEST 2014: 3: finished (35ms, 10cycles)
Sun Mar 30 03:55:48 CEST 2014: 3: Solution found.
Sun Mar 30 03:55:48 CEST 2014: 4: finished (37ms, 11cycles)
Sun Mar 30 03:55:48 CEST 2014: 4: Solution found.
Sun Mar 30 03:55:48 CEST 2014: 5: finished (15ms, 4cycles)
Sun Mar 30 03:55:48 CEST 2014: 5: Solution found.
Sun Mar 30 03:55:48 CEST 2014: 6: finished (40ms, 12cycles)
Sun Mar 30 03:55:48 CEST 2014: 6: Solution found.
Sun Mar 30 03:55:49 CEST 2014: 7: finished (66ms, 20cycles)
Sun Mar 30 03:55:49 CEST 2014: 7: Solution found.
Sun Mar 30 03:55:49 CEST 2014: 8: finished (31ms, 9cycles)
Sun Mar 30 03:55:49 CEST 2014: 8: Solution found.
Sun Mar 30 03:55:49 CEST 2014: 9: finished (38ms, 12cycles)
Sun Mar 30 03:55:49 CEST 2014: 9: Solution found.
Sun Mar 30 03:55:49 CEST 2014: 10: finished (31ms, 8cycles)
Sun Mar 30 03:55:49 CEST 2014: 10: Solution found.
Sun Mar 30 03:55:49 CEST 2014: 11: finished (47ms, 15cycles)
Sun Mar 30 03:55:49 CEST 2014: 11: Solution found.
Sun Mar 30 03:55:49 CEST 2014: 12: finished (9ms, 2cycles)
Sun Mar 30 03:55:49 CEST 2014: 12: Solution found.
Sun Mar 30 03:55:50 CEST 2014: 13: finished (1364ms, 500cycles)
Sun Mar 30 03:55:50 CEST 2014: 13: No solution found.
Sun Mar 30 03:55:50 CEST 2014: 14: finished (9ms, 2cycles)
Sun Mar 30 03:55:50 CEST 2014: 14: Solution found.
Sun Mar 30 03:55:50 CEST 2014: 15: finished (15ms, 4cycles)
Sun Mar 30 03:55:50 CEST 2014: 15: Solution found.
Sun Mar 30 03:55:50 CEST 2014: 16: finished (15ms, 4cycles)
Sun Mar 30 03:55:50 CEST 2014: 16: Solution found.
Sun Mar 30 03:55:50 CEST 2014: 17: finished (33ms, 10cycles)
Sun Mar 30 03:55:50 CEST 2014: 17: Solution found.
Sun Mar 30 03:55:50 CEST 2014: 18: finished (51ms, 13cycles)
Sun Mar 30 03:55:50 CEST 2014: 18: Solution found.
Sun Mar 30 03:55:50 CEST 2014: 19: finished (10ms, 2cycles)
Sun Mar 30 03:55:50 CEST 2014: 19: Solution found.
Sun Mar 30 03:55:50 CEST 2014: 20: finished (37ms, 11cycles)
Sun Mar 30 03:55:50 CEST 2014: 20: Solution found.
Sun Mar 30 03:55:50 CEST 2014: 21: finished (39ms, 12cycles)
Sun Mar 30 03:55:50 CEST 2014: 21: Solution found.
Sun Mar 30 03:55:50 CEST 2014: 22: finished (30ms, 5cycles)
Sun Mar 30 03:55:50 CEST 2014: 22: Solution found.
Sun Mar 30 03:55:50 CEST 2014: 23: finished (46ms, 14cycles)
Sun Mar 30 03:55:50 CEST 2014: 23: Solution found.
Sun Mar 30 03:55:50 CEST 2014: 24: finished (27ms, 8cycles)
Sun Mar 30 03:55:50 CEST 2014: 24: Solution found.
Sun Mar 30 03:55:50 CEST 2014: 25: finished (37ms, 11cycles)
Sun Mar 30 03:55:50 CEST 2014: 25: Solution found.
Sun Mar 30 03:55:50 CEST 2014: 26: finished (21ms, 6cycles)
Sun Mar 30 03:55:50 CEST 2014: 26: Solution found.
Sun Mar 30 03:55:50 CEST 2014: 27: finished (23ms, 6cycles)
Sun Mar 30 03:55:50 CEST 2014: 27: Solution found.
Sun Mar 30 03:55:51 CEST 2014: 28: finished (31ms, 9cycles)
Sun Mar 30 03:55:51 CEST 2014: 28: Solution found.
Sun Mar 30 03:55:51 CEST 2014: 29: finished (35ms, 10cycles)
Sun Mar 30 03:55:51 CEST 2014: 29: Solution found.
Sun Mar 30 03:55:51 CEST 2014: 30: finished (18ms, 5cycles)
Sun Mar 30 03:55:51 CEST 2014: 30: Solution found.
Sun Mar 30 03:55:51 CEST 2014: 31: finished (48ms, 15cycles)
Sun Mar 30 03:55:51 CEST 2014: 31: Solution found.
Sun Mar 30 03:55:51 CEST 2014: 32: finished (42ms, 10cycles)
Sun Mar 30 03:55:51 CEST 2014: 32: Solution found.
Sun Mar 30 03:55:51 CEST 2014: 33: finished (52ms, 16cycles)
Sun Mar 30 03:55:51 CEST 2014: 33: Solution found.
Sun Mar 30 03:55:51 CEST 2014: 34: finished (38ms, 12cycles)
Sun Mar 30 03:55:51 CEST 2014: 34: Solution found.
Sun Mar 30 03:55:52 CEST 2014: 35: finished (1392ms, 500cycles)
Sun Mar 30 03:55:52 CEST 2014: 35: No solution found.
Sun Mar 30 03:55:52 CEST 2014: 36: finished (18ms, 5cycles)
Sun Mar 30 03:55:52 CEST 2014: 36: Solution found.
Sun Mar 30 03:55:52 CEST 2014: 37: finished (15ms, 4cycles)
Sun Mar 30 03:55:52 CEST 2014: 37: Solution found.
Sun Mar 30 03:55:52 CEST 2014: 38: finished (23ms, 7cycles)
Sun Mar 30 03:55:52 CEST 2014: 38: Solution found.
Sun Mar 30 03:55:52 CEST 2014: 39: finished (9ms, 2cycles)
Sun Mar 30 03:55:52 CEST 2014: 39: Solution found.
Sun Mar 30 03:55:52 CEST 2014: 40: finished (20ms, 5cycles)
Sun Mar 30 03:55:52 CEST 2014: 40: Solution found.
Sun Mar 30 03:55:52 CEST 2014: 41: finished (22ms, 6cycles)
Sun Mar 30 03:55:52 CEST 2014: 41: Solution found.
Sun Mar 30 03:55:52 CEST 2014: 42: finished (6ms, 1cycles)
Sun Mar 30 03:55:52 CEST 2014: 42: Solution found.
Sun Mar 30 03:55:52 CEST 2014: 43: finished (71ms, 23cycles)
Sun Mar 30 03:55:52 CEST 2014: 43: Solution found.
Sun Mar 30 03:55:52 CEST 2014: 44: finished (37ms, 10cycles)
Sun Mar 30 03:55:52 CEST 2014: 44: Solution found.
Sun Mar 30 03:55:52 CEST 2014: 45: finished (44ms, 14cycles)
Sun Mar 30 03:55:52 CEST 2014: 45: Solution found.
Sun Mar 30 03:55:52 CEST 2014: 46: finished (57ms, 18cycles)
Sun Mar 30 03:55:52 CEST 2014: 46: Solution found.
Sun Mar 30 03:55:52 CEST 2014: 47: finished (33ms, 10cycles)
Sun Mar 30 03:55:52 CEST 2014: 47: Solution found.
Sun Mar 30 03:55:53 CEST 2014: 48: finished (36ms, 11cycles)
Sun Mar 30 03:55:53 CEST 2014: 48: Solution found.
Sun Mar 30 03:55:53 CEST 2014: 49: finished (16ms, 4cycles)
Sun Mar 30 03:55:53 CEST 2014: 49: Solution found.
Sun Mar 30 03:55:53 CEST 2014: 50: finished (37ms, 11cycles)
Sun Mar 30 03:55:53 CEST 2014: 50: Solution found.
Sun Mar 30 03:55:53 CEST 2014: 51: finished (15ms, 4cycles)
Sun Mar 30 03:55:53 CEST 2014: 51: Solution found.
Sun Mar 30 03:55:53 CEST 2014: 52: finished (59ms, 18cycles)
Sun Mar 30 03:55:53 CEST 2014: 52: Solution found.
Sun Mar 30 03:55:54 CEST 2014: 53: finished (1461ms, 500cycles)
Sun Mar 30 03:55:54 CEST 2014: 53: No solution found.
Sun Mar 30 03:55:56 CEST 2014: 54: finished (1487ms, 500cycles)
Sun Mar 30 03:55:56 CEST 2014: 54: No solution found.
Sun Mar 30 03:55:56 CEST 2014: 55: finished (85ms, 28cycles)
Sun Mar 30 03:55:56 CEST 2014: 55: Solution found.
Sun Mar 30 03:55:56 CEST 2014: 56: finished (21ms, 6cycles)
Sun Mar 30 03:55:56 CEST 2014: 56: Solution found.
Sun Mar 30 03:55:56 CEST 2014: 57: finished (23ms, 7cycles)
Sun Mar 30 03:55:56 CEST 2014: 57: Solution found.
Sun Mar 30 03:55:56 CEST 2014: 58: finished (7ms, 1cycles)
Sun Mar 30 03:55:56 CEST 2014: 58: Solution found.
Sun Mar 30 03:55:56 CEST 2014: 59: finished (36ms, 11cycles)
Sun Mar 30 03:55:56 CEST 2014: 59: Solution found.
Sun Mar 30 03:55:56 CEST 2014: 60: finished (29ms, 7cycles)
Sun Mar 30 03:55:56 CEST 2014: 60: Solution found.
Sun Mar 30 03:55:56 CEST 2014: 61: finished (30ms, 8cycles)
Sun Mar 30 03:55:56 CEST 2014: 61: Solution found.
Sun Mar 30 03:55:56 CEST 2014: 62: finished (34ms, 10cycles)
Sun Mar 30 03:55:56 CEST 2014: 62: Solution found.
Sun Mar 30 03:55:56 CEST 2014: 63: finished (12ms, 3cycles)
Sun Mar 30 03:55:56 CEST 2014: 63: Solution found.
Sun Mar 30 03:55:56 CEST 2014: 64: finished (36ms, 11cycles)
Sun Mar 30 03:55:56 CEST 2014: 64: Solution found.
Sun Mar 30 03:55:56 CEST 2014: 65: finished (24ms, 7cycles)
Sun Mar 30 03:55:56 CEST 2014: 65: Solution found.
Sun Mar 30 03:55:56 CEST 2014: 66: finished (15ms, 4cycles)
Sun Mar 30 03:55:56 CEST 2014: 66: Solution found.
Sun Mar 30 03:55:56 CEST 2014: 67: finished (9ms, 2cycles)
Sun Mar 30 03:55:56 CEST 2014: 67: Solution found.
Sun Mar 30 03:55:56 CEST 2014: 68: finished (37ms, 11cycles)
Sun Mar 30 03:55:56 CEST 2014: 68: Solution found.
Sun Mar 30 03:55:56 CEST 2014: 69: finished (31ms, 7cycles)
Sun Mar 30 03:55:56 CEST 2014: 69: Solution found.
Sun Mar 30 03:55:56 CEST 2014: 70: finished (16ms, 4cycles)
Sun Mar 30 03:55:56 CEST 2014: 70: Solution found.
Sun Mar 30 03:55:56 CEST 2014: 71: finished (39ms, 12cycles)
Sun Mar 30 03:55:56 CEST 2014: 71: Solution found.
Sun Mar 30 03:55:56 CEST 2014: 72: finished (30ms, 9cycles)
Sun Mar 30 03:55:56 CEST 2014: 72: Solution found.
Sun Mar 30 03:55:56 CEST 2014: 73: finished (31ms, 9cycles)
Sun Mar 30 03:55:56 CEST 2014: 73: Solution found.
Sun Mar 30 03:55:56 CEST 2014: 74: finished (47ms, 15cycles)
Sun Mar 30 03:55:56 CEST 2014: 74: Solution found.
Sun Mar 30 03:55:56 CEST 2014: 75: finished (22ms, 6cycles)
Sun Mar 30 03:55:56 CEST 2014: 75: Solution found.
Sun Mar 30 03:55:56 CEST 2014: 76: finished (112ms, 35cycles)
Sun Mar 30 03:55:56 CEST 2014: 76: Solution found.
Sun Mar 30 03:55:58 CEST 2014: 77: finished (1372ms, 500cycles)
Sun Mar 30 03:55:58 CEST 2014: 77: No solution found.
Sun Mar 30 03:55:58 CEST 2014: 78: finished (15ms, 4cycles)
Sun Mar 30 03:55:58 CEST 2014: 78: Solution found.
Sun Mar 30 03:55:58 CEST 2014: 79: finished (31ms, 10cycles)
Sun Mar 30 03:55:58 CEST 2014: 79: Solution found.
Sun Mar 30 03:55:58 CEST 2014: 80: finished (195ms, 62cycles)
Sun Mar 30 03:55:58 CEST 2014: 80: Solution found.
Sun Mar 30 03:55:58 CEST 2014: 81: finished (12ms, 3cycles)
Sun Mar 30 03:55:58 CEST 2014: 81: Solution found.
Sun Mar 30 03:55:58 CEST 2014: 82: finished (29ms, 9cycles)
Sun Mar 30 03:55:58 CEST 2014: 82: Solution found.
Sun Mar 30 03:55:58 CEST 2014: 83: finished (53ms, 17cycles)
Sun Mar 30 03:55:58 CEST 2014: 83: Solution found.
Sun Mar 30 03:55:58 CEST 2014: 84: finished (31ms, 9cycles)
Sun Mar 30 03:55:58 CEST 2014: 84: Solution found.
Sun Mar 30 03:55:58 CEST 2014: 85: finished (65ms, 18cycles)
Sun Mar 30 03:55:58 CEST 2014: 85: Solution found.
Sun Mar 30 03:55:58 CEST 2014: 86: finished (9ms, 2cycles)
Sun Mar 30 03:55:58 CEST 2014: 86: Solution found.
Sun Mar 30 03:55:58 CEST 2014: 87: finished (8ms, 1cycles)
Sun Mar 30 03:55:58 CEST 2014: 87: Solution found.
Sun Mar 30 03:55:58 CEST 2014: 88: finished (27ms, 8cycles)
Sun Mar 30 03:55:58 CEST 2014: 88: Solution found.
Sun Mar 30 03:55:58 CEST 2014: 89: finished (46ms, 14cycles)
Sun Mar 30 03:55:58 CEST 2014: 89: Solution found.
Sun Mar 30 03:56:00 CEST 2014: 90: finished (1389ms, 500cycles)
Sun Mar 30 03:56:00 CEST 2014: 90: No solution found.
Sun Mar 30 03:56:00 CEST 2014: 91: finished (32ms, 10cycles)
Sun Mar 30 03:56:00 CEST 2014: 91: Solution found.
Sun Mar 30 03:56:00 CEST 2014: 92: finished (18ms, 5cycles)
Sun Mar 30 03:56:00 CEST 2014: 92: Solution found.
Sun Mar 30 03:56:00 CEST 2014: 93: finished (20ms, 6cycles)
Sun Mar 30 03:56:00 CEST 2014: 93: Solution found.
Sun Mar 30 03:56:00 CEST 2014: 94: finished (46ms, 14cycles)
Sun Mar 30 03:56:00 CEST 2014: 94: Solution found.
Sun Mar 30 03:56:00 CEST 2014: 95: finished (101ms, 32cycles)
Sun Mar 30 03:56:00 CEST 2014: 95: Solution found.
Sun Mar 30 03:56:00 CEST 2014: 96: finished (115ms, 35cycles)
Sun Mar 30 03:56:00 CEST 2014: 96: Solution found.
Sun Mar 30 03:56:00 CEST 2014: 97: finished (45ms, 14cycles)
Sun Mar 30 03:56:00 CEST 2014: 97: Solution found.
Sun Mar 30 03:56:00 CEST 2014: 98: finished (35ms, 9cycles)
Sun Mar 30 03:56:00 CEST 2014: 98: Solution found.
Sun Mar 30 03:56:00 CEST 2014: 99: finished (62ms, 19cycles)
Sun Mar 30 03:56:00 CEST 2014: 99: Solution found.
Sun Mar 30 03:56:00 CEST 2014: Solution Found: 93
Sun Mar 30 03:56:00 CEST 2014: Avg cycles: 10
Sun Mar 30 03:56:00 CEST 2014: Max cycles: 62
Sun Mar 30 03:56:00 CEST 2014: Min cycles: 1
Sun Mar 30 03:56:00 CEST 2014: No solution found: 7
Sun Mar 30 03:56:00 CEST 2014: logging finished. (runtime: 13352ms)
