Sun Mar 30 20:39:11 CEST 2014: Problem Count: 150
Sun Mar 30 20:39:11 CEST 2014: CandidatesCount: 100
Sun Mar 30 20:39:11 CEST 2014: Max Cycles: 500
Sun Mar 30 20:39:11 CEST 2014: 0: finished (51ms, 7cycles)
Sun Mar 30 20:39:11 CEST 2014: 0: Solution found.
Sun Mar 30 20:39:11 CEST 2014: 1: finished (70ms, 10cycles)
Sun Mar 30 20:39:11 CEST 2014: 1: Solution found.
Sun Mar 30 20:39:11 CEST 2014: 2: finished (120ms, 17cycles)
Sun Mar 30 20:39:11 CEST 2014: 2: Solution found.
Sun Mar 30 20:39:11 CEST 2014: 3: finished (81ms, 11cycles)
Sun Mar 30 20:39:11 CEST 2014: 3: Solution found.
Sun Mar 30 20:39:11 CEST 2014: 4: finished (109ms, 16cycles)
Sun Mar 30 20:39:11 CEST 2014: 4: Solution found.
Sun Mar 30 20:39:12 CEST 2014: 5: finished (226ms, 34cycles)
Sun Mar 30 20:39:12 CEST 2014: 5: Solution found.
Sun Mar 30 20:39:12 CEST 2014: 6: finished (80ms, 12cycles)
Sun Mar 30 20:39:12 CEST 2014: 6: Solution found.
Sun Mar 30 20:39:15 CEST 2014: 7: finished (2947ms, 500cycles)
Sun Mar 30 20:39:15 CEST 2014: 7: No solution found.
Sun Mar 30 20:39:18 CEST 2014: 8: finished (2973ms, 500cycles)
Sun Mar 30 20:39:18 CEST 2014: 8: No solution found.
Sun Mar 30 20:39:18 CEST 2014: 9: finished (79ms, 10cycles)
Sun Mar 30 20:39:18 CEST 2014: 9: Solution found.
Sun Mar 30 20:39:18 CEST 2014: 10: finished (182ms, 26cycles)
Sun Mar 30 20:39:18 CEST 2014: 10: Solution found.
Sun Mar 30 20:39:18 CEST 2014: 11: finished (156ms, 22cycles)
Sun Mar 30 20:39:18 CEST 2014: 11: Solution found.
Sun Mar 30 20:39:18 CEST 2014: 12: finished (103ms, 15cycles)
Sun Mar 30 20:39:18 CEST 2014: 12: Solution found.
Sun Mar 30 20:39:18 CEST 2014: 13: finished (138ms, 20cycles)
Sun Mar 30 20:39:18 CEST 2014: 13: Solution found.
Sun Mar 30 20:39:18 CEST 2014: 14: finished (50ms, 7cycles)
Sun Mar 30 20:39:18 CEST 2014: 14: Solution found.
Sun Mar 30 20:39:21 CEST 2014: 15: finished (2977ms, 500cycles)
Sun Mar 30 20:39:21 CEST 2014: 15: No solution found.
Sun Mar 30 20:39:21 CEST 2014: 16: finished (108ms, 15cycles)
Sun Mar 30 20:39:21 CEST 2014: 16: Solution found.
Sun Mar 30 20:39:22 CEST 2014: 17: finished (102ms, 15cycles)
Sun Mar 30 20:39:22 CEST 2014: 17: Solution found.
Sun Mar 30 20:39:24 CEST 2014: 18: finished (2969ms, 500cycles)
Sun Mar 30 20:39:24 CEST 2014: 18: No solution found.
Sun Mar 30 20:39:25 CEST 2014: 19: finished (226ms, 32cycles)
Sun Mar 30 20:39:25 CEST 2014: 19: Solution found.
Sun Mar 30 20:39:25 CEST 2014: 20: finished (118ms, 16cycles)
Sun Mar 30 20:39:25 CEST 2014: 20: Solution found.
Sun Mar 30 20:39:25 CEST 2014: 21: finished (31ms, 4cycles)
Sun Mar 30 20:39:25 CEST 2014: 21: Solution found.
Sun Mar 30 20:39:25 CEST 2014: 22: finished (39ms, 5cycles)
Sun Mar 30 20:39:25 CEST 2014: 22: Solution found.
Sun Mar 30 20:39:25 CEST 2014: 23: finished (198ms, 30cycles)
Sun Mar 30 20:39:25 CEST 2014: 23: Solution found.
Sun Mar 30 20:39:28 CEST 2014: 24: finished (2999ms, 500cycles)
Sun Mar 30 20:39:28 CEST 2014: 24: No solution found.
Sun Mar 30 20:39:28 CEST 2014: 25: finished (70ms, 10cycles)
Sun Mar 30 20:39:28 CEST 2014: 25: Solution found.
Sun Mar 30 20:39:28 CEST 2014: 26: finished (153ms, 23cycles)
Sun Mar 30 20:39:28 CEST 2014: 26: Solution found.
Sun Mar 30 20:39:28 CEST 2014: 27: finished (59ms, 8cycles)
Sun Mar 30 20:39:28 CEST 2014: 27: Solution found.
Sun Mar 30 20:39:31 CEST 2014: 28: finished (2957ms, 500cycles)
Sun Mar 30 20:39:31 CEST 2014: 28: No solution found.
Sun Mar 30 20:39:32 CEST 2014: 29: finished (190ms, 27cycles)
Sun Mar 30 20:39:32 CEST 2014: 29: Solution found.
Sun Mar 30 20:39:32 CEST 2014: 30: finished (311ms, 43cycles)
Sun Mar 30 20:39:32 CEST 2014: 30: Solution found.
Sun Mar 30 20:39:32 CEST 2014: 31: finished (77ms, 11cycles)
Sun Mar 30 20:39:32 CEST 2014: 31: Solution found.
Sun Mar 30 20:39:35 CEST 2014: 32: finished (3035ms, 500cycles)
Sun Mar 30 20:39:35 CEST 2014: 32: No solution found.
Sun Mar 30 20:39:35 CEST 2014: 33: finished (90ms, 12cycles)
Sun Mar 30 20:39:35 CEST 2014: 33: Solution found.
Sun Mar 30 20:39:35 CEST 2014: 34: finished (71ms, 9cycles)
Sun Mar 30 20:39:35 CEST 2014: 34: Solution found.
Sun Mar 30 20:39:35 CEST 2014: 35: finished (90ms, 12cycles)
Sun Mar 30 20:39:35 CEST 2014: 35: Solution found.
Sun Mar 30 20:39:35 CEST 2014: 36: finished (25ms, 3cycles)
Sun Mar 30 20:39:35 CEST 2014: 36: Solution found.
Sun Mar 30 20:39:35 CEST 2014: 37: finished (146ms, 20cycles)
Sun Mar 30 20:39:35 CEST 2014: 37: Solution found.
Sun Mar 30 20:39:36 CEST 2014: 38: finished (346ms, 54cycles)
Sun Mar 30 20:39:36 CEST 2014: 38: Solution found.
Sun Mar 30 20:39:36 CEST 2014: 39: finished (111ms, 17cycles)
Sun Mar 30 20:39:36 CEST 2014: 39: Solution found.
Sun Mar 30 20:39:36 CEST 2014: 40: finished (102ms, 13cycles)
Sun Mar 30 20:39:36 CEST 2014: 40: Solution found.
Sun Mar 30 20:39:36 CEST 2014: 41: finished (44ms, 6cycles)
Sun Mar 30 20:39:36 CEST 2014: 41: Solution found.
Sun Mar 30 20:39:36 CEST 2014: 42: finished (215ms, 31cycles)
Sun Mar 30 20:39:36 CEST 2014: 42: Solution found.
Sun Mar 30 20:39:36 CEST 2014: 43: finished (58ms, 8cycles)
Sun Mar 30 20:39:36 CEST 2014: 43: Solution found.
Sun Mar 30 20:39:36 CEST 2014: 44: finished (156ms, 23cycles)
Sun Mar 30 20:39:36 CEST 2014: 44: Solution found.
Sun Mar 30 20:39:36 CEST 2014: 45: finished (70ms, 10cycles)
Sun Mar 30 20:39:36 CEST 2014: 45: Solution found.
Sun Mar 30 20:39:40 CEST 2014: 46: finished (3373ms, 500cycles)
Sun Mar 30 20:39:40 CEST 2014: 46: No solution found.
Sun Mar 30 20:39:40 CEST 2014: 47: finished (112ms, 16cycles)
Sun Mar 30 20:39:40 CEST 2014: 47: Solution found.
Sun Mar 30 20:39:40 CEST 2014: 48: finished (193ms, 29cycles)
Sun Mar 30 20:39:40 CEST 2014: 48: Solution found.
Sun Mar 30 20:39:40 CEST 2014: 49: finished (126ms, 18cycles)
Sun Mar 30 20:39:40 CEST 2014: 49: Solution found.
Sun Mar 30 20:39:43 CEST 2014: 50: finished (2982ms, 500cycles)
Sun Mar 30 20:39:43 CEST 2014: 50: No solution found.
Sun Mar 30 20:39:43 CEST 2014: 51: finished (76ms, 11cycles)
Sun Mar 30 20:39:43 CEST 2014: 51: Solution found.
Sun Mar 30 20:39:43 CEST 2014: 52: finished (53ms, 7cycles)
Sun Mar 30 20:39:43 CEST 2014: 52: Solution found.
Sun Mar 30 20:39:44 CEST 2014: 53: finished (253ms, 38cycles)
Sun Mar 30 20:39:44 CEST 2014: 53: Solution found.
Sun Mar 30 20:39:44 CEST 2014: 54: finished (128ms, 17cycles)
Sun Mar 30 20:39:44 CEST 2014: 54: Solution found.
Sun Mar 30 20:39:44 CEST 2014: 55: finished (149ms, 20cycles)
Sun Mar 30 20:39:44 CEST 2014: 55: Solution found.
Sun Mar 30 20:39:44 CEST 2014: 56: finished (27ms, 3cycles)
Sun Mar 30 20:39:44 CEST 2014: 56: Solution found.
Sun Mar 30 20:39:44 CEST 2014: 57: finished (79ms, 12cycles)
Sun Mar 30 20:39:44 CEST 2014: 57: Solution found.
Sun Mar 30 20:39:44 CEST 2014: 58: finished (77ms, 11cycles)
Sun Mar 30 20:39:44 CEST 2014: 58: Solution found.
Sun Mar 30 20:39:47 CEST 2014: 59: finished (2981ms, 500cycles)
Sun Mar 30 20:39:47 CEST 2014: 59: No solution found.
Sun Mar 30 20:39:47 CEST 2014: 60: finished (19ms, 2cycles)
Sun Mar 30 20:39:47 CEST 2014: 60: Solution found.
Sun Mar 30 20:39:50 CEST 2014: 61: finished (3012ms, 500cycles)
Sun Mar 30 20:39:50 CEST 2014: 61: No solution found.
Sun Mar 30 20:39:50 CEST 2014: 62: finished (93ms, 12cycles)
Sun Mar 30 20:39:50 CEST 2014: 62: Solution found.
Sun Mar 30 20:39:50 CEST 2014: 63: finished (173ms, 26cycles)
Sun Mar 30 20:39:50 CEST 2014: 63: Solution found.
Sun Mar 30 20:39:51 CEST 2014: 64: finished (259ms, 38cycles)
Sun Mar 30 20:39:51 CEST 2014: 64: Solution found.
Sun Mar 30 20:39:54 CEST 2014: 65: finished (2984ms, 500cycles)
Sun Mar 30 20:39:54 CEST 2014: 65: No solution found.
Sun Mar 30 20:39:54 CEST 2014: 66: finished (790ms, 120cycles)
Sun Mar 30 20:39:54 CEST 2014: 66: Solution found.
Sun Mar 30 20:39:55 CEST 2014: 67: finished (347ms, 50cycles)
Sun Mar 30 20:39:55 CEST 2014: 67: Solution found.
Sun Mar 30 20:39:58 CEST 2014: 68: finished (2900ms, 500cycles)
Sun Mar 30 20:39:58 CEST 2014: 68: No solution found.
Sun Mar 30 20:40:01 CEST 2014: 69: finished (2916ms, 500cycles)
Sun Mar 30 20:40:01 CEST 2014: 69: No solution found.
Sun Mar 30 20:40:01 CEST 2014: 70: finished (105ms, 15cycles)
Sun Mar 30 20:40:01 CEST 2014: 70: Solution found.
Sun Mar 30 20:40:01 CEST 2014: 71: finished (69ms, 10cycles)
Sun Mar 30 20:40:01 CEST 2014: 71: Solution found.
Sun Mar 30 20:40:01 CEST 2014: 72: finished (86ms, 12cycles)
Sun Mar 30 20:40:01 CEST 2014: 72: Solution found.
Sun Mar 30 20:40:01 CEST 2014: 73: finished (291ms, 40cycles)
Sun Mar 30 20:40:01 CEST 2014: 73: Solution found.
Sun Mar 30 20:40:05 CEST 2014: 74: finished (3594ms, 500cycles)
Sun Mar 30 20:40:05 CEST 2014: 74: No solution found.
Sun Mar 30 20:40:05 CEST 2014: 75: finished (421ms, 22cycles)
Sun Mar 30 20:40:05 CEST 2014: 75: Solution found.
Sun Mar 30 20:40:10 CEST 2014: 76: finished (5003ms, 500cycles)
Sun Mar 30 20:40:10 CEST 2014: 76: No solution found.
Sun Mar 30 20:40:10 CEST 2014: 77: finished (37ms, 5cycles)
Sun Mar 30 20:40:10 CEST 2014: 77: Solution found.
Sun Mar 30 20:40:10 CEST 2014: 78: finished (58ms, 8cycles)
Sun Mar 30 20:40:10 CEST 2014: 78: Solution found.
Sun Mar 30 20:40:10 CEST 2014: 79: finished (179ms, 27cycles)
Sun Mar 30 20:40:10 CEST 2014: 79: Solution found.
Sun Mar 30 20:40:11 CEST 2014: 80: finished (163ms, 22cycles)
Sun Mar 30 20:40:11 CEST 2014: 80: Solution found.
Sun Mar 30 20:40:11 CEST 2014: 81: finished (65ms, 9cycles)
Sun Mar 30 20:40:11 CEST 2014: 81: Solution found.
Sun Mar 30 20:40:11 CEST 2014: 82: finished (149ms, 22cycles)
Sun Mar 30 20:40:11 CEST 2014: 82: Solution found.
Sun Mar 30 20:40:11 CEST 2014: 83: finished (70ms, 10cycles)
Sun Mar 30 20:40:11 CEST 2014: 83: Solution found.
Sun Mar 30 20:40:14 CEST 2014: 84: finished (2976ms, 500cycles)
Sun Mar 30 20:40:14 CEST 2014: 84: No solution found.
Sun Mar 30 20:40:14 CEST 2014: 85: finished (85ms, 13cycles)
Sun Mar 30 20:40:14 CEST 2014: 85: Solution found.
Sun Mar 30 20:40:14 CEST 2014: 86: finished (192ms, 27cycles)
Sun Mar 30 20:40:14 CEST 2014: 86: Solution found.
Sun Mar 30 20:40:14 CEST 2014: 87: finished (198ms, 29cycles)
Sun Mar 30 20:40:14 CEST 2014: 87: Solution found.
Sun Mar 30 20:40:15 CEST 2014: 88: finished (198ms, 29cycles)
Sun Mar 30 20:40:15 CEST 2014: 88: Solution found.
Sun Mar 30 20:40:17 CEST 2014: 89: finished (2968ms, 500cycles)
Sun Mar 30 20:40:17 CEST 2014: 89: No solution found.
Sun Mar 30 20:40:18 CEST 2014: 90: finished (91ms, 13cycles)
Sun Mar 30 20:40:18 CEST 2014: 90: Solution found.
Sun Mar 30 20:40:18 CEST 2014: 91: finished (46ms, 6cycles)
Sun Mar 30 20:40:18 CEST 2014: 91: Solution found.
Sun Mar 30 20:40:18 CEST 2014: 92: finished (70ms, 10cycles)
Sun Mar 30 20:40:18 CEST 2014: 92: Solution found.
Sun Mar 30 20:40:18 CEST 2014: 93: finished (101ms, 14cycles)
Sun Mar 30 20:40:18 CEST 2014: 93: Solution found.
Sun Mar 30 20:40:18 CEST 2014: 94: finished (146ms, 21cycles)
Sun Mar 30 20:40:18 CEST 2014: 94: Solution found.
Sun Mar 30 20:40:18 CEST 2014: 95: finished (84ms, 12cycles)
Sun Mar 30 20:40:18 CEST 2014: 95: Solution found.
Sun Mar 30 20:40:18 CEST 2014: 96: finished (103ms, 14cycles)
Sun Mar 30 20:40:18 CEST 2014: 96: Solution found.
Sun Mar 30 20:40:18 CEST 2014: 97: finished (59ms, 8cycles)
Sun Mar 30 20:40:18 CEST 2014: 97: Solution found.
Sun Mar 30 20:40:18 CEST 2014: 98: finished (231ms, 32cycles)
Sun Mar 30 20:40:18 CEST 2014: 98: Solution found.
Sun Mar 30 20:40:19 CEST 2014: 99: finished (91ms, 12cycles)
Sun Mar 30 20:40:19 CEST 2014: 99: Solution found.
Sun Mar 30 20:40:19 CEST 2014: Solution Found: 82
Sun Mar 30 20:40:19 CEST 2014: Avg cycles: 18
Sun Mar 30 20:40:19 CEST 2014: Max cycles: 120
Sun Mar 30 20:40:19 CEST 2014: Min cycles: 2
Sun Mar 30 20:40:19 CEST 2014: No solution found: 18
Sun Mar 30 20:40:19 CEST 2014: logging finished. (runtime: 67558ms)
