Mon Mar 31 01:06:44 CEST 2014: Problem Count: 150
Mon Mar 31 01:06:44 CEST 2014: CandidatesCount: 100
Mon Mar 31 01:06:44 CEST 2014: Max Cycles: 500
Mon Mar 31 01:06:44 CEST 2014: 0: finished (32ms, 4cycles)
Mon Mar 31 01:06:44 CEST 2014: 0: Solution found.
Mon Mar 31 01:06:44 CEST 2014: 1: finished (172ms, 24cycles)
Mon Mar 31 01:06:44 CEST 2014: 1: Solution found.
Mon Mar 31 01:06:47 CEST 2014: 2: finished (2914ms, 500cycles)
Mon Mar 31 01:06:47 CEST 2014: 2: No solution found.
Mon Mar 31 01:06:47 CEST 2014: 3: finished (127ms, 19cycles)
Mon Mar 31 01:06:47 CEST 2014: 3: Solution found.
Mon Mar 31 01:06:47 CEST 2014: 4: finished (155ms, 23cycles)
Mon Mar 31 01:06:47 CEST 2014: 4: Solution found.
Mon Mar 31 01:06:50 CEST 2014: 5: finished (2962ms, 500cycles)
Mon Mar 31 01:06:50 CEST 2014: 5: No solution found.
Mon Mar 31 01:06:51 CEST 2014: 6: finished (169ms, 24cycles)
Mon Mar 31 01:06:51 CEST 2014: 6: Solution found.
Mon Mar 31 01:06:54 CEST 2014: 7: finished (3007ms, 500cycles)
Mon Mar 31 01:06:54 CEST 2014: 7: No solution found.
Mon Mar 31 01:06:54 CEST 2014: 8: finished (75ms, 11cycles)
Mon Mar 31 01:06:54 CEST 2014: 8: Solution found.
Mon Mar 31 01:06:57 CEST 2014: 9: finished (2926ms, 500cycles)
Mon Mar 31 01:06:57 CEST 2014: 9: No solution found.
Mon Mar 31 01:06:57 CEST 2014: 10: finished (25ms, 3cycles)
Mon Mar 31 01:06:57 CEST 2014: 10: Solution found.
Mon Mar 31 01:07:00 CEST 2014: 11: finished (2958ms, 500cycles)
Mon Mar 31 01:07:00 CEST 2014: 11: No solution found.
Mon Mar 31 01:07:00 CEST 2014: 12: finished (73ms, 11cycles)
Mon Mar 31 01:07:00 CEST 2014: 12: Solution found.
Mon Mar 31 01:07:03 CEST 2014: 13: finished (3034ms, 500cycles)
Mon Mar 31 01:07:03 CEST 2014: 13: No solution found.
Mon Mar 31 01:07:03 CEST 2014: 14: finished (145ms, 22cycles)
Mon Mar 31 01:07:03 CEST 2014: 14: Solution found.
Mon Mar 31 01:07:03 CEST 2014: 15: finished (219ms, 30cycles)
Mon Mar 31 01:07:03 CEST 2014: 15: Solution found.
Mon Mar 31 01:07:03 CEST 2014: 16: finished (53ms, 6cycles)
Mon Mar 31 01:07:03 CEST 2014: 16: Solution found.
Mon Mar 31 01:07:06 CEST 2014: 17: finished (2965ms, 500cycles)
Mon Mar 31 01:07:06 CEST 2014: 17: No solution found.
Mon Mar 31 01:07:06 CEST 2014: 18: finished (61ms, 8cycles)
Mon Mar 31 01:07:06 CEST 2014: 18: Solution found.
Mon Mar 31 01:07:06 CEST 2014: 19: finished (155ms, 22cycles)
Mon Mar 31 01:07:06 CEST 2014: 19: Solution found.
Mon Mar 31 01:07:09 CEST 2014: 20: finished (2926ms, 500cycles)
Mon Mar 31 01:07:09 CEST 2014: 20: No solution found.
Mon Mar 31 01:07:09 CEST 2014: 21: finished (54ms, 8cycles)
Mon Mar 31 01:07:09 CEST 2014: 21: Solution found.
Mon Mar 31 01:07:09 CEST 2014: 22: finished (55ms, 8cycles)
Mon Mar 31 01:07:09 CEST 2014: 22: Solution found.
Mon Mar 31 01:07:12 CEST 2014: 23: finished (2973ms, 500cycles)
Mon Mar 31 01:07:12 CEST 2014: 23: No solution found.
Mon Mar 31 01:07:12 CEST 2014: 24: finished (244ms, 37cycles)
Mon Mar 31 01:07:12 CEST 2014: 24: Solution found.
Mon Mar 31 01:07:15 CEST 2014: 25: finished (2888ms, 500cycles)
Mon Mar 31 01:07:15 CEST 2014: 25: No solution found.
Mon Mar 31 01:07:18 CEST 2014: 26: finished (3051ms, 500cycles)
Mon Mar 31 01:07:18 CEST 2014: 26: No solution found.
Mon Mar 31 01:07:21 CEST 2014: 27: finished (3003ms, 500cycles)
Mon Mar 31 01:07:21 CEST 2014: 27: No solution found.
Mon Mar 31 01:07:22 CEST 2014: 28: finished (342ms, 50cycles)
Mon Mar 31 01:07:22 CEST 2014: 28: Solution found.
Mon Mar 31 01:07:25 CEST 2014: 29: finished (3033ms, 500cycles)
Mon Mar 31 01:07:25 CEST 2014: 29: No solution found.
Mon Mar 31 01:07:25 CEST 2014: 30: finished (197ms, 30cycles)
Mon Mar 31 01:07:25 CEST 2014: 30: Solution found.
Mon Mar 31 01:07:25 CEST 2014: 31: finished (115ms, 16cycles)
Mon Mar 31 01:07:25 CEST 2014: 31: Solution found.
Mon Mar 31 01:07:29 CEST 2014: 32: finished (3608ms, 500cycles)
Mon Mar 31 01:07:29 CEST 2014: 32: No solution found.
Mon Mar 31 01:07:29 CEST 2014: 33: finished (157ms, 8cycles)
Mon Mar 31 01:07:29 CEST 2014: 33: Solution found.
Mon Mar 31 01:07:34 CEST 2014: 34: finished (5087ms, 500cycles)
Mon Mar 31 01:07:34 CEST 2014: 34: No solution found.
Mon Mar 31 01:07:34 CEST 2014: 35: finished (49ms, 7cycles)
Mon Mar 31 01:07:34 CEST 2014: 35: Solution found.
Mon Mar 31 01:07:37 CEST 2014: 36: finished (2933ms, 500cycles)
Mon Mar 31 01:07:37 CEST 2014: 36: No solution found.
Mon Mar 31 01:07:40 CEST 2014: 37: finished (2946ms, 500cycles)
Mon Mar 31 01:07:40 CEST 2014: 37: No solution found.
Mon Mar 31 01:07:43 CEST 2014: 38: finished (3019ms, 500cycles)
Mon Mar 31 01:07:43 CEST 2014: 38: No solution found.
Mon Mar 31 01:07:43 CEST 2014: 39: finished (117ms, 17cycles)
Mon Mar 31 01:07:43 CEST 2014: 39: Solution found.
Mon Mar 31 01:07:46 CEST 2014: 40: finished (2980ms, 500cycles)
Mon Mar 31 01:07:46 CEST 2014: 40: No solution found.
Mon Mar 31 01:07:46 CEST 2014: 41: finished (56ms, 8cycles)
Mon Mar 31 01:07:46 CEST 2014: 41: Solution found.
Mon Mar 31 01:07:49 CEST 2014: 42: finished (2964ms, 500cycles)
Mon Mar 31 01:07:49 CEST 2014: 42: No solution found.
Mon Mar 31 01:07:50 CEST 2014: 43: finished (570ms, 85cycles)
Mon Mar 31 01:07:50 CEST 2014: 43: Solution found.
Mon Mar 31 01:07:50 CEST 2014: 44: finished (69ms, 10cycles)
Mon Mar 31 01:07:50 CEST 2014: 44: Solution found.
Mon Mar 31 01:07:50 CEST 2014: 45: finished (92ms, 13cycles)
Mon Mar 31 01:07:50 CEST 2014: 45: Solution found.
Mon Mar 31 01:07:50 CEST 2014: 46: finished (96ms, 14cycles)
Mon Mar 31 01:07:50 CEST 2014: 46: Solution found.
Mon Mar 31 01:07:50 CEST 2014: 47: finished (128ms, 19cycles)
Mon Mar 31 01:07:50 CEST 2014: 47: Solution found.
Mon Mar 31 01:07:53 CEST 2014: 48: finished (2944ms, 500cycles)
Mon Mar 31 01:07:53 CEST 2014: 48: No solution found.
Mon Mar 31 01:07:53 CEST 2014: 49: finished (55ms, 8cycles)
Mon Mar 31 01:07:53 CEST 2014: 49: Solution found.
Mon Mar 31 01:07:53 CEST 2014: 50: finished (126ms, 19cycles)
Mon Mar 31 01:07:53 CEST 2014: 50: Solution found.
Mon Mar 31 01:07:53 CEST 2014: 51: finished (202ms, 31cycles)
Mon Mar 31 01:07:53 CEST 2014: 51: Solution found.
Mon Mar 31 01:07:56 CEST 2014: 52: finished (2947ms, 500cycles)
Mon Mar 31 01:07:56 CEST 2014: 52: No solution found.
Mon Mar 31 01:07:56 CEST 2014: 53: finished (142ms, 19cycles)
Mon Mar 31 01:07:56 CEST 2014: 53: Solution found.
Mon Mar 31 01:07:57 CEST 2014: 54: finished (90ms, 13cycles)
Mon Mar 31 01:07:57 CEST 2014: 54: Solution found.
Mon Mar 31 01:07:57 CEST 2014: 55: finished (120ms, 17cycles)
Mon Mar 31 01:07:57 CEST 2014: 55: Solution found.
Mon Mar 31 01:07:57 CEST 2014: 56: finished (25ms, 3cycles)
Mon Mar 31 01:07:57 CEST 2014: 56: Solution found.
Mon Mar 31 01:08:00 CEST 2014: 57: finished (2936ms, 500cycles)
Mon Mar 31 01:08:00 CEST 2014: 57: No solution found.
Mon Mar 31 01:08:00 CEST 2014: 58: finished (50ms, 6cycles)
Mon Mar 31 01:08:00 CEST 2014: 58: Solution found.
Mon Mar 31 01:08:03 CEST 2014: 59: finished (3014ms, 500cycles)
Mon Mar 31 01:08:03 CEST 2014: 59: No solution found.
Mon Mar 31 01:08:03 CEST 2014: 60: finished (157ms, 21cycles)
Mon Mar 31 01:08:03 CEST 2014: 60: Solution found.
Mon Mar 31 01:08:03 CEST 2014: 61: finished (90ms, 13cycles)
Mon Mar 31 01:08:03 CEST 2014: 61: Solution found.
Mon Mar 31 01:08:06 CEST 2014: 62: finished (2932ms, 500cycles)
Mon Mar 31 01:08:06 CEST 2014: 62: No solution found.
Mon Mar 31 01:08:06 CEST 2014: 63: finished (69ms, 10cycles)
Mon Mar 31 01:08:06 CEST 2014: 63: Solution found.
Mon Mar 31 01:08:09 CEST 2014: 64: finished (2939ms, 500cycles)
Mon Mar 31 01:08:09 CEST 2014: 64: No solution found.
Mon Mar 31 01:08:09 CEST 2014: 65: finished (56ms, 8cycles)
Mon Mar 31 01:08:09 CEST 2014: 65: Solution found.
Mon Mar 31 01:08:09 CEST 2014: 66: finished (58ms, 8cycles)
Mon Mar 31 01:08:09 CEST 2014: 66: Solution found.
Mon Mar 31 01:08:09 CEST 2014: 67: finished (77ms, 11cycles)
Mon Mar 31 01:08:09 CEST 2014: 67: Solution found.
Mon Mar 31 01:08:09 CEST 2014: 68: finished (238ms, 35cycles)
Mon Mar 31 01:08:09 CEST 2014: 68: Solution found.
Mon Mar 31 01:08:12 CEST 2014: 69: finished (3005ms, 500cycles)
Mon Mar 31 01:08:12 CEST 2014: 69: No solution found.
Mon Mar 31 01:08:15 CEST 2014: 70: finished (2968ms, 500cycles)
Mon Mar 31 01:08:15 CEST 2014: 70: No solution found.
Mon Mar 31 01:08:15 CEST 2014: 71: finished (132ms, 19cycles)
Mon Mar 31 01:08:15 CEST 2014: 71: Solution found.
Mon Mar 31 01:08:19 CEST 2014: 72: finished (3382ms, 500cycles)
Mon Mar 31 01:08:19 CEST 2014: 72: No solution found.
Mon Mar 31 01:08:19 CEST 2014: 73: finished (149ms, 22cycles)
Mon Mar 31 01:08:19 CEST 2014: 73: Solution found.
Mon Mar 31 01:08:19 CEST 2014: 74: finished (112ms, 16cycles)
Mon Mar 31 01:08:19 CEST 2014: 74: Solution found.
Mon Mar 31 01:08:19 CEST 2014: 75: finished (86ms, 12cycles)
Mon Mar 31 01:08:19 CEST 2014: 75: Solution found.
Mon Mar 31 01:08:19 CEST 2014: 76: finished (95ms, 13cycles)
Mon Mar 31 01:08:19 CEST 2014: 76: Solution found.
Mon Mar 31 01:08:19 CEST 2014: 77: finished (44ms, 6cycles)
Mon Mar 31 01:08:19 CEST 2014: 77: Solution found.
Mon Mar 31 01:08:22 CEST 2014: 78: finished (2957ms, 500cycles)
Mon Mar 31 01:08:22 CEST 2014: 78: No solution found.
Mon Mar 31 01:08:25 CEST 2014: 79: finished (2994ms, 500cycles)
Mon Mar 31 01:08:25 CEST 2014: 79: No solution found.
Mon Mar 31 01:08:28 CEST 2014: 80: finished (3002ms, 500cycles)
Mon Mar 31 01:08:28 CEST 2014: 80: No solution found.
Mon Mar 31 01:08:28 CEST 2014: 81: finished (41ms, 6cycles)
Mon Mar 31 01:08:28 CEST 2014: 81: Solution found.
Mon Mar 31 01:08:31 CEST 2014: 82: finished (2945ms, 500cycles)
Mon Mar 31 01:08:31 CEST 2014: 82: No solution found.
Mon Mar 31 01:08:35 CEST 2014: 83: finished (3812ms, 500cycles)
Mon Mar 31 01:08:35 CEST 2014: 83: No solution found.
Mon Mar 31 01:08:40 CEST 2014: 84: finished (5033ms, 500cycles)
Mon Mar 31 01:08:40 CEST 2014: 84: No solution found.
Mon Mar 31 01:08:40 CEST 2014: 85: finished (92ms, 13cycles)
Mon Mar 31 01:08:40 CEST 2014: 85: Solution found.
Mon Mar 31 01:08:40 CEST 2014: 86: finished (82ms, 12cycles)
Mon Mar 31 01:08:40 CEST 2014: 86: Solution found.
Mon Mar 31 01:08:40 CEST 2014: 87: finished (122ms, 18cycles)
Mon Mar 31 01:08:40 CEST 2014: 87: Solution found.
Mon Mar 31 01:08:43 CEST 2014: 88: finished (2940ms, 500cycles)
Mon Mar 31 01:08:43 CEST 2014: 88: No solution found.
Mon Mar 31 01:08:43 CEST 2014: 89: finished (97ms, 13cycles)
Mon Mar 31 01:08:43 CEST 2014: 89: Solution found.
Mon Mar 31 01:08:46 CEST 2014: 90: finished (2980ms, 500cycles)
Mon Mar 31 01:08:46 CEST 2014: 90: No solution found.
Mon Mar 31 01:08:49 CEST 2014: 91: finished (2994ms, 500cycles)
Mon Mar 31 01:08:49 CEST 2014: 91: No solution found.
Mon Mar 31 01:08:50 CEST 2014: 92: finished (378ms, 55cycles)
Mon Mar 31 01:08:50 CEST 2014: 92: Solution found.
Mon Mar 31 01:08:50 CEST 2014: 93: finished (58ms, 8cycles)
Mon Mar 31 01:08:50 CEST 2014: 93: Solution found.
Mon Mar 31 01:08:50 CEST 2014: 94: finished (136ms, 20cycles)
Mon Mar 31 01:08:50 CEST 2014: 94: Solution found.
Mon Mar 31 01:08:50 CEST 2014: 95: finished (185ms, 28cycles)
Mon Mar 31 01:08:50 CEST 2014: 95: Solution found.
Mon Mar 31 01:08:50 CEST 2014: 96: finished (142ms, 19cycles)
Mon Mar 31 01:08:50 CEST 2014: 96: Solution found.
Mon Mar 31 01:08:50 CEST 2014: 97: finished (89ms, 13cycles)
Mon Mar 31 01:08:50 CEST 2014: 97: Solution found.
Mon Mar 31 01:08:51 CEST 2014: 98: finished (211ms, 32cycles)
Mon Mar 31 01:08:51 CEST 2014: 98: Solution found.
Mon Mar 31 01:08:51 CEST 2014: 99: finished (178ms, 26cycles)
Mon Mar 31 01:08:51 CEST 2014: 99: Solution found.
Mon Mar 31 01:08:51 CEST 2014: Solution Found: 62
Mon Mar 31 01:08:51 CEST 2014: Avg cycles: 17
Mon Mar 31 01:08:51 CEST 2014: Max cycles: 85
Mon Mar 31 01:08:51 CEST 2014: Min cycles: 3
Mon Mar 31 01:08:51 CEST 2014: No solution found: 38
Mon Mar 31 01:08:51 CEST 2014: logging finished. (runtime: 126713ms)
