Sun Jan 26 03:26:47 CET 2014: Problem Count: 200
Sun Jan 26 03:26:47 CET 2014: CandidatesCount: 100
Sun Jan 26 03:26:47 CET 2014: Max Cycles: 500
Sun Jan 26 03:26:48 CET 2014: 0: finished (196ms, 14cycles)
Sun Jan 26 03:26:48 CET 2014: 0: Solution found.
Sun Jan 26 03:26:48 CET 2014: 1: finished (206ms, 15cycles)
Sun Jan 26 03:26:48 CET 2014: 1: Solution found.
Sun Jan 26 03:26:48 CET 2014: 2: finished (265ms, 21cycles)
Sun Jan 26 03:26:48 CET 2014: 2: Solution found.
Sun Jan 26 03:26:48 CET 2014: 3: finished (360ms, 26cycles)
Sun Jan 26 03:26:48 CET 2014: 3: Solution found.
Sun Jan 26 03:26:54 CET 2014: 4: finished (5645ms, 500cycles)
Sun Jan 26 03:26:54 CET 2014: 4: No solution found.
Sun Jan 26 03:26:54 CET 2014: 5: finished (380ms, 29cycles)
Sun Jan 26 03:26:54 CET 2014: 5: Solution found.
Sun Jan 26 03:27:04 CET 2014: 6: finished (9578ms, 500cycles)
Sun Jan 26 03:27:04 CET 2014: 6: No solution found.
Sun Jan 26 03:27:09 CET 2014: 7: finished (5446ms, 500cycles)
Sun Jan 26 03:27:09 CET 2014: 7: No solution found.
Sun Jan 26 03:27:10 CET 2014: 8: finished (230ms, 18cycles)
Sun Jan 26 03:27:10 CET 2014: 8: Solution found.
Sun Jan 26 03:27:10 CET 2014: 9: finished (822ms, 64cycles)
Sun Jan 26 03:27:10 CET 2014: 9: Solution found.
Sun Jan 26 03:27:11 CET 2014: 10: finished (511ms, 40cycles)
Sun Jan 26 03:27:11 CET 2014: 10: Solution found.
Sun Jan 26 03:27:21 CET 2014: 11: finished (9938ms, 500cycles)
Sun Jan 26 03:27:21 CET 2014: 11: No solution found.
Sun Jan 26 03:27:21 CET 2014: 12: finished (85ms, 6cycles)
Sun Jan 26 03:27:21 CET 2014: 12: Solution found.
Sun Jan 26 03:27:27 CET 2014: 13: finished (5670ms, 500cycles)
Sun Jan 26 03:27:27 CET 2014: 13: No solution found.
Sun Jan 26 03:27:28 CET 2014: 14: finished (996ms, 30cycles)
Sun Jan 26 03:27:28 CET 2014: 14: Solution found.
Sun Jan 26 03:27:28 CET 2014: 15: finished (403ms, 11cycles)
Sun Jan 26 03:27:28 CET 2014: 15: Solution found.
Sun Jan 26 03:27:28 CET 2014: 16: finished (146ms, 3cycles)
Sun Jan 26 03:27:28 CET 2014: 16: Solution found.
Sun Jan 26 03:27:29 CET 2014: 17: finished (768ms, 15cycles)
Sun Jan 26 03:27:29 CET 2014: 17: Solution found.
Sun Jan 26 03:27:30 CET 2014: 18: finished (1051ms, 21cycles)
Sun Jan 26 03:27:30 CET 2014: 18: Solution found.
Sun Jan 26 03:27:33 CET 2014: 19: finished (3117ms, 65cycles)
Sun Jan 26 03:27:33 CET 2014: 19: Solution found.
Sun Jan 26 03:27:34 CET 2014: 20: finished (1356ms, 35cycles)
Sun Jan 26 03:27:34 CET 2014: 20: Solution found.
Sun Jan 26 03:27:50 CET 2014: 21: finished (15753ms, 500cycles)
Sun Jan 26 03:27:50 CET 2014: 21: No solution found.
Sun Jan 26 03:27:51 CET 2014: 22: finished (1027ms, 28cycles)
Sun Jan 26 03:27:51 CET 2014: 22: Solution found.
Sun Jan 26 03:27:52 CET 2014: 23: finished (955ms, 25cycles)
Sun Jan 26 03:27:52 CET 2014: 23: Solution found.
Sun Jan 26 03:28:08 CET 2014: 24: finished (15742ms, 500cycles)
Sun Jan 26 03:28:08 CET 2014: 24: No solution found.
Sun Jan 26 03:28:24 CET 2014: 25: finished (15799ms, 500cycles)
Sun Jan 26 03:28:24 CET 2014: 25: No solution found.
Sun Jan 26 03:28:24 CET 2014: 26: finished (389ms, 10cycles)
Sun Jan 26 03:28:24 CET 2014: 26: Solution found.
Sun Jan 26 03:28:25 CET 2014: 27: finished (728ms, 18cycles)
Sun Jan 26 03:28:25 CET 2014: 27: Solution found.
Sun Jan 26 03:28:26 CET 2014: 28: finished (926ms, 25cycles)
Sun Jan 26 03:28:26 CET 2014: 28: Solution found.
Sun Jan 26 03:28:27 CET 2014: 29: finished (801ms, 22cycles)
Sun Jan 26 03:28:27 CET 2014: 29: Solution found.
Sun Jan 26 03:28:28 CET 2014: 30: finished (1197ms, 31cycles)
Sun Jan 26 03:28:28 CET 2014: 30: Solution found.
Sun Jan 26 03:28:43 CET 2014: 31: finished (14771ms, 500cycles)
Sun Jan 26 03:28:43 CET 2014: 31: No solution found.
Sun Jan 26 03:28:43 CET 2014: 32: finished (433ms, 12cycles)
Sun Jan 26 03:28:43 CET 2014: 32: Solution found.
Sun Jan 26 03:28:43 CET 2014: 33: finished (219ms, 6cycles)
Sun Jan 26 03:28:43 CET 2014: 33: Solution found.
Sun Jan 26 03:28:44 CET 2014: 34: finished (628ms, 19cycles)
Sun Jan 26 03:28:44 CET 2014: 34: Solution found.
Sun Jan 26 03:29:00 CET 2014: 35: finished (15698ms, 500cycles)
Sun Jan 26 03:29:00 CET 2014: 35: No solution found.
Sun Jan 26 03:29:01 CET 2014: 36: finished (948ms, 25cycles)
Sun Jan 26 03:29:01 CET 2014: 36: Solution found.
Sun Jan 26 03:29:01 CET 2014: 37: finished (558ms, 16cycles)
Sun Jan 26 03:29:01 CET 2014: 37: Solution found.
Sun Jan 26 03:29:02 CET 2014: 38: finished (572ms, 15cycles)
Sun Jan 26 03:29:02 CET 2014: 38: Solution found.
Sun Jan 26 03:29:16 CET 2014: 39: finished (14285ms, 500cycles)
Sun Jan 26 03:29:16 CET 2014: 39: No solution found.
Sun Jan 26 03:29:17 CET 2014: 40: finished (597ms, 19cycles)
Sun Jan 26 03:29:17 CET 2014: 40: Solution found.
Sun Jan 26 03:29:17 CET 2014: 41: finished (425ms, 12cycles)
Sun Jan 26 03:29:17 CET 2014: 41: Solution found.
Sun Jan 26 03:29:17 CET 2014: 42: finished (230ms, 7cycles)
Sun Jan 26 03:29:17 CET 2014: 42: Solution found.
Sun Jan 26 03:29:17 CET 2014: 43: finished (304ms, 9cycles)
Sun Jan 26 03:29:17 CET 2014: 43: Solution found.
Sun Jan 26 03:29:18 CET 2014: 44: finished (184ms, 5cycles)
Sun Jan 26 03:29:18 CET 2014: 44: Solution found.
Sun Jan 26 03:29:18 CET 2014: 45: finished (202ms, 6cycles)
Sun Jan 26 03:29:18 CET 2014: 45: Solution found.
Sun Jan 26 03:29:18 CET 2014: 46: finished (174ms, 5cycles)
Sun Jan 26 03:29:18 CET 2014: 46: Solution found.
Sun Jan 26 03:29:19 CET 2014: 47: finished (854ms, 28cycles)
Sun Jan 26 03:29:19 CET 2014: 47: Solution found.
Sun Jan 26 03:29:19 CET 2014: 48: finished (545ms, 18cycles)
Sun Jan 26 03:29:19 CET 2014: 48: Solution found.
Sun Jan 26 03:29:20 CET 2014: 49: finished (488ms, 16cycles)
Sun Jan 26 03:29:20 CET 2014: 49: Solution found.
Sun Jan 26 03:29:20 CET 2014: 50: finished (272ms, 8cycles)
Sun Jan 26 03:29:20 CET 2014: 50: Solution found.
Sun Jan 26 03:29:21 CET 2014: 51: finished (819ms, 26cycles)
Sun Jan 26 03:29:21 CET 2014: 51: Solution found.
Sun Jan 26 03:29:22 CET 2014: 52: finished (846ms, 27cycles)
Sun Jan 26 03:29:22 CET 2014: 52: Solution found.
Sun Jan 26 03:29:22 CET 2014: 53: finished (392ms, 12cycles)
Sun Jan 26 03:29:22 CET 2014: 53: Solution found.
Sun Jan 26 03:29:34 CET 2014: 54: finished (11953ms, 500cycles)
Sun Jan 26 03:29:34 CET 2014: 54: No solution found.
Sun Jan 26 03:29:35 CET 2014: 55: finished (308ms, 24cycles)
Sun Jan 26 03:29:35 CET 2014: 55: Solution found.
Sun Jan 26 03:29:35 CET 2014: 56: finished (146ms, 11cycles)
Sun Jan 26 03:29:35 CET 2014: 56: Solution found.
Sun Jan 26 03:29:40 CET 2014: 57: finished (5410ms, 500cycles)
Sun Jan 26 03:29:40 CET 2014: 57: No solution found.
Sun Jan 26 03:29:41 CET 2014: 58: finished (458ms, 36cycles)
Sun Jan 26 03:29:41 CET 2014: 58: Solution found.
Sun Jan 26 03:29:41 CET 2014: 59: finished (243ms, 16cycles)
Sun Jan 26 03:29:41 CET 2014: 59: Solution found.
Sun Jan 26 03:29:41 CET 2014: 60: finished (374ms, 29cycles)
Sun Jan 26 03:29:41 CET 2014: 60: Solution found.
Sun Jan 26 03:29:41 CET 2014: 61: finished (114ms, 8cycles)
Sun Jan 26 03:29:41 CET 2014: 61: Solution found.
Sun Jan 26 03:29:41 CET 2014: 62: finished (91ms, 7cycles)
Sun Jan 26 03:29:41 CET 2014: 62: Solution found.
Sun Jan 26 03:29:42 CET 2014: 63: finished (239ms, 19cycles)
Sun Jan 26 03:29:42 CET 2014: 63: Solution found.
Sun Jan 26 03:29:42 CET 2014: 64: finished (257ms, 20cycles)
Sun Jan 26 03:29:42 CET 2014: 64: Solution found.
Sun Jan 26 03:29:47 CET 2014: 65: finished (5434ms, 500cycles)
Sun Jan 26 03:29:47 CET 2014: 65: No solution found.
Sun Jan 26 03:29:47 CET 2014: 66: finished (127ms, 9cycles)
Sun Jan 26 03:29:47 CET 2014: 66: Solution found.
Sun Jan 26 03:29:48 CET 2014: 67: finished (159ms, 12cycles)
Sun Jan 26 03:29:48 CET 2014: 67: Solution found.
Sun Jan 26 03:29:48 CET 2014: 68: finished (303ms, 24cycles)
Sun Jan 26 03:29:48 CET 2014: 68: Solution found.
Sun Jan 26 03:29:48 CET 2014: 69: finished (419ms, 33cycles)
Sun Jan 26 03:29:48 CET 2014: 69: Solution found.
Sun Jan 26 03:29:49 CET 2014: 70: finished (220ms, 17cycles)
Sun Jan 26 03:29:49 CET 2014: 70: Solution found.
Sun Jan 26 03:29:54 CET 2014: 71: finished (5455ms, 500cycles)
Sun Jan 26 03:29:54 CET 2014: 71: No solution found.
Sun Jan 26 03:29:59 CET 2014: 72: finished (5498ms, 500cycles)
Sun Jan 26 03:29:59 CET 2014: 72: No solution found.
Sun Jan 26 03:30:00 CET 2014: 73: finished (295ms, 25cycles)
Sun Jan 26 03:30:00 CET 2014: 73: Solution found.
Sun Jan 26 03:30:00 CET 2014: 74: finished (78ms, 6cycles)
Sun Jan 26 03:30:00 CET 2014: 74: Solution found.
Sun Jan 26 03:30:00 CET 2014: 75: finished (68ms, 5cycles)
Sun Jan 26 03:30:00 CET 2014: 75: Solution found.
Sun Jan 26 03:30:09 CET 2014: 76: finished (9273ms, 500cycles)
Sun Jan 26 03:30:09 CET 2014: 76: No solution found.
Sun Jan 26 03:30:09 CET 2014: 77: finished (90ms, 7cycles)
Sun Jan 26 03:30:09 CET 2014: 77: Solution found.
Sun Jan 26 03:30:10 CET 2014: 78: finished (254ms, 20cycles)
Sun Jan 26 03:30:10 CET 2014: 78: Solution found.
Sun Jan 26 03:30:10 CET 2014: 79: finished (154ms, 11cycles)
Sun Jan 26 03:30:10 CET 2014: 79: Solution found.
Sun Jan 26 03:30:15 CET 2014: 80: finished (5452ms, 500cycles)
Sun Jan 26 03:30:15 CET 2014: 80: No solution found.
Sun Jan 26 03:30:15 CET 2014: 81: finished (99ms, 8cycles)
Sun Jan 26 03:30:15 CET 2014: 81: Solution found.
Sun Jan 26 03:30:23 CET 2014: 82: finished (8200ms, 500cycles)
Sun Jan 26 03:30:23 CET 2014: 82: No solution found.
Sun Jan 26 03:30:23 CET 2014: 83: finished (37ms, 2cycles)
Sun Jan 26 03:30:23 CET 2014: 83: Solution found.
Sun Jan 26 03:30:24 CET 2014: 84: finished (300ms, 24cycles)
Sun Jan 26 03:30:24 CET 2014: 84: Solution found.
Sun Jan 26 03:30:24 CET 2014: 85: finished (219ms, 17cycles)
Sun Jan 26 03:30:24 CET 2014: 85: Solution found.
Sun Jan 26 03:30:24 CET 2014: 86: finished (186ms, 14cycles)
Sun Jan 26 03:30:24 CET 2014: 86: Solution found.
Sun Jan 26 03:30:30 CET 2014: 87: finished (5435ms, 500cycles)
Sun Jan 26 03:30:30 CET 2014: 87: No solution found.
Sun Jan 26 03:30:30 CET 2014: 88: finished (133ms, 10cycles)
Sun Jan 26 03:30:30 CET 2014: 88: Solution found.
Sun Jan 26 03:30:39 CET 2014: 89: finished (9514ms, 500cycles)
Sun Jan 26 03:30:39 CET 2014: 89: No solution found.
Sun Jan 26 03:30:45 CET 2014: 90: finished (5465ms, 500cycles)
Sun Jan 26 03:30:45 CET 2014: 90: No solution found.
Sun Jan 26 03:30:45 CET 2014: 91: finished (280ms, 19cycles)
Sun Jan 26 03:30:45 CET 2014: 91: Solution found.
Sun Jan 26 03:30:45 CET 2014: 92: finished (436ms, 35cycles)
Sun Jan 26 03:30:45 CET 2014: 92: Solution found.
Sun Jan 26 03:30:46 CET 2014: 93: finished (107ms, 8cycles)
Sun Jan 26 03:30:46 CET 2014: 93: Solution found.
Sun Jan 26 03:30:46 CET 2014: 94: finished (343ms, 27cycles)
Sun Jan 26 03:30:46 CET 2014: 94: Solution found.
Sun Jan 26 03:30:46 CET 2014: 95: finished (241ms, 19cycles)
Sun Jan 26 03:30:46 CET 2014: 95: Solution found.
Sun Jan 26 03:30:46 CET 2014: 96: finished (303ms, 18cycles)
Sun Jan 26 03:30:46 CET 2014: 96: Solution found.
Sun Jan 26 03:30:47 CET 2014: 97: finished (116ms, 9cycles)
Sun Jan 26 03:30:47 CET 2014: 97: Solution found.
Sun Jan 26 03:30:47 CET 2014: 98: finished (434ms, 34cycles)
Sun Jan 26 03:30:47 CET 2014: 98: Solution found.
Sun Jan 26 03:30:47 CET 2014: 99: finished (220ms, 10cycles)
Sun Jan 26 03:30:47 CET 2014: 99: Solution found.
Sun Jan 26 03:30:47 CET 2014: Solution Found: 78
Sun Jan 26 03:30:47 CET 2014: Avg cycles: 18
Sun Jan 26 03:30:47 CET 2014: Max cycles: 65
Sun Jan 26 03:30:47 CET 2014: Min cycles: 2
Sun Jan 26 03:30:47 CET 2014: No solution found: 22
Sun Jan 26 03:30:47 CET 2014: logging finished. (runtime: 239910ms)
