Sat Mar 29 23:32:39 CET 2014: Problem Count: 50
Sat Mar 29 23:32:39 CET 2014: CandidatesCount: 150
Sat Mar 29 23:32:39 CET 2014: Max Cycles: 500
Sat Mar 29 23:32:40 CET 2014: 0: finished (839ms, 500cycles)
Sat Mar 29 23:32:40 CET 2014: 0: No solution found.
Sat Mar 29 23:32:40 CET 2014: 1: finished (58ms, 26cycles)
Sat Mar 29 23:32:40 CET 2014: 1: Solution found.
Sat Mar 29 23:32:40 CET 2014: 2: finished (15ms, 7cycles)
Sat Mar 29 23:32:40 CET 2014: 2: Solution found.
Sat Mar 29 23:32:41 CET 2014: 3: finished (863ms, 500cycles)
Sat Mar 29 23:32:41 CET 2014: 3: No solution found.
Sat Mar 29 23:32:41 CET 2014: 4: finished (18ms, 9cycles)
Sat Mar 29 23:32:41 CET 2014: 4: Solution found.
Sat Mar 29 23:32:42 CET 2014: 5: finished (852ms, 500cycles)
Sat Mar 29 23:32:42 CET 2014: 5: No solution found.
Sat Mar 29 23:32:42 CET 2014: 6: finished (14ms, 6cycles)
Sat Mar 29 23:32:42 CET 2014: 6: Solution found.
Sat Mar 29 23:32:42 CET 2014: 7: finished (25ms, 13cycles)
Sat Mar 29 23:32:42 CET 2014: 7: Solution found.
Sat Mar 29 23:32:42 CET 2014: 8: finished (31ms, 16cycles)
Sat Mar 29 23:32:42 CET 2014: 8: Solution found.
Sat Mar 29 23:32:43 CET 2014: 9: finished (826ms, 500cycles)
Sat Mar 29 23:32:43 CET 2014: 9: No solution found.
Sat Mar 29 23:32:43 CET 2014: 10: finished (19ms, 10cycles)
Sat Mar 29 23:32:43 CET 2014: 10: Solution found.
Sat Mar 29 23:32:43 CET 2014: 11: finished (49ms, 26cycles)
Sat Mar 29 23:32:43 CET 2014: 11: Solution found.
Sat Mar 29 23:32:43 CET 2014: 12: finished (29ms, 15cycles)
Sat Mar 29 23:32:43 CET 2014: 12: Solution found.
Sat Mar 29 23:32:44 CET 2014: 13: finished (822ms, 500cycles)
Sat Mar 29 23:32:44 CET 2014: 13: No solution found.
Sat Mar 29 23:32:44 CET 2014: 14: finished (49ms, 25cycles)
Sat Mar 29 23:32:44 CET 2014: 14: Solution found.
Sat Mar 29 23:32:45 CET 2014: 15: finished (835ms, 500cycles)
Sat Mar 29 23:32:45 CET 2014: 15: No solution found.
Sat Mar 29 23:32:46 CET 2014: 16: finished (825ms, 500cycles)
Sat Mar 29 23:32:46 CET 2014: 16: No solution found.
Sat Mar 29 23:32:46 CET 2014: 17: finished (11ms, 5cycles)
Sat Mar 29 23:32:46 CET 2014: 17: Solution found.
Sat Mar 29 23:32:46 CET 2014: 18: finished (28ms, 14cycles)
Sat Mar 29 23:32:46 CET 2014: 18: Solution found.
Sat Mar 29 23:32:46 CET 2014: 19: finished (31ms, 16cycles)
Sat Mar 29 23:32:46 CET 2014: 19: Solution found.
Sat Mar 29 23:32:46 CET 2014: 20: finished (47ms, 20cycles)
Sat Mar 29 23:32:46 CET 2014: 20: Solution found.
Sat Mar 29 23:32:46 CET 2014: 21: finished (39ms, 21cycles)
Sat Mar 29 23:32:46 CET 2014: 21: Solution found.
Sat Mar 29 23:32:46 CET 2014: 22: finished (58ms, 31cycles)
Sat Mar 29 23:32:46 CET 2014: 22: Solution found.
Sat Mar 29 23:32:47 CET 2014: 23: finished (834ms, 500cycles)
Sat Mar 29 23:32:47 CET 2014: 23: No solution found.
Sat Mar 29 23:32:48 CET 2014: 24: finished (850ms, 500cycles)
Sat Mar 29 23:32:48 CET 2014: 24: No solution found.
Sat Mar 29 23:32:48 CET 2014: 25: finished (48ms, 26cycles)
Sat Mar 29 23:32:48 CET 2014: 25: Solution found.
Sat Mar 29 23:32:48 CET 2014: 26: finished (53ms, 28cycles)
Sat Mar 29 23:32:48 CET 2014: 26: Solution found.
Sat Mar 29 23:32:48 CET 2014: 27: finished (55ms, 25cycles)
Sat Mar 29 23:32:48 CET 2014: 27: Solution found.
Sat Mar 29 23:32:48 CET 2014: 28: finished (20ms, 10cycles)
Sat Mar 29 23:32:48 CET 2014: 28: Solution found.
Sat Mar 29 23:32:48 CET 2014: 29: finished (37ms, 20cycles)
Sat Mar 29 23:32:48 CET 2014: 29: Solution found.
Sat Mar 29 23:32:49 CET 2014: 30: finished (813ms, 500cycles)
Sat Mar 29 23:32:49 CET 2014: 30: No solution found.
Sat Mar 29 23:32:49 CET 2014: 31: finished (46ms, 19cycles)
Sat Mar 29 23:32:49 CET 2014: 31: Solution found.
Sat Mar 29 23:32:49 CET 2014: 32: finished (88ms, 42cycles)
Sat Mar 29 23:32:49 CET 2014: 32: Solution found.
Sat Mar 29 23:32:50 CET 2014: 33: finished (874ms, 500cycles)
Sat Mar 29 23:32:50 CET 2014: 33: No solution found.
Sat Mar 29 23:32:50 CET 2014: 34: finished (35ms, 13cycles)
Sat Mar 29 23:32:50 CET 2014: 34: Solution found.
Sat Mar 29 23:32:50 CET 2014: 35: finished (13ms, 6cycles)
Sat Mar 29 23:32:50 CET 2014: 35: Solution found.
Sat Mar 29 23:32:50 CET 2014: 36: finished (23ms, 12cycles)
Sat Mar 29 23:32:50 CET 2014: 36: Solution found.
Sat Mar 29 23:32:50 CET 2014: 37: finished (26ms, 13cycles)
Sat Mar 29 23:32:50 CET 2014: 37: Solution found.
Sat Mar 29 23:32:50 CET 2014: 38: finished (73ms, 37cycles)
Sat Mar 29 23:32:50 CET 2014: 38: Solution found.
Sat Mar 29 23:32:51 CET 2014: 39: finished (845ms, 500cycles)
Sat Mar 29 23:32:51 CET 2014: 39: No solution found.
Sat Mar 29 23:32:51 CET 2014: 40: finished (27ms, 14cycles)
Sat Mar 29 23:32:51 CET 2014: 40: Solution found.
Sat Mar 29 23:32:51 CET 2014: 41: finished (827ms, 500cycles)
Sat Mar 29 23:32:51 CET 2014: 41: No solution found.
Sat Mar 29 23:32:51 CET 2014: 42: finished (13ms, 6cycles)
Sat Mar 29 23:32:51 CET 2014: 42: Solution found.
Sat Mar 29 23:32:51 CET 2014: 43: finished (50ms, 25cycles)
Sat Mar 29 23:32:51 CET 2014: 43: Solution found.
Sat Mar 29 23:32:52 CET 2014: 44: finished (95ms, 52cycles)
Sat Mar 29 23:32:52 CET 2014: 44: Solution found.
Sat Mar 29 23:32:52 CET 2014: 45: finished (815ms, 500cycles)
Sat Mar 29 23:32:52 CET 2014: 45: No solution found.
Sat Mar 29 23:32:52 CET 2014: 46: finished (19ms, 9cycles)
Sat Mar 29 23:32:52 CET 2014: 46: Solution found.
Sat Mar 29 23:32:52 CET 2014: 47: finished (16ms, 8cycles)
Sat Mar 29 23:32:52 CET 2014: 47: Solution found.
Sat Mar 29 23:32:52 CET 2014: 48: finished (68ms, 36cycles)
Sat Mar 29 23:32:52 CET 2014: 48: Solution found.
Sat Mar 29 23:32:53 CET 2014: 49: finished (49ms, 26cycles)
Sat Mar 29 23:32:53 CET 2014: 49: Solution found.
Sat Mar 29 23:32:53 CET 2014: 50: finished (819ms, 500cycles)
Sat Mar 29 23:32:53 CET 2014: 50: No solution found.
Sat Mar 29 23:32:53 CET 2014: 51: finished (24ms, 13cycles)
Sat Mar 29 23:32:53 CET 2014: 51: Solution found.
Sat Mar 29 23:32:53 CET 2014: 52: finished (48ms, 26cycles)
Sat Mar 29 23:32:53 CET 2014: 52: Solution found.
Sat Mar 29 23:32:53 CET 2014: 53: finished (29ms, 14cycles)
Sat Mar 29 23:32:53 CET 2014: 53: Solution found.
Sat Mar 29 23:32:53 CET 2014: 54: finished (25ms, 10cycles)
Sat Mar 29 23:32:53 CET 2014: 54: Solution found.
Sat Mar 29 23:32:54 CET 2014: 55: finished (123ms, 62cycles)
Sat Mar 29 23:32:54 CET 2014: 55: Solution found.
Sat Mar 29 23:32:54 CET 2014: 56: finished (36ms, 17cycles)
Sat Mar 29 23:32:54 CET 2014: 56: Solution found.
Sat Mar 29 23:32:54 CET 2014: 57: finished (41ms, 20cycles)
Sat Mar 29 23:32:54 CET 2014: 57: Solution found.
Sat Mar 29 23:32:54 CET 2014: 58: finished (29ms, 7cycles)
Sat Mar 29 23:32:54 CET 2014: 58: Solution found.
Sat Mar 29 23:32:54 CET 2014: 59: finished (42ms, 23cycles)
Sat Mar 29 23:32:54 CET 2014: 59: Solution found.
Sat Mar 29 23:32:54 CET 2014: 60: finished (45ms, 24cycles)
Sat Mar 29 23:32:54 CET 2014: 60: Solution found.
Sat Mar 29 23:32:54 CET 2014: 61: finished (24ms, 12cycles)
Sat Mar 29 23:32:54 CET 2014: 61: Solution found.
Sat Mar 29 23:32:54 CET 2014: 62: finished (25ms, 8cycles)
Sat Mar 29 23:32:54 CET 2014: 62: Solution found.
Sat Mar 29 23:32:54 CET 2014: 63: finished (24ms, 12cycles)
Sat Mar 29 23:32:54 CET 2014: 63: Solution found.
Sat Mar 29 23:32:55 CET 2014: 64: finished (820ms, 500cycles)
Sat Mar 29 23:32:55 CET 2014: 64: No solution found.
Sat Mar 29 23:32:56 CET 2014: 65: finished (833ms, 500cycles)
Sat Mar 29 23:32:56 CET 2014: 65: No solution found.
Sat Mar 29 23:32:56 CET 2014: 66: finished (20ms, 10cycles)
Sat Mar 29 23:32:56 CET 2014: 66: Solution found.
Sat Mar 29 23:32:56 CET 2014: 67: finished (27ms, 14cycles)
Sat Mar 29 23:32:56 CET 2014: 67: Solution found.
Sat Mar 29 23:32:56 CET 2014: 68: finished (43ms, 19cycles)
Sat Mar 29 23:32:56 CET 2014: 68: Solution found.
Sat Mar 29 23:32:56 CET 2014: 69: finished (21ms, 11cycles)
Sat Mar 29 23:32:56 CET 2014: 69: Solution found.
Sat Mar 29 23:32:56 CET 2014: 70: finished (35ms, 19cycles)
Sat Mar 29 23:32:56 CET 2014: 70: Solution found.
Sat Mar 29 23:32:56 CET 2014: 71: finished (20ms, 6cycles)
Sat Mar 29 23:32:56 CET 2014: 71: Solution found.
Sat Mar 29 23:32:56 CET 2014: 72: finished (19ms, 10cycles)
Sat Mar 29 23:32:56 CET 2014: 72: Solution found.
Sat Mar 29 23:32:56 CET 2014: 73: finished (5ms, 2cycles)
Sat Mar 29 23:32:56 CET 2014: 73: Solution found.
Sat Mar 29 23:32:56 CET 2014: 74: finished (20ms, 10cycles)
Sat Mar 29 23:32:56 CET 2014: 74: Solution found.
Sat Mar 29 23:32:56 CET 2014: 75: finished (28ms, 13cycles)
Sat Mar 29 23:32:56 CET 2014: 75: Solution found.
Sat Mar 29 23:32:56 CET 2014: 76: finished (118ms, 66cycles)
Sat Mar 29 23:32:56 CET 2014: 76: Solution found.
Sat Mar 29 23:32:56 CET 2014: 77: finished (8ms, 3cycles)
Sat Mar 29 23:32:56 CET 2014: 77: Solution found.
Sat Mar 29 23:32:56 CET 2014: 78: finished (24ms, 12cycles)
Sat Mar 29 23:32:56 CET 2014: 78: Solution found.
Sat Mar 29 23:32:57 CET 2014: 79: finished (850ms, 500cycles)
Sat Mar 29 23:32:57 CET 2014: 79: No solution found.
Sat Mar 29 23:32:57 CET 2014: 80: finished (43ms, 23cycles)
Sat Mar 29 23:32:57 CET 2014: 80: Solution found.
Sat Mar 29 23:32:57 CET 2014: 81: finished (55ms, 21cycles)
Sat Mar 29 23:32:57 CET 2014: 81: Solution found.
Sat Mar 29 23:32:57 CET 2014: 82: finished (14ms, 6cycles)
Sat Mar 29 23:32:57 CET 2014: 82: Solution found.
Sat Mar 29 23:32:58 CET 2014: 83: finished (829ms, 500cycles)
Sat Mar 29 23:32:58 CET 2014: 83: No solution found.
Sat Mar 29 23:32:58 CET 2014: 84: finished (34ms, 18cycles)
Sat Mar 29 23:32:58 CET 2014: 84: Solution found.
Sat Mar 29 23:32:59 CET 2014: 85: finished (844ms, 500cycles)
Sat Mar 29 23:32:59 CET 2014: 85: No solution found.
Sat Mar 29 23:32:59 CET 2014: 86: finished (56ms, 26cycles)
Sat Mar 29 23:32:59 CET 2014: 86: Solution found.
Sat Mar 29 23:32:59 CET 2014: 87: finished (6ms, 2cycles)
Sat Mar 29 23:32:59 CET 2014: 87: Solution found.
Sat Mar 29 23:32:59 CET 2014: 88: finished (4ms, 1cycles)
Sat Mar 29 23:32:59 CET 2014: 88: Solution found.
Sat Mar 29 23:32:59 CET 2014: 89: finished (33ms, 18cycles)
Sat Mar 29 23:32:59 CET 2014: 89: Solution found.
Sat Mar 29 23:32:59 CET 2014: 90: finished (48ms, 21cycles)
Sat Mar 29 23:32:59 CET 2014: 90: Solution found.
Sat Mar 29 23:32:59 CET 2014: 91: finished (166ms, 94cycles)
Sat Mar 29 23:32:59 CET 2014: 91: Solution found.
Sat Mar 29 23:32:59 CET 2014: 92: finished (63ms, 29cycles)
Sat Mar 29 23:32:59 CET 2014: 92: Solution found.
Sat Mar 29 23:32:59 CET 2014: 93: finished (47ms, 22cycles)
Sat Mar 29 23:32:59 CET 2014: 93: Solution found.
Sat Mar 29 23:33:00 CET 2014: 94: finished (843ms, 500cycles)
Sat Mar 29 23:33:00 CET 2014: 94: No solution found.
Sat Mar 29 23:33:00 CET 2014: 95: finished (13ms, 4cycles)
Sat Mar 29 23:33:00 CET 2014: 95: Solution found.
Sat Mar 29 23:33:00 CET 2014: 96: finished (73ms, 38cycles)
Sat Mar 29 23:33:00 CET 2014: 96: Solution found.
Sat Mar 29 23:33:00 CET 2014: 97: finished (39ms, 19cycles)
Sat Mar 29 23:33:00 CET 2014: 97: Solution found.
Sat Mar 29 23:33:00 CET 2014: 98: finished (93ms, 48cycles)
Sat Mar 29 23:33:00 CET 2014: 98: Solution found.
Sat Mar 29 23:33:00 CET 2014: 99: finished (6ms, 2cycles)
Sat Mar 29 23:33:00 CET 2014: 99: Solution found.
Sat Mar 29 23:33:00 CET 2014: Solution Found: 79
Sat Mar 29 23:33:00 CET 2014: Avg cycles: 19
Sat Mar 29 23:33:00 CET 2014: Max cycles: 94
Sat Mar 29 23:33:00 CET 2014: Min cycles: 1
Sat Mar 29 23:33:00 CET 2014: No solution found: 21
Sat Mar 29 23:33:00 CET 2014: logging finished. (runtime: 20646ms)
