Sat Mar 29 22:38:27 CET 2014: Problem Count: 200
Sat Mar 29 22:38:27 CET 2014: CandidatesCount: 50
Sat Mar 29 22:38:27 CET 2014: Max Cycles: 500
Sat Mar 29 22:38:27 CET 2014: 0: finished (129ms, 21cycles)
Sat Mar 29 22:38:27 CET 2014: 0: Solution found.
Sat Mar 29 22:38:28 CET 2014: 1: finished (179ms, 29cycles)
Sat Mar 29 22:38:28 CET 2014: 1: Solution found.
Sat Mar 29 22:38:28 CET 2014: 2: finished (65ms, 10cycles)
Sat Mar 29 22:38:28 CET 2014: 2: Solution found.
Sat Mar 29 22:38:30 CET 2014: 3: finished (2605ms, 500cycles)
Sat Mar 29 22:38:30 CET 2014: 3: No solution found.
Sat Mar 29 22:38:30 CET 2014: 4: finished (171ms, 28cycles)
Sat Mar 29 22:38:30 CET 2014: 4: Solution found.
Sat Mar 29 22:38:33 CET 2014: 5: finished (2770ms, 500cycles)
Sat Mar 29 22:38:33 CET 2014: 5: No solution found.
Sat Mar 29 22:38:33 CET 2014: 6: finished (43ms, 6cycles)
Sat Mar 29 22:38:33 CET 2014: 6: Solution found.
Sat Mar 29 22:38:36 CET 2014: 7: finished (2689ms, 500cycles)
Sat Mar 29 22:38:36 CET 2014: 7: No solution found.
Sat Mar 29 22:38:36 CET 2014: 8: finished (198ms, 32cycles)
Sat Mar 29 22:38:36 CET 2014: 8: Solution found.
Sat Mar 29 22:38:36 CET 2014: 9: finished (57ms, 9cycles)
Sat Mar 29 22:38:36 CET 2014: 9: Solution found.
Sat Mar 29 22:38:39 CET 2014: 10: finished (2663ms, 500cycles)
Sat Mar 29 22:38:39 CET 2014: 10: No solution found.
Sat Mar 29 22:38:39 CET 2014: 11: finished (82ms, 13cycles)
Sat Mar 29 22:38:39 CET 2014: 11: Solution found.
Sat Mar 29 22:38:39 CET 2014: 12: finished (84ms, 13cycles)
Sat Mar 29 22:38:39 CET 2014: 12: Solution found.
Sat Mar 29 22:38:39 CET 2014: 13: finished (122ms, 20cycles)
Sat Mar 29 22:38:39 CET 2014: 13: Solution found.
Sat Mar 29 22:38:39 CET 2014: 14: finished (47ms, 8cycles)
Sat Mar 29 22:38:39 CET 2014: 14: Solution found.
Sat Mar 29 22:38:42 CET 2014: 15: finished (2709ms, 500cycles)
Sat Mar 29 22:38:42 CET 2014: 15: No solution found.
Sat Mar 29 22:38:42 CET 2014: 16: finished (32ms, 3cycles)
Sat Mar 29 22:38:42 CET 2014: 16: Solution found.
Sat Mar 29 22:38:45 CET 2014: 17: finished (2662ms, 500cycles)
Sat Mar 29 22:38:45 CET 2014: 17: No solution found.
Sat Mar 29 22:38:47 CET 2014: 18: finished (2614ms, 500cycles)
Sat Mar 29 22:38:47 CET 2014: 18: No solution found.
Sat Mar 29 22:38:47 CET 2014: 19: finished (187ms, 29cycles)
Sat Mar 29 22:38:47 CET 2014: 19: Solution found.
Sat Mar 29 22:38:50 CET 2014: 20: finished (2665ms, 500cycles)
Sat Mar 29 22:38:50 CET 2014: 20: No solution found.
Sat Mar 29 22:38:53 CET 2014: 21: finished (2718ms, 500cycles)
Sat Mar 29 22:38:53 CET 2014: 21: No solution found.
Sat Mar 29 22:38:55 CET 2014: 22: finished (2648ms, 500cycles)
Sat Mar 29 22:38:55 CET 2014: 22: No solution found.
Sat Mar 29 22:38:56 CET 2014: 23: finished (238ms, 36cycles)
Sat Mar 29 22:38:56 CET 2014: 23: Solution found.
Sat Mar 29 22:38:58 CET 2014: 24: finished (2716ms, 500cycles)
Sat Mar 29 22:38:58 CET 2014: 24: No solution found.
Sat Mar 29 22:38:58 CET 2014: 25: finished (130ms, 19cycles)
Sat Mar 29 22:38:58 CET 2014: 25: Solution found.
Sat Mar 29 22:39:01 CET 2014: 26: finished (2643ms, 500cycles)
Sat Mar 29 22:39:01 CET 2014: 26: No solution found.
Sat Mar 29 22:39:04 CET 2014: 27: finished (2708ms, 500cycles)
Sat Mar 29 22:39:04 CET 2014: 27: No solution found.
Sat Mar 29 22:39:04 CET 2014: 28: finished (38ms, 6cycles)
Sat Mar 29 22:39:04 CET 2014: 28: Solution found.
Sat Mar 29 22:39:07 CET 2014: 29: finished (2667ms, 500cycles)
Sat Mar 29 22:39:07 CET 2014: 29: No solution found.
Sat Mar 29 22:39:09 CET 2014: 30: finished (2658ms, 500cycles)
Sat Mar 29 22:39:09 CET 2014: 30: No solution found.
Sat Mar 29 22:39:09 CET 2014: 31: finished (196ms, 30cycles)
Sat Mar 29 22:39:09 CET 2014: 31: Solution found.
Sat Mar 29 22:39:12 CET 2014: 32: finished (2671ms, 500cycles)
Sat Mar 29 22:39:12 CET 2014: 32: No solution found.
Sat Mar 29 22:39:15 CET 2014: 33: finished (2693ms, 500cycles)
Sat Mar 29 22:39:15 CET 2014: 33: No solution found.
Sat Mar 29 22:39:15 CET 2014: 34: finished (28ms, 4cycles)
Sat Mar 29 22:39:15 CET 2014: 34: Solution found.
Sat Mar 29 22:39:17 CET 2014: 35: finished (2637ms, 500cycles)
Sat Mar 29 22:39:17 CET 2014: 35: No solution found.
Sat Mar 29 22:39:18 CET 2014: 36: finished (420ms, 69cycles)
Sat Mar 29 22:39:18 CET 2014: 36: Solution found.
Sat Mar 29 22:39:21 CET 2014: 37: finished (2663ms, 500cycles)
Sat Mar 29 22:39:21 CET 2014: 37: No solution found.
Sat Mar 29 22:39:23 CET 2014: 38: finished (2669ms, 500cycles)
Sat Mar 29 22:39:23 CET 2014: 38: No solution found.
Sat Mar 29 22:39:23 CET 2014: 39: finished (34ms, 5cycles)
Sat Mar 29 22:39:23 CET 2014: 39: Solution found.
Sat Mar 29 22:39:26 CET 2014: 40: finished (3001ms, 500cycles)
Sat Mar 29 22:39:26 CET 2014: 40: No solution found.
Sat Mar 29 22:39:31 CET 2014: 41: finished (4459ms, 500cycles)
Sat Mar 29 22:39:31 CET 2014: 41: No solution found.
Sat Mar 29 22:39:33 CET 2014: 42: finished (2635ms, 500cycles)
Sat Mar 29 22:39:33 CET 2014: 42: No solution found.
Sat Mar 29 22:39:36 CET 2014: 43: finished (2671ms, 500cycles)
Sat Mar 29 22:39:36 CET 2014: 43: No solution found.
Sat Mar 29 22:39:39 CET 2014: 44: finished (2662ms, 500cycles)
Sat Mar 29 22:39:39 CET 2014: 44: No solution found.
Sat Mar 29 22:39:39 CET 2014: 45: finished (107ms, 16cycles)
Sat Mar 29 22:39:39 CET 2014: 45: Solution found.
Sat Mar 29 22:39:39 CET 2014: 46: finished (12ms, 1cycles)
Sat Mar 29 22:39:39 CET 2014: 46: Solution found.
Sat Mar 29 22:39:39 CET 2014: 47: finished (89ms, 15cycles)
Sat Mar 29 22:39:39 CET 2014: 47: Solution found.
Sat Mar 29 22:39:42 CET 2014: 48: finished (2907ms, 500cycles)
Sat Mar 29 22:39:42 CET 2014: 48: No solution found.
Sat Mar 29 22:39:42 CET 2014: 49: finished (98ms, 16cycles)
Sat Mar 29 22:39:42 CET 2014: 49: Solution found.
Sat Mar 29 22:39:45 CET 2014: 50: finished (2649ms, 500cycles)
Sat Mar 29 22:39:45 CET 2014: 50: No solution found.
Sat Mar 29 22:39:47 CET 2014: 51: finished (2726ms, 500cycles)
Sat Mar 29 22:39:47 CET 2014: 51: No solution found.
Sat Mar 29 22:39:50 CET 2014: 52: finished (2676ms, 500cycles)
Sat Mar 29 22:39:50 CET 2014: 52: No solution found.
Sat Mar 29 22:39:53 CET 2014: 53: finished (2649ms, 500cycles)
Sat Mar 29 22:39:53 CET 2014: 53: No solution found.
Sat Mar 29 22:39:55 CET 2014: 54: finished (2651ms, 500cycles)
Sat Mar 29 22:39:55 CET 2014: 54: No solution found.
Sat Mar 29 22:39:58 CET 2014: 55: finished (2659ms, 500cycles)
Sat Mar 29 22:39:58 CET 2014: 55: No solution found.
Sat Mar 29 22:39:58 CET 2014: 56: finished (128ms, 20cycles)
Sat Mar 29 22:39:58 CET 2014: 56: Solution found.
Sat Mar 29 22:39:58 CET 2014: 57: finished (114ms, 19cycles)
Sat Mar 29 22:39:58 CET 2014: 57: Solution found.
Sat Mar 29 22:40:01 CET 2014: 58: finished (2671ms, 500cycles)
Sat Mar 29 22:40:01 CET 2014: 58: No solution found.
Sat Mar 29 22:40:01 CET 2014: 59: finished (156ms, 23cycles)
Sat Mar 29 22:40:01 CET 2014: 59: Solution found.
Sat Mar 29 22:40:04 CET 2014: 60: finished (2637ms, 500cycles)
Sat Mar 29 22:40:04 CET 2014: 60: No solution found.
Sat Mar 29 22:40:04 CET 2014: 61: finished (77ms, 12cycles)
Sat Mar 29 22:40:04 CET 2014: 61: Solution found.
Sat Mar 29 22:40:06 CET 2014: 62: finished (2637ms, 500cycles)
Sat Mar 29 22:40:06 CET 2014: 62: No solution found.
Sat Mar 29 22:40:06 CET 2014: 63: finished (120ms, 20cycles)
Sat Mar 29 22:40:06 CET 2014: 63: Solution found.
Sat Mar 29 22:40:07 CET 2014: 64: finished (254ms, 41cycles)
Sat Mar 29 22:40:07 CET 2014: 64: Solution found.
Sat Mar 29 22:40:09 CET 2014: 65: finished (2657ms, 500cycles)
Sat Mar 29 22:40:09 CET 2014: 65: No solution found.
Sat Mar 29 22:40:12 CET 2014: 66: finished (2662ms, 500cycles)
Sat Mar 29 22:40:12 CET 2014: 66: No solution found.
Sat Mar 29 22:40:12 CET 2014: 67: finished (191ms, 30cycles)
Sat Mar 29 22:40:12 CET 2014: 67: Solution found.
Sat Mar 29 22:40:15 CET 2014: 68: finished (2674ms, 500cycles)
Sat Mar 29 22:40:15 CET 2014: 68: No solution found.
Sat Mar 29 22:40:18 CET 2014: 69: finished (2683ms, 500cycles)
Sat Mar 29 22:40:18 CET 2014: 69: No solution found.
Sat Mar 29 22:40:18 CET 2014: 70: finished (122ms, 18cycles)
Sat Mar 29 22:40:18 CET 2014: 70: Solution found.
Sat Mar 29 22:40:18 CET 2014: 71: finished (104ms, 16cycles)
Sat Mar 29 22:40:18 CET 2014: 71: Solution found.
Sat Mar 29 22:40:18 CET 2014: 72: finished (58ms, 9cycles)
Sat Mar 29 22:40:18 CET 2014: 72: Solution found.
Sat Mar 29 22:40:18 CET 2014: 73: finished (171ms, 28cycles)
Sat Mar 29 22:40:18 CET 2014: 73: Solution found.
Sat Mar 29 22:40:21 CET 2014: 74: finished (2677ms, 500cycles)
Sat Mar 29 22:40:21 CET 2014: 74: No solution found.
Sat Mar 29 22:40:21 CET 2014: 75: finished (76ms, 12cycles)
Sat Mar 29 22:40:21 CET 2014: 75: Solution found.
Sat Mar 29 22:40:21 CET 2014: 76: finished (138ms, 21cycles)
Sat Mar 29 22:40:21 CET 2014: 76: Solution found.
Sat Mar 29 22:40:21 CET 2014: 77: finished (211ms, 35cycles)
Sat Mar 29 22:40:21 CET 2014: 77: Solution found.
Sat Mar 29 22:40:21 CET 2014: 78: finished (96ms, 15cycles)
Sat Mar 29 22:40:21 CET 2014: 78: Solution found.
Sat Mar 29 22:40:21 CET 2014: 79: finished (57ms, 9cycles)
Sat Mar 29 22:40:21 CET 2014: 79: Solution found.
Sat Mar 29 22:40:24 CET 2014: 80: finished (2676ms, 500cycles)
Sat Mar 29 22:40:24 CET 2014: 80: No solution found.
Sat Mar 29 22:40:27 CET 2014: 81: finished (2700ms, 500cycles)
Sat Mar 29 22:40:27 CET 2014: 81: No solution found.
Sat Mar 29 22:40:29 CET 2014: 82: finished (2696ms, 500cycles)
Sat Mar 29 22:40:29 CET 2014: 82: No solution found.
Sat Mar 29 22:40:32 CET 2014: 83: finished (2659ms, 500cycles)
Sat Mar 29 22:40:32 CET 2014: 83: No solution found.
Sat Mar 29 22:40:35 CET 2014: 84: finished (2661ms, 500cycles)
Sat Mar 29 22:40:35 CET 2014: 84: No solution found.
Sat Mar 29 22:40:35 CET 2014: 85: finished (96ms, 15cycles)
Sat Mar 29 22:40:35 CET 2014: 85: Solution found.
Sat Mar 29 22:40:37 CET 2014: 86: finished (2667ms, 500cycles)
Sat Mar 29 22:40:37 CET 2014: 86: No solution found.
Sat Mar 29 22:40:40 CET 2014: 87: finished (2670ms, 500cycles)
Sat Mar 29 22:40:40 CET 2014: 87: No solution found.
Sat Mar 29 22:40:43 CET 2014: 88: finished (2640ms, 500cycles)
Sat Mar 29 22:40:43 CET 2014: 88: No solution found.
Sat Mar 29 22:40:45 CET 2014: 89: finished (2712ms, 500cycles)
Sat Mar 29 22:40:45 CET 2014: 89: No solution found.
Sat Mar 29 22:40:46 CET 2014: 90: finished (362ms, 62cycles)
Sat Mar 29 22:40:46 CET 2014: 90: Solution found.
Sat Mar 29 22:40:48 CET 2014: 91: finished (2641ms, 500cycles)
Sat Mar 29 22:40:48 CET 2014: 91: No solution found.
Sat Mar 29 22:40:49 CET 2014: 92: finished (105ms, 17cycles)
Sat Mar 29 22:40:49 CET 2014: 92: Solution found.
Sat Mar 29 22:40:51 CET 2014: 93: finished (2661ms, 500cycles)
Sat Mar 29 22:40:51 CET 2014: 93: No solution found.
Sat Mar 29 22:40:51 CET 2014: 94: finished (51ms, 8cycles)
Sat Mar 29 22:40:51 CET 2014: 94: Solution found.
Sat Mar 29 22:40:54 CET 2014: 95: finished (2655ms, 500cycles)
Sat Mar 29 22:40:54 CET 2014: 95: No solution found.
Sat Mar 29 22:40:57 CET 2014: 96: finished (2711ms, 500cycles)
Sat Mar 29 22:40:57 CET 2014: 96: No solution found.
Sat Mar 29 22:40:57 CET 2014: 97: finished (150ms, 25cycles)
Sat Mar 29 22:40:57 CET 2014: 97: Solution found.
Sat Mar 29 22:40:57 CET 2014: 98: finished (211ms, 30cycles)
Sat Mar 29 22:40:57 CET 2014: 98: Solution found.
Sat Mar 29 22:41:00 CET 2014: 99: finished (2643ms, 500cycles)
Sat Mar 29 22:41:00 CET 2014: 99: No solution found.
Sat Mar 29 22:41:00 CET 2014: Solution Found: 46
Sat Mar 29 22:41:00 CET 2014: Avg cycles: 20
Sat Mar 29 22:41:00 CET 2014: Max cycles: 69
Sat Mar 29 22:41:00 CET 2014: Min cycles: 1
Sat Mar 29 22:41:00 CET 2014: No solution found: 54
Sat Mar 29 22:41:00 CET 2014: logging finished. (runtime: 152370ms)
