Sat Jan 25 21:27:45 CET 2014: Problem Count: 200
Sat Jan 25 21:27:45 CET 2014: CandidatesCount: 50
Sat Jan 25 21:27:45 CET 2014: Max Cycles: 500
Sat Jan 25 21:27:45 CET 2014: 0: finished (120ms, 18cycles)
Sat Jan 25 21:27:45 CET 2014: 0: Solution found.
Sat Jan 25 21:27:45 CET 2014: 1: finished (83ms, 12cycles)
Sat Jan 25 21:27:45 CET 2014: 1: Solution found.
Sat Jan 25 21:27:45 CET 2014: 2: finished (65ms, 9cycles)
Sat Jan 25 21:27:45 CET 2014: 2: Solution found.
Sat Jan 25 21:27:45 CET 2014: 3: finished (80ms, 11cycles)
Sat Jan 25 21:27:45 CET 2014: 3: Solution found.
Sat Jan 25 21:27:46 CET 2014: 4: finished (688ms, 101cycles)
Sat Jan 25 21:27:46 CET 2014: 4: Solution found.
Sat Jan 25 21:27:46 CET 2014: 5: finished (238ms, 37cycles)
Sat Jan 25 21:27:46 CET 2014: 5: Solution found.
Sat Jan 25 21:27:49 CET 2014: 6: finished (2906ms, 500cycles)
Sat Jan 25 21:27:49 CET 2014: 6: No solution found.
Sat Jan 25 21:27:49 CET 2014: 7: finished (282ms, 44cycles)
Sat Jan 25 21:27:49 CET 2014: 7: Solution found.
Sat Jan 25 21:27:49 CET 2014: 8: finished (87ms, 12cycles)
Sat Jan 25 21:27:49 CET 2014: 8: Solution found.
Sat Jan 25 21:27:52 CET 2014: 9: finished (2878ms, 500cycles)
Sat Jan 25 21:27:52 CET 2014: 9: No solution found.
Sat Jan 25 21:27:53 CET 2014: 10: finished (444ms, 34cycles)
Sat Jan 25 21:27:53 CET 2014: 10: Solution found.
Sat Jan 25 21:27:57 CET 2014: 11: finished (4551ms, 500cycles)
Sat Jan 25 21:27:57 CET 2014: 11: No solution found.
Sat Jan 25 21:27:58 CET 2014: 12: finished (584ms, 36cycles)
Sat Jan 25 21:27:58 CET 2014: 12: Solution found.
Sat Jan 25 21:27:58 CET 2014: 13: finished (119ms, 8cycles)
Sat Jan 25 21:27:58 CET 2014: 13: Solution found.
Sat Jan 25 21:28:02 CET 2014: 14: finished (3815ms, 500cycles)
Sat Jan 25 21:28:02 CET 2014: 14: No solution found.
Sat Jan 25 21:28:04 CET 2014: 15: finished (2894ms, 500cycles)
Sat Jan 25 21:28:04 CET 2014: 15: No solution found.
Sat Jan 25 21:28:07 CET 2014: 16: finished (2899ms, 500cycles)
Sat Jan 25 21:28:07 CET 2014: 16: No solution found.
Sat Jan 25 21:28:08 CET 2014: 17: finished (165ms, 24cycles)
Sat Jan 25 21:28:08 CET 2014: 17: Solution found.
Sat Jan 25 21:28:08 CET 2014: 18: finished (95ms, 9cycles)
Sat Jan 25 21:28:08 CET 2014: 18: Solution found.
Sat Jan 25 21:28:13 CET 2014: 19: finished (5825ms, 500cycles)
Sat Jan 25 21:28:13 CET 2014: 19: No solution found.
Sat Jan 25 21:28:17 CET 2014: 20: finished (3925ms, 500cycles)
Sat Jan 25 21:28:17 CET 2014: 20: No solution found.
Sat Jan 25 21:28:20 CET 2014: 21: finished (2883ms, 500cycles)
Sat Jan 25 21:28:20 CET 2014: 21: No solution found.
Sat Jan 25 21:28:20 CET 2014: 22: finished (20ms, 2cycles)
Sat Jan 25 21:28:20 CET 2014: 22: Solution found.
Sat Jan 25 21:28:23 CET 2014: 23: finished (2945ms, 500cycles)
Sat Jan 25 21:28:23 CET 2014: 23: No solution found.
Sat Jan 25 21:28:30 CET 2014: 24: finished (6513ms, 500cycles)
Sat Jan 25 21:28:30 CET 2014: 24: No solution found.
Sat Jan 25 21:28:30 CET 2014: 25: finished (442ms, 22cycles)
Sat Jan 25 21:28:30 CET 2014: 25: Solution found.
Sat Jan 25 21:28:30 CET 2014: 26: finished (305ms, 18cycles)
Sat Jan 25 21:28:30 CET 2014: 26: Solution found.
Sat Jan 25 21:28:31 CET 2014: 27: finished (304ms, 47cycles)
Sat Jan 25 21:28:31 CET 2014: 27: Solution found.
Sat Jan 25 21:28:34 CET 2014: 28: finished (2894ms, 500cycles)
Sat Jan 25 21:28:34 CET 2014: 28: No solution found.
Sat Jan 25 21:28:37 CET 2014: 29: finished (2905ms, 500cycles)
Sat Jan 25 21:28:37 CET 2014: 29: No solution found.
Sat Jan 25 21:28:40 CET 2014: 30: finished (2916ms, 500cycles)
Sat Jan 25 21:28:40 CET 2014: 30: No solution found.
Sat Jan 25 21:28:46 CET 2014: 31: finished (6957ms, 500cycles)
Sat Jan 25 21:28:46 CET 2014: 31: No solution found.
Sat Jan 25 21:28:47 CET 2014: 32: finished (147ms, 21cycles)
Sat Jan 25 21:28:47 CET 2014: 32: Solution found.
Sat Jan 25 21:28:47 CET 2014: 33: finished (109ms, 16cycles)
Sat Jan 25 21:28:47 CET 2014: 33: Solution found.
Sat Jan 25 21:28:47 CET 2014: 34: finished (44ms, 6cycles)
Sat Jan 25 21:28:47 CET 2014: 34: Solution found.
Sat Jan 25 21:28:50 CET 2014: 35: finished (2958ms, 500cycles)
Sat Jan 25 21:28:50 CET 2014: 35: No solution found.
Sat Jan 25 21:28:50 CET 2014: 36: finished (95ms, 14cycles)
Sat Jan 25 21:28:50 CET 2014: 36: Solution found.
Sat Jan 25 21:28:50 CET 2014: 37: finished (125ms, 19cycles)
Sat Jan 25 21:28:50 CET 2014: 37: Solution found.
Sat Jan 25 21:28:53 CET 2014: 38: finished (2936ms, 500cycles)
Sat Jan 25 21:28:53 CET 2014: 38: No solution found.
Sat Jan 25 21:28:57 CET 2014: 39: finished (4445ms, 500cycles)
Sat Jan 25 21:28:57 CET 2014: 39: No solution found.
Sat Jan 25 21:29:03 CET 2014: 40: finished (5327ms, 500cycles)
Sat Jan 25 21:29:03 CET 2014: 40: No solution found.
Sat Jan 25 21:29:03 CET 2014: 41: finished (104ms, 16cycles)
Sat Jan 25 21:29:03 CET 2014: 41: Solution found.
Sat Jan 25 21:29:03 CET 2014: 42: finished (172ms, 25cycles)
Sat Jan 25 21:29:03 CET 2014: 42: Solution found.
Sat Jan 25 21:29:06 CET 2014: 43: finished (2891ms, 500cycles)
Sat Jan 25 21:29:06 CET 2014: 43: No solution found.
Sat Jan 25 21:29:09 CET 2014: 44: finished (2960ms, 500cycles)
Sat Jan 25 21:29:09 CET 2014: 44: No solution found.
Sat Jan 25 21:29:14 CET 2014: 45: finished (5625ms, 500cycles)
Sat Jan 25 21:29:14 CET 2014: 45: No solution found.
Sat Jan 25 21:29:19 CET 2014: 46: finished (4239ms, 500cycles)
Sat Jan 25 21:29:19 CET 2014: 46: No solution found.
Sat Jan 25 21:29:19 CET 2014: 47: finished (128ms, 19cycles)
Sat Jan 25 21:29:19 CET 2014: 47: Solution found.
Sat Jan 25 21:29:19 CET 2014: 48: finished (175ms, 25cycles)
Sat Jan 25 21:29:19 CET 2014: 48: Solution found.
Sat Jan 25 21:29:19 CET 2014: 49: finished (140ms, 21cycles)
Sat Jan 25 21:29:19 CET 2014: 49: Solution found.
Sat Jan 25 21:29:22 CET 2014: 50: finished (2933ms, 500cycles)
Sat Jan 25 21:29:22 CET 2014: 50: No solution found.
Sat Jan 25 21:29:25 CET 2014: 51: finished (2911ms, 500cycles)
Sat Jan 25 21:29:25 CET 2014: 51: No solution found.
Sat Jan 25 21:29:25 CET 2014: 52: finished (162ms, 23cycles)
Sat Jan 25 21:29:25 CET 2014: 52: Solution found.
Sat Jan 25 21:29:32 CET 2014: 53: finished (6911ms, 500cycles)
Sat Jan 25 21:29:32 CET 2014: 53: No solution found.
Sat Jan 25 21:29:32 CET 2014: 54: finished (61ms, 9cycles)
Sat Jan 25 21:29:32 CET 2014: 54: Solution found.
Sat Jan 25 21:29:33 CET 2014: 55: finished (936ms, 143cycles)
Sat Jan 25 21:29:33 CET 2014: 55: Solution found.
Sat Jan 25 21:29:36 CET 2014: 56: finished (2925ms, 500cycles)
Sat Jan 25 21:29:36 CET 2014: 56: No solution found.
Sat Jan 25 21:29:36 CET 2014: 57: finished (180ms, 26cycles)
Sat Jan 25 21:29:36 CET 2014: 57: Solution found.
Sat Jan 25 21:29:39 CET 2014: 58: finished (2851ms, 500cycles)
Sat Jan 25 21:29:39 CET 2014: 58: No solution found.
Sat Jan 25 21:29:43 CET 2014: 59: finished (4469ms, 500cycles)
Sat Jan 25 21:29:43 CET 2014: 59: No solution found.
Sat Jan 25 21:29:49 CET 2014: 60: finished (5315ms, 500cycles)
Sat Jan 25 21:29:49 CET 2014: 60: No solution found.
Sat Jan 25 21:29:52 CET 2014: 61: finished (2903ms, 500cycles)
Sat Jan 25 21:29:52 CET 2014: 61: No solution found.
Sat Jan 25 21:29:55 CET 2014: 62: finished (2878ms, 500cycles)
Sat Jan 25 21:29:55 CET 2014: 62: No solution found.
Sat Jan 25 21:29:59 CET 2014: 63: finished (4928ms, 500cycles)
Sat Jan 25 21:29:59 CET 2014: 63: No solution found.
Sat Jan 25 21:30:00 CET 2014: 64: finished (220ms, 10cycles)
Sat Jan 25 21:30:00 CET 2014: 64: Solution found.
Sat Jan 25 21:30:04 CET 2014: 65: finished (4735ms, 500cycles)
Sat Jan 25 21:30:04 CET 2014: 65: No solution found.
Sat Jan 25 21:30:07 CET 2014: 66: finished (2883ms, 500cycles)
Sat Jan 25 21:30:07 CET 2014: 66: No solution found.
Sat Jan 25 21:30:10 CET 2014: 67: finished (2927ms, 500cycles)
Sat Jan 25 21:30:10 CET 2014: 67: No solution found.
Sat Jan 25 21:30:10 CET 2014: 68: finished (156ms, 20cycles)
Sat Jan 25 21:30:10 CET 2014: 68: Solution found.
Sat Jan 25 21:30:11 CET 2014: 69: finished (176ms, 24cycles)
Sat Jan 25 21:30:11 CET 2014: 69: Solution found.
Sat Jan 25 21:30:17 CET 2014: 70: finished (6217ms, 500cycles)
Sat Jan 25 21:30:17 CET 2014: 70: No solution found.
Sat Jan 25 21:30:20 CET 2014: 71: finished (3647ms, 500cycles)
Sat Jan 25 21:30:20 CET 2014: 71: No solution found.
Sat Jan 25 21:30:23 CET 2014: 72: finished (2916ms, 500cycles)
Sat Jan 25 21:30:23 CET 2014: 72: No solution found.
Sat Jan 25 21:30:26 CET 2014: 73: finished (2947ms, 500cycles)
Sat Jan 25 21:30:26 CET 2014: 73: No solution found.
Sat Jan 25 21:30:33 CET 2014: 74: finished (6911ms, 500cycles)
Sat Jan 25 21:30:33 CET 2014: 74: No solution found.
Sat Jan 25 21:30:33 CET 2014: 75: finished (107ms, 16cycles)
Sat Jan 25 21:30:33 CET 2014: 75: Solution found.
Sat Jan 25 21:30:36 CET 2014: 76: finished (2873ms, 500cycles)
Sat Jan 25 21:30:36 CET 2014: 76: No solution found.
Sat Jan 25 21:30:39 CET 2014: 77: finished (2913ms, 500cycles)
Sat Jan 25 21:30:39 CET 2014: 77: No solution found.
Sat Jan 25 21:30:42 CET 2014: 78: finished (2877ms, 500cycles)
Sat Jan 25 21:30:42 CET 2014: 78: No solution found.
Sat Jan 25 21:30:42 CET 2014: 79: finished (138ms, 20cycles)
Sat Jan 25 21:30:42 CET 2014: 79: Solution found.
Sat Jan 25 21:30:42 CET 2014: 80: finished (219ms, 31cycles)
Sat Jan 25 21:30:42 CET 2014: 80: Solution found.
Sat Jan 25 21:30:42 CET 2014: 81: finished (26ms, 3cycles)
Sat Jan 25 21:30:42 CET 2014: 81: Solution found.
Sat Jan 25 21:30:49 CET 2014: 82: finished (6941ms, 500cycles)
Sat Jan 25 21:30:49 CET 2014: 82: No solution found.
Sat Jan 25 21:30:50 CET 2014: 83: finished (286ms, 45cycles)
Sat Jan 25 21:30:50 CET 2014: 83: Solution found.
Sat Jan 25 21:30:50 CET 2014: 84: finished (359ms, 53cycles)
Sat Jan 25 21:30:50 CET 2014: 84: Solution found.
Sat Jan 25 21:30:50 CET 2014: 85: finished (129ms, 18cycles)
Sat Jan 25 21:30:50 CET 2014: 85: Solution found.
Sat Jan 25 21:30:53 CET 2014: 86: finished (2882ms, 500cycles)
Sat Jan 25 21:30:53 CET 2014: 86: No solution found.
Sat Jan 25 21:30:53 CET 2014: 87: finished (88ms, 12cycles)
Sat Jan 25 21:30:53 CET 2014: 87: Solution found.
Sat Jan 25 21:30:53 CET 2014: 88: finished (165ms, 24cycles)
Sat Jan 25 21:30:53 CET 2014: 88: Solution found.
Sat Jan 25 21:30:56 CET 2014: 89: finished (2903ms, 500cycles)
Sat Jan 25 21:30:56 CET 2014: 89: No solution found.
Sat Jan 25 21:30:56 CET 2014: 90: finished (37ms, 5cycles)
Sat Jan 25 21:30:56 CET 2014: 90: Solution found.
Sat Jan 25 21:31:02 CET 2014: 91: finished (5436ms, 500cycles)
Sat Jan 25 21:31:02 CET 2014: 91: No solution found.
Sat Jan 25 21:31:02 CET 2014: 92: finished (416ms, 21cycles)
Sat Jan 25 21:31:02 CET 2014: 92: Solution found.
Sat Jan 25 21:31:06 CET 2014: 93: finished (4128ms, 500cycles)
Sat Jan 25 21:31:06 CET 2014: 93: No solution found.
Sat Jan 25 21:31:07 CET 2014: 94: finished (382ms, 46cycles)
Sat Jan 25 21:31:07 CET 2014: 94: Solution found.
Sat Jan 25 21:31:09 CET 2014: 95: finished (2647ms, 500cycles)
Sat Jan 25 21:31:09 CET 2014: 95: No solution found.
Sat Jan 25 21:31:09 CET 2014: 96: finished (290ms, 42cycles)
Sat Jan 25 21:31:09 CET 2014: 96: Solution found.
Sat Jan 25 21:31:10 CET 2014: 97: finished (92ms, 14cycles)
Sat Jan 25 21:31:10 CET 2014: 97: Solution found.
Sat Jan 25 21:31:10 CET 2014: 98: finished (58ms, 8cycles)
Sat Jan 25 21:31:10 CET 2014: 98: Solution found.
Sat Jan 25 21:31:12 CET 2014: 99: finished (2887ms, 500cycles)
Sat Jan 25 21:31:12 CET 2014: 99: No solution found.
Sat Jan 25 21:31:12 CET 2014: Solution Found: 49
Sat Jan 25 21:31:12 CET 2014: Avg cycles: 25
Sat Jan 25 21:31:12 CET 2014: Max cycles: 143
Sat Jan 25 21:31:12 CET 2014: Min cycles: 2
Sat Jan 25 21:31:12 CET 2014: No solution found: 51
Sat Jan 25 21:31:12 CET 2014: logging finished. (runtime: 207856ms)
