Sun Jan 26 00:52:27 CET 2014: Problem Count: 250
Sun Jan 26 00:52:27 CET 2014: CandidatesCount: 150
Sun Jan 26 00:52:27 CET 2014: Max Cycles: 500
Sun Jan 26 00:52:27 CET 2014: 0: finished (340ms, 12cycles)
Sun Jan 26 00:52:27 CET 2014: 0: Solution found.
Sun Jan 26 00:52:44 CET 2014: 1: finished (16731ms, 500cycles)
Sun Jan 26 00:52:44 CET 2014: 1: No solution found.
Sun Jan 26 00:52:44 CET 2014: 2: finished (186ms, 6cycles)
Sun Jan 26 00:52:44 CET 2014: 2: Solution found.
Sun Jan 26 00:52:45 CET 2014: 3: finished (776ms, 26cycles)
Sun Jan 26 00:52:45 CET 2014: 3: Solution found.
Sun Jan 26 00:52:46 CET 2014: 4: finished (709ms, 24cycles)
Sun Jan 26 00:52:46 CET 2014: 4: Solution found.
Sun Jan 26 00:52:46 CET 2014: 5: finished (226ms, 7cycles)
Sun Jan 26 00:52:46 CET 2014: 5: Solution found.
Sun Jan 26 00:52:46 CET 2014: 6: finished (433ms, 14cycles)
Sun Jan 26 00:52:46 CET 2014: 6: Solution found.
Sun Jan 26 00:53:03 CET 2014: 7: finished (16963ms, 500cycles)
Sun Jan 26 00:53:03 CET 2014: 7: No solution found.
Sun Jan 26 00:53:05 CET 2014: 8: finished (1302ms, 43cycles)
Sun Jan 26 00:53:05 CET 2014: 8: Solution found.
Sun Jan 26 00:53:05 CET 2014: 9: finished (680ms, 24cycles)
Sun Jan 26 00:53:05 CET 2014: 9: Solution found.
Sun Jan 26 00:53:06 CET 2014: 10: finished (210ms, 7cycles)
Sun Jan 26 00:53:06 CET 2014: 10: Solution found.
Sun Jan 26 00:53:06 CET 2014: 11: finished (838ms, 29cycles)
Sun Jan 26 00:53:06 CET 2014: 11: Solution found.
Sun Jan 26 00:53:25 CET 2014: 12: finished (18797ms, 500cycles)
Sun Jan 26 00:53:25 CET 2014: 12: No solution found.
Sun Jan 26 00:53:28 CET 2014: 13: finished (2686ms, 34cycles)
Sun Jan 26 00:53:28 CET 2014: 13: Solution found.
Sun Jan 26 00:53:28 CET 2014: 14: finished (494ms, 9cycles)
Sun Jan 26 00:53:28 CET 2014: 14: Solution found.
Sun Jan 26 00:53:29 CET 2014: 15: finished (386ms, 14cycles)
Sun Jan 26 00:53:29 CET 2014: 15: Solution found.
Sun Jan 26 00:53:29 CET 2014: 16: finished (434ms, 15cycles)
Sun Jan 26 00:53:29 CET 2014: 16: Solution found.
Sun Jan 26 00:53:30 CET 2014: 17: finished (469ms, 15cycles)
Sun Jan 26 00:53:30 CET 2014: 17: Solution found.
Sun Jan 26 00:53:30 CET 2014: 18: finished (472ms, 16cycles)
Sun Jan 26 00:53:30 CET 2014: 18: Solution found.
Sun Jan 26 00:53:30 CET 2014: 19: finished (187ms, 6cycles)
Sun Jan 26 00:53:30 CET 2014: 19: Solution found.
Sun Jan 26 00:53:31 CET 2014: 20: finished (997ms, 36cycles)
Sun Jan 26 00:53:31 CET 2014: 20: Solution found.
Sun Jan 26 00:53:33 CET 2014: 21: finished (1354ms, 47cycles)
Sun Jan 26 00:53:33 CET 2014: 21: Solution found.
Sun Jan 26 00:53:34 CET 2014: 22: finished (973ms, 34cycles)
Sun Jan 26 00:53:34 CET 2014: 22: Solution found.
Sun Jan 26 00:54:08 CET 2014: 23: finished (34617ms, 500cycles)
Sun Jan 26 00:54:08 CET 2014: 23: No solution found.
Sun Jan 26 00:54:10 CET 2014: 24: finished (1809ms, 22cycles)
Sun Jan 26 00:54:10 CET 2014: 24: Solution found.
Sun Jan 26 00:54:45 CET 2014: 25: finished (34664ms, 500cycles)
Sun Jan 26 00:54:45 CET 2014: 25: No solution found.
Sun Jan 26 00:54:45 CET 2014: 26: finished (524ms, 7cycles)
Sun Jan 26 00:54:45 CET 2014: 26: Solution found.
Sun Jan 26 00:54:46 CET 2014: 27: finished (706ms, 9cycles)
Sun Jan 26 00:54:46 CET 2014: 27: Solution found.
Sun Jan 26 00:54:48 CET 2014: 28: finished (2071ms, 28cycles)
Sun Jan 26 00:54:48 CET 2014: 28: Solution found.
Sun Jan 26 00:54:50 CET 2014: 29: finished (2063ms, 30cycles)
Sun Jan 26 00:54:50 CET 2014: 29: Solution found.
Sun Jan 26 00:54:53 CET 2014: 30: finished (2852ms, 41cycles)
Sun Jan 26 00:54:53 CET 2014: 30: Solution found.
Sun Jan 26 00:55:33 CET 2014: 31: finished (39655ms, 500cycles)
Sun Jan 26 00:55:33 CET 2014: 31: No solution found.
Sun Jan 26 00:55:33 CET 2014: 32: finished (705ms, 8cycles)
Sun Jan 26 00:55:33 CET 2014: 32: Solution found.
Sun Jan 26 00:55:34 CET 2014: 33: finished (150ms, 1cycles)
Sun Jan 26 00:55:34 CET 2014: 33: Solution found.
Sun Jan 26 00:55:35 CET 2014: 34: finished (1028ms, 12cycles)
Sun Jan 26 00:55:35 CET 2014: 34: Solution found.
Sun Jan 26 00:55:39 CET 2014: 35: finished (4122ms, 50cycles)
Sun Jan 26 00:55:39 CET 2014: 35: Solution found.
Sun Jan 26 00:55:42 CET 2014: 36: finished (3372ms, 42cycles)
Sun Jan 26 00:55:42 CET 2014: 36: Solution found.
Sun Jan 26 00:55:57 CET 2014: 37: finished (15244ms, 500cycles)
Sun Jan 26 00:55:57 CET 2014: 37: No solution found.
Sun Jan 26 00:55:57 CET 2014: 38: finished (104ms, 3cycles)
Sun Jan 26 00:55:57 CET 2014: 38: Solution found.
Sun Jan 26 00:55:58 CET 2014: 39: finished (355ms, 13cycles)
Sun Jan 26 00:55:58 CET 2014: 39: Solution found.
Sun Jan 26 00:55:58 CET 2014: 40: finished (556ms, 19cycles)
Sun Jan 26 00:55:58 CET 2014: 40: Solution found.
Sun Jan 26 00:56:14 CET 2014: 41: finished (15733ms, 500cycles)
Sun Jan 26 00:56:14 CET 2014: 41: No solution found.
Sun Jan 26 00:56:14 CET 2014: 42: finished (177ms, 6cycles)
Sun Jan 26 00:56:14 CET 2014: 42: Solution found.
Sun Jan 26 00:56:15 CET 2014: 43: finished (280ms, 9cycles)
Sun Jan 26 00:56:15 CET 2014: 43: Solution found.
Sun Jan 26 00:56:15 CET 2014: 44: finished (200ms, 7cycles)
Sun Jan 26 00:56:15 CET 2014: 44: Solution found.
Sun Jan 26 00:56:15 CET 2014: 45: finished (309ms, 11cycles)
Sun Jan 26 00:56:15 CET 2014: 45: Solution found.
Sun Jan 26 00:56:31 CET 2014: 46: finished (15801ms, 500cycles)
Sun Jan 26 00:56:31 CET 2014: 46: No solution found.
Sun Jan 26 00:56:47 CET 2014: 47: finished (15694ms, 500cycles)
Sun Jan 26 00:56:47 CET 2014: 47: No solution found.
Sun Jan 26 00:56:47 CET 2014: 48: finished (342ms, 12cycles)
Sun Jan 26 00:56:47 CET 2014: 48: Solution found.
Sun Jan 26 00:56:47 CET 2014: 49: finished (208ms, 7cycles)
Sun Jan 26 00:56:47 CET 2014: 49: Solution found.
Sun Jan 26 00:56:48 CET 2014: 50: finished (716ms, 26cycles)
Sun Jan 26 00:56:48 CET 2014: 50: Solution found.
Sun Jan 26 00:56:49 CET 2014: 51: finished (763ms, 24cycles)
Sun Jan 26 00:56:49 CET 2014: 51: Solution found.
Sun Jan 26 00:56:58 CET 2014: 52: finished (9530ms, 220cycles)
Sun Jan 26 00:56:58 CET 2014: 52: Solution found.
Sun Jan 26 00:56:58 CET 2014: 53: finished (48ms, 1cycles)
Sun Jan 26 00:56:58 CET 2014: 53: Solution found.
Sun Jan 26 00:56:59 CET 2014: 54: finished (1254ms, 47cycles)
Sun Jan 26 00:56:59 CET 2014: 54: Solution found.
Sun Jan 26 00:57:00 CET 2014: 55: finished (450ms, 15cycles)
Sun Jan 26 00:57:00 CET 2014: 55: Solution found.
Sun Jan 26 00:57:16 CET 2014: 56: finished (16029ms, 500cycles)
Sun Jan 26 00:57:16 CET 2014: 56: No solution found.
Sun Jan 26 00:57:16 CET 2014: 57: finished (256ms, 9cycles)
Sun Jan 26 00:57:16 CET 2014: 57: Solution found.
Sun Jan 26 00:57:16 CET 2014: 58: finished (110ms, 3cycles)
Sun Jan 26 00:57:16 CET 2014: 58: Solution found.
Sun Jan 26 00:57:16 CET 2014: 59: finished (219ms, 7cycles)
Sun Jan 26 00:57:16 CET 2014: 59: Solution found.
Sun Jan 26 00:57:17 CET 2014: 60: finished (801ms, 28cycles)
Sun Jan 26 00:57:17 CET 2014: 60: Solution found.
Sun Jan 26 00:57:34 CET 2014: 61: finished (16303ms, 500cycles)
Sun Jan 26 00:57:34 CET 2014: 61: No solution found.
Sun Jan 26 00:57:34 CET 2014: 62: finished (255ms, 8cycles)
Sun Jan 26 00:57:34 CET 2014: 62: Solution found.
Sun Jan 26 00:57:34 CET 2014: 63: finished (540ms, 18cycles)
Sun Jan 26 00:57:34 CET 2014: 63: Solution found.
Sun Jan 26 00:57:35 CET 2014: 64: finished (367ms, 12cycles)
Sun Jan 26 00:57:35 CET 2014: 64: Solution found.
Sun Jan 26 00:57:35 CET 2014: 65: finished (480ms, 17cycles)
Sun Jan 26 00:57:35 CET 2014: 65: Solution found.
Sun Jan 26 00:57:35 CET 2014: 66: finished (124ms, 3cycles)
Sun Jan 26 00:57:35 CET 2014: 66: Solution found.
Sun Jan 26 00:57:36 CET 2014: 67: finished (896ms, 10cycles)
Sun Jan 26 00:57:36 CET 2014: 67: Solution found.
Sun Jan 26 00:57:37 CET 2014: 68: finished (687ms, 8cycles)
Sun Jan 26 00:57:37 CET 2014: 68: Solution found.
Sun Jan 26 00:57:38 CET 2014: 69: finished (980ms, 11cycles)
Sun Jan 26 00:57:38 CET 2014: 69: Solution found.
Sun Jan 26 00:57:40 CET 2014: 70: finished (1916ms, 23cycles)
Sun Jan 26 00:57:40 CET 2014: 70: Solution found.
Sun Jan 26 00:57:42 CET 2014: 71: finished (1737ms, 24cycles)
Sun Jan 26 00:57:42 CET 2014: 71: Solution found.
Sun Jan 26 00:57:42 CET 2014: 72: finished (951ms, 34cycles)
Sun Jan 26 00:57:42 CET 2014: 72: Solution found.
Sun Jan 26 00:57:59 CET 2014: 73: finished (16077ms, 500cycles)
Sun Jan 26 00:57:59 CET 2014: 73: No solution found.
Sun Jan 26 00:57:59 CET 2014: 74: finished (642ms, 22cycles)
Sun Jan 26 00:57:59 CET 2014: 74: Solution found.
Sun Jan 26 00:58:00 CET 2014: 75: finished (677ms, 24cycles)
Sun Jan 26 00:58:00 CET 2014: 75: Solution found.
Sun Jan 26 00:58:00 CET 2014: 76: finished (267ms, 9cycles)
Sun Jan 26 00:58:00 CET 2014: 76: Solution found.
Sun Jan 26 00:58:00 CET 2014: 77: finished (177ms, 6cycles)
Sun Jan 26 00:58:00 CET 2014: 77: Solution found.
Sun Jan 26 00:58:02 CET 2014: 78: finished (1511ms, 53cycles)
Sun Jan 26 00:58:02 CET 2014: 78: Solution found.
Sun Jan 26 00:58:02 CET 2014: 79: finished (399ms, 14cycles)
Sun Jan 26 00:58:02 CET 2014: 79: Solution found.
Sun Jan 26 00:58:02 CET 2014: 80: finished (155ms, 5cycles)
Sun Jan 26 00:58:02 CET 2014: 80: Solution found.
Sun Jan 26 00:58:03 CET 2014: 81: finished (424ms, 14cycles)
Sun Jan 26 00:58:03 CET 2014: 81: Solution found.
Sun Jan 26 00:58:03 CET 2014: 82: finished (520ms, 18cycles)
Sun Jan 26 00:58:03 CET 2014: 82: Solution found.
Sun Jan 26 00:58:04 CET 2014: 83: finished (391ms, 13cycles)
Sun Jan 26 00:58:04 CET 2014: 83: Solution found.
Sun Jan 26 00:58:04 CET 2014: 84: finished (113ms, 3cycles)
Sun Jan 26 00:58:04 CET 2014: 84: Solution found.
Sun Jan 26 00:58:04 CET 2014: 85: finished (347ms, 11cycles)
Sun Jan 26 00:58:04 CET 2014: 85: Solution found.
Sun Jan 26 00:58:05 CET 2014: 86: finished (594ms, 20cycles)
Sun Jan 26 00:58:05 CET 2014: 86: Solution found.
Sun Jan 26 00:58:06 CET 2014: 87: finished (1200ms, 43cycles)
Sun Jan 26 00:58:06 CET 2014: 87: Solution found.
Sun Jan 26 00:58:07 CET 2014: 88: finished (1053ms, 12cycles)
Sun Jan 26 00:58:07 CET 2014: 88: Solution found.
Sun Jan 26 00:58:08 CET 2014: 89: finished (1285ms, 15cycles)
Sun Jan 26 00:58:08 CET 2014: 89: Solution found.
Sun Jan 26 00:58:09 CET 2014: 90: finished (427ms, 4cycles)
Sun Jan 26 00:58:09 CET 2014: 90: Solution found.
Sun Jan 26 00:58:11 CET 2014: 91: finished (2056ms, 25cycles)
Sun Jan 26 00:58:11 CET 2014: 91: Solution found.
Sun Jan 26 00:58:12 CET 2014: 92: finished (1020ms, 12cycles)
Sun Jan 26 00:58:12 CET 2014: 92: Solution found.
Sun Jan 26 00:58:12 CET 2014: 93: finished (454ms, 8cycles)
Sun Jan 26 00:58:12 CET 2014: 93: Solution found.
Sun Jan 26 00:58:13 CET 2014: 94: finished (275ms, 10cycles)
Sun Jan 26 00:58:13 CET 2014: 94: Solution found.
Sun Jan 26 00:58:13 CET 2014: 95: finished (323ms, 11cycles)
Sun Jan 26 00:58:13 CET 2014: 95: Solution found.
Sun Jan 26 00:58:13 CET 2014: 96: finished (317ms, 11cycles)
Sun Jan 26 00:58:13 CET 2014: 96: Solution found.
Sun Jan 26 00:58:13 CET 2014: 97: finished (286ms, 10cycles)
Sun Jan 26 00:58:13 CET 2014: 97: Solution found.
Sun Jan 26 00:58:14 CET 2014: 98: finished (242ms, 8cycles)
Sun Jan 26 00:58:14 CET 2014: 98: Solution found.
Sun Jan 26 00:58:14 CET 2014: 99: finished (476ms, 17cycles)
Sun Jan 26 00:58:14 CET 2014: 99: Solution found.
Sun Jan 26 00:58:14 CET 2014: Solution Found: 87
Sun Jan 26 00:58:14 CET 2014: Avg cycles: 19
Sun Jan 26 00:58:14 CET 2014: Max cycles: 220
Sun Jan 26 00:58:14 CET 2014: Min cycles: 1
Sun Jan 26 00:58:14 CET 2014: No solution found: 13
Sun Jan 26 00:58:14 CET 2014: logging finished. (runtime: 347134ms)
