Sun Mar 30 20:10:16 CEST 2014: Problem Count: 100
Sun Mar 30 20:10:16 CEST 2014: CandidatesCount: 150
Sun Mar 30 20:10:16 CEST 2014: Max Cycles: 500
Sun Mar 30 20:10:16 CEST 2014: 0: finished (27ms, 5cycles)
Sun Mar 30 20:10:16 CEST 2014: 0: Solution found.
Sun Mar 30 20:10:16 CEST 2014: 1: finished (97ms, 19cycles)
Sun Mar 30 20:10:16 CEST 2014: 1: Solution found.
Sun Mar 30 20:10:16 CEST 2014: 2: finished (36ms, 7cycles)
Sun Mar 30 20:10:16 CEST 2014: 2: Solution found.
Sun Mar 30 20:10:16 CEST 2014: 3: finished (37ms, 7cycles)
Sun Mar 30 20:10:16 CEST 2014: 3: Solution found.
Sun Mar 30 20:10:16 CEST 2014: 4: finished (88ms, 15cycles)
Sun Mar 30 20:10:16 CEST 2014: 4: Solution found.
Sun Mar 30 20:10:18 CEST 2014: 5: finished (2194ms, 500cycles)
Sun Mar 30 20:10:18 CEST 2014: 5: No solution found.
Sun Mar 30 20:10:18 CEST 2014: 6: finished (91ms, 15cycles)
Sun Mar 30 20:10:18 CEST 2014: 6: Solution found.
Sun Mar 30 20:10:18 CEST 2014: 7: finished (130ms, 22cycles)
Sun Mar 30 20:10:18 CEST 2014: 7: Solution found.
Sun Mar 30 20:10:19 CEST 2014: 8: finished (82ms, 16cycles)
Sun Mar 30 20:10:19 CEST 2014: 8: Solution found.
Sun Mar 30 20:10:19 CEST 2014: 9: finished (19ms, 3cycles)
Sun Mar 30 20:10:19 CEST 2014: 9: Solution found.
Sun Mar 30 20:10:19 CEST 2014: 10: finished (86ms, 17cycles)
Sun Mar 30 20:10:19 CEST 2014: 10: Solution found.
Sun Mar 30 20:10:19 CEST 2014: 11: finished (63ms, 12cycles)
Sun Mar 30 20:10:19 CEST 2014: 11: Solution found.
Sun Mar 30 20:10:21 CEST 2014: 12: finished (2207ms, 500cycles)
Sun Mar 30 20:10:21 CEST 2014: 12: No solution found.
Sun Mar 30 20:10:21 CEST 2014: 13: finished (96ms, 19cycles)
Sun Mar 30 20:10:21 CEST 2014: 13: Solution found.
Sun Mar 30 20:10:21 CEST 2014: 14: finished (84ms, 15cycles)
Sun Mar 30 20:10:21 CEST 2014: 14: Solution found.
Sun Mar 30 20:10:21 CEST 2014: 15: finished (113ms, 22cycles)
Sun Mar 30 20:10:21 CEST 2014: 15: Solution found.
Sun Mar 30 20:10:23 CEST 2014: 16: finished (2221ms, 500cycles)
Sun Mar 30 20:10:23 CEST 2014: 16: No solution found.
Sun Mar 30 20:10:28 CEST 2014: 17: finished (4914ms, 500cycles)
Sun Mar 30 20:10:28 CEST 2014: 17: No solution found.
Sun Mar 30 20:10:28 CEST 2014: 18: finished (102ms, 7cycles)
Sun Mar 30 20:10:28 CEST 2014: 18: Solution found.
Sun Mar 30 20:10:29 CEST 2014: 19: finished (199ms, 14cycles)
Sun Mar 30 20:10:29 CEST 2014: 19: Solution found.
Sun Mar 30 20:10:29 CEST 2014: 20: finished (33ms, 4cycles)
Sun Mar 30 20:10:29 CEST 2014: 20: Solution found.
Sun Mar 30 20:10:31 CEST 2014: 21: finished (2237ms, 500cycles)
Sun Mar 30 20:10:31 CEST 2014: 21: No solution found.
Sun Mar 30 20:10:31 CEST 2014: 22: finished (41ms, 8cycles)
Sun Mar 30 20:10:31 CEST 2014: 22: Solution found.
Sun Mar 30 20:10:31 CEST 2014: 23: finished (383ms, 73cycles)
Sun Mar 30 20:10:31 CEST 2014: 23: Solution found.
Sun Mar 30 20:10:31 CEST 2014: 24: finished (165ms, 31cycles)
Sun Mar 30 20:10:31 CEST 2014: 24: Solution found.
Sun Mar 30 20:10:31 CEST 2014: 25: finished (10ms, 1cycles)
Sun Mar 30 20:10:31 CEST 2014: 25: Solution found.
Sun Mar 30 20:10:32 CEST 2014: 26: finished (37ms, 7cycles)
Sun Mar 30 20:10:32 CEST 2014: 26: Solution found.
Sun Mar 30 20:10:32 CEST 2014: 27: finished (57ms, 11cycles)
Sun Mar 30 20:10:32 CEST 2014: 27: Solution found.
Sun Mar 30 20:10:32 CEST 2014: 28: finished (47ms, 9cycles)
Sun Mar 30 20:10:32 CEST 2014: 28: Solution found.
Sun Mar 30 20:10:32 CEST 2014: 29: finished (14ms, 2cycles)
Sun Mar 30 20:10:32 CEST 2014: 29: Solution found.
Sun Mar 30 20:10:32 CEST 2014: 30: finished (144ms, 29cycles)
Sun Mar 30 20:10:32 CEST 2014: 30: Solution found.
Sun Mar 30 20:10:32 CEST 2014: 31: finished (30ms, 5cycles)
Sun Mar 30 20:10:32 CEST 2014: 31: Solution found.
Sun Mar 30 20:10:34 CEST 2014: 32: finished (2181ms, 500cycles)
Sun Mar 30 20:10:34 CEST 2014: 32: No solution found.
Sun Mar 30 20:10:34 CEST 2014: 33: finished (120ms, 24cycles)
Sun Mar 30 20:10:34 CEST 2014: 33: Solution found.
Sun Mar 30 20:10:34 CEST 2014: 34: finished (181ms, 36cycles)
Sun Mar 30 20:10:34 CEST 2014: 34: Solution found.
Sun Mar 30 20:10:34 CEST 2014: 35: finished (178ms, 35cycles)
Sun Mar 30 20:10:34 CEST 2014: 35: Solution found.
Sun Mar 30 20:10:37 CEST 2014: 36: finished (2209ms, 500cycles)
Sun Mar 30 20:10:37 CEST 2014: 36: No solution found.
Sun Mar 30 20:10:39 CEST 2014: 37: finished (2223ms, 500cycles)
Sun Mar 30 20:10:39 CEST 2014: 37: No solution found.
Sun Mar 30 20:10:39 CEST 2014: 38: finished (52ms, 10cycles)
Sun Mar 30 20:10:39 CEST 2014: 38: Solution found.
Sun Mar 30 20:10:39 CEST 2014: 39: finished (67ms, 13cycles)
Sun Mar 30 20:10:39 CEST 2014: 39: Solution found.
Sun Mar 30 20:10:39 CEST 2014: 40: finished (50ms, 10cycles)
Sun Mar 30 20:10:39 CEST 2014: 40: Solution found.
Sun Mar 30 20:10:39 CEST 2014: 41: finished (37ms, 7cycles)
Sun Mar 30 20:10:39 CEST 2014: 41: Solution found.
Sun Mar 30 20:10:41 CEST 2014: 42: finished (2204ms, 500cycles)
Sun Mar 30 20:10:41 CEST 2014: 42: No solution found.
Sun Mar 30 20:10:44 CEST 2014: 43: finished (2223ms, 500cycles)
Sun Mar 30 20:10:44 CEST 2014: 43: No solution found.
Sun Mar 30 20:10:46 CEST 2014: 44: finished (2213ms, 500cycles)
Sun Mar 30 20:10:46 CEST 2014: 44: No solution found.
Sun Mar 30 20:10:46 CEST 2014: 45: finished (33ms, 6cycles)
Sun Mar 30 20:10:46 CEST 2014: 45: Solution found.
Sun Mar 30 20:10:46 CEST 2014: 46: finished (76ms, 15cycles)
Sun Mar 30 20:10:46 CEST 2014: 46: Solution found.
Sun Mar 30 20:10:46 CEST 2014: 47: finished (47ms, 9cycles)
Sun Mar 30 20:10:46 CEST 2014: 47: Solution found.
Sun Mar 30 20:10:46 CEST 2014: 48: finished (24ms, 4cycles)
Sun Mar 30 20:10:46 CEST 2014: 48: Solution found.
Sun Mar 30 20:10:46 CEST 2014: 49: finished (38ms, 7cycles)
Sun Mar 30 20:10:46 CEST 2014: 49: Solution found.
Sun Mar 30 20:10:46 CEST 2014: 50: finished (143ms, 26cycles)
Sun Mar 30 20:10:46 CEST 2014: 50: Solution found.
Sun Mar 30 20:10:46 CEST 2014: 51: finished (44ms, 8cycles)
Sun Mar 30 20:10:46 CEST 2014: 51: Solution found.
Sun Mar 30 20:10:46 CEST 2014: 52: finished (53ms, 10cycles)
Sun Mar 30 20:10:46 CEST 2014: 52: Solution found.
Sun Mar 30 20:10:46 CEST 2014: 53: finished (52ms, 10cycles)
Sun Mar 30 20:10:46 CEST 2014: 53: Solution found.
Sun Mar 30 20:10:46 CEST 2014: 54: finished (81ms, 16cycles)
Sun Mar 30 20:10:46 CEST 2014: 54: Solution found.
Sun Mar 30 20:10:47 CEST 2014: 55: finished (160ms, 33cycles)
Sun Mar 30 20:10:47 CEST 2014: 55: Solution found.
Sun Mar 30 20:10:47 CEST 2014: 56: finished (52ms, 10cycles)
Sun Mar 30 20:10:47 CEST 2014: 56: Solution found.
Sun Mar 30 20:10:47 CEST 2014: 57: finished (59ms, 10cycles)
Sun Mar 30 20:10:47 CEST 2014: 57: Solution found.
Sun Mar 30 20:10:47 CEST 2014: 58: finished (178ms, 36cycles)
Sun Mar 30 20:10:47 CEST 2014: 58: Solution found.
Sun Mar 30 20:10:47 CEST 2014: 59: finished (67ms, 12cycles)
Sun Mar 30 20:10:47 CEST 2014: 59: Solution found.
Sun Mar 30 20:10:47 CEST 2014: 60: finished (88ms, 18cycles)
Sun Mar 30 20:10:47 CEST 2014: 60: Solution found.
Sun Mar 30 20:10:47 CEST 2014: 61: finished (71ms, 14cycles)
Sun Mar 30 20:10:47 CEST 2014: 61: Solution found.
Sun Mar 30 20:10:47 CEST 2014: 62: finished (70ms, 14cycles)
Sun Mar 30 20:10:47 CEST 2014: 62: Solution found.
Sun Mar 30 20:10:47 CEST 2014: 63: finished (69ms, 14cycles)
Sun Mar 30 20:10:47 CEST 2014: 63: Solution found.
Sun Mar 30 20:10:47 CEST 2014: 64: finished (316ms, 64cycles)
Sun Mar 30 20:10:47 CEST 2014: 64: Solution found.
Sun Mar 30 20:10:48 CEST 2014: 65: finished (22ms, 4cycles)
Sun Mar 30 20:10:48 CEST 2014: 65: Solution found.
Sun Mar 30 20:10:48 CEST 2014: 66: finished (81ms, 16cycles)
Sun Mar 30 20:10:48 CEST 2014: 66: Solution found.
Sun Mar 30 20:10:48 CEST 2014: 67: finished (34ms, 6cycles)
Sun Mar 30 20:10:48 CEST 2014: 67: Solution found.
Sun Mar 30 20:10:48 CEST 2014: 68: finished (9ms, 1cycles)
Sun Mar 30 20:10:48 CEST 2014: 68: Solution found.
Sun Mar 30 20:10:48 CEST 2014: 69: finished (38ms, 7cycles)
Sun Mar 30 20:10:48 CEST 2014: 69: Solution found.
Sun Mar 30 20:10:48 CEST 2014: 70: finished (115ms, 19cycles)
Sun Mar 30 20:10:48 CEST 2014: 70: Solution found.
Sun Mar 30 20:10:48 CEST 2014: 71: finished (120ms, 24cycles)
Sun Mar 30 20:10:48 CEST 2014: 71: Solution found.
Sun Mar 30 20:10:48 CEST 2014: 72: finished (51ms, 10cycles)
Sun Mar 30 20:10:48 CEST 2014: 72: Solution found.
Sun Mar 30 20:10:48 CEST 2014: 73: finished (51ms, 10cycles)
Sun Mar 30 20:10:48 CEST 2014: 73: Solution found.
Sun Mar 30 20:10:48 CEST 2014: 74: finished (44ms, 6cycles)
Sun Mar 30 20:10:48 CEST 2014: 74: Solution found.
Sun Mar 30 20:10:48 CEST 2014: 75: finished (102ms, 19cycles)
Sun Mar 30 20:10:48 CEST 2014: 75: Solution found.
Sun Mar 30 20:10:50 CEST 2014: 76: finished (2260ms, 500cycles)
Sun Mar 30 20:10:50 CEST 2014: 76: No solution found.
Sun Mar 30 20:10:50 CEST 2014: 77: finished (41ms, 7cycles)
Sun Mar 30 20:10:50 CEST 2014: 77: Solution found.
Sun Mar 30 20:10:53 CEST 2014: 78: finished (2222ms, 500cycles)
Sun Mar 30 20:10:53 CEST 2014: 78: No solution found.
Sun Mar 30 20:10:53 CEST 2014: 79: finished (125ms, 25cycles)
Sun Mar 30 20:10:53 CEST 2014: 79: Solution found.
Sun Mar 30 20:10:53 CEST 2014: 80: finished (196ms, 39cycles)
Sun Mar 30 20:10:53 CEST 2014: 80: Solution found.
Sun Mar 30 20:10:53 CEST 2014: 81: finished (67ms, 13cycles)
Sun Mar 30 20:10:53 CEST 2014: 81: Solution found.
Sun Mar 30 20:10:53 CEST 2014: 82: finished (148ms, 28cycles)
Sun Mar 30 20:10:53 CEST 2014: 82: Solution found.
Sun Mar 30 20:10:53 CEST 2014: 83: finished (76ms, 13cycles)
Sun Mar 30 20:10:53 CEST 2014: 83: Solution found.
Sun Mar 30 20:10:53 CEST 2014: 84: finished (47ms, 9cycles)
Sun Mar 30 20:10:53 CEST 2014: 84: Solution found.
Sun Mar 30 20:10:53 CEST 2014: 85: finished (155ms, 29cycles)
Sun Mar 30 20:10:53 CEST 2014: 85: Solution found.
Sun Mar 30 20:10:54 CEST 2014: 86: finished (142ms, 28cycles)
Sun Mar 30 20:10:54 CEST 2014: 86: Solution found.
Sun Mar 30 20:10:54 CEST 2014: 87: finished (28ms, 5cycles)
Sun Mar 30 20:10:54 CEST 2014: 87: Solution found.
Sun Mar 30 20:10:54 CEST 2014: 88: finished (21ms, 2cycles)
Sun Mar 30 20:10:54 CEST 2014: 88: Solution found.
Sun Mar 30 20:10:54 CEST 2014: 89: finished (29ms, 5cycles)
Sun Mar 30 20:10:54 CEST 2014: 89: Solution found.
Sun Mar 30 20:10:54 CEST 2014: 90: finished (14ms, 2cycles)
Sun Mar 30 20:10:54 CEST 2014: 90: Solution found.
Sun Mar 30 20:10:54 CEST 2014: 91: finished (68ms, 13cycles)
Sun Mar 30 20:10:54 CEST 2014: 91: Solution found.
Sun Mar 30 20:10:54 CEST 2014: 92: finished (61ms, 12cycles)
Sun Mar 30 20:10:54 CEST 2014: 92: Solution found.
Sun Mar 30 20:10:54 CEST 2014: 93: finished (97ms, 19cycles)
Sun Mar 30 20:10:54 CEST 2014: 93: Solution found.
Sun Mar 30 20:10:54 CEST 2014: 94: finished (90ms, 18cycles)
Sun Mar 30 20:10:54 CEST 2014: 94: Solution found.
Sun Mar 30 20:10:56 CEST 2014: 95: finished (2231ms, 500cycles)
Sun Mar 30 20:10:56 CEST 2014: 95: No solution found.
Sun Mar 30 20:10:56 CEST 2014: 96: finished (79ms, 15cycles)
Sun Mar 30 20:10:56 CEST 2014: 96: Solution found.
Sun Mar 30 20:10:56 CEST 2014: 97: finished (78ms, 14cycles)
Sun Mar 30 20:10:56 CEST 2014: 97: Solution found.
Sun Mar 30 20:10:57 CEST 2014: 98: finished (96ms, 19cycles)
Sun Mar 30 20:10:57 CEST 2014: 98: Solution found.
Sun Mar 30 20:10:59 CEST 2014: 99: finished (2192ms, 500cycles)
Sun Mar 30 20:10:59 CEST 2014: 99: No solution found.
Sun Mar 30 20:10:59 CEST 2014: Solution Found: 85
Sun Mar 30 20:10:59 CEST 2014: Avg cycles: 15
Sun Mar 30 20:10:59 CEST 2014: Max cycles: 73
Sun Mar 30 20:10:59 CEST 2014: Min cycles: 1
Sun Mar 30 20:10:59 CEST 2014: No solution found: 15
Sun Mar 30 20:10:59 CEST 2014: logging finished. (runtime: 42997ms)
