Sun Mar 23 23:44:30 CET 2014: Problem Count: 100
Sun Mar 23 23:44:30 CET 2014: CandidatesCount: 250
Sun Mar 23 23:44:30 CET 2014: Max Cycles: 500
Sun Mar 23 23:44:30 CET 2014: 0: finished (67ms, 8cycles)
Sun Mar 23 23:44:30 CET 2014: 0: Solution found.
Sun Mar 23 23:44:30 CET 2014: 1: finished (32ms, 3cycles)
Sun Mar 23 23:44:30 CET 2014: 1: Solution found.
Sun Mar 23 23:44:30 CET 2014: 2: finished (149ms, 17cycles)
Sun Mar 23 23:44:30 CET 2014: 2: Solution found.
Sun Mar 23 23:44:31 CET 2014: 3: finished (107ms, 13cycles)
Sun Mar 23 23:44:31 CET 2014: 3: Solution found.
Sun Mar 23 23:44:31 CET 2014: 4: finished (62ms, 7cycles)
Sun Mar 23 23:44:31 CET 2014: 4: Solution found.
Sun Mar 23 23:44:31 CET 2014: 5: finished (186ms, 22cycles)
Sun Mar 23 23:44:31 CET 2014: 5: Solution found.
Sun Mar 23 23:44:31 CET 2014: 6: finished (155ms, 18cycles)
Sun Mar 23 23:44:31 CET 2014: 6: Solution found.
Sun Mar 23 23:44:31 CET 2014: 7: finished (237ms, 28cycles)
Sun Mar 23 23:44:31 CET 2014: 7: Solution found.
Sun Mar 23 23:44:31 CET 2014: 8: finished (54ms, 6cycles)
Sun Mar 23 23:44:31 CET 2014: 8: Solution found.
Sun Mar 23 23:44:31 CET 2014: 9: finished (88ms, 10cycles)
Sun Mar 23 23:44:31 CET 2014: 9: Solution found.
Sun Mar 23 23:44:31 CET 2014: 10: finished (102ms, 12cycles)
Sun Mar 23 23:44:31 CET 2014: 10: Solution found.
Sun Mar 23 23:44:32 CET 2014: 11: finished (44ms, 5cycles)
Sun Mar 23 23:44:32 CET 2014: 11: Solution found.
Sun Mar 23 23:44:32 CET 2014: 12: finished (78ms, 8cycles)
Sun Mar 23 23:44:32 CET 2014: 12: Solution found.
Sun Mar 23 23:44:32 CET 2014: 13: finished (196ms, 24cycles)
Sun Mar 23 23:44:32 CET 2014: 13: Solution found.
Sun Mar 23 23:44:32 CET 2014: 14: finished (108ms, 12cycles)
Sun Mar 23 23:44:32 CET 2014: 14: Solution found.
Sun Mar 23 23:44:36 CET 2014: 15: finished (3596ms, 500cycles)
Sun Mar 23 23:44:36 CET 2014: 15: No solution found.
Sun Mar 23 23:44:36 CET 2014: 16: finished (144ms, 16cycles)
Sun Mar 23 23:44:36 CET 2014: 16: Solution found.
Sun Mar 23 23:44:36 CET 2014: 17: finished (79ms, 9cycles)
Sun Mar 23 23:44:36 CET 2014: 17: Solution found.
Sun Mar 23 23:44:36 CET 2014: 18: finished (126ms, 15cycles)
Sun Mar 23 23:44:36 CET 2014: 18: Solution found.
Sun Mar 23 23:44:36 CET 2014: 19: finished (144ms, 17cycles)
Sun Mar 23 23:44:36 CET 2014: 19: Solution found.
Sun Mar 23 23:44:36 CET 2014: 20: finished (55ms, 5cycles)
Sun Mar 23 23:44:36 CET 2014: 20: Solution found.
Sun Mar 23 23:44:36 CET 2014: 21: finished (200ms, 25cycles)
Sun Mar 23 23:44:36 CET 2014: 21: Solution found.
Sun Mar 23 23:44:36 CET 2014: 22: finished (187ms, 22cycles)
Sun Mar 23 23:44:36 CET 2014: 22: Solution found.
Sun Mar 23 23:44:36 CET 2014: 23: finished (40ms, 4cycles)
Sun Mar 23 23:44:36 CET 2014: 23: Solution found.
Sun Mar 23 23:44:37 CET 2014: 24: finished (76ms, 9cycles)
Sun Mar 23 23:44:37 CET 2014: 24: Solution found.
Sun Mar 23 23:44:37 CET 2014: 25: finished (134ms, 15cycles)
Sun Mar 23 23:44:37 CET 2014: 25: Solution found.
Sun Mar 23 23:44:37 CET 2014: 26: finished (62ms, 7cycles)
Sun Mar 23 23:44:37 CET 2014: 26: Solution found.
Sun Mar 23 23:44:37 CET 2014: 27: finished (109ms, 13cycles)
Sun Mar 23 23:44:37 CET 2014: 27: Solution found.
Sun Mar 23 23:44:40 CET 2014: 28: finished (3583ms, 500cycles)
Sun Mar 23 23:44:40 CET 2014: 28: No solution found.
Sun Mar 23 23:44:41 CET 2014: 29: finished (85ms, 10cycles)
Sun Mar 23 23:44:41 CET 2014: 29: Solution found.
Sun Mar 23 23:44:41 CET 2014: 30: finished (267ms, 30cycles)
Sun Mar 23 23:44:41 CET 2014: 30: Solution found.
Sun Mar 23 23:44:41 CET 2014: 31: finished (241ms, 31cycles)
Sun Mar 23 23:44:41 CET 2014: 31: Solution found.
Sun Mar 23 23:44:41 CET 2014: 32: finished (283ms, 35cycles)
Sun Mar 23 23:44:41 CET 2014: 32: Solution found.
Sun Mar 23 23:44:41 CET 2014: 33: finished (160ms, 19cycles)
Sun Mar 23 23:44:41 CET 2014: 33: Solution found.
Sun Mar 23 23:44:42 CET 2014: 34: finished (345ms, 42cycles)
Sun Mar 23 23:44:42 CET 2014: 34: Solution found.
Sun Mar 23 23:44:42 CET 2014: 35: finished (37ms, 4cycles)
Sun Mar 23 23:44:42 CET 2014: 35: Solution found.
Sun Mar 23 23:44:42 CET 2014: 36: finished (61ms, 7cycles)
Sun Mar 23 23:44:42 CET 2014: 36: Solution found.
Sun Mar 23 23:44:42 CET 2014: 37: finished (59ms, 7cycles)
Sun Mar 23 23:44:42 CET 2014: 37: Solution found.
Sun Mar 23 23:44:42 CET 2014: 38: finished (177ms, 22cycles)
Sun Mar 23 23:44:42 CET 2014: 38: Solution found.
Sun Mar 23 23:44:42 CET 2014: 39: finished (150ms, 18cycles)
Sun Mar 23 23:44:42 CET 2014: 39: Solution found.
Sun Mar 23 23:44:42 CET 2014: 40: finished (25ms, 2cycles)
Sun Mar 23 23:44:42 CET 2014: 40: Solution found.
Sun Mar 23 23:44:42 CET 2014: 41: finished (131ms, 16cycles)
Sun Mar 23 23:44:42 CET 2014: 41: Solution found.
Sun Mar 23 23:44:43 CET 2014: 42: finished (172ms, 21cycles)
Sun Mar 23 23:44:43 CET 2014: 42: Solution found.
Sun Mar 23 23:44:43 CET 2014: 43: finished (157ms, 19cycles)
Sun Mar 23 23:44:43 CET 2014: 43: Solution found.
Sun Mar 23 23:44:46 CET 2014: 44: finished (3611ms, 500cycles)
Sun Mar 23 23:44:46 CET 2014: 44: No solution found.
Sun Mar 23 23:44:47 CET 2014: 45: finished (91ms, 11cycles)
Sun Mar 23 23:44:47 CET 2014: 45: Solution found.
Sun Mar 23 23:44:47 CET 2014: 46: finished (77ms, 9cycles)
Sun Mar 23 23:44:47 CET 2014: 46: Solution found.
Sun Mar 23 23:44:47 CET 2014: 47: finished (138ms, 16cycles)
Sun Mar 23 23:44:47 CET 2014: 47: Solution found.
Sun Mar 23 23:44:47 CET 2014: 48: finished (15ms, 1cycles)
Sun Mar 23 23:44:47 CET 2014: 48: Solution found.
Sun Mar 23 23:44:47 CET 2014: 49: finished (219ms, 26cycles)
Sun Mar 23 23:44:47 CET 2014: 49: Solution found.
Sun Mar 23 23:44:47 CET 2014: 50: finished (59ms, 7cycles)
Sun Mar 23 23:44:47 CET 2014: 50: Solution found.
Sun Mar 23 23:44:47 CET 2014: 51: finished (113ms, 14cycles)
Sun Mar 23 23:44:47 CET 2014: 51: Solution found.
Sun Mar 23 23:44:47 CET 2014: 52: finished (45ms, 5cycles)
Sun Mar 23 23:44:47 CET 2014: 52: Solution found.
Sun Mar 23 23:44:47 CET 2014: 53: finished (16ms, 1cycles)
Sun Mar 23 23:44:47 CET 2014: 53: Solution found.
Sun Mar 23 23:44:47 CET 2014: 54: finished (117ms, 14cycles)
Sun Mar 23 23:44:47 CET 2014: 54: Solution found.
Sun Mar 23 23:44:47 CET 2014: 55: finished (70ms, 8cycles)
Sun Mar 23 23:44:47 CET 2014: 55: Solution found.
Sun Mar 23 23:44:48 CET 2014: 56: finished (183ms, 20cycles)
Sun Mar 23 23:44:48 CET 2014: 56: Solution found.
Sun Mar 23 23:44:48 CET 2014: 57: finished (45ms, 5cycles)
Sun Mar 23 23:44:48 CET 2014: 57: Solution found.
Sun Mar 23 23:44:48 CET 2014: 58: finished (23ms, 2cycles)
Sun Mar 23 23:44:48 CET 2014: 58: Solution found.
Sun Mar 23 23:44:48 CET 2014: 59: finished (106ms, 13cycles)
Sun Mar 23 23:44:48 CET 2014: 59: Solution found.
Sun Mar 23 23:44:48 CET 2014: 60: finished (146ms, 17cycles)
Sun Mar 23 23:44:48 CET 2014: 60: Solution found.
Sun Mar 23 23:44:48 CET 2014: 61: finished (225ms, 26cycles)
Sun Mar 23 23:44:48 CET 2014: 61: Solution found.
Sun Mar 23 23:44:48 CET 2014: 62: finished (233ms, 28cycles)
Sun Mar 23 23:44:48 CET 2014: 62: Solution found.
Sun Mar 23 23:44:48 CET 2014: 63: finished (113ms, 14cycles)
Sun Mar 23 23:44:48 CET 2014: 63: Solution found.
Sun Mar 23 23:44:49 CET 2014: 64: finished (182ms, 22cycles)
Sun Mar 23 23:44:49 CET 2014: 64: Solution found.
Sun Mar 23 23:44:49 CET 2014: 65: finished (170ms, 20cycles)
Sun Mar 23 23:44:49 CET 2014: 65: Solution found.
Sun Mar 23 23:44:49 CET 2014: 66: finished (138ms, 17cycles)
Sun Mar 23 23:44:49 CET 2014: 66: Solution found.
Sun Mar 23 23:44:49 CET 2014: 67: finished (250ms, 30cycles)
Sun Mar 23 23:44:49 CET 2014: 67: Solution found.
Sun Mar 23 23:44:49 CET 2014: 68: finished (68ms, 8cycles)
Sun Mar 23 23:44:49 CET 2014: 68: Solution found.
Sun Mar 23 23:44:49 CET 2014: 69: finished (69ms, 8cycles)
Sun Mar 23 23:44:49 CET 2014: 69: Solution found.
Sun Mar 23 23:44:50 CET 2014: 70: finished (384ms, 45cycles)
Sun Mar 23 23:44:50 CET 2014: 70: Solution found.
Sun Mar 23 23:44:50 CET 2014: 71: finished (69ms, 8cycles)
Sun Mar 23 23:44:50 CET 2014: 71: Solution found.
Sun Mar 23 23:44:50 CET 2014: 72: finished (103ms, 12cycles)
Sun Mar 23 23:44:50 CET 2014: 72: Solution found.
Sun Mar 23 23:44:50 CET 2014: 73: finished (53ms, 6cycles)
Sun Mar 23 23:44:50 CET 2014: 73: Solution found.
Sun Mar 23 23:44:50 CET 2014: 74: finished (122ms, 13cycles)
Sun Mar 23 23:44:50 CET 2014: 74: Solution found.
Sun Mar 23 23:44:50 CET 2014: 75: finished (24ms, 2cycles)
Sun Mar 23 23:44:50 CET 2014: 75: Solution found.
Sun Mar 23 23:44:50 CET 2014: 76: finished (69ms, 8cycles)
Sun Mar 23 23:44:50 CET 2014: 76: Solution found.
Sun Mar 23 23:44:50 CET 2014: 77: finished (99ms, 12cycles)
Sun Mar 23 23:44:50 CET 2014: 77: Solution found.
Sun Mar 23 23:44:50 CET 2014: 78: finished (69ms, 8cycles)
Sun Mar 23 23:44:50 CET 2014: 78: Solution found.
Sun Mar 23 23:44:51 CET 2014: 79: finished (193ms, 23cycles)
Sun Mar 23 23:44:51 CET 2014: 79: Solution found.
Sun Mar 23 23:44:51 CET 2014: 80: finished (30ms, 3cycles)
Sun Mar 23 23:44:51 CET 2014: 80: Solution found.
Sun Mar 23 23:44:54 CET 2014: 81: finished (3593ms, 500cycles)
Sun Mar 23 23:44:54 CET 2014: 81: No solution found.
Sun Mar 23 23:44:54 CET 2014: 82: finished (24ms, 2cycles)
Sun Mar 23 23:44:54 CET 2014: 82: Solution found.
Sun Mar 23 23:44:54 CET 2014: 83: finished (102ms, 11cycles)
Sun Mar 23 23:44:54 CET 2014: 83: Solution found.
Sun Mar 23 23:44:58 CET 2014: 84: finished (3611ms, 500cycles)
Sun Mar 23 23:44:58 CET 2014: 84: No solution found.
Sun Mar 23 23:44:58 CET 2014: 85: finished (24ms, 2cycles)
Sun Mar 23 23:44:58 CET 2014: 85: Solution found.
Sun Mar 23 23:44:58 CET 2014: 86: finished (86ms, 10cycles)
Sun Mar 23 23:44:58 CET 2014: 86: Solution found.
Sun Mar 23 23:45:02 CET 2014: 87: finished (3636ms, 500cycles)
Sun Mar 23 23:45:02 CET 2014: 87: No solution found.
Sun Mar 23 23:45:02 CET 2014: 88: finished (62ms, 7cycles)
Sun Mar 23 23:45:02 CET 2014: 88: Solution found.
Sun Mar 23 23:45:02 CET 2014: 89: finished (70ms, 8cycles)
Sun Mar 23 23:45:02 CET 2014: 89: Solution found.
Sun Mar 23 23:45:02 CET 2014: 90: finished (106ms, 10cycles)
Sun Mar 23 23:45:02 CET 2014: 90: Solution found.
Sun Mar 23 23:45:02 CET 2014: 91: finished (97ms, 11cycles)
Sun Mar 23 23:45:02 CET 2014: 91: Solution found.
Sun Mar 23 23:45:02 CET 2014: 92: finished (24ms, 2cycles)
Sun Mar 23 23:45:02 CET 2014: 92: Solution found.
Sun Mar 23 23:45:02 CET 2014: 93: finished (85ms, 10cycles)
Sun Mar 23 23:45:02 CET 2014: 93: Solution found.
Sun Mar 23 23:45:06 CET 2014: 94: finished (4134ms, 500cycles)
Sun Mar 23 23:45:06 CET 2014: 94: No solution found.
Sun Mar 23 23:45:06 CET 2014: 95: finished (270ms, 34cycles)
Sun Mar 23 23:45:06 CET 2014: 95: Solution found.
Sun Mar 23 23:45:07 CET 2014: 96: finished (62ms, 6cycles)
Sun Mar 23 23:45:07 CET 2014: 96: Solution found.
Sun Mar 23 23:45:07 CET 2014: 97: finished (31ms, 3cycles)
Sun Mar 23 23:45:07 CET 2014: 97: Solution found.
Sun Mar 23 23:45:07 CET 2014: 98: finished (61ms, 7cycles)
Sun Mar 23 23:45:07 CET 2014: 98: Solution found.
Sun Mar 23 23:45:07 CET 2014: 99: finished (79ms, 9cycles)
Sun Mar 23 23:45:07 CET 2014: 99: Solution found.
Sun Mar 23 23:45:07 CET 2014: Solution Found: 93
Sun Mar 23 23:45:07 CET 2014: Avg cycles: 13
Sun Mar 23 23:45:07 CET 2014: Max cycles: 45
Sun Mar 23 23:45:07 CET 2014: Min cycles: 1
Sun Mar 23 23:45:07 CET 2014: No solution found: 7
Sun Mar 23 23:45:07 CET 2014: logging finished. (runtime: 36475ms)
