Mon Mar 24 00:14:41 CET 2014: Problem Count: 100
Mon Mar 24 00:14:41 CET 2014: CandidatesCount: 200
Mon Mar 24 00:14:41 CET 2014: Max Cycles: 500
Mon Mar 24 00:14:41 CET 2014: 0: finished (169ms, 25cycles)
Mon Mar 24 00:14:41 CET 2014: 0: Solution found.
Mon Mar 24 00:14:41 CET 2014: 1: finished (144ms, 21cycles)
Mon Mar 24 00:14:41 CET 2014: 1: Solution found.
Mon Mar 24 00:14:41 CET 2014: 2: finished (106ms, 16cycles)
Mon Mar 24 00:14:41 CET 2014: 2: Solution found.
Mon Mar 24 00:14:41 CET 2014: 3: finished (19ms, 2cycles)
Mon Mar 24 00:14:41 CET 2014: 3: Solution found.
Mon Mar 24 00:14:41 CET 2014: 4: finished (94ms, 12cycles)
Mon Mar 24 00:14:41 CET 2014: 4: Solution found.
Mon Mar 24 00:14:42 CET 2014: 5: finished (247ms, 37cycles)
Mon Mar 24 00:14:42 CET 2014: 5: Solution found.
Mon Mar 24 00:14:42 CET 2014: 6: finished (98ms, 15cycles)
Mon Mar 24 00:14:42 CET 2014: 6: Solution found.
Mon Mar 24 00:14:42 CET 2014: 7: finished (13ms, 1cycles)
Mon Mar 24 00:14:42 CET 2014: 7: Solution found.
Mon Mar 24 00:14:42 CET 2014: 8: finished (181ms, 25cycles)
Mon Mar 24 00:14:42 CET 2014: 8: Solution found.
Mon Mar 24 00:14:42 CET 2014: 9: finished (25ms, 3cycles)
Mon Mar 24 00:14:42 CET 2014: 9: Solution found.
Mon Mar 24 00:14:42 CET 2014: 10: finished (69ms, 10cycles)
Mon Mar 24 00:14:42 CET 2014: 10: Solution found.
Mon Mar 24 00:14:42 CET 2014: 11: finished (164ms, 23cycles)
Mon Mar 24 00:14:42 CET 2014: 11: Solution found.
Mon Mar 24 00:14:42 CET 2014: 12: finished (72ms, 11cycles)
Mon Mar 24 00:14:42 CET 2014: 12: Solution found.
Mon Mar 24 00:14:42 CET 2014: 13: finished (242ms, 37cycles)
Mon Mar 24 00:14:42 CET 2014: 13: Solution found.
Mon Mar 24 00:14:45 CET 2014: 14: finished (2946ms, 500cycles)
Mon Mar 24 00:14:45 CET 2014: 14: No solution found.
Mon Mar 24 00:14:45 CET 2014: 15: finished (37ms, 5cycles)
Mon Mar 24 00:14:45 CET 2014: 15: Solution found.
Mon Mar 24 00:14:45 CET 2014: 16: finished (56ms, 8cycles)
Mon Mar 24 00:14:45 CET 2014: 16: Solution found.
Mon Mar 24 00:14:46 CET 2014: 17: finished (96ms, 14cycles)
Mon Mar 24 00:14:46 CET 2014: 17: Solution found.
Mon Mar 24 00:14:46 CET 2014: 18: finished (205ms, 31cycles)
Mon Mar 24 00:14:46 CET 2014: 18: Solution found.
Mon Mar 24 00:14:46 CET 2014: 19: finished (129ms, 18cycles)
Mon Mar 24 00:14:46 CET 2014: 19: Solution found.
Mon Mar 24 00:14:46 CET 2014: 20: finished (36ms, 5cycles)
Mon Mar 24 00:14:46 CET 2014: 20: Solution found.
Mon Mar 24 00:14:46 CET 2014: 21: finished (37ms, 5cycles)
Mon Mar 24 00:14:46 CET 2014: 21: Solution found.
Mon Mar 24 00:14:46 CET 2014: 22: finished (26ms, 3cycles)
Mon Mar 24 00:14:46 CET 2014: 22: Solution found.
Mon Mar 24 00:14:46 CET 2014: 23: finished (67ms, 9cycles)
Mon Mar 24 00:14:46 CET 2014: 23: Solution found.
Mon Mar 24 00:14:46 CET 2014: 24: finished (99ms, 13cycles)
Mon Mar 24 00:14:46 CET 2014: 24: Solution found.
Mon Mar 24 00:14:46 CET 2014: 25: finished (28ms, 3cycles)
Mon Mar 24 00:14:46 CET 2014: 25: Solution found.
Mon Mar 24 00:14:46 CET 2014: 26: finished (33ms, 4cycles)
Mon Mar 24 00:14:46 CET 2014: 26: Solution found.
Mon Mar 24 00:14:46 CET 2014: 27: finished (52ms, 7cycles)
Mon Mar 24 00:14:46 CET 2014: 27: Solution found.
Mon Mar 24 00:14:46 CET 2014: 28: finished (169ms, 26cycles)
Mon Mar 24 00:14:46 CET 2014: 28: Solution found.
Mon Mar 24 00:14:47 CET 2014: 29: finished (134ms, 18cycles)
Mon Mar 24 00:14:47 CET 2014: 29: Solution found.
Mon Mar 24 00:14:47 CET 2014: 30: finished (69ms, 10cycles)
Mon Mar 24 00:14:47 CET 2014: 30: Solution found.
Mon Mar 24 00:14:47 CET 2014: 31: finished (90ms, 13cycles)
Mon Mar 24 00:14:47 CET 2014: 31: Solution found.
Mon Mar 24 00:14:47 CET 2014: 32: finished (61ms, 9cycles)
Mon Mar 24 00:14:47 CET 2014: 32: Solution found.
Mon Mar 24 00:14:47 CET 2014: 33: finished (87ms, 13cycles)
Mon Mar 24 00:14:47 CET 2014: 33: Solution found.
Mon Mar 24 00:14:47 CET 2014: 34: finished (66ms, 8cycles)
Mon Mar 24 00:14:47 CET 2014: 34: Solution found.
Mon Mar 24 00:14:47 CET 2014: 35: finished (77ms, 11cycles)
Mon Mar 24 00:14:47 CET 2014: 35: Solution found.
Mon Mar 24 00:14:47 CET 2014: 36: finished (20ms, 2cycles)
Mon Mar 24 00:14:47 CET 2014: 36: Solution found.
Mon Mar 24 00:14:47 CET 2014: 37: finished (19ms, 2cycles)
Mon Mar 24 00:14:47 CET 2014: 37: Solution found.
Mon Mar 24 00:14:47 CET 2014: 38: finished (89ms, 12cycles)
Mon Mar 24 00:14:47 CET 2014: 38: Solution found.
Mon Mar 24 00:14:47 CET 2014: 39: finished (30ms, 4cycles)
Mon Mar 24 00:14:47 CET 2014: 39: Solution found.
Mon Mar 24 00:14:47 CET 2014: 40: finished (50ms, 7cycles)
Mon Mar 24 00:14:47 CET 2014: 40: Solution found.
Mon Mar 24 00:14:47 CET 2014: 41: finished (155ms, 23cycles)
Mon Mar 24 00:14:47 CET 2014: 41: Solution found.
Mon Mar 24 00:14:48 CET 2014: 42: finished (151ms, 22cycles)
Mon Mar 24 00:14:48 CET 2014: 42: Solution found.
Mon Mar 24 00:14:48 CET 2014: 43: finished (32ms, 4cycles)
Mon Mar 24 00:14:48 CET 2014: 43: Solution found.
Mon Mar 24 00:14:48 CET 2014: 44: finished (108ms, 15cycles)
Mon Mar 24 00:14:48 CET 2014: 44: Solution found.
Mon Mar 24 00:14:51 CET 2014: 45: finished (2888ms, 500cycles)
Mon Mar 24 00:14:51 CET 2014: 45: No solution found.
Mon Mar 24 00:14:51 CET 2014: 46: finished (106ms, 15cycles)
Mon Mar 24 00:14:51 CET 2014: 46: Solution found.
Mon Mar 24 00:14:51 CET 2014: 47: finished (217ms, 33cycles)
Mon Mar 24 00:14:51 CET 2014: 47: Solution found.
Mon Mar 24 00:14:54 CET 2014: 48: finished (3024ms, 500cycles)
Mon Mar 24 00:14:54 CET 2014: 48: No solution found.
Mon Mar 24 00:14:54 CET 2014: 49: finished (70ms, 10cycles)
Mon Mar 24 00:14:54 CET 2014: 49: Solution found.
Mon Mar 24 00:14:54 CET 2014: 50: finished (116ms, 17cycles)
Mon Mar 24 00:14:54 CET 2014: 50: Solution found.
Mon Mar 24 00:14:54 CET 2014: 51: finished (42ms, 6cycles)
Mon Mar 24 00:14:54 CET 2014: 51: Solution found.
Mon Mar 24 00:14:54 CET 2014: 52: finished (79ms, 10cycles)
Mon Mar 24 00:14:54 CET 2014: 52: Solution found.
Mon Mar 24 00:14:54 CET 2014: 53: finished (155ms, 21cycles)
Mon Mar 24 00:14:54 CET 2014: 53: Solution found.
Mon Mar 24 00:14:54 CET 2014: 54: finished (61ms, 9cycles)
Mon Mar 24 00:14:54 CET 2014: 54: Solution found.
Mon Mar 24 00:14:55 CET 2014: 55: finished (106ms, 16cycles)
Mon Mar 24 00:14:55 CET 2014: 55: Solution found.
Mon Mar 24 00:14:55 CET 2014: 56: finished (55ms, 8cycles)
Mon Mar 24 00:14:55 CET 2014: 56: Solution found.
Mon Mar 24 00:14:55 CET 2014: 57: finished (50ms, 7cycles)
Mon Mar 24 00:14:55 CET 2014: 57: Solution found.
Mon Mar 24 00:14:55 CET 2014: 58: finished (21ms, 1cycles)
Mon Mar 24 00:14:55 CET 2014: 58: Solution found.
Mon Mar 24 00:14:55 CET 2014: 59: finished (136ms, 20cycles)
Mon Mar 24 00:14:55 CET 2014: 59: Solution found.
Mon Mar 24 00:14:55 CET 2014: 60: finished (366ms, 58cycles)
Mon Mar 24 00:14:55 CET 2014: 60: Solution found.
Mon Mar 24 00:14:55 CET 2014: 61: finished (99ms, 15cycles)
Mon Mar 24 00:14:55 CET 2014: 61: Solution found.
Mon Mar 24 00:14:55 CET 2014: 62: finished (119ms, 18cycles)
Mon Mar 24 00:14:55 CET 2014: 62: Solution found.
Mon Mar 24 00:14:56 CET 2014: 63: finished (553ms, 88cycles)
Mon Mar 24 00:14:56 CET 2014: 63: Solution found.
Mon Mar 24 00:14:56 CET 2014: 64: finished (200ms, 30cycles)
Mon Mar 24 00:14:56 CET 2014: 64: Solution found.
Mon Mar 24 00:14:56 CET 2014: 65: finished (25ms, 3cycles)
Mon Mar 24 00:14:56 CET 2014: 65: Solution found.
Mon Mar 24 00:14:56 CET 2014: 66: finished (57ms, 8cycles)
Mon Mar 24 00:14:56 CET 2014: 66: Solution found.
Mon Mar 24 00:14:56 CET 2014: 67: finished (67ms, 9cycles)
Mon Mar 24 00:14:56 CET 2014: 67: Solution found.
Mon Mar 24 00:14:56 CET 2014: 68: finished (129ms, 18cycles)
Mon Mar 24 00:14:56 CET 2014: 68: Solution found.
Mon Mar 24 00:14:59 CET 2014: 69: finished (2926ms, 500cycles)
Mon Mar 24 00:14:59 CET 2014: 69: No solution found.
Mon Mar 24 00:14:59 CET 2014: 70: finished (90ms, 12cycles)
Mon Mar 24 00:14:59 CET 2014: 70: Solution found.
Mon Mar 24 00:15:00 CET 2014: 71: finished (148ms, 23cycles)
Mon Mar 24 00:15:00 CET 2014: 71: Solution found.
Mon Mar 24 00:15:00 CET 2014: 72: finished (53ms, 7cycles)
Mon Mar 24 00:15:00 CET 2014: 72: Solution found.
Mon Mar 24 00:15:00 CET 2014: 73: finished (97ms, 15cycles)
Mon Mar 24 00:15:00 CET 2014: 73: Solution found.
Mon Mar 24 00:15:00 CET 2014: 74: finished (85ms, 13cycles)
Mon Mar 24 00:15:00 CET 2014: 74: Solution found.
Mon Mar 24 00:15:00 CET 2014: 75: finished (19ms, 2cycles)
Mon Mar 24 00:15:00 CET 2014: 75: Solution found.
Mon Mar 24 00:15:00 CET 2014: 76: finished (43ms, 6cycles)
Mon Mar 24 00:15:00 CET 2014: 76: Solution found.
Mon Mar 24 00:15:00 CET 2014: 77: finished (96ms, 13cycles)
Mon Mar 24 00:15:00 CET 2014: 77: Solution found.
Mon Mar 24 00:15:03 CET 2014: 78: finished (2879ms, 500cycles)
Mon Mar 24 00:15:03 CET 2014: 78: No solution found.
Mon Mar 24 00:15:03 CET 2014: 79: finished (221ms, 34cycles)
Mon Mar 24 00:15:03 CET 2014: 79: Solution found.
Mon Mar 24 00:15:03 CET 2014: 80: finished (139ms, 20cycles)
Mon Mar 24 00:15:03 CET 2014: 80: Solution found.
Mon Mar 24 00:15:03 CET 2014: 81: finished (50ms, 7cycles)
Mon Mar 24 00:15:03 CET 2014: 81: Solution found.
Mon Mar 24 00:15:03 CET 2014: 82: finished (45ms, 6cycles)
Mon Mar 24 00:15:03 CET 2014: 82: Solution found.
Mon Mar 24 00:15:03 CET 2014: 83: finished (85ms, 13cycles)
Mon Mar 24 00:15:03 CET 2014: 83: Solution found.
Mon Mar 24 00:15:03 CET 2014: 84: finished (32ms, 4cycles)
Mon Mar 24 00:15:03 CET 2014: 84: Solution found.
Mon Mar 24 00:15:06 CET 2014: 85: finished (3018ms, 500cycles)
Mon Mar 24 00:15:06 CET 2014: 85: No solution found.
Mon Mar 24 00:15:07 CET 2014: 86: finished (83ms, 10cycles)
Mon Mar 24 00:15:07 CET 2014: 86: Solution found.
Mon Mar 24 00:15:07 CET 2014: 87: finished (68ms, 8cycles)
Mon Mar 24 00:15:07 CET 2014: 87: Solution found.
Mon Mar 24 00:15:07 CET 2014: 88: finished (143ms, 20cycles)
Mon Mar 24 00:15:07 CET 2014: 88: Solution found.
Mon Mar 24 00:15:07 CET 2014: 89: finished (101ms, 15cycles)
Mon Mar 24 00:15:07 CET 2014: 89: Solution found.
Mon Mar 24 00:15:07 CET 2014: 90: finished (165ms, 21cycles)
Mon Mar 24 00:15:07 CET 2014: 90: Solution found.
Mon Mar 24 00:15:10 CET 2014: 91: finished (3200ms, 500cycles)
Mon Mar 24 00:15:10 CET 2014: 91: No solution found.
Mon Mar 24 00:15:13 CET 2014: 92: finished (2926ms, 500cycles)
Mon Mar 24 00:15:13 CET 2014: 92: No solution found.
Mon Mar 24 00:15:13 CET 2014: 93: finished (144ms, 22cycles)
Mon Mar 24 00:15:13 CET 2014: 93: Solution found.
Mon Mar 24 00:15:13 CET 2014: 94: finished (42ms, 6cycles)
Mon Mar 24 00:15:13 CET 2014: 94: Solution found.
Mon Mar 24 00:15:13 CET 2014: 95: finished (20ms, 2cycles)
Mon Mar 24 00:15:13 CET 2014: 95: Solution found.
Mon Mar 24 00:15:13 CET 2014: 96: finished (38ms, 5cycles)
Mon Mar 24 00:15:13 CET 2014: 96: Solution found.
Mon Mar 24 00:15:13 CET 2014: 97: finished (42ms, 5cycles)
Mon Mar 24 00:15:13 CET 2014: 97: Solution found.
Mon Mar 24 00:15:14 CET 2014: 98: finished (142ms, 21cycles)
Mon Mar 24 00:15:14 CET 2014: 98: Solution found.
Mon Mar 24 00:15:14 CET 2014: 99: finished (167ms, 25cycles)
Mon Mar 24 00:15:14 CET 2014: 99: Solution found.
Mon Mar 24 00:15:14 CET 2014: Solution Found: 92
Mon Mar 24 00:15:14 CET 2014: Avg cycles: 14
Mon Mar 24 00:15:14 CET 2014: Max cycles: 88
Mon Mar 24 00:15:14 CET 2014: Min cycles: 1
Mon Mar 24 00:15:14 CET 2014: No solution found: 8
Mon Mar 24 00:15:14 CET 2014: logging finished. (runtime: 32965ms)
