Sat Mar 29 22:45:16 CET 2014: Problem Count: 100
Sat Mar 29 22:45:16 CET 2014: CandidatesCount: 100
Sat Mar 29 22:45:16 CET 2014: Max Cycles: 500
Sat Mar 29 22:45:16 CET 2014: 0: finished (120ms, 35cycles)
Sat Mar 29 22:45:16 CET 2014: 0: Solution found.
Sat Mar 29 22:45:16 CET 2014: 1: finished (65ms, 19cycles)
Sat Mar 29 22:45:16 CET 2014: 1: Solution found.
Sat Mar 29 22:45:17 CET 2014: 2: finished (1479ms, 500cycles)
Sat Mar 29 22:45:17 CET 2014: 2: No solution found.
Sat Mar 29 22:45:17 CET 2014: 3: finished (48ms, 15cycles)
Sat Mar 29 22:45:17 CET 2014: 3: Solution found.
Sat Mar 29 22:45:19 CET 2014: 4: finished (1469ms, 500cycles)
Sat Mar 29 22:45:19 CET 2014: 4: No solution found.
Sat Mar 29 22:45:19 CET 2014: 5: finished (126ms, 38cycles)
Sat Mar 29 22:45:19 CET 2014: 5: Solution found.
Sat Mar 29 22:45:19 CET 2014: 6: finished (60ms, 18cycles)
Sat Mar 29 22:45:19 CET 2014: 6: Solution found.
Sat Mar 29 22:45:21 CET 2014: 7: finished (1666ms, 500cycles)
Sat Mar 29 22:45:21 CET 2014: 7: No solution found.
Sat Mar 29 22:45:21 CET 2014: 8: finished (87ms, 22cycles)
Sat Mar 29 22:45:21 CET 2014: 8: Solution found.
Sat Mar 29 22:45:21 CET 2014: 9: finished (66ms, 18cycles)
Sat Mar 29 22:45:21 CET 2014: 9: Solution found.
Sat Mar 29 22:45:21 CET 2014: 10: finished (56ms, 14cycles)
Sat Mar 29 22:45:21 CET 2014: 10: Solution found.
Sat Mar 29 22:45:22 CET 2014: 11: finished (1483ms, 500cycles)
Sat Mar 29 22:45:22 CET 2014: 11: No solution found.
Sat Mar 29 22:45:22 CET 2014: 12: finished (18ms, 5cycles)
Sat Mar 29 22:45:22 CET 2014: 12: Solution found.
Sat Mar 29 22:45:22 CET 2014: 13: finished (35ms, 10cycles)
Sat Mar 29 22:45:22 CET 2014: 13: Solution found.
Sat Mar 29 22:45:22 CET 2014: 14: finished (44ms, 13cycles)
Sat Mar 29 22:45:22 CET 2014: 14: Solution found.
Sat Mar 29 22:45:22 CET 2014: 15: finished (29ms, 8cycles)
Sat Mar 29 22:45:22 CET 2014: 15: Solution found.
Sat Mar 29 22:45:22 CET 2014: 16: finished (40ms, 11cycles)
Sat Mar 29 22:45:22 CET 2014: 16: Solution found.
Sat Mar 29 22:45:22 CET 2014: 17: finished (15ms, 4cycles)
Sat Mar 29 22:45:22 CET 2014: 17: Solution found.
Sat Mar 29 22:45:23 CET 2014: 18: finished (53ms, 15cycles)
Sat Mar 29 22:45:23 CET 2014: 18: Solution found.
Sat Mar 29 22:45:23 CET 2014: 19: finished (26ms, 7cycles)
Sat Mar 29 22:45:23 CET 2014: 19: Solution found.
Sat Mar 29 22:45:23 CET 2014: 20: finished (44ms, 13cycles)
Sat Mar 29 22:45:23 CET 2014: 20: Solution found.
Sat Mar 29 22:45:23 CET 2014: 21: finished (14ms, 3cycles)
Sat Mar 29 22:45:23 CET 2014: 21: Solution found.
Sat Mar 29 22:45:24 CET 2014: 22: finished (1470ms, 500cycles)
Sat Mar 29 22:45:24 CET 2014: 22: No solution found.
Sat Mar 29 22:45:24 CET 2014: 23: finished (78ms, 25cycles)
Sat Mar 29 22:45:24 CET 2014: 23: Solution found.
Sat Mar 29 22:45:26 CET 2014: 24: finished (1647ms, 500cycles)
Sat Mar 29 22:45:26 CET 2014: 24: No solution found.
Sat Mar 29 22:45:27 CET 2014: 25: finished (1669ms, 500cycles)
Sat Mar 29 22:45:27 CET 2014: 25: No solution found.
Sat Mar 29 22:45:29 CET 2014: 26: finished (1547ms, 500cycles)
Sat Mar 29 22:45:29 CET 2014: 26: No solution found.
Sat Mar 29 22:45:29 CET 2014: 27: finished (95ms, 26cycles)
Sat Mar 29 22:45:29 CET 2014: 27: Solution found.
Sat Mar 29 22:45:29 CET 2014: 28: finished (101ms, 25cycles)
Sat Mar 29 22:45:29 CET 2014: 28: Solution found.
Sat Mar 29 22:45:31 CET 2014: 29: finished (1530ms, 500cycles)
Sat Mar 29 22:45:31 CET 2014: 29: No solution found.
Sat Mar 29 22:45:31 CET 2014: 30: finished (39ms, 11cycles)
Sat Mar 29 22:45:31 CET 2014: 30: Solution found.
Sat Mar 29 22:45:31 CET 2014: 31: finished (14ms, 3cycles)
Sat Mar 29 22:45:31 CET 2014: 31: Solution found.
Sat Mar 29 22:45:31 CET 2014: 32: finished (147ms, 36cycles)
Sat Mar 29 22:45:31 CET 2014: 32: Solution found.
Sat Mar 29 22:45:32 CET 2014: 33: finished (1544ms, 500cycles)
Sat Mar 29 22:45:32 CET 2014: 33: No solution found.
Sat Mar 29 22:45:33 CET 2014: 34: finished (63ms, 17cycles)
Sat Mar 29 22:45:33 CET 2014: 34: Solution found.
Sat Mar 29 22:45:33 CET 2014: 35: finished (49ms, 14cycles)
Sat Mar 29 22:45:33 CET 2014: 35: Solution found.
Sat Mar 29 22:45:34 CET 2014: 36: finished (1522ms, 500cycles)
Sat Mar 29 22:45:34 CET 2014: 36: No solution found.
Sat Mar 29 22:45:34 CET 2014: 37: finished (16ms, 4cycles)
Sat Mar 29 22:45:34 CET 2014: 37: Solution found.
Sat Mar 29 22:45:36 CET 2014: 38: finished (1508ms, 500cycles)
Sat Mar 29 22:45:36 CET 2014: 38: No solution found.
Sat Mar 29 22:45:37 CET 2014: 39: finished (1470ms, 500cycles)
Sat Mar 29 22:45:37 CET 2014: 39: No solution found.
Sat Mar 29 22:45:39 CET 2014: 40: finished (1518ms, 500cycles)
Sat Mar 29 22:45:39 CET 2014: 40: No solution found.
Sat Mar 29 22:45:39 CET 2014: 41: finished (35ms, 10cycles)
Sat Mar 29 22:45:39 CET 2014: 41: Solution found.
Sat Mar 29 22:45:39 CET 2014: 42: finished (204ms, 60cycles)
Sat Mar 29 22:45:39 CET 2014: 42: Solution found.
Sat Mar 29 22:45:39 CET 2014: 43: finished (68ms, 20cycles)
Sat Mar 29 22:45:39 CET 2014: 43: Solution found.
Sat Mar 29 22:45:40 CET 2014: 44: finished (1513ms, 500cycles)
Sat Mar 29 22:45:40 CET 2014: 44: No solution found.
Sat Mar 29 22:45:40 CET 2014: 45: finished (40ms, 12cycles)
Sat Mar 29 22:45:40 CET 2014: 45: Solution found.
Sat Mar 29 22:45:41 CET 2014: 46: finished (28ms, 8cycles)
Sat Mar 29 22:45:41 CET 2014: 46: Solution found.
Sat Mar 29 22:45:41 CET 2014: 47: finished (44ms, 12cycles)
Sat Mar 29 22:45:41 CET 2014: 47: Solution found.
Sat Mar 29 22:45:41 CET 2014: 48: finished (103ms, 29cycles)
Sat Mar 29 22:45:41 CET 2014: 48: Solution found.
Sat Mar 29 22:45:41 CET 2014: 49: finished (43ms, 12cycles)
Sat Mar 29 22:45:41 CET 2014: 49: Solution found.
Sat Mar 29 22:45:41 CET 2014: 50: finished (101ms, 30cycles)
Sat Mar 29 22:45:41 CET 2014: 50: Solution found.
Sat Mar 29 22:45:41 CET 2014: 51: finished (56ms, 16cycles)
Sat Mar 29 22:45:41 CET 2014: 51: Solution found.
Sat Mar 29 22:45:42 CET 2014: 52: finished (1490ms, 500cycles)
Sat Mar 29 22:45:42 CET 2014: 52: No solution found.
Sat Mar 29 22:45:44 CET 2014: 53: finished (1475ms, 500cycles)
Sat Mar 29 22:45:44 CET 2014: 53: No solution found.
Sat Mar 29 22:45:45 CET 2014: 54: finished (1541ms, 500cycles)
Sat Mar 29 22:45:45 CET 2014: 54: No solution found.
Sat Mar 29 22:45:47 CET 2014: 55: finished (1490ms, 500cycles)
Sat Mar 29 22:45:47 CET 2014: 55: No solution found.
Sat Mar 29 22:45:48 CET 2014: 56: finished (1509ms, 500cycles)
Sat Mar 29 22:45:48 CET 2014: 56: No solution found.
Sat Mar 29 22:45:48 CET 2014: 57: finished (77ms, 24cycles)
Sat Mar 29 22:45:48 CET 2014: 57: Solution found.
Sat Mar 29 22:45:49 CET 2014: 58: finished (135ms, 37cycles)
Sat Mar 29 22:45:49 CET 2014: 58: Solution found.
Sat Mar 29 22:45:49 CET 2014: 59: finished (113ms, 34cycles)
Sat Mar 29 22:45:49 CET 2014: 59: Solution found.
Sat Mar 29 22:45:50 CET 2014: 60: finished (1522ms, 500cycles)
Sat Mar 29 22:45:50 CET 2014: 60: No solution found.
Sat Mar 29 22:45:50 CET 2014: 61: finished (126ms, 36cycles)
Sat Mar 29 22:45:50 CET 2014: 61: Solution found.
Sat Mar 29 22:45:50 CET 2014: 62: finished (43ms, 12cycles)
Sat Mar 29 22:45:50 CET 2014: 62: Solution found.
Sat Mar 29 22:45:50 CET 2014: 63: finished (35ms, 10cycles)
Sat Mar 29 22:45:50 CET 2014: 63: Solution found.
Sat Mar 29 22:45:52 CET 2014: 64: finished (1520ms, 500cycles)
Sat Mar 29 22:45:52 CET 2014: 64: No solution found.
Sat Mar 29 22:45:53 CET 2014: 65: finished (1493ms, 500cycles)
Sat Mar 29 22:45:53 CET 2014: 65: No solution found.
Sat Mar 29 22:45:55 CET 2014: 66: finished (1499ms, 500cycles)
Sat Mar 29 22:45:55 CET 2014: 66: No solution found.
Sat Mar 29 22:45:55 CET 2014: 67: finished (58ms, 16cycles)
Sat Mar 29 22:45:55 CET 2014: 67: Solution found.
Sat Mar 29 22:45:55 CET 2014: 68: finished (130ms, 39cycles)
Sat Mar 29 22:45:55 CET 2014: 68: Solution found.
Sat Mar 29 22:45:55 CET 2014: 69: finished (59ms, 17cycles)
Sat Mar 29 22:45:55 CET 2014: 69: Solution found.
Sat Mar 29 22:45:57 CET 2014: 70: finished (1482ms, 500cycles)
Sat Mar 29 22:45:57 CET 2014: 70: No solution found.
Sat Mar 29 22:45:58 CET 2014: 71: finished (1487ms, 500cycles)
Sat Mar 29 22:45:58 CET 2014: 71: No solution found.
Sat Mar 29 22:45:58 CET 2014: 72: finished (72ms, 21cycles)
Sat Mar 29 22:45:58 CET 2014: 72: Solution found.
Sat Mar 29 22:45:58 CET 2014: 73: finished (43ms, 12cycles)
Sat Mar 29 22:45:58 CET 2014: 73: Solution found.
Sat Mar 29 22:45:58 CET 2014: 74: finished (54ms, 16cycles)
Sat Mar 29 22:45:58 CET 2014: 74: Solution found.
Sat Mar 29 22:45:58 CET 2014: 75: finished (66ms, 19cycles)
Sat Mar 29 22:45:58 CET 2014: 75: Solution found.
Sat Mar 29 22:45:58 CET 2014: 76: finished (98ms, 29cycles)
Sat Mar 29 22:45:58 CET 2014: 76: Solution found.
Sat Mar 29 22:45:59 CET 2014: 77: finished (55ms, 16cycles)
Sat Mar 29 22:45:59 CET 2014: 77: Solution found.
Sat Mar 29 22:45:59 CET 2014: 78: finished (30ms, 8cycles)
Sat Mar 29 22:45:59 CET 2014: 78: Solution found.
Sat Mar 29 22:46:00 CET 2014: 79: finished (1516ms, 500cycles)
Sat Mar 29 22:46:00 CET 2014: 79: No solution found.
Sat Mar 29 22:46:00 CET 2014: 80: finished (178ms, 57cycles)
Sat Mar 29 22:46:00 CET 2014: 80: Solution found.
Sat Mar 29 22:46:00 CET 2014: 81: finished (133ms, 38cycles)
Sat Mar 29 22:46:00 CET 2014: 81: Solution found.
Sat Mar 29 22:46:02 CET 2014: 82: finished (1507ms, 500cycles)
Sat Mar 29 22:46:02 CET 2014: 82: No solution found.
Sat Mar 29 22:46:02 CET 2014: 83: finished (27ms, 6cycles)
Sat Mar 29 22:46:02 CET 2014: 83: Solution found.
Sat Mar 29 22:46:02 CET 2014: 84: finished (16ms, 4cycles)
Sat Mar 29 22:46:02 CET 2014: 84: Solution found.
Sat Mar 29 22:46:02 CET 2014: 85: finished (68ms, 19cycles)
Sat Mar 29 22:46:02 CET 2014: 85: Solution found.
Sat Mar 29 22:46:02 CET 2014: 86: finished (129ms, 37cycles)
Sat Mar 29 22:46:02 CET 2014: 86: Solution found.
Sat Mar 29 22:46:02 CET 2014: 87: finished (54ms, 15cycles)
Sat Mar 29 22:46:02 CET 2014: 87: Solution found.
Sat Mar 29 22:46:02 CET 2014: 88: finished (49ms, 14cycles)
Sat Mar 29 22:46:02 CET 2014: 88: Solution found.
Sat Mar 29 22:46:04 CET 2014: 89: finished (1488ms, 500cycles)
Sat Mar 29 22:46:04 CET 2014: 89: No solution found.
Sat Mar 29 22:46:05 CET 2014: 90: finished (1520ms, 500cycles)
Sat Mar 29 22:46:05 CET 2014: 90: No solution found.
Sat Mar 29 22:46:05 CET 2014: 91: finished (71ms, 20cycles)
Sat Mar 29 22:46:05 CET 2014: 91: Solution found.
Sat Mar 29 22:46:07 CET 2014: 92: finished (1511ms, 500cycles)
Sat Mar 29 22:46:07 CET 2014: 92: No solution found.
Sat Mar 29 22:46:08 CET 2014: 93: finished (1514ms, 500cycles)
Sat Mar 29 22:46:08 CET 2014: 93: No solution found.
Sat Mar 29 22:46:08 CET 2014: 94: finished (47ms, 14cycles)
Sat Mar 29 22:46:08 CET 2014: 94: Solution found.
Sat Mar 29 22:46:08 CET 2014: 95: finished (62ms, 18cycles)
Sat Mar 29 22:46:08 CET 2014: 95: Solution found.
Sat Mar 29 22:46:10 CET 2014: 96: finished (1540ms, 500cycles)
Sat Mar 29 22:46:10 CET 2014: 96: No solution found.
Sat Mar 29 22:46:10 CET 2014: 97: finished (47ms, 14cycles)
Sat Mar 29 22:46:10 CET 2014: 97: Solution found.
Sat Mar 29 22:46:12 CET 2014: 98: finished (1499ms, 500cycles)
Sat Mar 29 22:46:12 CET 2014: 98: No solution found.
Sat Mar 29 22:46:12 CET 2014: 99: finished (6ms, 1cycles)
Sat Mar 29 22:46:12 CET 2014: 99: Solution found.
Sat Mar 29 22:46:12 CET 2014: Solution Found: 66
Sat Mar 29 22:46:12 CET 2014: Avg cycles: 18
Sat Mar 29 22:46:12 CET 2014: Max cycles: 60
Sat Mar 29 22:46:12 CET 2014: Min cycles: 1
Sat Mar 29 22:46:12 CET 2014: No solution found: 34
Sat Mar 29 22:46:12 CET 2014: logging finished. (runtime: 56017ms)
