Sun Jan 26 01:59:21 CET 2014: Problem Count: 250
Sun Jan 26 01:59:21 CET 2014: CandidatesCount: 200
Sun Jan 26 01:59:21 CET 2014: Max Cycles: 500
Sun Jan 26 01:59:22 CET 2014: 0: finished (621ms, 15cycles)
Sun Jan 26 01:59:22 CET 2014: 0: Solution found.
Sun Jan 26 01:59:22 CET 2014: 1: finished (203ms, 5cycles)
Sun Jan 26 01:59:22 CET 2014: 1: Solution found.
Sun Jan 26 01:59:22 CET 2014: 2: finished (538ms, 14cycles)
Sun Jan 26 01:59:22 CET 2014: 2: Solution found.
Sun Jan 26 01:59:23 CET 2014: 3: finished (417ms, 11cycles)
Sun Jan 26 01:59:23 CET 2014: 3: Solution found.
Sun Jan 26 01:59:23 CET 2014: 4: finished (235ms, 6cycles)
Sun Jan 26 01:59:23 CET 2014: 4: Solution found.
Sun Jan 26 01:59:23 CET 2014: 5: finished (214ms, 5cycles)
Sun Jan 26 01:59:23 CET 2014: 5: Solution found.
Sun Jan 26 01:59:50 CET 2014: 6: finished (26735ms, 500cycles)
Sun Jan 26 01:59:50 CET 2014: 6: No solution found.
Sun Jan 26 01:59:50 CET 2014: 7: finished (404ms, 10cycles)
Sun Jan 26 01:59:50 CET 2014: 7: Solution found.
Sun Jan 26 01:59:50 CET 2014: 8: finished (211ms, 5cycles)
Sun Jan 26 01:59:50 CET 2014: 8: Solution found.
Sun Jan 26 01:59:51 CET 2014: 9: finished (234ms, 6cycles)
Sun Jan 26 01:59:51 CET 2014: 9: Solution found.
Sun Jan 26 01:59:51 CET 2014: 10: finished (318ms, 8cycles)
Sun Jan 26 01:59:51 CET 2014: 10: Solution found.
Sun Jan 26 01:59:52 CET 2014: 11: finished (599ms, 16cycles)
Sun Jan 26 01:59:52 CET 2014: 11: Solution found.
Sun Jan 26 01:59:52 CET 2014: 12: finished (69ms, 1cycles)
Sun Jan 26 01:59:52 CET 2014: 12: Solution found.
Sun Jan 26 01:59:52 CET 2014: 13: finished (420ms, 11cycles)
Sun Jan 26 01:59:52 CET 2014: 13: Solution found.
Sun Jan 26 01:59:53 CET 2014: 14: finished (548ms, 14cycles)
Sun Jan 26 01:59:53 CET 2014: 14: Solution found.
Sun Jan 26 01:59:53 CET 2014: 15: finished (244ms, 6cycles)
Sun Jan 26 01:59:53 CET 2014: 15: Solution found.
Sun Jan 26 01:59:54 CET 2014: 16: finished (1439ms, 38cycles)
Sun Jan 26 01:59:54 CET 2014: 16: Solution found.
Sun Jan 26 01:59:55 CET 2014: 17: finished (636ms, 9cycles)
Sun Jan 26 01:59:55 CET 2014: 17: Solution found.
Sun Jan 26 01:59:56 CET 2014: 18: finished (720ms, 6cycles)
Sun Jan 26 01:59:56 CET 2014: 18: Solution found.
Sun Jan 26 01:59:57 CET 2014: 19: finished (1019ms, 9cycles)
Sun Jan 26 01:59:57 CET 2014: 19: Solution found.
Sun Jan 26 01:59:57 CET 2014: 20: finished (362ms, 2cycles)
Sun Jan 26 01:59:57 CET 2014: 20: Solution found.
Sun Jan 26 01:59:58 CET 2014: 21: finished (1237ms, 11cycles)
Sun Jan 26 01:59:58 CET 2014: 21: Solution found.
Sun Jan 26 02:00:00 CET 2014: 22: finished (1690ms, 15cycles)
Sun Jan 26 02:00:00 CET 2014: 22: Solution found.
Sun Jan 26 02:00:01 CET 2014: 23: finished (860ms, 10cycles)
Sun Jan 26 02:00:01 CET 2014: 23: Solution found.
Sun Jan 26 02:00:02 CET 2014: 24: finished (923ms, 24cycles)
Sun Jan 26 02:00:02 CET 2014: 24: Solution found.
Sun Jan 26 02:00:03 CET 2014: 25: finished (944ms, 25cycles)
Sun Jan 26 02:00:03 CET 2014: 25: Solution found.
Sun Jan 26 02:00:04 CET 2014: 26: finished (817ms, 22cycles)
Sun Jan 26 02:00:04 CET 2014: 26: Solution found.
Sun Jan 26 02:00:04 CET 2014: 27: finished (121ms, 2cycles)
Sun Jan 26 02:00:04 CET 2014: 27: Solution found.
Sun Jan 26 02:00:04 CET 2014: 28: finished (613ms, 16cycles)
Sun Jan 26 02:00:04 CET 2014: 28: Solution found.
Sun Jan 26 02:00:05 CET 2014: 29: finished (474ms, 12cycles)
Sun Jan 26 02:00:05 CET 2014: 29: Solution found.
Sun Jan 26 02:00:05 CET 2014: 30: finished (567ms, 14cycles)
Sun Jan 26 02:00:05 CET 2014: 30: Solution found.
Sun Jan 26 02:00:06 CET 2014: 31: finished (172ms, 3cycles)
Sun Jan 26 02:00:06 CET 2014: 31: Solution found.
Sun Jan 26 02:00:06 CET 2014: 32: finished (276ms, 6cycles)
Sun Jan 26 02:00:06 CET 2014: 32: Solution found.
Sun Jan 26 02:00:07 CET 2014: 33: finished (856ms, 23cycles)
Sun Jan 26 02:00:07 CET 2014: 33: Solution found.
Sun Jan 26 02:00:08 CET 2014: 34: finished (1235ms, 33cycles)
Sun Jan 26 02:00:08 CET 2014: 34: Solution found.
Sun Jan 26 02:00:09 CET 2014: 35: finished (746ms, 19cycles)
Sun Jan 26 02:00:09 CET 2014: 35: Solution found.
Sun Jan 26 02:00:09 CET 2014: 36: finished (255ms, 6cycles)
Sun Jan 26 02:00:09 CET 2014: 36: Solution found.
Sun Jan 26 02:00:09 CET 2014: 37: finished (550ms, 14cycles)
Sun Jan 26 02:00:09 CET 2014: 37: Solution found.
Sun Jan 26 02:00:10 CET 2014: 38: finished (253ms, 6cycles)
Sun Jan 26 02:00:10 CET 2014: 38: Solution found.
Sun Jan 26 02:00:10 CET 2014: 39: finished (409ms, 7cycles)
Sun Jan 26 02:00:10 CET 2014: 39: Solution found.
Sun Jan 26 02:00:12 CET 2014: 40: finished (1746ms, 17cycles)
Sun Jan 26 02:00:12 CET 2014: 40: Solution found.
Sun Jan 26 02:00:13 CET 2014: 41: finished (1036ms, 9cycles)
Sun Jan 26 02:00:13 CET 2014: 41: Solution found.
Sun Jan 26 02:00:13 CET 2014: 42: finished (514ms, 4cycles)
Sun Jan 26 02:00:13 CET 2014: 42: Solution found.
Sun Jan 26 02:00:16 CET 2014: 43: finished (2316ms, 21cycles)
Sun Jan 26 02:00:16 CET 2014: 43: Solution found.
Sun Jan 26 02:00:17 CET 2014: 44: finished (817ms, 16cycles)
Sun Jan 26 02:00:17 CET 2014: 44: Solution found.
Sun Jan 26 02:00:17 CET 2014: 45: finished (475ms, 12cycles)
Sun Jan 26 02:00:17 CET 2014: 45: Solution found.
Sun Jan 26 02:00:18 CET 2014: 46: finished (733ms, 19cycles)
Sun Jan 26 02:00:18 CET 2014: 46: Solution found.
Sun Jan 26 02:00:18 CET 2014: 47: finished (704ms, 19cycles)
Sun Jan 26 02:00:18 CET 2014: 47: Solution found.
Sun Jan 26 02:00:20 CET 2014: 48: finished (1553ms, 42cycles)
Sun Jan 26 02:00:20 CET 2014: 48: Solution found.
Sun Jan 26 02:00:20 CET 2014: 49: finished (180ms, 4cycles)
Sun Jan 26 02:00:20 CET 2014: 49: Solution found.
Sun Jan 26 02:00:22 CET 2014: 50: finished (1364ms, 37cycles)
Sun Jan 26 02:00:22 CET 2014: 50: Solution found.
Sun Jan 26 02:00:22 CET 2014: 51: finished (103ms, 2cycles)
Sun Jan 26 02:00:22 CET 2014: 51: Solution found.
Sun Jan 26 02:00:22 CET 2014: 52: finished (247ms, 6cycles)
Sun Jan 26 02:00:22 CET 2014: 52: Solution found.
Sun Jan 26 02:00:24 CET 2014: 53: finished (1696ms, 46cycles)
Sun Jan 26 02:00:24 CET 2014: 53: Solution found.
Sun Jan 26 02:00:24 CET 2014: 54: finished (419ms, 11cycles)
Sun Jan 26 02:00:24 CET 2014: 54: Solution found.
Sun Jan 26 02:00:25 CET 2014: 55: finished (534ms, 14cycles)
Sun Jan 26 02:00:25 CET 2014: 55: Solution found.
Sun Jan 26 02:00:25 CET 2014: 56: finished (413ms, 11cycles)
Sun Jan 26 02:00:25 CET 2014: 56: Solution found.
Sun Jan 26 02:00:26 CET 2014: 57: finished (1232ms, 16cycles)
Sun Jan 26 02:00:26 CET 2014: 57: Solution found.
Sun Jan 26 02:00:31 CET 2014: 58: finished (4494ms, 43cycles)
Sun Jan 26 02:00:31 CET 2014: 58: Solution found.
Sun Jan 26 02:00:51 CET 2014: 59: finished (20739ms, 500cycles)
Sun Jan 26 02:00:51 CET 2014: 59: No solution found.
Sun Jan 26 02:00:52 CET 2014: 60: finished (287ms, 7cycles)
Sun Jan 26 02:00:52 CET 2014: 60: Solution found.
Sun Jan 26 02:00:53 CET 2014: 61: finished (1034ms, 28cycles)
Sun Jan 26 02:00:53 CET 2014: 61: Solution found.
Sun Jan 26 02:00:53 CET 2014: 62: finished (453ms, 12cycles)
Sun Jan 26 02:00:53 CET 2014: 62: Solution found.
Sun Jan 26 02:00:53 CET 2014: 63: finished (248ms, 6cycles)
Sun Jan 26 02:00:53 CET 2014: 63: Solution found.
Sun Jan 26 02:00:54 CET 2014: 64: finished (477ms, 12cycles)
Sun Jan 26 02:00:54 CET 2014: 64: Solution found.
Sun Jan 26 02:00:55 CET 2014: 65: finished (593ms, 15cycles)
Sun Jan 26 02:00:55 CET 2014: 65: Solution found.
Sun Jan 26 02:00:55 CET 2014: 66: finished (652ms, 17cycles)
Sun Jan 26 02:00:55 CET 2014: 66: Solution found.
Sun Jan 26 02:00:55 CET 2014: 67: finished (140ms, 3cycles)
Sun Jan 26 02:00:55 CET 2014: 67: Solution found.
Sun Jan 26 02:00:56 CET 2014: 68: finished (688ms, 17cycles)
Sun Jan 26 02:00:56 CET 2014: 68: Solution found.
Sun Jan 26 02:01:03 CET 2014: 69: finished (7168ms, 87cycles)
Sun Jan 26 02:01:03 CET 2014: 69: Solution found.
Sun Jan 26 02:01:04 CET 2014: 70: finished (940ms, 25cycles)
Sun Jan 26 02:01:04 CET 2014: 70: Solution found.
Sun Jan 26 02:01:05 CET 2014: 71: finished (600ms, 16cycles)
Sun Jan 26 02:01:05 CET 2014: 71: Solution found.
Sun Jan 26 02:01:05 CET 2014: 72: finished (454ms, 11cycles)
Sun Jan 26 02:01:05 CET 2014: 72: Solution found.
Sun Jan 26 02:01:05 CET 2014: 73: finished (213ms, 5cycles)
Sun Jan 26 02:01:05 CET 2014: 73: Solution found.
Sun Jan 26 02:01:06 CET 2014: 74: finished (451ms, 11cycles)
Sun Jan 26 02:01:06 CET 2014: 74: Solution found.
Sun Jan 26 02:01:06 CET 2014: 75: finished (327ms, 8cycles)
Sun Jan 26 02:01:06 CET 2014: 75: Solution found.
Sun Jan 26 02:01:07 CET 2014: 76: finished (642ms, 16cycles)
Sun Jan 26 02:01:07 CET 2014: 76: Solution found.
Sun Jan 26 02:01:08 CET 2014: 77: finished (851ms, 22cycles)
Sun Jan 26 02:01:08 CET 2014: 77: Solution found.
Sun Jan 26 02:01:08 CET 2014: 78: finished (348ms, 8cycles)
Sun Jan 26 02:01:08 CET 2014: 78: Solution found.
Sun Jan 26 02:01:08 CET 2014: 79: finished (301ms, 7cycles)
Sun Jan 26 02:01:08 CET 2014: 79: Solution found.
Sun Jan 26 02:01:09 CET 2014: 80: finished (384ms, 10cycles)
Sun Jan 26 02:01:09 CET 2014: 80: Solution found.
Sun Jan 26 02:01:09 CET 2014: 81: finished (416ms, 11cycles)
Sun Jan 26 02:01:09 CET 2014: 81: Solution found.
Sun Jan 26 02:01:09 CET 2014: 82: finished (292ms, 7cycles)
Sun Jan 26 02:01:09 CET 2014: 82: Solution found.
Sun Jan 26 02:01:11 CET 2014: 83: finished (1100ms, 29cycles)
Sun Jan 26 02:01:11 CET 2014: 83: Solution found.
Sun Jan 26 02:01:11 CET 2014: 84: finished (362ms, 9cycles)
Sun Jan 26 02:01:11 CET 2014: 84: Solution found.
Sun Jan 26 02:01:11 CET 2014: 85: finished (292ms, 7cycles)
Sun Jan 26 02:01:11 CET 2014: 85: Solution found.
Sun Jan 26 02:01:14 CET 2014: 86: finished (2555ms, 26cycles)
Sun Jan 26 02:01:14 CET 2014: 86: Solution found.
Sun Jan 26 02:01:15 CET 2014: 87: finished (1726ms, 16cycles)
Sun Jan 26 02:01:15 CET 2014: 87: Solution found.
Sun Jan 26 02:01:16 CET 2014: 88: finished (503ms, 4cycles)
Sun Jan 26 02:01:16 CET 2014: 88: Solution found.
Sun Jan 26 02:01:17 CET 2014: 89: finished (599ms, 5cycles)
Sun Jan 26 02:01:17 CET 2014: 89: Solution found.
Sun Jan 26 02:01:18 CET 2014: 90: finished (1206ms, 16cycles)
Sun Jan 26 02:01:18 CET 2014: 90: Solution found.
Sun Jan 26 02:01:19 CET 2014: 91: finished (852ms, 23cycles)
Sun Jan 26 02:01:19 CET 2014: 91: Solution found.
Sun Jan 26 02:01:19 CET 2014: 92: finished (381ms, 10cycles)
Sun Jan 26 02:01:19 CET 2014: 92: Solution found.
Sun Jan 26 02:01:19 CET 2014: 93: finished (499ms, 13cycles)
Sun Jan 26 02:01:19 CET 2014: 93: Solution found.
Sun Jan 26 02:01:20 CET 2014: 94: finished (144ms, 3cycles)
Sun Jan 26 02:01:20 CET 2014: 94: Solution found.
Sun Jan 26 02:01:20 CET 2014: 95: finished (243ms, 6cycles)
Sun Jan 26 02:01:20 CET 2014: 95: Solution found.
Sun Jan 26 02:01:20 CET 2014: 96: finished (324ms, 8cycles)
Sun Jan 26 02:01:20 CET 2014: 96: Solution found.
Sun Jan 26 02:01:20 CET 2014: 97: finished (105ms, 2cycles)
Sun Jan 26 02:01:20 CET 2014: 97: Solution found.
Sun Jan 26 02:01:21 CET 2014: 98: finished (551ms, 14cycles)
Sun Jan 26 02:01:21 CET 2014: 98: Solution found.
Sun Jan 26 02:01:21 CET 2014: 99: finished (315ms, 8cycles)
Sun Jan 26 02:01:21 CET 2014: 99: Solution found.
Sun Jan 26 02:01:21 CET 2014: Solution Found: 98
Sun Jan 26 02:01:21 CET 2014: Avg cycles: 14
Sun Jan 26 02:01:21 CET 2014: Max cycles: 87
Sun Jan 26 02:01:21 CET 2014: Min cycles: 1
Sun Jan 26 02:01:21 CET 2014: No solution found: 2
Sun Jan 26 02:01:21 CET 2014: logging finished. (runtime: 120245ms)
