Sat Jan 25 17:19:01 CET 2014: Problem Count: 100
Sat Jan 25 17:19:01 CET 2014: CandidatesCount: 250
Sat Jan 25 17:19:01 CET 2014: Max Cycles: 500
Sat Jan 25 17:19:01 CET 2014: 0: finished (177ms, 6cycles)
Sat Jan 25 17:19:01 CET 2014: 0: Solution found.
Sat Jan 25 17:19:01 CET 2014: 1: finished (441ms, 17cycles)
Sat Jan 25 17:19:01 CET 2014: 1: Solution found.
Sat Jan 25 17:19:02 CET 2014: 2: finished (245ms, 9cycles)
Sat Jan 25 17:19:02 CET 2014: 2: Solution found.
Sat Jan 25 17:19:02 CET 2014: 3: finished (663ms, 24cycles)
Sat Jan 25 17:19:02 CET 2014: 3: Solution found.
Sat Jan 25 17:19:03 CET 2014: 4: finished (451ms, 16cycles)
Sat Jan 25 17:19:03 CET 2014: 4: Solution found.
Sat Jan 25 17:19:03 CET 2014: 5: finished (510ms, 20cycles)
Sat Jan 25 17:19:03 CET 2014: 5: Solution found.
Sat Jan 25 17:19:03 CET 2014: 6: finished (153ms, 5cycles)
Sat Jan 25 17:19:03 CET 2014: 6: Solution found.
Sat Jan 25 17:19:04 CET 2014: 7: finished (303ms, 11cycles)
Sat Jan 25 17:19:04 CET 2014: 7: Solution found.
Sat Jan 25 17:19:04 CET 2014: 8: finished (220ms, 8cycles)
Sat Jan 25 17:19:04 CET 2014: 8: Solution found.
Sat Jan 25 17:19:04 CET 2014: 9: finished (76ms, 2cycles)
Sat Jan 25 17:19:04 CET 2014: 9: Solution found.
Sat Jan 25 17:19:15 CET 2014: 10: finished (11522ms, 500cycles)
Sat Jan 25 17:19:15 CET 2014: 10: No solution found.
Sat Jan 25 17:19:16 CET 2014: 11: finished (196ms, 6cycles)
Sat Jan 25 17:19:16 CET 2014: 11: Solution found.
Sat Jan 25 17:19:16 CET 2014: 12: finished (177ms, 6cycles)
Sat Jan 25 17:19:16 CET 2014: 12: Solution found.
Sat Jan 25 17:19:16 CET 2014: 13: finished (150ms, 5cycles)
Sat Jan 25 17:19:16 CET 2014: 13: Solution found.
Sat Jan 25 17:19:17 CET 2014: 14: finished (542ms, 20cycles)
Sat Jan 25 17:19:17 CET 2014: 14: Solution found.
Sat Jan 25 17:19:28 CET 2014: 15: finished (11480ms, 500cycles)
Sat Jan 25 17:19:28 CET 2014: 15: No solution found.
Sat Jan 25 17:19:28 CET 2014: 16: finished (232ms, 8cycles)
Sat Jan 25 17:19:28 CET 2014: 16: Solution found.
Sat Jan 25 17:19:29 CET 2014: 17: finished (429ms, 16cycles)
Sat Jan 25 17:19:29 CET 2014: 17: Solution found.
Sat Jan 25 17:19:29 CET 2014: 18: finished (229ms, 8cycles)
Sat Jan 25 17:19:29 CET 2014: 18: Solution found.
Sat Jan 25 17:19:29 CET 2014: 19: finished (347ms, 13cycles)
Sat Jan 25 17:19:29 CET 2014: 19: Solution found.
Sat Jan 25 17:19:41 CET 2014: 20: finished (11401ms, 500cycles)
Sat Jan 25 17:19:41 CET 2014: 20: No solution found.
Sat Jan 25 17:19:41 CET 2014: 21: finished (78ms, 2cycles)
Sat Jan 25 17:19:41 CET 2014: 21: Solution found.
Sat Jan 25 17:19:41 CET 2014: 22: finished (222ms, 8cycles)
Sat Jan 25 17:19:41 CET 2014: 22: Solution found.
Sat Jan 25 17:19:52 CET 2014: 23: finished (11419ms, 500cycles)
Sat Jan 25 17:19:52 CET 2014: 23: No solution found.
Sat Jan 25 17:19:53 CET 2014: 24: finished (146ms, 5cycles)
Sat Jan 25 17:19:53 CET 2014: 24: Solution found.
Sat Jan 25 17:19:53 CET 2014: 25: finished (382ms, 14cycles)
Sat Jan 25 17:19:53 CET 2014: 25: Solution found.
Sat Jan 25 17:19:53 CET 2014: 26: finished (396ms, 14cycles)
Sat Jan 25 17:19:53 CET 2014: 26: Solution found.
Sat Jan 25 17:19:55 CET 2014: 27: finished (1797ms, 74cycles)
Sat Jan 25 17:19:55 CET 2014: 27: Solution found.
Sat Jan 25 17:19:55 CET 2014: 28: finished (238ms, 6cycles)
Sat Jan 25 17:19:55 CET 2014: 28: Solution found.
Sat Jan 25 17:19:56 CET 2014: 29: finished (297ms, 9cycles)
Sat Jan 25 17:19:56 CET 2014: 29: Solution found.
Sat Jan 25 17:19:56 CET 2014: 30: finished (74ms, 2cycles)
Sat Jan 25 17:19:56 CET 2014: 30: Solution found.
Sat Jan 25 17:19:56 CET 2014: 31: finished (50ms, 1cycles)
Sat Jan 25 17:19:56 CET 2014: 31: Solution found.
Sat Jan 25 17:19:56 CET 2014: 32: finished (50ms, 1cycles)
Sat Jan 25 17:19:56 CET 2014: 32: Solution found.
Sat Jan 25 17:19:56 CET 2014: 33: finished (414ms, 15cycles)
Sat Jan 25 17:19:56 CET 2014: 33: Solution found.
Sat Jan 25 17:19:56 CET 2014: 34: finished (225ms, 8cycles)
Sat Jan 25 17:19:56 CET 2014: 34: Solution found.
Sat Jan 25 17:19:57 CET 2014: 35: finished (260ms, 9cycles)
Sat Jan 25 17:19:57 CET 2014: 35: Solution found.
Sat Jan 25 17:19:57 CET 2014: 36: finished (74ms, 2cycles)
Sat Jan 25 17:19:57 CET 2014: 36: Solution found.
Sat Jan 25 17:19:57 CET 2014: 37: finished (424ms, 16cycles)
Sat Jan 25 17:19:57 CET 2014: 37: Solution found.
Sat Jan 25 17:19:58 CET 2014: 38: finished (351ms, 13cycles)
Sat Jan 25 17:19:58 CET 2014: 38: Solution found.
Sat Jan 25 17:19:58 CET 2014: 39: finished (198ms, 7cycles)
Sat Jan 25 17:19:58 CET 2014: 39: Solution found.
Sat Jan 25 17:19:58 CET 2014: 40: finished (296ms, 12cycles)
Sat Jan 25 17:19:58 CET 2014: 40: Solution found.
Sat Jan 25 17:19:58 CET 2014: 41: finished (106ms, 4cycles)
Sat Jan 25 17:19:58 CET 2014: 41: Solution found.
Sat Jan 25 17:19:59 CET 2014: 42: finished (452ms, 19cycles)
Sat Jan 25 17:19:59 CET 2014: 42: Solution found.
Sat Jan 25 17:19:59 CET 2014: 43: finished (263ms, 11cycles)
Sat Jan 25 17:19:59 CET 2014: 43: Solution found.
Sat Jan 25 17:20:00 CET 2014: 44: finished (1230ms, 55cycles)
Sat Jan 25 17:20:00 CET 2014: 44: Solution found.
Sat Jan 25 17:20:01 CET 2014: 45: finished (364ms, 15cycles)
Sat Jan 25 17:20:01 CET 2014: 45: Solution found.
Sat Jan 25 17:20:01 CET 2014: 46: finished (696ms, 30cycles)
Sat Jan 25 17:20:01 CET 2014: 46: Solution found.
Sat Jan 25 17:20:01 CET 2014: 47: finished (296ms, 12cycles)
Sat Jan 25 17:20:01 CET 2014: 47: Solution found.
Sat Jan 25 17:20:02 CET 2014: 48: finished (299ms, 12cycles)
Sat Jan 25 17:20:02 CET 2014: 48: Solution found.
Sat Jan 25 17:20:02 CET 2014: 49: finished (44ms, 1cycles)
Sat Jan 25 17:20:02 CET 2014: 49: Solution found.
Sat Jan 25 17:20:02 CET 2014: 50: finished (261ms, 11cycles)
Sat Jan 25 17:20:02 CET 2014: 50: Solution found.
Sat Jan 25 17:20:02 CET 2014: 51: finished (150ms, 6cycles)
Sat Jan 25 17:20:02 CET 2014: 51: Solution found.
Sat Jan 25 17:20:02 CET 2014: 52: finished (45ms, 1cycles)
Sat Jan 25 17:20:02 CET 2014: 52: Solution found.
Sat Jan 25 17:20:03 CET 2014: 53: finished (452ms, 19cycles)
Sat Jan 25 17:20:03 CET 2014: 53: Solution found.
Sat Jan 25 17:20:03 CET 2014: 54: finished (434ms, 19cycles)
Sat Jan 25 17:20:03 CET 2014: 54: Solution found.
Sat Jan 25 17:20:03 CET 2014: 55: finished (45ms, 1cycles)
Sat Jan 25 17:20:03 CET 2014: 55: Solution found.
Sat Jan 25 17:20:04 CET 2014: 56: finished (351ms, 15cycles)
Sat Jan 25 17:20:04 CET 2014: 56: Solution found.
Sat Jan 25 17:20:04 CET 2014: 57: finished (223ms, 9cycles)
Sat Jan 25 17:20:04 CET 2014: 57: Solution found.
Sat Jan 25 17:20:04 CET 2014: 58: finished (238ms, 10cycles)
Sat Jan 25 17:20:04 CET 2014: 58: Solution found.
Sat Jan 25 17:20:05 CET 2014: 59: finished (1071ms, 47cycles)
Sat Jan 25 17:20:05 CET 2014: 59: Solution found.
Sat Jan 25 17:20:05 CET 2014: 60: finished (250ms, 10cycles)
Sat Jan 25 17:20:05 CET 2014: 60: Solution found.
Sat Jan 25 17:20:06 CET 2014: 61: finished (152ms, 6cycles)
Sat Jan 25 17:20:06 CET 2014: 61: Solution found.
Sat Jan 25 17:20:06 CET 2014: 62: finished (241ms, 10cycles)
Sat Jan 25 17:20:06 CET 2014: 62: Solution found.
Sat Jan 25 17:20:06 CET 2014: 63: finished (302ms, 12cycles)
Sat Jan 25 17:20:06 CET 2014: 63: Solution found.
Sat Jan 25 17:20:06 CET 2014: 64: finished (165ms, 7cycles)
Sat Jan 25 17:20:06 CET 2014: 64: Solution found.
Sat Jan 25 17:20:06 CET 2014: 65: finished (179ms, 7cycles)
Sat Jan 25 17:20:06 CET 2014: 65: Solution found.
Sat Jan 25 17:20:06 CET 2014: 66: finished (66ms, 2cycles)
Sat Jan 25 17:20:06 CET 2014: 66: Solution found.
Sat Jan 25 17:20:07 CET 2014: 67: finished (260ms, 11cycles)
Sat Jan 25 17:20:07 CET 2014: 67: Solution found.
Sat Jan 25 17:20:07 CET 2014: 68: finished (443ms, 19cycles)
Sat Jan 25 17:20:07 CET 2014: 68: Solution found.
Sat Jan 25 17:20:08 CET 2014: 69: finished (332ms, 14cycles)
Sat Jan 25 17:20:08 CET 2014: 69: Solution found.
Sat Jan 25 17:20:08 CET 2014: 70: finished (372ms, 17cycles)
Sat Jan 25 17:20:08 CET 2014: 70: Solution found.
Sat Jan 25 17:20:08 CET 2014: 71: finished (315ms, 13cycles)
Sat Jan 25 17:20:08 CET 2014: 71: Solution found.
Sat Jan 25 17:20:09 CET 2014: 72: finished (470ms, 21cycles)
Sat Jan 25 17:20:09 CET 2014: 72: Solution found.
Sat Jan 25 17:20:09 CET 2014: 73: finished (229ms, 10cycles)
Sat Jan 25 17:20:09 CET 2014: 73: Solution found.
Sat Jan 25 17:20:09 CET 2014: 74: finished (485ms, 20cycles)
Sat Jan 25 17:20:09 CET 2014: 74: Solution found.
Sat Jan 25 17:20:10 CET 2014: 75: finished (498ms, 20cycles)
Sat Jan 25 17:20:10 CET 2014: 75: Solution found.
Sat Jan 25 17:20:10 CET 2014: 76: finished (395ms, 17cycles)
Sat Jan 25 17:20:10 CET 2014: 76: Solution found.
Sat Jan 25 17:20:11 CET 2014: 77: finished (366ms, 16cycles)
Sat Jan 25 17:20:11 CET 2014: 77: Solution found.
Sat Jan 25 17:20:11 CET 2014: 78: finished (329ms, 14cycles)
Sat Jan 25 17:20:11 CET 2014: 78: Solution found.
Sat Jan 25 17:20:11 CET 2014: 79: finished (467ms, 21cycles)
Sat Jan 25 17:20:11 CET 2014: 79: Solution found.
Sat Jan 25 17:20:12 CET 2014: 80: finished (210ms, 8cycles)
Sat Jan 25 17:20:12 CET 2014: 80: Solution found.
Sat Jan 25 17:20:12 CET 2014: 81: finished (176ms, 7cycles)
Sat Jan 25 17:20:12 CET 2014: 81: Solution found.
Sat Jan 25 17:20:12 CET 2014: 82: finished (278ms, 12cycles)
Sat Jan 25 17:20:12 CET 2014: 82: Solution found.
Sat Jan 25 17:20:12 CET 2014: 83: finished (130ms, 5cycles)
Sat Jan 25 17:20:12 CET 2014: 83: Solution found.
Sat Jan 25 17:20:13 CET 2014: 84: finished (644ms, 27cycles)
Sat Jan 25 17:20:13 CET 2014: 84: Solution found.
Sat Jan 25 17:20:13 CET 2014: 85: finished (150ms, 5cycles)
Sat Jan 25 17:20:13 CET 2014: 85: Solution found.
Sat Jan 25 17:20:13 CET 2014: 86: finished (438ms, 15cycles)
Sat Jan 25 17:20:13 CET 2014: 86: Solution found.
Sat Jan 25 17:20:14 CET 2014: 87: finished (278ms, 10cycles)
Sat Jan 25 17:20:14 CET 2014: 87: Solution found.
Sat Jan 25 17:20:14 CET 2014: 88: finished (558ms, 21cycles)
Sat Jan 25 17:20:14 CET 2014: 88: Solution found.
Sat Jan 25 17:20:15 CET 2014: 89: finished (561ms, 23cycles)
Sat Jan 25 17:20:15 CET 2014: 89: Solution found.
Sat Jan 25 17:20:15 CET 2014: 90: finished (392ms, 16cycles)
Sat Jan 25 17:20:15 CET 2014: 90: Solution found.
Sat Jan 25 17:20:15 CET 2014: 91: finished (109ms, 4cycles)
Sat Jan 25 17:20:15 CET 2014: 91: Solution found.
Sat Jan 25 17:20:16 CET 2014: 92: finished (175ms, 7cycles)
Sat Jan 25 17:20:16 CET 2014: 92: Solution found.
Sat Jan 25 17:20:16 CET 2014: 93: finished (306ms, 13cycles)
Sat Jan 25 17:20:16 CET 2014: 93: Solution found.
Sat Jan 25 17:20:16 CET 2014: 94: finished (102ms, 4cycles)
Sat Jan 25 17:20:16 CET 2014: 94: Solution found.
Sat Jan 25 17:20:17 CET 2014: 95: finished (1131ms, 51cycles)
Sat Jan 25 17:20:17 CET 2014: 95: Solution found.
Sat Jan 25 17:20:17 CET 2014: 96: finished (66ms, 2cycles)
Sat Jan 25 17:20:17 CET 2014: 96: Solution found.
Sat Jan 25 17:20:17 CET 2014: 97: finished (291ms, 12cycles)
Sat Jan 25 17:20:17 CET 2014: 97: Solution found.
Sat Jan 25 17:20:18 CET 2014: 98: finished (315ms, 13cycles)
Sat Jan 25 17:20:18 CET 2014: 98: Solution found.
Sat Jan 25 17:20:18 CET 2014: 99: finished (104ms, 4cycles)
Sat Jan 25 17:20:18 CET 2014: 99: Solution found.
Sat Jan 25 17:20:18 CET 2014: Solution Found: 96
Sat Jan 25 17:20:18 CET 2014: Avg cycles: 12
Sat Jan 25 17:20:18 CET 2014: Max cycles: 74
Sat Jan 25 17:20:18 CET 2014: Min cycles: 1
Sat Jan 25 17:20:18 CET 2014: No solution found: 4
Sat Jan 25 17:20:18 CET 2014: logging finished. (runtime: 77145ms)
