Sun Mar 23 21:06:51 CET 2014: Problem Count: 200
Sun Mar 23 21:06:51 CET 2014: CandidatesCount: 150
Sun Mar 23 21:06:51 CET 2014: Max Cycles: 500
Sun Mar 23 21:06:51 CET 2014: 0: finished (198ms, 11cycles)
Sun Mar 23 21:06:51 CET 2014: 0: Solution found.
Sun Mar 23 21:06:52 CET 2014: 1: finished (254ms, 15cycles)
Sun Mar 23 21:06:52 CET 2014: 1: Solution found.
Sun Mar 23 21:06:52 CET 2014: 2: finished (275ms, 15cycles)
Sun Mar 23 21:06:52 CET 2014: 2: Solution found.
Sun Mar 23 21:06:52 CET 2014: 3: finished (504ms, 30cycles)
Sun Mar 23 21:06:52 CET 2014: 3: Solution found.
Sun Mar 23 21:06:53 CET 2014: 4: finished (180ms, 10cycles)
Sun Mar 23 21:06:53 CET 2014: 4: Solution found.
Sun Mar 23 21:06:53 CET 2014: 5: finished (79ms, 4cycles)
Sun Mar 23 21:06:53 CET 2014: 5: Solution found.
Sun Mar 23 21:06:53 CET 2014: 6: finished (93ms, 5cycles)
Sun Mar 23 21:06:53 CET 2014: 6: Solution found.
Sun Mar 23 21:06:53 CET 2014: 7: finished (318ms, 18cycles)
Sun Mar 23 21:06:53 CET 2014: 7: Solution found.
Sun Mar 23 21:06:53 CET 2014: 8: finished (361ms, 21cycles)
Sun Mar 23 21:06:53 CET 2014: 8: Solution found.
Sun Mar 23 21:06:53 CET 2014: 9: finished (87ms, 5cycles)
Sun Mar 23 21:06:53 CET 2014: 9: Solution found.
Sun Mar 23 21:07:01 CET 2014: 10: finished (7438ms, 500cycles)
Sun Mar 23 21:07:01 CET 2014: 10: No solution found.
Sun Mar 23 21:07:01 CET 2014: 11: finished (233ms, 13cycles)
Sun Mar 23 21:07:01 CET 2014: 11: Solution found.
Sun Mar 23 21:07:02 CET 2014: 12: finished (380ms, 23cycles)
Sun Mar 23 21:07:02 CET 2014: 12: Solution found.
Sun Mar 23 21:07:09 CET 2014: 13: finished (7438ms, 500cycles)
Sun Mar 23 21:07:09 CET 2014: 13: No solution found.
Sun Mar 23 21:07:10 CET 2014: 14: finished (1501ms, 90cycles)
Sun Mar 23 21:07:10 CET 2014: 14: Solution found.
Sun Mar 23 21:07:11 CET 2014: 15: finished (227ms, 13cycles)
Sun Mar 23 21:07:11 CET 2014: 15: Solution found.
Sun Mar 23 21:07:11 CET 2014: 16: finished (634ms, 36cycles)
Sun Mar 23 21:07:11 CET 2014: 16: Solution found.
Sun Mar 23 21:07:12 CET 2014: 17: finished (239ms, 14cycles)
Sun Mar 23 21:07:12 CET 2014: 17: Solution found.
Sun Mar 23 21:07:12 CET 2014: 18: finished (126ms, 7cycles)
Sun Mar 23 21:07:12 CET 2014: 18: Solution found.
Sun Mar 23 21:07:12 CET 2014: 19: finished (159ms, 9cycles)
Sun Mar 23 21:07:12 CET 2014: 19: Solution found.
Sun Mar 23 21:07:12 CET 2014: 20: finished (264ms, 15cycles)
Sun Mar 23 21:07:12 CET 2014: 20: Solution found.
Sun Mar 23 21:07:13 CET 2014: 21: finished (406ms, 24cycles)
Sun Mar 23 21:07:13 CET 2014: 21: Solution found.
Sun Mar 23 21:07:13 CET 2014: 22: finished (161ms, 9cycles)
Sun Mar 23 21:07:13 CET 2014: 22: Solution found.
Sun Mar 23 21:07:13 CET 2014: 23: finished (62ms, 3cycles)
Sun Mar 23 21:07:13 CET 2014: 23: Solution found.
Sun Mar 23 21:07:13 CET 2014: 24: finished (92ms, 5cycles)
Sun Mar 23 21:07:13 CET 2014: 24: Solution found.
Sun Mar 23 21:07:13 CET 2014: 25: finished (208ms, 12cycles)
Sun Mar 23 21:07:13 CET 2014: 25: Solution found.
Sun Mar 23 21:07:13 CET 2014: 26: finished (240ms, 13cycles)
Sun Mar 23 21:07:13 CET 2014: 26: Solution found.
Sun Mar 23 21:07:14 CET 2014: 27: finished (278ms, 16cycles)
Sun Mar 23 21:07:14 CET 2014: 27: Solution found.
Sun Mar 23 21:07:14 CET 2014: 28: finished (95ms, 5cycles)
Sun Mar 23 21:07:14 CET 2014: 28: Solution found.
Sun Mar 23 21:07:14 CET 2014: 29: finished (356ms, 21cycles)
Sun Mar 23 21:07:14 CET 2014: 29: Solution found.
Sun Mar 23 21:07:21 CET 2014: 30: finished (7353ms, 500cycles)
Sun Mar 23 21:07:21 CET 2014: 30: No solution found.
Sun Mar 23 21:07:21 CET 2014: 31: finished (79ms, 4cycles)
Sun Mar 23 21:07:21 CET 2014: 31: Solution found.
Sun Mar 23 21:07:23 CET 2014: 32: finished (1704ms, 101cycles)
Sun Mar 23 21:07:23 CET 2014: 32: Solution found.
Sun Mar 23 21:07:31 CET 2014: 33: finished (7555ms, 500cycles)
Sun Mar 23 21:07:31 CET 2014: 33: No solution found.
Sun Mar 23 21:07:38 CET 2014: 34: finished (7346ms, 500cycles)
Sun Mar 23 21:07:38 CET 2014: 34: No solution found.
Sun Mar 23 21:07:46 CET 2014: 35: finished (7436ms, 500cycles)
Sun Mar 23 21:07:46 CET 2014: 35: No solution found.
Sun Mar 23 21:07:53 CET 2014: 36: finished (7402ms, 500cycles)
Sun Mar 23 21:07:53 CET 2014: 36: No solution found.
Sun Mar 23 21:07:53 CET 2014: 37: finished (103ms, 6cycles)
Sun Mar 23 21:07:53 CET 2014: 37: Solution found.
Sun Mar 23 21:08:00 CET 2014: 38: finished (7339ms, 500cycles)
Sun Mar 23 21:08:00 CET 2014: 38: No solution found.
Sun Mar 23 21:08:01 CET 2014: 39: finished (456ms, 27cycles)
Sun Mar 23 21:08:01 CET 2014: 39: Solution found.
Sun Mar 23 21:08:01 CET 2014: 40: finished (194ms, 11cycles)
Sun Mar 23 21:08:01 CET 2014: 40: Solution found.
Sun Mar 23 21:08:02 CET 2014: 41: finished (819ms, 49cycles)
Sun Mar 23 21:08:02 CET 2014: 41: Solution found.
Sun Mar 23 21:08:02 CET 2014: 42: finished (179ms, 10cycles)
Sun Mar 23 21:08:02 CET 2014: 42: Solution found.
Sun Mar 23 21:08:02 CET 2014: 43: finished (290ms, 17cycles)
Sun Mar 23 21:08:02 CET 2014: 43: Solution found.
Sun Mar 23 21:08:03 CET 2014: 44: finished (405ms, 24cycles)
Sun Mar 23 21:08:03 CET 2014: 44: Solution found.
Sun Mar 23 21:08:03 CET 2014: 45: finished (235ms, 13cycles)
Sun Mar 23 21:08:03 CET 2014: 45: Solution found.
Sun Mar 23 21:08:03 CET 2014: 46: finished (575ms, 34cycles)
Sun Mar 23 21:08:03 CET 2014: 46: Solution found.
Sun Mar 23 21:08:04 CET 2014: 47: finished (320ms, 18cycles)
Sun Mar 23 21:08:04 CET 2014: 47: Solution found.
Sun Mar 23 21:08:12 CET 2014: 48: finished (8363ms, 500cycles)
Sun Mar 23 21:08:12 CET 2014: 48: No solution found.
Sun Mar 23 21:08:20 CET 2014: 49: finished (7619ms, 500cycles)
Sun Mar 23 21:08:20 CET 2014: 49: No solution found.
Sun Mar 23 21:08:20 CET 2014: 50: finished (226ms, 12cycles)
Sun Mar 23 21:08:20 CET 2014: 50: Solution found.
Sun Mar 23 21:08:20 CET 2014: 51: finished (275ms, 15cycles)
Sun Mar 23 21:08:20 CET 2014: 51: Solution found.
Sun Mar 23 21:08:21 CET 2014: 52: finished (586ms, 33cycles)
Sun Mar 23 21:08:21 CET 2014: 52: Solution found.
Sun Mar 23 21:08:21 CET 2014: 53: finished (396ms, 23cycles)
Sun Mar 23 21:08:21 CET 2014: 53: Solution found.
Sun Mar 23 21:08:29 CET 2014: 54: finished (8028ms, 500cycles)
Sun Mar 23 21:08:29 CET 2014: 54: No solution found.
Sun Mar 23 21:08:30 CET 2014: 55: finished (196ms, 10cycles)
Sun Mar 23 21:08:30 CET 2014: 55: Solution found.
Sun Mar 23 21:08:37 CET 2014: 56: finished (7376ms, 500cycles)
Sun Mar 23 21:08:37 CET 2014: 56: No solution found.
Sun Mar 23 21:08:37 CET 2014: 57: finished (242ms, 13cycles)
Sun Mar 23 21:08:37 CET 2014: 57: Solution found.
Sun Mar 23 21:08:45 CET 2014: 58: finished (7564ms, 500cycles)
Sun Mar 23 21:08:45 CET 2014: 58: No solution found.
Sun Mar 23 21:08:45 CET 2014: 59: finished (265ms, 15cycles)
Sun Mar 23 21:08:45 CET 2014: 59: Solution found.
Sun Mar 23 21:08:45 CET 2014: 60: finished (161ms, 9cycles)
Sun Mar 23 21:08:45 CET 2014: 60: Solution found.
Sun Mar 23 21:08:46 CET 2014: 61: finished (701ms, 43cycles)
Sun Mar 23 21:08:46 CET 2014: 61: Solution found.
Sun Mar 23 21:08:46 CET 2014: 62: finished (213ms, 11cycles)
Sun Mar 23 21:08:46 CET 2014: 62: Solution found.
Sun Mar 23 21:08:55 CET 2014: 63: finished (8666ms, 500cycles)
Sun Mar 23 21:08:55 CET 2014: 63: No solution found.
Sun Mar 23 21:09:02 CET 2014: 64: finished (7464ms, 500cycles)
Sun Mar 23 21:09:02 CET 2014: 64: No solution found.
Sun Mar 23 21:09:02 CET 2014: 65: finished (273ms, 16cycles)
Sun Mar 23 21:09:02 CET 2014: 65: Solution found.
Sun Mar 23 21:09:03 CET 2014: 66: finished (200ms, 11cycles)
Sun Mar 23 21:09:03 CET 2014: 66: Solution found.
Sun Mar 23 21:09:03 CET 2014: 67: finished (420ms, 25cycles)
Sun Mar 23 21:09:03 CET 2014: 67: Solution found.
Sun Mar 23 21:09:03 CET 2014: 68: finished (401ms, 24cycles)
Sun Mar 23 21:09:03 CET 2014: 68: Solution found.
Sun Mar 23 21:09:12 CET 2014: 69: finished (8207ms, 500cycles)
Sun Mar 23 21:09:12 CET 2014: 69: No solution found.
Sun Mar 23 21:09:19 CET 2014: 70: finished (7399ms, 500cycles)
Sun Mar 23 21:09:19 CET 2014: 70: No solution found.
Sun Mar 23 21:09:19 CET 2014: 71: finished (195ms, 11cycles)
Sun Mar 23 21:09:19 CET 2014: 71: Solution found.
Sun Mar 23 21:09:19 CET 2014: 72: finished (235ms, 12cycles)
Sun Mar 23 21:09:19 CET 2014: 72: Solution found.
Sun Mar 23 21:09:20 CET 2014: 73: finished (205ms, 10cycles)
Sun Mar 23 21:09:20 CET 2014: 73: Solution found.
Sun Mar 23 21:09:20 CET 2014: 74: finished (403ms, 24cycles)
Sun Mar 23 21:09:20 CET 2014: 74: Solution found.
Sun Mar 23 21:09:20 CET 2014: 75: finished (227ms, 13cycles)
Sun Mar 23 21:09:20 CET 2014: 75: Solution found.
Sun Mar 23 21:09:20 CET 2014: 76: finished (113ms, 6cycles)
Sun Mar 23 21:09:20 CET 2014: 76: Solution found.
Sun Mar 23 21:09:21 CET 2014: 77: finished (416ms, 24cycles)
Sun Mar 23 21:09:21 CET 2014: 77: Solution found.
Sun Mar 23 21:09:21 CET 2014: 78: finished (321ms, 18cycles)
Sun Mar 23 21:09:21 CET 2014: 78: Solution found.
Sun Mar 23 21:09:22 CET 2014: 79: finished (442ms, 25cycles)
Sun Mar 23 21:09:22 CET 2014: 79: Solution found.
Sun Mar 23 21:09:22 CET 2014: 80: finished (439ms, 25cycles)
Sun Mar 23 21:09:22 CET 2014: 80: Solution found.
Sun Mar 23 21:09:22 CET 2014: 81: finished (191ms, 11cycles)
Sun Mar 23 21:09:22 CET 2014: 81: Solution found.
Sun Mar 23 21:09:23 CET 2014: 82: finished (269ms, 15cycles)
Sun Mar 23 21:09:23 CET 2014: 82: Solution found.
Sun Mar 23 21:09:23 CET 2014: 83: finished (397ms, 23cycles)
Sun Mar 23 21:09:23 CET 2014: 83: Solution found.
Sun Mar 23 21:09:31 CET 2014: 84: finished (7603ms, 500cycles)
Sun Mar 23 21:09:31 CET 2014: 84: No solution found.
Sun Mar 23 21:09:31 CET 2014: 85: finished (79ms, 3cycles)
Sun Mar 23 21:09:31 CET 2014: 85: Solution found.
Sun Mar 23 21:09:31 CET 2014: 86: finished (111ms, 6cycles)
Sun Mar 23 21:09:31 CET 2014: 86: Solution found.
Sun Mar 23 21:09:31 CET 2014: 87: finished (79ms, 4cycles)
Sun Mar 23 21:09:31 CET 2014: 87: Solution found.
Sun Mar 23 21:09:38 CET 2014: 88: finished (7297ms, 500cycles)
Sun Mar 23 21:09:38 CET 2014: 88: No solution found.
Sun Mar 23 21:09:38 CET 2014: 89: finished (181ms, 10cycles)
Sun Mar 23 21:09:38 CET 2014: 89: Solution found.
Sun Mar 23 21:09:39 CET 2014: 90: finished (289ms, 16cycles)
Sun Mar 23 21:09:39 CET 2014: 90: Solution found.
Sun Mar 23 21:09:39 CET 2014: 91: finished (195ms, 12cycles)
Sun Mar 23 21:09:39 CET 2014: 91: Solution found.
Sun Mar 23 21:09:39 CET 2014: 92: finished (303ms, 17cycles)
Sun Mar 23 21:09:39 CET 2014: 92: Solution found.
Sun Mar 23 21:09:39 CET 2014: 93: finished (285ms, 16cycles)
Sun Mar 23 21:09:39 CET 2014: 93: Solution found.
Sun Mar 23 21:09:39 CET 2014: 94: finished (93ms, 5cycles)
Sun Mar 23 21:09:39 CET 2014: 94: Solution found.
Sun Mar 23 21:09:40 CET 2014: 95: finished (460ms, 25cycles)
Sun Mar 23 21:09:40 CET 2014: 95: Solution found.
Sun Mar 23 21:09:40 CET 2014: 96: finished (212ms, 12cycles)
Sun Mar 23 21:09:40 CET 2014: 96: Solution found.
Sun Mar 23 21:09:40 CET 2014: 97: finished (345ms, 21cycles)
Sun Mar 23 21:09:40 CET 2014: 97: Solution found.
Sun Mar 23 21:09:41 CET 2014: 98: finished (323ms, 18cycles)
Sun Mar 23 21:09:41 CET 2014: 98: Solution found.
Sun Mar 23 21:09:41 CET 2014: 99: finished (32ms, 1cycles)
Sun Mar 23 21:09:41 CET 2014: 99: Solution found.
Sun Mar 23 21:09:41 CET 2014: Solution Found: 81
Sun Mar 23 21:09:41 CET 2014: Avg cycles: 17
Sun Mar 23 21:09:41 CET 2014: Max cycles: 101
Sun Mar 23 21:09:41 CET 2014: Min cycles: 1
Sun Mar 23 21:09:41 CET 2014: No solution found: 19
Sun Mar 23 21:09:41 CET 2014: logging finished. (runtime: 169667ms)
