Sun Mar 30 06:03:38 CEST 2014: Problem Count: 150
Sun Mar 30 06:03:38 CEST 2014: CandidatesCount: 100
Sun Mar 30 06:03:38 CEST 2014: Max Cycles: 500
Sun Mar 30 06:03:45 CEST 2014: 0: finished (7165ms, 500cycles)
Sun Mar 30 06:03:45 CEST 2014: 0: No solution found.
Sun Mar 30 06:03:45 CEST 2014: 1: finished (13ms, 1cycles)
Sun Mar 30 06:03:45 CEST 2014: 1: Solution found.
Sun Mar 30 06:03:45 CEST 2014: 2: finished (43ms, 6cycles)
Sun Mar 30 06:03:45 CEST 2014: 2: Solution found.
Sun Mar 30 06:03:46 CEST 2014: 3: finished (115ms, 15cycles)
Sun Mar 30 06:03:46 CEST 2014: 3: Solution found.
Sun Mar 30 06:03:46 CEST 2014: 4: finished (116ms, 18cycles)
Sun Mar 30 06:03:46 CEST 2014: 4: Solution found.
Sun Mar 30 06:03:46 CEST 2014: 5: finished (281ms, 41cycles)
Sun Mar 30 06:03:46 CEST 2014: 5: Solution found.
Sun Mar 30 06:03:49 CEST 2014: 6: finished (2959ms, 500cycles)
Sun Mar 30 06:03:49 CEST 2014: 6: No solution found.
Sun Mar 30 06:03:49 CEST 2014: 7: finished (126ms, 19cycles)
Sun Mar 30 06:03:49 CEST 2014: 7: Solution found.
Sun Mar 30 06:03:52 CEST 2014: 8: finished (2961ms, 500cycles)
Sun Mar 30 06:03:52 CEST 2014: 8: No solution found.
Sun Mar 30 06:03:52 CEST 2014: 9: finished (41ms, 6cycles)
Sun Mar 30 06:03:52 CEST 2014: 9: Solution found.
Sun Mar 30 06:03:55 CEST 2014: 10: finished (2980ms, 500cycles)
Sun Mar 30 06:03:55 CEST 2014: 10: No solution found.
Sun Mar 30 06:03:55 CEST 2014: 11: finished (140ms, 18cycles)
Sun Mar 30 06:03:55 CEST 2014: 11: Solution found.
Sun Mar 30 06:03:55 CEST 2014: 12: finished (69ms, 9cycles)
Sun Mar 30 06:03:55 CEST 2014: 12: Solution found.
Sun Mar 30 06:03:55 CEST 2014: 13: finished (123ms, 17cycles)
Sun Mar 30 06:03:55 CEST 2014: 13: Solution found.
Sun Mar 30 06:03:55 CEST 2014: 14: finished (81ms, 11cycles)
Sun Mar 30 06:03:55 CEST 2014: 14: Solution found.
Sun Mar 30 06:03:56 CEST 2014: 15: finished (343ms, 51cycles)
Sun Mar 30 06:03:56 CEST 2014: 15: Solution found.
Sun Mar 30 06:03:59 CEST 2014: 16: finished (2936ms, 500cycles)
Sun Mar 30 06:03:59 CEST 2014: 16: No solution found.
Sun Mar 30 06:03:59 CEST 2014: 17: finished (269ms, 39cycles)
Sun Mar 30 06:03:59 CEST 2014: 17: Solution found.
Sun Mar 30 06:04:02 CEST 2014: 18: finished (2926ms, 500cycles)
Sun Mar 30 06:04:02 CEST 2014: 18: No solution found.
Sun Mar 30 06:04:02 CEST 2014: 19: finished (140ms, 19cycles)
Sun Mar 30 06:04:02 CEST 2014: 19: Solution found.
Sun Mar 30 06:04:05 CEST 2014: 20: finished (2948ms, 500cycles)
Sun Mar 30 06:04:05 CEST 2014: 20: No solution found.
Sun Mar 30 06:04:05 CEST 2014: 21: finished (93ms, 13cycles)
Sun Mar 30 06:04:05 CEST 2014: 21: Solution found.
Sun Mar 30 06:04:05 CEST 2014: 22: finished (21ms, 2cycles)
Sun Mar 30 06:04:05 CEST 2014: 22: Solution found.
Sun Mar 30 06:04:05 CEST 2014: 23: finished (169ms, 25cycles)
Sun Mar 30 06:04:05 CEST 2014: 23: Solution found.
Sun Mar 30 06:04:05 CEST 2014: 24: finished (106ms, 15cycles)
Sun Mar 30 06:04:05 CEST 2014: 24: Solution found.
Sun Mar 30 06:04:05 CEST 2014: 25: finished (24ms, 3cycles)
Sun Mar 30 06:04:05 CEST 2014: 25: Solution found.
Sun Mar 30 06:04:08 CEST 2014: 26: finished (2936ms, 500cycles)
Sun Mar 30 06:04:08 CEST 2014: 26: No solution found.
Sun Mar 30 06:04:08 CEST 2014: 27: finished (51ms, 7cycles)
Sun Mar 30 06:04:08 CEST 2014: 27: Solution found.
Sun Mar 30 06:04:11 CEST 2014: 28: finished (2942ms, 500cycles)
Sun Mar 30 06:04:11 CEST 2014: 28: No solution found.
Sun Mar 30 06:04:14 CEST 2014: 29: finished (2946ms, 500cycles)
Sun Mar 30 06:04:14 CEST 2014: 29: No solution found.
Sun Mar 30 06:04:14 CEST 2014: 30: finished (25ms, 3cycles)
Sun Mar 30 06:04:14 CEST 2014: 30: Solution found.
Sun Mar 30 06:04:14 CEST 2014: 31: finished (120ms, 17cycles)
Sun Mar 30 06:04:14 CEST 2014: 31: Solution found.
Sun Mar 30 06:04:17 CEST 2014: 32: finished (2985ms, 500cycles)
Sun Mar 30 06:04:17 CEST 2014: 32: No solution found.
Sun Mar 30 06:04:18 CEST 2014: 33: finished (103ms, 15cycles)
Sun Mar 30 06:04:18 CEST 2014: 33: Solution found.
Sun Mar 30 06:04:18 CEST 2014: 34: finished (121ms, 18cycles)
Sun Mar 30 06:04:18 CEST 2014: 34: Solution found.
Sun Mar 30 06:04:18 CEST 2014: 35: finished (44ms, 6cycles)
Sun Mar 30 06:04:18 CEST 2014: 35: Solution found.
Sun Mar 30 06:04:18 CEST 2014: 36: finished (64ms, 9cycles)
Sun Mar 30 06:04:18 CEST 2014: 36: Solution found.
Sun Mar 30 06:04:21 CEST 2014: 37: finished (2931ms, 500cycles)
Sun Mar 30 06:04:21 CEST 2014: 37: No solution found.
Sun Mar 30 06:04:21 CEST 2014: 38: finished (461ms, 69cycles)
Sun Mar 30 06:04:21 CEST 2014: 38: Solution found.
Sun Mar 30 06:04:24 CEST 2014: 39: finished (2994ms, 500cycles)
Sun Mar 30 06:04:24 CEST 2014: 39: No solution found.
Sun Mar 30 06:04:27 CEST 2014: 40: finished (2950ms, 500cycles)
Sun Mar 30 06:04:27 CEST 2014: 40: No solution found.
Sun Mar 30 06:04:30 CEST 2014: 41: finished (2937ms, 500cycles)
Sun Mar 30 06:04:30 CEST 2014: 41: No solution found.
Sun Mar 30 06:04:30 CEST 2014: 42: finished (43ms, 6cycles)
Sun Mar 30 06:04:30 CEST 2014: 42: Solution found.
Sun Mar 30 06:04:30 CEST 2014: 43: finished (134ms, 18cycles)
Sun Mar 30 06:04:30 CEST 2014: 43: Solution found.
Sun Mar 30 06:04:30 CEST 2014: 44: finished (158ms, 21cycles)
Sun Mar 30 06:04:30 CEST 2014: 44: Solution found.
Sun Mar 30 06:04:30 CEST 2014: 45: finished (12ms, 1cycles)
Sun Mar 30 06:04:30 CEST 2014: 45: Solution found.
Sun Mar 30 06:04:33 CEST 2014: 46: finished (2989ms, 500cycles)
Sun Mar 30 06:04:33 CEST 2014: 46: No solution found.
Sun Mar 30 06:04:34 CEST 2014: 47: finished (463ms, 70cycles)
Sun Mar 30 06:04:34 CEST 2014: 47: Solution found.
Sun Mar 30 06:04:34 CEST 2014: 48: finished (126ms, 16cycles)
Sun Mar 30 06:04:34 CEST 2014: 48: Solution found.
Sun Mar 30 06:04:34 CEST 2014: 49: finished (172ms, 24cycles)
Sun Mar 30 06:04:34 CEST 2014: 49: Solution found.
Sun Mar 30 06:04:34 CEST 2014: 50: finished (85ms, 12cycles)
Sun Mar 30 06:04:34 CEST 2014: 50: Solution found.
Sun Mar 30 06:04:37 CEST 2014: 51: finished (3042ms, 500cycles)
Sun Mar 30 06:04:37 CEST 2014: 51: No solution found.
Sun Mar 30 06:04:37 CEST 2014: 52: finished (135ms, 19cycles)
Sun Mar 30 06:04:37 CEST 2014: 52: Solution found.
Sun Mar 30 06:04:38 CEST 2014: 53: finished (166ms, 24cycles)
Sun Mar 30 06:04:38 CEST 2014: 53: Solution found.
Sun Mar 30 06:04:38 CEST 2014: 54: finished (112ms, 17cycles)
Sun Mar 30 06:04:38 CEST 2014: 54: Solution found.
Sun Mar 30 06:04:38 CEST 2014: 55: finished (53ms, 6cycles)
Sun Mar 30 06:04:38 CEST 2014: 55: Solution found.
Sun Mar 30 06:04:38 CEST 2014: 56: finished (155ms, 23cycles)
Sun Mar 30 06:04:38 CEST 2014: 56: Solution found.
Sun Mar 30 06:04:38 CEST 2014: 57: finished (194ms, 28cycles)
Sun Mar 30 06:04:38 CEST 2014: 57: Solution found.
Sun Mar 30 06:04:38 CEST 2014: 58: finished (157ms, 22cycles)
Sun Mar 30 06:04:38 CEST 2014: 58: Solution found.
Sun Mar 30 06:04:38 CEST 2014: 59: finished (47ms, 6cycles)
Sun Mar 30 06:04:38 CEST 2014: 59: Solution found.
Sun Mar 30 06:04:41 CEST 2014: 60: finished (3007ms, 500cycles)
Sun Mar 30 06:04:41 CEST 2014: 60: No solution found.
Sun Mar 30 06:04:42 CEST 2014: 61: finished (571ms, 89cycles)
Sun Mar 30 06:04:42 CEST 2014: 61: Solution found.
Sun Mar 30 06:04:42 CEST 2014: 62: finished (198ms, 28cycles)
Sun Mar 30 06:04:42 CEST 2014: 62: Solution found.
Sun Mar 30 06:04:42 CEST 2014: 63: finished (91ms, 12cycles)
Sun Mar 30 06:04:42 CEST 2014: 63: Solution found.
Sun Mar 30 06:04:42 CEST 2014: 64: finished (84ms, 12cycles)
Sun Mar 30 06:04:42 CEST 2014: 64: Solution found.
Sun Mar 30 06:04:42 CEST 2014: 65: finished (196ms, 26cycles)
Sun Mar 30 06:04:42 CEST 2014: 65: Solution found.
Sun Mar 30 06:04:43 CEST 2014: 66: finished (147ms, 22cycles)
Sun Mar 30 06:04:43 CEST 2014: 66: Solution found.
Sun Mar 30 06:04:46 CEST 2014: 67: finished (3000ms, 500cycles)
Sun Mar 30 06:04:46 CEST 2014: 67: No solution found.
Sun Mar 30 06:04:48 CEST 2014: 68: finished (2912ms, 500cycles)
Sun Mar 30 06:04:48 CEST 2014: 68: No solution found.
Sun Mar 30 06:04:51 CEST 2014: 69: finished (2976ms, 500cycles)
Sun Mar 30 06:04:51 CEST 2014: 69: No solution found.
Sun Mar 30 06:04:52 CEST 2014: 70: finished (111ms, 15cycles)
Sun Mar 30 06:04:52 CEST 2014: 70: Solution found.
Sun Mar 30 06:04:52 CEST 2014: 71: finished (32ms, 4cycles)
Sun Mar 30 06:04:52 CEST 2014: 71: Solution found.
Sun Mar 30 06:04:52 CEST 2014: 72: finished (219ms, 31cycles)
Sun Mar 30 06:04:52 CEST 2014: 72: Solution found.
Sun Mar 30 06:04:55 CEST 2014: 73: finished (2971ms, 500cycles)
Sun Mar 30 06:04:55 CEST 2014: 73: No solution found.
Sun Mar 30 06:04:55 CEST 2014: 74: finished (271ms, 40cycles)
Sun Mar 30 06:04:55 CEST 2014: 74: Solution found.
Sun Mar 30 06:04:55 CEST 2014: 75: finished (117ms, 17cycles)
Sun Mar 30 06:04:55 CEST 2014: 75: Solution found.
Sun Mar 30 06:04:55 CEST 2014: 76: finished (150ms, 21cycles)
Sun Mar 30 06:04:55 CEST 2014: 76: Solution found.
Sun Mar 30 06:04:55 CEST 2014: 77: finished (65ms, 9cycles)
Sun Mar 30 06:04:55 CEST 2014: 77: Solution found.
Sun Mar 30 06:04:55 CEST 2014: 78: finished (12ms, 1cycles)
Sun Mar 30 06:04:55 CEST 2014: 78: Solution found.
Sun Mar 30 06:04:55 CEST 2014: 79: finished (50ms, 7cycles)
Sun Mar 30 06:04:55 CEST 2014: 79: Solution found.
Sun Mar 30 06:04:56 CEST 2014: 80: finished (92ms, 13cycles)
Sun Mar 30 06:04:56 CEST 2014: 80: Solution found.
Sun Mar 30 06:04:56 CEST 2014: 81: finished (50ms, 7cycles)
Sun Mar 30 06:04:56 CEST 2014: 81: Solution found.
Sun Mar 30 06:04:56 CEST 2014: 82: finished (96ms, 14cycles)
Sun Mar 30 06:04:56 CEST 2014: 82: Solution found.
Sun Mar 30 06:04:56 CEST 2014: 83: finished (66ms, 8cycles)
Sun Mar 30 06:04:56 CEST 2014: 83: Solution found.
Sun Mar 30 06:04:59 CEST 2014: 84: finished (3013ms, 500cycles)
Sun Mar 30 06:04:59 CEST 2014: 84: No solution found.
Sun Mar 30 06:04:59 CEST 2014: 85: finished (46ms, 6cycles)
Sun Mar 30 06:04:59 CEST 2014: 85: Solution found.
Sun Mar 30 06:04:59 CEST 2014: 86: finished (19ms, 2cycles)
Sun Mar 30 06:04:59 CEST 2014: 86: Solution found.
Sun Mar 30 06:04:59 CEST 2014: 87: finished (206ms, 31cycles)
Sun Mar 30 06:04:59 CEST 2014: 87: Solution found.
Sun Mar 30 06:04:59 CEST 2014: 88: finished (106ms, 14cycles)
Sun Mar 30 06:04:59 CEST 2014: 88: Solution found.
Sun Mar 30 06:04:59 CEST 2014: 89: finished (32ms, 4cycles)
Sun Mar 30 06:04:59 CEST 2014: 89: Solution found.
Sun Mar 30 06:04:59 CEST 2014: 90: finished (111ms, 15cycles)
Sun Mar 30 06:04:59 CEST 2014: 90: Solution found.
Sun Mar 30 06:05:02 CEST 2014: 91: finished (2951ms, 500cycles)
Sun Mar 30 06:05:02 CEST 2014: 91: No solution found.
Sun Mar 30 06:05:02 CEST 2014: 92: finished (88ms, 12cycles)
Sun Mar 30 06:05:02 CEST 2014: 92: Solution found.
Sun Mar 30 06:05:02 CEST 2014: 93: finished (94ms, 12cycles)
Sun Mar 30 06:05:02 CEST 2014: 93: Solution found.
Sun Mar 30 06:05:03 CEST 2014: 94: finished (113ms, 16cycles)
Sun Mar 30 06:05:03 CEST 2014: 94: Solution found.
Sun Mar 30 06:05:03 CEST 2014: 95: finished (178ms, 25cycles)
Sun Mar 30 06:05:03 CEST 2014: 95: Solution found.
Sun Mar 30 06:05:03 CEST 2014: 96: finished (249ms, 36cycles)
Sun Mar 30 06:05:03 CEST 2014: 96: Solution found.
Sun Mar 30 06:05:06 CEST 2014: 97: finished (2956ms, 500cycles)
Sun Mar 30 06:05:06 CEST 2014: 97: No solution found.
Sun Mar 30 06:05:09 CEST 2014: 98: finished (2974ms, 500cycles)
Sun Mar 30 06:05:09 CEST 2014: 98: No solution found.
Sun Mar 30 06:05:09 CEST 2014: 99: finished (65ms, 9cycles)
Sun Mar 30 06:05:09 CEST 2014: 99: Solution found.
Sun Mar 30 06:05:09 CEST 2014: Solution Found: 74
Sun Mar 30 06:05:09 CEST 2014: Avg cycles: 18
Sun Mar 30 06:05:09 CEST 2014: Max cycles: 89
Sun Mar 30 06:05:09 CEST 2014: Min cycles: 1
Sun Mar 30 06:05:09 CEST 2014: No solution found: 26
Sun Mar 30 06:05:09 CEST 2014: logging finished. (runtime: 90743ms)
