Sun Mar 30 23:17:43 CEST 2014: Problem Count: 150
Sun Mar 30 23:17:43 CEST 2014: CandidatesCount: 150
Sun Mar 30 23:17:43 CEST 2014: Max Cycles: 500
Sun Mar 30 23:17:47 CEST 2014: 0: finished (4391ms, 500cycles)
Sun Mar 30 23:17:47 CEST 2014: 0: No solution found.
Sun Mar 30 23:17:47 CEST 2014: 1: finished (85ms, 8cycles)
Sun Mar 30 23:17:47 CEST 2014: 1: Solution found.
Sun Mar 30 23:17:47 CEST 2014: 2: finished (106ms, 10cycles)
Sun Mar 30 23:17:47 CEST 2014: 2: Solution found.
Sun Mar 30 23:17:47 CEST 2014: 3: finished (73ms, 7cycles)
Sun Mar 30 23:17:47 CEST 2014: 3: Solution found.
Sun Mar 30 23:17:47 CEST 2014: 4: finished (291ms, 29cycles)
Sun Mar 30 23:17:47 CEST 2014: 4: Solution found.
Sun Mar 30 23:17:48 CEST 2014: 5: finished (415ms, 40cycles)
Sun Mar 30 23:17:48 CEST 2014: 5: Solution found.
Sun Mar 30 23:17:48 CEST 2014: 6: finished (333ms, 35cycles)
Sun Mar 30 23:17:48 CEST 2014: 6: Solution found.
Sun Mar 30 23:17:48 CEST 2014: 7: finished (115ms, 11cycles)
Sun Mar 30 23:17:48 CEST 2014: 7: Solution found.
Sun Mar 30 23:17:53 CEST 2014: 8: finished (4396ms, 500cycles)
Sun Mar 30 23:17:53 CEST 2014: 8: No solution found.
Sun Mar 30 23:17:53 CEST 2014: 9: finished (114ms, 11cycles)
Sun Mar 30 23:17:53 CEST 2014: 9: Solution found.
Sun Mar 30 23:17:53 CEST 2014: 10: finished (211ms, 20cycles)
Sun Mar 30 23:17:53 CEST 2014: 10: Solution found.
Sun Mar 30 23:17:53 CEST 2014: 11: finished (80ms, 7cycles)
Sun Mar 30 23:17:53 CEST 2014: 11: Solution found.
Sun Mar 30 23:17:55 CEST 2014: 12: finished (1951ms, 191cycles)
Sun Mar 30 23:17:55 CEST 2014: 12: Solution found.
Sun Mar 30 23:17:55 CEST 2014: 13: finished (70ms, 6cycles)
Sun Mar 30 23:17:55 CEST 2014: 13: Solution found.
Sun Mar 30 23:17:55 CEST 2014: 14: finished (28ms, 2cycles)
Sun Mar 30 23:17:55 CEST 2014: 14: Solution found.
Sun Mar 30 23:17:55 CEST 2014: 15: finished (191ms, 17cycles)
Sun Mar 30 23:17:55 CEST 2014: 15: Solution found.
Sun Mar 30 23:17:55 CEST 2014: 16: finished (76ms, 7cycles)
Sun Mar 30 23:17:55 CEST 2014: 16: Solution found.
Sun Mar 30 23:18:00 CEST 2014: 17: finished (4356ms, 500cycles)
Sun Mar 30 23:18:00 CEST 2014: 17: No solution found.
Sun Mar 30 23:18:00 CEST 2014: 18: finished (92ms, 9cycles)
Sun Mar 30 23:18:00 CEST 2014: 18: Solution found.
Sun Mar 30 23:18:00 CEST 2014: 19: finished (284ms, 28cycles)
Sun Mar 30 23:18:00 CEST 2014: 19: Solution found.
Sun Mar 30 23:18:00 CEST 2014: 20: finished (83ms, 8cycles)
Sun Mar 30 23:18:00 CEST 2014: 20: Solution found.
Sun Mar 30 23:18:05 CEST 2014: 21: finished (4336ms, 500cycles)
Sun Mar 30 23:18:05 CEST 2014: 21: No solution found.
Sun Mar 30 23:18:09 CEST 2014: 22: finished (4399ms, 500cycles)
Sun Mar 30 23:18:09 CEST 2014: 22: No solution found.
Sun Mar 30 23:18:09 CEST 2014: 23: finished (219ms, 22cycles)
Sun Mar 30 23:18:09 CEST 2014: 23: Solution found.
Sun Mar 30 23:18:10 CEST 2014: 24: finished (272ms, 27cycles)
Sun Mar 30 23:18:10 CEST 2014: 24: Solution found.
Sun Mar 30 23:18:10 CEST 2014: 25: finished (370ms, 37cycles)
Sun Mar 30 23:18:10 CEST 2014: 25: Solution found.
Sun Mar 30 23:18:14 CEST 2014: 26: finished (4339ms, 500cycles)
Sun Mar 30 23:18:14 CEST 2014: 26: No solution found.
Sun Mar 30 23:18:14 CEST 2014: 27: finished (37ms, 3cycles)
Sun Mar 30 23:18:14 CEST 2014: 27: Solution found.
Sun Mar 30 23:18:19 CEST 2014: 28: finished (4398ms, 500cycles)
Sun Mar 30 23:18:19 CEST 2014: 28: No solution found.
Sun Mar 30 23:18:19 CEST 2014: 29: finished (154ms, 15cycles)
Sun Mar 30 23:18:19 CEST 2014: 29: Solution found.
Sun Mar 30 23:18:19 CEST 2014: 30: finished (319ms, 33cycles)
Sun Mar 30 23:18:19 CEST 2014: 30: Solution found.
Sun Mar 30 23:18:19 CEST 2014: 31: finished (121ms, 12cycles)
Sun Mar 30 23:18:19 CEST 2014: 31: Solution found.
Sun Mar 30 23:18:19 CEST 2014: 32: finished (238ms, 23cycles)
Sun Mar 30 23:18:19 CEST 2014: 32: Solution found.
Sun Mar 30 23:18:20 CEST 2014: 33: finished (175ms, 16cycles)
Sun Mar 30 23:18:20 CEST 2014: 33: Solution found.
Sun Mar 30 23:18:20 CEST 2014: 34: finished (141ms, 14cycles)
Sun Mar 30 23:18:20 CEST 2014: 34: Solution found.
Sun Mar 30 23:18:20 CEST 2014: 35: finished (82ms, 7cycles)
Sun Mar 30 23:18:20 CEST 2014: 35: Solution found.
Sun Mar 30 23:18:27 CEST 2014: 36: finished (7312ms, 500cycles)
Sun Mar 30 23:18:27 CEST 2014: 36: No solution found.
Sun Mar 30 23:18:32 CEST 2014: 37: finished (4366ms, 500cycles)
Sun Mar 30 23:18:32 CEST 2014: 37: No solution found.
Sun Mar 30 23:18:32 CEST 2014: 38: finished (178ms, 17cycles)
Sun Mar 30 23:18:32 CEST 2014: 38: Solution found.
Sun Mar 30 23:18:32 CEST 2014: 39: finished (124ms, 11cycles)
Sun Mar 30 23:18:32 CEST 2014: 39: Solution found.
Sun Mar 30 23:18:32 CEST 2014: 40: finished (48ms, 4cycles)
Sun Mar 30 23:18:32 CEST 2014: 40: Solution found.
Sun Mar 30 23:18:32 CEST 2014: 41: finished (346ms, 35cycles)
Sun Mar 30 23:18:32 CEST 2014: 41: Solution found.
Sun Mar 30 23:18:32 CEST 2014: 42: finished (55ms, 5cycles)
Sun Mar 30 23:18:32 CEST 2014: 42: Solution found.
Sun Mar 30 23:18:37 CEST 2014: 43: finished (4363ms, 500cycles)
Sun Mar 30 23:18:37 CEST 2014: 43: No solution found.
Sun Mar 30 23:18:41 CEST 2014: 44: finished (4316ms, 500cycles)
Sun Mar 30 23:18:41 CEST 2014: 44: No solution found.
Sun Mar 30 23:18:41 CEST 2014: 45: finished (132ms, 13cycles)
Sun Mar 30 23:18:41 CEST 2014: 45: Solution found.
Sun Mar 30 23:18:41 CEST 2014: 46: finished (95ms, 9cycles)
Sun Mar 30 23:18:41 CEST 2014: 46: Solution found.
Sun Mar 30 23:18:42 CEST 2014: 47: finished (282ms, 28cycles)
Sun Mar 30 23:18:42 CEST 2014: 47: Solution found.
Sun Mar 30 23:18:42 CEST 2014: 48: finished (73ms, 7cycles)
Sun Mar 30 23:18:42 CEST 2014: 48: Solution found.
Sun Mar 30 23:18:42 CEST 2014: 49: finished (31ms, 2cycles)
Sun Mar 30 23:18:42 CEST 2014: 49: Solution found.
Sun Mar 30 23:18:42 CEST 2014: 50: finished (369ms, 39cycles)
Sun Mar 30 23:18:42 CEST 2014: 50: Solution found.
Sun Mar 30 23:18:42 CEST 2014: 51: finished (75ms, 7cycles)
Sun Mar 30 23:18:42 CEST 2014: 51: Solution found.
Sun Mar 30 23:18:42 CEST 2014: 52: finished (56ms, 5cycles)
Sun Mar 30 23:18:42 CEST 2014: 52: Solution found.
Sun Mar 30 23:18:43 CEST 2014: 53: finished (469ms, 46cycles)
Sun Mar 30 23:18:43 CEST 2014: 53: Solution found.
Sun Mar 30 23:18:43 CEST 2014: 54: finished (97ms, 10cycles)
Sun Mar 30 23:18:43 CEST 2014: 54: Solution found.
Sun Mar 30 23:18:43 CEST 2014: 55: finished (218ms, 21cycles)
Sun Mar 30 23:18:43 CEST 2014: 55: Solution found.
Sun Mar 30 23:18:43 CEST 2014: 56: finished (424ms, 42cycles)
Sun Mar 30 23:18:43 CEST 2014: 56: Solution found.
Sun Mar 30 23:18:44 CEST 2014: 57: finished (213ms, 20cycles)
Sun Mar 30 23:18:44 CEST 2014: 57: Solution found.
Sun Mar 30 23:18:44 CEST 2014: 58: finished (174ms, 18cycles)
Sun Mar 30 23:18:44 CEST 2014: 58: Solution found.
Sun Mar 30 23:18:44 CEST 2014: 59: finished (171ms, 17cycles)
Sun Mar 30 23:18:44 CEST 2014: 59: Solution found.
Sun Mar 30 23:18:44 CEST 2014: 60: finished (151ms, 15cycles)
Sun Mar 30 23:18:44 CEST 2014: 60: Solution found.
Sun Mar 30 23:18:44 CEST 2014: 61: finished (151ms, 14cycles)
Sun Mar 30 23:18:44 CEST 2014: 61: Solution found.
Sun Mar 30 23:18:45 CEST 2014: 62: finished (330ms, 32cycles)
Sun Mar 30 23:18:45 CEST 2014: 62: Solution found.
Sun Mar 30 23:18:45 CEST 2014: 63: finished (28ms, 1cycles)
Sun Mar 30 23:18:45 CEST 2014: 63: Solution found.
Sun Mar 30 23:18:49 CEST 2014: 64: finished (4872ms, 500cycles)
Sun Mar 30 23:18:49 CEST 2014: 64: No solution found.
Sun Mar 30 23:18:54 CEST 2014: 65: finished (4335ms, 500cycles)
Sun Mar 30 23:18:54 CEST 2014: 65: No solution found.
Sun Mar 30 23:18:54 CEST 2014: 66: finished (71ms, 6cycles)
Sun Mar 30 23:18:54 CEST 2014: 66: Solution found.
Sun Mar 30 23:18:54 CEST 2014: 67: finished (135ms, 13cycles)
Sun Mar 30 23:18:54 CEST 2014: 67: Solution found.
Sun Mar 30 23:19:01 CEST 2014: 68: finished (7274ms, 500cycles)
Sun Mar 30 23:19:01 CEST 2014: 68: No solution found.
Sun Mar 30 23:19:01 CEST 2014: 69: finished (92ms, 9cycles)
Sun Mar 30 23:19:01 CEST 2014: 69: Solution found.
Sun Mar 30 23:19:06 CEST 2014: 70: finished (4355ms, 500cycles)
Sun Mar 30 23:19:06 CEST 2014: 70: No solution found.
Sun Mar 30 23:19:06 CEST 2014: 71: finished (195ms, 20cycles)
Sun Mar 30 23:19:06 CEST 2014: 71: Solution found.
Sun Mar 30 23:19:06 CEST 2014: 72: finished (182ms, 15cycles)
Sun Mar 30 23:19:06 CEST 2014: 72: Solution found.
Sun Mar 30 23:19:07 CEST 2014: 73: finished (475ms, 46cycles)
Sun Mar 30 23:19:07 CEST 2014: 73: Solution found.
Sun Mar 30 23:19:07 CEST 2014: 74: finished (74ms, 7cycles)
Sun Mar 30 23:19:07 CEST 2014: 74: Solution found.
Sun Mar 30 23:19:07 CEST 2014: 75: finished (84ms, 8cycles)
Sun Mar 30 23:19:07 CEST 2014: 75: Solution found.
Sun Mar 30 23:19:07 CEST 2014: 76: finished (128ms, 12cycles)
Sun Mar 30 23:19:07 CEST 2014: 76: Solution found.
Sun Mar 30 23:19:07 CEST 2014: 77: finished (144ms, 14cycles)
Sun Mar 30 23:19:07 CEST 2014: 77: Solution found.
Sun Mar 30 23:19:07 CEST 2014: 78: finished (37ms, 3cycles)
Sun Mar 30 23:19:07 CEST 2014: 78: Solution found.
Sun Mar 30 23:19:07 CEST 2014: 79: finished (158ms, 14cycles)
Sun Mar 30 23:19:07 CEST 2014: 79: Solution found.
Sun Mar 30 23:19:08 CEST 2014: 80: finished (673ms, 70cycles)
Sun Mar 30 23:19:08 CEST 2014: 80: Solution found.
Sun Mar 30 23:19:08 CEST 2014: 81: finished (85ms, 8cycles)
Sun Mar 30 23:19:08 CEST 2014: 81: Solution found.
Sun Mar 30 23:19:08 CEST 2014: 82: finished (30ms, 2cycles)
Sun Mar 30 23:19:08 CEST 2014: 82: Solution found.
Sun Mar 30 23:19:08 CEST 2014: 83: finished (315ms, 32cycles)
Sun Mar 30 23:19:08 CEST 2014: 83: Solution found.
Sun Mar 30 23:19:08 CEST 2014: 84: finished (93ms, 9cycles)
Sun Mar 30 23:19:08 CEST 2014: 84: Solution found.
Sun Mar 30 23:19:08 CEST 2014: 85: finished (103ms, 10cycles)
Sun Mar 30 23:19:08 CEST 2014: 85: Solution found.
Sun Mar 30 23:19:09 CEST 2014: 86: finished (56ms, 5cycles)
Sun Mar 30 23:19:09 CEST 2014: 86: Solution found.
Sun Mar 30 23:19:09 CEST 2014: 87: finished (99ms, 9cycles)
Sun Mar 30 23:19:09 CEST 2014: 87: Solution found.
Sun Mar 30 23:19:09 CEST 2014: 88: finished (446ms, 45cycles)
Sun Mar 30 23:19:09 CEST 2014: 88: Solution found.
Sun Mar 30 23:19:09 CEST 2014: 89: finished (165ms, 15cycles)
Sun Mar 30 23:19:09 CEST 2014: 89: Solution found.
Sun Mar 30 23:19:09 CEST 2014: 90: finished (208ms, 20cycles)
Sun Mar 30 23:19:09 CEST 2014: 90: Solution found.
Sun Mar 30 23:19:10 CEST 2014: 91: finished (246ms, 24cycles)
Sun Mar 30 23:19:10 CEST 2014: 91: Solution found.
Sun Mar 30 23:19:10 CEST 2014: 92: finished (166ms, 16cycles)
Sun Mar 30 23:19:10 CEST 2014: 92: Solution found.
Sun Mar 30 23:19:14 CEST 2014: 93: finished (4414ms, 500cycles)
Sun Mar 30 23:19:14 CEST 2014: 93: No solution found.
Sun Mar 30 23:19:14 CEST 2014: 94: finished (189ms, 18cycles)
Sun Mar 30 23:19:14 CEST 2014: 94: Solution found.
Sun Mar 30 23:19:15 CEST 2014: 95: finished (238ms, 23cycles)
Sun Mar 30 23:19:15 CEST 2014: 95: Solution found.
Sun Mar 30 23:19:15 CEST 2014: 96: finished (204ms, 18cycles)
Sun Mar 30 23:19:15 CEST 2014: 96: Solution found.
Sun Mar 30 23:19:19 CEST 2014: 97: finished (4359ms, 500cycles)
Sun Mar 30 23:19:19 CEST 2014: 97: No solution found.
Sun Mar 30 23:19:24 CEST 2014: 98: finished (4389ms, 500cycles)
Sun Mar 30 23:19:24 CEST 2014: 98: No solution found.
Sun Mar 30 23:19:24 CEST 2014: 99: finished (38ms, 3cycles)
Sun Mar 30 23:19:24 CEST 2014: 99: Solution found.
Sun Mar 30 23:19:24 CEST 2014: Solution Found: 82
Sun Mar 30 23:19:24 CEST 2014: Avg cycles: 19
Sun Mar 30 23:19:24 CEST 2014: Max cycles: 191
Sun Mar 30 23:19:24 CEST 2014: Min cycles: 1
Sun Mar 30 23:19:24 CEST 2014: No solution found: 18
Sun Mar 30 23:19:24 CEST 2014: logging finished. (runtime: 101132ms)
