Sat Jan 25 21:24:14 CET 2014: Problem Count: 150
Sat Jan 25 21:24:14 CET 2014: CandidatesCount: 50
Sat Jan 25 21:24:14 CET 2014: Max Cycles: 500
Sat Jan 25 21:24:14 CET 2014: 0: finished (71ms, 18cycles)
Sat Jan 25 21:24:14 CET 2014: 0: Solution found.
Sat Jan 25 21:24:16 CET 2014: 1: finished (1706ms, 500cycles)
Sat Jan 25 21:24:16 CET 2014: 1: No solution found.
Sat Jan 25 21:24:16 CET 2014: 2: finished (145ms, 34cycles)
Sat Jan 25 21:24:16 CET 2014: 2: Solution found.
Sat Jan 25 21:24:17 CET 2014: 3: finished (1695ms, 500cycles)
Sat Jan 25 21:24:17 CET 2014: 3: No solution found.
Sat Jan 25 21:24:18 CET 2014: 4: finished (55ms, 14cycles)
Sat Jan 25 21:24:18 CET 2014: 4: Solution found.
Sat Jan 25 21:24:20 CET 2014: 5: finished (2551ms, 500cycles)
Sat Jan 25 21:24:20 CET 2014: 5: No solution found.
Sat Jan 25 21:24:20 CET 2014: 6: finished (383ms, 32cycles)
Sat Jan 25 21:24:20 CET 2014: 6: Solution found.
Sat Jan 25 21:24:21 CET 2014: 7: finished (159ms, 9cycles)
Sat Jan 25 21:24:21 CET 2014: 7: Solution found.
Sat Jan 25 21:24:21 CET 2014: 8: finished (471ms, 29cycles)
Sat Jan 25 21:24:21 CET 2014: 8: Solution found.
Sat Jan 25 21:24:26 CET 2014: 9: finished (4437ms, 500cycles)
Sat Jan 25 21:24:26 CET 2014: 9: No solution found.
Sat Jan 25 21:24:27 CET 2014: 10: finished (1698ms, 500cycles)
Sat Jan 25 21:24:27 CET 2014: 10: No solution found.
Sat Jan 25 21:24:27 CET 2014: 11: finished (84ms, 20cycles)
Sat Jan 25 21:24:27 CET 2014: 11: Solution found.
Sat Jan 25 21:24:29 CET 2014: 12: finished (1815ms, 500cycles)
Sat Jan 25 21:24:29 CET 2014: 12: No solution found.
Sat Jan 25 21:24:29 CET 2014: 13: finished (153ms, 39cycles)
Sat Jan 25 21:24:29 CET 2014: 13: Solution found.
Sat Jan 25 21:24:29 CET 2014: 14: finished (66ms, 16cycles)
Sat Jan 25 21:24:29 CET 2014: 14: Solution found.
Sat Jan 25 21:24:31 CET 2014: 15: finished (1950ms, 500cycles)
Sat Jan 25 21:24:31 CET 2014: 15: No solution found.
Sat Jan 25 21:24:33 CET 2014: 16: finished (1688ms, 500cycles)
Sat Jan 25 21:24:33 CET 2014: 16: No solution found.
Sat Jan 25 21:24:36 CET 2014: 17: finished (2837ms, 500cycles)
Sat Jan 25 21:24:36 CET 2014: 17: No solution found.
Sat Jan 25 21:24:42 CET 2014: 18: finished (6291ms, 500cycles)
Sat Jan 25 21:24:42 CET 2014: 18: No solution found.
Sat Jan 25 21:24:47 CET 2014: 19: finished (4919ms, 500cycles)
Sat Jan 25 21:24:47 CET 2014: 19: No solution found.
Sat Jan 25 21:24:52 CET 2014: 20: finished (5028ms, 500cycles)
Sat Jan 25 21:24:52 CET 2014: 20: No solution found.
Sat Jan 25 21:24:57 CET 2014: 21: finished (4860ms, 500cycles)
Sat Jan 25 21:24:57 CET 2014: 21: No solution found.
Sat Jan 25 21:25:02 CET 2014: 22: finished (4879ms, 500cycles)
Sat Jan 25 21:25:02 CET 2014: 22: No solution found.
Sat Jan 25 21:25:07 CET 2014: 23: finished (4879ms, 500cycles)
Sat Jan 25 21:25:07 CET 2014: 23: No solution found.
Sat Jan 25 21:25:12 CET 2014: 24: finished (4908ms, 500cycles)
Sat Jan 25 21:25:12 CET 2014: 24: No solution found.
Sat Jan 25 21:25:16 CET 2014: 25: finished (4907ms, 500cycles)
Sat Jan 25 21:25:16 CET 2014: 25: No solution found.
Sat Jan 25 21:25:17 CET 2014: 26: finished (281ms, 25cycles)
Sat Jan 25 21:25:17 CET 2014: 26: Solution found.
Sat Jan 25 21:25:22 CET 2014: 27: finished (4848ms, 500cycles)
Sat Jan 25 21:25:22 CET 2014: 27: No solution found.
Sat Jan 25 21:25:22 CET 2014: 28: finished (285ms, 25cycles)
Sat Jan 25 21:25:22 CET 2014: 28: Solution found.
Sat Jan 25 21:25:27 CET 2014: 29: finished (4938ms, 500cycles)
Sat Jan 25 21:25:27 CET 2014: 29: No solution found.
Sat Jan 25 21:25:32 CET 2014: 30: finished (4979ms, 500cycles)
Sat Jan 25 21:25:32 CET 2014: 30: No solution found.
Sat Jan 25 21:25:37 CET 2014: 31: finished (4895ms, 500cycles)
Sat Jan 25 21:25:37 CET 2014: 31: No solution found.
Sat Jan 25 21:25:41 CET 2014: 32: finished (4791ms, 500cycles)
Sat Jan 25 21:25:41 CET 2014: 32: No solution found.
Sat Jan 25 21:25:46 CET 2014: 33: finished (4196ms, 500cycles)
Sat Jan 25 21:25:46 CET 2014: 33: No solution found.
Sat Jan 25 21:25:50 CET 2014: 34: finished (4170ms, 500cycles)
Sat Jan 25 21:25:50 CET 2014: 34: No solution found.
Sat Jan 25 21:25:54 CET 2014: 35: finished (4200ms, 500cycles)
Sat Jan 25 21:25:54 CET 2014: 35: No solution found.
Sat Jan 25 21:25:54 CET 2014: 36: finished (162ms, 17cycles)
Sat Jan 25 21:25:54 CET 2014: 36: Solution found.
Sat Jan 25 21:25:55 CET 2014: 37: finished (284ms, 30cycles)
Sat Jan 25 21:25:55 CET 2014: 37: Solution found.
Sat Jan 25 21:25:55 CET 2014: 38: finished (151ms, 15cycles)
Sat Jan 25 21:25:55 CET 2014: 38: Solution found.
Sat Jan 25 21:25:59 CET 2014: 39: finished (4182ms, 500cycles)
Sat Jan 25 21:25:59 CET 2014: 39: No solution found.
Sat Jan 25 21:26:03 CET 2014: 40: finished (4230ms, 500cycles)
Sat Jan 25 21:26:03 CET 2014: 40: No solution found.
Sat Jan 25 21:26:07 CET 2014: 41: finished (4235ms, 500cycles)
Sat Jan 25 21:26:07 CET 2014: 41: No solution found.
Sat Jan 25 21:26:12 CET 2014: 42: finished (4345ms, 500cycles)
Sat Jan 25 21:26:12 CET 2014: 42: No solution found.
Sat Jan 25 21:26:16 CET 2014: 43: finished (4198ms, 500cycles)
Sat Jan 25 21:26:16 CET 2014: 43: No solution found.
Sat Jan 25 21:26:20 CET 2014: 44: finished (4301ms, 500cycles)
Sat Jan 25 21:26:20 CET 2014: 44: No solution found.
Sat Jan 25 21:26:20 CET 2014: 45: finished (31ms, 2cycles)
Sat Jan 25 21:26:20 CET 2014: 45: Solution found.
Sat Jan 25 21:26:20 CET 2014: 46: finished (275ms, 24cycles)
Sat Jan 25 21:26:20 CET 2014: 46: Solution found.
Sat Jan 25 21:26:25 CET 2014: 47: finished (4924ms, 500cycles)
Sat Jan 25 21:26:25 CET 2014: 47: No solution found.
Sat Jan 25 21:26:26 CET 2014: 48: finished (336ms, 29cycles)
Sat Jan 25 21:26:26 CET 2014: 48: Solution found.
Sat Jan 25 21:26:26 CET 2014: 49: finished (83ms, 7cycles)
Sat Jan 25 21:26:26 CET 2014: 49: Solution found.
Sat Jan 25 21:26:31 CET 2014: 50: finished (4876ms, 500cycles)
Sat Jan 25 21:26:31 CET 2014: 50: No solution found.
Sat Jan 25 21:26:35 CET 2014: 51: finished (4430ms, 500cycles)
Sat Jan 25 21:26:35 CET 2014: 51: No solution found.
Sat Jan 25 21:26:35 CET 2014: 52: finished (171ms, 14cycles)
Sat Jan 25 21:26:35 CET 2014: 52: Solution found.
Sat Jan 25 21:26:39 CET 2014: 53: finished (4193ms, 500cycles)
Sat Jan 25 21:26:39 CET 2014: 53: No solution found.
Sat Jan 25 21:26:42 CET 2014: 54: finished (2419ms, 500cycles)
Sat Jan 25 21:26:42 CET 2014: 54: No solution found.
Sat Jan 25 21:26:44 CET 2014: 55: finished (1670ms, 500cycles)
Sat Jan 25 21:26:44 CET 2014: 55: No solution found.
Sat Jan 25 21:26:44 CET 2014: 56: finished (22ms, 5cycles)
Sat Jan 25 21:26:44 CET 2014: 56: Solution found.
Sat Jan 25 21:26:44 CET 2014: 57: finished (91ms, 24cycles)
Sat Jan 25 21:26:44 CET 2014: 57: Solution found.
Sat Jan 25 21:26:44 CET 2014: 58: finished (39ms, 10cycles)
Sat Jan 25 21:26:44 CET 2014: 58: Solution found.
Sat Jan 25 21:26:45 CET 2014: 59: finished (1678ms, 500cycles)
Sat Jan 25 21:26:45 CET 2014: 59: No solution found.
Sat Jan 25 21:26:47 CET 2014: 60: finished (1707ms, 500cycles)
Sat Jan 25 21:26:47 CET 2014: 60: No solution found.
Sat Jan 25 21:26:49 CET 2014: 61: finished (1694ms, 500cycles)
Sat Jan 25 21:26:49 CET 2014: 61: No solution found.
Sat Jan 25 21:26:49 CET 2014: 62: finished (385ms, 101cycles)
Sat Jan 25 21:26:49 CET 2014: 62: Solution found.
Sat Jan 25 21:26:51 CET 2014: 63: finished (1665ms, 500cycles)
Sat Jan 25 21:26:51 CET 2014: 63: No solution found.
Sat Jan 25 21:26:53 CET 2014: 64: finished (1692ms, 500cycles)
Sat Jan 25 21:26:53 CET 2014: 64: No solution found.
Sat Jan 25 21:26:54 CET 2014: 65: finished (1662ms, 500cycles)
Sat Jan 25 21:26:54 CET 2014: 65: No solution found.
Sat Jan 25 21:26:54 CET 2014: 66: finished (15ms, 3cycles)
Sat Jan 25 21:26:54 CET 2014: 66: Solution found.
Sat Jan 25 21:26:54 CET 2014: 67: finished (95ms, 24cycles)
Sat Jan 25 21:26:54 CET 2014: 67: Solution found.
Sat Jan 25 21:26:56 CET 2014: 68: finished (1707ms, 500cycles)
Sat Jan 25 21:26:56 CET 2014: 68: No solution found.
Sat Jan 25 21:26:58 CET 2014: 69: finished (1716ms, 500cycles)
Sat Jan 25 21:26:58 CET 2014: 69: No solution found.
Sat Jan 25 21:26:59 CET 2014: 70: finished (1680ms, 500cycles)
Sat Jan 25 21:26:59 CET 2014: 70: No solution found.
Sat Jan 25 21:27:01 CET 2014: 71: finished (1690ms, 500cycles)
Sat Jan 25 21:27:01 CET 2014: 71: No solution found.
Sat Jan 25 21:27:03 CET 2014: 72: finished (1668ms, 500cycles)
Sat Jan 25 21:27:03 CET 2014: 72: No solution found.
Sat Jan 25 21:27:03 CET 2014: 73: finished (335ms, 86cycles)
Sat Jan 25 21:27:03 CET 2014: 73: Solution found.
Sat Jan 25 21:27:05 CET 2014: 74: finished (1695ms, 500cycles)
Sat Jan 25 21:27:05 CET 2014: 74: No solution found.
Sat Jan 25 21:27:07 CET 2014: 75: finished (2396ms, 500cycles)
Sat Jan 25 21:27:07 CET 2014: 75: No solution found.
Sat Jan 25 21:27:11 CET 2014: 76: finished (3753ms, 500cycles)
Sat Jan 25 21:27:11 CET 2014: 76: No solution found.
Sat Jan 25 21:27:11 CET 2014: 77: finished (12ms, 2cycles)
Sat Jan 25 21:27:11 CET 2014: 77: Solution found.
Sat Jan 25 21:27:11 CET 2014: 78: finished (83ms, 21cycles)
Sat Jan 25 21:27:11 CET 2014: 78: Solution found.
Sat Jan 25 21:27:13 CET 2014: 79: finished (1747ms, 500cycles)
Sat Jan 25 21:27:13 CET 2014: 79: No solution found.
Sat Jan 25 21:27:15 CET 2014: 80: finished (1703ms, 500cycles)
Sat Jan 25 21:27:15 CET 2014: 80: No solution found.
Sat Jan 25 21:27:16 CET 2014: 81: finished (1691ms, 500cycles)
Sat Jan 25 21:27:16 CET 2014: 81: No solution found.
Sat Jan 25 21:27:16 CET 2014: 82: finished (53ms, 13cycles)
Sat Jan 25 21:27:16 CET 2014: 82: Solution found.
Sat Jan 25 21:27:18 CET 2014: 83: finished (1715ms, 500cycles)
Sat Jan 25 21:27:18 CET 2014: 83: No solution found.
Sat Jan 25 21:27:18 CET 2014: 84: finished (123ms, 29cycles)
Sat Jan 25 21:27:18 CET 2014: 84: Solution found.
Sat Jan 25 21:27:18 CET 2014: 85: finished (140ms, 36cycles)
Sat Jan 25 21:27:18 CET 2014: 85: Solution found.
Sat Jan 25 21:27:20 CET 2014: 86: finished (1691ms, 500cycles)
Sat Jan 25 21:27:20 CET 2014: 86: No solution found.
Sat Jan 25 21:27:22 CET 2014: 87: finished (2089ms, 500cycles)
Sat Jan 25 21:27:22 CET 2014: 87: No solution found.
Sat Jan 25 21:27:26 CET 2014: 88: finished (4242ms, 500cycles)
Sat Jan 25 21:27:26 CET 2014: 88: No solution found.
Sat Jan 25 21:27:29 CET 2014: 89: finished (2458ms, 500cycles)
Sat Jan 25 21:27:29 CET 2014: 89: No solution found.
Sat Jan 25 21:27:30 CET 2014: 90: finished (1695ms, 500cycles)
Sat Jan 25 21:27:30 CET 2014: 90: No solution found.
Sat Jan 25 21:27:32 CET 2014: 91: finished (1761ms, 500cycles)
Sat Jan 25 21:27:32 CET 2014: 91: No solution found.
Sat Jan 25 21:27:32 CET 2014: 92: finished (85ms, 21cycles)
Sat Jan 25 21:27:32 CET 2014: 92: Solution found.
Sat Jan 25 21:27:32 CET 2014: 93: finished (7ms, 1cycles)
Sat Jan 25 21:27:32 CET 2014: 93: Solution found.
Sat Jan 25 21:27:32 CET 2014: 94: finished (123ms, 29cycles)
Sat Jan 25 21:27:32 CET 2014: 94: Solution found.
Sat Jan 25 21:27:34 CET 2014: 95: finished (1702ms, 500cycles)
Sat Jan 25 21:27:34 CET 2014: 95: No solution found.
Sat Jan 25 21:27:36 CET 2014: 96: finished (1726ms, 500cycles)
Sat Jan 25 21:27:36 CET 2014: 96: No solution found.
Sat Jan 25 21:27:39 CET 2014: 97: finished (3002ms, 500cycles)
Sat Jan 25 21:27:39 CET 2014: 97: No solution found.
Sat Jan 25 21:27:43 CET 2014: 98: finished (4145ms, 500cycles)
Sat Jan 25 21:27:43 CET 2014: 98: No solution found.
Sat Jan 25 21:27:45 CET 2014: 99: finished (1679ms, 500cycles)
Sat Jan 25 21:27:45 CET 2014: 99: No solution found.
Sat Jan 25 21:27:45 CET 2014: Solution Found: 34
Sat Jan 25 21:27:45 CET 2014: Avg cycles: 23
Sat Jan 25 21:27:45 CET 2014: Max cycles: 101
Sat Jan 25 21:27:45 CET 2014: Min cycles: 1
Sat Jan 25 21:27:45 CET 2014: No solution found: 66
Sat Jan 25 21:27:45 CET 2014: logging finished. (runtime: 210810ms)
