Sun Jan 26 03:50:52 CET 2014: Problem Count: 100
Sun Jan 26 03:50:52 CET 2014: CandidatesCount: 200
Sun Jan 26 03:50:52 CET 2014: Max Cycles: 500
Sun Jan 26 03:50:53 CET 2014: 0: finished (261ms, 8cycles)
Sun Jan 26 03:50:53 CET 2014: 0: Solution found.
Sun Jan 26 03:50:53 CET 2014: 1: finished (374ms, 11cycles)
Sun Jan 26 03:50:53 CET 2014: 1: Solution found.
Sun Jan 26 03:50:53 CET 2014: 2: finished (166ms, 4cycles)
Sun Jan 26 03:50:53 CET 2014: 2: Solution found.
Sun Jan 26 03:50:54 CET 2014: 3: finished (307ms, 9cycles)
Sun Jan 26 03:50:54 CET 2014: 3: Solution found.
Sun Jan 26 03:50:58 CET 2014: 4: finished (4373ms, 500cycles)
Sun Jan 26 03:50:58 CET 2014: 4: No solution found.
Sun Jan 26 03:51:01 CET 2014: 5: finished (3368ms, 500cycles)
Sun Jan 26 03:51:01 CET 2014: 5: No solution found.
Sun Jan 26 03:51:01 CET 2014: 6: finished (93ms, 13cycles)
Sun Jan 26 03:51:01 CET 2014: 6: Solution found.
Sun Jan 26 03:51:02 CET 2014: 7: finished (134ms, 16cycles)
Sun Jan 26 03:51:02 CET 2014: 7: Solution found.
Sun Jan 26 03:51:05 CET 2014: 8: finished (3701ms, 500cycles)
Sun Jan 26 03:51:05 CET 2014: 8: No solution found.
Sun Jan 26 03:51:05 CET 2014: 9: finished (221ms, 9cycles)
Sun Jan 26 03:51:05 CET 2014: 9: Solution found.
Sun Jan 26 03:51:06 CET 2014: 10: finished (562ms, 27cycles)
Sun Jan 26 03:51:06 CET 2014: 10: Solution found.
Sun Jan 26 03:51:06 CET 2014: 11: finished (82ms, 3cycles)
Sun Jan 26 03:51:06 CET 2014: 11: Solution found.
Sun Jan 26 03:51:06 CET 2014: 12: finished (344ms, 16cycles)
Sun Jan 26 03:51:06 CET 2014: 12: Solution found.
Sun Jan 26 03:51:07 CET 2014: 13: finished (101ms, 4cycles)
Sun Jan 26 03:51:07 CET 2014: 13: Solution found.
Sun Jan 26 03:51:07 CET 2014: 14: finished (124ms, 5cycles)
Sun Jan 26 03:51:07 CET 2014: 14: Solution found.
Sun Jan 26 03:51:07 CET 2014: 15: finished (319ms, 15cycles)
Sun Jan 26 03:51:07 CET 2014: 15: Solution found.
Sun Jan 26 03:51:07 CET 2014: 16: finished (119ms, 5cycles)
Sun Jan 26 03:51:07 CET 2014: 16: Solution found.
Sun Jan 26 03:51:07 CET 2014: 17: finished (289ms, 13cycles)
Sun Jan 26 03:51:07 CET 2014: 17: Solution found.
Sun Jan 26 03:51:08 CET 2014: 18: finished (139ms, 6cycles)
Sun Jan 26 03:51:08 CET 2014: 18: Solution found.
Sun Jan 26 03:51:08 CET 2014: 19: finished (173ms, 8cycles)
Sun Jan 26 03:51:08 CET 2014: 19: Solution found.
Sun Jan 26 03:51:08 CET 2014: 20: finished (41ms, 1cycles)
Sun Jan 26 03:51:08 CET 2014: 20: Solution found.
Sun Jan 26 03:51:13 CET 2014: 21: finished (5129ms, 500cycles)
Sun Jan 26 03:51:13 CET 2014: 21: No solution found.
Sun Jan 26 03:51:13 CET 2014: 22: finished (76ms, 10cycles)
Sun Jan 26 03:51:13 CET 2014: 22: Solution found.
Sun Jan 26 03:51:13 CET 2014: 23: finished (145ms, 20cycles)
Sun Jan 26 03:51:13 CET 2014: 23: Solution found.
Sun Jan 26 03:51:13 CET 2014: 24: finished (186ms, 25cycles)
Sun Jan 26 03:51:13 CET 2014: 24: Solution found.
Sun Jan 26 03:51:13 CET 2014: 25: finished (54ms, 7cycles)
Sun Jan 26 03:51:13 CET 2014: 25: Solution found.
Sun Jan 26 03:51:13 CET 2014: 26: finished (89ms, 12cycles)
Sun Jan 26 03:51:13 CET 2014: 26: Solution found.
Sun Jan 26 03:51:13 CET 2014: 27: finished (22ms, 2cycles)
Sun Jan 26 03:51:13 CET 2014: 27: Solution found.
Sun Jan 26 03:51:14 CET 2014: 28: finished (154ms, 21cycles)
Sun Jan 26 03:51:14 CET 2014: 28: Solution found.
Sun Jan 26 03:51:14 CET 2014: 29: finished (54ms, 7cycles)
Sun Jan 26 03:51:14 CET 2014: 29: Solution found.
Sun Jan 26 03:51:17 CET 2014: 30: finished (3198ms, 500cycles)
Sun Jan 26 03:51:17 CET 2014: 30: No solution found.
Sun Jan 26 03:51:17 CET 2014: 31: finished (113ms, 15cycles)
Sun Jan 26 03:51:17 CET 2014: 31: Solution found.
Sun Jan 26 03:51:21 CET 2014: 32: finished (4161ms, 500cycles)
Sun Jan 26 03:51:21 CET 2014: 32: No solution found.
Sun Jan 26 03:51:21 CET 2014: 33: finished (333ms, 12cycles)
Sun Jan 26 03:51:21 CET 2014: 33: Solution found.
Sun Jan 26 03:51:22 CET 2014: 34: finished (505ms, 16cycles)
Sun Jan 26 03:51:22 CET 2014: 34: Solution found.
Sun Jan 26 03:51:22 CET 2014: 35: finished (225ms, 7cycles)
Sun Jan 26 03:51:22 CET 2014: 35: Solution found.
Sun Jan 26 03:51:22 CET 2014: 36: finished (259ms, 8cycles)
Sun Jan 26 03:51:22 CET 2014: 36: Solution found.
Sun Jan 26 03:51:23 CET 2014: 37: finished (111ms, 3cycles)
Sun Jan 26 03:51:23 CET 2014: 37: Solution found.
Sun Jan 26 03:51:23 CET 2014: 38: finished (197ms, 6cycles)
Sun Jan 26 03:51:23 CET 2014: 38: Solution found.
Sun Jan 26 03:51:23 CET 2014: 39: finished (412ms, 14cycles)
Sun Jan 26 03:51:23 CET 2014: 39: Solution found.
Sun Jan 26 03:51:24 CET 2014: 40: finished (653ms, 21cycles)
Sun Jan 26 03:51:24 CET 2014: 40: Solution found.
Sun Jan 26 03:51:24 CET 2014: 41: finished (608ms, 21cycles)
Sun Jan 26 03:51:24 CET 2014: 41: Solution found.
Sun Jan 26 03:51:25 CET 2014: 42: finished (419ms, 20cycles)
Sun Jan 26 03:51:25 CET 2014: 42: Solution found.
Sun Jan 26 03:51:25 CET 2014: 43: finished (425ms, 20cycles)
Sun Jan 26 03:51:25 CET 2014: 43: Solution found.
Sun Jan 26 03:51:25 CET 2014: 44: finished (202ms, 9cycles)
Sun Jan 26 03:51:25 CET 2014: 44: Solution found.
Sun Jan 26 03:51:26 CET 2014: 45: finished (733ms, 30cycles)
Sun Jan 26 03:51:26 CET 2014: 45: Solution found.
Sun Jan 26 03:51:27 CET 2014: 46: finished (418ms, 31cycles)
Sun Jan 26 03:51:27 CET 2014: 46: Solution found.
Sun Jan 26 03:51:27 CET 2014: 47: finished (146ms, 19cycles)
Sun Jan 26 03:51:27 CET 2014: 47: Solution found.
Sun Jan 26 03:51:30 CET 2014: 48: finished (3282ms, 500cycles)
Sun Jan 26 03:51:30 CET 2014: 48: No solution found.
Sun Jan 26 03:51:34 CET 2014: 49: finished (3687ms, 500cycles)
Sun Jan 26 03:51:34 CET 2014: 49: No solution found.
Sun Jan 26 03:51:34 CET 2014: 50: finished (135ms, 18cycles)
Sun Jan 26 03:51:34 CET 2014: 50: Solution found.
Sun Jan 26 03:51:34 CET 2014: 51: finished (153ms, 20cycles)
Sun Jan 26 03:51:34 CET 2014: 51: Solution found.
Sun Jan 26 03:51:34 CET 2014: 52: finished (75ms, 10cycles)
Sun Jan 26 03:51:34 CET 2014: 52: Solution found.
Sun Jan 26 03:51:34 CET 2014: 53: finished (107ms, 14cycles)
Sun Jan 26 03:51:34 CET 2014: 53: Solution found.
Sun Jan 26 03:51:34 CET 2014: 54: finished (45ms, 4cycles)
Sun Jan 26 03:51:34 CET 2014: 54: Solution found.
Sun Jan 26 03:51:34 CET 2014: 55: finished (15ms, 1cycles)
Sun Jan 26 03:51:34 CET 2014: 55: Solution found.
Sun Jan 26 03:51:34 CET 2014: 56: finished (55ms, 7cycles)
Sun Jan 26 03:51:34 CET 2014: 56: Solution found.
Sun Jan 26 03:51:34 CET 2014: 57: finished (88ms, 11cycles)
Sun Jan 26 03:51:34 CET 2014: 57: Solution found.
Sun Jan 26 03:51:35 CET 2014: 58: finished (149ms, 20cycles)
Sun Jan 26 03:51:35 CET 2014: 58: Solution found.
Sun Jan 26 03:51:35 CET 2014: 59: finished (40ms, 5cycles)
Sun Jan 26 03:51:35 CET 2014: 59: Solution found.
Sun Jan 26 03:51:35 CET 2014: 60: finished (15ms, 1cycles)
Sun Jan 26 03:51:35 CET 2014: 60: Solution found.
Sun Jan 26 03:51:35 CET 2014: 61: finished (146ms, 18cycles)
Sun Jan 26 03:51:35 CET 2014: 61: Solution found.
Sun Jan 26 03:51:35 CET 2014: 62: finished (124ms, 16cycles)
Sun Jan 26 03:51:35 CET 2014: 62: Solution found.
Sun Jan 26 03:51:35 CET 2014: 63: finished (92ms, 12cycles)
Sun Jan 26 03:51:35 CET 2014: 63: Solution found.
Sun Jan 26 03:51:35 CET 2014: 64: finished (100ms, 12cycles)
Sun Jan 26 03:51:35 CET 2014: 64: Solution found.
Sun Jan 26 03:51:35 CET 2014: 65: finished (34ms, 4cycles)
Sun Jan 26 03:51:35 CET 2014: 65: Solution found.
Sun Jan 26 03:51:35 CET 2014: 66: finished (97ms, 13cycles)
Sun Jan 26 03:51:35 CET 2014: 66: Solution found.
Sun Jan 26 03:51:35 CET 2014: 67: finished (126ms, 15cycles)
Sun Jan 26 03:51:35 CET 2014: 67: Solution found.
Sun Jan 26 03:51:35 CET 2014: 68: finished (77ms, 9cycles)
Sun Jan 26 03:51:35 CET 2014: 68: Solution found.
Sun Jan 26 03:51:36 CET 2014: 69: finished (111ms, 14cycles)
Sun Jan 26 03:51:36 CET 2014: 69: Solution found.
Sun Jan 26 03:51:36 CET 2014: 70: finished (140ms, 18cycles)
Sun Jan 26 03:51:36 CET 2014: 70: Solution found.
Sun Jan 26 03:51:36 CET 2014: 71: finished (102ms, 14cycles)
Sun Jan 26 03:51:36 CET 2014: 71: Solution found.
Sun Jan 26 03:51:36 CET 2014: 72: finished (98ms, 12cycles)
Sun Jan 26 03:51:36 CET 2014: 72: Solution found.
Sun Jan 26 03:51:36 CET 2014: 73: finished (71ms, 9cycles)
Sun Jan 26 03:51:36 CET 2014: 73: Solution found.
Sun Jan 26 03:51:36 CET 2014: 74: finished (14ms, 1cycles)
Sun Jan 26 03:51:36 CET 2014: 74: Solution found.
Sun Jan 26 03:51:36 CET 2014: 75: finished (139ms, 18cycles)
Sun Jan 26 03:51:36 CET 2014: 75: Solution found.
Sun Jan 26 03:51:36 CET 2014: 76: finished (63ms, 8cycles)
Sun Jan 26 03:51:36 CET 2014: 76: Solution found.
Sun Jan 26 03:51:36 CET 2014: 77: finished (201ms, 28cycles)
Sun Jan 26 03:51:36 CET 2014: 77: Solution found.
Sun Jan 26 03:51:36 CET 2014: 78: finished (88ms, 11cycles)
Sun Jan 26 03:51:36 CET 2014: 78: Solution found.
Sun Jan 26 03:51:37 CET 2014: 79: finished (49ms, 6cycles)
Sun Jan 26 03:51:37 CET 2014: 79: Solution found.
Sun Jan 26 03:51:37 CET 2014: 80: finished (390ms, 34cycles)
Sun Jan 26 03:51:37 CET 2014: 80: Solution found.
Sun Jan 26 03:51:37 CET 2014: 81: finished (387ms, 17cycles)
Sun Jan 26 03:51:37 CET 2014: 81: Solution found.
Sun Jan 26 03:51:38 CET 2014: 82: finished (341ms, 15cycles)
Sun Jan 26 03:51:38 CET 2014: 82: Solution found.
Sun Jan 26 03:51:38 CET 2014: 83: finished (354ms, 16cycles)
Sun Jan 26 03:51:38 CET 2014: 83: Solution found.
Sun Jan 26 03:51:39 CET 2014: 84: finished (656ms, 24cycles)
Sun Jan 26 03:51:39 CET 2014: 84: Solution found.
Sun Jan 26 03:51:39 CET 2014: 85: finished (309ms, 10cycles)
Sun Jan 26 03:51:39 CET 2014: 85: Solution found.
Sun Jan 26 03:51:40 CET 2014: 86: finished (665ms, 22cycles)
Sun Jan 26 03:51:40 CET 2014: 86: Solution found.
Sun Jan 26 03:51:40 CET 2014: 87: finished (275ms, 7cycles)
Sun Jan 26 03:51:40 CET 2014: 87: Solution found.
Sun Jan 26 03:51:40 CET 2014: 88: finished (378ms, 12cycles)
Sun Jan 26 03:51:40 CET 2014: 88: Solution found.
Sun Jan 26 03:51:41 CET 2014: 89: finished (453ms, 15cycles)
Sun Jan 26 03:51:41 CET 2014: 89: Solution found.
Sun Jan 26 03:51:41 CET 2014: 90: finished (167ms, 5cycles)
Sun Jan 26 03:51:41 CET 2014: 90: Solution found.
Sun Jan 26 03:51:41 CET 2014: 91: finished (62ms, 1cycles)
Sun Jan 26 03:51:41 CET 2014: 91: Solution found.
Sun Jan 26 03:51:41 CET 2014: 92: finished (352ms, 12cycles)
Sun Jan 26 03:51:41 CET 2014: 92: Solution found.
Sun Jan 26 03:51:46 CET 2014: 93: finished (4201ms, 500cycles)
Sun Jan 26 03:51:46 CET 2014: 93: No solution found.
Sun Jan 26 03:51:46 CET 2014: 94: finished (35ms, 4cycles)
Sun Jan 26 03:51:46 CET 2014: 94: Solution found.
Sun Jan 26 03:51:46 CET 2014: 95: finished (222ms, 28cycles)
Sun Jan 26 03:51:46 CET 2014: 95: Solution found.
Sun Jan 26 03:51:46 CET 2014: 96: finished (19ms, 2cycles)
Sun Jan 26 03:51:46 CET 2014: 96: Solution found.
Sun Jan 26 03:51:46 CET 2014: 97: finished (68ms, 8cycles)
Sun Jan 26 03:51:46 CET 2014: 97: Solution found.
Sun Jan 26 03:51:46 CET 2014: 98: finished (147ms, 20cycles)
Sun Jan 26 03:51:46 CET 2014: 98: Solution found.
Sun Jan 26 03:51:46 CET 2014: 99: finished (76ms, 10cycles)
Sun Jan 26 03:51:46 CET 2014: 99: Solution found.
Sun Jan 26 03:51:46 CET 2014: Solution Found: 91
Sun Jan 26 03:51:46 CET 2014: Avg cycles: 12
Sun Jan 26 03:51:46 CET 2014: Max cycles: 34
Sun Jan 26 03:51:46 CET 2014: Min cycles: 1
Sun Jan 26 03:51:46 CET 2014: No solution found: 9
Sun Jan 26 03:51:46 CET 2014: logging finished. (runtime: 53637ms)
