Sat Mar 29 21:59:50 CET 2014: Problem Count: 50
Sat Mar 29 21:59:50 CET 2014: CandidatesCount: 50
Sat Mar 29 21:59:50 CET 2014: Max Cycles: 500
Sat Mar 29 21:59:50 CET 2014: 0: finished (332ms, 500cycles)
Sat Mar 29 21:59:50 CET 2014: 0: No solution found.
Sat Mar 29 21:59:50 CET 2014: 1: finished (11ms, 17cycles)
Sat Mar 29 21:59:50 CET 2014: 1: Solution found.
Sat Mar 29 21:59:50 CET 2014: 2: finished (14ms, 20cycles)
Sat Mar 29 21:59:50 CET 2014: 2: Solution found.
Sat Mar 29 21:59:50 CET 2014: 3: finished (294ms, 500cycles)
Sat Mar 29 21:59:50 CET 2014: 3: No solution found.
Sat Mar 29 21:59:50 CET 2014: 4: finished (23ms, 19cycles)
Sat Mar 29 21:59:50 CET 2014: 4: Solution found.
Sat Mar 29 21:59:50 CET 2014: 5: finished (302ms, 500cycles)
Sat Mar 29 21:59:50 CET 2014: 5: No solution found.
Sat Mar 29 21:59:50 CET 2014: 6: finished (14ms, 19cycles)
Sat Mar 29 21:59:50 CET 2014: 6: Solution found.
Sat Mar 29 21:59:51 CET 2014: 7: finished (294ms, 500cycles)
Sat Mar 29 21:59:51 CET 2014: 7: No solution found.
Sat Mar 29 21:59:51 CET 2014: 8: finished (293ms, 500cycles)
Sat Mar 29 21:59:51 CET 2014: 8: No solution found.
Sat Mar 29 21:59:51 CET 2014: 9: finished (290ms, 500cycles)
Sat Mar 29 21:59:51 CET 2014: 9: No solution found.
Sat Mar 29 21:59:51 CET 2014: 10: finished (3ms, 2cycles)
Sat Mar 29 21:59:51 CET 2014: 10: Solution found.
Sat Mar 29 21:59:51 CET 2014: 11: finished (14ms, 21cycles)
Sat Mar 29 21:59:51 CET 2014: 11: Solution found.
Sat Mar 29 21:59:51 CET 2014: 12: finished (4ms, 5cycles)
Sat Mar 29 21:59:51 CET 2014: 12: Solution found.
Sat Mar 29 21:59:51 CET 2014: 13: finished (3ms, 5cycles)
Sat Mar 29 21:59:51 CET 2014: 13: Solution found.
Sat Mar 29 21:59:52 CET 2014: 14: finished (287ms, 500cycles)
Sat Mar 29 21:59:52 CET 2014: 14: No solution found.
Sat Mar 29 21:59:52 CET 2014: 15: finished (290ms, 500cycles)
Sat Mar 29 21:59:52 CET 2014: 15: No solution found.
Sat Mar 29 21:59:52 CET 2014: 16: finished (11ms, 16cycles)
Sat Mar 29 21:59:52 CET 2014: 16: Solution found.
Sat Mar 29 21:59:52 CET 2014: 17: finished (294ms, 500cycles)
Sat Mar 29 21:59:52 CET 2014: 17: No solution found.
Sat Mar 29 21:59:53 CET 2014: 18: finished (298ms, 500cycles)
Sat Mar 29 21:59:53 CET 2014: 18: No solution found.
Sat Mar 29 21:59:53 CET 2014: 19: finished (18ms, 22cycles)
Sat Mar 29 21:59:53 CET 2014: 19: Solution found.
Sat Mar 29 21:59:53 CET 2014: 20: finished (304ms, 500cycles)
Sat Mar 29 21:59:53 CET 2014: 20: No solution found.
Sat Mar 29 21:59:53 CET 2014: 21: finished (288ms, 500cycles)
Sat Mar 29 21:59:53 CET 2014: 21: No solution found.
Sat Mar 29 21:59:53 CET 2014: 22: finished (26ms, 38cycles)
Sat Mar 29 21:59:53 CET 2014: 22: Solution found.
Sat Mar 29 21:59:54 CET 2014: 23: finished (309ms, 500cycles)
Sat Mar 29 21:59:54 CET 2014: 23: No solution found.
Sat Mar 29 21:59:54 CET 2014: 24: finished (296ms, 500cycles)
Sat Mar 29 21:59:54 CET 2014: 24: No solution found.
Sat Mar 29 21:59:54 CET 2014: 25: finished (300ms, 500cycles)
Sat Mar 29 21:59:54 CET 2014: 25: No solution found.
Sat Mar 29 21:59:54 CET 2014: 26: finished (291ms, 500cycles)
Sat Mar 29 21:59:54 CET 2014: 26: No solution found.
Sat Mar 29 21:59:54 CET 2014: 27: finished (20ms, 29cycles)
Sat Mar 29 21:59:54 CET 2014: 27: Solution found.
Sat Mar 29 21:59:54 CET 2014: 28: finished (17ms, 27cycles)
Sat Mar 29 21:59:54 CET 2014: 28: Solution found.
Sat Mar 29 21:59:55 CET 2014: 29: finished (304ms, 500cycles)
Sat Mar 29 21:59:55 CET 2014: 29: No solution found.
Sat Mar 29 21:59:55 CET 2014: 30: finished (291ms, 500cycles)
Sat Mar 29 21:59:55 CET 2014: 30: No solution found.
Sat Mar 29 21:59:55 CET 2014: 31: finished (14ms, 18cycles)
Sat Mar 29 21:59:55 CET 2014: 31: Solution found.
Sat Mar 29 21:59:55 CET 2014: 32: finished (323ms, 500cycles)
Sat Mar 29 21:59:55 CET 2014: 32: No solution found.
Sat Mar 29 21:59:55 CET 2014: 33: finished (13ms, 17cycles)
Sat Mar 29 21:59:55 CET 2014: 33: Solution found.
Sat Mar 29 21:59:55 CET 2014: 34: finished (6ms, 9cycles)
Sat Mar 29 21:59:55 CET 2014: 34: Solution found.
Sat Mar 29 21:59:55 CET 2014: 35: finished (17ms, 24cycles)
Sat Mar 29 21:59:55 CET 2014: 35: Solution found.
Sat Mar 29 21:59:56 CET 2014: 36: finished (290ms, 500cycles)
Sat Mar 29 21:59:56 CET 2014: 36: No solution found.
Sat Mar 29 21:59:56 CET 2014: 37: finished (8ms, 11cycles)
Sat Mar 29 21:59:56 CET 2014: 37: Solution found.
Sat Mar 29 21:59:56 CET 2014: 38: finished (310ms, 500cycles)
Sat Mar 29 21:59:56 CET 2014: 38: No solution found.
Sat Mar 29 21:59:56 CET 2014: 39: finished (290ms, 500cycles)
Sat Mar 29 21:59:56 CET 2014: 39: No solution found.
Sat Mar 29 21:59:56 CET 2014: 40: finished (7ms, 10cycles)
Sat Mar 29 21:59:56 CET 2014: 40: Solution found.
Sat Mar 29 21:59:57 CET 2014: 41: finished (302ms, 500cycles)
Sat Mar 29 21:59:57 CET 2014: 41: No solution found.
Sat Mar 29 21:59:57 CET 2014: 42: finished (17ms, 25cycles)
Sat Mar 29 21:59:57 CET 2014: 42: Solution found.
Sat Mar 29 21:59:57 CET 2014: 43: finished (289ms, 500cycles)
Sat Mar 29 21:59:57 CET 2014: 43: No solution found.
Sat Mar 29 21:59:57 CET 2014: 44: finished (294ms, 500cycles)
Sat Mar 29 21:59:57 CET 2014: 44: No solution found.
Sat Mar 29 21:59:58 CET 2014: 45: finished (293ms, 500cycles)
Sat Mar 29 21:59:58 CET 2014: 45: No solution found.
Sat Mar 29 21:59:58 CET 2014: 46: finished (294ms, 500cycles)
Sat Mar 29 21:59:58 CET 2014: 46: No solution found.
Sat Mar 29 21:59:58 CET 2014: 47: finished (289ms, 500cycles)
Sat Mar 29 21:59:58 CET 2014: 47: No solution found.
Sat Mar 29 21:59:58 CET 2014: 48: finished (297ms, 500cycles)
Sat Mar 29 21:59:58 CET 2014: 48: No solution found.
Sat Mar 29 21:59:59 CET 2014: 49: finished (295ms, 500cycles)
Sat Mar 29 21:59:59 CET 2014: 49: No solution found.
Sat Mar 29 21:59:59 CET 2014: 50: finished (287ms, 500cycles)
Sat Mar 29 21:59:59 CET 2014: 50: No solution found.
Sat Mar 29 21:59:59 CET 2014: 51: finished (8ms, 11cycles)
Sat Mar 29 21:59:59 CET 2014: 51: Solution found.
Sat Mar 29 21:59:59 CET 2014: 52: finished (292ms, 500cycles)
Sat Mar 29 21:59:59 CET 2014: 52: No solution found.
Sat Mar 29 21:59:59 CET 2014: 53: finished (31ms, 48cycles)
Sat Mar 29 21:59:59 CET 2014: 53: Solution found.
Sat Mar 29 22:00:00 CET 2014: 54: finished (307ms, 500cycles)
Sat Mar 29 22:00:00 CET 2014: 54: No solution found.
Sat Mar 29 22:00:00 CET 2014: 55: finished (3ms, 4cycles)
Sat Mar 29 22:00:00 CET 2014: 55: Solution found.
Sat Mar 29 22:00:00 CET 2014: 56: finished (6ms, 9cycles)
Sat Mar 29 22:00:00 CET 2014: 56: Solution found.
Sat Mar 29 22:00:00 CET 2014: 57: finished (3ms, 3cycles)
Sat Mar 29 22:00:00 CET 2014: 57: Solution found.
Sat Mar 29 22:00:00 CET 2014: 58: finished (34ms, 54cycles)
Sat Mar 29 22:00:00 CET 2014: 58: Solution found.
Sat Mar 29 22:00:00 CET 2014: 59: finished (310ms, 500cycles)
Sat Mar 29 22:00:00 CET 2014: 59: No solution found.
Sat Mar 29 22:00:00 CET 2014: 60: finished (18ms, 25cycles)
Sat Mar 29 22:00:00 CET 2014: 60: Solution found.
Sat Mar 29 22:00:00 CET 2014: 61: finished (17ms, 25cycles)
Sat Mar 29 22:00:00 CET 2014: 61: Solution found.
Sat Mar 29 22:00:00 CET 2014: 62: finished (300ms, 500cycles)
Sat Mar 29 22:00:00 CET 2014: 62: No solution found.
Sat Mar 29 22:00:00 CET 2014: 63: finished (22ms, 29cycles)
Sat Mar 29 22:00:00 CET 2014: 63: Solution found.
Sat Mar 29 22:00:01 CET 2014: 64: finished (309ms, 500cycles)
Sat Mar 29 22:00:01 CET 2014: 64: No solution found.
Sat Mar 29 22:00:01 CET 2014: 65: finished (11ms, 17cycles)
Sat Mar 29 22:00:01 CET 2014: 65: Solution found.
Sat Mar 29 22:00:01 CET 2014: 66: finished (299ms, 500cycles)
Sat Mar 29 22:00:01 CET 2014: 66: No solution found.
Sat Mar 29 22:00:01 CET 2014: 67: finished (297ms, 500cycles)
Sat Mar 29 22:00:01 CET 2014: 67: No solution found.
Sat Mar 29 22:00:02 CET 2014: 68: finished (291ms, 500cycles)
Sat Mar 29 22:00:02 CET 2014: 68: No solution found.
Sat Mar 29 22:00:02 CET 2014: 69: finished (287ms, 500cycles)
Sat Mar 29 22:00:02 CET 2014: 69: No solution found.
Sat Mar 29 22:00:02 CET 2014: 70: finished (287ms, 500cycles)
Sat Mar 29 22:00:02 CET 2014: 70: No solution found.
Sat Mar 29 22:00:02 CET 2014: 71: finished (3ms, 3cycles)
Sat Mar 29 22:00:02 CET 2014: 71: Solution found.
Sat Mar 29 22:00:02 CET 2014: 72: finished (304ms, 500cycles)
Sat Mar 29 22:00:02 CET 2014: 72: No solution found.
Sat Mar 29 22:00:02 CET 2014: 73: finished (32ms, 48cycles)
Sat Mar 29 22:00:02 CET 2014: 73: Solution found.
Sat Mar 29 22:00:03 CET 2014: 74: finished (288ms, 500cycles)
Sat Mar 29 22:00:03 CET 2014: 74: No solution found.
Sat Mar 29 22:00:03 CET 2014: 75: finished (52ms, 78cycles)
Sat Mar 29 22:00:03 CET 2014: 75: Solution found.
Sat Mar 29 22:00:03 CET 2014: 76: finished (18ms, 25cycles)
Sat Mar 29 22:00:03 CET 2014: 76: Solution found.
Sat Mar 29 22:00:03 CET 2014: 77: finished (301ms, 500cycles)
Sat Mar 29 22:00:03 CET 2014: 77: No solution found.
Sat Mar 29 22:00:03 CET 2014: 78: finished (292ms, 500cycles)
Sat Mar 29 22:00:03 CET 2014: 78: No solution found.
Sat Mar 29 22:00:04 CET 2014: 79: finished (301ms, 500cycles)
Sat Mar 29 22:00:04 CET 2014: 79: No solution found.
Sat Mar 29 22:00:04 CET 2014: 80: finished (296ms, 500cycles)
Sat Mar 29 22:00:04 CET 2014: 80: No solution found.
Sat Mar 29 22:00:04 CET 2014: 81: finished (14ms, 21cycles)
Sat Mar 29 22:00:04 CET 2014: 81: Solution found.
Sat Mar 29 22:00:04 CET 2014: 82: finished (303ms, 500cycles)
Sat Mar 29 22:00:04 CET 2014: 82: No solution found.
Sat Mar 29 22:00:04 CET 2014: 83: finished (14ms, 21cycles)
Sat Mar 29 22:00:04 CET 2014: 83: Solution found.
Sat Mar 29 22:00:04 CET 2014: 84: finished (11ms, 17cycles)
Sat Mar 29 22:00:04 CET 2014: 84: Solution found.
Sat Mar 29 22:00:04 CET 2014: 85: finished (7ms, 9cycles)
Sat Mar 29 22:00:04 CET 2014: 85: Solution found.
Sat Mar 29 22:00:05 CET 2014: 86: finished (293ms, 500cycles)
Sat Mar 29 22:00:05 CET 2014: 86: No solution found.
Sat Mar 29 22:00:05 CET 2014: 87: finished (6ms, 7cycles)
Sat Mar 29 22:00:05 CET 2014: 87: Solution found.
Sat Mar 29 22:00:05 CET 2014: 88: finished (11ms, 14cycles)
Sat Mar 29 22:00:05 CET 2014: 88: Solution found.
Sat Mar 29 22:00:05 CET 2014: 89: finished (11ms, 16cycles)
Sat Mar 29 22:00:05 CET 2014: 89: Solution found.
Sat Mar 29 22:00:05 CET 2014: 90: finished (289ms, 500cycles)
Sat Mar 29 22:00:05 CET 2014: 90: No solution found.
Sat Mar 29 22:00:05 CET 2014: 91: finished (303ms, 500cycles)
Sat Mar 29 22:00:05 CET 2014: 91: No solution found.
Sat Mar 29 22:00:05 CET 2014: 92: finished (8ms, 10cycles)
Sat Mar 29 22:00:05 CET 2014: 92: Solution found.
Sat Mar 29 22:00:05 CET 2014: 93: finished (9ms, 14cycles)
Sat Mar 29 22:00:05 CET 2014: 93: Solution found.
Sat Mar 29 22:00:05 CET 2014: 94: finished (10ms, 16cycles)
Sat Mar 29 22:00:05 CET 2014: 94: Solution found.
Sat Mar 29 22:00:06 CET 2014: 95: finished (330ms, 500cycles)
Sat Mar 29 22:00:06 CET 2014: 95: No solution found.
Sat Mar 29 22:00:06 CET 2014: 96: finished (314ms, 500cycles)
Sat Mar 29 22:00:06 CET 2014: 96: No solution found.
Sat Mar 29 22:00:06 CET 2014: 97: finished (18ms, 24cycles)
Sat Mar 29 22:00:06 CET 2014: 97: Solution found.
Sat Mar 29 22:00:06 CET 2014: 98: finished (296ms, 500cycles)
Sat Mar 29 22:00:06 CET 2014: 98: No solution found.
Sat Mar 29 22:00:06 CET 2014: 99: finished (10ms, 12cycles)
Sat Mar 29 22:00:06 CET 2014: 99: Solution found.
Sat Mar 29 22:00:06 CET 2014: Solution Found: 46
Sat Mar 29 22:00:06 CET 2014: Avg cycles: 19
Sat Mar 29 22:00:06 CET 2014: Max cycles: 78
Sat Mar 29 22:00:06 CET 2014: Min cycles: 2
Sat Mar 29 22:00:06 CET 2014: No solution found: 54
Sat Mar 29 22:00:06 CET 2014: logging finished. (runtime: 16765ms)
