Mon Mar 31 00:25:31 CEST 2014: Problem Count: 100
Mon Mar 31 00:25:31 CEST 2014: CandidatesCount: 100
Mon Mar 31 00:25:31 CEST 2014: Max Cycles: 500
Mon Mar 31 00:25:32 CEST 2014: 0: finished (1512ms, 500cycles)
Mon Mar 31 00:25:32 CEST 2014: 0: No solution found.
Mon Mar 31 00:25:33 CEST 2014: 1: finished (65ms, 18cycles)
Mon Mar 31 00:25:33 CEST 2014: 1: Solution found.
Mon Mar 31 00:25:34 CEST 2014: 2: finished (1557ms, 500cycles)
Mon Mar 31 00:25:34 CEST 2014: 2: No solution found.
Mon Mar 31 00:25:36 CEST 2014: 3: finished (1487ms, 500cycles)
Mon Mar 31 00:25:36 CEST 2014: 3: No solution found.
Mon Mar 31 00:25:36 CEST 2014: 4: finished (47ms, 13cycles)
Mon Mar 31 00:25:36 CEST 2014: 4: Solution found.
Mon Mar 31 00:25:37 CEST 2014: 5: finished (1493ms, 500cycles)
Mon Mar 31 00:25:37 CEST 2014: 5: No solution found.
Mon Mar 31 00:25:37 CEST 2014: 6: finished (114ms, 32cycles)
Mon Mar 31 00:25:37 CEST 2014: 6: Solution found.
Mon Mar 31 00:25:37 CEST 2014: 7: finished (26ms, 7cycles)
Mon Mar 31 00:25:37 CEST 2014: 7: Solution found.
Mon Mar 31 00:25:37 CEST 2014: 8: finished (157ms, 47cycles)
Mon Mar 31 00:25:37 CEST 2014: 8: Solution found.
Mon Mar 31 00:25:39 CEST 2014: 9: finished (1495ms, 500cycles)
Mon Mar 31 00:25:39 CEST 2014: 9: No solution found.
Mon Mar 31 00:25:39 CEST 2014: 10: finished (98ms, 26cycles)
Mon Mar 31 00:25:39 CEST 2014: 10: Solution found.
Mon Mar 31 00:25:39 CEST 2014: 11: finished (42ms, 12cycles)
Mon Mar 31 00:25:39 CEST 2014: 11: Solution found.
Mon Mar 31 00:25:41 CEST 2014: 12: finished (1475ms, 500cycles)
Mon Mar 31 00:25:41 CEST 2014: 12: No solution found.
Mon Mar 31 00:25:41 CEST 2014: 13: finished (61ms, 17cycles)
Mon Mar 31 00:25:41 CEST 2014: 13: Solution found.
Mon Mar 31 00:25:41 CEST 2014: 14: finished (29ms, 8cycles)
Mon Mar 31 00:25:41 CEST 2014: 14: Solution found.
Mon Mar 31 00:25:42 CEST 2014: 15: finished (1467ms, 500cycles)
Mon Mar 31 00:25:42 CEST 2014: 15: No solution found.
Mon Mar 31 00:25:42 CEST 2014: 16: finished (25ms, 7cycles)
Mon Mar 31 00:25:42 CEST 2014: 16: Solution found.
Mon Mar 31 00:25:44 CEST 2014: 17: finished (1502ms, 500cycles)
Mon Mar 31 00:25:44 CEST 2014: 17: No solution found.
Mon Mar 31 00:25:44 CEST 2014: 18: finished (51ms, 15cycles)
Mon Mar 31 00:25:44 CEST 2014: 18: Solution found.
Mon Mar 31 00:25:45 CEST 2014: 19: finished (1528ms, 500cycles)
Mon Mar 31 00:25:45 CEST 2014: 19: No solution found.
Mon Mar 31 00:25:47 CEST 2014: 20: finished (1490ms, 500cycles)
Mon Mar 31 00:25:47 CEST 2014: 20: No solution found.
Mon Mar 31 00:25:47 CEST 2014: 21: finished (53ms, 15cycles)
Mon Mar 31 00:25:47 CEST 2014: 21: Solution found.
Mon Mar 31 00:25:48 CEST 2014: 22: finished (1487ms, 500cycles)
Mon Mar 31 00:25:48 CEST 2014: 22: No solution found.
Mon Mar 31 00:25:48 CEST 2014: 23: finished (236ms, 68cycles)
Mon Mar 31 00:25:48 CEST 2014: 23: Solution found.
Mon Mar 31 00:25:48 CEST 2014: 24: finished (10ms, 2cycles)
Mon Mar 31 00:25:48 CEST 2014: 24: Solution found.
Mon Mar 31 00:25:49 CEST 2014: 25: finished (59ms, 17cycles)
Mon Mar 31 00:25:49 CEST 2014: 25: Solution found.
Mon Mar 31 00:25:49 CEST 2014: 26: finished (42ms, 13cycles)
Mon Mar 31 00:25:49 CEST 2014: 26: Solution found.
Mon Mar 31 00:25:50 CEST 2014: 27: finished (1476ms, 500cycles)
Mon Mar 31 00:25:50 CEST 2014: 27: No solution found.
Mon Mar 31 00:25:52 CEST 2014: 28: finished (1519ms, 500cycles)
Mon Mar 31 00:25:52 CEST 2014: 28: No solution found.
Mon Mar 31 00:25:52 CEST 2014: 29: finished (169ms, 53cycles)
Mon Mar 31 00:25:52 CEST 2014: 29: Solution found.
Mon Mar 31 00:25:53 CEST 2014: 30: finished (1512ms, 500cycles)
Mon Mar 31 00:25:53 CEST 2014: 30: No solution found.
Mon Mar 31 00:25:55 CEST 2014: 31: finished (1516ms, 500cycles)
Mon Mar 31 00:25:55 CEST 2014: 31: No solution found.
Mon Mar 31 00:25:55 CEST 2014: 32: finished (47ms, 13cycles)
Mon Mar 31 00:25:55 CEST 2014: 32: Solution found.
Mon Mar 31 00:25:56 CEST 2014: 33: finished (1473ms, 500cycles)
Mon Mar 31 00:25:56 CEST 2014: 33: No solution found.
Mon Mar 31 00:25:58 CEST 2014: 34: finished (1491ms, 500cycles)
Mon Mar 31 00:25:58 CEST 2014: 34: No solution found.
Mon Mar 31 00:25:59 CEST 2014: 35: finished (1502ms, 500cycles)
Mon Mar 31 00:25:59 CEST 2014: 35: No solution found.
Mon Mar 31 00:25:59 CEST 2014: 36: finished (55ms, 16cycles)
Mon Mar 31 00:25:59 CEST 2014: 36: Solution found.
Mon Mar 31 00:25:59 CEST 2014: 37: finished (134ms, 39cycles)
Mon Mar 31 00:25:59 CEST 2014: 37: Solution found.
Mon Mar 31 00:26:01 CEST 2014: 38: finished (1511ms, 500cycles)
Mon Mar 31 00:26:01 CEST 2014: 38: No solution found.
Mon Mar 31 00:26:01 CEST 2014: 39: finished (40ms, 10cycles)
Mon Mar 31 00:26:01 CEST 2014: 39: Solution found.
Mon Mar 31 00:26:03 CEST 2014: 40: finished (1499ms, 500cycles)
Mon Mar 31 00:26:03 CEST 2014: 40: No solution found.
Mon Mar 31 00:26:03 CEST 2014: 41: finished (150ms, 43cycles)
Mon Mar 31 00:26:03 CEST 2014: 41: Solution found.
Mon Mar 31 00:26:03 CEST 2014: 42: finished (16ms, 4cycles)
Mon Mar 31 00:26:03 CEST 2014: 42: Solution found.
Mon Mar 31 00:26:03 CEST 2014: 43: finished (82ms, 23cycles)
Mon Mar 31 00:26:03 CEST 2014: 43: Solution found.
Mon Mar 31 00:26:04 CEST 2014: 44: finished (1509ms, 500cycles)
Mon Mar 31 00:26:04 CEST 2014: 44: No solution found.
Mon Mar 31 00:26:04 CEST 2014: 45: finished (24ms, 7cycles)
Mon Mar 31 00:26:04 CEST 2014: 45: Solution found.
Mon Mar 31 00:26:06 CEST 2014: 46: finished (1520ms, 500cycles)
Mon Mar 31 00:26:06 CEST 2014: 46: No solution found.
Mon Mar 31 00:26:06 CEST 2014: 47: finished (60ms, 17cycles)
Mon Mar 31 00:26:06 CEST 2014: 47: Solution found.
Mon Mar 31 00:26:07 CEST 2014: 48: finished (1499ms, 500cycles)
Mon Mar 31 00:26:07 CEST 2014: 48: No solution found.
Mon Mar 31 00:26:09 CEST 2014: 49: finished (1493ms, 500cycles)
Mon Mar 31 00:26:09 CEST 2014: 49: No solution found.
Mon Mar 31 00:26:09 CEST 2014: 50: finished (110ms, 33cycles)
Mon Mar 31 00:26:09 CEST 2014: 50: Solution found.
Mon Mar 31 00:26:09 CEST 2014: 51: finished (70ms, 19cycles)
Mon Mar 31 00:26:09 CEST 2014: 51: Solution found.
Mon Mar 31 00:26:11 CEST 2014: 52: finished (1517ms, 500cycles)
Mon Mar 31 00:26:11 CEST 2014: 52: No solution found.
Mon Mar 31 00:26:11 CEST 2014: 53: finished (212ms, 61cycles)
Mon Mar 31 00:26:11 CEST 2014: 53: Solution found.
Mon Mar 31 00:26:11 CEST 2014: 54: finished (84ms, 23cycles)
Mon Mar 31 00:26:11 CEST 2014: 54: Solution found.
Mon Mar 31 00:26:11 CEST 2014: 55: finished (58ms, 16cycles)
Mon Mar 31 00:26:11 CEST 2014: 55: Solution found.
Mon Mar 31 00:26:11 CEST 2014: 56: finished (55ms, 16cycles)
Mon Mar 31 00:26:11 CEST 2014: 56: Solution found.
Mon Mar 31 00:26:13 CEST 2014: 57: finished (1519ms, 500cycles)
Mon Mar 31 00:26:13 CEST 2014: 57: No solution found.
Mon Mar 31 00:26:13 CEST 2014: 58: finished (110ms, 33cycles)
Mon Mar 31 00:26:13 CEST 2014: 58: Solution found.
Mon Mar 31 00:26:14 CEST 2014: 59: finished (1513ms, 500cycles)
Mon Mar 31 00:26:14 CEST 2014: 59: No solution found.
Mon Mar 31 00:26:14 CEST 2014: 60: finished (202ms, 58cycles)
Mon Mar 31 00:26:14 CEST 2014: 60: Solution found.
Mon Mar 31 00:26:16 CEST 2014: 61: finished (1492ms, 500cycles)
Mon Mar 31 00:26:16 CEST 2014: 61: No solution found.
Mon Mar 31 00:26:16 CEST 2014: 62: finished (27ms, 7cycles)
Mon Mar 31 00:26:16 CEST 2014: 62: Solution found.
Mon Mar 31 00:26:16 CEST 2014: 63: finished (43ms, 13cycles)
Mon Mar 31 00:26:16 CEST 2014: 63: Solution found.
Mon Mar 31 00:26:16 CEST 2014: 64: finished (30ms, 9cycles)
Mon Mar 31 00:26:16 CEST 2014: 64: Solution found.
Mon Mar 31 00:26:17 CEST 2014: 65: finished (1492ms, 500cycles)
Mon Mar 31 00:26:17 CEST 2014: 65: No solution found.
Mon Mar 31 00:26:19 CEST 2014: 66: finished (1471ms, 500cycles)
Mon Mar 31 00:26:19 CEST 2014: 66: No solution found.
Mon Mar 31 00:26:19 CEST 2014: 67: finished (7ms, 1cycles)
Mon Mar 31 00:26:19 CEST 2014: 67: Solution found.
Mon Mar 31 00:26:19 CEST 2014: 68: finished (167ms, 46cycles)
Mon Mar 31 00:26:19 CEST 2014: 68: Solution found.
Mon Mar 31 00:26:19 CEST 2014: 69: finished (28ms, 8cycles)
Mon Mar 31 00:26:19 CEST 2014: 69: Solution found.
Mon Mar 31 00:26:19 CEST 2014: 70: finished (35ms, 10cycles)
Mon Mar 31 00:26:19 CEST 2014: 70: Solution found.
Mon Mar 31 00:26:19 CEST 2014: 71: finished (76ms, 13cycles)
Mon Mar 31 00:26:19 CEST 2014: 71: Solution found.
Mon Mar 31 00:26:21 CEST 2014: 72: finished (1504ms, 500cycles)
Mon Mar 31 00:26:21 CEST 2014: 72: No solution found.
Mon Mar 31 00:26:21 CEST 2014: 73: finished (55ms, 16cycles)
Mon Mar 31 00:26:21 CEST 2014: 73: Solution found.
Mon Mar 31 00:26:21 CEST 2014: 74: finished (10ms, 2cycles)
Mon Mar 31 00:26:21 CEST 2014: 74: Solution found.
Mon Mar 31 00:26:21 CEST 2014: 75: finished (57ms, 16cycles)
Mon Mar 31 00:26:21 CEST 2014: 75: Solution found.
Mon Mar 31 00:26:22 CEST 2014: 76: finished (1509ms, 500cycles)
Mon Mar 31 00:26:22 CEST 2014: 76: No solution found.
Mon Mar 31 00:26:22 CEST 2014: 77: finished (61ms, 18cycles)
Mon Mar 31 00:26:22 CEST 2014: 77: Solution found.
Mon Mar 31 00:26:24 CEST 2014: 78: finished (1493ms, 500cycles)
Mon Mar 31 00:26:24 CEST 2014: 78: No solution found.
Mon Mar 31 00:26:24 CEST 2014: 79: finished (23ms, 6cycles)
Mon Mar 31 00:26:24 CEST 2014: 79: Solution found.
Mon Mar 31 00:26:24 CEST 2014: 80: finished (60ms, 17cycles)
Mon Mar 31 00:26:24 CEST 2014: 80: Solution found.
Mon Mar 31 00:26:24 CEST 2014: 81: finished (21ms, 6cycles)
Mon Mar 31 00:26:24 CEST 2014: 81: Solution found.
Mon Mar 31 00:26:25 CEST 2014: 82: finished (1477ms, 500cycles)
Mon Mar 31 00:26:25 CEST 2014: 82: No solution found.
Mon Mar 31 00:26:25 CEST 2014: 83: finished (12ms, 3cycles)
Mon Mar 31 00:26:25 CEST 2014: 83: Solution found.
Mon Mar 31 00:26:26 CEST 2014: 84: finished (45ms, 13cycles)
Mon Mar 31 00:26:26 CEST 2014: 84: Solution found.
Mon Mar 31 00:26:26 CEST 2014: 85: finished (119ms, 35cycles)
Mon Mar 31 00:26:26 CEST 2014: 85: Solution found.
Mon Mar 31 00:26:26 CEST 2014: 86: finished (50ms, 15cycles)
Mon Mar 31 00:26:26 CEST 2014: 86: Solution found.
Mon Mar 31 00:26:27 CEST 2014: 87: finished (1506ms, 500cycles)
Mon Mar 31 00:26:27 CEST 2014: 87: No solution found.
Mon Mar 31 00:26:29 CEST 2014: 88: finished (1508ms, 500cycles)
Mon Mar 31 00:26:29 CEST 2014: 88: No solution found.
Mon Mar 31 00:26:31 CEST 2014: 89: finished (2347ms, 500cycles)
Mon Mar 31 00:26:31 CEST 2014: 89: No solution found.
Mon Mar 31 00:26:31 CEST 2014: 90: finished (249ms, 28cycles)
Mon Mar 31 00:26:31 CEST 2014: 90: Solution found.
Mon Mar 31 00:26:31 CEST 2014: 91: finished (181ms, 20cycles)
Mon Mar 31 00:26:31 CEST 2014: 91: Solution found.
Mon Mar 31 00:26:32 CEST 2014: 92: finished (175ms, 18cycles)
Mon Mar 31 00:26:32 CEST 2014: 92: Solution found.
Mon Mar 31 00:26:32 CEST 2014: 93: finished (247ms, 27cycles)
Mon Mar 31 00:26:32 CEST 2014: 93: Solution found.
Mon Mar 31 00:26:35 CEST 2014: 94: finished (3043ms, 500cycles)
Mon Mar 31 00:26:35 CEST 2014: 94: No solution found.
Mon Mar 31 00:26:35 CEST 2014: 95: finished (62ms, 17cycles)
Mon Mar 31 00:26:35 CEST 2014: 95: Solution found.
Mon Mar 31 00:26:37 CEST 2014: 96: finished (1685ms, 500cycles)
Mon Mar 31 00:26:37 CEST 2014: 96: No solution found.
Mon Mar 31 00:26:38 CEST 2014: 97: finished (1495ms, 500cycles)
Mon Mar 31 00:26:38 CEST 2014: 97: No solution found.
Mon Mar 31 00:26:38 CEST 2014: 98: finished (100ms, 30cycles)
Mon Mar 31 00:26:38 CEST 2014: 98: Solution found.
Mon Mar 31 00:26:38 CEST 2014: 99: finished (13ms, 3cycles)
Mon Mar 31 00:26:38 CEST 2014: 99: Solution found.
Mon Mar 31 00:26:38 CEST 2014: Solution Found: 60
Mon Mar 31 00:26:38 CEST 2014: Avg cycles: 19
Mon Mar 31 00:26:38 CEST 2014: Max cycles: 68
Mon Mar 31 00:26:38 CEST 2014: Min cycles: 1
Mon Mar 31 00:26:38 CEST 2014: No solution found: 40
Mon Mar 31 00:26:38 CEST 2014: logging finished. (runtime: 67356ms)
