Sun Mar 30 20:40:19 CEST 2014: Problem Count: 200
Sun Mar 30 20:40:19 CEST 2014: CandidatesCount: 100
Sun Mar 30 20:40:19 CEST 2014: Max Cycles: 500
Sun Mar 30 20:40:19 CEST 2014: 0: finished (113ms, 9cycles)
Sun Mar 30 20:40:19 CEST 2014: 0: Solution found.
Sun Mar 30 20:40:19 CEST 2014: 1: finished (168ms, 14cycles)
Sun Mar 30 20:40:19 CEST 2014: 1: Solution found.
Sun Mar 30 20:40:19 CEST 2014: 2: finished (135ms, 11cycles)
Sun Mar 30 20:40:19 CEST 2014: 2: Solution found.
Sun Mar 30 20:40:20 CEST 2014: 3: finished (580ms, 50cycles)
Sun Mar 30 20:40:20 CEST 2014: 3: Solution found.
Sun Mar 30 20:40:20 CEST 2014: 4: finished (171ms, 12cycles)
Sun Mar 30 20:40:20 CEST 2014: 4: Solution found.
Sun Mar 30 20:40:25 CEST 2014: 5: finished (5075ms, 500cycles)
Sun Mar 30 20:40:25 CEST 2014: 5: No solution found.
Sun Mar 30 20:40:25 CEST 2014: 6: finished (249ms, 20cycles)
Sun Mar 30 20:40:25 CEST 2014: 6: Solution found.
Sun Mar 30 20:40:25 CEST 2014: 7: finished (134ms, 9cycles)
Sun Mar 30 20:40:25 CEST 2014: 7: Solution found.
Sun Mar 30 20:40:25 CEST 2014: 8: finished (254ms, 20cycles)
Sun Mar 30 20:40:25 CEST 2014: 8: Solution found.
Sun Mar 30 20:40:26 CEST 2014: 9: finished (171ms, 14cycles)
Sun Mar 30 20:40:26 CEST 2014: 9: Solution found.
Sun Mar 30 20:40:26 CEST 2014: 10: finished (257ms, 22cycles)
Sun Mar 30 20:40:26 CEST 2014: 10: Solution found.
Sun Mar 30 20:40:26 CEST 2014: 11: finished (188ms, 16cycles)
Sun Mar 30 20:40:26 CEST 2014: 11: Solution found.
Sun Mar 30 20:40:26 CEST 2014: 12: finished (253ms, 22cycles)
Sun Mar 30 20:40:26 CEST 2014: 12: Solution found.
Sun Mar 30 20:40:31 CEST 2014: 13: finished (5026ms, 500cycles)
Sun Mar 30 20:40:31 CEST 2014: 13: No solution found.
Sun Mar 30 20:40:32 CEST 2014: 14: finished (383ms, 34cycles)
Sun Mar 30 20:40:32 CEST 2014: 14: Solution found.
Sun Mar 30 20:40:32 CEST 2014: 15: finished (295ms, 25cycles)
Sun Mar 30 20:40:32 CEST 2014: 15: Solution found.
Sun Mar 30 20:40:32 CEST 2014: 16: finished (211ms, 18cycles)
Sun Mar 30 20:40:32 CEST 2014: 16: Solution found.
Sun Mar 30 20:40:32 CEST 2014: 17: finished (306ms, 24cycles)
Sun Mar 30 20:40:32 CEST 2014: 17: Solution found.
Sun Mar 30 20:40:38 CEST 2014: 18: finished (5069ms, 500cycles)
Sun Mar 30 20:40:38 CEST 2014: 18: No solution found.
Sun Mar 30 20:40:43 CEST 2014: 19: finished (5057ms, 500cycles)
Sun Mar 30 20:40:43 CEST 2014: 19: No solution found.
Sun Mar 30 20:40:43 CEST 2014: 20: finished (396ms, 33cycles)
Sun Mar 30 20:40:43 CEST 2014: 20: Solution found.
Sun Mar 30 20:40:43 CEST 2014: 21: finished (242ms, 20cycles)
Sun Mar 30 20:40:43 CEST 2014: 21: Solution found.
Sun Mar 30 20:40:44 CEST 2014: 22: finished (490ms, 43cycles)
Sun Mar 30 20:40:44 CEST 2014: 22: Solution found.
Sun Mar 30 20:40:44 CEST 2014: 23: finished (265ms, 21cycles)
Sun Mar 30 20:40:44 CEST 2014: 23: Solution found.
Sun Mar 30 20:40:44 CEST 2014: 24: finished (45ms, 3cycles)
Sun Mar 30 20:40:44 CEST 2014: 24: Solution found.
Sun Mar 30 20:40:49 CEST 2014: 25: finished (5050ms, 500cycles)
Sun Mar 30 20:40:49 CEST 2014: 25: No solution found.
Sun Mar 30 20:40:54 CEST 2014: 26: finished (5063ms, 500cycles)
Sun Mar 30 20:40:54 CEST 2014: 26: No solution found.
Sun Mar 30 20:40:59 CEST 2014: 27: finished (5124ms, 500cycles)
Sun Mar 30 20:40:59 CEST 2014: 27: No solution found.
Sun Mar 30 20:41:05 CEST 2014: 28: finished (5447ms, 500cycles)
Sun Mar 30 20:41:05 CEST 2014: 28: No solution found.
Sun Mar 30 20:41:05 CEST 2014: 29: finished (209ms, 17cycles)
Sun Mar 30 20:41:05 CEST 2014: 29: Solution found.
Sun Mar 30 20:41:05 CEST 2014: 30: finished (45ms, 2cycles)
Sun Mar 30 20:41:05 CEST 2014: 30: Solution found.
Sun Mar 30 20:41:10 CEST 2014: 31: finished (5128ms, 500cycles)
Sun Mar 30 20:41:10 CEST 2014: 31: No solution found.
Sun Mar 30 20:41:10 CEST 2014: 32: finished (319ms, 26cycles)
Sun Mar 30 20:41:10 CEST 2014: 32: Solution found.
Sun Mar 30 20:41:11 CEST 2014: 33: finished (340ms, 29cycles)
Sun Mar 30 20:41:11 CEST 2014: 33: Solution found.
Sun Mar 30 20:41:16 CEST 2014: 34: finished (4982ms, 500cycles)
Sun Mar 30 20:41:16 CEST 2014: 34: No solution found.
Sun Mar 30 20:41:16 CEST 2014: 35: finished (280ms, 24cycles)
Sun Mar 30 20:41:16 CEST 2014: 35: Solution found.
Sun Mar 30 20:41:16 CEST 2014: 36: finished (276ms, 21cycles)
Sun Mar 30 20:41:16 CEST 2014: 36: Solution found.
Sun Mar 30 20:41:21 CEST 2014: 37: finished (5063ms, 500cycles)
Sun Mar 30 20:41:21 CEST 2014: 37: No solution found.
Sun Mar 30 20:41:22 CEST 2014: 38: finished (276ms, 24cycles)
Sun Mar 30 20:41:22 CEST 2014: 38: Solution found.
Sun Mar 30 20:41:22 CEST 2014: 39: finished (193ms, 17cycles)
Sun Mar 30 20:41:22 CEST 2014: 39: Solution found.
Sun Mar 30 20:41:22 CEST 2014: 40: finished (201ms, 16cycles)
Sun Mar 30 20:41:22 CEST 2014: 40: Solution found.
Sun Mar 30 20:41:27 CEST 2014: 41: finished (5005ms, 500cycles)
Sun Mar 30 20:41:27 CEST 2014: 41: No solution found.
Sun Mar 30 20:41:34 CEST 2014: 42: finished (6594ms, 500cycles)
Sun Mar 30 20:41:34 CEST 2014: 42: No solution found.
Sun Mar 30 20:41:40 CEST 2014: 43: finished (6509ms, 500cycles)
Sun Mar 30 20:41:40 CEST 2014: 43: No solution found.
Sun Mar 30 20:41:45 CEST 2014: 44: finished (5147ms, 500cycles)
Sun Mar 30 20:41:45 CEST 2014: 44: No solution found.
Sun Mar 30 20:41:45 CEST 2014: 45: finished (89ms, 7cycles)
Sun Mar 30 20:41:45 CEST 2014: 45: Solution found.
Sun Mar 30 20:41:46 CEST 2014: 46: finished (811ms, 74cycles)
Sun Mar 30 20:41:46 CEST 2014: 46: Solution found.
Sun Mar 30 20:41:46 CEST 2014: 47: finished (202ms, 17cycles)
Sun Mar 30 20:41:46 CEST 2014: 47: Solution found.
Sun Mar 30 20:41:47 CEST 2014: 48: finished (188ms, 16cycles)
Sun Mar 30 20:41:47 CEST 2014: 48: Solution found.
Sun Mar 30 20:41:47 CEST 2014: 49: finished (551ms, 46cycles)
Sun Mar 30 20:41:47 CEST 2014: 49: Solution found.
Sun Mar 30 20:41:47 CEST 2014: 50: finished (94ms, 7cycles)
Sun Mar 30 20:41:47 CEST 2014: 50: Solution found.
Sun Mar 30 20:41:47 CEST 2014: 51: finished (139ms, 11cycles)
Sun Mar 30 20:41:47 CEST 2014: 51: Solution found.
Sun Mar 30 20:41:48 CEST 2014: 52: finished (178ms, 15cycles)
Sun Mar 30 20:41:48 CEST 2014: 52: Solution found.
Sun Mar 30 20:41:48 CEST 2014: 53: finished (75ms, 6cycles)
Sun Mar 30 20:41:48 CEST 2014: 53: Solution found.
Sun Mar 30 20:41:48 CEST 2014: 54: finished (103ms, 9cycles)
Sun Mar 30 20:41:48 CEST 2014: 54: Solution found.
Sun Mar 30 20:41:48 CEST 2014: 55: finished (138ms, 11cycles)
Sun Mar 30 20:41:48 CEST 2014: 55: Solution found.
Sun Mar 30 20:41:48 CEST 2014: 56: finished (90ms, 8cycles)
Sun Mar 30 20:41:48 CEST 2014: 56: Solution found.
Sun Mar 30 20:41:53 CEST 2014: 57: finished (4959ms, 500cycles)
Sun Mar 30 20:41:53 CEST 2014: 57: No solution found.
Sun Mar 30 20:41:53 CEST 2014: 58: finished (58ms, 4cycles)
Sun Mar 30 20:41:53 CEST 2014: 58: Solution found.
Sun Mar 30 20:41:53 CEST 2014: 59: finished (87ms, 7cycles)
Sun Mar 30 20:41:53 CEST 2014: 59: Solution found.
Sun Mar 30 20:41:53 CEST 2014: 60: finished (46ms, 3cycles)
Sun Mar 30 20:41:53 CEST 2014: 60: Solution found.
Sun Mar 30 20:41:54 CEST 2014: 61: finished (439ms, 36cycles)
Sun Mar 30 20:41:54 CEST 2014: 61: Solution found.
Sun Mar 30 20:41:54 CEST 2014: 62: finished (119ms, 10cycles)
Sun Mar 30 20:41:54 CEST 2014: 62: Solution found.
Sun Mar 30 20:41:59 CEST 2014: 63: finished (5151ms, 500cycles)
Sun Mar 30 20:41:59 CEST 2014: 63: No solution found.
Sun Mar 30 20:41:59 CEST 2014: 64: finished (441ms, 38cycles)
Sun Mar 30 20:41:59 CEST 2014: 64: Solution found.
Sun Mar 30 20:42:04 CEST 2014: 65: finished (5070ms, 500cycles)
Sun Mar 30 20:42:04 CEST 2014: 65: No solution found.
Sun Mar 30 20:42:05 CEST 2014: 66: finished (258ms, 22cycles)
Sun Mar 30 20:42:05 CEST 2014: 66: Solution found.
Sun Mar 30 20:42:05 CEST 2014: 67: finished (321ms, 26cycles)
Sun Mar 30 20:42:05 CEST 2014: 67: Solution found.
Sun Mar 30 20:42:10 CEST 2014: 68: finished (5033ms, 500cycles)
Sun Mar 30 20:42:10 CEST 2014: 68: No solution found.
Sun Mar 30 20:42:10 CEST 2014: 69: finished (235ms, 20cycles)
Sun Mar 30 20:42:10 CEST 2014: 69: Solution found.
Sun Mar 30 20:42:11 CEST 2014: 70: finished (314ms, 27cycles)
Sun Mar 30 20:42:11 CEST 2014: 70: Solution found.
Sun Mar 30 20:42:11 CEST 2014: 71: finished (163ms, 14cycles)
Sun Mar 30 20:42:11 CEST 2014: 71: Solution found.
Sun Mar 30 20:42:11 CEST 2014: 72: finished (645ms, 58cycles)
Sun Mar 30 20:42:11 CEST 2014: 72: Solution found.
Sun Mar 30 20:42:16 CEST 2014: 73: finished (5120ms, 500cycles)
Sun Mar 30 20:42:16 CEST 2014: 73: No solution found.
Sun Mar 30 20:42:17 CEST 2014: 74: finished (136ms, 11cycles)
Sun Mar 30 20:42:17 CEST 2014: 74: Solution found.
Sun Mar 30 20:42:22 CEST 2014: 75: finished (5051ms, 500cycles)
Sun Mar 30 20:42:22 CEST 2014: 75: No solution found.
Sun Mar 30 20:42:27 CEST 2014: 76: finished (5112ms, 500cycles)
Sun Mar 30 20:42:27 CEST 2014: 76: No solution found.
Sun Mar 30 20:42:27 CEST 2014: 77: finished (262ms, 21cycles)
Sun Mar 30 20:42:27 CEST 2014: 77: Solution found.
Sun Mar 30 20:42:27 CEST 2014: 78: finished (209ms, 17cycles)
Sun Mar 30 20:42:27 CEST 2014: 78: Solution found.
Sun Mar 30 20:42:32 CEST 2014: 79: finished (5094ms, 500cycles)
Sun Mar 30 20:42:32 CEST 2014: 79: No solution found.
Sun Mar 30 20:42:33 CEST 2014: 80: finished (266ms, 21cycles)
Sun Mar 30 20:42:33 CEST 2014: 80: Solution found.
Sun Mar 30 20:42:33 CEST 2014: 81: finished (85ms, 7cycles)
Sun Mar 30 20:42:33 CEST 2014: 81: Solution found.
Sun Mar 30 20:42:38 CEST 2014: 82: finished (5009ms, 500cycles)
Sun Mar 30 20:42:38 CEST 2014: 82: No solution found.
Sun Mar 30 20:42:38 CEST 2014: 83: finished (420ms, 33cycles)
Sun Mar 30 20:42:38 CEST 2014: 83: Solution found.
Sun Mar 30 20:42:38 CEST 2014: 84: finished (210ms, 17cycles)
Sun Mar 30 20:42:38 CEST 2014: 84: Solution found.
Sun Mar 30 20:42:38 CEST 2014: 85: finished (188ms, 16cycles)
Sun Mar 30 20:42:38 CEST 2014: 85: Solution found.
Sun Mar 30 20:42:39 CEST 2014: 86: finished (154ms, 13cycles)
Sun Mar 30 20:42:39 CEST 2014: 86: Solution found.
Sun Mar 30 20:42:39 CEST 2014: 87: finished (294ms, 24cycles)
Sun Mar 30 20:42:39 CEST 2014: 87: Solution found.
Sun Mar 30 20:42:39 CEST 2014: 88: finished (261ms, 21cycles)
Sun Mar 30 20:42:39 CEST 2014: 88: Solution found.
Sun Mar 30 20:42:45 CEST 2014: 89: finished (5717ms, 500cycles)
Sun Mar 30 20:42:45 CEST 2014: 89: No solution found.
Sun Mar 30 20:42:50 CEST 2014: 90: finished (5151ms, 500cycles)
Sun Mar 30 20:42:50 CEST 2014: 90: No solution found.
Sun Mar 30 20:42:50 CEST 2014: 91: finished (142ms, 11cycles)
Sun Mar 30 20:42:50 CEST 2014: 91: Solution found.
Sun Mar 30 20:42:50 CEST 2014: 92: finished (94ms, 8cycles)
Sun Mar 30 20:42:50 CEST 2014: 92: Solution found.
Sun Mar 30 20:42:50 CEST 2014: 93: finished (45ms, 3cycles)
Sun Mar 30 20:42:50 CEST 2014: 93: Solution found.
Sun Mar 30 20:42:55 CEST 2014: 94: finished (5034ms, 500cycles)
Sun Mar 30 20:42:55 CEST 2014: 94: No solution found.
Sun Mar 30 20:42:55 CEST 2014: 95: finished (120ms, 10cycles)
Sun Mar 30 20:42:55 CEST 2014: 95: Solution found.
Sun Mar 30 20:42:56 CEST 2014: 96: finished (326ms, 28cycles)
Sun Mar 30 20:42:56 CEST 2014: 96: Solution found.
Sun Mar 30 20:43:01 CEST 2014: 97: finished (5058ms, 500cycles)
Sun Mar 30 20:43:01 CEST 2014: 97: No solution found.
Sun Mar 30 20:43:01 CEST 2014: 98: finished (210ms, 19cycles)
Sun Mar 30 20:43:01 CEST 2014: 98: Solution found.
Sun Mar 30 20:43:01 CEST 2014: 99: finished (129ms, 11cycles)
Sun Mar 30 20:43:01 CEST 2014: 99: Solution found.
Sun Mar 30 20:43:01 CEST 2014: Solution Found: 72
Sun Mar 30 20:43:01 CEST 2014: Avg cycles: 19
Sun Mar 30 20:43:01 CEST 2014: Max cycles: 74
Sun Mar 30 20:43:01 CEST 2014: Min cycles: 2
Sun Mar 30 20:43:01 CEST 2014: No solution found: 28
Sun Mar 30 20:43:01 CEST 2014: logging finished. (runtime: 162699ms)
