Sun Mar 30 09:57:19 CEST 2014: Problem Count: 200
Sun Mar 30 09:57:19 CEST 2014: CandidatesCount: 150
Sun Mar 30 09:57:19 CEST 2014: Max Cycles: 500
Sun Mar 30 09:57:20 CEST 2014: 0: finished (94ms, 5cycles)
Sun Mar 30 09:57:20 CEST 2014: 0: Solution found.
Sun Mar 30 09:57:21 CEST 2014: 1: finished (1035ms, 61cycles)
Sun Mar 30 09:57:21 CEST 2014: 1: Solution found.
Sun Mar 30 09:57:21 CEST 2014: 2: finished (189ms, 10cycles)
Sun Mar 30 09:57:21 CEST 2014: 2: Solution found.
Sun Mar 30 09:57:21 CEST 2014: 3: finished (214ms, 12cycles)
Sun Mar 30 09:57:21 CEST 2014: 3: Solution found.
Sun Mar 30 09:57:28 CEST 2014: 4: finished (7371ms, 500cycles)
Sun Mar 30 09:57:28 CEST 2014: 4: No solution found.
Sun Mar 30 09:57:29 CEST 2014: 5: finished (178ms, 10cycles)
Sun Mar 30 09:57:29 CEST 2014: 5: Solution found.
Sun Mar 30 09:57:29 CEST 2014: 6: finished (310ms, 18cycles)
Sun Mar 30 09:57:29 CEST 2014: 6: Solution found.
Sun Mar 30 09:57:29 CEST 2014: 7: finished (283ms, 15cycles)
Sun Mar 30 09:57:29 CEST 2014: 7: Solution found.
Sun Mar 30 09:57:29 CEST 2014: 8: finished (356ms, 21cycles)
Sun Mar 30 09:57:29 CEST 2014: 8: Solution found.
Sun Mar 30 09:57:31 CEST 2014: 9: finished (1158ms, 68cycles)
Sun Mar 30 09:57:31 CEST 2014: 9: Solution found.
Sun Mar 30 09:57:31 CEST 2014: 10: finished (103ms, 5cycles)
Sun Mar 30 09:57:31 CEST 2014: 10: Solution found.
Sun Mar 30 09:57:31 CEST 2014: 11: finished (110ms, 6cycles)
Sun Mar 30 09:57:31 CEST 2014: 11: Solution found.
Sun Mar 30 09:57:38 CEST 2014: 12: finished (7556ms, 500cycles)
Sun Mar 30 09:57:38 CEST 2014: 12: No solution found.
Sun Mar 30 09:57:39 CEST 2014: 13: finished (249ms, 14cycles)
Sun Mar 30 09:57:39 CEST 2014: 13: Solution found.
Sun Mar 30 09:57:39 CEST 2014: 14: finished (567ms, 32cycles)
Sun Mar 30 09:57:39 CEST 2014: 14: Solution found.
Sun Mar 30 09:57:39 CEST 2014: 15: finished (221ms, 12cycles)
Sun Mar 30 09:57:39 CEST 2014: 15: Solution found.
Sun Mar 30 09:57:47 CEST 2014: 16: finished (7406ms, 500cycles)
Sun Mar 30 09:57:47 CEST 2014: 16: No solution found.
Sun Mar 30 09:57:47 CEST 2014: 17: finished (359ms, 21cycles)
Sun Mar 30 09:57:47 CEST 2014: 17: Solution found.
Sun Mar 30 09:57:47 CEST 2014: 18: finished (274ms, 16cycles)
Sun Mar 30 09:57:47 CEST 2014: 18: Solution found.
Sun Mar 30 09:57:48 CEST 2014: 19: finished (289ms, 17cycles)
Sun Mar 30 09:57:48 CEST 2014: 19: Solution found.
Sun Mar 30 09:57:48 CEST 2014: 20: finished (674ms, 39cycles)
Sun Mar 30 09:57:48 CEST 2014: 20: Solution found.
Sun Mar 30 09:57:49 CEST 2014: 21: finished (443ms, 25cycles)
Sun Mar 30 09:57:49 CEST 2014: 21: Solution found.
Sun Mar 30 09:57:49 CEST 2014: 22: finished (128ms, 6cycles)
Sun Mar 30 09:57:49 CEST 2014: 22: Solution found.
Sun Mar 30 09:57:49 CEST 2014: 23: finished (267ms, 15cycles)
Sun Mar 30 09:57:49 CEST 2014: 23: Solution found.
Sun Mar 30 09:57:49 CEST 2014: 24: finished (123ms, 7cycles)
Sun Mar 30 09:57:49 CEST 2014: 24: Solution found.
Sun Mar 30 09:57:50 CEST 2014: 25: finished (159ms, 8cycles)
Sun Mar 30 09:57:50 CEST 2014: 25: Solution found.
Sun Mar 30 09:57:50 CEST 2014: 26: finished (180ms, 10cycles)
Sun Mar 30 09:57:50 CEST 2014: 26: Solution found.
Sun Mar 30 09:57:50 CEST 2014: 27: finished (273ms, 16cycles)
Sun Mar 30 09:57:50 CEST 2014: 27: Solution found.
Sun Mar 30 09:57:50 CEST 2014: 28: finished (461ms, 26cycles)
Sun Mar 30 09:57:50 CEST 2014: 28: Solution found.
Sun Mar 30 09:57:51 CEST 2014: 29: finished (435ms, 25cycles)
Sun Mar 30 09:57:51 CEST 2014: 29: Solution found.
Sun Mar 30 09:57:52 CEST 2014: 30: finished (676ms, 42cycles)
Sun Mar 30 09:57:52 CEST 2014: 30: Solution found.
Sun Mar 30 09:57:52 CEST 2014: 31: finished (217ms, 12cycles)
Sun Mar 30 09:57:52 CEST 2014: 31: Solution found.
Sun Mar 30 09:57:52 CEST 2014: 32: finished (78ms, 4cycles)
Sun Mar 30 09:57:52 CEST 2014: 32: Solution found.
Sun Mar 30 09:57:52 CEST 2014: 33: finished (449ms, 26cycles)
Sun Mar 30 09:57:52 CEST 2014: 33: Solution found.
Sun Mar 30 09:57:53 CEST 2014: 34: finished (327ms, 20cycles)
Sun Mar 30 09:57:53 CEST 2014: 34: Solution found.
Sun Mar 30 09:57:53 CEST 2014: 35: finished (306ms, 18cycles)
Sun Mar 30 09:57:53 CEST 2014: 35: Solution found.
Sun Mar 30 09:57:53 CEST 2014: 36: finished (299ms, 17cycles)
Sun Mar 30 09:57:53 CEST 2014: 36: Solution found.
Sun Mar 30 09:57:54 CEST 2014: 37: finished (435ms, 26cycles)
Sun Mar 30 09:57:54 CEST 2014: 37: Solution found.
Sun Mar 30 09:57:54 CEST 2014: 38: finished (177ms, 10cycles)
Sun Mar 30 09:57:54 CEST 2014: 38: Solution found.
Sun Mar 30 09:58:02 CEST 2014: 39: finished (7689ms, 500cycles)
Sun Mar 30 09:58:02 CEST 2014: 39: No solution found.
Sun Mar 30 09:58:02 CEST 2014: 40: finished (131ms, 7cycles)
Sun Mar 30 09:58:02 CEST 2014: 40: Solution found.
Sun Mar 30 09:58:02 CEST 2014: 41: finished (321ms, 18cycles)
Sun Mar 30 09:58:02 CEST 2014: 41: Solution found.
Sun Mar 30 09:58:02 CEST 2014: 42: finished (230ms, 13cycles)
Sun Mar 30 09:58:02 CEST 2014: 42: Solution found.
Sun Mar 30 09:58:02 CEST 2014: 43: finished (207ms, 11cycles)
Sun Mar 30 09:58:02 CEST 2014: 43: Solution found.
Sun Mar 30 09:58:10 CEST 2014: 44: finished (7432ms, 500cycles)
Sun Mar 30 09:58:10 CEST 2014: 44: No solution found.
Sun Mar 30 09:58:10 CEST 2014: 45: finished (181ms, 9cycles)
Sun Mar 30 09:58:10 CEST 2014: 45: Solution found.
Sun Mar 30 09:58:10 CEST 2014: 46: finished (176ms, 10cycles)
Sun Mar 30 09:58:10 CEST 2014: 46: Solution found.
Sun Mar 30 09:58:18 CEST 2014: 47: finished (7835ms, 500cycles)
Sun Mar 30 09:58:18 CEST 2014: 47: No solution found.
Sun Mar 30 09:58:18 CEST 2014: 48: finished (197ms, 11cycles)
Sun Mar 30 09:58:18 CEST 2014: 48: Solution found.
Sun Mar 30 09:58:26 CEST 2014: 49: finished (7385ms, 500cycles)
Sun Mar 30 09:58:26 CEST 2014: 49: No solution found.
Sun Mar 30 09:58:27 CEST 2014: 50: finished (1170ms, 72cycles)
Sun Mar 30 09:58:27 CEST 2014: 50: Solution found.
Sun Mar 30 09:58:27 CEST 2014: 51: finished (51ms, 2cycles)
Sun Mar 30 09:58:27 CEST 2014: 51: Solution found.
Sun Mar 30 09:58:27 CEST 2014: 52: finished (94ms, 5cycles)
Sun Mar 30 09:58:27 CEST 2014: 52: Solution found.
Sun Mar 30 09:58:27 CEST 2014: 53: finished (49ms, 2cycles)
Sun Mar 30 09:58:27 CEST 2014: 53: Solution found.
Sun Mar 30 09:58:27 CEST 2014: 54: finished (79ms, 4cycles)
Sun Mar 30 09:58:27 CEST 2014: 54: Solution found.
Sun Mar 30 09:58:27 CEST 2014: 55: finished (130ms, 7cycles)
Sun Mar 30 09:58:27 CEST 2014: 55: Solution found.
Sun Mar 30 09:58:28 CEST 2014: 56: finished (423ms, 24cycles)
Sun Mar 30 09:58:28 CEST 2014: 56: Solution found.
Sun Mar 30 09:58:28 CEST 2014: 57: finished (292ms, 17cycles)
Sun Mar 30 09:58:28 CEST 2014: 57: Solution found.
Sun Mar 30 09:58:28 CEST 2014: 58: finished (192ms, 11cycles)
Sun Mar 30 09:58:28 CEST 2014: 58: Solution found.
Sun Mar 30 09:58:36 CEST 2014: 59: finished (7394ms, 500cycles)
Sun Mar 30 09:58:36 CEST 2014: 59: No solution found.
Sun Mar 30 09:58:36 CEST 2014: 60: finished (404ms, 24cycles)
Sun Mar 30 09:58:36 CEST 2014: 60: Solution found.
Sun Mar 30 09:58:36 CEST 2014: 61: finished (293ms, 16cycles)
Sun Mar 30 09:58:36 CEST 2014: 61: Solution found.
Sun Mar 30 09:58:36 CEST 2014: 62: finished (145ms, 8cycles)
Sun Mar 30 09:58:36 CEST 2014: 62: Solution found.
Sun Mar 30 09:58:37 CEST 2014: 63: finished (366ms, 21cycles)
Sun Mar 30 09:58:37 CEST 2014: 63: Solution found.
Sun Mar 30 09:58:37 CEST 2014: 64: finished (51ms, 2cycles)
Sun Mar 30 09:58:37 CEST 2014: 64: Solution found.
Sun Mar 30 09:58:37 CEST 2014: 65: finished (198ms, 11cycles)
Sun Mar 30 09:58:37 CEST 2014: 65: Solution found.
Sun Mar 30 09:58:37 CEST 2014: 66: finished (217ms, 12cycles)
Sun Mar 30 09:58:37 CEST 2014: 66: Solution found.
Sun Mar 30 09:58:45 CEST 2014: 67: finished (7409ms, 500cycles)
Sun Mar 30 09:58:45 CEST 2014: 67: No solution found.
Sun Mar 30 09:58:45 CEST 2014: 68: finished (382ms, 21cycles)
Sun Mar 30 09:58:45 CEST 2014: 68: Solution found.
Sun Mar 30 09:58:45 CEST 2014: 69: finished (129ms, 7cycles)
Sun Mar 30 09:58:45 CEST 2014: 69: Solution found.
Sun Mar 30 09:58:45 CEST 2014: 70: finished (34ms, 1cycles)
Sun Mar 30 09:58:45 CEST 2014: 70: Solution found.
Sun Mar 30 09:58:46 CEST 2014: 71: finished (337ms, 19cycles)
Sun Mar 30 09:58:46 CEST 2014: 71: Solution found.
Sun Mar 30 09:58:46 CEST 2014: 72: finished (270ms, 16cycles)
Sun Mar 30 09:58:46 CEST 2014: 72: Solution found.
Sun Mar 30 09:58:46 CEST 2014: 73: finished (440ms, 26cycles)
Sun Mar 30 09:58:46 CEST 2014: 73: Solution found.
Sun Mar 30 09:58:46 CEST 2014: 74: finished (209ms, 12cycles)
Sun Mar 30 09:58:46 CEST 2014: 74: Solution found.
Sun Mar 30 09:58:47 CEST 2014: 75: finished (357ms, 20cycles)
Sun Mar 30 09:58:47 CEST 2014: 75: Solution found.
Sun Mar 30 09:58:54 CEST 2014: 76: finished (7371ms, 500cycles)
Sun Mar 30 09:58:54 CEST 2014: 76: No solution found.
Sun Mar 30 09:58:54 CEST 2014: 77: finished (143ms, 8cycles)
Sun Mar 30 09:58:54 CEST 2014: 77: Solution found.
Sun Mar 30 09:58:54 CEST 2014: 78: finished (32ms, 1cycles)
Sun Mar 30 09:58:54 CEST 2014: 78: Solution found.
Sun Mar 30 09:58:55 CEST 2014: 79: finished (334ms, 19cycles)
Sun Mar 30 09:58:55 CEST 2014: 79: Solution found.
Sun Mar 30 09:58:55 CEST 2014: 80: finished (249ms, 14cycles)
Sun Mar 30 09:58:55 CEST 2014: 80: Solution found.
Sun Mar 30 09:58:55 CEST 2014: 81: finished (554ms, 33cycles)
Sun Mar 30 09:58:55 CEST 2014: 81: Solution found.
Sun Mar 30 09:59:03 CEST 2014: 82: finished (7507ms, 500cycles)
Sun Mar 30 09:59:03 CEST 2014: 82: No solution found.
Sun Mar 30 09:59:03 CEST 2014: 83: finished (70ms, 3cycles)
Sun Mar 30 09:59:03 CEST 2014: 83: Solution found.
Sun Mar 30 09:59:03 CEST 2014: 84: finished (427ms, 24cycles)
Sun Mar 30 09:59:03 CEST 2014: 84: Solution found.
Sun Mar 30 09:59:04 CEST 2014: 85: finished (64ms, 3cycles)
Sun Mar 30 09:59:04 CEST 2014: 85: Solution found.
Sun Mar 30 09:59:04 CEST 2014: 86: finished (462ms, 28cycles)
Sun Mar 30 09:59:04 CEST 2014: 86: Solution found.
Sun Mar 30 09:59:04 CEST 2014: 87: finished (93ms, 5cycles)
Sun Mar 30 09:59:04 CEST 2014: 87: Solution found.
Sun Mar 30 09:59:04 CEST 2014: 88: finished (189ms, 11cycles)
Sun Mar 30 09:59:04 CEST 2014: 88: Solution found.
Sun Mar 30 09:59:05 CEST 2014: 89: finished (715ms, 41cycles)
Sun Mar 30 09:59:05 CEST 2014: 89: Solution found.
Sun Mar 30 09:59:05 CEST 2014: 90: finished (223ms, 12cycles)
Sun Mar 30 09:59:05 CEST 2014: 90: Solution found.
Sun Mar 30 09:59:05 CEST 2014: 91: finished (49ms, 2cycles)
Sun Mar 30 09:59:05 CEST 2014: 91: Solution found.
Sun Mar 30 09:59:16 CEST 2014: 92: finished (10280ms, 500cycles)
Sun Mar 30 09:59:16 CEST 2014: 92: No solution found.
Sun Mar 30 09:59:16 CEST 2014: 93: finished (334ms, 20cycles)
Sun Mar 30 09:59:16 CEST 2014: 93: Solution found.
Sun Mar 30 09:59:16 CEST 2014: 94: finished (118ms, 6cycles)
Sun Mar 30 09:59:16 CEST 2014: 94: Solution found.
Sun Mar 30 09:59:16 CEST 2014: 95: finished (202ms, 12cycles)
Sun Mar 30 09:59:16 CEST 2014: 95: Solution found.
Sun Mar 30 09:59:17 CEST 2014: 96: finished (427ms, 24cycles)
Sun Mar 30 09:59:17 CEST 2014: 96: Solution found.
Sun Mar 30 09:59:17 CEST 2014: 97: finished (80ms, 4cycles)
Sun Mar 30 09:59:17 CEST 2014: 97: Solution found.
Sun Mar 30 09:59:17 CEST 2014: 98: finished (266ms, 14cycles)
Sun Mar 30 09:59:17 CEST 2014: 98: Solution found.
Sun Mar 30 09:59:17 CEST 2014: 99: finished (243ms, 13cycles)
Sun Mar 30 09:59:17 CEST 2014: 99: Solution found.
Sun Mar 30 09:59:17 CEST 2014: Solution Found: 88
Sun Mar 30 09:59:17 CEST 2014: Avg cycles: 16
Sun Mar 30 09:59:17 CEST 2014: Max cycles: 72
Sun Mar 30 09:59:17 CEST 2014: Min cycles: 1
Sun Mar 30 09:59:17 CEST 2014: No solution found: 12
Sun Mar 30 09:59:17 CEST 2014: logging finished. (runtime: 117786ms)
