Sun Jan 26 05:54:21 CET 2014: Problem Count: 200
Sun Jan 26 05:54:21 CET 2014: CandidatesCount: 250
Sun Jan 26 05:54:21 CET 2014: Max Cycles: 500
Sun Jan 26 05:54:21 CET 2014: 0: finished (598ms, 20cycles)
Sun Jan 26 05:54:21 CET 2014: 0: Solution found.
Sun Jan 26 05:54:22 CET 2014: 1: finished (531ms, 17cycles)
Sun Jan 26 05:54:22 CET 2014: 1: Solution found.
Sun Jan 26 05:54:22 CET 2014: 2: finished (719ms, 21cycles)
Sun Jan 26 05:54:22 CET 2014: 2: Solution found.
Sun Jan 26 05:54:23 CET 2014: 3: finished (320ms, 10cycles)
Sun Jan 26 05:54:23 CET 2014: 3: Solution found.
Sun Jan 26 05:54:23 CET 2014: 4: finished (397ms, 13cycles)
Sun Jan 26 05:54:23 CET 2014: 4: Solution found.
Sun Jan 26 05:54:24 CET 2014: 5: finished (305ms, 9cycles)
Sun Jan 26 05:54:24 CET 2014: 5: Solution found.
Sun Jan 26 05:54:24 CET 2014: 6: finished (648ms, 21cycles)
Sun Jan 26 05:54:24 CET 2014: 6: Solution found.
Sun Jan 26 05:54:24 CET 2014: 7: finished (155ms, 4cycles)
Sun Jan 26 05:54:24 CET 2014: 7: Solution found.
Sun Jan 26 05:54:25 CET 2014: 8: finished (415ms, 13cycles)
Sun Jan 26 05:54:25 CET 2014: 8: Solution found.
Sun Jan 26 05:54:25 CET 2014: 9: finished (494ms, 16cycles)
Sun Jan 26 05:54:25 CET 2014: 9: Solution found.
Sun Jan 26 05:54:25 CET 2014: 10: finished (180ms, 5cycles)
Sun Jan 26 05:54:25 CET 2014: 10: Solution found.
Sun Jan 26 05:54:26 CET 2014: 11: finished (676ms, 21cycles)
Sun Jan 26 05:54:26 CET 2014: 11: Solution found.
Sun Jan 26 05:54:27 CET 2014: 12: finished (487ms, 16cycles)
Sun Jan 26 05:54:27 CET 2014: 12: Solution found.
Sun Jan 26 05:54:27 CET 2014: 13: finished (314ms, 10cycles)
Sun Jan 26 05:54:27 CET 2014: 13: Solution found.
Sun Jan 26 05:54:27 CET 2014: 14: finished (519ms, 17cycles)
Sun Jan 26 05:54:27 CET 2014: 14: Solution found.
Sun Jan 26 05:54:27 CET 2014: 15: finished (84ms, 2cycles)
Sun Jan 26 05:54:27 CET 2014: 15: Solution found.
Sun Jan 26 05:54:28 CET 2014: 16: finished (427ms, 14cycles)
Sun Jan 26 05:54:28 CET 2014: 16: Solution found.
Sun Jan 26 05:54:28 CET 2014: 17: finished (226ms, 7cycles)
Sun Jan 26 05:54:28 CET 2014: 17: Solution found.
Sun Jan 26 05:54:41 CET 2014: 18: finished (13085ms, 500cycles)
Sun Jan 26 05:54:41 CET 2014: 18: No solution found.
Sun Jan 26 05:54:42 CET 2014: 19: finished (311ms, 10cycles)
Sun Jan 26 05:54:42 CET 2014: 19: Solution found.
Sun Jan 26 05:54:42 CET 2014: 20: finished (171ms, 5cycles)
Sun Jan 26 05:54:42 CET 2014: 20: Solution found.
Sun Jan 26 05:54:42 CET 2014: 21: finished (291ms, 9cycles)
Sun Jan 26 05:54:42 CET 2014: 21: Solution found.
Sun Jan 26 05:54:42 CET 2014: 22: finished (219ms, 7cycles)
Sun Jan 26 05:54:42 CET 2014: 22: Solution found.
Sun Jan 26 05:54:42 CET 2014: 23: finished (196ms, 6cycles)
Sun Jan 26 05:54:42 CET 2014: 23: Solution found.
Sun Jan 26 05:54:43 CET 2014: 24: finished (159ms, 4cycles)
Sun Jan 26 05:54:43 CET 2014: 24: Solution found.
Sun Jan 26 05:54:43 CET 2014: 25: finished (90ms, 2cycles)
Sun Jan 26 05:54:43 CET 2014: 25: Solution found.
Sun Jan 26 05:54:43 CET 2014: 26: finished (409ms, 13cycles)
Sun Jan 26 05:54:43 CET 2014: 26: Solution found.
Sun Jan 26 05:54:43 CET 2014: 27: finished (364ms, 11cycles)
Sun Jan 26 05:54:43 CET 2014: 27: Solution found.
Sun Jan 26 05:54:44 CET 2014: 28: finished (60ms, 1cycles)
Sun Jan 26 05:54:44 CET 2014: 28: Solution found.
Sun Jan 26 05:54:44 CET 2014: 29: finished (436ms, 13cycles)
Sun Jan 26 05:54:44 CET 2014: 29: Solution found.
Sun Jan 26 05:54:44 CET 2014: 30: finished (267ms, 8cycles)
Sun Jan 26 05:54:44 CET 2014: 30: Solution found.
Sun Jan 26 05:54:44 CET 2014: 31: finished (232ms, 7cycles)
Sun Jan 26 05:54:44 CET 2014: 31: Solution found.
Sun Jan 26 05:54:45 CET 2014: 32: finished (90ms, 2cycles)
Sun Jan 26 05:54:45 CET 2014: 32: Solution found.
Sun Jan 26 05:54:45 CET 2014: 33: finished (83ms, 2cycles)
Sun Jan 26 05:54:45 CET 2014: 33: Solution found.
Sun Jan 26 05:54:45 CET 2014: 34: finished (726ms, 20cycles)
Sun Jan 26 05:54:45 CET 2014: 34: Solution found.
Sun Jan 26 05:54:47 CET 2014: 35: finished (1467ms, 18cycles)
Sun Jan 26 05:54:47 CET 2014: 35: Solution found.
Sun Jan 26 05:54:47 CET 2014: 36: finished (434ms, 5cycles)
Sun Jan 26 05:54:47 CET 2014: 36: Solution found.
Sun Jan 26 05:54:48 CET 2014: 37: finished (880ms, 11cycles)
Sun Jan 26 05:54:48 CET 2014: 37: Solution found.
Sun Jan 26 05:54:50 CET 2014: 38: finished (2006ms, 31cycles)
Sun Jan 26 05:54:50 CET 2014: 38: Solution found.
Sun Jan 26 05:54:51 CET 2014: 39: finished (796ms, 26cycles)
Sun Jan 26 05:54:51 CET 2014: 39: Solution found.
Sun Jan 26 05:54:51 CET 2014: 40: finished (532ms, 18cycles)
Sun Jan 26 05:54:51 CET 2014: 40: Solution found.
Sun Jan 26 05:54:52 CET 2014: 41: finished (440ms, 14cycles)
Sun Jan 26 05:54:52 CET 2014: 41: Solution found.
Sun Jan 26 05:54:52 CET 2014: 42: finished (163ms, 5cycles)
Sun Jan 26 05:54:52 CET 2014: 42: Solution found.
Sun Jan 26 05:54:53 CET 2014: 43: finished (629ms, 20cycles)
Sun Jan 26 05:54:53 CET 2014: 43: Solution found.
Sun Jan 26 05:54:53 CET 2014: 44: finished (79ms, 2cycles)
Sun Jan 26 05:54:53 CET 2014: 44: Solution found.
Sun Jan 26 05:54:53 CET 2014: 45: finished (255ms, 8cycles)
Sun Jan 26 05:54:53 CET 2014: 45: Solution found.
Sun Jan 26 05:54:53 CET 2014: 46: finished (138ms, 4cycles)
Sun Jan 26 05:54:53 CET 2014: 46: Solution found.
Sun Jan 26 05:54:54 CET 2014: 47: finished (404ms, 13cycles)
Sun Jan 26 05:54:54 CET 2014: 47: Solution found.
Sun Jan 26 05:54:54 CET 2014: 48: finished (172ms, 5cycles)
Sun Jan 26 05:54:54 CET 2014: 48: Solution found.
Sun Jan 26 05:54:54 CET 2014: 49: finished (199ms, 6cycles)
Sun Jan 26 05:54:54 CET 2014: 49: Solution found.
Sun Jan 26 05:54:54 CET 2014: 50: finished (544ms, 17cycles)
Sun Jan 26 05:54:54 CET 2014: 50: Solution found.
Sun Jan 26 05:54:55 CET 2014: 51: finished (638ms, 22cycles)
Sun Jan 26 05:54:55 CET 2014: 51: Solution found.
Sun Jan 26 05:54:56 CET 2014: 52: finished (512ms, 17cycles)
Sun Jan 26 05:54:56 CET 2014: 52: Solution found.
Sun Jan 26 05:54:56 CET 2014: 53: finished (114ms, 3cycles)
Sun Jan 26 05:54:56 CET 2014: 53: Solution found.
Sun Jan 26 05:54:56 CET 2014: 54: finished (324ms, 10cycles)
Sun Jan 26 05:54:56 CET 2014: 54: Solution found.
Sun Jan 26 05:54:56 CET 2014: 55: finished (286ms, 9cycles)
Sun Jan 26 05:54:56 CET 2014: 55: Solution found.
Sun Jan 26 05:54:57 CET 2014: 56: finished (150ms, 4cycles)
Sun Jan 26 05:54:57 CET 2014: 56: Solution found.
Sun Jan 26 05:54:57 CET 2014: 57: finished (375ms, 12cycles)
Sun Jan 26 05:54:57 CET 2014: 57: Solution found.
Sun Jan 26 05:54:57 CET 2014: 58: finished (60ms, 1cycles)
Sun Jan 26 05:54:57 CET 2014: 58: Solution found.
Sun Jan 26 05:54:57 CET 2014: 59: finished (372ms, 12cycles)
Sun Jan 26 05:54:57 CET 2014: 59: Solution found.
Sun Jan 26 05:54:58 CET 2014: 60: finished (827ms, 27cycles)
Sun Jan 26 05:54:58 CET 2014: 60: Solution found.
Sun Jan 26 05:54:58 CET 2014: 61: finished (235ms, 7cycles)
Sun Jan 26 05:54:58 CET 2014: 61: Solution found.
Sun Jan 26 05:54:59 CET 2014: 62: finished (422ms, 12cycles)
Sun Jan 26 05:54:59 CET 2014: 62: Solution found.
Sun Jan 26 05:54:59 CET 2014: 63: finished (674ms, 22cycles)
Sun Jan 26 05:54:59 CET 2014: 63: Solution found.
Sun Jan 26 05:55:00 CET 2014: 64: finished (89ms, 2cycles)
Sun Jan 26 05:55:00 CET 2014: 64: Solution found.
Sun Jan 26 05:55:00 CET 2014: 65: finished (348ms, 11cycles)
Sun Jan 26 05:55:00 CET 2014: 65: Solution found.
Sun Jan 26 05:55:00 CET 2014: 66: finished (566ms, 19cycles)
Sun Jan 26 05:55:00 CET 2014: 66: Solution found.
Sun Jan 26 05:55:02 CET 2014: 67: finished (1258ms, 16cycles)
Sun Jan 26 05:55:02 CET 2014: 67: Solution found.
Sun Jan 26 05:55:03 CET 2014: 68: finished (1163ms, 15cycles)
Sun Jan 26 05:55:03 CET 2014: 68: Solution found.
Sun Jan 26 05:55:04 CET 2014: 69: finished (956ms, 12cycles)
Sun Jan 26 05:55:04 CET 2014: 69: Solution found.
Sun Jan 26 05:55:05 CET 2014: 70: finished (1244ms, 16cycles)
Sun Jan 26 05:55:05 CET 2014: 70: Solution found.
Sun Jan 26 05:55:06 CET 2014: 71: finished (885ms, 11cycles)
Sun Jan 26 05:55:06 CET 2014: 71: Solution found.
Sun Jan 26 05:55:07 CET 2014: 72: finished (767ms, 12cycles)
Sun Jan 26 05:55:07 CET 2014: 72: Solution found.
Sun Jan 26 05:55:07 CET 2014: 73: finished (530ms, 17cycles)
Sun Jan 26 05:55:07 CET 2014: 73: Solution found.
Sun Jan 26 05:55:08 CET 2014: 74: finished (504ms, 16cycles)
Sun Jan 26 05:55:08 CET 2014: 74: Solution found.
Sun Jan 26 05:55:08 CET 2014: 75: finished (439ms, 13cycles)
Sun Jan 26 05:55:08 CET 2014: 75: Solution found.
Sun Jan 26 05:55:08 CET 2014: 76: finished (53ms, 1cycles)
Sun Jan 26 05:55:08 CET 2014: 76: Solution found.
Sun Jan 26 05:55:09 CET 2014: 77: finished (341ms, 10cycles)
Sun Jan 26 05:55:09 CET 2014: 77: Solution found.
Sun Jan 26 05:55:09 CET 2014: 78: finished (116ms, 3cycles)
Sun Jan 26 05:55:09 CET 2014: 78: Solution found.
Sun Jan 26 05:55:09 CET 2014: 79: finished (176ms, 5cycles)
Sun Jan 26 05:55:09 CET 2014: 79: Solution found.
Sun Jan 26 05:55:09 CET 2014: 80: finished (364ms, 11cycles)
Sun Jan 26 05:55:09 CET 2014: 80: Solution found.
Sun Jan 26 05:55:09 CET 2014: 81: finished (57ms, 1cycles)
Sun Jan 26 05:55:09 CET 2014: 81: Solution found.
Sun Jan 26 05:55:09 CET 2014: 82: finished (64ms, 1cycles)
Sun Jan 26 05:55:09 CET 2014: 82: Solution found.
Sun Jan 26 05:55:09 CET 2014: 83: finished (66ms, 1cycles)
Sun Jan 26 05:55:09 CET 2014: 83: Solution found.
Sun Jan 26 05:55:10 CET 2014: 84: finished (194ms, 6cycles)
Sun Jan 26 05:55:10 CET 2014: 84: Solution found.
Sun Jan 26 05:55:10 CET 2014: 85: finished (265ms, 8cycles)
Sun Jan 26 05:55:10 CET 2014: 85: Solution found.
Sun Jan 26 05:55:10 CET 2014: 86: finished (202ms, 6cycles)
Sun Jan 26 05:55:10 CET 2014: 86: Solution found.
Sun Jan 26 05:55:11 CET 2014: 87: finished (1220ms, 41cycles)
Sun Jan 26 05:55:11 CET 2014: 87: Solution found.
Sun Jan 26 05:55:12 CET 2014: 88: finished (388ms, 13cycles)
Sun Jan 26 05:55:12 CET 2014: 88: Solution found.
Sun Jan 26 05:55:12 CET 2014: 89: finished (758ms, 25cycles)
Sun Jan 26 05:55:12 CET 2014: 89: Solution found.
Sun Jan 26 05:55:13 CET 2014: 90: finished (419ms, 14cycles)
Sun Jan 26 05:55:13 CET 2014: 90: Solution found.
Sun Jan 26 05:55:13 CET 2014: 91: finished (232ms, 7cycles)
Sun Jan 26 05:55:13 CET 2014: 91: Solution found.
Sun Jan 26 05:55:13 CET 2014: 92: finished (247ms, 8cycles)
Sun Jan 26 05:55:13 CET 2014: 92: Solution found.
Sun Jan 26 05:55:14 CET 2014: 93: finished (362ms, 11cycles)
Sun Jan 26 05:55:14 CET 2014: 93: Solution found.
Sun Jan 26 05:55:14 CET 2014: 94: finished (270ms, 8cycles)
Sun Jan 26 05:55:14 CET 2014: 94: Solution found.
Sun Jan 26 05:55:14 CET 2014: 95: finished (243ms, 7cycles)
Sun Jan 26 05:55:14 CET 2014: 95: Solution found.
Sun Jan 26 05:55:15 CET 2014: 96: finished (516ms, 17cycles)
Sun Jan 26 05:55:15 CET 2014: 96: Solution found.
Sun Jan 26 05:55:15 CET 2014: 97: finished (474ms, 15cycles)
Sun Jan 26 05:55:15 CET 2014: 97: Solution found.
Sun Jan 26 05:55:34 CET 2014: 98: finished (18709ms, 500cycles)
Sun Jan 26 05:55:34 CET 2014: 98: No solution found.
Sun Jan 26 05:55:35 CET 2014: 99: finished (852ms, 10cycles)
Sun Jan 26 05:55:35 CET 2014: 99: Solution found.
Sun Jan 26 05:55:35 CET 2014: Solution Found: 98
Sun Jan 26 05:55:35 CET 2014: Avg cycles: 11
Sun Jan 26 05:55:35 CET 2014: Max cycles: 41
Sun Jan 26 05:55:35 CET 2014: Min cycles: 1
Sun Jan 26 05:55:35 CET 2014: No solution found: 2
Sun Jan 26 05:55:35 CET 2014: logging finished. (runtime: 74173ms)
