Sat Jan 25 17:45:12 CET 2014: Problem Count: 200
Sat Jan 25 17:45:12 CET 2014: CandidatesCount: 100
Sat Jan 25 17:45:12 CET 2014: Max Cycles: 500
Sat Jan 25 17:45:13 CET 2014: 0: finished (663ms, 21cycles)
Sat Jan 25 17:45:13 CET 2014: 0: Solution found.
Sat Jan 25 17:45:14 CET 2014: 1: finished (598ms, 17cycles)
Sat Jan 25 17:45:14 CET 2014: 1: Solution found.
Sat Jan 25 17:45:14 CET 2014: 2: finished (577ms, 18cycles)
Sat Jan 25 17:45:14 CET 2014: 2: Solution found.
Sat Jan 25 17:45:20 CET 2014: 3: finished (6032ms, 500cycles)
Sat Jan 25 17:45:20 CET 2014: 3: No solution found.
Sat Jan 25 17:45:20 CET 2014: 4: finished (194ms, 15cycles)
Sat Jan 25 17:45:20 CET 2014: 4: Solution found.
Sat Jan 25 17:45:21 CET 2014: 5: finished (81ms, 6cycles)
Sat Jan 25 17:45:21 CET 2014: 5: Solution found.
Sat Jan 25 17:45:21 CET 2014: 6: finished (762ms, 61cycles)
Sat Jan 25 17:45:21 CET 2014: 6: Solution found.
Sat Jan 25 17:45:31 CET 2014: 7: finished (10076ms, 500cycles)
Sat Jan 25 17:45:31 CET 2014: 7: No solution found.
Sat Jan 25 17:45:31 CET 2014: 8: finished (57ms, 4cycles)
Sat Jan 25 17:45:31 CET 2014: 8: Solution found.
Sat Jan 25 17:45:32 CET 2014: 9: finished (163ms, 12cycles)
Sat Jan 25 17:45:32 CET 2014: 9: Solution found.
Sat Jan 25 17:45:37 CET 2014: 10: finished (5430ms, 500cycles)
Sat Jan 25 17:45:37 CET 2014: 10: No solution found.
Sat Jan 25 17:45:37 CET 2014: 11: finished (390ms, 30cycles)
Sat Jan 25 17:45:37 CET 2014: 11: Solution found.
Sat Jan 25 17:45:38 CET 2014: 12: finished (130ms, 10cycles)
Sat Jan 25 17:45:38 CET 2014: 12: Solution found.
Sat Jan 25 17:45:38 CET 2014: 13: finished (184ms, 13cycles)
Sat Jan 25 17:45:38 CET 2014: 13: Solution found.
Sat Jan 25 17:45:47 CET 2014: 14: finished (9088ms, 500cycles)
Sat Jan 25 17:45:47 CET 2014: 14: No solution found.
Sat Jan 25 17:45:47 CET 2014: 15: finished (188ms, 15cycles)
Sat Jan 25 17:45:47 CET 2014: 15: Solution found.
Sat Jan 25 17:45:47 CET 2014: 16: finished (471ms, 39cycles)
Sat Jan 25 17:45:47 CET 2014: 16: Solution found.
Sat Jan 25 17:45:48 CET 2014: 17: finished (184ms, 14cycles)
Sat Jan 25 17:45:48 CET 2014: 17: Solution found.
Sat Jan 25 17:45:53 CET 2014: 18: finished (5477ms, 500cycles)
Sat Jan 25 17:45:53 CET 2014: 18: No solution found.
Sat Jan 25 17:46:03 CET 2014: 19: finished (9441ms, 500cycles)
Sat Jan 25 17:46:03 CET 2014: 19: No solution found.
Sat Jan 25 17:46:08 CET 2014: 20: finished (5610ms, 500cycles)
Sat Jan 25 17:46:08 CET 2014: 20: No solution found.
Sat Jan 25 17:46:18 CET 2014: 21: finished (9470ms, 500cycles)
Sat Jan 25 17:46:18 CET 2014: 21: No solution found.
Sat Jan 25 17:46:23 CET 2014: 22: finished (5429ms, 500cycles)
Sat Jan 25 17:46:23 CET 2014: 22: No solution found.
Sat Jan 25 17:46:23 CET 2014: 23: finished (353ms, 26cycles)
Sat Jan 25 17:46:23 CET 2014: 23: Solution found.
Sat Jan 25 17:46:33 CET 2014: 24: finished (9470ms, 500cycles)
Sat Jan 25 17:46:33 CET 2014: 24: No solution found.
Sat Jan 25 17:46:38 CET 2014: 25: finished (5575ms, 500cycles)
Sat Jan 25 17:46:38 CET 2014: 25: No solution found.
Sat Jan 25 17:46:48 CET 2014: 26: finished (9559ms, 500cycles)
Sat Jan 25 17:46:48 CET 2014: 26: No solution found.
Sat Jan 25 17:46:48 CET 2014: 27: finished (318ms, 24cycles)
Sat Jan 25 17:46:48 CET 2014: 27: Solution found.
Sat Jan 25 17:46:48 CET 2014: 28: finished (80ms, 6cycles)
Sat Jan 25 17:46:48 CET 2014: 28: Solution found.
Sat Jan 25 17:46:55 CET 2014: 29: finished (6390ms, 500cycles)
Sat Jan 25 17:46:55 CET 2014: 29: No solution found.
Sat Jan 25 17:47:04 CET 2014: 30: finished (9455ms, 500cycles)
Sat Jan 25 17:47:04 CET 2014: 30: No solution found.
Sat Jan 25 17:47:04 CET 2014: 31: finished (142ms, 10cycles)
Sat Jan 25 17:47:04 CET 2014: 31: Solution found.
Sat Jan 25 17:47:05 CET 2014: 32: finished (148ms, 11cycles)
Sat Jan 25 17:47:05 CET 2014: 32: Solution found.
Sat Jan 25 17:47:10 CET 2014: 33: finished (5457ms, 500cycles)
Sat Jan 25 17:47:10 CET 2014: 33: No solution found.
Sat Jan 25 17:47:10 CET 2014: 34: finished (81ms, 6cycles)
Sat Jan 25 17:47:10 CET 2014: 34: Solution found.
Sat Jan 25 17:47:20 CET 2014: 35: finished (9446ms, 500cycles)
Sat Jan 25 17:47:20 CET 2014: 35: No solution found.
Sat Jan 25 17:47:20 CET 2014: 36: finished (163ms, 12cycles)
Sat Jan 25 17:47:20 CET 2014: 36: Solution found.
Sat Jan 25 17:47:20 CET 2014: 37: finished (37ms, 2cycles)
Sat Jan 25 17:47:20 CET 2014: 37: Solution found.
Sat Jan 25 17:47:20 CET 2014: 38: finished (106ms, 8cycles)
Sat Jan 25 17:47:20 CET 2014: 38: Solution found.
Sat Jan 25 17:47:20 CET 2014: 39: finished (37ms, 2cycles)
Sat Jan 25 17:47:20 CET 2014: 39: Solution found.
Sat Jan 25 17:47:20 CET 2014: 40: finished (431ms, 31cycles)
Sat Jan 25 17:47:20 CET 2014: 40: Solution found.
Sat Jan 25 17:47:20 CET 2014: 41: finished (133ms, 10cycles)
Sat Jan 25 17:47:20 CET 2014: 41: Solution found.
Sat Jan 25 17:47:21 CET 2014: 42: finished (353ms, 27cycles)
Sat Jan 25 17:47:21 CET 2014: 42: Solution found.
Sat Jan 25 17:47:21 CET 2014: 43: finished (274ms, 21cycles)
Sat Jan 25 17:47:21 CET 2014: 43: Solution found.
Sat Jan 25 17:47:21 CET 2014: 44: finished (131ms, 9cycles)
Sat Jan 25 17:47:21 CET 2014: 44: Solution found.
Sat Jan 25 17:47:21 CET 2014: 45: finished (170ms, 13cycles)
Sat Jan 25 17:47:21 CET 2014: 45: Solution found.
Sat Jan 25 17:47:22 CET 2014: 46: finished (228ms, 17cycles)
Sat Jan 25 17:47:22 CET 2014: 46: Solution found.
Sat Jan 25 17:47:22 CET 2014: 47: finished (301ms, 23cycles)
Sat Jan 25 17:47:22 CET 2014: 47: Solution found.
Sat Jan 25 17:47:22 CET 2014: 48: finished (236ms, 17cycles)
Sat Jan 25 17:47:22 CET 2014: 48: Solution found.
Sat Jan 25 17:47:23 CET 2014: 49: finished (416ms, 34cycles)
Sat Jan 25 17:47:23 CET 2014: 49: Solution found.
Sat Jan 25 17:47:23 CET 2014: 50: finished (252ms, 18cycles)
Sat Jan 25 17:47:23 CET 2014: 50: Solution found.
Sat Jan 25 17:47:31 CET 2014: 51: finished (7694ms, 500cycles)
Sat Jan 25 17:47:31 CET 2014: 51: No solution found.
Sat Jan 25 17:47:31 CET 2014: 52: finished (140ms, 3cycles)
Sat Jan 25 17:47:31 CET 2014: 52: Solution found.
Sat Jan 25 17:47:33 CET 2014: 53: finished (1880ms, 53cycles)
Sat Jan 25 17:47:33 CET 2014: 53: Solution found.
Sat Jan 25 17:47:33 CET 2014: 54: finished (841ms, 27cycles)
Sat Jan 25 17:47:33 CET 2014: 54: Solution found.
Sat Jan 25 17:47:34 CET 2014: 55: finished (226ms, 17cycles)
Sat Jan 25 17:47:34 CET 2014: 55: Solution found.
Sat Jan 25 17:47:39 CET 2014: 56: finished (5565ms, 500cycles)
Sat Jan 25 17:47:39 CET 2014: 56: No solution found.
Sat Jan 25 17:47:39 CET 2014: 57: finished (273ms, 23cycles)
Sat Jan 25 17:47:39 CET 2014: 57: Solution found.
Sat Jan 25 17:47:49 CET 2014: 58: finished (9458ms, 500cycles)
Sat Jan 25 17:47:49 CET 2014: 58: No solution found.
Sat Jan 25 17:47:49 CET 2014: 59: finished (439ms, 35cycles)
Sat Jan 25 17:47:49 CET 2014: 59: Solution found.
Sat Jan 25 17:47:49 CET 2014: 60: finished (72ms, 5cycles)
Sat Jan 25 17:47:49 CET 2014: 60: Solution found.
Sat Jan 25 17:47:49 CET 2014: 61: finished (81ms, 6cycles)
Sat Jan 25 17:47:49 CET 2014: 61: Solution found.
Sat Jan 25 17:47:55 CET 2014: 62: finished (5574ms, 500cycles)
Sat Jan 25 17:47:55 CET 2014: 62: No solution found.
Sat Jan 25 17:47:55 CET 2014: 63: finished (171ms, 12cycles)
Sat Jan 25 17:47:55 CET 2014: 63: Solution found.
Sat Jan 25 17:47:56 CET 2014: 64: finished (370ms, 30cycles)
Sat Jan 25 17:47:56 CET 2014: 64: Solution found.
Sat Jan 25 17:47:56 CET 2014: 65: finished (311ms, 24cycles)
Sat Jan 25 17:47:56 CET 2014: 65: Solution found.
Sat Jan 25 17:47:56 CET 2014: 66: finished (537ms, 42cycles)
Sat Jan 25 17:47:56 CET 2014: 66: Solution found.
Sat Jan 25 17:47:57 CET 2014: 67: finished (728ms, 59cycles)
Sat Jan 25 17:47:57 CET 2014: 67: Solution found.
Sat Jan 25 17:47:57 CET 2014: 68: finished (131ms, 10cycles)
Sat Jan 25 17:47:57 CET 2014: 68: Solution found.
Sat Jan 25 17:47:58 CET 2014: 69: finished (269ms, 21cycles)
Sat Jan 25 17:47:58 CET 2014: 69: Solution found.
Sat Jan 25 17:47:58 CET 2014: 70: finished (171ms, 13cycles)
Sat Jan 25 17:47:58 CET 2014: 70: Solution found.
Sat Jan 25 17:47:58 CET 2014: 71: finished (725ms, 21cycles)
Sat Jan 25 17:47:58 CET 2014: 71: Solution found.
Sat Jan 25 17:47:59 CET 2014: 72: finished (494ms, 13cycles)
Sat Jan 25 17:47:59 CET 2014: 72: Solution found.
Sat Jan 25 17:47:59 CET 2014: 73: finished (477ms, 12cycles)
Sat Jan 25 17:47:59 CET 2014: 73: Solution found.
Sat Jan 25 17:48:00 CET 2014: 74: finished (939ms, 25cycles)
Sat Jan 25 17:48:00 CET 2014: 74: Solution found.
Sat Jan 25 17:48:08 CET 2014: 75: finished (7784ms, 500cycles)
Sat Jan 25 17:48:08 CET 2014: 75: No solution found.
Sat Jan 25 17:48:08 CET 2014: 76: finished (269ms, 20cycles)
Sat Jan 25 17:48:08 CET 2014: 76: Solution found.
Sat Jan 25 17:48:09 CET 2014: 77: finished (342ms, 26cycles)
Sat Jan 25 17:48:09 CET 2014: 77: Solution found.
Sat Jan 25 17:48:09 CET 2014: 78: finished (338ms, 27cycles)
Sat Jan 25 17:48:09 CET 2014: 78: Solution found.
Sat Jan 25 17:48:10 CET 2014: 79: finished (428ms, 35cycles)
Sat Jan 25 17:48:10 CET 2014: 79: Solution found.
Sat Jan 25 17:48:10 CET 2014: 80: finished (159ms, 12cycles)
Sat Jan 25 17:48:10 CET 2014: 80: Solution found.
Sat Jan 25 17:48:10 CET 2014: 81: finished (199ms, 15cycles)
Sat Jan 25 17:48:10 CET 2014: 81: Solution found.
Sat Jan 25 17:48:10 CET 2014: 82: finished (78ms, 6cycles)
Sat Jan 25 17:48:10 CET 2014: 82: Solution found.
Sat Jan 25 17:48:10 CET 2014: 83: finished (47ms, 3cycles)
Sat Jan 25 17:48:10 CET 2014: 83: Solution found.
Sat Jan 25 17:48:20 CET 2014: 84: finished (10081ms, 500cycles)
Sat Jan 25 17:48:20 CET 2014: 84: No solution found.
Sat Jan 25 17:48:26 CET 2014: 85: finished (5602ms, 500cycles)
Sat Jan 25 17:48:26 CET 2014: 85: No solution found.
Sat Jan 25 17:48:26 CET 2014: 86: finished (268ms, 22cycles)
Sat Jan 25 17:48:26 CET 2014: 86: Solution found.
Sat Jan 25 17:48:35 CET 2014: 87: finished (9442ms, 500cycles)
Sat Jan 25 17:48:35 CET 2014: 87: No solution found.
Sat Jan 25 17:48:41 CET 2014: 88: finished (5477ms, 500cycles)
Sat Jan 25 17:48:41 CET 2014: 88: No solution found.
Sat Jan 25 17:48:41 CET 2014: 89: finished (273ms, 23cycles)
Sat Jan 25 17:48:41 CET 2014: 89: Solution found.
Sat Jan 25 17:48:51 CET 2014: 90: finished (9548ms, 500cycles)
Sat Jan 25 17:48:51 CET 2014: 90: No solution found.
Sat Jan 25 17:48:51 CET 2014: 91: finished (109ms, 8cycles)
Sat Jan 25 17:48:51 CET 2014: 91: Solution found.
Sat Jan 25 17:48:51 CET 2014: 92: finished (142ms, 10cycles)
Sat Jan 25 17:48:51 CET 2014: 92: Solution found.
Sat Jan 25 17:48:51 CET 2014: 93: finished (26ms, 1cycles)
Sat Jan 25 17:48:51 CET 2014: 93: Solution found.
Sat Jan 25 17:48:57 CET 2014: 94: finished (5523ms, 500cycles)
Sat Jan 25 17:48:57 CET 2014: 94: No solution found.
Sat Jan 25 17:48:57 CET 2014: 95: finished (390ms, 30cycles)
Sat Jan 25 17:48:57 CET 2014: 95: Solution found.
Sat Jan 25 17:48:57 CET 2014: 96: finished (150ms, 11cycles)
Sat Jan 25 17:48:57 CET 2014: 96: Solution found.
Sat Jan 25 17:48:57 CET 2014: 97: finished (84ms, 6cycles)
Sat Jan 25 17:48:57 CET 2014: 97: Solution found.
Sat Jan 25 17:48:57 CET 2014: 98: finished (230ms, 19cycles)
Sat Jan 25 17:48:57 CET 2014: 98: Solution found.
Sat Jan 25 17:48:58 CET 2014: 99: finished (679ms, 53cycles)
Sat Jan 25 17:48:58 CET 2014: 99: Solution found.
Sat Jan 25 17:48:58 CET 2014: Solution Found: 73
Sat Jan 25 17:48:58 CET 2014: Avg cycles: 18
Sat Jan 25 17:48:58 CET 2014: Max cycles: 61
Sat Jan 25 17:48:58 CET 2014: Min cycles: 1
Sat Jan 25 17:48:58 CET 2014: No solution found: 27
Sat Jan 25 17:48:58 CET 2014: logging finished. (runtime: 225697ms)
