Sat Mar 29 23:15:07 CET 2014: Problem Count: 150
Sat Mar 29 23:15:07 CET 2014: CandidatesCount: 50
Sat Mar 29 23:15:07 CET 2014: Max Cycles: 500
Sat Mar 29 23:15:07 CET 2014: 0: finished (45ms, 13cycles)
Sat Mar 29 23:15:07 CET 2014: 0: Solution found.
Sat Mar 29 23:15:07 CET 2014: 1: finished (49ms, 13cycles)
Sat Mar 29 23:15:07 CET 2014: 1: Solution found.
Sat Mar 29 23:15:07 CET 2014: 2: finished (56ms, 15cycles)
Sat Mar 29 23:15:07 CET 2014: 2: Solution found.
Sat Mar 29 23:15:07 CET 2014: 3: finished (111ms, 30cycles)
Sat Mar 29 23:15:07 CET 2014: 3: Solution found.
Sat Mar 29 23:15:09 CET 2014: 4: finished (1549ms, 500cycles)
Sat Mar 29 23:15:09 CET 2014: 4: No solution found.
Sat Mar 29 23:15:09 CET 2014: 5: finished (28ms, 8cycles)
Sat Mar 29 23:15:09 CET 2014: 5: Solution found.
Sat Mar 29 23:15:09 CET 2014: 6: finished (276ms, 78cycles)
Sat Mar 29 23:15:09 CET 2014: 6: Solution found.
Sat Mar 29 23:15:09 CET 2014: 7: finished (41ms, 11cycles)
Sat Mar 29 23:15:09 CET 2014: 7: Solution found.
Sat Mar 29 23:15:09 CET 2014: 8: finished (44ms, 12cycles)
Sat Mar 29 23:15:09 CET 2014: 8: Solution found.
Sat Mar 29 23:15:09 CET 2014: 9: finished (11ms, 2cycles)
Sat Mar 29 23:15:09 CET 2014: 9: Solution found.
Sat Mar 29 23:15:09 CET 2014: 10: finished (84ms, 24cycles)
Sat Mar 29 23:15:09 CET 2014: 10: Solution found.
Sat Mar 29 23:15:09 CET 2014: 11: finished (180ms, 45cycles)
Sat Mar 29 23:15:09 CET 2014: 11: Solution found.
Sat Mar 29 23:15:09 CET 2014: 12: finished (95ms, 27cycles)
Sat Mar 29 23:15:09 CET 2014: 12: Solution found.
Sat Mar 29 23:15:11 CET 2014: 13: finished (1545ms, 500cycles)
Sat Mar 29 23:15:11 CET 2014: 13: No solution found.
Sat Mar 29 23:15:11 CET 2014: 14: finished (52ms, 14cycles)
Sat Mar 29 23:15:11 CET 2014: 14: Solution found.
Sat Mar 29 23:15:11 CET 2014: 15: finished (14ms, 3cycles)
Sat Mar 29 23:15:11 CET 2014: 15: Solution found.
Sat Mar 29 23:15:13 CET 2014: 16: finished (1544ms, 500cycles)
Sat Mar 29 23:15:13 CET 2014: 16: No solution found.
Sat Mar 29 23:15:13 CET 2014: 17: finished (88ms, 25cycles)
Sat Mar 29 23:15:13 CET 2014: 17: Solution found.
Sat Mar 29 23:15:14 CET 2014: 18: finished (1539ms, 500cycles)
Sat Mar 29 23:15:14 CET 2014: 18: No solution found.
Sat Mar 29 23:15:14 CET 2014: 19: finished (100ms, 28cycles)
Sat Mar 29 23:15:14 CET 2014: 19: Solution found.
Sat Mar 29 23:15:16 CET 2014: 20: finished (1550ms, 500cycles)
Sat Mar 29 23:15:16 CET 2014: 20: No solution found.
Sat Mar 29 23:15:17 CET 2014: 21: finished (1583ms, 500cycles)
Sat Mar 29 23:15:17 CET 2014: 21: No solution found.
Sat Mar 29 23:15:17 CET 2014: 22: finished (51ms, 14cycles)
Sat Mar 29 23:15:17 CET 2014: 22: Solution found.
Sat Mar 29 23:15:17 CET 2014: 23: finished (16ms, 4cycles)
Sat Mar 29 23:15:17 CET 2014: 23: Solution found.
Sat Mar 29 23:15:19 CET 2014: 24: finished (1529ms, 500cycles)
Sat Mar 29 23:15:19 CET 2014: 24: No solution found.
Sat Mar 29 23:15:19 CET 2014: 25: finished (151ms, 44cycles)
Sat Mar 29 23:15:19 CET 2014: 25: Solution found.
Sat Mar 29 23:15:21 CET 2014: 26: finished (1554ms, 500cycles)
Sat Mar 29 23:15:21 CET 2014: 26: No solution found.
Sat Mar 29 23:15:22 CET 2014: 27: finished (1537ms, 500cycles)
Sat Mar 29 23:15:22 CET 2014: 27: No solution found.
Sat Mar 29 23:15:22 CET 2014: 28: finished (145ms, 39cycles)
Sat Mar 29 23:15:22 CET 2014: 28: Solution found.
Sat Mar 29 23:15:22 CET 2014: 29: finished (82ms, 23cycles)
Sat Mar 29 23:15:22 CET 2014: 29: Solution found.
Sat Mar 29 23:15:23 CET 2014: 30: finished (47ms, 13cycles)
Sat Mar 29 23:15:23 CET 2014: 30: Solution found.
Sat Mar 29 23:15:23 CET 2014: 31: finished (38ms, 11cycles)
Sat Mar 29 23:15:23 CET 2014: 31: Solution found.
Sat Mar 29 23:15:23 CET 2014: 32: finished (162ms, 50cycles)
Sat Mar 29 23:15:23 CET 2014: 32: Solution found.
Sat Mar 29 23:15:24 CET 2014: 33: finished (1551ms, 500cycles)
Sat Mar 29 23:15:24 CET 2014: 33: No solution found.
Sat Mar 29 23:15:24 CET 2014: 34: finished (128ms, 36cycles)
Sat Mar 29 23:15:24 CET 2014: 34: Solution found.
Sat Mar 29 23:15:24 CET 2014: 35: finished (63ms, 16cycles)
Sat Mar 29 23:15:24 CET 2014: 35: Solution found.
Sat Mar 29 23:15:26 CET 2014: 36: finished (1568ms, 500cycles)
Sat Mar 29 23:15:26 CET 2014: 36: No solution found.
Sat Mar 29 23:15:28 CET 2014: 37: finished (1555ms, 500cycles)
Sat Mar 29 23:15:28 CET 2014: 37: No solution found.
Sat Mar 29 23:15:29 CET 2014: 38: finished (1528ms, 500cycles)
Sat Mar 29 23:15:29 CET 2014: 38: No solution found.
Sat Mar 29 23:15:29 CET 2014: 39: finished (93ms, 24cycles)
Sat Mar 29 23:15:29 CET 2014: 39: Solution found.
Sat Mar 29 23:15:31 CET 2014: 40: finished (1563ms, 500cycles)
Sat Mar 29 23:15:31 CET 2014: 40: No solution found.
Sat Mar 29 23:15:31 CET 2014: 41: finished (114ms, 30cycles)
Sat Mar 29 23:15:31 CET 2014: 41: Solution found.
Sat Mar 29 23:15:31 CET 2014: 42: finished (76ms, 19cycles)
Sat Mar 29 23:15:31 CET 2014: 42: Solution found.
Sat Mar 29 23:15:31 CET 2014: 43: finished (110ms, 32cycles)
Sat Mar 29 23:15:31 CET 2014: 43: Solution found.
Sat Mar 29 23:15:31 CET 2014: 44: finished (69ms, 18cycles)
Sat Mar 29 23:15:31 CET 2014: 44: Solution found.
Sat Mar 29 23:15:31 CET 2014: 45: finished (51ms, 12cycles)
Sat Mar 29 23:15:31 CET 2014: 45: Solution found.
Sat Mar 29 23:15:33 CET 2014: 46: finished (1568ms, 500cycles)
Sat Mar 29 23:15:33 CET 2014: 46: No solution found.
Sat Mar 29 23:15:34 CET 2014: 47: finished (1566ms, 500cycles)
Sat Mar 29 23:15:34 CET 2014: 47: No solution found.
Sat Mar 29 23:15:34 CET 2014: 48: finished (143ms, 39cycles)
Sat Mar 29 23:15:34 CET 2014: 48: Solution found.
Sat Mar 29 23:15:36 CET 2014: 49: finished (1543ms, 500cycles)
Sat Mar 29 23:15:36 CET 2014: 49: No solution found.
Sat Mar 29 23:15:38 CET 2014: 50: finished (1556ms, 500cycles)
Sat Mar 29 23:15:38 CET 2014: 50: No solution found.
Sat Mar 29 23:15:39 CET 2014: 51: finished (1582ms, 500cycles)
Sat Mar 29 23:15:39 CET 2014: 51: No solution found.
Sat Mar 29 23:15:41 CET 2014: 52: finished (1606ms, 500cycles)
Sat Mar 29 23:15:41 CET 2014: 52: No solution found.
Sat Mar 29 23:15:42 CET 2014: 53: finished (1576ms, 500cycles)
Sat Mar 29 23:15:42 CET 2014: 53: No solution found.
Sat Mar 29 23:15:42 CET 2014: 54: finished (73ms, 18cycles)
Sat Mar 29 23:15:42 CET 2014: 54: Solution found.
Sat Mar 29 23:15:44 CET 2014: 55: finished (1539ms, 500cycles)
Sat Mar 29 23:15:44 CET 2014: 55: No solution found.
Sat Mar 29 23:15:44 CET 2014: 56: finished (84ms, 23cycles)
Sat Mar 29 23:15:44 CET 2014: 56: Solution found.
Sat Mar 29 23:15:44 CET 2014: 57: finished (81ms, 22cycles)
Sat Mar 29 23:15:44 CET 2014: 57: Solution found.
Sat Mar 29 23:15:46 CET 2014: 58: finished (1546ms, 500cycles)
Sat Mar 29 23:15:46 CET 2014: 58: No solution found.
Sat Mar 29 23:15:47 CET 2014: 59: finished (1553ms, 500cycles)
Sat Mar 29 23:15:47 CET 2014: 59: No solution found.
Sat Mar 29 23:15:47 CET 2014: 60: finished (51ms, 15cycles)
Sat Mar 29 23:15:47 CET 2014: 60: Solution found.
Sat Mar 29 23:15:49 CET 2014: 61: finished (1541ms, 500cycles)
Sat Mar 29 23:15:49 CET 2014: 61: No solution found.
Sat Mar 29 23:15:49 CET 2014: 62: finished (58ms, 16cycles)
Sat Mar 29 23:15:49 CET 2014: 62: Solution found.
Sat Mar 29 23:15:53 CET 2014: 63: finished (4046ms, 500cycles)
Sat Mar 29 23:15:53 CET 2014: 63: No solution found.
Sat Mar 29 23:15:55 CET 2014: 64: finished (1972ms, 500cycles)
Sat Mar 29 23:15:55 CET 2014: 64: No solution found.
Sat Mar 29 23:15:56 CET 2014: 65: finished (1556ms, 500cycles)
Sat Mar 29 23:15:56 CET 2014: 65: No solution found.
Sat Mar 29 23:15:58 CET 2014: 66: finished (1585ms, 500cycles)
Sat Mar 29 23:15:58 CET 2014: 66: No solution found.
Sat Mar 29 23:16:00 CET 2014: 67: finished (1561ms, 500cycles)
Sat Mar 29 23:16:00 CET 2014: 67: No solution found.
Sat Mar 29 23:16:00 CET 2014: 68: finished (126ms, 36cycles)
Sat Mar 29 23:16:00 CET 2014: 68: Solution found.
Sat Mar 29 23:16:01 CET 2014: 69: finished (1565ms, 500cycles)
Sat Mar 29 23:16:01 CET 2014: 69: No solution found.
Sat Mar 29 23:16:01 CET 2014: 70: finished (111ms, 32cycles)
Sat Mar 29 23:16:01 CET 2014: 70: Solution found.
Sat Mar 29 23:16:03 CET 2014: 71: finished (1689ms, 500cycles)
Sat Mar 29 23:16:03 CET 2014: 71: No solution found.
Sat Mar 29 23:16:05 CET 2014: 72: finished (1552ms, 500cycles)
Sat Mar 29 23:16:05 CET 2014: 72: No solution found.
Sat Mar 29 23:16:06 CET 2014: 73: finished (1578ms, 500cycles)
Sat Mar 29 23:16:06 CET 2014: 73: No solution found.
Sat Mar 29 23:16:06 CET 2014: 74: finished (36ms, 11cycles)
Sat Mar 29 23:16:06 CET 2014: 74: Solution found.
Sat Mar 29 23:16:06 CET 2014: 75: finished (99ms, 27cycles)
Sat Mar 29 23:16:06 CET 2014: 75: Solution found.
Sat Mar 29 23:16:06 CET 2014: 76: finished (70ms, 14cycles)
Sat Mar 29 23:16:06 CET 2014: 76: Solution found.
Sat Mar 29 23:16:08 CET 2014: 77: finished (1564ms, 500cycles)
Sat Mar 29 23:16:08 CET 2014: 77: No solution found.
Sat Mar 29 23:16:10 CET 2014: 78: finished (1590ms, 500cycles)
Sat Mar 29 23:16:10 CET 2014: 78: No solution found.
Sat Mar 29 23:16:11 CET 2014: 79: finished (1009ms, 291cycles)
Sat Mar 29 23:16:11 CET 2014: 79: Solution found.
Sat Mar 29 23:16:11 CET 2014: 80: finished (51ms, 14cycles)
Sat Mar 29 23:16:11 CET 2014: 80: Solution found.
Sat Mar 29 23:16:11 CET 2014: 81: finished (80ms, 23cycles)
Sat Mar 29 23:16:11 CET 2014: 81: Solution found.
Sat Mar 29 23:16:12 CET 2014: 82: finished (1590ms, 500cycles)
Sat Mar 29 23:16:12 CET 2014: 82: No solution found.
Sat Mar 29 23:16:12 CET 2014: 83: finished (39ms, 10cycles)
Sat Mar 29 23:16:12 CET 2014: 83: Solution found.
Sat Mar 29 23:16:12 CET 2014: 84: finished (17ms, 4cycles)
Sat Mar 29 23:16:12 CET 2014: 84: Solution found.
Sat Mar 29 23:16:14 CET 2014: 85: finished (1534ms, 500cycles)
Sat Mar 29 23:16:14 CET 2014: 85: No solution found.
Sat Mar 29 23:16:15 CET 2014: 86: finished (1544ms, 500cycles)
Sat Mar 29 23:16:15 CET 2014: 86: No solution found.
Sat Mar 29 23:16:17 CET 2014: 87: finished (1556ms, 500cycles)
Sat Mar 29 23:16:17 CET 2014: 87: No solution found.
Sat Mar 29 23:16:17 CET 2014: 88: finished (97ms, 28cycles)
Sat Mar 29 23:16:17 CET 2014: 88: Solution found.
Sat Mar 29 23:16:17 CET 2014: 89: finished (68ms, 19cycles)
Sat Mar 29 23:16:17 CET 2014: 89: Solution found.
Sat Mar 29 23:16:17 CET 2014: 90: finished (110ms, 30cycles)
Sat Mar 29 23:16:17 CET 2014: 90: Solution found.
Sat Mar 29 23:16:19 CET 2014: 91: finished (1590ms, 500cycles)
Sat Mar 29 23:16:19 CET 2014: 91: No solution found.
Sat Mar 29 23:16:20 CET 2014: 92: finished (1547ms, 500cycles)
Sat Mar 29 23:16:20 CET 2014: 92: No solution found.
Sat Mar 29 23:16:22 CET 2014: 93: finished (1568ms, 500cycles)
Sat Mar 29 23:16:22 CET 2014: 93: No solution found.
Sat Mar 29 23:16:22 CET 2014: 94: finished (72ms, 20cycles)
Sat Mar 29 23:16:22 CET 2014: 94: Solution found.
Sat Mar 29 23:16:24 CET 2014: 95: finished (1552ms, 500cycles)
Sat Mar 29 23:16:24 CET 2014: 95: No solution found.
Sat Mar 29 23:16:25 CET 2014: 96: finished (1528ms, 500cycles)
Sat Mar 29 23:16:25 CET 2014: 96: No solution found.
Sat Mar 29 23:16:27 CET 2014: 97: finished (1527ms, 500cycles)
Sat Mar 29 23:16:27 CET 2014: 97: No solution found.
Sat Mar 29 23:16:28 CET 2014: 98: finished (1602ms, 500cycles)
Sat Mar 29 23:16:28 CET 2014: 98: No solution found.
Sat Mar 29 23:16:30 CET 2014: 99: finished (1611ms, 500cycles)
Sat Mar 29 23:16:30 CET 2014: 99: No solution found.
Sat Mar 29 23:16:30 CET 2014: Solution Found: 52
Sat Mar 29 23:16:30 CET 2014: Avg cycles: 27
Sat Mar 29 23:16:30 CET 2014: Max cycles: 291
Sat Mar 29 23:16:30 CET 2014: Min cycles: 2
Sat Mar 29 23:16:30 CET 2014: No solution found: 48
Sat Mar 29 23:16:30 CET 2014: logging finished. (runtime: 83054ms)
