Tue May 20 02:25:39 CEST 2014: Problem Count: 42
Tue May 20 02:25:39 CEST 2014: CandidatesCount: 100
Tue May 20 02:25:39 CEST 2014: Max Cycles: 500
Tue May 20 02:25:40 CEST 2014: 0: finished (444ms, 61cycles)
Tue May 20 02:25:40 CEST 2014: 0: Solution found.
Tue May 20 02:25:40 CEST 2014: 1: finished (507ms, 74cycles)
Tue May 20 02:25:40 CEST 2014: 1: Solution found.
Tue May 20 02:25:41 CEST 2014: 2: finished (616ms, 88cycles)
Tue May 20 02:25:41 CEST 2014: 2: Solution found.
Tue May 20 02:25:47 CEST 2014: 3: finished (5710ms, 354cycles)
Tue May 20 02:25:47 CEST 2014: 3: Solution found.
Tue May 20 02:25:47 CEST 2014: 4: finished (247ms, 32cycles)
Tue May 20 02:25:47 CEST 2014: 4: Solution found.
Tue May 20 02:25:47 CEST 2014: 5: finished (256ms, 32cycles)
Tue May 20 02:25:47 CEST 2014: 5: Solution found.
Tue May 20 02:25:51 CEST 2014: 6: finished (3775ms, 247cycles)
Tue May 20 02:25:51 CEST 2014: 6: Solution found.
Tue May 20 02:25:55 CEST 2014: 7: finished (3934ms, 249cycles)
Tue May 20 02:25:55 CEST 2014: 7: Solution found.
Tue May 20 02:26:04 CEST 2014: 8: finished (9121ms, 500cycles)
Tue May 20 02:26:04 CEST 2014: 8: No solution found.
Tue May 20 02:26:06 CEST 2014: 9: finished (1351ms, 93cycles)
Tue May 20 02:26:06 CEST 2014: 9: Solution found.
Tue May 20 02:26:06 CEST 2014: 10: finished (476ms, 58cycles)
Tue May 20 02:26:06 CEST 2014: 10: Solution found.
Tue May 20 02:26:07 CEST 2014: 11: finished (825ms, 109cycles)
Tue May 20 02:26:07 CEST 2014: 11: Solution found.
Tue May 20 02:26:08 CEST 2014: 12: finished (1042ms, 86cycles)
Tue May 20 02:26:08 CEST 2014: 12: Solution found.
Tue May 20 02:26:09 CEST 2014: 13: finished (370ms, 59cycles)
Tue May 20 02:26:09 CEST 2014: 13: Solution found.
Tue May 20 02:26:10 CEST 2014: 14: finished (1101ms, 74cycles)
Tue May 20 02:26:10 CEST 2014: 14: Solution found.
Tue May 20 02:26:10 CEST 2014: 15: finished (389ms, 63cycles)
Tue May 20 02:26:11 CEST 2014: 15: Solution found.
Tue May 20 02:26:11 CEST 2014: 16: finished (239ms, 37cycles)
Tue May 20 02:26:11 CEST 2014: 16: Solution found.
Tue May 20 02:26:21 CEST 2014: 17: finished (10169ms, 500cycles)
Tue May 20 02:26:21 CEST 2014: 17: No solution found.
Tue May 20 02:26:23 CEST 2014: 18: finished (2126ms, 155cycles)
Tue May 20 02:26:23 CEST 2014: 18: Solution found.
Tue May 20 02:26:24 CEST 2014: 19: finished (552ms, 85cycles)
Tue May 20 02:26:24 CEST 2014: 19: Solution found.
Tue May 20 02:26:24 CEST 2014: 20: finished (584ms, 89cycles)
Tue May 20 02:26:25 CEST 2014: 20: Solution found.
Tue May 20 02:26:25 CEST 2014: 21: finished (583ms, 81cycles)
Tue May 20 02:26:25 CEST 2014: 21: Solution found.
Tue May 20 02:26:26 CEST 2014: 22: finished (1019ms, 146cycles)
Tue May 20 02:26:26 CEST 2014: 22: Solution found.
Tue May 20 02:26:37 CEST 2014: 23: finished (10617ms, 500cycles)
Tue May 20 02:26:37 CEST 2014: 23: No solution found.
Tue May 20 02:26:37 CEST 2014: 24: finished (499ms, 51cycles)
Tue May 20 02:26:38 CEST 2014: 24: Solution found.
Tue May 20 02:26:38 CEST 2014: 25: finished (283ms, 48cycles)
Tue May 20 02:26:38 CEST 2014: 25: Solution found.
Tue May 20 02:26:38 CEST 2014: 26: finished (344ms, 45cycles)
Tue May 20 02:26:38 CEST 2014: 26: Solution found.
Tue May 20 02:26:49 CEST 2014: 27: finished (10322ms, 500cycles)
Tue May 20 02:26:49 CEST 2014: 27: No solution found.
Tue May 20 02:26:51 CEST 2014: 28: finished (2407ms, 165cycles)
Tue May 20 02:26:51 CEST 2014: 28: Solution found.
Tue May 20 02:26:51 CEST 2014: 29: finished (125ms, 22cycles)
Tue May 20 02:26:51 CEST 2014: 29: Solution found.
Tue May 20 02:27:03 CEST 2014: 30: finished (11386ms, 500cycles)
Tue May 20 02:27:03 CEST 2014: 30: No solution found.
Tue May 20 02:27:05 CEST 2014: 31: finished (2032ms, 142cycles)
Tue May 20 02:27:05 CEST 2014: 31: Solution found.
Tue May 20 02:27:06 CEST 2014: 32: finished (1123ms, 99cycles)
Tue May 20 02:27:06 CEST 2014: 32: Solution found.
Tue May 20 02:27:07 CEST 2014: 33: finished (1301ms, 95cycles)
Tue May 20 02:27:07 CEST 2014: 33: Solution found.
Tue May 20 02:27:08 CEST 2014: 34: finished (523ms, 57cycles)
Tue May 20 02:27:08 CEST 2014: 34: Solution found.
Tue May 20 02:27:11 CEST 2014: 35: finished (3258ms, 222cycles)
Tue May 20 02:27:11 CEST 2014: 35: Solution found.
Tue May 20 02:27:11 CEST 2014: 36: finished (131ms, 24cycles)
Tue May 20 02:27:12 CEST 2014: 36: Solution found.
Tue May 20 02:27:12 CEST 2014: 37: finished (424ms, 57cycles)
Tue May 20 02:27:12 CEST 2014: 37: Solution found.
Tue May 20 02:27:13 CEST 2014: 38: finished (1180ms, 81cycles)
Tue May 20 02:27:13 CEST 2014: 38: Solution found.
Tue May 20 02:27:24 CEST 2014: 39: finished (10649ms, 500cycles)
Tue May 20 02:27:24 CEST 2014: 39: No solution found.
Tue May 20 02:27:33 CEST 2014: 40: finished (9003ms, 456cycles)
Tue May 20 02:27:33 CEST 2014: 40: Solution found.
Tue May 20 02:27:36 CEST 2014: 41: finished (3264ms, 500cycles)
Tue May 20 02:27:36 CEST 2014: 41: No solution found.
Tue May 20 02:27:45 CEST 2014: 42: finished (8521ms, 500cycles)
Tue May 20 02:27:45 CEST 2014: 42: No solution found.
Tue May 20 02:27:47 CEST 2014: 43: finished (2190ms, 142cycles)
Tue May 20 02:27:47 CEST 2014: 43: Solution found.
Tue May 20 02:27:47 CEST 2014: 44: finished (295ms, 35cycles)
Tue May 20 02:27:48 CEST 2014: 44: Solution found.
Tue May 20 02:27:55 CEST 2014: 45: finished (7254ms, 500cycles)
Tue May 20 02:27:55 CEST 2014: 45: No solution found.
Tue May 20 02:27:56 CEST 2014: 46: finished (1328ms, 188cycles)
Tue May 20 02:27:56 CEST 2014: 46: Solution found.
Tue May 20 02:27:57 CEST 2014: 47: finished (1140ms, 75cycles)
Tue May 20 02:27:57 CEST 2014: 47: Solution found.
Tue May 20 02:27:58 CEST 2014: 48: finished (201ms, 33cycles)
Tue May 20 02:27:58 CEST 2014: 48: Solution found.
Tue May 20 02:27:59 CEST 2014: 49: finished (926ms, 78cycles)
Tue May 20 02:27:59 CEST 2014: 49: Solution found.
Tue May 20 02:28:00 CEST 2014: 50: finished (1456ms, 99cycles)
Tue May 20 02:28:00 CEST 2014: 50: Solution found.
Tue May 20 02:28:01 CEST 2014: 51: finished (830ms, 88cycles)
Tue May 20 02:28:01 CEST 2014: 51: Solution found.
Tue May 20 02:28:11 CEST 2014: 52: finished (9478ms, 500cycles)
Tue May 20 02:28:11 CEST 2014: 52: No solution found.
Tue May 20 02:28:11 CEST 2014: 53: finished (275ms, 34cycles)
Tue May 20 02:28:11 CEST 2014: 53: Solution found.
Tue May 20 02:28:19 CEST 2014: 54: finished (7664ms, 387cycles)
Tue May 20 02:28:19 CEST 2014: 54: Solution found.
Tue May 20 02:28:23 CEST 2014: 55: finished (3943ms, 500cycles)
Tue May 20 02:28:23 CEST 2014: 55: No solution found.
Tue May 20 02:28:25 CEST 2014: 56: finished (1916ms, 134cycles)
Tue May 20 02:28:25 CEST 2014: 56: Solution found.
Tue May 20 02:28:34 CEST 2014: 57: finished (8920ms, 500cycles)
Tue May 20 02:28:34 CEST 2014: 57: No solution found.
Tue May 20 02:28:34 CEST 2014: 58: finished (556ms, 72cycles)
Tue May 20 02:28:34 CEST 2014: 58: Solution found.
Tue May 20 02:28:35 CEST 2014: 59: finished (385ms, 47cycles)
Tue May 20 02:28:35 CEST 2014: 59: Solution found.
Tue May 20 02:28:35 CEST 2014: 60: finished (198ms, 29cycles)
Tue May 20 02:28:35 CEST 2014: 60: Solution found.
Tue May 20 02:28:37 CEST 2014: 61: finished (2475ms, 176cycles)
Tue May 20 02:28:38 CEST 2014: 61: Solution found.
Tue May 20 02:28:38 CEST 2014: 62: finished (843ms, 116cycles)
Tue May 20 02:28:38 CEST 2014: 62: Solution found.
Tue May 20 02:28:48 CEST 2014: 63: finished (9293ms, 500cycles)
Tue May 20 02:28:48 CEST 2014: 63: No solution found.
Tue May 20 02:28:48 CEST 2014: 64: finished (316ms, 46cycles)
Tue May 20 02:28:48 CEST 2014: 64: Solution found.
Tue May 20 02:28:56 CEST 2014: 65: finished (7723ms, 500cycles)
Tue May 20 02:28:56 CEST 2014: 65: No solution found.
Tue May 20 02:28:56 CEST 2014: 66: finished (449ms, 62cycles)
Tue May 20 02:28:56 CEST 2014: 66: Solution found.
Tue May 20 02:29:05 CEST 2014: 67: finished (8247ms, 500cycles)
Tue May 20 02:29:05 CEST 2014: 67: No solution found.
Tue May 20 02:29:10 CEST 2014: 68: finished (5160ms, 295cycles)
Tue May 20 02:29:10 CEST 2014: 68: Solution found.
Tue May 20 02:29:14 CEST 2014: 69: finished (4482ms, 316cycles)
Tue May 20 02:29:15 CEST 2014: 69: Solution found.
Tue May 20 02:29:15 CEST 2014: 70: finished (425ms, 45cycles)
Tue May 20 02:29:15 CEST 2014: 70: Solution found.
Tue May 20 02:29:15 CEST 2014: 71: finished (217ms, 29cycles)
Tue May 20 02:29:15 CEST 2014: 71: Solution found.
Tue May 20 02:29:29 CEST 2014: 72: finished (14028ms, 500cycles)
Tue May 20 02:29:29 CEST 2014: 72: No solution found.
Tue May 20 02:29:30 CEST 2014: 73: finished (260ms, 41cycles)
Tue May 20 02:29:30 CEST 2014: 73: Solution found.
Tue May 20 02:29:30 CEST 2014: 74: finished (193ms, 30cycles)
Tue May 20 02:29:30 CEST 2014: 74: Solution found.
Tue May 20 02:29:30 CEST 2014: 75: finished (112ms, 20cycles)
Tue May 20 02:29:30 CEST 2014: 75: Solution found.
Tue May 20 02:29:33 CEST 2014: 76: finished (3043ms, 177cycles)
Tue May 20 02:29:33 CEST 2014: 76: Solution found.
Tue May 20 02:29:41 CEST 2014: 77: finished (7570ms, 500cycles)
Tue May 20 02:29:41 CEST 2014: 77: No solution found.
Tue May 20 02:29:51 CEST 2014: 78: finished (10511ms, 500cycles)
Tue May 20 02:29:51 CEST 2014: 78: No solution found.
Tue May 20 02:29:53 CEST 2014: 79: finished (1117ms, 80cycles)
Tue May 20 02:29:53 CEST 2014: 79: Solution found.
Tue May 20 02:29:56 CEST 2014: 80: finished (3503ms, 500cycles)
Tue May 20 02:29:56 CEST 2014: 80: No solution found.
Tue May 20 02:29:57 CEST 2014: 81: finished (387ms, 55cycles)
Tue May 20 02:29:57 CEST 2014: 81: Solution found.
Tue May 20 02:30:00 CEST 2014: 82: finished (3530ms, 500cycles)
Tue May 20 02:30:00 CEST 2014: 82: No solution found.
Tue May 20 02:30:01 CEST 2014: 83: finished (524ms, 80cycles)
Tue May 20 02:30:01 CEST 2014: 83: Solution found.
Tue May 20 02:30:01 CEST 2014: 84: finished (537ms, 66cycles)
Tue May 20 02:30:01 CEST 2014: 84: Solution found.
Tue May 20 02:30:02 CEST 2014: 85: finished (593ms, 72cycles)
Tue May 20 02:30:02 CEST 2014: 85: Solution found.
Tue May 20 02:30:10 CEST 2014: 86: finished (7799ms, 500cycles)
Tue May 20 02:30:10 CEST 2014: 86: No solution found.
Tue May 20 02:30:18 CEST 2014: 87: finished (8388ms, 410cycles)
Tue May 20 02:30:18 CEST 2014: 87: Solution found.
Tue May 20 02:30:18 CEST 2014: 88: finished (142ms, 20cycles)
Tue May 20 02:30:19 CEST 2014: 88: Solution found.
Tue May 20 02:30:23 CEST 2014: 89: finished (4909ms, 279cycles)
Tue May 20 02:30:24 CEST 2014: 89: Solution found.
Tue May 20 02:30:24 CEST 2014: 90: finished (496ms, 68cycles)
Tue May 20 02:30:24 CEST 2014: 90: Solution found.
Tue May 20 02:30:24 CEST 2014: 91: finished (269ms, 37cycles)
Tue May 20 02:30:24 CEST 2014: 91: Solution found.
Tue May 20 02:30:26 CEST 2014: 92: finished (1279ms, 189cycles)
Tue May 20 02:30:26 CEST 2014: 92: Solution found.
Tue May 20 02:30:36 CEST 2014: 93: finished (10033ms, 500cycles)
Tue May 20 02:30:36 CEST 2014: 93: No solution found.
Tue May 20 02:30:37 CEST 2014: 94: finished (683ms, 72cycles)
Tue May 20 02:30:37 CEST 2014: 94: Solution found.
Tue May 20 02:30:37 CEST 2014: 95: finished (701ms, 65cycles)
Tue May 20 02:30:37 CEST 2014: 95: Solution found.
Tue May 20 02:30:38 CEST 2014: 96: finished (346ms, 52cycles)
Tue May 20 02:30:38 CEST 2014: 96: Solution found.
Tue May 20 02:30:38 CEST 2014: 97: finished (229ms, 34cycles)
Tue May 20 02:30:38 CEST 2014: 97: Solution found.
Tue May 20 02:30:50 CEST 2014: 98: finished (11754ms, 500cycles)
Tue May 20 02:30:50 CEST 2014: 98: No solution found.
Tue May 20 02:30:51 CEST 2014: 99: finished (610ms, 100cycles)
Tue May 20 02:30:51 CEST 2014: 99: Solution found.
Tue May 20 02:30:51 CEST 2014: Solution Found: 77
Tue May 20 02:30:51 CEST 2014: Avg cycles: 107
Tue May 20 02:30:51 CEST 2014: Max cycles: 456
Tue May 20 02:30:51 CEST 2014: Min cycles: 20
Tue May 20 02:30:51 CEST 2014: No solution found: 23
Tue May 20 02:30:51 CEST 2014: logging finished. (runtime: 311497ms)
