Tue May 20 06:20:51 CEST 2014: Problem Count: 18
Tue May 20 06:20:51 CEST 2014: CandidatesCount: 100
Tue May 20 06:20:51 CEST 2014: Max Cycles: 500
Tue May 20 06:20:51 CEST 2014: 0: finished (351ms, 64cycles)
Tue May 20 06:20:51 CEST 2014: 0: Solution found.
Tue May 20 06:20:52 CEST 2014: 1: finished (570ms, 76cycles)
Tue May 20 06:20:52 CEST 2014: 1: Solution found.
Tue May 20 06:21:01 CEST 2014: 2: finished (9750ms, 500cycles)
Tue May 20 06:21:02 CEST 2014: 2: No solution found.
Tue May 20 06:21:12 CEST 2014: 3: finished (10097ms, 500cycles)
Tue May 20 06:21:12 CEST 2014: 3: No solution found.
Tue May 20 06:21:18 CEST 2014: 4: finished (6502ms, 500cycles)
Tue May 20 06:21:18 CEST 2014: 4: No solution found.
Tue May 20 06:21:25 CEST 2014: 5: finished (7228ms, 500cycles)
Tue May 20 06:21:25 CEST 2014: 5: No solution found.
Tue May 20 06:21:29 CEST 2014: 6: finished (3856ms, 500cycles)
Tue May 20 06:21:29 CEST 2014: 6: No solution found.
Tue May 20 06:21:31 CEST 2014: 7: finished (1455ms, 125cycles)
Tue May 20 06:21:31 CEST 2014: 7: Solution found.
Tue May 20 06:21:37 CEST 2014: 8: finished (6623ms, 500cycles)
Tue May 20 06:21:37 CEST 2014: 8: No solution found.
Tue May 20 06:21:47 CEST 2014: 9: finished (9532ms, 500cycles)
Tue May 20 06:21:47 CEST 2014: 9: No solution found.
Tue May 20 06:21:54 CEST 2014: 10: finished (7274ms, 500cycles)
Tue May 20 06:21:54 CEST 2014: 10: No solution found.
Tue May 20 06:22:04 CEST 2014: 11: finished (9907ms, 500cycles)
Tue May 20 06:22:04 CEST 2014: 11: No solution found.
Tue May 20 06:22:07 CEST 2014: 12: finished (2316ms, 226cycles)
Tue May 20 06:22:07 CEST 2014: 12: Solution found.
Tue May 20 06:22:16 CEST 2014: 13: finished (9151ms, 500cycles)
Tue May 20 06:22:16 CEST 2014: 13: No solution found.
Tue May 20 06:22:20 CEST 2014: 14: finished (4032ms, 500cycles)
Tue May 20 06:22:20 CEST 2014: 14: No solution found.
Tue May 20 06:22:20 CEST 2014: 15: finished (360ms, 51cycles)
Tue May 20 06:22:20 CEST 2014: 15: Solution found.
Tue May 20 06:22:21 CEST 2014: 16: finished (765ms, 78cycles)
Tue May 20 06:22:21 CEST 2014: 16: Solution found.
Tue May 20 06:22:23 CEST 2014: 17: finished (1792ms, 123cycles)
Tue May 20 06:22:23 CEST 2014: 17: Solution found.
Tue May 20 06:22:29 CEST 2014: 18: finished (5910ms, 500cycles)
Tue May 20 06:22:29 CEST 2014: 18: No solution found.
Tue May 20 06:22:31 CEST 2014: 19: finished (2326ms, 217cycles)
Tue May 20 06:22:31 CEST 2014: 19: Solution found.
Tue May 20 06:22:40 CEST 2014: 20: finished (8371ms, 500cycles)
Tue May 20 06:22:40 CEST 2014: 20: No solution found.
Tue May 20 06:22:46 CEST 2014: 21: finished (6015ms, 500cycles)
Tue May 20 06:22:46 CEST 2014: 21: No solution found.
Tue May 20 06:22:51 CEST 2014: 22: finished (4776ms, 339cycles)
Tue May 20 06:22:51 CEST 2014: 22: Solution found.
Tue May 20 06:22:56 CEST 2014: 23: finished (5818ms, 500cycles)
Tue May 20 06:22:56 CEST 2014: 23: No solution found.
Tue May 20 06:22:57 CEST 2014: 24: finished (581ms, 69cycles)
Tue May 20 06:22:57 CEST 2014: 24: Solution found.
Tue May 20 06:23:04 CEST 2014: 25: finished (6599ms, 500cycles)
Tue May 20 06:23:04 CEST 2014: 25: No solution found.
Tue May 20 06:23:12 CEST 2014: 26: finished (8045ms, 500cycles)
Tue May 20 06:23:12 CEST 2014: 26: No solution found.
Tue May 20 06:23:22 CEST 2014: 27: finished (9816ms, 500cycles)
Tue May 20 06:23:22 CEST 2014: 27: No solution found.
Tue May 20 06:23:25 CEST 2014: 28: finished (3706ms, 500cycles)
Tue May 20 06:23:25 CEST 2014: 28: No solution found.
Tue May 20 06:23:33 CEST 2014: 29: finished (7461ms, 500cycles)
Tue May 20 06:23:33 CEST 2014: 29: No solution found.
Tue May 20 06:23:41 CEST 2014: 30: finished (7691ms, 500cycles)
Tue May 20 06:23:41 CEST 2014: 30: No solution found.
Tue May 20 06:23:48 CEST 2014: 31: finished (7394ms, 500cycles)
Tue May 20 06:23:48 CEST 2014: 31: No solution found.
Tue May 20 06:23:50 CEST 2014: 32: finished (1942ms, 160cycles)
Tue May 20 06:23:50 CEST 2014: 32: Solution found.
Tue May 20 06:23:57 CEST 2014: 33: finished (7005ms, 500cycles)
Tue May 20 06:23:57 CEST 2014: 33: No solution found.
Tue May 20 06:24:06 CEST 2014: 34: finished (9246ms, 500cycles)
Tue May 20 06:24:06 CEST 2014: 34: No solution found.
Tue May 20 06:24:13 CEST 2014: 35: finished (6913ms, 500cycles)
Tue May 20 06:24:13 CEST 2014: 35: No solution found.
Tue May 20 06:24:21 CEST 2014: 36: finished (8027ms, 446cycles)
Tue May 20 06:24:21 CEST 2014: 36: Solution found.
Tue May 20 06:24:28 CEST 2014: 37: finished (6327ms, 500cycles)
Tue May 20 06:24:28 CEST 2014: 37: No solution found.
Tue May 20 06:24:35 CEST 2014: 38: finished (7680ms, 500cycles)
Tue May 20 06:24:35 CEST 2014: 38: No solution found.
Tue May 20 06:24:44 CEST 2014: 39: finished (8288ms, 500cycles)
Tue May 20 06:24:44 CEST 2014: 39: No solution found.
Tue May 20 06:24:50 CEST 2014: 40: finished (6515ms, 500cycles)
Tue May 20 06:24:50 CEST 2014: 40: No solution found.
Tue May 20 06:24:57 CEST 2014: 41: finished (6889ms, 500cycles)
Tue May 20 06:24:57 CEST 2014: 41: No solution found.
Tue May 20 06:24:57 CEST 2014: 42: finished (109ms, 25cycles)
Tue May 20 06:24:57 CEST 2014: 42: Solution found.
Tue May 20 06:24:58 CEST 2014: 43: finished (1128ms, 116cycles)
Tue May 20 06:24:58 CEST 2014: 43: Solution found.
Tue May 20 06:25:06 CEST 2014: 44: finished (7441ms, 500cycles)
Tue May 20 06:25:06 CEST 2014: 44: No solution found.
Tue May 20 06:25:14 CEST 2014: 45: finished (7976ms, 500cycles)
Tue May 20 06:25:14 CEST 2014: 45: No solution found.
Tue May 20 06:25:19 CEST 2014: 46: finished (5046ms, 500cycles)
Tue May 20 06:25:19 CEST 2014: 46: No solution found.
Tue May 20 06:25:26 CEST 2014: 47: finished (7071ms, 500cycles)
Tue May 20 06:25:26 CEST 2014: 47: No solution found.
Tue May 20 06:25:33 CEST 2014: 48: finished (6688ms, 500cycles)
Tue May 20 06:25:33 CEST 2014: 48: No solution found.
Tue May 20 06:25:42 CEST 2014: 49: finished (9240ms, 500cycles)
Tue May 20 06:25:42 CEST 2014: 49: No solution found.
Tue May 20 06:25:43 CEST 2014: 50: finished (765ms, 129cycles)
Tue May 20 06:25:43 CEST 2014: 50: Solution found.
Tue May 20 06:25:50 CEST 2014: 51: finished (7134ms, 500cycles)
Tue May 20 06:25:50 CEST 2014: 51: No solution found.
Tue May 20 06:25:57 CEST 2014: 52: finished (6885ms, 500cycles)
Tue May 20 06:25:57 CEST 2014: 52: No solution found.
Tue May 20 06:26:05 CEST 2014: 53: finished (7913ms, 500cycles)
Tue May 20 06:26:05 CEST 2014: 53: No solution found.
Tue May 20 06:26:12 CEST 2014: 54: finished (6811ms, 500cycles)
Tue May 20 06:26:12 CEST 2014: 54: No solution found.
Tue May 20 06:26:16 CEST 2014: 55: finished (4550ms, 500cycles)
Tue May 20 06:26:16 CEST 2014: 55: No solution found.
Tue May 20 06:26:22 CEST 2014: 56: finished (5968ms, 500cycles)
Tue May 20 06:26:22 CEST 2014: 56: No solution found.
Tue May 20 06:26:29 CEST 2014: 57: finished (6962ms, 500cycles)
Tue May 20 06:26:29 CEST 2014: 57: No solution found.
Tue May 20 06:26:37 CEST 2014: 58: finished (8131ms, 500cycles)
Tue May 20 06:26:37 CEST 2014: 58: No solution found.
Tue May 20 06:26:38 CEST 2014: 59: finished (284ms, 37cycles)
Tue May 20 06:26:38 CEST 2014: 59: Solution found.
Tue May 20 06:26:45 CEST 2014: 60: finished (7141ms, 500cycles)
Tue May 20 06:26:45 CEST 2014: 60: No solution found.
Tue May 20 06:26:51 CEST 2014: 61: finished (6329ms, 500cycles)
Tue May 20 06:26:51 CEST 2014: 61: No solution found.
Tue May 20 06:27:00 CEST 2014: 62: finished (8334ms, 500cycles)
Tue May 20 06:27:00 CEST 2014: 62: No solution found.
Tue May 20 06:27:05 CEST 2014: 63: finished (5848ms, 500cycles)
Tue May 20 06:27:05 CEST 2014: 63: No solution found.
Tue May 20 06:27:11 CEST 2014: 64: finished (5904ms, 500cycles)
Tue May 20 06:27:11 CEST 2014: 64: No solution found.
Tue May 20 06:27:20 CEST 2014: 65: finished (8324ms, 500cycles)
Tue May 20 06:27:20 CEST 2014: 65: No solution found.
Tue May 20 06:27:26 CEST 2014: 66: finished (6795ms, 500cycles)
Tue May 20 06:27:27 CEST 2014: 66: No solution found.
Tue May 20 06:27:35 CEST 2014: 67: finished (7988ms, 500cycles)
Tue May 20 06:27:35 CEST 2014: 67: No solution found.
Tue May 20 06:27:35 CEST 2014: 68: finished (342ms, 90cycles)
Tue May 20 06:27:35 CEST 2014: 68: Solution found.
Tue May 20 06:27:39 CEST 2014: 69: finished (3847ms, 278cycles)
Tue May 20 06:27:39 CEST 2014: 69: Solution found.
Tue May 20 06:27:46 CEST 2014: 70: finished (6856ms, 500cycles)
Tue May 20 06:27:46 CEST 2014: 70: No solution found.
Tue May 20 06:27:47 CEST 2014: 71: finished (1693ms, 106cycles)
Tue May 20 06:27:47 CEST 2014: 71: Solution found.
Tue May 20 06:27:52 CEST 2014: 72: finished (4362ms, 424cycles)
Tue May 20 06:27:52 CEST 2014: 72: Solution found.
Tue May 20 06:27:59 CEST 2014: 73: finished (7326ms, 500cycles)
Tue May 20 06:27:59 CEST 2014: 73: No solution found.
Tue May 20 06:28:00 CEST 2014: 74: finished (472ms, 70cycles)
Tue May 20 06:28:00 CEST 2014: 74: Solution found.
Tue May 20 06:28:09 CEST 2014: 75: finished (9630ms, 500cycles)
Tue May 20 06:28:09 CEST 2014: 75: No solution found.
Tue May 20 06:28:16 CEST 2014: 76: finished (6680ms, 500cycles)
Tue May 20 06:28:16 CEST 2014: 76: No solution found.
Tue May 20 06:28:23 CEST 2014: 77: finished (7017ms, 500cycles)
Tue May 20 06:28:23 CEST 2014: 77: No solution found.
Tue May 20 06:28:26 CEST 2014: 78: finished (2328ms, 187cycles)
Tue May 20 06:28:26 CEST 2014: 78: Solution found.
Tue May 20 06:28:32 CEST 2014: 79: finished (6634ms, 500cycles)
Tue May 20 06:28:32 CEST 2014: 79: No solution found.
Tue May 20 06:28:38 CEST 2014: 80: finished (5720ms, 500cycles)
Tue May 20 06:28:38 CEST 2014: 80: No solution found.
Tue May 20 06:28:45 CEST 2014: 81: finished (6999ms, 500cycles)
Tue May 20 06:28:45 CEST 2014: 81: No solution found.
Tue May 20 06:28:50 CEST 2014: 82: finished (4783ms, 500cycles)
Tue May 20 06:28:50 CEST 2014: 82: No solution found.
Tue May 20 06:28:52 CEST 2014: 83: finished (2522ms, 196cycles)
Tue May 20 06:28:52 CEST 2014: 83: Solution found.
Tue May 20 06:28:56 CEST 2014: 84: finished (3884ms, 500cycles)
Tue May 20 06:28:56 CEST 2014: 84: No solution found.
Tue May 20 06:28:58 CEST 2014: 85: finished (1370ms, 500cycles)
Tue May 20 06:28:58 CEST 2014: 85: No solution found.
Tue May 20 06:29:05 CEST 2014: 86: finished (6813ms, 500cycles)
Tue May 20 06:29:05 CEST 2014: 86: No solution found.
Tue May 20 06:29:13 CEST 2014: 87: finished (8710ms, 500cycles)
Tue May 20 06:29:13 CEST 2014: 87: No solution found.
Tue May 20 06:29:19 CEST 2014: 88: finished (5968ms, 500cycles)
Tue May 20 06:29:19 CEST 2014: 88: No solution found.
Tue May 20 06:29:27 CEST 2014: 89: finished (7313ms, 500cycles)
Tue May 20 06:29:27 CEST 2014: 89: No solution found.
Tue May 20 06:29:33 CEST 2014: 90: finished (6482ms, 500cycles)
Tue May 20 06:29:33 CEST 2014: 90: No solution found.
Tue May 20 06:29:42 CEST 2014: 91: finished (8703ms, 500cycles)
Tue May 20 06:29:42 CEST 2014: 91: No solution found.
Tue May 20 06:29:50 CEST 2014: 92: finished (7798ms, 500cycles)
Tue May 20 06:29:50 CEST 2014: 92: No solution found.
Tue May 20 06:29:56 CEST 2014: 93: finished (6678ms, 500cycles)
Tue May 20 06:29:56 CEST 2014: 93: No solution found.
Tue May 20 06:30:02 CEST 2014: 94: finished (5699ms, 500cycles)
Tue May 20 06:30:02 CEST 2014: 94: No solution found.
Tue May 20 06:30:06 CEST 2014: 95: finished (3831ms, 500cycles)
Tue May 20 06:30:06 CEST 2014: 95: No solution found.
Tue May 20 06:30:14 CEST 2014: 96: finished (8200ms, 500cycles)
Tue May 20 06:30:14 CEST 2014: 96: No solution found.
Tue May 20 06:30:22 CEST 2014: 97: finished (8005ms, 500cycles)
Tue May 20 06:30:22 CEST 2014: 97: No solution found.
Tue May 20 06:30:27 CEST 2014: 98: finished (5150ms, 500cycles)
Tue May 20 06:30:27 CEST 2014: 98: No solution found.
Tue May 20 06:30:31 CEST 2014: 99: finished (3462ms, 324cycles)
Tue May 20 06:30:31 CEST 2014: 99: Solution found.
Tue May 20 06:30:31 CEST 2014: Solution Found: 24
Tue May 20 06:30:31 CEST 2014: Avg cycles: 164
Tue May 20 06:30:31 CEST 2014: Max cycles: 446
Tue May 20 06:30:31 CEST 2014: Min cycles: 25
Tue May 20 06:30:31 CEST 2014: No solution found: 76
Tue May 20 06:30:31 CEST 2014: logging finished. (runtime: 580146ms)
