Tue May 20 12:03:19 CEST 2014: Problem Count: 69
Tue May 20 12:03:19 CEST 2014: CandidatesCount: 100
Tue May 20 12:03:19 CEST 2014: Max Cycles: 500
Tue May 20 12:03:19 CEST 2014: 0: finished (498ms, 49cycles)
Tue May 20 12:03:19 CEST 2014: 0: Solution found.
Tue May 20 12:03:20 CEST 2014: 1: finished (461ms, 44cycles)
Tue May 20 12:03:20 CEST 2014: 1: Solution found.
Tue May 20 12:03:21 CEST 2014: 2: finished (674ms, 71cycles)
Tue May 20 12:03:21 CEST 2014: 2: Solution found.
Tue May 20 12:03:21 CEST 2014: 3: finished (460ms, 46cycles)
Tue May 20 12:03:21 CEST 2014: 3: Solution found.
Tue May 20 12:03:22 CEST 2014: 4: finished (358ms, 40cycles)
Tue May 20 12:03:22 CEST 2014: 4: Solution found.
Tue May 20 12:03:23 CEST 2014: 5: finished (1372ms, 129cycles)
Tue May 20 12:03:23 CEST 2014: 5: Solution found.
Tue May 20 12:03:24 CEST 2014: 6: finished (833ms, 73cycles)
Tue May 20 12:03:24 CEST 2014: 6: Solution found.
Tue May 20 12:03:25 CEST 2014: 7: finished (557ms, 51cycles)
Tue May 20 12:03:25 CEST 2014: 7: Solution found.
Tue May 20 12:03:25 CEST 2014: 8: finished (478ms, 44cycles)
Tue May 20 12:03:25 CEST 2014: 8: Solution found.
Tue May 20 12:03:26 CEST 2014: 9: finished (688ms, 68cycles)
Tue May 20 12:03:26 CEST 2014: 9: Solution found.
Tue May 20 12:03:27 CEST 2014: 10: finished (1121ms, 114cycles)
Tue May 20 12:03:27 CEST 2014: 10: Solution found.
Tue May 20 12:03:28 CEST 2014: 11: finished (1245ms, 93cycles)
Tue May 20 12:03:28 CEST 2014: 11: Solution found.
Tue May 20 12:03:39 CEST 2014: 12: finished (10607ms, 500cycles)
Tue May 20 12:03:39 CEST 2014: 12: No solution found.
Tue May 20 12:03:40 CEST 2014: 13: finished (486ms, 42cycles)
Tue May 20 12:03:40 CEST 2014: 13: Solution found.
Tue May 20 12:03:40 CEST 2014: 14: finished (741ms, 67cycles)
Tue May 20 12:03:40 CEST 2014: 14: Solution found.
Tue May 20 12:03:42 CEST 2014: 15: finished (1188ms, 116cycles)
Tue May 20 12:03:42 CEST 2014: 15: Solution found.
Tue May 20 12:03:44 CEST 2014: 16: finished (1872ms, 176cycles)
Tue May 20 12:03:44 CEST 2014: 16: Solution found.
Tue May 20 12:03:44 CEST 2014: 17: finished (610ms, 60cycles)
Tue May 20 12:03:44 CEST 2014: 17: Solution found.
Tue May 20 12:03:46 CEST 2014: 18: finished (1403ms, 133cycles)
Tue May 20 12:03:46 CEST 2014: 18: Solution found.
Tue May 20 12:03:47 CEST 2014: 19: finished (1050ms, 85cycles)
Tue May 20 12:03:47 CEST 2014: 19: Solution found.
Tue May 20 12:03:47 CEST 2014: 20: finished (299ms, 30cycles)
Tue May 20 12:03:47 CEST 2014: 20: Solution found.
Tue May 20 12:03:52 CEST 2014: 21: finished (4246ms, 179cycles)
Tue May 20 12:03:52 CEST 2014: 21: Solution found.
Tue May 20 12:03:52 CEST 2014: 22: finished (622ms, 58cycles)
Tue May 20 12:03:52 CEST 2014: 22: Solution found.
Tue May 20 12:03:53 CEST 2014: 23: finished (736ms, 62cycles)
Tue May 20 12:03:53 CEST 2014: 23: Solution found.
Tue May 20 12:03:54 CEST 2014: 24: finished (1033ms, 99cycles)
Tue May 20 12:03:54 CEST 2014: 24: Solution found.
Tue May 20 12:03:55 CEST 2014: 25: finished (682ms, 64cycles)
Tue May 20 12:03:55 CEST 2014: 25: Solution found.
Tue May 20 12:03:56 CEST 2014: 26: finished (924ms, 60cycles)
Tue May 20 12:03:56 CEST 2014: 26: Solution found.
Tue May 20 12:03:57 CEST 2014: 27: finished (812ms, 73cycles)
Tue May 20 12:03:57 CEST 2014: 27: Solution found.
Tue May 20 12:03:57 CEST 2014: 28: finished (554ms, 56cycles)
Tue May 20 12:03:57 CEST 2014: 28: Solution found.
Tue May 20 12:03:58 CEST 2014: 29: finished (627ms, 62cycles)
Tue May 20 12:03:58 CEST 2014: 29: Solution found.
Tue May 20 12:03:59 CEST 2014: 30: finished (1070ms, 107cycles)
Tue May 20 12:03:59 CEST 2014: 30: Solution found.
Tue May 20 12:04:00 CEST 2014: 31: finished (272ms, 27cycles)
Tue May 20 12:04:00 CEST 2014: 31: Solution found.
Tue May 20 12:04:01 CEST 2014: 32: finished (1042ms, 101cycles)
Tue May 20 12:04:01 CEST 2014: 32: Solution found.
Tue May 20 12:04:01 CEST 2014: 33: finished (708ms, 69cycles)
Tue May 20 12:04:01 CEST 2014: 33: Solution found.
Tue May 20 12:04:07 CEST 2014: 34: finished (5860ms, 500cycles)
Tue May 20 12:04:07 CEST 2014: 34: No solution found.
Tue May 20 12:04:08 CEST 2014: 35: finished (477ms, 45cycles)
Tue May 20 12:04:08 CEST 2014: 35: Solution found.
Tue May 20 12:04:08 CEST 2014: 36: finished (392ms, 43cycles)
Tue May 20 12:04:08 CEST 2014: 36: Solution found.
Tue May 20 12:04:09 CEST 2014: 37: finished (406ms, 40cycles)
Tue May 20 12:04:09 CEST 2014: 37: Solution found.
Tue May 20 12:04:09 CEST 2014: 38: finished (428ms, 41cycles)
Tue May 20 12:04:09 CEST 2014: 38: Solution found.
Tue May 20 12:04:10 CEST 2014: 39: finished (596ms, 55cycles)
Tue May 20 12:04:10 CEST 2014: 39: Solution found.
Tue May 20 12:04:11 CEST 2014: 40: finished (591ms, 59cycles)
Tue May 20 12:04:11 CEST 2014: 40: Solution found.
Tue May 20 12:04:11 CEST 2014: 41: finished (809ms, 88cycles)
Tue May 20 12:04:11 CEST 2014: 41: Solution found.
Tue May 20 12:04:12 CEST 2014: 42: finished (587ms, 57cycles)
Tue May 20 12:04:12 CEST 2014: 42: Solution found.
Tue May 20 12:04:25 CEST 2014: 43: finished (12956ms, 500cycles)
Tue May 20 12:04:25 CEST 2014: 43: No solution found.
Tue May 20 12:04:25 CEST 2014: 44: finished (349ms, 32cycles)
Tue May 20 12:04:26 CEST 2014: 44: Solution found.
Tue May 20 12:04:36 CEST 2014: 45: finished (10649ms, 500cycles)
Tue May 20 12:04:36 CEST 2014: 45: No solution found.
Tue May 20 12:04:37 CEST 2014: 46: finished (727ms, 67cycles)
Tue May 20 12:04:37 CEST 2014: 46: Solution found.
Tue May 20 12:04:37 CEST 2014: 47: finished (265ms, 27cycles)
Tue May 20 12:04:37 CEST 2014: 47: Solution found.
Tue May 20 12:04:38 CEST 2014: 48: finished (885ms, 82cycles)
Tue May 20 12:04:38 CEST 2014: 48: Solution found.
Tue May 20 12:04:39 CEST 2014: 49: finished (1211ms, 99cycles)
Tue May 20 12:04:40 CEST 2014: 49: Solution found.
Tue May 20 12:04:40 CEST 2014: 50: finished (499ms, 48cycles)
Tue May 20 12:04:40 CEST 2014: 50: Solution found.
Tue May 20 12:04:42 CEST 2014: 51: finished (2124ms, 130cycles)
Tue May 20 12:04:42 CEST 2014: 51: Solution found.
Tue May 20 12:04:43 CEST 2014: 52: finished (745ms, 64cycles)
Tue May 20 12:04:43 CEST 2014: 52: Solution found.
Tue May 20 12:04:44 CEST 2014: 53: finished (710ms, 66cycles)
Tue May 20 12:04:44 CEST 2014: 53: Solution found.
Tue May 20 12:04:57 CEST 2014: 54: finished (13037ms, 500cycles)
Tue May 20 12:04:57 CEST 2014: 54: No solution found.
Tue May 20 12:04:57 CEST 2014: 55: finished (546ms, 53cycles)
Tue May 20 12:04:58 CEST 2014: 55: Solution found.
Tue May 20 12:04:58 CEST 2014: 56: finished (732ms, 76cycles)
Tue May 20 12:04:58 CEST 2014: 56: Solution found.
Tue May 20 12:04:59 CEST 2014: 57: finished (197ms, 20cycles)
Tue May 20 12:04:59 CEST 2014: 57: Solution found.
Tue May 20 12:04:59 CEST 2014: 58: finished (560ms, 47cycles)
Tue May 20 12:04:59 CEST 2014: 58: Solution found.
Tue May 20 12:04:59 CEST 2014: 59: finished (210ms, 22cycles)
Tue May 20 12:04:59 CEST 2014: 59: Solution found.
Tue May 20 12:05:00 CEST 2014: 60: finished (567ms, 52cycles)
Tue May 20 12:05:00 CEST 2014: 60: Solution found.
Tue May 20 12:05:00 CEST 2014: 61: finished (245ms, 25cycles)
Tue May 20 12:05:00 CEST 2014: 61: Solution found.
Tue May 20 12:05:01 CEST 2014: 62: finished (713ms, 74cycles)
Tue May 20 12:05:01 CEST 2014: 62: Solution found.
Tue May 20 12:05:02 CEST 2014: 63: finished (940ms, 78cycles)
Tue May 20 12:05:02 CEST 2014: 63: Solution found.
Tue May 20 12:05:03 CEST 2014: 64: finished (973ms, 107cycles)
Tue May 20 12:05:03 CEST 2014: 64: Solution found.
Tue May 20 12:05:04 CEST 2014: 65: finished (752ms, 72cycles)
Tue May 20 12:05:04 CEST 2014: 65: Solution found.
Tue May 20 12:05:04 CEST 2014: 66: finished (380ms, 38cycles)
Tue May 20 12:05:05 CEST 2014: 66: Solution found.
Tue May 20 12:05:15 CEST 2014: 67: finished (10243ms, 500cycles)
Tue May 20 12:05:15 CEST 2014: 67: No solution found.
Tue May 20 12:05:15 CEST 2014: 68: finished (728ms, 64cycles)
Tue May 20 12:05:16 CEST 2014: 68: Solution found.
Tue May 20 12:05:16 CEST 2014: 69: finished (650ms, 59cycles)
Tue May 20 12:05:16 CEST 2014: 69: Solution found.
Tue May 20 12:05:17 CEST 2014: 70: finished (472ms, 46cycles)
Tue May 20 12:05:17 CEST 2014: 70: Solution found.
Tue May 20 12:05:18 CEST 2014: 71: finished (1087ms, 108cycles)
Tue May 20 12:05:18 CEST 2014: 71: Solution found.
Tue May 20 12:05:19 CEST 2014: 72: finished (907ms, 65cycles)
Tue May 20 12:05:19 CEST 2014: 72: Solution found.
Tue May 20 12:05:20 CEST 2014: 73: finished (664ms, 67cycles)
Tue May 20 12:05:20 CEST 2014: 73: Solution found.
Tue May 20 12:05:21 CEST 2014: 74: finished (992ms, 105cycles)
Tue May 20 12:05:21 CEST 2014: 74: Solution found.
Tue May 20 12:05:21 CEST 2014: 75: finished (520ms, 48cycles)
Tue May 20 12:05:21 CEST 2014: 75: Solution found.
Tue May 20 12:05:22 CEST 2014: 76: finished (617ms, 58cycles)
Tue May 20 12:05:22 CEST 2014: 76: Solution found.
Tue May 20 12:05:24 CEST 2014: 77: finished (1652ms, 140cycles)
Tue May 20 12:05:24 CEST 2014: 77: Solution found.
Tue May 20 12:05:24 CEST 2014: 78: finished (683ms, 67cycles)
Tue May 20 12:05:24 CEST 2014: 78: Solution found.
Tue May 20 12:05:25 CEST 2014: 79: finished (330ms, 29cycles)
Tue May 20 12:05:25 CEST 2014: 79: Solution found.
Tue May 20 12:05:27 CEST 2014: 80: finished (2076ms, 195cycles)
Tue May 20 12:05:27 CEST 2014: 80: Solution found.
Tue May 20 12:05:28 CEST 2014: 81: finished (976ms, 94cycles)
Tue May 20 12:05:28 CEST 2014: 81: Solution found.
Tue May 20 12:05:29 CEST 2014: 82: finished (718ms, 68cycles)
Tue May 20 12:05:29 CEST 2014: 82: Solution found.
Tue May 20 12:05:29 CEST 2014: 83: finished (313ms, 30cycles)
Tue May 20 12:05:29 CEST 2014: 83: Solution found.
Tue May 20 12:05:30 CEST 2014: 84: finished (1121ms, 103cycles)
Tue May 20 12:05:30 CEST 2014: 84: Solution found.
Tue May 20 12:05:31 CEST 2014: 85: finished (800ms, 78cycles)
Tue May 20 12:05:31 CEST 2014: 85: Solution found.
Tue May 20 12:05:33 CEST 2014: 86: finished (1939ms, 146cycles)
Tue May 20 12:05:33 CEST 2014: 86: Solution found.
Tue May 20 12:05:35 CEST 2014: 87: finished (1730ms, 178cycles)
Tue May 20 12:05:35 CEST 2014: 87: Solution found.
Tue May 20 12:05:36 CEST 2014: 88: finished (633ms, 60cycles)
Tue May 20 12:05:36 CEST 2014: 88: Solution found.
Tue May 20 12:05:36 CEST 2014: 89: finished (658ms, 70cycles)
Tue May 20 12:05:36 CEST 2014: 89: Solution found.
Tue May 20 12:05:37 CEST 2014: 90: finished (741ms, 67cycles)
Tue May 20 12:05:37 CEST 2014: 90: Solution found.
Tue May 20 12:05:38 CEST 2014: 91: finished (921ms, 96cycles)
Tue May 20 12:05:38 CEST 2014: 91: Solution found.
Tue May 20 12:05:39 CEST 2014: 92: finished (1030ms, 84cycles)
Tue May 20 12:05:39 CEST 2014: 92: Solution found.
Tue May 20 12:05:40 CEST 2014: 93: finished (677ms, 65cycles)
Tue May 20 12:05:40 CEST 2014: 93: Solution found.
Tue May 20 12:05:41 CEST 2014: 94: finished (490ms, 41cycles)
Tue May 20 12:05:41 CEST 2014: 94: Solution found.
Tue May 20 12:05:41 CEST 2014: 95: finished (348ms, 30cycles)
Tue May 20 12:05:41 CEST 2014: 95: Solution found.
Tue May 20 12:05:42 CEST 2014: 96: finished (670ms, 69cycles)
Tue May 20 12:05:42 CEST 2014: 96: Solution found.
Tue May 20 12:05:43 CEST 2014: 97: finished (1301ms, 144cycles)
Tue May 20 12:05:43 CEST 2014: 97: Solution found.
Tue May 20 12:05:46 CEST 2014: 98: finished (2779ms, 160cycles)
Tue May 20 12:05:46 CEST 2014: 98: Solution found.
Tue May 20 12:05:46 CEST 2014: 99: finished (431ms, 43cycles)
Tue May 20 12:05:46 CEST 2014: 99: Solution found.
Tue May 20 12:05:46 CEST 2014: Solution Found: 94
Tue May 20 12:05:46 CEST 2014: Avg cycles: 73
Tue May 20 12:05:46 CEST 2014: Max cycles: 195
Tue May 20 12:05:46 CEST 2014: Min cycles: 20
Tue May 20 12:05:46 CEST 2014: No solution found: 6
Tue May 20 12:05:46 CEST 2014: logging finished. (runtime: 147553ms)
