Mon May 19 22:06:27 CEST 2014: Problem Count: 60
Mon May 19 22:06:27 CEST 2014: CandidatesCount: 100
Mon May 19 22:06:27 CEST 2014: Max Cycles: 500
Mon May 19 22:06:28 CEST 2014: 0: finished (379ms, 40cycles)
Mon May 19 22:06:28 CEST 2014: 0: Solution found.
Mon May 19 22:06:28 CEST 2014: 1: finished (409ms, 46cycles)
Mon May 19 22:06:28 CEST 2014: 1: Solution found.
Mon May 19 22:06:28 CEST 2014: 2: finished (211ms, 27cycles)
Mon May 19 22:06:29 CEST 2014: 2: Solution found.
Mon May 19 22:06:29 CEST 2014: 3: finished (864ms, 98cycles)
Mon May 19 22:06:29 CEST 2014: 3: Solution found.
Mon May 19 22:06:30 CEST 2014: 4: finished (562ms, 46cycles)
Mon May 19 22:06:30 CEST 2014: 4: Solution found.
Mon May 19 22:06:31 CEST 2014: 5: finished (450ms, 50cycles)
Mon May 19 22:06:31 CEST 2014: 5: Solution found.
Mon May 19 22:06:31 CEST 2014: 6: finished (659ms, 71cycles)
Mon May 19 22:06:31 CEST 2014: 6: Solution found.
Mon May 19 22:06:32 CEST 2014: 7: finished (421ms, 53cycles)
Mon May 19 22:06:32 CEST 2014: 7: Solution found.
Mon May 19 22:06:33 CEST 2014: 8: finished (717ms, 85cycles)
Mon May 19 22:06:33 CEST 2014: 8: Solution found.
Mon May 19 22:06:34 CEST 2014: 9: finished (1536ms, 146cycles)
Mon May 19 22:06:34 CEST 2014: 9: Solution found.
Mon May 19 22:06:35 CEST 2014: 10: finished (1198ms, 93cycles)
Mon May 19 22:06:36 CEST 2014: 10: Solution found.
Mon May 19 22:06:37 CEST 2014: 11: finished (1020ms, 99cycles)
Mon May 19 22:06:37 CEST 2014: 11: Solution found.
Mon May 19 22:06:37 CEST 2014: 12: finished (831ms, 87cycles)
Mon May 19 22:06:38 CEST 2014: 12: Solution found.
Mon May 19 22:06:39 CEST 2014: 13: finished (1509ms, 109cycles)
Mon May 19 22:06:39 CEST 2014: 13: Solution found.
Mon May 19 22:06:39 CEST 2014: 14: finished (426ms, 46cycles)
Mon May 19 22:06:40 CEST 2014: 14: Solution found.
Mon May 19 22:06:40 CEST 2014: 15: finished (885ms, 92cycles)
Mon May 19 22:06:40 CEST 2014: 15: Solution found.
Mon May 19 22:06:41 CEST 2014: 16: finished (905ms, 102cycles)
Mon May 19 22:06:41 CEST 2014: 16: Solution found.
Mon May 19 22:06:42 CEST 2014: 17: finished (630ms, 67cycles)
Mon May 19 22:06:42 CEST 2014: 17: Solution found.
Mon May 19 22:06:47 CEST 2014: 18: finished (5158ms, 500cycles)
Mon May 19 22:06:47 CEST 2014: 18: No solution found.
Mon May 19 22:06:48 CEST 2014: 19: finished (1030ms, 125cycles)
Mon May 19 22:06:48 CEST 2014: 19: Solution found.
Mon May 19 22:06:53 CEST 2014: 20: finished (4852ms, 500cycles)
Mon May 19 22:06:53 CEST 2014: 20: No solution found.
Mon May 19 22:07:03 CEST 2014: 21: finished (9321ms, 500cycles)
Mon May 19 22:07:03 CEST 2014: 21: No solution found.
Mon May 19 22:07:04 CEST 2014: 22: finished (1048ms, 85cycles)
Mon May 19 22:07:04 CEST 2014: 22: Solution found.
Mon May 19 22:07:04 CEST 2014: 23: finished (419ms, 40cycles)
Mon May 19 22:07:04 CEST 2014: 23: Solution found.
Mon May 19 22:07:05 CEST 2014: 24: finished (713ms, 78cycles)
Mon May 19 22:07:05 CEST 2014: 24: Solution found.
Mon May 19 22:07:06 CEST 2014: 25: finished (538ms, 58cycles)
Mon May 19 22:07:06 CEST 2014: 25: Solution found.
Mon May 19 22:07:16 CEST 2014: 26: finished (10291ms, 493cycles)
Mon May 19 22:07:16 CEST 2014: 26: Solution found.
Mon May 19 22:07:17 CEST 2014: 27: finished (838ms, 88cycles)
Mon May 19 22:07:17 CEST 2014: 27: Solution found.
Mon May 19 22:07:23 CEST 2014: 28: finished (6473ms, 421cycles)
Mon May 19 22:07:23 CEST 2014: 28: Solution found.
Mon May 19 22:07:25 CEST 2014: 29: finished (1780ms, 190cycles)
Mon May 19 22:07:25 CEST 2014: 29: Solution found.
Mon May 19 22:07:26 CEST 2014: 30: finished (395ms, 51cycles)
Mon May 19 22:07:26 CEST 2014: 30: Solution found.
Mon May 19 22:07:30 CEST 2014: 31: finished (4621ms, 231cycles)
Mon May 19 22:07:30 CEST 2014: 31: Solution found.
Mon May 19 22:07:31 CEST 2014: 32: finished (466ms, 48cycles)
Mon May 19 22:07:31 CEST 2014: 32: Solution found.
Mon May 19 22:07:31 CEST 2014: 33: finished (421ms, 41cycles)
Mon May 19 22:07:31 CEST 2014: 33: Solution found.
Mon May 19 22:07:44 CEST 2014: 34: finished (13020ms, 500cycles)
Mon May 19 22:07:44 CEST 2014: 34: No solution found.
Mon May 19 22:07:55 CEST 2014: 35: finished (10997ms, 500cycles)
Mon May 19 22:07:56 CEST 2014: 35: No solution found.
Mon May 19 22:07:57 CEST 2014: 36: finished (1004ms, 129cycles)
Mon May 19 22:07:57 CEST 2014: 36: Solution found.
Mon May 19 22:07:57 CEST 2014: 37: finished (509ms, 51cycles)
Mon May 19 22:07:57 CEST 2014: 37: Solution found.
Mon May 19 22:07:58 CEST 2014: 38: finished (1277ms, 152cycles)
Mon May 19 22:07:58 CEST 2014: 38: Solution found.
Mon May 19 22:07:59 CEST 2014: 39: finished (432ms, 46cycles)
Mon May 19 22:07:59 CEST 2014: 39: Solution found.
Mon May 19 22:08:00 CEST 2014: 40: finished (638ms, 66cycles)
Mon May 19 22:08:00 CEST 2014: 40: Solution found.
Mon May 19 22:08:00 CEST 2014: 41: finished (494ms, 44cycles)
Mon May 19 22:08:00 CEST 2014: 41: Solution found.
Mon May 19 22:08:01 CEST 2014: 42: finished (442ms, 47cycles)
Mon May 19 22:08:01 CEST 2014: 42: Solution found.
Mon May 19 22:08:01 CEST 2014: 43: finished (402ms, 53cycles)
Mon May 19 22:08:01 CEST 2014: 43: Solution found.
Mon May 19 22:08:02 CEST 2014: 44: finished (387ms, 47cycles)
Mon May 19 22:08:02 CEST 2014: 44: Solution found.
Mon May 19 22:08:03 CEST 2014: 45: finished (1169ms, 94cycles)
Mon May 19 22:08:03 CEST 2014: 45: Solution found.
Mon May 19 22:08:04 CEST 2014: 46: finished (1476ms, 112cycles)
Mon May 19 22:08:05 CEST 2014: 46: Solution found.
Mon May 19 22:08:11 CEST 2014: 47: finished (6697ms, 369cycles)
Mon May 19 22:08:11 CEST 2014: 47: Solution found.
Mon May 19 22:08:12 CEST 2014: 48: finished (460ms, 48cycles)
Mon May 19 22:08:12 CEST 2014: 48: Solution found.
Mon May 19 22:08:12 CEST 2014: 49: finished (611ms, 73cycles)
Mon May 19 22:08:12 CEST 2014: 49: Solution found.
Mon May 19 22:08:13 CEST 2014: 50: finished (513ms, 51cycles)
Mon May 19 22:08:13 CEST 2014: 50: Solution found.
Mon May 19 22:08:13 CEST 2014: 51: finished (181ms, 23cycles)
Mon May 19 22:08:13 CEST 2014: 51: Solution found.
Mon May 19 22:08:18 CEST 2014: 52: finished (4729ms, 236cycles)
Mon May 19 22:08:18 CEST 2014: 52: Solution found.
Mon May 19 22:08:19 CEST 2014: 53: finished (736ms, 91cycles)
Mon May 19 22:08:19 CEST 2014: 53: Solution found.
Mon May 19 22:08:20 CEST 2014: 54: finished (1015ms, 121cycles)
Mon May 19 22:08:20 CEST 2014: 54: Solution found.
Mon May 19 22:08:24 CEST 2014: 55: finished (3833ms, 406cycles)
Mon May 19 22:08:24 CEST 2014: 55: Solution found.
Mon May 19 22:08:27 CEST 2014: 56: finished (3400ms, 385cycles)
Mon May 19 22:08:27 CEST 2014: 56: Solution found.
Mon May 19 22:08:29 CEST 2014: 57: finished (2167ms, 165cycles)
Mon May 19 22:08:30 CEST 2014: 57: Solution found.
Mon May 19 22:08:30 CEST 2014: 58: finished (539ms, 61cycles)
Mon May 19 22:08:30 CEST 2014: 58: Solution found.
Mon May 19 22:08:40 CEST 2014: 59: finished (10097ms, 434cycles)
Mon May 19 22:08:40 CEST 2014: 59: Solution found.
Mon May 19 22:08:41 CEST 2014: 60: finished (539ms, 57cycles)
Mon May 19 22:08:41 CEST 2014: 60: Solution found.
Mon May 19 22:08:42 CEST 2014: 61: finished (687ms, 85cycles)
Mon May 19 22:08:42 CEST 2014: 61: Solution found.
Mon May 19 22:08:42 CEST 2014: 62: finished (462ms, 57cycles)
Mon May 19 22:08:42 CEST 2014: 62: Solution found.
Mon May 19 22:08:43 CEST 2014: 63: finished (740ms, 81cycles)
Mon May 19 22:08:43 CEST 2014: 63: Solution found.
Mon May 19 22:08:43 CEST 2014: 64: finished (211ms, 23cycles)
Mon May 19 22:08:43 CEST 2014: 64: Solution found.
Mon May 19 22:08:44 CEST 2014: 65: finished (510ms, 55cycles)
Mon May 19 22:08:44 CEST 2014: 65: Solution found.
Mon May 19 22:08:53 CEST 2014: 66: finished (9617ms, 500cycles)
Mon May 19 22:08:54 CEST 2014: 66: No solution found.
Mon May 19 22:08:54 CEST 2014: 67: finished (542ms, 58cycles)
Mon May 19 22:08:54 CEST 2014: 67: Solution found.
Mon May 19 22:08:55 CEST 2014: 68: finished (691ms, 76cycles)
Mon May 19 22:08:55 CEST 2014: 68: Solution found.
Mon May 19 22:08:56 CEST 2014: 69: finished (725ms, 76cycles)
Mon May 19 22:08:56 CEST 2014: 69: Solution found.
Mon May 19 22:08:56 CEST 2014: 70: finished (392ms, 47cycles)
Mon May 19 22:08:56 CEST 2014: 70: Solution found.
Mon May 19 22:08:57 CEST 2014: 71: finished (635ms, 63cycles)
Mon May 19 22:08:57 CEST 2014: 71: Solution found.
Mon May 19 22:08:58 CEST 2014: 72: finished (684ms, 75cycles)
Mon May 19 22:08:58 CEST 2014: 72: Solution found.
Mon May 19 22:08:58 CEST 2014: 73: finished (607ms, 70cycles)
Mon May 19 22:08:58 CEST 2014: 73: Solution found.
Mon May 19 22:08:58 CEST 2014: 74: finished (229ms, 25cycles)
Mon May 19 22:08:59 CEST 2014: 74: Solution found.
Mon May 19 22:08:59 CEST 2014: 75: finished (553ms, 65cycles)
Mon May 19 22:08:59 CEST 2014: 75: Solution found.
Mon May 19 22:09:01 CEST 2014: 76: finished (1395ms, 99cycles)
Mon May 19 22:09:01 CEST 2014: 76: Solution found.
Mon May 19 22:09:01 CEST 2014: 77: finished (279ms, 28cycles)
Mon May 19 22:09:01 CEST 2014: 77: Solution found.
Mon May 19 22:09:02 CEST 2014: 78: finished (1176ms, 110cycles)
Mon May 19 22:09:02 CEST 2014: 78: Solution found.
Mon May 19 22:09:03 CEST 2014: 79: finished (844ms, 96cycles)
Mon May 19 22:09:03 CEST 2014: 79: Solution found.
Mon May 19 22:09:04 CEST 2014: 80: finished (963ms, 102cycles)
Mon May 19 22:09:04 CEST 2014: 80: Solution found.
Mon May 19 22:09:05 CEST 2014: 81: finished (344ms, 39cycles)
Mon May 19 22:09:05 CEST 2014: 81: Solution found.
Mon May 19 22:09:05 CEST 2014: 82: finished (613ms, 66cycles)
Mon May 19 22:09:05 CEST 2014: 82: Solution found.
Mon May 19 22:09:06 CEST 2014: 83: finished (773ms, 76cycles)
Mon May 19 22:09:06 CEST 2014: 83: Solution found.
Mon May 19 22:09:07 CEST 2014: 84: finished (641ms, 56cycles)
Mon May 19 22:09:07 CEST 2014: 84: Solution found.
Mon May 19 22:09:07 CEST 2014: 85: finished (388ms, 44cycles)
Mon May 19 22:09:07 CEST 2014: 85: Solution found.
Mon May 19 22:09:12 CEST 2014: 86: finished (4783ms, 246cycles)
Mon May 19 22:09:12 CEST 2014: 86: Solution found.
Mon May 19 22:09:13 CEST 2014: 87: finished (491ms, 52cycles)
Mon May 19 22:09:13 CEST 2014: 87: Solution found.
Mon May 19 22:09:13 CEST 2014: 88: finished (490ms, 45cycles)
Mon May 19 22:09:13 CEST 2014: 88: Solution found.
Mon May 19 22:09:14 CEST 2014: 89: finished (478ms, 54cycles)
Mon May 19 22:09:14 CEST 2014: 89: Solution found.
Mon May 19 22:09:26 CEST 2014: 90: finished (11850ms, 500cycles)
Mon May 19 22:09:26 CEST 2014: 90: No solution found.
Mon May 19 22:09:27 CEST 2014: 91: finished (1585ms, 149cycles)
Mon May 19 22:09:27 CEST 2014: 91: Solution found.
Mon May 19 22:09:28 CEST 2014: 92: finished (249ms, 26cycles)
Mon May 19 22:09:28 CEST 2014: 92: Solution found.
Mon May 19 22:09:33 CEST 2014: 93: finished (5373ms, 275cycles)
Mon May 19 22:09:33 CEST 2014: 93: Solution found.
Mon May 19 22:09:34 CEST 2014: 94: finished (422ms, 45cycles)
Mon May 19 22:09:34 CEST 2014: 94: Solution found.
Mon May 19 22:09:34 CEST 2014: 95: finished (532ms, 58cycles)
Mon May 19 22:09:34 CEST 2014: 95: Solution found.
Mon May 19 22:09:35 CEST 2014: 96: finished (605ms, 69cycles)
Mon May 19 22:09:35 CEST 2014: 96: Solution found.
Mon May 19 22:09:36 CEST 2014: 97: finished (718ms, 82cycles)
Mon May 19 22:09:36 CEST 2014: 97: Solution found.
Mon May 19 22:09:36 CEST 2014: 98: finished (446ms, 57cycles)
Mon May 19 22:09:36 CEST 2014: 98: Solution found.
Mon May 19 22:09:37 CEST 2014: 99: finished (616ms, 72cycles)
Mon May 19 22:09:37 CEST 2014: 99: Solution found.
Mon May 19 22:09:37 CEST 2014: Solution Found: 93
Mon May 19 22:09:37 CEST 2014: Avg cycles: 101
Mon May 19 22:09:37 CEST 2014: Max cycles: 493
Mon May 19 22:09:37 CEST 2014: Min cycles: 23
Mon May 19 22:09:37 CEST 2014: No solution found: 7
Mon May 19 22:09:37 CEST 2014: logging finished. (runtime: 189660ms)
