Tue May 20 08:25:49 CEST 2014: Problem Count: 33
Tue May 20 08:25:49 CEST 2014: CandidatesCount: 50
Tue May 20 08:25:49 CEST 2014: Max Cycles: 500
Tue May 20 08:25:50 CEST 2014: 0: finished (391ms, 116cycles)
Tue May 20 08:25:50 CEST 2014: 0: Solution found.
Tue May 20 08:25:50 CEST 2014: 1: finished (398ms, 122cycles)
Tue May 20 08:25:50 CEST 2014: 1: Solution found.
Tue May 20 08:25:51 CEST 2014: 2: finished (406ms, 116cycles)
Tue May 20 08:25:51 CEST 2014: 2: Solution found.
Tue May 20 08:25:51 CEST 2014: 3: finished (367ms, 110cycles)
Tue May 20 08:25:51 CEST 2014: 3: Solution found.
Tue May 20 08:25:51 CEST 2014: 4: finished (210ms, 64cycles)
Tue May 20 08:25:51 CEST 2014: 4: Solution found.
Tue May 20 08:25:52 CEST 2014: 5: finished (266ms, 69cycles)
Tue May 20 08:25:52 CEST 2014: 5: Solution found.
Tue May 20 08:25:52 CEST 2014: 6: finished (803ms, 243cycles)
Tue May 20 08:25:52 CEST 2014: 6: Solution found.
Tue May 20 08:25:53 CEST 2014: 7: finished (336ms, 96cycles)
Tue May 20 08:25:53 CEST 2014: 7: Solution found.
Tue May 20 08:25:53 CEST 2014: 8: finished (488ms, 150cycles)
Tue May 20 08:25:53 CEST 2014: 8: Solution found.
Tue May 20 08:25:54 CEST 2014: 9: finished (589ms, 162cycles)
Tue May 20 08:25:54 CEST 2014: 9: Solution found.
Tue May 20 08:25:54 CEST 2014: 10: finished (172ms, 52cycles)
Tue May 20 08:25:54 CEST 2014: 10: Solution found.
Tue May 20 08:25:54 CEST 2014: 11: finished (286ms, 87cycles)
Tue May 20 08:25:54 CEST 2014: 11: Solution found.
Tue May 20 08:25:55 CEST 2014: 12: finished (251ms, 81cycles)
Tue May 20 08:25:55 CEST 2014: 12: Solution found.
Tue May 20 08:25:55 CEST 2014: 13: finished (365ms, 98cycles)
Tue May 20 08:25:55 CEST 2014: 13: Solution found.
Tue May 20 08:25:56 CEST 2014: 14: finished (679ms, 202cycles)
Tue May 20 08:25:56 CEST 2014: 14: Solution found.
Tue May 20 08:25:56 CEST 2014: 15: finished (251ms, 65cycles)
Tue May 20 08:25:56 CEST 2014: 15: Solution found.
Tue May 20 08:25:56 CEST 2014: 16: finished (192ms, 59cycles)
Tue May 20 08:25:56 CEST 2014: 16: Solution found.
Tue May 20 08:25:57 CEST 2014: 17: finished (369ms, 117cycles)
Tue May 20 08:25:57 CEST 2014: 17: Solution found.
Tue May 20 08:25:57 CEST 2014: 18: finished (523ms, 147cycles)
Tue May 20 08:25:57 CEST 2014: 18: Solution found.
Tue May 20 08:25:57 CEST 2014: 19: finished (287ms, 74cycles)
Tue May 20 08:25:57 CEST 2014: 19: Solution found.
Tue May 20 08:25:58 CEST 2014: 20: finished (264ms, 90cycles)
Tue May 20 08:25:58 CEST 2014: 20: Solution found.
Tue May 20 08:25:58 CEST 2014: 21: finished (79ms, 27cycles)
Tue May 20 08:25:58 CEST 2014: 21: Solution found.
Tue May 20 08:25:58 CEST 2014: 22: finished (186ms, 62cycles)
Tue May 20 08:25:58 CEST 2014: 22: Solution found.
Tue May 20 08:25:59 CEST 2014: 23: finished (623ms, 167cycles)
Tue May 20 08:25:59 CEST 2014: 23: Solution found.
Tue May 20 08:25:59 CEST 2014: 24: finished (163ms, 48cycles)
Tue May 20 08:25:59 CEST 2014: 24: Solution found.
Tue May 20 08:25:59 CEST 2014: 25: finished (403ms, 117cycles)
Tue May 20 08:25:59 CEST 2014: 25: Solution found.
Tue May 20 08:26:00 CEST 2014: 26: finished (273ms, 78cycles)
Tue May 20 08:26:00 CEST 2014: 26: Solution found.
Tue May 20 08:26:00 CEST 2014: 27: finished (399ms, 115cycles)
Tue May 20 08:26:00 CEST 2014: 27: Solution found.
Tue May 20 08:26:00 CEST 2014: 28: finished (66ms, 19cycles)
Tue May 20 08:26:00 CEST 2014: 28: Solution found.
Tue May 20 08:26:00 CEST 2014: 29: finished (223ms, 60cycles)
Tue May 20 08:26:00 CEST 2014: 29: Solution found.
Tue May 20 08:26:01 CEST 2014: 30: finished (410ms, 107cycles)
Tue May 20 08:26:01 CEST 2014: 30: Solution found.
Tue May 20 08:26:01 CEST 2014: 31: finished (320ms, 87cycles)
Tue May 20 08:26:01 CEST 2014: 31: Solution found.
Tue May 20 08:26:01 CEST 2014: 32: finished (186ms, 59cycles)
Tue May 20 08:26:01 CEST 2014: 32: Solution found.
Tue May 20 08:26:02 CEST 2014: 33: finished (321ms, 98cycles)
Tue May 20 08:26:02 CEST 2014: 33: Solution found.
Tue May 20 08:26:02 CEST 2014: 34: finished (194ms, 51cycles)
Tue May 20 08:26:02 CEST 2014: 34: Solution found.
Tue May 20 08:26:02 CEST 2014: 35: finished (448ms, 121cycles)
Tue May 20 08:26:02 CEST 2014: 35: Solution found.
Tue May 20 08:26:03 CEST 2014: 36: finished (378ms, 111cycles)
Tue May 20 08:26:03 CEST 2014: 36: Solution found.
Tue May 20 08:26:03 CEST 2014: 37: finished (143ms, 34cycles)
Tue May 20 08:26:03 CEST 2014: 37: Solution found.
Tue May 20 08:26:03 CEST 2014: 38: finished (148ms, 45cycles)
Tue May 20 08:26:03 CEST 2014: 38: Solution found.
Tue May 20 08:26:03 CEST 2014: 39: finished (397ms, 120cycles)
Tue May 20 08:26:03 CEST 2014: 39: Solution found.
Tue May 20 08:26:04 CEST 2014: 40: finished (152ms, 46cycles)
Tue May 20 08:26:04 CEST 2014: 40: Solution found.
Tue May 20 08:26:04 CEST 2014: 41: finished (103ms, 28cycles)
Tue May 20 08:26:04 CEST 2014: 41: Solution found.
Tue May 20 08:26:04 CEST 2014: 42: finished (224ms, 61cycles)
Tue May 20 08:26:04 CEST 2014: 42: Solution found.
Tue May 20 08:26:04 CEST 2014: 43: finished (210ms, 68cycles)
Tue May 20 08:26:04 CEST 2014: 43: Solution found.
Tue May 20 08:26:05 CEST 2014: 44: finished (460ms, 127cycles)
Tue May 20 08:26:05 CEST 2014: 44: Solution found.
Tue May 20 08:26:05 CEST 2014: 45: finished (387ms, 111cycles)
Tue May 20 08:26:05 CEST 2014: 45: Solution found.
Tue May 20 08:26:05 CEST 2014: 46: finished (229ms, 60cycles)
Tue May 20 08:26:05 CEST 2014: 46: Solution found.
Tue May 20 08:26:05 CEST 2014: 47: finished (184ms, 55cycles)
Tue May 20 08:26:05 CEST 2014: 47: Solution found.
Tue May 20 08:26:06 CEST 2014: 48: finished (93ms, 27cycles)
Tue May 20 08:26:06 CEST 2014: 48: Solution found.
Tue May 20 08:26:06 CEST 2014: 49: finished (344ms, 97cycles)
Tue May 20 08:26:06 CEST 2014: 49: Solution found.
Tue May 20 08:26:06 CEST 2014: 50: finished (132ms, 31cycles)
Tue May 20 08:26:06 CEST 2014: 50: Solution found.
Tue May 20 08:26:06 CEST 2014: 51: finished (425ms, 104cycles)
Tue May 20 08:26:07 CEST 2014: 51: Solution found.
Tue May 20 08:26:07 CEST 2014: 52: finished (512ms, 122cycles)
Tue May 20 08:26:07 CEST 2014: 52: Solution found.
Tue May 20 08:26:07 CEST 2014: 53: finished (287ms, 74cycles)
Tue May 20 08:26:07 CEST 2014: 53: Solution found.
Tue May 20 08:26:08 CEST 2014: 54: finished (360ms, 103cycles)
Tue May 20 08:26:08 CEST 2014: 54: Solution found.
Tue May 20 08:26:08 CEST 2014: 55: finished (292ms, 81cycles)
Tue May 20 08:26:08 CEST 2014: 55: Solution found.
Tue May 20 08:26:08 CEST 2014: 56: finished (257ms, 77cycles)
Tue May 20 08:26:08 CEST 2014: 56: Solution found.
Tue May 20 08:26:09 CEST 2014: 57: finished (443ms, 126cycles)
Tue May 20 08:26:09 CEST 2014: 57: Solution found.
Tue May 20 08:26:09 CEST 2014: 58: finished (342ms, 100cycles)
Tue May 20 08:26:09 CEST 2014: 58: Solution found.
Tue May 20 08:26:09 CEST 2014: 59: finished (190ms, 57cycles)
Tue May 20 08:26:09 CEST 2014: 59: Solution found.
Tue May 20 08:26:10 CEST 2014: 60: finished (310ms, 82cycles)
Tue May 20 08:26:10 CEST 2014: 60: Solution found.
Tue May 20 08:26:10 CEST 2014: 61: finished (264ms, 66cycles)
Tue May 20 08:26:10 CEST 2014: 61: Solution found.
Tue May 20 08:26:11 CEST 2014: 62: finished (651ms, 194cycles)
Tue May 20 08:26:11 CEST 2014: 62: Solution found.
Tue May 20 08:26:11 CEST 2014: 63: finished (310ms, 90cycles)
Tue May 20 08:26:11 CEST 2014: 63: Solution found.
Tue May 20 08:26:11 CEST 2014: 64: finished (211ms, 74cycles)
Tue May 20 08:26:11 CEST 2014: 64: Solution found.
Tue May 20 08:26:11 CEST 2014: 65: finished (133ms, 45cycles)
Tue May 20 08:26:11 CEST 2014: 65: Solution found.
Tue May 20 08:26:12 CEST 2014: 66: finished (239ms, 82cycles)
Tue May 20 08:26:12 CEST 2014: 66: Solution found.
Tue May 20 08:26:12 CEST 2014: 67: finished (312ms, 82cycles)
Tue May 20 08:26:12 CEST 2014: 67: Solution found.
Tue May 20 08:26:12 CEST 2014: 68: finished (388ms, 102cycles)
Tue May 20 08:26:12 CEST 2014: 68: Solution found.
Tue May 20 08:26:13 CEST 2014: 69: finished (346ms, 115cycles)
Tue May 20 08:26:13 CEST 2014: 69: Solution found.
Tue May 20 08:26:13 CEST 2014: 70: finished (243ms, 67cycles)
Tue May 20 08:26:13 CEST 2014: 70: Solution found.
Tue May 20 08:26:13 CEST 2014: 71: finished (138ms, 44cycles)
Tue May 20 08:26:13 CEST 2014: 71: Solution found.
Tue May 20 08:26:13 CEST 2014: 72: finished (320ms, 101cycles)
Tue May 20 08:26:13 CEST 2014: 72: Solution found.
Tue May 20 08:26:14 CEST 2014: 73: finished (255ms, 67cycles)
Tue May 20 08:26:14 CEST 2014: 73: Solution found.
Tue May 20 08:26:14 CEST 2014: 74: finished (184ms, 51cycles)
Tue May 20 08:26:14 CEST 2014: 74: Solution found.
Tue May 20 08:26:14 CEST 2014: 75: finished (135ms, 47cycles)
Tue May 20 08:26:14 CEST 2014: 75: Solution found.
Tue May 20 08:26:14 CEST 2014: 76: finished (329ms, 89cycles)
Tue May 20 08:26:14 CEST 2014: 76: Solution found.
Tue May 20 08:26:15 CEST 2014: 77: finished (442ms, 121cycles)
Tue May 20 08:26:15 CEST 2014: 77: Solution found.
Tue May 20 08:26:15 CEST 2014: 78: finished (174ms, 50cycles)
Tue May 20 08:26:15 CEST 2014: 78: Solution found.
Tue May 20 08:26:16 CEST 2014: 79: finished (421ms, 130cycles)
Tue May 20 08:26:16 CEST 2014: 79: Solution found.
Tue May 20 08:26:16 CEST 2014: 80: finished (350ms, 92cycles)
Tue May 20 08:26:16 CEST 2014: 80: Solution found.
Tue May 20 08:26:16 CEST 2014: 81: finished (200ms, 66cycles)
Tue May 20 08:26:16 CEST 2014: 81: Solution found.
Tue May 20 08:26:16 CEST 2014: 82: finished (348ms, 105cycles)
Tue May 20 08:26:17 CEST 2014: 82: Solution found.
Tue May 20 08:26:17 CEST 2014: 83: finished (513ms, 150cycles)
Tue May 20 08:26:17 CEST 2014: 83: Solution found.
Tue May 20 08:26:17 CEST 2014: 84: finished (306ms, 97cycles)
Tue May 20 08:26:17 CEST 2014: 84: Solution found.
Tue May 20 08:26:18 CEST 2014: 85: finished (251ms, 65cycles)
Tue May 20 08:26:18 CEST 2014: 85: Solution found.
Tue May 20 08:26:18 CEST 2014: 86: finished (434ms, 119cycles)
Tue May 20 08:26:18 CEST 2014: 86: Solution found.
Tue May 20 08:26:18 CEST 2014: 87: finished (166ms, 54cycles)
Tue May 20 08:26:18 CEST 2014: 87: Solution found.
Tue May 20 08:26:19 CEST 2014: 88: finished (417ms, 122cycles)
Tue May 20 08:26:19 CEST 2014: 88: Solution found.
Tue May 20 08:26:19 CEST 2014: 89: finished (279ms, 75cycles)
Tue May 20 08:26:19 CEST 2014: 89: Solution found.
Tue May 20 08:26:19 CEST 2014: 90: finished (213ms, 58cycles)
Tue May 20 08:26:19 CEST 2014: 90: Solution found.
Tue May 20 08:26:20 CEST 2014: 91: finished (272ms, 77cycles)
Tue May 20 08:26:20 CEST 2014: 91: Solution found.
Tue May 20 08:26:20 CEST 2014: 92: finished (405ms, 118cycles)
Tue May 20 08:26:20 CEST 2014: 92: Solution found.
Tue May 20 08:26:20 CEST 2014: 93: finished (229ms, 74cycles)
Tue May 20 08:26:20 CEST 2014: 93: Solution found.
Tue May 20 08:26:21 CEST 2014: 94: finished (468ms, 110cycles)
Tue May 20 08:26:21 CEST 2014: 94: Solution found.
Tue May 20 08:26:21 CEST 2014: 95: finished (463ms, 141cycles)
Tue May 20 08:26:21 CEST 2014: 95: Solution found.
Tue May 20 08:26:22 CEST 2014: 96: finished (277ms, 84cycles)
Tue May 20 08:26:22 CEST 2014: 96: Solution found.
Tue May 20 08:26:22 CEST 2014: 97: finished (360ms, 96cycles)
Tue May 20 08:26:22 CEST 2014: 97: Solution found.
Tue May 20 08:26:22 CEST 2014: 98: finished (269ms, 83cycles)
Tue May 20 08:26:22 CEST 2014: 98: Solution found.
Tue May 20 08:26:22 CEST 2014: 99: finished (163ms, 51cycles)
Tue May 20 08:26:22 CEST 2014: 99: Solution found.
Tue May 20 08:26:22 CEST 2014: Solution Found: 100
Tue May 20 08:26:22 CEST 2014: Avg cycles: 89
Tue May 20 08:26:22 CEST 2014: Max cycles: 243
Tue May 20 08:26:22 CEST 2014: Min cycles: 19
Tue May 20 08:26:22 CEST 2014: No solution found: 0
Tue May 20 08:26:22 CEST 2014: logging finished. (runtime: 32921ms)
