Tue May 20 06:10:11 CEST 2014: Problem Count: 69
Tue May 20 06:10:11 CEST 2014: CandidatesCount: 50
Tue May 20 06:10:11 CEST 2014: Max Cycles: 500
Tue May 20 06:10:12 CEST 2014: 0: finished (634ms, 75cycles)
Tue May 20 06:10:12 CEST 2014: 0: Solution found.
Tue May 20 06:10:12 CEST 2014: 1: finished (622ms, 81cycles)
Tue May 20 06:10:12 CEST 2014: 1: Solution found.
Tue May 20 06:10:13 CEST 2014: 2: finished (428ms, 54cycles)
Tue May 20 06:10:13 CEST 2014: 2: Solution found.
Tue May 20 06:10:13 CEST 2014: 3: finished (454ms, 58cycles)
Tue May 20 06:10:13 CEST 2014: 3: Solution found.
Tue May 20 06:10:14 CEST 2014: 4: finished (473ms, 55cycles)
Tue May 20 06:10:14 CEST 2014: 4: Solution found.
Tue May 20 06:10:14 CEST 2014: 5: finished (499ms, 67cycles)
Tue May 20 06:10:14 CEST 2014: 5: Solution found.
Tue May 20 06:10:16 CEST 2014: 6: finished (1576ms, 174cycles)
Tue May 20 06:10:16 CEST 2014: 6: Solution found.
Tue May 20 06:10:16 CEST 2014: 7: finished (426ms, 56cycles)
Tue May 20 06:10:16 CEST 2014: 7: Solution found.
Tue May 20 06:10:17 CEST 2014: 8: finished (509ms, 64cycles)
Tue May 20 06:10:17 CEST 2014: 8: Solution found.
Tue May 20 06:10:18 CEST 2014: 9: finished (637ms, 80cycles)
Tue May 20 06:10:18 CEST 2014: 9: Solution found.
Tue May 20 06:10:18 CEST 2014: 10: finished (722ms, 91cycles)
Tue May 20 06:10:18 CEST 2014: 10: Solution found.
Tue May 20 06:10:19 CEST 2014: 11: finished (598ms, 69cycles)
Tue May 20 06:10:19 CEST 2014: 11: Solution found.
Tue May 20 06:10:20 CEST 2014: 12: finished (702ms, 90cycles)
Tue May 20 06:10:20 CEST 2014: 12: Solution found.
Tue May 20 06:10:20 CEST 2014: 13: finished (500ms, 60cycles)
Tue May 20 06:10:20 CEST 2014: 13: Solution found.
Tue May 20 06:10:21 CEST 2014: 14: finished (597ms, 66cycles)
Tue May 20 06:10:21 CEST 2014: 14: Solution found.
Tue May 20 06:10:21 CEST 2014: 15: finished (599ms, 67cycles)
Tue May 20 06:10:21 CEST 2014: 15: Solution found.
Tue May 20 06:10:22 CEST 2014: 16: finished (553ms, 69cycles)
Tue May 20 06:10:22 CEST 2014: 16: Solution found.
Tue May 20 06:10:23 CEST 2014: 17: finished (929ms, 114cycles)
Tue May 20 06:10:23 CEST 2014: 17: Solution found.
Tue May 20 06:10:23 CEST 2014: 18: finished (461ms, 58cycles)
Tue May 20 06:10:23 CEST 2014: 18: Solution found.
Tue May 20 06:10:24 CEST 2014: 19: finished (831ms, 98cycles)
Tue May 20 06:10:24 CEST 2014: 19: Solution found.
Tue May 20 06:10:25 CEST 2014: 20: finished (1242ms, 161cycles)
Tue May 20 06:10:25 CEST 2014: 20: Solution found.
Tue May 20 06:10:26 CEST 2014: 21: finished (218ms, 26cycles)
Tue May 20 06:10:26 CEST 2014: 21: Solution found.
Tue May 20 06:10:26 CEST 2014: 22: finished (706ms, 86cycles)
Tue May 20 06:10:26 CEST 2014: 22: Solution found.
Tue May 20 06:10:27 CEST 2014: 23: finished (535ms, 63cycles)
Tue May 20 06:10:27 CEST 2014: 23: Solution found.
Tue May 20 06:10:28 CEST 2014: 24: finished (790ms, 92cycles)
Tue May 20 06:10:28 CEST 2014: 24: Solution found.
Tue May 20 06:10:29 CEST 2014: 25: finished (1110ms, 147cycles)
Tue May 20 06:10:29 CEST 2014: 25: Solution found.
Tue May 20 06:10:30 CEST 2014: 26: finished (1178ms, 153cycles)
Tue May 20 06:10:30 CEST 2014: 26: Solution found.
Tue May 20 06:10:31 CEST 2014: 27: finished (780ms, 93cycles)
Tue May 20 06:10:31 CEST 2014: 27: Solution found.
Tue May 20 06:10:32 CEST 2014: 28: finished (705ms, 93cycles)
Tue May 20 06:10:32 CEST 2014: 28: Solution found.
Tue May 20 06:10:32 CEST 2014: 29: finished (603ms, 79cycles)
Tue May 20 06:10:32 CEST 2014: 29: Solution found.
Tue May 20 06:10:33 CEST 2014: 30: finished (755ms, 94cycles)
Tue May 20 06:10:33 CEST 2014: 30: Solution found.
Tue May 20 06:10:34 CEST 2014: 31: finished (516ms, 66cycles)
Tue May 20 06:10:34 CEST 2014: 31: Solution found.
Tue May 20 06:10:34 CEST 2014: 32: finished (571ms, 70cycles)
Tue May 20 06:10:34 CEST 2014: 32: Solution found.
Tue May 20 06:10:35 CEST 2014: 33: finished (764ms, 92cycles)
Tue May 20 06:10:35 CEST 2014: 33: Solution found.
Tue May 20 06:10:35 CEST 2014: 34: finished (260ms, 33cycles)
Tue May 20 06:10:35 CEST 2014: 34: Solution found.
Tue May 20 06:10:36 CEST 2014: 35: finished (621ms, 79cycles)
Tue May 20 06:10:36 CEST 2014: 35: Solution found.
Tue May 20 06:10:36 CEST 2014: 36: finished (602ms, 72cycles)
Tue May 20 06:10:36 CEST 2014: 36: Solution found.
Tue May 20 06:10:37 CEST 2014: 37: finished (390ms, 42cycles)
Tue May 20 06:10:37 CEST 2014: 37: Solution found.
Tue May 20 06:10:38 CEST 2014: 38: finished (1386ms, 155cycles)
Tue May 20 06:10:38 CEST 2014: 38: Solution found.
Tue May 20 06:10:39 CEST 2014: 39: finished (448ms, 58cycles)
Tue May 20 06:10:39 CEST 2014: 39: Solution found.
Tue May 20 06:10:40 CEST 2014: 40: finished (1176ms, 131cycles)
Tue May 20 06:10:40 CEST 2014: 40: Solution found.
Tue May 20 06:10:40 CEST 2014: 41: finished (515ms, 60cycles)
Tue May 20 06:10:40 CEST 2014: 41: Solution found.
Tue May 20 06:10:41 CEST 2014: 42: finished (958ms, 121cycles)
Tue May 20 06:10:41 CEST 2014: 42: Solution found.
Tue May 20 06:10:42 CEST 2014: 43: finished (788ms, 98cycles)
Tue May 20 06:10:42 CEST 2014: 43: Solution found.
Tue May 20 06:10:43 CEST 2014: 44: finished (836ms, 102cycles)
Tue May 20 06:10:43 CEST 2014: 44: Solution found.
Tue May 20 06:10:44 CEST 2014: 45: finished (1174ms, 147cycles)
Tue May 20 06:10:44 CEST 2014: 45: Solution found.
Tue May 20 06:10:45 CEST 2014: 46: finished (1306ms, 163cycles)
Tue May 20 06:10:45 CEST 2014: 46: Solution found.
Tue May 20 06:10:46 CEST 2014: 47: finished (749ms, 89cycles)
Tue May 20 06:10:46 CEST 2014: 47: Solution found.
Tue May 20 06:10:47 CEST 2014: 48: finished (949ms, 119cycles)
Tue May 20 06:10:47 CEST 2014: 48: Solution found.
Tue May 20 06:10:48 CEST 2014: 49: finished (983ms, 121cycles)
Tue May 20 06:10:48 CEST 2014: 49: Solution found.
Tue May 20 06:10:49 CEST 2014: 50: finished (599ms, 67cycles)
Tue May 20 06:10:49 CEST 2014: 50: Solution found.
Tue May 20 06:10:49 CEST 2014: 51: finished (515ms, 66cycles)
Tue May 20 06:10:49 CEST 2014: 51: Solution found.
Tue May 20 06:10:50 CEST 2014: 52: finished (555ms, 68cycles)
Tue May 20 06:10:50 CEST 2014: 52: Solution found.
Tue May 20 06:10:51 CEST 2014: 53: finished (857ms, 108cycles)
Tue May 20 06:10:51 CEST 2014: 53: Solution found.
Tue May 20 06:10:52 CEST 2014: 54: finished (737ms, 91cycles)
Tue May 20 06:10:52 CEST 2014: 54: Solution found.
Tue May 20 06:10:52 CEST 2014: 55: finished (568ms, 73cycles)
Tue May 20 06:10:52 CEST 2014: 55: Solution found.
Tue May 20 06:10:53 CEST 2014: 56: finished (558ms, 62cycles)
Tue May 20 06:10:53 CEST 2014: 56: Solution found.
Tue May 20 06:10:54 CEST 2014: 57: finished (1060ms, 128cycles)
Tue May 20 06:10:54 CEST 2014: 57: Solution found.
Tue May 20 06:10:54 CEST 2014: 58: finished (597ms, 74cycles)
Tue May 20 06:10:54 CEST 2014: 58: Solution found.
Tue May 20 06:10:55 CEST 2014: 59: finished (599ms, 73cycles)
Tue May 20 06:10:55 CEST 2014: 59: Solution found.
Tue May 20 06:10:55 CEST 2014: 60: finished (368ms, 51cycles)
Tue May 20 06:10:55 CEST 2014: 60: Solution found.
Tue May 20 06:10:57 CEST 2014: 61: finished (1280ms, 156cycles)
Tue May 20 06:10:57 CEST 2014: 61: Solution found.
Tue May 20 06:10:57 CEST 2014: 62: finished (306ms, 41cycles)
Tue May 20 06:10:57 CEST 2014: 62: Solution found.
Tue May 20 06:10:58 CEST 2014: 63: finished (492ms, 59cycles)
Tue May 20 06:10:58 CEST 2014: 63: Solution found.
Tue May 20 06:10:58 CEST 2014: 64: finished (874ms, 109cycles)
Tue May 20 06:10:58 CEST 2014: 64: Solution found.
Tue May 20 06:10:59 CEST 2014: 65: finished (760ms, 96cycles)
Tue May 20 06:10:59 CEST 2014: 65: Solution found.
Tue May 20 06:11:00 CEST 2014: 66: finished (850ms, 103cycles)
Tue May 20 06:11:00 CEST 2014: 66: Solution found.
Tue May 20 06:11:00 CEST 2014: 67: finished (183ms, 23cycles)
Tue May 20 06:11:00 CEST 2014: 67: Solution found.
Tue May 20 06:11:01 CEST 2014: 68: finished (364ms, 44cycles)
Tue May 20 06:11:01 CEST 2014: 68: Solution found.
Tue May 20 06:11:01 CEST 2014: 69: finished (562ms, 70cycles)
Tue May 20 06:11:01 CEST 2014: 69: Solution found.
Tue May 20 06:11:02 CEST 2014: 70: finished (961ms, 118cycles)
Tue May 20 06:11:02 CEST 2014: 70: Solution found.
Tue May 20 06:11:03 CEST 2014: 71: finished (327ms, 44cycles)
Tue May 20 06:11:03 CEST 2014: 71: Solution found.
Tue May 20 06:11:03 CEST 2014: 72: finished (346ms, 42cycles)
Tue May 20 06:11:03 CEST 2014: 72: Solution found.
Tue May 20 06:11:04 CEST 2014: 73: finished (1118ms, 138cycles)
Tue May 20 06:11:04 CEST 2014: 73: Solution found.
Tue May 20 06:11:05 CEST 2014: 74: finished (669ms, 82cycles)
Tue May 20 06:11:05 CEST 2014: 74: Solution found.
Tue May 20 06:11:05 CEST 2014: 75: finished (397ms, 51cycles)
Tue May 20 06:11:05 CEST 2014: 75: Solution found.
Tue May 20 06:11:06 CEST 2014: 76: finished (1132ms, 131cycles)
Tue May 20 06:11:06 CEST 2014: 76: Solution found.
Tue May 20 06:11:07 CEST 2014: 77: finished (402ms, 49cycles)
Tue May 20 06:11:07 CEST 2014: 77: Solution found.
Tue May 20 06:11:07 CEST 2014: 78: finished (538ms, 64cycles)
Tue May 20 06:11:07 CEST 2014: 78: Solution found.
Tue May 20 06:11:08 CEST 2014: 79: finished (708ms, 85cycles)
Tue May 20 06:11:08 CEST 2014: 79: Solution found.
Tue May 20 06:11:09 CEST 2014: 80: finished (679ms, 79cycles)
Tue May 20 06:11:09 CEST 2014: 80: Solution found.
Tue May 20 06:11:09 CEST 2014: 81: finished (591ms, 73cycles)
Tue May 20 06:11:09 CEST 2014: 81: Solution found.
Tue May 20 06:11:10 CEST 2014: 82: finished (633ms, 80cycles)
Tue May 20 06:11:10 CEST 2014: 82: Solution found.
Tue May 20 06:11:10 CEST 2014: 83: finished (621ms, 77cycles)
Tue May 20 06:11:11 CEST 2014: 83: Solution found.
Tue May 20 06:11:12 CEST 2014: 84: finished (1003ms, 128cycles)
Tue May 20 06:11:12 CEST 2014: 84: Solution found.
Tue May 20 06:11:12 CEST 2014: 85: finished (627ms, 79cycles)
Tue May 20 06:11:12 CEST 2014: 85: Solution found.
Tue May 20 06:11:13 CEST 2014: 86: finished (925ms, 118cycles)
Tue May 20 06:11:13 CEST 2014: 86: Solution found.
Tue May 20 06:11:13 CEST 2014: 87: finished (307ms, 42cycles)
Tue May 20 06:11:13 CEST 2014: 87: Solution found.
Tue May 20 06:11:14 CEST 2014: 88: finished (830ms, 109cycles)
Tue May 20 06:11:14 CEST 2014: 88: Solution found.
Tue May 20 06:11:15 CEST 2014: 89: finished (833ms, 107cycles)
Tue May 20 06:11:15 CEST 2014: 89: Solution found.
Tue May 20 06:11:16 CEST 2014: 90: finished (602ms, 76cycles)
Tue May 20 06:11:16 CEST 2014: 90: Solution found.
Tue May 20 06:11:16 CEST 2014: 91: finished (469ms, 62cycles)
Tue May 20 06:11:16 CEST 2014: 91: Solution found.
Tue May 20 06:11:17 CEST 2014: 92: finished (453ms, 54cycles)
Tue May 20 06:11:17 CEST 2014: 92: Solution found.
Tue May 20 06:11:17 CEST 2014: 93: finished (574ms, 70cycles)
Tue May 20 06:11:17 CEST 2014: 93: Solution found.
Tue May 20 06:11:18 CEST 2014: 94: finished (396ms, 47cycles)
Tue May 20 06:11:18 CEST 2014: 94: Solution found.
Tue May 20 06:11:19 CEST 2014: 95: finished (758ms, 99cycles)
Tue May 20 06:11:19 CEST 2014: 95: Solution found.
Tue May 20 06:11:19 CEST 2014: 96: finished (251ms, 29cycles)
Tue May 20 06:11:19 CEST 2014: 96: Solution found.
Tue May 20 06:11:19 CEST 2014: 97: finished (457ms, 57cycles)
Tue May 20 06:11:19 CEST 2014: 97: Solution found.
Tue May 20 06:11:20 CEST 2014: 98: finished (705ms, 91cycles)
Tue May 20 06:11:20 CEST 2014: 98: Solution found.
Tue May 20 06:11:22 CEST 2014: 99: finished (1525ms, 192cycles)
Tue May 20 06:11:22 CEST 2014: 99: Solution found.
Tue May 20 06:11:22 CEST 2014: Solution Found: 100
Tue May 20 06:11:22 CEST 2014: Avg cycles: 84
Tue May 20 06:11:22 CEST 2014: Max cycles: 192
Tue May 20 06:11:22 CEST 2014: Min cycles: 23
Tue May 20 06:11:22 CEST 2014: No solution found: 0
Tue May 20 06:11:22 CEST 2014: logging finished. (runtime: 70468ms)
