Tue May 20 08:54:09 CEST 2014: Problem Count: 51
Tue May 20 08:54:09 CEST 2014: CandidatesCount: 50
Tue May 20 08:54:09 CEST 2014: Max Cycles: 500
Tue May 20 08:54:09 CEST 2014: 0: finished (928ms, 158cycles)
Tue May 20 08:54:09 CEST 2014: 0: Solution found.
Tue May 20 08:54:10 CEST 2014: 1: finished (718ms, 121cycles)
Tue May 20 08:54:10 CEST 2014: 1: Solution found.
Tue May 20 08:54:10 CEST 2014: 2: finished (209ms, 38cycles)
Tue May 20 08:54:10 CEST 2014: 2: Solution found.
Tue May 20 08:54:11 CEST 2014: 3: finished (456ms, 75cycles)
Tue May 20 08:54:11 CEST 2014: 3: Solution found.
Tue May 20 08:54:11 CEST 2014: 4: finished (494ms, 95cycles)
Tue May 20 08:54:11 CEST 2014: 4: Solution found.
Tue May 20 08:54:13 CEST 2014: 5: finished (1186ms, 226cycles)
Tue May 20 08:54:13 CEST 2014: 5: Solution found.
Tue May 20 08:54:13 CEST 2014: 6: finished (387ms, 68cycles)
Tue May 20 08:54:13 CEST 2014: 6: Solution found.
Tue May 20 08:54:14 CEST 2014: 7: finished (831ms, 132cycles)
Tue May 20 08:54:14 CEST 2014: 7: Solution found.
Tue May 20 08:54:14 CEST 2014: 8: finished (453ms, 81cycles)
Tue May 20 08:54:14 CEST 2014: 8: Solution found.
Tue May 20 08:54:15 CEST 2014: 9: finished (364ms, 63cycles)
Tue May 20 08:54:15 CEST 2014: 9: Solution found.
Tue May 20 08:54:15 CEST 2014: 10: finished (224ms, 43cycles)
Tue May 20 08:54:15 CEST 2014: 10: Solution found.
Tue May 20 08:54:15 CEST 2014: 11: finished (166ms, 33cycles)
Tue May 20 08:54:15 CEST 2014: 11: Solution found.
Tue May 20 08:54:15 CEST 2014: 12: finished (244ms, 46cycles)
Tue May 20 08:54:15 CEST 2014: 12: Solution found.
Tue May 20 08:54:16 CEST 2014: 13: finished (847ms, 139cycles)
Tue May 20 08:54:16 CEST 2014: 13: Solution found.
Tue May 20 08:54:17 CEST 2014: 14: finished (547ms, 104cycles)
Tue May 20 08:54:17 CEST 2014: 14: Solution found.
Tue May 20 08:54:17 CEST 2014: 15: finished (500ms, 86cycles)
Tue May 20 08:54:17 CEST 2014: 15: Solution found.
Tue May 20 08:54:18 CEST 2014: 16: finished (401ms, 73cycles)
Tue May 20 08:54:18 CEST 2014: 16: Solution found.
Tue May 20 08:54:18 CEST 2014: 17: finished (407ms, 79cycles)
Tue May 20 08:54:18 CEST 2014: 17: Solution found.
Tue May 20 08:54:19 CEST 2014: 18: finished (331ms, 63cycles)
Tue May 20 08:54:19 CEST 2014: 18: Solution found.
Tue May 20 08:54:19 CEST 2014: 19: finished (483ms, 86cycles)
Tue May 20 08:54:19 CEST 2014: 19: Solution found.
Tue May 20 08:54:19 CEST 2014: 20: finished (317ms, 60cycles)
Tue May 20 08:54:19 CEST 2014: 20: Solution found.
Tue May 20 08:54:20 CEST 2014: 21: finished (572ms, 94cycles)
Tue May 20 08:54:20 CEST 2014: 21: Solution found.
Tue May 20 08:54:21 CEST 2014: 22: finished (521ms, 101cycles)
Tue May 20 08:54:21 CEST 2014: 22: Solution found.
Tue May 20 08:54:21 CEST 2014: 23: finished (607ms, 110cycles)
Tue May 20 08:54:21 CEST 2014: 23: Solution found.
Tue May 20 08:54:22 CEST 2014: 24: finished (371ms, 71cycles)
Tue May 20 08:54:22 CEST 2014: 24: Solution found.
Tue May 20 08:54:22 CEST 2014: 25: finished (619ms, 103cycles)
Tue May 20 08:54:22 CEST 2014: 25: Solution found.
Tue May 20 08:54:22 CEST 2014: 26: finished (183ms, 36cycles)
Tue May 20 08:54:22 CEST 2014: 26: Solution found.
Tue May 20 08:54:23 CEST 2014: 27: finished (353ms, 63cycles)
Tue May 20 08:54:23 CEST 2014: 27: Solution found.
Tue May 20 08:54:23 CEST 2014: 28: finished (557ms, 110cycles)
Tue May 20 08:54:23 CEST 2014: 28: Solution found.
Tue May 20 08:54:24 CEST 2014: 29: finished (203ms, 37cycles)
Tue May 20 08:54:24 CEST 2014: 29: Solution found.
Tue May 20 08:54:24 CEST 2014: 30: finished (464ms, 86cycles)
Tue May 20 08:54:24 CEST 2014: 30: Solution found.
Tue May 20 08:54:24 CEST 2014: 31: finished (354ms, 68cycles)
Tue May 20 08:54:24 CEST 2014: 31: Solution found.
Tue May 20 08:54:25 CEST 2014: 32: finished (431ms, 76cycles)
Tue May 20 08:54:25 CEST 2014: 32: Solution found.
Tue May 20 08:54:25 CEST 2014: 33: finished (461ms, 84cycles)
Tue May 20 08:54:25 CEST 2014: 33: Solution found.
Tue May 20 08:54:26 CEST 2014: 34: finished (567ms, 107cycles)
Tue May 20 08:54:26 CEST 2014: 34: Solution found.
Tue May 20 08:54:27 CEST 2014: 35: finished (855ms, 145cycles)
Tue May 20 08:54:27 CEST 2014: 35: Solution found.
Tue May 20 08:54:27 CEST 2014: 36: finished (321ms, 58cycles)
Tue May 20 08:54:27 CEST 2014: 36: Solution found.
Tue May 20 08:54:28 CEST 2014: 37: finished (607ms, 114cycles)
Tue May 20 08:54:28 CEST 2014: 37: Solution found.
Tue May 20 08:54:28 CEST 2014: 38: finished (445ms, 77cycles)
Tue May 20 08:54:28 CEST 2014: 38: Solution found.
Tue May 20 08:54:29 CEST 2014: 39: finished (504ms, 90cycles)
Tue May 20 08:54:29 CEST 2014: 39: Solution found.
Tue May 20 08:54:29 CEST 2014: 40: finished (387ms, 72cycles)
Tue May 20 08:54:29 CEST 2014: 40: Solution found.
Tue May 20 08:54:29 CEST 2014: 41: finished (320ms, 61cycles)
Tue May 20 08:54:29 CEST 2014: 41: Solution found.
Tue May 20 08:54:30 CEST 2014: 42: finished (102ms, 19cycles)
Tue May 20 08:54:30 CEST 2014: 42: Solution found.
Tue May 20 08:54:30 CEST 2014: 43: finished (451ms, 81cycles)
Tue May 20 08:54:30 CEST 2014: 43: Solution found.
Tue May 20 08:54:30 CEST 2014: 44: finished (325ms, 62cycles)
Tue May 20 08:54:30 CEST 2014: 44: Solution found.
Tue May 20 08:54:31 CEST 2014: 45: finished (425ms, 71cycles)
Tue May 20 08:54:31 CEST 2014: 45: Solution found.
Tue May 20 08:54:31 CEST 2014: 46: finished (216ms, 39cycles)
Tue May 20 08:54:31 CEST 2014: 46: Solution found.
Tue May 20 08:54:32 CEST 2014: 47: finished (1146ms, 195cycles)
Tue May 20 08:54:32 CEST 2014: 47: Solution found.
Tue May 20 08:54:33 CEST 2014: 48: finished (379ms, 65cycles)
Tue May 20 08:54:33 CEST 2014: 48: Solution found.
Tue May 20 08:54:33 CEST 2014: 49: finished (359ms, 63cycles)
Tue May 20 08:54:33 CEST 2014: 49: Solution found.
Tue May 20 08:54:33 CEST 2014: 50: finished (476ms, 92cycles)
Tue May 20 08:54:33 CEST 2014: 50: Solution found.
Tue May 20 08:54:34 CEST 2014: 51: finished (210ms, 43cycles)
Tue May 20 08:54:34 CEST 2014: 51: Solution found.
Tue May 20 08:54:34 CEST 2014: 52: finished (251ms, 42cycles)
Tue May 20 08:54:34 CEST 2014: 52: Solution found.
Tue May 20 08:54:34 CEST 2014: 53: finished (414ms, 80cycles)
Tue May 20 08:54:34 CEST 2014: 53: Solution found.
Tue May 20 08:54:35 CEST 2014: 54: finished (366ms, 59cycles)
Tue May 20 08:54:35 CEST 2014: 54: Solution found.
Tue May 20 08:54:35 CEST 2014: 55: finished (470ms, 90cycles)
Tue May 20 08:54:35 CEST 2014: 55: Solution found.
Tue May 20 08:54:36 CEST 2014: 56: finished (545ms, 102cycles)
Tue May 20 08:54:36 CEST 2014: 56: Solution found.
Tue May 20 08:54:36 CEST 2014: 57: finished (348ms, 61cycles)
Tue May 20 08:54:36 CEST 2014: 57: Solution found.
Tue May 20 08:54:37 CEST 2014: 58: finished (479ms, 87cycles)
Tue May 20 08:54:37 CEST 2014: 58: Solution found.
Tue May 20 08:54:37 CEST 2014: 59: finished (168ms, 28cycles)
Tue May 20 08:54:37 CEST 2014: 59: Solution found.
Tue May 20 08:54:37 CEST 2014: 60: finished (241ms, 50cycles)
Tue May 20 08:54:37 CEST 2014: 60: Solution found.
Tue May 20 08:54:38 CEST 2014: 61: finished (821ms, 149cycles)
Tue May 20 08:54:38 CEST 2014: 61: Solution found.
Tue May 20 08:54:38 CEST 2014: 62: finished (465ms, 97cycles)
Tue May 20 08:54:38 CEST 2014: 62: Solution found.
Tue May 20 08:54:39 CEST 2014: 63: finished (666ms, 119cycles)
Tue May 20 08:54:39 CEST 2014: 63: Solution found.
Tue May 20 08:54:39 CEST 2014: 64: finished (278ms, 49cycles)
Tue May 20 08:54:39 CEST 2014: 64: Solution found.
Tue May 20 08:54:40 CEST 2014: 65: finished (349ms, 62cycles)
Tue May 20 08:54:40 CEST 2014: 65: Solution found.
Tue May 20 08:54:40 CEST 2014: 66: finished (592ms, 109cycles)
Tue May 20 08:54:40 CEST 2014: 66: Solution found.
Tue May 20 08:54:41 CEST 2014: 67: finished (569ms, 99cycles)
Tue May 20 08:54:41 CEST 2014: 67: Solution found.
Tue May 20 08:54:42 CEST 2014: 68: finished (705ms, 126cycles)
Tue May 20 08:54:42 CEST 2014: 68: Solution found.
Tue May 20 08:54:42 CEST 2014: 69: finished (745ms, 142cycles)
Tue May 20 08:54:42 CEST 2014: 69: Solution found.
Tue May 20 08:54:43 CEST 2014: 70: finished (579ms, 96cycles)
Tue May 20 08:54:43 CEST 2014: 70: Solution found.
Tue May 20 08:54:43 CEST 2014: 71: finished (417ms, 75cycles)
Tue May 20 08:54:43 CEST 2014: 71: Solution found.
Tue May 20 08:54:44 CEST 2014: 72: finished (601ms, 120cycles)
Tue May 20 08:54:44 CEST 2014: 72: Solution found.
Tue May 20 08:54:44 CEST 2014: 73: finished (361ms, 67cycles)
Tue May 20 08:54:44 CEST 2014: 73: Solution found.
Tue May 20 08:54:45 CEST 2014: 74: finished (510ms, 92cycles)
Tue May 20 08:54:45 CEST 2014: 74: Solution found.
Tue May 20 08:54:45 CEST 2014: 75: finished (218ms, 43cycles)
Tue May 20 08:54:45 CEST 2014: 75: Solution found.
Tue May 20 08:54:46 CEST 2014: 76: finished (359ms, 66cycles)
Tue May 20 08:54:46 CEST 2014: 76: Solution found.
Tue May 20 08:54:47 CEST 2014: 77: finished (954ms, 175cycles)
Tue May 20 08:54:47 CEST 2014: 77: Solution found.
Tue May 20 08:54:47 CEST 2014: 78: finished (779ms, 123cycles)
Tue May 20 08:54:47 CEST 2014: 78: Solution found.
Tue May 20 08:54:48 CEST 2014: 79: finished (408ms, 73cycles)
Tue May 20 08:54:48 CEST 2014: 79: Solution found.
Tue May 20 08:54:48 CEST 2014: 80: finished (293ms, 55cycles)
Tue May 20 08:54:48 CEST 2014: 80: Solution found.
Tue May 20 08:54:48 CEST 2014: 81: finished (293ms, 53cycles)
Tue May 20 08:54:48 CEST 2014: 81: Solution found.
Tue May 20 08:54:49 CEST 2014: 82: finished (681ms, 123cycles)
Tue May 20 08:54:49 CEST 2014: 82: Solution found.
Tue May 20 08:54:50 CEST 2014: 83: finished (441ms, 82cycles)
Tue May 20 08:54:50 CEST 2014: 83: Solution found.
Tue May 20 08:54:50 CEST 2014: 84: finished (362ms, 67cycles)
Tue May 20 08:54:50 CEST 2014: 84: Solution found.
Tue May 20 08:54:50 CEST 2014: 85: finished (312ms, 52cycles)
Tue May 20 08:54:50 CEST 2014: 85: Solution found.
Tue May 20 08:54:51 CEST 2014: 86: finished (414ms, 83cycles)
Tue May 20 08:54:51 CEST 2014: 86: Solution found.
Tue May 20 08:54:51 CEST 2014: 87: finished (281ms, 48cycles)
Tue May 20 08:54:51 CEST 2014: 87: Solution found.
Tue May 20 08:54:52 CEST 2014: 88: finished (571ms, 107cycles)
Tue May 20 08:54:52 CEST 2014: 88: Solution found.
Tue May 20 08:54:52 CEST 2014: 89: finished (566ms, 108cycles)
Tue May 20 08:54:52 CEST 2014: 89: Solution found.
Tue May 20 08:54:53 CEST 2014: 90: finished (560ms, 85cycles)
Tue May 20 08:54:53 CEST 2014: 90: Solution found.
Tue May 20 08:54:53 CEST 2014: 91: finished (471ms, 87cycles)
Tue May 20 08:54:53 CEST 2014: 91: Solution found.
Tue May 20 08:54:54 CEST 2014: 92: finished (712ms, 126cycles)
Tue May 20 08:54:54 CEST 2014: 92: Solution found.
Tue May 20 08:54:55 CEST 2014: 93: finished (865ms, 158cycles)
Tue May 20 08:54:55 CEST 2014: 93: Solution found.
Tue May 20 08:54:55 CEST 2014: 94: finished (242ms, 49cycles)
Tue May 20 08:54:55 CEST 2014: 94: Solution found.
Tue May 20 08:54:55 CEST 2014: 95: finished (229ms, 42cycles)
Tue May 20 08:54:55 CEST 2014: 95: Solution found.
Tue May 20 08:54:56 CEST 2014: 96: finished (388ms, 69cycles)
Tue May 20 08:54:56 CEST 2014: 96: Solution found.
Tue May 20 08:54:56 CEST 2014: 97: finished (438ms, 79cycles)
Tue May 20 08:54:56 CEST 2014: 97: Solution found.
Tue May 20 08:54:57 CEST 2014: 98: finished (271ms, 51cycles)
Tue May 20 08:54:57 CEST 2014: 98: Solution found.
Tue May 20 08:54:58 CEST 2014: 99: finished (981ms, 186cycles)
Tue May 20 08:54:58 CEST 2014: 99: Solution found.
Tue May 20 08:54:58 CEST 2014: Solution Found: 100
Tue May 20 08:54:58 CEST 2014: Avg cycles: 85
Tue May 20 08:54:58 CEST 2014: Max cycles: 226
Tue May 20 08:54:58 CEST 2014: Min cycles: 19
Tue May 20 08:54:58 CEST 2014: No solution found: 0
Tue May 20 08:54:58 CEST 2014: logging finished. (runtime: 49028ms)
