Tue May 20 06:06:57 CEST 2014: Problem Count: 60
Tue May 20 06:06:57 CEST 2014: CandidatesCount: 50
Tue May 20 06:06:57 CEST 2014: Max Cycles: 500
Tue May 20 06:06:57 CEST 2014: 0: finished (545ms, 84cycles)
Tue May 20 06:06:57 CEST 2014: 0: Solution found.
Tue May 20 06:06:58 CEST 2014: 1: finished (520ms, 69cycles)
Tue May 20 06:06:58 CEST 2014: 1: Solution found.
Tue May 20 06:06:58 CEST 2014: 2: finished (424ms, 67cycles)
Tue May 20 06:06:58 CEST 2014: 2: Solution found.
Tue May 20 06:06:59 CEST 2014: 3: finished (437ms, 59cycles)
Tue May 20 06:06:59 CEST 2014: 3: Solution found.
Tue May 20 06:06:59 CEST 2014: 4: finished (264ms, 42cycles)
Tue May 20 06:06:59 CEST 2014: 4: Solution found.
Tue May 20 06:07:00 CEST 2014: 5: finished (704ms, 104cycles)
Tue May 20 06:07:00 CEST 2014: 5: Solution found.
Tue May 20 06:07:00 CEST 2014: 6: finished (495ms, 79cycles)
Tue May 20 06:07:00 CEST 2014: 6: Solution found.
Tue May 20 06:07:01 CEST 2014: 7: finished (306ms, 48cycles)
Tue May 20 06:07:01 CEST 2014: 7: Solution found.
Tue May 20 06:07:01 CEST 2014: 8: finished (502ms, 70cycles)
Tue May 20 06:07:01 CEST 2014: 8: Solution found.
Tue May 20 06:07:01 CEST 2014: 9: finished (292ms, 45cycles)
Tue May 20 06:07:01 CEST 2014: 9: Solution found.
Tue May 20 06:07:02 CEST 2014: 10: finished (630ms, 100cycles)
Tue May 20 06:07:02 CEST 2014: 10: Solution found.
Tue May 20 06:07:03 CEST 2014: 11: finished (1219ms, 173cycles)
Tue May 20 06:07:03 CEST 2014: 11: Solution found.
Tue May 20 06:07:05 CEST 2014: 12: finished (1282ms, 190cycles)
Tue May 20 06:07:05 CEST 2014: 12: Solution found.
Tue May 20 06:07:05 CEST 2014: 13: finished (625ms, 83cycles)
Tue May 20 06:07:05 CEST 2014: 13: Solution found.
Tue May 20 06:07:06 CEST 2014: 14: finished (375ms, 62cycles)
Tue May 20 06:07:06 CEST 2014: 14: Solution found.
Tue May 20 06:07:06 CEST 2014: 15: finished (295ms, 39cycles)
Tue May 20 06:07:06 CEST 2014: 15: Solution found.
Tue May 20 06:07:07 CEST 2014: 16: finished (661ms, 92cycles)
Tue May 20 06:07:07 CEST 2014: 16: Solution found.
Tue May 20 06:07:07 CEST 2014: 17: finished (266ms, 35cycles)
Tue May 20 06:07:07 CEST 2014: 17: Solution found.
Tue May 20 06:07:08 CEST 2014: 18: finished (1098ms, 151cycles)
Tue May 20 06:07:08 CEST 2014: 18: Solution found.
Tue May 20 06:07:09 CEST 2014: 19: finished (528ms, 70cycles)
Tue May 20 06:07:09 CEST 2014: 19: Solution found.
Tue May 20 06:07:10 CEST 2014: 20: finished (1001ms, 157cycles)
Tue May 20 06:07:10 CEST 2014: 20: Solution found.
Tue May 20 06:07:10 CEST 2014: 21: finished (769ms, 110cycles)
Tue May 20 06:07:10 CEST 2014: 21: Solution found.
Tue May 20 06:07:11 CEST 2014: 22: finished (677ms, 101cycles)
Tue May 20 06:07:11 CEST 2014: 22: Solution found.
Tue May 20 06:07:11 CEST 2014: 23: finished (227ms, 36cycles)
Tue May 20 06:07:11 CEST 2014: 23: Solution found.
Tue May 20 06:07:12 CEST 2014: 24: finished (428ms, 61cycles)
Tue May 20 06:07:12 CEST 2014: 24: Solution found.
Tue May 20 06:07:12 CEST 2014: 25: finished (387ms, 57cycles)
Tue May 20 06:07:12 CEST 2014: 25: Solution found.
Tue May 20 06:07:13 CEST 2014: 26: finished (449ms, 68cycles)
Tue May 20 06:07:13 CEST 2014: 26: Solution found.
Tue May 20 06:07:14 CEST 2014: 27: finished (1720ms, 251cycles)
Tue May 20 06:07:14 CEST 2014: 27: Solution found.
Tue May 20 06:07:15 CEST 2014: 28: finished (529ms, 82cycles)
Tue May 20 06:07:15 CEST 2014: 28: Solution found.
Tue May 20 06:07:15 CEST 2014: 29: finished (470ms, 77cycles)
Tue May 20 06:07:15 CEST 2014: 29: Solution found.
Tue May 20 06:07:16 CEST 2014: 30: finished (751ms, 102cycles)
Tue May 20 06:07:16 CEST 2014: 30: Solution found.
Tue May 20 06:07:17 CEST 2014: 31: finished (641ms, 95cycles)
Tue May 20 06:07:17 CEST 2014: 31: Solution found.
Tue May 20 06:07:17 CEST 2014: 32: finished (678ms, 106cycles)
Tue May 20 06:07:17 CEST 2014: 32: Solution found.
Tue May 20 06:07:18 CEST 2014: 33: finished (452ms, 64cycles)
Tue May 20 06:07:18 CEST 2014: 33: Solution found.
Tue May 20 06:07:19 CEST 2014: 34: finished (660ms, 105cycles)
Tue May 20 06:07:19 CEST 2014: 34: Solution found.
Tue May 20 06:07:19 CEST 2014: 35: finished (623ms, 92cycles)
Tue May 20 06:07:19 CEST 2014: 35: Solution found.
Tue May 20 06:07:20 CEST 2014: 36: finished (463ms, 68cycles)
Tue May 20 06:07:20 CEST 2014: 36: Solution found.
Tue May 20 06:07:21 CEST 2014: 37: finished (935ms, 123cycles)
Tue May 20 06:07:21 CEST 2014: 37: Solution found.
Tue May 20 06:07:21 CEST 2014: 38: finished (829ms, 122cycles)
Tue May 20 06:07:22 CEST 2014: 38: Solution found.
Tue May 20 06:07:22 CEST 2014: 39: finished (487ms, 71cycles)
Tue May 20 06:07:22 CEST 2014: 39: Solution found.
Tue May 20 06:07:23 CEST 2014: 40: finished (564ms, 86cycles)
Tue May 20 06:07:23 CEST 2014: 40: Solution found.
Tue May 20 06:07:24 CEST 2014: 41: finished (1128ms, 156cycles)
Tue May 20 06:07:24 CEST 2014: 41: Solution found.
Tue May 20 06:07:25 CEST 2014: 42: finished (1063ms, 172cycles)
Tue May 20 06:07:25 CEST 2014: 42: Solution found.
Tue May 20 06:07:25 CEST 2014: 43: finished (145ms, 21cycles)
Tue May 20 06:07:25 CEST 2014: 43: Solution found.
Tue May 20 06:07:25 CEST 2014: 44: finished (513ms, 84cycles)
Tue May 20 06:07:26 CEST 2014: 44: Solution found.
Tue May 20 06:07:26 CEST 2014: 45: finished (682ms, 106cycles)
Tue May 20 06:07:26 CEST 2014: 45: Solution found.
Tue May 20 06:07:27 CEST 2014: 46: finished (417ms, 64cycles)
Tue May 20 06:07:27 CEST 2014: 46: Solution found.
Tue May 20 06:07:27 CEST 2014: 47: finished (860ms, 121cycles)
Tue May 20 06:07:28 CEST 2014: 47: Solution found.
Tue May 20 06:07:28 CEST 2014: 48: finished (587ms, 84cycles)
Tue May 20 06:07:28 CEST 2014: 48: Solution found.
Tue May 20 06:07:29 CEST 2014: 49: finished (643ms, 87cycles)
Tue May 20 06:07:29 CEST 2014: 49: Solution found.
Tue May 20 06:07:29 CEST 2014: 50: finished (531ms, 85cycles)
Tue May 20 06:07:29 CEST 2014: 50: Solution found.
Tue May 20 06:07:30 CEST 2014: 51: finished (877ms, 126cycles)
Tue May 20 06:07:30 CEST 2014: 51: Solution found.
Tue May 20 06:07:31 CEST 2014: 52: finished (576ms, 90cycles)
Tue May 20 06:07:31 CEST 2014: 52: Solution found.
Tue May 20 06:07:31 CEST 2014: 53: finished (276ms, 40cycles)
Tue May 20 06:07:31 CEST 2014: 53: Solution found.
Tue May 20 06:07:32 CEST 2014: 54: finished (485ms, 71cycles)
Tue May 20 06:07:32 CEST 2014: 54: Solution found.
Tue May 20 06:07:32 CEST 2014: 55: finished (324ms, 47cycles)
Tue May 20 06:07:32 CEST 2014: 55: Solution found.
Tue May 20 06:07:33 CEST 2014: 56: finished (808ms, 117cycles)
Tue May 20 06:07:33 CEST 2014: 56: Solution found.
Tue May 20 06:07:33 CEST 2014: 57: finished (411ms, 66cycles)
Tue May 20 06:07:33 CEST 2014: 57: Solution found.
Tue May 20 06:07:34 CEST 2014: 58: finished (375ms, 64cycles)
Tue May 20 06:07:34 CEST 2014: 58: Solution found.
Tue May 20 06:07:34 CEST 2014: 59: finished (430ms, 66cycles)
Tue May 20 06:07:34 CEST 2014: 59: Solution found.
Tue May 20 06:07:35 CEST 2014: 60: finished (747ms, 115cycles)
Tue May 20 06:07:35 CEST 2014: 60: Solution found.
Tue May 20 06:07:35 CEST 2014: 61: finished (658ms, 102cycles)
Tue May 20 06:07:35 CEST 2014: 61: Solution found.
Tue May 20 06:07:36 CEST 2014: 62: finished (637ms, 98cycles)
Tue May 20 06:07:36 CEST 2014: 62: Solution found.
Tue May 20 06:07:37 CEST 2014: 63: finished (677ms, 99cycles)
Tue May 20 06:07:37 CEST 2014: 63: Solution found.
Tue May 20 06:07:38 CEST 2014: 64: finished (668ms, 97cycles)
Tue May 20 06:07:38 CEST 2014: 64: Solution found.
Tue May 20 06:07:38 CEST 2014: 65: finished (588ms, 87cycles)
Tue May 20 06:07:38 CEST 2014: 65: Solution found.
Tue May 20 06:07:38 CEST 2014: 66: finished (277ms, 44cycles)
Tue May 20 06:07:38 CEST 2014: 66: Solution found.
Tue May 20 06:07:39 CEST 2014: 67: finished (895ms, 123cycles)
Tue May 20 06:07:39 CEST 2014: 67: Solution found.
Tue May 20 06:07:40 CEST 2014: 68: finished (773ms, 112cycles)
Tue May 20 06:07:40 CEST 2014: 68: Solution found.
Tue May 20 06:07:41 CEST 2014: 69: finished (704ms, 112cycles)
Tue May 20 06:07:41 CEST 2014: 69: Solution found.
Tue May 20 06:07:41 CEST 2014: 70: finished (363ms, 52cycles)
Tue May 20 06:07:41 CEST 2014: 70: Solution found.
Tue May 20 06:07:42 CEST 2014: 71: finished (337ms, 53cycles)
Tue May 20 06:07:42 CEST 2014: 71: Solution found.
Tue May 20 06:07:42 CEST 2014: 72: finished (595ms, 92cycles)
Tue May 20 06:07:42 CEST 2014: 72: Solution found.
Tue May 20 06:07:43 CEST 2014: 73: finished (671ms, 102cycles)
Tue May 20 06:07:43 CEST 2014: 73: Solution found.
Tue May 20 06:07:43 CEST 2014: 74: finished (380ms, 61cycles)
Tue May 20 06:07:43 CEST 2014: 74: Solution found.
Tue May 20 06:07:44 CEST 2014: 75: finished (1019ms, 146cycles)
Tue May 20 06:07:44 CEST 2014: 75: Solution found.
Tue May 20 06:07:45 CEST 2014: 76: finished (688ms, 107cycles)
Tue May 20 06:07:45 CEST 2014: 76: Solution found.
Tue May 20 06:07:45 CEST 2014: 77: finished (473ms, 72cycles)
Tue May 20 06:07:45 CEST 2014: 77: Solution found.
Tue May 20 06:07:46 CEST 2014: 78: finished (568ms, 80cycles)
Tue May 20 06:07:46 CEST 2014: 78: Solution found.
Tue May 20 06:07:46 CEST 2014: 79: finished (367ms, 56cycles)
Tue May 20 06:07:46 CEST 2014: 79: Solution found.
Tue May 20 06:07:47 CEST 2014: 80: finished (618ms, 90cycles)
Tue May 20 06:07:47 CEST 2014: 80: Solution found.
Tue May 20 06:07:48 CEST 2014: 81: finished (789ms, 121cycles)
Tue May 20 06:07:48 CEST 2014: 81: Solution found.
Tue May 20 06:07:48 CEST 2014: 82: finished (291ms, 45cycles)
Tue May 20 06:07:48 CEST 2014: 82: Solution found.
Tue May 20 06:07:48 CEST 2014: 83: finished (264ms, 41cycles)
Tue May 20 06:07:48 CEST 2014: 83: Solution found.
Tue May 20 06:07:49 CEST 2014: 84: finished (514ms, 73cycles)
Tue May 20 06:07:49 CEST 2014: 84: Solution found.
Tue May 20 06:07:49 CEST 2014: 85: finished (323ms, 47cycles)
Tue May 20 06:07:49 CEST 2014: 85: Solution found.
Tue May 20 06:07:50 CEST 2014: 86: finished (384ms, 58cycles)
Tue May 20 06:07:50 CEST 2014: 86: Solution found.
Tue May 20 06:07:50 CEST 2014: 87: finished (785ms, 118cycles)
Tue May 20 06:07:51 CEST 2014: 87: Solution found.
Tue May 20 06:07:51 CEST 2014: 88: finished (607ms, 84cycles)
Tue May 20 06:07:51 CEST 2014: 88: Solution found.
Tue May 20 06:07:51 CEST 2014: 89: finished (375ms, 60cycles)
Tue May 20 06:07:52 CEST 2014: 89: Solution found.
Tue May 20 06:07:52 CEST 2014: 90: finished (469ms, 68cycles)
Tue May 20 06:07:52 CEST 2014: 90: Solution found.
Tue May 20 06:07:52 CEST 2014: 91: finished (375ms, 56cycles)
Tue May 20 06:07:52 CEST 2014: 91: Solution found.
Tue May 20 06:07:53 CEST 2014: 92: finished (602ms, 89cycles)
Tue May 20 06:07:53 CEST 2014: 92: Solution found.
Tue May 20 06:07:53 CEST 2014: 93: finished (438ms, 70cycles)
Tue May 20 06:07:53 CEST 2014: 93: Solution found.
Tue May 20 06:07:54 CEST 2014: 94: finished (685ms, 101cycles)
Tue May 20 06:07:54 CEST 2014: 94: Solution found.
Tue May 20 06:07:55 CEST 2014: 95: finished (659ms, 97cycles)
Tue May 20 06:07:55 CEST 2014: 95: Solution found.
Tue May 20 06:07:55 CEST 2014: 96: finished (149ms, 24cycles)
Tue May 20 06:07:55 CEST 2014: 96: Solution found.
Tue May 20 06:07:55 CEST 2014: 97: finished (419ms, 61cycles)
Tue May 20 06:07:55 CEST 2014: 97: Solution found.
Tue May 20 06:07:56 CEST 2014: 98: finished (419ms, 60cycles)
Tue May 20 06:07:56 CEST 2014: 98: Solution found.
Tue May 20 06:07:56 CEST 2014: 99: finished (306ms, 45cycles)
Tue May 20 06:07:56 CEST 2014: 99: Solution found.
Tue May 20 06:07:56 CEST 2014: Solution Found: 100
Tue May 20 06:07:56 CEST 2014: Avg cycles: 85
Tue May 20 06:07:56 CEST 2014: Max cycles: 251
Tue May 20 06:07:56 CEST 2014: Min cycles: 21
Tue May 20 06:07:56 CEST 2014: No solution found: 0
Tue May 20 06:07:56 CEST 2014: logging finished. (runtime: 59442ms)
