Tue May 20 06:22:51 CEST 2014: Problem Count: 24
Tue May 20 06:22:51 CEST 2014: CandidatesCount: 50
Tue May 20 06:22:51 CEST 2014: Max Cycles: 500
Tue May 20 06:22:51 CEST 2014: 0: finished (409ms, 134cycles)
Tue May 20 06:22:51 CEST 2014: 0: Solution found.
Tue May 20 06:22:51 CEST 2014: 1: finished (220ms, 91cycles)
Tue May 20 06:22:51 CEST 2014: 1: Solution found.
Tue May 20 06:22:51 CEST 2014: 2: finished (210ms, 82cycles)
Tue May 20 06:22:51 CEST 2014: 2: Solution found.
Tue May 20 06:22:52 CEST 2014: 3: finished (128ms, 39cycles)
Tue May 20 06:22:52 CEST 2014: 3: Solution found.
Tue May 20 06:22:52 CEST 2014: 4: finished (150ms, 46cycles)
Tue May 20 06:22:52 CEST 2014: 4: Solution found.
Tue May 20 06:22:52 CEST 2014: 5: finished (186ms, 69cycles)
Tue May 20 06:22:52 CEST 2014: 5: Solution found.
Tue May 20 06:22:52 CEST 2014: 6: finished (223ms, 78cycles)
Tue May 20 06:22:52 CEST 2014: 6: Solution found.
Tue May 20 06:22:52 CEST 2014: 7: finished (186ms, 80cycles)
Tue May 20 06:22:52 CEST 2014: 7: Solution found.
Tue May 20 06:22:52 CEST 2014: 8: finished (141ms, 47cycles)
Tue May 20 06:22:53 CEST 2014: 8: Solution found.
Tue May 20 06:22:53 CEST 2014: 9: finished (262ms, 98cycles)
Tue May 20 06:22:53 CEST 2014: 9: Solution found.
Tue May 20 06:22:53 CEST 2014: 10: finished (440ms, 145cycles)
Tue May 20 06:22:53 CEST 2014: 10: Solution found.
Tue May 20 06:22:53 CEST 2014: 11: finished (111ms, 48cycles)
Tue May 20 06:22:53 CEST 2014: 11: Solution found.
Tue May 20 06:22:54 CEST 2014: 12: finished (242ms, 99cycles)
Tue May 20 06:22:54 CEST 2014: 12: Solution found.
Tue May 20 06:22:54 CEST 2014: 13: finished (216ms, 90cycles)
Tue May 20 06:22:54 CEST 2014: 13: Solution found.
Tue May 20 06:22:54 CEST 2014: 14: finished (138ms, 58cycles)
Tue May 20 06:22:54 CEST 2014: 14: Solution found.
Tue May 20 06:22:55 CEST 2014: 15: finished (580ms, 224cycles)
Tue May 20 06:22:55 CEST 2014: 15: Solution found.
Tue May 20 06:22:55 CEST 2014: 16: finished (179ms, 65cycles)
Tue May 20 06:22:55 CEST 2014: 16: Solution found.
Tue May 20 06:22:55 CEST 2014: 17: finished (193ms, 47cycles)
Tue May 20 06:22:55 CEST 2014: 17: Solution found.
Tue May 20 06:22:55 CEST 2014: 18: finished (301ms, 111cycles)
Tue May 20 06:22:55 CEST 2014: 18: Solution found.
Tue May 20 06:22:56 CEST 2014: 19: finished (277ms, 103cycles)
Tue May 20 06:22:56 CEST 2014: 19: Solution found.
Tue May 20 06:22:56 CEST 2014: 20: finished (163ms, 52cycles)
Tue May 20 06:22:56 CEST 2014: 20: Solution found.
Tue May 20 06:22:56 CEST 2014: 21: finished (272ms, 103cycles)
Tue May 20 06:22:56 CEST 2014: 21: Solution found.
Tue May 20 06:22:56 CEST 2014: 22: finished (212ms, 85cycles)
Tue May 20 06:22:56 CEST 2014: 22: Solution found.
Tue May 20 06:22:57 CEST 2014: 23: finished (615ms, 239cycles)
Tue May 20 06:22:57 CEST 2014: 23: Solution found.
Tue May 20 06:22:57 CEST 2014: 24: finished (133ms, 46cycles)
Tue May 20 06:22:57 CEST 2014: 24: Solution found.
Tue May 20 06:22:57 CEST 2014: 25: finished (232ms, 79cycles)
Tue May 20 06:22:57 CEST 2014: 25: Solution found.
Tue May 20 06:22:58 CEST 2014: 26: finished (184ms, 80cycles)
Tue May 20 06:22:58 CEST 2014: 26: Solution found.
Tue May 20 06:22:58 CEST 2014: 27: finished (103ms, 34cycles)
Tue May 20 06:22:58 CEST 2014: 27: Solution found.
Tue May 20 06:22:58 CEST 2014: 28: finished (146ms, 59cycles)
Tue May 20 06:22:58 CEST 2014: 28: Solution found.
Tue May 20 06:22:58 CEST 2014: 29: finished (190ms, 81cycles)
Tue May 20 06:22:58 CEST 2014: 29: Solution found.
Tue May 20 06:22:58 CEST 2014: 30: finished (126ms, 45cycles)
Tue May 20 06:22:58 CEST 2014: 30: Solution found.
Tue May 20 06:22:59 CEST 2014: 31: finished (305ms, 109cycles)
Tue May 20 06:22:59 CEST 2014: 31: Solution found.
Tue May 20 06:22:59 CEST 2014: 32: finished (397ms, 150cycles)
Tue May 20 06:22:59 CEST 2014: 32: Solution found.
Tue May 20 06:22:59 CEST 2014: 33: finished (234ms, 94cycles)
Tue May 20 06:22:59 CEST 2014: 33: Solution found.
Tue May 20 06:23:00 CEST 2014: 34: finished (444ms, 178cycles)
Tue May 20 06:23:00 CEST 2014: 34: Solution found.
Tue May 20 06:23:00 CEST 2014: 35: finished (490ms, 185cycles)
Tue May 20 06:23:00 CEST 2014: 35: Solution found.
Tue May 20 06:23:00 CEST 2014: 36: finished (216ms, 87cycles)
Tue May 20 06:23:00 CEST 2014: 36: Solution found.
Tue May 20 06:23:01 CEST 2014: 37: finished (118ms, 48cycles)
Tue May 20 06:23:01 CEST 2014: 37: Solution found.
Tue May 20 06:23:01 CEST 2014: 38: finished (248ms, 82cycles)
Tue May 20 06:23:01 CEST 2014: 38: Solution found.
Tue May 20 06:23:01 CEST 2014: 39: finished (254ms, 117cycles)
Tue May 20 06:23:01 CEST 2014: 39: Solution found.
Tue May 20 06:23:01 CEST 2014: 40: finished (347ms, 120cycles)
Tue May 20 06:23:02 CEST 2014: 40: Solution found.
Tue May 20 06:23:02 CEST 2014: 41: finished (281ms, 99cycles)
Tue May 20 06:23:02 CEST 2014: 41: Solution found.
Tue May 20 06:23:02 CEST 2014: 42: finished (508ms, 175cycles)
Tue May 20 06:23:02 CEST 2014: 42: Solution found.
Tue May 20 06:23:02 CEST 2014: 43: finished (140ms, 54cycles)
Tue May 20 06:23:02 CEST 2014: 43: Solution found.
Tue May 20 06:23:03 CEST 2014: 44: finished (370ms, 128cycles)
Tue May 20 06:23:03 CEST 2014: 44: Solution found.
Tue May 20 06:23:03 CEST 2014: 45: finished (154ms, 63cycles)
Tue May 20 06:23:03 CEST 2014: 45: Solution found.
Tue May 20 06:23:03 CEST 2014: 46: finished (93ms, 43cycles)
Tue May 20 06:23:03 CEST 2014: 46: Solution found.
Tue May 20 06:23:03 CEST 2014: 47: finished (317ms, 109cycles)
Tue May 20 06:23:04 CEST 2014: 47: Solution found.
Tue May 20 06:23:04 CEST 2014: 48: finished (143ms, 56cycles)
Tue May 20 06:23:04 CEST 2014: 48: Solution found.
Tue May 20 06:23:04 CEST 2014: 49: finished (313ms, 107cycles)
Tue May 20 06:23:04 CEST 2014: 49: Solution found.
Tue May 20 06:23:04 CEST 2014: 50: finished (304ms, 113cycles)
Tue May 20 06:23:04 CEST 2014: 50: Solution found.
Tue May 20 06:23:05 CEST 2014: 51: finished (271ms, 109cycles)
Tue May 20 06:23:05 CEST 2014: 51: Solution found.
Tue May 20 06:23:05 CEST 2014: 52: finished (221ms, 89cycles)
Tue May 20 06:23:05 CEST 2014: 52: Solution found.
Tue May 20 06:23:05 CEST 2014: 53: finished (554ms, 168cycles)
Tue May 20 06:23:05 CEST 2014: 53: Solution found.
Tue May 20 06:23:06 CEST 2014: 54: finished (205ms, 82cycles)
Tue May 20 06:23:06 CEST 2014: 54: Solution found.
Tue May 20 06:23:06 CEST 2014: 55: finished (301ms, 92cycles)
Tue May 20 06:23:06 CEST 2014: 55: Solution found.
Tue May 20 06:23:06 CEST 2014: 56: finished (474ms, 172cycles)
Tue May 20 06:23:06 CEST 2014: 56: Solution found.
Tue May 20 06:23:07 CEST 2014: 57: finished (203ms, 84cycles)
Tue May 20 06:23:07 CEST 2014: 57: Solution found.
Tue May 20 06:23:07 CEST 2014: 58: finished (245ms, 89cycles)
Tue May 20 06:23:07 CEST 2014: 58: Solution found.
Tue May 20 06:23:07 CEST 2014: 59: finished (296ms, 118cycles)
Tue May 20 06:23:07 CEST 2014: 59: Solution found.
Tue May 20 06:23:07 CEST 2014: 60: finished (194ms, 72cycles)
Tue May 20 06:23:07 CEST 2014: 60: Solution found.
Tue May 20 06:23:08 CEST 2014: 61: finished (165ms, 69cycles)
Tue May 20 06:23:08 CEST 2014: 61: Solution found.
Tue May 20 06:23:08 CEST 2014: 62: finished (362ms, 135cycles)
Tue May 20 06:23:08 CEST 2014: 62: Solution found.
Tue May 20 06:23:08 CEST 2014: 63: finished (81ms, 34cycles)
Tue May 20 06:23:08 CEST 2014: 63: Solution found.
Tue May 20 06:23:08 CEST 2014: 64: finished (243ms, 82cycles)
Tue May 20 06:23:08 CEST 2014: 64: Solution found.
Tue May 20 06:23:09 CEST 2014: 65: finished (166ms, 59cycles)
Tue May 20 06:23:09 CEST 2014: 65: Solution found.
Tue May 20 06:23:09 CEST 2014: 66: finished (139ms, 55cycles)
Tue May 20 06:23:09 CEST 2014: 66: Solution found.
Tue May 20 06:23:09 CEST 2014: 67: finished (421ms, 156cycles)
Tue May 20 06:23:09 CEST 2014: 67: Solution found.
Tue May 20 06:23:09 CEST 2014: 68: finished (258ms, 84cycles)
Tue May 20 06:23:09 CEST 2014: 68: Solution found.
Tue May 20 06:23:10 CEST 2014: 69: finished (685ms, 222cycles)
Tue May 20 06:23:10 CEST 2014: 69: Solution found.
Tue May 20 06:23:11 CEST 2014: 70: finished (785ms, 216cycles)
Tue May 20 06:23:11 CEST 2014: 70: Solution found.
Tue May 20 06:23:11 CEST 2014: 71: finished (389ms, 149cycles)
Tue May 20 06:23:11 CEST 2014: 71: Solution found.
Tue May 20 06:23:12 CEST 2014: 72: finished (272ms, 108cycles)
Tue May 20 06:23:12 CEST 2014: 72: Solution found.
Tue May 20 06:23:12 CEST 2014: 73: finished (463ms, 154cycles)
Tue May 20 06:23:12 CEST 2014: 73: Solution found.
Tue May 20 06:23:12 CEST 2014: 74: finished (245ms, 96cycles)
Tue May 20 06:23:12 CEST 2014: 74: Solution found.
Tue May 20 06:23:12 CEST 2014: 75: finished (163ms, 65cycles)
Tue May 20 06:23:13 CEST 2014: 75: Solution found.
Tue May 20 06:23:13 CEST 2014: 76: finished (217ms, 72cycles)
Tue May 20 06:23:13 CEST 2014: 76: Solution found.
Tue May 20 06:23:13 CEST 2014: 77: finished (177ms, 72cycles)
Tue May 20 06:23:13 CEST 2014: 77: Solution found.
Tue May 20 06:23:13 CEST 2014: 78: finished (177ms, 61cycles)
Tue May 20 06:23:13 CEST 2014: 78: Solution found.
Tue May 20 06:23:13 CEST 2014: 79: finished (152ms, 63cycles)
Tue May 20 06:23:13 CEST 2014: 79: Solution found.
Tue May 20 06:23:13 CEST 2014: 80: finished (152ms, 58cycles)
Tue May 20 06:23:13 CEST 2014: 80: Solution found.
Tue May 20 06:23:14 CEST 2014: 81: finished (374ms, 146cycles)
Tue May 20 06:23:14 CEST 2014: 81: Solution found.
Tue May 20 06:23:14 CEST 2014: 82: finished (310ms, 122cycles)
Tue May 20 06:23:14 CEST 2014: 82: Solution found.
Tue May 20 06:23:15 CEST 2014: 83: finished (375ms, 149cycles)
Tue May 20 06:23:15 CEST 2014: 83: Solution found.
Tue May 20 06:23:15 CEST 2014: 84: finished (285ms, 108cycles)
Tue May 20 06:23:15 CEST 2014: 84: Solution found.
Tue May 20 06:23:15 CEST 2014: 85: finished (234ms, 82cycles)
Tue May 20 06:23:15 CEST 2014: 85: Solution found.
Tue May 20 06:23:16 CEST 2014: 86: finished (527ms, 192cycles)
Tue May 20 06:23:16 CEST 2014: 86: Solution found.
Tue May 20 06:23:16 CEST 2014: 87: finished (415ms, 154cycles)
Tue May 20 06:23:16 CEST 2014: 87: Solution found.
Tue May 20 06:23:16 CEST 2014: 88: finished (54ms, 22cycles)
Tue May 20 06:23:16 CEST 2014: 88: Solution found.
Tue May 20 06:23:16 CEST 2014: 89: finished (176ms, 63cycles)
Tue May 20 06:23:16 CEST 2014: 89: Solution found.
Tue May 20 06:23:17 CEST 2014: 90: finished (408ms, 142cycles)
Tue May 20 06:23:17 CEST 2014: 90: Solution found.
Tue May 20 06:23:17 CEST 2014: 91: finished (180ms, 75cycles)
Tue May 20 06:23:17 CEST 2014: 91: Solution found.
Tue May 20 06:23:17 CEST 2014: 92: finished (188ms, 71cycles)
Tue May 20 06:23:17 CEST 2014: 92: Solution found.
Tue May 20 06:23:17 CEST 2014: 93: finished (153ms, 69cycles)
Tue May 20 06:23:17 CEST 2014: 93: Solution found.
Tue May 20 06:23:18 CEST 2014: 94: finished (222ms, 91cycles)
Tue May 20 06:23:18 CEST 2014: 94: Solution found.
Tue May 20 06:23:18 CEST 2014: 95: finished (170ms, 59cycles)
Tue May 20 06:23:18 CEST 2014: 95: Solution found.
Tue May 20 06:23:18 CEST 2014: 96: finished (339ms, 131cycles)
Tue May 20 06:23:18 CEST 2014: 96: Solution found.
Tue May 20 06:23:18 CEST 2014: 97: finished (253ms, 96cycles)
Tue May 20 06:23:18 CEST 2014: 97: Solution found.
Tue May 20 06:23:19 CEST 2014: 98: finished (444ms, 139cycles)
Tue May 20 06:23:19 CEST 2014: 98: Solution found.
Tue May 20 06:23:19 CEST 2014: 99: finished (253ms, 101cycles)
Tue May 20 06:23:19 CEST 2014: 99: Solution found.
Tue May 20 06:23:19 CEST 2014: Solution Found: 100
Tue May 20 06:23:19 CEST 2014: Avg cycles: 98
Tue May 20 06:23:19 CEST 2014: Max cycles: 239
Tue May 20 06:23:19 CEST 2014: Min cycles: 22
Tue May 20 06:23:19 CEST 2014: No solution found: 0
Tue May 20 06:23:19 CEST 2014: logging finished. (runtime: 28564ms)
