Tue May 20 06:20:50 CEST 2014: Problem Count: 12
Tue May 20 06:20:50 CEST 2014: CandidatesCount: 50
Tue May 20 06:20:50 CEST 2014: Max Cycles: 500
Tue May 20 06:20:50 CEST 2014: 0: finished (137ms, 62cycles)
Tue May 20 06:20:51 CEST 2014: 0: Solution found.
Tue May 20 06:20:52 CEST 2014: 1: finished (1157ms, 355cycles)
Tue May 20 06:20:52 CEST 2014: 1: Solution found.
Tue May 20 06:20:52 CEST 2014: 2: finished (157ms, 92cycles)
Tue May 20 06:20:52 CEST 2014: 2: Solution found.
Tue May 20 06:20:52 CEST 2014: 3: finished (186ms, 100cycles)
Tue May 20 06:20:52 CEST 2014: 3: Solution found.
Tue May 20 06:20:52 CEST 2014: 4: finished (139ms, 71cycles)
Tue May 20 06:20:52 CEST 2014: 4: Solution found.
Tue May 20 06:20:53 CEST 2014: 5: finished (999ms, 364cycles)
Tue May 20 06:20:53 CEST 2014: 5: Solution found.
Tue May 20 06:20:54 CEST 2014: 6: finished (304ms, 136cycles)
Tue May 20 06:20:54 CEST 2014: 6: Solution found.
Tue May 20 06:20:54 CEST 2014: 7: finished (84ms, 48cycles)
Tue May 20 06:20:54 CEST 2014: 7: Solution found.
Tue May 20 06:20:54 CEST 2014: 8: finished (474ms, 197cycles)
Tue May 20 06:20:54 CEST 2014: 8: Solution found.
Tue May 20 06:20:54 CEST 2014: 9: finished (264ms, 117cycles)
Tue May 20 06:20:54 CEST 2014: 9: Solution found.
Tue May 20 06:20:55 CEST 2014: 10: finished (74ms, 53cycles)
Tue May 20 06:20:55 CEST 2014: 10: Solution found.
Tue May 20 06:20:55 CEST 2014: 11: finished (202ms, 120cycles)
Tue May 20 06:20:55 CEST 2014: 11: Solution found.
Tue May 20 06:20:55 CEST 2014: 12: finished (120ms, 65cycles)
Tue May 20 06:20:55 CEST 2014: 12: Solution found.
Tue May 20 06:20:55 CEST 2014: 13: finished (57ms, 34cycles)
Tue May 20 06:20:55 CEST 2014: 13: Solution found.
Tue May 20 06:20:55 CEST 2014: 14: finished (420ms, 215cycles)
Tue May 20 06:20:55 CEST 2014: 14: Solution found.
Tue May 20 06:20:56 CEST 2014: 15: finished (296ms, 194cycles)
Tue May 20 06:20:56 CEST 2014: 15: Solution found.
Tue May 20 06:20:56 CEST 2014: 16: finished (329ms, 141cycles)
Tue May 20 06:20:56 CEST 2014: 16: Solution found.
Tue May 20 06:20:56 CEST 2014: 17: finished (61ms, 34cycles)
Tue May 20 06:20:56 CEST 2014: 17: Solution found.
Tue May 20 06:20:56 CEST 2014: 18: finished (47ms, 35cycles)
Tue May 20 06:20:56 CEST 2014: 18: Solution found.
Tue May 20 06:20:56 CEST 2014: 19: finished (250ms, 117cycles)
Tue May 20 06:20:56 CEST 2014: 19: Solution found.
Tue May 20 06:20:57 CEST 2014: 20: finished (147ms, 82cycles)
Tue May 20 06:20:57 CEST 2014: 20: Solution found.
Tue May 20 06:20:57 CEST 2014: 21: finished (255ms, 100cycles)
Tue May 20 06:20:57 CEST 2014: 21: Solution found.
Tue May 20 06:20:59 CEST 2014: 22: finished (1622ms, 432cycles)
Tue May 20 06:20:59 CEST 2014: 22: Solution found.
Tue May 20 06:20:59 CEST 2014: 23: finished (285ms, 126cycles)
Tue May 20 06:20:59 CEST 2014: 23: Solution found.
Tue May 20 06:20:59 CEST 2014: 24: finished (208ms, 94cycles)
Tue May 20 06:20:59 CEST 2014: 24: Solution found.
Tue May 20 06:20:59 CEST 2014: 25: finished (186ms, 103cycles)
Tue May 20 06:20:59 CEST 2014: 25: Solution found.
Tue May 20 06:21:00 CEST 2014: 26: finished (1145ms, 500cycles)
Tue May 20 06:21:00 CEST 2014: 26: No solution found.
Tue May 20 06:21:01 CEST 2014: 27: finished (148ms, 68cycles)
Tue May 20 06:21:01 CEST 2014: 27: Solution found.
Tue May 20 06:21:01 CEST 2014: 28: finished (508ms, 141cycles)
Tue May 20 06:21:01 CEST 2014: 28: Solution found.
Tue May 20 06:21:01 CEST 2014: 29: finished (152ms, 93cycles)
Tue May 20 06:21:01 CEST 2014: 29: Solution found.
Tue May 20 06:21:02 CEST 2014: 30: finished (221ms, 112cycles)
Tue May 20 06:21:02 CEST 2014: 30: Solution found.
Tue May 20 06:21:02 CEST 2014: 31: finished (260ms, 146cycles)
Tue May 20 06:21:02 CEST 2014: 31: Solution found.
Tue May 20 06:21:02 CEST 2014: 32: finished (262ms, 159cycles)
Tue May 20 06:21:02 CEST 2014: 32: Solution found.
Tue May 20 06:21:02 CEST 2014: 33: finished (75ms, 51cycles)
Tue May 20 06:21:02 CEST 2014: 33: Solution found.
Tue May 20 06:21:03 CEST 2014: 34: finished (874ms, 373cycles)
Tue May 20 06:21:03 CEST 2014: 34: Solution found.
Tue May 20 06:21:03 CEST 2014: 35: finished (201ms, 119cycles)
Tue May 20 06:21:03 CEST 2014: 35: Solution found.
Tue May 20 06:21:03 CEST 2014: 36: finished (116ms, 54cycles)
Tue May 20 06:21:03 CEST 2014: 36: Solution found.
Tue May 20 06:21:04 CEST 2014: 37: finished (666ms, 386cycles)
Tue May 20 06:21:04 CEST 2014: 37: Solution found.
Tue May 20 06:21:04 CEST 2014: 38: finished (291ms, 89cycles)
Tue May 20 06:21:04 CEST 2014: 38: Solution found.
Tue May 20 06:21:06 CEST 2014: 39: finished (1081ms, 413cycles)
Tue May 20 06:21:06 CEST 2014: 39: Solution found.
Tue May 20 06:21:06 CEST 2014: 40: finished (454ms, 177cycles)
Tue May 20 06:21:06 CEST 2014: 40: Solution found.
Tue May 20 06:21:06 CEST 2014: 41: finished (407ms, 122cycles)
Tue May 20 06:21:06 CEST 2014: 41: Solution found.
Tue May 20 06:21:07 CEST 2014: 42: finished (196ms, 51cycles)
Tue May 20 06:21:07 CEST 2014: 42: Solution found.
Tue May 20 06:21:07 CEST 2014: 43: finished (614ms, 254cycles)
Tue May 20 06:21:07 CEST 2014: 43: Solution found.
Tue May 20 06:21:07 CEST 2014: 44: finished (188ms, 113cycles)
Tue May 20 06:21:07 CEST 2014: 44: Solution found.
Tue May 20 06:21:08 CEST 2014: 45: finished (176ms, 91cycles)
Tue May 20 06:21:08 CEST 2014: 45: Solution found.
Tue May 20 06:21:08 CEST 2014: 46: finished (129ms, 48cycles)
Tue May 20 06:21:08 CEST 2014: 46: Solution found.
Tue May 20 06:21:08 CEST 2014: 47: finished (349ms, 185cycles)
Tue May 20 06:21:08 CEST 2014: 47: Solution found.
Tue May 20 06:21:08 CEST 2014: 48: finished (244ms, 138cycles)
Tue May 20 06:21:08 CEST 2014: 48: Solution found.
Tue May 20 06:21:09 CEST 2014: 49: finished (338ms, 183cycles)
Tue May 20 06:21:09 CEST 2014: 49: Solution found.
Tue May 20 06:21:09 CEST 2014: 50: finished (145ms, 107cycles)
Tue May 20 06:21:09 CEST 2014: 50: Solution found.
Tue May 20 06:21:09 CEST 2014: 51: finished (111ms, 74cycles)
Tue May 20 06:21:09 CEST 2014: 51: Solution found.
Tue May 20 06:21:09 CEST 2014: 52: finished (173ms, 85cycles)
Tue May 20 06:21:09 CEST 2014: 52: Solution found.
Tue May 20 06:21:10 CEST 2014: 53: finished (369ms, 117cycles)
Tue May 20 06:21:10 CEST 2014: 53: Solution found.
Tue May 20 06:21:10 CEST 2014: 54: finished (231ms, 144cycles)
Tue May 20 06:21:10 CEST 2014: 54: Solution found.
Tue May 20 06:21:10 CEST 2014: 55: finished (162ms, 107cycles)
Tue May 20 06:21:10 CEST 2014: 55: Solution found.
Tue May 20 06:21:10 CEST 2014: 56: finished (185ms, 73cycles)
Tue May 20 06:21:10 CEST 2014: 56: Solution found.
Tue May 20 06:21:11 CEST 2014: 57: finished (227ms, 138cycles)
Tue May 20 06:21:11 CEST 2014: 57: Solution found.
Tue May 20 06:21:11 CEST 2014: 58: finished (429ms, 200cycles)
Tue May 20 06:21:11 CEST 2014: 58: Solution found.
Tue May 20 06:21:11 CEST 2014: 59: finished (416ms, 161cycles)
Tue May 20 06:21:11 CEST 2014: 59: Solution found.
Tue May 20 06:21:12 CEST 2014: 60: finished (410ms, 197cycles)
Tue May 20 06:21:12 CEST 2014: 60: Solution found.
Tue May 20 06:21:13 CEST 2014: 61: finished (719ms, 211cycles)
Tue May 20 06:21:13 CEST 2014: 61: Solution found.
Tue May 20 06:21:13 CEST 2014: 62: finished (230ms, 124cycles)
Tue May 20 06:21:13 CEST 2014: 62: Solution found.
Tue May 20 06:21:13 CEST 2014: 63: finished (124ms, 71cycles)
Tue May 20 06:21:13 CEST 2014: 63: Solution found.
Tue May 20 06:21:13 CEST 2014: 64: finished (391ms, 248cycles)
Tue May 20 06:21:13 CEST 2014: 64: Solution found.
Tue May 20 06:21:13 CEST 2014: 65: finished (127ms, 91cycles)
Tue May 20 06:21:14 CEST 2014: 65: Solution found.
Tue May 20 06:21:14 CEST 2014: 66: finished (180ms, 97cycles)
Tue May 20 06:21:14 CEST 2014: 66: Solution found.
Tue May 20 06:21:14 CEST 2014: 67: finished (229ms, 114cycles)
Tue May 20 06:21:14 CEST 2014: 67: Solution found.
Tue May 20 06:21:14 CEST 2014: 68: finished (255ms, 110cycles)
Tue May 20 06:21:14 CEST 2014: 68: Solution found.
Tue May 20 06:21:15 CEST 2014: 69: finished (321ms, 169cycles)
Tue May 20 06:21:15 CEST 2014: 69: Solution found.
Tue May 20 06:21:15 CEST 2014: 70: finished (196ms, 115cycles)
Tue May 20 06:21:15 CEST 2014: 70: Solution found.
Tue May 20 06:21:15 CEST 2014: 71: finished (263ms, 119cycles)
Tue May 20 06:21:15 CEST 2014: 71: Solution found.
Tue May 20 06:21:15 CEST 2014: 72: finished (180ms, 113cycles)
Tue May 20 06:21:15 CEST 2014: 72: Solution found.
Tue May 20 06:21:15 CEST 2014: 73: finished (139ms, 55cycles)
Tue May 20 06:21:15 CEST 2014: 73: Solution found.
Tue May 20 06:21:16 CEST 2014: 74: finished (131ms, 76cycles)
Tue May 20 06:21:16 CEST 2014: 74: Solution found.
Tue May 20 06:21:16 CEST 2014: 75: finished (106ms, 70cycles)
Tue May 20 06:21:16 CEST 2014: 75: Solution found.
Tue May 20 06:21:16 CEST 2014: 76: finished (273ms, 142cycles)
Tue May 20 06:21:16 CEST 2014: 76: Solution found.
Tue May 20 06:21:16 CEST 2014: 77: finished (69ms, 53cycles)
Tue May 20 06:21:16 CEST 2014: 77: Solution found.
Tue May 20 06:21:16 CEST 2014: 78: finished (228ms, 134cycles)
Tue May 20 06:21:16 CEST 2014: 78: Solution found.
Tue May 20 06:21:17 CEST 2014: 79: finished (330ms, 183cycles)
Tue May 20 06:21:17 CEST 2014: 79: Solution found.
Tue May 20 06:21:17 CEST 2014: 80: finished (386ms, 177cycles)
Tue May 20 06:21:17 CEST 2014: 80: Solution found.
Tue May 20 06:21:17 CEST 2014: 81: finished (249ms, 111cycles)
Tue May 20 06:21:17 CEST 2014: 81: Solution found.
Tue May 20 06:21:18 CEST 2014: 82: finished (456ms, 159cycles)
Tue May 20 06:21:18 CEST 2014: 82: Solution found.
Tue May 20 06:21:18 CEST 2014: 83: finished (200ms, 111cycles)
Tue May 20 06:21:18 CEST 2014: 83: Solution found.
Tue May 20 06:21:18 CEST 2014: 84: finished (73ms, 65cycles)
Tue May 20 06:21:18 CEST 2014: 84: Solution found.
Tue May 20 06:21:18 CEST 2014: 85: finished (171ms, 66cycles)
Tue May 20 06:21:18 CEST 2014: 85: Solution found.
Tue May 20 06:21:19 CEST 2014: 86: finished (249ms, 140cycles)
Tue May 20 06:21:19 CEST 2014: 86: Solution found.
Tue May 20 06:21:19 CEST 2014: 87: finished (70ms, 37cycles)
Tue May 20 06:21:19 CEST 2014: 87: Solution found.
Tue May 20 06:21:20 CEST 2014: 88: finished (1477ms, 243cycles)
Tue May 20 06:21:20 CEST 2014: 88: Solution found.
Tue May 20 06:21:20 CEST 2014: 89: finished (89ms, 59cycles)
Tue May 20 06:21:20 CEST 2014: 89: Solution found.
Tue May 20 06:21:20 CEST 2014: 90: finished (180ms, 111cycles)
Tue May 20 06:21:20 CEST 2014: 90: Solution found.
Tue May 20 06:21:21 CEST 2014: 91: finished (342ms, 126cycles)
Tue May 20 06:21:21 CEST 2014: 91: Solution found.
Tue May 20 06:21:21 CEST 2014: 92: finished (191ms, 91cycles)
Tue May 20 06:21:21 CEST 2014: 92: Solution found.
Tue May 20 06:21:26 CEST 2014: 93: finished (4908ms, 489cycles)
Tue May 20 06:21:26 CEST 2014: 93: Solution found.
Tue May 20 06:21:26 CEST 2014: 94: finished (170ms, 100cycles)
Tue May 20 06:21:26 CEST 2014: 94: Solution found.
Tue May 20 06:21:26 CEST 2014: 95: finished (160ms, 110cycles)
Tue May 20 06:21:26 CEST 2014: 95: Solution found.
Tue May 20 06:21:27 CEST 2014: 96: finished (239ms, 81cycles)
Tue May 20 06:21:27 CEST 2014: 96: Solution found.
Tue May 20 06:21:27 CEST 2014: 97: finished (113ms, 74cycles)
Tue May 20 06:21:27 CEST 2014: 97: Solution found.
Tue May 20 06:21:27 CEST 2014: 98: finished (106ms, 65cycles)
Tue May 20 06:21:27 CEST 2014: 98: Solution found.
Tue May 20 06:21:27 CEST 2014: 99: finished (173ms, 105cycles)
Tue May 20 06:21:27 CEST 2014: 99: Solution found.
Tue May 20 06:21:27 CEST 2014: Solution Found: 99
Tue May 20 06:21:27 CEST 2014: Avg cycles: 134
Tue May 20 06:21:27 CEST 2014: Max cycles: 489
Tue May 20 06:21:27 CEST 2014: Min cycles: 34
Tue May 20 06:21:27 CEST 2014: No solution found: 1
Tue May 20 06:21:27 CEST 2014: logging finished. (runtime: 36644ms)
