Tue May 20 07:16:46 CEST 2014: Problem Count: 48
Tue May 20 07:16:46 CEST 2014: CandidatesCount: 50
Tue May 20 07:16:46 CEST 2014: Max Cycles: 500
Tue May 20 07:16:46 CEST 2014: 0: finished (502ms, 98cycles)
Tue May 20 07:16:46 CEST 2014: 0: Solution found.
Tue May 20 07:16:47 CEST 2014: 1: finished (608ms, 115cycles)
Tue May 20 07:16:47 CEST 2014: 1: Solution found.
Tue May 20 07:16:47 CEST 2014: 2: finished (325ms, 63cycles)
Tue May 20 07:16:47 CEST 2014: 2: Solution found.
Tue May 20 07:16:48 CEST 2014: 3: finished (882ms, 176cycles)
Tue May 20 07:16:48 CEST 2014: 3: Solution found.
Tue May 20 07:16:48 CEST 2014: 4: finished (182ms, 35cycles)
Tue May 20 07:16:48 CEST 2014: 4: Solution found.
Tue May 20 07:16:49 CEST 2014: 5: finished (1145ms, 202cycles)
Tue May 20 07:16:49 CEST 2014: 5: Solution found.
Tue May 20 07:16:50 CEST 2014: 6: finished (357ms, 70cycles)
Tue May 20 07:16:50 CEST 2014: 6: Solution found.
Tue May 20 07:16:50 CEST 2014: 7: finished (428ms, 85cycles)
Tue May 20 07:16:50 CEST 2014: 7: Solution found.
Tue May 20 07:16:50 CEST 2014: 8: finished (141ms, 26cycles)
Tue May 20 07:16:50 CEST 2014: 8: Solution found.
Tue May 20 07:16:51 CEST 2014: 9: finished (802ms, 150cycles)
Tue May 20 07:16:51 CEST 2014: 9: Solution found.
Tue May 20 07:16:52 CEST 2014: 10: finished (720ms, 132cycles)
Tue May 20 07:16:52 CEST 2014: 10: Solution found.
Tue May 20 07:16:52 CEST 2014: 11: finished (295ms, 60cycles)
Tue May 20 07:16:52 CEST 2014: 11: Solution found.
Tue May 20 07:16:52 CEST 2014: 12: finished (210ms, 37cycles)
Tue May 20 07:16:52 CEST 2014: 12: Solution found.
Tue May 20 07:16:53 CEST 2014: 13: finished (502ms, 85cycles)
Tue May 20 07:16:53 CEST 2014: 13: Solution found.
Tue May 20 07:16:53 CEST 2014: 14: finished (561ms, 117cycles)
Tue May 20 07:16:53 CEST 2014: 14: Solution found.
Tue May 20 07:16:54 CEST 2014: 15: finished (408ms, 83cycles)
Tue May 20 07:16:54 CEST 2014: 15: Solution found.
Tue May 20 07:16:54 CEST 2014: 16: finished (569ms, 111cycles)
Tue May 20 07:16:54 CEST 2014: 16: Solution found.
Tue May 20 07:16:55 CEST 2014: 17: finished (467ms, 89cycles)
Tue May 20 07:16:55 CEST 2014: 17: Solution found.
Tue May 20 07:16:55 CEST 2014: 18: finished (196ms, 38cycles)
Tue May 20 07:16:55 CEST 2014: 18: Solution found.
Tue May 20 07:16:55 CEST 2014: 19: finished (274ms, 53cycles)
Tue May 20 07:16:55 CEST 2014: 19: Solution found.
Tue May 20 07:16:56 CEST 2014: 20: finished (424ms, 83cycles)
Tue May 20 07:16:56 CEST 2014: 20: Solution found.
Tue May 20 07:16:57 CEST 2014: 21: finished (861ms, 154cycles)
Tue May 20 07:16:57 CEST 2014: 21: Solution found.
Tue May 20 07:16:57 CEST 2014: 22: finished (273ms, 56cycles)
Tue May 20 07:16:57 CEST 2014: 22: Solution found.
Tue May 20 07:16:57 CEST 2014: 23: finished (417ms, 83cycles)
Tue May 20 07:16:57 CEST 2014: 23: Solution found.
Tue May 20 07:16:58 CEST 2014: 24: finished (347ms, 59cycles)
Tue May 20 07:16:58 CEST 2014: 24: Solution found.
Tue May 20 07:16:58 CEST 2014: 25: finished (487ms, 108cycles)
Tue May 20 07:16:58 CEST 2014: 25: Solution found.
Tue May 20 07:16:59 CEST 2014: 26: finished (146ms, 30cycles)
Tue May 20 07:16:59 CEST 2014: 26: Solution found.
Tue May 20 07:16:59 CEST 2014: 27: finished (439ms, 86cycles)
Tue May 20 07:16:59 CEST 2014: 27: Solution found.
Tue May 20 07:16:59 CEST 2014: 28: finished (456ms, 90cycles)
Tue May 20 07:16:59 CEST 2014: 28: Solution found.
Tue May 20 07:17:00 CEST 2014: 29: finished (250ms, 43cycles)
Tue May 20 07:17:00 CEST 2014: 29: Solution found.
Tue May 20 07:17:00 CEST 2014: 30: finished (566ms, 109cycles)
Tue May 20 07:17:00 CEST 2014: 30: Solution found.
Tue May 20 07:17:01 CEST 2014: 31: finished (351ms, 70cycles)
Tue May 20 07:17:01 CEST 2014: 31: Solution found.
Tue May 20 07:17:01 CEST 2014: 32: finished (574ms, 110cycles)
Tue May 20 07:17:01 CEST 2014: 32: Solution found.
Tue May 20 07:17:02 CEST 2014: 33: finished (538ms, 105cycles)
Tue May 20 07:17:02 CEST 2014: 33: Solution found.
Tue May 20 07:17:02 CEST 2014: 34: finished (367ms, 71cycles)
Tue May 20 07:17:02 CEST 2014: 34: Solution found.
Tue May 20 07:17:03 CEST 2014: 35: finished (717ms, 143cycles)
Tue May 20 07:17:03 CEST 2014: 35: Solution found.
Tue May 20 07:17:04 CEST 2014: 36: finished (754ms, 145cycles)
Tue May 20 07:17:04 CEST 2014: 36: Solution found.
Tue May 20 07:17:04 CEST 2014: 37: finished (429ms, 85cycles)
Tue May 20 07:17:04 CEST 2014: 37: Solution found.
Tue May 20 07:17:05 CEST 2014: 38: finished (505ms, 91cycles)
Tue May 20 07:17:05 CEST 2014: 38: Solution found.
Tue May 20 07:17:05 CEST 2014: 39: finished (296ms, 55cycles)
Tue May 20 07:17:05 CEST 2014: 39: Solution found.
Tue May 20 07:17:05 CEST 2014: 40: finished (375ms, 74cycles)
Tue May 20 07:17:05 CEST 2014: 40: Solution found.
Tue May 20 07:17:06 CEST 2014: 41: finished (834ms, 136cycles)
Tue May 20 07:17:06 CEST 2014: 41: Solution found.
Tue May 20 07:17:06 CEST 2014: 42: finished (265ms, 53cycles)
Tue May 20 07:17:06 CEST 2014: 42: Solution found.
Tue May 20 07:17:07 CEST 2014: 43: finished (682ms, 130cycles)
Tue May 20 07:17:07 CEST 2014: 43: Solution found.
Tue May 20 07:17:08 CEST 2014: 44: finished (339ms, 71cycles)
Tue May 20 07:17:08 CEST 2014: 44: Solution found.
Tue May 20 07:17:08 CEST 2014: 45: finished (669ms, 122cycles)
Tue May 20 07:17:08 CEST 2014: 45: Solution found.
Tue May 20 07:17:09 CEST 2014: 46: finished (362ms, 72cycles)
Tue May 20 07:17:09 CEST 2014: 46: Solution found.
Tue May 20 07:17:09 CEST 2014: 47: finished (209ms, 35cycles)
Tue May 20 07:17:09 CEST 2014: 47: Solution found.
Tue May 20 07:17:09 CEST 2014: 48: finished (398ms, 80cycles)
Tue May 20 07:17:09 CEST 2014: 48: Solution found.
Tue May 20 07:17:09 CEST 2014: 49: finished (204ms, 41cycles)
Tue May 20 07:17:09 CEST 2014: 49: Solution found.
Tue May 20 07:17:10 CEST 2014: 50: finished (410ms, 83cycles)
Tue May 20 07:17:10 CEST 2014: 50: Solution found.
Tue May 20 07:17:11 CEST 2014: 51: finished (800ms, 141cycles)
Tue May 20 07:17:11 CEST 2014: 51: Solution found.
Tue May 20 07:17:11 CEST 2014: 52: finished (528ms, 96cycles)
Tue May 20 07:17:11 CEST 2014: 52: Solution found.
Tue May 20 07:17:12 CEST 2014: 53: finished (332ms, 70cycles)
Tue May 20 07:17:12 CEST 2014: 53: Solution found.
Tue May 20 07:17:12 CEST 2014: 54: finished (672ms, 129cycles)
Tue May 20 07:17:12 CEST 2014: 54: Solution found.
Tue May 20 07:17:13 CEST 2014: 55: finished (440ms, 84cycles)
Tue May 20 07:17:13 CEST 2014: 55: Solution found.
Tue May 20 07:17:14 CEST 2014: 56: finished (934ms, 189cycles)
Tue May 20 07:17:14 CEST 2014: 56: Solution found.
Tue May 20 07:17:14 CEST 2014: 57: finished (568ms, 114cycles)
Tue May 20 07:17:14 CEST 2014: 57: Solution found.
Tue May 20 07:17:15 CEST 2014: 58: finished (279ms, 57cycles)
Tue May 20 07:17:15 CEST 2014: 58: Solution found.
Tue May 20 07:17:15 CEST 2014: 59: finished (483ms, 86cycles)
Tue May 20 07:17:15 CEST 2014: 59: Solution found.
Tue May 20 07:17:16 CEST 2014: 60: finished (637ms, 115cycles)
Tue May 20 07:17:16 CEST 2014: 60: Solution found.
Tue May 20 07:17:16 CEST 2014: 61: finished (311ms, 61cycles)
Tue May 20 07:17:16 CEST 2014: 61: Solution found.
Tue May 20 07:17:17 CEST 2014: 62: finished (498ms, 101cycles)
Tue May 20 07:17:17 CEST 2014: 62: Solution found.
Tue May 20 07:17:17 CEST 2014: 63: finished (309ms, 48cycles)
Tue May 20 07:17:17 CEST 2014: 63: Solution found.
Tue May 20 07:17:17 CEST 2014: 64: finished (457ms, 92cycles)
Tue May 20 07:17:17 CEST 2014: 64: Solution found.
Tue May 20 07:17:18 CEST 2014: 65: finished (395ms, 67cycles)
Tue May 20 07:17:18 CEST 2014: 65: Solution found.
Tue May 20 07:17:18 CEST 2014: 66: finished (290ms, 61cycles)
Tue May 20 07:17:18 CEST 2014: 66: Solution found.
Tue May 20 07:17:18 CEST 2014: 67: finished (282ms, 53cycles)
Tue May 20 07:17:18 CEST 2014: 67: Solution found.
Tue May 20 07:17:19 CEST 2014: 68: finished (194ms, 34cycles)
Tue May 20 07:17:19 CEST 2014: 68: Solution found.
Tue May 20 07:17:19 CEST 2014: 69: finished (271ms, 54cycles)
Tue May 20 07:17:19 CEST 2014: 69: Solution found.
Tue May 20 07:17:19 CEST 2014: 70: finished (180ms, 35cycles)
Tue May 20 07:17:19 CEST 2014: 70: Solution found.
Tue May 20 07:17:19 CEST 2014: 71: finished (218ms, 39cycles)
Tue May 20 07:17:19 CEST 2014: 71: Solution found.
Tue May 20 07:17:20 CEST 2014: 72: finished (223ms, 47cycles)
Tue May 20 07:17:20 CEST 2014: 72: Solution found.
Tue May 20 07:17:20 CEST 2014: 73: finished (373ms, 69cycles)
Tue May 20 07:17:20 CEST 2014: 73: Solution found.
Tue May 20 07:17:20 CEST 2014: 74: finished (411ms, 79cycles)
Tue May 20 07:17:20 CEST 2014: 74: Solution found.
Tue May 20 07:17:21 CEST 2014: 75: finished (463ms, 85cycles)
Tue May 20 07:17:21 CEST 2014: 75: Solution found.
Tue May 20 07:17:21 CEST 2014: 76: finished (405ms, 80cycles)
Tue May 20 07:17:21 CEST 2014: 76: Solution found.
Tue May 20 07:17:22 CEST 2014: 77: finished (659ms, 132cycles)
Tue May 20 07:17:22 CEST 2014: 77: Solution found.
Tue May 20 07:17:23 CEST 2014: 78: finished (542ms, 105cycles)
Tue May 20 07:17:23 CEST 2014: 78: Solution found.
Tue May 20 07:17:23 CEST 2014: 79: finished (478ms, 94cycles)
Tue May 20 07:17:23 CEST 2014: 79: Solution found.
Tue May 20 07:17:24 CEST 2014: 80: finished (745ms, 139cycles)
Tue May 20 07:17:24 CEST 2014: 80: Solution found.
Tue May 20 07:17:24 CEST 2014: 81: finished (367ms, 66cycles)
Tue May 20 07:17:24 CEST 2014: 81: Solution found.
Tue May 20 07:17:25 CEST 2014: 82: finished (557ms, 109cycles)
Tue May 20 07:17:25 CEST 2014: 82: Solution found.
Tue May 20 07:17:25 CEST 2014: 83: finished (322ms, 62cycles)
Tue May 20 07:17:25 CEST 2014: 83: Solution found.
Tue May 20 07:17:26 CEST 2014: 84: finished (710ms, 127cycles)
Tue May 20 07:17:26 CEST 2014: 84: Solution found.
Tue May 20 07:17:26 CEST 2014: 85: finished (586ms, 108cycles)
Tue May 20 07:17:26 CEST 2014: 85: Solution found.
Tue May 20 07:17:27 CEST 2014: 86: finished (415ms, 77cycles)
Tue May 20 07:17:27 CEST 2014: 86: Solution found.
Tue May 20 07:17:27 CEST 2014: 87: finished (361ms, 68cycles)
Tue May 20 07:17:27 CEST 2014: 87: Solution found.
Tue May 20 07:17:27 CEST 2014: 88: finished (190ms, 41cycles)
Tue May 20 07:17:27 CEST 2014: 88: Solution found.
Tue May 20 07:17:28 CEST 2014: 89: finished (503ms, 91cycles)
Tue May 20 07:17:28 CEST 2014: 89: Solution found.
Tue May 20 07:17:28 CEST 2014: 90: finished (558ms, 105cycles)
Tue May 20 07:17:29 CEST 2014: 90: Solution found.
Tue May 20 07:17:29 CEST 2014: 91: finished (541ms, 100cycles)
Tue May 20 07:17:29 CEST 2014: 91: Solution found.
Tue May 20 07:17:29 CEST 2014: 92: finished (399ms, 77cycles)
Tue May 20 07:17:29 CEST 2014: 92: Solution found.
Tue May 20 07:17:30 CEST 2014: 93: finished (227ms, 37cycles)
Tue May 20 07:17:30 CEST 2014: 93: Solution found.
Tue May 20 07:17:30 CEST 2014: 94: finished (337ms, 66cycles)
Tue May 20 07:17:30 CEST 2014: 94: Solution found.
Tue May 20 07:17:30 CEST 2014: 95: finished (377ms, 80cycles)
Tue May 20 07:17:30 CEST 2014: 95: Solution found.
Tue May 20 07:17:32 CEST 2014: 96: finished (1126ms, 222cycles)
Tue May 20 07:17:32 CEST 2014: 96: Solution found.
Tue May 20 07:17:32 CEST 2014: 97: finished (723ms, 145cycles)
Tue May 20 07:17:32 CEST 2014: 97: Solution found.
Tue May 20 07:17:33 CEST 2014: 98: finished (690ms, 135cycles)
Tue May 20 07:17:33 CEST 2014: 98: Solution found.
Tue May 20 07:17:34 CEST 2014: 99: finished (480ms, 92cycles)
Tue May 20 07:17:34 CEST 2014: 99: Solution found.
Tue May 20 07:17:34 CEST 2014: Solution Found: 100
Tue May 20 07:17:34 CEST 2014: Avg cycles: 88
Tue May 20 07:17:34 CEST 2014: Max cycles: 222
Tue May 20 07:17:34 CEST 2014: Min cycles: 26
Tue May 20 07:17:34 CEST 2014: No solution found: 0
Tue May 20 07:17:34 CEST 2014: logging finished. (runtime: 48022ms)
