Tue May 20 05:44:41 CEST 2014: Problem Count: 66
Tue May 20 05:44:41 CEST 2014: CandidatesCount: 50
Tue May 20 05:44:41 CEST 2014: Max Cycles: 500
Tue May 20 05:44:41 CEST 2014: 0: finished (612ms, 79cycles)
Tue May 20 05:44:41 CEST 2014: 0: Solution found.
Tue May 20 05:44:42 CEST 2014: 1: finished (314ms, 43cycles)
Tue May 20 05:44:42 CEST 2014: 1: Solution found.
Tue May 20 05:44:43 CEST 2014: 2: finished (791ms, 100cycles)
Tue May 20 05:44:43 CEST 2014: 2: Solution found.
Tue May 20 05:44:43 CEST 2014: 3: finished (324ms, 40cycles)
Tue May 20 05:44:43 CEST 2014: 3: Solution found.
Tue May 20 05:44:44 CEST 2014: 4: finished (599ms, 80cycles)
Tue May 20 05:44:44 CEST 2014: 4: Solution found.
Tue May 20 05:44:44 CEST 2014: 5: finished (399ms, 53cycles)
Tue May 20 05:44:44 CEST 2014: 5: Solution found.
Tue May 20 05:44:44 CEST 2014: 6: finished (366ms, 48cycles)
Tue May 20 05:44:44 CEST 2014: 6: Solution found.
Tue May 20 05:44:45 CEST 2014: 7: finished (1078ms, 142cycles)
Tue May 20 05:44:45 CEST 2014: 7: Solution found.
Tue May 20 05:44:46 CEST 2014: 8: finished (624ms, 78cycles)
Tue May 20 05:44:46 CEST 2014: 8: Solution found.
Tue May 20 05:44:47 CEST 2014: 9: finished (524ms, 67cycles)
Tue May 20 05:44:47 CEST 2014: 9: Solution found.
Tue May 20 05:44:47 CEST 2014: 10: finished (510ms, 69cycles)
Tue May 20 05:44:47 CEST 2014: 10: Solution found.
Tue May 20 05:44:48 CEST 2014: 11: finished (531ms, 77cycles)
Tue May 20 05:44:48 CEST 2014: 11: Solution found.
Tue May 20 05:44:48 CEST 2014: 12: finished (298ms, 40cycles)
Tue May 20 05:44:48 CEST 2014: 12: Solution found.
Tue May 20 05:44:48 CEST 2014: 13: finished (357ms, 52cycles)
Tue May 20 05:44:48 CEST 2014: 13: Solution found.
Tue May 20 05:44:50 CEST 2014: 14: finished (1672ms, 203cycles)
Tue May 20 05:44:50 CEST 2014: 14: Solution found.
Tue May 20 05:44:51 CEST 2014: 15: finished (525ms, 73cycles)
Tue May 20 05:44:51 CEST 2014: 15: Solution found.
Tue May 20 05:44:52 CEST 2014: 16: finished (970ms, 129cycles)
Tue May 20 05:44:52 CEST 2014: 16: Solution found.
Tue May 20 05:44:52 CEST 2014: 17: finished (451ms, 61cycles)
Tue May 20 05:44:52 CEST 2014: 17: Solution found.
Tue May 20 05:44:53 CEST 2014: 18: finished (441ms, 59cycles)
Tue May 20 05:44:53 CEST 2014: 18: Solution found.
Tue May 20 05:44:53 CEST 2014: 19: finished (438ms, 56cycles)
Tue May 20 05:44:53 CEST 2014: 19: Solution found.
Tue May 20 05:44:54 CEST 2014: 20: finished (1041ms, 137cycles)
Tue May 20 05:44:54 CEST 2014: 20: Solution found.
Tue May 20 05:44:54 CEST 2014: 21: finished (343ms, 46cycles)
Tue May 20 05:44:54 CEST 2014: 21: Solution found.
Tue May 20 05:44:55 CEST 2014: 22: finished (273ms, 35cycles)
Tue May 20 05:44:55 CEST 2014: 22: Solution found.
Tue May 20 05:44:55 CEST 2014: 23: finished (643ms, 84cycles)
Tue May 20 05:44:55 CEST 2014: 23: Solution found.
Tue May 20 05:44:56 CEST 2014: 24: finished (450ms, 56cycles)
Tue May 20 05:44:56 CEST 2014: 24: Solution found.
Tue May 20 05:44:56 CEST 2014: 25: finished (504ms, 67cycles)
Tue May 20 05:44:56 CEST 2014: 25: Solution found.
Tue May 20 05:44:57 CEST 2014: 26: finished (659ms, 79cycles)
Tue May 20 05:44:57 CEST 2014: 26: Solution found.
Tue May 20 05:44:57 CEST 2014: 27: finished (505ms, 70cycles)
Tue May 20 05:44:57 CEST 2014: 27: Solution found.
Tue May 20 05:44:58 CEST 2014: 28: finished (685ms, 91cycles)
Tue May 20 05:44:58 CEST 2014: 28: Solution found.
Tue May 20 05:44:59 CEST 2014: 29: finished (311ms, 44cycles)
Tue May 20 05:44:59 CEST 2014: 29: Solution found.
Tue May 20 05:44:59 CEST 2014: 30: finished (444ms, 55cycles)
Tue May 20 05:44:59 CEST 2014: 30: Solution found.
Tue May 20 05:44:59 CEST 2014: 31: finished (398ms, 56cycles)
Tue May 20 05:44:59 CEST 2014: 31: Solution found.
Tue May 20 05:45:00 CEST 2014: 32: finished (719ms, 87cycles)
Tue May 20 05:45:00 CEST 2014: 32: Solution found.
Tue May 20 05:45:01 CEST 2014: 33: finished (684ms, 88cycles)
Tue May 20 05:45:01 CEST 2014: 33: Solution found.
Tue May 20 05:45:02 CEST 2014: 34: finished (1197ms, 159cycles)
Tue May 20 05:45:02 CEST 2014: 34: Solution found.
Tue May 20 05:45:03 CEST 2014: 35: finished (870ms, 117cycles)
Tue May 20 05:45:03 CEST 2014: 35: Solution found.
Tue May 20 05:45:04 CEST 2014: 36: finished (1338ms, 173cycles)
Tue May 20 05:45:04 CEST 2014: 36: Solution found.
Tue May 20 05:45:05 CEST 2014: 37: finished (388ms, 57cycles)
Tue May 20 05:45:05 CEST 2014: 37: Solution found.
Tue May 20 05:45:05 CEST 2014: 38: finished (553ms, 73cycles)
Tue May 20 05:45:05 CEST 2014: 38: Solution found.
Tue May 20 05:45:06 CEST 2014: 39: finished (509ms, 65cycles)
Tue May 20 05:45:06 CEST 2014: 39: Solution found.
Tue May 20 05:45:06 CEST 2014: 40: finished (689ms, 97cycles)
Tue May 20 05:45:06 CEST 2014: 40: Solution found.
Tue May 20 05:45:07 CEST 2014: 41: finished (600ms, 74cycles)
Tue May 20 05:45:07 CEST 2014: 41: Solution found.
Tue May 20 05:45:08 CEST 2014: 42: finished (747ms, 97cycles)
Tue May 20 05:45:08 CEST 2014: 42: Solution found.
Tue May 20 05:45:08 CEST 2014: 43: finished (306ms, 40cycles)
Tue May 20 05:45:08 CEST 2014: 43: Solution found.
Tue May 20 05:45:09 CEST 2014: 44: finished (420ms, 55cycles)
Tue May 20 05:45:09 CEST 2014: 44: Solution found.
Tue May 20 05:45:09 CEST 2014: 45: finished (805ms, 100cycles)
Tue May 20 05:45:09 CEST 2014: 45: Solution found.
Tue May 20 05:45:10 CEST 2014: 46: finished (453ms, 58cycles)
Tue May 20 05:45:10 CEST 2014: 46: Solution found.
Tue May 20 05:45:10 CEST 2014: 47: finished (585ms, 83cycles)
Tue May 20 05:45:10 CEST 2014: 47: Solution found.
Tue May 20 05:45:11 CEST 2014: 48: finished (815ms, 106cycles)
Tue May 20 05:45:11 CEST 2014: 48: Solution found.
Tue May 20 05:45:12 CEST 2014: 49: finished (760ms, 106cycles)
Tue May 20 05:45:12 CEST 2014: 49: Solution found.
Tue May 20 05:45:12 CEST 2014: 50: finished (380ms, 51cycles)
Tue May 20 05:45:12 CEST 2014: 50: Solution found.
Tue May 20 05:45:13 CEST 2014: 51: finished (608ms, 79cycles)
Tue May 20 05:45:13 CEST 2014: 51: Solution found.
Tue May 20 05:45:13 CEST 2014: 52: finished (413ms, 57cycles)
Tue May 20 05:45:13 CEST 2014: 52: Solution found.
Tue May 20 05:45:14 CEST 2014: 53: finished (320ms, 46cycles)
Tue May 20 05:45:14 CEST 2014: 53: Solution found.
Tue May 20 05:45:14 CEST 2014: 54: finished (577ms, 79cycles)
Tue May 20 05:45:14 CEST 2014: 54: Solution found.
Tue May 20 05:45:15 CEST 2014: 55: finished (892ms, 118cycles)
Tue May 20 05:45:15 CEST 2014: 55: Solution found.
Tue May 20 05:45:16 CEST 2014: 56: finished (481ms, 57cycles)
Tue May 20 05:45:16 CEST 2014: 56: Solution found.
Tue May 20 05:45:16 CEST 2014: 57: finished (436ms, 60cycles)
Tue May 20 05:45:16 CEST 2014: 57: Solution found.
Tue May 20 05:45:17 CEST 2014: 58: finished (845ms, 106cycles)
Tue May 20 05:45:17 CEST 2014: 58: Solution found.
Tue May 20 05:45:18 CEST 2014: 59: finished (1094ms, 140cycles)
Tue May 20 05:45:18 CEST 2014: 59: Solution found.
Tue May 20 05:45:19 CEST 2014: 60: finished (457ms, 60cycles)
Tue May 20 05:45:19 CEST 2014: 60: Solution found.
Tue May 20 05:45:19 CEST 2014: 61: finished (355ms, 48cycles)
Tue May 20 05:45:19 CEST 2014: 61: Solution found.
Tue May 20 05:45:20 CEST 2014: 62: finished (563ms, 78cycles)
Tue May 20 05:45:20 CEST 2014: 62: Solution found.
Tue May 20 05:45:20 CEST 2014: 63: finished (417ms, 56cycles)
Tue May 20 05:45:20 CEST 2014: 63: Solution found.
Tue May 20 05:45:21 CEST 2014: 64: finished (722ms, 96cycles)
Tue May 20 05:45:21 CEST 2014: 64: Solution found.
Tue May 20 05:45:22 CEST 2014: 65: finished (747ms, 102cycles)
Tue May 20 05:45:22 CEST 2014: 65: Solution found.
Tue May 20 05:45:22 CEST 2014: 66: finished (365ms, 43cycles)
Tue May 20 05:45:22 CEST 2014: 66: Solution found.
Tue May 20 05:45:22 CEST 2014: 67: finished (488ms, 64cycles)
Tue May 20 05:45:22 CEST 2014: 67: Solution found.
Tue May 20 05:45:23 CEST 2014: 68: finished (629ms, 81cycles)
Tue May 20 05:45:23 CEST 2014: 68: Solution found.
Tue May 20 05:45:24 CEST 2014: 69: finished (697ms, 95cycles)
Tue May 20 05:45:24 CEST 2014: 69: Solution found.
Tue May 20 05:45:25 CEST 2014: 70: finished (1193ms, 148cycles)
Tue May 20 05:45:25 CEST 2014: 70: Solution found.
Tue May 20 05:45:25 CEST 2014: 71: finished (395ms, 53cycles)
Tue May 20 05:45:25 CEST 2014: 71: Solution found.
Tue May 20 05:45:26 CEST 2014: 72: finished (485ms, 60cycles)
Tue May 20 05:45:26 CEST 2014: 72: Solution found.
Tue May 20 05:45:26 CEST 2014: 73: finished (294ms, 39cycles)
Tue May 20 05:45:26 CEST 2014: 73: Solution found.
Tue May 20 05:45:27 CEST 2014: 74: finished (644ms, 81cycles)
Tue May 20 05:45:27 CEST 2014: 74: Solution found.
Tue May 20 05:45:28 CEST 2014: 75: finished (945ms, 121cycles)
Tue May 20 05:45:28 CEST 2014: 75: Solution found.
Tue May 20 05:45:29 CEST 2014: 76: finished (1228ms, 164cycles)
Tue May 20 05:45:29 CEST 2014: 76: Solution found.
Tue May 20 05:45:30 CEST 2014: 77: finished (885ms, 102cycles)
Tue May 20 05:45:30 CEST 2014: 77: Solution found.
Tue May 20 05:45:30 CEST 2014: 78: finished (370ms, 50cycles)
Tue May 20 05:45:30 CEST 2014: 78: Solution found.
Tue May 20 05:45:31 CEST 2014: 79: finished (535ms, 75cycles)
Tue May 20 05:45:31 CEST 2014: 79: Solution found.
Tue May 20 05:45:31 CEST 2014: 80: finished (545ms, 74cycles)
Tue May 20 05:45:32 CEST 2014: 80: Solution found.
Tue May 20 05:45:32 CEST 2014: 81: finished (572ms, 76cycles)
Tue May 20 05:45:32 CEST 2014: 81: Solution found.
Tue May 20 05:45:33 CEST 2014: 82: finished (726ms, 96cycles)
Tue May 20 05:45:33 CEST 2014: 82: Solution found.
Tue May 20 05:45:33 CEST 2014: 83: finished (439ms, 57cycles)
Tue May 20 05:45:33 CEST 2014: 83: Solution found.
Tue May 20 05:45:34 CEST 2014: 84: finished (597ms, 71cycles)
Tue May 20 05:45:34 CEST 2014: 84: Solution found.
Tue May 20 05:45:35 CEST 2014: 85: finished (1084ms, 134cycles)
Tue May 20 05:45:35 CEST 2014: 85: Solution found.
Tue May 20 05:45:36 CEST 2014: 86: finished (874ms, 116cycles)
Tue May 20 05:45:36 CEST 2014: 86: Solution found.
Tue May 20 05:45:37 CEST 2014: 87: finished (627ms, 82cycles)
Tue May 20 05:45:37 CEST 2014: 87: Solution found.
Tue May 20 05:45:37 CEST 2014: 88: finished (345ms, 46cycles)
Tue May 20 05:45:37 CEST 2014: 88: Solution found.
Tue May 20 05:45:38 CEST 2014: 89: finished (758ms, 110cycles)
Tue May 20 05:45:38 CEST 2014: 89: Solution found.
Tue May 20 05:45:38 CEST 2014: 90: finished (741ms, 104cycles)
Tue May 20 05:45:38 CEST 2014: 90: Solution found.
Tue May 20 05:45:39 CEST 2014: 91: finished (1035ms, 140cycles)
Tue May 20 05:45:39 CEST 2014: 91: Solution found.
Tue May 20 05:45:41 CEST 2014: 92: finished (1111ms, 145cycles)
Tue May 20 05:45:41 CEST 2014: 92: Solution found.
Tue May 20 05:45:41 CEST 2014: 93: finished (282ms, 35cycles)
Tue May 20 05:45:41 CEST 2014: 93: Solution found.
Tue May 20 05:45:41 CEST 2014: 94: finished (463ms, 61cycles)
Tue May 20 05:45:41 CEST 2014: 94: Solution found.
Tue May 20 05:45:43 CEST 2014: 95: finished (1157ms, 158cycles)
Tue May 20 05:45:43 CEST 2014: 95: Solution found.
Tue May 20 05:45:43 CEST 2014: 96: finished (224ms, 27cycles)
Tue May 20 05:45:43 CEST 2014: 96: Solution found.
Tue May 20 05:45:43 CEST 2014: 97: finished (138ms, 17cycles)
Tue May 20 05:45:43 CEST 2014: 97: Solution found.
Tue May 20 05:45:44 CEST 2014: 98: finished (983ms, 127cycles)
Tue May 20 05:45:44 CEST 2014: 98: Solution found.
Tue May 20 05:45:44 CEST 2014: 99: finished (443ms, 58cycles)
Tue May 20 05:45:44 CEST 2014: 99: Solution found.
Tue May 20 05:45:44 CEST 2014: Solution Found: 100
Tue May 20 05:45:44 CEST 2014: Avg cycles: 81
Tue May 20 05:45:44 CEST 2014: Max cycles: 203
Tue May 20 05:45:44 CEST 2014: Min cycles: 17
Tue May 20 05:45:44 CEST 2014: No solution found: 0
Tue May 20 05:45:44 CEST 2014: logging finished. (runtime: 63582ms)
