Tue May 20 05:43:35 CEST 2014: Problem Count: 63
Tue May 20 05:43:35 CEST 2014: CandidatesCount: 50
Tue May 20 05:43:35 CEST 2014: Max Cycles: 500
Tue May 20 05:43:36 CEST 2014: 0: finished (337ms, 49cycles)
Tue May 20 05:43:36 CEST 2014: 0: Solution found.
Tue May 20 05:43:36 CEST 2014: 1: finished (875ms, 119cycles)
Tue May 20 05:43:36 CEST 2014: 1: Solution found.
Tue May 20 05:43:37 CEST 2014: 2: finished (944ms, 121cycles)
Tue May 20 05:43:37 CEST 2014: 2: Solution found.
Tue May 20 05:43:38 CEST 2014: 3: finished (574ms, 78cycles)
Tue May 20 05:43:38 CEST 2014: 3: Solution found.
Tue May 20 05:43:39 CEST 2014: 4: finished (818ms, 108cycles)
Tue May 20 05:43:39 CEST 2014: 4: Solution found.
Tue May 20 05:43:39 CEST 2014: 5: finished (370ms, 55cycles)
Tue May 20 05:43:39 CEST 2014: 5: Solution found.
Tue May 20 05:43:41 CEST 2014: 6: finished (1625ms, 231cycles)
Tue May 20 05:43:41 CEST 2014: 6: Solution found.
Tue May 20 05:43:42 CEST 2014: 7: finished (700ms, 101cycles)
Tue May 20 05:43:42 CEST 2014: 7: Solution found.
Tue May 20 05:43:42 CEST 2014: 8: finished (602ms, 79cycles)
Tue May 20 05:43:42 CEST 2014: 8: Solution found.
Tue May 20 05:43:44 CEST 2014: 9: finished (1551ms, 196cycles)
Tue May 20 05:43:44 CEST 2014: 9: Solution found.
Tue May 20 05:43:44 CEST 2014: 10: finished (568ms, 82cycles)
Tue May 20 05:43:44 CEST 2014: 10: Solution found.
Tue May 20 05:43:45 CEST 2014: 11: finished (849ms, 119cycles)
Tue May 20 05:43:45 CEST 2014: 11: Solution found.
Tue May 20 05:43:46 CEST 2014: 12: finished (735ms, 105cycles)
Tue May 20 05:43:46 CEST 2014: 12: Solution found.
Tue May 20 05:43:47 CEST 2014: 13: finished (1053ms, 154cycles)
Tue May 20 05:43:47 CEST 2014: 13: Solution found.
Tue May 20 05:43:47 CEST 2014: 14: finished (413ms, 60cycles)
Tue May 20 05:43:47 CEST 2014: 14: Solution found.
Tue May 20 05:43:48 CEST 2014: 15: finished (1001ms, 150cycles)
Tue May 20 05:43:48 CEST 2014: 15: Solution found.
Tue May 20 05:43:49 CEST 2014: 16: finished (613ms, 79cycles)
Tue May 20 05:43:49 CEST 2014: 16: Solution found.
Tue May 20 05:43:50 CEST 2014: 17: finished (740ms, 102cycles)
Tue May 20 05:43:50 CEST 2014: 17: Solution found.
Tue May 20 05:43:51 CEST 2014: 18: finished (695ms, 99cycles)
Tue May 20 05:43:51 CEST 2014: 18: Solution found.
Tue May 20 05:43:51 CEST 2014: 19: finished (500ms, 75cycles)
Tue May 20 05:43:51 CEST 2014: 19: Solution found.
Tue May 20 05:43:51 CEST 2014: 20: finished (426ms, 61cycles)
Tue May 20 05:43:52 CEST 2014: 20: Solution found.
Tue May 20 05:43:52 CEST 2014: 21: finished (409ms, 53cycles)
Tue May 20 05:43:52 CEST 2014: 21: Solution found.
Tue May 20 05:43:52 CEST 2014: 22: finished (515ms, 73cycles)
Tue May 20 05:43:52 CEST 2014: 22: Solution found.
Tue May 20 05:43:53 CEST 2014: 23: finished (486ms, 61cycles)
Tue May 20 05:43:53 CEST 2014: 23: Solution found.
Tue May 20 05:43:53 CEST 2014: 24: finished (447ms, 61cycles)
Tue May 20 05:43:53 CEST 2014: 24: Solution found.
Tue May 20 05:43:54 CEST 2014: 25: finished (711ms, 96cycles)
Tue May 20 05:43:54 CEST 2014: 25: Solution found.
Tue May 20 05:43:55 CEST 2014: 26: finished (501ms, 78cycles)
Tue May 20 05:43:55 CEST 2014: 26: Solution found.
Tue May 20 05:43:55 CEST 2014: 27: finished (478ms, 66cycles)
Tue May 20 05:43:55 CEST 2014: 27: Solution found.
Tue May 20 05:43:55 CEST 2014: 28: finished (252ms, 36cycles)
Tue May 20 05:43:55 CEST 2014: 28: Solution found.
Tue May 20 05:43:56 CEST 2014: 29: finished (798ms, 111cycles)
Tue May 20 05:43:56 CEST 2014: 29: Solution found.
Tue May 20 05:43:57 CEST 2014: 30: finished (396ms, 61cycles)
Tue May 20 05:43:57 CEST 2014: 30: Solution found.
Tue May 20 05:43:57 CEST 2014: 31: finished (613ms, 90cycles)
Tue May 20 05:43:57 CEST 2014: 31: Solution found.
Tue May 20 05:43:58 CEST 2014: 32: finished (675ms, 86cycles)
Tue May 20 05:43:58 CEST 2014: 32: Solution found.
Tue May 20 05:43:59 CEST 2014: 33: finished (765ms, 108cycles)
Tue May 20 05:43:59 CEST 2014: 33: Solution found.
Tue May 20 05:43:59 CEST 2014: 34: finished (547ms, 76cycles)
Tue May 20 05:43:59 CEST 2014: 34: Solution found.
Tue May 20 05:44:00 CEST 2014: 35: finished (456ms, 69cycles)
Tue May 20 05:44:00 CEST 2014: 35: Solution found.
Tue May 20 05:44:01 CEST 2014: 36: finished (1003ms, 143cycles)
Tue May 20 05:44:01 CEST 2014: 36: Solution found.
Tue May 20 05:44:01 CEST 2014: 37: finished (323ms, 50cycles)
Tue May 20 05:44:01 CEST 2014: 37: Solution found.
Tue May 20 05:44:02 CEST 2014: 38: finished (682ms, 94cycles)
Tue May 20 05:44:02 CEST 2014: 38: Solution found.
Tue May 20 05:44:03 CEST 2014: 39: finished (648ms, 92cycles)
Tue May 20 05:44:03 CEST 2014: 39: Solution found.
Tue May 20 05:44:03 CEST 2014: 40: finished (879ms, 124cycles)
Tue May 20 05:44:03 CEST 2014: 40: Solution found.
Tue May 20 05:44:04 CEST 2014: 41: finished (792ms, 109cycles)
Tue May 20 05:44:04 CEST 2014: 41: Solution found.
Tue May 20 05:44:05 CEST 2014: 42: finished (490ms, 66cycles)
Tue May 20 05:44:05 CEST 2014: 42: Solution found.
Tue May 20 05:44:05 CEST 2014: 43: finished (434ms, 61cycles)
Tue May 20 05:44:05 CEST 2014: 43: Solution found.
Tue May 20 05:44:05 CEST 2014: 44: finished (307ms, 45cycles)
Tue May 20 05:44:05 CEST 2014: 44: Solution found.
Tue May 20 05:44:06 CEST 2014: 45: finished (993ms, 141cycles)
Tue May 20 05:44:06 CEST 2014: 45: Solution found.
Tue May 20 05:44:07 CEST 2014: 46: finished (987ms, 147cycles)
Tue May 20 05:44:08 CEST 2014: 46: Solution found.
Tue May 20 05:44:08 CEST 2014: 47: finished (354ms, 46cycles)
Tue May 20 05:44:08 CEST 2014: 47: Solution found.
Tue May 20 05:44:09 CEST 2014: 48: finished (1035ms, 139cycles)
Tue May 20 05:44:09 CEST 2014: 48: Solution found.
Tue May 20 05:44:09 CEST 2014: 49: finished (165ms, 24cycles)
Tue May 20 05:44:09 CEST 2014: 49: Solution found.
Tue May 20 05:44:09 CEST 2014: 50: finished (295ms, 41cycles)
Tue May 20 05:44:09 CEST 2014: 50: Solution found.
Tue May 20 05:44:10 CEST 2014: 51: finished (279ms, 38cycles)
Tue May 20 05:44:10 CEST 2014: 51: Solution found.
Tue May 20 05:44:10 CEST 2014: 52: finished (783ms, 111cycles)
Tue May 20 05:44:10 CEST 2014: 52: Solution found.
Tue May 20 05:44:11 CEST 2014: 53: finished (354ms, 48cycles)
Tue May 20 05:44:11 CEST 2014: 53: Solution found.
Tue May 20 05:44:12 CEST 2014: 54: finished (974ms, 143cycles)
Tue May 20 05:44:12 CEST 2014: 54: Solution found.
Tue May 20 05:44:12 CEST 2014: 55: finished (339ms, 52cycles)
Tue May 20 05:44:12 CEST 2014: 55: Solution found.
Tue May 20 05:44:13 CEST 2014: 56: finished (404ms, 60cycles)
Tue May 20 05:44:13 CEST 2014: 56: Solution found.
Tue May 20 05:44:14 CEST 2014: 57: finished (986ms, 139cycles)
Tue May 20 05:44:14 CEST 2014: 57: Solution found.
Tue May 20 05:44:14 CEST 2014: 58: finished (724ms, 108cycles)
Tue May 20 05:44:14 CEST 2014: 58: Solution found.
Tue May 20 05:44:15 CEST 2014: 59: finished (635ms, 95cycles)
Tue May 20 05:44:15 CEST 2014: 59: Solution found.
Tue May 20 05:44:15 CEST 2014: 60: finished (415ms, 51cycles)
Tue May 20 05:44:15 CEST 2014: 60: Solution found.
Tue May 20 05:44:16 CEST 2014: 61: finished (585ms, 82cycles)
Tue May 20 05:44:16 CEST 2014: 61: Solution found.
Tue May 20 05:44:17 CEST 2014: 62: finished (507ms, 65cycles)
Tue May 20 05:44:17 CEST 2014: 62: Solution found.
Tue May 20 05:44:17 CEST 2014: 63: finished (295ms, 35cycles)
Tue May 20 05:44:17 CEST 2014: 63: Solution found.
Tue May 20 05:44:18 CEST 2014: 64: finished (996ms, 141cycles)
Tue May 20 05:44:18 CEST 2014: 64: Solution found.
Tue May 20 05:44:18 CEST 2014: 65: finished (578ms, 88cycles)
Tue May 20 05:44:18 CEST 2014: 65: Solution found.
Tue May 20 05:44:19 CEST 2014: 66: finished (991ms, 135cycles)
Tue May 20 05:44:19 CEST 2014: 66: Solution found.
Tue May 20 05:44:20 CEST 2014: 67: finished (656ms, 89cycles)
Tue May 20 05:44:20 CEST 2014: 67: Solution found.
Tue May 20 05:44:21 CEST 2014: 68: finished (714ms, 96cycles)
Tue May 20 05:44:21 CEST 2014: 68: Solution found.
Tue May 20 05:44:22 CEST 2014: 69: finished (860ms, 127cycles)
Tue May 20 05:44:22 CEST 2014: 69: Solution found.
Tue May 20 05:44:23 CEST 2014: 70: finished (766ms, 109cycles)
Tue May 20 05:44:23 CEST 2014: 70: Solution found.
Tue May 20 05:44:23 CEST 2014: 71: finished (513ms, 70cycles)
Tue May 20 05:44:23 CEST 2014: 71: Solution found.
Tue May 20 05:44:23 CEST 2014: 72: finished (357ms, 48cycles)
Tue May 20 05:44:23 CEST 2014: 72: Solution found.
Tue May 20 05:44:24 CEST 2014: 73: finished (937ms, 129cycles)
Tue May 20 05:44:24 CEST 2014: 73: Solution found.
Tue May 20 05:44:25 CEST 2014: 74: finished (625ms, 84cycles)
Tue May 20 05:44:25 CEST 2014: 74: Solution found.
Tue May 20 05:44:26 CEST 2014: 75: finished (769ms, 121cycles)
Tue May 20 05:44:26 CEST 2014: 75: Solution found.
Tue May 20 05:44:26 CEST 2014: 76: finished (592ms, 79cycles)
Tue May 20 05:44:26 CEST 2014: 76: Solution found.
Tue May 20 05:44:27 CEST 2014: 77: finished (405ms, 50cycles)
Tue May 20 05:44:27 CEST 2014: 77: Solution found.
Tue May 20 05:44:27 CEST 2014: 78: finished (387ms, 57cycles)
Tue May 20 05:44:27 CEST 2014: 78: Solution found.
Tue May 20 05:44:28 CEST 2014: 79: finished (513ms, 73cycles)
Tue May 20 05:44:28 CEST 2014: 79: Solution found.
Tue May 20 05:44:28 CEST 2014: 80: finished (665ms, 91cycles)
Tue May 20 05:44:28 CEST 2014: 80: Solution found.
Tue May 20 05:44:29 CEST 2014: 81: finished (694ms, 94cycles)
Tue May 20 05:44:29 CEST 2014: 81: Solution found.
Tue May 20 05:44:30 CEST 2014: 82: finished (567ms, 77cycles)
Tue May 20 05:44:30 CEST 2014: 82: Solution found.
Tue May 20 05:44:31 CEST 2014: 83: finished (1085ms, 143cycles)
Tue May 20 05:44:31 CEST 2014: 83: Solution found.
Tue May 20 05:44:31 CEST 2014: 84: finished (423ms, 62cycles)
Tue May 20 05:44:31 CEST 2014: 84: Solution found.
Tue May 20 05:44:32 CEST 2014: 85: finished (469ms, 67cycles)
Tue May 20 05:44:32 CEST 2014: 85: Solution found.
Tue May 20 05:44:32 CEST 2014: 86: finished (333ms, 50cycles)
Tue May 20 05:44:32 CEST 2014: 86: Solution found.
Tue May 20 05:44:33 CEST 2014: 87: finished (430ms, 60cycles)
Tue May 20 05:44:33 CEST 2014: 87: Solution found.
Tue May 20 05:44:33 CEST 2014: 88: finished (530ms, 71cycles)
Tue May 20 05:44:33 CEST 2014: 88: Solution found.
Tue May 20 05:44:34 CEST 2014: 89: finished (784ms, 103cycles)
Tue May 20 05:44:34 CEST 2014: 89: Solution found.
Tue May 20 05:44:34 CEST 2014: 90: finished (514ms, 74cycles)
Tue May 20 05:44:34 CEST 2014: 90: Solution found.
Tue May 20 05:44:36 CEST 2014: 91: finished (1078ms, 160cycles)
Tue May 20 05:44:36 CEST 2014: 91: Solution found.
Tue May 20 05:44:36 CEST 2014: 92: finished (523ms, 78cycles)
Tue May 20 05:44:36 CEST 2014: 92: Solution found.
Tue May 20 05:44:36 CEST 2014: 93: finished (303ms, 47cycles)
Tue May 20 05:44:36 CEST 2014: 93: Solution found.
Tue May 20 05:44:37 CEST 2014: 94: finished (514ms, 70cycles)
Tue May 20 05:44:37 CEST 2014: 94: Solution found.
Tue May 20 05:44:38 CEST 2014: 95: finished (692ms, 101cycles)
Tue May 20 05:44:38 CEST 2014: 95: Solution found.
Tue May 20 05:44:39 CEST 2014: 96: finished (1219ms, 130cycles)
Tue May 20 05:44:39 CEST 2014: 96: Solution found.
Tue May 20 05:44:39 CEST 2014: 97: finished (514ms, 76cycles)
Tue May 20 05:44:39 CEST 2014: 97: Solution found.
Tue May 20 05:44:40 CEST 2014: 98: finished (403ms, 53cycles)
Tue May 20 05:44:40 CEST 2014: 98: Solution found.
Tue May 20 05:44:41 CEST 2014: 99: finished (937ms, 123cycles)
Tue May 20 05:44:41 CEST 2014: 99: Solution found.
Tue May 20 05:44:41 CEST 2014: Solution Found: 100
Tue May 20 05:44:41 CEST 2014: Avg cycles: 89
Tue May 20 05:44:41 CEST 2014: Max cycles: 231
Tue May 20 05:44:41 CEST 2014: Min cycles: 24
Tue May 20 05:44:41 CEST 2014: No solution found: 0
Tue May 20 05:44:41 CEST 2014: logging finished. (runtime: 65632ms)
