Wed May 21 06:56:52 CEST 2014: Problem Count: 100
Wed May 21 06:56:52 CEST 2014: CandidatesCount: 100
Wed May 21 06:56:52 CEST 2014: Max Cycles: 500
Wed May 21 06:56:54 CEST 2014: 0: finished (1897ms, 500cycles)
Wed May 21 06:56:54 CEST 2014: 0: No solution found.
Wed May 21 06:56:55 CEST 2014: 1: finished (679ms, 143cycles)
Wed May 21 06:56:55 CEST 2014: 1: Solution found.
Wed May 21 06:56:57 CEST 2014: 2: finished (2073ms, 481cycles)
Wed May 21 06:56:57 CEST 2014: 2: Solution found.
Wed May 21 06:56:57 CEST 2014: 3: finished (155ms, 43cycles)
Wed May 21 06:56:57 CEST 2014: 3: Solution found.
Wed May 21 06:56:58 CEST 2014: 4: finished (713ms, 219cycles)
Wed May 21 06:56:58 CEST 2014: 4: Solution found.
Wed May 21 06:57:00 CEST 2014: 5: finished (2151ms, 500cycles)
Wed May 21 06:57:00 CEST 2014: 5: No solution found.
Wed May 21 06:57:01 CEST 2014: 6: finished (1488ms, 281cycles)
Wed May 21 06:57:01 CEST 2014: 6: Solution found.
Wed May 21 06:57:01 CEST 2014: 7: finished (152ms, 42cycles)
Wed May 21 06:57:01 CEST 2014: 7: Solution found.
Wed May 21 06:57:04 CEST 2014: 8: finished (2862ms, 500cycles)
Wed May 21 06:57:04 CEST 2014: 8: No solution found.
Wed May 21 06:57:06 CEST 2014: 9: finished (1630ms, 500cycles)
Wed May 21 06:57:06 CEST 2014: 9: No solution found.
Wed May 21 06:57:06 CEST 2014: 10: finished (602ms, 161cycles)
Wed May 21 06:57:06 CEST 2014: 10: Solution found.
Wed May 21 06:57:09 CEST 2014: 11: finished (2299ms, 500cycles)
Wed May 21 06:57:09 CEST 2014: 11: No solution found.
Wed May 21 06:57:10 CEST 2014: 12: finished (837ms, 190cycles)
Wed May 21 06:57:10 CEST 2014: 12: Solution found.
Wed May 21 06:57:10 CEST 2014: 13: finished (225ms, 68cycles)
Wed May 21 06:57:10 CEST 2014: 13: Solution found.
Wed May 21 06:57:11 CEST 2014: 14: finished (1440ms, 340cycles)
Wed May 21 06:57:11 CEST 2014: 14: Solution found.
Wed May 21 06:57:13 CEST 2014: 15: finished (2192ms, 449cycles)
Wed May 21 06:57:14 CEST 2014: 15: Solution found.
Wed May 21 06:57:15 CEST 2014: 16: finished (1597ms, 500cycles)
Wed May 21 06:57:15 CEST 2014: 16: No solution found.
Wed May 21 06:57:17 CEST 2014: 17: finished (2345ms, 500cycles)
Wed May 21 06:57:17 CEST 2014: 17: No solution found.
Wed May 21 06:57:18 CEST 2014: 18: finished (102ms, 28cycles)
Wed May 21 06:57:18 CEST 2014: 18: Solution found.
Wed May 21 06:57:20 CEST 2014: 19: finished (2639ms, 500cycles)
Wed May 21 06:57:20 CEST 2014: 19: No solution found.
Wed May 21 06:57:21 CEST 2014: 20: finished (1251ms, 269cycles)
Wed May 21 06:57:21 CEST 2014: 20: Solution found.
Wed May 21 06:57:23 CEST 2014: 21: finished (1630ms, 500cycles)
Wed May 21 06:57:23 CEST 2014: 21: No solution found.
Wed May 21 06:57:24 CEST 2014: 22: finished (431ms, 113cycles)
Wed May 21 06:57:24 CEST 2014: 22: Solution found.
Wed May 21 06:57:25 CEST 2014: 23: finished (1176ms, 365cycles)
Wed May 21 06:57:25 CEST 2014: 23: Solution found.
Wed May 21 06:57:26 CEST 2014: 24: finished (1567ms, 500cycles)
Wed May 21 06:57:26 CEST 2014: 24: No solution found.
Wed May 21 06:57:27 CEST 2014: 25: finished (707ms, 191cycles)
Wed May 21 06:57:27 CEST 2014: 25: Solution found.
Wed May 21 06:57:29 CEST 2014: 26: finished (2320ms, 500cycles)
Wed May 21 06:57:29 CEST 2014: 26: No solution found.
Wed May 21 06:57:30 CEST 2014: 27: finished (592ms, 146cycles)
Wed May 21 06:57:30 CEST 2014: 27: Solution found.
Wed May 21 06:57:31 CEST 2014: 28: finished (1521ms, 298cycles)
Wed May 21 06:57:31 CEST 2014: 28: Solution found.
Wed May 21 06:57:32 CEST 2014: 29: finished (165ms, 42cycles)
Wed May 21 06:57:32 CEST 2014: 29: Solution found.
Wed May 21 06:57:32 CEST 2014: 30: finished (843ms, 167cycles)
Wed May 21 06:57:32 CEST 2014: 30: Solution found.
Wed May 21 06:57:35 CEST 2014: 31: finished (2457ms, 500cycles)
Wed May 21 06:57:35 CEST 2014: 31: No solution found.
Wed May 21 06:57:35 CEST 2014: 32: finished (219ms, 60cycles)
Wed May 21 06:57:35 CEST 2014: 32: Solution found.
Wed May 21 06:57:38 CEST 2014: 33: finished (2422ms, 500cycles)
Wed May 21 06:57:38 CEST 2014: 33: No solution found.
Wed May 21 06:57:40 CEST 2014: 34: finished (2359ms, 500cycles)
Wed May 21 06:57:40 CEST 2014: 34: No solution found.
Wed May 21 06:57:42 CEST 2014: 35: finished (1602ms, 500cycles)
Wed May 21 06:57:42 CEST 2014: 35: No solution found.
Wed May 21 06:57:43 CEST 2014: 36: finished (1668ms, 500cycles)
Wed May 21 06:57:43 CEST 2014: 36: No solution found.
Wed May 21 06:57:45 CEST 2014: 37: finished (1598ms, 500cycles)
Wed May 21 06:57:45 CEST 2014: 37: No solution found.
Wed May 21 06:57:47 CEST 2014: 38: finished (2197ms, 460cycles)
Wed May 21 06:57:47 CEST 2014: 38: Solution found.
Wed May 21 06:57:49 CEST 2014: 39: finished (1644ms, 500cycles)
Wed May 21 06:57:49 CEST 2014: 39: No solution found.
Wed May 21 06:57:51 CEST 2014: 40: finished (2433ms, 500cycles)
Wed May 21 06:57:51 CEST 2014: 40: No solution found.
Wed May 21 06:57:53 CEST 2014: 41: finished (1683ms, 500cycles)
Wed May 21 06:57:53 CEST 2014: 41: No solution found.
Wed May 21 06:57:55 CEST 2014: 42: finished (2370ms, 500cycles)
Wed May 21 06:57:55 CEST 2014: 42: No solution found.
Wed May 21 06:57:55 CEST 2014: 43: finished (227ms, 61cycles)
Wed May 21 06:57:55 CEST 2014: 43: Solution found.
Wed May 21 06:57:59 CEST 2014: 44: finished (3093ms, 500cycles)
Wed May 21 06:57:59 CEST 2014: 44: No solution found.
Wed May 21 06:58:01 CEST 2014: 45: finished (2442ms, 500cycles)
Wed May 21 06:58:01 CEST 2014: 45: No solution found.
Wed May 21 06:58:01 CEST 2014: 46: finished (227ms, 60cycles)
Wed May 21 06:58:01 CEST 2014: 46: Solution found.
Wed May 21 06:58:03 CEST 2014: 47: finished (1639ms, 500cycles)
Wed May 21 06:58:03 CEST 2014: 47: No solution found.
Wed May 21 06:58:06 CEST 2014: 48: finished (2710ms, 500cycles)
Wed May 21 06:58:06 CEST 2014: 48: No solution found.
Wed May 21 06:58:07 CEST 2014: 49: finished (1691ms, 500cycles)
Wed May 21 06:58:07 CEST 2014: 49: No solution found.
Wed May 21 06:58:10 CEST 2014: 50: finished (2528ms, 500cycles)
Wed May 21 06:58:10 CEST 2014: 50: No solution found.
Wed May 21 06:58:10 CEST 2014: 51: finished (163ms, 46cycles)
Wed May 21 06:58:10 CEST 2014: 51: Solution found.
Wed May 21 06:58:13 CEST 2014: 52: finished (2625ms, 500cycles)
Wed May 21 06:58:13 CEST 2014: 52: No solution found.
Wed May 21 06:58:13 CEST 2014: 53: finished (337ms, 97cycles)
Wed May 21 06:58:13 CEST 2014: 53: Solution found.
Wed May 21 06:58:13 CEST 2014: 54: finished (365ms, 85cycles)
Wed May 21 06:58:13 CEST 2014: 54: Solution found.
Wed May 21 06:58:14 CEST 2014: 55: finished (828ms, 239cycles)
Wed May 21 06:58:14 CEST 2014: 55: Solution found.
Wed May 21 06:58:14 CEST 2014: 56: finished (224ms, 66cycles)
Wed May 21 06:58:14 CEST 2014: 56: Solution found.
Wed May 21 06:58:17 CEST 2014: 57: finished (2788ms, 500cycles)
Wed May 21 06:58:17 CEST 2014: 57: No solution found.
Wed May 21 06:58:20 CEST 2014: 58: finished (2628ms, 500cycles)
Wed May 21 06:58:20 CEST 2014: 58: No solution found.
Wed May 21 06:58:22 CEST 2014: 59: finished (1765ms, 485cycles)
Wed May 21 06:58:22 CEST 2014: 59: Solution found.
Wed May 21 06:58:22 CEST 2014: 60: finished (410ms, 103cycles)
Wed May 21 06:58:22 CEST 2014: 60: Solution found.
Wed May 21 06:58:24 CEST 2014: 61: finished (1587ms, 500cycles)
Wed May 21 06:58:24 CEST 2014: 61: No solution found.
Wed May 21 06:58:24 CEST 2014: 62: finished (636ms, 120cycles)
Wed May 21 06:58:24 CEST 2014: 62: Solution found.
Wed May 21 06:58:27 CEST 2014: 63: finished (2563ms, 500cycles)
Wed May 21 06:58:27 CEST 2014: 63: No solution found.
Wed May 21 06:58:29 CEST 2014: 64: finished (2220ms, 500cycles)
Wed May 21 06:58:29 CEST 2014: 64: No solution found.
Wed May 21 06:58:31 CEST 2014: 65: finished (2446ms, 500cycles)
Wed May 21 06:58:31 CEST 2014: 65: No solution found.
Wed May 21 06:58:34 CEST 2014: 66: finished (2268ms, 500cycles)
Wed May 21 06:58:34 CEST 2014: 66: No solution found.
Wed May 21 06:58:34 CEST 2014: 67: finished (189ms, 56cycles)
Wed May 21 06:58:34 CEST 2014: 67: Solution found.
Wed May 21 06:58:34 CEST 2014: 68: finished (155ms, 36cycles)
Wed May 21 06:58:34 CEST 2014: 68: Solution found.
Wed May 21 06:58:35 CEST 2014: 69: finished (892ms, 183cycles)
Wed May 21 06:58:35 CEST 2014: 69: Solution found.
Wed May 21 06:58:36 CEST 2014: 70: finished (1476ms, 500cycles)
Wed May 21 06:58:36 CEST 2014: 70: No solution found.
Wed May 21 06:58:39 CEST 2014: 71: finished (2165ms, 500cycles)
Wed May 21 06:58:39 CEST 2014: 71: No solution found.
Wed May 21 06:58:41 CEST 2014: 72: finished (2471ms, 500cycles)
Wed May 21 06:58:41 CEST 2014: 72: No solution found.
Wed May 21 06:58:41 CEST 2014: 73: finished (328ms, 75cycles)
Wed May 21 06:58:41 CEST 2014: 73: Solution found.
Wed May 21 06:58:44 CEST 2014: 74: finished (2255ms, 500cycles)
Wed May 21 06:58:44 CEST 2014: 74: No solution found.
Wed May 21 06:58:44 CEST 2014: 75: finished (147ms, 41cycles)
Wed May 21 06:58:44 CEST 2014: 75: Solution found.
Wed May 21 06:58:45 CEST 2014: 76: finished (1426ms, 500cycles)
Wed May 21 06:58:45 CEST 2014: 76: No solution found.
Wed May 21 06:58:46 CEST 2014: 77: finished (438ms, 122cycles)
Wed May 21 06:58:46 CEST 2014: 77: Solution found.
Wed May 21 06:58:48 CEST 2014: 78: finished (1952ms, 500cycles)
Wed May 21 06:58:48 CEST 2014: 78: No solution found.
Wed May 21 06:58:48 CEST 2014: 79: finished (255ms, 72cycles)
Wed May 21 06:58:48 CEST 2014: 79: Solution found.
Wed May 21 06:58:50 CEST 2014: 80: finished (1707ms, 500cycles)
Wed May 21 06:58:50 CEST 2014: 80: No solution found.
Wed May 21 06:58:51 CEST 2014: 81: finished (1661ms, 500cycles)
Wed May 21 06:58:51 CEST 2014: 81: No solution found.
Wed May 21 06:58:54 CEST 2014: 82: finished (2285ms, 417cycles)
Wed May 21 06:58:54 CEST 2014: 82: Solution found.
Wed May 21 06:58:54 CEST 2014: 83: finished (653ms, 139cycles)
Wed May 21 06:58:54 CEST 2014: 83: Solution found.
Wed May 21 06:58:55 CEST 2014: 84: finished (350ms, 88cycles)
Wed May 21 06:58:55 CEST 2014: 84: Solution found.
Wed May 21 06:58:57 CEST 2014: 85: finished (2491ms, 500cycles)
Wed May 21 06:58:57 CEST 2014: 85: No solution found.
Wed May 21 06:59:00 CEST 2014: 86: finished (2468ms, 500cycles)
Wed May 21 06:59:00 CEST 2014: 86: No solution found.
Wed May 21 06:59:02 CEST 2014: 87: finished (2451ms, 500cycles)
Wed May 21 06:59:02 CEST 2014: 87: No solution found.
Wed May 21 06:59:05 CEST 2014: 88: finished (2665ms, 500cycles)
Wed May 21 06:59:05 CEST 2014: 88: No solution found.
Wed May 21 06:59:06 CEST 2014: 89: finished (1490ms, 500cycles)
Wed May 21 06:59:06 CEST 2014: 89: No solution found.
Wed May 21 06:59:09 CEST 2014: 90: finished (2584ms, 500cycles)
Wed May 21 06:59:09 CEST 2014: 90: No solution found.
Wed May 21 06:59:12 CEST 2014: 91: finished (2820ms, 500cycles)
Wed May 21 06:59:12 CEST 2014: 91: No solution found.
Wed May 21 06:59:12 CEST 2014: 92: finished (393ms, 96cycles)
Wed May 21 06:59:12 CEST 2014: 92: Solution found.
Wed May 21 06:59:14 CEST 2014: 93: finished (1621ms, 500cycles)
Wed May 21 06:59:14 CEST 2014: 93: No solution found.
Wed May 21 06:59:14 CEST 2014: 94: finished (385ms, 95cycles)
Wed May 21 06:59:14 CEST 2014: 94: Solution found.
Wed May 21 06:59:17 CEST 2014: 95: finished (2574ms, 500cycles)
Wed May 21 06:59:17 CEST 2014: 95: No solution found.
Wed May 21 06:59:18 CEST 2014: 96: finished (1636ms, 500cycles)
Wed May 21 06:59:18 CEST 2014: 96: No solution found.
Wed May 21 06:59:21 CEST 2014: 97: finished (2411ms, 500cycles)
Wed May 21 06:59:21 CEST 2014: 97: No solution found.
Wed May 21 06:59:22 CEST 2014: 98: finished (1698ms, 500cycles)
Wed May 21 06:59:22 CEST 2014: 98: No solution found.
Wed May 21 06:59:24 CEST 2014: 99: finished (1653ms, 500cycles)
Wed May 21 06:59:24 CEST 2014: 99: No solution found.
Wed May 21 06:59:24 CEST 2014: Solution Found: 44
Wed May 21 06:59:24 CEST 2014: Avg cycles: 166
Wed May 21 06:59:24 CEST 2014: Max cycles: 485
Wed May 21 06:59:24 CEST 2014: Min cycles: 28
Wed May 21 06:59:24 CEST 2014: No solution found: 56
Wed May 21 06:59:24 CEST 2014: logging finished. (runtime: 152078ms)
