Tue May 20 20:43:32 CEST 2014: Problem Count: 200
Tue May 20 20:43:32 CEST 2014: CandidatesCount: 150
Tue May 20 20:43:32 CEST 2014: Max Cycles: 500
Tue May 20 20:43:37 CEST 2014: 0: finished (4502ms, 51cycles)
Tue May 20 20:43:37 CEST 2014: 0: Solution found.
Tue May 20 20:44:19 CEST 2014: 1: finished (42279ms, 500cycles)
Tue May 20 20:44:19 CEST 2014: 1: No solution found.
Tue May 20 20:44:28 CEST 2014: 2: finished (8855ms, 103cycles)
Tue May 20 20:44:28 CEST 2014: 2: Solution found.
Tue May 20 20:44:31 CEST 2014: 3: finished (2651ms, 32cycles)
Tue May 20 20:44:31 CEST 2014: 3: Solution found.
Tue May 20 20:45:15 CEST 2014: 4: finished (44064ms, 500cycles)
Tue May 20 20:45:15 CEST 2014: 4: No solution found.
Tue May 20 20:45:21 CEST 2014: 5: finished (6351ms, 78cycles)
Tue May 20 20:45:21 CEST 2014: 5: Solution found.
Tue May 20 20:45:25 CEST 2014: 6: finished (4122ms, 43cycles)
Tue May 20 20:45:25 CEST 2014: 6: Solution found.
Tue May 20 20:46:10 CEST 2014: 7: finished (44742ms, 500cycles)
Tue May 20 20:46:10 CEST 2014: 7: No solution found.
Tue May 20 20:46:18 CEST 2014: 8: finished (7695ms, 90cycles)
Tue May 20 20:46:18 CEST 2014: 8: Solution found.
Tue May 20 20:46:21 CEST 2014: 9: finished (3817ms, 41cycles)
Tue May 20 20:46:21 CEST 2014: 9: Solution found.
Tue May 20 20:47:05 CEST 2014: 10: finished (43368ms, 500cycles)
Tue May 20 20:47:05 CEST 2014: 10: No solution found.
Tue May 20 20:47:49 CEST 2014: 11: finished (43878ms, 500cycles)
Tue May 20 20:47:49 CEST 2014: 11: No solution found.
Tue May 20 20:47:55 CEST 2014: 12: finished (5787ms, 67cycles)
Tue May 20 20:47:55 CEST 2014: 12: Solution found.
Tue May 20 20:48:00 CEST 2014: 13: finished (5312ms, 58cycles)
Tue May 20 20:48:00 CEST 2014: 13: Solution found.
Tue May 20 20:48:17 CEST 2014: 14: finished (17111ms, 195cycles)
Tue May 20 20:48:17 CEST 2014: 14: Solution found.
Tue May 20 20:48:22 CEST 2014: 15: finished (4471ms, 49cycles)
Tue May 20 20:48:22 CEST 2014: 15: Solution found.
Tue May 20 20:48:26 CEST 2014: 16: finished (4572ms, 52cycles)
Tue May 20 20:48:26 CEST 2014: 16: Solution found.
Tue May 20 20:49:10 CEST 2014: 17: finished (44358ms, 500cycles)
Tue May 20 20:49:10 CEST 2014: 17: No solution found.
Tue May 20 20:49:58 CEST 2014: 18: finished (47500ms, 500cycles)
Tue May 20 20:49:58 CEST 2014: 18: No solution found.
Tue May 20 20:50:41 CEST 2014: 19: finished (43032ms, 500cycles)
Tue May 20 20:50:41 CEST 2014: 19: No solution found.
Tue May 20 20:50:42 CEST 2014: 20: finished (1333ms, 14cycles)
Tue May 20 20:50:42 CEST 2014: 20: Solution found.
Tue May 20 20:51:00 CEST 2014: 21: finished (17757ms, 195cycles)
Tue May 20 20:51:00 CEST 2014: 21: Solution found.
Tue May 20 20:51:53 CEST 2014: 22: finished (52687ms, 500cycles)
Tue May 20 20:51:53 CEST 2014: 22: No solution found.
Tue May 20 20:51:57 CEST 2014: 23: finished (4013ms, 45cycles)
Tue May 20 20:51:57 CEST 2014: 23: Solution found.
Tue May 20 20:52:16 CEST 2014: 24: finished (18966ms, 202cycles)
Tue May 20 20:52:16 CEST 2014: 24: Solution found.
Tue May 20 20:52:36 CEST 2014: 25: finished (20624ms, 240cycles)
Tue May 20 20:52:37 CEST 2014: 25: Solution found.
Tue May 20 20:53:20 CEST 2014: 26: finished (43437ms, 500cycles)
Tue May 20 20:53:20 CEST 2014: 26: No solution found.
Tue May 20 20:53:25 CEST 2014: 27: finished (5105ms, 59cycles)
Tue May 20 20:53:25 CEST 2014: 27: Solution found.
Tue May 20 20:53:52 CEST 2014: 28: finished (26863ms, 305cycles)
Tue May 20 20:53:52 CEST 2014: 28: Solution found.
Tue May 20 20:53:56 CEST 2014: 29: finished (3732ms, 42cycles)
Tue May 20 20:53:56 CEST 2014: 29: Solution found.
Tue May 20 20:54:02 CEST 2014: 30: finished (6728ms, 71cycles)
Tue May 20 20:54:02 CEST 2014: 30: Solution found.
Tue May 20 20:54:08 CEST 2014: 31: finished (5173ms, 56cycles)
Tue May 20 20:54:08 CEST 2014: 31: Solution found.
Tue May 20 20:54:51 CEST 2014: 32: finished (43154ms, 500cycles)
Tue May 20 20:54:51 CEST 2014: 32: No solution found.
Tue May 20 20:54:58 CEST 2014: 33: finished (6743ms, 74cycles)
Tue May 20 20:54:58 CEST 2014: 33: Solution found.
Tue May 20 20:55:03 CEST 2014: 34: finished (5258ms, 60cycles)
Tue May 20 20:55:03 CEST 2014: 34: Solution found.
Tue May 20 20:55:46 CEST 2014: 35: finished (42797ms, 500cycles)
Tue May 20 20:55:46 CEST 2014: 35: No solution found.
Tue May 20 20:55:50 CEST 2014: 36: finished (4248ms, 48cycles)
Tue May 20 20:55:50 CEST 2014: 36: Solution found.
Tue May 20 20:55:55 CEST 2014: 37: finished (5510ms, 62cycles)
Tue May 20 20:55:55 CEST 2014: 37: Solution found.
Tue May 20 20:56:40 CEST 2014: 38: finished (44276ms, 500cycles)
Tue May 20 20:56:40 CEST 2014: 38: No solution found.
Tue May 20 20:56:48 CEST 2014: 39: finished (8398ms, 102cycles)
Tue May 20 20:56:48 CEST 2014: 39: Solution found.
Tue May 20 20:57:18 CEST 2014: 40: finished (29857ms, 345cycles)
Tue May 20 20:57:18 CEST 2014: 40: Solution found.
Tue May 20 20:58:00 CEST 2014: 41: finished (41629ms, 500cycles)
Tue May 20 20:58:00 CEST 2014: 41: No solution found.
Tue May 20 20:58:40 CEST 2014: 42: finished (40728ms, 500cycles)
Tue May 20 20:58:40 CEST 2014: 42: No solution found.
Tue May 20 20:58:47 CEST 2014: 43: finished (6659ms, 77cycles)
Tue May 20 20:58:47 CEST 2014: 43: Solution found.
Tue May 20 20:59:28 CEST 2014: 44: finished (40502ms, 500cycles)
Tue May 20 20:59:28 CEST 2014: 44: No solution found.
Tue May 20 20:59:31 CEST 2014: 45: finished (3817ms, 44cycles)
Tue May 20 20:59:31 CEST 2014: 45: Solution found.
Tue May 20 20:59:41 CEST 2014: 46: finished (9818ms, 106cycles)
Tue May 20 20:59:41 CEST 2014: 46: Solution found.
Tue May 20 21:00:24 CEST 2014: 47: finished (42412ms, 500cycles)
Tue May 20 21:00:24 CEST 2014: 47: No solution found.
Tue May 20 21:00:34 CEST 2014: 48: finished (10277ms, 107cycles)
Tue May 20 21:00:34 CEST 2014: 48: Solution found.
Tue May 20 21:00:38 CEST 2014: 49: finished (3982ms, 44cycles)
Tue May 20 21:00:38 CEST 2014: 49: Solution found.
Tue May 20 21:00:45 CEST 2014: 50: finished (6908ms, 77cycles)
Tue May 20 21:00:45 CEST 2014: 50: Solution found.
Tue May 20 21:01:09 CEST 2014: 51: finished (23860ms, 270cycles)
Tue May 20 21:01:09 CEST 2014: 51: Solution found.
Tue May 20 21:01:14 CEST 2014: 52: finished (5652ms, 66cycles)
Tue May 20 21:01:14 CEST 2014: 52: Solution found.
Tue May 20 21:02:00 CEST 2014: 53: finished (45283ms, 500cycles)
Tue May 20 21:02:00 CEST 2014: 53: No solution found.
Tue May 20 21:02:04 CEST 2014: 54: finished (4271ms, 43cycles)
Tue May 20 21:02:04 CEST 2014: 54: Solution found.
Tue May 20 21:02:16 CEST 2014: 55: finished (12019ms, 132cycles)
Tue May 20 21:02:16 CEST 2014: 55: Solution found.
Tue May 20 21:03:00 CEST 2014: 56: finished (43724ms, 500cycles)
Tue May 20 21:03:00 CEST 2014: 56: No solution found.
Tue May 20 21:03:20 CEST 2014: 57: finished (19755ms, 200cycles)
Tue May 20 21:03:20 CEST 2014: 57: Solution found.
Tue May 20 21:03:29 CEST 2014: 58: finished (9417ms, 60cycles)
Tue May 20 21:03:29 CEST 2014: 58: Solution found.
Tue May 20 21:03:39 CEST 2014: 59: finished (9912ms, 67cycles)
Tue May 20 21:03:39 CEST 2014: 59: Solution found.
Tue May 20 21:03:59 CEST 2014: 60: finished (20313ms, 169cycles)
Tue May 20 21:03:59 CEST 2014: 60: Solution found.
Tue May 20 21:04:34 CEST 2014: 61: finished (34740ms, 315cycles)
Tue May 20 21:04:34 CEST 2014: 61: Solution found.
Tue May 20 21:04:40 CEST 2014: 62: finished (6119ms, 56cycles)
Tue May 20 21:04:40 CEST 2014: 62: Solution found.
Tue May 20 21:04:45 CEST 2014: 63: finished (4465ms, 40cycles)
Tue May 20 21:04:45 CEST 2014: 63: Solution found.
Tue May 20 21:05:39 CEST 2014: 64: finished (54515ms, 500cycles)
Tue May 20 21:05:39 CEST 2014: 64: No solution found.
Tue May 20 21:05:49 CEST 2014: 65: finished (9610ms, 80cycles)
Tue May 20 21:05:49 CEST 2014: 65: Solution found.
Tue May 20 21:06:39 CEST 2014: 66: finished (50643ms, 500cycles)
Tue May 20 21:06:39 CEST 2014: 66: No solution found.
Tue May 20 21:06:43 CEST 2014: 67: finished (3678ms, 45cycles)
Tue May 20 21:06:43 CEST 2014: 67: Solution found.
Tue May 20 21:07:18 CEST 2014: 68: finished (34436ms, 500cycles)
Tue May 20 21:07:18 CEST 2014: 68: No solution found.
Tue May 20 21:07:20 CEST 2014: 69: finished (2913ms, 40cycles)
Tue May 20 21:07:20 CEST 2014: 69: Solution found.
Tue May 20 21:07:25 CEST 2014: 70: finished (4726ms, 62cycles)
Tue May 20 21:07:25 CEST 2014: 70: Solution found.
Tue May 20 21:07:28 CEST 2014: 71: finished (2457ms, 35cycles)
Tue May 20 21:07:28 CEST 2014: 71: Solution found.
Tue May 20 21:07:31 CEST 2014: 72: finished (3288ms, 47cycles)
Tue May 20 21:07:31 CEST 2014: 72: Solution found.
Tue May 20 21:08:04 CEST 2014: 73: finished (33396ms, 500cycles)
Tue May 20 21:08:04 CEST 2014: 73: No solution found.
Tue May 20 21:08:09 CEST 2014: 74: finished (5043ms, 63cycles)
Tue May 20 21:08:09 CEST 2014: 74: Solution found.
Tue May 20 21:08:13 CEST 2014: 75: finished (3806ms, 52cycles)
Tue May 20 21:08:13 CEST 2014: 75: Solution found.
Tue May 20 21:08:23 CEST 2014: 76: finished (9999ms, 148cycles)
Tue May 20 21:08:23 CEST 2014: 76: Solution found.
Tue May 20 21:08:25 CEST 2014: 77: finished (2227ms, 29cycles)
Tue May 20 21:08:25 CEST 2014: 77: Solution found.
Tue May 20 21:08:59 CEST 2014: 78: finished (33335ms, 500cycles)
Tue May 20 21:08:59 CEST 2014: 78: No solution found.
Tue May 20 21:09:02 CEST 2014: 79: finished (3587ms, 51cycles)
Tue May 20 21:09:02 CEST 2014: 79: Solution found.
Tue May 20 21:09:06 CEST 2014: 80: finished (3598ms, 49cycles)
Tue May 20 21:09:06 CEST 2014: 80: Solution found.
Tue May 20 21:09:39 CEST 2014: 81: finished (33264ms, 500cycles)
Tue May 20 21:09:39 CEST 2014: 81: No solution found.
Tue May 20 21:09:44 CEST 2014: 82: finished (4416ms, 68cycles)
Tue May 20 21:09:44 CEST 2014: 82: Solution found.
Tue May 20 21:10:05 CEST 2014: 83: finished (20761ms, 296cycles)
Tue May 20 21:10:05 CEST 2014: 83: Solution found.
Tue May 20 21:10:14 CEST 2014: 84: finished (9202ms, 139cycles)
Tue May 20 21:10:14 CEST 2014: 84: Solution found.
Tue May 20 21:10:18 CEST 2014: 85: finished (4060ms, 57cycles)
Tue May 20 21:10:18 CEST 2014: 85: Solution found.
Tue May 20 21:10:52 CEST 2014: 86: finished (33992ms, 500cycles)
Tue May 20 21:10:52 CEST 2014: 86: No solution found.
Tue May 20 21:10:56 CEST 2014: 87: finished (3860ms, 54cycles)
Tue May 20 21:10:56 CEST 2014: 87: Solution found.
Tue May 20 21:11:03 CEST 2014: 88: finished (6884ms, 103cycles)
Tue May 20 21:11:03 CEST 2014: 88: Solution found.
Tue May 20 21:11:09 CEST 2014: 89: finished (5942ms, 87cycles)
Tue May 20 21:11:09 CEST 2014: 89: Solution found.
Tue May 20 21:11:13 CEST 2014: 90: finished (3966ms, 53cycles)
Tue May 20 21:11:13 CEST 2014: 90: Solution found.
Tue May 20 21:11:17 CEST 2014: 91: finished (4694ms, 76cycles)
Tue May 20 21:11:17 CEST 2014: 91: Solution found.
Tue May 20 21:11:52 CEST 2014: 92: finished (34329ms, 500cycles)
Tue May 20 21:11:52 CEST 2014: 92: No solution found.
Tue May 20 21:11:56 CEST 2014: 93: finished (4864ms, 69cycles)
Tue May 20 21:11:56 CEST 2014: 93: Solution found.
Tue May 20 21:11:59 CEST 2014: 94: finished (2999ms, 45cycles)
Tue May 20 21:11:59 CEST 2014: 94: Solution found.
Tue May 20 21:12:36 CEST 2014: 95: finished (36357ms, 500cycles)
Tue May 20 21:12:36 CEST 2014: 95: No solution found.
Tue May 20 21:13:11 CEST 2014: 96: finished (35641ms, 500cycles)
Tue May 20 21:13:11 CEST 2014: 96: No solution found.
Tue May 20 21:13:15 CEST 2014: 97: finished (3693ms, 49cycles)
Tue May 20 21:13:15 CEST 2014: 97: Solution found.
Tue May 20 21:13:20 CEST 2014: 98: finished (4446ms, 61cycles)
Tue May 20 21:13:20 CEST 2014: 98: Solution found.
Tue May 20 21:13:55 CEST 2014: 99: finished (34851ms, 500cycles)
Tue May 20 21:13:55 CEST 2014: 99: No solution found.
Tue May 20 21:13:55 CEST 2014: Solution Found: 70
Tue May 20 21:13:55 CEST 2014: Avg cycles: 93
Tue May 20 21:13:55 CEST 2014: Max cycles: 345
Tue May 20 21:13:55 CEST 2014: Min cycles: 14
Tue May 20 21:13:55 CEST 2014: No solution found: 30
Tue May 20 21:13:55 CEST 2014: logging finished. (runtime: 1822255ms)
