Wed May 21 02:54:45 CEST 2014: Problem Count: 250
Wed May 21 02:54:45 CEST 2014: CandidatesCount: 150
Wed May 21 02:54:45 CEST 2014: Max Cycles: 500
Wed May 21 02:54:46 CEST 2014: 0: finished (1157ms, 37cycles)
Wed May 21 02:54:46 CEST 2014: 0: Solution found.
Wed May 21 02:54:51 CEST 2014: 1: finished (4641ms, 149cycles)
Wed May 21 02:54:51 CEST 2014: 1: Solution found.
Wed May 21 02:54:53 CEST 2014: 2: finished (2535ms, 75cycles)
Wed May 21 02:54:53 CEST 2014: 2: Solution found.
Wed May 21 02:55:08 CEST 2014: 3: finished (15294ms, 500cycles)
Wed May 21 02:55:08 CEST 2014: 3: No solution found.
Wed May 21 02:55:24 CEST 2014: 4: finished (15338ms, 500cycles)
Wed May 21 02:55:24 CEST 2014: 4: No solution found.
Wed May 21 02:55:39 CEST 2014: 5: finished (15098ms, 500cycles)
Wed May 21 02:55:39 CEST 2014: 5: No solution found.
Wed May 21 02:55:41 CEST 2014: 6: finished (2015ms, 60cycles)
Wed May 21 02:55:41 CEST 2014: 6: Solution found.
Wed May 21 02:55:56 CEST 2014: 7: finished (15239ms, 500cycles)
Wed May 21 02:55:56 CEST 2014: 7: No solution found.
Wed May 21 02:55:58 CEST 2014: 8: finished (1733ms, 50cycles)
Wed May 21 02:55:58 CEST 2014: 8: Solution found.
Wed May 21 02:56:01 CEST 2014: 9: finished (2903ms, 92cycles)
Wed May 21 02:56:01 CEST 2014: 9: Solution found.
Wed May 21 02:56:16 CEST 2014: 10: finished (14963ms, 500cycles)
Wed May 21 02:56:16 CEST 2014: 10: No solution found.
Wed May 21 02:56:31 CEST 2014: 11: finished (15112ms, 500cycles)
Wed May 21 02:56:31 CEST 2014: 11: No solution found.
Wed May 21 02:56:46 CEST 2014: 12: finished (15457ms, 500cycles)
Wed May 21 02:56:46 CEST 2014: 12: No solution found.
Wed May 21 02:57:01 CEST 2014: 13: finished (15133ms, 500cycles)
Wed May 21 02:57:01 CEST 2014: 13: No solution found.
Wed May 21 02:57:02 CEST 2014: 14: finished (973ms, 30cycles)
Wed May 21 02:57:02 CEST 2014: 14: Solution found.
Wed May 21 02:57:18 CEST 2014: 15: finished (15338ms, 500cycles)
Wed May 21 02:57:18 CEST 2014: 15: No solution found.
Wed May 21 02:57:21 CEST 2014: 16: finished (2929ms, 88cycles)
Wed May 21 02:57:21 CEST 2014: 16: Solution found.
Wed May 21 02:57:22 CEST 2014: 17: finished (1491ms, 47cycles)
Wed May 21 02:57:22 CEST 2014: 17: Solution found.
Wed May 21 02:57:26 CEST 2014: 18: finished (3572ms, 112cycles)
Wed May 21 02:57:26 CEST 2014: 18: Solution found.
Wed May 21 02:57:41 CEST 2014: 19: finished (15357ms, 500cycles)
Wed May 21 02:57:41 CEST 2014: 19: No solution found.
Wed May 21 02:57:56 CEST 2014: 20: finished (15314ms, 500cycles)
Wed May 21 02:57:56 CEST 2014: 20: No solution found.
Wed May 21 02:58:00 CEST 2014: 21: finished (3887ms, 122cycles)
Wed May 21 02:58:00 CEST 2014: 21: Solution found.
Wed May 21 02:58:16 CEST 2014: 22: finished (15500ms, 500cycles)
Wed May 21 02:58:16 CEST 2014: 22: No solution found.
Wed May 21 02:58:18 CEST 2014: 23: finished (1719ms, 57cycles)
Wed May 21 02:58:18 CEST 2014: 23: Solution found.
Wed May 21 02:58:33 CEST 2014: 24: finished (15111ms, 500cycles)
Wed May 21 02:58:33 CEST 2014: 24: No solution found.
Wed May 21 02:58:48 CEST 2014: 25: finished (15355ms, 500cycles)
Wed May 21 02:58:48 CEST 2014: 25: No solution found.
Wed May 21 02:59:03 CEST 2014: 26: finished (14847ms, 500cycles)
Wed May 21 02:59:03 CEST 2014: 26: No solution found.
Wed May 21 02:59:04 CEST 2014: 27: finished (1423ms, 39cycles)
Wed May 21 02:59:04 CEST 2014: 27: Solution found.
Wed May 21 02:59:20 CEST 2014: 28: finished (15573ms, 500cycles)
Wed May 21 02:59:20 CEST 2014: 28: No solution found.
Wed May 21 02:59:21 CEST 2014: 29: finished (1150ms, 38cycles)
Wed May 21 02:59:21 CEST 2014: 29: Solution found.
Wed May 21 02:59:24 CEST 2014: 30: finished (2872ms, 88cycles)
Wed May 21 02:59:24 CEST 2014: 30: Solution found.
Wed May 21 02:59:27 CEST 2014: 31: finished (2707ms, 84cycles)
Wed May 21 02:59:27 CEST 2014: 31: Solution found.
Wed May 21 02:59:27 CEST 2014: 32: finished (759ms, 25cycles)
Wed May 21 02:59:27 CEST 2014: 32: Solution found.
Wed May 21 02:59:39 CEST 2014: 33: finished (11873ms, 371cycles)
Wed May 21 02:59:39 CEST 2014: 33: Solution found.
Wed May 21 02:59:40 CEST 2014: 34: finished (883ms, 25cycles)
Wed May 21 02:59:40 CEST 2014: 34: Solution found.
Wed May 21 02:59:44 CEST 2014: 35: finished (3924ms, 126cycles)
Wed May 21 02:59:44 CEST 2014: 35: Solution found.
Wed May 21 02:59:45 CEST 2014: 36: finished (1277ms, 38cycles)
Wed May 21 02:59:45 CEST 2014: 36: Solution found.
Wed May 21 02:59:56 CEST 2014: 37: finished (10971ms, 358cycles)
Wed May 21 02:59:56 CEST 2014: 37: Solution found.
Wed May 21 02:59:59 CEST 2014: 38: finished (2350ms, 69cycles)
Wed May 21 02:59:59 CEST 2014: 38: Solution found.
Wed May 21 03:00:14 CEST 2014: 39: finished (15235ms, 500cycles)
Wed May 21 03:00:14 CEST 2014: 39: No solution found.
Wed May 21 03:00:18 CEST 2014: 40: finished (3637ms, 115cycles)
Wed May 21 03:00:18 CEST 2014: 40: Solution found.
Wed May 21 03:00:33 CEST 2014: 41: finished (15332ms, 496cycles)
Wed May 21 03:00:33 CEST 2014: 41: Solution found.
Wed May 21 03:00:36 CEST 2014: 42: finished (2727ms, 79cycles)
Wed May 21 03:00:36 CEST 2014: 42: Solution found.
Wed May 21 03:00:40 CEST 2014: 43: finished (4095ms, 119cycles)
Wed May 21 03:00:40 CEST 2014: 43: Solution found.
Wed May 21 03:00:41 CEST 2014: 44: finished (1043ms, 30cycles)
Wed May 21 03:00:41 CEST 2014: 44: Solution found.
Wed May 21 03:00:56 CEST 2014: 45: finished (14969ms, 500cycles)
Wed May 21 03:00:56 CEST 2014: 45: No solution found.
Wed May 21 03:01:11 CEST 2014: 46: finished (14966ms, 500cycles)
Wed May 21 03:01:11 CEST 2014: 46: No solution found.
Wed May 21 03:01:26 CEST 2014: 47: finished (15196ms, 500cycles)
Wed May 21 03:01:26 CEST 2014: 47: No solution found.
Wed May 21 03:01:41 CEST 2014: 48: finished (15419ms, 500cycles)
Wed May 21 03:01:41 CEST 2014: 48: No solution found.
Wed May 21 03:01:57 CEST 2014: 49: finished (15083ms, 500cycles)
Wed May 21 03:01:57 CEST 2014: 49: No solution found.
Wed May 21 03:01:58 CEST 2014: 50: finished (1842ms, 56cycles)
Wed May 21 03:01:58 CEST 2014: 50: Solution found.
Wed May 21 03:02:13 CEST 2014: 51: finished (14792ms, 500cycles)
Wed May 21 03:02:13 CEST 2014: 51: No solution found.
Wed May 21 03:02:19 CEST 2014: 52: finished (5542ms, 167cycles)
Wed May 21 03:02:19 CEST 2014: 52: Solution found.
Wed May 21 03:02:34 CEST 2014: 53: finished (15127ms, 500cycles)
Wed May 21 03:02:34 CEST 2014: 53: No solution found.
Wed May 21 03:02:36 CEST 2014: 54: finished (2042ms, 59cycles)
Wed May 21 03:02:36 CEST 2014: 54: Solution found.
Wed May 21 03:02:37 CEST 2014: 55: finished (1556ms, 44cycles)
Wed May 21 03:02:37 CEST 2014: 55: Solution found.
Wed May 21 03:02:39 CEST 2014: 56: finished (1870ms, 53cycles)
Wed May 21 03:02:39 CEST 2014: 56: Solution found.
Wed May 21 03:02:54 CEST 2014: 57: finished (14751ms, 500cycles)
Wed May 21 03:02:54 CEST 2014: 57: No solution found.
Wed May 21 03:03:09 CEST 2014: 58: finished (15347ms, 500cycles)
Wed May 21 03:03:09 CEST 2014: 58: No solution found.
Wed May 21 03:03:11 CEST 2014: 59: finished (1595ms, 44cycles)
Wed May 21 03:03:11 CEST 2014: 59: Solution found.
Wed May 21 03:03:13 CEST 2014: 60: finished (1533ms, 52cycles)
Wed May 21 03:03:13 CEST 2014: 60: Solution found.
Wed May 21 03:03:21 CEST 2014: 61: finished (8702ms, 289cycles)
Wed May 21 03:03:21 CEST 2014: 61: Solution found.
Wed May 21 03:03:22 CEST 2014: 62: finished (851ms, 29cycles)
Wed May 21 03:03:22 CEST 2014: 62: Solution found.
Wed May 21 03:03:26 CEST 2014: 63: finished (3906ms, 121cycles)
Wed May 21 03:03:26 CEST 2014: 63: Solution found.
Wed May 21 03:03:29 CEST 2014: 64: finished (2793ms, 92cycles)
Wed May 21 03:03:29 CEST 2014: 64: Solution found.
Wed May 21 03:03:31 CEST 2014: 65: finished (1645ms, 46cycles)
Wed May 21 03:03:31 CEST 2014: 65: Solution found.
Wed May 21 03:03:46 CEST 2014: 66: finished (15842ms, 500cycles)
Wed May 21 03:03:46 CEST 2014: 66: No solution found.
Wed May 21 03:03:48 CEST 2014: 67: finished (1716ms, 47cycles)
Wed May 21 03:03:48 CEST 2014: 67: Solution found.
Wed May 21 03:04:02 CEST 2014: 68: finished (13566ms, 453cycles)
Wed May 21 03:04:02 CEST 2014: 68: Solution found.
Wed May 21 03:04:17 CEST 2014: 69: finished (15037ms, 500cycles)
Wed May 21 03:04:17 CEST 2014: 69: No solution found.
Wed May 21 03:04:18 CEST 2014: 70: finished (852ms, 24cycles)
Wed May 21 03:04:18 CEST 2014: 70: Solution found.
Wed May 21 03:04:33 CEST 2014: 71: finished (15745ms, 500cycles)
Wed May 21 03:04:33 CEST 2014: 71: No solution found.
Wed May 21 03:04:35 CEST 2014: 72: finished (2002ms, 62cycles)
Wed May 21 03:04:35 CEST 2014: 72: Solution found.
Wed May 21 03:04:41 CEST 2014: 73: finished (5372ms, 193cycles)
Wed May 21 03:04:41 CEST 2014: 73: Solution found.
Wed May 21 03:04:42 CEST 2014: 74: finished (1082ms, 30cycles)
Wed May 21 03:04:42 CEST 2014: 74: Solution found.
Wed May 21 03:04:43 CEST 2014: 75: finished (1279ms, 42cycles)
Wed May 21 03:04:43 CEST 2014: 75: Solution found.
Wed May 21 03:04:45 CEST 2014: 76: finished (2387ms, 76cycles)
Wed May 21 03:04:45 CEST 2014: 76: Solution found.
Wed May 21 03:05:01 CEST 2014: 77: finished (15204ms, 500cycles)
Wed May 21 03:05:01 CEST 2014: 77: No solution found.
Wed May 21 03:05:02 CEST 2014: 78: finished (1084ms, 31cycles)
Wed May 21 03:05:02 CEST 2014: 78: Solution found.
Wed May 21 03:05:04 CEST 2014: 79: finished (1778ms, 55cycles)
Wed May 21 03:05:04 CEST 2014: 79: Solution found.
Wed May 21 03:05:18 CEST 2014: 80: finished (14934ms, 500cycles)
Wed May 21 03:05:18 CEST 2014: 80: No solution found.
Wed May 21 03:05:22 CEST 2014: 81: finished (3017ms, 87cycles)
Wed May 21 03:05:22 CEST 2014: 81: Solution found.
Wed May 21 03:05:36 CEST 2014: 82: finished (13992ms, 453cycles)
Wed May 21 03:05:36 CEST 2014: 82: Solution found.
Wed May 21 03:05:37 CEST 2014: 83: finished (1436ms, 41cycles)
Wed May 21 03:05:37 CEST 2014: 83: Solution found.
Wed May 21 03:05:39 CEST 2014: 84: finished (1911ms, 60cycles)
Wed May 21 03:05:39 CEST 2014: 84: Solution found.
Wed May 21 03:05:41 CEST 2014: 85: finished (1692ms, 56cycles)
Wed May 21 03:05:41 CEST 2014: 85: Solution found.
Wed May 21 03:05:43 CEST 2014: 86: finished (2487ms, 74cycles)
Wed May 21 03:05:43 CEST 2014: 86: Solution found.
Wed May 21 03:05:44 CEST 2014: 87: finished (1227ms, 34cycles)
Wed May 21 03:05:44 CEST 2014: 87: Solution found.
Wed May 21 03:05:46 CEST 2014: 88: finished (1448ms, 48cycles)
Wed May 21 03:05:46 CEST 2014: 88: Solution found.
Wed May 21 03:05:48 CEST 2014: 89: finished (1937ms, 60cycles)
Wed May 21 03:05:48 CEST 2014: 89: Solution found.
Wed May 21 03:05:49 CEST 2014: 90: finished (1428ms, 45cycles)
Wed May 21 03:05:49 CEST 2014: 90: Solution found.
Wed May 21 03:05:54 CEST 2014: 91: finished (4400ms, 138cycles)
Wed May 21 03:05:54 CEST 2014: 91: Solution found.
Wed May 21 03:05:56 CEST 2014: 92: finished (2170ms, 62cycles)
Wed May 21 03:05:56 CEST 2014: 92: Solution found.
Wed May 21 03:05:58 CEST 2014: 93: finished (2502ms, 76cycles)
Wed May 21 03:05:58 CEST 2014: 93: Solution found.
Wed May 21 03:06:00 CEST 2014: 94: finished (2110ms, 64cycles)
Wed May 21 03:06:00 CEST 2014: 94: Solution found.
Wed May 21 03:06:03 CEST 2014: 95: finished (2653ms, 80cycles)
Wed May 21 03:06:03 CEST 2014: 95: Solution found.
Wed May 21 03:06:06 CEST 2014: 96: finished (3087ms, 96cycles)
Wed May 21 03:06:06 CEST 2014: 96: Solution found.
Wed May 21 03:06:09 CEST 2014: 97: finished (2518ms, 75cycles)
Wed May 21 03:06:09 CEST 2014: 97: Solution found.
Wed May 21 03:06:10 CEST 2014: 98: finished (1503ms, 43cycles)
Wed May 21 03:06:10 CEST 2014: 98: Solution found.
Wed May 21 03:06:11 CEST 2014: 99: finished (1249ms, 36cycles)
Wed May 21 03:06:11 CEST 2014: 99: Solution found.
Wed May 21 03:06:11 CEST 2014: Solution Found: 69
Wed May 21 03:06:11 CEST 2014: Avg cycles: 97
Wed May 21 03:06:11 CEST 2014: Max cycles: 496
Wed May 21 03:06:11 CEST 2014: Min cycles: 24
Wed May 21 03:06:11 CEST 2014: No solution found: 31
Wed May 21 03:06:11 CEST 2014: logging finished. (runtime: 686632ms)
