Wed May 21 02:05:41 CEST 2014: Problem Count: 150
Wed May 21 02:05:41 CEST 2014: CandidatesCount: 50
Wed May 21 02:05:41 CEST 2014: Max Cycles: 500
Wed May 21 02:05:42 CEST 2014: 0: finished (299ms, 88cycles)
Wed May 21 02:05:42 CEST 2014: 0: Solution found.
Wed May 21 02:05:43 CEST 2014: 1: finished (1740ms, 500cycles)
Wed May 21 02:05:43 CEST 2014: 1: No solution found.
Wed May 21 02:05:45 CEST 2014: 2: finished (1693ms, 500cycles)
Wed May 21 02:05:45 CEST 2014: 2: No solution found.
Wed May 21 02:05:45 CEST 2014: 3: finished (363ms, 98cycles)
Wed May 21 02:05:45 CEST 2014: 3: Solution found.
Wed May 21 02:05:47 CEST 2014: 4: finished (1641ms, 500cycles)
Wed May 21 02:05:47 CEST 2014: 4: No solution found.
Wed May 21 02:05:48 CEST 2014: 5: finished (571ms, 164cycles)
Wed May 21 02:05:48 CEST 2014: 5: Solution found.
Wed May 21 02:05:50 CEST 2014: 6: finished (1975ms, 487cycles)
Wed May 21 02:05:50 CEST 2014: 6: Solution found.
Wed May 21 02:05:52 CEST 2014: 7: finished (2127ms, 500cycles)
Wed May 21 02:05:52 CEST 2014: 7: No solution found.
Wed May 21 02:05:54 CEST 2014: 8: finished (2046ms, 500cycles)
Wed May 21 02:05:54 CEST 2014: 8: No solution found.
Wed May 21 02:05:56 CEST 2014: 9: finished (1775ms, 500cycles)
Wed May 21 02:05:56 CEST 2014: 9: No solution found.
Wed May 21 02:05:57 CEST 2014: 10: finished (1596ms, 500cycles)
Wed May 21 02:05:57 CEST 2014: 10: No solution found.
Wed May 21 02:05:59 CEST 2014: 11: finished (1715ms, 500cycles)
Wed May 21 02:05:59 CEST 2014: 11: No solution found.
Wed May 21 02:06:00 CEST 2014: 12: finished (871ms, 241cycles)
Wed May 21 02:06:00 CEST 2014: 12: Solution found.
Wed May 21 02:06:00 CEST 2014: 13: finished (446ms, 129cycles)
Wed May 21 02:06:00 CEST 2014: 13: Solution found.
Wed May 21 02:06:02 CEST 2014: 14: finished (1758ms, 500cycles)
Wed May 21 02:06:02 CEST 2014: 14: No solution found.
Wed May 21 02:06:03 CEST 2014: 15: finished (1313ms, 417cycles)
Wed May 21 02:06:03 CEST 2014: 15: Solution found.
Wed May 21 02:06:05 CEST 2014: 16: finished (1689ms, 500cycles)
Wed May 21 02:06:05 CEST 2014: 16: No solution found.
Wed May 21 02:06:07 CEST 2014: 17: finished (1738ms, 500cycles)
Wed May 21 02:06:07 CEST 2014: 17: No solution found.
Wed May 21 02:06:08 CEST 2014: 18: finished (1641ms, 500cycles)
Wed May 21 02:06:08 CEST 2014: 18: No solution found.
Wed May 21 02:06:09 CEST 2014: 19: finished (650ms, 153cycles)
Wed May 21 02:06:09 CEST 2014: 19: Solution found.
Wed May 21 02:06:11 CEST 2014: 20: finished (1696ms, 500cycles)
Wed May 21 02:06:11 CEST 2014: 20: No solution found.
Wed May 21 02:06:12 CEST 2014: 21: finished (981ms, 253cycles)
Wed May 21 02:06:12 CEST 2014: 21: Solution found.
Wed May 21 02:06:13 CEST 2014: 22: finished (1624ms, 500cycles)
Wed May 21 02:06:13 CEST 2014: 22: No solution found.
Wed May 21 02:06:14 CEST 2014: 23: finished (412ms, 104cycles)
Wed May 21 02:06:14 CEST 2014: 23: Solution found.
Wed May 21 02:06:14 CEST 2014: 24: finished (389ms, 107cycles)
Wed May 21 02:06:14 CEST 2014: 24: Solution found.
Wed May 21 02:06:16 CEST 2014: 25: finished (1664ms, 500cycles)
Wed May 21 02:06:16 CEST 2014: 25: No solution found.
Wed May 21 02:06:18 CEST 2014: 26: finished (1736ms, 500cycles)
Wed May 21 02:06:18 CEST 2014: 26: No solution found.
Wed May 21 02:06:19 CEST 2014: 27: finished (1519ms, 500cycles)
Wed May 21 02:06:19 CEST 2014: 27: No solution found.
Wed May 21 02:06:21 CEST 2014: 28: finished (2147ms, 500cycles)
Wed May 21 02:06:21 CEST 2014: 28: No solution found.
Wed May 21 02:06:23 CEST 2014: 29: finished (1704ms, 500cycles)
Wed May 21 02:06:23 CEST 2014: 29: No solution found.
Wed May 21 02:06:25 CEST 2014: 30: finished (1662ms, 500cycles)
Wed May 21 02:06:25 CEST 2014: 30: No solution found.
Wed May 21 02:06:26 CEST 2014: 31: finished (1717ms, 500cycles)
Wed May 21 02:06:26 CEST 2014: 31: No solution found.
Wed May 21 02:06:27 CEST 2014: 32: finished (212ms, 56cycles)
Wed May 21 02:06:27 CEST 2014: 32: Solution found.
Wed May 21 02:06:27 CEST 2014: 33: finished (419ms, 108cycles)
Wed May 21 02:06:27 CEST 2014: 33: Solution found.
Wed May 21 02:06:29 CEST 2014: 34: finished (1787ms, 500cycles)
Wed May 21 02:06:29 CEST 2014: 34: No solution found.
Wed May 21 02:06:31 CEST 2014: 35: finished (2118ms, 500cycles)
Wed May 21 02:06:31 CEST 2014: 35: No solution found.
Wed May 21 02:06:31 CEST 2014: 36: finished (30ms, 7cycles)
Wed May 21 02:06:31 CEST 2014: 36: Solution found.
Wed May 21 02:06:33 CEST 2014: 37: finished (1884ms, 500cycles)
Wed May 21 02:06:33 CEST 2014: 37: No solution found.
Wed May 21 02:06:35 CEST 2014: 38: finished (1720ms, 500cycles)
Wed May 21 02:06:35 CEST 2014: 38: No solution found.
Wed May 21 02:06:36 CEST 2014: 39: finished (1665ms, 404cycles)
Wed May 21 02:06:36 CEST 2014: 39: Solution found.
Wed May 21 02:06:38 CEST 2014: 40: finished (1673ms, 500cycles)
Wed May 21 02:06:38 CEST 2014: 40: No solution found.
Wed May 21 02:06:40 CEST 2014: 41: finished (2121ms, 500cycles)
Wed May 21 02:06:40 CEST 2014: 41: No solution found.
Wed May 21 02:06:42 CEST 2014: 42: finished (1708ms, 500cycles)
Wed May 21 02:06:42 CEST 2014: 42: No solution found.
Wed May 21 02:06:44 CEST 2014: 43: finished (2260ms, 500cycles)
Wed May 21 02:06:44 CEST 2014: 43: No solution found.
Wed May 21 02:06:44 CEST 2014: 44: finished (180ms, 48cycles)
Wed May 21 02:06:44 CEST 2014: 44: Solution found.
Wed May 21 02:06:44 CEST 2014: 45: finished (252ms, 71cycles)
Wed May 21 02:06:44 CEST 2014: 45: Solution found.
Wed May 21 02:06:46 CEST 2014: 46: finished (1588ms, 500cycles)
Wed May 21 02:06:46 CEST 2014: 46: No solution found.
Wed May 21 02:06:47 CEST 2014: 47: finished (1003ms, 259cycles)
Wed May 21 02:06:47 CEST 2014: 47: Solution found.
Wed May 21 02:06:49 CEST 2014: 48: finished (1927ms, 478cycles)
Wed May 21 02:06:49 CEST 2014: 48: Solution found.
Wed May 21 02:06:51 CEST 2014: 49: finished (1706ms, 500cycles)
Wed May 21 02:06:51 CEST 2014: 49: No solution found.
Wed May 21 02:06:52 CEST 2014: 50: finished (1115ms, 297cycles)
Wed May 21 02:06:52 CEST 2014: 50: Solution found.
Wed May 21 02:06:52 CEST 2014: 51: finished (561ms, 171cycles)
Wed May 21 02:06:52 CEST 2014: 51: Solution found.
Wed May 21 02:06:54 CEST 2014: 52: finished (1659ms, 500cycles)
Wed May 21 02:06:54 CEST 2014: 52: No solution found.
Wed May 21 02:06:56 CEST 2014: 53: finished (1702ms, 413cycles)
Wed May 21 02:06:56 CEST 2014: 53: Solution found.
Wed May 21 02:06:56 CEST 2014: 54: finished (316ms, 84cycles)
Wed May 21 02:06:56 CEST 2014: 54: Solution found.
Wed May 21 02:06:57 CEST 2014: 55: finished (1258ms, 321cycles)
Wed May 21 02:06:57 CEST 2014: 55: Solution found.
Wed May 21 02:07:00 CEST 2014: 56: finished (2217ms, 500cycles)
Wed May 21 02:07:00 CEST 2014: 56: No solution found.
Wed May 21 02:07:01 CEST 2014: 57: finished (1771ms, 500cycles)
Wed May 21 02:07:01 CEST 2014: 57: No solution found.
Wed May 21 02:07:03 CEST 2014: 58: finished (1739ms, 500cycles)
Wed May 21 02:07:03 CEST 2014: 58: No solution found.
Wed May 21 02:07:04 CEST 2014: 59: finished (982ms, 232cycles)
Wed May 21 02:07:04 CEST 2014: 59: Solution found.
Wed May 21 02:07:06 CEST 2014: 60: finished (2111ms, 500cycles)
Wed May 21 02:07:06 CEST 2014: 60: No solution found.
Wed May 21 02:07:08 CEST 2014: 61: finished (1779ms, 500cycles)
Wed May 21 02:07:08 CEST 2014: 61: No solution found.
Wed May 21 02:07:10 CEST 2014: 62: finished (1782ms, 500cycles)
Wed May 21 02:07:10 CEST 2014: 62: No solution found.
Wed May 21 02:07:11 CEST 2014: 63: finished (1540ms, 500cycles)
Wed May 21 02:07:11 CEST 2014: 63: No solution found.
Wed May 21 02:07:12 CEST 2014: 64: finished (707ms, 193cycles)
Wed May 21 02:07:12 CEST 2014: 64: Solution found.
Wed May 21 02:07:13 CEST 2014: 65: finished (973ms, 241cycles)
Wed May 21 02:07:13 CEST 2014: 65: Solution found.
Wed May 21 02:07:15 CEST 2014: 66: finished (2041ms, 500cycles)
Wed May 21 02:07:15 CEST 2014: 66: No solution found.
Wed May 21 02:07:15 CEST 2014: 67: finished (123ms, 35cycles)
Wed May 21 02:07:15 CEST 2014: 67: Solution found.
Wed May 21 02:07:16 CEST 2014: 68: finished (323ms, 87cycles)
Wed May 21 02:07:16 CEST 2014: 68: Solution found.
Wed May 21 02:07:16 CEST 2014: 69: finished (329ms, 91cycles)
Wed May 21 02:07:16 CEST 2014: 69: Solution found.
Wed May 21 02:07:18 CEST 2014: 70: finished (1700ms, 500cycles)
Wed May 21 02:07:18 CEST 2014: 70: No solution found.
Wed May 21 02:07:18 CEST 2014: 71: finished (214ms, 54cycles)
Wed May 21 02:07:18 CEST 2014: 71: Solution found.
Wed May 21 02:07:19 CEST 2014: 72: finished (1571ms, 500cycles)
Wed May 21 02:07:19 CEST 2014: 72: No solution found.
Wed May 21 02:07:21 CEST 2014: 73: finished (1794ms, 500cycles)
Wed May 21 02:07:21 CEST 2014: 73: No solution found.
Wed May 21 02:07:21 CEST 2014: 74: finished (310ms, 89cycles)
Wed May 21 02:07:21 CEST 2014: 74: Solution found.
Wed May 21 02:07:23 CEST 2014: 75: finished (1697ms, 500cycles)
Wed May 21 02:07:23 CEST 2014: 75: No solution found.
Wed May 21 02:07:25 CEST 2014: 76: finished (1749ms, 500cycles)
Wed May 21 02:07:25 CEST 2014: 76: No solution found.
Wed May 21 02:07:26 CEST 2014: 77: finished (1551ms, 500cycles)
Wed May 21 02:07:27 CEST 2014: 77: No solution found.
Wed May 21 02:07:29 CEST 2014: 78: finished (2328ms, 500cycles)
Wed May 21 02:07:29 CEST 2014: 78: No solution found.
Wed May 21 02:07:31 CEST 2014: 79: finished (1707ms, 500cycles)
Wed May 21 02:07:31 CEST 2014: 79: No solution found.
Wed May 21 02:07:32 CEST 2014: 80: finished (1744ms, 500cycles)
Wed May 21 02:07:32 CEST 2014: 80: No solution found.
Wed May 21 02:07:33 CEST 2014: 81: finished (455ms, 143cycles)
Wed May 21 02:07:33 CEST 2014: 81: Solution found.
Wed May 21 02:07:35 CEST 2014: 82: finished (2012ms, 500cycles)
Wed May 21 02:07:35 CEST 2014: 82: No solution found.
Wed May 21 02:07:36 CEST 2014: 83: finished (1445ms, 500cycles)
Wed May 21 02:07:36 CEST 2014: 83: No solution found.
Wed May 21 02:07:36 CEST 2014: 84: finished (244ms, 62cycles)
Wed May 21 02:07:36 CEST 2014: 84: Solution found.
Wed May 21 02:07:38 CEST 2014: 85: finished (1493ms, 500cycles)
Wed May 21 02:07:38 CEST 2014: 85: No solution found.
Wed May 21 02:07:39 CEST 2014: 86: finished (1461ms, 500cycles)
Wed May 21 02:07:39 CEST 2014: 86: No solution found.
Wed May 21 02:07:40 CEST 2014: 87: finished (305ms, 80cycles)
Wed May 21 02:07:40 CEST 2014: 87: Solution found.
Wed May 21 02:07:41 CEST 2014: 88: finished (1571ms, 500cycles)
Wed May 21 02:07:41 CEST 2014: 88: No solution found.
Wed May 21 02:07:42 CEST 2014: 89: finished (788ms, 232cycles)
Wed May 21 02:07:42 CEST 2014: 89: Solution found.
Wed May 21 02:07:45 CEST 2014: 90: finished (2502ms, 500cycles)
Wed May 21 02:07:45 CEST 2014: 90: No solution found.
Wed May 21 02:07:46 CEST 2014: 91: finished (1501ms, 500cycles)
Wed May 21 02:07:46 CEST 2014: 91: No solution found.
Wed May 21 02:07:48 CEST 2014: 92: finished (1727ms, 500cycles)
Wed May 21 02:07:48 CEST 2014: 92: No solution found.
Wed May 21 02:07:49 CEST 2014: 93: finished (691ms, 162cycles)
Wed May 21 02:07:49 CEST 2014: 93: Solution found.
Wed May 21 02:07:50 CEST 2014: 94: finished (1746ms, 500cycles)
Wed May 21 02:07:50 CEST 2014: 94: No solution found.
Wed May 21 02:07:51 CEST 2014: 95: finished (212ms, 55cycles)
Wed May 21 02:07:51 CEST 2014: 95: Solution found.
Wed May 21 02:07:52 CEST 2014: 96: finished (1349ms, 324cycles)
Wed May 21 02:07:52 CEST 2014: 96: Solution found.
Wed May 21 02:07:53 CEST 2014: 97: finished (1432ms, 418cycles)
Wed May 21 02:07:53 CEST 2014: 97: Solution found.
Wed May 21 02:07:55 CEST 2014: 98: finished (1251ms, 308cycles)
Wed May 21 02:07:55 CEST 2014: 98: Solution found.
Wed May 21 02:07:56 CEST 2014: 99: finished (975ms, 312cycles)
Wed May 21 02:07:56 CEST 2014: 99: Solution found.
Wed May 21 02:07:56 CEST 2014: Solution Found: 42
Wed May 21 02:07:56 CEST 2014: Avg cycles: 192
Wed May 21 02:07:56 CEST 2014: Max cycles: 487
Wed May 21 02:07:56 CEST 2014: Min cycles: 7
Wed May 21 02:07:56 CEST 2014: No solution found: 58
Wed May 21 02:07:56 CEST 2014: logging finished. (runtime: 134291ms)
