Wed May 21 11:29:56 CEST 2014: Problem Count: 150
Wed May 21 11:29:56 CEST 2014: CandidatesCount: 50
Wed May 21 11:29:56 CEST 2014: Max Cycles: 500
Wed May 21 11:29:59 CEST 2014: 0: finished (2882ms, 500cycles)
Wed May 21 11:29:59 CEST 2014: 0: No solution found.
Wed May 21 11:30:01 CEST 2014: 1: finished (1981ms, 500cycles)
Wed May 21 11:30:01 CEST 2014: 1: No solution found.
Wed May 21 11:30:02 CEST 2014: 2: finished (775ms, 226cycles)
Wed May 21 11:30:02 CEST 2014: 2: Solution found.
Wed May 21 11:30:04 CEST 2014: 3: finished (2146ms, 500cycles)
Wed May 21 11:30:04 CEST 2014: 3: No solution found.
Wed May 21 11:30:04 CEST 2014: 4: finished (287ms, 64cycles)
Wed May 21 11:30:04 CEST 2014: 4: Solution found.
Wed May 21 11:30:06 CEST 2014: 5: finished (1395ms, 244cycles)
Wed May 21 11:30:06 CEST 2014: 5: Solution found.
Wed May 21 11:30:06 CEST 2014: 6: finished (195ms, 44cycles)
Wed May 21 11:30:06 CEST 2014: 6: Solution found.
Wed May 21 11:30:08 CEST 2014: 7: finished (2574ms, 500cycles)
Wed May 21 11:30:08 CEST 2014: 7: No solution found.
Wed May 21 11:30:09 CEST 2014: 8: finished (588ms, 142cycles)
Wed May 21 11:30:09 CEST 2014: 8: Solution found.
Wed May 21 11:30:11 CEST 2014: 9: finished (1736ms, 500cycles)
Wed May 21 11:30:11 CEST 2014: 9: No solution found.
Wed May 21 11:30:11 CEST 2014: 10: finished (231ms, 55cycles)
Wed May 21 11:30:11 CEST 2014: 10: Solution found.
Wed May 21 11:30:11 CEST 2014: 11: finished (298ms, 83cycles)
Wed May 21 11:30:11 CEST 2014: 11: Solution found.
Wed May 21 11:30:13 CEST 2014: 12: finished (1753ms, 500cycles)
Wed May 21 11:30:13 CEST 2014: 12: No solution found.
Wed May 21 11:30:15 CEST 2014: 13: finished (1682ms, 500cycles)
Wed May 21 11:30:15 CEST 2014: 13: No solution found.
Wed May 21 11:30:15 CEST 2014: 14: finished (435ms, 124cycles)
Wed May 21 11:30:15 CEST 2014: 14: Solution found.
Wed May 21 11:30:17 CEST 2014: 15: finished (1680ms, 500cycles)
Wed May 21 11:30:17 CEST 2014: 15: No solution found.
Wed May 21 11:30:17 CEST 2014: 16: finished (345ms, 95cycles)
Wed May 21 11:30:17 CEST 2014: 16: Solution found.
Wed May 21 11:30:20 CEST 2014: 17: finished (2519ms, 473cycles)
Wed May 21 11:30:20 CEST 2014: 17: Solution found.
Wed May 21 11:30:20 CEST 2014: 18: finished (555ms, 128cycles)
Wed May 21 11:30:20 CEST 2014: 18: Solution found.
Wed May 21 11:30:22 CEST 2014: 19: finished (1784ms, 500cycles)
Wed May 21 11:30:22 CEST 2014: 19: No solution found.
Wed May 21 11:30:24 CEST 2014: 20: finished (1715ms, 500cycles)
Wed May 21 11:30:24 CEST 2014: 20: No solution found.
Wed May 21 11:30:25 CEST 2014: 21: finished (1636ms, 500cycles)
Wed May 21 11:30:25 CEST 2014: 21: No solution found.
Wed May 21 11:30:26 CEST 2014: 22: finished (536ms, 133cycles)
Wed May 21 11:30:26 CEST 2014: 22: Solution found.
Wed May 21 11:30:28 CEST 2014: 23: finished (1721ms, 500cycles)
Wed May 21 11:30:28 CEST 2014: 23: No solution found.
Wed May 21 11:30:28 CEST 2014: 24: finished (85ms, 21cycles)
Wed May 21 11:30:28 CEST 2014: 24: Solution found.
Wed May 21 11:30:29 CEST 2014: 25: finished (1414ms, 357cycles)
Wed May 21 11:30:29 CEST 2014: 25: Solution found.
Wed May 21 11:30:31 CEST 2014: 26: finished (1669ms, 313cycles)
Wed May 21 11:30:31 CEST 2014: 26: Solution found.
Wed May 21 11:30:33 CEST 2014: 27: finished (1817ms, 500cycles)
Wed May 21 11:30:33 CEST 2014: 27: No solution found.
Wed May 21 11:30:34 CEST 2014: 28: finished (1674ms, 500cycles)
Wed May 21 11:30:34 CEST 2014: 28: No solution found.
Wed May 21 11:30:36 CEST 2014: 29: finished (1729ms, 500cycles)
Wed May 21 11:30:36 CEST 2014: 29: No solution found.
Wed May 21 11:30:38 CEST 2014: 30: finished (2152ms, 500cycles)
Wed May 21 11:30:38 CEST 2014: 30: No solution found.
Wed May 21 11:30:40 CEST 2014: 31: finished (1723ms, 500cycles)
Wed May 21 11:30:40 CEST 2014: 31: No solution found.
Wed May 21 11:30:42 CEST 2014: 32: finished (1741ms, 500cycles)
Wed May 21 11:30:42 CEST 2014: 32: No solution found.
Wed May 21 11:30:44 CEST 2014: 33: finished (1826ms, 500cycles)
Wed May 21 11:30:44 CEST 2014: 33: No solution found.
Wed May 21 11:30:45 CEST 2014: 34: finished (1757ms, 500cycles)
Wed May 21 11:30:45 CEST 2014: 34: No solution found.
Wed May 21 11:30:47 CEST 2014: 35: finished (1737ms, 500cycles)
Wed May 21 11:30:47 CEST 2014: 35: No solution found.
Wed May 21 11:30:49 CEST 2014: 36: finished (2348ms, 500cycles)
Wed May 21 11:30:49 CEST 2014: 36: No solution found.
Wed May 21 11:30:52 CEST 2014: 37: finished (2191ms, 500cycles)
Wed May 21 11:30:52 CEST 2014: 37: No solution found.
Wed May 21 11:30:53 CEST 2014: 38: finished (1715ms, 500cycles)
Wed May 21 11:30:53 CEST 2014: 38: No solution found.
Wed May 21 11:30:54 CEST 2014: 39: finished (400ms, 105cycles)
Wed May 21 11:30:54 CEST 2014: 39: Solution found.
Wed May 21 11:30:56 CEST 2014: 40: finished (2260ms, 500cycles)
Wed May 21 11:30:56 CEST 2014: 40: No solution found.
Wed May 21 11:30:58 CEST 2014: 41: finished (1676ms, 500cycles)
Wed May 21 11:30:58 CEST 2014: 41: No solution found.
Wed May 21 11:30:59 CEST 2014: 42: finished (1674ms, 500cycles)
Wed May 21 11:30:59 CEST 2014: 42: No solution found.
Wed May 21 11:31:00 CEST 2014: 43: finished (296ms, 77cycles)
Wed May 21 11:31:00 CEST 2014: 43: Solution found.
Wed May 21 11:31:01 CEST 2014: 44: finished (1771ms, 500cycles)
Wed May 21 11:31:01 CEST 2014: 44: No solution found.
Wed May 21 11:31:02 CEST 2014: 45: finished (408ms, 115cycles)
Wed May 21 11:31:02 CEST 2014: 45: Solution found.
Wed May 21 11:31:04 CEST 2014: 46: finished (1893ms, 500cycles)
Wed May 21 11:31:04 CEST 2014: 46: No solution found.
Wed May 21 11:31:07 CEST 2014: 47: finished (3150ms, 500cycles)
Wed May 21 11:31:07 CEST 2014: 47: No solution found.
Wed May 21 11:31:09 CEST 2014: 48: finished (1636ms, 500cycles)
Wed May 21 11:31:09 CEST 2014: 48: No solution found.
Wed May 21 11:31:10 CEST 2014: 49: finished (1628ms, 500cycles)
Wed May 21 11:31:10 CEST 2014: 49: No solution found.
Wed May 21 11:31:11 CEST 2014: 50: finished (1094ms, 250cycles)
Wed May 21 11:31:11 CEST 2014: 50: Solution found.
Wed May 21 11:31:14 CEST 2014: 51: finished (2457ms, 500cycles)
Wed May 21 11:31:14 CEST 2014: 51: No solution found.
Wed May 21 11:31:16 CEST 2014: 52: finished (2222ms, 500cycles)
Wed May 21 11:31:16 CEST 2014: 52: No solution found.
Wed May 21 11:31:18 CEST 2014: 53: finished (1807ms, 500cycles)
Wed May 21 11:31:18 CEST 2014: 53: No solution found.
Wed May 21 11:31:20 CEST 2014: 54: finished (1793ms, 500cycles)
Wed May 21 11:31:20 CEST 2014: 54: No solution found.
Wed May 21 11:31:20 CEST 2014: 55: finished (657ms, 161cycles)
Wed May 21 11:31:20 CEST 2014: 55: Solution found.
Wed May 21 11:31:21 CEST 2014: 56: finished (666ms, 165cycles)
Wed May 21 11:31:21 CEST 2014: 56: Solution found.
Wed May 21 11:31:23 CEST 2014: 57: finished (1776ms, 500cycles)
Wed May 21 11:31:23 CEST 2014: 57: No solution found.
Wed May 21 11:31:24 CEST 2014: 58: finished (1677ms, 500cycles)
Wed May 21 11:31:24 CEST 2014: 58: No solution found.
Wed May 21 11:31:26 CEST 2014: 59: finished (1164ms, 312cycles)
Wed May 21 11:31:26 CEST 2014: 59: Solution found.
Wed May 21 11:31:26 CEST 2014: 60: finished (665ms, 172cycles)
Wed May 21 11:31:26 CEST 2014: 60: Solution found.
Wed May 21 11:31:28 CEST 2014: 61: finished (1858ms, 500cycles)
Wed May 21 11:31:28 CEST 2014: 61: No solution found.
Wed May 21 11:31:30 CEST 2014: 62: finished (2326ms, 500cycles)
Wed May 21 11:31:30 CEST 2014: 62: No solution found.
Wed May 21 11:31:33 CEST 2014: 63: finished (2627ms, 500cycles)
Wed May 21 11:31:33 CEST 2014: 63: No solution found.
Wed May 21 11:31:35 CEST 2014: 64: finished (2309ms, 500cycles)
Wed May 21 11:31:35 CEST 2014: 64: No solution found.
Wed May 21 11:31:35 CEST 2014: 65: finished (130ms, 35cycles)
Wed May 21 11:31:35 CEST 2014: 65: Solution found.
Wed May 21 11:31:36 CEST 2014: 66: finished (403ms, 110cycles)
Wed May 21 11:31:36 CEST 2014: 66: Solution found.
Wed May 21 11:31:36 CEST 2014: 67: finished (352ms, 95cycles)
Wed May 21 11:31:36 CEST 2014: 67: Solution found.
Wed May 21 11:31:37 CEST 2014: 68: finished (708ms, 215cycles)
Wed May 21 11:31:37 CEST 2014: 68: Solution found.
Wed May 21 11:31:39 CEST 2014: 69: finished (1656ms, 500cycles)
Wed May 21 11:31:39 CEST 2014: 69: No solution found.
Wed May 21 11:31:40 CEST 2014: 70: finished (1460ms, 345cycles)
Wed May 21 11:31:40 CEST 2014: 70: Solution found.
Wed May 21 11:31:40 CEST 2014: 71: finished (264ms, 63cycles)
Wed May 21 11:31:40 CEST 2014: 71: Solution found.
Wed May 21 11:31:42 CEST 2014: 72: finished (1652ms, 500cycles)
Wed May 21 11:31:42 CEST 2014: 72: No solution found.
Wed May 21 11:31:44 CEST 2014: 73: finished (1768ms, 500cycles)
Wed May 21 11:31:44 CEST 2014: 73: No solution found.
Wed May 21 11:31:45 CEST 2014: 74: finished (1248ms, 375cycles)
Wed May 21 11:31:45 CEST 2014: 74: Solution found.
Wed May 21 11:31:46 CEST 2014: 75: finished (628ms, 144cycles)
Wed May 21 11:31:46 CEST 2014: 75: Solution found.
Wed May 21 11:31:46 CEST 2014: 76: finished (746ms, 152cycles)
Wed May 21 11:31:46 CEST 2014: 76: Solution found.
Wed May 21 11:31:47 CEST 2014: 77: finished (517ms, 63cycles)
Wed May 21 11:31:47 CEST 2014: 77: Solution found.
Wed May 21 11:31:49 CEST 2014: 78: finished (2112ms, 500cycles)
Wed May 21 11:31:49 CEST 2014: 78: No solution found.
Wed May 21 11:31:51 CEST 2014: 79: finished (1864ms, 500cycles)
Wed May 21 11:31:51 CEST 2014: 79: No solution found.
Wed May 21 11:31:52 CEST 2014: 80: finished (803ms, 226cycles)
Wed May 21 11:31:52 CEST 2014: 80: Solution found.
Wed May 21 11:31:52 CEST 2014: 81: finished (457ms, 125cycles)
Wed May 21 11:31:52 CEST 2014: 81: Solution found.
Wed May 21 11:31:54 CEST 2014: 82: finished (1751ms, 500cycles)
Wed May 21 11:31:54 CEST 2014: 82: No solution found.
Wed May 21 11:31:56 CEST 2014: 83: finished (1852ms, 500cycles)
Wed May 21 11:31:56 CEST 2014: 83: No solution found.
Wed May 21 11:31:58 CEST 2014: 84: finished (2393ms, 500cycles)
Wed May 21 11:31:58 CEST 2014: 84: No solution found.
Wed May 21 11:32:00 CEST 2014: 85: finished (1773ms, 500cycles)
Wed May 21 11:32:00 CEST 2014: 85: No solution found.
Wed May 21 11:32:02 CEST 2014: 86: finished (1774ms, 500cycles)
Wed May 21 11:32:02 CEST 2014: 86: No solution found.
Wed May 21 11:32:04 CEST 2014: 87: finished (2250ms, 500cycles)
Wed May 21 11:32:04 CEST 2014: 87: No solution found.
Wed May 21 11:32:06 CEST 2014: 88: finished (1747ms, 500cycles)
Wed May 21 11:32:06 CEST 2014: 88: No solution found.
Wed May 21 11:32:08 CEST 2014: 89: finished (1897ms, 500cycles)
Wed May 21 11:32:08 CEST 2014: 89: No solution found.
Wed May 21 11:32:08 CEST 2014: 90: finished (553ms, 148cycles)
Wed May 21 11:32:08 CEST 2014: 90: Solution found.
Wed May 21 11:32:10 CEST 2014: 91: finished (1746ms, 500cycles)
Wed May 21 11:32:10 CEST 2014: 91: No solution found.
Wed May 21 11:32:12 CEST 2014: 92: finished (1649ms, 500cycles)
Wed May 21 11:32:12 CEST 2014: 92: No solution found.
Wed May 21 11:32:13 CEST 2014: 93: finished (1671ms, 500cycles)
Wed May 21 11:32:13 CEST 2014: 93: No solution found.
Wed May 21 11:32:14 CEST 2014: 94: finished (490ms, 126cycles)
Wed May 21 11:32:14 CEST 2014: 94: Solution found.
Wed May 21 11:32:16 CEST 2014: 95: finished (1709ms, 500cycles)
Wed May 21 11:32:16 CEST 2014: 95: No solution found.
Wed May 21 11:32:17 CEST 2014: 96: finished (1771ms, 500cycles)
Wed May 21 11:32:17 CEST 2014: 96: No solution found.
Wed May 21 11:32:19 CEST 2014: 97: finished (1690ms, 500cycles)
Wed May 21 11:32:19 CEST 2014: 97: No solution found.
Wed May 21 11:32:20 CEST 2014: 98: finished (450ms, 109cycles)
Wed May 21 11:32:20 CEST 2014: 98: Solution found.
Wed May 21 11:32:21 CEST 2014: 99: finished (1727ms, 500cycles)
Wed May 21 11:32:21 CEST 2014: 99: No solution found.
Wed May 21 11:32:21 CEST 2014: Solution Found: 38
Wed May 21 11:32:21 CEST 2014: Avg cycles: 162
Wed May 21 11:32:21 CEST 2014: Max cycles: 473
Wed May 21 11:32:21 CEST 2014: Min cycles: 21
Wed May 21 11:32:21 CEST 2014: No solution found: 62
Wed May 21 11:32:21 CEST 2014: logging finished. (runtime: 145256ms)
