Wed May 21 14:04:47 CEST 2014: Problem Count: 200
Wed May 21 14:04:47 CEST 2014: CandidatesCount: 50
Wed May 21 14:04:47 CEST 2014: Max Cycles: 500
Wed May 21 14:04:50 CEST 2014: 0: finished (3422ms, 500cycles)
Wed May 21 14:04:50 CEST 2014: 0: No solution found.
Wed May 21 14:04:54 CEST 2014: 1: finished (3878ms, 500cycles)
Wed May 21 14:04:54 CEST 2014: 1: No solution found.
Wed May 21 14:04:54 CEST 2014: 2: finished (247ms, 33cycles)
Wed May 21 14:04:54 CEST 2014: 2: Solution found.
Wed May 21 14:04:56 CEST 2014: 3: finished (1880ms, 252cycles)
Wed May 21 14:04:56 CEST 2014: 3: Solution found.
Wed May 21 14:04:57 CEST 2014: 4: finished (1042ms, 160cycles)
Wed May 21 14:04:57 CEST 2014: 4: Solution found.
Wed May 21 14:04:58 CEST 2014: 5: finished (697ms, 101cycles)
Wed May 21 14:04:58 CEST 2014: 5: Solution found.
Wed May 21 14:05:00 CEST 2014: 6: finished (1569ms, 232cycles)
Wed May 21 14:05:00 CEST 2014: 6: Solution found.
Wed May 21 14:05:03 CEST 2014: 7: finished (3108ms, 500cycles)
Wed May 21 14:05:03 CEST 2014: 7: No solution found.
Wed May 21 14:05:03 CEST 2014: 8: finished (308ms, 37cycles)
Wed May 21 14:05:03 CEST 2014: 8: Solution found.
Wed May 21 14:05:06 CEST 2014: 9: finished (2774ms, 500cycles)
Wed May 21 14:05:06 CEST 2014: 9: No solution found.
Wed May 21 14:05:06 CEST 2014: 10: finished (199ms, 26cycles)
Wed May 21 14:05:06 CEST 2014: 10: Solution found.
Wed May 21 14:05:09 CEST 2014: 11: finished (2910ms, 500cycles)
Wed May 21 14:05:09 CEST 2014: 11: No solution found.
Wed May 21 14:05:10 CEST 2014: 12: finished (1044ms, 148cycles)
Wed May 21 14:05:10 CEST 2014: 12: Solution found.
Wed May 21 14:05:13 CEST 2014: 13: finished (2920ms, 500cycles)
Wed May 21 14:05:13 CEST 2014: 13: No solution found.
Wed May 21 14:05:13 CEST 2014: 14: finished (345ms, 47cycles)
Wed May 21 14:05:13 CEST 2014: 14: Solution found.
Wed May 21 14:05:14 CEST 2014: 15: finished (379ms, 53cycles)
Wed May 21 14:05:14 CEST 2014: 15: Solution found.
Wed May 21 14:05:14 CEST 2014: 16: finished (315ms, 42cycles)
Wed May 21 14:05:14 CEST 2014: 16: Solution found.
Wed May 21 14:05:18 CEST 2014: 17: finished (3814ms, 500cycles)
Wed May 21 14:05:18 CEST 2014: 17: No solution found.
Wed May 21 14:05:21 CEST 2014: 18: finished (3248ms, 500cycles)
Wed May 21 14:05:21 CEST 2014: 18: No solution found.
Wed May 21 14:05:22 CEST 2014: 19: finished (917ms, 116cycles)
Wed May 21 14:05:22 CEST 2014: 19: Solution found.
Wed May 21 14:05:25 CEST 2014: 20: finished (3408ms, 500cycles)
Wed May 21 14:05:25 CEST 2014: 20: No solution found.
Wed May 21 14:05:26 CEST 2014: 21: finished (611ms, 84cycles)
Wed May 21 14:05:26 CEST 2014: 21: Solution found.
Wed May 21 14:05:29 CEST 2014: 22: finished (3290ms, 500cycles)
Wed May 21 14:05:29 CEST 2014: 22: No solution found.
Wed May 21 14:05:31 CEST 2014: 23: finished (1778ms, 245cycles)
Wed May 21 14:05:31 CEST 2014: 23: Solution found.
Wed May 21 14:05:34 CEST 2014: 24: finished (3118ms, 500cycles)
Wed May 21 14:05:34 CEST 2014: 24: No solution found.
Wed May 21 14:05:35 CEST 2014: 25: finished (1199ms, 194cycles)
Wed May 21 14:05:35 CEST 2014: 25: Solution found.
Wed May 21 14:05:36 CEST 2014: 26: finished (970ms, 144cycles)
Wed May 21 14:05:36 CEST 2014: 26: Solution found.
Wed May 21 14:05:40 CEST 2014: 27: finished (3252ms, 500cycles)
Wed May 21 14:05:40 CEST 2014: 27: No solution found.
Wed May 21 14:05:40 CEST 2014: 28: finished (885ms, 139cycles)
Wed May 21 14:05:40 CEST 2014: 28: Solution found.
Wed May 21 14:05:44 CEST 2014: 29: finished (3294ms, 500cycles)
Wed May 21 14:05:44 CEST 2014: 29: No solution found.
Wed May 21 14:05:44 CEST 2014: 30: finished (637ms, 93cycles)
Wed May 21 14:05:44 CEST 2014: 30: Solution found.
Wed May 21 14:05:45 CEST 2014: 31: finished (1004ms, 174cycles)
Wed May 21 14:05:45 CEST 2014: 31: Solution found.
Wed May 21 14:05:47 CEST 2014: 32: finished (1109ms, 145cycles)
Wed May 21 14:05:47 CEST 2014: 32: Solution found.
Wed May 21 14:05:47 CEST 2014: 33: finished (633ms, 81cycles)
Wed May 21 14:05:47 CEST 2014: 33: Solution found.
Wed May 21 14:05:50 CEST 2014: 34: finished (3187ms, 500cycles)
Wed May 21 14:05:50 CEST 2014: 34: No solution found.
Wed May 21 14:05:53 CEST 2014: 35: finished (3062ms, 500cycles)
Wed May 21 14:05:53 CEST 2014: 35: No solution found.
Wed May 21 14:05:57 CEST 2014: 36: finished (3251ms, 500cycles)
Wed May 21 14:05:57 CEST 2014: 36: No solution found.
Wed May 21 14:06:00 CEST 2014: 37: finished (3027ms, 500cycles)
Wed May 21 14:06:00 CEST 2014: 37: No solution found.
Wed May 21 14:06:01 CEST 2014: 38: finished (1147ms, 177cycles)
Wed May 21 14:06:01 CEST 2014: 38: Solution found.
Wed May 21 14:06:04 CEST 2014: 39: finished (3260ms, 500cycles)
Wed May 21 14:06:04 CEST 2014: 39: No solution found.
Wed May 21 14:06:07 CEST 2014: 40: finished (3243ms, 489cycles)
Wed May 21 14:06:07 CEST 2014: 40: Solution found.
Wed May 21 14:06:08 CEST 2014: 41: finished (857ms, 107cycles)
Wed May 21 14:06:08 CEST 2014: 41: Solution found.
Wed May 21 14:06:09 CEST 2014: 42: finished (519ms, 71cycles)
Wed May 21 14:06:09 CEST 2014: 42: Solution found.
Wed May 21 14:06:09 CEST 2014: 43: finished (610ms, 96cycles)
Wed May 21 14:06:09 CEST 2014: 43: Solution found.
Wed May 21 14:06:10 CEST 2014: 44: finished (515ms, 76cycles)
Wed May 21 14:06:10 CEST 2014: 44: Solution found.
Wed May 21 14:06:10 CEST 2014: 45: finished (313ms, 45cycles)
Wed May 21 14:06:10 CEST 2014: 45: Solution found.
Wed May 21 14:06:13 CEST 2014: 46: finished (3168ms, 500cycles)
Wed May 21 14:06:13 CEST 2014: 46: No solution found.
Wed May 21 14:06:14 CEST 2014: 47: finished (796ms, 114cycles)
Wed May 21 14:06:14 CEST 2014: 47: Solution found.
Wed May 21 14:06:17 CEST 2014: 48: finished (3126ms, 500cycles)
Wed May 21 14:06:17 CEST 2014: 48: No solution found.
Wed May 21 14:06:18 CEST 2014: 49: finished (538ms, 87cycles)
Wed May 21 14:06:18 CEST 2014: 49: Solution found.
Wed May 21 14:06:21 CEST 2014: 50: finished (3175ms, 500cycles)
Wed May 21 14:06:21 CEST 2014: 50: No solution found.
Wed May 21 14:06:21 CEST 2014: 51: finished (397ms, 63cycles)
Wed May 21 14:06:22 CEST 2014: 51: Solution found.
Wed May 21 14:06:23 CEST 2014: 52: finished (1021ms, 145cycles)
Wed May 21 14:06:23 CEST 2014: 52: Solution found.
Wed May 21 14:06:26 CEST 2014: 53: finished (3163ms, 500cycles)
Wed May 21 14:06:26 CEST 2014: 53: No solution found.
Wed May 21 14:06:26 CEST 2014: 54: finished (727ms, 95cycles)
Wed May 21 14:06:26 CEST 2014: 54: Solution found.
Wed May 21 14:06:30 CEST 2014: 55: finished (3099ms, 500cycles)
Wed May 21 14:06:30 CEST 2014: 55: No solution found.
Wed May 21 14:06:33 CEST 2014: 56: finished (3507ms, 500cycles)
Wed May 21 14:06:33 CEST 2014: 56: No solution found.
Wed May 21 14:06:35 CEST 2014: 57: finished (1768ms, 261cycles)
Wed May 21 14:06:35 CEST 2014: 57: Solution found.
Wed May 21 14:06:38 CEST 2014: 58: finished (3389ms, 500cycles)
Wed May 21 14:06:38 CEST 2014: 58: No solution found.
Wed May 21 14:06:41 CEST 2014: 59: finished (3252ms, 418cycles)
Wed May 21 14:06:41 CEST 2014: 59: Solution found.
Wed May 21 14:06:46 CEST 2014: 60: finished (4576ms, 500cycles)
Wed May 21 14:06:46 CEST 2014: 60: No solution found.
Wed May 21 14:06:47 CEST 2014: 61: finished (865ms, 108cycles)
Wed May 21 14:06:47 CEST 2014: 61: Solution found.
Wed May 21 14:06:50 CEST 2014: 62: finished (3118ms, 500cycles)
Wed May 21 14:06:50 CEST 2014: 62: No solution found.
Wed May 21 14:06:53 CEST 2014: 63: finished (3309ms, 500cycles)
Wed May 21 14:06:53 CEST 2014: 63: No solution found.
Wed May 21 14:06:57 CEST 2014: 64: finished (3311ms, 500cycles)
Wed May 21 14:06:57 CEST 2014: 64: No solution found.
Wed May 21 14:07:00 CEST 2014: 65: finished (3292ms, 500cycles)
Wed May 21 14:07:00 CEST 2014: 65: No solution found.
Wed May 21 14:07:03 CEST 2014: 66: finished (3320ms, 500cycles)
Wed May 21 14:07:03 CEST 2014: 66: No solution found.
Wed May 21 14:07:04 CEST 2014: 67: finished (553ms, 67cycles)
Wed May 21 14:07:04 CEST 2014: 67: Solution found.
Wed May 21 14:07:08 CEST 2014: 68: finished (4040ms, 500cycles)
Wed May 21 14:07:08 CEST 2014: 68: No solution found.
Wed May 21 14:07:11 CEST 2014: 69: finished (3160ms, 488cycles)
Wed May 21 14:07:11 CEST 2014: 69: Solution found.
Wed May 21 14:07:14 CEST 2014: 70: finished (3093ms, 500cycles)
Wed May 21 14:07:14 CEST 2014: 70: No solution found.
Wed May 21 14:07:17 CEST 2014: 71: finished (3088ms, 500cycles)
Wed May 21 14:07:17 CEST 2014: 71: No solution found.
Wed May 21 14:07:18 CEST 2014: 72: finished (950ms, 134cycles)
Wed May 21 14:07:18 CEST 2014: 72: Solution found.
Wed May 21 14:07:19 CEST 2014: 73: finished (506ms, 79cycles)
Wed May 21 14:07:19 CEST 2014: 73: Solution found.
Wed May 21 14:07:22 CEST 2014: 74: finished (3179ms, 500cycles)
Wed May 21 14:07:22 CEST 2014: 74: No solution found.
Wed May 21 14:07:23 CEST 2014: 75: finished (1282ms, 164cycles)
Wed May 21 14:07:23 CEST 2014: 75: Solution found.
Wed May 21 14:07:24 CEST 2014: 76: finished (274ms, 33cycles)
Wed May 21 14:07:24 CEST 2014: 76: Solution found.
Wed May 21 14:07:27 CEST 2014: 77: finished (3496ms, 500cycles)
Wed May 21 14:07:27 CEST 2014: 77: No solution found.
Wed May 21 14:07:28 CEST 2014: 78: finished (847ms, 135cycles)
Wed May 21 14:07:28 CEST 2014: 78: Solution found.
Wed May 21 14:07:31 CEST 2014: 79: finished (3390ms, 500cycles)
Wed May 21 14:07:31 CEST 2014: 79: No solution found.
Wed May 21 14:07:32 CEST 2014: 80: finished (870ms, 116cycles)
Wed May 21 14:07:32 CEST 2014: 80: Solution found.
Wed May 21 14:07:35 CEST 2014: 81: finished (3232ms, 500cycles)
Wed May 21 14:07:35 CEST 2014: 81: No solution found.
Wed May 21 14:07:36 CEST 2014: 82: finished (914ms, 106cycles)
Wed May 21 14:07:36 CEST 2014: 82: Solution found.
Wed May 21 14:07:37 CEST 2014: 83: finished (1085ms, 161cycles)
Wed May 21 14:07:37 CEST 2014: 83: Solution found.
Wed May 21 14:07:38 CEST 2014: 84: finished (441ms, 59cycles)
Wed May 21 14:07:38 CEST 2014: 84: Solution found.
Wed May 21 14:07:42 CEST 2014: 85: finished (3930ms, 459cycles)
Wed May 21 14:07:42 CEST 2014: 85: Solution found.
Wed May 21 14:07:43 CEST 2014: 86: finished (770ms, 98cycles)
Wed May 21 14:07:43 CEST 2014: 86: Solution found.
Wed May 21 14:07:46 CEST 2014: 87: finished (3836ms, 500cycles)
Wed May 21 14:07:46 CEST 2014: 87: No solution found.
Wed May 21 14:07:50 CEST 2014: 88: finished (3272ms, 500cycles)
Wed May 21 14:07:50 CEST 2014: 88: No solution found.
Wed May 21 14:07:53 CEST 2014: 89: finished (3004ms, 500cycles)
Wed May 21 14:07:53 CEST 2014: 89: No solution found.
Wed May 21 14:07:53 CEST 2014: 90: finished (354ms, 55cycles)
Wed May 21 14:07:53 CEST 2014: 90: Solution found.
Wed May 21 14:07:54 CEST 2014: 91: finished (958ms, 132cycles)
Wed May 21 14:07:54 CEST 2014: 91: Solution found.
Wed May 21 14:07:55 CEST 2014: 92: finished (565ms, 74cycles)
Wed May 21 14:07:55 CEST 2014: 92: Solution found.
Wed May 21 14:07:56 CEST 2014: 93: finished (1642ms, 236cycles)
Wed May 21 14:07:56 CEST 2014: 93: Solution found.
Wed May 21 14:07:57 CEST 2014: 94: finished (860ms, 132cycles)
Wed May 21 14:07:57 CEST 2014: 94: Solution found.
Wed May 21 14:08:01 CEST 2014: 95: finished (3517ms, 500cycles)
Wed May 21 14:08:01 CEST 2014: 95: No solution found.
Wed May 21 14:08:04 CEST 2014: 96: finished (3264ms, 500cycles)
Wed May 21 14:08:04 CEST 2014: 96: No solution found.
Wed May 21 14:08:04 CEST 2014: 97: finished (265ms, 37cycles)
Wed May 21 14:08:04 CEST 2014: 97: Solution found.
Wed May 21 14:08:05 CEST 2014: 98: finished (344ms, 49cycles)
Wed May 21 14:08:05 CEST 2014: 98: Solution found.
Wed May 21 14:08:08 CEST 2014: 99: finished (3139ms, 500cycles)
Wed May 21 14:08:08 CEST 2014: 99: No solution found.
Wed May 21 14:08:08 CEST 2014: Solution Found: 56
Wed May 21 14:08:08 CEST 2014: Avg cycles: 137
Wed May 21 14:08:08 CEST 2014: Max cycles: 489
Wed May 21 14:08:08 CEST 2014: Min cycles: 26
Wed May 21 14:08:08 CEST 2014: No solution found: 44
Wed May 21 14:08:08 CEST 2014: logging finished. (runtime: 200913ms)
