Tue May 20 12:55:17 CEST 2014: Problem Count: 200
Tue May 20 12:55:17 CEST 2014: CandidatesCount: 150
Tue May 20 12:55:17 CEST 2014: Max Cycles: 500
Tue May 20 12:55:27 CEST 2014: 0: finished (10407ms, 500cycles)
Tue May 20 12:55:27 CEST 2014: 0: No solution found.
Tue May 20 12:55:40 CEST 2014: 1: finished (12778ms, 500cycles)
Tue May 20 12:55:40 CEST 2014: 1: No solution found.
Tue May 20 12:55:43 CEST 2014: 2: finished (3571ms, 170cycles)
Tue May 20 12:55:43 CEST 2014: 2: Solution found.
Tue May 20 12:55:54 CEST 2014: 3: finished (10714ms, 500cycles)
Tue May 20 12:55:54 CEST 2014: 3: No solution found.
Tue May 20 12:55:55 CEST 2014: 4: finished (596ms, 28cycles)
Tue May 20 12:55:55 CEST 2014: 4: Solution found.
Tue May 20 12:56:04 CEST 2014: 5: finished (9752ms, 500cycles)
Tue May 20 12:56:04 CEST 2014: 5: No solution found.
Tue May 20 12:56:06 CEST 2014: 6: finished (1369ms, 65cycles)
Tue May 20 12:56:06 CEST 2014: 6: Solution found.
Tue May 20 12:56:20 CEST 2014: 7: finished (13811ms, 500cycles)
Tue May 20 12:56:20 CEST 2014: 7: No solution found.
Tue May 20 12:56:30 CEST 2014: 8: finished (10542ms, 500cycles)
Tue May 20 12:56:30 CEST 2014: 8: No solution found.
Tue May 20 12:56:31 CEST 2014: 9: finished (1310ms, 60cycles)
Tue May 20 12:56:31 CEST 2014: 9: Solution found.
Tue May 20 12:56:46 CEST 2014: 10: finished (14249ms, 500cycles)
Tue May 20 12:56:46 CEST 2014: 10: No solution found.
Tue May 20 12:56:56 CEST 2014: 11: finished (10640ms, 500cycles)
Tue May 20 12:56:56 CEST 2014: 11: No solution found.
Tue May 20 12:57:06 CEST 2014: 12: finished (9589ms, 500cycles)
Tue May 20 12:57:06 CEST 2014: 12: No solution found.
Tue May 20 12:57:17 CEST 2014: 13: finished (11491ms, 500cycles)
Tue May 20 12:57:17 CEST 2014: 13: No solution found.
Tue May 20 12:57:20 CEST 2014: 14: finished (2969ms, 51cycles)
Tue May 20 12:57:20 CEST 2014: 14: Solution found.
Tue May 20 12:57:31 CEST 2014: 15: finished (10864ms, 500cycles)
Tue May 20 12:57:31 CEST 2014: 15: No solution found.
Tue May 20 12:57:44 CEST 2014: 16: finished (12866ms, 500cycles)
Tue May 20 12:57:44 CEST 2014: 16: No solution found.
Tue May 20 12:57:55 CEST 2014: 17: finished (10623ms, 500cycles)
Tue May 20 12:57:55 CEST 2014: 17: No solution found.
Tue May 20 12:58:08 CEST 2014: 18: finished (13225ms, 500cycles)
Tue May 20 12:58:08 CEST 2014: 18: No solution found.
Tue May 20 12:58:21 CEST 2014: 19: finished (13619ms, 500cycles)
Tue May 20 12:58:21 CEST 2014: 19: No solution found.
Tue May 20 12:58:32 CEST 2014: 20: finished (10622ms, 500cycles)
Tue May 20 12:58:32 CEST 2014: 20: No solution found.
Tue May 20 12:58:33 CEST 2014: 21: finished (705ms, 33cycles)
Tue May 20 12:58:33 CEST 2014: 21: Solution found.
Tue May 20 12:58:43 CEST 2014: 22: finished (9807ms, 500cycles)
Tue May 20 12:58:43 CEST 2014: 22: No solution found.
Tue May 20 12:58:56 CEST 2014: 23: finished (13654ms, 500cycles)
Tue May 20 12:58:56 CEST 2014: 23: No solution found.
Tue May 20 12:59:07 CEST 2014: 24: finished (10451ms, 500cycles)
Tue May 20 12:59:07 CEST 2014: 24: No solution found.
Tue May 20 12:59:17 CEST 2014: 25: finished (10747ms, 500cycles)
Tue May 20 12:59:17 CEST 2014: 25: No solution found.
Tue May 20 12:59:31 CEST 2014: 26: finished (13938ms, 500cycles)
Tue May 20 12:59:31 CEST 2014: 26: No solution found.
Tue May 20 12:59:43 CEST 2014: 27: finished (11304ms, 500cycles)
Tue May 20 12:59:43 CEST 2014: 27: No solution found.
Tue May 20 12:59:54 CEST 2014: 28: finished (10794ms, 500cycles)
Tue May 20 12:59:54 CEST 2014: 28: No solution found.
Tue May 20 12:59:54 CEST 2014: 29: finished (560ms, 27cycles)
Tue May 20 12:59:54 CEST 2014: 29: Solution found.
Tue May 20 12:59:55 CEST 2014: 30: finished (656ms, 31cycles)
Tue May 20 12:59:55 CEST 2014: 30: Solution found.
Tue May 20 12:59:56 CEST 2014: 31: finished (1371ms, 66cycles)
Tue May 20 12:59:56 CEST 2014: 31: Solution found.
Tue May 20 12:59:58 CEST 2014: 32: finished (1786ms, 85cycles)
Tue May 20 12:59:58 CEST 2014: 32: Solution found.
Tue May 20 12:59:59 CEST 2014: 33: finished (985ms, 47cycles)
Tue May 20 12:59:59 CEST 2014: 33: Solution found.
Tue May 20 13:00:14 CEST 2014: 34: finished (14642ms, 500cycles)
Tue May 20 13:00:14 CEST 2014: 34: No solution found.
Tue May 20 13:00:24 CEST 2014: 35: finished (10658ms, 500cycles)
Tue May 20 13:00:24 CEST 2014: 35: No solution found.
Tue May 20 13:00:35 CEST 2014: 36: finished (10644ms, 500cycles)
Tue May 20 13:00:35 CEST 2014: 36: No solution found.
Tue May 20 13:00:48 CEST 2014: 37: finished (13361ms, 500cycles)
Tue May 20 13:00:48 CEST 2014: 37: No solution found.
Tue May 20 13:00:49 CEST 2014: 38: finished (689ms, 33cycles)
Tue May 20 13:00:49 CEST 2014: 38: Solution found.
Tue May 20 13:00:50 CEST 2014: 39: finished (691ms, 32cycles)
Tue May 20 13:00:50 CEST 2014: 39: Solution found.
Tue May 20 13:01:00 CEST 2014: 40: finished (10526ms, 500cycles)
Tue May 20 13:01:00 CEST 2014: 40: No solution found.
Tue May 20 13:01:14 CEST 2014: 41: finished (13790ms, 500cycles)
Tue May 20 13:01:14 CEST 2014: 41: No solution found.
Tue May 20 13:01:24 CEST 2014: 42: finished (10316ms, 500cycles)
Tue May 20 13:01:24 CEST 2014: 42: No solution found.
Tue May 20 13:01:26 CEST 2014: 43: finished (1381ms, 65cycles)
Tue May 20 13:01:26 CEST 2014: 43: Solution found.
Tue May 20 13:01:39 CEST 2014: 44: finished (13453ms, 500cycles)
Tue May 20 13:01:39 CEST 2014: 44: No solution found.
Tue May 20 13:01:53 CEST 2014: 45: finished (13673ms, 500cycles)
Tue May 20 13:01:53 CEST 2014: 45: No solution found.
Tue May 20 13:02:03 CEST 2014: 46: finished (10676ms, 500cycles)
Tue May 20 13:02:03 CEST 2014: 46: No solution found.
Tue May 20 13:02:05 CEST 2014: 47: finished (1200ms, 58cycles)
Tue May 20 13:02:05 CEST 2014: 47: Solution found.
Tue May 20 13:02:19 CEST 2014: 48: finished (14216ms, 500cycles)
Tue May 20 13:02:19 CEST 2014: 48: No solution found.
Tue May 20 13:02:20 CEST 2014: 49: finished (900ms, 42cycles)
Tue May 20 13:02:20 CEST 2014: 49: Solution found.
Tue May 20 13:02:30 CEST 2014: 50: finished (10640ms, 500cycles)
Tue May 20 13:02:30 CEST 2014: 50: No solution found.
Tue May 20 13:02:41 CEST 2014: 51: finished (10577ms, 500cycles)
Tue May 20 13:02:41 CEST 2014: 51: No solution found.
Tue May 20 13:02:55 CEST 2014: 52: finished (14489ms, 500cycles)
Tue May 20 13:02:55 CEST 2014: 52: No solution found.
Tue May 20 13:03:06 CEST 2014: 53: finished (10884ms, 500cycles)
Tue May 20 13:03:06 CEST 2014: 53: No solution found.
Tue May 20 13:03:20 CEST 2014: 54: finished (13322ms, 500cycles)
Tue May 20 13:03:20 CEST 2014: 54: No solution found.
Tue May 20 13:03:30 CEST 2014: 55: finished (10116ms, 500cycles)
Tue May 20 13:03:30 CEST 2014: 55: No solution found.
Tue May 20 13:03:43 CEST 2014: 56: finished (13537ms, 500cycles)
Tue May 20 13:03:43 CEST 2014: 56: No solution found.
Tue May 20 13:03:44 CEST 2014: 57: finished (714ms, 34cycles)
Tue May 20 13:03:44 CEST 2014: 57: Solution found.
Tue May 20 13:03:45 CEST 2014: 58: finished (825ms, 38cycles)
Tue May 20 13:03:45 CEST 2014: 58: Solution found.
Tue May 20 13:03:58 CEST 2014: 59: finished (13466ms, 500cycles)
Tue May 20 13:03:58 CEST 2014: 59: No solution found.
Tue May 20 13:04:12 CEST 2014: 60: finished (13500ms, 500cycles)
Tue May 20 13:04:12 CEST 2014: 60: No solution found.
Tue May 20 13:04:13 CEST 2014: 61: finished (1341ms, 62cycles)
Tue May 20 13:04:13 CEST 2014: 61: Solution found.
Tue May 20 13:04:24 CEST 2014: 62: finished (10577ms, 500cycles)
Tue May 20 13:04:24 CEST 2014: 62: No solution found.
Tue May 20 13:04:37 CEST 2014: 63: finished (13603ms, 500cycles)
Tue May 20 13:04:37 CEST 2014: 63: No solution found.
Tue May 20 13:04:51 CEST 2014: 64: finished (13498ms, 500cycles)
Tue May 20 13:04:51 CEST 2014: 64: No solution found.
Tue May 20 13:05:03 CEST 2014: 65: finished (11840ms, 500cycles)
Tue May 20 13:05:03 CEST 2014: 65: No solution found.
Tue May 20 13:05:06 CEST 2014: 66: finished (3209ms, 65cycles)
Tue May 20 13:05:06 CEST 2014: 66: Solution found.
Tue May 20 13:05:16 CEST 2014: 67: finished (10206ms, 500cycles)
Tue May 20 13:05:16 CEST 2014: 67: No solution found.
Tue May 20 13:05:26 CEST 2014: 68: finished (10400ms, 500cycles)
Tue May 20 13:05:26 CEST 2014: 68: No solution found.
Tue May 20 13:05:40 CEST 2014: 69: finished (13207ms, 500cycles)
Tue May 20 13:05:40 CEST 2014: 69: No solution found.
Tue May 20 13:05:50 CEST 2014: 70: finished (10490ms, 500cycles)
Tue May 20 13:05:50 CEST 2014: 70: No solution found.
Tue May 20 13:06:00 CEST 2014: 71: finished (10246ms, 500cycles)
Tue May 20 13:06:00 CEST 2014: 71: No solution found.
Tue May 20 13:06:01 CEST 2014: 72: finished (927ms, 42cycles)
Tue May 20 13:06:01 CEST 2014: 72: Solution found.
Tue May 20 13:06:12 CEST 2014: 73: finished (10195ms, 500cycles)
Tue May 20 13:06:12 CEST 2014: 73: No solution found.
Tue May 20 13:06:25 CEST 2014: 74: finished (13638ms, 500cycles)
Tue May 20 13:06:25 CEST 2014: 74: No solution found.
Tue May 20 13:06:26 CEST 2014: 75: finished (1213ms, 58cycles)
Tue May 20 13:06:26 CEST 2014: 75: Solution found.
Tue May 20 13:06:27 CEST 2014: 76: finished (711ms, 34cycles)
Tue May 20 13:06:27 CEST 2014: 76: Solution found.
Tue May 20 13:06:28 CEST 2014: 77: finished (1370ms, 69cycles)
Tue May 20 13:06:28 CEST 2014: 77: Solution found.
Tue May 20 13:06:39 CEST 2014: 78: finished (10249ms, 500cycles)
Tue May 20 13:06:39 CEST 2014: 78: No solution found.
Tue May 20 13:06:52 CEST 2014: 79: finished (13095ms, 500cycles)
Tue May 20 13:06:52 CEST 2014: 79: No solution found.
Tue May 20 13:07:05 CEST 2014: 80: finished (13164ms, 500cycles)
Tue May 20 13:07:05 CEST 2014: 80: No solution found.
Tue May 20 13:07:16 CEST 2014: 81: finished (10705ms, 500cycles)
Tue May 20 13:07:16 CEST 2014: 81: No solution found.
Tue May 20 13:07:28 CEST 2014: 82: finished (12535ms, 500cycles)
Tue May 20 13:07:28 CEST 2014: 82: No solution found.
Tue May 20 13:07:40 CEST 2014: 83: finished (11438ms, 500cycles)
Tue May 20 13:07:40 CEST 2014: 83: No solution found.
Tue May 20 13:07:43 CEST 2014: 84: finished (3100ms, 143cycles)
Tue May 20 13:07:43 CEST 2014: 84: Solution found.
Tue May 20 13:07:56 CEST 2014: 85: finished (13641ms, 500cycles)
Tue May 20 13:07:56 CEST 2014: 85: No solution found.
Tue May 20 13:08:07 CEST 2014: 86: finished (10444ms, 500cycles)
Tue May 20 13:08:07 CEST 2014: 86: No solution found.
Tue May 20 13:08:20 CEST 2014: 87: finished (13206ms, 500cycles)
Tue May 20 13:08:20 CEST 2014: 87: No solution found.
Tue May 20 13:08:21 CEST 2014: 88: finished (858ms, 40cycles)
Tue May 20 13:08:21 CEST 2014: 88: Solution found.
Tue May 20 13:08:22 CEST 2014: 89: finished (638ms, 30cycles)
Tue May 20 13:08:22 CEST 2014: 89: Solution found.
Tue May 20 13:08:35 CEST 2014: 90: finished (13679ms, 500cycles)
Tue May 20 13:08:35 CEST 2014: 90: No solution found.
Tue May 20 13:08:48 CEST 2014: 91: finished (12680ms, 500cycles)
Tue May 20 13:08:48 CEST 2014: 91: No solution found.
Tue May 20 13:08:59 CEST 2014: 92: finished (10632ms, 500cycles)
Tue May 20 13:08:59 CEST 2014: 92: No solution found.
Tue May 20 13:09:12 CEST 2014: 93: finished (13146ms, 500cycles)
Tue May 20 13:09:12 CEST 2014: 93: No solution found.
Tue May 20 13:09:23 CEST 2014: 94: finished (11339ms, 500cycles)
Tue May 20 13:09:23 CEST 2014: 94: No solution found.
Tue May 20 13:09:37 CEST 2014: 95: finished (13520ms, 500cycles)
Tue May 20 13:09:37 CEST 2014: 95: No solution found.
Tue May 20 13:09:37 CEST 2014: 96: finished (547ms, 25cycles)
Tue May 20 13:09:37 CEST 2014: 96: Solution found.
Tue May 20 13:09:38 CEST 2014: 97: finished (1385ms, 67cycles)
Tue May 20 13:09:38 CEST 2014: 97: Solution found.
Tue May 20 13:09:49 CEST 2014: 98: finished (10412ms, 500cycles)
Tue May 20 13:09:49 CEST 2014: 98: No solution found.
Tue May 20 13:09:59 CEST 2014: 99: finished (10568ms, 500cycles)
Tue May 20 13:09:59 CEST 2014: 99: No solution found.
Tue May 20 13:09:59 CEST 2014: Solution Found: 29
Tue May 20 13:09:59 CEST 2014: Avg cycles: 55
Tue May 20 13:09:59 CEST 2014: Max cycles: 170
Tue May 20 13:09:59 CEST 2014: Min cycles: 25
Tue May 20 13:09:59 CEST 2014: No solution found: 71
Tue May 20 13:09:59 CEST 2014: logging finished. (runtime: 882924ms)
