Tue May 06 10:52:37 CEST 2014: Problem Count: 40
Tue May 06 10:52:37 CEST 2014: CandidatesCount: 10
Tue May 06 10:52:37 CEST 2014: Max Cycles: 500
Tue May 06 10:52:37 CEST 2014: 0: finished (5ms, 50cycles)
Tue May 06 10:52:37 CEST 2014: 0: Solution found.
Tue May 06 10:52:37 CEST 2014: 1: finished (38ms, 500cycles)
Tue May 06 10:52:37 CEST 2014: 1: No solution found.
Tue May 06 10:52:37 CEST 2014: 2: finished (41ms, 500cycles)
Tue May 06 10:52:37 CEST 2014: 2: No solution found.
Tue May 06 10:52:37 CEST 2014: 3: finished (5ms, 61cycles)
Tue May 06 10:52:37 CEST 2014: 3: Solution found.
Tue May 06 10:52:37 CEST 2014: 4: finished (41ms, 500cycles)
Tue May 06 10:52:37 CEST 2014: 4: No solution found.
Tue May 06 10:52:37 CEST 2014: 5: finished (42ms, 500cycles)
Tue May 06 10:52:37 CEST 2014: 5: No solution found.
Tue May 06 10:52:37 CEST 2014: 6: finished (40ms, 500cycles)
Tue May 06 10:52:37 CEST 2014: 6: No solution found.
Tue May 06 10:52:37 CEST 2014: 7: finished (40ms, 500cycles)
Tue May 06 10:52:37 CEST 2014: 7: No solution found.
Tue May 06 10:52:37 CEST 2014: 8: finished (44ms, 500cycles)
Tue May 06 10:52:37 CEST 2014: 8: No solution found.
Tue May 06 10:52:37 CEST 2014: 9: finished (37ms, 500cycles)
Tue May 06 10:52:37 CEST 2014: 9: No solution found.
Tue May 06 10:52:37 CEST 2014: 10: finished (10ms, 85cycles)
Tue May 06 10:52:37 CEST 2014: 10: Solution found.
Tue May 06 10:52:37 CEST 2014: 11: finished (2ms, 7cycles)
Tue May 06 10:52:37 CEST 2014: 11: Solution found.
Tue May 06 10:52:37 CEST 2014: 12: finished (43ms, 500cycles)
Tue May 06 10:52:37 CEST 2014: 12: No solution found.
Tue May 06 10:52:37 CEST 2014: 13: finished (40ms, 500cycles)
Tue May 06 10:52:37 CEST 2014: 13: No solution found.
Tue May 06 10:52:37 CEST 2014: 14: finished (42ms, 500cycles)
Tue May 06 10:52:37 CEST 2014: 14: No solution found.
Tue May 06 10:52:37 CEST 2014: 15: finished (48ms, 500cycles)
Tue May 06 10:52:37 CEST 2014: 15: No solution found.
Tue May 06 10:52:38 CEST 2014: 16: finished (42ms, 500cycles)
Tue May 06 10:52:38 CEST 2014: 16: No solution found.
Tue May 06 10:52:38 CEST 2014: 17: finished (38ms, 500cycles)
Tue May 06 10:52:38 CEST 2014: 17: No solution found.
Tue May 06 10:52:38 CEST 2014: 18: finished (42ms, 500cycles)
Tue May 06 10:52:38 CEST 2014: 18: No solution found.
Tue May 06 10:52:38 CEST 2014: 19: finished (54ms, 500cycles)
Tue May 06 10:52:38 CEST 2014: 19: No solution found.
Tue May 06 10:52:38 CEST 2014: 20: finished (40ms, 500cycles)
Tue May 06 10:52:38 CEST 2014: 20: No solution found.
Tue May 06 10:52:38 CEST 2014: 21: finished (44ms, 500cycles)
Tue May 06 10:52:38 CEST 2014: 21: No solution found.
Tue May 06 10:52:38 CEST 2014: 22: finished (46ms, 500cycles)
Tue May 06 10:52:38 CEST 2014: 22: No solution found.
Tue May 06 10:52:38 CEST 2014: 23: finished (48ms, 500cycles)
Tue May 06 10:52:38 CEST 2014: 23: No solution found.
Tue May 06 10:52:38 CEST 2014: 24: finished (43ms, 500cycles)
Tue May 06 10:52:38 CEST 2014: 24: No solution found.
Tue May 06 10:52:38 CEST 2014: 25: finished (39ms, 500cycles)
Tue May 06 10:52:38 CEST 2014: 25: No solution found.
Tue May 06 10:52:38 CEST 2014: 26: finished (51ms, 500cycles)
Tue May 06 10:52:38 CEST 2014: 26: No solution found.
Tue May 06 10:52:38 CEST 2014: 27: finished (45ms, 500cycles)
Tue May 06 10:52:38 CEST 2014: 27: No solution found.
Tue May 06 10:52:38 CEST 2014: 28: finished (2ms, 10cycles)
Tue May 06 10:52:38 CEST 2014: 28: Solution found.
Tue May 06 10:52:38 CEST 2014: 29: finished (4ms, 40cycles)
Tue May 06 10:52:38 CEST 2014: 29: Solution found.
Tue May 06 10:52:38 CEST 2014: 30: finished (42ms, 500cycles)
Tue May 06 10:52:38 CEST 2014: 30: No solution found.
Tue May 06 10:52:38 CEST 2014: 31: finished (51ms, 500cycles)
Tue May 06 10:52:38 CEST 2014: 31: No solution found.
Tue May 06 10:52:38 CEST 2014: 32: finished (45ms, 500cycles)
Tue May 06 10:52:38 CEST 2014: 32: No solution found.
Tue May 06 10:52:38 CEST 2014: 33: finished (40ms, 500cycles)
Tue May 06 10:52:38 CEST 2014: 33: No solution found.
Tue May 06 10:52:38 CEST 2014: 34: finished (3ms, 25cycles)
Tue May 06 10:52:38 CEST 2014: 34: Solution found.
Tue May 06 10:52:38 CEST 2014: 35: finished (45ms, 500cycles)
Tue May 06 10:52:38 CEST 2014: 35: No solution found.
Tue May 06 10:52:38 CEST 2014: 36: finished (38ms, 500cycles)
Tue May 06 10:52:38 CEST 2014: 36: No solution found.
Tue May 06 10:52:38 CEST 2014: 37: finished (5ms, 56cycles)
Tue May 06 10:52:38 CEST 2014: 37: Solution found.
Tue May 06 10:52:38 CEST 2014: 38: finished (42ms, 500cycles)
Tue May 06 10:52:38 CEST 2014: 38: No solution found.
Tue May 06 10:52:38 CEST 2014: 39: finished (1ms, 7cycles)
Tue May 06 10:52:38 CEST 2014: 39: Solution found.
Tue May 06 10:52:38 CEST 2014: 40: finished (42ms, 500cycles)
Tue May 06 10:52:38 CEST 2014: 40: No solution found.
Tue May 06 10:52:38 CEST 2014: 41: finished (2ms, 23cycles)
Tue May 06 10:52:38 CEST 2014: 41: Solution found.
Tue May 06 10:52:38 CEST 2014: 42: finished (40ms, 500cycles)
Tue May 06 10:52:38 CEST 2014: 42: No solution found.
Tue May 06 10:52:38 CEST 2014: 43: finished (39ms, 500cycles)
Tue May 06 10:52:38 CEST 2014: 43: No solution found.
Tue May 06 10:52:38 CEST 2014: 44: finished (3ms, 34cycles)
Tue May 06 10:52:38 CEST 2014: 44: Solution found.
Tue May 06 10:52:39 CEST 2014: 45: finished (51ms, 500cycles)
Tue May 06 10:52:39 CEST 2014: 45: No solution found.
Tue May 06 10:52:39 CEST 2014: 46: finished (44ms, 500cycles)
Tue May 06 10:52:39 CEST 2014: 46: No solution found.
Tue May 06 10:52:39 CEST 2014: 47: finished (46ms, 500cycles)
Tue May 06 10:52:39 CEST 2014: 47: No solution found.
Tue May 06 10:52:39 CEST 2014: 48: finished (10ms, 110cycles)
Tue May 06 10:52:39 CEST 2014: 48: Solution found.
Tue May 06 10:52:39 CEST 2014: 49: finished (50ms, 500cycles)
Tue May 06 10:52:39 CEST 2014: 49: No solution found.
Tue May 06 10:52:39 CEST 2014: 50: finished (45ms, 500cycles)
Tue May 06 10:52:39 CEST 2014: 50: No solution found.
Tue May 06 10:52:39 CEST 2014: 51: finished (39ms, 500cycles)
Tue May 06 10:52:39 CEST 2014: 51: No solution found.
Tue May 06 10:52:39 CEST 2014: 52: finished (44ms, 500cycles)
Tue May 06 10:52:39 CEST 2014: 52: No solution found.
Tue May 06 10:52:39 CEST 2014: 53: finished (2ms, 23cycles)
Tue May 06 10:52:39 CEST 2014: 53: Solution found.
Tue May 06 10:52:39 CEST 2014: 54: finished (7ms, 76cycles)
Tue May 06 10:52:39 CEST 2014: 54: Solution found.
Tue May 06 10:52:39 CEST 2014: 55: finished (5ms, 50cycles)
Tue May 06 10:52:39 CEST 2014: 55: Solution found.
Tue May 06 10:52:39 CEST 2014: 56: finished (38ms, 500cycles)
Tue May 06 10:52:39 CEST 2014: 56: No solution found.
Tue May 06 10:52:39 CEST 2014: 57: finished (40ms, 500cycles)
Tue May 06 10:52:39 CEST 2014: 57: No solution found.
Tue May 06 10:52:39 CEST 2014: 58: finished (1ms, 13cycles)
Tue May 06 10:52:39 CEST 2014: 58: Solution found.
Tue May 06 10:52:39 CEST 2014: 59: finished (4ms, 40cycles)
Tue May 06 10:52:39 CEST 2014: 59: Solution found.
Tue May 06 10:52:39 CEST 2014: 60: finished (3ms, 28cycles)
Tue May 06 10:52:39 CEST 2014: 60: Solution found.
Tue May 06 10:52:39 CEST 2014: 61: finished (4ms, 47cycles)
Tue May 06 10:52:39 CEST 2014: 61: Solution found.
Tue May 06 10:52:39 CEST 2014: 62: finished (40ms, 500cycles)
Tue May 06 10:52:39 CEST 2014: 62: No solution found.
Tue May 06 10:52:39 CEST 2014: 63: finished (63ms, 500cycles)
Tue May 06 10:52:39 CEST 2014: 63: No solution found.
Tue May 06 10:52:39 CEST 2014: 64: finished (6ms, 55cycles)
Tue May 06 10:52:39 CEST 2014: 64: Solution found.
Tue May 06 10:52:39 CEST 2014: 65: finished (39ms, 500cycles)
Tue May 06 10:52:39 CEST 2014: 65: No solution found.
Tue May 06 10:52:39 CEST 2014: 66: finished (43ms, 500cycles)
Tue May 06 10:52:39 CEST 2014: 66: No solution found.
Tue May 06 10:52:39 CEST 2014: 67: finished (35ms, 381cycles)
Tue May 06 10:52:39 CEST 2014: 67: Solution found.
Tue May 06 10:52:39 CEST 2014: 68: finished (43ms, 500cycles)
Tue May 06 10:52:39 CEST 2014: 68: No solution found.
Tue May 06 10:52:39 CEST 2014: 69: finished (45ms, 500cycles)
Tue May 06 10:52:39 CEST 2014: 69: No solution found.
Tue May 06 10:52:39 CEST 2014: 70: finished (35ms, 430cycles)
Tue May 06 10:52:39 CEST 2014: 70: Solution found.
Tue May 06 10:52:39 CEST 2014: 71: finished (11ms, 116cycles)
Tue May 06 10:52:39 CEST 2014: 71: Solution found.
Tue May 06 10:52:39 CEST 2014: 72: finished (45ms, 500cycles)
Tue May 06 10:52:39 CEST 2014: 72: No solution found.
Tue May 06 10:52:39 CEST 2014: 73: finished (42ms, 500cycles)
Tue May 06 10:52:39 CEST 2014: 73: No solution found.
Tue May 06 10:52:39 CEST 2014: 74: finished (39ms, 500cycles)
Tue May 06 10:52:39 CEST 2014: 74: No solution found.
Tue May 06 10:52:39 CEST 2014: 75: finished (46ms, 500cycles)
Tue May 06 10:52:39 CEST 2014: 75: No solution found.
Tue May 06 10:52:39 CEST 2014: 76: finished (39ms, 500cycles)
Tue May 06 10:52:39 CEST 2014: 76: No solution found.
Tue May 06 10:52:40 CEST 2014: 77: finished (42ms, 500cycles)
Tue May 06 10:52:40 CEST 2014: 77: No solution found.
Tue May 06 10:52:40 CEST 2014: 78: finished (5ms, 54cycles)
Tue May 06 10:52:40 CEST 2014: 78: Solution found.
Tue May 06 10:52:40 CEST 2014: 79: finished (43ms, 500cycles)
Tue May 06 10:52:40 CEST 2014: 79: No solution found.
Tue May 06 10:52:40 CEST 2014: 80: finished (44ms, 500cycles)
Tue May 06 10:52:40 CEST 2014: 80: No solution found.
Tue May 06 10:52:40 CEST 2014: 81: finished (37ms, 500cycles)
Tue May 06 10:52:40 CEST 2014: 81: No solution found.
Tue May 06 10:52:40 CEST 2014: 82: finished (52ms, 500cycles)
Tue May 06 10:52:40 CEST 2014: 82: No solution found.
Tue May 06 10:52:40 CEST 2014: 83: finished (14ms, 163cycles)
Tue May 06 10:52:40 CEST 2014: 83: Solution found.
Tue May 06 10:52:40 CEST 2014: 84: finished (41ms, 500cycles)
Tue May 06 10:52:40 CEST 2014: 84: No solution found.
Tue May 06 10:52:40 CEST 2014: 85: finished (44ms, 500cycles)
Tue May 06 10:52:40 CEST 2014: 85: No solution found.
Tue May 06 10:52:40 CEST 2014: 86: finished (52ms, 500cycles)
Tue May 06 10:52:40 CEST 2014: 86: No solution found.
Tue May 06 10:52:40 CEST 2014: 87: finished (4ms, 46cycles)
Tue May 06 10:52:40 CEST 2014: 87: Solution found.
Tue May 06 10:52:40 CEST 2014: 88: finished (46ms, 500cycles)
Tue May 06 10:52:40 CEST 2014: 88: No solution found.
Tue May 06 10:52:40 CEST 2014: 89: finished (49ms, 500cycles)
Tue May 06 10:52:40 CEST 2014: 89: No solution found.
Tue May 06 10:52:40 CEST 2014: 90: finished (6ms, 62cycles)
Tue May 06 10:52:40 CEST 2014: 90: Solution found.
Tue May 06 10:52:40 CEST 2014: 91: finished (38ms, 500cycles)
Tue May 06 10:52:40 CEST 2014: 91: No solution found.
Tue May 06 10:52:40 CEST 2014: 92: finished (42ms, 500cycles)
Tue May 06 10:52:40 CEST 2014: 92: No solution found.
Tue May 06 10:52:40 CEST 2014: 93: finished (54ms, 500cycles)
Tue May 06 10:52:40 CEST 2014: 93: No solution found.
Tue May 06 10:52:40 CEST 2014: 94: finished (43ms, 500cycles)
Tue May 06 10:52:40 CEST 2014: 94: No solution found.
Tue May 06 10:52:40 CEST 2014: 95: finished (48ms, 500cycles)
Tue May 06 10:52:40 CEST 2014: 95: No solution found.
Tue May 06 10:52:40 CEST 2014: 96: finished (1ms, 8cycles)
Tue May 06 10:52:40 CEST 2014: 96: Solution found.
Tue May 06 10:52:40 CEST 2014: 97: finished (40ms, 500cycles)
Tue May 06 10:52:40 CEST 2014: 97: No solution found.
Tue May 06 10:52:40 CEST 2014: 98: finished (1ms, 6cycles)
Tue May 06 10:52:40 CEST 2014: 98: Solution found.
Tue May 06 10:52:40 CEST 2014: 99: finished (47ms, 500cycles)
Tue May 06 10:52:40 CEST 2014: 99: No solution found.
Tue May 06 10:52:40 CEST 2014: Solution Found: 29
Tue May 06 10:52:40 CEST 2014: Avg cycles: 72
Tue May 06 10:52:40 CEST 2014: Max cycles: 430
Tue May 06 10:52:40 CEST 2014: Min cycles: 6
Tue May 06 10:52:40 CEST 2014: No solution found: 71
Tue May 06 10:52:40 CEST 2014: logging finished. (runtime: 3303ms)
