Tue May 06 13:49:46 CEST 2014: Problem Count: 10
Tue May 06 13:49:46 CEST 2014: CandidatesCount: 50
Tue May 06 13:49:46 CEST 2014: Max Cycles: 500
Tue May 06 13:49:46 CEST 2014: 0: finished (62ms, 500cycles)
Tue May 06 13:49:46 CEST 2014: 0: No solution found.
Tue May 06 13:49:46 CEST 2014: 1: finished (56ms, 500cycles)
Tue May 06 13:49:46 CEST 2014: 1: No solution found.
Tue May 06 13:49:46 CEST 2014: 2: finished (7ms, 20cycles)
Tue May 06 13:49:46 CEST 2014: 2: Solution found.
Tue May 06 13:49:47 CEST 2014: 3: finished (236ms, 500cycles)
Tue May 06 13:49:47 CEST 2014: 3: No solution found.
Tue May 06 13:49:47 CEST 2014: 4: finished (5ms, 30cycles)
Tue May 06 13:49:47 CEST 2014: 4: Solution found.
Tue May 06 13:49:47 CEST 2014: 5: finished (421ms, 500cycles)
Tue May 06 13:49:47 CEST 2014: 5: No solution found.
Tue May 06 13:49:47 CEST 2014: 6: finished (285ms, 500cycles)
Tue May 06 13:49:47 CEST 2014: 6: No solution found.
Tue May 06 13:49:48 CEST 2014: 7: finished (255ms, 500cycles)
Tue May 06 13:49:48 CEST 2014: 7: No solution found.
Tue May 06 13:49:48 CEST 2014: 8: finished (3ms, 14cycles)
Tue May 06 13:49:48 CEST 2014: 8: Solution found.
Tue May 06 13:49:48 CEST 2014: 9: finished (213ms, 500cycles)
Tue May 06 13:49:48 CEST 2014: 9: No solution found.
Tue May 06 13:49:48 CEST 2014: 10: finished (221ms, 500cycles)
Tue May 06 13:49:48 CEST 2014: 10: No solution found.
Tue May 06 13:49:48 CEST 2014: 11: finished (48ms, 500cycles)
Tue May 06 13:49:48 CEST 2014: 11: No solution found.
Tue May 06 13:49:48 CEST 2014: 12: finished (336ms, 500cycles)
Tue May 06 13:49:48 CEST 2014: 12: No solution found.
Tue May 06 13:49:49 CEST 2014: 13: finished (46ms, 500cycles)
Tue May 06 13:49:49 CEST 2014: 13: No solution found.
Tue May 06 13:49:49 CEST 2014: 14: finished (300ms, 500cycles)
Tue May 06 13:49:49 CEST 2014: 14: No solution found.
Tue May 06 13:49:49 CEST 2014: 15: finished (295ms, 500cycles)
Tue May 06 13:49:49 CEST 2014: 15: No solution found.
Tue May 06 13:49:50 CEST 2014: 16: finished (446ms, 500cycles)
Tue May 06 13:49:50 CEST 2014: 16: No solution found.
Tue May 06 13:49:50 CEST 2014: 17: finished (347ms, 500cycles)
Tue May 06 13:49:50 CEST 2014: 17: No solution found.
Tue May 06 13:49:50 CEST 2014: 18: finished (295ms, 500cycles)
Tue May 06 13:49:50 CEST 2014: 18: No solution found.
Tue May 06 13:49:50 CEST 2014: 19: finished (257ms, 500cycles)
Tue May 06 13:49:50 CEST 2014: 19: No solution found.
Tue May 06 13:49:51 CEST 2014: 20: finished (384ms, 500cycles)
Tue May 06 13:49:51 CEST 2014: 20: No solution found.
Tue May 06 13:49:51 CEST 2014: 21: finished (2ms, 9cycles)
Tue May 06 13:49:51 CEST 2014: 21: Solution found.
Tue May 06 13:49:51 CEST 2014: 22: finished (176ms, 500cycles)
Tue May 06 13:49:51 CEST 2014: 22: No solution found.
Tue May 06 13:49:51 CEST 2014: 23: finished (1ms, 4cycles)
Tue May 06 13:49:51 CEST 2014: 23: Solution found.
Tue May 06 13:49:51 CEST 2014: 24: finished (2ms, 11cycles)
Tue May 06 13:49:51 CEST 2014: 24: Solution found.
Tue May 06 13:49:51 CEST 2014: 25: finished (369ms, 500cycles)
Tue May 06 13:49:51 CEST 2014: 25: No solution found.
Tue May 06 13:49:51 CEST 2014: 26: finished (1ms, 3cycles)
Tue May 06 13:49:51 CEST 2014: 26: Solution found.
Tue May 06 13:49:52 CEST 2014: 27: finished (284ms, 500cycles)
Tue May 06 13:49:52 CEST 2014: 27: No solution found.
Tue May 06 13:49:52 CEST 2014: 28: finished (4ms, 12cycles)
Tue May 06 13:49:52 CEST 2014: 28: Solution found.
Tue May 06 13:49:52 CEST 2014: 29: finished (19ms, 65cycles)
Tue May 06 13:49:52 CEST 2014: 29: Solution found.
Tue May 06 13:49:52 CEST 2014: 30: finished (6ms, 22cycles)
Tue May 06 13:49:52 CEST 2014: 30: Solution found.
Tue May 06 13:49:52 CEST 2014: 31: finished (52ms, 402cycles)
Tue May 06 13:49:52 CEST 2014: 31: Solution found.
Tue May 06 13:49:52 CEST 2014: 32: finished (409ms, 500cycles)
Tue May 06 13:49:52 CEST 2014: 32: No solution found.
Tue May 06 13:49:52 CEST 2014: 33: finished (2ms, 11cycles)
Tue May 06 13:49:52 CEST 2014: 33: Solution found.
Tue May 06 13:49:52 CEST 2014: 34: finished (1ms, 9cycles)
Tue May 06 13:49:52 CEST 2014: 34: Solution found.
Tue May 06 13:49:52 CEST 2014: 35: finished (2ms, 10cycles)
Tue May 06 13:49:52 CEST 2014: 35: Solution found.
Tue May 06 13:49:52 CEST 2014: 36: finished (3ms, 15cycles)
Tue May 06 13:49:52 CEST 2014: 36: Solution found.
Tue May 06 13:49:52 CEST 2014: 37: finished (214ms, 500cycles)
Tue May 06 13:49:52 CEST 2014: 37: No solution found.
Tue May 06 13:49:53 CEST 2014: 38: finished (198ms, 500cycles)
Tue May 06 13:49:53 CEST 2014: 38: No solution found.
Tue May 06 13:49:53 CEST 2014: 39: finished (477ms, 500cycles)
Tue May 06 13:49:53 CEST 2014: 39: No solution found.
Tue May 06 13:49:53 CEST 2014: 40: finished (51ms, 500cycles)
Tue May 06 13:49:53 CEST 2014: 40: No solution found.
Tue May 06 13:49:53 CEST 2014: 41: finished (185ms, 500cycles)
Tue May 06 13:49:53 CEST 2014: 41: No solution found.
Tue May 06 13:49:53 CEST 2014: 42: finished (62ms, 118cycles)
Tue May 06 13:49:53 CEST 2014: 42: Solution found.
Tue May 06 13:49:53 CEST 2014: 43: finished (2ms, 6cycles)
Tue May 06 13:49:53 CEST 2014: 43: Solution found.
Tue May 06 13:49:54 CEST 2014: 44: finished (220ms, 500cycles)
Tue May 06 13:49:54 CEST 2014: 44: No solution found.
Tue May 06 13:49:54 CEST 2014: 45: finished (45ms, 500cycles)
Tue May 06 13:49:54 CEST 2014: 45: No solution found.
Tue May 06 13:49:54 CEST 2014: 46: finished (374ms, 500cycles)
Tue May 06 13:49:54 CEST 2014: 46: No solution found.
Tue May 06 13:49:54 CEST 2014: 47: finished (56ms, 500cycles)
Tue May 06 13:49:54 CEST 2014: 47: No solution found.
Tue May 06 13:49:54 CEST 2014: 48: finished (46ms, 500cycles)
Tue May 06 13:49:54 CEST 2014: 48: No solution found.
Tue May 06 13:49:55 CEST 2014: 49: finished (389ms, 500cycles)
Tue May 06 13:49:55 CEST 2014: 49: No solution found.
Tue May 06 13:49:55 CEST 2014: 50: finished (47ms, 500cycles)
Tue May 06 13:49:55 CEST 2014: 50: No solution found.
Tue May 06 13:49:55 CEST 2014: 51: finished (10ms, 49cycles)
Tue May 06 13:49:55 CEST 2014: 51: Solution found.
Tue May 06 13:49:55 CEST 2014: 52: finished (396ms, 500cycles)
Tue May 06 13:49:55 CEST 2014: 52: No solution found.
Tue May 06 13:49:55 CEST 2014: 53: finished (240ms, 380cycles)
Tue May 06 13:49:55 CEST 2014: 53: Solution found.
Tue May 06 13:49:55 CEST 2014: 54: finished (4ms, 20cycles)
Tue May 06 13:49:55 CEST 2014: 54: Solution found.
Tue May 06 13:49:55 CEST 2014: 55: finished (46ms, 500cycles)
Tue May 06 13:49:55 CEST 2014: 55: No solution found.
Tue May 06 13:49:56 CEST 2014: 56: finished (332ms, 500cycles)
Tue May 06 13:49:56 CEST 2014: 56: No solution found.
Tue May 06 13:49:56 CEST 2014: 57: finished (48ms, 500cycles)
Tue May 06 13:49:56 CEST 2014: 57: No solution found.
Tue May 06 13:49:56 CEST 2014: 58: finished (1ms, 8cycles)
Tue May 06 13:49:56 CEST 2014: 58: Solution found.
Tue May 06 13:49:56 CEST 2014: 59: finished (438ms, 500cycles)
Tue May 06 13:49:56 CEST 2014: 59: No solution found.
Tue May 06 13:49:56 CEST 2014: 60: finished (6ms, 18cycles)
Tue May 06 13:49:56 CEST 2014: 60: Solution found.
Tue May 06 13:49:56 CEST 2014: 61: finished (3ms, 21cycles)
Tue May 06 13:49:56 CEST 2014: 61: Solution found.
Tue May 06 13:49:56 CEST 2014: 62: finished (6ms, 16cycles)
Tue May 06 13:49:56 CEST 2014: 62: Solution found.
Tue May 06 13:49:56 CEST 2014: 63: finished (30ms, 68cycles)
Tue May 06 13:49:56 CEST 2014: 63: Solution found.
Tue May 06 13:49:56 CEST 2014: 64: finished (36ms, 75cycles)
Tue May 06 13:49:56 CEST 2014: 64: Solution found.
Tue May 06 13:49:56 CEST 2014: 65: finished (1ms, 6cycles)
Tue May 06 13:49:56 CEST 2014: 65: Solution found.
Tue May 06 13:49:56 CEST 2014: 66: finished (50ms, 500cycles)
Tue May 06 13:49:56 CEST 2014: 66: No solution found.
Tue May 06 13:49:56 CEST 2014: 67: finished (33ms, 74cycles)
Tue May 06 13:49:56 CEST 2014: 67: Solution found.
Tue May 06 13:49:56 CEST 2014: 68: finished (42ms, 500cycles)
Tue May 06 13:49:56 CEST 2014: 68: No solution found.
Tue May 06 13:49:57 CEST 2014: 69: finished (370ms, 500cycles)
Tue May 06 13:49:57 CEST 2014: 69: No solution found.
Tue May 06 13:49:57 CEST 2014: 70: finished (404ms, 500cycles)
Tue May 06 13:49:57 CEST 2014: 70: No solution found.
Tue May 06 13:49:57 CEST 2014: 71: finished (44ms, 500cycles)
Tue May 06 13:49:57 CEST 2014: 71: No solution found.
Tue May 06 13:49:57 CEST 2014: 72: finished (15ms, 73cycles)
Tue May 06 13:49:57 CEST 2014: 72: Solution found.
Tue May 06 13:49:57 CEST 2014: 73: finished (55ms, 500cycles)
Tue May 06 13:49:57 CEST 2014: 73: No solution found.
Tue May 06 13:49:57 CEST 2014: 74: finished (8ms, 50cycles)
Tue May 06 13:49:57 CEST 2014: 74: Solution found.
Tue May 06 13:49:58 CEST 2014: 75: finished (437ms, 500cycles)
Tue May 06 13:49:58 CEST 2014: 75: No solution found.
Tue May 06 13:49:58 CEST 2014: 76: finished (127ms, 206cycles)
Tue May 06 13:49:58 CEST 2014: 76: Solution found.
Tue May 06 13:49:58 CEST 2014: 77: finished (8ms, 21cycles)
Tue May 06 13:49:58 CEST 2014: 77: Solution found.
Tue May 06 13:49:58 CEST 2014: 78: finished (58ms, 500cycles)
Tue May 06 13:49:58 CEST 2014: 78: No solution found.
Tue May 06 13:49:58 CEST 2014: 79: finished (186ms, 302cycles)
Tue May 06 13:49:58 CEST 2014: 79: Solution found.
Tue May 06 13:49:58 CEST 2014: 80: finished (317ms, 500cycles)
Tue May 06 13:49:58 CEST 2014: 80: No solution found.
Tue May 06 13:49:59 CEST 2014: 81: finished (412ms, 500cycles)
Tue May 06 13:49:59 CEST 2014: 81: No solution found.
Tue May 06 13:49:59 CEST 2014: 82: finished (2ms, 12cycles)
Tue May 06 13:49:59 CEST 2014: 82: Solution found.
Tue May 06 13:49:59 CEST 2014: 83: finished (367ms, 443cycles)
Tue May 06 13:49:59 CEST 2014: 83: Solution found.
Tue May 06 13:49:59 CEST 2014: 84: finished (341ms, 500cycles)
Tue May 06 13:49:59 CEST 2014: 84: No solution found.
Tue May 06 13:50:00 CEST 2014: 85: finished (378ms, 500cycles)
Tue May 06 13:50:00 CEST 2014: 85: No solution found.
Tue May 06 13:50:00 CEST 2014: 86: finished (2ms, 14cycles)
Tue May 06 13:50:00 CEST 2014: 86: Solution found.
Tue May 06 13:50:00 CEST 2014: 87: finished (2ms, 12cycles)
Tue May 06 13:50:00 CEST 2014: 87: Solution found.
Tue May 06 13:50:00 CEST 2014: 88: finished (213ms, 500cycles)
Tue May 06 13:50:00 CEST 2014: 88: No solution found.
Tue May 06 13:50:00 CEST 2014: 89: finished (188ms, 500cycles)
Tue May 06 13:50:00 CEST 2014: 89: No solution found.
Tue May 06 13:50:00 CEST 2014: 90: finished (4ms, 15cycles)
Tue May 06 13:50:00 CEST 2014: 90: Solution found.
Tue May 06 13:50:00 CEST 2014: 91: finished (12ms, 33cycles)
Tue May 06 13:50:00 CEST 2014: 91: Solution found.
Tue May 06 13:50:00 CEST 2014: 92: finished (2ms, 9cycles)
Tue May 06 13:50:00 CEST 2014: 92: Solution found.
Tue May 06 13:50:00 CEST 2014: 93: finished (6ms, 20cycles)
Tue May 06 13:50:00 CEST 2014: 93: Solution found.
Tue May 06 13:50:00 CEST 2014: 94: finished (216ms, 500cycles)
Tue May 06 13:50:00 CEST 2014: 94: No solution found.
Tue May 06 13:50:00 CEST 2014: 95: finished (3ms, 13cycles)
Tue May 06 13:50:00 CEST 2014: 95: Solution found.
Tue May 06 13:50:00 CEST 2014: 96: finished (2ms, 14cycles)
Tue May 06 13:50:00 CEST 2014: 96: Solution found.
Tue May 06 13:50:01 CEST 2014: 97: finished (216ms, 500cycles)
Tue May 06 13:50:01 CEST 2014: 97: No solution found.
Tue May 06 13:50:01 CEST 2014: 98: finished (225ms, 500cycles)
Tue May 06 13:50:01 CEST 2014: 98: No solution found.
Tue May 06 13:50:01 CEST 2014: 99: finished (219ms, 500cycles)
Tue May 06 13:50:01 CEST 2014: 99: No solution found.
Tue May 06 13:50:01 CEST 2014: Solution Found: 43
Tue May 06 13:50:01 CEST 2014: Avg cycles: 63
Tue May 06 13:50:01 CEST 2014: Max cycles: 443
Tue May 06 13:50:01 CEST 2014: Min cycles: 3
Tue May 06 13:50:01 CEST 2014: No solution found: 57
Tue May 06 13:50:01 CEST 2014: logging finished. (runtime: 14802ms)
