Sun May 18 19:25:28 CEST 2014: Problem Count: 30
Sun May 18 19:25:28 CEST 2014: CandidatesCount: 50
Sun May 18 19:25:28 CEST 2014: Max Cycles: 500
Sun May 18 19:25:28 CEST 2014: 0: finished (4ms, 10cycles)
Sun May 18 19:25:28 CEST 2014: 0: Solution found.
Sun May 18 19:25:28 CEST 2014: 1: finished (11ms, 36cycles)
Sun May 18 19:25:28 CEST 2014: 1: Solution found.
Sun May 18 19:25:28 CEST 2014: 2: finished (50ms, 156cycles)
Sun May 18 19:25:28 CEST 2014: 2: Solution found.
Sun May 18 19:25:28 CEST 2014: 3: finished (147ms, 500cycles)
Sun May 18 19:25:28 CEST 2014: 3: No solution found.
Sun May 18 19:25:28 CEST 2014: 4: finished (9ms, 25cycles)
Sun May 18 19:25:28 CEST 2014: 4: Solution found.
Sun May 18 19:25:29 CEST 2014: 5: finished (190ms, 500cycles)
Sun May 18 19:25:29 CEST 2014: 5: No solution found.
Sun May 18 19:25:29 CEST 2014: 6: finished (13ms, 38cycles)
Sun May 18 19:25:29 CEST 2014: 6: Solution found.
Sun May 18 19:25:29 CEST 2014: 7: finished (6ms, 17cycles)
Sun May 18 19:25:29 CEST 2014: 7: Solution found.
Sun May 18 19:25:29 CEST 2014: 8: finished (154ms, 500cycles)
Sun May 18 19:25:29 CEST 2014: 8: No solution found.
Sun May 18 19:25:29 CEST 2014: 9: finished (155ms, 500cycles)
Sun May 18 19:25:29 CEST 2014: 9: No solution found.
Sun May 18 19:25:29 CEST 2014: 10: finished (150ms, 500cycles)
Sun May 18 19:25:29 CEST 2014: 10: No solution found.
Sun May 18 19:25:29 CEST 2014: 11: finished (6ms, 16cycles)
Sun May 18 19:25:29 CEST 2014: 11: Solution found.
Sun May 18 19:25:29 CEST 2014: 12: finished (4ms, 10cycles)
Sun May 18 19:25:29 CEST 2014: 12: Solution found.
Sun May 18 19:25:29 CEST 2014: 13: finished (147ms, 500cycles)
Sun May 18 19:25:29 CEST 2014: 13: No solution found.
Sun May 18 19:25:29 CEST 2014: 14: finished (149ms, 500cycles)
Sun May 18 19:25:29 CEST 2014: 14: No solution found.
Sun May 18 19:25:29 CEST 2014: 15: finished (3ms, 7cycles)
Sun May 18 19:25:29 CEST 2014: 15: Solution found.
Sun May 18 19:25:30 CEST 2014: 16: finished (146ms, 500cycles)
Sun May 18 19:25:30 CEST 2014: 16: No solution found.
Sun May 18 19:25:30 CEST 2014: 17: finished (14ms, 36cycles)
Sun May 18 19:25:30 CEST 2014: 17: Solution found.
Sun May 18 19:25:30 CEST 2014: 18: finished (358ms, 500cycles)
Sun May 18 19:25:30 CEST 2014: 18: No solution found.
Sun May 18 19:25:30 CEST 2014: 19: finished (6ms, 17cycles)
Sun May 18 19:25:30 CEST 2014: 19: Solution found.
Sun May 18 19:25:30 CEST 2014: 20: finished (5ms, 13cycles)
Sun May 18 19:25:30 CEST 2014: 20: Solution found.
Sun May 18 19:25:30 CEST 2014: 21: finished (143ms, 500cycles)
Sun May 18 19:25:30 CEST 2014: 21: No solution found.
Sun May 18 19:25:30 CEST 2014: 22: finished (10ms, 24cycles)
Sun May 18 19:25:30 CEST 2014: 22: Solution found.
Sun May 18 19:25:30 CEST 2014: 23: finished (151ms, 500cycles)
Sun May 18 19:25:30 CEST 2014: 23: No solution found.
Sun May 18 19:25:30 CEST 2014: 24: finished (9ms, 26cycles)
Sun May 18 19:25:30 CEST 2014: 24: Solution found.
Sun May 18 19:25:30 CEST 2014: 25: finished (151ms, 500cycles)
Sun May 18 19:25:30 CEST 2014: 25: No solution found.
Sun May 18 19:25:30 CEST 2014: 26: finished (17ms, 39cycles)
Sun May 18 19:25:30 CEST 2014: 26: Solution found.
Sun May 18 19:25:30 CEST 2014: 27: finished (8ms, 21cycles)
Sun May 18 19:25:30 CEST 2014: 27: Solution found.
Sun May 18 19:25:31 CEST 2014: 28: finished (148ms, 500cycles)
Sun May 18 19:25:31 CEST 2014: 28: No solution found.
Sun May 18 19:25:31 CEST 2014: 29: finished (155ms, 500cycles)
Sun May 18 19:25:31 CEST 2014: 29: No solution found.
Sun May 18 19:25:31 CEST 2014: 30: finished (152ms, 500cycles)
Sun May 18 19:25:31 CEST 2014: 30: No solution found.
Sun May 18 19:25:31 CEST 2014: 31: finished (172ms, 500cycles)
Sun May 18 19:25:31 CEST 2014: 31: No solution found.
Sun May 18 19:25:31 CEST 2014: 32: finished (7ms, 18cycles)
Sun May 18 19:25:31 CEST 2014: 32: Solution found.
Sun May 18 19:25:31 CEST 2014: 33: finished (155ms, 500cycles)
Sun May 18 19:25:31 CEST 2014: 33: No solution found.
Sun May 18 19:25:31 CEST 2014: 34: finished (6ms, 16cycles)
Sun May 18 19:25:31 CEST 2014: 34: Solution found.
Sun May 18 19:25:31 CEST 2014: 35: finished (145ms, 500cycles)
Sun May 18 19:25:31 CEST 2014: 35: No solution found.
Sun May 18 19:25:32 CEST 2014: 36: finished (160ms, 500cycles)
Sun May 18 19:25:32 CEST 2014: 36: No solution found.
Sun May 18 19:25:32 CEST 2014: 37: finished (15ms, 47cycles)
Sun May 18 19:25:32 CEST 2014: 37: Solution found.
Sun May 18 19:25:32 CEST 2014: 38: finished (13ms, 38cycles)
Sun May 18 19:25:32 CEST 2014: 38: Solution found.
Sun May 18 19:25:32 CEST 2014: 39: finished (4ms, 10cycles)
Sun May 18 19:25:32 CEST 2014: 39: Solution found.
Sun May 18 19:25:32 CEST 2014: 40: finished (4ms, 11cycles)
Sun May 18 19:25:32 CEST 2014: 40: Solution found.
Sun May 18 19:25:32 CEST 2014: 41: finished (5ms, 13cycles)
Sun May 18 19:25:32 CEST 2014: 41: Solution found.
Sun May 18 19:25:32 CEST 2014: 42: finished (66ms, 183cycles)
Sun May 18 19:25:32 CEST 2014: 42: Solution found.
Sun May 18 19:25:32 CEST 2014: 43: finished (11ms, 31cycles)
Sun May 18 19:25:32 CEST 2014: 43: Solution found.
Sun May 18 19:25:32 CEST 2014: 44: finished (17ms, 43cycles)
Sun May 18 19:25:32 CEST 2014: 44: Solution found.
Sun May 18 19:25:32 CEST 2014: 45: finished (140ms, 500cycles)
Sun May 18 19:25:32 CEST 2014: 45: No solution found.
Sun May 18 19:25:32 CEST 2014: 46: finished (14ms, 46cycles)
Sun May 18 19:25:32 CEST 2014: 46: Solution found.
Sun May 18 19:25:32 CEST 2014: 47: finished (154ms, 500cycles)
Sun May 18 19:25:32 CEST 2014: 47: No solution found.
Sun May 18 19:25:32 CEST 2014: 48: finished (18ms, 47cycles)
Sun May 18 19:25:32 CEST 2014: 48: Solution found.
Sun May 18 19:25:32 CEST 2014: 49: finished (4ms, 10cycles)
Sun May 18 19:25:32 CEST 2014: 49: Solution found.
Sun May 18 19:25:32 CEST 2014: 50: finished (7ms, 20cycles)
Sun May 18 19:25:32 CEST 2014: 50: Solution found.
Sun May 18 19:25:32 CEST 2014: 51: finished (9ms, 27cycles)
Sun May 18 19:25:32 CEST 2014: 51: Solution found.
Sun May 18 19:25:32 CEST 2014: 52: finished (7ms, 19cycles)
Sun May 18 19:25:32 CEST 2014: 52: Solution found.
Sun May 18 19:25:32 CEST 2014: 53: finished (188ms, 500cycles)
Sun May 18 19:25:32 CEST 2014: 53: No solution found.
Sun May 18 19:25:32 CEST 2014: 54: finished (166ms, 155cycles)
Sun May 18 19:25:32 CEST 2014: 54: Solution found.
Sun May 18 19:25:32 CEST 2014: 55: finished (5ms, 13cycles)
Sun May 18 19:25:32 CEST 2014: 55: Solution found.
Sun May 18 19:25:32 CEST 2014: 56: finished (11ms, 33cycles)
Sun May 18 19:25:32 CEST 2014: 56: Solution found.
Sun May 18 19:25:33 CEST 2014: 57: finished (136ms, 500cycles)
Sun May 18 19:25:33 CEST 2014: 57: No solution found.
Sun May 18 19:25:33 CEST 2014: 58: finished (8ms, 20cycles)
Sun May 18 19:25:33 CEST 2014: 58: Solution found.
Sun May 18 19:25:33 CEST 2014: 59: finished (141ms, 500cycles)
Sun May 18 19:25:33 CEST 2014: 59: No solution found.
Sun May 18 19:25:33 CEST 2014: 60: finished (8ms, 22cycles)
Sun May 18 19:25:33 CEST 2014: 60: Solution found.
Sun May 18 19:25:33 CEST 2014: 61: finished (140ms, 500cycles)
Sun May 18 19:25:33 CEST 2014: 61: No solution found.
Sun May 18 19:25:33 CEST 2014: 62: finished (158ms, 500cycles)
Sun May 18 19:25:33 CEST 2014: 62: No solution found.
Sun May 18 19:25:33 CEST 2014: 63: finished (15ms, 39cycles)
Sun May 18 19:25:33 CEST 2014: 63: Solution found.
Sun May 18 19:25:33 CEST 2014: 64: finished (7ms, 20cycles)
Sun May 18 19:25:33 CEST 2014: 64: Solution found.
Sun May 18 19:25:33 CEST 2014: 65: finished (5ms, 15cycles)
Sun May 18 19:25:33 CEST 2014: 65: Solution found.
Sun May 18 19:25:33 CEST 2014: 66: finished (149ms, 500cycles)
Sun May 18 19:25:33 CEST 2014: 66: No solution found.
Sun May 18 19:25:33 CEST 2014: 67: finished (6ms, 16cycles)
Sun May 18 19:25:33 CEST 2014: 67: Solution found.
Sun May 18 19:25:33 CEST 2014: 68: finished (6ms, 17cycles)
Sun May 18 19:25:33 CEST 2014: 68: Solution found.
Sun May 18 19:25:33 CEST 2014: 69: finished (11ms, 34cycles)
Sun May 18 19:25:33 CEST 2014: 69: Solution found.
Sun May 18 19:25:33 CEST 2014: 70: finished (7ms, 16cycles)
Sun May 18 19:25:33 CEST 2014: 70: Solution found.
Sun May 18 19:25:33 CEST 2014: 71: finished (33ms, 106cycles)
Sun May 18 19:25:33 CEST 2014: 71: Solution found.
Sun May 18 19:25:33 CEST 2014: 72: finished (137ms, 500cycles)
Sun May 18 19:25:33 CEST 2014: 72: No solution found.
Sun May 18 19:25:33 CEST 2014: 73: finished (7ms, 19cycles)
Sun May 18 19:25:33 CEST 2014: 73: Solution found.
Sun May 18 19:25:33 CEST 2014: 74: finished (4ms, 9cycles)
Sun May 18 19:25:33 CEST 2014: 74: Solution found.
Sun May 18 19:25:33 CEST 2014: 75: finished (5ms, 14cycles)
Sun May 18 19:25:33 CEST 2014: 75: Solution found.
Sun May 18 19:25:33 CEST 2014: 76: finished (5ms, 7cycles)
Sun May 18 19:25:33 CEST 2014: 76: Solution found.
Sun May 18 19:25:33 CEST 2014: 77: finished (2ms, 6cycles)
Sun May 18 19:25:33 CEST 2014: 77: Solution found.
Sun May 18 19:25:34 CEST 2014: 78: finished (146ms, 500cycles)
Sun May 18 19:25:34 CEST 2014: 78: No solution found.
Sun May 18 19:25:34 CEST 2014: 79: finished (10ms, 31cycles)
Sun May 18 19:25:34 CEST 2014: 79: Solution found.
Sun May 18 19:25:34 CEST 2014: 80: finished (158ms, 500cycles)
Sun May 18 19:25:34 CEST 2014: 80: No solution found.
Sun May 18 19:25:34 CEST 2014: 81: finished (3ms, 9cycles)
Sun May 18 19:25:34 CEST 2014: 81: Solution found.
Sun May 18 19:25:34 CEST 2014: 82: finished (152ms, 500cycles)
Sun May 18 19:25:34 CEST 2014: 82: No solution found.
Sun May 18 19:25:34 CEST 2014: 83: finished (9ms, 24cycles)
Sun May 18 19:25:34 CEST 2014: 83: Solution found.
Sun May 18 19:25:34 CEST 2014: 84: finished (4ms, 10cycles)
Sun May 18 19:25:34 CEST 2014: 84: Solution found.
Sun May 18 19:25:34 CEST 2014: 85: finished (141ms, 500cycles)
Sun May 18 19:25:34 CEST 2014: 85: No solution found.
Sun May 18 19:25:34 CEST 2014: 86: finished (12ms, 34cycles)
Sun May 18 19:25:34 CEST 2014: 86: Solution found.
Sun May 18 19:25:34 CEST 2014: 87: finished (8ms, 19cycles)
Sun May 18 19:25:34 CEST 2014: 87: Solution found.
Sun May 18 19:25:34 CEST 2014: 88: finished (7ms, 20cycles)
Sun May 18 19:25:34 CEST 2014: 88: Solution found.
Sun May 18 19:25:34 CEST 2014: 89: finished (149ms, 500cycles)
Sun May 18 19:25:34 CEST 2014: 89: No solution found.
Sun May 18 19:25:34 CEST 2014: 90: finished (8ms, 18cycles)
Sun May 18 19:25:34 CEST 2014: 90: Solution found.
Sun May 18 19:25:34 CEST 2014: 91: finished (5ms, 14cycles)
Sun May 18 19:25:34 CEST 2014: 91: Solution found.
Sun May 18 19:25:34 CEST 2014: 92: finished (146ms, 500cycles)
Sun May 18 19:25:34 CEST 2014: 92: No solution found.
Sun May 18 19:25:34 CEST 2014: 93: finished (5ms, 13cycles)
Sun May 18 19:25:34 CEST 2014: 93: Solution found.
Sun May 18 19:25:34 CEST 2014: 94: finished (46ms, 118cycles)
Sun May 18 19:25:34 CEST 2014: 94: Solution found.
Sun May 18 19:25:34 CEST 2014: 95: finished (11ms, 30cycles)
Sun May 18 19:25:34 CEST 2014: 95: Solution found.
Sun May 18 19:25:34 CEST 2014: 96: finished (3ms, 7cycles)
Sun May 18 19:25:34 CEST 2014: 96: Solution found.
Sun May 18 19:25:34 CEST 2014: 97: finished (15ms, 40cycles)
Sun May 18 19:25:34 CEST 2014: 97: Solution found.
Sun May 18 19:25:34 CEST 2014: 98: finished (7ms, 20cycles)
Sun May 18 19:25:34 CEST 2014: 98: Solution found.
Sun May 18 19:25:34 CEST 2014: 99: finished (6ms, 18cycles)
Sun May 18 19:25:34 CEST 2014: 99: Solution found.
Sun May 18 19:25:34 CEST 2014: Solution Found: 66
Sun May 18 19:25:34 CEST 2014: Avg cycles: 31
Sun May 18 19:25:34 CEST 2014: Max cycles: 183
Sun May 18 19:25:34 CEST 2014: Min cycles: 6
Sun May 18 19:25:34 CEST 2014: No solution found: 34
Sun May 18 19:25:34 CEST 2014: logging finished. (runtime: 6230ms)
