Sun May 18 19:06:32 CEST 2014: Problem Count: 10
Sun May 18 19:06:32 CEST 2014: CandidatesCount: 40
Sun May 18 19:06:32 CEST 2014: Max Cycles: 500
Sun May 18 19:06:32 CEST 2014: 0: finished (56ms, 500cycles)
Sun May 18 19:06:32 CEST 2014: 0: No solution found.
Sun May 18 19:06:32 CEST 2014: 1: finished (186ms, 500cycles)
Sun May 18 19:06:32 CEST 2014: 1: No solution found.
Sun May 18 19:06:32 CEST 2014: 2: finished (18ms, 36cycles)
Sun May 18 19:06:32 CEST 2014: 2: Solution found.
Sun May 18 19:06:32 CEST 2014: 3: finished (246ms, 500cycles)
Sun May 18 19:06:32 CEST 2014: 3: No solution found.
Sun May 18 19:06:32 CEST 2014: 4: finished (1ms, 5cycles)
Sun May 18 19:06:32 CEST 2014: 4: Solution found.
Sun May 18 19:06:32 CEST 2014: 5: finished (171ms, 500cycles)
Sun May 18 19:06:32 CEST 2014: 5: No solution found.
Sun May 18 19:06:32 CEST 2014: 6: finished (5ms, 30cycles)
Sun May 18 19:06:32 CEST 2014: 6: Solution found.
Sun May 18 19:06:33 CEST 2014: 7: finished (246ms, 423cycles)
Sun May 18 19:06:33 CEST 2014: 7: Solution found.
Sun May 18 19:06:33 CEST 2014: 8: finished (10ms, 49cycles)
Sun May 18 19:06:33 CEST 2014: 8: Solution found.
Sun May 18 19:06:33 CEST 2014: 9: finished (170ms, 500cycles)
Sun May 18 19:06:33 CEST 2014: 9: No solution found.
Sun May 18 19:06:33 CEST 2014: 10: finished (35ms, 500cycles)
Sun May 18 19:06:33 CEST 2014: 10: No solution found.
Sun May 18 19:06:33 CEST 2014: 11: finished (241ms, 500cycles)
Sun May 18 19:06:33 CEST 2014: 11: No solution found.
Sun May 18 19:06:33 CEST 2014: 12: finished (5ms, 26cycles)
Sun May 18 19:06:33 CEST 2014: 12: Solution found.
Sun May 18 19:06:34 CEST 2014: 13: finished (324ms, 500cycles)
Sun May 18 19:06:34 CEST 2014: 13: No solution found.
Sun May 18 19:06:34 CEST 2014: 14: finished (169ms, 500cycles)
Sun May 18 19:06:34 CEST 2014: 14: No solution found.
Sun May 18 19:06:34 CEST 2014: 15: finished (56ms, 118cycles)
Sun May 18 19:06:34 CEST 2014: 15: Solution found.
Sun May 18 19:06:34 CEST 2014: 16: finished (37ms, 500cycles)
Sun May 18 19:06:34 CEST 2014: 16: No solution found.
Sun May 18 19:06:34 CEST 2014: 17: finished (3ms, 25cycles)
Sun May 18 19:06:34 CEST 2014: 17: Solution found.
Sun May 18 19:06:34 CEST 2014: 18: finished (120ms, 230cycles)
Sun May 18 19:06:34 CEST 2014: 18: Solution found.
Sun May 18 19:06:34 CEST 2014: 19: finished (41ms, 126cycles)
Sun May 18 19:06:34 CEST 2014: 19: Solution found.
Sun May 18 19:06:34 CEST 2014: 20: finished (320ms, 500cycles)
Sun May 18 19:06:34 CEST 2014: 20: No solution found.
Sun May 18 19:06:35 CEST 2014: 21: finished (338ms, 500cycles)
Sun May 18 19:06:35 CEST 2014: 21: No solution found.
Sun May 18 19:06:35 CEST 2014: 22: finished (275ms, 500cycles)
Sun May 18 19:06:35 CEST 2014: 22: No solution found.
Sun May 18 19:06:35 CEST 2014: 23: finished (4ms, 35cycles)
Sun May 18 19:06:35 CEST 2014: 23: Solution found.
Sun May 18 19:06:35 CEST 2014: 24: finished (12ms, 143cycles)
Sun May 18 19:06:35 CEST 2014: 24: Solution found.
Sun May 18 19:06:35 CEST 2014: 25: finished (110ms, 500cycles)
Sun May 18 19:06:35 CEST 2014: 25: No solution found.
Sun May 18 19:06:35 CEST 2014: 26: finished (1ms, 7cycles)
Sun May 18 19:06:35 CEST 2014: 26: Solution found.
Sun May 18 19:06:35 CEST 2014: 27: finished (270ms, 500cycles)
Sun May 18 19:06:35 CEST 2014: 27: No solution found.
Sun May 18 19:06:35 CEST 2014: 28: finished (3ms, 17cycles)
Sun May 18 19:06:35 CEST 2014: 28: Solution found.
Sun May 18 19:06:35 CEST 2014: 29: finished (6ms, 19cycles)
Sun May 18 19:06:35 CEST 2014: 29: Solution found.
Sun May 18 19:06:35 CEST 2014: 30: finished (15ms, 42cycles)
Sun May 18 19:06:35 CEST 2014: 30: Solution found.
Sun May 18 19:06:36 CEST 2014: 31: finished (221ms, 500cycles)
Sun May 18 19:06:36 CEST 2014: 31: No solution found.
Sun May 18 19:06:36 CEST 2014: 32: finished (193ms, 500cycles)
Sun May 18 19:06:36 CEST 2014: 32: No solution found.
Sun May 18 19:06:36 CEST 2014: 33: finished (253ms, 500cycles)
Sun May 18 19:06:36 CEST 2014: 33: No solution found.
Sun May 18 19:06:36 CEST 2014: 34: finished (389ms, 500cycles)
Sun May 18 19:06:36 CEST 2014: 34: No solution found.
Sun May 18 19:06:37 CEST 2014: 35: finished (246ms, 500cycles)
Sun May 18 19:06:37 CEST 2014: 35: No solution found.
Sun May 18 19:06:37 CEST 2014: 36: finished (140ms, 263cycles)
Sun May 18 19:06:37 CEST 2014: 36: Solution found.
Sun May 18 19:06:37 CEST 2014: 37: finished (9ms, 83cycles)
Sun May 18 19:06:37 CEST 2014: 37: Solution found.
Sun May 18 19:06:37 CEST 2014: 38: finished (179ms, 500cycles)
Sun May 18 19:06:37 CEST 2014: 38: No solution found.
Sun May 18 19:06:37 CEST 2014: 39: finished (172ms, 500cycles)
Sun May 18 19:06:37 CEST 2014: 39: No solution found.
Sun May 18 19:06:37 CEST 2014: 40: finished (232ms, 500cycles)
Sun May 18 19:06:37 CEST 2014: 40: No solution found.
Sun May 18 19:06:38 CEST 2014: 41: finished (372ms, 500cycles)
Sun May 18 19:06:38 CEST 2014: 41: No solution found.
Sun May 18 19:06:38 CEST 2014: 42: finished (42ms, 500cycles)
Sun May 18 19:06:38 CEST 2014: 42: No solution found.
Sun May 18 19:06:38 CEST 2014: 43: finished (7ms, 18cycles)
Sun May 18 19:06:38 CEST 2014: 43: Solution found.
Sun May 18 19:06:38 CEST 2014: 44: finished (330ms, 500cycles)
Sun May 18 19:06:38 CEST 2014: 44: No solution found.
Sun May 18 19:06:38 CEST 2014: 45: finished (162ms, 500cycles)
Sun May 18 19:06:38 CEST 2014: 45: No solution found.
Sun May 18 19:06:38 CEST 2014: 46: finished (47ms, 500cycles)
Sun May 18 19:06:38 CEST 2014: 46: No solution found.
Sun May 18 19:06:38 CEST 2014: 47: finished (49ms, 500cycles)
Sun May 18 19:06:38 CEST 2014: 47: No solution found.
Sun May 18 19:06:39 CEST 2014: 48: finished (292ms, 500cycles)
Sun May 18 19:06:39 CEST 2014: 48: No solution found.
Sun May 18 19:06:39 CEST 2014: 49: finished (319ms, 500cycles)
Sun May 18 19:06:39 CEST 2014: 49: No solution found.
Sun May 18 19:06:39 CEST 2014: 50: finished (1ms, 8cycles)
Sun May 18 19:06:39 CEST 2014: 50: Solution found.
Sun May 18 19:06:39 CEST 2014: 51: finished (143ms, 311cycles)
Sun May 18 19:06:39 CEST 2014: 51: Solution found.
Sun May 18 19:06:39 CEST 2014: 52: finished (2ms, 10cycles)
Sun May 18 19:06:39 CEST 2014: 52: Solution found.
Sun May 18 19:06:39 CEST 2014: 53: finished (8ms, 24cycles)
Sun May 18 19:06:39 CEST 2014: 53: Solution found.
Sun May 18 19:06:39 CEST 2014: 54: finished (317ms, 500cycles)
Sun May 18 19:06:39 CEST 2014: 54: No solution found.
Sun May 18 19:06:40 CEST 2014: 55: finished (223ms, 500cycles)
Sun May 18 19:06:40 CEST 2014: 55: No solution found.
Sun May 18 19:06:40 CEST 2014: 56: finished (2ms, 10cycles)
Sun May 18 19:06:40 CEST 2014: 56: Solution found.
Sun May 18 19:06:40 CEST 2014: 57: finished (2ms, 16cycles)
Sun May 18 19:06:40 CEST 2014: 57: Solution found.
Sun May 18 19:06:40 CEST 2014: 58: finished (1ms, 6cycles)
Sun May 18 19:06:40 CEST 2014: 58: Solution found.
Sun May 18 19:06:40 CEST 2014: 59: finished (4ms, 23cycles)
Sun May 18 19:06:40 CEST 2014: 59: Solution found.
Sun May 18 19:06:40 CEST 2014: 60: finished (172ms, 500cycles)
Sun May 18 19:06:40 CEST 2014: 60: No solution found.
Sun May 18 19:06:40 CEST 2014: 61: finished (73ms, 500cycles)
Sun May 18 19:06:40 CEST 2014: 61: No solution found.
Sun May 18 19:06:40 CEST 2014: 62: finished (42ms, 500cycles)
Sun May 18 19:06:40 CEST 2014: 62: No solution found.
Sun May 18 19:06:40 CEST 2014: 63: finished (287ms, 500cycles)
Sun May 18 19:06:40 CEST 2014: 63: No solution found.
Sun May 18 19:06:40 CEST 2014: 64: finished (240ms, 500cycles)
Sun May 18 19:06:40 CEST 2014: 64: No solution found.
Sun May 18 19:06:41 CEST 2014: 65: finished (291ms, 500cycles)
Sun May 18 19:06:41 CEST 2014: 65: No solution found.
Sun May 18 19:06:41 CEST 2014: 66: finished (30ms, 80cycles)
Sun May 18 19:06:41 CEST 2014: 66: Solution found.
Sun May 18 19:06:41 CEST 2014: 67: finished (136ms, 500cycles)
Sun May 18 19:06:41 CEST 2014: 67: No solution found.
Sun May 18 19:06:41 CEST 2014: 68: finished (226ms, 500cycles)
Sun May 18 19:06:41 CEST 2014: 68: No solution found.
Sun May 18 19:06:41 CEST 2014: 69: finished (145ms, 500cycles)
Sun May 18 19:06:41 CEST 2014: 69: No solution found.
Sun May 18 19:06:41 CEST 2014: 70: finished (39ms, 500cycles)
Sun May 18 19:06:41 CEST 2014: 70: No solution found.
Sun May 18 19:06:42 CEST 2014: 71: finished (181ms, 500cycles)
Sun May 18 19:06:42 CEST 2014: 71: No solution found.
Sun May 18 19:06:42 CEST 2014: 72: finished (184ms, 500cycles)
Sun May 18 19:06:42 CEST 2014: 72: No solution found.
Sun May 18 19:06:42 CEST 2014: 73: finished (55ms, 500cycles)
Sun May 18 19:06:42 CEST 2014: 73: No solution found.
Sun May 18 19:06:42 CEST 2014: 74: finished (10ms, 90cycles)
Sun May 18 19:06:42 CEST 2014: 74: Solution found.
Sun May 18 19:06:42 CEST 2014: 75: finished (36ms, 500cycles)
Sun May 18 19:06:42 CEST 2014: 75: No solution found.
Sun May 18 19:06:42 CEST 2014: 76: finished (3ms, 10cycles)
Sun May 18 19:06:42 CEST 2014: 76: Solution found.
Sun May 18 19:06:42 CEST 2014: 77: finished (64ms, 500cycles)
Sun May 18 19:06:42 CEST 2014: 77: No solution found.
Sun May 18 19:06:42 CEST 2014: 78: finished (173ms, 500cycles)
Sun May 18 19:06:42 CEST 2014: 78: No solution found.
Sun May 18 19:06:42 CEST 2014: 79: finished (273ms, 500cycles)
Sun May 18 19:06:42 CEST 2014: 79: No solution found.
Sun May 18 19:06:42 CEST 2014: 80: finished (151ms, 500cycles)
Sun May 18 19:06:42 CEST 2014: 80: No solution found.
Sun May 18 19:06:43 CEST 2014: 81: finished (262ms, 500cycles)
Sun May 18 19:06:43 CEST 2014: 81: No solution found.
Sun May 18 19:06:43 CEST 2014: 82: finished (155ms, 500cycles)
Sun May 18 19:06:43 CEST 2014: 82: No solution found.
Sun May 18 19:06:43 CEST 2014: 83: finished (202ms, 500cycles)
Sun May 18 19:06:43 CEST 2014: 83: No solution found.
Sun May 18 19:06:43 CEST 2014: 84: finished (15ms, 30cycles)
Sun May 18 19:06:43 CEST 2014: 84: Solution found.
Sun May 18 19:06:44 CEST 2014: 85: finished (412ms, 500cycles)
Sun May 18 19:06:44 CEST 2014: 85: No solution found.
Sun May 18 19:06:44 CEST 2014: 86: finished (200ms, 289cycles)
Sun May 18 19:06:44 CEST 2014: 86: Solution found.
Sun May 18 19:06:44 CEST 2014: 87: finished (1ms, 4cycles)
Sun May 18 19:06:44 CEST 2014: 87: Solution found.
Sun May 18 19:06:44 CEST 2014: 88: finished (88ms, 151cycles)
Sun May 18 19:06:44 CEST 2014: 88: Solution found.
Sun May 18 19:06:44 CEST 2014: 89: finished (60ms, 500cycles)
Sun May 18 19:06:44 CEST 2014: 89: No solution found.
Sun May 18 19:06:44 CEST 2014: 90: finished (306ms, 500cycles)
Sun May 18 19:06:44 CEST 2014: 90: No solution found.
Sun May 18 19:06:44 CEST 2014: 91: finished (1ms, 2cycles)
Sun May 18 19:06:44 CEST 2014: 91: Solution found.
Sun May 18 19:06:44 CEST 2014: 92: finished (260ms, 500cycles)
Sun May 18 19:06:44 CEST 2014: 92: No solution found.
Sun May 18 19:06:44 CEST 2014: 93: finished (4ms, 42cycles)
Sun May 18 19:06:44 CEST 2014: 93: Solution found.
Sun May 18 19:06:44 CEST 2014: 94: finished (44ms, 101cycles)
Sun May 18 19:06:44 CEST 2014: 94: Solution found.
Sun May 18 19:06:45 CEST 2014: 95: finished (46ms, 500cycles)
Sun May 18 19:06:45 CEST 2014: 95: No solution found.
Sun May 18 19:06:45 CEST 2014: 96: finished (163ms, 500cycles)
Sun May 18 19:06:45 CEST 2014: 96: No solution found.
Sun May 18 19:06:45 CEST 2014: 97: finished (28ms, 72cycles)
Sun May 18 19:06:45 CEST 2014: 97: Solution found.
Sun May 18 19:06:45 CEST 2014: 98: finished (442ms, 500cycles)
Sun May 18 19:06:45 CEST 2014: 98: No solution found.
Sun May 18 19:06:45 CEST 2014: 99: finished (240ms, 500cycles)
Sun May 18 19:06:45 CEST 2014: 99: No solution found.
Sun May 18 19:06:45 CEST 2014: Solution Found: 38
Sun May 18 19:06:45 CEST 2014: Avg cycles: 78
Sun May 18 19:06:45 CEST 2014: Max cycles: 423
Sun May 18 19:06:45 CEST 2014: Min cycles: 2
Sun May 18 19:06:45 CEST 2014: No solution found: 62
Sun May 18 19:06:45 CEST 2014: logging finished. (runtime: 13610ms)
