Sun May 18 20:07:59 CEST 2014: Problem Count: 50
Sun May 18 20:07:59 CEST 2014: CandidatesCount: 50
Sun May 18 20:07:59 CEST 2014: Max Cycles: 500
Sun May 18 20:07:59 CEST 2014: 0: finished (13ms, 19cycles)
Sun May 18 20:07:59 CEST 2014: 0: Solution found.
Sun May 18 20:07:59 CEST 2014: 1: finished (26ms, 44cycles)
Sun May 18 20:07:59 CEST 2014: 1: Solution found.
Sun May 18 20:07:59 CEST 2014: 2: finished (264ms, 500cycles)
Sun May 18 20:07:59 CEST 2014: 2: No solution found.
Sun May 18 20:07:59 CEST 2014: 3: finished (18ms, 28cycles)
Sun May 18 20:07:59 CEST 2014: 3: Solution found.
Sun May 18 20:07:59 CEST 2014: 4: finished (6ms, 9cycles)
Sun May 18 20:07:59 CEST 2014: 4: Solution found.
Sun May 18 20:07:59 CEST 2014: 5: finished (11ms, 17cycles)
Sun May 18 20:07:59 CEST 2014: 5: Solution found.
Sun May 18 20:07:59 CEST 2014: 6: finished (28ms, 31cycles)
Sun May 18 20:07:59 CEST 2014: 6: Solution found.
Sun May 18 20:07:59 CEST 2014: 7: finished (54ms, 85cycles)
Sun May 18 20:07:59 CEST 2014: 7: Solution found.
Sun May 18 20:07:59 CEST 2014: 8: finished (20ms, 32cycles)
Sun May 18 20:07:59 CEST 2014: 8: Solution found.
Sun May 18 20:07:59 CEST 2014: 9: finished (194ms, 304cycles)
Sun May 18 20:07:59 CEST 2014: 9: Solution found.
Sun May 18 20:08:00 CEST 2014: 10: finished (288ms, 500cycles)
Sun May 18 20:08:00 CEST 2014: 10: No solution found.
Sun May 18 20:08:00 CEST 2014: 11: finished (64ms, 109cycles)
Sun May 18 20:08:00 CEST 2014: 11: Solution found.
Sun May 18 20:08:00 CEST 2014: 12: finished (20ms, 35cycles)
Sun May 18 20:08:00 CEST 2014: 12: Solution found.
Sun May 18 20:08:00 CEST 2014: 13: finished (28ms, 38cycles)
Sun May 18 20:08:00 CEST 2014: 13: Solution found.
Sun May 18 20:08:00 CEST 2014: 14: finished (288ms, 500cycles)
Sun May 18 20:08:00 CEST 2014: 14: No solution found.
Sun May 18 20:08:00 CEST 2014: 15: finished (292ms, 500cycles)
Sun May 18 20:08:00 CEST 2014: 15: No solution found.
Sun May 18 20:08:00 CEST 2014: 16: finished (4ms, 6cycles)
Sun May 18 20:08:00 CEST 2014: 16: Solution found.
Sun May 18 20:08:00 CEST 2014: 17: finished (11ms, 16cycles)
Sun May 18 20:08:00 CEST 2014: 17: Solution found.
Sun May 18 20:08:01 CEST 2014: 18: finished (318ms, 500cycles)
Sun May 18 20:08:01 CEST 2014: 18: No solution found.
Sun May 18 20:08:01 CEST 2014: 19: finished (314ms, 500cycles)
Sun May 18 20:08:01 CEST 2014: 19: No solution found.
Sun May 18 20:08:01 CEST 2014: 20: finished (4ms, 5cycles)
Sun May 18 20:08:01 CEST 2014: 20: Solution found.
Sun May 18 20:08:01 CEST 2014: 21: finished (33ms, 42cycles)
Sun May 18 20:08:01 CEST 2014: 21: Solution found.
Sun May 18 20:08:01 CEST 2014: 22: finished (15ms, 22cycles)
Sun May 18 20:08:01 CEST 2014: 22: Solution found.
Sun May 18 20:08:01 CEST 2014: 23: finished (35ms, 58cycles)
Sun May 18 20:08:01 CEST 2014: 23: Solution found.
Sun May 18 20:08:01 CEST 2014: 24: finished (299ms, 500cycles)
Sun May 18 20:08:01 CEST 2014: 24: No solution found.
Sun May 18 20:08:02 CEST 2014: 25: finished (309ms, 500cycles)
Sun May 18 20:08:02 CEST 2014: 25: No solution found.
Sun May 18 20:08:02 CEST 2014: 26: finished (21ms, 35cycles)
Sun May 18 20:08:02 CEST 2014: 26: Solution found.
Sun May 18 20:08:02 CEST 2014: 27: finished (7ms, 10cycles)
Sun May 18 20:08:02 CEST 2014: 27: Solution found.
Sun May 18 20:08:02 CEST 2014: 28: finished (11ms, 18cycles)
Sun May 18 20:08:02 CEST 2014: 28: Solution found.
Sun May 18 20:08:02 CEST 2014: 29: finished (5ms, 8cycles)
Sun May 18 20:08:02 CEST 2014: 29: Solution found.
Sun May 18 20:08:02 CEST 2014: 30: finished (293ms, 500cycles)
Sun May 18 20:08:02 CEST 2014: 30: No solution found.
Sun May 18 20:08:02 CEST 2014: 31: finished (8ms, 11cycles)
Sun May 18 20:08:02 CEST 2014: 31: Solution found.
Sun May 18 20:08:02 CEST 2014: 32: finished (270ms, 500cycles)
Sun May 18 20:08:02 CEST 2014: 32: No solution found.
Sun May 18 20:08:02 CEST 2014: 33: finished (10ms, 12cycles)
Sun May 18 20:08:02 CEST 2014: 33: Solution found.
Sun May 18 20:08:02 CEST 2014: 34: finished (11ms, 17cycles)
Sun May 18 20:08:02 CEST 2014: 34: Solution found.
Sun May 18 20:08:02 CEST 2014: 35: finished (2ms, 2cycles)
Sun May 18 20:08:02 CEST 2014: 35: Solution found.
Sun May 18 20:08:02 CEST 2014: 36: finished (24ms, 35cycles)
Sun May 18 20:08:02 CEST 2014: 36: Solution found.
Sun May 18 20:08:03 CEST 2014: 37: finished (280ms, 500cycles)
Sun May 18 20:08:03 CEST 2014: 37: No solution found.
Sun May 18 20:08:03 CEST 2014: 38: finished (12ms, 18cycles)
Sun May 18 20:08:03 CEST 2014: 38: Solution found.
Sun May 18 20:08:03 CEST 2014: 39: finished (16ms, 27cycles)
Sun May 18 20:08:03 CEST 2014: 39: Solution found.
Sun May 18 20:08:03 CEST 2014: 40: finished (289ms, 500cycles)
Sun May 18 20:08:03 CEST 2014: 40: No solution found.
Sun May 18 20:08:03 CEST 2014: 41: finished (17ms, 14cycles)
Sun May 18 20:08:03 CEST 2014: 41: Solution found.
Sun May 18 20:08:03 CEST 2014: 42: finished (287ms, 500cycles)
Sun May 18 20:08:03 CEST 2014: 42: No solution found.
Sun May 18 20:08:03 CEST 2014: 43: finished (12ms, 19cycles)
Sun May 18 20:08:03 CEST 2014: 43: Solution found.
Sun May 18 20:08:03 CEST 2014: 44: finished (40ms, 63cycles)
Sun May 18 20:08:03 CEST 2014: 44: Solution found.
Sun May 18 20:08:04 CEST 2014: 45: finished (276ms, 500cycles)
Sun May 18 20:08:04 CEST 2014: 45: No solution found.
Sun May 18 20:08:04 CEST 2014: 46: finished (267ms, 500cycles)
Sun May 18 20:08:04 CEST 2014: 46: No solution found.
Sun May 18 20:08:04 CEST 2014: 47: finished (294ms, 500cycles)
Sun May 18 20:08:04 CEST 2014: 47: No solution found.
Sun May 18 20:08:04 CEST 2014: 48: finished (5ms, 7cycles)
Sun May 18 20:08:04 CEST 2014: 48: Solution found.
Sun May 18 20:08:04 CEST 2014: 49: finished (280ms, 500cycles)
Sun May 18 20:08:04 CEST 2014: 49: No solution found.
Sun May 18 20:08:05 CEST 2014: 50: finished (314ms, 500cycles)
Sun May 18 20:08:05 CEST 2014: 50: No solution found.
Sun May 18 20:08:05 CEST 2014: 51: finished (12ms, 19cycles)
Sun May 18 20:08:05 CEST 2014: 51: Solution found.
Sun May 18 20:08:05 CEST 2014: 52: finished (305ms, 500cycles)
Sun May 18 20:08:05 CEST 2014: 52: No solution found.
Sun May 18 20:08:05 CEST 2014: 53: finished (291ms, 500cycles)
Sun May 18 20:08:05 CEST 2014: 53: No solution found.
Sun May 18 20:08:05 CEST 2014: 54: finished (3ms, 2cycles)
Sun May 18 20:08:05 CEST 2014: 54: Solution found.
Sun May 18 20:08:06 CEST 2014: 55: finished (286ms, 500cycles)
Sun May 18 20:08:06 CEST 2014: 55: No solution found.
Sun May 18 20:08:06 CEST 2014: 56: finished (20ms, 31cycles)
Sun May 18 20:08:06 CEST 2014: 56: Solution found.
Sun May 18 20:08:06 CEST 2014: 57: finished (277ms, 500cycles)
Sun May 18 20:08:06 CEST 2014: 57: No solution found.
Sun May 18 20:08:06 CEST 2014: 58: finished (13ms, 19cycles)
Sun May 18 20:08:06 CEST 2014: 58: Solution found.
Sun May 18 20:08:06 CEST 2014: 59: finished (17ms, 25cycles)
Sun May 18 20:08:06 CEST 2014: 59: Solution found.
Sun May 18 20:08:06 CEST 2014: 60: finished (17ms, 28cycles)
Sun May 18 20:08:06 CEST 2014: 60: Solution found.
Sun May 18 20:08:06 CEST 2014: 61: finished (26ms, 27cycles)
Sun May 18 20:08:06 CEST 2014: 61: Solution found.
Sun May 18 20:08:06 CEST 2014: 62: finished (274ms, 500cycles)
Sun May 18 20:08:06 CEST 2014: 62: No solution found.
Sun May 18 20:08:06 CEST 2014: 63: finished (26ms, 31cycles)
Sun May 18 20:08:06 CEST 2014: 63: Solution found.
Sun May 18 20:08:07 CEST 2014: 64: finished (276ms, 500cycles)
Sun May 18 20:08:07 CEST 2014: 64: No solution found.
Sun May 18 20:08:07 CEST 2014: 65: finished (8ms, 13cycles)
Sun May 18 20:08:07 CEST 2014: 65: Solution found.
Sun May 18 20:08:07 CEST 2014: 66: finished (309ms, 500cycles)
Sun May 18 20:08:07 CEST 2014: 66: No solution found.
Sun May 18 20:08:07 CEST 2014: 67: finished (2ms, 2cycles)
Sun May 18 20:08:07 CEST 2014: 67: Solution found.
Sun May 18 20:08:07 CEST 2014: 68: finished (291ms, 500cycles)
Sun May 18 20:08:07 CEST 2014: 68: No solution found.
Sun May 18 20:08:07 CEST 2014: 69: finished (37ms, 61cycles)
Sun May 18 20:08:07 CEST 2014: 69: Solution found.
Sun May 18 20:08:07 CEST 2014: 70: finished (4ms, 7cycles)
Sun May 18 20:08:07 CEST 2014: 70: Solution found.
Sun May 18 20:08:07 CEST 2014: 71: finished (11ms, 16cycles)
Sun May 18 20:08:07 CEST 2014: 71: Solution found.
Sun May 18 20:08:07 CEST 2014: 72: finished (11ms, 17cycles)
Sun May 18 20:08:07 CEST 2014: 72: Solution found.
Sun May 18 20:08:07 CEST 2014: 73: finished (28ms, 45cycles)
Sun May 18 20:08:07 CEST 2014: 73: Solution found.
Sun May 18 20:08:08 CEST 2014: 74: finished (295ms, 500cycles)
Sun May 18 20:08:08 CEST 2014: 74: No solution found.
Sun May 18 20:08:08 CEST 2014: 75: finished (278ms, 500cycles)
Sun May 18 20:08:08 CEST 2014: 75: No solution found.
Sun May 18 20:08:08 CEST 2014: 76: finished (14ms, 23cycles)
Sun May 18 20:08:08 CEST 2014: 76: Solution found.
Sun May 18 20:08:08 CEST 2014: 77: finished (278ms, 500cycles)
Sun May 18 20:08:08 CEST 2014: 77: No solution found.
Sun May 18 20:08:08 CEST 2014: 78: finished (25ms, 38cycles)
Sun May 18 20:08:08 CEST 2014: 78: Solution found.
Sun May 18 20:08:08 CEST 2014: 79: finished (279ms, 500cycles)
Sun May 18 20:08:08 CEST 2014: 79: No solution found.
Sun May 18 20:08:08 CEST 2014: 80: finished (37ms, 46cycles)
Sun May 18 20:08:08 CEST 2014: 80: Solution found.
Sun May 18 20:08:09 CEST 2014: 81: finished (7ms, 10cycles)
Sun May 18 20:08:09 CEST 2014: 81: Solution found.
Sun May 18 20:08:09 CEST 2014: 82: finished (66ms, 102cycles)
Sun May 18 20:08:09 CEST 2014: 82: Solution found.
Sun May 18 20:08:09 CEST 2014: 83: finished (313ms, 500cycles)
Sun May 18 20:08:09 CEST 2014: 83: No solution found.
Sun May 18 20:08:09 CEST 2014: 84: finished (9ms, 10cycles)
Sun May 18 20:08:09 CEST 2014: 84: Solution found.
Sun May 18 20:08:09 CEST 2014: 85: finished (15ms, 17cycles)
Sun May 18 20:08:09 CEST 2014: 85: Solution found.
Sun May 18 20:08:09 CEST 2014: 86: finished (27ms, 43cycles)
Sun May 18 20:08:09 CEST 2014: 86: Solution found.
Sun May 18 20:08:09 CEST 2014: 87: finished (301ms, 500cycles)
Sun May 18 20:08:09 CEST 2014: 87: No solution found.
Sun May 18 20:08:10 CEST 2014: 88: finished (326ms, 500cycles)
Sun May 18 20:08:10 CEST 2014: 88: No solution found.
Sun May 18 20:08:10 CEST 2014: 89: finished (9ms, 14cycles)
Sun May 18 20:08:10 CEST 2014: 89: Solution found.
Sun May 18 20:08:10 CEST 2014: 90: finished (321ms, 500cycles)
Sun May 18 20:08:10 CEST 2014: 90: No solution found.
Sun May 18 20:08:10 CEST 2014: 91: finished (281ms, 500cycles)
Sun May 18 20:08:10 CEST 2014: 91: No solution found.
Sun May 18 20:08:10 CEST 2014: 92: finished (10ms, 14cycles)
Sun May 18 20:08:10 CEST 2014: 92: Solution found.
Sun May 18 20:08:10 CEST 2014: 93: finished (301ms, 500cycles)
Sun May 18 20:08:10 CEST 2014: 93: No solution found.
Sun May 18 20:08:10 CEST 2014: 94: finished (4ms, 6cycles)
Sun May 18 20:08:10 CEST 2014: 94: Solution found.
Sun May 18 20:08:11 CEST 2014: 95: finished (51ms, 82cycles)
Sun May 18 20:08:11 CEST 2014: 95: Solution found.
Sun May 18 20:08:11 CEST 2014: 96: finished (296ms, 500cycles)
Sun May 18 20:08:11 CEST 2014: 96: No solution found.
Sun May 18 20:08:11 CEST 2014: 97: finished (26ms, 44cycles)
Sun May 18 20:08:11 CEST 2014: 97: Solution found.
Sun May 18 20:08:11 CEST 2014: 98: finished (273ms, 500cycles)
Sun May 18 20:08:11 CEST 2014: 98: No solution found.
Sun May 18 20:08:11 CEST 2014: 99: finished (11ms, 14cycles)
Sun May 18 20:08:11 CEST 2014: 99: Solution found.
Sun May 18 20:08:11 CEST 2014: Solution Found: 62
Sun May 18 20:08:11 CEST 2014: Avg cycles: 32
Sun May 18 20:08:11 CEST 2014: Max cycles: 304
Sun May 18 20:08:11 CEST 2014: Min cycles: 2
Sun May 18 20:08:11 CEST 2014: No solution found: 38
Sun May 18 20:08:11 CEST 2014: logging finished. (runtime: 12420ms)
