Tue May 06 10:15:20 CEST 2014: Problem Count: 30
Tue May 06 10:15:20 CEST 2014: CandidatesCount: 40
Tue May 06 10:15:20 CEST 2014: Max Cycles: 500
Tue May 06 10:15:20 CEST 2014: 0: finished (13ms, 38cycles)
Tue May 06 10:15:20 CEST 2014: 0: Solution found.
Tue May 06 10:15:20 CEST 2014: 1: finished (124ms, 500cycles)
Tue May 06 10:15:20 CEST 2014: 1: No solution found.
Tue May 06 10:15:20 CEST 2014: 2: finished (5ms, 15cycles)
Tue May 06 10:15:20 CEST 2014: 2: Solution found.
Tue May 06 10:15:20 CEST 2014: 3: finished (9ms, 35cycles)
Tue May 06 10:15:20 CEST 2014: 3: Solution found.
Tue May 06 10:15:21 CEST 2014: 4: finished (123ms, 500cycles)
Tue May 06 10:15:21 CEST 2014: 4: No solution found.
Tue May 06 10:15:21 CEST 2014: 5: finished (121ms, 500cycles)
Tue May 06 10:15:21 CEST 2014: 5: No solution found.
Tue May 06 10:15:21 CEST 2014: 6: finished (111ms, 500cycles)
Tue May 06 10:15:21 CEST 2014: 6: No solution found.
Tue May 06 10:15:21 CEST 2014: 7: finished (120ms, 500cycles)
Tue May 06 10:15:21 CEST 2014: 7: No solution found.
Tue May 06 10:15:21 CEST 2014: 8: finished (8ms, 25cycles)
Tue May 06 10:15:21 CEST 2014: 8: Solution found.
Tue May 06 10:15:21 CEST 2014: 9: finished (9ms, 30cycles)
Tue May 06 10:15:21 CEST 2014: 9: Solution found.
Tue May 06 10:15:21 CEST 2014: 10: finished (130ms, 500cycles)
Tue May 06 10:15:21 CEST 2014: 10: No solution found.
Tue May 06 10:15:21 CEST 2014: 11: finished (117ms, 500cycles)
Tue May 06 10:15:21 CEST 2014: 11: No solution found.
Tue May 06 10:15:21 CEST 2014: 12: finished (140ms, 500cycles)
Tue May 06 10:15:21 CEST 2014: 12: No solution found.
Tue May 06 10:15:21 CEST 2014: 13: finished (120ms, 500cycles)
Tue May 06 10:15:21 CEST 2014: 13: No solution found.
Tue May 06 10:15:22 CEST 2014: 14: finished (121ms, 500cycles)
Tue May 06 10:15:22 CEST 2014: 14: No solution found.
Tue May 06 10:15:22 CEST 2014: 15: finished (115ms, 500cycles)
Tue May 06 10:15:22 CEST 2014: 15: No solution found.
Tue May 06 10:15:22 CEST 2014: 16: finished (128ms, 500cycles)
Tue May 06 10:15:22 CEST 2014: 16: No solution found.
Tue May 06 10:15:22 CEST 2014: 17: finished (109ms, 500cycles)
Tue May 06 10:15:22 CEST 2014: 17: No solution found.
Tue May 06 10:15:22 CEST 2014: 18: finished (110ms, 500cycles)
Tue May 06 10:15:22 CEST 2014: 18: No solution found.
Tue May 06 10:15:22 CEST 2014: 19: finished (112ms, 500cycles)
Tue May 06 10:15:22 CEST 2014: 19: No solution found.
Tue May 06 10:15:22 CEST 2014: 20: finished (1ms, 2cycles)
Tue May 06 10:15:22 CEST 2014: 20: Solution found.
Tue May 06 10:15:22 CEST 2014: 21: finished (125ms, 500cycles)
Tue May 06 10:15:22 CEST 2014: 21: No solution found.
Tue May 06 10:15:22 CEST 2014: 22: finished (112ms, 500cycles)
Tue May 06 10:15:22 CEST 2014: 22: No solution found.
Tue May 06 10:15:22 CEST 2014: 23: finished (8ms, 25cycles)
Tue May 06 10:15:22 CEST 2014: 23: Solution found.
Tue May 06 10:15:23 CEST 2014: 24: finished (122ms, 500cycles)
Tue May 06 10:15:23 CEST 2014: 24: No solution found.
Tue May 06 10:15:23 CEST 2014: 25: finished (14ms, 49cycles)
Tue May 06 10:15:23 CEST 2014: 25: Solution found.
Tue May 06 10:15:23 CEST 2014: 26: finished (259ms, 500cycles)
Tue May 06 10:15:23 CEST 2014: 26: No solution found.
Tue May 06 10:15:23 CEST 2014: 27: finished (10ms, 26cycles)
Tue May 06 10:15:23 CEST 2014: 27: Solution found.
Tue May 06 10:15:23 CEST 2014: 28: finished (12ms, 46cycles)
Tue May 06 10:15:23 CEST 2014: 28: Solution found.
Tue May 06 10:15:23 CEST 2014: 29: finished (108ms, 500cycles)
Tue May 06 10:15:23 CEST 2014: 29: No solution found.
Tue May 06 10:15:23 CEST 2014: 30: finished (2ms, 5cycles)
Tue May 06 10:15:23 CEST 2014: 30: Solution found.
Tue May 06 10:15:23 CEST 2014: 31: finished (67ms, 105cycles)
Tue May 06 10:15:23 CEST 2014: 31: Solution found.
Tue May 06 10:15:23 CEST 2014: 32: finished (4ms, 14cycles)
Tue May 06 10:15:23 CEST 2014: 32: Solution found.
Tue May 06 10:15:23 CEST 2014: 33: finished (156ms, 500cycles)
Tue May 06 10:15:23 CEST 2014: 33: No solution found.
Tue May 06 10:15:23 CEST 2014: 34: finished (112ms, 500cycles)
Tue May 06 10:15:23 CEST 2014: 34: No solution found.
Tue May 06 10:15:23 CEST 2014: 35: finished (3ms, 12cycles)
Tue May 06 10:15:23 CEST 2014: 35: Solution found.
Tue May 06 10:15:23 CEST 2014: 36: finished (4ms, 14cycles)
Tue May 06 10:15:23 CEST 2014: 36: Solution found.
Tue May 06 10:15:23 CEST 2014: 37: finished (139ms, 500cycles)
Tue May 06 10:15:23 CEST 2014: 37: No solution found.
Tue May 06 10:15:24 CEST 2014: 38: finished (125ms, 500cycles)
Tue May 06 10:15:24 CEST 2014: 38: No solution found.
Tue May 06 10:15:24 CEST 2014: 39: finished (1ms, 2cycles)
Tue May 06 10:15:24 CEST 2014: 39: Solution found.
Tue May 06 10:15:24 CEST 2014: 40: finished (9ms, 38cycles)
Tue May 06 10:15:24 CEST 2014: 40: Solution found.
Tue May 06 10:15:24 CEST 2014: 41: finished (120ms, 500cycles)
Tue May 06 10:15:24 CEST 2014: 41: No solution found.
Tue May 06 10:15:24 CEST 2014: 42: finished (3ms, 11cycles)
Tue May 06 10:15:24 CEST 2014: 42: Solution found.
Tue May 06 10:15:24 CEST 2014: 43: finished (1ms, 3cycles)
Tue May 06 10:15:24 CEST 2014: 43: Solution found.
Tue May 06 10:15:24 CEST 2014: 44: finished (11ms, 45cycles)
Tue May 06 10:15:24 CEST 2014: 44: Solution found.
Tue May 06 10:15:24 CEST 2014: 45: finished (141ms, 500cycles)
Tue May 06 10:15:24 CEST 2014: 45: No solution found.
Tue May 06 10:15:24 CEST 2014: 46: finished (16ms, 47cycles)
Tue May 06 10:15:24 CEST 2014: 46: Solution found.
Tue May 06 10:15:24 CEST 2014: 47: finished (120ms, 500cycles)
Tue May 06 10:15:24 CEST 2014: 47: No solution found.
Tue May 06 10:15:24 CEST 2014: 48: finished (3ms, 9cycles)
Tue May 06 10:15:24 CEST 2014: 48: Solution found.
Tue May 06 10:15:24 CEST 2014: 49: finished (126ms, 500cycles)
Tue May 06 10:15:24 CEST 2014: 49: No solution found.
Tue May 06 10:15:24 CEST 2014: 50: finished (3ms, 8cycles)
Tue May 06 10:15:24 CEST 2014: 50: Solution found.
Tue May 06 10:15:24 CEST 2014: 51: finished (5ms, 17cycles)
Tue May 06 10:15:24 CEST 2014: 51: Solution found.
Tue May 06 10:15:24 CEST 2014: 52: finished (123ms, 500cycles)
Tue May 06 10:15:24 CEST 2014: 52: No solution found.
Tue May 06 10:15:24 CEST 2014: 53: finished (21ms, 83cycles)
Tue May 06 10:15:24 CEST 2014: 53: Solution found.
Tue May 06 10:15:24 CEST 2014: 54: finished (3ms, 8cycles)
Tue May 06 10:15:24 CEST 2014: 54: Solution found.
Tue May 06 10:15:24 CEST 2014: 55: finished (3ms, 9cycles)
Tue May 06 10:15:24 CEST 2014: 55: Solution found.
Tue May 06 10:15:24 CEST 2014: 56: finished (3ms, 10cycles)
Tue May 06 10:15:24 CEST 2014: 56: Solution found.
Tue May 06 10:15:24 CEST 2014: 57: finished (9ms, 34cycles)
Tue May 06 10:15:24 CEST 2014: 57: Solution found.
Tue May 06 10:15:24 CEST 2014: 58: finished (143ms, 500cycles)
Tue May 06 10:15:24 CEST 2014: 58: No solution found.
Tue May 06 10:15:24 CEST 2014: 59: finished (6ms, 21cycles)
Tue May 06 10:15:24 CEST 2014: 59: Solution found.
Tue May 06 10:15:25 CEST 2014: 60: finished (134ms, 500cycles)
Tue May 06 10:15:25 CEST 2014: 60: No solution found.
Tue May 06 10:15:25 CEST 2014: 61: finished (9ms, 15cycles)
Tue May 06 10:15:25 CEST 2014: 61: Solution found.
Tue May 06 10:15:25 CEST 2014: 62: finished (3ms, 7cycles)
Tue May 06 10:15:25 CEST 2014: 62: Solution found.
Tue May 06 10:15:25 CEST 2014: 63: finished (7ms, 22cycles)
Tue May 06 10:15:25 CEST 2014: 63: Solution found.
Tue May 06 10:15:25 CEST 2014: 64: finished (106ms, 500cycles)
Tue May 06 10:15:25 CEST 2014: 64: No solution found.
Tue May 06 10:15:25 CEST 2014: 65: finished (123ms, 500cycles)
Tue May 06 10:15:25 CEST 2014: 65: No solution found.
Tue May 06 10:15:25 CEST 2014: 66: finished (111ms, 500cycles)
Tue May 06 10:15:25 CEST 2014: 66: No solution found.
Tue May 06 10:15:25 CEST 2014: 67: finished (143ms, 500cycles)
Tue May 06 10:15:25 CEST 2014: 67: No solution found.
Tue May 06 10:15:25 CEST 2014: 68: finished (6ms, 18cycles)
Tue May 06 10:15:25 CEST 2014: 68: Solution found.
Tue May 06 10:15:25 CEST 2014: 69: finished (115ms, 500cycles)
Tue May 06 10:15:25 CEST 2014: 69: No solution found.
Tue May 06 10:15:25 CEST 2014: 70: finished (130ms, 500cycles)
Tue May 06 10:15:25 CEST 2014: 70: No solution found.
Tue May 06 10:15:25 CEST 2014: 71: finished (136ms, 500cycles)
Tue May 06 10:15:25 CEST 2014: 71: No solution found.
Tue May 06 10:15:25 CEST 2014: 72: finished (3ms, 12cycles)
Tue May 06 10:15:25 CEST 2014: 72: Solution found.
Tue May 06 10:15:25 CEST 2014: 73: finished (6ms, 21cycles)
Tue May 06 10:15:25 CEST 2014: 73: Solution found.
Tue May 06 10:15:25 CEST 2014: 74: finished (2ms, 6cycles)
Tue May 06 10:15:25 CEST 2014: 74: Solution found.
Tue May 06 10:15:26 CEST 2014: 75: finished (114ms, 500cycles)
Tue May 06 10:15:26 CEST 2014: 75: No solution found.
Tue May 06 10:15:26 CEST 2014: 76: finished (1ms, 5cycles)
Tue May 06 10:15:26 CEST 2014: 76: Solution found.
Tue May 06 10:15:26 CEST 2014: 77: finished (306ms, 500cycles)
Tue May 06 10:15:26 CEST 2014: 77: No solution found.
Tue May 06 10:15:26 CEST 2014: 78: finished (109ms, 500cycles)
Tue May 06 10:15:26 CEST 2014: 78: No solution found.
Tue May 06 10:15:26 CEST 2014: 79: finished (10ms, 42cycles)
Tue May 06 10:15:26 CEST 2014: 79: Solution found.
Tue May 06 10:15:26 CEST 2014: 80: finished (12ms, 45cycles)
Tue May 06 10:15:26 CEST 2014: 80: Solution found.
Tue May 06 10:15:26 CEST 2014: 81: finished (5ms, 17cycles)
Tue May 06 10:15:26 CEST 2014: 81: Solution found.
Tue May 06 10:15:26 CEST 2014: 82: finished (117ms, 500cycles)
Tue May 06 10:15:26 CEST 2014: 82: No solution found.
Tue May 06 10:15:26 CEST 2014: 83: finished (117ms, 500cycles)
Tue May 06 10:15:26 CEST 2014: 83: No solution found.
Tue May 06 10:15:26 CEST 2014: 84: finished (6ms, 20cycles)
Tue May 06 10:15:26 CEST 2014: 84: Solution found.
Tue May 06 10:15:26 CEST 2014: 85: finished (24ms, 89cycles)
Tue May 06 10:15:26 CEST 2014: 85: Solution found.
Tue May 06 10:15:26 CEST 2014: 86: finished (110ms, 500cycles)
Tue May 06 10:15:26 CEST 2014: 86: No solution found.
Tue May 06 10:15:26 CEST 2014: 87: finished (115ms, 500cycles)
Tue May 06 10:15:26 CEST 2014: 87: No solution found.
Tue May 06 10:15:27 CEST 2014: 88: finished (8ms, 25cycles)
Tue May 06 10:15:27 CEST 2014: 88: Solution found.
Tue May 06 10:15:27 CEST 2014: 89: finished (123ms, 500cycles)
Tue May 06 10:15:27 CEST 2014: 89: No solution found.
Tue May 06 10:15:27 CEST 2014: 90: finished (4ms, 15cycles)
Tue May 06 10:15:27 CEST 2014: 90: Solution found.
Tue May 06 10:15:27 CEST 2014: 91: finished (9ms, 37cycles)
Tue May 06 10:15:27 CEST 2014: 91: Solution found.
Tue May 06 10:15:27 CEST 2014: 92: finished (144ms, 500cycles)
Tue May 06 10:15:27 CEST 2014: 92: No solution found.
Tue May 06 10:15:27 CEST 2014: 93: finished (3ms, 9cycles)
Tue May 06 10:15:27 CEST 2014: 93: Solution found.
Tue May 06 10:15:27 CEST 2014: 94: finished (3ms, 11cycles)
Tue May 06 10:15:27 CEST 2014: 94: Solution found.
Tue May 06 10:15:27 CEST 2014: 95: finished (123ms, 500cycles)
Tue May 06 10:15:27 CEST 2014: 95: No solution found.
Tue May 06 10:15:27 CEST 2014: 96: finished (20ms, 82cycles)
Tue May 06 10:15:27 CEST 2014: 96: Solution found.
Tue May 06 10:15:27 CEST 2014: 97: finished (7ms, 18cycles)
Tue May 06 10:15:27 CEST 2014: 97: Solution found.
Tue May 06 10:15:27 CEST 2014: 98: finished (8ms, 27cycles)
Tue May 06 10:15:27 CEST 2014: 98: Solution found.
Tue May 06 10:15:27 CEST 2014: 99: finished (7ms, 25cycles)
Tue May 06 10:15:27 CEST 2014: 99: Solution found.
Tue May 06 10:15:27 CEST 2014: Solution Found: 52
Tue May 06 10:15:27 CEST 2014: Avg cycles: 26
Tue May 06 10:15:27 CEST 2014: Max cycles: 105
Tue May 06 10:15:27 CEST 2014: Min cycles: 2
Tue May 06 10:15:27 CEST 2014: No solution found: 48
Tue May 06 10:15:27 CEST 2014: logging finished. (runtime: 6650ms)
