Sun May 18 02:53:01 CEST 2014: Problem Count: 10
Sun May 18 02:53:01 CEST 2014: CandidatesCount: 40
Sun May 18 02:53:01 CEST 2014: Max Cycles: 500
Sun May 18 02:53:01 CEST 2014: 0: finished (156ms, 265cycles)
Sun May 18 02:53:01 CEST 2014: 0: Solution found.
Sun May 18 02:53:01 CEST 2014: 1: finished (11ms, 22cycles)
Sun May 18 02:53:01 CEST 2014: 1: Solution found.
Sun May 18 02:53:01 CEST 2014: 2: finished (2ms, 11cycles)
Sun May 18 02:53:01 CEST 2014: 2: Solution found.
Sun May 18 02:53:01 CEST 2014: 3: finished (114ms, 162cycles)
Sun May 18 02:53:01 CEST 2014: 3: Solution found.
Sun May 18 02:53:01 CEST 2014: 4: finished (2ms, 14cycles)
Sun May 18 02:53:01 CEST 2014: 4: Solution found.
Sun May 18 02:53:01 CEST 2014: 5: finished (192ms, 500cycles)
Sun May 18 02:53:01 CEST 2014: 5: No solution found.
Sun May 18 02:53:01 CEST 2014: 6: finished (257ms, 500cycles)
Sun May 18 02:53:01 CEST 2014: 6: No solution found.
Sun May 18 02:53:02 CEST 2014: 7: finished (238ms, 500cycles)
Sun May 18 02:53:02 CEST 2014: 7: No solution found.
Sun May 18 02:53:02 CEST 2014: 8: finished (1ms, 5cycles)
Sun May 18 02:53:02 CEST 2014: 8: Solution found.
Sun May 18 02:53:02 CEST 2014: 9: finished (161ms, 500cycles)
Sun May 18 02:53:02 CEST 2014: 9: No solution found.
Sun May 18 02:53:02 CEST 2014: 10: finished (2ms, 18cycles)
Sun May 18 02:53:02 CEST 2014: 10: Solution found.
Sun May 18 02:53:02 CEST 2014: 11: finished (168ms, 500cycles)
Sun May 18 02:53:02 CEST 2014: 11: No solution found.
Sun May 18 02:53:02 CEST 2014: 12: finished (38ms, 500cycles)
Sun May 18 02:53:02 CEST 2014: 12: No solution found.
Sun May 18 02:53:02 CEST 2014: 13: finished (165ms, 500cycles)
Sun May 18 02:53:02 CEST 2014: 13: No solution found.
Sun May 18 02:53:02 CEST 2014: 14: finished (40ms, 500cycles)
Sun May 18 02:53:02 CEST 2014: 14: No solution found.
Sun May 18 02:53:02 CEST 2014: 15: finished (229ms, 500cycles)
Sun May 18 02:53:02 CEST 2014: 15: No solution found.
Sun May 18 02:53:03 CEST 2014: 16: finished (248ms, 500cycles)
Sun May 18 02:53:03 CEST 2014: 16: No solution found.
Sun May 18 02:53:03 CEST 2014: 17: finished (195ms, 500cycles)
Sun May 18 02:53:03 CEST 2014: 17: No solution found.
Sun May 18 02:53:03 CEST 2014: 18: finished (191ms, 500cycles)
Sun May 18 02:53:03 CEST 2014: 18: No solution found.
Sun May 18 02:53:03 CEST 2014: 19: finished (245ms, 500cycles)
Sun May 18 02:53:03 CEST 2014: 19: No solution found.
Sun May 18 02:53:03 CEST 2014: 20: finished (205ms, 500cycles)
Sun May 18 02:53:03 CEST 2014: 20: No solution found.
Sun May 18 02:53:04 CEST 2014: 21: finished (167ms, 500cycles)
Sun May 18 02:53:04 CEST 2014: 21: No solution found.
Sun May 18 02:53:04 CEST 2014: 22: finished (1ms, 13cycles)
Sun May 18 02:53:04 CEST 2014: 22: Solution found.
Sun May 18 02:53:04 CEST 2014: 23: finished (230ms, 500cycles)
Sun May 18 02:53:04 CEST 2014: 23: No solution found.
Sun May 18 02:53:04 CEST 2014: 24: finished (284ms, 500cycles)
Sun May 18 02:53:04 CEST 2014: 24: No solution found.
Sun May 18 02:53:04 CEST 2014: 25: finished (3ms, 20cycles)
Sun May 18 02:53:04 CEST 2014: 25: Solution found.
Sun May 18 02:53:04 CEST 2014: 26: finished (210ms, 500cycles)
Sun May 18 02:53:04 CEST 2014: 26: No solution found.
Sun May 18 02:53:04 CEST 2014: 27: finished (1ms, 10cycles)
Sun May 18 02:53:04 CEST 2014: 27: Solution found.
Sun May 18 02:53:04 CEST 2014: 28: finished (7ms, 26cycles)
Sun May 18 02:53:04 CEST 2014: 28: Solution found.
Sun May 18 02:53:05 CEST 2014: 29: finished (344ms, 500cycles)
Sun May 18 02:53:05 CEST 2014: 29: No solution found.
Sun May 18 02:53:05 CEST 2014: 30: finished (2ms, 11cycles)
Sun May 18 02:53:05 CEST 2014: 30: Solution found.
Sun May 18 02:53:05 CEST 2014: 31: finished (34ms, 500cycles)
Sun May 18 02:53:05 CEST 2014: 31: No solution found.
Sun May 18 02:53:05 CEST 2014: 32: finished (3ms, 29cycles)
Sun May 18 02:53:05 CEST 2014: 32: Solution found.
Sun May 18 02:53:05 CEST 2014: 33: finished (36ms, 500cycles)
Sun May 18 02:53:05 CEST 2014: 33: No solution found.
Sun May 18 02:53:05 CEST 2014: 34: finished (143ms, 500cycles)
Sun May 18 02:53:05 CEST 2014: 34: No solution found.
Sun May 18 02:53:05 CEST 2014: 35: finished (163ms, 500cycles)
Sun May 18 02:53:05 CEST 2014: 35: No solution found.
Sun May 18 02:53:05 CEST 2014: 36: finished (4ms, 23cycles)
Sun May 18 02:53:05 CEST 2014: 36: Solution found.
Sun May 18 02:53:05 CEST 2014: 37: finished (4ms, 34cycles)
Sun May 18 02:53:05 CEST 2014: 37: Solution found.
Sun May 18 02:53:05 CEST 2014: 38: finished (170ms, 500cycles)
Sun May 18 02:53:05 CEST 2014: 38: No solution found.
Sun May 18 02:53:05 CEST 2014: 39: finished (1ms, 8cycles)
Sun May 18 02:53:05 CEST 2014: 39: Solution found.
Sun May 18 02:53:05 CEST 2014: 40: finished (1ms, 1cycles)
Sun May 18 02:53:05 CEST 2014: 40: Solution found.
Sun May 18 02:53:05 CEST 2014: 41: finished (6ms, 32cycles)
Sun May 18 02:53:05 CEST 2014: 41: Solution found.
Sun May 18 02:53:05 CEST 2014: 42: finished (166ms, 500cycles)
Sun May 18 02:53:05 CEST 2014: 42: No solution found.
Sun May 18 02:53:06 CEST 2014: 43: finished (128ms, 500cycles)
Sun May 18 02:53:06 CEST 2014: 43: No solution found.
Sun May 18 02:53:06 CEST 2014: 44: finished (162ms, 500cycles)
Sun May 18 02:53:06 CEST 2014: 44: No solution found.
Sun May 18 02:53:06 CEST 2014: 45: finished (156ms, 500cycles)
Sun May 18 02:53:06 CEST 2014: 45: No solution found.
Sun May 18 02:53:06 CEST 2014: 46: finished (254ms, 500cycles)
Sun May 18 02:53:06 CEST 2014: 46: No solution found.
Sun May 18 02:53:06 CEST 2014: 47: finished (139ms, 500cycles)
Sun May 18 02:53:06 CEST 2014: 47: No solution found.
Sun May 18 02:53:07 CEST 2014: 48: finished (433ms, 500cycles)
Sun May 18 02:53:07 CEST 2014: 48: No solution found.
Sun May 18 02:53:07 CEST 2014: 49: finished (34ms, 500cycles)
Sun May 18 02:53:07 CEST 2014: 49: No solution found.
Sun May 18 02:53:07 CEST 2014: 50: finished (269ms, 464cycles)
Sun May 18 02:53:07 CEST 2014: 50: Solution found.
Sun May 18 02:53:07 CEST 2014: 51: finished (39ms, 500cycles)
Sun May 18 02:53:07 CEST 2014: 51: No solution found.
Sun May 18 02:53:07 CEST 2014: 52: finished (1ms, 6cycles)
Sun May 18 02:53:07 CEST 2014: 52: Solution found.
Sun May 18 02:53:07 CEST 2014: 53: finished (20ms, 46cycles)
Sun May 18 02:53:07 CEST 2014: 53: Solution found.
Sun May 18 02:53:07 CEST 2014: 54: finished (72ms, 191cycles)
Sun May 18 02:53:07 CEST 2014: 54: Solution found.
Sun May 18 02:53:07 CEST 2014: 55: finished (39ms, 500cycles)
Sun May 18 02:53:07 CEST 2014: 55: No solution found.
Sun May 18 02:53:07 CEST 2014: 56: finished (3ms, 19cycles)
Sun May 18 02:53:07 CEST 2014: 56: Solution found.
Sun May 18 02:53:07 CEST 2014: 57: finished (163ms, 500cycles)
Sun May 18 02:53:07 CEST 2014: 57: No solution found.
Sun May 18 02:53:07 CEST 2014: 58: finished (1ms, 10cycles)
Sun May 18 02:53:07 CEST 2014: 58: Solution found.
Sun May 18 02:53:07 CEST 2014: 59: finished (80ms, 211cycles)
Sun May 18 02:53:07 CEST 2014: 59: Solution found.
Sun May 18 02:53:08 CEST 2014: 60: finished (256ms, 500cycles)
Sun May 18 02:53:08 CEST 2014: 60: No solution found.
Sun May 18 02:53:08 CEST 2014: 61: finished (177ms, 500cycles)
Sun May 18 02:53:08 CEST 2014: 61: No solution found.
Sun May 18 02:53:08 CEST 2014: 62: finished (0ms, 4cycles)
Sun May 18 02:53:08 CEST 2014: 62: Solution found.
Sun May 18 02:53:08 CEST 2014: 63: finished (146ms, 500cycles)
Sun May 18 02:53:08 CEST 2014: 63: No solution found.
Sun May 18 02:53:08 CEST 2014: 64: finished (8ms, 29cycles)
Sun May 18 02:53:08 CEST 2014: 64: Solution found.
Sun May 18 02:53:08 CEST 2014: 65: finished (385ms, 500cycles)
Sun May 18 02:53:08 CEST 2014: 65: No solution found.
Sun May 18 02:53:09 CEST 2014: 66: finished (163ms, 500cycles)
Sun May 18 02:53:09 CEST 2014: 66: No solution found.
Sun May 18 02:53:09 CEST 2014: 67: finished (257ms, 500cycles)
Sun May 18 02:53:09 CEST 2014: 67: No solution found.
Sun May 18 02:53:09 CEST 2014: 68: finished (7ms, 36cycles)
Sun May 18 02:53:09 CEST 2014: 68: Solution found.
Sun May 18 02:53:09 CEST 2014: 69: finished (17ms, 53cycles)
Sun May 18 02:53:09 CEST 2014: 69: Solution found.
Sun May 18 02:53:09 CEST 2014: 70: finished (317ms, 500cycles)
Sun May 18 02:53:09 CEST 2014: 70: No solution found.
Sun May 18 02:53:09 CEST 2014: 71: finished (4ms, 15cycles)
Sun May 18 02:53:09 CEST 2014: 71: Solution found.
Sun May 18 02:53:09 CEST 2014: 72: finished (268ms, 425cycles)
Sun May 18 02:53:09 CEST 2014: 72: Solution found.
Sun May 18 02:53:09 CEST 2014: 73: finished (42ms, 500cycles)
Sun May 18 02:53:09 CEST 2014: 73: No solution found.
Sun May 18 02:53:10 CEST 2014: 74: finished (311ms, 500cycles)
Sun May 18 02:53:10 CEST 2014: 74: No solution found.
Sun May 18 02:53:10 CEST 2014: 75: finished (40ms, 500cycles)
Sun May 18 02:53:10 CEST 2014: 75: No solution found.
Sun May 18 02:53:10 CEST 2014: 76: finished (243ms, 500cycles)
Sun May 18 02:53:10 CEST 2014: 76: No solution found.
Sun May 18 02:53:10 CEST 2014: 77: finished (270ms, 487cycles)
Sun May 18 02:53:10 CEST 2014: 77: Solution found.
Sun May 18 02:53:10 CEST 2014: 78: finished (41ms, 500cycles)
Sun May 18 02:53:10 CEST 2014: 78: No solution found.
Sun May 18 02:53:10 CEST 2014: 79: finished (10ms, 107cycles)
Sun May 18 02:53:10 CEST 2014: 79: Solution found.
Sun May 18 02:53:10 CEST 2014: 80: finished (19ms, 35cycles)
Sun May 18 02:53:10 CEST 2014: 80: Solution found.
Sun May 18 02:53:11 CEST 2014: 81: finished (226ms, 500cycles)
Sun May 18 02:53:11 CEST 2014: 81: No solution found.
Sun May 18 02:53:11 CEST 2014: 82: finished (31ms, 83cycles)
Sun May 18 02:53:11 CEST 2014: 82: Solution found.
Sun May 18 02:53:11 CEST 2014: 83: finished (1ms, 6cycles)
Sun May 18 02:53:11 CEST 2014: 83: Solution found.
Sun May 18 02:53:11 CEST 2014: 84: finished (41ms, 500cycles)
Sun May 18 02:53:11 CEST 2014: 84: No solution found.
Sun May 18 02:53:11 CEST 2014: 85: finished (40ms, 500cycles)
Sun May 18 02:53:11 CEST 2014: 85: No solution found.
Sun May 18 02:53:11 CEST 2014: 86: finished (2ms, 8cycles)
Sun May 18 02:53:11 CEST 2014: 86: Solution found.
Sun May 18 02:53:11 CEST 2014: 87: finished (41ms, 500cycles)
Sun May 18 02:53:11 CEST 2014: 87: No solution found.
Sun May 18 02:53:11 CEST 2014: 88: finished (41ms, 500cycles)
Sun May 18 02:53:11 CEST 2014: 88: No solution found.
Sun May 18 02:53:11 CEST 2014: 89: finished (235ms, 500cycles)
Sun May 18 02:53:11 CEST 2014: 89: No solution found.
Sun May 18 02:53:11 CEST 2014: 90: finished (3ms, 15cycles)
Sun May 18 02:53:11 CEST 2014: 90: Solution found.
Sun May 18 02:53:11 CEST 2014: 91: finished (303ms, 500cycles)
Sun May 18 02:53:11 CEST 2014: 91: No solution found.
Sun May 18 02:53:11 CEST 2014: 92: finished (39ms, 500cycles)
Sun May 18 02:53:11 CEST 2014: 92: No solution found.
Sun May 18 02:53:11 CEST 2014: 93: finished (45ms, 91cycles)
Sun May 18 02:53:11 CEST 2014: 93: Solution found.
Sun May 18 02:53:11 CEST 2014: 94: finished (4ms, 30cycles)
Sun May 18 02:53:11 CEST 2014: 94: Solution found.
Sun May 18 02:53:12 CEST 2014: 95: finished (179ms, 500cycles)
Sun May 18 02:53:12 CEST 2014: 95: No solution found.
Sun May 18 02:53:12 CEST 2014: 96: finished (2ms, 22cycles)
Sun May 18 02:53:12 CEST 2014: 96: Solution found.
Sun May 18 02:53:12 CEST 2014: 97: finished (3ms, 13cycles)
Sun May 18 02:53:12 CEST 2014: 97: Solution found.
Sun May 18 02:53:12 CEST 2014: 98: finished (175ms, 500cycles)
Sun May 18 02:53:12 CEST 2014: 98: No solution found.
Sun May 18 02:53:12 CEST 2014: 99: finished (143ms, 500cycles)
Sun May 18 02:53:12 CEST 2014: 99: No solution found.
Sun May 18 02:53:12 CEST 2014: Solution Found: 42
Sun May 18 02:53:12 CEST 2014: Avg cycles: 74
Sun May 18 02:53:12 CEST 2014: Max cycles: 487
Sun May 18 02:53:12 CEST 2014: Min cycles: 1
Sun May 18 02:53:12 CEST 2014: No solution found: 58
Sun May 18 02:53:12 CEST 2014: logging finished. (runtime: 11390ms)
