Sun May 18 17:43:28 CEST 2014: Problem Count: 10
Sun May 18 17:43:28 CEST 2014: CandidatesCount: 20
Sun May 18 17:43:28 CEST 2014: Max Cycles: 500
Sun May 18 17:43:28 CEST 2014: 0: finished (95ms, 500cycles)
Sun May 18 17:43:28 CEST 2014: 0: No solution found.
Sun May 18 17:43:28 CEST 2014: 1: finished (25ms, 500cycles)
Sun May 18 17:43:28 CEST 2014: 1: No solution found.
Sun May 18 17:43:28 CEST 2014: 2: finished (78ms, 500cycles)
Sun May 18 17:43:28 CEST 2014: 2: No solution found.
Sun May 18 17:43:28 CEST 2014: 3: finished (109ms, 500cycles)
Sun May 18 17:43:28 CEST 2014: 3: No solution found.
Sun May 18 17:43:28 CEST 2014: 4: finished (45ms, 500cycles)
Sun May 18 17:43:28 CEST 2014: 4: No solution found.
Sun May 18 17:43:28 CEST 2014: 5: finished (86ms, 500cycles)
Sun May 18 17:43:28 CEST 2014: 5: No solution found.
Sun May 18 17:43:28 CEST 2014: 6: finished (101ms, 500cycles)
Sun May 18 17:43:28 CEST 2014: 6: No solution found.
Sun May 18 17:43:28 CEST 2014: 7: finished (163ms, 500cycles)
Sun May 18 17:43:28 CEST 2014: 7: No solution found.
Sun May 18 17:43:29 CEST 2014: 8: finished (93ms, 500cycles)
Sun May 18 17:43:29 CEST 2014: 8: No solution found.
Sun May 18 17:43:29 CEST 2014: 9: finished (22ms, 500cycles)
Sun May 18 17:43:29 CEST 2014: 9: No solution found.
Sun May 18 17:43:29 CEST 2014: 10: finished (19ms, 500cycles)
Sun May 18 17:43:29 CEST 2014: 10: No solution found.
Sun May 18 17:43:29 CEST 2014: 11: finished (86ms, 500cycles)
Sun May 18 17:43:29 CEST 2014: 11: No solution found.
Sun May 18 17:43:29 CEST 2014: 12: finished (130ms, 500cycles)
Sun May 18 17:43:29 CEST 2014: 12: No solution found.
Sun May 18 17:43:29 CEST 2014: 13: finished (1ms, 6cycles)
Sun May 18 17:43:29 CEST 2014: 13: Solution found.
Sun May 18 17:43:29 CEST 2014: 14: finished (8ms, 64cycles)
Sun May 18 17:43:29 CEST 2014: 14: Solution found.
Sun May 18 17:43:29 CEST 2014: 15: finished (193ms, 500cycles)
Sun May 18 17:43:29 CEST 2014: 15: No solution found.
Sun May 18 17:43:29 CEST 2014: 16: finished (20ms, 500cycles)
Sun May 18 17:43:29 CEST 2014: 16: No solution found.
Sun May 18 17:43:29 CEST 2014: 17: finished (4ms, 61cycles)
Sun May 18 17:43:29 CEST 2014: 17: Solution found.
Sun May 18 17:43:29 CEST 2014: 18: finished (100ms, 500cycles)
Sun May 18 17:43:29 CEST 2014: 18: No solution found.
Sun May 18 17:43:29 CEST 2014: 19: finished (1ms, 14cycles)
Sun May 18 17:43:29 CEST 2014: 19: Solution found.
Sun May 18 17:43:29 CEST 2014: 20: finished (66ms, 222cycles)
Sun May 18 17:43:29 CEST 2014: 20: Solution found.
Sun May 18 17:43:29 CEST 2014: 21: finished (1ms, 15cycles)
Sun May 18 17:43:29 CEST 2014: 21: Solution found.
Sun May 18 17:43:29 CEST 2014: 22: finished (22ms, 500cycles)
Sun May 18 17:43:29 CEST 2014: 22: No solution found.
Sun May 18 17:43:29 CEST 2014: 23: finished (3ms, 34cycles)
Sun May 18 17:43:29 CEST 2014: 23: Solution found.
Sun May 18 17:43:29 CEST 2014: 24: finished (21ms, 500cycles)
Sun May 18 17:43:29 CEST 2014: 24: No solution found.
Sun May 18 17:43:29 CEST 2014: 25: finished (125ms, 500cycles)
Sun May 18 17:43:29 CEST 2014: 25: No solution found.
Sun May 18 17:43:29 CEST 2014: 26: finished (104ms, 500cycles)
Sun May 18 17:43:29 CEST 2014: 26: No solution found.
Sun May 18 17:43:30 CEST 2014: 27: finished (136ms, 500cycles)
Sun May 18 17:43:30 CEST 2014: 27: No solution found.
Sun May 18 17:43:30 CEST 2014: 28: finished (5ms, 58cycles)
Sun May 18 17:43:30 CEST 2014: 28: Solution found.
Sun May 18 17:43:30 CEST 2014: 29: finished (22ms, 500cycles)
Sun May 18 17:43:30 CEST 2014: 29: No solution found.
Sun May 18 17:43:30 CEST 2014: 30: finished (20ms, 500cycles)
Sun May 18 17:43:30 CEST 2014: 30: No solution found.
Sun May 18 17:43:30 CEST 2014: 31: finished (21ms, 500cycles)
Sun May 18 17:43:30 CEST 2014: 31: No solution found.
Sun May 18 17:43:30 CEST 2014: 32: finished (136ms, 500cycles)
Sun May 18 17:43:30 CEST 2014: 32: No solution found.
Sun May 18 17:43:30 CEST 2014: 33: finished (18ms, 500cycles)
Sun May 18 17:43:30 CEST 2014: 33: No solution found.
Sun May 18 17:43:30 CEST 2014: 34: finished (83ms, 500cycles)
Sun May 18 17:43:30 CEST 2014: 34: No solution found.
Sun May 18 17:43:30 CEST 2014: 35: finished (20ms, 500cycles)
Sun May 18 17:43:30 CEST 2014: 35: No solution found.
Sun May 18 17:43:30 CEST 2014: 36: finished (45ms, 203cycles)
Sun May 18 17:43:30 CEST 2014: 36: Solution found.
Sun May 18 17:43:30 CEST 2014: 37: finished (17ms, 500cycles)
Sun May 18 17:43:30 CEST 2014: 37: No solution found.
Sun May 18 17:43:30 CEST 2014: 38: finished (2ms, 14cycles)
Sun May 18 17:43:30 CEST 2014: 38: Solution found.
Sun May 18 17:43:30 CEST 2014: 39: finished (17ms, 500cycles)
Sun May 18 17:43:30 CEST 2014: 39: No solution found.
Sun May 18 17:43:30 CEST 2014: 40: finished (20ms, 500cycles)
Sun May 18 17:43:30 CEST 2014: 40: No solution found.
Sun May 18 17:43:30 CEST 2014: 41: finished (19ms, 500cycles)
Sun May 18 17:43:30 CEST 2014: 41: No solution found.
Sun May 18 17:43:30 CEST 2014: 42: finished (18ms, 500cycles)
Sun May 18 17:43:30 CEST 2014: 42: No solution found.
Sun May 18 17:43:30 CEST 2014: 43: finished (19ms, 500cycles)
Sun May 18 17:43:30 CEST 2014: 43: No solution found.
Sun May 18 17:43:30 CEST 2014: 44: finished (84ms, 500cycles)
Sun May 18 17:43:30 CEST 2014: 44: No solution found.
Sun May 18 17:43:30 CEST 2014: 45: finished (23ms, 500cycles)
Sun May 18 17:43:30 CEST 2014: 45: No solution found.
Sun May 18 17:43:30 CEST 2014: 46: finished (166ms, 500cycles)
Sun May 18 17:43:30 CEST 2014: 46: No solution found.
Sun May 18 17:43:30 CEST 2014: 47: finished (101ms, 500cycles)
Sun May 18 17:43:30 CEST 2014: 47: No solution found.
Sun May 18 17:43:31 CEST 2014: 48: finished (98ms, 500cycles)
Sun May 18 17:43:31 CEST 2014: 48: No solution found.
Sun May 18 17:43:31 CEST 2014: 49: finished (5ms, 30cycles)
Sun May 18 17:43:31 CEST 2014: 49: Solution found.
Sun May 18 17:43:31 CEST 2014: 50: finished (5ms, 31cycles)
Sun May 18 17:43:31 CEST 2014: 50: Solution found.
Sun May 18 17:43:31 CEST 2014: 51: finished (1ms, 21cycles)
Sun May 18 17:43:31 CEST 2014: 51: Solution found.
Sun May 18 17:43:31 CEST 2014: 52: finished (109ms, 500cycles)
Sun May 18 17:43:31 CEST 2014: 52: No solution found.
Sun May 18 17:43:31 CEST 2014: 53: finished (20ms, 500cycles)
Sun May 18 17:43:31 CEST 2014: 53: No solution found.
Sun May 18 17:43:31 CEST 2014: 54: finished (134ms, 500cycles)
Sun May 18 17:43:31 CEST 2014: 54: No solution found.
Sun May 18 17:43:31 CEST 2014: 55: finished (24ms, 500cycles)
Sun May 18 17:43:31 CEST 2014: 55: No solution found.
Sun May 18 17:43:31 CEST 2014: 56: finished (123ms, 500cycles)
Sun May 18 17:43:31 CEST 2014: 56: No solution found.
Sun May 18 17:43:31 CEST 2014: 57: finished (119ms, 500cycles)
Sun May 18 17:43:31 CEST 2014: 57: No solution found.
Sun May 18 17:43:31 CEST 2014: 58: finished (125ms, 500cycles)
Sun May 18 17:43:31 CEST 2014: 58: No solution found.
Sun May 18 17:43:31 CEST 2014: 59: finished (16ms, 500cycles)
Sun May 18 17:43:31 CEST 2014: 59: No solution found.
Sun May 18 17:43:31 CEST 2014: 60: finished (1ms, 4cycles)
Sun May 18 17:43:31 CEST 2014: 60: Solution found.
Sun May 18 17:43:31 CEST 2014: 61: finished (18ms, 500cycles)
Sun May 18 17:43:31 CEST 2014: 61: No solution found.
Sun May 18 17:43:31 CEST 2014: 62: finished (1ms, 8cycles)
Sun May 18 17:43:31 CEST 2014: 62: Solution found.
Sun May 18 17:43:31 CEST 2014: 63: finished (92ms, 500cycles)
Sun May 18 17:43:31 CEST 2014: 63: No solution found.
Sun May 18 17:43:31 CEST 2014: 64: finished (21ms, 92cycles)
Sun May 18 17:43:31 CEST 2014: 64: Solution found.
Sun May 18 17:43:31 CEST 2014: 65: finished (27ms, 95cycles)
Sun May 18 17:43:31 CEST 2014: 65: Solution found.
Sun May 18 17:43:31 CEST 2014: 66: finished (4ms, 52cycles)
Sun May 18 17:43:31 CEST 2014: 66: Solution found.
Sun May 18 17:43:32 CEST 2014: 67: finished (115ms, 500cycles)
Sun May 18 17:43:32 CEST 2014: 67: No solution found.
Sun May 18 17:43:32 CEST 2014: 68: finished (139ms, 500cycles)
Sun May 18 17:43:32 CEST 2014: 68: No solution found.
Sun May 18 17:43:32 CEST 2014: 69: finished (172ms, 500cycles)
Sun May 18 17:43:32 CEST 2014: 69: No solution found.
Sun May 18 17:43:32 CEST 2014: 70: finished (12ms, 79cycles)
Sun May 18 17:43:32 CEST 2014: 70: Solution found.
Sun May 18 17:43:32 CEST 2014: 71: finished (19ms, 500cycles)
Sun May 18 17:43:32 CEST 2014: 71: No solution found.
Sun May 18 17:43:32 CEST 2014: 72: finished (2ms, 37cycles)
Sun May 18 17:43:32 CEST 2014: 72: Solution found.
Sun May 18 17:43:32 CEST 2014: 73: finished (171ms, 500cycles)
Sun May 18 17:43:32 CEST 2014: 73: No solution found.
Sun May 18 17:43:32 CEST 2014: 74: finished (133ms, 500cycles)
Sun May 18 17:43:32 CEST 2014: 74: No solution found.
Sun May 18 17:43:32 CEST 2014: 75: finished (116ms, 500cycles)
Sun May 18 17:43:32 CEST 2014: 75: No solution found.
Sun May 18 17:43:32 CEST 2014: 76: finished (22ms, 500cycles)
Sun May 18 17:43:32 CEST 2014: 76: No solution found.
Sun May 18 17:43:32 CEST 2014: 77: finished (98ms, 500cycles)
Sun May 18 17:43:32 CEST 2014: 77: No solution found.
Sun May 18 17:43:33 CEST 2014: 78: finished (161ms, 500cycles)
Sun May 18 17:43:33 CEST 2014: 78: No solution found.
Sun May 18 17:43:33 CEST 2014: 79: finished (22ms, 500cycles)
Sun May 18 17:43:33 CEST 2014: 79: No solution found.
Sun May 18 17:43:33 CEST 2014: 80: finished (135ms, 500cycles)
Sun May 18 17:43:33 CEST 2014: 80: No solution found.
Sun May 18 17:43:33 CEST 2014: 81: finished (150ms, 500cycles)
Sun May 18 17:43:33 CEST 2014: 81: No solution found.
Sun May 18 17:43:33 CEST 2014: 82: finished (85ms, 500cycles)
Sun May 18 17:43:33 CEST 2014: 82: No solution found.
Sun May 18 17:43:33 CEST 2014: 83: finished (2ms, 37cycles)
Sun May 18 17:43:33 CEST 2014: 83: Solution found.
Sun May 18 17:43:33 CEST 2014: 84: finished (20ms, 500cycles)
Sun May 18 17:43:33 CEST 2014: 84: No solution found.
Sun May 18 17:43:33 CEST 2014: 85: finished (18ms, 500cycles)
Sun May 18 17:43:33 CEST 2014: 85: No solution found.
Sun May 18 17:43:33 CEST 2014: 86: finished (20ms, 500cycles)
Sun May 18 17:43:33 CEST 2014: 86: No solution found.
Sun May 18 17:43:33 CEST 2014: 87: finished (84ms, 500cycles)
Sun May 18 17:43:33 CEST 2014: 87: No solution found.
Sun May 18 17:43:33 CEST 2014: 88: finished (113ms, 500cycles)
Sun May 18 17:43:33 CEST 2014: 88: No solution found.
Sun May 18 17:43:33 CEST 2014: 89: finished (20ms, 72cycles)
Sun May 18 17:43:33 CEST 2014: 89: Solution found.
Sun May 18 17:43:33 CEST 2014: 90: finished (105ms, 500cycles)
Sun May 18 17:43:33 CEST 2014: 90: No solution found.
Sun May 18 17:43:33 CEST 2014: 91: finished (17ms, 500cycles)
Sun May 18 17:43:33 CEST 2014: 91: No solution found.
Sun May 18 17:43:34 CEST 2014: 92: finished (162ms, 500cycles)
Sun May 18 17:43:34 CEST 2014: 92: No solution found.
Sun May 18 17:43:34 CEST 2014: 93: finished (22ms, 500cycles)
Sun May 18 17:43:34 CEST 2014: 93: No solution found.
Sun May 18 17:43:34 CEST 2014: 94: finished (7ms, 33cycles)
Sun May 18 17:43:34 CEST 2014: 94: Solution found.
Sun May 18 17:43:34 CEST 2014: 95: finished (17ms, 49cycles)
Sun May 18 17:43:34 CEST 2014: 95: Solution found.
Sun May 18 17:43:34 CEST 2014: 96: finished (150ms, 500cycles)
Sun May 18 17:43:34 CEST 2014: 96: No solution found.
Sun May 18 17:43:34 CEST 2014: 97: finished (20ms, 500cycles)
Sun May 18 17:43:34 CEST 2014: 97: No solution found.
Sun May 18 17:43:34 CEST 2014: 98: finished (20ms, 500cycles)
Sun May 18 17:43:34 CEST 2014: 98: No solution found.
Sun May 18 17:43:34 CEST 2014: 99: finished (4ms, 80cycles)
Sun May 18 17:43:34 CEST 2014: 99: Solution found.
Sun May 18 17:43:34 CEST 2014: Solution Found: 25
Sun May 18 17:43:34 CEST 2014: Avg cycles: 56
Sun May 18 17:43:34 CEST 2014: Max cycles: 222
Sun May 18 17:43:34 CEST 2014: Min cycles: 4
Sun May 18 17:43:34 CEST 2014: No solution found: 75
Sun May 18 17:43:34 CEST 2014: logging finished. (runtime: 6024ms)
