Tue May 06 10:22:04 CEST 2014: Problem Count: 40
Tue May 06 10:22:04 CEST 2014: CandidatesCount: 10
Tue May 06 10:22:04 CEST 2014: Max Cycles: 500
Tue May 06 10:22:04 CEST 2014: 0: finished (5ms, 59cycles)
Tue May 06 10:22:04 CEST 2014: 0: Solution found.
Tue May 06 10:22:04 CEST 2014: 1: finished (8ms, 81cycles)
Tue May 06 10:22:04 CEST 2014: 1: Solution found.
Tue May 06 10:22:04 CEST 2014: 2: finished (51ms, 500cycles)
Tue May 06 10:22:04 CEST 2014: 2: No solution found.
Tue May 06 10:22:04 CEST 2014: 3: finished (39ms, 500cycles)
Tue May 06 10:22:04 CEST 2014: 3: No solution found.
Tue May 06 10:22:04 CEST 2014: 4: finished (36ms, 500cycles)
Tue May 06 10:22:04 CEST 2014: 4: No solution found.
Tue May 06 10:22:04 CEST 2014: 5: finished (37ms, 500cycles)
Tue May 06 10:22:04 CEST 2014: 5: No solution found.
Tue May 06 10:22:05 CEST 2014: 6: finished (49ms, 500cycles)
Tue May 06 10:22:05 CEST 2014: 6: No solution found.
Tue May 06 10:22:05 CEST 2014: 7: finished (45ms, 500cycles)
Tue May 06 10:22:05 CEST 2014: 7: No solution found.
Tue May 06 10:22:05 CEST 2014: 8: finished (44ms, 500cycles)
Tue May 06 10:22:05 CEST 2014: 8: No solution found.
Tue May 06 10:22:05 CEST 2014: 9: finished (5ms, 52cycles)
Tue May 06 10:22:05 CEST 2014: 9: Solution found.
Tue May 06 10:22:05 CEST 2014: 10: finished (38ms, 500cycles)
Tue May 06 10:22:05 CEST 2014: 10: No solution found.
Tue May 06 10:22:05 CEST 2014: 11: finished (1ms, 12cycles)
Tue May 06 10:22:05 CEST 2014: 11: Solution found.
Tue May 06 10:22:05 CEST 2014: 12: finished (40ms, 500cycles)
Tue May 06 10:22:05 CEST 2014: 12: No solution found.
Tue May 06 10:22:05 CEST 2014: 13: finished (54ms, 500cycles)
Tue May 06 10:22:05 CEST 2014: 13: No solution found.
Tue May 06 10:22:05 CEST 2014: 14: finished (4ms, 37cycles)
Tue May 06 10:22:05 CEST 2014: 14: Solution found.
Tue May 06 10:22:05 CEST 2014: 15: finished (45ms, 500cycles)
Tue May 06 10:22:05 CEST 2014: 15: No solution found.
Tue May 06 10:22:05 CEST 2014: 16: finished (53ms, 500cycles)
Tue May 06 10:22:05 CEST 2014: 16: No solution found.
Tue May 06 10:22:05 CEST 2014: 17: finished (7ms, 70cycles)
Tue May 06 10:22:05 CEST 2014: 17: Solution found.
Tue May 06 10:22:05 CEST 2014: 18: finished (42ms, 500cycles)
Tue May 06 10:22:05 CEST 2014: 18: No solution found.
Tue May 06 10:22:05 CEST 2014: 19: finished (46ms, 500cycles)
Tue May 06 10:22:05 CEST 2014: 19: No solution found.
Tue May 06 10:22:05 CEST 2014: 20: finished (43ms, 500cycles)
Tue May 06 10:22:05 CEST 2014: 20: No solution found.
Tue May 06 10:22:05 CEST 2014: 21: finished (46ms, 500cycles)
Tue May 06 10:22:05 CEST 2014: 21: No solution found.
Tue May 06 10:22:05 CEST 2014: 22: finished (38ms, 500cycles)
Tue May 06 10:22:05 CEST 2014: 22: No solution found.
Tue May 06 10:22:05 CEST 2014: 23: finished (44ms, 500cycles)
Tue May 06 10:22:05 CEST 2014: 23: No solution found.
Tue May 06 10:22:05 CEST 2014: 24: finished (38ms, 500cycles)
Tue May 06 10:22:05 CEST 2014: 24: No solution found.
Tue May 06 10:22:05 CEST 2014: 25: finished (41ms, 500cycles)
Tue May 06 10:22:05 CEST 2014: 25: No solution found.
Tue May 06 10:22:05 CEST 2014: 26: finished (0ms, 4cycles)
Tue May 06 10:22:05 CEST 2014: 26: Solution found.
Tue May 06 10:22:05 CEST 2014: 27: finished (39ms, 500cycles)
Tue May 06 10:22:05 CEST 2014: 27: No solution found.
Tue May 06 10:22:05 CEST 2014: 28: finished (40ms, 500cycles)
Tue May 06 10:22:05 CEST 2014: 28: No solution found.
Tue May 06 10:22:05 CEST 2014: 29: finished (40ms, 500cycles)
Tue May 06 10:22:05 CEST 2014: 29: No solution found.
Tue May 06 10:22:05 CEST 2014: 30: finished (44ms, 500cycles)
Tue May 06 10:22:05 CEST 2014: 30: No solution found.
Tue May 06 10:22:05 CEST 2014: 31: finished (1ms, 12cycles)
Tue May 06 10:22:05 CEST 2014: 31: Solution found.
Tue May 06 10:22:05 CEST 2014: 32: finished (44ms, 500cycles)
Tue May 06 10:22:05 CEST 2014: 32: No solution found.
Tue May 06 10:22:05 CEST 2014: 33: finished (44ms, 500cycles)
Tue May 06 10:22:05 CEST 2014: 33: No solution found.
Tue May 06 10:22:06 CEST 2014: 34: finished (47ms, 500cycles)
Tue May 06 10:22:06 CEST 2014: 34: No solution found.
Tue May 06 10:22:06 CEST 2014: 35: finished (46ms, 500cycles)
Tue May 06 10:22:06 CEST 2014: 35: No solution found.
Tue May 06 10:22:06 CEST 2014: 36: finished (8ms, 75cycles)
Tue May 06 10:22:06 CEST 2014: 36: Solution found.
Tue May 06 10:22:06 CEST 2014: 37: finished (53ms, 492cycles)
Tue May 06 10:22:06 CEST 2014: 37: Solution found.
Tue May 06 10:22:06 CEST 2014: 38: finished (2ms, 12cycles)
Tue May 06 10:22:06 CEST 2014: 38: Solution found.
Tue May 06 10:22:06 CEST 2014: 39: finished (1ms, 12cycles)
Tue May 06 10:22:06 CEST 2014: 39: Solution found.
Tue May 06 10:22:06 CEST 2014: 40: finished (47ms, 500cycles)
Tue May 06 10:22:06 CEST 2014: 40: No solution found.
Tue May 06 10:22:06 CEST 2014: 41: finished (2ms, 20cycles)
Tue May 06 10:22:06 CEST 2014: 41: Solution found.
Tue May 06 10:22:06 CEST 2014: 42: finished (43ms, 500cycles)
Tue May 06 10:22:06 CEST 2014: 42: No solution found.
Tue May 06 10:22:06 CEST 2014: 43: finished (38ms, 500cycles)
Tue May 06 10:22:06 CEST 2014: 43: No solution found.
Tue May 06 10:22:06 CEST 2014: 44: finished (43ms, 500cycles)
Tue May 06 10:22:06 CEST 2014: 44: No solution found.
Tue May 06 10:22:06 CEST 2014: 45: finished (3ms, 42cycles)
Tue May 06 10:22:06 CEST 2014: 45: Solution found.
Tue May 06 10:22:06 CEST 2014: 46: finished (57ms, 500cycles)
Tue May 06 10:22:06 CEST 2014: 46: No solution found.
Tue May 06 10:22:06 CEST 2014: 47: finished (42ms, 500cycles)
Tue May 06 10:22:06 CEST 2014: 47: No solution found.
Tue May 06 10:22:06 CEST 2014: 48: finished (40ms, 500cycles)
Tue May 06 10:22:06 CEST 2014: 48: No solution found.
Tue May 06 10:22:06 CEST 2014: 49: finished (7ms, 73cycles)
Tue May 06 10:22:06 CEST 2014: 49: Solution found.
Tue May 06 10:22:06 CEST 2014: 50: finished (48ms, 500cycles)
Tue May 06 10:22:06 CEST 2014: 50: No solution found.
Tue May 06 10:22:06 CEST 2014: 51: finished (47ms, 500cycles)
Tue May 06 10:22:06 CEST 2014: 51: No solution found.
Tue May 06 10:22:06 CEST 2014: 52: finished (3ms, 27cycles)
Tue May 06 10:22:06 CEST 2014: 52: Solution found.
Tue May 06 10:22:06 CEST 2014: 53: finished (39ms, 500cycles)
Tue May 06 10:22:06 CEST 2014: 53: No solution found.
Tue May 06 10:22:06 CEST 2014: 54: finished (6ms, 64cycles)
Tue May 06 10:22:06 CEST 2014: 54: Solution found.
Tue May 06 10:22:06 CEST 2014: 55: finished (43ms, 500cycles)
Tue May 06 10:22:06 CEST 2014: 55: No solution found.
Tue May 06 10:22:06 CEST 2014: 56: finished (5ms, 51cycles)
Tue May 06 10:22:06 CEST 2014: 56: Solution found.
Tue May 06 10:22:06 CEST 2014: 57: finished (2ms, 22cycles)
Tue May 06 10:22:06 CEST 2014: 57: Solution found.
Tue May 06 10:22:06 CEST 2014: 58: finished (13ms, 144cycles)
Tue May 06 10:22:06 CEST 2014: 58: Solution found.
Tue May 06 10:22:06 CEST 2014: 59: finished (44ms, 500cycles)
Tue May 06 10:22:06 CEST 2014: 59: No solution found.
Tue May 06 10:22:06 CEST 2014: 60: finished (44ms, 500cycles)
Tue May 06 10:22:06 CEST 2014: 60: No solution found.
Tue May 06 10:22:06 CEST 2014: 61: finished (14ms, 141cycles)
Tue May 06 10:22:06 CEST 2014: 61: Solution found.
Tue May 06 10:22:06 CEST 2014: 62: finished (1ms, 4cycles)
Tue May 06 10:22:06 CEST 2014: 62: Solution found.
Tue May 06 10:22:06 CEST 2014: 63: finished (43ms, 500cycles)
Tue May 06 10:22:06 CEST 2014: 63: No solution found.
Tue May 06 10:22:06 CEST 2014: 64: finished (6ms, 56cycles)
Tue May 06 10:22:06 CEST 2014: 64: Solution found.
Tue May 06 10:22:06 CEST 2014: 65: finished (42ms, 500cycles)
Tue May 06 10:22:06 CEST 2014: 65: No solution found.
Tue May 06 10:22:06 CEST 2014: 66: finished (47ms, 500cycles)
Tue May 06 10:22:06 CEST 2014: 66: No solution found.
Tue May 06 10:22:06 CEST 2014: 67: finished (39ms, 500cycles)
Tue May 06 10:22:06 CEST 2014: 67: No solution found.
Tue May 06 10:22:06 CEST 2014: 68: finished (41ms, 500cycles)
Tue May 06 10:22:06 CEST 2014: 68: No solution found.
Tue May 06 10:22:07 CEST 2014: 69: finished (8ms, 87cycles)
Tue May 06 10:22:07 CEST 2014: 69: Solution found.
Tue May 06 10:22:07 CEST 2014: 70: finished (3ms, 39cycles)
Tue May 06 10:22:07 CEST 2014: 70: Solution found.
Tue May 06 10:22:07 CEST 2014: 71: finished (2ms, 23cycles)
Tue May 06 10:22:07 CEST 2014: 71: Solution found.
Tue May 06 10:22:07 CEST 2014: 72: finished (22ms, 226cycles)
Tue May 06 10:22:07 CEST 2014: 72: Solution found.
Tue May 06 10:22:07 CEST 2014: 73: finished (55ms, 500cycles)
Tue May 06 10:22:07 CEST 2014: 73: No solution found.
Tue May 06 10:22:07 CEST 2014: 74: finished (38ms, 500cycles)
Tue May 06 10:22:07 CEST 2014: 74: No solution found.
Tue May 06 10:22:07 CEST 2014: 75: finished (39ms, 500cycles)
Tue May 06 10:22:07 CEST 2014: 75: No solution found.
Tue May 06 10:22:07 CEST 2014: 76: finished (43ms, 500cycles)
Tue May 06 10:22:07 CEST 2014: 76: No solution found.
Tue May 06 10:22:07 CEST 2014: 77: finished (1ms, 15cycles)
Tue May 06 10:22:07 CEST 2014: 77: Solution found.
Tue May 06 10:22:07 CEST 2014: 78: finished (5ms, 54cycles)
Tue May 06 10:22:07 CEST 2014: 78: Solution found.
Tue May 06 10:22:07 CEST 2014: 79: finished (42ms, 500cycles)
Tue May 06 10:22:07 CEST 2014: 79: No solution found.
Tue May 06 10:22:07 CEST 2014: 80: finished (40ms, 500cycles)
Tue May 06 10:22:07 CEST 2014: 80: No solution found.
Tue May 06 10:22:07 CEST 2014: 81: finished (7ms, 76cycles)
Tue May 06 10:22:07 CEST 2014: 81: Solution found.
Tue May 06 10:22:07 CEST 2014: 82: finished (52ms, 500cycles)
Tue May 06 10:22:07 CEST 2014: 82: No solution found.
Tue May 06 10:22:07 CEST 2014: 83: finished (42ms, 500cycles)
Tue May 06 10:22:07 CEST 2014: 83: No solution found.
Tue May 06 10:22:07 CEST 2014: 84: finished (2ms, 23cycles)
Tue May 06 10:22:07 CEST 2014: 84: Solution found.
Tue May 06 10:22:07 CEST 2014: 85: finished (42ms, 500cycles)
Tue May 06 10:22:07 CEST 2014: 85: No solution found.
Tue May 06 10:22:07 CEST 2014: 86: finished (12ms, 139cycles)
Tue May 06 10:22:07 CEST 2014: 86: Solution found.
Tue May 06 10:22:07 CEST 2014: 87: finished (52ms, 500cycles)
Tue May 06 10:22:07 CEST 2014: 87: No solution found.
Tue May 06 10:22:07 CEST 2014: 88: finished (41ms, 500cycles)
Tue May 06 10:22:07 CEST 2014: 88: No solution found.
Tue May 06 10:22:07 CEST 2014: 89: finished (126ms, 500cycles)
Tue May 06 10:22:07 CEST 2014: 89: No solution found.
Tue May 06 10:22:07 CEST 2014: 90: finished (7ms, 78cycles)
Tue May 06 10:22:07 CEST 2014: 90: Solution found.
Tue May 06 10:22:07 CEST 2014: 91: finished (40ms, 500cycles)
Tue May 06 10:22:07 CEST 2014: 91: No solution found.
Tue May 06 10:22:07 CEST 2014: 92: finished (6ms, 55cycles)
Tue May 06 10:22:07 CEST 2014: 92: Solution found.
Tue May 06 10:22:07 CEST 2014: 93: finished (2ms, 18cycles)
Tue May 06 10:22:07 CEST 2014: 93: Solution found.
Tue May 06 10:22:07 CEST 2014: 94: finished (6ms, 61cycles)
Tue May 06 10:22:07 CEST 2014: 94: Solution found.
Tue May 06 10:22:07 CEST 2014: 95: finished (40ms, 500cycles)
Tue May 06 10:22:07 CEST 2014: 95: No solution found.
Tue May 06 10:22:07 CEST 2014: 96: finished (2ms, 19cycles)
Tue May 06 10:22:07 CEST 2014: 96: Solution found.
Tue May 06 10:22:07 CEST 2014: 97: finished (49ms, 500cycles)
Tue May 06 10:22:07 CEST 2014: 97: No solution found.
Tue May 06 10:22:07 CEST 2014: 98: finished (39ms, 500cycles)
Tue May 06 10:22:07 CEST 2014: 98: No solution found.
Tue May 06 10:22:07 CEST 2014: 99: finished (1ms, 10cycles)
Tue May 06 10:22:07 CEST 2014: 99: Solution found.
Tue May 06 10:22:07 CEST 2014: Solution Found: 38
Tue May 06 10:22:07 CEST 2014: Avg cycles: 65
Tue May 06 10:22:07 CEST 2014: Max cycles: 492
Tue May 06 10:22:07 CEST 2014: Min cycles: 4
Tue May 06 10:22:07 CEST 2014: No solution found: 62
Tue May 06 10:22:07 CEST 2014: logging finished. (runtime: 3050ms)
