Sun May 18 21:58:05 CEST 2014: Problem Count: 10
Sun May 18 21:58:05 CEST 2014: CandidatesCount: 50
Sun May 18 21:58:05 CEST 2014: Max Cycles: 500
Sun May 18 21:58:05 CEST 2014: 0: finished (204ms, 500cycles)
Sun May 18 21:58:05 CEST 2014: 0: No solution found.
Sun May 18 21:58:05 CEST 2014: 1: finished (275ms, 500cycles)
Sun May 18 21:58:05 CEST 2014: 1: No solution found.
Sun May 18 21:58:06 CEST 2014: 2: finished (297ms, 500cycles)
Sun May 18 21:58:06 CEST 2014: 2: No solution found.
Sun May 18 21:58:06 CEST 2014: 3: finished (214ms, 500cycles)
Sun May 18 21:58:06 CEST 2014: 3: No solution found.
Sun May 18 21:58:06 CEST 2014: 4: finished (252ms, 500cycles)
Sun May 18 21:58:06 CEST 2014: 4: No solution found.
Sun May 18 21:58:06 CEST 2014: 5: finished (5ms, 30cycles)
Sun May 18 21:58:06 CEST 2014: 5: Solution found.
Sun May 18 21:58:06 CEST 2014: 6: finished (55ms, 500cycles)
Sun May 18 21:58:06 CEST 2014: 6: No solution found.
Sun May 18 21:58:06 CEST 2014: 7: finished (215ms, 500cycles)
Sun May 18 21:58:06 CEST 2014: 7: No solution found.
Sun May 18 21:58:06 CEST 2014: 8: finished (1ms, 4cycles)
Sun May 18 21:58:06 CEST 2014: 8: Solution found.
Sun May 18 21:58:06 CEST 2014: 9: finished (170ms, 401cycles)
Sun May 18 21:58:06 CEST 2014: 9: Solution found.
Sun May 18 21:58:07 CEST 2014: 10: finished (132ms, 210cycles)
Sun May 18 21:58:07 CEST 2014: 10: Solution found.
Sun May 18 21:58:07 CEST 2014: 11: finished (451ms, 500cycles)
Sun May 18 21:58:07 CEST 2014: 11: No solution found.
Sun May 18 21:58:07 CEST 2014: 12: finished (2ms, 18cycles)
Sun May 18 21:58:07 CEST 2014: 12: Solution found.
Sun May 18 21:58:07 CEST 2014: 13: finished (8ms, 43cycles)
Sun May 18 21:58:07 CEST 2014: 13: Solution found.
Sun May 18 21:58:07 CEST 2014: 14: finished (49ms, 500cycles)
Sun May 18 21:58:07 CEST 2014: 14: No solution found.
Sun May 18 21:58:07 CEST 2014: 15: finished (1ms, 3cycles)
Sun May 18 21:58:07 CEST 2014: 15: Solution found.
Sun May 18 21:58:07 CEST 2014: 16: finished (51ms, 500cycles)
Sun May 18 21:58:07 CEST 2014: 16: No solution found.
Sun May 18 21:58:07 CEST 2014: 17: finished (2ms, 9cycles)
Sun May 18 21:58:07 CEST 2014: 17: Solution found.
Sun May 18 21:58:07 CEST 2014: 18: finished (1ms, 2cycles)
Sun May 18 21:58:07 CEST 2014: 18: Solution found.
Sun May 18 21:58:07 CEST 2014: 19: finished (11ms, 31cycles)
Sun May 18 21:58:07 CEST 2014: 19: Solution found.
Sun May 18 21:58:07 CEST 2014: 20: finished (215ms, 500cycles)
Sun May 18 21:58:07 CEST 2014: 20: No solution found.
Sun May 18 21:58:08 CEST 2014: 21: finished (306ms, 500cycles)
Sun May 18 21:58:08 CEST 2014: 21: No solution found.
Sun May 18 21:58:08 CEST 2014: 22: finished (320ms, 500cycles)
Sun May 18 21:58:08 CEST 2014: 22: No solution found.
Sun May 18 21:58:08 CEST 2014: 23: finished (2ms, 6cycles)
Sun May 18 21:58:08 CEST 2014: 23: Solution found.
Sun May 18 21:58:08 CEST 2014: 24: finished (322ms, 500cycles)
Sun May 18 21:58:08 CEST 2014: 24: No solution found.
Sun May 18 21:58:08 CEST 2014: 25: finished (159ms, 250cycles)
Sun May 18 21:58:08 CEST 2014: 25: Solution found.
Sun May 18 21:58:08 CEST 2014: 26: finished (10ms, 57cycles)
Sun May 18 21:58:08 CEST 2014: 26: Solution found.
Sun May 18 21:58:08 CEST 2014: 27: finished (1ms, 4cycles)
Sun May 18 21:58:08 CEST 2014: 27: Solution found.
Sun May 18 21:58:08 CEST 2014: 28: finished (4ms, 12cycles)
Sun May 18 21:58:08 CEST 2014: 28: Solution found.
Sun May 18 21:58:09 CEST 2014: 29: finished (279ms, 500cycles)
Sun May 18 21:58:09 CEST 2014: 29: No solution found.
Sun May 18 21:58:09 CEST 2014: 30: finished (245ms, 323cycles)
Sun May 18 21:58:09 CEST 2014: 30: Solution found.
Sun May 18 21:58:09 CEST 2014: 31: finished (58ms, 500cycles)
Sun May 18 21:58:09 CEST 2014: 31: No solution found.
Sun May 18 21:58:09 CEST 2014: 32: finished (17ms, 38cycles)
Sun May 18 21:58:09 CEST 2014: 32: Solution found.
Sun May 18 21:58:10 CEST 2014: 33: finished (428ms, 500cycles)
Sun May 18 21:58:10 CEST 2014: 33: No solution found.
Sun May 18 21:58:10 CEST 2014: 34: finished (250ms, 500cycles)
Sun May 18 21:58:10 CEST 2014: 34: No solution found.
Sun May 18 21:58:10 CEST 2014: 35: finished (2ms, 17cycles)
Sun May 18 21:58:10 CEST 2014: 35: Solution found.
Sun May 18 21:58:10 CEST 2014: 36: finished (61ms, 500cycles)
Sun May 18 21:58:10 CEST 2014: 36: No solution found.
Sun May 18 21:58:10 CEST 2014: 37: finished (9ms, 26cycles)
Sun May 18 21:58:10 CEST 2014: 37: Solution found.
Sun May 18 21:58:10 CEST 2014: 38: finished (241ms, 500cycles)
Sun May 18 21:58:10 CEST 2014: 38: No solution found.
Sun May 18 21:58:10 CEST 2014: 39: finished (41ms, 500cycles)
Sun May 18 21:58:10 CEST 2014: 39: No solution found.
Sun May 18 21:58:10 CEST 2014: 40: finished (1ms, 4cycles)
Sun May 18 21:58:10 CEST 2014: 40: Solution found.
Sun May 18 21:58:10 CEST 2014: 41: finished (3ms, 11cycles)
Sun May 18 21:58:10 CEST 2014: 41: Solution found.
Sun May 18 21:58:10 CEST 2014: 42: finished (48ms, 500cycles)
Sun May 18 21:58:10 CEST 2014: 42: No solution found.
Sun May 18 21:58:11 CEST 2014: 43: finished (349ms, 500cycles)
Sun May 18 21:58:11 CEST 2014: 43: No solution found.
Sun May 18 21:58:11 CEST 2014: 44: finished (53ms, 80cycles)
Sun May 18 21:58:11 CEST 2014: 44: Solution found.
Sun May 18 21:58:11 CEST 2014: 45: finished (14ms, 33cycles)
Sun May 18 21:58:11 CEST 2014: 45: Solution found.
Sun May 18 21:58:11 CEST 2014: 46: finished (224ms, 500cycles)
Sun May 18 21:58:11 CEST 2014: 46: No solution found.
Sun May 18 21:58:11 CEST 2014: 47: finished (6ms, 32cycles)
Sun May 18 21:58:11 CEST 2014: 47: Solution found.
Sun May 18 21:58:11 CEST 2014: 48: finished (75ms, 128cycles)
Sun May 18 21:58:11 CEST 2014: 48: Solution found.
Sun May 18 21:58:11 CEST 2014: 49: finished (87ms, 179cycles)
Sun May 18 21:58:11 CEST 2014: 49: Solution found.
Sun May 18 21:58:11 CEST 2014: 50: finished (247ms, 500cycles)
Sun May 18 21:58:11 CEST 2014: 50: No solution found.
Sun May 18 21:58:11 CEST 2014: 51: finished (3ms, 12cycles)
Sun May 18 21:58:11 CEST 2014: 51: Solution found.
Sun May 18 21:58:12 CEST 2014: 52: finished (279ms, 393cycles)
Sun May 18 21:58:12 CEST 2014: 52: Solution found.
Sun May 18 21:58:12 CEST 2014: 53: finished (4ms, 28cycles)
Sun May 18 21:58:12 CEST 2014: 53: Solution found.
Sun May 18 21:58:12 CEST 2014: 54: finished (55ms, 67cycles)
Sun May 18 21:58:12 CEST 2014: 54: Solution found.
Sun May 18 21:58:12 CEST 2014: 55: finished (131ms, 166cycles)
Sun May 18 21:58:12 CEST 2014: 55: Solution found.
Sun May 18 21:58:12 CEST 2014: 56: finished (3ms, 15cycles)
Sun May 18 21:58:12 CEST 2014: 56: Solution found.
Sun May 18 21:58:12 CEST 2014: 57: finished (296ms, 500cycles)
Sun May 18 21:58:12 CEST 2014: 57: No solution found.
Sun May 18 21:58:12 CEST 2014: 58: finished (302ms, 500cycles)
Sun May 18 21:58:12 CEST 2014: 58: No solution found.
Sun May 18 21:58:13 CEST 2014: 59: finished (334ms, 500cycles)
Sun May 18 21:58:13 CEST 2014: 59: No solution found.
Sun May 18 21:58:13 CEST 2014: 60: finished (3ms, 15cycles)
Sun May 18 21:58:13 CEST 2014: 60: Solution found.
Sun May 18 21:58:13 CEST 2014: 61: finished (40ms, 500cycles)
Sun May 18 21:58:13 CEST 2014: 61: No solution found.
Sun May 18 21:58:13 CEST 2014: 62: finished (214ms, 500cycles)
Sun May 18 21:58:13 CEST 2014: 62: No solution found.
Sun May 18 21:58:13 CEST 2014: 63: finished (333ms, 500cycles)
Sun May 18 21:58:13 CEST 2014: 63: No solution found.
Sun May 18 21:58:14 CEST 2014: 64: finished (305ms, 500cycles)
Sun May 18 21:58:14 CEST 2014: 64: No solution found.
Sun May 18 21:58:14 CEST 2014: 65: finished (209ms, 500cycles)
Sun May 18 21:58:14 CEST 2014: 65: No solution found.
Sun May 18 21:58:14 CEST 2014: 66: finished (51ms, 500cycles)
Sun May 18 21:58:14 CEST 2014: 66: No solution found.
Sun May 18 21:58:14 CEST 2014: 67: finished (263ms, 500cycles)
Sun May 18 21:58:14 CEST 2014: 67: No solution found.
Sun May 18 21:58:14 CEST 2014: 68: finished (219ms, 500cycles)
Sun May 18 21:58:14 CEST 2014: 68: No solution found.
Sun May 18 21:58:14 CEST 2014: 69: finished (17ms, 35cycles)
Sun May 18 21:58:14 CEST 2014: 69: Solution found.
Sun May 18 21:58:14 CEST 2014: 70: finished (56ms, 500cycles)
Sun May 18 21:58:14 CEST 2014: 70: No solution found.
Sun May 18 21:58:14 CEST 2014: 71: finished (5ms, 25cycles)
Sun May 18 21:58:14 CEST 2014: 71: Solution found.
Sun May 18 21:58:15 CEST 2014: 72: finished (445ms, 500cycles)
Sun May 18 21:58:15 CEST 2014: 72: No solution found.
Sun May 18 21:58:15 CEST 2014: 73: finished (271ms, 500cycles)
Sun May 18 21:58:15 CEST 2014: 73: No solution found.
Sun May 18 21:58:15 CEST 2014: 74: finished (47ms, 500cycles)
Sun May 18 21:58:15 CEST 2014: 74: No solution found.
Sun May 18 21:58:15 CEST 2014: 75: finished (15ms, 20cycles)
Sun May 18 21:58:15 CEST 2014: 75: Solution found.
Sun May 18 21:58:15 CEST 2014: 76: finished (1ms, 8cycles)
Sun May 18 21:58:15 CEST 2014: 76: Solution found.
Sun May 18 21:58:16 CEST 2014: 77: finished (431ms, 500cycles)
Sun May 18 21:58:16 CEST 2014: 77: No solution found.
Sun May 18 21:58:16 CEST 2014: 78: finished (240ms, 500cycles)
Sun May 18 21:58:16 CEST 2014: 78: No solution found.
Sun May 18 21:58:16 CEST 2014: 79: finished (71ms, 500cycles)
Sun May 18 21:58:16 CEST 2014: 79: No solution found.
Sun May 18 21:58:16 CEST 2014: 80: finished (218ms, 500cycles)
Sun May 18 21:58:16 CEST 2014: 80: No solution found.
Sun May 18 21:58:16 CEST 2014: 81: finished (270ms, 500cycles)
Sun May 18 21:58:16 CEST 2014: 81: No solution found.
Sun May 18 21:58:16 CEST 2014: 82: finished (15ms, 31cycles)
Sun May 18 21:58:16 CEST 2014: 82: Solution found.
Sun May 18 21:58:16 CEST 2014: 83: finished (56ms, 500cycles)
Sun May 18 21:58:16 CEST 2014: 83: No solution found.
Sun May 18 21:58:17 CEST 2014: 84: finished (222ms, 500cycles)
Sun May 18 21:58:17 CEST 2014: 84: No solution found.
Sun May 18 21:58:17 CEST 2014: 85: finished (8ms, 25cycles)
Sun May 18 21:58:17 CEST 2014: 85: Solution found.
Sun May 18 21:58:17 CEST 2014: 86: finished (157ms, 500cycles)
Sun May 18 21:58:17 CEST 2014: 86: No solution found.
Sun May 18 21:58:17 CEST 2014: 87: finished (339ms, 500cycles)
Sun May 18 21:58:17 CEST 2014: 87: No solution found.
Sun May 18 21:58:17 CEST 2014: 88: finished (49ms, 500cycles)
Sun May 18 21:58:17 CEST 2014: 88: No solution found.
Sun May 18 21:58:18 CEST 2014: 89: finished (384ms, 500cycles)
Sun May 18 21:58:18 CEST 2014: 89: No solution found.
Sun May 18 21:58:18 CEST 2014: 90: finished (15ms, 26cycles)
Sun May 18 21:58:18 CEST 2014: 90: Solution found.
Sun May 18 21:58:18 CEST 2014: 91: finished (12ms, 21cycles)
Sun May 18 21:58:18 CEST 2014: 91: Solution found.
Sun May 18 21:58:18 CEST 2014: 92: finished (342ms, 500cycles)
Sun May 18 21:58:18 CEST 2014: 92: No solution found.
Sun May 18 21:58:18 CEST 2014: 93: finished (7ms, 17cycles)
Sun May 18 21:58:18 CEST 2014: 93: Solution found.
Sun May 18 21:58:18 CEST 2014: 94: finished (32ms, 56cycles)
Sun May 18 21:58:18 CEST 2014: 94: Solution found.
Sun May 18 21:58:18 CEST 2014: 95: finished (328ms, 500cycles)
Sun May 18 21:58:18 CEST 2014: 95: No solution found.
Sun May 18 21:58:19 CEST 2014: 96: finished (218ms, 500cycles)
Sun May 18 21:58:19 CEST 2014: 96: No solution found.
Sun May 18 21:58:19 CEST 2014: 97: finished (218ms, 500cycles)
Sun May 18 21:58:19 CEST 2014: 97: No solution found.
Sun May 18 21:58:19 CEST 2014: 98: finished (480ms, 500cycles)
Sun May 18 21:58:19 CEST 2014: 98: No solution found.
Sun May 18 21:58:19 CEST 2014: 99: finished (218ms, 500cycles)
Sun May 18 21:58:19 CEST 2014: 99: No solution found.
Sun May 18 21:58:19 CEST 2014: Solution Found: 43
Sun May 18 21:58:19 CEST 2014: Avg cycles: 67
Sun May 18 21:58:19 CEST 2014: Max cycles: 401
Sun May 18 21:58:19 CEST 2014: Min cycles: 2
Sun May 18 21:58:19 CEST 2014: No solution found: 57
Sun May 18 21:58:19 CEST 2014: logging finished. (runtime: 14722ms)
