Sun May 18 05:49:41 CEST 2014: Problem Count: 20
Sun May 18 05:49:41 CEST 2014: CandidatesCount: 30
Sun May 18 05:49:41 CEST 2014: Max Cycles: 500
Sun May 18 05:49:41 CEST 2014: 0: finished (83ms, 500cycles)
Sun May 18 05:49:41 CEST 2014: 0: No solution found.
Sun May 18 05:49:41 CEST 2014: 1: finished (142ms, 500cycles)
Sun May 18 05:49:41 CEST 2014: 1: No solution found.
Sun May 18 05:49:41 CEST 2014: 2: finished (2ms, 11cycles)
Sun May 18 05:49:41 CEST 2014: 2: Solution found.
Sun May 18 05:49:41 CEST 2014: 3: finished (67ms, 500cycles)
Sun May 18 05:49:41 CEST 2014: 3: No solution found.
Sun May 18 05:49:41 CEST 2014: 4: finished (56ms, 336cycles)
Sun May 18 05:49:41 CEST 2014: 4: Solution found.
Sun May 18 05:49:42 CEST 2014: 5: finished (396ms, 500cycles)
Sun May 18 05:49:42 CEST 2014: 5: No solution found.
Sun May 18 05:49:42 CEST 2014: 6: finished (25ms, 68cycles)
Sun May 18 05:49:42 CEST 2014: 6: Solution found.
Sun May 18 05:49:42 CEST 2014: 7: finished (79ms, 500cycles)
Sun May 18 05:49:42 CEST 2014: 7: No solution found.
Sun May 18 05:49:42 CEST 2014: 8: finished (3ms, 12cycles)
Sun May 18 05:49:42 CEST 2014: 8: Solution found.
Sun May 18 05:49:42 CEST 2014: 9: finished (1ms, 7cycles)
Sun May 18 05:49:42 CEST 2014: 9: Solution found.
Sun May 18 05:49:42 CEST 2014: 10: finished (174ms, 500cycles)
Sun May 18 05:49:42 CEST 2014: 10: No solution found.
Sun May 18 05:49:42 CEST 2014: 11: finished (78ms, 500cycles)
Sun May 18 05:49:42 CEST 2014: 11: No solution found.
Sun May 18 05:49:42 CEST 2014: 12: finished (4ms, 19cycles)
Sun May 18 05:49:42 CEST 2014: 12: Solution found.
Sun May 18 05:49:42 CEST 2014: 13: finished (89ms, 500cycles)
Sun May 18 05:49:42 CEST 2014: 13: No solution found.
Sun May 18 05:49:42 CEST 2014: 14: finished (4ms, 22cycles)
Sun May 18 05:49:42 CEST 2014: 14: Solution found.
Sun May 18 05:49:42 CEST 2014: 15: finished (13ms, 40cycles)
Sun May 18 05:49:42 CEST 2014: 15: Solution found.
Sun May 18 05:49:42 CEST 2014: 16: finished (9ms, 51cycles)
Sun May 18 05:49:42 CEST 2014: 16: Solution found.
Sun May 18 05:49:42 CEST 2014: 17: finished (74ms, 500cycles)
Sun May 18 05:49:42 CEST 2014: 17: No solution found.
Sun May 18 05:49:42 CEST 2014: 18: finished (9ms, 40cycles)
Sun May 18 05:49:42 CEST 2014: 18: Solution found.
Sun May 18 05:49:42 CEST 2014: 19: finished (6ms, 31cycles)
Sun May 18 05:49:42 CEST 2014: 19: Solution found.
Sun May 18 05:49:42 CEST 2014: 20: finished (3ms, 19cycles)
Sun May 18 05:49:42 CEST 2014: 20: Solution found.
Sun May 18 05:49:42 CEST 2014: 21: finished (76ms, 500cycles)
Sun May 18 05:49:42 CEST 2014: 21: No solution found.
Sun May 18 05:49:43 CEST 2014: 22: finished (21ms, 121cycles)
Sun May 18 05:49:43 CEST 2014: 22: Solution found.
Sun May 18 05:49:43 CEST 2014: 23: finished (2ms, 12cycles)
Sun May 18 05:49:43 CEST 2014: 23: Solution found.
Sun May 18 05:49:43 CEST 2014: 24: finished (67ms, 500cycles)
Sun May 18 05:49:43 CEST 2014: 24: No solution found.
Sun May 18 05:49:43 CEST 2014: 25: finished (5ms, 26cycles)
Sun May 18 05:49:43 CEST 2014: 25: Solution found.
Sun May 18 05:49:43 CEST 2014: 26: finished (87ms, 500cycles)
Sun May 18 05:49:43 CEST 2014: 26: No solution found.
Sun May 18 05:49:43 CEST 2014: 27: finished (339ms, 500cycles)
Sun May 18 05:49:43 CEST 2014: 27: No solution found.
Sun May 18 05:49:43 CEST 2014: 28: finished (66ms, 500cycles)
Sun May 18 05:49:43 CEST 2014: 28: No solution found.
Sun May 18 05:49:43 CEST 2014: 29: finished (3ms, 15cycles)
Sun May 18 05:49:43 CEST 2014: 29: Solution found.
Sun May 18 05:49:43 CEST 2014: 30: finished (92ms, 500cycles)
Sun May 18 05:49:43 CEST 2014: 30: No solution found.
Sun May 18 05:49:43 CEST 2014: 31: finished (108ms, 500cycles)
Sun May 18 05:49:43 CEST 2014: 31: No solution found.
Sun May 18 05:49:43 CEST 2014: 32: finished (169ms, 500cycles)
Sun May 18 05:49:43 CEST 2014: 32: No solution found.
Sun May 18 05:49:44 CEST 2014: 33: finished (136ms, 500cycles)
Sun May 18 05:49:44 CEST 2014: 33: No solution found.
Sun May 18 05:49:44 CEST 2014: 34: finished (57ms, 500cycles)
Sun May 18 05:49:44 CEST 2014: 34: No solution found.
Sun May 18 05:49:44 CEST 2014: 35: finished (68ms, 500cycles)
Sun May 18 05:49:44 CEST 2014: 35: No solution found.
Sun May 18 05:49:44 CEST 2014: 36: finished (4ms, 23cycles)
Sun May 18 05:49:44 CEST 2014: 36: Solution found.
Sun May 18 05:49:44 CEST 2014: 37: finished (74ms, 500cycles)
Sun May 18 05:49:44 CEST 2014: 37: No solution found.
Sun May 18 05:49:44 CEST 2014: 38: finished (90ms, 500cycles)
Sun May 18 05:49:44 CEST 2014: 38: No solution found.
Sun May 18 05:49:44 CEST 2014: 39: finished (83ms, 500cycles)
Sun May 18 05:49:44 CEST 2014: 39: No solution found.
Sun May 18 05:49:44 CEST 2014: 40: finished (3ms, 14cycles)
Sun May 18 05:49:44 CEST 2014: 40: Solution found.
Sun May 18 05:49:44 CEST 2014: 41: finished (1ms, 7cycles)
Sun May 18 05:49:44 CEST 2014: 41: Solution found.
Sun May 18 05:49:44 CEST 2014: 42: finished (96ms, 500cycles)
Sun May 18 05:49:44 CEST 2014: 42: No solution found.
Sun May 18 05:49:44 CEST 2014: 43: finished (7ms, 34cycles)
Sun May 18 05:49:44 CEST 2014: 43: Solution found.
Sun May 18 05:49:44 CEST 2014: 44: finished (4ms, 15cycles)
Sun May 18 05:49:44 CEST 2014: 44: Solution found.
Sun May 18 05:49:44 CEST 2014: 45: finished (6ms, 31cycles)
Sun May 18 05:49:44 CEST 2014: 45: Solution found.
Sun May 18 05:49:44 CEST 2014: 46: finished (13ms, 56cycles)
Sun May 18 05:49:44 CEST 2014: 46: Solution found.
Sun May 18 05:49:44 CEST 2014: 47: finished (92ms, 500cycles)
Sun May 18 05:49:44 CEST 2014: 47: No solution found.
Sun May 18 05:49:44 CEST 2014: 48: finished (93ms, 500cycles)
Sun May 18 05:49:44 CEST 2014: 48: No solution found.
Sun May 18 05:49:44 CEST 2014: 49: finished (2ms, 14cycles)
Sun May 18 05:49:44 CEST 2014: 49: Solution found.
Sun May 18 05:49:44 CEST 2014: 50: finished (67ms, 500cycles)
Sun May 18 05:49:44 CEST 2014: 50: No solution found.
Sun May 18 05:49:44 CEST 2014: 51: finished (66ms, 500cycles)
Sun May 18 05:49:44 CEST 2014: 51: No solution found.
Sun May 18 05:49:44 CEST 2014: 52: finished (3ms, 18cycles)
Sun May 18 05:49:44 CEST 2014: 52: Solution found.
Sun May 18 05:49:45 CEST 2014: 53: finished (74ms, 500cycles)
Sun May 18 05:49:45 CEST 2014: 53: No solution found.
Sun May 18 05:49:45 CEST 2014: 54: finished (3ms, 9cycles)
Sun May 18 05:49:45 CEST 2014: 54: Solution found.
Sun May 18 05:49:45 CEST 2014: 55: finished (183ms, 500cycles)
Sun May 18 05:49:45 CEST 2014: 55: No solution found.
Sun May 18 05:49:45 CEST 2014: 56: finished (6ms, 20cycles)
Sun May 18 05:49:45 CEST 2014: 56: Solution found.
Sun May 18 05:49:45 CEST 2014: 57: finished (3ms, 15cycles)
Sun May 18 05:49:45 CEST 2014: 57: Solution found.
Sun May 18 05:49:45 CEST 2014: 58: finished (75ms, 500cycles)
Sun May 18 05:49:45 CEST 2014: 58: No solution found.
Sun May 18 05:49:45 CEST 2014: 59: finished (70ms, 500cycles)
Sun May 18 05:49:45 CEST 2014: 59: No solution found.
Sun May 18 05:49:45 CEST 2014: 60: finished (5ms, 30cycles)
Sun May 18 05:49:45 CEST 2014: 60: Solution found.
Sun May 18 05:49:45 CEST 2014: 61: finished (73ms, 500cycles)
Sun May 18 05:49:45 CEST 2014: 61: No solution found.
Sun May 18 05:49:45 CEST 2014: 62: finished (7ms, 48cycles)
Sun May 18 05:49:45 CEST 2014: 62: Solution found.
Sun May 18 05:49:45 CEST 2014: 63: finished (71ms, 500cycles)
Sun May 18 05:49:45 CEST 2014: 63: No solution found.
Sun May 18 05:49:45 CEST 2014: 64: finished (6ms, 27cycles)
Sun May 18 05:49:45 CEST 2014: 64: Solution found.
Sun May 18 05:49:45 CEST 2014: 65: finished (68ms, 500cycles)
Sun May 18 05:49:45 CEST 2014: 65: No solution found.
Sun May 18 05:49:45 CEST 2014: 66: finished (66ms, 500cycles)
Sun May 18 05:49:45 CEST 2014: 66: No solution found.
Sun May 18 05:49:45 CEST 2014: 67: finished (64ms, 500cycles)
Sun May 18 05:49:45 CEST 2014: 67: No solution found.
Sun May 18 05:49:45 CEST 2014: 68: finished (5ms, 28cycles)
Sun May 18 05:49:45 CEST 2014: 68: Solution found.
Sun May 18 05:49:45 CEST 2014: 69: finished (4ms, 18cycles)
Sun May 18 05:49:45 CEST 2014: 69: Solution found.
Sun May 18 05:49:45 CEST 2014: 70: finished (3ms, 15cycles)
Sun May 18 05:49:45 CEST 2014: 70: Solution found.
Sun May 18 05:49:45 CEST 2014: 71: finished (70ms, 500cycles)
Sun May 18 05:49:45 CEST 2014: 71: No solution found.
Sun May 18 05:49:45 CEST 2014: 72: finished (73ms, 500cycles)
Sun May 18 05:49:45 CEST 2014: 72: No solution found.
Sun May 18 05:49:45 CEST 2014: 73: finished (71ms, 500cycles)
Sun May 18 05:49:45 CEST 2014: 73: No solution found.
Sun May 18 05:49:45 CEST 2014: 74: finished (1ms, 4cycles)
Sun May 18 05:49:45 CEST 2014: 74: Solution found.
Sun May 18 05:49:45 CEST 2014: 75: finished (5ms, 22cycles)
Sun May 18 05:49:45 CEST 2014: 75: Solution found.
Sun May 18 05:49:46 CEST 2014: 76: finished (65ms, 500cycles)
Sun May 18 05:49:46 CEST 2014: 76: No solution found.
Sun May 18 05:49:46 CEST 2014: 77: finished (75ms, 500cycles)
Sun May 18 05:49:46 CEST 2014: 77: No solution found.
Sun May 18 05:49:46 CEST 2014: 78: finished (67ms, 500cycles)
Sun May 18 05:49:46 CEST 2014: 78: No solution found.
Sun May 18 05:49:46 CEST 2014: 79: finished (107ms, 500cycles)
Sun May 18 05:49:46 CEST 2014: 79: No solution found.
Sun May 18 05:49:46 CEST 2014: 80: finished (81ms, 500cycles)
Sun May 18 05:49:46 CEST 2014: 80: No solution found.
Sun May 18 05:49:46 CEST 2014: 81: finished (1ms, 4cycles)
Sun May 18 05:49:46 CEST 2014: 81: Solution found.
Sun May 18 05:49:46 CEST 2014: 82: finished (67ms, 500cycles)
Sun May 18 05:49:46 CEST 2014: 82: No solution found.
Sun May 18 05:49:46 CEST 2014: 83: finished (9ms, 55cycles)
Sun May 18 05:49:46 CEST 2014: 83: Solution found.
Sun May 18 05:49:46 CEST 2014: 84: finished (189ms, 500cycles)
Sun May 18 05:49:46 CEST 2014: 84: No solution found.
Sun May 18 05:49:46 CEST 2014: 85: finished (5ms, 30cycles)
Sun May 18 05:49:46 CEST 2014: 85: Solution found.
Sun May 18 05:49:46 CEST 2014: 86: finished (83ms, 500cycles)
Sun May 18 05:49:46 CEST 2014: 86: No solution found.
Sun May 18 05:49:46 CEST 2014: 87: finished (79ms, 500cycles)
Sun May 18 05:49:46 CEST 2014: 87: No solution found.
Sun May 18 05:49:46 CEST 2014: 88: finished (82ms, 500cycles)
Sun May 18 05:49:46 CEST 2014: 88: No solution found.
Sun May 18 05:49:46 CEST 2014: 89: finished (6ms, 40cycles)
Sun May 18 05:49:46 CEST 2014: 89: Solution found.
Sun May 18 05:49:46 CEST 2014: 90: finished (83ms, 500cycles)
Sun May 18 05:49:46 CEST 2014: 90: No solution found.
Sun May 18 05:49:46 CEST 2014: 91: finished (5ms, 29cycles)
Sun May 18 05:49:46 CEST 2014: 91: Solution found.
Sun May 18 05:49:47 CEST 2014: 92: finished (73ms, 500cycles)
Sun May 18 05:49:47 CEST 2014: 92: No solution found.
Sun May 18 05:49:47 CEST 2014: 93: finished (5ms, 30cycles)
Sun May 18 05:49:47 CEST 2014: 93: Solution found.
Sun May 18 05:49:47 CEST 2014: 94: finished (82ms, 500cycles)
Sun May 18 05:49:47 CEST 2014: 94: No solution found.
Sun May 18 05:49:47 CEST 2014: 95: finished (3ms, 20cycles)
Sun May 18 05:49:47 CEST 2014: 95: Solution found.
Sun May 18 05:49:47 CEST 2014: 96: finished (1ms, 8cycles)
Sun May 18 05:49:47 CEST 2014: 96: Solution found.
Sun May 18 05:49:47 CEST 2014: 97: finished (77ms, 500cycles)
Sun May 18 05:49:47 CEST 2014: 97: No solution found.
Sun May 18 05:49:47 CEST 2014: 98: finished (9ms, 55cycles)
Sun May 18 05:49:47 CEST 2014: 98: Solution found.
Sun May 18 05:49:47 CEST 2014: 99: finished (4ms, 13cycles)
Sun May 18 05:49:47 CEST 2014: 99: Solution found.
Sun May 18 05:49:47 CEST 2014: Solution Found: 46
Sun May 18 05:49:47 CEST 2014: Avg cycles: 33
Sun May 18 05:49:47 CEST 2014: Max cycles: 336
Sun May 18 05:49:47 CEST 2014: Min cycles: 4
Sun May 18 05:49:47 CEST 2014: No solution found: 54
Sun May 18 05:49:47 CEST 2014: logging finished. (runtime: 5651ms)
