Sat May 17 22:42:27 CEST 2014: Problem Count: 30
Sat May 17 22:42:27 CEST 2014: CandidatesCount: 40
Sat May 17 22:42:27 CEST 2014: Max Cycles: 500
Sat May 17 22:42:27 CEST 2014: 0: finished (4ms, 12cycles)
Sat May 17 22:42:27 CEST 2014: 0: Solution found.
Sat May 17 22:42:27 CEST 2014: 1: finished (2ms, 4cycles)
Sat May 17 22:42:27 CEST 2014: 1: Solution found.
Sat May 17 22:42:27 CEST 2014: 2: finished (110ms, 500cycles)
Sat May 17 22:42:27 CEST 2014: 2: No solution found.
Sat May 17 22:42:27 CEST 2014: 3: finished (109ms, 500cycles)
Sat May 17 22:42:27 CEST 2014: 3: No solution found.
Sat May 17 22:42:27 CEST 2014: 4: finished (5ms, 19cycles)
Sat May 17 22:42:27 CEST 2014: 4: Solution found.
Sat May 17 22:42:27 CEST 2014: 5: finished (131ms, 500cycles)
Sat May 17 22:42:27 CEST 2014: 5: No solution found.
Sat May 17 22:42:27 CEST 2014: 6: finished (7ms, 22cycles)
Sat May 17 22:42:27 CEST 2014: 6: Solution found.
Sat May 17 22:42:27 CEST 2014: 7: finished (1ms, 3cycles)
Sat May 17 22:42:27 CEST 2014: 7: Solution found.
Sat May 17 22:42:27 CEST 2014: 8: finished (112ms, 500cycles)
Sat May 17 22:42:27 CEST 2014: 8: No solution found.
Sat May 17 22:42:27 CEST 2014: 9: finished (118ms, 500cycles)
Sat May 17 22:42:27 CEST 2014: 9: No solution found.
Sat May 17 22:42:27 CEST 2014: 10: finished (7ms, 25cycles)
Sat May 17 22:42:27 CEST 2014: 10: Solution found.
Sat May 17 22:42:27 CEST 2014: 11: finished (4ms, 14cycles)
Sat May 17 22:42:27 CEST 2014: 11: Solution found.
Sat May 17 22:42:27 CEST 2014: 12: finished (113ms, 500cycles)
Sat May 17 22:42:27 CEST 2014: 12: No solution found.
Sat May 17 22:42:28 CEST 2014: 13: finished (121ms, 500cycles)
Sat May 17 22:42:28 CEST 2014: 13: No solution found.
Sat May 17 22:42:28 CEST 2014: 14: finished (192ms, 500cycles)
Sat May 17 22:42:28 CEST 2014: 14: No solution found.
Sat May 17 22:42:28 CEST 2014: 15: finished (312ms, 500cycles)
Sat May 17 22:42:28 CEST 2014: 15: No solution found.
Sat May 17 22:42:28 CEST 2014: 16: finished (328ms, 500cycles)
Sat May 17 22:42:28 CEST 2014: 16: No solution found.
Sat May 17 22:42:28 CEST 2014: 17: finished (30ms, 40cycles)
Sat May 17 22:42:28 CEST 2014: 17: Solution found.
Sat May 17 22:42:28 CEST 2014: 18: finished (9ms, 11cycles)
Sat May 17 22:42:28 CEST 2014: 18: Solution found.
Sat May 17 22:42:28 CEST 2014: 19: finished (6ms, 6cycles)
Sat May 17 22:42:28 CEST 2014: 19: Solution found.
Sat May 17 22:42:28 CEST 2014: 20: finished (54ms, 77cycles)
Sat May 17 22:42:28 CEST 2014: 20: Solution found.
Sat May 17 22:42:29 CEST 2014: 21: finished (317ms, 500cycles)
Sat May 17 22:42:29 CEST 2014: 21: No solution found.
Sat May 17 22:42:29 CEST 2014: 22: finished (334ms, 500cycles)
Sat May 17 22:42:29 CEST 2014: 22: No solution found.
Sat May 17 22:42:29 CEST 2014: 23: finished (77ms, 121cycles)
Sat May 17 22:42:29 CEST 2014: 23: Solution found.
Sat May 17 22:42:29 CEST 2014: 24: finished (7ms, 7cycles)
Sat May 17 22:42:29 CEST 2014: 24: Solution found.
Sat May 17 22:42:29 CEST 2014: 25: finished (18ms, 23cycles)
Sat May 17 22:42:29 CEST 2014: 25: Solution found.
Sat May 17 22:42:29 CEST 2014: 26: finished (13ms, 16cycles)
Sat May 17 22:42:29 CEST 2014: 26: Solution found.
Sat May 17 22:42:29 CEST 2014: 27: finished (16ms, 20cycles)
Sat May 17 22:42:29 CEST 2014: 27: Solution found.
Sat May 17 22:42:30 CEST 2014: 28: finished (340ms, 500cycles)
Sat May 17 22:42:30 CEST 2014: 28: No solution found.
Sat May 17 22:42:30 CEST 2014: 29: finished (27ms, 37cycles)
Sat May 17 22:42:30 CEST 2014: 29: Solution found.
Sat May 17 22:42:30 CEST 2014: 30: finished (39ms, 53cycles)
Sat May 17 22:42:30 CEST 2014: 30: Solution found.
Sat May 17 22:42:30 CEST 2014: 31: finished (322ms, 500cycles)
Sat May 17 22:42:30 CEST 2014: 31: No solution found.
Sat May 17 22:42:30 CEST 2014: 32: finished (38ms, 44cycles)
Sat May 17 22:42:30 CEST 2014: 32: Solution found.
Sat May 17 22:42:30 CEST 2014: 33: finished (32ms, 48cycles)
Sat May 17 22:42:30 CEST 2014: 33: Solution found.
Sat May 17 22:42:30 CEST 2014: 34: finished (368ms, 500cycles)
Sat May 17 22:42:30 CEST 2014: 34: No solution found.
Sat May 17 22:42:31 CEST 2014: 35: finished (351ms, 500cycles)
Sat May 17 22:42:31 CEST 2014: 35: No solution found.
Sat May 17 22:42:31 CEST 2014: 36: finished (31ms, 38cycles)
Sat May 17 22:42:31 CEST 2014: 36: Solution found.
Sat May 17 22:42:31 CEST 2014: 37: finished (307ms, 500cycles)
Sat May 17 22:42:31 CEST 2014: 37: No solution found.
Sat May 17 22:42:31 CEST 2014: 38: finished (8ms, 9cycles)
Sat May 17 22:42:31 CEST 2014: 38: Solution found.
Sat May 17 22:42:31 CEST 2014: 39: finished (85ms, 125cycles)
Sat May 17 22:42:31 CEST 2014: 39: Solution found.
Sat May 17 22:42:32 CEST 2014: 40: finished (355ms, 500cycles)
Sat May 17 22:42:32 CEST 2014: 40: No solution found.
Sat May 17 22:42:32 CEST 2014: 41: finished (362ms, 500cycles)
Sat May 17 22:42:32 CEST 2014: 41: No solution found.
Sat May 17 22:42:32 CEST 2014: 42: finished (15ms, 16cycles)
Sat May 17 22:42:32 CEST 2014: 42: Solution found.
Sat May 17 22:42:32 CEST 2014: 43: finished (317ms, 500cycles)
Sat May 17 22:42:32 CEST 2014: 43: No solution found.
Sat May 17 22:42:32 CEST 2014: 44: finished (6ms, 6cycles)
Sat May 17 22:42:32 CEST 2014: 44: Solution found.
Sat May 17 22:42:32 CEST 2014: 45: finished (13ms, 15cycles)
Sat May 17 22:42:32 CEST 2014: 45: Solution found.
Sat May 17 22:42:32 CEST 2014: 46: finished (19ms, 23cycles)
Sat May 17 22:42:32 CEST 2014: 46: Solution found.
Sat May 17 22:42:32 CEST 2014: 47: finished (31ms, 46cycles)
Sat May 17 22:42:32 CEST 2014: 47: Solution found.
Sat May 17 22:42:33 CEST 2014: 48: finished (332ms, 500cycles)
Sat May 17 22:42:33 CEST 2014: 48: No solution found.
Sat May 17 22:42:33 CEST 2014: 49: finished (172ms, 500cycles)
Sat May 17 22:42:33 CEST 2014: 49: No solution found.
Sat May 17 22:42:33 CEST 2014: 50: finished (126ms, 500cycles)
Sat May 17 22:42:33 CEST 2014: 50: No solution found.
Sat May 17 22:42:33 CEST 2014: 51: finished (127ms, 500cycles)
Sat May 17 22:42:33 CEST 2014: 51: No solution found.
Sat May 17 22:42:33 CEST 2014: 52: finished (9ms, 29cycles)
Sat May 17 22:42:33 CEST 2014: 52: Solution found.
Sat May 17 22:42:33 CEST 2014: 53: finished (120ms, 500cycles)
Sat May 17 22:42:33 CEST 2014: 53: No solution found.
Sat May 17 22:42:33 CEST 2014: 54: finished (6ms, 21cycles)
Sat May 17 22:42:33 CEST 2014: 54: Solution found.
Sat May 17 22:42:33 CEST 2014: 55: finished (117ms, 500cycles)
Sat May 17 22:42:33 CEST 2014: 55: No solution found.
Sat May 17 22:42:33 CEST 2014: 56: finished (7ms, 23cycles)
Sat May 17 22:42:33 CEST 2014: 56: Solution found.
Sat May 17 22:42:33 CEST 2014: 57: finished (118ms, 500cycles)
Sat May 17 22:42:33 CEST 2014: 57: No solution found.
Sat May 17 22:42:33 CEST 2014: 58: finished (4ms, 13cycles)
Sat May 17 22:42:33 CEST 2014: 58: Solution found.
Sat May 17 22:42:33 CEST 2014: 59: finished (5ms, 21cycles)
Sat May 17 22:42:33 CEST 2014: 59: Solution found.
Sat May 17 22:42:33 CEST 2014: 60: finished (4ms, 14cycles)
Sat May 17 22:42:33 CEST 2014: 60: Solution found.
Sat May 17 22:42:33 CEST 2014: 61: finished (7ms, 24cycles)
Sat May 17 22:42:33 CEST 2014: 61: Solution found.
Sat May 17 22:42:34 CEST 2014: 62: finished (126ms, 500cycles)
Sat May 17 22:42:34 CEST 2014: 62: No solution found.
Sat May 17 22:42:34 CEST 2014: 63: finished (114ms, 500cycles)
Sat May 17 22:42:34 CEST 2014: 63: No solution found.
Sat May 17 22:42:34 CEST 2014: 64: finished (19ms, 58cycles)
Sat May 17 22:42:34 CEST 2014: 64: Solution found.
Sat May 17 22:42:34 CEST 2014: 65: finished (4ms, 13cycles)
Sat May 17 22:42:34 CEST 2014: 65: Solution found.
Sat May 17 22:42:34 CEST 2014: 66: finished (112ms, 500cycles)
Sat May 17 22:42:34 CEST 2014: 66: No solution found.
Sat May 17 22:42:34 CEST 2014: 67: finished (77ms, 261cycles)
Sat May 17 22:42:34 CEST 2014: 67: Solution found.
Sat May 17 22:42:34 CEST 2014: 68: finished (8ms, 22cycles)
Sat May 17 22:42:34 CEST 2014: 68: Solution found.
Sat May 17 22:42:34 CEST 2014: 69: finished (2ms, 9cycles)
Sat May 17 22:42:34 CEST 2014: 69: Solution found.
Sat May 17 22:42:34 CEST 2014: 70: finished (114ms, 500cycles)
Sat May 17 22:42:34 CEST 2014: 70: No solution found.
Sat May 17 22:42:34 CEST 2014: 71: finished (7ms, 23cycles)
Sat May 17 22:42:34 CEST 2014: 71: Solution found.
Sat May 17 22:42:34 CEST 2014: 72: finished (127ms, 500cycles)
Sat May 17 22:42:34 CEST 2014: 72: No solution found.
Sat May 17 22:42:34 CEST 2014: 73: finished (12ms, 39cycles)
Sat May 17 22:42:34 CEST 2014: 73: Solution found.
Sat May 17 22:42:34 CEST 2014: 74: finished (146ms, 500cycles)
Sat May 17 22:42:34 CEST 2014: 74: No solution found.
Sat May 17 22:42:34 CEST 2014: 75: finished (8ms, 24cycles)
Sat May 17 22:42:34 CEST 2014: 75: Solution found.
Sat May 17 22:42:34 CEST 2014: 76: finished (4ms, 14cycles)
Sat May 17 22:42:34 CEST 2014: 76: Solution found.
Sat May 17 22:42:34 CEST 2014: 77: finished (15ms, 57cycles)
Sat May 17 22:42:34 CEST 2014: 77: Solution found.
Sat May 17 22:42:34 CEST 2014: 78: finished (126ms, 500cycles)
Sat May 17 22:42:34 CEST 2014: 78: No solution found.
Sat May 17 22:42:34 CEST 2014: 79: finished (6ms, 18cycles)
Sat May 17 22:42:34 CEST 2014: 79: Solution found.
Sat May 17 22:42:35 CEST 2014: 80: finished (122ms, 500cycles)
Sat May 17 22:42:35 CEST 2014: 80: No solution found.
Sat May 17 22:42:35 CEST 2014: 81: finished (5ms, 19cycles)
Sat May 17 22:42:35 CEST 2014: 81: Solution found.
Sat May 17 22:42:35 CEST 2014: 82: finished (145ms, 500cycles)
Sat May 17 22:42:35 CEST 2014: 82: No solution found.
Sat May 17 22:42:35 CEST 2014: 83: finished (19ms, 77cycles)
Sat May 17 22:42:35 CEST 2014: 83: Solution found.
Sat May 17 22:42:35 CEST 2014: 84: finished (139ms, 500cycles)
Sat May 17 22:42:35 CEST 2014: 84: No solution found.
Sat May 17 22:42:35 CEST 2014: 85: finished (130ms, 500cycles)
Sat May 17 22:42:35 CEST 2014: 85: No solution found.
Sat May 17 22:42:35 CEST 2014: 86: finished (3ms, 11cycles)
Sat May 17 22:42:35 CEST 2014: 86: Solution found.
Sat May 17 22:42:35 CEST 2014: 87: finished (1ms, 4cycles)
Sat May 17 22:42:35 CEST 2014: 87: Solution found.
Sat May 17 22:42:35 CEST 2014: 88: finished (13ms, 42cycles)
Sat May 17 22:42:35 CEST 2014: 88: Solution found.
Sat May 17 22:42:35 CEST 2014: 89: finished (134ms, 500cycles)
Sat May 17 22:42:35 CEST 2014: 89: No solution found.
Sat May 17 22:42:35 CEST 2014: 90: finished (10ms, 36cycles)
Sat May 17 22:42:35 CEST 2014: 90: Solution found.
Sat May 17 22:42:35 CEST 2014: 91: finished (2ms, 7cycles)
Sat May 17 22:42:35 CEST 2014: 91: Solution found.
Sat May 17 22:42:35 CEST 2014: 92: finished (149ms, 500cycles)
Sat May 17 22:42:35 CEST 2014: 92: No solution found.
Sat May 17 22:42:35 CEST 2014: 93: finished (3ms, 11cycles)
Sat May 17 22:42:35 CEST 2014: 93: Solution found.
Sat May 17 22:42:35 CEST 2014: 94: finished (11ms, 45cycles)
Sat May 17 22:42:35 CEST 2014: 94: Solution found.
Sat May 17 22:42:36 CEST 2014: 95: finished (139ms, 500cycles)
Sat May 17 22:42:36 CEST 2014: 95: No solution found.
Sat May 17 22:42:36 CEST 2014: 96: finished (13ms, 47cycles)
Sat May 17 22:42:36 CEST 2014: 96: Solution found.
Sat May 17 22:42:36 CEST 2014: 97: finished (15ms, 29cycles)
Sat May 17 22:42:36 CEST 2014: 97: Solution found.
Sat May 17 22:42:36 CEST 2014: 98: finished (121ms, 500cycles)
Sat May 17 22:42:36 CEST 2014: 98: No solution found.
Sat May 17 22:42:36 CEST 2014: 99: finished (7ms, 24cycles)
Sat May 17 22:42:36 CEST 2014: 99: Solution found.
Sat May 17 22:42:36 CEST 2014: Solution Found: 58
Sat May 17 22:42:36 CEST 2014: Avg cycles: 33
Sat May 17 22:42:36 CEST 2014: Max cycles: 261
Sat May 17 22:42:36 CEST 2014: Min cycles: 3
Sat May 17 22:42:36 CEST 2014: No solution found: 42
Sat May 17 22:42:36 CEST 2014: logging finished. (runtime: 9012ms)
