Tue May 06 11:59:11 CEST 2014: Problem Count: 10
Tue May 06 11:59:11 CEST 2014: CandidatesCount: 30
Tue May 06 11:59:11 CEST 2014: Max Cycles: 500
Tue May 06 11:59:11 CEST 2014: 0: finished (4ms, 16cycles)
Tue May 06 11:59:11 CEST 2014: 0: Solution found.
Tue May 06 11:59:11 CEST 2014: 1: finished (227ms, 500cycles)
Tue May 06 11:59:11 CEST 2014: 1: No solution found.
Tue May 06 11:59:12 CEST 2014: 2: finished (200ms, 500cycles)
Tue May 06 11:59:12 CEST 2014: 2: No solution found.
Tue May 06 11:59:12 CEST 2014: 3: finished (29ms, 500cycles)
Tue May 06 11:59:12 CEST 2014: 3: No solution found.
Tue May 06 11:59:12 CEST 2014: 4: finished (2ms, 5cycles)
Tue May 06 11:59:12 CEST 2014: 4: Solution found.
Tue May 06 11:59:12 CEST 2014: 5: finished (140ms, 500cycles)
Tue May 06 11:59:12 CEST 2014: 5: No solution found.
Tue May 06 11:59:12 CEST 2014: 6: finished (125ms, 500cycles)
Tue May 06 11:59:12 CEST 2014: 6: No solution found.
Tue May 06 11:59:12 CEST 2014: 7: finished (27ms, 500cycles)
Tue May 06 11:59:12 CEST 2014: 7: No solution found.
Tue May 06 11:59:12 CEST 2014: 8: finished (66ms, 500cycles)
Tue May 06 11:59:12 CEST 2014: 8: No solution found.
Tue May 06 11:59:12 CEST 2014: 9: finished (39ms, 500cycles)
Tue May 06 11:59:12 CEST 2014: 9: No solution found.
Tue May 06 11:59:12 CEST 2014: 10: finished (107ms, 500cycles)
Tue May 06 11:59:12 CEST 2014: 10: No solution found.
Tue May 06 11:59:12 CEST 2014: 11: finished (128ms, 500cycles)
Tue May 06 11:59:12 CEST 2014: 11: No solution found.
Tue May 06 11:59:12 CEST 2014: 12: finished (3ms, 11cycles)
Tue May 06 11:59:12 CEST 2014: 12: Solution found.
Tue May 06 11:59:12 CEST 2014: 13: finished (3ms, 20cycles)
Tue May 06 11:59:12 CEST 2014: 13: Solution found.
Tue May 06 11:59:12 CEST 2014: 14: finished (29ms, 500cycles)
Tue May 06 11:59:12 CEST 2014: 14: No solution found.
Tue May 06 11:59:12 CEST 2014: 15: finished (1ms, 2cycles)
Tue May 06 11:59:12 CEST 2014: 15: Solution found.
Tue May 06 11:59:12 CEST 2014: 16: finished (26ms, 500cycles)
Tue May 06 11:59:12 CEST 2014: 16: No solution found.
Tue May 06 11:59:12 CEST 2014: 17: finished (42ms, 189cycles)
Tue May 06 11:59:12 CEST 2014: 17: Solution found.
Tue May 06 11:59:13 CEST 2014: 18: finished (126ms, 500cycles)
Tue May 06 11:59:13 CEST 2014: 18: No solution found.
Tue May 06 11:59:13 CEST 2014: 19: finished (8ms, 25cycles)
Tue May 06 11:59:13 CEST 2014: 19: Solution found.
Tue May 06 11:59:13 CEST 2014: 20: finished (28ms, 500cycles)
Tue May 06 11:59:13 CEST 2014: 20: No solution found.
Tue May 06 11:59:13 CEST 2014: 21: finished (20ms, 67cycles)
Tue May 06 11:59:13 CEST 2014: 21: Solution found.
Tue May 06 11:59:13 CEST 2014: 22: finished (123ms, 500cycles)
Tue May 06 11:59:13 CEST 2014: 22: No solution found.
Tue May 06 11:59:13 CEST 2014: 23: finished (87ms, 500cycles)
Tue May 06 11:59:13 CEST 2014: 23: No solution found.
Tue May 06 11:59:13 CEST 2014: 24: finished (206ms, 500cycles)
Tue May 06 11:59:13 CEST 2014: 24: No solution found.
Tue May 06 11:59:13 CEST 2014: 25: finished (318ms, 500cycles)
Tue May 06 11:59:13 CEST 2014: 25: No solution found.
Tue May 06 11:59:13 CEST 2014: 26: finished (28ms, 500cycles)
Tue May 06 11:59:13 CEST 2014: 26: No solution found.
Tue May 06 11:59:13 CEST 2014: 27: finished (3ms, 12cycles)
Tue May 06 11:59:13 CEST 2014: 27: Solution found.
Tue May 06 11:59:13 CEST 2014: 28: finished (19ms, 222cycles)
Tue May 06 11:59:13 CEST 2014: 28: Solution found.
Tue May 06 11:59:13 CEST 2014: 29: finished (11ms, 45cycles)
Tue May 06 11:59:13 CEST 2014: 29: Solution found.
Tue May 06 11:59:13 CEST 2014: 30: finished (2ms, 10cycles)
Tue May 06 11:59:13 CEST 2014: 30: Solution found.
Tue May 06 11:59:13 CEST 2014: 31: finished (1ms, 12cycles)
Tue May 06 11:59:13 CEST 2014: 31: Solution found.
Tue May 06 11:59:14 CEST 2014: 32: finished (205ms, 500cycles)
Tue May 06 11:59:14 CEST 2014: 32: No solution found.
Tue May 06 11:59:14 CEST 2014: 33: finished (34ms, 500cycles)
Tue May 06 11:59:14 CEST 2014: 33: No solution found.
Tue May 06 11:59:14 CEST 2014: 34: finished (166ms, 500cycles)
Tue May 06 11:59:14 CEST 2014: 34: No solution found.
Tue May 06 11:59:14 CEST 2014: 35: finished (88ms, 500cycles)
Tue May 06 11:59:14 CEST 2014: 35: No solution found.
Tue May 06 11:59:14 CEST 2014: 36: finished (175ms, 500cycles)
Tue May 06 11:59:14 CEST 2014: 36: No solution found.
Tue May 06 11:59:14 CEST 2014: 37: finished (1ms, 2cycles)
Tue May 06 11:59:14 CEST 2014: 37: Solution found.
Tue May 06 11:59:14 CEST 2014: 38: finished (280ms, 500cycles)
Tue May 06 11:59:14 CEST 2014: 38: No solution found.
Tue May 06 11:59:15 CEST 2014: 39: finished (184ms, 500cycles)
Tue May 06 11:59:15 CEST 2014: 39: No solution found.
Tue May 06 11:59:15 CEST 2014: 40: finished (175ms, 500cycles)
Tue May 06 11:59:15 CEST 2014: 40: No solution found.
Tue May 06 11:59:15 CEST 2014: 41: finished (16ms, 46cycles)
Tue May 06 11:59:15 CEST 2014: 41: Solution found.
Tue May 06 11:59:15 CEST 2014: 42: finished (34ms, 99cycles)
Tue May 06 11:59:15 CEST 2014: 42: Solution found.
Tue May 06 11:59:15 CEST 2014: 43: finished (218ms, 500cycles)
Tue May 06 11:59:15 CEST 2014: 43: No solution found.
Tue May 06 11:59:15 CEST 2014: 44: finished (177ms, 500cycles)
Tue May 06 11:59:15 CEST 2014: 44: No solution found.
Tue May 06 11:59:15 CEST 2014: 45: finished (27ms, 500cycles)
Tue May 06 11:59:15 CEST 2014: 45: No solution found.
Tue May 06 11:59:15 CEST 2014: 46: finished (1ms, 7cycles)
Tue May 06 11:59:15 CEST 2014: 46: Solution found.
Tue May 06 11:59:15 CEST 2014: 47: finished (6ms, 96cycles)
Tue May 06 11:59:15 CEST 2014: 47: Solution found.
Tue May 06 11:59:15 CEST 2014: 48: finished (27ms, 500cycles)
Tue May 06 11:59:15 CEST 2014: 48: No solution found.
Tue May 06 11:59:15 CEST 2014: 49: finished (263ms, 500cycles)
Tue May 06 11:59:15 CEST 2014: 49: No solution found.
Tue May 06 11:59:16 CEST 2014: 50: finished (126ms, 500cycles)
Tue May 06 11:59:16 CEST 2014: 50: No solution found.
Tue May 06 11:59:16 CEST 2014: 51: finished (1ms, 9cycles)
Tue May 06 11:59:16 CEST 2014: 51: Solution found.
Tue May 06 11:59:16 CEST 2014: 52: finished (124ms, 500cycles)
Tue May 06 11:59:16 CEST 2014: 52: No solution found.
Tue May 06 11:59:16 CEST 2014: 53: finished (30ms, 500cycles)
Tue May 06 11:59:16 CEST 2014: 53: No solution found.
Tue May 06 11:59:16 CEST 2014: 54: finished (36ms, 500cycles)
Tue May 06 11:59:16 CEST 2014: 54: No solution found.
Tue May 06 11:59:16 CEST 2014: 55: finished (29ms, 500cycles)
Tue May 06 11:59:16 CEST 2014: 55: No solution found.
Tue May 06 11:59:16 CEST 2014: 56: finished (53ms, 117cycles)
Tue May 06 11:59:16 CEST 2014: 56: Solution found.
Tue May 06 11:59:16 CEST 2014: 57: finished (29ms, 500cycles)
Tue May 06 11:59:16 CEST 2014: 57: No solution found.
Tue May 06 11:59:16 CEST 2014: 58: finished (43ms, 500cycles)
Tue May 06 11:59:16 CEST 2014: 58: No solution found.
Tue May 06 11:59:16 CEST 2014: 59: finished (38ms, 500cycles)
Tue May 06 11:59:16 CEST 2014: 59: No solution found.
Tue May 06 11:59:16 CEST 2014: 60: finished (4ms, 22cycles)
Tue May 06 11:59:16 CEST 2014: 60: Solution found.
Tue May 06 11:59:16 CEST 2014: 61: finished (28ms, 500cycles)
Tue May 06 11:59:16 CEST 2014: 61: No solution found.
Tue May 06 11:59:16 CEST 2014: 62: finished (31ms, 500cycles)
Tue May 06 11:59:16 CEST 2014: 62: No solution found.
Tue May 06 11:59:16 CEST 2014: 63: finished (135ms, 500cycles)
Tue May 06 11:59:16 CEST 2014: 63: No solution found.
Tue May 06 11:59:16 CEST 2014: 64: finished (26ms, 112cycles)
Tue May 06 11:59:16 CEST 2014: 64: Solution found.
Tue May 06 11:59:16 CEST 2014: 65: finished (3ms, 48cycles)
Tue May 06 11:59:16 CEST 2014: 65: Solution found.
Tue May 06 11:59:16 CEST 2014: 66: finished (126ms, 500cycles)
Tue May 06 11:59:16 CEST 2014: 66: No solution found.
Tue May 06 11:59:16 CEST 2014: 67: finished (152ms, 500cycles)
Tue May 06 11:59:16 CEST 2014: 67: No solution found.
Tue May 06 11:59:17 CEST 2014: 68: finished (188ms, 500cycles)
Tue May 06 11:59:17 CEST 2014: 68: No solution found.
Tue May 06 11:59:17 CEST 2014: 69: finished (4ms, 41cycles)
Tue May 06 11:59:17 CEST 2014: 69: Solution found.
Tue May 06 11:59:17 CEST 2014: 70: finished (33ms, 500cycles)
Tue May 06 11:59:17 CEST 2014: 70: No solution found.
Tue May 06 11:59:17 CEST 2014: 71: finished (115ms, 500cycles)
Tue May 06 11:59:17 CEST 2014: 71: No solution found.
Tue May 06 11:59:17 CEST 2014: 72: finished (2ms, 15cycles)
Tue May 06 11:59:17 CEST 2014: 72: Solution found.
Tue May 06 11:59:17 CEST 2014: 73: finished (34ms, 500cycles)
Tue May 06 11:59:17 CEST 2014: 73: No solution found.
Tue May 06 11:59:17 CEST 2014: 74: finished (41ms, 86cycles)
Tue May 06 11:59:17 CEST 2014: 74: Solution found.
Tue May 06 11:59:17 CEST 2014: 75: finished (178ms, 500cycles)
Tue May 06 11:59:17 CEST 2014: 75: No solution found.
Tue May 06 11:59:17 CEST 2014: 76: finished (124ms, 500cycles)
Tue May 06 11:59:17 CEST 2014: 76: No solution found.
Tue May 06 11:59:17 CEST 2014: 77: finished (219ms, 500cycles)
Tue May 06 11:59:17 CEST 2014: 77: No solution found.
Tue May 06 11:59:18 CEST 2014: 78: finished (152ms, 500cycles)
Tue May 06 11:59:18 CEST 2014: 78: No solution found.
Tue May 06 11:59:18 CEST 2014: 79: finished (5ms, 26cycles)
Tue May 06 11:59:18 CEST 2014: 79: Solution found.
Tue May 06 11:59:18 CEST 2014: 80: finished (176ms, 500cycles)
Tue May 06 11:59:18 CEST 2014: 80: No solution found.
Tue May 06 11:59:18 CEST 2014: 81: finished (30ms, 500cycles)
Tue May 06 11:59:18 CEST 2014: 81: No solution found.
Tue May 06 11:59:18 CEST 2014: 82: finished (1ms, 16cycles)
Tue May 06 11:59:18 CEST 2014: 82: Solution found.
Tue May 06 11:59:18 CEST 2014: 83: finished (91ms, 500cycles)
Tue May 06 11:59:18 CEST 2014: 83: No solution found.
Tue May 06 11:59:18 CEST 2014: 84: finished (129ms, 500cycles)
Tue May 06 11:59:18 CEST 2014: 84: No solution found.
Tue May 06 11:59:18 CEST 2014: 85: finished (5ms, 32cycles)
Tue May 06 11:59:18 CEST 2014: 85: Solution found.
Tue May 06 11:59:18 CEST 2014: 86: finished (1ms, 13cycles)
Tue May 06 11:59:18 CEST 2014: 86: Solution found.
Tue May 06 11:59:18 CEST 2014: 87: finished (182ms, 500cycles)
Tue May 06 11:59:18 CEST 2014: 87: No solution found.
Tue May 06 11:59:18 CEST 2014: 88: finished (34ms, 500cycles)
Tue May 06 11:59:18 CEST 2014: 88: No solution found.
Tue May 06 11:59:18 CEST 2014: 89: finished (127ms, 500cycles)
Tue May 06 11:59:18 CEST 2014: 89: No solution found.
Tue May 06 11:59:18 CEST 2014: 90: finished (135ms, 500cycles)
Tue May 06 11:59:18 CEST 2014: 90: No solution found.
Tue May 06 11:59:19 CEST 2014: 91: finished (52ms, 500cycles)
Tue May 06 11:59:19 CEST 2014: 91: No solution found.
Tue May 06 11:59:19 CEST 2014: 92: finished (133ms, 500cycles)
Tue May 06 11:59:19 CEST 2014: 92: No solution found.
Tue May 06 11:59:19 CEST 2014: 93: finished (291ms, 500cycles)
Tue May 06 11:59:19 CEST 2014: 93: No solution found.
Tue May 06 11:59:19 CEST 2014: 94: finished (66ms, 500cycles)
Tue May 06 11:59:19 CEST 2014: 94: No solution found.
Tue May 06 11:59:19 CEST 2014: 95: finished (7ms, 29cycles)
Tue May 06 11:59:19 CEST 2014: 95: Solution found.
Tue May 06 11:59:19 CEST 2014: 96: finished (1ms, 9cycles)
Tue May 06 11:59:19 CEST 2014: 96: Solution found.
Tue May 06 11:59:19 CEST 2014: 97: finished (61ms, 178cycles)
Tue May 06 11:59:19 CEST 2014: 97: Solution found.
Tue May 06 11:59:19 CEST 2014: 98: finished (11ms, 45cycles)
Tue May 06 11:59:19 CEST 2014: 98: Solution found.
Tue May 06 11:59:19 CEST 2014: 99: finished (28ms, 500cycles)
Tue May 06 11:59:19 CEST 2014: 99: No solution found.
Tue May 06 11:59:19 CEST 2014: Solution Found: 34
Tue May 06 11:59:19 CEST 2014: Avg cycles: 49
Tue May 06 11:59:19 CEST 2014: Max cycles: 222
Tue May 06 11:59:19 CEST 2014: Min cycles: 2
Tue May 06 11:59:19 CEST 2014: No solution found: 66
Tue May 06 11:59:19 CEST 2014: logging finished. (runtime: 7940ms)
