Sun May 18 06:05:44 CEST 2014: Problem Count: 40
Sun May 18 06:05:44 CEST 2014: CandidatesCount: 30
Sun May 18 06:05:44 CEST 2014: Max Cycles: 500
Sun May 18 06:05:44 CEST 2014: 0: finished (5ms, 11cycles)
Sun May 18 06:05:44 CEST 2014: 0: Solution found.
Sun May 18 06:05:44 CEST 2014: 1: finished (7ms, 19cycles)
Sun May 18 06:05:44 CEST 2014: 1: Solution found.
Sun May 18 06:05:45 CEST 2014: 2: finished (172ms, 500cycles)
Sun May 18 06:05:45 CEST 2014: 2: No solution found.
Sun May 18 06:05:45 CEST 2014: 3: finished (152ms, 500cycles)
Sun May 18 06:05:45 CEST 2014: 3: No solution found.
Sun May 18 06:05:45 CEST 2014: 4: finished (25ms, 73cycles)
Sun May 18 06:05:45 CEST 2014: 4: Solution found.
Sun May 18 06:05:45 CEST 2014: 5: finished (155ms, 500cycles)
Sun May 18 06:05:45 CEST 2014: 5: No solution found.
Sun May 18 06:05:45 CEST 2014: 6: finished (146ms, 500cycles)
Sun May 18 06:05:45 CEST 2014: 6: No solution found.
Sun May 18 06:05:45 CEST 2014: 7: finished (15ms, 27cycles)
Sun May 18 06:05:45 CEST 2014: 7: Solution found.
Sun May 18 06:05:45 CEST 2014: 8: finished (16ms, 38cycles)
Sun May 18 06:05:45 CEST 2014: 8: Solution found.
Sun May 18 06:05:45 CEST 2014: 9: finished (146ms, 500cycles)
Sun May 18 06:05:45 CEST 2014: 9: No solution found.
Sun May 18 06:05:45 CEST 2014: 10: finished (6ms, 16cycles)
Sun May 18 06:05:45 CEST 2014: 10: Solution found.
Sun May 18 06:05:45 CEST 2014: 11: finished (159ms, 500cycles)
Sun May 18 06:05:45 CEST 2014: 11: No solution found.
Sun May 18 06:05:46 CEST 2014: 12: finished (163ms, 500cycles)
Sun May 18 06:05:46 CEST 2014: 12: No solution found.
Sun May 18 06:05:46 CEST 2014: 13: finished (162ms, 500cycles)
Sun May 18 06:05:46 CEST 2014: 13: No solution found.
Sun May 18 06:05:46 CEST 2014: 14: finished (48ms, 116cycles)
Sun May 18 06:05:46 CEST 2014: 14: Solution found.
Sun May 18 06:05:46 CEST 2014: 15: finished (3ms, 7cycles)
Sun May 18 06:05:46 CEST 2014: 15: Solution found.
Sun May 18 06:05:46 CEST 2014: 16: finished (5ms, 15cycles)
Sun May 18 06:05:46 CEST 2014: 16: Solution found.
Sun May 18 06:05:46 CEST 2014: 17: finished (5ms, 13cycles)
Sun May 18 06:05:46 CEST 2014: 17: Solution found.
Sun May 18 06:05:46 CEST 2014: 18: finished (160ms, 500cycles)
Sun May 18 06:05:46 CEST 2014: 18: No solution found.
Sun May 18 06:05:46 CEST 2014: 19: finished (5ms, 13cycles)
Sun May 18 06:05:46 CEST 2014: 19: Solution found.
Sun May 18 06:05:46 CEST 2014: 20: finished (8ms, 23cycles)
Sun May 18 06:05:46 CEST 2014: 20: Solution found.
Sun May 18 06:05:46 CEST 2014: 21: finished (161ms, 500cycles)
Sun May 18 06:05:46 CEST 2014: 21: No solution found.
Sun May 18 06:05:46 CEST 2014: 22: finished (148ms, 500cycles)
Sun May 18 06:05:46 CEST 2014: 22: No solution found.
Sun May 18 06:05:46 CEST 2014: 23: finished (156ms, 500cycles)
Sun May 18 06:05:46 CEST 2014: 23: No solution found.
Sun May 18 06:05:47 CEST 2014: 24: finished (147ms, 500cycles)
Sun May 18 06:05:47 CEST 2014: 24: No solution found.
Sun May 18 06:05:47 CEST 2014: 25: finished (4ms, 11cycles)
Sun May 18 06:05:47 CEST 2014: 25: Solution found.
Sun May 18 06:05:47 CEST 2014: 26: finished (168ms, 500cycles)
Sun May 18 06:05:47 CEST 2014: 26: No solution found.
Sun May 18 06:05:47 CEST 2014: 27: finished (6ms, 16cycles)
Sun May 18 06:05:47 CEST 2014: 27: Solution found.
Sun May 18 06:05:47 CEST 2014: 28: finished (160ms, 500cycles)
Sun May 18 06:05:47 CEST 2014: 28: No solution found.
Sun May 18 06:05:47 CEST 2014: 29: finished (9ms, 25cycles)
Sun May 18 06:05:47 CEST 2014: 29: Solution found.
Sun May 18 06:05:47 CEST 2014: 30: finished (11ms, 28cycles)
Sun May 18 06:05:47 CEST 2014: 30: Solution found.
Sun May 18 06:05:47 CEST 2014: 31: finished (155ms, 500cycles)
Sun May 18 06:05:47 CEST 2014: 31: No solution found.
Sun May 18 06:05:47 CEST 2014: 32: finished (8ms, 24cycles)
Sun May 18 06:05:47 CEST 2014: 32: Solution found.
Sun May 18 06:05:47 CEST 2014: 33: finished (158ms, 500cycles)
Sun May 18 06:05:47 CEST 2014: 33: No solution found.
Sun May 18 06:05:47 CEST 2014: 34: finished (145ms, 500cycles)
Sun May 18 06:05:47 CEST 2014: 34: No solution found.
Sun May 18 06:05:48 CEST 2014: 35: finished (164ms, 500cycles)
Sun May 18 06:05:48 CEST 2014: 35: No solution found.
Sun May 18 06:05:48 CEST 2014: 36: finished (151ms, 500cycles)
Sun May 18 06:05:48 CEST 2014: 36: No solution found.
Sun May 18 06:05:48 CEST 2014: 37: finished (145ms, 500cycles)
Sun May 18 06:05:48 CEST 2014: 37: No solution found.
Sun May 18 06:05:48 CEST 2014: 38: finished (176ms, 500cycles)
Sun May 18 06:05:48 CEST 2014: 38: No solution found.
Sun May 18 06:05:48 CEST 2014: 39: finished (19ms, 58cycles)
Sun May 18 06:05:48 CEST 2014: 39: Solution found.
Sun May 18 06:05:48 CEST 2014: 40: finished (158ms, 500cycles)
Sun May 18 06:05:48 CEST 2014: 40: No solution found.
Sun May 18 06:05:48 CEST 2014: 41: finished (167ms, 500cycles)
Sun May 18 06:05:48 CEST 2014: 41: No solution found.
Sun May 18 06:05:48 CEST 2014: 42: finished (8ms, 21cycles)
Sun May 18 06:05:48 CEST 2014: 42: Solution found.
Sun May 18 06:05:48 CEST 2014: 43: finished (5ms, 15cycles)
Sun May 18 06:05:48 CEST 2014: 43: Solution found.
Sun May 18 06:05:48 CEST 2014: 44: finished (68ms, 183cycles)
Sun May 18 06:05:48 CEST 2014: 44: Solution found.
Sun May 18 06:05:48 CEST 2014: 45: finished (13ms, 38cycles)
Sun May 18 06:05:48 CEST 2014: 45: Solution found.
Sun May 18 06:05:48 CEST 2014: 46: finished (13ms, 37cycles)
Sun May 18 06:05:48 CEST 2014: 46: Solution found.
Sun May 18 06:05:49 CEST 2014: 47: finished (158ms, 500cycles)
Sun May 18 06:05:49 CEST 2014: 47: No solution found.
Sun May 18 06:05:49 CEST 2014: 48: finished (163ms, 500cycles)
Sun May 18 06:05:49 CEST 2014: 48: No solution found.
Sun May 18 06:05:49 CEST 2014: 49: finished (175ms, 500cycles)
Sun May 18 06:05:49 CEST 2014: 49: No solution found.
Sun May 18 06:05:49 CEST 2014: 50: finished (166ms, 500cycles)
Sun May 18 06:05:49 CEST 2014: 50: No solution found.
Sun May 18 06:05:49 CEST 2014: 51: finished (172ms, 500cycles)
Sun May 18 06:05:49 CEST 2014: 51: No solution found.
Sun May 18 06:05:49 CEST 2014: 52: finished (5ms, 12cycles)
Sun May 18 06:05:49 CEST 2014: 52: Solution found.
Sun May 18 06:05:49 CEST 2014: 53: finished (8ms, 22cycles)
Sun May 18 06:05:49 CEST 2014: 53: Solution found.
Sun May 18 06:05:49 CEST 2014: 54: finished (150ms, 500cycles)
Sun May 18 06:05:49 CEST 2014: 54: No solution found.
Sun May 18 06:05:49 CEST 2014: 55: finished (12ms, 36cycles)
Sun May 18 06:05:49 CEST 2014: 55: Solution found.
Sun May 18 06:05:50 CEST 2014: 56: finished (155ms, 500cycles)
Sun May 18 06:05:50 CEST 2014: 56: No solution found.
Sun May 18 06:05:50 CEST 2014: 57: finished (150ms, 500cycles)
Sun May 18 06:05:50 CEST 2014: 57: No solution found.
Sun May 18 06:05:50 CEST 2014: 58: finished (173ms, 500cycles)
Sun May 18 06:05:50 CEST 2014: 58: No solution found.
Sun May 18 06:05:50 CEST 2014: 59: finished (157ms, 500cycles)
Sun May 18 06:05:50 CEST 2014: 59: No solution found.
Sun May 18 06:05:50 CEST 2014: 60: finished (166ms, 500cycles)
Sun May 18 06:05:50 CEST 2014: 60: No solution found.
Sun May 18 06:05:50 CEST 2014: 61: finished (6ms, 17cycles)
Sun May 18 06:05:50 CEST 2014: 61: Solution found.
Sun May 18 06:05:50 CEST 2014: 62: finished (157ms, 500cycles)
Sun May 18 06:05:50 CEST 2014: 62: No solution found.
Sun May 18 06:05:50 CEST 2014: 63: finished (9ms, 24cycles)
Sun May 18 06:05:50 CEST 2014: 63: Solution found.
Sun May 18 06:05:51 CEST 2014: 64: finished (162ms, 500cycles)
Sun May 18 06:05:51 CEST 2014: 64: No solution found.
Sun May 18 06:05:51 CEST 2014: 65: finished (146ms, 500cycles)
Sun May 18 06:05:51 CEST 2014: 65: No solution found.
Sun May 18 06:05:51 CEST 2014: 66: finished (4ms, 10cycles)
Sun May 18 06:05:51 CEST 2014: 66: Solution found.
Sun May 18 06:05:51 CEST 2014: 67: finished (172ms, 500cycles)
Sun May 18 06:05:51 CEST 2014: 67: No solution found.
Sun May 18 06:05:51 CEST 2014: 68: finished (6ms, 18cycles)
Sun May 18 06:05:51 CEST 2014: 68: Solution found.
Sun May 18 06:05:51 CEST 2014: 69: finished (2ms, 3cycles)
Sun May 18 06:05:51 CEST 2014: 69: Solution found.
Sun May 18 06:05:51 CEST 2014: 70: finished (147ms, 500cycles)
Sun May 18 06:05:51 CEST 2014: 70: No solution found.
Sun May 18 06:05:51 CEST 2014: 71: finished (165ms, 500cycles)
Sun May 18 06:05:51 CEST 2014: 71: No solution found.
Sun May 18 06:05:51 CEST 2014: 72: finished (53ms, 145cycles)
Sun May 18 06:05:51 CEST 2014: 72: Solution found.
Sun May 18 06:05:51 CEST 2014: 73: finished (171ms, 500cycles)
Sun May 18 06:05:51 CEST 2014: 73: No solution found.
Sun May 18 06:05:51 CEST 2014: 74: finished (6ms, 17cycles)
Sun May 18 06:05:51 CEST 2014: 74: Solution found.
Sun May 18 06:05:51 CEST 2014: 75: finished (9ms, 22cycles)
Sun May 18 06:05:51 CEST 2014: 75: Solution found.
Sun May 18 06:05:52 CEST 2014: 76: finished (149ms, 500cycles)
Sun May 18 06:05:52 CEST 2014: 76: No solution found.
Sun May 18 06:05:52 CEST 2014: 77: finished (191ms, 500cycles)
Sun May 18 06:05:52 CEST 2014: 77: No solution found.
Sun May 18 06:05:52 CEST 2014: 78: finished (174ms, 500cycles)
Sun May 18 06:05:52 CEST 2014: 78: No solution found.
Sun May 18 06:05:52 CEST 2014: 79: finished (11ms, 33cycles)
Sun May 18 06:05:52 CEST 2014: 79: Solution found.
Sun May 18 06:05:52 CEST 2014: 80: finished (5ms, 14cycles)
Sun May 18 06:05:52 CEST 2014: 80: Solution found.
Sun May 18 06:05:52 CEST 2014: 81: finished (179ms, 500cycles)
Sun May 18 06:05:52 CEST 2014: 81: No solution found.
Sun May 18 06:05:52 CEST 2014: 82: finished (8ms, 24cycles)
Sun May 18 06:05:52 CEST 2014: 82: Solution found.
Sun May 18 06:05:52 CEST 2014: 83: finished (57ms, 157cycles)
Sun May 18 06:05:52 CEST 2014: 83: Solution found.
Sun May 18 06:05:52 CEST 2014: 84: finished (158ms, 500cycles)
Sun May 18 06:05:52 CEST 2014: 84: No solution found.
Sun May 18 06:05:53 CEST 2014: 85: finished (174ms, 500cycles)
Sun May 18 06:05:53 CEST 2014: 85: No solution found.
Sun May 18 06:05:53 CEST 2014: 86: finished (153ms, 500cycles)
Sun May 18 06:05:53 CEST 2014: 86: No solution found.
Sun May 18 06:05:53 CEST 2014: 87: finished (177ms, 500cycles)
Sun May 18 06:05:53 CEST 2014: 87: No solution found.
Sun May 18 06:05:53 CEST 2014: 88: finished (157ms, 500cycles)
Sun May 18 06:05:53 CEST 2014: 88: No solution found.
Sun May 18 06:05:53 CEST 2014: 89: finished (169ms, 500cycles)
Sun May 18 06:05:53 CEST 2014: 89: No solution found.
Sun May 18 06:05:53 CEST 2014: 90: finished (160ms, 500cycles)
Sun May 18 06:05:53 CEST 2014: 90: No solution found.
Sun May 18 06:05:54 CEST 2014: 91: finished (157ms, 500cycles)
Sun May 18 06:05:54 CEST 2014: 91: No solution found.
Sun May 18 06:05:54 CEST 2014: 92: finished (6ms, 16cycles)
Sun May 18 06:05:54 CEST 2014: 92: Solution found.
Sun May 18 06:05:54 CEST 2014: 93: finished (169ms, 500cycles)
Sun May 18 06:05:54 CEST 2014: 93: No solution found.
Sun May 18 06:05:54 CEST 2014: 94: finished (158ms, 500cycles)
Sun May 18 06:05:54 CEST 2014: 94: No solution found.
Sun May 18 06:05:54 CEST 2014: 95: finished (1ms, 1cycles)
Sun May 18 06:05:54 CEST 2014: 95: Solution found.
Sun May 18 06:05:54 CEST 2014: 96: finished (176ms, 500cycles)
Sun May 18 06:05:54 CEST 2014: 96: No solution found.
Sun May 18 06:05:54 CEST 2014: 97: finished (23ms, 67cycles)
Sun May 18 06:05:54 CEST 2014: 97: Solution found.
Sun May 18 06:05:54 CEST 2014: 98: finished (155ms, 500cycles)
Sun May 18 06:05:54 CEST 2014: 98: No solution found.
Sun May 18 06:05:54 CEST 2014: 99: finished (5ms, 13cycles)
Sun May 18 06:05:54 CEST 2014: 99: Solution found.
Sun May 18 06:05:54 CEST 2014: Solution Found: 42
Sun May 18 06:05:54 CEST 2014: Avg cycles: 35
Sun May 18 06:05:54 CEST 2014: Max cycles: 183
Sun May 18 06:05:54 CEST 2014: Min cycles: 1
Sun May 18 06:05:54 CEST 2014: No solution found: 58
Sun May 18 06:05:54 CEST 2014: logging finished. (runtime: 9902ms)
