Sun May 18 00:24:50 CEST 2014: Problem Count: 30
Sun May 18 00:24:50 CEST 2014: CandidatesCount: 50
Sun May 18 00:24:50 CEST 2014: Max Cycles: 500
Sun May 18 00:24:50 CEST 2014: 0: finished (2ms, 3cycles)
Sun May 18 00:24:50 CEST 2014: 0: Solution found.
Sun May 18 00:24:50 CEST 2014: 1: finished (8ms, 25cycles)
Sun May 18 00:24:50 CEST 2014: 1: Solution found.
Sun May 18 00:24:50 CEST 2014: 2: finished (13ms, 36cycles)
Sun May 18 00:24:50 CEST 2014: 2: Solution found.
Sun May 18 00:24:50 CEST 2014: 3: finished (2ms, 5cycles)
Sun May 18 00:24:50 CEST 2014: 3: Solution found.
Sun May 18 00:24:50 CEST 2014: 4: finished (143ms, 500cycles)
Sun May 18 00:24:50 CEST 2014: 4: No solution found.
Sun May 18 00:24:50 CEST 2014: 5: finished (13ms, 32cycles)
Sun May 18 00:24:50 CEST 2014: 5: Solution found.
Sun May 18 00:24:50 CEST 2014: 6: finished (8ms, 21cycles)
Sun May 18 00:24:50 CEST 2014: 6: Solution found.
Sun May 18 00:24:50 CEST 2014: 7: finished (4ms, 11cycles)
Sun May 18 00:24:50 CEST 2014: 7: Solution found.
Sun May 18 00:24:50 CEST 2014: 8: finished (1ms, 2cycles)
Sun May 18 00:24:50 CEST 2014: 8: Solution found.
Sun May 18 00:24:50 CEST 2014: 9: finished (85ms, 273cycles)
Sun May 18 00:24:50 CEST 2014: 9: Solution found.
Sun May 18 00:24:50 CEST 2014: 10: finished (140ms, 500cycles)
Sun May 18 00:24:50 CEST 2014: 10: No solution found.
Sun May 18 00:24:50 CEST 2014: 11: finished (157ms, 500cycles)
Sun May 18 00:24:50 CEST 2014: 11: No solution found.
Sun May 18 00:24:51 CEST 2014: 12: finished (178ms, 500cycles)
Sun May 18 00:24:51 CEST 2014: 12: No solution found.
Sun May 18 00:24:51 CEST 2014: 13: finished (9ms, 26cycles)
Sun May 18 00:24:51 CEST 2014: 13: Solution found.
Sun May 18 00:24:51 CEST 2014: 14: finished (23ms, 67cycles)
Sun May 18 00:24:51 CEST 2014: 14: Solution found.
Sun May 18 00:24:51 CEST 2014: 15: finished (6ms, 17cycles)
Sun May 18 00:24:51 CEST 2014: 15: Solution found.
Sun May 18 00:24:51 CEST 2014: 16: finished (154ms, 500cycles)
Sun May 18 00:24:51 CEST 2014: 16: No solution found.
Sun May 18 00:24:51 CEST 2014: 17: finished (9ms, 19cycles)
Sun May 18 00:24:51 CEST 2014: 17: Solution found.
Sun May 18 00:24:51 CEST 2014: 18: finished (153ms, 500cycles)
Sun May 18 00:24:51 CEST 2014: 18: No solution found.
Sun May 18 00:24:51 CEST 2014: 19: finished (11ms, 32cycles)
Sun May 18 00:24:51 CEST 2014: 19: Solution found.
Sun May 18 00:24:51 CEST 2014: 20: finished (185ms, 500cycles)
Sun May 18 00:24:51 CEST 2014: 20: No solution found.
Sun May 18 00:24:51 CEST 2014: 21: finished (155ms, 500cycles)
Sun May 18 00:24:51 CEST 2014: 21: No solution found.
Sun May 18 00:24:52 CEST 2014: 22: finished (148ms, 500cycles)
Sun May 18 00:24:52 CEST 2014: 22: No solution found.
Sun May 18 00:24:52 CEST 2014: 23: finished (23ms, 47cycles)
Sun May 18 00:24:52 CEST 2014: 23: Solution found.
Sun May 18 00:24:52 CEST 2014: 24: finished (141ms, 500cycles)
Sun May 18 00:24:52 CEST 2014: 24: No solution found.
Sun May 18 00:24:52 CEST 2014: 25: finished (190ms, 500cycles)
Sun May 18 00:24:52 CEST 2014: 25: No solution found.
Sun May 18 00:24:52 CEST 2014: 26: finished (7ms, 6cycles)
Sun May 18 00:24:52 CEST 2014: 26: Solution found.
Sun May 18 00:24:52 CEST 2014: 27: finished (54ms, 151cycles)
Sun May 18 00:24:52 CEST 2014: 27: Solution found.
Sun May 18 00:24:52 CEST 2014: 28: finished (154ms, 500cycles)
Sun May 18 00:24:52 CEST 2014: 28: No solution found.
Sun May 18 00:24:52 CEST 2014: 29: finished (158ms, 500cycles)
Sun May 18 00:24:52 CEST 2014: 29: No solution found.
Sun May 18 00:24:52 CEST 2014: 30: finished (3ms, 10cycles)
Sun May 18 00:24:52 CEST 2014: 30: Solution found.
Sun May 18 00:24:52 CEST 2014: 31: finished (6ms, 17cycles)
Sun May 18 00:24:52 CEST 2014: 31: Solution found.
Sun May 18 00:24:52 CEST 2014: 32: finished (146ms, 500cycles)
Sun May 18 00:24:52 CEST 2014: 32: No solution found.
Sun May 18 00:24:53 CEST 2014: 33: finished (147ms, 500cycles)
Sun May 18 00:24:53 CEST 2014: 33: No solution found.
Sun May 18 00:24:53 CEST 2014: 34: finished (9ms, 15cycles)
Sun May 18 00:24:53 CEST 2014: 34: Solution found.
Sun May 18 00:24:53 CEST 2014: 35: finished (338ms, 500cycles)
Sun May 18 00:24:53 CEST 2014: 35: No solution found.
Sun May 18 00:24:53 CEST 2014: 36: finished (15ms, 14cycles)
Sun May 18 00:24:53 CEST 2014: 36: Solution found.
Sun May 18 00:24:53 CEST 2014: 37: finished (27ms, 28cycles)
Sun May 18 00:24:53 CEST 2014: 37: Solution found.
Sun May 18 00:24:53 CEST 2014: 38: finished (27ms, 26cycles)
Sun May 18 00:24:53 CEST 2014: 38: Solution found.
Sun May 18 00:24:53 CEST 2014: 39: finished (182ms, 178cycles)
Sun May 18 00:24:53 CEST 2014: 39: Solution found.
Sun May 18 00:24:54 CEST 2014: 40: finished (410ms, 500cycles)
Sun May 18 00:24:54 CEST 2014: 40: No solution found.
Sun May 18 00:24:54 CEST 2014: 41: finished (10ms, 10cycles)
Sun May 18 00:24:54 CEST 2014: 41: Solution found.
Sun May 18 00:24:54 CEST 2014: 42: finished (402ms, 500cycles)
Sun May 18 00:24:54 CEST 2014: 42: No solution found.
Sun May 18 00:24:54 CEST 2014: 43: finished (19ms, 20cycles)
Sun May 18 00:24:54 CEST 2014: 43: Solution found.
Sun May 18 00:24:54 CEST 2014: 44: finished (7ms, 7cycles)
Sun May 18 00:24:54 CEST 2014: 44: Solution found.
Sun May 18 00:24:54 CEST 2014: 45: finished (412ms, 500cycles)
Sun May 18 00:24:54 CEST 2014: 45: No solution found.
Sun May 18 00:24:54 CEST 2014: 46: finished (6ms, 5cycles)
Sun May 18 00:24:54 CEST 2014: 46: Solution found.
Sun May 18 00:24:54 CEST 2014: 47: finished (17ms, 17cycles)
Sun May 18 00:24:54 CEST 2014: 47: Solution found.
Sun May 18 00:24:54 CEST 2014: 48: finished (14ms, 14cycles)
Sun May 18 00:24:54 CEST 2014: 48: Solution found.
Sun May 18 00:24:55 CEST 2014: 49: finished (71ms, 78cycles)
Sun May 18 00:24:55 CEST 2014: 49: Solution found.
Sun May 18 00:24:55 CEST 2014: 50: finished (190ms, 226cycles)
Sun May 18 00:24:55 CEST 2014: 50: Solution found.
Sun May 18 00:24:55 CEST 2014: 51: finished (23ms, 26cycles)
Sun May 18 00:24:55 CEST 2014: 51: Solution found.
Sun May 18 00:24:55 CEST 2014: 52: finished (24ms, 26cycles)
Sun May 18 00:24:55 CEST 2014: 52: Solution found.
Sun May 18 00:24:55 CEST 2014: 53: finished (438ms, 500cycles)
Sun May 18 00:24:55 CEST 2014: 53: No solution found.
Sun May 18 00:24:55 CEST 2014: 54: finished (18ms, 18cycles)
Sun May 18 00:24:55 CEST 2014: 54: Solution found.
Sun May 18 00:24:56 CEST 2014: 55: finished (412ms, 500cycles)
Sun May 18 00:24:56 CEST 2014: 55: No solution found.
Sun May 18 00:24:56 CEST 2014: 56: finished (15ms, 17cycles)
Sun May 18 00:24:56 CEST 2014: 56: Solution found.
Sun May 18 00:24:56 CEST 2014: 57: finished (13ms, 11cycles)
Sun May 18 00:24:56 CEST 2014: 57: Solution found.
Sun May 18 00:24:56 CEST 2014: 58: finished (29ms, 32cycles)
Sun May 18 00:24:56 CEST 2014: 58: Solution found.
Sun May 18 00:24:56 CEST 2014: 59: finished (26ms, 29cycles)
Sun May 18 00:24:56 CEST 2014: 59: Solution found.
Sun May 18 00:24:56 CEST 2014: 60: finished (599ms, 500cycles)
Sun May 18 00:24:56 CEST 2014: 60: No solution found.
Sun May 18 00:24:56 CEST 2014: 61: finished (8ms, 8cycles)
Sun May 18 00:24:56 CEST 2014: 61: Solution found.
Sun May 18 00:24:56 CEST 2014: 62: finished (44ms, 46cycles)
Sun May 18 00:24:56 CEST 2014: 62: Solution found.
Sun May 18 00:24:56 CEST 2014: 63: finished (12ms, 10cycles)
Sun May 18 00:24:56 CEST 2014: 63: Solution found.
Sun May 18 00:24:57 CEST 2014: 64: finished (424ms, 500cycles)
Sun May 18 00:24:57 CEST 2014: 64: No solution found.
Sun May 18 00:24:57 CEST 2014: 65: finished (35ms, 38cycles)
Sun May 18 00:24:57 CEST 2014: 65: Solution found.
Sun May 18 00:24:57 CEST 2014: 66: finished (406ms, 500cycles)
Sun May 18 00:24:57 CEST 2014: 66: No solution found.
Sun May 18 00:24:57 CEST 2014: 67: finished (155ms, 500cycles)
Sun May 18 00:24:57 CEST 2014: 67: No solution found.
Sun May 18 00:24:58 CEST 2014: 68: finished (273ms, 306cycles)
Sun May 18 00:24:58 CEST 2014: 68: Solution found.
Sun May 18 00:24:58 CEST 2014: 69: finished (4ms, 11cycles)
Sun May 18 00:24:58 CEST 2014: 69: Solution found.
Sun May 18 00:24:58 CEST 2014: 70: finished (145ms, 500cycles)
Sun May 18 00:24:58 CEST 2014: 70: No solution found.
Sun May 18 00:24:58 CEST 2014: 71: finished (167ms, 500cycles)
Sun May 18 00:24:58 CEST 2014: 71: No solution found.
Sun May 18 00:24:58 CEST 2014: 72: finished (5ms, 11cycles)
Sun May 18 00:24:58 CEST 2014: 72: Solution found.
Sun May 18 00:24:58 CEST 2014: 73: finished (6ms, 19cycles)
Sun May 18 00:24:58 CEST 2014: 73: Solution found.
Sun May 18 00:24:58 CEST 2014: 74: finished (3ms, 10cycles)
Sun May 18 00:24:58 CEST 2014: 74: Solution found.
Sun May 18 00:24:58 CEST 2014: 75: finished (7ms, 20cycles)
Sun May 18 00:24:58 CEST 2014: 75: Solution found.
Sun May 18 00:24:58 CEST 2014: 76: finished (138ms, 500cycles)
Sun May 18 00:24:58 CEST 2014: 76: No solution found.
Sun May 18 00:24:58 CEST 2014: 77: finished (5ms, 13cycles)
Sun May 18 00:24:58 CEST 2014: 77: Solution found.
Sun May 18 00:24:58 CEST 2014: 78: finished (11ms, 30cycles)
Sun May 18 00:24:58 CEST 2014: 78: Solution found.
Sun May 18 00:24:58 CEST 2014: 79: finished (6ms, 17cycles)
Sun May 18 00:24:58 CEST 2014: 79: Solution found.
Sun May 18 00:24:58 CEST 2014: 80: finished (2ms, 7cycles)
Sun May 18 00:24:58 CEST 2014: 80: Solution found.
Sun May 18 00:24:58 CEST 2014: 81: finished (3ms, 6cycles)
Sun May 18 00:24:58 CEST 2014: 81: Solution found.
Sun May 18 00:24:58 CEST 2014: 82: finished (10ms, 28cycles)
Sun May 18 00:24:58 CEST 2014: 82: Solution found.
Sun May 18 00:24:58 CEST 2014: 83: finished (5ms, 15cycles)
Sun May 18 00:24:58 CEST 2014: 83: Solution found.
Sun May 18 00:24:58 CEST 2014: 84: finished (181ms, 500cycles)
Sun May 18 00:24:58 CEST 2014: 84: No solution found.
Sun May 18 00:24:59 CEST 2014: 85: finished (143ms, 500cycles)
Sun May 18 00:24:59 CEST 2014: 85: No solution found.
Sun May 18 00:24:59 CEST 2014: 86: finished (12ms, 29cycles)
Sun May 18 00:24:59 CEST 2014: 86: Solution found.
Sun May 18 00:24:59 CEST 2014: 87: finished (14ms, 43cycles)
Sun May 18 00:24:59 CEST 2014: 87: Solution found.
Sun May 18 00:24:59 CEST 2014: 88: finished (7ms, 19cycles)
Sun May 18 00:24:59 CEST 2014: 88: Solution found.
Sun May 18 00:24:59 CEST 2014: 89: finished (8ms, 24cycles)
Sun May 18 00:24:59 CEST 2014: 89: Solution found.
Sun May 18 00:24:59 CEST 2014: 90: finished (349ms, 500cycles)
Sun May 18 00:24:59 CEST 2014: 90: No solution found.
Sun May 18 00:24:59 CEST 2014: 91: finished (128ms, 351cycles)
Sun May 18 00:24:59 CEST 2014: 91: Solution found.
Sun May 18 00:24:59 CEST 2014: 92: finished (144ms, 500cycles)
Sun May 18 00:24:59 CEST 2014: 92: No solution found.
Sun May 18 00:24:59 CEST 2014: 93: finished (22ms, 65cycles)
Sun May 18 00:24:59 CEST 2014: 93: Solution found.
Sun May 18 00:24:59 CEST 2014: 94: finished (138ms, 500cycles)
Sun May 18 00:24:59 CEST 2014: 94: No solution found.
Sun May 18 00:24:59 CEST 2014: 95: finished (136ms, 500cycles)
Sun May 18 00:24:59 CEST 2014: 95: No solution found.
Sun May 18 00:25:00 CEST 2014: 96: finished (53ms, 166cycles)
Sun May 18 00:25:00 CEST 2014: 96: Solution found.
Sun May 18 00:25:00 CEST 2014: 97: finished (13ms, 29cycles)
Sun May 18 00:25:00 CEST 2014: 97: Solution found.
Sun May 18 00:25:00 CEST 2014: 98: finished (7ms, 16cycles)
Sun May 18 00:25:00 CEST 2014: 98: Solution found.
Sun May 18 00:25:00 CEST 2014: 99: finished (148ms, 500cycles)
Sun May 18 00:25:00 CEST 2014: 99: No solution found.
Sun May 18 00:25:00 CEST 2014: Solution Found: 65
Sun May 18 00:25:00 CEST 2014: Avg cycles: 45
Sun May 18 00:25:00 CEST 2014: Max cycles: 351
Sun May 18 00:25:00 CEST 2014: Min cycles: 2
Sun May 18 00:25:00 CEST 2014: No solution found: 35
Sun May 18 00:25:00 CEST 2014: logging finished. (runtime: 9787ms)
