Sun May 18 19:36:06 CEST 2014: Problem Count: 30
Sun May 18 19:36:06 CEST 2014: CandidatesCount: 30
Sun May 18 19:36:06 CEST 2014: Max Cycles: 500
Sun May 18 19:36:06 CEST 2014: 0: finished (87ms, 500cycles)
Sun May 18 19:36:06 CEST 2014: 0: No solution found.
Sun May 18 19:36:07 CEST 2014: 1: finished (85ms, 500cycles)
Sun May 18 19:36:07 CEST 2014: 1: No solution found.
Sun May 18 19:36:07 CEST 2014: 2: finished (98ms, 500cycles)
Sun May 18 19:36:07 CEST 2014: 2: No solution found.
Sun May 18 19:36:07 CEST 2014: 3: finished (9ms, 48cycles)
Sun May 18 19:36:07 CEST 2014: 3: Solution found.
Sun May 18 19:36:07 CEST 2014: 4: finished (3ms, 14cycles)
Sun May 18 19:36:07 CEST 2014: 4: Solution found.
Sun May 18 19:36:07 CEST 2014: 5: finished (87ms, 500cycles)
Sun May 18 19:36:07 CEST 2014: 5: No solution found.
Sun May 18 19:36:07 CEST 2014: 6: finished (13ms, 67cycles)
Sun May 18 19:36:07 CEST 2014: 6: Solution found.
Sun May 18 19:36:07 CEST 2014: 7: finished (6ms, 26cycles)
Sun May 18 19:36:07 CEST 2014: 7: Solution found.
Sun May 18 19:36:07 CEST 2014: 8: finished (1ms, 5cycles)
Sun May 18 19:36:07 CEST 2014: 8: Solution found.
Sun May 18 19:36:07 CEST 2014: 9: finished (104ms, 500cycles)
Sun May 18 19:36:07 CEST 2014: 9: No solution found.
Sun May 18 19:36:07 CEST 2014: 10: finished (14ms, 58cycles)
Sun May 18 19:36:07 CEST 2014: 10: Solution found.
Sun May 18 19:36:07 CEST 2014: 11: finished (93ms, 500cycles)
Sun May 18 19:36:07 CEST 2014: 11: No solution found.
Sun May 18 19:36:07 CEST 2014: 12: finished (2ms, 9cycles)
Sun May 18 19:36:07 CEST 2014: 12: Solution found.
Sun May 18 19:36:07 CEST 2014: 13: finished (80ms, 500cycles)
Sun May 18 19:36:07 CEST 2014: 13: No solution found.
Sun May 18 19:36:07 CEST 2014: 14: finished (118ms, 500cycles)
Sun May 18 19:36:07 CEST 2014: 14: No solution found.
Sun May 18 19:36:07 CEST 2014: 15: finished (4ms, 10cycles)
Sun May 18 19:36:07 CEST 2014: 15: Solution found.
Sun May 18 19:36:07 CEST 2014: 16: finished (2ms, 7cycles)
Sun May 18 19:36:07 CEST 2014: 16: Solution found.
Sun May 18 19:36:07 CEST 2014: 17: finished (34ms, 194cycles)
Sun May 18 19:36:07 CEST 2014: 17: Solution found.
Sun May 18 19:36:07 CEST 2014: 18: finished (5ms, 21cycles)
Sun May 18 19:36:07 CEST 2014: 18: Solution found.
Sun May 18 19:36:07 CEST 2014: 19: finished (94ms, 500cycles)
Sun May 18 19:36:07 CEST 2014: 19: No solution found.
Sun May 18 19:36:07 CEST 2014: 20: finished (95ms, 500cycles)
Sun May 18 19:36:07 CEST 2014: 20: No solution found.
Sun May 18 19:36:07 CEST 2014: 21: finished (2ms, 8cycles)
Sun May 18 19:36:07 CEST 2014: 21: Solution found.
Sun May 18 19:36:08 CEST 2014: 22: finished (96ms, 500cycles)
Sun May 18 19:36:08 CEST 2014: 22: No solution found.
Sun May 18 19:36:08 CEST 2014: 23: finished (4ms, 19cycles)
Sun May 18 19:36:08 CEST 2014: 23: Solution found.
Sun May 18 19:36:08 CEST 2014: 24: finished (85ms, 500cycles)
Sun May 18 19:36:08 CEST 2014: 24: No solution found.
Sun May 18 19:36:08 CEST 2014: 25: finished (8ms, 41cycles)
Sun May 18 19:36:08 CEST 2014: 25: Solution found.
Sun May 18 19:36:08 CEST 2014: 26: finished (28ms, 66cycles)
Sun May 18 19:36:08 CEST 2014: 26: Solution found.
Sun May 18 19:36:08 CEST 2014: 27: finished (5ms, 21cycles)
Sun May 18 19:36:08 CEST 2014: 27: Solution found.
Sun May 18 19:36:08 CEST 2014: 28: finished (16ms, 84cycles)
Sun May 18 19:36:08 CEST 2014: 28: Solution found.
Sun May 18 19:36:08 CEST 2014: 29: finished (91ms, 500cycles)
Sun May 18 19:36:08 CEST 2014: 29: No solution found.
Sun May 18 19:36:08 CEST 2014: 30: finished (4ms, 17cycles)
Sun May 18 19:36:08 CEST 2014: 30: Solution found.
Sun May 18 19:36:08 CEST 2014: 31: finished (94ms, 500cycles)
Sun May 18 19:36:08 CEST 2014: 31: No solution found.
Sun May 18 19:36:08 CEST 2014: 32: finished (91ms, 500cycles)
Sun May 18 19:36:08 CEST 2014: 32: No solution found.
Sun May 18 19:36:08 CEST 2014: 33: finished (103ms, 500cycles)
Sun May 18 19:36:08 CEST 2014: 33: No solution found.
Sun May 18 19:36:08 CEST 2014: 34: finished (102ms, 500cycles)
Sun May 18 19:36:08 CEST 2014: 34: No solution found.
Sun May 18 19:36:08 CEST 2014: 35: finished (89ms, 500cycles)
Sun May 18 19:36:08 CEST 2014: 35: No solution found.
Sun May 18 19:36:08 CEST 2014: 36: finished (4ms, 19cycles)
Sun May 18 19:36:08 CEST 2014: 36: Solution found.
Sun May 18 19:36:08 CEST 2014: 37: finished (87ms, 500cycles)
Sun May 18 19:36:08 CEST 2014: 37: No solution found.
Sun May 18 19:36:08 CEST 2014: 38: finished (88ms, 500cycles)
Sun May 18 19:36:08 CEST 2014: 38: No solution found.
Sun May 18 19:36:08 CEST 2014: 39: finished (7ms, 32cycles)
Sun May 18 19:36:08 CEST 2014: 39: Solution found.
Sun May 18 19:36:08 CEST 2014: 40: finished (8ms, 39cycles)
Sun May 18 19:36:08 CEST 2014: 40: Solution found.
Sun May 18 19:36:09 CEST 2014: 41: finished (93ms, 500cycles)
Sun May 18 19:36:09 CEST 2014: 41: No solution found.
Sun May 18 19:36:09 CEST 2014: 42: finished (87ms, 500cycles)
Sun May 18 19:36:09 CEST 2014: 42: No solution found.
Sun May 18 19:36:09 CEST 2014: 43: finished (4ms, 17cycles)
Sun May 18 19:36:09 CEST 2014: 43: Solution found.
Sun May 18 19:36:09 CEST 2014: 44: finished (99ms, 500cycles)
Sun May 18 19:36:09 CEST 2014: 44: No solution found.
Sun May 18 19:36:09 CEST 2014: 45: finished (5ms, 21cycles)
Sun May 18 19:36:09 CEST 2014: 45: Solution found.
Sun May 18 19:36:09 CEST 2014: 46: finished (4ms, 17cycles)
Sun May 18 19:36:09 CEST 2014: 46: Solution found.
Sun May 18 19:36:09 CEST 2014: 47: finished (92ms, 500cycles)
Sun May 18 19:36:09 CEST 2014: 47: No solution found.
Sun May 18 19:36:09 CEST 2014: 48: finished (88ms, 500cycles)
Sun May 18 19:36:09 CEST 2014: 48: No solution found.
Sun May 18 19:36:09 CEST 2014: 49: finished (107ms, 500cycles)
Sun May 18 19:36:09 CEST 2014: 49: No solution found.
Sun May 18 19:36:09 CEST 2014: 50: finished (101ms, 500cycles)
Sun May 18 19:36:09 CEST 2014: 50: No solution found.
Sun May 18 19:36:09 CEST 2014: 51: finished (96ms, 500cycles)
Sun May 18 19:36:09 CEST 2014: 51: No solution found.
Sun May 18 19:36:09 CEST 2014: 52: finished (97ms, 500cycles)
Sun May 18 19:36:09 CEST 2014: 52: No solution found.
Sun May 18 19:36:09 CEST 2014: 53: finished (15ms, 75cycles)
Sun May 18 19:36:09 CEST 2014: 53: Solution found.
Sun May 18 19:36:09 CEST 2014: 54: finished (96ms, 500cycles)
Sun May 18 19:36:09 CEST 2014: 54: No solution found.
Sun May 18 19:36:09 CEST 2014: 55: finished (49ms, 204cycles)
Sun May 18 19:36:09 CEST 2014: 55: Solution found.
Sun May 18 19:36:10 CEST 2014: 56: finished (36ms, 180cycles)
Sun May 18 19:36:10 CEST 2014: 56: Solution found.
Sun May 18 19:36:10 CEST 2014: 57: finished (102ms, 500cycles)
Sun May 18 19:36:10 CEST 2014: 57: No solution found.
Sun May 18 19:36:10 CEST 2014: 58: finished (8ms, 33cycles)
Sun May 18 19:36:10 CEST 2014: 58: Solution found.
Sun May 18 19:36:10 CEST 2014: 59: finished (5ms, 20cycles)
Sun May 18 19:36:10 CEST 2014: 59: Solution found.
Sun May 18 19:36:10 CEST 2014: 60: finished (100ms, 500cycles)
Sun May 18 19:36:10 CEST 2014: 60: No solution found.
Sun May 18 19:36:10 CEST 2014: 61: finished (89ms, 500cycles)
Sun May 18 19:36:10 CEST 2014: 61: No solution found.
Sun May 18 19:36:10 CEST 2014: 62: finished (96ms, 500cycles)
Sun May 18 19:36:10 CEST 2014: 62: No solution found.
Sun May 18 19:36:10 CEST 2014: 63: finished (84ms, 500cycles)
Sun May 18 19:36:10 CEST 2014: 63: No solution found.
Sun May 18 19:36:10 CEST 2014: 64: finished (82ms, 500cycles)
Sun May 18 19:36:10 CEST 2014: 64: No solution found.
Sun May 18 19:36:10 CEST 2014: 65: finished (84ms, 500cycles)
Sun May 18 19:36:10 CEST 2014: 65: No solution found.
Sun May 18 19:36:10 CEST 2014: 66: finished (8ms, 40cycles)
Sun May 18 19:36:10 CEST 2014: 66: Solution found.
Sun May 18 19:36:10 CEST 2014: 67: finished (2ms, 7cycles)
Sun May 18 19:36:10 CEST 2014: 67: Solution found.
Sun May 18 19:36:10 CEST 2014: 68: finished (9ms, 49cycles)
Sun May 18 19:36:10 CEST 2014: 68: Solution found.
Sun May 18 19:36:10 CEST 2014: 69: finished (3ms, 13cycles)
Sun May 18 19:36:10 CEST 2014: 69: Solution found.
Sun May 18 19:36:10 CEST 2014: 70: finished (112ms, 500cycles)
Sun May 18 19:36:10 CEST 2014: 70: No solution found.
Sun May 18 19:36:10 CEST 2014: 71: finished (8ms, 41cycles)
Sun May 18 19:36:10 CEST 2014: 71: Solution found.
Sun May 18 19:36:10 CEST 2014: 72: finished (87ms, 500cycles)
Sun May 18 19:36:10 CEST 2014: 72: No solution found.
Sun May 18 19:36:10 CEST 2014: 73: finished (82ms, 500cycles)
Sun May 18 19:36:10 CEST 2014: 73: No solution found.
Sun May 18 19:36:11 CEST 2014: 74: finished (88ms, 500cycles)
Sun May 18 19:36:11 CEST 2014: 74: No solution found.
Sun May 18 19:36:11 CEST 2014: 75: finished (5ms, 24cycles)
Sun May 18 19:36:11 CEST 2014: 75: Solution found.
Sun May 18 19:36:11 CEST 2014: 76: finished (3ms, 10cycles)
Sun May 18 19:36:11 CEST 2014: 76: Solution found.
Sun May 18 19:36:11 CEST 2014: 77: finished (95ms, 500cycles)
Sun May 18 19:36:11 CEST 2014: 77: No solution found.
Sun May 18 19:36:11 CEST 2014: 78: finished (92ms, 500cycles)
Sun May 18 19:36:11 CEST 2014: 78: No solution found.
Sun May 18 19:36:11 CEST 2014: 79: finished (8ms, 43cycles)
Sun May 18 19:36:11 CEST 2014: 79: Solution found.
Sun May 18 19:36:11 CEST 2014: 80: finished (3ms, 14cycles)
Sun May 18 19:36:11 CEST 2014: 80: Solution found.
Sun May 18 19:36:11 CEST 2014: 81: finished (5ms, 25cycles)
Sun May 18 19:36:11 CEST 2014: 81: Solution found.
Sun May 18 19:36:11 CEST 2014: 82: finished (2ms, 9cycles)
Sun May 18 19:36:11 CEST 2014: 82: Solution found.
Sun May 18 19:36:11 CEST 2014: 83: finished (90ms, 500cycles)
Sun May 18 19:36:11 CEST 2014: 83: No solution found.
Sun May 18 19:36:11 CEST 2014: 84: finished (99ms, 500cycles)
Sun May 18 19:36:11 CEST 2014: 84: No solution found.
Sun May 18 19:36:11 CEST 2014: 85: finished (89ms, 500cycles)
Sun May 18 19:36:11 CEST 2014: 85: No solution found.
Sun May 18 19:36:11 CEST 2014: 86: finished (99ms, 500cycles)
Sun May 18 19:36:11 CEST 2014: 86: No solution found.
Sun May 18 19:36:11 CEST 2014: 87: finished (92ms, 500cycles)
Sun May 18 19:36:11 CEST 2014: 87: No solution found.
Sun May 18 19:36:11 CEST 2014: 88: finished (6ms, 25cycles)
Sun May 18 19:36:11 CEST 2014: 88: Solution found.
Sun May 18 19:36:11 CEST 2014: 89: finished (2ms, 11cycles)
Sun May 18 19:36:11 CEST 2014: 89: Solution found.
Sun May 18 19:36:11 CEST 2014: 90: finished (187ms, 500cycles)
Sun May 18 19:36:11 CEST 2014: 90: No solution found.
Sun May 18 19:36:11 CEST 2014: 91: finished (8ms, 13cycles)
Sun May 18 19:36:11 CEST 2014: 91: Solution found.
Sun May 18 19:36:12 CEST 2014: 92: finished (259ms, 500cycles)
Sun May 18 19:36:12 CEST 2014: 92: No solution found.
Sun May 18 19:36:12 CEST 2014: 93: finished (215ms, 500cycles)
Sun May 18 19:36:12 CEST 2014: 93: No solution found.
Sun May 18 19:36:12 CEST 2014: 94: finished (243ms, 500cycles)
Sun May 18 19:36:12 CEST 2014: 94: No solution found.
Sun May 18 19:36:12 CEST 2014: 95: finished (2ms, 2cycles)
Sun May 18 19:36:12 CEST 2014: 95: Solution found.
Sun May 18 19:36:12 CEST 2014: 96: finished (256ms, 500cycles)
Sun May 18 19:36:12 CEST 2014: 96: No solution found.
Sun May 18 19:36:13 CEST 2014: 97: finished (275ms, 500cycles)
Sun May 18 19:36:13 CEST 2014: 97: No solution found.
Sun May 18 19:36:13 CEST 2014: 98: finished (235ms, 500cycles)
Sun May 18 19:36:13 CEST 2014: 98: No solution found.
Sun May 18 19:36:13 CEST 2014: 99: finished (244ms, 500cycles)
Sun May 18 19:36:13 CEST 2014: 99: No solution found.
Sun May 18 19:36:13 CEST 2014: Solution Found: 44
Sun May 18 19:36:13 CEST 2014: Avg cycles: 38
Sun May 18 19:36:13 CEST 2014: Max cycles: 204
Sun May 18 19:36:13 CEST 2014: Min cycles: 2
Sun May 18 19:36:13 CEST 2014: No solution found: 56
Sun May 18 19:36:13 CEST 2014: logging finished. (runtime: 6797ms)
