Sun May 18 02:44:32 CEST 2014: Problem Count: 20
Sun May 18 02:44:32 CEST 2014: CandidatesCount: 40
Sun May 18 02:44:32 CEST 2014: Max Cycles: 500
Sun May 18 02:44:32 CEST 2014: 0: finished (111ms, 186cycles)
Sun May 18 02:44:32 CEST 2014: 0: Solution found.
Sun May 18 02:44:32 CEST 2014: 1: finished (301ms, 500cycles)
Sun May 18 02:44:32 CEST 2014: 1: No solution found.
Sun May 18 02:44:32 CEST 2014: 2: finished (80ms, 500cycles)
Sun May 18 02:44:32 CEST 2014: 2: No solution found.
Sun May 18 02:44:32 CEST 2014: 3: finished (4ms, 23cycles)
Sun May 18 02:44:32 CEST 2014: 3: Solution found.
Sun May 18 02:44:32 CEST 2014: 4: finished (80ms, 500cycles)
Sun May 18 02:44:32 CEST 2014: 4: No solution found.
Sun May 18 02:44:32 CEST 2014: 5: finished (85ms, 500cycles)
Sun May 18 02:44:32 CEST 2014: 5: No solution found.
Sun May 18 02:44:33 CEST 2014: 6: finished (71ms, 500cycles)
Sun May 18 02:44:33 CEST 2014: 6: No solution found.
Sun May 18 02:44:33 CEST 2014: 7: finished (242ms, 500cycles)
Sun May 18 02:44:33 CEST 2014: 7: No solution found.
Sun May 18 02:44:33 CEST 2014: 8: finished (8ms, 40cycles)
Sun May 18 02:44:33 CEST 2014: 8: Solution found.
Sun May 18 02:44:33 CEST 2014: 9: finished (80ms, 500cycles)
Sun May 18 02:44:33 CEST 2014: 9: No solution found.
Sun May 18 02:44:33 CEST 2014: 10: finished (5ms, 26cycles)
Sun May 18 02:44:33 CEST 2014: 10: Solution found.
Sun May 18 02:44:33 CEST 2014: 11: finished (80ms, 500cycles)
Sun May 18 02:44:33 CEST 2014: 11: No solution found.
Sun May 18 02:44:33 CEST 2014: 12: finished (1ms, 4cycles)
Sun May 18 02:44:33 CEST 2014: 12: Solution found.
Sun May 18 02:44:33 CEST 2014: 13: finished (93ms, 500cycles)
Sun May 18 02:44:33 CEST 2014: 13: No solution found.
Sun May 18 02:44:33 CEST 2014: 14: finished (6ms, 34cycles)
Sun May 18 02:44:33 CEST 2014: 14: Solution found.
Sun May 18 02:44:33 CEST 2014: 15: finished (3ms, 13cycles)
Sun May 18 02:44:33 CEST 2014: 15: Solution found.
Sun May 18 02:44:33 CEST 2014: 16: finished (75ms, 500cycles)
Sun May 18 02:44:33 CEST 2014: 16: No solution found.
Sun May 18 02:44:33 CEST 2014: 17: finished (5ms, 21cycles)
Sun May 18 02:44:33 CEST 2014: 17: Solution found.
Sun May 18 02:44:33 CEST 2014: 18: finished (83ms, 500cycles)
Sun May 18 02:44:33 CEST 2014: 18: No solution found.
Sun May 18 02:44:33 CEST 2014: 19: finished (10ms, 52cycles)
Sun May 18 02:44:33 CEST 2014: 19: Solution found.
Sun May 18 02:44:33 CEST 2014: 20: finished (79ms, 500cycles)
Sun May 18 02:44:33 CEST 2014: 20: No solution found.
Sun May 18 02:44:33 CEST 2014: 21: finished (2ms, 8cycles)
Sun May 18 02:44:33 CEST 2014: 21: Solution found.
Sun May 18 02:44:33 CEST 2014: 22: finished (2ms, 15cycles)
Sun May 18 02:44:33 CEST 2014: 22: Solution found.
Sun May 18 02:44:33 CEST 2014: 23: finished (7ms, 40cycles)
Sun May 18 02:44:33 CEST 2014: 23: Solution found.
Sun May 18 02:44:33 CEST 2014: 24: finished (23ms, 56cycles)
Sun May 18 02:44:33 CEST 2014: 24: Solution found.
Sun May 18 02:44:33 CEST 2014: 25: finished (75ms, 500cycles)
Sun May 18 02:44:33 CEST 2014: 25: No solution found.
Sun May 18 02:44:34 CEST 2014: 26: finished (211ms, 500cycles)
Sun May 18 02:44:34 CEST 2014: 26: No solution found.
Sun May 18 02:44:34 CEST 2014: 27: finished (3ms, 14cycles)
Sun May 18 02:44:34 CEST 2014: 27: Solution found.
Sun May 18 02:44:34 CEST 2014: 28: finished (73ms, 500cycles)
Sun May 18 02:44:34 CEST 2014: 28: No solution found.
Sun May 18 02:44:34 CEST 2014: 29: finished (5ms, 28cycles)
Sun May 18 02:44:34 CEST 2014: 29: Solution found.
Sun May 18 02:44:34 CEST 2014: 30: finished (72ms, 500cycles)
Sun May 18 02:44:34 CEST 2014: 30: No solution found.
Sun May 18 02:44:34 CEST 2014: 31: finished (279ms, 500cycles)
Sun May 18 02:44:34 CEST 2014: 31: No solution found.
Sun May 18 02:44:34 CEST 2014: 32: finished (1ms, 4cycles)
Sun May 18 02:44:34 CEST 2014: 32: Solution found.
Sun May 18 02:44:34 CEST 2014: 33: finished (90ms, 500cycles)
Sun May 18 02:44:34 CEST 2014: 33: No solution found.
Sun May 18 02:44:34 CEST 2014: 34: finished (75ms, 500cycles)
Sun May 18 02:44:34 CEST 2014: 34: No solution found.
Sun May 18 02:44:34 CEST 2014: 35: finished (2ms, 13cycles)
Sun May 18 02:44:34 CEST 2014: 35: Solution found.
Sun May 18 02:44:34 CEST 2014: 36: finished (2ms, 8cycles)
Sun May 18 02:44:34 CEST 2014: 36: Solution found.
Sun May 18 02:44:34 CEST 2014: 37: finished (3ms, 10cycles)
Sun May 18 02:44:34 CEST 2014: 37: Solution found.
Sun May 18 02:44:34 CEST 2014: 38: finished (7ms, 39cycles)
Sun May 18 02:44:34 CEST 2014: 38: Solution found.
Sun May 18 02:44:34 CEST 2014: 39: finished (79ms, 500cycles)
Sun May 18 02:44:34 CEST 2014: 39: No solution found.
Sun May 18 02:44:34 CEST 2014: 40: finished (78ms, 500cycles)
Sun May 18 02:44:34 CEST 2014: 40: No solution found.
Sun May 18 02:44:34 CEST 2014: 41: finished (4ms, 22cycles)
Sun May 18 02:44:34 CEST 2014: 41: Solution found.
Sun May 18 02:44:35 CEST 2014: 42: finished (82ms, 500cycles)
Sun May 18 02:44:35 CEST 2014: 42: No solution found.
Sun May 18 02:44:35 CEST 2014: 43: finished (6ms, 30cycles)
Sun May 18 02:44:35 CEST 2014: 43: Solution found.
Sun May 18 02:44:35 CEST 2014: 44: finished (74ms, 500cycles)
Sun May 18 02:44:35 CEST 2014: 44: No solution found.
Sun May 18 02:44:35 CEST 2014: 45: finished (5ms, 24cycles)
Sun May 18 02:44:35 CEST 2014: 45: Solution found.
Sun May 18 02:44:35 CEST 2014: 46: finished (76ms, 500cycles)
Sun May 18 02:44:35 CEST 2014: 46: No solution found.
Sun May 18 02:44:35 CEST 2014: 47: finished (59ms, 274cycles)
Sun May 18 02:44:35 CEST 2014: 47: Solution found.
Sun May 18 02:44:35 CEST 2014: 48: finished (162ms, 500cycles)
Sun May 18 02:44:35 CEST 2014: 48: No solution found.
Sun May 18 02:44:35 CEST 2014: 49: finished (88ms, 500cycles)
Sun May 18 02:44:35 CEST 2014: 49: No solution found.
Sun May 18 02:44:35 CEST 2014: 50: finished (65ms, 500cycles)
Sun May 18 02:44:35 CEST 2014: 50: No solution found.
Sun May 18 02:44:35 CEST 2014: 51: finished (1ms, 4cycles)
Sun May 18 02:44:35 CEST 2014: 51: Solution found.
Sun May 18 02:44:35 CEST 2014: 52: finished (2ms, 11cycles)
Sun May 18 02:44:35 CEST 2014: 52: Solution found.
Sun May 18 02:44:35 CEST 2014: 53: finished (12ms, 71cycles)
Sun May 18 02:44:35 CEST 2014: 53: Solution found.
Sun May 18 02:44:35 CEST 2014: 54: finished (89ms, 500cycles)
Sun May 18 02:44:35 CEST 2014: 54: No solution found.
Sun May 18 02:44:35 CEST 2014: 55: finished (72ms, 500cycles)
Sun May 18 02:44:35 CEST 2014: 55: No solution found.
Sun May 18 02:44:35 CEST 2014: 56: finished (11ms, 48cycles)
Sun May 18 02:44:35 CEST 2014: 56: Solution found.
Sun May 18 02:44:35 CEST 2014: 57: finished (3ms, 15cycles)
Sun May 18 02:44:35 CEST 2014: 57: Solution found.
Sun May 18 02:44:35 CEST 2014: 58: finished (4ms, 18cycles)
Sun May 18 02:44:35 CEST 2014: 58: Solution found.
Sun May 18 02:44:35 CEST 2014: 59: finished (7ms, 44cycles)
Sun May 18 02:44:35 CEST 2014: 59: Solution found.
Sun May 18 02:44:35 CEST 2014: 60: finished (1ms, 5cycles)
Sun May 18 02:44:35 CEST 2014: 60: Solution found.
Sun May 18 02:44:36 CEST 2014: 61: finished (266ms, 500cycles)
Sun May 18 02:44:36 CEST 2014: 61: No solution found.
Sun May 18 02:44:36 CEST 2014: 62: finished (2ms, 7cycles)
Sun May 18 02:44:36 CEST 2014: 62: Solution found.
Sun May 18 02:44:36 CEST 2014: 63: finished (2ms, 12cycles)
Sun May 18 02:44:36 CEST 2014: 63: Solution found.
Sun May 18 02:44:36 CEST 2014: 64: finished (211ms, 500cycles)
Sun May 18 02:44:36 CEST 2014: 64: No solution found.
Sun May 18 02:44:36 CEST 2014: 65: finished (215ms, 500cycles)
Sun May 18 02:44:36 CEST 2014: 65: No solution found.
Sun May 18 02:44:36 CEST 2014: 66: finished (2ms, 6cycles)
Sun May 18 02:44:36 CEST 2014: 66: Solution found.
Sun May 18 02:44:36 CEST 2014: 67: finished (72ms, 500cycles)
Sun May 18 02:44:36 CEST 2014: 67: No solution found.
Sun May 18 02:44:36 CEST 2014: 68: finished (11ms, 42cycles)
Sun May 18 02:44:36 CEST 2014: 68: Solution found.
Sun May 18 02:44:36 CEST 2014: 69: finished (4ms, 19cycles)
Sun May 18 02:44:36 CEST 2014: 69: Solution found.
Sun May 18 02:44:36 CEST 2014: 70: finished (185ms, 500cycles)
Sun May 18 02:44:36 CEST 2014: 70: No solution found.
Sun May 18 02:44:36 CEST 2014: 71: finished (68ms, 500cycles)
Sun May 18 02:44:36 CEST 2014: 71: No solution found.
Sun May 18 02:44:36 CEST 2014: 72: finished (85ms, 500cycles)
Sun May 18 02:44:36 CEST 2014: 72: No solution found.
Sun May 18 02:44:36 CEST 2014: 73: finished (10ms, 52cycles)
Sun May 18 02:44:36 CEST 2014: 73: Solution found.
Sun May 18 02:44:36 CEST 2014: 74: finished (1ms, 6cycles)
Sun May 18 02:44:36 CEST 2014: 74: Solution found.
Sun May 18 02:44:36 CEST 2014: 75: finished (2ms, 8cycles)
Sun May 18 02:44:36 CEST 2014: 75: Solution found.
Sun May 18 02:44:36 CEST 2014: 76: finished (71ms, 500cycles)
Sun May 18 02:44:36 CEST 2014: 76: No solution found.
Sun May 18 02:44:37 CEST 2014: 77: finished (73ms, 500cycles)
Sun May 18 02:44:37 CEST 2014: 77: No solution found.
Sun May 18 02:44:37 CEST 2014: 78: finished (78ms, 500cycles)
Sun May 18 02:44:37 CEST 2014: 78: No solution found.
Sun May 18 02:44:37 CEST 2014: 79: finished (3ms, 14cycles)
Sun May 18 02:44:37 CEST 2014: 79: Solution found.
Sun May 18 02:44:37 CEST 2014: 80: finished (343ms, 500cycles)
Sun May 18 02:44:37 CEST 2014: 80: No solution found.
Sun May 18 02:44:37 CEST 2014: 81: finished (78ms, 500cycles)
Sun May 18 02:44:37 CEST 2014: 81: No solution found.
Sun May 18 02:44:37 CEST 2014: 82: finished (18ms, 111cycles)
Sun May 18 02:44:37 CEST 2014: 82: Solution found.
Sun May 18 02:44:37 CEST 2014: 83: finished (80ms, 500cycles)
Sun May 18 02:44:37 CEST 2014: 83: No solution found.
Sun May 18 02:44:37 CEST 2014: 84: finished (2ms, 5cycles)
Sun May 18 02:44:37 CEST 2014: 84: Solution found.
Sun May 18 02:44:37 CEST 2014: 85: finished (209ms, 500cycles)
Sun May 18 02:44:37 CEST 2014: 85: No solution found.
Sun May 18 02:44:37 CEST 2014: 86: finished (76ms, 500cycles)
Sun May 18 02:44:37 CEST 2014: 86: No solution found.
Sun May 18 02:44:37 CEST 2014: 87: finished (4ms, 15cycles)
Sun May 18 02:44:37 CEST 2014: 87: Solution found.
Sun May 18 02:44:37 CEST 2014: 88: finished (6ms, 30cycles)
Sun May 18 02:44:37 CEST 2014: 88: Solution found.
Sun May 18 02:44:37 CEST 2014: 89: finished (8ms, 43cycles)
Sun May 18 02:44:37 CEST 2014: 89: Solution found.
Sun May 18 02:44:38 CEST 2014: 90: finished (77ms, 500cycles)
Sun May 18 02:44:38 CEST 2014: 90: No solution found.
Sun May 18 02:44:38 CEST 2014: 91: finished (9ms, 49cycles)
Sun May 18 02:44:38 CEST 2014: 91: Solution found.
Sun May 18 02:44:38 CEST 2014: 92: finished (3ms, 17cycles)
Sun May 18 02:44:38 CEST 2014: 92: Solution found.
Sun May 18 02:44:38 CEST 2014: 93: finished (3ms, 13cycles)
Sun May 18 02:44:38 CEST 2014: 93: Solution found.
Sun May 18 02:44:38 CEST 2014: 94: finished (2ms, 9cycles)
Sun May 18 02:44:38 CEST 2014: 94: Solution found.
Sun May 18 02:44:38 CEST 2014: 95: finished (149ms, 500cycles)
Sun May 18 02:44:38 CEST 2014: 95: No solution found.
Sun May 18 02:44:38 CEST 2014: 96: finished (71ms, 500cycles)
Sun May 18 02:44:38 CEST 2014: 96: No solution found.
Sun May 18 02:44:38 CEST 2014: 97: finished (3ms, 10cycles)
Sun May 18 02:44:38 CEST 2014: 97: Solution found.
Sun May 18 02:44:38 CEST 2014: 98: finished (81ms, 500cycles)
Sun May 18 02:44:38 CEST 2014: 98: No solution found.
Sun May 18 02:44:38 CEST 2014: 99: finished (5ms, 8cycles)
Sun May 18 02:44:38 CEST 2014: 99: Solution found.
Sun May 18 02:44:38 CEST 2014: Solution Found: 52
Sun May 18 02:44:38 CEST 2014: Avg cycles: 32
Sun May 18 02:44:38 CEST 2014: Max cycles: 274
Sun May 18 02:44:38 CEST 2014: Min cycles: 4
Sun May 18 02:44:38 CEST 2014: No solution found: 48
Sun May 18 02:44:38 CEST 2014: logging finished. (runtime: 6015ms)
