Sun May 18 01:40:29 CEST 2014: Problem Count: 10
Sun May 18 01:40:29 CEST 2014: CandidatesCount: 40
Sun May 18 01:40:29 CEST 2014: Max Cycles: 500
Sun May 18 01:40:29 CEST 2014: 0: finished (40ms, 500cycles)
Sun May 18 01:40:29 CEST 2014: 0: No solution found.
Sun May 18 01:40:29 CEST 2014: 1: finished (33ms, 218cycles)
Sun May 18 01:40:29 CEST 2014: 1: Solution found.
Sun May 18 01:40:29 CEST 2014: 2: finished (280ms, 500cycles)
Sun May 18 01:40:29 CEST 2014: 2: No solution found.
Sun May 18 01:40:29 CEST 2014: 3: finished (7ms, 45cycles)
Sun May 18 01:40:29 CEST 2014: 3: Solution found.
Sun May 18 01:40:29 CEST 2014: 4: finished (67ms, 500cycles)
Sun May 18 01:40:29 CEST 2014: 4: No solution found.
Sun May 18 01:40:29 CEST 2014: 5: finished (119ms, 500cycles)
Sun May 18 01:40:29 CEST 2014: 5: No solution found.
Sun May 18 01:40:29 CEST 2014: 6: finished (87ms, 208cycles)
Sun May 18 01:40:29 CEST 2014: 6: Solution found.
Sun May 18 01:40:29 CEST 2014: 7: finished (42ms, 500cycles)
Sun May 18 01:40:29 CEST 2014: 7: No solution found.
Sun May 18 01:40:30 CEST 2014: 8: finished (115ms, 500cycles)
Sun May 18 01:40:30 CEST 2014: 8: No solution found.
Sun May 18 01:40:30 CEST 2014: 9: finished (12ms, 42cycles)
Sun May 18 01:40:30 CEST 2014: 9: Solution found.
Sun May 18 01:40:30 CEST 2014: 10: finished (65ms, 112cycles)
Sun May 18 01:40:30 CEST 2014: 10: Solution found.
Sun May 18 01:40:30 CEST 2014: 11: finished (39ms, 500cycles)
Sun May 18 01:40:30 CEST 2014: 11: No solution found.
Sun May 18 01:40:30 CEST 2014: 12: finished (213ms, 500cycles)
Sun May 18 01:40:30 CEST 2014: 12: No solution found.
Sun May 18 01:40:30 CEST 2014: 13: finished (10ms, 31cycles)
Sun May 18 01:40:30 CEST 2014: 13: Solution found.
Sun May 18 01:40:30 CEST 2014: 14: finished (42ms, 64cycles)
Sun May 18 01:40:30 CEST 2014: 14: Solution found.
Sun May 18 01:40:30 CEST 2014: 15: finished (110ms, 500cycles)
Sun May 18 01:40:30 CEST 2014: 15: No solution found.
Sun May 18 01:40:30 CEST 2014: 16: finished (161ms, 500cycles)
Sun May 18 01:40:30 CEST 2014: 16: No solution found.
Sun May 18 01:40:30 CEST 2014: 17: finished (1ms, 10cycles)
Sun May 18 01:40:30 CEST 2014: 17: Solution found.
Sun May 18 01:40:30 CEST 2014: 18: finished (35ms, 500cycles)
Sun May 18 01:40:30 CEST 2014: 18: No solution found.
Sun May 18 01:40:30 CEST 2014: 19: finished (193ms, 500cycles)
Sun May 18 01:40:30 CEST 2014: 19: No solution found.
Sun May 18 01:40:31 CEST 2014: 20: finished (52ms, 84cycles)
Sun May 18 01:40:31 CEST 2014: 20: Solution found.
Sun May 18 01:40:31 CEST 2014: 21: finished (37ms, 500cycles)
Sun May 18 01:40:31 CEST 2014: 21: No solution found.
Sun May 18 01:40:31 CEST 2014: 22: finished (39ms, 500cycles)
Sun May 18 01:40:31 CEST 2014: 22: No solution found.
Sun May 18 01:40:31 CEST 2014: 23: finished (175ms, 500cycles)
Sun May 18 01:40:31 CEST 2014: 23: No solution found.
Sun May 18 01:40:31 CEST 2014: 24: finished (38ms, 500cycles)
Sun May 18 01:40:31 CEST 2014: 24: No solution found.
Sun May 18 01:40:31 CEST 2014: 25: finished (182ms, 500cycles)
Sun May 18 01:40:31 CEST 2014: 25: No solution found.
Sun May 18 01:40:31 CEST 2014: 26: finished (61ms, 124cycles)
Sun May 18 01:40:31 CEST 2014: 26: Solution found.
Sun May 18 01:40:31 CEST 2014: 27: finished (196ms, 500cycles)
Sun May 18 01:40:31 CEST 2014: 27: No solution found.
Sun May 18 01:40:31 CEST 2014: 28: finished (132ms, 187cycles)
Sun May 18 01:40:31 CEST 2014: 28: Solution found.
Sun May 18 01:40:31 CEST 2014: 29: finished (28ms, 81cycles)
Sun May 18 01:40:31 CEST 2014: 29: Solution found.
Sun May 18 01:40:31 CEST 2014: 30: finished (36ms, 500cycles)
Sun May 18 01:40:31 CEST 2014: 30: No solution found.
Sun May 18 01:40:31 CEST 2014: 31: finished (2ms, 14cycles)
Sun May 18 01:40:31 CEST 2014: 31: Solution found.
Sun May 18 01:40:32 CEST 2014: 32: finished (175ms, 500cycles)
Sun May 18 01:40:32 CEST 2014: 32: No solution found.
Sun May 18 01:40:32 CEST 2014: 33: finished (159ms, 500cycles)
Sun May 18 01:40:32 CEST 2014: 33: No solution found.
Sun May 18 01:40:32 CEST 2014: 34: finished (166ms, 500cycles)
Sun May 18 01:40:32 CEST 2014: 34: No solution found.
Sun May 18 01:40:32 CEST 2014: 35: finished (41ms, 500cycles)
Sun May 18 01:40:32 CEST 2014: 35: No solution found.
Sun May 18 01:40:32 CEST 2014: 36: finished (2ms, 13cycles)
Sun May 18 01:40:32 CEST 2014: 36: Solution found.
Sun May 18 01:40:32 CEST 2014: 37: finished (1ms, 8cycles)
Sun May 18 01:40:32 CEST 2014: 37: Solution found.
Sun May 18 01:40:32 CEST 2014: 38: finished (188ms, 500cycles)
Sun May 18 01:40:32 CEST 2014: 38: No solution found.
Sun May 18 01:40:32 CEST 2014: 39: finished (171ms, 500cycles)
Sun May 18 01:40:32 CEST 2014: 39: No solution found.
Sun May 18 01:40:32 CEST 2014: 40: finished (10ms, 29cycles)
Sun May 18 01:40:32 CEST 2014: 40: Solution found.
Sun May 18 01:40:32 CEST 2014: 41: finished (7ms, 21cycles)
Sun May 18 01:40:32 CEST 2014: 41: Solution found.
Sun May 18 01:40:33 CEST 2014: 42: finished (301ms, 500cycles)
Sun May 18 01:40:33 CEST 2014: 42: No solution found.
Sun May 18 01:40:33 CEST 2014: 43: finished (1ms, 7cycles)
Sun May 18 01:40:33 CEST 2014: 43: Solution found.
Sun May 18 01:40:33 CEST 2014: 44: finished (30ms, 48cycles)
Sun May 18 01:40:33 CEST 2014: 44: Solution found.
Sun May 18 01:40:33 CEST 2014: 45: finished (211ms, 500cycles)
Sun May 18 01:40:33 CEST 2014: 45: No solution found.
Sun May 18 01:40:33 CEST 2014: 46: finished (201ms, 500cycles)
Sun May 18 01:40:33 CEST 2014: 46: No solution found.
Sun May 18 01:40:33 CEST 2014: 47: finished (0ms, 2cycles)
Sun May 18 01:40:33 CEST 2014: 47: Solution found.
Sun May 18 01:40:33 CEST 2014: 48: finished (322ms, 500cycles)
Sun May 18 01:40:33 CEST 2014: 48: No solution found.
Sun May 18 01:40:33 CEST 2014: 49: finished (33ms, 500cycles)
Sun May 18 01:40:33 CEST 2014: 49: No solution found.
Sun May 18 01:40:33 CEST 2014: 50: finished (21ms, 49cycles)
Sun May 18 01:40:33 CEST 2014: 50: Solution found.
Sun May 18 01:40:34 CEST 2014: 51: finished (161ms, 500cycles)
Sun May 18 01:40:34 CEST 2014: 51: No solution found.
Sun May 18 01:40:34 CEST 2014: 52: finished (276ms, 500cycles)
Sun May 18 01:40:34 CEST 2014: 52: No solution found.
Sun May 18 01:40:34 CEST 2014: 53: finished (192ms, 500cycles)
Sun May 18 01:40:34 CEST 2014: 53: No solution found.
Sun May 18 01:40:34 CEST 2014: 54: finished (186ms, 500cycles)
Sun May 18 01:40:34 CEST 2014: 54: No solution found.
Sun May 18 01:40:35 CEST 2014: 55: finished (255ms, 500cycles)
Sun May 18 01:40:35 CEST 2014: 55: No solution found.
Sun May 18 01:40:35 CEST 2014: 56: finished (145ms, 500cycles)
Sun May 18 01:40:35 CEST 2014: 56: No solution found.
Sun May 18 01:40:35 CEST 2014: 57: finished (99ms, 500cycles)
Sun May 18 01:40:35 CEST 2014: 57: No solution found.
Sun May 18 01:40:35 CEST 2014: 58: finished (244ms, 500cycles)
Sun May 18 01:40:35 CEST 2014: 58: No solution found.
Sun May 18 01:40:35 CEST 2014: 59: finished (175ms, 500cycles)
Sun May 18 01:40:35 CEST 2014: 59: No solution found.
Sun May 18 01:40:35 CEST 2014: 60: finished (1ms, 3cycles)
Sun May 18 01:40:35 CEST 2014: 60: Solution found.
Sun May 18 01:40:35 CEST 2014: 61: finished (83ms, 500cycles)
Sun May 18 01:40:35 CEST 2014: 61: No solution found.
Sun May 18 01:40:35 CEST 2014: 62: finished (34ms, 500cycles)
Sun May 18 01:40:35 CEST 2014: 62: No solution found.
Sun May 18 01:40:36 CEST 2014: 63: finished (182ms, 500cycles)
Sun May 18 01:40:36 CEST 2014: 63: No solution found.
Sun May 18 01:40:36 CEST 2014: 64: finished (1ms, 2cycles)
Sun May 18 01:40:36 CEST 2014: 64: Solution found.
Sun May 18 01:40:36 CEST 2014: 65: finished (9ms, 24cycles)
Sun May 18 01:40:36 CEST 2014: 65: Solution found.
Sun May 18 01:40:36 CEST 2014: 66: finished (168ms, 500cycles)
Sun May 18 01:40:36 CEST 2014: 66: No solution found.
Sun May 18 01:40:36 CEST 2014: 67: finished (220ms, 500cycles)
Sun May 18 01:40:36 CEST 2014: 67: No solution found.
Sun May 18 01:40:36 CEST 2014: 68: finished (21ms, 37cycles)
Sun May 18 01:40:36 CEST 2014: 68: Solution found.
Sun May 18 01:40:36 CEST 2014: 69: finished (37ms, 500cycles)
Sun May 18 01:40:36 CEST 2014: 69: No solution found.
Sun May 18 01:40:36 CEST 2014: 70: finished (48ms, 500cycles)
Sun May 18 01:40:36 CEST 2014: 70: No solution found.
Sun May 18 01:40:36 CEST 2014: 71: finished (99ms, 303cycles)
Sun May 18 01:40:36 CEST 2014: 71: Solution found.
Sun May 18 01:40:36 CEST 2014: 72: finished (1ms, 7cycles)
Sun May 18 01:40:36 CEST 2014: 72: Solution found.
Sun May 18 01:40:36 CEST 2014: 73: finished (212ms, 500cycles)
Sun May 18 01:40:36 CEST 2014: 73: No solution found.
Sun May 18 01:40:36 CEST 2014: 74: finished (9ms, 73cycles)
Sun May 18 01:40:36 CEST 2014: 74: Solution found.
Sun May 18 01:40:37 CEST 2014: 75: finished (153ms, 500cycles)
Sun May 18 01:40:37 CEST 2014: 75: No solution found.
Sun May 18 01:40:37 CEST 2014: 76: finished (43ms, 84cycles)
Sun May 18 01:40:37 CEST 2014: 76: Solution found.
Sun May 18 01:40:37 CEST 2014: 77: finished (357ms, 500cycles)
Sun May 18 01:40:37 CEST 2014: 77: No solution found.
Sun May 18 01:40:37 CEST 2014: 78: finished (253ms, 500cycles)
Sun May 18 01:40:37 CEST 2014: 78: No solution found.
Sun May 18 01:40:37 CEST 2014: 79: finished (2ms, 9cycles)
Sun May 18 01:40:37 CEST 2014: 79: Solution found.
Sun May 18 01:40:37 CEST 2014: 80: finished (39ms, 500cycles)
Sun May 18 01:40:37 CEST 2014: 80: No solution found.
Sun May 18 01:40:37 CEST 2014: 81: finished (6ms, 18cycles)
Sun May 18 01:40:37 CEST 2014: 81: Solution found.
Sun May 18 01:40:37 CEST 2014: 82: finished (50ms, 500cycles)
Sun May 18 01:40:37 CEST 2014: 82: No solution found.
Sun May 18 01:40:37 CEST 2014: 83: finished (38ms, 500cycles)
Sun May 18 01:40:37 CEST 2014: 83: No solution found.
Sun May 18 01:40:38 CEST 2014: 84: finished (225ms, 500cycles)
Sun May 18 01:40:38 CEST 2014: 84: No solution found.
Sun May 18 01:40:38 CEST 2014: 85: finished (38ms, 500cycles)
Sun May 18 01:40:38 CEST 2014: 85: No solution found.
Sun May 18 01:40:38 CEST 2014: 86: finished (276ms, 500cycles)
Sun May 18 01:40:38 CEST 2014: 86: No solution found.
Sun May 18 01:40:38 CEST 2014: 87: finished (33ms, 500cycles)
Sun May 18 01:40:38 CEST 2014: 87: No solution found.
Sun May 18 01:40:38 CEST 2014: 88: finished (40ms, 500cycles)
Sun May 18 01:40:38 CEST 2014: 88: No solution found.
Sun May 18 01:40:38 CEST 2014: 89: finished (1ms, 8cycles)
Sun May 18 01:40:38 CEST 2014: 89: Solution found.
Sun May 18 01:40:38 CEST 2014: 90: finished (171ms, 500cycles)
Sun May 18 01:40:38 CEST 2014: 90: No solution found.
Sun May 18 01:40:38 CEST 2014: 91: finished (38ms, 500cycles)
Sun May 18 01:40:38 CEST 2014: 91: No solution found.
Sun May 18 01:40:38 CEST 2014: 92: finished (44ms, 500cycles)
Sun May 18 01:40:38 CEST 2014: 92: No solution found.
Sun May 18 01:40:38 CEST 2014: 93: finished (3ms, 20cycles)
Sun May 18 01:40:38 CEST 2014: 93: Solution found.
Sun May 18 01:40:38 CEST 2014: 94: finished (42ms, 500cycles)
Sun May 18 01:40:38 CEST 2014: 94: No solution found.
Sun May 18 01:40:38 CEST 2014: 95: finished (64ms, 136cycles)
Sun May 18 01:40:38 CEST 2014: 95: Solution found.
Sun May 18 01:40:38 CEST 2014: 96: finished (10ms, 37cycles)
Sun May 18 01:40:38 CEST 2014: 96: Solution found.
Sun May 18 01:40:39 CEST 2014: 97: finished (226ms, 500cycles)
Sun May 18 01:40:39 CEST 2014: 97: No solution found.
Sun May 18 01:40:39 CEST 2014: 98: finished (3ms, 9cycles)
Sun May 18 01:40:39 CEST 2014: 98: Solution found.
Sun May 18 01:40:39 CEST 2014: 99: finished (220ms, 500cycles)
Sun May 18 01:40:39 CEST 2014: 99: No solution found.
Sun May 18 01:40:39 CEST 2014: Solution Found: 36
Sun May 18 01:40:39 CEST 2014: Avg cycles: 60
Sun May 18 01:40:39 CEST 2014: Max cycles: 303
Sun May 18 01:40:39 CEST 2014: Min cycles: 2
Sun May 18 01:40:39 CEST 2014: No solution found: 64
Sun May 18 01:40:39 CEST 2014: logging finished. (runtime: 9950ms)
