Wed May 07 02:33:55 CEST 2014: Problem Count: 50
Wed May 07 02:33:55 CEST 2014: CandidatesCount: 50
Wed May 07 02:33:55 CEST 2014: Max Cycles: 500
Wed May 07 02:33:55 CEST 2014: 0: finished (12ms, 17cycles)
Wed May 07 02:33:55 CEST 2014: 0: Solution found.
Wed May 07 02:33:56 CEST 2014: 1: finished (312ms, 500cycles)
Wed May 07 02:33:56 CEST 2014: 1: No solution found.
Wed May 07 02:33:56 CEST 2014: 2: finished (319ms, 500cycles)
Wed May 07 02:33:56 CEST 2014: 2: No solution found.
Wed May 07 02:33:56 CEST 2014: 3: finished (10ms, 14cycles)
Wed May 07 02:33:56 CEST 2014: 3: Solution found.
Wed May 07 02:33:56 CEST 2014: 4: finished (369ms, 500cycles)
Wed May 07 02:33:56 CEST 2014: 4: No solution found.
Wed May 07 02:33:56 CEST 2014: 5: finished (43ms, 55cycles)
Wed May 07 02:33:56 CEST 2014: 5: Solution found.
Wed May 07 02:33:56 CEST 2014: 6: finished (15ms, 21cycles)
Wed May 07 02:33:56 CEST 2014: 6: Solution found.
Wed May 07 02:33:56 CEST 2014: 7: finished (27ms, 39cycles)
Wed May 07 02:33:56 CEST 2014: 7: Solution found.
Wed May 07 02:33:57 CEST 2014: 8: finished (11ms, 16cycles)
Wed May 07 02:33:57 CEST 2014: 8: Solution found.
Wed May 07 02:33:57 CEST 2014: 9: finished (37ms, 36cycles)
Wed May 07 02:33:57 CEST 2014: 9: Solution found.
Wed May 07 02:33:57 CEST 2014: 10: finished (313ms, 500cycles)
Wed May 07 02:33:57 CEST 2014: 10: No solution found.
Wed May 07 02:33:57 CEST 2014: 11: finished (13ms, 20cycles)
Wed May 07 02:33:57 CEST 2014: 11: Solution found.
Wed May 07 02:33:57 CEST 2014: 12: finished (327ms, 500cycles)
Wed May 07 02:33:57 CEST 2014: 12: No solution found.
Wed May 07 02:33:57 CEST 2014: 13: finished (11ms, 14cycles)
Wed May 07 02:33:57 CEST 2014: 13: Solution found.
Wed May 07 02:33:57 CEST 2014: 14: finished (10ms, 13cycles)
Wed May 07 02:33:57 CEST 2014: 14: Solution found.
Wed May 07 02:33:57 CEST 2014: 15: finished (17ms, 24cycles)
Wed May 07 02:33:57 CEST 2014: 15: Solution found.
Wed May 07 02:33:57 CEST 2014: 16: finished (33ms, 50cycles)
Wed May 07 02:33:57 CEST 2014: 16: Solution found.
Wed May 07 02:33:57 CEST 2014: 17: finished (28ms, 41cycles)
Wed May 07 02:33:57 CEST 2014: 17: Solution found.
Wed May 07 02:33:57 CEST 2014: 18: finished (6ms, 9cycles)
Wed May 07 02:33:57 CEST 2014: 18: Solution found.
Wed May 07 02:33:57 CEST 2014: 19: finished (24ms, 33cycles)
Wed May 07 02:33:57 CEST 2014: 19: Solution found.
Wed May 07 02:33:58 CEST 2014: 20: finished (320ms, 500cycles)
Wed May 07 02:33:58 CEST 2014: 20: No solution found.
Wed May 07 02:33:58 CEST 2014: 21: finished (333ms, 500cycles)
Wed May 07 02:33:58 CEST 2014: 21: No solution found.
Wed May 07 02:33:58 CEST 2014: 22: finished (3ms, 3cycles)
Wed May 07 02:33:58 CEST 2014: 22: Solution found.
Wed May 07 02:33:58 CEST 2014: 23: finished (16ms, 24cycles)
Wed May 07 02:33:58 CEST 2014: 23: Solution found.
Wed May 07 02:33:58 CEST 2014: 24: finished (12ms, 15cycles)
Wed May 07 02:33:58 CEST 2014: 24: Solution found.
Wed May 07 02:33:58 CEST 2014: 25: finished (10ms, 15cycles)
Wed May 07 02:33:58 CEST 2014: 25: Solution found.
Wed May 07 02:33:58 CEST 2014: 26: finished (55ms, 75cycles)
Wed May 07 02:33:58 CEST 2014: 26: Solution found.
Wed May 07 02:33:58 CEST 2014: 27: finished (314ms, 500cycles)
Wed May 07 02:33:58 CEST 2014: 27: No solution found.
Wed May 07 02:33:58 CEST 2014: 28: finished (5ms, 6cycles)
Wed May 07 02:33:58 CEST 2014: 28: Solution found.
Wed May 07 02:33:58 CEST 2014: 29: finished (13ms, 18cycles)
Wed May 07 02:33:58 CEST 2014: 29: Solution found.
Wed May 07 02:33:58 CEST 2014: 30: finished (16ms, 24cycles)
Wed May 07 02:33:58 CEST 2014: 30: Solution found.
Wed May 07 02:33:58 CEST 2014: 31: finished (64ms, 96cycles)
Wed May 07 02:33:58 CEST 2014: 31: Solution found.
Wed May 07 02:33:59 CEST 2014: 32: finished (8ms, 8cycles)
Wed May 07 02:33:59 CEST 2014: 32: Solution found.
Wed May 07 02:33:59 CEST 2014: 33: finished (14ms, 17cycles)
Wed May 07 02:33:59 CEST 2014: 33: Solution found.
Wed May 07 02:33:59 CEST 2014: 34: finished (335ms, 500cycles)
Wed May 07 02:33:59 CEST 2014: 34: No solution found.
Wed May 07 02:33:59 CEST 2014: 35: finished (12ms, 12cycles)
Wed May 07 02:33:59 CEST 2014: 35: Solution found.
Wed May 07 02:33:59 CEST 2014: 36: finished (11ms, 15cycles)
Wed May 07 02:33:59 CEST 2014: 36: Solution found.
Wed May 07 02:33:59 CEST 2014: 37: finished (312ms, 500cycles)
Wed May 07 02:33:59 CEST 2014: 37: No solution found.
Wed May 07 02:34:00 CEST 2014: 38: finished (711ms, 500cycles)
Wed May 07 02:34:00 CEST 2014: 38: No solution found.
Wed May 07 02:34:00 CEST 2014: 39: finished (86ms, 41cycles)
Wed May 07 02:34:00 CEST 2014: 39: Solution found.
Wed May 07 02:34:00 CEST 2014: 40: finished (40ms, 20cycles)
Wed May 07 02:34:00 CEST 2014: 40: Solution found.
Wed May 07 02:34:01 CEST 2014: 41: finished (914ms, 500cycles)
Wed May 07 02:34:01 CEST 2014: 41: No solution found.
Wed May 07 02:34:01 CEST 2014: 42: finished (80ms, 41cycles)
Wed May 07 02:34:01 CEST 2014: 42: Solution found.
Wed May 07 02:34:01 CEST 2014: 43: finished (31ms, 15cycles)
Wed May 07 02:34:01 CEST 2014: 43: Solution found.
Wed May 07 02:34:02 CEST 2014: 44: finished (902ms, 500cycles)
Wed May 07 02:34:02 CEST 2014: 44: No solution found.
Wed May 07 02:34:02 CEST 2014: 45: finished (160ms, 74cycles)
Wed May 07 02:34:02 CEST 2014: 45: Solution found.
Wed May 07 02:34:03 CEST 2014: 46: finished (1191ms, 500cycles)
Wed May 07 02:34:03 CEST 2014: 46: No solution found.
Wed May 07 02:34:03 CEST 2014: 47: finished (49ms, 24cycles)
Wed May 07 02:34:03 CEST 2014: 47: Solution found.
Wed May 07 02:34:03 CEST 2014: 48: finished (45ms, 24cycles)
Wed May 07 02:34:03 CEST 2014: 48: Solution found.
Wed May 07 02:34:03 CEST 2014: 49: finished (69ms, 32cycles)
Wed May 07 02:34:03 CEST 2014: 49: Solution found.
Wed May 07 02:34:04 CEST 2014: 50: finished (887ms, 500cycles)
Wed May 07 02:34:04 CEST 2014: 50: No solution found.
Wed May 07 02:34:04 CEST 2014: 51: finished (60ms, 31cycles)
Wed May 07 02:34:04 CEST 2014: 51: Solution found.
Wed May 07 02:34:04 CEST 2014: 52: finished (21ms, 10cycles)
Wed May 07 02:34:04 CEST 2014: 52: Solution found.
Wed May 07 02:34:05 CEST 2014: 53: finished (82ms, 42cycles)
Wed May 07 02:34:05 CEST 2014: 53: Solution found.
Wed May 07 02:34:05 CEST 2014: 54: finished (44ms, 22cycles)
Wed May 07 02:34:05 CEST 2014: 54: Solution found.
Wed May 07 02:34:05 CEST 2014: 55: finished (88ms, 41cycles)
Wed May 07 02:34:05 CEST 2014: 55: Solution found.
Wed May 07 02:34:05 CEST 2014: 56: finished (43ms, 21cycles)
Wed May 07 02:34:05 CEST 2014: 56: Solution found.
Wed May 07 02:34:05 CEST 2014: 57: finished (63ms, 30cycles)
Wed May 07 02:34:05 CEST 2014: 57: Solution found.
Wed May 07 02:34:05 CEST 2014: 58: finished (167ms, 81cycles)
Wed May 07 02:34:05 CEST 2014: 58: Solution found.
Wed May 07 02:34:05 CEST 2014: 59: finished (41ms, 19cycles)
Wed May 07 02:34:05 CEST 2014: 59: Solution found.
Wed May 07 02:34:05 CEST 2014: 60: finished (198ms, 102cycles)
Wed May 07 02:34:05 CEST 2014: 60: Solution found.
Wed May 07 02:34:06 CEST 2014: 61: finished (461ms, 500cycles)
Wed May 07 02:34:06 CEST 2014: 61: No solution found.
Wed May 07 02:34:06 CEST 2014: 62: finished (7ms, 8cycles)
Wed May 07 02:34:06 CEST 2014: 62: Solution found.
Wed May 07 02:34:06 CEST 2014: 63: finished (47ms, 72cycles)
Wed May 07 02:34:06 CEST 2014: 63: Solution found.
Wed May 07 02:34:06 CEST 2014: 64: finished (31ms, 37cycles)
Wed May 07 02:34:06 CEST 2014: 64: Solution found.
Wed May 07 02:34:06 CEST 2014: 65: finished (303ms, 500cycles)
Wed May 07 02:34:06 CEST 2014: 65: No solution found.
Wed May 07 02:34:06 CEST 2014: 66: finished (286ms, 500cycles)
Wed May 07 02:34:06 CEST 2014: 66: No solution found.
Wed May 07 02:34:07 CEST 2014: 67: finished (299ms, 500cycles)
Wed May 07 02:34:07 CEST 2014: 67: No solution found.
Wed May 07 02:34:07 CEST 2014: 68: finished (5ms, 7cycles)
Wed May 07 02:34:07 CEST 2014: 68: Solution found.
Wed May 07 02:34:07 CEST 2014: 69: finished (12ms, 19cycles)
Wed May 07 02:34:07 CEST 2014: 69: Solution found.
Wed May 07 02:34:07 CEST 2014: 70: finished (16ms, 25cycles)
Wed May 07 02:34:07 CEST 2014: 70: Solution found.
Wed May 07 02:34:07 CEST 2014: 71: finished (303ms, 500cycles)
Wed May 07 02:34:07 CEST 2014: 71: No solution found.
Wed May 07 02:34:07 CEST 2014: 72: finished (18ms, 24cycles)
Wed May 07 02:34:07 CEST 2014: 72: Solution found.
Wed May 07 02:34:07 CEST 2014: 73: finished (12ms, 18cycles)
Wed May 07 02:34:07 CEST 2014: 73: Solution found.
Wed May 07 02:34:07 CEST 2014: 74: finished (34ms, 50cycles)
Wed May 07 02:34:07 CEST 2014: 74: Solution found.
Wed May 07 02:34:07 CEST 2014: 75: finished (30ms, 45cycles)
Wed May 07 02:34:07 CEST 2014: 75: Solution found.
Wed May 07 02:34:07 CEST 2014: 76: finished (299ms, 500cycles)
Wed May 07 02:34:07 CEST 2014: 76: No solution found.
Wed May 07 02:34:07 CEST 2014: 77: finished (18ms, 26cycles)
Wed May 07 02:34:07 CEST 2014: 77: Solution found.
Wed May 07 02:34:08 CEST 2014: 78: finished (306ms, 500cycles)
Wed May 07 02:34:08 CEST 2014: 78: No solution found.
Wed May 07 02:34:08 CEST 2014: 79: finished (13ms, 16cycles)
Wed May 07 02:34:08 CEST 2014: 79: Solution found.
Wed May 07 02:34:08 CEST 2014: 80: finished (333ms, 500cycles)
Wed May 07 02:34:08 CEST 2014: 80: No solution found.
Wed May 07 02:34:08 CEST 2014: 81: finished (310ms, 500cycles)
Wed May 07 02:34:08 CEST 2014: 81: No solution found.
Wed May 07 02:34:08 CEST 2014: 82: finished (18ms, 23cycles)
Wed May 07 02:34:08 CEST 2014: 82: Solution found.
Wed May 07 02:34:08 CEST 2014: 83: finished (9ms, 13cycles)
Wed May 07 02:34:08 CEST 2014: 83: Solution found.
Wed May 07 02:34:09 CEST 2014: 84: finished (306ms, 500cycles)
Wed May 07 02:34:09 CEST 2014: 84: No solution found.
Wed May 07 02:34:09 CEST 2014: 85: finished (10ms, 13cycles)
Wed May 07 02:34:09 CEST 2014: 85: Solution found.
Wed May 07 02:34:09 CEST 2014: 86: finished (7ms, 10cycles)
Wed May 07 02:34:09 CEST 2014: 86: Solution found.
Wed May 07 02:34:09 CEST 2014: 87: finished (7ms, 10cycles)
Wed May 07 02:34:09 CEST 2014: 87: Solution found.
Wed May 07 02:34:09 CEST 2014: 88: finished (310ms, 500cycles)
Wed May 07 02:34:09 CEST 2014: 88: No solution found.
Wed May 07 02:34:09 CEST 2014: 89: finished (16ms, 21cycles)
Wed May 07 02:34:09 CEST 2014: 89: Solution found.
Wed May 07 02:34:09 CEST 2014: 90: finished (16ms, 22cycles)
Wed May 07 02:34:09 CEST 2014: 90: Solution found.
Wed May 07 02:34:09 CEST 2014: 91: finished (29ms, 42cycles)
Wed May 07 02:34:09 CEST 2014: 91: Solution found.
Wed May 07 02:34:09 CEST 2014: 92: finished (12ms, 14cycles)
Wed May 07 02:34:09 CEST 2014: 92: Solution found.
Wed May 07 02:34:09 CEST 2014: 93: finished (7ms, 10cycles)
Wed May 07 02:34:09 CEST 2014: 93: Solution found.
Wed May 07 02:34:09 CEST 2014: 94: finished (318ms, 500cycles)
Wed May 07 02:34:09 CEST 2014: 94: No solution found.
Wed May 07 02:34:09 CEST 2014: 95: finished (9ms, 9cycles)
Wed May 07 02:34:09 CEST 2014: 95: Solution found.
Wed May 07 02:34:09 CEST 2014: 96: finished (4ms, 4cycles)
Wed May 07 02:34:09 CEST 2014: 96: Solution found.
Wed May 07 02:34:09 CEST 2014: 97: finished (14ms, 14cycles)
Wed May 07 02:34:09 CEST 2014: 97: Solution found.
Wed May 07 02:34:09 CEST 2014: 98: finished (7ms, 8cycles)
Wed May 07 02:34:09 CEST 2014: 98: Solution found.
Wed May 07 02:34:10 CEST 2014: 99: finished (337ms, 500cycles)
Wed May 07 02:34:10 CEST 2014: 99: No solution found.
Wed May 07 02:34:10 CEST 2014: Solution Found: 72
Wed May 07 02:34:10 CEST 2014: Avg cycles: 27
Wed May 07 02:34:10 CEST 2014: Max cycles: 102
Wed May 07 02:34:10 CEST 2014: Min cycles: 3
Wed May 07 02:34:10 CEST 2014: No solution found: 28
Wed May 07 02:34:10 CEST 2014: logging finished. (runtime: 14377ms)
