Sun May 18 17:54:52 CEST 2014: Problem Count: 10
Sun May 18 17:54:52 CEST 2014: CandidatesCount: 10
Sun May 18 17:54:52 CEST 2014: Max Cycles: 500
Sun May 18 17:54:52 CEST 2014: 0: finished (28ms, 143cycles)
Sun May 18 17:54:52 CEST 2014: 0: Solution found.
Sun May 18 17:54:52 CEST 2014: 1: finished (1ms, 25cycles)
Sun May 18 17:54:52 CEST 2014: 1: Solution found.
Sun May 18 17:54:52 CEST 2014: 2: finished (7ms, 131cycles)
Sun May 18 17:54:52 CEST 2014: 2: Solution found.
Sun May 18 17:54:52 CEST 2014: 3: finished (61ms, 500cycles)
Sun May 18 17:54:52 CEST 2014: 3: No solution found.
Sun May 18 17:54:52 CEST 2014: 4: finished (13ms, 500cycles)
Sun May 18 17:54:52 CEST 2014: 4: No solution found.
Sun May 18 17:54:52 CEST 2014: 5: finished (9ms, 500cycles)
Sun May 18 17:54:52 CEST 2014: 5: No solution found.
Sun May 18 17:54:52 CEST 2014: 6: finished (50ms, 500cycles)
Sun May 18 17:54:52 CEST 2014: 6: No solution found.
Sun May 18 17:54:52 CEST 2014: 7: finished (69ms, 500cycles)
Sun May 18 17:54:52 CEST 2014: 7: No solution found.
Sun May 18 17:54:52 CEST 2014: 8: finished (2ms, 90cycles)
Sun May 18 17:54:52 CEST 2014: 8: Solution found.
Sun May 18 17:54:52 CEST 2014: 9: finished (52ms, 500cycles)
Sun May 18 17:54:52 CEST 2014: 9: No solution found.
Sun May 18 17:54:52 CEST 2014: 10: finished (49ms, 500cycles)
Sun May 18 17:54:52 CEST 2014: 10: No solution found.
Sun May 18 17:54:52 CEST 2014: 11: finished (49ms, 399cycles)
Sun May 18 17:54:52 CEST 2014: 11: Solution found.
Sun May 18 17:54:52 CEST 2014: 12: finished (10ms, 500cycles)
Sun May 18 17:54:52 CEST 2014: 12: No solution found.
Sun May 18 17:54:52 CEST 2014: 13: finished (11ms, 500cycles)
Sun May 18 17:54:52 CEST 2014: 13: No solution found.
Sun May 18 17:54:52 CEST 2014: 14: finished (35ms, 500cycles)
Sun May 18 17:54:52 CEST 2014: 14: No solution found.
Sun May 18 17:54:52 CEST 2014: 15: finished (9ms, 500cycles)
Sun May 18 17:54:52 CEST 2014: 15: No solution found.
Sun May 18 17:54:52 CEST 2014: 16: finished (65ms, 500cycles)
Sun May 18 17:54:52 CEST 2014: 16: No solution found.
Sun May 18 17:54:52 CEST 2014: 17: finished (0ms, 8cycles)
Sun May 18 17:54:52 CEST 2014: 17: Solution found.
Sun May 18 17:54:52 CEST 2014: 18: finished (43ms, 500cycles)
Sun May 18 17:54:52 CEST 2014: 18: No solution found.
Sun May 18 17:54:52 CEST 2014: 19: finished (91ms, 500cycles)
Sun May 18 17:54:52 CEST 2014: 19: No solution found.
Sun May 18 17:54:52 CEST 2014: 20: finished (20ms, 500cycles)
Sun May 18 17:54:52 CEST 2014: 20: No solution found.
Sun May 18 17:54:52 CEST 2014: 21: finished (57ms, 500cycles)
Sun May 18 17:54:52 CEST 2014: 21: No solution found.
Sun May 18 17:54:52 CEST 2014: 22: finished (61ms, 500cycles)
Sun May 18 17:54:52 CEST 2014: 22: No solution found.
Sun May 18 17:54:53 CEST 2014: 23: finished (52ms, 500cycles)
Sun May 18 17:54:53 CEST 2014: 23: No solution found.
Sun May 18 17:54:53 CEST 2014: 24: finished (16ms, 500cycles)
Sun May 18 17:54:53 CEST 2014: 24: No solution found.
Sun May 18 17:54:53 CEST 2014: 25: finished (13ms, 500cycles)
Sun May 18 17:54:53 CEST 2014: 25: No solution found.
Sun May 18 17:54:53 CEST 2014: 26: finished (31ms, 500cycles)
Sun May 18 17:54:53 CEST 2014: 26: No solution found.
Sun May 18 17:54:53 CEST 2014: 27: finished (8ms, 500cycles)
Sun May 18 17:54:53 CEST 2014: 27: No solution found.
Sun May 18 17:54:53 CEST 2014: 28: finished (14ms, 500cycles)
Sun May 18 17:54:53 CEST 2014: 28: No solution found.
Sun May 18 17:54:53 CEST 2014: 29: finished (0ms, 14cycles)
Sun May 18 17:54:53 CEST 2014: 29: Solution found.
Sun May 18 17:54:53 CEST 2014: 30: finished (71ms, 500cycles)
Sun May 18 17:54:53 CEST 2014: 30: No solution found.
Sun May 18 17:54:53 CEST 2014: 31: finished (10ms, 97cycles)
Sun May 18 17:54:53 CEST 2014: 31: Solution found.
Sun May 18 17:54:53 CEST 2014: 32: finished (10ms, 64cycles)
Sun May 18 17:54:53 CEST 2014: 32: Solution found.
Sun May 18 17:54:53 CEST 2014: 33: finished (9ms, 500cycles)
Sun May 18 17:54:53 CEST 2014: 33: No solution found.
Sun May 18 17:54:53 CEST 2014: 34: finished (9ms, 500cycles)
Sun May 18 17:54:53 CEST 2014: 34: No solution found.
Sun May 18 17:54:53 CEST 2014: 35: finished (1ms, 20cycles)
Sun May 18 17:54:53 CEST 2014: 35: Solution found.
Sun May 18 17:54:53 CEST 2014: 36: finished (9ms, 500cycles)
Sun May 18 17:54:53 CEST 2014: 36: No solution found.
Sun May 18 17:54:53 CEST 2014: 37: finished (10ms, 500cycles)
Sun May 18 17:54:53 CEST 2014: 37: No solution found.
Sun May 18 17:54:53 CEST 2014: 38: finished (10ms, 500cycles)
Sun May 18 17:54:53 CEST 2014: 38: No solution found.
Sun May 18 17:54:53 CEST 2014: 39: finished (9ms, 500cycles)
Sun May 18 17:54:53 CEST 2014: 39: No solution found.
Sun May 18 17:54:53 CEST 2014: 40: finished (63ms, 500cycles)
Sun May 18 17:54:53 CEST 2014: 40: No solution found.
Sun May 18 17:54:53 CEST 2014: 41: finished (10ms, 500cycles)
Sun May 18 17:54:53 CEST 2014: 41: No solution found.
Sun May 18 17:54:53 CEST 2014: 42: finished (45ms, 500cycles)
Sun May 18 17:54:53 CEST 2014: 42: No solution found.
Sun May 18 17:54:53 CEST 2014: 43: finished (67ms, 500cycles)
Sun May 18 17:54:53 CEST 2014: 43: No solution found.
Sun May 18 17:54:53 CEST 2014: 44: finished (3ms, 68cycles)
Sun May 18 17:54:53 CEST 2014: 44: Solution found.
Sun May 18 17:54:53 CEST 2014: 45: finished (64ms, 500cycles)
Sun May 18 17:54:53 CEST 2014: 45: No solution found.
Sun May 18 17:54:53 CEST 2014: 46: finished (52ms, 500cycles)
Sun May 18 17:54:53 CEST 2014: 46: No solution found.
Sun May 18 17:54:53 CEST 2014: 47: finished (40ms, 500cycles)
Sun May 18 17:54:53 CEST 2014: 47: No solution found.
Sun May 18 17:54:53 CEST 2014: 48: finished (9ms, 500cycles)
Sun May 18 17:54:53 CEST 2014: 48: No solution found.
Sun May 18 17:54:53 CEST 2014: 49: finished (35ms, 500cycles)
Sun May 18 17:54:53 CEST 2014: 49: No solution found.
Sun May 18 17:54:53 CEST 2014: 50: finished (11ms, 500cycles)
Sun May 18 17:54:53 CEST 2014: 50: No solution found.
Sun May 18 17:54:53 CEST 2014: 51: finished (94ms, 500cycles)
Sun May 18 17:54:53 CEST 2014: 51: No solution found.
Sun May 18 17:54:53 CEST 2014: 52: finished (0ms, 18cycles)
Sun May 18 17:54:53 CEST 2014: 52: Solution found.
Sun May 18 17:54:53 CEST 2014: 53: finished (9ms, 500cycles)
Sun May 18 17:54:53 CEST 2014: 53: No solution found.
Sun May 18 17:54:53 CEST 2014: 54: finished (32ms, 500cycles)
Sun May 18 17:54:53 CEST 2014: 54: No solution found.
Sun May 18 17:54:53 CEST 2014: 55: finished (1ms, 20cycles)
Sun May 18 17:54:53 CEST 2014: 55: Solution found.
Sun May 18 17:54:53 CEST 2014: 56: finished (9ms, 500cycles)
Sun May 18 17:54:53 CEST 2014: 56: No solution found.
Sun May 18 17:54:53 CEST 2014: 57: finished (49ms, 500cycles)
Sun May 18 17:54:53 CEST 2014: 57: No solution found.
Sun May 18 17:54:53 CEST 2014: 58: finished (8ms, 500cycles)
Sun May 18 17:54:53 CEST 2014: 58: No solution found.
Sun May 18 17:54:53 CEST 2014: 59: finished (8ms, 500cycles)
Sun May 18 17:54:53 CEST 2014: 59: No solution found.
Sun May 18 17:54:53 CEST 2014: 60: finished (91ms, 500cycles)
Sun May 18 17:54:53 CEST 2014: 60: No solution found.
Sun May 18 17:54:54 CEST 2014: 61: finished (67ms, 500cycles)
Sun May 18 17:54:54 CEST 2014: 61: No solution found.
Sun May 18 17:54:54 CEST 2014: 62: finished (11ms, 500cycles)
Sun May 18 17:54:54 CEST 2014: 62: No solution found.
Sun May 18 17:54:54 CEST 2014: 63: finished (10ms, 500cycles)
Sun May 18 17:54:54 CEST 2014: 63: No solution found.
Sun May 18 17:54:54 CEST 2014: 64: finished (51ms, 500cycles)
Sun May 18 17:54:54 CEST 2014: 64: No solution found.
Sun May 18 17:54:54 CEST 2014: 65: finished (13ms, 500cycles)
Sun May 18 17:54:54 CEST 2014: 65: No solution found.
Sun May 18 17:54:54 CEST 2014: 66: finished (16ms, 500cycles)
Sun May 18 17:54:54 CEST 2014: 66: No solution found.
Sun May 18 17:54:54 CEST 2014: 67: finished (63ms, 500cycles)
Sun May 18 17:54:54 CEST 2014: 67: No solution found.
Sun May 18 17:54:54 CEST 2014: 68: finished (59ms, 500cycles)
Sun May 18 17:54:54 CEST 2014: 68: No solution found.
Sun May 18 17:54:54 CEST 2014: 69: finished (12ms, 500cycles)
Sun May 18 17:54:54 CEST 2014: 69: No solution found.
Sun May 18 17:54:54 CEST 2014: 70: finished (0ms, 15cycles)
Sun May 18 17:54:54 CEST 2014: 70: Solution found.
Sun May 18 17:54:54 CEST 2014: 71: finished (7ms, 500cycles)
Sun May 18 17:54:54 CEST 2014: 71: No solution found.
Sun May 18 17:54:54 CEST 2014: 72: finished (24ms, 168cycles)
Sun May 18 17:54:54 CEST 2014: 72: Solution found.
Sun May 18 17:54:54 CEST 2014: 73: finished (43ms, 500cycles)
Sun May 18 17:54:54 CEST 2014: 73: No solution found.
Sun May 18 17:54:54 CEST 2014: 74: finished (22ms, 500cycles)
Sun May 18 17:54:54 CEST 2014: 74: No solution found.
Sun May 18 17:54:54 CEST 2014: 75: finished (68ms, 500cycles)
Sun May 18 17:54:54 CEST 2014: 75: No solution found.
Sun May 18 17:54:54 CEST 2014: 76: finished (69ms, 500cycles)
Sun May 18 17:54:54 CEST 2014: 76: No solution found.
Sun May 18 17:54:54 CEST 2014: 77: finished (10ms, 500cycles)
Sun May 18 17:54:54 CEST 2014: 77: No solution found.
Sun May 18 17:54:54 CEST 2014: 78: finished (23ms, 280cycles)
Sun May 18 17:54:54 CEST 2014: 78: Solution found.
Sun May 18 17:54:54 CEST 2014: 79: finished (54ms, 500cycles)
Sun May 18 17:54:54 CEST 2014: 79: No solution found.
Sun May 18 17:54:54 CEST 2014: 80: finished (26ms, 164cycles)
Sun May 18 17:54:54 CEST 2014: 80: Solution found.
Sun May 18 17:54:54 CEST 2014: 81: finished (9ms, 500cycles)
Sun May 18 17:54:54 CEST 2014: 81: No solution found.
Sun May 18 17:54:54 CEST 2014: 82: finished (9ms, 500cycles)
Sun May 18 17:54:54 CEST 2014: 82: No solution found.
Sun May 18 17:54:54 CEST 2014: 83: finished (44ms, 500cycles)
Sun May 18 17:54:54 CEST 2014: 83: No solution found.
Sun May 18 17:54:54 CEST 2014: 84: finished (44ms, 500cycles)
Sun May 18 17:54:54 CEST 2014: 84: No solution found.
Sun May 18 17:54:54 CEST 2014: 85: finished (15ms, 500cycles)
Sun May 18 17:54:54 CEST 2014: 85: No solution found.
Sun May 18 17:54:54 CEST 2014: 86: finished (11ms, 148cycles)
Sun May 18 17:54:54 CEST 2014: 86: Solution found.
Sun May 18 17:54:54 CEST 2014: 87: finished (9ms, 500cycles)
Sun May 18 17:54:54 CEST 2014: 87: No solution found.
Sun May 18 17:54:54 CEST 2014: 88: finished (8ms, 500cycles)
Sun May 18 17:54:54 CEST 2014: 88: No solution found.
Sun May 18 17:54:54 CEST 2014: 89: finished (36ms, 500cycles)
Sun May 18 17:54:54 CEST 2014: 89: No solution found.
Sun May 18 17:54:54 CEST 2014: 90: finished (11ms, 500cycles)
Sun May 18 17:54:54 CEST 2014: 90: No solution found.
Sun May 18 17:54:54 CEST 2014: 91: finished (51ms, 500cycles)
Sun May 18 17:54:54 CEST 2014: 91: No solution found.
Sun May 18 17:54:54 CEST 2014: 92: finished (12ms, 500cycles)
Sun May 18 17:54:54 CEST 2014: 92: No solution found.
Sun May 18 17:54:54 CEST 2014: 93: finished (0ms, 2cycles)
Sun May 18 17:54:54 CEST 2014: 93: Solution found.
Sun May 18 17:54:54 CEST 2014: 94: finished (8ms, 500cycles)
Sun May 18 17:54:54 CEST 2014: 94: No solution found.
Sun May 18 17:54:54 CEST 2014: 95: finished (58ms, 500cycles)
Sun May 18 17:54:54 CEST 2014: 95: No solution found.
Sun May 18 17:54:54 CEST 2014: 96: finished (54ms, 500cycles)
Sun May 18 17:54:54 CEST 2014: 96: No solution found.
Sun May 18 17:54:55 CEST 2014: 97: finished (13ms, 500cycles)
Sun May 18 17:54:55 CEST 2014: 97: No solution found.
Sun May 18 17:54:55 CEST 2014: 98: finished (45ms, 500cycles)
Sun May 18 17:54:55 CEST 2014: 98: No solution found.
Sun May 18 17:54:55 CEST 2014: 99: finished (1ms, 28cycles)
Sun May 18 17:54:55 CEST 2014: 99: Solution found.
Sun May 18 17:54:55 CEST 2014: Solution Found: 20
Sun May 18 17:54:55 CEST 2014: Avg cycles: 95
Sun May 18 17:54:55 CEST 2014: Max cycles: 399
Sun May 18 17:54:55 CEST 2014: Min cycles: 2
Sun May 18 17:54:55 CEST 2014: No solution found: 80
Sun May 18 17:54:55 CEST 2014: logging finished. (runtime: 2887ms)
