Sun May 18 21:52:54 CEST 2014: Problem Count: 40
Sun May 18 21:52:54 CEST 2014: CandidatesCount: 10
Sun May 18 21:52:54 CEST 2014: Max Cycles: 500
Sun May 18 21:52:54 CEST 2014: 0: finished (41ms, 500cycles)
Sun May 18 21:52:54 CEST 2014: 0: No solution found.
Sun May 18 21:52:55 CEST 2014: 1: finished (51ms, 500cycles)
Sun May 18 21:52:55 CEST 2014: 1: No solution found.
Sun May 18 21:52:55 CEST 2014: 2: finished (4ms, 40cycles)
Sun May 18 21:52:55 CEST 2014: 2: Solution found.
Sun May 18 21:52:55 CEST 2014: 3: finished (42ms, 500cycles)
Sun May 18 21:52:55 CEST 2014: 3: No solution found.
Sun May 18 21:52:55 CEST 2014: 4: finished (2ms, 21cycles)
Sun May 18 21:52:55 CEST 2014: 4: Solution found.
Sun May 18 21:52:55 CEST 2014: 5: finished (46ms, 500cycles)
Sun May 18 21:52:55 CEST 2014: 5: No solution found.
Sun May 18 21:52:55 CEST 2014: 6: finished (4ms, 31cycles)
Sun May 18 21:52:55 CEST 2014: 6: Solution found.
Sun May 18 21:52:55 CEST 2014: 7: finished (49ms, 500cycles)
Sun May 18 21:52:55 CEST 2014: 7: No solution found.
Sun May 18 21:52:55 CEST 2014: 8: finished (44ms, 500cycles)
Sun May 18 21:52:55 CEST 2014: 8: No solution found.
Sun May 18 21:52:55 CEST 2014: 9: finished (49ms, 500cycles)
Sun May 18 21:52:55 CEST 2014: 9: No solution found.
Sun May 18 21:52:55 CEST 2014: 10: finished (47ms, 500cycles)
Sun May 18 21:52:55 CEST 2014: 10: No solution found.
Sun May 18 21:52:55 CEST 2014: 11: finished (43ms, 500cycles)
Sun May 18 21:52:55 CEST 2014: 11: No solution found.
Sun May 18 21:52:55 CEST 2014: 12: finished (49ms, 500cycles)
Sun May 18 21:52:55 CEST 2014: 12: No solution found.
Sun May 18 21:52:55 CEST 2014: 13: finished (42ms, 500cycles)
Sun May 18 21:52:55 CEST 2014: 13: No solution found.
Sun May 18 21:52:55 CEST 2014: 14: finished (49ms, 500cycles)
Sun May 18 21:52:55 CEST 2014: 14: No solution found.
Sun May 18 21:52:55 CEST 2014: 15: finished (5ms, 55cycles)
Sun May 18 21:52:55 CEST 2014: 15: Solution found.
Sun May 18 21:52:55 CEST 2014: 16: finished (46ms, 500cycles)
Sun May 18 21:52:55 CEST 2014: 16: No solution found.
Sun May 18 21:52:55 CEST 2014: 17: finished (48ms, 500cycles)
Sun May 18 21:52:55 CEST 2014: 17: No solution found.
Sun May 18 21:52:55 CEST 2014: 18: finished (52ms, 500cycles)
Sun May 18 21:52:55 CEST 2014: 18: No solution found.
Sun May 18 21:52:55 CEST 2014: 19: finished (48ms, 500cycles)
Sun May 18 21:52:55 CEST 2014: 19: No solution found.
Sun May 18 21:52:55 CEST 2014: 20: finished (5ms, 56cycles)
Sun May 18 21:52:55 CEST 2014: 20: Solution found.
Sun May 18 21:52:55 CEST 2014: 21: finished (1ms, 14cycles)
Sun May 18 21:52:55 CEST 2014: 21: Solution found.
Sun May 18 21:52:55 CEST 2014: 22: finished (39ms, 500cycles)
Sun May 18 21:52:55 CEST 2014: 22: No solution found.
Sun May 18 21:52:55 CEST 2014: 23: finished (43ms, 500cycles)
Sun May 18 21:52:55 CEST 2014: 23: No solution found.
Sun May 18 21:52:55 CEST 2014: 24: finished (47ms, 500cycles)
Sun May 18 21:52:55 CEST 2014: 24: No solution found.
Sun May 18 21:52:55 CEST 2014: 25: finished (40ms, 500cycles)
Sun May 18 21:52:55 CEST 2014: 25: No solution found.
Sun May 18 21:52:55 CEST 2014: 26: finished (41ms, 500cycles)
Sun May 18 21:52:55 CEST 2014: 26: No solution found.
Sun May 18 21:52:55 CEST 2014: 27: finished (45ms, 500cycles)
Sun May 18 21:52:55 CEST 2014: 27: No solution found.
Sun May 18 21:52:56 CEST 2014: 28: finished (46ms, 500cycles)
Sun May 18 21:52:56 CEST 2014: 28: No solution found.
Sun May 18 21:52:56 CEST 2014: 29: finished (46ms, 500cycles)
Sun May 18 21:52:56 CEST 2014: 29: No solution found.
Sun May 18 21:52:56 CEST 2014: 30: finished (56ms, 500cycles)
Sun May 18 21:52:56 CEST 2014: 30: No solution found.
Sun May 18 21:52:56 CEST 2014: 31: finished (5ms, 49cycles)
Sun May 18 21:52:56 CEST 2014: 31: Solution found.
Sun May 18 21:52:56 CEST 2014: 32: finished (42ms, 500cycles)
Sun May 18 21:52:56 CEST 2014: 32: No solution found.
Sun May 18 21:52:56 CEST 2014: 33: finished (39ms, 500cycles)
Sun May 18 21:52:56 CEST 2014: 33: No solution found.
Sun May 18 21:52:56 CEST 2014: 34: finished (42ms, 500cycles)
Sun May 18 21:52:56 CEST 2014: 34: No solution found.
Sun May 18 21:52:56 CEST 2014: 35: finished (49ms, 500cycles)
Sun May 18 21:52:56 CEST 2014: 35: No solution found.
Sun May 18 21:52:56 CEST 2014: 36: finished (43ms, 500cycles)
Sun May 18 21:52:56 CEST 2014: 36: No solution found.
Sun May 18 21:52:56 CEST 2014: 37: finished (6ms, 55cycles)
Sun May 18 21:52:56 CEST 2014: 37: Solution found.
Sun May 18 21:52:56 CEST 2014: 38: finished (7ms, 79cycles)
Sun May 18 21:52:56 CEST 2014: 38: Solution found.
Sun May 18 21:52:56 CEST 2014: 39: finished (2ms, 16cycles)
Sun May 18 21:52:56 CEST 2014: 39: Solution found.
Sun May 18 21:52:56 CEST 2014: 40: finished (49ms, 500cycles)
Sun May 18 21:52:56 CEST 2014: 40: No solution found.
Sun May 18 21:52:56 CEST 2014: 41: finished (47ms, 500cycles)
Sun May 18 21:52:56 CEST 2014: 41: No solution found.
Sun May 18 21:52:56 CEST 2014: 42: finished (40ms, 500cycles)
Sun May 18 21:52:56 CEST 2014: 42: No solution found.
Sun May 18 21:52:56 CEST 2014: 43: finished (49ms, 500cycles)
Sun May 18 21:52:56 CEST 2014: 43: No solution found.
Sun May 18 21:52:56 CEST 2014: 44: finished (44ms, 500cycles)
Sun May 18 21:52:56 CEST 2014: 44: No solution found.
Sun May 18 21:52:56 CEST 2014: 45: finished (42ms, 500cycles)
Sun May 18 21:52:56 CEST 2014: 45: No solution found.
Sun May 18 21:52:56 CEST 2014: 46: finished (42ms, 500cycles)
Sun May 18 21:52:56 CEST 2014: 46: No solution found.
Sun May 18 21:52:56 CEST 2014: 47: finished (1ms, 9cycles)
Sun May 18 21:52:56 CEST 2014: 47: Solution found.
Sun May 18 21:52:56 CEST 2014: 48: finished (42ms, 500cycles)
Sun May 18 21:52:56 CEST 2014: 48: No solution found.
Sun May 18 21:52:56 CEST 2014: 49: finished (3ms, 38cycles)
Sun May 18 21:52:56 CEST 2014: 49: Solution found.
Sun May 18 21:52:56 CEST 2014: 50: finished (41ms, 500cycles)
Sun May 18 21:52:56 CEST 2014: 50: No solution found.
Sun May 18 21:52:56 CEST 2014: 51: finished (42ms, 500cycles)
Sun May 18 21:52:56 CEST 2014: 51: No solution found.
Sun May 18 21:52:56 CEST 2014: 52: finished (51ms, 500cycles)
Sun May 18 21:52:56 CEST 2014: 52: No solution found.
Sun May 18 21:52:56 CEST 2014: 53: finished (48ms, 500cycles)
Sun May 18 21:52:56 CEST 2014: 53: No solution found.
Sun May 18 21:52:56 CEST 2014: 54: finished (4ms, 43cycles)
Sun May 18 21:52:56 CEST 2014: 54: Solution found.
Sun May 18 21:52:56 CEST 2014: 55: finished (9ms, 85cycles)
Sun May 18 21:52:56 CEST 2014: 55: Solution found.
Sun May 18 21:52:56 CEST 2014: 56: finished (52ms, 500cycles)
Sun May 18 21:52:56 CEST 2014: 56: No solution found.
Sun May 18 21:52:57 CEST 2014: 57: finished (40ms, 500cycles)
Sun May 18 21:52:57 CEST 2014: 57: No solution found.
Sun May 18 21:52:57 CEST 2014: 58: finished (40ms, 500cycles)
Sun May 18 21:52:57 CEST 2014: 58: No solution found.
Sun May 18 21:52:57 CEST 2014: 59: finished (1ms, 15cycles)
Sun May 18 21:52:57 CEST 2014: 59: Solution found.
Sun May 18 21:52:57 CEST 2014: 60: finished (41ms, 500cycles)
Sun May 18 21:52:57 CEST 2014: 60: No solution found.
Sun May 18 21:52:57 CEST 2014: 61: finished (2ms, 24cycles)
Sun May 18 21:52:57 CEST 2014: 61: Solution found.
Sun May 18 21:52:57 CEST 2014: 62: finished (50ms, 500cycles)
Sun May 18 21:52:57 CEST 2014: 62: No solution found.
Sun May 18 21:52:57 CEST 2014: 63: finished (45ms, 500cycles)
Sun May 18 21:52:57 CEST 2014: 63: No solution found.
Sun May 18 21:52:57 CEST 2014: 64: finished (2ms, 22cycles)
Sun May 18 21:52:57 CEST 2014: 64: Solution found.
Sun May 18 21:52:57 CEST 2014: 65: finished (43ms, 500cycles)
Sun May 18 21:52:57 CEST 2014: 65: No solution found.
Sun May 18 21:52:57 CEST 2014: 66: finished (41ms, 439cycles)
Sun May 18 21:52:57 CEST 2014: 66: Solution found.
Sun May 18 21:52:57 CEST 2014: 67: finished (44ms, 500cycles)
Sun May 18 21:52:57 CEST 2014: 67: No solution found.
Sun May 18 21:52:57 CEST 2014: 68: finished (42ms, 500cycles)
Sun May 18 21:52:57 CEST 2014: 68: No solution found.
Sun May 18 21:52:57 CEST 2014: 69: finished (48ms, 500cycles)
Sun May 18 21:52:57 CEST 2014: 69: No solution found.
Sun May 18 21:52:57 CEST 2014: 70: finished (42ms, 500cycles)
Sun May 18 21:52:57 CEST 2014: 70: No solution found.
Sun May 18 21:52:57 CEST 2014: 71: finished (44ms, 500cycles)
Sun May 18 21:52:57 CEST 2014: 71: No solution found.
Sun May 18 21:52:57 CEST 2014: 72: finished (53ms, 500cycles)
Sun May 18 21:52:57 CEST 2014: 72: No solution found.
Sun May 18 21:52:57 CEST 2014: 73: finished (39ms, 500cycles)
Sun May 18 21:52:57 CEST 2014: 73: No solution found.
Sun May 18 21:52:57 CEST 2014: 74: finished (1ms, 7cycles)
Sun May 18 21:52:57 CEST 2014: 74: Solution found.
Sun May 18 21:52:57 CEST 2014: 75: finished (42ms, 500cycles)
Sun May 18 21:52:57 CEST 2014: 75: No solution found.
Sun May 18 21:52:57 CEST 2014: 76: finished (2ms, 14cycles)
Sun May 18 21:52:57 CEST 2014: 76: Solution found.
Sun May 18 21:52:57 CEST 2014: 77: finished (12ms, 127cycles)
Sun May 18 21:52:57 CEST 2014: 77: Solution found.
Sun May 18 21:52:57 CEST 2014: 78: finished (44ms, 500cycles)
Sun May 18 21:52:57 CEST 2014: 78: No solution found.
Sun May 18 21:52:57 CEST 2014: 79: finished (37ms, 500cycles)
Sun May 18 21:52:57 CEST 2014: 79: No solution found.
Sun May 18 21:52:57 CEST 2014: 80: finished (44ms, 500cycles)
Sun May 18 21:52:57 CEST 2014: 80: No solution found.
Sun May 18 21:52:57 CEST 2014: 81: finished (39ms, 500cycles)
Sun May 18 21:52:57 CEST 2014: 81: No solution found.
Sun May 18 21:52:57 CEST 2014: 82: finished (46ms, 500cycles)
Sun May 18 21:52:57 CEST 2014: 82: No solution found.
Sun May 18 21:52:57 CEST 2014: 83: finished (44ms, 500cycles)
Sun May 18 21:52:57 CEST 2014: 83: No solution found.
Sun May 18 21:52:57 CEST 2014: 84: finished (41ms, 500cycles)
Sun May 18 21:52:57 CEST 2014: 84: No solution found.
Sun May 18 21:52:57 CEST 2014: 85: finished (44ms, 381cycles)
Sun May 18 21:52:57 CEST 2014: 85: Solution found.
Sun May 18 21:52:58 CEST 2014: 86: finished (40ms, 500cycles)
Sun May 18 21:52:58 CEST 2014: 86: No solution found.
Sun May 18 21:52:58 CEST 2014: 87: finished (49ms, 500cycles)
Sun May 18 21:52:58 CEST 2014: 87: No solution found.
Sun May 18 21:52:58 CEST 2014: 88: finished (44ms, 500cycles)
Sun May 18 21:52:58 CEST 2014: 88: No solution found.
Sun May 18 21:52:58 CEST 2014: 89: finished (17ms, 181cycles)
Sun May 18 21:52:58 CEST 2014: 89: Solution found.
Sun May 18 21:52:58 CEST 2014: 90: finished (53ms, 500cycles)
Sun May 18 21:52:58 CEST 2014: 90: No solution found.
Sun May 18 21:52:58 CEST 2014: 91: finished (56ms, 500cycles)
Sun May 18 21:52:58 CEST 2014: 91: No solution found.
Sun May 18 21:52:58 CEST 2014: 92: finished (110ms, 500cycles)
Sun May 18 21:52:58 CEST 2014: 92: No solution found.
Sun May 18 21:52:58 CEST 2014: 93: finished (12ms, 132cycles)
Sun May 18 21:52:58 CEST 2014: 93: Solution found.
Sun May 18 21:52:58 CEST 2014: 94: finished (45ms, 500cycles)
Sun May 18 21:52:58 CEST 2014: 94: No solution found.
Sun May 18 21:52:58 CEST 2014: 95: finished (42ms, 500cycles)
Sun May 18 21:52:58 CEST 2014: 95: No solution found.
Sun May 18 21:52:58 CEST 2014: 96: finished (68ms, 370cycles)
Sun May 18 21:52:58 CEST 2014: 96: Solution found.
Sun May 18 21:52:58 CEST 2014: 97: finished (41ms, 500cycles)
Sun May 18 21:52:58 CEST 2014: 97: No solution found.
Sun May 18 21:52:58 CEST 2014: 98: finished (44ms, 500cycles)
Sun May 18 21:52:58 CEST 2014: 98: No solution found.
Sun May 18 21:52:58 CEST 2014: 99: finished (3ms, 30cycles)
Sun May 18 21:52:58 CEST 2014: 99: Solution found.
Sun May 18 21:52:58 CEST 2014: Solution Found: 26
Sun May 18 21:52:58 CEST 2014: Avg cycles: 89
Sun May 18 21:52:58 CEST 2014: Max cycles: 439
Sun May 18 21:52:58 CEST 2014: Min cycles: 7
Sun May 18 21:52:58 CEST 2014: No solution found: 74
Sun May 18 21:52:58 CEST 2014: logging finished. (runtime: 3660ms)
