Wed May 07 02:15:08 CEST 2014: Problem Count: 50
Wed May 07 02:15:08 CEST 2014: CandidatesCount: 50
Wed May 07 02:15:08 CEST 2014: Max Cycles: 500
Wed May 07 02:15:08 CEST 2014: 0: finished (117ms, 53cycles)
Wed May 07 02:15:08 CEST 2014: 0: Solution found.
Wed May 07 02:15:09 CEST 2014: 1: finished (392ms, 500cycles)
Wed May 07 02:15:09 CEST 2014: 1: No solution found.
Wed May 07 02:15:09 CEST 2014: 2: finished (9ms, 11cycles)
Wed May 07 02:15:09 CEST 2014: 2: Solution found.
Wed May 07 02:15:09 CEST 2014: 3: finished (349ms, 500cycles)
Wed May 07 02:15:09 CEST 2014: 3: No solution found.
Wed May 07 02:15:09 CEST 2014: 4: finished (310ms, 500cycles)
Wed May 07 02:15:09 CEST 2014: 4: No solution found.
Wed May 07 02:15:10 CEST 2014: 5: finished (316ms, 500cycles)
Wed May 07 02:15:10 CEST 2014: 5: No solution found.
Wed May 07 02:15:10 CEST 2014: 6: finished (313ms, 500cycles)
Wed May 07 02:15:10 CEST 2014: 6: No solution found.
Wed May 07 02:15:10 CEST 2014: 7: finished (311ms, 500cycles)
Wed May 07 02:15:10 CEST 2014: 7: No solution found.
Wed May 07 02:15:10 CEST 2014: 8: finished (12ms, 11cycles)
Wed May 07 02:15:10 CEST 2014: 8: Solution found.
Wed May 07 02:15:10 CEST 2014: 9: finished (23ms, 25cycles)
Wed May 07 02:15:10 CEST 2014: 9: Solution found.
Wed May 07 02:15:10 CEST 2014: 10: finished (7ms, 8cycles)
Wed May 07 02:15:10 CEST 2014: 10: Solution found.
Wed May 07 02:15:10 CEST 2014: 11: finished (13ms, 17cycles)
Wed May 07 02:15:10 CEST 2014: 11: Solution found.
Wed May 07 02:15:11 CEST 2014: 12: finished (329ms, 500cycles)
Wed May 07 02:15:11 CEST 2014: 12: No solution found.
Wed May 07 02:15:11 CEST 2014: 13: finished (5ms, 5cycles)
Wed May 07 02:15:11 CEST 2014: 13: Solution found.
Wed May 07 02:15:11 CEST 2014: 14: finished (300ms, 500cycles)
Wed May 07 02:15:11 CEST 2014: 14: No solution found.
Wed May 07 02:15:11 CEST 2014: 15: finished (4ms, 6cycles)
Wed May 07 02:15:11 CEST 2014: 15: Solution found.
Wed May 07 02:15:11 CEST 2014: 16: finished (11ms, 15cycles)
Wed May 07 02:15:11 CEST 2014: 16: Solution found.
Wed May 07 02:15:11 CEST 2014: 17: finished (322ms, 500cycles)
Wed May 07 02:15:11 CEST 2014: 17: No solution found.
Wed May 07 02:15:12 CEST 2014: 18: finished (352ms, 500cycles)
Wed May 07 02:15:12 CEST 2014: 18: No solution found.
Wed May 07 02:15:12 CEST 2014: 19: finished (8ms, 7cycles)
Wed May 07 02:15:12 CEST 2014: 19: Solution found.
Wed May 07 02:15:12 CEST 2014: 20: finished (12ms, 13cycles)
Wed May 07 02:15:12 CEST 2014: 20: Solution found.
Wed May 07 02:15:12 CEST 2014: 21: finished (16ms, 23cycles)
Wed May 07 02:15:12 CEST 2014: 21: Solution found.
Wed May 07 02:15:12 CEST 2014: 22: finished (312ms, 500cycles)
Wed May 07 02:15:12 CEST 2014: 22: No solution found.
Wed May 07 02:15:12 CEST 2014: 23: finished (6ms, 7cycles)
Wed May 07 02:15:12 CEST 2014: 23: Solution found.
Wed May 07 02:15:12 CEST 2014: 24: finished (8ms, 11cycles)
Wed May 07 02:15:12 CEST 2014: 24: Solution found.
Wed May 07 02:15:12 CEST 2014: 25: finished (318ms, 500cycles)
Wed May 07 02:15:12 CEST 2014: 25: No solution found.
Wed May 07 02:15:13 CEST 2014: 26: finished (60ms, 90cycles)
Wed May 07 02:15:13 CEST 2014: 26: Solution found.
Wed May 07 02:15:13 CEST 2014: 27: finished (15ms, 21cycles)
Wed May 07 02:15:13 CEST 2014: 27: Solution found.
Wed May 07 02:15:13 CEST 2014: 28: finished (10ms, 13cycles)
Wed May 07 02:15:13 CEST 2014: 28: Solution found.
Wed May 07 02:15:13 CEST 2014: 29: finished (8ms, 11cycles)
Wed May 07 02:15:13 CEST 2014: 29: Solution found.
Wed May 07 02:15:13 CEST 2014: 30: finished (328ms, 500cycles)
Wed May 07 02:15:13 CEST 2014: 30: No solution found.
Wed May 07 02:15:13 CEST 2014: 31: finished (307ms, 500cycles)
Wed May 07 02:15:13 CEST 2014: 31: No solution found.
Wed May 07 02:15:14 CEST 2014: 32: finished (310ms, 500cycles)
Wed May 07 02:15:14 CEST 2014: 32: No solution found.
Wed May 07 02:15:14 CEST 2014: 33: finished (12ms, 15cycles)
Wed May 07 02:15:14 CEST 2014: 33: Solution found.
Wed May 07 02:15:14 CEST 2014: 34: finished (11ms, 15cycles)
Wed May 07 02:15:14 CEST 2014: 34: Solution found.
Wed May 07 02:15:14 CEST 2014: 35: finished (6ms, 8cycles)
Wed May 07 02:15:14 CEST 2014: 35: Solution found.
Wed May 07 02:15:14 CEST 2014: 36: finished (6ms, 8cycles)
Wed May 07 02:15:14 CEST 2014: 36: Solution found.
Wed May 07 02:15:14 CEST 2014: 37: finished (13ms, 17cycles)
Wed May 07 02:15:14 CEST 2014: 37: Solution found.
Wed May 07 02:15:14 CEST 2014: 38: finished (35ms, 53cycles)
Wed May 07 02:15:14 CEST 2014: 38: Solution found.
Wed May 07 02:15:14 CEST 2014: 39: finished (336ms, 500cycles)
Wed May 07 02:15:14 CEST 2014: 39: No solution found.
Wed May 07 02:15:14 CEST 2014: 40: finished (354ms, 500cycles)
Wed May 07 02:15:14 CEST 2014: 40: No solution found.
Wed May 07 02:15:14 CEST 2014: 41: finished (18ms, 25cycles)
Wed May 07 02:15:14 CEST 2014: 41: Solution found.
Wed May 07 02:15:14 CEST 2014: 42: finished (37ms, 51cycles)
Wed May 07 02:15:14 CEST 2014: 42: Solution found.
Wed May 07 02:15:14 CEST 2014: 43: finished (17ms, 24cycles)
Wed May 07 02:15:14 CEST 2014: 43: Solution found.
Wed May 07 02:15:14 CEST 2014: 44: finished (6ms, 8cycles)
Wed May 07 02:15:14 CEST 2014: 44: Solution found.
Wed May 07 02:15:14 CEST 2014: 45: finished (12ms, 16cycles)
Wed May 07 02:15:14 CEST 2014: 45: Solution found.
Wed May 07 02:15:14 CEST 2014: 46: finished (9ms, 7cycles)
Wed May 07 02:15:14 CEST 2014: 46: Solution found.
Wed May 07 02:15:14 CEST 2014: 47: finished (14ms, 14cycles)
Wed May 07 02:15:14 CEST 2014: 47: Solution found.
Wed May 07 02:15:14 CEST 2014: 48: finished (8ms, 9cycles)
Wed May 07 02:15:14 CEST 2014: 48: Solution found.
Wed May 07 02:15:14 CEST 2014: 49: finished (23ms, 31cycles)
Wed May 07 02:15:14 CEST 2014: 49: Solution found.
Wed May 07 02:15:15 CEST 2014: 50: finished (313ms, 500cycles)
Wed May 07 02:15:15 CEST 2014: 50: No solution found.
Wed May 07 02:15:15 CEST 2014: 51: finished (22ms, 30cycles)
Wed May 07 02:15:15 CEST 2014: 51: Solution found.
Wed May 07 02:15:15 CEST 2014: 52: finished (42ms, 58cycles)
Wed May 07 02:15:15 CEST 2014: 52: Solution found.
Wed May 07 02:15:15 CEST 2014: 53: finished (16ms, 23cycles)
Wed May 07 02:15:15 CEST 2014: 53: Solution found.
Wed May 07 02:15:15 CEST 2014: 54: finished (323ms, 500cycles)
Wed May 07 02:15:15 CEST 2014: 54: No solution found.
Wed May 07 02:15:15 CEST 2014: 55: finished (291ms, 500cycles)
Wed May 07 02:15:15 CEST 2014: 55: No solution found.
Wed May 07 02:15:15 CEST 2014: 56: finished (15ms, 20cycles)
Wed May 07 02:15:15 CEST 2014: 56: Solution found.
Wed May 07 02:15:15 CEST 2014: 57: finished (22ms, 31cycles)
Wed May 07 02:15:15 CEST 2014: 57: Solution found.
Wed May 07 02:15:16 CEST 2014: 58: finished (324ms, 500cycles)
Wed May 07 02:15:16 CEST 2014: 58: No solution found.
Wed May 07 02:15:16 CEST 2014: 59: finished (324ms, 500cycles)
Wed May 07 02:15:16 CEST 2014: 59: No solution found.
Wed May 07 02:15:16 CEST 2014: 60: finished (27ms, 40cycles)
Wed May 07 02:15:16 CEST 2014: 60: Solution found.
Wed May 07 02:15:16 CEST 2014: 61: finished (5ms, 6cycles)
Wed May 07 02:15:16 CEST 2014: 61: Solution found.
Wed May 07 02:15:16 CEST 2014: 62: finished (11ms, 15cycles)
Wed May 07 02:15:16 CEST 2014: 62: Solution found.
Wed May 07 02:15:16 CEST 2014: 63: finished (10ms, 14cycles)
Wed May 07 02:15:16 CEST 2014: 63: Solution found.
Wed May 07 02:15:16 CEST 2014: 64: finished (5ms, 7cycles)
Wed May 07 02:15:16 CEST 2014: 64: Solution found.
Wed May 07 02:15:16 CEST 2014: 65: finished (12ms, 18cycles)
Wed May 07 02:15:16 CEST 2014: 65: Solution found.
Wed May 07 02:15:17 CEST 2014: 66: finished (322ms, 500cycles)
Wed May 07 02:15:17 CEST 2014: 66: No solution found.
Wed May 07 02:15:17 CEST 2014: 67: finished (317ms, 500cycles)
Wed May 07 02:15:17 CEST 2014: 67: No solution found.
Wed May 07 02:15:17 CEST 2014: 68: finished (297ms, 500cycles)
Wed May 07 02:15:17 CEST 2014: 68: No solution found.
Wed May 07 02:15:17 CEST 2014: 69: finished (3ms, 3cycles)
Wed May 07 02:15:17 CEST 2014: 69: Solution found.
Wed May 07 02:15:17 CEST 2014: 70: finished (311ms, 500cycles)
Wed May 07 02:15:17 CEST 2014: 70: No solution found.
Wed May 07 02:15:18 CEST 2014: 71: finished (581ms, 500cycles)
Wed May 07 02:15:18 CEST 2014: 71: No solution found.
Wed May 07 02:15:18 CEST 2014: 72: finished (10ms, 4cycles)
Wed May 07 02:15:18 CEST 2014: 72: Solution found.
Wed May 07 02:15:18 CEST 2014: 73: finished (36ms, 19cycles)
Wed May 07 02:15:18 CEST 2014: 73: Solution found.
Wed May 07 02:15:18 CEST 2014: 74: finished (39ms, 14cycles)
Wed May 07 02:15:18 CEST 2014: 74: Solution found.
Wed May 07 02:15:18 CEST 2014: 75: finished (97ms, 33cycles)
Wed May 07 02:15:18 CEST 2014: 75: Solution found.
Wed May 07 02:15:18 CEST 2014: 76: finished (43ms, 16cycles)
Wed May 07 02:15:18 CEST 2014: 76: Solution found.
Wed May 07 02:15:18 CEST 2014: 77: finished (66ms, 28cycles)
Wed May 07 02:15:18 CEST 2014: 77: Solution found.
Wed May 07 02:15:18 CEST 2014: 78: finished (26ms, 12cycles)
Wed May 07 02:15:18 CEST 2014: 78: Solution found.
Wed May 07 02:15:19 CEST 2014: 79: finished (845ms, 500cycles)
Wed May 07 02:15:19 CEST 2014: 79: No solution found.
Wed May 07 02:15:20 CEST 2014: 80: finished (978ms, 500cycles)
Wed May 07 02:15:20 CEST 2014: 80: No solution found.
Wed May 07 02:15:20 CEST 2014: 81: finished (113ms, 55cycles)
Wed May 07 02:15:20 CEST 2014: 81: Solution found.
Wed May 07 02:15:20 CEST 2014: 82: finished (50ms, 24cycles)
Wed May 07 02:15:20 CEST 2014: 82: Solution found.
Wed May 07 02:15:20 CEST 2014: 83: finished (45ms, 22cycles)
Wed May 07 02:15:20 CEST 2014: 83: Solution found.
Wed May 07 02:15:20 CEST 2014: 84: finished (60ms, 30cycles)
Wed May 07 02:15:20 CEST 2014: 84: Solution found.
Wed May 07 02:15:21 CEST 2014: 85: finished (83ms, 41cycles)
Wed May 07 02:15:21 CEST 2014: 85: Solution found.
Wed May 07 02:15:21 CEST 2014: 86: finished (969ms, 500cycles)
Wed May 07 02:15:21 CEST 2014: 86: No solution found.
Wed May 07 02:15:22 CEST 2014: 87: finished (604ms, 268cycles)
Wed May 07 02:15:22 CEST 2014: 87: Solution found.
Wed May 07 02:15:22 CEST 2014: 88: finished (16ms, 7cycles)
Wed May 07 02:15:22 CEST 2014: 88: Solution found.
Wed May 07 02:15:22 CEST 2014: 89: finished (30ms, 14cycles)
Wed May 07 02:15:22 CEST 2014: 89: Solution found.
Wed May 07 02:15:22 CEST 2014: 90: finished (42ms, 20cycles)
Wed May 07 02:15:22 CEST 2014: 90: Solution found.
Wed May 07 02:15:23 CEST 2014: 91: finished (834ms, 500cycles)
Wed May 07 02:15:23 CEST 2014: 91: No solution found.
Wed May 07 02:15:23 CEST 2014: 92: finished (19ms, 9cycles)
Wed May 07 02:15:23 CEST 2014: 92: Solution found.
Wed May 07 02:15:23 CEST 2014: 93: finished (36ms, 17cycles)
Wed May 07 02:15:23 CEST 2014: 93: Solution found.
Wed May 07 02:15:24 CEST 2014: 94: finished (863ms, 500cycles)
Wed May 07 02:15:24 CEST 2014: 94: No solution found.
Wed May 07 02:15:24 CEST 2014: 95: finished (296ms, 500cycles)
Wed May 07 02:15:24 CEST 2014: 95: No solution found.
Wed May 07 02:15:25 CEST 2014: 96: finished (301ms, 500cycles)
Wed May 07 02:15:25 CEST 2014: 96: No solution found.
Wed May 07 02:15:25 CEST 2014: 97: finished (338ms, 500cycles)
Wed May 07 02:15:25 CEST 2014: 97: No solution found.
Wed May 07 02:15:25 CEST 2014: 98: finished (4ms, 6cycles)
Wed May 07 02:15:25 CEST 2014: 98: Solution found.
Wed May 07 02:15:25 CEST 2014: 99: finished (8ms, 11cycles)
Wed May 07 02:15:25 CEST 2014: 99: Solution found.
Wed May 07 02:15:25 CEST 2014: Solution Found: 65
Wed May 07 02:15:25 CEST 2014: Avg cycles: 24
Wed May 07 02:15:25 CEST 2014: Max cycles: 268
Wed May 07 02:15:25 CEST 2014: Min cycles: 3
Wed May 07 02:15:25 CEST 2014: No solution found: 35
Wed May 07 02:15:25 CEST 2014: logging finished. (runtime: 16611ms)
