Sun May 18 17:53:59 CEST 2014: Problem Count: 10
Sun May 18 17:53:59 CEST 2014: CandidatesCount: 50
Sun May 18 17:53:59 CEST 2014: Max Cycles: 500
Sun May 18 17:53:59 CEST 2014: 0: finished (446ms, 500cycles)
Sun May 18 17:53:59 CEST 2014: 0: No solution found.
Sun May 18 17:54:00 CEST 2014: 1: finished (222ms, 500cycles)
Sun May 18 17:54:00 CEST 2014: 1: No solution found.
Sun May 18 17:54:00 CEST 2014: 2: finished (366ms, 500cycles)
Sun May 18 17:54:00 CEST 2014: 2: No solution found.
Sun May 18 17:54:00 CEST 2014: 3: finished (3ms, 20cycles)
Sun May 18 17:54:00 CEST 2014: 3: Solution found.
Sun May 18 17:54:00 CEST 2014: 4: finished (57ms, 208cycles)
Sun May 18 17:54:00 CEST 2014: 4: Solution found.
Sun May 18 17:54:01 CEST 2014: 5: finished (453ms, 500cycles)
Sun May 18 17:54:01 CEST 2014: 5: No solution found.
Sun May 18 17:54:01 CEST 2014: 6: finished (211ms, 500cycles)
Sun May 18 17:54:01 CEST 2014: 6: No solution found.
Sun May 18 17:54:01 CEST 2014: 7: finished (3ms, 11cycles)
Sun May 18 17:54:01 CEST 2014: 7: Solution found.
Sun May 18 17:54:01 CEST 2014: 8: finished (4ms, 14cycles)
Sun May 18 17:54:01 CEST 2014: 8: Solution found.
Sun May 18 17:54:01 CEST 2014: 9: finished (30ms, 49cycles)
Sun May 18 17:54:01 CEST 2014: 9: Solution found.
Sun May 18 17:54:01 CEST 2014: 10: finished (536ms, 500cycles)
Sun May 18 17:54:01 CEST 2014: 10: No solution found.
Sun May 18 17:54:02 CEST 2014: 11: finished (220ms, 500cycles)
Sun May 18 17:54:02 CEST 2014: 11: No solution found.
Sun May 18 17:54:02 CEST 2014: 12: finished (5ms, 13cycles)
Sun May 18 17:54:02 CEST 2014: 12: Solution found.
Sun May 18 17:54:02 CEST 2014: 13: finished (373ms, 500cycles)
Sun May 18 17:54:02 CEST 2014: 13: No solution found.
Sun May 18 17:54:02 CEST 2014: 14: finished (319ms, 500cycles)
Sun May 18 17:54:02 CEST 2014: 14: No solution found.
Sun May 18 17:54:03 CEST 2014: 15: finished (335ms, 500cycles)
Sun May 18 17:54:03 CEST 2014: 15: No solution found.
Sun May 18 17:54:03 CEST 2014: 16: finished (46ms, 500cycles)
Sun May 18 17:54:03 CEST 2014: 16: No solution found.
Sun May 18 17:54:03 CEST 2014: 17: finished (59ms, 500cycles)
Sun May 18 17:54:03 CEST 2014: 17: No solution found.
Sun May 18 17:54:03 CEST 2014: 18: finished (493ms, 500cycles)
Sun May 18 17:54:03 CEST 2014: 18: No solution found.
Sun May 18 17:54:03 CEST 2014: 19: finished (270ms, 500cycles)
Sun May 18 17:54:03 CEST 2014: 19: No solution found.
Sun May 18 17:54:03 CEST 2014: 20: finished (2ms, 9cycles)
Sun May 18 17:54:03 CEST 2014: 20: Solution found.
Sun May 18 17:54:03 CEST 2014: 21: finished (3ms, 18cycles)
Sun May 18 17:54:03 CEST 2014: 21: Solution found.
Sun May 18 17:54:03 CEST 2014: 22: finished (5ms, 22cycles)
Sun May 18 17:54:03 CEST 2014: 22: Solution found.
Sun May 18 17:54:03 CEST 2014: 23: finished (57ms, 84cycles)
Sun May 18 17:54:03 CEST 2014: 23: Solution found.
Sun May 18 17:54:04 CEST 2014: 24: finished (120ms, 308cycles)
Sun May 18 17:54:04 CEST 2014: 24: Solution found.
Sun May 18 17:54:04 CEST 2014: 25: finished (107ms, 183cycles)
Sun May 18 17:54:04 CEST 2014: 25: Solution found.
Sun May 18 17:54:04 CEST 2014: 26: finished (55ms, 500cycles)
Sun May 18 17:54:04 CEST 2014: 26: No solution found.
Sun May 18 17:54:04 CEST 2014: 27: finished (333ms, 500cycles)
Sun May 18 17:54:04 CEST 2014: 27: No solution found.
Sun May 18 17:54:05 CEST 2014: 28: finished (510ms, 500cycles)
Sun May 18 17:54:05 CEST 2014: 28: No solution found.
Sun May 18 17:54:05 CEST 2014: 29: finished (0ms, 3cycles)
Sun May 18 17:54:05 CEST 2014: 29: Solution found.
Sun May 18 17:54:05 CEST 2014: 30: finished (5ms, 16cycles)
Sun May 18 17:54:05 CEST 2014: 30: Solution found.
Sun May 18 17:54:05 CEST 2014: 31: finished (46ms, 500cycles)
Sun May 18 17:54:05 CEST 2014: 31: No solution found.
Sun May 18 17:54:05 CEST 2014: 32: finished (78ms, 500cycles)
Sun May 18 17:54:05 CEST 2014: 32: No solution found.
Sun May 18 17:54:05 CEST 2014: 33: finished (120ms, 195cycles)
Sun May 18 17:54:05 CEST 2014: 33: Solution found.
Sun May 18 17:54:05 CEST 2014: 34: finished (8ms, 50cycles)
Sun May 18 17:54:05 CEST 2014: 34: Solution found.
Sun May 18 17:54:05 CEST 2014: 35: finished (206ms, 500cycles)
Sun May 18 17:54:05 CEST 2014: 35: No solution found.
Sun May 18 17:54:05 CEST 2014: 36: finished (3ms, 15cycles)
Sun May 18 17:54:05 CEST 2014: 36: Solution found.
Sun May 18 17:54:06 CEST 2014: 37: finished (435ms, 500cycles)
Sun May 18 17:54:06 CEST 2014: 37: No solution found.
Sun May 18 17:54:06 CEST 2014: 38: finished (320ms, 500cycles)
Sun May 18 17:54:06 CEST 2014: 38: No solution found.
Sun May 18 17:54:06 CEST 2014: 39: finished (214ms, 500cycles)
Sun May 18 17:54:06 CEST 2014: 39: No solution found.
Sun May 18 17:54:06 CEST 2014: 40: finished (239ms, 500cycles)
Sun May 18 17:54:06 CEST 2014: 40: No solution found.
Sun May 18 17:54:06 CEST 2014: 41: finished (55ms, 500cycles)
Sun May 18 17:54:06 CEST 2014: 41: No solution found.
Sun May 18 17:54:06 CEST 2014: 42: finished (34ms, 75cycles)
Sun May 18 17:54:06 CEST 2014: 42: Solution found.
Sun May 18 17:54:07 CEST 2014: 43: finished (257ms, 500cycles)
Sun May 18 17:54:07 CEST 2014: 43: No solution found.
Sun May 18 17:54:07 CEST 2014: 44: finished (251ms, 500cycles)
Sun May 18 17:54:07 CEST 2014: 44: No solution found.
Sun May 18 17:54:07 CEST 2014: 45: finished (297ms, 500cycles)
Sun May 18 17:54:07 CEST 2014: 45: No solution found.
Sun May 18 17:54:08 CEST 2014: 46: finished (383ms, 500cycles)
Sun May 18 17:54:08 CEST 2014: 46: No solution found.
Sun May 18 17:54:08 CEST 2014: 47: finished (45ms, 161cycles)
Sun May 18 17:54:08 CEST 2014: 47: Solution found.
Sun May 18 17:54:08 CEST 2014: 48: finished (100ms, 173cycles)
Sun May 18 17:54:08 CEST 2014: 48: Solution found.
Sun May 18 17:54:08 CEST 2014: 49: finished (47ms, 500cycles)
Sun May 18 17:54:08 CEST 2014: 49: No solution found.
Sun May 18 17:54:08 CEST 2014: 50: finished (2ms, 6cycles)
Sun May 18 17:54:08 CEST 2014: 50: Solution found.
Sun May 18 17:54:08 CEST 2014: 51: finished (54ms, 500cycles)
Sun May 18 17:54:08 CEST 2014: 51: No solution found.
Sun May 18 17:54:08 CEST 2014: 52: finished (4ms, 19cycles)
Sun May 18 17:54:08 CEST 2014: 52: Solution found.
Sun May 18 17:54:08 CEST 2014: 53: finished (214ms, 500cycles)
Sun May 18 17:54:08 CEST 2014: 53: No solution found.
Sun May 18 17:54:08 CEST 2014: 54: finished (190ms, 276cycles)
Sun May 18 17:54:08 CEST 2014: 54: Solution found.
Sun May 18 17:54:08 CEST 2014: 55: finished (254ms, 500cycles)
Sun May 18 17:54:08 CEST 2014: 55: No solution found.
Sun May 18 17:54:09 CEST 2014: 56: finished (63ms, 500cycles)
Sun May 18 17:54:09 CEST 2014: 56: No solution found.
Sun May 18 17:54:09 CEST 2014: 57: finished (1ms, 8cycles)
Sun May 18 17:54:09 CEST 2014: 57: Solution found.
Sun May 18 17:54:09 CEST 2014: 58: finished (35ms, 76cycles)
Sun May 18 17:54:09 CEST 2014: 58: Solution found.
Sun May 18 17:54:09 CEST 2014: 59: finished (1ms, 3cycles)
Sun May 18 17:54:09 CEST 2014: 59: Solution found.
Sun May 18 17:54:09 CEST 2014: 60: finished (211ms, 500cycles)
Sun May 18 17:54:09 CEST 2014: 60: No solution found.
Sun May 18 17:54:09 CEST 2014: 61: finished (4ms, 17cycles)
Sun May 18 17:54:09 CEST 2014: 61: Solution found.
Sun May 18 17:54:09 CEST 2014: 62: finished (22ms, 54cycles)
Sun May 18 17:54:09 CEST 2014: 62: Solution found.
Sun May 18 17:54:09 CEST 2014: 63: finished (46ms, 500cycles)
Sun May 18 17:54:09 CEST 2014: 63: No solution found.
Sun May 18 17:54:09 CEST 2014: 64: finished (49ms, 500cycles)
Sun May 18 17:54:09 CEST 2014: 64: No solution found.
Sun May 18 17:54:09 CEST 2014: 65: finished (17ms, 23cycles)
Sun May 18 17:54:09 CEST 2014: 65: Solution found.
Sun May 18 17:54:09 CEST 2014: 66: finished (14ms, 29cycles)
Sun May 18 17:54:09 CEST 2014: 66: Solution found.
Sun May 18 17:54:09 CEST 2014: 67: finished (527ms, 500cycles)
Sun May 18 17:54:09 CEST 2014: 67: No solution found.
Sun May 18 17:54:09 CEST 2014: 68: finished (6ms, 13cycles)
Sun May 18 17:54:09 CEST 2014: 68: Solution found.
Sun May 18 17:54:09 CEST 2014: 69: finished (2ms, 8cycles)
Sun May 18 17:54:09 CEST 2014: 69: Solution found.
Sun May 18 17:54:10 CEST 2014: 70: finished (78ms, 500cycles)
Sun May 18 17:54:10 CEST 2014: 70: No solution found.
Sun May 18 17:54:10 CEST 2014: 71: finished (2ms, 8cycles)
Sun May 18 17:54:10 CEST 2014: 71: Solution found.
Sun May 18 17:54:10 CEST 2014: 72: finished (193ms, 259cycles)
Sun May 18 17:54:10 CEST 2014: 72: Solution found.
Sun May 18 17:54:10 CEST 2014: 73: finished (183ms, 500cycles)
Sun May 18 17:54:10 CEST 2014: 73: No solution found.
Sun May 18 17:54:10 CEST 2014: 74: finished (238ms, 500cycles)
Sun May 18 17:54:10 CEST 2014: 74: No solution found.
Sun May 18 17:54:10 CEST 2014: 75: finished (48ms, 500cycles)
Sun May 18 17:54:10 CEST 2014: 75: No solution found.
Sun May 18 17:54:11 CEST 2014: 76: finished (359ms, 500cycles)
Sun May 18 17:54:11 CEST 2014: 76: No solution found.
Sun May 18 17:54:11 CEST 2014: 77: finished (172ms, 191cycles)
Sun May 18 17:54:11 CEST 2014: 77: Solution found.
Sun May 18 17:54:11 CEST 2014: 78: finished (290ms, 500cycles)
Sun May 18 17:54:11 CEST 2014: 78: No solution found.
Sun May 18 17:54:11 CEST 2014: 79: finished (316ms, 500cycles)
Sun May 18 17:54:11 CEST 2014: 79: No solution found.
Sun May 18 17:54:12 CEST 2014: 80: finished (330ms, 500cycles)
Sun May 18 17:54:12 CEST 2014: 80: No solution found.
Sun May 18 17:54:12 CEST 2014: 81: finished (2ms, 7cycles)
Sun May 18 17:54:12 CEST 2014: 81: Solution found.
Sun May 18 17:54:12 CEST 2014: 82: finished (281ms, 500cycles)
Sun May 18 17:54:12 CEST 2014: 82: No solution found.
Sun May 18 17:54:12 CEST 2014: 83: finished (1ms, 5cycles)
Sun May 18 17:54:12 CEST 2014: 83: Solution found.
Sun May 18 17:54:12 CEST 2014: 84: finished (60ms, 82cycles)
Sun May 18 17:54:12 CEST 2014: 84: Solution found.
Sun May 18 17:54:12 CEST 2014: 85: finished (2ms, 6cycles)
Sun May 18 17:54:12 CEST 2014: 85: Solution found.
Sun May 18 17:54:12 CEST 2014: 86: finished (3ms, 17cycles)
Sun May 18 17:54:12 CEST 2014: 86: Solution found.
Sun May 18 17:54:12 CEST 2014: 87: finished (210ms, 500cycles)
Sun May 18 17:54:12 CEST 2014: 87: No solution found.
Sun May 18 17:54:12 CEST 2014: 88: finished (3ms, 10cycles)
Sun May 18 17:54:12 CEST 2014: 88: Solution found.
Sun May 18 17:54:12 CEST 2014: 89: finished (242ms, 500cycles)
Sun May 18 17:54:12 CEST 2014: 89: No solution found.
Sun May 18 17:54:13 CEST 2014: 90: finished (425ms, 500cycles)
Sun May 18 17:54:13 CEST 2014: 90: No solution found.
Sun May 18 17:54:13 CEST 2014: 91: finished (217ms, 500cycles)
Sun May 18 17:54:13 CEST 2014: 91: No solution found.
Sun May 18 17:54:13 CEST 2014: 92: finished (9ms, 35cycles)
Sun May 18 17:54:13 CEST 2014: 92: Solution found.
Sun May 18 17:54:13 CEST 2014: 93: finished (325ms, 500cycles)
Sun May 18 17:54:13 CEST 2014: 93: No solution found.
Sun May 18 17:54:14 CEST 2014: 94: finished (220ms, 500cycles)
Sun May 18 17:54:14 CEST 2014: 94: No solution found.
Sun May 18 17:54:14 CEST 2014: 95: finished (401ms, 500cycles)
Sun May 18 17:54:14 CEST 2014: 95: No solution found.
Sun May 18 17:54:14 CEST 2014: 96: finished (57ms, 500cycles)
Sun May 18 17:54:14 CEST 2014: 96: No solution found.
Sun May 18 17:54:14 CEST 2014: 97: finished (221ms, 500cycles)
Sun May 18 17:54:14 CEST 2014: 97: No solution found.
Sun May 18 17:54:14 CEST 2014: 98: finished (2ms, 11cycles)
Sun May 18 17:54:14 CEST 2014: 98: Solution found.
Sun May 18 17:54:14 CEST 2014: 99: finished (20ms, 83cycles)
Sun May 18 17:54:14 CEST 2014: 99: Solution found.
Sun May 18 17:54:14 CEST 2014: Solution Found: 44
Sun May 18 17:54:14 CEST 2014: Avg cycles: 65
Sun May 18 17:54:14 CEST 2014: Max cycles: 308
Sun May 18 17:54:14 CEST 2014: Min cycles: 3
Sun May 18 17:54:14 CEST 2014: No solution found: 56
Sun May 18 17:54:14 CEST 2014: logging finished. (runtime: 15431ms)
