Sat May 17 21:02:41 CEST 2014: Problem Count: 40
Sat May 17 21:02:41 CEST 2014: CandidatesCount: 30
Sat May 17 21:02:41 CEST 2014: Max Cycles: 500
Sat May 17 21:02:41 CEST 2014: 0: finished (5ms, 5cycles)
Sat May 17 21:02:41 CEST 2014: 0: Solution found.
Sat May 17 21:02:41 CEST 2014: 1: finished (30ms, 90cycles)
Sat May 17 21:02:41 CEST 2014: 1: Solution found.
Sat May 17 21:02:41 CEST 2014: 2: finished (128ms, 500cycles)
Sat May 17 21:02:41 CEST 2014: 2: No solution found.
Sat May 17 21:02:41 CEST 2014: 3: finished (8ms, 29cycles)
Sat May 17 21:02:41 CEST 2014: 3: Solution found.
Sat May 17 21:02:41 CEST 2014: 4: finished (4ms, 14cycles)
Sat May 17 21:02:41 CEST 2014: 4: Solution found.
Sat May 17 21:02:41 CEST 2014: 5: finished (5ms, 18cycles)
Sat May 17 21:02:41 CEST 2014: 5: Solution found.
Sat May 17 21:02:41 CEST 2014: 6: finished (131ms, 500cycles)
Sat May 17 21:02:41 CEST 2014: 6: No solution found.
Sat May 17 21:02:41 CEST 2014: 7: finished (3ms, 8cycles)
Sat May 17 21:02:41 CEST 2014: 7: Solution found.
Sat May 17 21:02:41 CEST 2014: 8: finished (130ms, 500cycles)
Sat May 17 21:02:41 CEST 2014: 8: No solution found.
Sat May 17 21:02:41 CEST 2014: 9: finished (6ms, 17cycles)
Sat May 17 21:02:41 CEST 2014: 9: Solution found.
Sat May 17 21:02:41 CEST 2014: 10: finished (107ms, 401cycles)
Sat May 17 21:02:41 CEST 2014: 10: Solution found.
Sat May 17 21:02:42 CEST 2014: 11: finished (149ms, 500cycles)
Sat May 17 21:02:42 CEST 2014: 11: No solution found.
Sat May 17 21:02:42 CEST 2014: 12: finished (10ms, 33cycles)
Sat May 17 21:02:42 CEST 2014: 12: Solution found.
Sat May 17 21:02:42 CEST 2014: 13: finished (8ms, 29cycles)
Sat May 17 21:02:42 CEST 2014: 13: Solution found.
Sat May 17 21:02:42 CEST 2014: 14: finished (3ms, 12cycles)
Sat May 17 21:02:42 CEST 2014: 14: Solution found.
Sat May 17 21:02:42 CEST 2014: 15: finished (129ms, 500cycles)
Sat May 17 21:02:42 CEST 2014: 15: No solution found.
Sat May 17 21:02:42 CEST 2014: 16: finished (6ms, 21cycles)
Sat May 17 21:02:42 CEST 2014: 16: Solution found.
Sat May 17 21:02:42 CEST 2014: 17: finished (48ms, 171cycles)
Sat May 17 21:02:42 CEST 2014: 17: Solution found.
Sat May 17 21:02:42 CEST 2014: 18: finished (5ms, 17cycles)
Sat May 17 21:02:42 CEST 2014: 18: Solution found.
Sat May 17 21:02:42 CEST 2014: 19: finished (141ms, 500cycles)
Sat May 17 21:02:42 CEST 2014: 19: No solution found.
Sat May 17 21:02:42 CEST 2014: 20: finished (1ms, 2cycles)
Sat May 17 21:02:42 CEST 2014: 20: Solution found.
Sat May 17 21:02:42 CEST 2014: 21: finished (127ms, 500cycles)
Sat May 17 21:02:42 CEST 2014: 21: No solution found.
Sat May 17 21:02:42 CEST 2014: 22: finished (2ms, 6cycles)
Sat May 17 21:02:42 CEST 2014: 22: Solution found.
Sat May 17 21:02:42 CEST 2014: 23: finished (129ms, 500cycles)
Sat May 17 21:02:42 CEST 2014: 23: No solution found.
Sat May 17 21:02:42 CEST 2014: 24: finished (8ms, 26cycles)
Sat May 17 21:02:42 CEST 2014: 24: Solution found.
Sat May 17 21:02:42 CEST 2014: 25: finished (148ms, 500cycles)
Sat May 17 21:02:42 CEST 2014: 25: No solution found.
Sat May 17 21:02:42 CEST 2014: 26: finished (11ms, 31cycles)
Sat May 17 21:02:42 CEST 2014: 26: Solution found.
Sat May 17 21:02:43 CEST 2014: 27: finished (270ms, 500cycles)
Sat May 17 21:02:43 CEST 2014: 27: No solution found.
Sat May 17 21:02:43 CEST 2014: 28: finished (113ms, 500cycles)
Sat May 17 21:02:43 CEST 2014: 28: No solution found.
Sat May 17 21:02:43 CEST 2014: 29: finished (8ms, 23cycles)
Sat May 17 21:02:43 CEST 2014: 29: Solution found.
Sat May 17 21:02:43 CEST 2014: 30: finished (3ms, 7cycles)
Sat May 17 21:02:43 CEST 2014: 30: Solution found.
Sat May 17 21:02:43 CEST 2014: 31: finished (12ms, 41cycles)
Sat May 17 21:02:43 CEST 2014: 31: Solution found.
Sat May 17 21:02:43 CEST 2014: 32: finished (122ms, 500cycles)
Sat May 17 21:02:43 CEST 2014: 32: No solution found.
Sat May 17 21:02:43 CEST 2014: 33: finished (128ms, 500cycles)
Sat May 17 21:02:43 CEST 2014: 33: No solution found.
Sat May 17 21:02:43 CEST 2014: 34: finished (12ms, 41cycles)
Sat May 17 21:02:43 CEST 2014: 34: Solution found.
Sat May 17 21:02:43 CEST 2014: 35: finished (124ms, 500cycles)
Sat May 17 21:02:43 CEST 2014: 35: No solution found.
Sat May 17 21:02:43 CEST 2014: 36: finished (120ms, 500cycles)
Sat May 17 21:02:43 CEST 2014: 36: No solution found.
Sat May 17 21:02:43 CEST 2014: 37: finished (138ms, 500cycles)
Sat May 17 21:02:43 CEST 2014: 37: No solution found.
Sat May 17 21:02:44 CEST 2014: 38: finished (133ms, 500cycles)
Sat May 17 21:02:44 CEST 2014: 38: No solution found.
Sat May 17 21:02:44 CEST 2014: 39: finished (9ms, 28cycles)
Sat May 17 21:02:44 CEST 2014: 39: Solution found.
Sat May 17 21:02:44 CEST 2014: 40: finished (124ms, 500cycles)
Sat May 17 21:02:44 CEST 2014: 40: No solution found.
Sat May 17 21:02:44 CEST 2014: 41: finished (124ms, 500cycles)
Sat May 17 21:02:44 CEST 2014: 41: No solution found.
Sat May 17 21:02:44 CEST 2014: 42: finished (6ms, 23cycles)
Sat May 17 21:02:44 CEST 2014: 42: Solution found.
Sat May 17 21:02:44 CEST 2014: 43: finished (17ms, 62cycles)
Sat May 17 21:02:44 CEST 2014: 43: Solution found.
Sat May 17 21:02:44 CEST 2014: 44: finished (117ms, 500cycles)
Sat May 17 21:02:44 CEST 2014: 44: No solution found.
Sat May 17 21:02:44 CEST 2014: 45: finished (134ms, 500cycles)
Sat May 17 21:02:44 CEST 2014: 45: No solution found.
Sat May 17 21:02:44 CEST 2014: 46: finished (13ms, 38cycles)
Sat May 17 21:02:44 CEST 2014: 46: Solution found.
Sat May 17 21:02:44 CEST 2014: 47: finished (8ms, 27cycles)
Sat May 17 21:02:44 CEST 2014: 47: Solution found.
Sat May 17 21:02:44 CEST 2014: 48: finished (125ms, 500cycles)
Sat May 17 21:02:44 CEST 2014: 48: No solution found.
Sat May 17 21:02:44 CEST 2014: 49: finished (10ms, 37cycles)
Sat May 17 21:02:44 CEST 2014: 49: Solution found.
Sat May 17 21:02:44 CEST 2014: 50: finished (128ms, 500cycles)
Sat May 17 21:02:44 CEST 2014: 50: No solution found.
Sat May 17 21:02:44 CEST 2014: 51: finished (4ms, 11cycles)
Sat May 17 21:02:44 CEST 2014: 51: Solution found.
Sat May 17 21:02:44 CEST 2014: 52: finished (13ms, 43cycles)
Sat May 17 21:02:44 CEST 2014: 52: Solution found.
Sat May 17 21:02:44 CEST 2014: 53: finished (3ms, 11cycles)
Sat May 17 21:02:44 CEST 2014: 53: Solution found.
Sat May 17 21:02:45 CEST 2014: 54: finished (140ms, 500cycles)
Sat May 17 21:02:45 CEST 2014: 54: No solution found.
Sat May 17 21:02:45 CEST 2014: 55: finished (3ms, 10cycles)
Sat May 17 21:02:45 CEST 2014: 55: Solution found.
Sat May 17 21:02:45 CEST 2014: 56: finished (128ms, 500cycles)
Sat May 17 21:02:45 CEST 2014: 56: No solution found.
Sat May 17 21:02:45 CEST 2014: 57: finished (126ms, 500cycles)
Sat May 17 21:02:45 CEST 2014: 57: No solution found.
Sat May 17 21:02:45 CEST 2014: 58: finished (8ms, 25cycles)
Sat May 17 21:02:45 CEST 2014: 58: Solution found.
Sat May 17 21:02:45 CEST 2014: 59: finished (9ms, 35cycles)
Sat May 17 21:02:45 CEST 2014: 59: Solution found.
Sat May 17 21:02:45 CEST 2014: 60: finished (7ms, 23cycles)
Sat May 17 21:02:45 CEST 2014: 60: Solution found.
Sat May 17 21:02:45 CEST 2014: 61: finished (6ms, 22cycles)
Sat May 17 21:02:45 CEST 2014: 61: Solution found.
Sat May 17 21:02:45 CEST 2014: 62: finished (119ms, 500cycles)
Sat May 17 21:02:45 CEST 2014: 62: No solution found.
Sat May 17 21:02:45 CEST 2014: 63: finished (119ms, 500cycles)
Sat May 17 21:02:45 CEST 2014: 63: No solution found.
Sat May 17 21:02:45 CEST 2014: 64: finished (6ms, 20cycles)
Sat May 17 21:02:45 CEST 2014: 64: Solution found.
Sat May 17 21:02:45 CEST 2014: 65: finished (5ms, 14cycles)
Sat May 17 21:02:45 CEST 2014: 65: Solution found.
Sat May 17 21:02:45 CEST 2014: 66: finished (59ms, 223cycles)
Sat May 17 21:02:45 CEST 2014: 66: Solution found.
Sat May 17 21:02:45 CEST 2014: 67: finished (124ms, 500cycles)
Sat May 17 21:02:45 CEST 2014: 67: No solution found.
Sat May 17 21:02:45 CEST 2014: 68: finished (149ms, 500cycles)
Sat May 17 21:02:45 CEST 2014: 68: No solution found.
Sat May 17 21:02:46 CEST 2014: 69: finished (136ms, 500cycles)
Sat May 17 21:02:46 CEST 2014: 69: No solution found.
Sat May 17 21:02:46 CEST 2014: 70: finished (124ms, 500cycles)
Sat May 17 21:02:46 CEST 2014: 70: No solution found.
Sat May 17 21:02:46 CEST 2014: 71: finished (125ms, 500cycles)
Sat May 17 21:02:46 CEST 2014: 71: No solution found.
Sat May 17 21:02:46 CEST 2014: 72: finished (135ms, 500cycles)
Sat May 17 21:02:46 CEST 2014: 72: No solution found.
Sat May 17 21:02:46 CEST 2014: 73: finished (9ms, 29cycles)
Sat May 17 21:02:46 CEST 2014: 73: Solution found.
Sat May 17 21:02:46 CEST 2014: 74: finished (27ms, 96cycles)
Sat May 17 21:02:46 CEST 2014: 74: Solution found.
Sat May 17 21:02:46 CEST 2014: 75: finished (124ms, 500cycles)
Sat May 17 21:02:46 CEST 2014: 75: No solution found.
Sat May 17 21:02:46 CEST 2014: 76: finished (144ms, 500cycles)
Sat May 17 21:02:46 CEST 2014: 76: No solution found.
Sat May 17 21:02:46 CEST 2014: 77: finished (121ms, 500cycles)
Sat May 17 21:02:46 CEST 2014: 77: No solution found.
Sat May 17 21:02:46 CEST 2014: 78: finished (9ms, 33cycles)
Sat May 17 21:02:46 CEST 2014: 78: Solution found.
Sat May 17 21:02:46 CEST 2014: 79: finished (12ms, 47cycles)
Sat May 17 21:02:46 CEST 2014: 79: Solution found.
Sat May 17 21:02:46 CEST 2014: 80: finished (12ms, 43cycles)
Sat May 17 21:02:46 CEST 2014: 80: Solution found.
Sat May 17 21:02:47 CEST 2014: 81: finished (127ms, 500cycles)
Sat May 17 21:02:47 CEST 2014: 81: No solution found.
Sat May 17 21:02:47 CEST 2014: 82: finished (151ms, 500cycles)
Sat May 17 21:02:47 CEST 2014: 82: No solution found.
Sat May 17 21:02:47 CEST 2014: 83: finished (8ms, 23cycles)
Sat May 17 21:02:47 CEST 2014: 83: Solution found.
Sat May 17 21:02:47 CEST 2014: 84: finished (4ms, 11cycles)
Sat May 17 21:02:47 CEST 2014: 84: Solution found.
Sat May 17 21:02:47 CEST 2014: 85: finished (6ms, 20cycles)
Sat May 17 21:02:47 CEST 2014: 85: Solution found.
Sat May 17 21:02:47 CEST 2014: 86: finished (13ms, 43cycles)
Sat May 17 21:02:47 CEST 2014: 86: Solution found.
Sat May 17 21:02:47 CEST 2014: 87: finished (16ms, 58cycles)
Sat May 17 21:02:47 CEST 2014: 87: Solution found.
Sat May 17 21:02:47 CEST 2014: 88: finished (12ms, 40cycles)
Sat May 17 21:02:47 CEST 2014: 88: Solution found.
Sat May 17 21:02:47 CEST 2014: 89: finished (8ms, 26cycles)
Sat May 17 21:02:47 CEST 2014: 89: Solution found.
Sat May 17 21:02:47 CEST 2014: 90: finished (1ms, 2cycles)
Sat May 17 21:02:47 CEST 2014: 90: Solution found.
Sat May 17 21:02:47 CEST 2014: 91: finished (134ms, 500cycles)
Sat May 17 21:02:47 CEST 2014: 91: No solution found.
Sat May 17 21:02:47 CEST 2014: 92: finished (134ms, 500cycles)
Sat May 17 21:02:47 CEST 2014: 92: No solution found.
Sat May 17 21:02:47 CEST 2014: 93: finished (26ms, 88cycles)
Sat May 17 21:02:47 CEST 2014: 93: Solution found.
Sat May 17 21:02:47 CEST 2014: 94: finished (13ms, 44cycles)
Sat May 17 21:02:47 CEST 2014: 94: Solution found.
Sat May 17 21:02:47 CEST 2014: 95: finished (8ms, 24cycles)
Sat May 17 21:02:47 CEST 2014: 95: Solution found.
Sat May 17 21:02:47 CEST 2014: 96: finished (117ms, 500cycles)
Sat May 17 21:02:47 CEST 2014: 96: No solution found.
Sat May 17 21:02:47 CEST 2014: 97: finished (8ms, 27cycles)
Sat May 17 21:02:47 CEST 2014: 97: Solution found.
Sat May 17 21:02:47 CEST 2014: 98: finished (12ms, 43cycles)
Sat May 17 21:02:47 CEST 2014: 98: Solution found.
Sat May 17 21:02:47 CEST 2014: 99: finished (123ms, 500cycles)
Sat May 17 21:02:47 CEST 2014: 99: No solution found.
Sat May 17 21:02:47 CEST 2014: Solution Found: 57
Sat May 17 21:02:47 CEST 2014: Avg cycles: 41
Sat May 17 21:02:47 CEST 2014: Max cycles: 401
Sat May 17 21:02:47 CEST 2014: Min cycles: 2
Sat May 17 21:02:47 CEST 2014: No solution found: 43
Sat May 17 21:02:47 CEST 2014: logging finished. (runtime: 6426ms)
