Sat May 17 22:02:18 CEST 2014: Problem Count: 40
Sat May 17 22:02:18 CEST 2014: CandidatesCount: 40
Sat May 17 22:02:18 CEST 2014: Max Cycles: 500
Sat May 17 22:02:18 CEST 2014: 0: finished (1ms, 1cycles)
Sat May 17 22:02:18 CEST 2014: 0: Solution found.
Sat May 17 22:02:18 CEST 2014: 1: finished (5ms, 13cycles)
Sat May 17 22:02:18 CEST 2014: 1: Solution found.
Sat May 17 22:02:18 CEST 2014: 2: finished (15ms, 44cycles)
Sat May 17 22:02:18 CEST 2014: 2: Solution found.
Sat May 17 22:02:18 CEST 2014: 3: finished (18ms, 52cycles)
Sat May 17 22:02:18 CEST 2014: 3: Solution found.
Sat May 17 22:02:18 CEST 2014: 4: finished (3ms, 6cycles)
Sat May 17 22:02:18 CEST 2014: 4: Solution found.
Sat May 17 22:02:19 CEST 2014: 5: finished (159ms, 500cycles)
Sat May 17 22:02:19 CEST 2014: 5: No solution found.
Sat May 17 22:02:19 CEST 2014: 6: finished (89ms, 223cycles)
Sat May 17 22:02:19 CEST 2014: 6: Solution found.
Sat May 17 22:02:19 CEST 2014: 7: finished (7ms, 20cycles)
Sat May 17 22:02:19 CEST 2014: 7: Solution found.
Sat May 17 22:02:19 CEST 2014: 8: finished (178ms, 500cycles)
Sat May 17 22:02:19 CEST 2014: 8: No solution found.
Sat May 17 22:02:19 CEST 2014: 9: finished (4ms, 8cycles)
Sat May 17 22:02:19 CEST 2014: 9: Solution found.
Sat May 17 22:02:19 CEST 2014: 10: finished (4ms, 9cycles)
Sat May 17 22:02:19 CEST 2014: 10: Solution found.
Sat May 17 22:02:19 CEST 2014: 11: finished (1ms, 2cycles)
Sat May 17 22:02:19 CEST 2014: 11: Solution found.
Sat May 17 22:02:19 CEST 2014: 12: finished (178ms, 500cycles)
Sat May 17 22:02:19 CEST 2014: 12: No solution found.
Sat May 17 22:02:19 CEST 2014: 13: finished (8ms, 22cycles)
Sat May 17 22:02:19 CEST 2014: 13: Solution found.
Sat May 17 22:02:19 CEST 2014: 14: finished (164ms, 500cycles)
Sat May 17 22:02:19 CEST 2014: 14: No solution found.
Sat May 17 22:02:19 CEST 2014: 15: finished (7ms, 18cycles)
Sat May 17 22:02:19 CEST 2014: 15: Solution found.
Sat May 17 22:02:19 CEST 2014: 16: finished (174ms, 500cycles)
Sat May 17 22:02:19 CEST 2014: 16: No solution found.
Sat May 17 22:02:19 CEST 2014: 17: finished (35ms, 91cycles)
Sat May 17 22:02:19 CEST 2014: 17: Solution found.
Sat May 17 22:02:20 CEST 2014: 18: finished (184ms, 500cycles)
Sat May 17 22:02:20 CEST 2014: 18: No solution found.
Sat May 17 22:02:20 CEST 2014: 19: finished (7ms, 17cycles)
Sat May 17 22:02:20 CEST 2014: 19: Solution found.
Sat May 17 22:02:20 CEST 2014: 20: finished (18ms, 49cycles)
Sat May 17 22:02:20 CEST 2014: 20: Solution found.
Sat May 17 22:02:20 CEST 2014: 21: finished (16ms, 39cycles)
Sat May 17 22:02:20 CEST 2014: 21: Solution found.
Sat May 17 22:02:20 CEST 2014: 22: finished (202ms, 500cycles)
Sat May 17 22:02:20 CEST 2014: 22: No solution found.
Sat May 17 22:02:20 CEST 2014: 23: finished (158ms, 500cycles)
Sat May 17 22:02:20 CEST 2014: 23: No solution found.
Sat May 17 22:02:20 CEST 2014: 24: finished (163ms, 500cycles)
Sat May 17 22:02:20 CEST 2014: 24: No solution found.
Sat May 17 22:02:20 CEST 2014: 25: finished (18ms, 34cycles)
Sat May 17 22:02:20 CEST 2014: 25: Solution found.
Sat May 17 22:02:20 CEST 2014: 26: finished (169ms, 500cycles)
Sat May 17 22:02:20 CEST 2014: 26: No solution found.
Sat May 17 22:02:21 CEST 2014: 27: finished (182ms, 500cycles)
Sat May 17 22:02:21 CEST 2014: 27: No solution found.
Sat May 17 22:02:21 CEST 2014: 28: finished (177ms, 500cycles)
Sat May 17 22:02:21 CEST 2014: 28: No solution found.
Sat May 17 22:02:21 CEST 2014: 29: finished (18ms, 48cycles)
Sat May 17 22:02:21 CEST 2014: 29: Solution found.
Sat May 17 22:02:21 CEST 2014: 30: finished (8ms, 18cycles)
Sat May 17 22:02:21 CEST 2014: 30: Solution found.
Sat May 17 22:02:21 CEST 2014: 31: finished (16ms, 43cycles)
Sat May 17 22:02:21 CEST 2014: 31: Solution found.
Sat May 17 22:02:21 CEST 2014: 32: finished (4ms, 10cycles)
Sat May 17 22:02:21 CEST 2014: 32: Solution found.
Sat May 17 22:02:21 CEST 2014: 33: finished (13ms, 30cycles)
Sat May 17 22:02:21 CEST 2014: 33: Solution found.
Sat May 17 22:02:21 CEST 2014: 34: finished (189ms, 500cycles)
Sat May 17 22:02:21 CEST 2014: 34: No solution found.
Sat May 17 22:02:21 CEST 2014: 35: finished (6ms, 15cycles)
Sat May 17 22:02:21 CEST 2014: 35: Solution found.
Sat May 17 22:02:21 CEST 2014: 36: finished (2ms, 3cycles)
Sat May 17 22:02:21 CEST 2014: 36: Solution found.
Sat May 17 22:02:21 CEST 2014: 37: finished (190ms, 500cycles)
Sat May 17 22:02:21 CEST 2014: 37: No solution found.
Sat May 17 22:02:21 CEST 2014: 38: finished (15ms, 31cycles)
Sat May 17 22:02:21 CEST 2014: 38: Solution found.
Sat May 17 22:02:21 CEST 2014: 39: finished (184ms, 500cycles)
Sat May 17 22:02:21 CEST 2014: 39: No solution found.
Sat May 17 22:02:22 CEST 2014: 40: finished (192ms, 500cycles)
Sat May 17 22:02:22 CEST 2014: 40: No solution found.
Sat May 17 22:02:22 CEST 2014: 41: finished (164ms, 500cycles)
Sat May 17 22:02:22 CEST 2014: 41: No solution found.
Sat May 17 22:02:22 CEST 2014: 42: finished (10ms, 23cycles)
Sat May 17 22:02:22 CEST 2014: 42: Solution found.
Sat May 17 22:02:22 CEST 2014: 43: finished (179ms, 500cycles)
Sat May 17 22:02:22 CEST 2014: 43: No solution found.
Sat May 17 22:02:22 CEST 2014: 44: finished (142ms, 379cycles)
Sat May 17 22:02:22 CEST 2014: 44: Solution found.
Sat May 17 22:02:22 CEST 2014: 45: finished (2ms, 3cycles)
Sat May 17 22:02:22 CEST 2014: 45: Solution found.
Sat May 17 22:02:22 CEST 2014: 46: finished (1ms, 2cycles)
Sat May 17 22:02:22 CEST 2014: 46: Solution found.
Sat May 17 22:02:22 CEST 2014: 47: finished (7ms, 15cycles)
Sat May 17 22:02:22 CEST 2014: 47: Solution found.
Sat May 17 22:02:22 CEST 2014: 48: finished (5ms, 13cycles)
Sat May 17 22:02:22 CEST 2014: 48: Solution found.
Sat May 17 22:02:22 CEST 2014: 49: finished (5ms, 12cycles)
Sat May 17 22:02:22 CEST 2014: 49: Solution found.
Sat May 17 22:02:22 CEST 2014: 50: finished (178ms, 500cycles)
Sat May 17 22:02:22 CEST 2014: 50: No solution found.
Sat May 17 22:02:22 CEST 2014: 51: finished (5ms, 13cycles)
Sat May 17 22:02:22 CEST 2014: 51: Solution found.
Sat May 17 22:02:22 CEST 2014: 52: finished (7ms, 14cycles)
Sat May 17 22:02:22 CEST 2014: 52: Solution found.
Sat May 17 22:02:22 CEST 2014: 53: finished (9ms, 22cycles)
Sat May 17 22:02:22 CEST 2014: 53: Solution found.
Sat May 17 22:02:22 CEST 2014: 54: finished (4ms, 8cycles)
Sat May 17 22:02:22 CEST 2014: 54: Solution found.
Sat May 17 22:02:22 CEST 2014: 55: finished (11ms, 32cycles)
Sat May 17 22:02:22 CEST 2014: 55: Solution found.
Sat May 17 22:02:22 CEST 2014: 56: finished (5ms, 13cycles)
Sat May 17 22:02:22 CEST 2014: 56: Solution found.
Sat May 17 22:02:22 CEST 2014: 57: finished (25ms, 76cycles)
Sat May 17 22:02:22 CEST 2014: 57: Solution found.
Sat May 17 22:02:22 CEST 2014: 58: finished (10ms, 24cycles)
Sat May 17 22:02:22 CEST 2014: 58: Solution found.
Sat May 17 22:02:22 CEST 2014: 59: finished (14ms, 25cycles)
Sat May 17 22:02:22 CEST 2014: 59: Solution found.
Sat May 17 22:02:22 CEST 2014: 60: finished (18ms, 48cycles)
Sat May 17 22:02:22 CEST 2014: 60: Solution found.
Sat May 17 22:02:23 CEST 2014: 61: finished (164ms, 500cycles)
Sat May 17 22:02:23 CEST 2014: 61: No solution found.
Sat May 17 22:02:23 CEST 2014: 62: finished (187ms, 500cycles)
Sat May 17 22:02:23 CEST 2014: 62: No solution found.
Sat May 17 22:02:23 CEST 2014: 63: finished (198ms, 500cycles)
Sat May 17 22:02:23 CEST 2014: 63: No solution found.
Sat May 17 22:02:23 CEST 2014: 64: finished (168ms, 500cycles)
Sat May 17 22:02:23 CEST 2014: 64: No solution found.
Sat May 17 22:02:23 CEST 2014: 65: finished (5ms, 11cycles)
Sat May 17 22:02:23 CEST 2014: 65: Solution found.
Sat May 17 22:02:23 CEST 2014: 66: finished (167ms, 500cycles)
Sat May 17 22:02:23 CEST 2014: 66: No solution found.
Sat May 17 22:02:23 CEST 2014: 67: finished (4ms, 8cycles)
Sat May 17 22:02:23 CEST 2014: 67: Solution found.
Sat May 17 22:02:23 CEST 2014: 68: finished (180ms, 500cycles)
Sat May 17 22:02:23 CEST 2014: 68: No solution found.
Sat May 17 22:02:23 CEST 2014: 69: finished (24ms, 50cycles)
Sat May 17 22:02:23 CEST 2014: 69: Solution found.
Sat May 17 22:02:23 CEST 2014: 70: finished (12ms, 32cycles)
Sat May 17 22:02:23 CEST 2014: 70: Solution found.
Sat May 17 22:02:24 CEST 2014: 71: finished (175ms, 500cycles)
Sat May 17 22:02:24 CEST 2014: 71: No solution found.
Sat May 17 22:02:24 CEST 2014: 72: finished (194ms, 500cycles)
Sat May 17 22:02:24 CEST 2014: 72: No solution found.
Sat May 17 22:02:24 CEST 2014: 73: finished (6ms, 15cycles)
Sat May 17 22:02:24 CEST 2014: 73: Solution found.
Sat May 17 22:02:24 CEST 2014: 74: finished (194ms, 500cycles)
Sat May 17 22:02:24 CEST 2014: 74: No solution found.
Sat May 17 22:02:24 CEST 2014: 75: finished (205ms, 500cycles)
Sat May 17 22:02:24 CEST 2014: 75: No solution found.
Sat May 17 22:02:24 CEST 2014: 76: finished (3ms, 8cycles)
Sat May 17 22:02:24 CEST 2014: 76: Solution found.
Sat May 17 22:02:24 CEST 2014: 77: finished (160ms, 500cycles)
Sat May 17 22:02:24 CEST 2014: 77: No solution found.
Sat May 17 22:02:25 CEST 2014: 78: finished (168ms, 500cycles)
Sat May 17 22:02:25 CEST 2014: 78: No solution found.
Sat May 17 22:02:25 CEST 2014: 79: finished (10ms, 26cycles)
Sat May 17 22:02:25 CEST 2014: 79: Solution found.
Sat May 17 22:02:25 CEST 2014: 80: finished (8ms, 18cycles)
Sat May 17 22:02:25 CEST 2014: 80: Solution found.
Sat May 17 22:02:25 CEST 2014: 81: finished (1ms, 1cycles)
Sat May 17 22:02:25 CEST 2014: 81: Solution found.
Sat May 17 22:02:25 CEST 2014: 82: finished (5ms, 13cycles)
Sat May 17 22:02:25 CEST 2014: 82: Solution found.
Sat May 17 22:02:25 CEST 2014: 83: finished (6ms, 16cycles)
Sat May 17 22:02:25 CEST 2014: 83: Solution found.
Sat May 17 22:02:25 CEST 2014: 84: finished (3ms, 6cycles)
Sat May 17 22:02:25 CEST 2014: 84: Solution found.
Sat May 17 22:02:25 CEST 2014: 85: finished (165ms, 500cycles)
Sat May 17 22:02:25 CEST 2014: 85: No solution found.
Sat May 17 22:02:25 CEST 2014: 86: finished (7ms, 15cycles)
Sat May 17 22:02:25 CEST 2014: 86: Solution found.
Sat May 17 22:02:25 CEST 2014: 87: finished (10ms, 27cycles)
Sat May 17 22:02:25 CEST 2014: 87: Solution found.
Sat May 17 22:02:25 CEST 2014: 88: finished (181ms, 500cycles)
Sat May 17 22:02:25 CEST 2014: 88: No solution found.
Sat May 17 22:02:25 CEST 2014: 89: finished (166ms, 500cycles)
Sat May 17 22:02:25 CEST 2014: 89: No solution found.
Sat May 17 22:02:25 CEST 2014: 90: finished (4ms, 10cycles)
Sat May 17 22:02:25 CEST 2014: 90: Solution found.
Sat May 17 22:02:25 CEST 2014: 91: finished (10ms, 26cycles)
Sat May 17 22:02:25 CEST 2014: 91: Solution found.
Sat May 17 22:02:25 CEST 2014: 92: finished (11ms, 28cycles)
Sat May 17 22:02:25 CEST 2014: 92: Solution found.
Sat May 17 22:02:25 CEST 2014: 93: finished (9ms, 19cycles)
Sat May 17 22:02:25 CEST 2014: 93: Solution found.
Sat May 17 22:02:25 CEST 2014: 94: finished (177ms, 500cycles)
Sat May 17 22:02:25 CEST 2014: 94: No solution found.
Sat May 17 22:02:25 CEST 2014: 95: finished (5ms, 14cycles)
Sat May 17 22:02:25 CEST 2014: 95: Solution found.
Sat May 17 22:02:26 CEST 2014: 96: finished (167ms, 500cycles)
Sat May 17 22:02:26 CEST 2014: 96: No solution found.
Sat May 17 22:02:26 CEST 2014: 97: finished (179ms, 500cycles)
Sat May 17 22:02:26 CEST 2014: 97: No solution found.
Sat May 17 22:02:26 CEST 2014: 98: finished (187ms, 500cycles)
Sat May 17 22:02:26 CEST 2014: 98: No solution found.
Sat May 17 22:02:26 CEST 2014: 99: finished (5ms, 11cycles)
Sat May 17 22:02:26 CEST 2014: 99: Solution found.
Sat May 17 22:02:26 CEST 2014: Solution Found: 62
Sat May 17 22:02:26 CEST 2014: Avg cycles: 31
Sat May 17 22:02:26 CEST 2014: Max cycles: 379
Sat May 17 22:02:26 CEST 2014: Min cycles: 1
Sat May 17 22:02:26 CEST 2014: No solution found: 38
Sat May 17 22:02:26 CEST 2014: logging finished. (runtime: 7528ms)
