Tue May 06 12:21:15 CEST 2014: Problem Count: 40
Tue May 06 12:21:15 CEST 2014: CandidatesCount: 20
Tue May 06 12:21:15 CEST 2014: Max Cycles: 500
Tue May 06 12:21:15 CEST 2014: 0: finished (3ms, 11cycles)
Tue May 06 12:21:15 CEST 2014: 0: Solution found.
Tue May 06 12:21:15 CEST 2014: 1: finished (87ms, 500cycles)
Tue May 06 12:21:15 CEST 2014: 1: No solution found.
Tue May 06 12:21:16 CEST 2014: 2: finished (90ms, 500cycles)
Tue May 06 12:21:16 CEST 2014: 2: No solution found.
Tue May 06 12:21:16 CEST 2014: 3: finished (84ms, 500cycles)
Tue May 06 12:21:16 CEST 2014: 3: No solution found.
Tue May 06 12:21:16 CEST 2014: 4: finished (11ms, 48cycles)
Tue May 06 12:21:16 CEST 2014: 4: Solution found.
Tue May 06 12:21:16 CEST 2014: 5: finished (82ms, 412cycles)
Tue May 06 12:21:16 CEST 2014: 5: Solution found.
Tue May 06 12:21:16 CEST 2014: 6: finished (1ms, 5cycles)
Tue May 06 12:21:16 CEST 2014: 6: Solution found.
Tue May 06 12:21:16 CEST 2014: 7: finished (9ms, 55cycles)
Tue May 06 12:21:16 CEST 2014: 7: Solution found.
Tue May 06 12:21:16 CEST 2014: 8: finished (101ms, 500cycles)
Tue May 06 12:21:16 CEST 2014: 8: No solution found.
Tue May 06 12:21:16 CEST 2014: 9: finished (84ms, 500cycles)
Tue May 06 12:21:16 CEST 2014: 9: No solution found.
Tue May 06 12:21:16 CEST 2014: 10: finished (78ms, 500cycles)
Tue May 06 12:21:16 CEST 2014: 10: No solution found.
Tue May 06 12:21:16 CEST 2014: 11: finished (79ms, 500cycles)
Tue May 06 12:21:16 CEST 2014: 11: No solution found.
Tue May 06 12:21:16 CEST 2014: 12: finished (87ms, 500cycles)
Tue May 06 12:21:16 CEST 2014: 12: No solution found.
Tue May 06 12:21:16 CEST 2014: 13: finished (77ms, 500cycles)
Tue May 06 12:21:16 CEST 2014: 13: No solution found.
Tue May 06 12:21:16 CEST 2014: 14: finished (78ms, 500cycles)
Tue May 06 12:21:16 CEST 2014: 14: No solution found.
Tue May 06 12:21:16 CEST 2014: 15: finished (4ms, 22cycles)
Tue May 06 12:21:16 CEST 2014: 15: Solution found.
Tue May 06 12:21:16 CEST 2014: 16: finished (83ms, 500cycles)
Tue May 06 12:21:16 CEST 2014: 16: No solution found.
Tue May 06 12:21:16 CEST 2014: 17: finished (8ms, 44cycles)
Tue May 06 12:21:16 CEST 2014: 17: Solution found.
Tue May 06 12:21:16 CEST 2014: 18: finished (3ms, 14cycles)
Tue May 06 12:21:16 CEST 2014: 18: Solution found.
Tue May 06 12:21:16 CEST 2014: 19: finished (12ms, 60cycles)
Tue May 06 12:21:16 CEST 2014: 19: Solution found.
Tue May 06 12:21:16 CEST 2014: 20: finished (5ms, 21cycles)
Tue May 06 12:21:16 CEST 2014: 20: Solution found.
Tue May 06 12:21:17 CEST 2014: 21: finished (85ms, 500cycles)
Tue May 06 12:21:17 CEST 2014: 21: No solution found.
Tue May 06 12:21:17 CEST 2014: 22: finished (88ms, 500cycles)
Tue May 06 12:21:17 CEST 2014: 22: No solution found.
Tue May 06 12:21:17 CEST 2014: 23: finished (81ms, 500cycles)
Tue May 06 12:21:17 CEST 2014: 23: No solution found.
Tue May 06 12:21:17 CEST 2014: 24: finished (4ms, 17cycles)
Tue May 06 12:21:17 CEST 2014: 24: Solution found.
Tue May 06 12:21:17 CEST 2014: 25: finished (80ms, 500cycles)
Tue May 06 12:21:17 CEST 2014: 25: No solution found.
Tue May 06 12:21:17 CEST 2014: 26: finished (86ms, 500cycles)
Tue May 06 12:21:17 CEST 2014: 26: No solution found.
Tue May 06 12:21:17 CEST 2014: 27: finished (23ms, 123cycles)
Tue May 06 12:21:17 CEST 2014: 27: Solution found.
Tue May 06 12:21:17 CEST 2014: 28: finished (3ms, 20cycles)
Tue May 06 12:21:17 CEST 2014: 28: Solution found.
Tue May 06 12:21:17 CEST 2014: 29: finished (84ms, 500cycles)
Tue May 06 12:21:17 CEST 2014: 29: No solution found.
Tue May 06 12:21:17 CEST 2014: 30: finished (6ms, 32cycles)
Tue May 06 12:21:17 CEST 2014: 30: Solution found.
Tue May 06 12:21:17 CEST 2014: 31: finished (5ms, 25cycles)
Tue May 06 12:21:17 CEST 2014: 31: Solution found.
Tue May 06 12:21:17 CEST 2014: 32: finished (4ms, 16cycles)
Tue May 06 12:21:17 CEST 2014: 32: Solution found.
Tue May 06 12:21:17 CEST 2014: 33: finished (5ms, 25cycles)
Tue May 06 12:21:17 CEST 2014: 33: Solution found.
Tue May 06 12:21:17 CEST 2014: 34: finished (3ms, 16cycles)
Tue May 06 12:21:17 CEST 2014: 34: Solution found.
Tue May 06 12:21:17 CEST 2014: 35: finished (9ms, 51cycles)
Tue May 06 12:21:17 CEST 2014: 35: Solution found.
Tue May 06 12:21:17 CEST 2014: 36: finished (4ms, 14cycles)
Tue May 06 12:21:17 CEST 2014: 36: Solution found.
Tue May 06 12:21:17 CEST 2014: 37: finished (5ms, 28cycles)
Tue May 06 12:21:17 CEST 2014: 37: Solution found.
Tue May 06 12:21:17 CEST 2014: 38: finished (84ms, 500cycles)
Tue May 06 12:21:17 CEST 2014: 38: No solution found.
Tue May 06 12:21:17 CEST 2014: 39: finished (34ms, 185cycles)
Tue May 06 12:21:17 CEST 2014: 39: Solution found.
Tue May 06 12:21:17 CEST 2014: 40: finished (87ms, 500cycles)
Tue May 06 12:21:17 CEST 2014: 40: No solution found.
Tue May 06 12:21:17 CEST 2014: 41: finished (2ms, 9cycles)
Tue May 06 12:21:17 CEST 2014: 41: Solution found.
Tue May 06 12:21:17 CEST 2014: 42: finished (7ms, 36cycles)
Tue May 06 12:21:17 CEST 2014: 42: Solution found.
Tue May 06 12:21:17 CEST 2014: 43: finished (89ms, 401cycles)
Tue May 06 12:21:17 CEST 2014: 43: Solution found.
Tue May 06 12:21:17 CEST 2014: 44: finished (5ms, 28cycles)
Tue May 06 12:21:17 CEST 2014: 44: Solution found.
Tue May 06 12:21:17 CEST 2014: 45: finished (91ms, 500cycles)
Tue May 06 12:21:17 CEST 2014: 45: No solution found.
Tue May 06 12:21:17 CEST 2014: 46: finished (7ms, 39cycles)
Tue May 06 12:21:17 CEST 2014: 46: Solution found.
Tue May 06 12:21:17 CEST 2014: 47: finished (2ms, 11cycles)
Tue May 06 12:21:17 CEST 2014: 47: Solution found.
Tue May 06 12:21:17 CEST 2014: 48: finished (2ms, 10cycles)
Tue May 06 12:21:17 CEST 2014: 48: Solution found.
Tue May 06 12:21:18 CEST 2014: 49: finished (78ms, 500cycles)
Tue May 06 12:21:18 CEST 2014: 49: No solution found.
Tue May 06 12:21:18 CEST 2014: 50: finished (3ms, 11cycles)
Tue May 06 12:21:18 CEST 2014: 50: Solution found.
Tue May 06 12:21:18 CEST 2014: 51: finished (1ms, 5cycles)
Tue May 06 12:21:18 CEST 2014: 51: Solution found.
Tue May 06 12:21:18 CEST 2014: 52: finished (4ms, 19cycles)
Tue May 06 12:21:18 CEST 2014: 52: Solution found.
Tue May 06 12:21:18 CEST 2014: 53: finished (2ms, 13cycles)
Tue May 06 12:21:18 CEST 2014: 53: Solution found.
Tue May 06 12:21:18 CEST 2014: 54: finished (3ms, 12cycles)
Tue May 06 12:21:18 CEST 2014: 54: Solution found.
Tue May 06 12:21:18 CEST 2014: 55: finished (92ms, 500cycles)
Tue May 06 12:21:18 CEST 2014: 55: No solution found.
Tue May 06 12:21:18 CEST 2014: 56: finished (80ms, 500cycles)
Tue May 06 12:21:18 CEST 2014: 56: No solution found.
Tue May 06 12:21:18 CEST 2014: 57: finished (30ms, 157cycles)
Tue May 06 12:21:18 CEST 2014: 57: Solution found.
Tue May 06 12:21:18 CEST 2014: 58: finished (104ms, 500cycles)
Tue May 06 12:21:18 CEST 2014: 58: No solution found.
Tue May 06 12:21:18 CEST 2014: 59: finished (94ms, 500cycles)
Tue May 06 12:21:18 CEST 2014: 59: No solution found.
Tue May 06 12:21:18 CEST 2014: 60: finished (10ms, 54cycles)
Tue May 06 12:21:18 CEST 2014: 60: Solution found.
Tue May 06 12:21:18 CEST 2014: 61: finished (92ms, 500cycles)
Tue May 06 12:21:18 CEST 2014: 61: No solution found.
Tue May 06 12:21:18 CEST 2014: 62: finished (88ms, 500cycles)
Tue May 06 12:21:18 CEST 2014: 62: No solution found.
Tue May 06 12:21:18 CEST 2014: 63: finished (4ms, 7cycles)
Tue May 06 12:21:18 CEST 2014: 63: Solution found.
Tue May 06 12:21:18 CEST 2014: 64: finished (21ms, 111cycles)
Tue May 06 12:21:18 CEST 2014: 64: Solution found.
Tue May 06 12:21:18 CEST 2014: 65: finished (77ms, 500cycles)
Tue May 06 12:21:18 CEST 2014: 65: No solution found.
Tue May 06 12:21:18 CEST 2014: 66: finished (84ms, 500cycles)
Tue May 06 12:21:18 CEST 2014: 66: No solution found.
Tue May 06 12:21:18 CEST 2014: 67: finished (3ms, 15cycles)
Tue May 06 12:21:18 CEST 2014: 67: Solution found.
Tue May 06 12:21:18 CEST 2014: 68: finished (98ms, 500cycles)
Tue May 06 12:21:18 CEST 2014: 68: No solution found.
Tue May 06 12:21:18 CEST 2014: 69: finished (9ms, 45cycles)
Tue May 06 12:21:18 CEST 2014: 69: Solution found.
Tue May 06 12:21:19 CEST 2014: 70: finished (81ms, 500cycles)
Tue May 06 12:21:19 CEST 2014: 70: No solution found.
Tue May 06 12:21:19 CEST 2014: 71: finished (83ms, 500cycles)
Tue May 06 12:21:19 CEST 2014: 71: No solution found.
Tue May 06 12:21:19 CEST 2014: 72: finished (82ms, 500cycles)
Tue May 06 12:21:19 CEST 2014: 72: No solution found.
Tue May 06 12:21:19 CEST 2014: 73: finished (107ms, 500cycles)
Tue May 06 12:21:19 CEST 2014: 73: No solution found.
Tue May 06 12:21:19 CEST 2014: 74: finished (2ms, 2cycles)
Tue May 06 12:21:19 CEST 2014: 74: Solution found.
Tue May 06 12:21:19 CEST 2014: 75: finished (98ms, 500cycles)
Tue May 06 12:21:19 CEST 2014: 75: No solution found.
Tue May 06 12:21:19 CEST 2014: 76: finished (95ms, 500cycles)
Tue May 06 12:21:19 CEST 2014: 76: No solution found.
Tue May 06 12:21:19 CEST 2014: 77: finished (7ms, 13cycles)
Tue May 06 12:21:19 CEST 2014: 77: Solution found.
Tue May 06 12:21:19 CEST 2014: 78: finished (9ms, 35cycles)
Tue May 06 12:21:19 CEST 2014: 78: Solution found.
Tue May 06 12:21:19 CEST 2014: 79: finished (97ms, 500cycles)
Tue May 06 12:21:19 CEST 2014: 79: No solution found.
Tue May 06 12:21:19 CEST 2014: 80: finished (87ms, 500cycles)
Tue May 06 12:21:19 CEST 2014: 80: No solution found.
Tue May 06 12:21:19 CEST 2014: 81: finished (103ms, 500cycles)
Tue May 06 12:21:19 CEST 2014: 81: No solution found.
Tue May 06 12:21:19 CEST 2014: 82: finished (6ms, 34cycles)
Tue May 06 12:21:19 CEST 2014: 82: Solution found.
Tue May 06 12:21:19 CEST 2014: 83: finished (88ms, 500cycles)
Tue May 06 12:21:19 CEST 2014: 83: No solution found.
Tue May 06 12:21:19 CEST 2014: 84: finished (87ms, 500cycles)
Tue May 06 12:21:19 CEST 2014: 84: No solution found.
Tue May 06 12:21:19 CEST 2014: 85: finished (4ms, 22cycles)
Tue May 06 12:21:19 CEST 2014: 85: Solution found.
Tue May 06 12:21:20 CEST 2014: 86: finished (85ms, 500cycles)
Tue May 06 12:21:20 CEST 2014: 86: No solution found.
Tue May 06 12:21:20 CEST 2014: 87: finished (84ms, 500cycles)
Tue May 06 12:21:20 CEST 2014: 87: No solution found.
Tue May 06 12:21:20 CEST 2014: 88: finished (9ms, 40cycles)
Tue May 06 12:21:20 CEST 2014: 88: Solution found.
Tue May 06 12:21:20 CEST 2014: 89: finished (5ms, 25cycles)
Tue May 06 12:21:20 CEST 2014: 89: Solution found.
Tue May 06 12:21:20 CEST 2014: 90: finished (84ms, 500cycles)
Tue May 06 12:21:20 CEST 2014: 90: No solution found.
Tue May 06 12:21:20 CEST 2014: 91: finished (4ms, 18cycles)
Tue May 06 12:21:20 CEST 2014: 91: Solution found.
Tue May 06 12:21:20 CEST 2014: 92: finished (83ms, 500cycles)
Tue May 06 12:21:20 CEST 2014: 92: No solution found.
Tue May 06 12:21:20 CEST 2014: 93: finished (79ms, 500cycles)
Tue May 06 12:21:20 CEST 2014: 93: No solution found.
Tue May 06 12:21:20 CEST 2014: 94: finished (83ms, 500cycles)
Tue May 06 12:21:20 CEST 2014: 94: No solution found.
Tue May 06 12:21:20 CEST 2014: 95: finished (92ms, 500cycles)
Tue May 06 12:21:20 CEST 2014: 95: No solution found.
Tue May 06 12:21:20 CEST 2014: 96: finished (82ms, 500cycles)
Tue May 06 12:21:20 CEST 2014: 96: No solution found.
Tue May 06 12:21:20 CEST 2014: 97: finished (2ms, 14cycles)
Tue May 06 12:21:20 CEST 2014: 97: Solution found.
Tue May 06 12:21:20 CEST 2014: 98: finished (83ms, 500cycles)
Tue May 06 12:21:20 CEST 2014: 98: No solution found.
Tue May 06 12:21:20 CEST 2014: 99: finished (74ms, 500cycles)
Tue May 06 12:21:20 CEST 2014: 99: No solution found.
Tue May 06 12:21:20 CEST 2014: Solution Found: 49
Tue May 06 12:21:20 CEST 2014: Avg cycles: 49
Tue May 06 12:21:20 CEST 2014: Max cycles: 412
Tue May 06 12:21:20 CEST 2014: Min cycles: 2
Tue May 06 12:21:20 CEST 2014: No solution found: 51
Tue May 06 12:21:20 CEST 2014: logging finished. (runtime: 4932ms)
