Tue May 06 10:12:36 CEST 2014: Problem Count: 30
Tue May 06 10:12:36 CEST 2014: CandidatesCount: 40
Tue May 06 10:12:36 CEST 2014: Max Cycles: 500
Tue May 06 10:12:36 CEST 2014: 0: finished (17ms, 69cycles)
Tue May 06 10:12:36 CEST 2014: 0: Solution found.
Tue May 06 10:12:36 CEST 2014: 1: finished (10ms, 34cycles)
Tue May 06 10:12:36 CEST 2014: 1: Solution found.
Tue May 06 10:12:36 CEST 2014: 2: finished (4ms, 12cycles)
Tue May 06 10:12:36 CEST 2014: 2: Solution found.
Tue May 06 10:12:36 CEST 2014: 3: finished (2ms, 8cycles)
Tue May 06 10:12:36 CEST 2014: 3: Solution found.
Tue May 06 10:12:36 CEST 2014: 4: finished (80ms, 117cycles)
Tue May 06 10:12:36 CEST 2014: 4: Solution found.
Tue May 06 10:12:36 CEST 2014: 5: finished (6ms, 21cycles)
Tue May 06 10:12:36 CEST 2014: 5: Solution found.
Tue May 06 10:12:36 CEST 2014: 6: finished (111ms, 500cycles)
Tue May 06 10:12:36 CEST 2014: 6: No solution found.
Tue May 06 10:12:36 CEST 2014: 7: finished (7ms, 26cycles)
Tue May 06 10:12:36 CEST 2014: 7: Solution found.
Tue May 06 10:12:36 CEST 2014: 8: finished (45ms, 151cycles)
Tue May 06 10:12:36 CEST 2014: 8: Solution found.
Tue May 06 10:12:36 CEST 2014: 9: finished (131ms, 500cycles)
Tue May 06 10:12:36 CEST 2014: 9: No solution found.
Tue May 06 10:12:36 CEST 2014: 10: finished (15ms, 54cycles)
Tue May 06 10:12:36 CEST 2014: 10: Solution found.
Tue May 06 10:12:36 CEST 2014: 11: finished (6ms, 23cycles)
Tue May 06 10:12:36 CEST 2014: 11: Solution found.
Tue May 06 10:12:36 CEST 2014: 12: finished (9ms, 34cycles)
Tue May 06 10:12:36 CEST 2014: 12: Solution found.
Tue May 06 10:12:36 CEST 2014: 13: finished (3ms, 12cycles)
Tue May 06 10:12:36 CEST 2014: 13: Solution found.
Tue May 06 10:12:36 CEST 2014: 14: finished (5ms, 17cycles)
Tue May 06 10:12:36 CEST 2014: 14: Solution found.
Tue May 06 10:12:36 CEST 2014: 15: finished (6ms, 26cycles)
Tue May 06 10:12:36 CEST 2014: 15: Solution found.
Tue May 06 10:12:36 CEST 2014: 16: finished (122ms, 500cycles)
Tue May 06 10:12:36 CEST 2014: 16: No solution found.
Tue May 06 10:12:36 CEST 2014: 17: finished (3ms, 11cycles)
Tue May 06 10:12:36 CEST 2014: 17: Solution found.
Tue May 06 10:12:36 CEST 2014: 18: finished (19ms, 67cycles)
Tue May 06 10:12:36 CEST 2014: 18: Solution found.
Tue May 06 10:12:36 CEST 2014: 19: finished (21ms, 81cycles)
Tue May 06 10:12:36 CEST 2014: 19: Solution found.
Tue May 06 10:12:37 CEST 2014: 20: finished (121ms, 500cycles)
Tue May 06 10:12:37 CEST 2014: 20: No solution found.
Tue May 06 10:12:37 CEST 2014: 21: finished (8ms, 31cycles)
Tue May 06 10:12:37 CEST 2014: 21: Solution found.
Tue May 06 10:12:37 CEST 2014: 22: finished (117ms, 500cycles)
Tue May 06 10:12:37 CEST 2014: 22: No solution found.
Tue May 06 10:12:37 CEST 2014: 23: finished (128ms, 500cycles)
Tue May 06 10:12:37 CEST 2014: 23: No solution found.
Tue May 06 10:12:37 CEST 2014: 24: finished (126ms, 500cycles)
Tue May 06 10:12:37 CEST 2014: 24: No solution found.
Tue May 06 10:12:37 CEST 2014: 25: finished (14ms, 47cycles)
Tue May 06 10:12:37 CEST 2014: 25: Solution found.
Tue May 06 10:12:37 CEST 2014: 26: finished (17ms, 29cycles)
Tue May 06 10:12:37 CEST 2014: 26: Solution found.
Tue May 06 10:12:37 CEST 2014: 27: finished (7ms, 25cycles)
Tue May 06 10:12:37 CEST 2014: 27: Solution found.
Tue May 06 10:12:37 CEST 2014: 28: finished (11ms, 36cycles)
Tue May 06 10:12:37 CEST 2014: 28: Solution found.
Tue May 06 10:12:37 CEST 2014: 29: finished (112ms, 500cycles)
Tue May 06 10:12:37 CEST 2014: 29: No solution found.
Tue May 06 10:12:37 CEST 2014: 30: finished (54ms, 184cycles)
Tue May 06 10:12:37 CEST 2014: 30: Solution found.
Tue May 06 10:12:37 CEST 2014: 31: finished (132ms, 500cycles)
Tue May 06 10:12:37 CEST 2014: 31: No solution found.
Tue May 06 10:12:37 CEST 2014: 32: finished (14ms, 52cycles)
Tue May 06 10:12:37 CEST 2014: 32: Solution found.
Tue May 06 10:12:37 CEST 2014: 33: finished (3ms, 10cycles)
Tue May 06 10:12:37 CEST 2014: 33: Solution found.
Tue May 06 10:12:37 CEST 2014: 34: finished (4ms, 13cycles)
Tue May 06 10:12:37 CEST 2014: 34: Solution found.
Tue May 06 10:12:37 CEST 2014: 35: finished (113ms, 500cycles)
Tue May 06 10:12:37 CEST 2014: 35: No solution found.
Tue May 06 10:12:38 CEST 2014: 36: finished (120ms, 500cycles)
Tue May 06 10:12:38 CEST 2014: 36: No solution found.
Tue May 06 10:12:38 CEST 2014: 37: finished (131ms, 500cycles)
Tue May 06 10:12:38 CEST 2014: 37: No solution found.
Tue May 06 10:12:38 CEST 2014: 38: finished (108ms, 500cycles)
Tue May 06 10:12:38 CEST 2014: 38: No solution found.
Tue May 06 10:12:38 CEST 2014: 39: finished (147ms, 500cycles)
Tue May 06 10:12:38 CEST 2014: 39: No solution found.
Tue May 06 10:12:38 CEST 2014: 40: finished (113ms, 500cycles)
Tue May 06 10:12:38 CEST 2014: 40: No solution found.
Tue May 06 10:12:38 CEST 2014: 41: finished (5ms, 15cycles)
Tue May 06 10:12:38 CEST 2014: 41: Solution found.
Tue May 06 10:12:38 CEST 2014: 42: finished (13ms, 43cycles)
Tue May 06 10:12:38 CEST 2014: 42: Solution found.
Tue May 06 10:12:38 CEST 2014: 43: finished (7ms, 26cycles)
Tue May 06 10:12:38 CEST 2014: 43: Solution found.
Tue May 06 10:12:38 CEST 2014: 44: finished (64ms, 230cycles)
Tue May 06 10:12:38 CEST 2014: 44: Solution found.
Tue May 06 10:12:38 CEST 2014: 45: finished (5ms, 14cycles)
Tue May 06 10:12:38 CEST 2014: 45: Solution found.
Tue May 06 10:12:38 CEST 2014: 46: finished (112ms, 500cycles)
Tue May 06 10:12:38 CEST 2014: 46: No solution found.
Tue May 06 10:12:38 CEST 2014: 47: finished (5ms, 18cycles)
Tue May 06 10:12:38 CEST 2014: 47: Solution found.
Tue May 06 10:12:38 CEST 2014: 48: finished (2ms, 7cycles)
Tue May 06 10:12:38 CEST 2014: 48: Solution found.
Tue May 06 10:12:38 CEST 2014: 49: finished (8ms, 33cycles)
Tue May 06 10:12:38 CEST 2014: 49: Solution found.
Tue May 06 10:12:38 CEST 2014: 50: finished (3ms, 8cycles)
Tue May 06 10:12:38 CEST 2014: 50: Solution found.
Tue May 06 10:12:38 CEST 2014: 51: finished (5ms, 18cycles)
Tue May 06 10:12:38 CEST 2014: 51: Solution found.
Tue May 06 10:12:38 CEST 2014: 52: finished (111ms, 500cycles)
Tue May 06 10:12:38 CEST 2014: 52: No solution found.
Tue May 06 10:12:39 CEST 2014: 53: finished (117ms, 500cycles)
Tue May 06 10:12:39 CEST 2014: 53: No solution found.
Tue May 06 10:12:39 CEST 2014: 54: finished (11ms, 38cycles)
Tue May 06 10:12:39 CEST 2014: 54: Solution found.
Tue May 06 10:12:39 CEST 2014: 55: finished (126ms, 500cycles)
Tue May 06 10:12:39 CEST 2014: 55: No solution found.
Tue May 06 10:12:39 CEST 2014: 56: finished (146ms, 500cycles)
Tue May 06 10:12:39 CEST 2014: 56: No solution found.
Tue May 06 10:12:39 CEST 2014: 57: finished (121ms, 500cycles)
Tue May 06 10:12:39 CEST 2014: 57: No solution found.
Tue May 06 10:12:39 CEST 2014: 58: finished (8ms, 20cycles)
Tue May 06 10:12:39 CEST 2014: 58: Solution found.
Tue May 06 10:12:39 CEST 2014: 59: finished (5ms, 20cycles)
Tue May 06 10:12:39 CEST 2014: 59: Solution found.
Tue May 06 10:12:39 CEST 2014: 60: finished (137ms, 500cycles)
Tue May 06 10:12:39 CEST 2014: 60: No solution found.
Tue May 06 10:12:39 CEST 2014: 61: finished (4ms, 13cycles)
Tue May 06 10:12:39 CEST 2014: 61: Solution found.
Tue May 06 10:12:39 CEST 2014: 62: finished (112ms, 500cycles)
Tue May 06 10:12:39 CEST 2014: 62: No solution found.
Tue May 06 10:12:39 CEST 2014: 63: finished (13ms, 47cycles)
Tue May 06 10:12:39 CEST 2014: 63: Solution found.
Tue May 06 10:12:39 CEST 2014: 64: finished (119ms, 500cycles)
Tue May 06 10:12:39 CEST 2014: 64: No solution found.
Tue May 06 10:12:39 CEST 2014: 65: finished (135ms, 500cycles)
Tue May 06 10:12:39 CEST 2014: 65: No solution found.
Tue May 06 10:12:40 CEST 2014: 66: finished (112ms, 500cycles)
Tue May 06 10:12:40 CEST 2014: 66: No solution found.
Tue May 06 10:12:40 CEST 2014: 67: finished (122ms, 500cycles)
Tue May 06 10:12:40 CEST 2014: 67: No solution found.
Tue May 06 10:12:40 CEST 2014: 68: finished (132ms, 500cycles)
Tue May 06 10:12:40 CEST 2014: 68: No solution found.
Tue May 06 10:12:40 CEST 2014: 69: finished (8ms, 28cycles)
Tue May 06 10:12:40 CEST 2014: 69: Solution found.
Tue May 06 10:12:40 CEST 2014: 70: finished (14ms, 44cycles)
Tue May 06 10:12:40 CEST 2014: 70: Solution found.
Tue May 06 10:12:40 CEST 2014: 71: finished (123ms, 500cycles)
Tue May 06 10:12:40 CEST 2014: 71: No solution found.
Tue May 06 10:12:40 CEST 2014: 72: finished (3ms, 5cycles)
Tue May 06 10:12:40 CEST 2014: 72: Solution found.
Tue May 06 10:12:40 CEST 2014: 73: finished (132ms, 500cycles)
Tue May 06 10:12:40 CEST 2014: 73: No solution found.
Tue May 06 10:12:40 CEST 2014: 74: finished (3ms, 8cycles)
Tue May 06 10:12:40 CEST 2014: 74: Solution found.
Tue May 06 10:12:40 CEST 2014: 75: finished (63ms, 229cycles)
Tue May 06 10:12:40 CEST 2014: 75: Solution found.
Tue May 06 10:12:40 CEST 2014: 76: finished (128ms, 500cycles)
Tue May 06 10:12:40 CEST 2014: 76: No solution found.
Tue May 06 10:12:40 CEST 2014: 77: finished (18ms, 62cycles)
Tue May 06 10:12:40 CEST 2014: 77: Solution found.
Tue May 06 10:12:40 CEST 2014: 78: finished (106ms, 500cycles)
Tue May 06 10:12:40 CEST 2014: 78: No solution found.
Tue May 06 10:12:41 CEST 2014: 79: finished (141ms, 500cycles)
Tue May 06 10:12:41 CEST 2014: 79: No solution found.
Tue May 06 10:12:41 CEST 2014: 80: finished (7ms, 25cycles)
Tue May 06 10:12:41 CEST 2014: 80: Solution found.
Tue May 06 10:12:41 CEST 2014: 81: finished (118ms, 500cycles)
Tue May 06 10:12:41 CEST 2014: 81: No solution found.
Tue May 06 10:12:41 CEST 2014: 82: finished (9ms, 36cycles)
Tue May 06 10:12:41 CEST 2014: 82: Solution found.
Tue May 06 10:12:41 CEST 2014: 83: finished (128ms, 500cycles)
Tue May 06 10:12:41 CEST 2014: 83: No solution found.
Tue May 06 10:12:41 CEST 2014: 84: finished (1ms, 1cycles)
Tue May 06 10:12:41 CEST 2014: 84: Solution found.
Tue May 06 10:12:41 CEST 2014: 85: finished (121ms, 500cycles)
Tue May 06 10:12:41 CEST 2014: 85: No solution found.
Tue May 06 10:12:41 CEST 2014: 86: finished (4ms, 11cycles)
Tue May 06 10:12:41 CEST 2014: 86: Solution found.
Tue May 06 10:12:41 CEST 2014: 87: finished (6ms, 22cycles)
Tue May 06 10:12:41 CEST 2014: 87: Solution found.
Tue May 06 10:12:41 CEST 2014: 88: finished (6ms, 22cycles)
Tue May 06 10:12:41 CEST 2014: 88: Solution found.
Tue May 06 10:12:41 CEST 2014: 89: finished (6ms, 22cycles)
Tue May 06 10:12:41 CEST 2014: 89: Solution found.
Tue May 06 10:12:41 CEST 2014: 90: finished (108ms, 500cycles)
Tue May 06 10:12:41 CEST 2014: 90: No solution found.
Tue May 06 10:12:41 CEST 2014: 91: finished (4ms, 13cycles)
Tue May 06 10:12:41 CEST 2014: 91: Solution found.
Tue May 06 10:12:41 CEST 2014: 92: finished (131ms, 500cycles)
Tue May 06 10:12:41 CEST 2014: 92: No solution found.
Tue May 06 10:12:41 CEST 2014: 93: finished (6ms, 21cycles)
Tue May 06 10:12:41 CEST 2014: 93: Solution found.
Tue May 06 10:12:41 CEST 2014: 94: finished (24ms, 49cycles)
Tue May 06 10:12:41 CEST 2014: 94: Solution found.
Tue May 06 10:12:41 CEST 2014: 95: finished (14ms, 51cycles)
Tue May 06 10:12:41 CEST 2014: 95: Solution found.
Tue May 06 10:12:41 CEST 2014: 96: finished (9ms, 31cycles)
Tue May 06 10:12:41 CEST 2014: 96: Solution found.
Tue May 06 10:12:41 CEST 2014: 97: finished (127ms, 500cycles)
Tue May 06 10:12:41 CEST 2014: 97: No solution found.
Tue May 06 10:12:42 CEST 2014: 98: finished (132ms, 500cycles)
Tue May 06 10:12:42 CEST 2014: 98: No solution found.
Tue May 06 10:12:42 CEST 2014: 99: finished (125ms, 500cycles)
Tue May 06 10:12:42 CEST 2014: 99: No solution found.
Tue May 06 10:12:42 CEST 2014: Solution Found: 59
Tue May 06 10:12:42 CEST 2014: Avg cycles: 41
Tue May 06 10:12:42 CEST 2014: Max cycles: 230
Tue May 06 10:12:42 CEST 2014: Min cycles: 1
Tue May 06 10:12:42 CEST 2014: No solution found: 41
Tue May 06 10:12:42 CEST 2014: logging finished. (runtime: 5829ms)
