Sun May 18 04:37:46 CEST 2014: Problem Count: 40
Sun May 18 04:37:46 CEST 2014: CandidatesCount: 50
Sun May 18 04:37:46 CEST 2014: Max Cycles: 500
Sun May 18 04:37:46 CEST 2014: 0: finished (8ms, 16cycles)
Sun May 18 04:37:46 CEST 2014: 0: Solution found.
Sun May 18 04:37:46 CEST 2014: 1: finished (4ms, 8cycles)
Sun May 18 04:37:46 CEST 2014: 1: Solution found.
Sun May 18 04:37:46 CEST 2014: 2: finished (5ms, 11cycles)
Sun May 18 04:37:46 CEST 2014: 2: Solution found.
Sun May 18 04:37:46 CEST 2014: 3: finished (8ms, 16cycles)
Sun May 18 04:37:46 CEST 2014: 3: Solution found.
Sun May 18 04:37:46 CEST 2014: 4: finished (7ms, 13cycles)
Sun May 18 04:37:46 CEST 2014: 4: Solution found.
Sun May 18 04:37:47 CEST 2014: 5: finished (202ms, 500cycles)
Sun May 18 04:37:47 CEST 2014: 5: No solution found.
Sun May 18 04:37:47 CEST 2014: 6: finished (5ms, 9cycles)
Sun May 18 04:37:47 CEST 2014: 6: Solution found.
Sun May 18 04:37:47 CEST 2014: 7: finished (14ms, 32cycles)
Sun May 18 04:37:47 CEST 2014: 7: Solution found.
Sun May 18 04:37:47 CEST 2014: 8: finished (198ms, 500cycles)
Sun May 18 04:37:47 CEST 2014: 8: No solution found.
Sun May 18 04:37:47 CEST 2014: 9: finished (213ms, 500cycles)
Sun May 18 04:37:47 CEST 2014: 9: No solution found.
Sun May 18 04:37:47 CEST 2014: 10: finished (6ms, 11cycles)
Sun May 18 04:37:47 CEST 2014: 10: Solution found.
Sun May 18 04:37:47 CEST 2014: 11: finished (24ms, 48cycles)
Sun May 18 04:37:47 CEST 2014: 11: Solution found.
Sun May 18 04:37:47 CEST 2014: 12: finished (207ms, 500cycles)
Sun May 18 04:37:47 CEST 2014: 12: No solution found.
Sun May 18 04:37:47 CEST 2014: 13: finished (196ms, 500cycles)
Sun May 18 04:37:47 CEST 2014: 13: No solution found.
Sun May 18 04:37:47 CEST 2014: 14: finished (24ms, 55cycles)
Sun May 18 04:37:47 CEST 2014: 14: Solution found.
Sun May 18 04:37:48 CEST 2014: 15: finished (214ms, 500cycles)
Sun May 18 04:37:48 CEST 2014: 15: No solution found.
Sun May 18 04:37:48 CEST 2014: 16: finished (9ms, 18cycles)
Sun May 18 04:37:48 CEST 2014: 16: Solution found.
Sun May 18 04:37:48 CEST 2014: 17: finished (211ms, 500cycles)
Sun May 18 04:37:48 CEST 2014: 17: No solution found.
Sun May 18 04:37:48 CEST 2014: 18: finished (208ms, 500cycles)
Sun May 18 04:37:48 CEST 2014: 18: No solution found.
Sun May 18 04:37:48 CEST 2014: 19: finished (204ms, 500cycles)
Sun May 18 04:37:48 CEST 2014: 19: No solution found.
Sun May 18 04:37:48 CEST 2014: 20: finished (14ms, 28cycles)
Sun May 18 04:37:48 CEST 2014: 20: Solution found.
Sun May 18 04:37:48 CEST 2014: 21: finished (19ms, 38cycles)
Sun May 18 04:37:48 CEST 2014: 21: Solution found.
Sun May 18 04:37:49 CEST 2014: 22: finished (223ms, 500cycles)
Sun May 18 04:37:49 CEST 2014: 22: No solution found.
Sun May 18 04:37:49 CEST 2014: 23: finished (11ms, 24cycles)
Sun May 18 04:37:49 CEST 2014: 23: Solution found.
Sun May 18 04:37:49 CEST 2014: 24: finished (201ms, 500cycles)
Sun May 18 04:37:49 CEST 2014: 24: No solution found.
Sun May 18 04:37:49 CEST 2014: 25: finished (207ms, 500cycles)
Sun May 18 04:37:49 CEST 2014: 25: No solution found.
Sun May 18 04:37:49 CEST 2014: 26: finished (199ms, 500cycles)
Sun May 18 04:37:49 CEST 2014: 26: No solution found.
Sun May 18 04:37:49 CEST 2014: 27: finished (25ms, 50cycles)
Sun May 18 04:37:49 CEST 2014: 27: Solution found.
Sun May 18 04:37:49 CEST 2014: 28: finished (9ms, 18cycles)
Sun May 18 04:37:49 CEST 2014: 28: Solution found.
Sun May 18 04:37:49 CEST 2014: 29: finished (11ms, 25cycles)
Sun May 18 04:37:49 CEST 2014: 29: Solution found.
Sun May 18 04:37:49 CEST 2014: 30: finished (5ms, 9cycles)
Sun May 18 04:37:49 CEST 2014: 30: Solution found.
Sun May 18 04:37:49 CEST 2014: 31: finished (224ms, 500cycles)
Sun May 18 04:37:49 CEST 2014: 31: No solution found.
Sun May 18 04:37:50 CEST 2014: 32: finished (202ms, 500cycles)
Sun May 18 04:37:50 CEST 2014: 32: No solution found.
Sun May 18 04:37:50 CEST 2014: 33: finished (7ms, 15cycles)
Sun May 18 04:37:50 CEST 2014: 33: Solution found.
Sun May 18 04:37:50 CEST 2014: 34: finished (42ms, 82cycles)
Sun May 18 04:37:50 CEST 2014: 34: Solution found.
Sun May 18 04:37:50 CEST 2014: 35: finished (200ms, 500cycles)
Sun May 18 04:37:50 CEST 2014: 35: No solution found.
Sun May 18 04:37:50 CEST 2014: 36: finished (7ms, 14cycles)
Sun May 18 04:37:50 CEST 2014: 36: Solution found.
Sun May 18 04:37:50 CEST 2014: 37: finished (102ms, 199cycles)
Sun May 18 04:37:50 CEST 2014: 37: Solution found.
Sun May 18 04:37:50 CEST 2014: 38: finished (9ms, 18cycles)
Sun May 18 04:37:50 CEST 2014: 38: Solution found.
Sun May 18 04:37:50 CEST 2014: 39: finished (222ms, 500cycles)
Sun May 18 04:37:50 CEST 2014: 39: No solution found.
Sun May 18 04:37:50 CEST 2014: 40: finished (221ms, 500cycles)
Sun May 18 04:37:50 CEST 2014: 40: No solution found.
Sun May 18 04:37:50 CEST 2014: 41: finished (4ms, 7cycles)
Sun May 18 04:37:50 CEST 2014: 41: Solution found.
Sun May 18 04:37:51 CEST 2014: 42: finished (214ms, 500cycles)
Sun May 18 04:37:51 CEST 2014: 42: No solution found.
Sun May 18 04:37:51 CEST 2014: 43: finished (8ms, 17cycles)
Sun May 18 04:37:51 CEST 2014: 43: Solution found.
Sun May 18 04:37:51 CEST 2014: 44: finished (218ms, 500cycles)
Sun May 18 04:37:51 CEST 2014: 44: No solution found.
Sun May 18 04:37:51 CEST 2014: 45: finished (16ms, 35cycles)
Sun May 18 04:37:51 CEST 2014: 45: Solution found.
Sun May 18 04:37:51 CEST 2014: 46: finished (222ms, 500cycles)
Sun May 18 04:37:51 CEST 2014: 46: No solution found.
Sun May 18 04:37:51 CEST 2014: 47: finished (217ms, 500cycles)
Sun May 18 04:37:51 CEST 2014: 47: No solution found.
Sun May 18 04:37:51 CEST 2014: 48: finished (23ms, 47cycles)
Sun May 18 04:37:51 CEST 2014: 48: Solution found.
Sun May 18 04:37:52 CEST 2014: 49: finished (225ms, 500cycles)
Sun May 18 04:37:52 CEST 2014: 49: No solution found.
Sun May 18 04:37:52 CEST 2014: 50: finished (220ms, 500cycles)
Sun May 18 04:37:52 CEST 2014: 50: No solution found.
Sun May 18 04:37:52 CEST 2014: 51: finished (197ms, 500cycles)
Sun May 18 04:37:52 CEST 2014: 51: No solution found.
Sun May 18 04:37:52 CEST 2014: 52: finished (11ms, 24cycles)
Sun May 18 04:37:52 CEST 2014: 52: Solution found.
Sun May 18 04:37:52 CEST 2014: 53: finished (6ms, 14cycles)
Sun May 18 04:37:52 CEST 2014: 53: Solution found.
Sun May 18 04:37:52 CEST 2014: 54: finished (223ms, 500cycles)
Sun May 18 04:37:52 CEST 2014: 54: No solution found.
Sun May 18 04:37:53 CEST 2014: 55: finished (257ms, 500cycles)
Sun May 18 04:37:53 CEST 2014: 55: No solution found.
Sun May 18 04:37:53 CEST 2014: 56: finished (215ms, 500cycles)
Sun May 18 04:37:53 CEST 2014: 56: No solution found.
Sun May 18 04:37:53 CEST 2014: 57: finished (15ms, 32cycles)
Sun May 18 04:37:53 CEST 2014: 57: Solution found.
Sun May 18 04:37:53 CEST 2014: 58: finished (7ms, 13cycles)
Sun May 18 04:37:53 CEST 2014: 58: Solution found.
Sun May 18 04:37:53 CEST 2014: 59: finished (217ms, 500cycles)
Sun May 18 04:37:53 CEST 2014: 59: No solution found.
Sun May 18 04:37:53 CEST 2014: 60: finished (7ms, 15cycles)
Sun May 18 04:37:53 CEST 2014: 60: Solution found.
Sun May 18 04:37:53 CEST 2014: 61: finished (238ms, 500cycles)
Sun May 18 04:37:53 CEST 2014: 61: No solution found.
Sun May 18 04:37:53 CEST 2014: 62: finished (19ms, 44cycles)
Sun May 18 04:37:53 CEST 2014: 62: Solution found.
Sun May 18 04:37:53 CEST 2014: 63: finished (19ms, 37cycles)
Sun May 18 04:37:53 CEST 2014: 63: Solution found.
Sun May 18 04:37:53 CEST 2014: 64: finished (1ms, 2cycles)
Sun May 18 04:37:53 CEST 2014: 64: Solution found.
Sun May 18 04:37:53 CEST 2014: 65: finished (15ms, 30cycles)
Sun May 18 04:37:53 CEST 2014: 65: Solution found.
Sun May 18 04:37:53 CEST 2014: 66: finished (17ms, 37cycles)
Sun May 18 04:37:53 CEST 2014: 66: Solution found.
Sun May 18 04:37:53 CEST 2014: 67: finished (12ms, 24cycles)
Sun May 18 04:37:53 CEST 2014: 67: Solution found.
Sun May 18 04:37:53 CEST 2014: 68: finished (12ms, 26cycles)
Sun May 18 04:37:53 CEST 2014: 68: Solution found.
Sun May 18 04:37:53 CEST 2014: 69: finished (4ms, 7cycles)
Sun May 18 04:37:53 CEST 2014: 69: Solution found.
Sun May 18 04:37:53 CEST 2014: 70: finished (3ms, 6cycles)
Sun May 18 04:37:53 CEST 2014: 70: Solution found.
Sun May 18 04:37:54 CEST 2014: 71: finished (201ms, 500cycles)
Sun May 18 04:37:54 CEST 2014: 71: No solution found.
Sun May 18 04:37:54 CEST 2014: 72: finished (7ms, 15cycles)
Sun May 18 04:37:54 CEST 2014: 72: Solution found.
Sun May 18 04:37:54 CEST 2014: 73: finished (216ms, 500cycles)
Sun May 18 04:37:54 CEST 2014: 73: No solution found.
Sun May 18 04:37:54 CEST 2014: 74: finished (202ms, 500cycles)
Sun May 18 04:37:54 CEST 2014: 74: No solution found.
Sun May 18 04:37:54 CEST 2014: 75: finished (13ms, 17cycles)
Sun May 18 04:37:54 CEST 2014: 75: Solution found.
Sun May 18 04:37:54 CEST 2014: 76: finished (4ms, 8cycles)
Sun May 18 04:37:54 CEST 2014: 76: Solution found.
Sun May 18 04:37:54 CEST 2014: 77: finished (191ms, 500cycles)
Sun May 18 04:37:54 CEST 2014: 77: No solution found.
Sun May 18 04:37:54 CEST 2014: 78: finished (220ms, 500cycles)
Sun May 18 04:37:54 CEST 2014: 78: No solution found.
Sun May 18 04:37:54 CEST 2014: 79: finished (10ms, 23cycles)
Sun May 18 04:37:54 CEST 2014: 79: Solution found.
Sun May 18 04:37:55 CEST 2014: 80: finished (201ms, 500cycles)
Sun May 18 04:37:55 CEST 2014: 80: No solution found.
Sun May 18 04:37:55 CEST 2014: 81: finished (9ms, 19cycles)
Sun May 18 04:37:55 CEST 2014: 81: Solution found.
Sun May 18 04:37:55 CEST 2014: 82: finished (4ms, 6cycles)
Sun May 18 04:37:55 CEST 2014: 82: Solution found.
Sun May 18 04:37:55 CEST 2014: 83: finished (19ms, 41cycles)
Sun May 18 04:37:55 CEST 2014: 83: Solution found.
Sun May 18 04:37:55 CEST 2014: 84: finished (203ms, 500cycles)
Sun May 18 04:37:55 CEST 2014: 84: No solution found.
Sun May 18 04:37:55 CEST 2014: 85: finished (10ms, 20cycles)
Sun May 18 04:37:55 CEST 2014: 85: Solution found.
Sun May 18 04:37:55 CEST 2014: 86: finished (7ms, 14cycles)
Sun May 18 04:37:55 CEST 2014: 86: Solution found.
Sun May 18 04:37:55 CEST 2014: 87: finished (14ms, 28cycles)
Sun May 18 04:37:55 CEST 2014: 87: Solution found.
Sun May 18 04:37:55 CEST 2014: 88: finished (9ms, 20cycles)
Sun May 18 04:37:55 CEST 2014: 88: Solution found.
Sun May 18 04:37:55 CEST 2014: 89: finished (8ms, 15cycles)
Sun May 18 04:37:55 CEST 2014: 89: Solution found.
Sun May 18 04:37:55 CEST 2014: 90: finished (7ms, 15cycles)
Sun May 18 04:37:55 CEST 2014: 90: Solution found.
Sun May 18 04:37:55 CEST 2014: 91: finished (8ms, 16cycles)
Sun May 18 04:37:55 CEST 2014: 91: Solution found.
Sun May 18 04:37:55 CEST 2014: 92: finished (201ms, 500cycles)
Sun May 18 04:37:55 CEST 2014: 92: No solution found.
Sun May 18 04:37:55 CEST 2014: 93: finished (15ms, 31cycles)
Sun May 18 04:37:55 CEST 2014: 93: Solution found.
Sun May 18 04:37:55 CEST 2014: 94: finished (209ms, 500cycles)
Sun May 18 04:37:55 CEST 2014: 94: No solution found.
Sun May 18 04:37:56 CEST 2014: 95: finished (200ms, 500cycles)
Sun May 18 04:37:56 CEST 2014: 95: No solution found.
Sun May 18 04:37:56 CEST 2014: 96: finished (245ms, 500cycles)
Sun May 18 04:37:56 CEST 2014: 96: No solution found.
Sun May 18 04:37:56 CEST 2014: 97: finished (7ms, 15cycles)
Sun May 18 04:37:56 CEST 2014: 97: Solution found.
Sun May 18 04:37:56 CEST 2014: 98: finished (4ms, 9cycles)
Sun May 18 04:37:56 CEST 2014: 98: Solution found.
Sun May 18 04:37:56 CEST 2014: 99: finished (18ms, 35cycles)
Sun May 18 04:37:56 CEST 2014: 99: Solution found.
Sun May 18 04:37:56 CEST 2014: Solution Found: 59
Sun May 18 04:37:56 CEST 2014: Avg cycles: 25
Sun May 18 04:37:56 CEST 2014: Max cycles: 199
Sun May 18 04:37:56 CEST 2014: Min cycles: 2
Sun May 18 04:37:56 CEST 2014: No solution found: 41
Sun May 18 04:37:56 CEST 2014: logging finished. (runtime: 9469ms)
