Tue May 06 13:11:51 CEST 2014: Problem Count: 20
Tue May 06 13:11:51 CEST 2014: CandidatesCount: 30
Tue May 06 13:11:51 CEST 2014: Max Cycles: 500
Tue May 06 13:11:51 CEST 2014: 0: finished (5ms, 24cycles)
Tue May 06 13:11:51 CEST 2014: 0: Solution found.
Tue May 06 13:11:51 CEST 2014: 1: finished (2ms, 11cycles)
Tue May 06 13:11:51 CEST 2014: 1: Solution found.
Tue May 06 13:11:51 CEST 2014: 2: finished (57ms, 500cycles)
Tue May 06 13:11:51 CEST 2014: 2: No solution found.
Tue May 06 13:11:51 CEST 2014: 3: finished (61ms, 500cycles)
Tue May 06 13:11:51 CEST 2014: 3: No solution found.
Tue May 06 13:11:51 CEST 2014: 4: finished (5ms, 41cycles)
Tue May 06 13:11:51 CEST 2014: 4: Solution found.
Tue May 06 13:11:51 CEST 2014: 5: finished (41ms, 312cycles)
Tue May 06 13:11:51 CEST 2014: 5: Solution found.
Tue May 06 13:11:51 CEST 2014: 6: finished (67ms, 500cycles)
Tue May 06 13:11:51 CEST 2014: 6: No solution found.
Tue May 06 13:11:51 CEST 2014: 7: finished (7ms, 52cycles)
Tue May 06 13:11:51 CEST 2014: 7: Solution found.
Tue May 06 13:11:51 CEST 2014: 8: finished (9ms, 50cycles)
Tue May 06 13:11:51 CEST 2014: 8: Solution found.
Tue May 06 13:11:51 CEST 2014: 9: finished (68ms, 500cycles)
Tue May 06 13:11:51 CEST 2014: 9: No solution found.
Tue May 06 13:11:51 CEST 2014: 10: finished (52ms, 500cycles)
Tue May 06 13:11:51 CEST 2014: 10: No solution found.
Tue May 06 13:11:51 CEST 2014: 11: finished (19ms, 52cycles)
Tue May 06 13:11:51 CEST 2014: 11: Solution found.
Tue May 06 13:11:51 CEST 2014: 12: finished (52ms, 500cycles)
Tue May 06 13:11:51 CEST 2014: 12: No solution found.
Tue May 06 13:11:51 CEST 2014: 13: finished (54ms, 500cycles)
Tue May 06 13:11:51 CEST 2014: 13: No solution found.
Tue May 06 13:11:51 CEST 2014: 14: finished (54ms, 500cycles)
Tue May 06 13:11:51 CEST 2014: 14: No solution found.
Tue May 06 13:11:51 CEST 2014: 15: finished (72ms, 500cycles)
Tue May 06 13:11:51 CEST 2014: 15: No solution found.
Tue May 06 13:11:51 CEST 2014: 16: finished (65ms, 500cycles)
Tue May 06 13:11:51 CEST 2014: 16: No solution found.
Tue May 06 13:11:51 CEST 2014: 17: finished (5ms, 32cycles)
Tue May 06 13:11:51 CEST 2014: 17: Solution found.
Tue May 06 13:11:51 CEST 2014: 18: finished (59ms, 500cycles)
Tue May 06 13:11:51 CEST 2014: 18: No solution found.
Tue May 06 13:11:51 CEST 2014: 19: finished (4ms, 32cycles)
Tue May 06 13:11:51 CEST 2014: 19: Solution found.
Tue May 06 13:11:51 CEST 2014: 20: finished (7ms, 52cycles)
Tue May 06 13:11:51 CEST 2014: 20: Solution found.
Tue May 06 13:11:51 CEST 2014: 21: finished (3ms, 20cycles)
Tue May 06 13:11:51 CEST 2014: 21: Solution found.
Tue May 06 13:11:51 CEST 2014: 22: finished (2ms, 8cycles)
Tue May 06 13:11:51 CEST 2014: 22: Solution found.
Tue May 06 13:11:51 CEST 2014: 23: finished (57ms, 500cycles)
Tue May 06 13:11:51 CEST 2014: 23: No solution found.
Tue May 06 13:11:52 CEST 2014: 24: finished (62ms, 500cycles)
Tue May 06 13:11:52 CEST 2014: 24: No solution found.
Tue May 06 13:11:52 CEST 2014: 25: finished (55ms, 500cycles)
Tue May 06 13:11:52 CEST 2014: 25: No solution found.
Tue May 06 13:11:52 CEST 2014: 26: finished (4ms, 27cycles)
Tue May 06 13:11:52 CEST 2014: 26: Solution found.
Tue May 06 13:11:52 CEST 2014: 27: finished (72ms, 500cycles)
Tue May 06 13:11:52 CEST 2014: 27: No solution found.
Tue May 06 13:11:52 CEST 2014: 28: finished (197ms, 500cycles)
Tue May 06 13:11:52 CEST 2014: 28: No solution found.
Tue May 06 13:11:52 CEST 2014: 29: finished (7ms, 46cycles)
Tue May 06 13:11:52 CEST 2014: 29: Solution found.
Tue May 06 13:11:52 CEST 2014: 30: finished (59ms, 500cycles)
Tue May 06 13:11:52 CEST 2014: 30: No solution found.
Tue May 06 13:11:52 CEST 2014: 31: finished (15ms, 42cycles)
Tue May 06 13:11:52 CEST 2014: 31: Solution found.
Tue May 06 13:11:52 CEST 2014: 32: finished (2ms, 15cycles)
Tue May 06 13:11:52 CEST 2014: 32: Solution found.
Tue May 06 13:11:52 CEST 2014: 33: finished (0ms, 3cycles)
Tue May 06 13:11:52 CEST 2014: 33: Solution found.
Tue May 06 13:11:52 CEST 2014: 34: finished (59ms, 500cycles)
Tue May 06 13:11:52 CEST 2014: 34: No solution found.
Tue May 06 13:11:52 CEST 2014: 35: finished (58ms, 500cycles)
Tue May 06 13:11:52 CEST 2014: 35: No solution found.
Tue May 06 13:11:52 CEST 2014: 36: finished (1ms, 6cycles)
Tue May 06 13:11:52 CEST 2014: 36: Solution found.
Tue May 06 13:11:52 CEST 2014: 37: finished (1ms, 4cycles)
Tue May 06 13:11:52 CEST 2014: 37: Solution found.
Tue May 06 13:11:52 CEST 2014: 38: finished (65ms, 500cycles)
Tue May 06 13:11:52 CEST 2014: 38: No solution found.
Tue May 06 13:11:52 CEST 2014: 39: finished (4ms, 31cycles)
Tue May 06 13:11:52 CEST 2014: 39: Solution found.
Tue May 06 13:11:52 CEST 2014: 40: finished (53ms, 500cycles)
Tue May 06 13:11:52 CEST 2014: 40: No solution found.
Tue May 06 13:11:52 CEST 2014: 41: finished (3ms, 23cycles)
Tue May 06 13:11:52 CEST 2014: 41: Solution found.
Tue May 06 13:11:52 CEST 2014: 42: finished (56ms, 500cycles)
Tue May 06 13:11:52 CEST 2014: 42: No solution found.
Tue May 06 13:11:52 CEST 2014: 43: finished (7ms, 53cycles)
Tue May 06 13:11:52 CEST 2014: 43: Solution found.
Tue May 06 13:11:52 CEST 2014: 44: finished (6ms, 40cycles)
Tue May 06 13:11:52 CEST 2014: 44: Solution found.
Tue May 06 13:11:52 CEST 2014: 45: finished (62ms, 500cycles)
Tue May 06 13:11:52 CEST 2014: 45: No solution found.
Tue May 06 13:11:52 CEST 2014: 46: finished (41ms, 278cycles)
Tue May 06 13:11:52 CEST 2014: 46: Solution found.
Tue May 06 13:11:53 CEST 2014: 47: finished (158ms, 500cycles)
Tue May 06 13:11:53 CEST 2014: 47: No solution found.
Tue May 06 13:11:53 CEST 2014: 48: finished (54ms, 500cycles)
Tue May 06 13:11:53 CEST 2014: 48: No solution found.
Tue May 06 13:11:53 CEST 2014: 49: finished (7ms, 32cycles)
Tue May 06 13:11:53 CEST 2014: 49: Solution found.
Tue May 06 13:11:53 CEST 2014: 50: finished (2ms, 13cycles)
Tue May 06 13:11:53 CEST 2014: 50: Solution found.
Tue May 06 13:11:53 CEST 2014: 51: finished (1ms, 4cycles)
Tue May 06 13:11:53 CEST 2014: 51: Solution found.
Tue May 06 13:11:53 CEST 2014: 52: finished (6ms, 37cycles)
Tue May 06 13:11:53 CEST 2014: 52: Solution found.
Tue May 06 13:11:53 CEST 2014: 53: finished (179ms, 479cycles)
Tue May 06 13:11:53 CEST 2014: 53: Solution found.
Tue May 06 13:11:53 CEST 2014: 54: finished (10ms, 31cycles)
Tue May 06 13:11:53 CEST 2014: 54: Solution found.
Tue May 06 13:11:53 CEST 2014: 55: finished (61ms, 500cycles)
Tue May 06 13:11:53 CEST 2014: 55: No solution found.
Tue May 06 13:11:53 CEST 2014: 56: finished (2ms, 12cycles)
Tue May 06 13:11:53 CEST 2014: 56: Solution found.
Tue May 06 13:11:53 CEST 2014: 57: finished (71ms, 500cycles)
Tue May 06 13:11:53 CEST 2014: 57: No solution found.
Tue May 06 13:11:53 CEST 2014: 58: finished (1ms, 7cycles)
Tue May 06 13:11:53 CEST 2014: 58: Solution found.
Tue May 06 13:11:53 CEST 2014: 59: finished (75ms, 500cycles)
Tue May 06 13:11:53 CEST 2014: 59: No solution found.
Tue May 06 13:11:53 CEST 2014: 60: finished (53ms, 500cycles)
Tue May 06 13:11:53 CEST 2014: 60: No solution found.
Tue May 06 13:11:53 CEST 2014: 61: finished (12ms, 46cycles)
Tue May 06 13:11:53 CEST 2014: 61: Solution found.
Tue May 06 13:11:53 CEST 2014: 62: finished (62ms, 500cycles)
Tue May 06 13:11:53 CEST 2014: 62: No solution found.
Tue May 06 13:11:53 CEST 2014: 63: finished (63ms, 500cycles)
Tue May 06 13:11:53 CEST 2014: 63: No solution found.
Tue May 06 13:11:53 CEST 2014: 64: finished (3ms, 14cycles)
Tue May 06 13:11:53 CEST 2014: 64: Solution found.
Tue May 06 13:11:53 CEST 2014: 65: finished (92ms, 500cycles)
Tue May 06 13:11:53 CEST 2014: 65: No solution found.
Tue May 06 13:11:53 CEST 2014: 66: finished (3ms, 22cycles)
Tue May 06 13:11:53 CEST 2014: 66: Solution found.
Tue May 06 13:11:53 CEST 2014: 67: finished (77ms, 500cycles)
Tue May 06 13:11:53 CEST 2014: 67: No solution found.
Tue May 06 13:11:53 CEST 2014: 68: finished (4ms, 19cycles)
Tue May 06 13:11:53 CEST 2014: 68: Solution found.
Tue May 06 13:11:53 CEST 2014: 69: finished (77ms, 500cycles)
Tue May 06 13:11:53 CEST 2014: 69: No solution found.
Tue May 06 13:11:54 CEST 2014: 70: finished (225ms, 500cycles)
Tue May 06 13:11:54 CEST 2014: 70: No solution found.
Tue May 06 13:11:54 CEST 2014: 71: finished (2ms, 11cycles)
Tue May 06 13:11:54 CEST 2014: 71: Solution found.
Tue May 06 13:11:54 CEST 2014: 72: finished (62ms, 500cycles)
Tue May 06 13:11:54 CEST 2014: 72: No solution found.
Tue May 06 13:11:54 CEST 2014: 73: finished (2ms, 14cycles)
Tue May 06 13:11:54 CEST 2014: 73: Solution found.
Tue May 06 13:11:54 CEST 2014: 74: finished (3ms, 21cycles)
Tue May 06 13:11:54 CEST 2014: 74: Solution found.
Tue May 06 13:11:54 CEST 2014: 75: finished (3ms, 24cycles)
Tue May 06 13:11:54 CEST 2014: 75: Solution found.
Tue May 06 13:11:54 CEST 2014: 76: finished (2ms, 10cycles)
Tue May 06 13:11:54 CEST 2014: 76: Solution found.
Tue May 06 13:11:54 CEST 2014: 77: finished (3ms, 22cycles)
Tue May 06 13:11:54 CEST 2014: 77: Solution found.
Tue May 06 13:11:54 CEST 2014: 78: finished (15ms, 107cycles)
Tue May 06 13:11:54 CEST 2014: 78: Solution found.
Tue May 06 13:11:54 CEST 2014: 79: finished (56ms, 500cycles)
Tue May 06 13:11:54 CEST 2014: 79: No solution found.
Tue May 06 13:11:54 CEST 2014: 80: finished (3ms, 17cycles)
Tue May 06 13:11:54 CEST 2014: 80: Solution found.
Tue May 06 13:11:54 CEST 2014: 81: finished (3ms, 23cycles)
Tue May 06 13:11:54 CEST 2014: 81: Solution found.
Tue May 06 13:11:54 CEST 2014: 82: finished (64ms, 489cycles)
Tue May 06 13:11:54 CEST 2014: 82: Solution found.
Tue May 06 13:11:54 CEST 2014: 83: finished (239ms, 500cycles)
Tue May 06 13:11:54 CEST 2014: 83: No solution found.
Tue May 06 13:11:54 CEST 2014: 84: finished (0ms, 2cycles)
Tue May 06 13:11:54 CEST 2014: 84: Solution found.
Tue May 06 13:11:54 CEST 2014: 85: finished (54ms, 500cycles)
Tue May 06 13:11:54 CEST 2014: 85: No solution found.
Tue May 06 13:11:54 CEST 2014: 86: finished (67ms, 500cycles)
Tue May 06 13:11:54 CEST 2014: 86: No solution found.
Tue May 06 13:11:54 CEST 2014: 87: finished (1ms, 6cycles)
Tue May 06 13:11:54 CEST 2014: 87: Solution found.
Tue May 06 13:11:55 CEST 2014: 88: finished (344ms, 500cycles)
Tue May 06 13:11:55 CEST 2014: 88: No solution found.
Tue May 06 13:11:55 CEST 2014: 89: finished (50ms, 500cycles)
Tue May 06 13:11:55 CEST 2014: 89: No solution found.
Tue May 06 13:11:55 CEST 2014: 90: finished (65ms, 500cycles)
Tue May 06 13:11:55 CEST 2014: 90: No solution found.
Tue May 06 13:11:55 CEST 2014: 91: finished (62ms, 500cycles)
Tue May 06 13:11:55 CEST 2014: 91: No solution found.
Tue May 06 13:11:55 CEST 2014: 92: finished (60ms, 500cycles)
Tue May 06 13:11:55 CEST 2014: 92: No solution found.
Tue May 06 13:11:55 CEST 2014: 93: finished (57ms, 500cycles)
Tue May 06 13:11:55 CEST 2014: 93: No solution found.
Tue May 06 13:11:55 CEST 2014: 94: finished (7ms, 43cycles)
Tue May 06 13:11:55 CEST 2014: 94: Solution found.
Tue May 06 13:11:55 CEST 2014: 95: finished (53ms, 500cycles)
Tue May 06 13:11:55 CEST 2014: 95: No solution found.
Tue May 06 13:11:55 CEST 2014: 96: finished (62ms, 500cycles)
Tue May 06 13:11:55 CEST 2014: 96: No solution found.
Tue May 06 13:11:55 CEST 2014: 97: finished (62ms, 500cycles)
Tue May 06 13:11:55 CEST 2014: 97: No solution found.
Tue May 06 13:11:55 CEST 2014: 98: finished (59ms, 500cycles)
Tue May 06 13:11:55 CEST 2014: 98: No solution found.
Tue May 06 13:11:55 CEST 2014: 99: finished (56ms, 500cycles)
Tue May 06 13:11:55 CEST 2014: 99: No solution found.
Tue May 06 13:11:55 CEST 2014: Solution Found: 49
Tue May 06 13:11:55 CEST 2014: Avg cycles: 56
Tue May 06 13:11:55 CEST 2014: Max cycles: 489
Tue May 06 13:11:55 CEST 2014: Min cycles: 2
Tue May 06 13:11:55 CEST 2014: No solution found: 51
Tue May 06 13:11:55 CEST 2014: logging finished. (runtime: 4544ms)
