Sat May 17 23:51:13 CEST 2014: Problem Count: 50
Sat May 17 23:51:13 CEST 2014: CandidatesCount: 20
Sat May 17 23:51:13 CEST 2014: Max Cycles: 500
Sat May 17 23:51:13 CEST 2014: 0: finished (110ms, 500cycles)
Sat May 17 23:51:13 CEST 2014: 0: No solution found.
Sat May 17 23:51:13 CEST 2014: 1: finished (3ms, 12cycles)
Sat May 17 23:51:13 CEST 2014: 1: Solution found.
Sat May 17 23:51:13 CEST 2014: 2: finished (113ms, 500cycles)
Sat May 17 23:51:13 CEST 2014: 2: No solution found.
Sat May 17 23:51:13 CEST 2014: 3: finished (109ms, 500cycles)
Sat May 17 23:51:13 CEST 2014: 3: No solution found.
Sat May 17 23:51:13 CEST 2014: 4: finished (116ms, 500cycles)
Sat May 17 23:51:13 CEST 2014: 4: No solution found.
Sat May 17 23:51:13 CEST 2014: 5: finished (110ms, 500cycles)
Sat May 17 23:51:13 CEST 2014: 5: No solution found.
Sat May 17 23:51:13 CEST 2014: 6: finished (115ms, 500cycles)
Sat May 17 23:51:13 CEST 2014: 6: No solution found.
Sat May 17 23:51:13 CEST 2014: 7: finished (9ms, 30cycles)
Sat May 17 23:51:13 CEST 2014: 7: Solution found.
Sat May 17 23:51:14 CEST 2014: 8: finished (106ms, 500cycles)
Sat May 17 23:51:14 CEST 2014: 8: No solution found.
Sat May 17 23:51:14 CEST 2014: 9: finished (8ms, 32cycles)
Sat May 17 23:51:14 CEST 2014: 9: Solution found.
Sat May 17 23:51:14 CEST 2014: 10: finished (117ms, 500cycles)
Sat May 17 23:51:14 CEST 2014: 10: No solution found.
Sat May 17 23:51:14 CEST 2014: 11: finished (108ms, 500cycles)
Sat May 17 23:51:14 CEST 2014: 11: No solution found.
Sat May 17 23:51:14 CEST 2014: 12: finished (113ms, 500cycles)
Sat May 17 23:51:14 CEST 2014: 12: No solution found.
Sat May 17 23:51:14 CEST 2014: 13: finished (127ms, 500cycles)
Sat May 17 23:51:14 CEST 2014: 13: No solution found.
Sat May 17 23:51:14 CEST 2014: 14: finished (117ms, 500cycles)
Sat May 17 23:51:14 CEST 2014: 14: No solution found.
Sat May 17 23:51:14 CEST 2014: 15: finished (119ms, 500cycles)
Sat May 17 23:51:14 CEST 2014: 15: No solution found.
Sat May 17 23:51:14 CEST 2014: 16: finished (6ms, 21cycles)
Sat May 17 23:51:14 CEST 2014: 16: Solution found.
Sat May 17 23:51:14 CEST 2014: 17: finished (122ms, 500cycles)
Sat May 17 23:51:14 CEST 2014: 17: No solution found.
Sat May 17 23:51:15 CEST 2014: 18: finished (131ms, 500cycles)
Sat May 17 23:51:15 CEST 2014: 18: No solution found.
Sat May 17 23:51:15 CEST 2014: 19: finished (127ms, 500cycles)
Sat May 17 23:51:15 CEST 2014: 19: No solution found.
Sat May 17 23:51:15 CEST 2014: 20: finished (3ms, 10cycles)
Sat May 17 23:51:15 CEST 2014: 20: Solution found.
Sat May 17 23:51:15 CEST 2014: 21: finished (5ms, 19cycles)
Sat May 17 23:51:15 CEST 2014: 21: Solution found.
Sat May 17 23:51:15 CEST 2014: 22: finished (117ms, 500cycles)
Sat May 17 23:51:15 CEST 2014: 22: No solution found.
Sat May 17 23:51:15 CEST 2014: 23: finished (7ms, 27cycles)
Sat May 17 23:51:15 CEST 2014: 23: Solution found.
Sat May 17 23:51:15 CEST 2014: 24: finished (105ms, 500cycles)
Sat May 17 23:51:15 CEST 2014: 24: No solution found.
Sat May 17 23:51:15 CEST 2014: 25: finished (112ms, 500cycles)
Sat May 17 23:51:15 CEST 2014: 25: No solution found.
Sat May 17 23:51:15 CEST 2014: 26: finished (3ms, 11cycles)
Sat May 17 23:51:15 CEST 2014: 26: Solution found.
Sat May 17 23:51:15 CEST 2014: 27: finished (124ms, 500cycles)
Sat May 17 23:51:15 CEST 2014: 27: No solution found.
Sat May 17 23:51:15 CEST 2014: 28: finished (68ms, 280cycles)
Sat May 17 23:51:15 CEST 2014: 28: Solution found.
Sat May 17 23:51:15 CEST 2014: 29: finished (114ms, 500cycles)
Sat May 17 23:51:15 CEST 2014: 29: No solution found.
Sat May 17 23:51:15 CEST 2014: 30: finished (5ms, 18cycles)
Sat May 17 23:51:15 CEST 2014: 30: Solution found.
Sat May 17 23:51:15 CEST 2014: 31: finished (114ms, 500cycles)
Sat May 17 23:51:15 CEST 2014: 31: No solution found.
Sat May 17 23:51:15 CEST 2014: 32: finished (21ms, 82cycles)
Sat May 17 23:51:15 CEST 2014: 32: Solution found.
Sat May 17 23:51:16 CEST 2014: 33: finished (119ms, 500cycles)
Sat May 17 23:51:16 CEST 2014: 33: No solution found.
Sat May 17 23:51:16 CEST 2014: 34: finished (135ms, 500cycles)
Sat May 17 23:51:16 CEST 2014: 34: No solution found.
Sat May 17 23:51:16 CEST 2014: 35: finished (152ms, 500cycles)
Sat May 17 23:51:16 CEST 2014: 35: No solution found.
Sat May 17 23:51:16 CEST 2014: 36: finished (108ms, 500cycles)
Sat May 17 23:51:16 CEST 2014: 36: No solution found.
Sat May 17 23:51:16 CEST 2014: 37: finished (112ms, 500cycles)
Sat May 17 23:51:16 CEST 2014: 37: No solution found.
Sat May 17 23:51:16 CEST 2014: 38: finished (8ms, 27cycles)
Sat May 17 23:51:16 CEST 2014: 38: Solution found.
Sat May 17 23:51:16 CEST 2014: 39: finished (13ms, 50cycles)
Sat May 17 23:51:16 CEST 2014: 39: Solution found.
Sat May 17 23:51:16 CEST 2014: 40: finished (125ms, 500cycles)
Sat May 17 23:51:16 CEST 2014: 40: No solution found.
Sat May 17 23:51:16 CEST 2014: 41: finished (118ms, 500cycles)
Sat May 17 23:51:16 CEST 2014: 41: No solution found.
Sat May 17 23:51:16 CEST 2014: 42: finished (8ms, 28cycles)
Sat May 17 23:51:16 CEST 2014: 42: Solution found.
Sat May 17 23:51:16 CEST 2014: 43: finished (5ms, 20cycles)
Sat May 17 23:51:16 CEST 2014: 43: Solution found.
Sat May 17 23:51:17 CEST 2014: 44: finished (130ms, 500cycles)
Sat May 17 23:51:17 CEST 2014: 44: No solution found.
Sat May 17 23:51:17 CEST 2014: 45: finished (119ms, 500cycles)
Sat May 17 23:51:17 CEST 2014: 45: No solution found.
Sat May 17 23:51:17 CEST 2014: 46: finished (108ms, 500cycles)
Sat May 17 23:51:17 CEST 2014: 46: No solution found.
Sat May 17 23:51:17 CEST 2014: 47: finished (122ms, 500cycles)
Sat May 17 23:51:17 CEST 2014: 47: No solution found.
Sat May 17 23:51:17 CEST 2014: 48: finished (120ms, 500cycles)
Sat May 17 23:51:17 CEST 2014: 48: No solution found.
Sat May 17 23:51:17 CEST 2014: 49: finished (129ms, 500cycles)
Sat May 17 23:51:17 CEST 2014: 49: No solution found.
Sat May 17 23:51:17 CEST 2014: 50: finished (118ms, 500cycles)
Sat May 17 23:51:17 CEST 2014: 50: No solution found.
Sat May 17 23:51:17 CEST 2014: 51: finished (125ms, 500cycles)
Sat May 17 23:51:17 CEST 2014: 51: No solution found.
Sat May 17 23:51:17 CEST 2014: 52: finished (7ms, 29cycles)
Sat May 17 23:51:17 CEST 2014: 52: Solution found.
Sat May 17 23:51:17 CEST 2014: 53: finished (107ms, 500cycles)
Sat May 17 23:51:17 CEST 2014: 53: No solution found.
Sat May 17 23:51:18 CEST 2014: 54: finished (115ms, 500cycles)
Sat May 17 23:51:18 CEST 2014: 54: No solution found.
Sat May 17 23:51:18 CEST 2014: 55: finished (107ms, 500cycles)
Sat May 17 23:51:18 CEST 2014: 55: No solution found.
Sat May 17 23:51:18 CEST 2014: 56: finished (123ms, 500cycles)
Sat May 17 23:51:18 CEST 2014: 56: No solution found.
Sat May 17 23:51:18 CEST 2014: 57: finished (132ms, 500cycles)
Sat May 17 23:51:18 CEST 2014: 57: No solution found.
Sat May 17 23:51:18 CEST 2014: 58: finished (116ms, 500cycles)
Sat May 17 23:51:18 CEST 2014: 58: No solution found.
Sat May 17 23:51:18 CEST 2014: 59: finished (115ms, 500cycles)
Sat May 17 23:51:18 CEST 2014: 59: No solution found.
Sat May 17 23:51:18 CEST 2014: 60: finished (8ms, 30cycles)
Sat May 17 23:51:18 CEST 2014: 60: Solution found.
Sat May 17 23:51:18 CEST 2014: 61: finished (140ms, 500cycles)
Sat May 17 23:51:18 CEST 2014: 61: No solution found.
Sat May 17 23:51:18 CEST 2014: 62: finished (107ms, 500cycles)
Sat May 17 23:51:18 CEST 2014: 62: No solution found.
Sat May 17 23:51:19 CEST 2014: 63: finished (126ms, 500cycles)
Sat May 17 23:51:19 CEST 2014: 63: No solution found.
Sat May 17 23:51:19 CEST 2014: 64: finished (3ms, 11cycles)
Sat May 17 23:51:19 CEST 2014: 64: Solution found.
Sat May 17 23:51:19 CEST 2014: 65: finished (134ms, 500cycles)
Sat May 17 23:51:19 CEST 2014: 65: No solution found.
Sat May 17 23:51:19 CEST 2014: 66: finished (122ms, 500cycles)
Sat May 17 23:51:19 CEST 2014: 66: No solution found.
Sat May 17 23:51:19 CEST 2014: 67: finished (5ms, 17cycles)
Sat May 17 23:51:19 CEST 2014: 67: Solution found.
Sat May 17 23:51:19 CEST 2014: 68: finished (12ms, 52cycles)
Sat May 17 23:51:19 CEST 2014: 68: Solution found.
Sat May 17 23:51:19 CEST 2014: 69: finished (115ms, 500cycles)
Sat May 17 23:51:19 CEST 2014: 69: No solution found.
Sat May 17 23:51:19 CEST 2014: 70: finished (9ms, 35cycles)
Sat May 17 23:51:19 CEST 2014: 70: Solution found.
Sat May 17 23:51:19 CEST 2014: 71: finished (110ms, 500cycles)
Sat May 17 23:51:19 CEST 2014: 71: No solution found.
Sat May 17 23:51:19 CEST 2014: 72: finished (9ms, 39cycles)
Sat May 17 23:51:19 CEST 2014: 72: Solution found.
Sat May 17 23:51:19 CEST 2014: 73: finished (12ms, 48cycles)
Sat May 17 23:51:19 CEST 2014: 73: Solution found.
Sat May 17 23:51:19 CEST 2014: 74: finished (15ms, 64cycles)
Sat May 17 23:51:19 CEST 2014: 74: Solution found.
Sat May 17 23:51:19 CEST 2014: 75: finished (4ms, 13cycles)
Sat May 17 23:51:19 CEST 2014: 75: Solution found.
Sat May 17 23:51:19 CEST 2014: 76: finished (136ms, 500cycles)
Sat May 17 23:51:19 CEST 2014: 76: No solution found.
Sat May 17 23:51:19 CEST 2014: 77: finished (10ms, 38cycles)
Sat May 17 23:51:19 CEST 2014: 77: Solution found.
Sat May 17 23:51:19 CEST 2014: 78: finished (6ms, 22cycles)
Sat May 17 23:51:19 CEST 2014: 78: Solution found.
Sat May 17 23:51:19 CEST 2014: 79: finished (116ms, 500cycles)
Sat May 17 23:51:19 CEST 2014: 79: No solution found.
Sat May 17 23:51:19 CEST 2014: 80: finished (126ms, 500cycles)
Sat May 17 23:51:19 CEST 2014: 80: No solution found.
Sat May 17 23:51:19 CEST 2014: 81: finished (4ms, 12cycles)
Sat May 17 23:51:19 CEST 2014: 81: Solution found.
Sat May 17 23:51:20 CEST 2014: 82: finished (126ms, 500cycles)
Sat May 17 23:51:20 CEST 2014: 82: No solution found.
Sat May 17 23:51:20 CEST 2014: 83: finished (7ms, 31cycles)
Sat May 17 23:51:20 CEST 2014: 83: Solution found.
Sat May 17 23:51:20 CEST 2014: 84: finished (6ms, 21cycles)
Sat May 17 23:51:20 CEST 2014: 84: Solution found.
Sat May 17 23:51:20 CEST 2014: 85: finished (116ms, 500cycles)
Sat May 17 23:51:20 CEST 2014: 85: No solution found.
Sat May 17 23:51:20 CEST 2014: 86: finished (105ms, 500cycles)
Sat May 17 23:51:20 CEST 2014: 86: No solution found.
Sat May 17 23:51:20 CEST 2014: 87: finished (109ms, 500cycles)
Sat May 17 23:51:20 CEST 2014: 87: No solution found.
Sat May 17 23:51:20 CEST 2014: 88: finished (110ms, 500cycles)
Sat May 17 23:51:20 CEST 2014: 88: No solution found.
Sat May 17 23:51:20 CEST 2014: 89: finished (3ms, 13cycles)
Sat May 17 23:51:20 CEST 2014: 89: Solution found.
Sat May 17 23:51:20 CEST 2014: 90: finished (18ms, 80cycles)
Sat May 17 23:51:20 CEST 2014: 90: Solution found.
Sat May 17 23:51:20 CEST 2014: 91: finished (108ms, 500cycles)
Sat May 17 23:51:20 CEST 2014: 91: No solution found.
Sat May 17 23:51:20 CEST 2014: 92: finished (62ms, 227cycles)
Sat May 17 23:51:20 CEST 2014: 92: Solution found.
Sat May 17 23:51:20 CEST 2014: 93: finished (89ms, 351cycles)
Sat May 17 23:51:20 CEST 2014: 93: Solution found.
Sat May 17 23:51:20 CEST 2014: 94: finished (136ms, 500cycles)
Sat May 17 23:51:20 CEST 2014: 94: No solution found.
Sat May 17 23:51:21 CEST 2014: 95: finished (106ms, 500cycles)
Sat May 17 23:51:21 CEST 2014: 95: No solution found.
Sat May 17 23:51:21 CEST 2014: 96: finished (3ms, 12cycles)
Sat May 17 23:51:21 CEST 2014: 96: Solution found.
Sat May 17 23:51:21 CEST 2014: 97: finished (14ms, 61cycles)
Sat May 17 23:51:21 CEST 2014: 97: Solution found.
Sat May 17 23:51:21 CEST 2014: 98: finished (5ms, 21cycles)
Sat May 17 23:51:21 CEST 2014: 98: Solution found.
Sat May 17 23:51:21 CEST 2014: 99: finished (121ms, 500cycles)
Sat May 17 23:51:21 CEST 2014: 99: No solution found.
Sat May 17 23:51:21 CEST 2014: Solution Found: 37
Sat May 17 23:51:21 CEST 2014: Avg cycles: 51
Sat May 17 23:51:21 CEST 2014: Max cycles: 351
Sat May 17 23:51:21 CEST 2014: Min cycles: 10
Sat May 17 23:51:21 CEST 2014: No solution found: 63
Sat May 17 23:51:21 CEST 2014: logging finished. (runtime: 7969ms)
