Sat May 17 21:31:30 CEST 2014: Problem Count: 40
Sat May 17 21:31:30 CEST 2014: CandidatesCount: 10
Sat May 17 21:31:30 CEST 2014: Max Cycles: 500
Sat May 17 21:31:30 CEST 2014: 0: finished (18ms, 65cycles)
Sat May 17 21:31:30 CEST 2014: 0: Solution found.
Sat May 17 21:31:31 CEST 2014: 1: finished (105ms, 500cycles)
Sat May 17 21:31:31 CEST 2014: 1: No solution found.
Sat May 17 21:31:31 CEST 2014: 2: finished (120ms, 500cycles)
Sat May 17 21:31:31 CEST 2014: 2: No solution found.
Sat May 17 21:31:31 CEST 2014: 3: finished (119ms, 500cycles)
Sat May 17 21:31:31 CEST 2014: 3: No solution found.
Sat May 17 21:31:31 CEST 2014: 4: finished (97ms, 500cycles)
Sat May 17 21:31:31 CEST 2014: 4: No solution found.
Sat May 17 21:31:31 CEST 2014: 5: finished (107ms, 500cycles)
Sat May 17 21:31:31 CEST 2014: 5: No solution found.
Sat May 17 21:31:31 CEST 2014: 6: finished (45ms, 165cycles)
Sat May 17 21:31:31 CEST 2014: 6: Solution found.
Sat May 17 21:31:31 CEST 2014: 7: finished (124ms, 500cycles)
Sat May 17 21:31:31 CEST 2014: 7: No solution found.
Sat May 17 21:31:31 CEST 2014: 8: finished (110ms, 500cycles)
Sat May 17 21:31:31 CEST 2014: 8: No solution found.
Sat May 17 21:31:31 CEST 2014: 9: finished (119ms, 500cycles)
Sat May 17 21:31:31 CEST 2014: 9: No solution found.
Sat May 17 21:31:31 CEST 2014: 10: finished (25ms, 95cycles)
Sat May 17 21:31:31 CEST 2014: 10: Solution found.
Sat May 17 21:31:31 CEST 2014: 11: finished (103ms, 500cycles)
Sat May 17 21:31:31 CEST 2014: 11: No solution found.
Sat May 17 21:31:32 CEST 2014: 12: finished (104ms, 500cycles)
Sat May 17 21:31:32 CEST 2014: 12: No solution found.
Sat May 17 21:31:32 CEST 2014: 13: finished (4ms, 14cycles)
Sat May 17 21:31:32 CEST 2014: 13: Solution found.
Sat May 17 21:31:32 CEST 2014: 14: finished (122ms, 500cycles)
Sat May 17 21:31:32 CEST 2014: 14: No solution found.
Sat May 17 21:31:32 CEST 2014: 15: finished (103ms, 500cycles)
Sat May 17 21:31:32 CEST 2014: 15: No solution found.
Sat May 17 21:31:32 CEST 2014: 16: finished (110ms, 500cycles)
Sat May 17 21:31:32 CEST 2014: 16: No solution found.
Sat May 17 21:31:32 CEST 2014: 17: finished (106ms, 500cycles)
Sat May 17 21:31:32 CEST 2014: 17: No solution found.
Sat May 17 21:31:32 CEST 2014: 18: finished (110ms, 500cycles)
Sat May 17 21:31:32 CEST 2014: 18: No solution found.
Sat May 17 21:31:32 CEST 2014: 19: finished (82ms, 361cycles)
Sat May 17 21:31:32 CEST 2014: 19: Solution found.
Sat May 17 21:31:32 CEST 2014: 20: finished (136ms, 500cycles)
Sat May 17 21:31:32 CEST 2014: 20: No solution found.
Sat May 17 21:31:32 CEST 2014: 21: finished (111ms, 500cycles)
Sat May 17 21:31:32 CEST 2014: 21: No solution found.
Sat May 17 21:31:33 CEST 2014: 22: finished (129ms, 500cycles)
Sat May 17 21:31:33 CEST 2014: 22: No solution found.
Sat May 17 21:31:33 CEST 2014: 23: finished (5ms, 19cycles)
Sat May 17 21:31:33 CEST 2014: 23: Solution found.
Sat May 17 21:31:33 CEST 2014: 24: finished (53ms, 211cycles)
Sat May 17 21:31:33 CEST 2014: 24: Solution found.
Sat May 17 21:31:33 CEST 2014: 25: finished (110ms, 500cycles)
Sat May 17 21:31:33 CEST 2014: 25: No solution found.
Sat May 17 21:31:33 CEST 2014: 26: finished (108ms, 500cycles)
Sat May 17 21:31:33 CEST 2014: 26: No solution found.
Sat May 17 21:31:33 CEST 2014: 27: finished (29ms, 116cycles)
Sat May 17 21:31:33 CEST 2014: 27: Solution found.
Sat May 17 21:31:33 CEST 2014: 28: finished (108ms, 500cycles)
Sat May 17 21:31:33 CEST 2014: 28: No solution found.
Sat May 17 21:31:33 CEST 2014: 29: finished (105ms, 500cycles)
Sat May 17 21:31:33 CEST 2014: 29: No solution found.
Sat May 17 21:31:33 CEST 2014: 30: finished (26ms, 105cycles)
Sat May 17 21:31:33 CEST 2014: 30: Solution found.
Sat May 17 21:31:33 CEST 2014: 31: finished (3ms, 10cycles)
Sat May 17 21:31:33 CEST 2014: 31: Solution found.
Sat May 17 21:31:33 CEST 2014: 32: finished (108ms, 500cycles)
Sat May 17 21:31:33 CEST 2014: 32: No solution found.
Sat May 17 21:31:33 CEST 2014: 33: finished (11ms, 45cycles)
Sat May 17 21:31:33 CEST 2014: 33: Solution found.
Sat May 17 21:31:33 CEST 2014: 34: finished (102ms, 500cycles)
Sat May 17 21:31:33 CEST 2014: 34: No solution found.
Sat May 17 21:31:33 CEST 2014: 35: finished (92ms, 500cycles)
Sat May 17 21:31:33 CEST 2014: 35: No solution found.
Sat May 17 21:31:34 CEST 2014: 36: finished (105ms, 500cycles)
Sat May 17 21:31:34 CEST 2014: 36: No solution found.
Sat May 17 21:31:34 CEST 2014: 37: finished (113ms, 500cycles)
Sat May 17 21:31:34 CEST 2014: 37: No solution found.
Sat May 17 21:31:34 CEST 2014: 38: finished (60ms, 500cycles)
Sat May 17 21:31:34 CEST 2014: 38: No solution found.
Sat May 17 21:31:34 CEST 2014: 39: finished (43ms, 500cycles)
Sat May 17 21:31:34 CEST 2014: 39: No solution found.
Sat May 17 21:31:34 CEST 2014: 40: finished (113ms, 500cycles)
Sat May 17 21:31:34 CEST 2014: 40: No solution found.
Sat May 17 21:31:34 CEST 2014: 41: finished (118ms, 500cycles)
Sat May 17 21:31:34 CEST 2014: 41: No solution found.
Sat May 17 21:31:34 CEST 2014: 42: finished (119ms, 500cycles)
Sat May 17 21:31:34 CEST 2014: 42: No solution found.
Sat May 17 21:31:34 CEST 2014: 43: finished (118ms, 500cycles)
Sat May 17 21:31:34 CEST 2014: 43: No solution found.
Sat May 17 21:31:34 CEST 2014: 44: finished (110ms, 500cycles)
Sat May 17 21:31:34 CEST 2014: 44: No solution found.
Sat May 17 21:31:34 CEST 2014: 45: finished (8ms, 29cycles)
Sat May 17 21:31:34 CEST 2014: 45: Solution found.
Sat May 17 21:31:34 CEST 2014: 46: finished (100ms, 500cycles)
Sat May 17 21:31:34 CEST 2014: 46: No solution found.
Sat May 17 21:31:35 CEST 2014: 47: finished (120ms, 500cycles)
Sat May 17 21:31:35 CEST 2014: 47: No solution found.
Sat May 17 21:31:35 CEST 2014: 48: finished (66ms, 500cycles)
Sat May 17 21:31:35 CEST 2014: 48: No solution found.
Sat May 17 21:31:35 CEST 2014: 49: finished (38ms, 500cycles)
Sat May 17 21:31:35 CEST 2014: 49: No solution found.
Sat May 17 21:31:35 CEST 2014: 50: finished (51ms, 500cycles)
Sat May 17 21:31:35 CEST 2014: 50: No solution found.
Sat May 17 21:31:35 CEST 2014: 51: finished (46ms, 500cycles)
Sat May 17 21:31:35 CEST 2014: 51: No solution found.
Sat May 17 21:31:35 CEST 2014: 52: finished (57ms, 500cycles)
Sat May 17 21:31:35 CEST 2014: 52: No solution found.
Sat May 17 21:31:35 CEST 2014: 53: finished (16ms, 176cycles)
Sat May 17 21:31:35 CEST 2014: 53: Solution found.
Sat May 17 21:31:35 CEST 2014: 54: finished (43ms, 500cycles)
Sat May 17 21:31:35 CEST 2014: 54: No solution found.
Sat May 17 21:31:35 CEST 2014: 55: finished (1ms, 10cycles)
Sat May 17 21:31:35 CEST 2014: 55: Solution found.
Sat May 17 21:31:35 CEST 2014: 56: finished (7ms, 80cycles)
Sat May 17 21:31:35 CEST 2014: 56: Solution found.
Sat May 17 21:31:35 CEST 2014: 57: finished (5ms, 47cycles)
Sat May 17 21:31:35 CEST 2014: 57: Solution found.
Sat May 17 21:31:35 CEST 2014: 58: finished (2ms, 19cycles)
Sat May 17 21:31:35 CEST 2014: 58: Solution found.
Sat May 17 21:31:35 CEST 2014: 59: finished (5ms, 52cycles)
Sat May 17 21:31:35 CEST 2014: 59: Solution found.
Sat May 17 21:31:35 CEST 2014: 60: finished (40ms, 500cycles)
Sat May 17 21:31:35 CEST 2014: 60: No solution found.
Sat May 17 21:31:35 CEST 2014: 61: finished (2ms, 17cycles)
Sat May 17 21:31:35 CEST 2014: 61: Solution found.
Sat May 17 21:31:35 CEST 2014: 62: finished (45ms, 500cycles)
Sat May 17 21:31:35 CEST 2014: 62: No solution found.
Sat May 17 21:31:35 CEST 2014: 63: finished (54ms, 500cycles)
Sat May 17 21:31:35 CEST 2014: 63: No solution found.
Sat May 17 21:31:35 CEST 2014: 64: finished (41ms, 500cycles)
Sat May 17 21:31:35 CEST 2014: 64: No solution found.
Sat May 17 21:31:35 CEST 2014: 65: finished (4ms, 30cycles)
Sat May 17 21:31:35 CEST 2014: 65: Solution found.
Sat May 17 21:31:35 CEST 2014: 66: finished (42ms, 500cycles)
Sat May 17 21:31:35 CEST 2014: 66: No solution found.
Sat May 17 21:31:35 CEST 2014: 67: finished (41ms, 500cycles)
Sat May 17 21:31:35 CEST 2014: 67: No solution found.
Sat May 17 21:31:35 CEST 2014: 68: finished (2ms, 12cycles)
Sat May 17 21:31:35 CEST 2014: 68: Solution found.
Sat May 17 21:31:35 CEST 2014: 69: finished (52ms, 500cycles)
Sat May 17 21:31:35 CEST 2014: 69: No solution found.
Sat May 17 21:31:35 CEST 2014: 70: finished (1ms, 9cycles)
Sat May 17 21:31:35 CEST 2014: 70: Solution found.
Sat May 17 21:31:35 CEST 2014: 71: finished (43ms, 500cycles)
Sat May 17 21:31:35 CEST 2014: 71: No solution found.
Sat May 17 21:31:35 CEST 2014: 72: finished (44ms, 500cycles)
Sat May 17 21:31:35 CEST 2014: 72: No solution found.
Sat May 17 21:31:35 CEST 2014: 73: finished (43ms, 130cycles)
Sat May 17 21:31:35 CEST 2014: 73: Solution found.
Sat May 17 21:31:35 CEST 2014: 74: finished (5ms, 49cycles)
Sat May 17 21:31:35 CEST 2014: 74: Solution found.
Sat May 17 21:31:35 CEST 2014: 75: finished (50ms, 500cycles)
Sat May 17 21:31:35 CEST 2014: 75: No solution found.
Sat May 17 21:31:36 CEST 2014: 76: finished (47ms, 500cycles)
Sat May 17 21:31:36 CEST 2014: 76: No solution found.
Sat May 17 21:31:36 CEST 2014: 77: finished (46ms, 500cycles)
Sat May 17 21:31:36 CEST 2014: 77: No solution found.
Sat May 17 21:31:36 CEST 2014: 78: finished (52ms, 500cycles)
Sat May 17 21:31:36 CEST 2014: 78: No solution found.
Sat May 17 21:31:36 CEST 2014: 79: finished (44ms, 500cycles)
Sat May 17 21:31:36 CEST 2014: 79: No solution found.
Sat May 17 21:31:36 CEST 2014: 80: finished (47ms, 500cycles)
Sat May 17 21:31:36 CEST 2014: 80: No solution found.
Sat May 17 21:31:36 CEST 2014: 81: finished (0ms, 7cycles)
Sat May 17 21:31:36 CEST 2014: 81: Solution found.
Sat May 17 21:31:36 CEST 2014: 82: finished (39ms, 500cycles)
Sat May 17 21:31:36 CEST 2014: 82: No solution found.
Sat May 17 21:31:36 CEST 2014: 83: finished (39ms, 500cycles)
Sat May 17 21:31:36 CEST 2014: 83: No solution found.
Sat May 17 21:31:36 CEST 2014: 84: finished (49ms, 500cycles)
Sat May 17 21:31:36 CEST 2014: 84: No solution found.
Sat May 17 21:31:36 CEST 2014: 85: finished (53ms, 500cycles)
Sat May 17 21:31:36 CEST 2014: 85: No solution found.
Sat May 17 21:31:36 CEST 2014: 86: finished (40ms, 500cycles)
Sat May 17 21:31:36 CEST 2014: 86: No solution found.
Sat May 17 21:31:36 CEST 2014: 87: finished (39ms, 500cycles)
Sat May 17 21:31:36 CEST 2014: 87: No solution found.
Sat May 17 21:31:36 CEST 2014: 88: finished (46ms, 500cycles)
Sat May 17 21:31:36 CEST 2014: 88: No solution found.
Sat May 17 21:31:36 CEST 2014: 89: finished (45ms, 500cycles)
Sat May 17 21:31:36 CEST 2014: 89: No solution found.
Sat May 17 21:31:36 CEST 2014: 90: finished (47ms, 500cycles)
Sat May 17 21:31:36 CEST 2014: 90: No solution found.
Sat May 17 21:31:36 CEST 2014: 91: finished (43ms, 500cycles)
Sat May 17 21:31:36 CEST 2014: 91: No solution found.
Sat May 17 21:31:36 CEST 2014: 92: finished (39ms, 500cycles)
Sat May 17 21:31:36 CEST 2014: 92: No solution found.
Sat May 17 21:31:36 CEST 2014: 93: finished (48ms, 500cycles)
Sat May 17 21:31:36 CEST 2014: 93: No solution found.
Sat May 17 21:31:36 CEST 2014: 94: finished (45ms, 500cycles)
Sat May 17 21:31:36 CEST 2014: 94: No solution found.
Sat May 17 21:31:36 CEST 2014: 95: finished (41ms, 500cycles)
Sat May 17 21:31:36 CEST 2014: 95: No solution found.
Sat May 17 21:31:36 CEST 2014: 96: finished (40ms, 500cycles)
Sat May 17 21:31:36 CEST 2014: 96: No solution found.
Sat May 17 21:31:36 CEST 2014: 97: finished (20ms, 191cycles)
Sat May 17 21:31:36 CEST 2014: 97: Solution found.
Sat May 17 21:31:36 CEST 2014: 98: finished (46ms, 500cycles)
Sat May 17 21:31:36 CEST 2014: 98: No solution found.
Sat May 17 21:31:36 CEST 2014: 99: finished (47ms, 500cycles)
Sat May 17 21:31:36 CEST 2014: 99: No solution found.
Sat May 17 21:31:36 CEST 2014: Solution Found: 26
Sat May 17 21:31:36 CEST 2014: Avg cycles: 79
Sat May 17 21:31:36 CEST 2014: Max cycles: 361
Sat May 17 21:31:36 CEST 2014: Min cycles: 7
Sat May 17 21:31:36 CEST 2014: No solution found: 74
Sat May 17 21:31:36 CEST 2014: logging finished. (runtime: 6065ms)
