Sat May 17 21:59:41 CEST 2014: Problem Count: 10
Sat May 17 21:59:41 CEST 2014: CandidatesCount: 50
Sat May 17 21:59:41 CEST 2014: Max Cycles: 500
Sat May 17 21:59:41 CEST 2014: 0: finished (246ms, 500cycles)
Sat May 17 21:59:41 CEST 2014: 0: No solution found.
Sat May 17 21:59:41 CEST 2014: 1: finished (327ms, 500cycles)
Sat May 17 21:59:41 CEST 2014: 1: No solution found.
Sat May 17 21:59:41 CEST 2014: 2: finished (9ms, 77cycles)
Sat May 17 21:59:41 CEST 2014: 2: Solution found.
Sat May 17 21:59:41 CEST 2014: 3: finished (50ms, 500cycles)
Sat May 17 21:59:41 CEST 2014: 3: No solution found.
Sat May 17 21:59:41 CEST 2014: 4: finished (95ms, 134cycles)
Sat May 17 21:59:41 CEST 2014: 4: Solution found.
Sat May 17 21:59:41 CEST 2014: 5: finished (23ms, 42cycles)
Sat May 17 21:59:41 CEST 2014: 5: Solution found.
Sat May 17 21:59:42 CEST 2014: 6: finished (320ms, 500cycles)
Sat May 17 21:59:42 CEST 2014: 6: No solution found.
Sat May 17 21:59:42 CEST 2014: 7: finished (212ms, 500cycles)
Sat May 17 21:59:42 CEST 2014: 7: No solution found.
Sat May 17 21:59:42 CEST 2014: 8: finished (347ms, 500cycles)
Sat May 17 21:59:42 CEST 2014: 8: No solution found.
Sat May 17 21:59:43 CEST 2014: 9: finished (521ms, 500cycles)
Sat May 17 21:59:43 CEST 2014: 9: No solution found.
Sat May 17 21:59:43 CEST 2014: 10: finished (276ms, 500cycles)
Sat May 17 21:59:43 CEST 2014: 10: No solution found.
Sat May 17 21:59:43 CEST 2014: 11: finished (144ms, 500cycles)
Sat May 17 21:59:43 CEST 2014: 11: No solution found.
Sat May 17 21:59:43 CEST 2014: 12: finished (216ms, 500cycles)
Sat May 17 21:59:43 CEST 2014: 12: No solution found.
Sat May 17 21:59:44 CEST 2014: 13: finished (47ms, 500cycles)
Sat May 17 21:59:44 CEST 2014: 13: No solution found.
Sat May 17 21:59:44 CEST 2014: 14: finished (56ms, 500cycles)
Sat May 17 21:59:44 CEST 2014: 14: No solution found.
Sat May 17 21:59:44 CEST 2014: 15: finished (241ms, 500cycles)
Sat May 17 21:59:44 CEST 2014: 15: No solution found.
Sat May 17 21:59:44 CEST 2014: 16: finished (47ms, 500cycles)
Sat May 17 21:59:44 CEST 2014: 16: No solution found.
Sat May 17 21:59:44 CEST 2014: 17: finished (220ms, 500cycles)
Sat May 17 21:59:44 CEST 2014: 17: No solution found.
Sat May 17 21:59:44 CEST 2014: 18: finished (321ms, 500cycles)
Sat May 17 21:59:44 CEST 2014: 18: No solution found.
Sat May 17 21:59:44 CEST 2014: 19: finished (1ms, 4cycles)
Sat May 17 21:59:44 CEST 2014: 19: Solution found.
Sat May 17 21:59:45 CEST 2014: 20: finished (423ms, 500cycles)
Sat May 17 21:59:45 CEST 2014: 20: No solution found.
Sat May 17 21:59:45 CEST 2014: 21: finished (48ms, 500cycles)
Sat May 17 21:59:45 CEST 2014: 21: No solution found.
Sat May 17 21:59:45 CEST 2014: 22: finished (209ms, 500cycles)
Sat May 17 21:59:45 CEST 2014: 22: No solution found.
Sat May 17 21:59:45 CEST 2014: 23: finished (1ms, 7cycles)
Sat May 17 21:59:45 CEST 2014: 23: Solution found.
Sat May 17 21:59:45 CEST 2014: 24: finished (325ms, 500cycles)
Sat May 17 21:59:45 CEST 2014: 24: No solution found.
Sat May 17 21:59:45 CEST 2014: 25: finished (5ms, 14cycles)
Sat May 17 21:59:45 CEST 2014: 25: Solution found.
Sat May 17 21:59:46 CEST 2014: 26: finished (102ms, 500cycles)
Sat May 17 21:59:46 CEST 2014: 26: No solution found.
Sat May 17 21:59:46 CEST 2014: 27: finished (2ms, 10cycles)
Sat May 17 21:59:46 CEST 2014: 27: Solution found.
Sat May 17 21:59:46 CEST 2014: 28: finished (88ms, 111cycles)
Sat May 17 21:59:46 CEST 2014: 28: Solution found.
Sat May 17 21:59:46 CEST 2014: 29: finished (26ms, 46cycles)
Sat May 17 21:59:46 CEST 2014: 29: Solution found.
Sat May 17 21:59:46 CEST 2014: 30: finished (1ms, 4cycles)
Sat May 17 21:59:46 CEST 2014: 30: Solution found.
Sat May 17 21:59:46 CEST 2014: 31: finished (53ms, 75cycles)
Sat May 17 21:59:46 CEST 2014: 31: Solution found.
Sat May 17 21:59:46 CEST 2014: 32: finished (269ms, 500cycles)
Sat May 17 21:59:46 CEST 2014: 32: No solution found.
Sat May 17 21:59:46 CEST 2014: 33: finished (1ms, 1cycles)
Sat May 17 21:59:46 CEST 2014: 33: Solution found.
Sat May 17 21:59:46 CEST 2014: 34: finished (18ms, 44cycles)
Sat May 17 21:59:46 CEST 2014: 34: Solution found.
Sat May 17 21:59:46 CEST 2014: 35: finished (3ms, 10cycles)
Sat May 17 21:59:46 CEST 2014: 35: Solution found.
Sat May 17 21:59:46 CEST 2014: 36: finished (1ms, 7cycles)
Sat May 17 21:59:46 CEST 2014: 36: Solution found.
Sat May 17 21:59:46 CEST 2014: 37: finished (3ms, 15cycles)
Sat May 17 21:59:46 CEST 2014: 37: Solution found.
Sat May 17 21:59:46 CEST 2014: 38: finished (143ms, 214cycles)
Sat May 17 21:59:46 CEST 2014: 38: Solution found.
Sat May 17 21:59:46 CEST 2014: 39: finished (23ms, 53cycles)
Sat May 17 21:59:46 CEST 2014: 39: Solution found.
Sat May 17 21:59:46 CEST 2014: 40: finished (46ms, 500cycles)
Sat May 17 21:59:46 CEST 2014: 40: No solution found.
Sat May 17 21:59:46 CEST 2014: 41: finished (48ms, 500cycles)
Sat May 17 21:59:46 CEST 2014: 41: No solution found.
Sat May 17 21:59:46 CEST 2014: 42: finished (6ms, 26cycles)
Sat May 17 21:59:46 CEST 2014: 42: Solution found.
Sat May 17 21:59:47 CEST 2014: 43: finished (315ms, 500cycles)
Sat May 17 21:59:47 CEST 2014: 43: No solution found.
Sat May 17 21:59:47 CEST 2014: 44: finished (48ms, 500cycles)
Sat May 17 21:59:47 CEST 2014: 44: No solution found.
Sat May 17 21:59:47 CEST 2014: 45: finished (408ms, 500cycles)
Sat May 17 21:59:47 CEST 2014: 45: No solution found.
Sat May 17 21:59:47 CEST 2014: 46: finished (4ms, 13cycles)
Sat May 17 21:59:47 CEST 2014: 46: Solution found.
Sat May 17 21:59:47 CEST 2014: 47: finished (8ms, 23cycles)
Sat May 17 21:59:47 CEST 2014: 47: Solution found.
Sat May 17 21:59:47 CEST 2014: 48: finished (4ms, 19cycles)
Sat May 17 21:59:47 CEST 2014: 48: Solution found.
Sat May 17 21:59:47 CEST 2014: 49: finished (211ms, 500cycles)
Sat May 17 21:59:47 CEST 2014: 49: No solution found.
Sat May 17 21:59:47 CEST 2014: 50: finished (3ms, 10cycles)
Sat May 17 21:59:47 CEST 2014: 50: Solution found.
Sat May 17 21:59:47 CEST 2014: 51: finished (212ms, 500cycles)
Sat May 17 21:59:47 CEST 2014: 51: No solution found.
Sat May 17 21:59:48 CEST 2014: 52: finished (239ms, 500cycles)
Sat May 17 21:59:48 CEST 2014: 52: No solution found.
Sat May 17 21:59:48 CEST 2014: 53: finished (3ms, 9cycles)
Sat May 17 21:59:48 CEST 2014: 53: Solution found.
Sat May 17 21:59:48 CEST 2014: 54: finished (330ms, 500cycles)
Sat May 17 21:59:48 CEST 2014: 54: No solution found.
Sat May 17 21:59:48 CEST 2014: 55: finished (9ms, 22cycles)
Sat May 17 21:59:48 CEST 2014: 55: Solution found.
Sat May 17 21:59:48 CEST 2014: 56: finished (212ms, 500cycles)
Sat May 17 21:59:48 CEST 2014: 56: No solution found.
Sat May 17 21:59:48 CEST 2014: 57: finished (1ms, 9cycles)
Sat May 17 21:59:48 CEST 2014: 57: Solution found.
Sat May 17 21:59:48 CEST 2014: 58: finished (55ms, 500cycles)
Sat May 17 21:59:48 CEST 2014: 58: No solution found.
Sat May 17 21:59:49 CEST 2014: 59: finished (346ms, 500cycles)
Sat May 17 21:59:49 CEST 2014: 59: No solution found.
Sat May 17 21:59:49 CEST 2014: 60: finished (55ms, 500cycles)
Sat May 17 21:59:49 CEST 2014: 60: No solution found.
Sat May 17 21:59:49 CEST 2014: 61: finished (330ms, 500cycles)
Sat May 17 21:59:49 CEST 2014: 61: No solution found.
Sat May 17 21:59:49 CEST 2014: 62: finished (209ms, 500cycles)
Sat May 17 21:59:49 CEST 2014: 62: No solution found.
Sat May 17 21:59:49 CEST 2014: 63: finished (27ms, 52cycles)
Sat May 17 21:59:49 CEST 2014: 63: Solution found.
Sat May 17 21:59:50 CEST 2014: 64: finished (398ms, 500cycles)
Sat May 17 21:59:50 CEST 2014: 64: No solution found.
Sat May 17 21:59:50 CEST 2014: 65: finished (236ms, 500cycles)
Sat May 17 21:59:50 CEST 2014: 65: No solution found.
Sat May 17 21:59:50 CEST 2014: 66: finished (215ms, 500cycles)
Sat May 17 21:59:50 CEST 2014: 66: No solution found.
Sat May 17 21:59:50 CEST 2014: 67: finished (54ms, 500cycles)
Sat May 17 21:59:50 CEST 2014: 67: No solution found.
Sat May 17 21:59:50 CEST 2014: 68: finished (269ms, 500cycles)
Sat May 17 21:59:50 CEST 2014: 68: No solution found.
Sat May 17 21:59:51 CEST 2014: 69: finished (281ms, 500cycles)
Sat May 17 21:59:51 CEST 2014: 69: No solution found.
Sat May 17 21:59:51 CEST 2014: 70: finished (137ms, 186cycles)
Sat May 17 21:59:51 CEST 2014: 70: Solution found.
Sat May 17 21:59:51 CEST 2014: 71: finished (215ms, 500cycles)
Sat May 17 21:59:51 CEST 2014: 71: No solution found.
Sat May 17 21:59:51 CEST 2014: 72: finished (319ms, 500cycles)
Sat May 17 21:59:51 CEST 2014: 72: No solution found.
Sat May 17 21:59:52 CEST 2014: 73: finished (411ms, 500cycles)
Sat May 17 21:59:52 CEST 2014: 73: No solution found.
Sat May 17 21:59:52 CEST 2014: 74: finished (207ms, 500cycles)
Sat May 17 21:59:52 CEST 2014: 74: No solution found.
Sat May 17 21:59:52 CEST 2014: 75: finished (384ms, 500cycles)
Sat May 17 21:59:52 CEST 2014: 75: No solution found.
Sat May 17 21:59:52 CEST 2014: 76: finished (2ms, 16cycles)
Sat May 17 21:59:52 CEST 2014: 76: Solution found.
Sat May 17 21:59:52 CEST 2014: 77: finished (56ms, 500cycles)
Sat May 17 21:59:52 CEST 2014: 77: No solution found.
Sat May 17 21:59:52 CEST 2014: 78: finished (3ms, 14cycles)
Sat May 17 21:59:52 CEST 2014: 78: Solution found.
Sat May 17 21:59:53 CEST 2014: 79: finished (148ms, 191cycles)
Sat May 17 21:59:53 CEST 2014: 79: Solution found.
Sat May 17 21:59:53 CEST 2014: 80: finished (3ms, 13cycles)
Sat May 17 21:59:53 CEST 2014: 80: Solution found.
Sat May 17 21:59:53 CEST 2014: 81: finished (47ms, 500cycles)
Sat May 17 21:59:53 CEST 2014: 81: No solution found.
Sat May 17 21:59:53 CEST 2014: 82: finished (207ms, 500cycles)
Sat May 17 21:59:53 CEST 2014: 82: No solution found.
Sat May 17 21:59:53 CEST 2014: 83: finished (5ms, 13cycles)
Sat May 17 21:59:53 CEST 2014: 83: Solution found.
Sat May 17 21:59:53 CEST 2014: 84: finished (5ms, 33cycles)
Sat May 17 21:59:53 CEST 2014: 84: Solution found.
Sat May 17 21:59:53 CEST 2014: 85: finished (201ms, 500cycles)
Sat May 17 21:59:53 CEST 2014: 85: No solution found.
Sat May 17 21:59:53 CEST 2014: 86: finished (211ms, 500cycles)
Sat May 17 21:59:53 CEST 2014: 86: No solution found.
Sat May 17 21:59:54 CEST 2014: 87: finished (258ms, 329cycles)
Sat May 17 21:59:54 CEST 2014: 87: Solution found.
Sat May 17 21:59:54 CEST 2014: 88: finished (1ms, 10cycles)
Sat May 17 21:59:54 CEST 2014: 88: Solution found.
Sat May 17 21:59:54 CEST 2014: 89: finished (50ms, 500cycles)
Sat May 17 21:59:54 CEST 2014: 89: No solution found.
Sat May 17 21:59:54 CEST 2014: 90: finished (302ms, 500cycles)
Sat May 17 21:59:54 CEST 2014: 90: No solution found.
Sat May 17 21:59:54 CEST 2014: 91: finished (0ms, 1cycles)
Sat May 17 21:59:54 CEST 2014: 91: Solution found.
Sat May 17 21:59:54 CEST 2014: 92: finished (53ms, 500cycles)
Sat May 17 21:59:54 CEST 2014: 92: No solution found.
Sat May 17 21:59:54 CEST 2014: 93: finished (43ms, 500cycles)
Sat May 17 21:59:54 CEST 2014: 93: No solution found.
Sat May 17 21:59:54 CEST 2014: 94: finished (50ms, 500cycles)
Sat May 17 21:59:54 CEST 2014: 94: No solution found.
Sat May 17 21:59:54 CEST 2014: 95: finished (323ms, 500cycles)
Sat May 17 21:59:54 CEST 2014: 95: No solution found.
Sat May 17 21:59:55 CEST 2014: 96: finished (212ms, 500cycles)
Sat May 17 21:59:55 CEST 2014: 96: No solution found.
Sat May 17 21:59:55 CEST 2014: 97: finished (49ms, 500cycles)
Sat May 17 21:59:55 CEST 2014: 97: No solution found.
Sat May 17 21:59:55 CEST 2014: 98: finished (30ms, 51cycles)
Sat May 17 21:59:55 CEST 2014: 98: Solution found.
Sat May 17 21:59:55 CEST 2014: 99: finished (521ms, 500cycles)
Sat May 17 21:59:55 CEST 2014: 99: No solution found.
Sat May 17 21:59:55 CEST 2014: Solution Found: 38
Sat May 17 21:59:55 CEST 2014: Avg cycles: 50
Sat May 17 21:59:55 CEST 2014: Max cycles: 329
Sat May 17 21:59:55 CEST 2014: Min cycles: 1
Sat May 17 21:59:55 CEST 2014: No solution found: 62
Sat May 17 21:59:55 CEST 2014: logging finished. (runtime: 14520ms)
