Wed May 07 02:55:12 CEST 2014: Problem Count: 40
Wed May 07 02:55:12 CEST 2014: CandidatesCount: 30
Wed May 07 02:55:12 CEST 2014: Max Cycles: 500
Wed May 07 02:55:12 CEST 2014: 0: finished (17ms, 49cycles)
Wed May 07 02:55:12 CEST 2014: 0: Solution found.
Wed May 07 02:55:12 CEST 2014: 1: finished (145ms, 500cycles)
Wed May 07 02:55:12 CEST 2014: 1: No solution found.
Wed May 07 02:55:12 CEST 2014: 2: finished (54ms, 190cycles)
Wed May 07 02:55:12 CEST 2014: 2: Solution found.
Wed May 07 02:55:12 CEST 2014: 3: finished (159ms, 500cycles)
Wed May 07 02:55:12 CEST 2014: 3: No solution found.
Wed May 07 02:55:12 CEST 2014: 4: finished (142ms, 500cycles)
Wed May 07 02:55:12 CEST 2014: 4: No solution found.
Wed May 07 02:55:12 CEST 2014: 5: finished (141ms, 500cycles)
Wed May 07 02:55:12 CEST 2014: 5: No solution found.
Wed May 07 02:55:12 CEST 2014: 6: finished (8ms, 27cycles)
Wed May 07 02:55:12 CEST 2014: 6: Solution found.
Wed May 07 02:55:13 CEST 2014: 7: finished (147ms, 500cycles)
Wed May 07 02:55:13 CEST 2014: 7: No solution found.
Wed May 07 02:55:13 CEST 2014: 8: finished (145ms, 500cycles)
Wed May 07 02:55:13 CEST 2014: 8: No solution found.
Wed May 07 02:55:13 CEST 2014: 9: finished (145ms, 500cycles)
Wed May 07 02:55:13 CEST 2014: 9: No solution found.
Wed May 07 02:55:13 CEST 2014: 10: finished (141ms, 500cycles)
Wed May 07 02:55:13 CEST 2014: 10: No solution found.
Wed May 07 02:55:13 CEST 2014: 11: finished (141ms, 500cycles)
Wed May 07 02:55:13 CEST 2014: 11: No solution found.
Wed May 07 02:55:13 CEST 2014: 12: finished (143ms, 500cycles)
Wed May 07 02:55:13 CEST 2014: 12: No solution found.
Wed May 07 02:55:13 CEST 2014: 13: finished (4ms, 12cycles)
Wed May 07 02:55:13 CEST 2014: 13: Solution found.
Wed May 07 02:55:13 CEST 2014: 14: finished (8ms, 29cycles)
Wed May 07 02:55:13 CEST 2014: 14: Solution found.
Wed May 07 02:55:13 CEST 2014: 15: finished (170ms, 500cycles)
Wed May 07 02:55:13 CEST 2014: 15: No solution found.
Wed May 07 02:55:13 CEST 2014: 16: finished (5ms, 14cycles)
Wed May 07 02:55:13 CEST 2014: 16: Solution found.
Wed May 07 02:55:13 CEST 2014: 17: finished (15ms, 48cycles)
Wed May 07 02:55:13 CEST 2014: 17: Solution found.
Wed May 07 02:55:13 CEST 2014: 18: finished (5ms, 15cycles)
Wed May 07 02:55:13 CEST 2014: 18: Solution found.
Wed May 07 02:55:13 CEST 2014: 19: finished (2ms, 6cycles)
Wed May 07 02:55:13 CEST 2014: 19: Solution found.
Wed May 07 02:55:13 CEST 2014: 20: finished (6ms, 17cycles)
Wed May 07 02:55:13 CEST 2014: 20: Solution found.
Wed May 07 02:55:14 CEST 2014: 21: finished (154ms, 500cycles)
Wed May 07 02:55:14 CEST 2014: 21: No solution found.
Wed May 07 02:55:14 CEST 2014: 22: finished (3ms, 4cycles)
Wed May 07 02:55:14 CEST 2014: 22: Solution found.
Wed May 07 02:55:14 CEST 2014: 23: finished (9ms, 20cycles)
Wed May 07 02:55:14 CEST 2014: 23: Solution found.
Wed May 07 02:55:14 CEST 2014: 24: finished (9ms, 22cycles)
Wed May 07 02:55:14 CEST 2014: 24: Solution found.
Wed May 07 02:55:14 CEST 2014: 25: finished (4ms, 8cycles)
Wed May 07 02:55:14 CEST 2014: 25: Solution found.
Wed May 07 02:55:14 CEST 2014: 26: finished (11ms, 28cycles)
Wed May 07 02:55:14 CEST 2014: 26: Solution found.
Wed May 07 02:55:14 CEST 2014: 27: finished (4ms, 7cycles)
Wed May 07 02:55:14 CEST 2014: 27: Solution found.
Wed May 07 02:55:14 CEST 2014: 28: finished (4ms, 10cycles)
Wed May 07 02:55:14 CEST 2014: 28: Solution found.
Wed May 07 02:55:14 CEST 2014: 29: finished (5ms, 15cycles)
Wed May 07 02:55:14 CEST 2014: 29: Solution found.
Wed May 07 02:55:14 CEST 2014: 30: finished (6ms, 18cycles)
Wed May 07 02:55:14 CEST 2014: 30: Solution found.
Wed May 07 02:55:14 CEST 2014: 31: finished (144ms, 500cycles)
Wed May 07 02:55:14 CEST 2014: 31: No solution found.
Wed May 07 02:55:14 CEST 2014: 32: finished (128ms, 500cycles)
Wed May 07 02:55:14 CEST 2014: 32: No solution found.
Wed May 07 02:55:14 CEST 2014: 33: finished (18ms, 52cycles)
Wed May 07 02:55:14 CEST 2014: 33: Solution found.
Wed May 07 02:55:14 CEST 2014: 34: finished (8ms, 23cycles)
Wed May 07 02:55:14 CEST 2014: 34: Solution found.
Wed May 07 02:55:14 CEST 2014: 35: finished (155ms, 500cycles)
Wed May 07 02:55:14 CEST 2014: 35: No solution found.
Wed May 07 02:55:14 CEST 2014: 36: finished (31ms, 96cycles)
Wed May 07 02:55:14 CEST 2014: 36: Solution found.
Wed May 07 02:55:14 CEST 2014: 37: finished (6ms, 18cycles)
Wed May 07 02:55:14 CEST 2014: 37: Solution found.
Wed May 07 02:55:14 CEST 2014: 38: finished (9ms, 25cycles)
Wed May 07 02:55:14 CEST 2014: 38: Solution found.
Wed May 07 02:55:15 CEST 2014: 39: finished (294ms, 500cycles)
Wed May 07 02:55:15 CEST 2014: 39: No solution found.
Wed May 07 02:55:15 CEST 2014: 40: finished (11ms, 11cycles)
Wed May 07 02:55:15 CEST 2014: 40: Solution found.
Wed May 07 02:55:15 CEST 2014: 41: finished (434ms, 500cycles)
Wed May 07 02:55:15 CEST 2014: 41: No solution found.
Wed May 07 02:55:15 CEST 2014: 42: finished (29ms, 32cycles)
Wed May 07 02:55:15 CEST 2014: 42: Solution found.
Wed May 07 02:55:15 CEST 2014: 43: finished (431ms, 500cycles)
Wed May 07 02:55:15 CEST 2014: 43: No solution found.
Wed May 07 02:55:15 CEST 2014: 44: finished (14ms, 13cycles)
Wed May 07 02:55:15 CEST 2014: 44: Solution found.
Wed May 07 02:55:16 CEST 2014: 45: finished (374ms, 500cycles)
Wed May 07 02:55:16 CEST 2014: 45: No solution found.
Wed May 07 02:55:16 CEST 2014: 46: finished (463ms, 500cycles)
Wed May 07 02:55:16 CEST 2014: 46: No solution found.
Wed May 07 02:55:16 CEST 2014: 47: finished (47ms, 53cycles)
Wed May 07 02:55:16 CEST 2014: 47: Solution found.
Wed May 07 02:55:16 CEST 2014: 48: finished (19ms, 20cycles)
Wed May 07 02:55:16 CEST 2014: 48: Solution found.
Wed May 07 02:55:16 CEST 2014: 49: finished (10ms, 10cycles)
Wed May 07 02:55:16 CEST 2014: 49: Solution found.
Wed May 07 02:55:17 CEST 2014: 50: finished (392ms, 500cycles)
Wed May 07 02:55:17 CEST 2014: 50: No solution found.
Wed May 07 02:55:17 CEST 2014: 51: finished (11ms, 11cycles)
Wed May 07 02:55:17 CEST 2014: 51: Solution found.
Wed May 07 02:55:17 CEST 2014: 52: finished (35ms, 40cycles)
Wed May 07 02:55:17 CEST 2014: 52: Solution found.
Wed May 07 02:55:17 CEST 2014: 53: finished (442ms, 500cycles)
Wed May 07 02:55:17 CEST 2014: 53: No solution found.
Wed May 07 02:55:17 CEST 2014: 54: finished (18ms, 20cycles)
Wed May 07 02:55:17 CEST 2014: 54: Solution found.
Wed May 07 02:55:17 CEST 2014: 55: finished (14ms, 13cycles)
Wed May 07 02:55:17 CEST 2014: 55: Solution found.
Wed May 07 02:55:18 CEST 2014: 56: finished (457ms, 500cycles)
Wed May 07 02:55:18 CEST 2014: 56: No solution found.
Wed May 07 02:55:18 CEST 2014: 57: finished (11ms, 11cycles)
Wed May 07 02:55:18 CEST 2014: 57: Solution found.
Wed May 07 02:55:18 CEST 2014: 58: finished (12ms, 12cycles)
Wed May 07 02:55:18 CEST 2014: 58: Solution found.
Wed May 07 02:55:18 CEST 2014: 59: finished (37ms, 44cycles)
Wed May 07 02:55:18 CEST 2014: 59: Solution found.
Wed May 07 02:55:18 CEST 2014: 60: finished (10ms, 10cycles)
Wed May 07 02:55:18 CEST 2014: 60: Solution found.
Wed May 07 02:55:18 CEST 2014: 61: finished (414ms, 500cycles)
Wed May 07 02:55:18 CEST 2014: 61: No solution found.
Wed May 07 02:55:18 CEST 2014: 62: finished (37ms, 40cycles)
Wed May 07 02:55:18 CEST 2014: 62: Solution found.
Wed May 07 02:55:18 CEST 2014: 63: finished (17ms, 17cycles)
Wed May 07 02:55:18 CEST 2014: 63: Solution found.
Wed May 07 02:55:19 CEST 2014: 64: finished (427ms, 500cycles)
Wed May 07 02:55:19 CEST 2014: 64: No solution found.
Wed May 07 02:55:19 CEST 2014: 65: finished (480ms, 500cycles)
Wed May 07 02:55:19 CEST 2014: 65: No solution found.
Wed May 07 02:55:20 CEST 2014: 66: finished (467ms, 500cycles)
Wed May 07 02:55:20 CEST 2014: 66: No solution found.
Wed May 07 02:55:20 CEST 2014: 67: finished (17ms, 15cycles)
Wed May 07 02:55:20 CEST 2014: 67: Solution found.
Wed May 07 02:55:20 CEST 2014: 68: finished (464ms, 500cycles)
Wed May 07 02:55:20 CEST 2014: 68: No solution found.
Wed May 07 02:55:20 CEST 2014: 69: finished (367ms, 500cycles)
Wed May 07 02:55:20 CEST 2014: 69: No solution found.
Wed May 07 02:55:21 CEST 2014: 70: finished (143ms, 500cycles)
Wed May 07 02:55:21 CEST 2014: 70: No solution found.
Wed May 07 02:55:21 CEST 2014: 71: finished (8ms, 24cycles)
Wed May 07 02:55:21 CEST 2014: 71: Solution found.
Wed May 07 02:55:21 CEST 2014: 72: finished (39ms, 120cycles)
Wed May 07 02:55:21 CEST 2014: 72: Solution found.
Wed May 07 02:55:21 CEST 2014: 73: finished (9ms, 28cycles)
Wed May 07 02:55:21 CEST 2014: 73: Solution found.
Wed May 07 02:55:21 CEST 2014: 74: finished (143ms, 254cycles)
Wed May 07 02:55:21 CEST 2014: 74: Solution found.
Wed May 07 02:55:21 CEST 2014: 75: finished (137ms, 500cycles)
Wed May 07 02:55:21 CEST 2014: 75: No solution found.
Wed May 07 02:55:21 CEST 2014: 76: finished (16ms, 47cycles)
Wed May 07 02:55:21 CEST 2014: 76: Solution found.
Wed May 07 02:55:21 CEST 2014: 77: finished (126ms, 500cycles)
Wed May 07 02:55:21 CEST 2014: 77: No solution found.
Wed May 07 02:55:21 CEST 2014: 78: finished (151ms, 500cycles)
Wed May 07 02:55:21 CEST 2014: 78: No solution found.
Wed May 07 02:55:21 CEST 2014: 79: finished (145ms, 500cycles)
Wed May 07 02:55:21 CEST 2014: 79: No solution found.
Wed May 07 02:55:22 CEST 2014: 80: finished (145ms, 500cycles)
Wed May 07 02:55:22 CEST 2014: 80: No solution found.
Wed May 07 02:55:22 CEST 2014: 81: finished (6ms, 17cycles)
Wed May 07 02:55:22 CEST 2014: 81: Solution found.
Wed May 07 02:55:22 CEST 2014: 82: finished (18ms, 54cycles)
Wed May 07 02:55:22 CEST 2014: 82: Solution found.
Wed May 07 02:55:22 CEST 2014: 83: finished (12ms, 43cycles)
Wed May 07 02:55:22 CEST 2014: 83: Solution found.
Wed May 07 02:55:22 CEST 2014: 84: finished (42ms, 144cycles)
Wed May 07 02:55:22 CEST 2014: 84: Solution found.
Wed May 07 02:55:22 CEST 2014: 85: finished (6ms, 13cycles)
Wed May 07 02:55:22 CEST 2014: 85: Solution found.
Wed May 07 02:55:22 CEST 2014: 86: finished (176ms, 500cycles)
Wed May 07 02:55:22 CEST 2014: 86: No solution found.
Wed May 07 02:55:22 CEST 2014: 87: finished (145ms, 500cycles)
Wed May 07 02:55:22 CEST 2014: 87: No solution found.
Wed May 07 02:55:22 CEST 2014: 88: finished (137ms, 500cycles)
Wed May 07 02:55:22 CEST 2014: 88: No solution found.
Wed May 07 02:55:22 CEST 2014: 89: finished (5ms, 10cycles)
Wed May 07 02:55:22 CEST 2014: 89: Solution found.
Wed May 07 02:55:22 CEST 2014: 90: finished (147ms, 500cycles)
Wed May 07 02:55:22 CEST 2014: 90: No solution found.
Wed May 07 02:55:22 CEST 2014: 91: finished (130ms, 500cycles)
Wed May 07 02:55:22 CEST 2014: 91: No solution found.
Wed May 07 02:55:22 CEST 2014: 92: finished (127ms, 500cycles)
Wed May 07 02:55:22 CEST 2014: 92: No solution found.
Wed May 07 02:55:23 CEST 2014: 93: finished (8ms, 23cycles)
Wed May 07 02:55:23 CEST 2014: 93: Solution found.
Wed May 07 02:55:23 CEST 2014: 94: finished (135ms, 500cycles)
Wed May 07 02:55:23 CEST 2014: 94: No solution found.
Wed May 07 02:55:23 CEST 2014: 95: finished (9ms, 27cycles)
Wed May 07 02:55:23 CEST 2014: 95: Solution found.
Wed May 07 02:55:23 CEST 2014: 96: finished (43ms, 118cycles)
Wed May 07 02:55:23 CEST 2014: 96: Solution found.
Wed May 07 02:55:23 CEST 2014: 97: finished (143ms, 500cycles)
Wed May 07 02:55:23 CEST 2014: 97: No solution found.
Wed May 07 02:55:23 CEST 2014: 98: finished (12ms, 41cycles)
Wed May 07 02:55:23 CEST 2014: 98: Solution found.
Wed May 07 02:55:23 CEST 2014: 99: finished (13ms, 48cycles)
Wed May 07 02:55:23 CEST 2014: 99: Solution found.
Wed May 07 02:55:23 CEST 2014: Solution Found: 57
Wed May 07 02:55:23 CEST 2014: Avg cycles: 37
Wed May 07 02:55:23 CEST 2014: Max cycles: 254
Wed May 07 02:55:23 CEST 2014: Min cycles: 4
Wed May 07 02:55:23 CEST 2014: No solution found: 43
Wed May 07 02:55:23 CEST 2014: logging finished. (runtime: 11110ms)
