Sun May 18 02:15:40 CEST 2014: Problem Count: 30
Sun May 18 02:15:40 CEST 2014: CandidatesCount: 40
Sun May 18 02:15:40 CEST 2014: Max Cycles: 500
Sun May 18 02:15:40 CEST 2014: 0: finished (24ms, 90cycles)
Sun May 18 02:15:40 CEST 2014: 0: Solution found.
Sun May 18 02:15:41 CEST 2014: 1: finished (116ms, 500cycles)
Sun May 18 02:15:41 CEST 2014: 1: No solution found.
Sun May 18 02:15:41 CEST 2014: 2: finished (85ms, 269cycles)
Sun May 18 02:15:41 CEST 2014: 2: Solution found.
Sun May 18 02:15:41 CEST 2014: 3: finished (2ms, 6cycles)
Sun May 18 02:15:41 CEST 2014: 3: Solution found.
Sun May 18 02:15:41 CEST 2014: 4: finished (25ms, 103cycles)
Sun May 18 02:15:41 CEST 2014: 4: Solution found.
Sun May 18 02:15:41 CEST 2014: 5: finished (105ms, 500cycles)
Sun May 18 02:15:41 CEST 2014: 5: No solution found.
Sun May 18 02:15:41 CEST 2014: 6: finished (111ms, 500cycles)
Sun May 18 02:15:41 CEST 2014: 6: No solution found.
Sun May 18 02:15:41 CEST 2014: 7: finished (2ms, 5cycles)
Sun May 18 02:15:41 CEST 2014: 7: Solution found.
Sun May 18 02:15:41 CEST 2014: 8: finished (11ms, 38cycles)
Sun May 18 02:15:41 CEST 2014: 8: Solution found.
Sun May 18 02:15:41 CEST 2014: 9: finished (7ms, 22cycles)
Sun May 18 02:15:41 CEST 2014: 9: Solution found.
Sun May 18 02:15:41 CEST 2014: 10: finished (32ms, 105cycles)
Sun May 18 02:15:41 CEST 2014: 10: Solution found.
Sun May 18 02:15:41 CEST 2014: 11: finished (123ms, 500cycles)
Sun May 18 02:15:41 CEST 2014: 11: No solution found.
Sun May 18 02:15:41 CEST 2014: 12: finished (7ms, 31cycles)
Sun May 18 02:15:41 CEST 2014: 12: Solution found.
Sun May 18 02:15:41 CEST 2014: 13: finished (117ms, 500cycles)
Sun May 18 02:15:41 CEST 2014: 13: No solution found.
Sun May 18 02:15:41 CEST 2014: 14: finished (3ms, 7cycles)
Sun May 18 02:15:41 CEST 2014: 14: Solution found.
Sun May 18 02:15:41 CEST 2014: 15: finished (6ms, 20cycles)
Sun May 18 02:15:41 CEST 2014: 15: Solution found.
Sun May 18 02:15:41 CEST 2014: 16: finished (29ms, 118cycles)
Sun May 18 02:15:41 CEST 2014: 16: Solution found.
Sun May 18 02:15:41 CEST 2014: 17: finished (10ms, 37cycles)
Sun May 18 02:15:41 CEST 2014: 17: Solution found.
Sun May 18 02:15:41 CEST 2014: 18: finished (121ms, 500cycles)
Sun May 18 02:15:41 CEST 2014: 18: No solution found.
Sun May 18 02:15:41 CEST 2014: 19: finished (4ms, 14cycles)
Sun May 18 02:15:41 CEST 2014: 19: Solution found.
Sun May 18 02:15:41 CEST 2014: 20: finished (1ms, 4cycles)
Sun May 18 02:15:41 CEST 2014: 20: Solution found.
Sun May 18 02:15:41 CEST 2014: 21: finished (8ms, 26cycles)
Sun May 18 02:15:41 CEST 2014: 21: Solution found.
Sun May 18 02:15:41 CEST 2014: 22: finished (5ms, 20cycles)
Sun May 18 02:15:41 CEST 2014: 22: Solution found.
Sun May 18 02:15:41 CEST 2014: 23: finished (26ms, 103cycles)
Sun May 18 02:15:41 CEST 2014: 23: Solution found.
Sun May 18 02:15:41 CEST 2014: 24: finished (126ms, 500cycles)
Sun May 18 02:15:41 CEST 2014: 24: No solution found.
Sun May 18 02:15:42 CEST 2014: 25: finished (119ms, 500cycles)
Sun May 18 02:15:42 CEST 2014: 25: No solution found.
Sun May 18 02:15:42 CEST 2014: 26: finished (117ms, 500cycles)
Sun May 18 02:15:42 CEST 2014: 26: No solution found.
Sun May 18 02:15:42 CEST 2014: 27: finished (3ms, 10cycles)
Sun May 18 02:15:42 CEST 2014: 27: Solution found.
Sun May 18 02:15:42 CEST 2014: 28: finished (123ms, 500cycles)
Sun May 18 02:15:42 CEST 2014: 28: No solution found.
Sun May 18 02:15:42 CEST 2014: 29: finished (10ms, 36cycles)
Sun May 18 02:15:42 CEST 2014: 29: Solution found.
Sun May 18 02:15:42 CEST 2014: 30: finished (107ms, 500cycles)
Sun May 18 02:15:42 CEST 2014: 30: No solution found.
Sun May 18 02:15:42 CEST 2014: 31: finished (1ms, 3cycles)
Sun May 18 02:15:42 CEST 2014: 31: Solution found.
Sun May 18 02:15:42 CEST 2014: 32: finished (137ms, 500cycles)
Sun May 18 02:15:42 CEST 2014: 32: No solution found.
Sun May 18 02:15:42 CEST 2014: 33: finished (7ms, 21cycles)
Sun May 18 02:15:42 CEST 2014: 33: Solution found.
Sun May 18 02:15:42 CEST 2014: 34: finished (11ms, 35cycles)
Sun May 18 02:15:42 CEST 2014: 34: Solution found.
Sun May 18 02:15:42 CEST 2014: 35: finished (123ms, 500cycles)
Sun May 18 02:15:42 CEST 2014: 35: No solution found.
Sun May 18 02:15:42 CEST 2014: 36: finished (6ms, 18cycles)
Sun May 18 02:15:42 CEST 2014: 36: Solution found.
Sun May 18 02:15:42 CEST 2014: 37: finished (4ms, 16cycles)
Sun May 18 02:15:42 CEST 2014: 37: Solution found.
Sun May 18 02:15:42 CEST 2014: 38: finished (4ms, 12cycles)
Sun May 18 02:15:42 CEST 2014: 38: Solution found.
Sun May 18 02:15:42 CEST 2014: 39: finished (3ms, 8cycles)
Sun May 18 02:15:42 CEST 2014: 39: Solution found.
Sun May 18 02:15:42 CEST 2014: 40: finished (130ms, 500cycles)
Sun May 18 02:15:42 CEST 2014: 40: No solution found.
Sun May 18 02:15:42 CEST 2014: 41: finished (8ms, 27cycles)
Sun May 18 02:15:42 CEST 2014: 41: Solution found.
Sun May 18 02:15:43 CEST 2014: 42: finished (134ms, 500cycles)
Sun May 18 02:15:43 CEST 2014: 42: No solution found.
Sun May 18 02:15:43 CEST 2014: 43: finished (4ms, 9cycles)
Sun May 18 02:15:43 CEST 2014: 43: Solution found.
Sun May 18 02:15:43 CEST 2014: 44: finished (4ms, 12cycles)
Sun May 18 02:15:43 CEST 2014: 44: Solution found.
Sun May 18 02:15:43 CEST 2014: 45: finished (110ms, 500cycles)
Sun May 18 02:15:43 CEST 2014: 45: No solution found.
Sun May 18 02:15:43 CEST 2014: 46: finished (133ms, 500cycles)
Sun May 18 02:15:43 CEST 2014: 46: No solution found.
Sun May 18 02:15:43 CEST 2014: 47: finished (112ms, 500cycles)
Sun May 18 02:15:43 CEST 2014: 47: No solution found.
Sun May 18 02:15:43 CEST 2014: 48: finished (136ms, 500cycles)
Sun May 18 02:15:43 CEST 2014: 48: No solution found.
Sun May 18 02:15:43 CEST 2014: 49: finished (138ms, 500cycles)
Sun May 18 02:15:43 CEST 2014: 49: No solution found.
Sun May 18 02:15:43 CEST 2014: 50: finished (115ms, 500cycles)
Sun May 18 02:15:43 CEST 2014: 50: No solution found.
Sun May 18 02:15:43 CEST 2014: 51: finished (7ms, 25cycles)
Sun May 18 02:15:43 CEST 2014: 51: Solution found.
Sun May 18 02:15:43 CEST 2014: 52: finished (10ms, 37cycles)
Sun May 18 02:15:43 CEST 2014: 52: Solution found.
Sun May 18 02:15:43 CEST 2014: 53: finished (121ms, 500cycles)
Sun May 18 02:15:43 CEST 2014: 53: No solution found.
Sun May 18 02:15:43 CEST 2014: 54: finished (18ms, 48cycles)
Sun May 18 02:15:43 CEST 2014: 54: Solution found.
Sun May 18 02:15:44 CEST 2014: 55: finished (132ms, 500cycles)
Sun May 18 02:15:44 CEST 2014: 55: No solution found.
Sun May 18 02:15:44 CEST 2014: 56: finished (109ms, 500cycles)
Sun May 18 02:15:44 CEST 2014: 56: No solution found.
Sun May 18 02:15:44 CEST 2014: 57: finished (5ms, 14cycles)
Sun May 18 02:15:44 CEST 2014: 57: Solution found.
Sun May 18 02:15:44 CEST 2014: 58: finished (124ms, 500cycles)
Sun May 18 02:15:44 CEST 2014: 58: No solution found.
Sun May 18 02:15:44 CEST 2014: 59: finished (30ms, 111cycles)
Sun May 18 02:15:44 CEST 2014: 59: Solution found.
Sun May 18 02:15:44 CEST 2014: 60: finished (12ms, 43cycles)
Sun May 18 02:15:44 CEST 2014: 60: Solution found.
Sun May 18 02:15:44 CEST 2014: 61: finished (110ms, 500cycles)
Sun May 18 02:15:44 CEST 2014: 61: No solution found.
Sun May 18 02:15:44 CEST 2014: 62: finished (31ms, 129cycles)
Sun May 18 02:15:44 CEST 2014: 62: Solution found.
Sun May 18 02:15:44 CEST 2014: 63: finished (139ms, 500cycles)
Sun May 18 02:15:44 CEST 2014: 63: No solution found.
Sun May 18 02:15:44 CEST 2014: 64: finished (117ms, 500cycles)
Sun May 18 02:15:44 CEST 2014: 64: No solution found.
Sun May 18 02:15:44 CEST 2014: 65: finished (109ms, 500cycles)
Sun May 18 02:15:44 CEST 2014: 65: No solution found.
Sun May 18 02:15:44 CEST 2014: 66: finished (12ms, 45cycles)
Sun May 18 02:15:44 CEST 2014: 66: Solution found.
Sun May 18 02:15:44 CEST 2014: 67: finished (31ms, 125cycles)
Sun May 18 02:15:44 CEST 2014: 67: Solution found.
Sun May 18 02:15:44 CEST 2014: 68: finished (2ms, 5cycles)
Sun May 18 02:15:44 CEST 2014: 68: Solution found.
Sun May 18 02:15:44 CEST 2014: 69: finished (4ms, 12cycles)
Sun May 18 02:15:44 CEST 2014: 69: Solution found.
Sun May 18 02:15:44 CEST 2014: 70: finished (9ms, 32cycles)
Sun May 18 02:15:44 CEST 2014: 70: Solution found.
Sun May 18 02:15:45 CEST 2014: 71: finished (116ms, 500cycles)
Sun May 18 02:15:45 CEST 2014: 71: No solution found.
Sun May 18 02:15:45 CEST 2014: 72: finished (120ms, 500cycles)
Sun May 18 02:15:45 CEST 2014: 72: No solution found.
Sun May 18 02:15:45 CEST 2014: 73: finished (145ms, 500cycles)
Sun May 18 02:15:45 CEST 2014: 73: No solution found.
Sun May 18 02:15:45 CEST 2014: 74: finished (121ms, 500cycles)
Sun May 18 02:15:45 CEST 2014: 74: No solution found.
Sun May 18 02:15:45 CEST 2014: 75: finished (118ms, 500cycles)
Sun May 18 02:15:45 CEST 2014: 75: No solution found.
Sun May 18 02:15:45 CEST 2014: 76: finished (47ms, 159cycles)
Sun May 18 02:15:45 CEST 2014: 76: Solution found.
Sun May 18 02:15:45 CEST 2014: 77: finished (126ms, 500cycles)
Sun May 18 02:15:45 CEST 2014: 77: No solution found.
Sun May 18 02:15:45 CEST 2014: 78: finished (5ms, 19cycles)
Sun May 18 02:15:45 CEST 2014: 78: Solution found.
Sun May 18 02:15:45 CEST 2014: 79: finished (13ms, 50cycles)
Sun May 18 02:15:45 CEST 2014: 79: Solution found.
Sun May 18 02:15:45 CEST 2014: 80: finished (12ms, 42cycles)
Sun May 18 02:15:45 CEST 2014: 80: Solution found.
Sun May 18 02:15:45 CEST 2014: 81: finished (145ms, 500cycles)
Sun May 18 02:15:45 CEST 2014: 81: No solution found.
Sun May 18 02:15:45 CEST 2014: 82: finished (3ms, 9cycles)
Sun May 18 02:15:45 CEST 2014: 82: Solution found.
Sun May 18 02:15:45 CEST 2014: 83: finished (7ms, 26cycles)
Sun May 18 02:15:45 CEST 2014: 83: Solution found.
Sun May 18 02:15:46 CEST 2014: 84: finished (110ms, 500cycles)
Sun May 18 02:15:46 CEST 2014: 84: No solution found.
Sun May 18 02:15:46 CEST 2014: 85: finished (16ms, 60cycles)
Sun May 18 02:15:46 CEST 2014: 85: Solution found.
Sun May 18 02:15:46 CEST 2014: 86: finished (5ms, 18cycles)
Sun May 18 02:15:46 CEST 2014: 86: Solution found.
Sun May 18 02:15:46 CEST 2014: 87: finished (110ms, 500cycles)
Sun May 18 02:15:46 CEST 2014: 87: No solution found.
Sun May 18 02:15:46 CEST 2014: 88: finished (6ms, 18cycles)
Sun May 18 02:15:46 CEST 2014: 88: Solution found.
Sun May 18 02:15:46 CEST 2014: 89: finished (3ms, 12cycles)
Sun May 18 02:15:46 CEST 2014: 89: Solution found.
Sun May 18 02:15:46 CEST 2014: 90: finished (122ms, 500cycles)
Sun May 18 02:15:46 CEST 2014: 90: No solution found.
Sun May 18 02:15:46 CEST 2014: 91: finished (121ms, 500cycles)
Sun May 18 02:15:46 CEST 2014: 91: No solution found.
Sun May 18 02:15:46 CEST 2014: 92: finished (3ms, 9cycles)
Sun May 18 02:15:46 CEST 2014: 92: Solution found.
Sun May 18 02:15:46 CEST 2014: 93: finished (119ms, 500cycles)
Sun May 18 02:15:46 CEST 2014: 93: No solution found.
Sun May 18 02:15:46 CEST 2014: 94: finished (115ms, 500cycles)
Sun May 18 02:15:46 CEST 2014: 94: No solution found.
Sun May 18 02:15:46 CEST 2014: 95: finished (126ms, 500cycles)
Sun May 18 02:15:46 CEST 2014: 95: No solution found.
Sun May 18 02:15:46 CEST 2014: 96: finished (117ms, 500cycles)
Sun May 18 02:15:46 CEST 2014: 96: No solution found.
Sun May 18 02:15:46 CEST 2014: 97: finished (121ms, 500cycles)
Sun May 18 02:15:46 CEST 2014: 97: No solution found.
Sun May 18 02:15:46 CEST 2014: 98: finished (5ms, 15cycles)
Sun May 18 02:15:46 CEST 2014: 98: Solution found.
Sun May 18 02:15:46 CEST 2014: 99: finished (1ms, 2cycles)
Sun May 18 02:15:46 CEST 2014: 99: Solution found.
Sun May 18 02:15:46 CEST 2014: Solution Found: 55
Sun May 18 02:15:46 CEST 2014: Avg cycles: 41
Sun May 18 02:15:46 CEST 2014: Max cycles: 269
Sun May 18 02:15:46 CEST 2014: Min cycles: 2
Sun May 18 02:15:46 CEST 2014: No solution found: 45
Sun May 18 02:15:46 CEST 2014: logging finished. (runtime: 6133ms)
