Sun May 18 00:36:49 CEST 2014: Problem Count: 50
Sun May 18 00:36:49 CEST 2014: CandidatesCount: 50
Sun May 18 00:36:49 CEST 2014: Max Cycles: 500
Sun May 18 00:36:49 CEST 2014: 0: finished (7ms, 10cycles)
Sun May 18 00:36:49 CEST 2014: 0: Solution found.
Sun May 18 00:36:49 CEST 2014: 1: finished (9ms, 14cycles)
Sun May 18 00:36:49 CEST 2014: 1: Solution found.
Sun May 18 00:36:49 CEST 2014: 2: finished (292ms, 500cycles)
Sun May 18 00:36:49 CEST 2014: 2: No solution found.
Sun May 18 00:36:49 CEST 2014: 3: finished (5ms, 7cycles)
Sun May 18 00:36:49 CEST 2014: 3: Solution found.
Sun May 18 00:36:49 CEST 2014: 4: finished (4ms, 6cycles)
Sun May 18 00:36:49 CEST 2014: 4: Solution found.
Sun May 18 00:36:49 CEST 2014: 5: finished (13ms, 20cycles)
Sun May 18 00:36:49 CEST 2014: 5: Solution found.
Sun May 18 00:36:49 CEST 2014: 6: finished (10ms, 17cycles)
Sun May 18 00:36:49 CEST 2014: 6: Solution found.
Sun May 18 00:36:49 CEST 2014: 7: finished (6ms, 11cycles)
Sun May 18 00:36:49 CEST 2014: 7: Solution found.
Sun May 18 00:36:49 CEST 2014: 8: finished (28ms, 44cycles)
Sun May 18 00:36:49 CEST 2014: 8: Solution found.
Sun May 18 00:36:49 CEST 2014: 9: finished (101ms, 152cycles)
Sun May 18 00:36:49 CEST 2014: 9: Solution found.
Sun May 18 00:36:49 CEST 2014: 10: finished (6ms, 8cycles)
Sun May 18 00:36:49 CEST 2014: 10: Solution found.
Sun May 18 00:36:49 CEST 2014: 11: finished (8ms, 12cycles)
Sun May 18 00:36:49 CEST 2014: 11: Solution found.
Sun May 18 00:36:49 CEST 2014: 12: finished (12ms, 20cycles)
Sun May 18 00:36:49 CEST 2014: 12: Solution found.
Sun May 18 00:36:50 CEST 2014: 13: finished (49ms, 78cycles)
Sun May 18 00:36:50 CEST 2014: 13: Solution found.
Sun May 18 00:36:50 CEST 2014: 14: finished (9ms, 13cycles)
Sun May 18 00:36:50 CEST 2014: 14: Solution found.
Sun May 18 00:36:50 CEST 2014: 15: finished (42ms, 67cycles)
Sun May 18 00:36:50 CEST 2014: 15: Solution found.
Sun May 18 00:36:50 CEST 2014: 16: finished (6ms, 9cycles)
Sun May 18 00:36:50 CEST 2014: 16: Solution found.
Sun May 18 00:36:50 CEST 2014: 17: finished (3ms, 5cycles)
Sun May 18 00:36:50 CEST 2014: 17: Solution found.
Sun May 18 00:36:50 CEST 2014: 18: finished (18ms, 26cycles)
Sun May 18 00:36:50 CEST 2014: 18: Solution found.
Sun May 18 00:36:50 CEST 2014: 19: finished (30ms, 48cycles)
Sun May 18 00:36:50 CEST 2014: 19: Solution found.
Sun May 18 00:36:50 CEST 2014: 20: finished (3ms, 4cycles)
Sun May 18 00:36:50 CEST 2014: 20: Solution found.
Sun May 18 00:36:50 CEST 2014: 21: finished (9ms, 12cycles)
Sun May 18 00:36:50 CEST 2014: 21: Solution found.
Sun May 18 00:36:50 CEST 2014: 22: finished (258ms, 500cycles)
Sun May 18 00:36:50 CEST 2014: 22: No solution found.
Sun May 18 00:36:50 CEST 2014: 23: finished (4ms, 7cycles)
Sun May 18 00:36:50 CEST 2014: 23: Solution found.
Sun May 18 00:36:50 CEST 2014: 24: finished (21ms, 33cycles)
Sun May 18 00:36:50 CEST 2014: 24: Solution found.
Sun May 18 00:36:50 CEST 2014: 25: finished (299ms, 500cycles)
Sun May 18 00:36:50 CEST 2014: 25: No solution found.
Sun May 18 00:36:50 CEST 2014: 26: finished (13ms, 20cycles)
Sun May 18 00:36:50 CEST 2014: 26: Solution found.
Sun May 18 00:36:50 CEST 2014: 27: finished (18ms, 27cycles)
Sun May 18 00:36:50 CEST 2014: 27: Solution found.
Sun May 18 00:36:50 CEST 2014: 28: finished (4ms, 6cycles)
Sun May 18 00:36:50 CEST 2014: 28: Solution found.
Sun May 18 00:36:51 CEST 2014: 29: finished (270ms, 500cycles)
Sun May 18 00:36:51 CEST 2014: 29: No solution found.
Sun May 18 00:36:51 CEST 2014: 30: finished (20ms, 32cycles)
Sun May 18 00:36:51 CEST 2014: 30: Solution found.
Sun May 18 00:36:51 CEST 2014: 31: finished (6ms, 9cycles)
Sun May 18 00:36:51 CEST 2014: 31: Solution found.
Sun May 18 00:36:51 CEST 2014: 32: finished (12ms, 6cycles)
Sun May 18 00:36:51 CEST 2014: 32: Solution found.
Sun May 18 00:36:51 CEST 2014: 33: finished (274ms, 500cycles)
Sun May 18 00:36:51 CEST 2014: 33: No solution found.
Sun May 18 00:36:51 CEST 2014: 34: finished (9ms, 13cycles)
Sun May 18 00:36:51 CEST 2014: 34: Solution found.
Sun May 18 00:36:51 CEST 2014: 35: finished (46ms, 67cycles)
Sun May 18 00:36:51 CEST 2014: 35: Solution found.
Sun May 18 00:36:51 CEST 2014: 36: finished (14ms, 23cycles)
Sun May 18 00:36:51 CEST 2014: 36: Solution found.
Sun May 18 00:36:51 CEST 2014: 37: finished (33ms, 57cycles)
Sun May 18 00:36:51 CEST 2014: 37: Solution found.
Sun May 18 00:36:51 CEST 2014: 38: finished (4ms, 4cycles)
Sun May 18 00:36:51 CEST 2014: 38: Solution found.
Sun May 18 00:36:51 CEST 2014: 39: finished (16ms, 23cycles)
Sun May 18 00:36:51 CEST 2014: 39: Solution found.
Sun May 18 00:36:51 CEST 2014: 40: finished (266ms, 500cycles)
Sun May 18 00:36:51 CEST 2014: 40: No solution found.
Sun May 18 00:36:51 CEST 2014: 41: finished (41ms, 62cycles)
Sun May 18 00:36:51 CEST 2014: 41: Solution found.
Sun May 18 00:36:51 CEST 2014: 42: finished (20ms, 32cycles)
Sun May 18 00:36:51 CEST 2014: 42: Solution found.
Sun May 18 00:36:51 CEST 2014: 43: finished (10ms, 16cycles)
Sun May 18 00:36:51 CEST 2014: 43: Solution found.
Sun May 18 00:36:52 CEST 2014: 44: finished (290ms, 500cycles)
Sun May 18 00:36:52 CEST 2014: 44: No solution found.
Sun May 18 00:36:52 CEST 2014: 45: finished (7ms, 10cycles)
Sun May 18 00:36:52 CEST 2014: 45: Solution found.
Sun May 18 00:36:52 CEST 2014: 46: finished (11ms, 17cycles)
Sun May 18 00:36:52 CEST 2014: 46: Solution found.
Sun May 18 00:36:52 CEST 2014: 47: finished (21ms, 31cycles)
Sun May 18 00:36:52 CEST 2014: 47: Solution found.
Sun May 18 00:36:52 CEST 2014: 48: finished (16ms, 25cycles)
Sun May 18 00:36:52 CEST 2014: 48: Solution found.
Sun May 18 00:36:52 CEST 2014: 49: finished (23ms, 24cycles)
Sun May 18 00:36:52 CEST 2014: 49: Solution found.
Sun May 18 00:36:52 CEST 2014: 50: finished (15ms, 25cycles)
Sun May 18 00:36:52 CEST 2014: 50: Solution found.
Sun May 18 00:36:52 CEST 2014: 51: finished (15ms, 22cycles)
Sun May 18 00:36:52 CEST 2014: 51: Solution found.
Sun May 18 00:36:52 CEST 2014: 52: finished (281ms, 500cycles)
Sun May 18 00:36:52 CEST 2014: 52: No solution found.
Sun May 18 00:36:52 CEST 2014: 53: finished (269ms, 500cycles)
Sun May 18 00:36:52 CEST 2014: 53: No solution found.
Sun May 18 00:36:52 CEST 2014: 54: finished (15ms, 25cycles)
Sun May 18 00:36:52 CEST 2014: 54: Solution found.
Sun May 18 00:36:53 CEST 2014: 55: finished (280ms, 500cycles)
Sun May 18 00:36:53 CEST 2014: 55: No solution found.
Sun May 18 00:36:53 CEST 2014: 56: finished (269ms, 500cycles)
Sun May 18 00:36:53 CEST 2014: 56: No solution found.
Sun May 18 00:36:53 CEST 2014: 57: finished (24ms, 33cycles)
Sun May 18 00:36:53 CEST 2014: 57: Solution found.
Sun May 18 00:36:53 CEST 2014: 58: finished (291ms, 500cycles)
Sun May 18 00:36:53 CEST 2014: 58: No solution found.
Sun May 18 00:36:53 CEST 2014: 59: finished (272ms, 500cycles)
Sun May 18 00:36:53 CEST 2014: 59: No solution found.
Sun May 18 00:36:54 CEST 2014: 60: finished (117ms, 202cycles)
Sun May 18 00:36:54 CEST 2014: 60: Solution found.
Sun May 18 00:36:54 CEST 2014: 61: finished (2ms, 1cycles)
Sun May 18 00:36:54 CEST 2014: 61: Solution found.
Sun May 18 00:36:54 CEST 2014: 62: finished (21ms, 31cycles)
Sun May 18 00:36:54 CEST 2014: 62: Solution found.
Sun May 18 00:36:54 CEST 2014: 63: finished (7ms, 11cycles)
Sun May 18 00:36:54 CEST 2014: 63: Solution found.
Sun May 18 00:36:54 CEST 2014: 64: finished (10ms, 15cycles)
Sun May 18 00:36:54 CEST 2014: 64: Solution found.
Sun May 18 00:36:54 CEST 2014: 65: finished (98ms, 157cycles)
Sun May 18 00:36:54 CEST 2014: 65: Solution found.
Sun May 18 00:36:54 CEST 2014: 66: finished (287ms, 500cycles)
Sun May 18 00:36:54 CEST 2014: 66: No solution found.
Sun May 18 00:36:54 CEST 2014: 67: finished (303ms, 500cycles)
Sun May 18 00:36:54 CEST 2014: 67: No solution found.
Sun May 18 00:36:54 CEST 2014: 68: finished (21ms, 36cycles)
Sun May 18 00:36:54 CEST 2014: 68: Solution found.
Sun May 18 00:36:54 CEST 2014: 69: finished (5ms, 6cycles)
Sun May 18 00:36:54 CEST 2014: 69: Solution found.
Sun May 18 00:36:54 CEST 2014: 70: finished (25ms, 42cycles)
Sun May 18 00:36:54 CEST 2014: 70: Solution found.
Sun May 18 00:36:54 CEST 2014: 71: finished (47ms, 77cycles)
Sun May 18 00:36:54 CEST 2014: 71: Solution found.
Sun May 18 00:36:55 CEST 2014: 72: finished (297ms, 500cycles)
Sun May 18 00:36:55 CEST 2014: 72: No solution found.
Sun May 18 00:36:55 CEST 2014: 73: finished (6ms, 9cycles)
Sun May 18 00:36:55 CEST 2014: 73: Solution found.
Sun May 18 00:36:55 CEST 2014: 74: finished (8ms, 10cycles)
Sun May 18 00:36:55 CEST 2014: 74: Solution found.
Sun May 18 00:36:55 CEST 2014: 75: finished (15ms, 24cycles)
Sun May 18 00:36:55 CEST 2014: 75: Solution found.
Sun May 18 00:36:55 CEST 2014: 76: finished (11ms, 17cycles)
Sun May 18 00:36:55 CEST 2014: 76: Solution found.
Sun May 18 00:36:55 CEST 2014: 77: finished (33ms, 52cycles)
Sun May 18 00:36:55 CEST 2014: 77: Solution found.
Sun May 18 00:36:55 CEST 2014: 78: finished (15ms, 25cycles)
Sun May 18 00:36:55 CEST 2014: 78: Solution found.
Sun May 18 00:36:55 CEST 2014: 79: finished (275ms, 500cycles)
Sun May 18 00:36:55 CEST 2014: 79: No solution found.
Sun May 18 00:36:55 CEST 2014: 80: finished (10ms, 15cycles)
Sun May 18 00:36:55 CEST 2014: 80: Solution found.
Sun May 18 00:36:55 CEST 2014: 81: finished (16ms, 25cycles)
Sun May 18 00:36:55 CEST 2014: 81: Solution found.
Sun May 18 00:36:55 CEST 2014: 82: finished (23ms, 37cycles)
Sun May 18 00:36:55 CEST 2014: 82: Solution found.
Sun May 18 00:36:55 CEST 2014: 83: finished (20ms, 34cycles)
Sun May 18 00:36:55 CEST 2014: 83: Solution found.
Sun May 18 00:36:55 CEST 2014: 84: finished (299ms, 500cycles)
Sun May 18 00:36:55 CEST 2014: 84: No solution found.
Sun May 18 00:36:56 CEST 2014: 85: finished (286ms, 500cycles)
Sun May 18 00:36:56 CEST 2014: 85: No solution found.
Sun May 18 00:36:56 CEST 2014: 86: finished (21ms, 31cycles)
Sun May 18 00:36:56 CEST 2014: 86: Solution found.
Sun May 18 00:36:56 CEST 2014: 87: finished (14ms, 21cycles)
Sun May 18 00:36:56 CEST 2014: 87: Solution found.
Sun May 18 00:36:56 CEST 2014: 88: finished (11ms, 17cycles)
Sun May 18 00:36:56 CEST 2014: 88: Solution found.
Sun May 18 00:36:56 CEST 2014: 89: finished (11ms, 16cycles)
Sun May 18 00:36:56 CEST 2014: 89: Solution found.
Sun May 18 00:36:56 CEST 2014: 90: finished (268ms, 500cycles)
Sun May 18 00:36:56 CEST 2014: 90: No solution found.
Sun May 18 00:36:56 CEST 2014: 91: finished (17ms, 29cycles)
Sun May 18 00:36:56 CEST 2014: 91: Solution found.
Sun May 18 00:36:56 CEST 2014: 92: finished (299ms, 500cycles)
Sun May 18 00:36:56 CEST 2014: 92: No solution found.
Sun May 18 00:36:57 CEST 2014: 93: finished (306ms, 500cycles)
Sun May 18 00:36:57 CEST 2014: 93: No solution found.
Sun May 18 00:36:57 CEST 2014: 94: finished (2ms, 2cycles)
Sun May 18 00:36:57 CEST 2014: 94: Solution found.
Sun May 18 00:36:57 CEST 2014: 95: finished (342ms, 500cycles)
Sun May 18 00:36:57 CEST 2014: 95: No solution found.
Sun May 18 00:36:57 CEST 2014: 96: finished (275ms, 500cycles)
Sun May 18 00:36:57 CEST 2014: 96: No solution found.
Sun May 18 00:36:57 CEST 2014: 97: finished (3ms, 3cycles)
Sun May 18 00:36:57 CEST 2014: 97: Solution found.
Sun May 18 00:36:57 CEST 2014: 98: finished (4ms, 6cycles)
Sun May 18 00:36:57 CEST 2014: 98: Solution found.
Sun May 18 00:36:57 CEST 2014: 99: finished (32ms, 46cycles)
Sun May 18 00:36:57 CEST 2014: 99: Solution found.
Sun May 18 00:36:57 CEST 2014: Solution Found: 76
Sun May 18 00:36:57 CEST 2014: Avg cycles: 29
Sun May 18 00:36:57 CEST 2014: Max cycles: 202
Sun May 18 00:36:57 CEST 2014: Min cycles: 1
Sun May 18 00:36:57 CEST 2014: No solution found: 24
Sun May 18 00:36:57 CEST 2014: logging finished. (runtime: 8305ms)
