Sun May 18 02:25:20 CEST 2014: Problem Count: 30
Sun May 18 02:25:20 CEST 2014: CandidatesCount: 50
Sun May 18 02:25:20 CEST 2014: Max Cycles: 500
Sun May 18 02:25:20 CEST 2014: 0: finished (159ms, 500cycles)
Sun May 18 02:25:20 CEST 2014: 0: No solution found.
Sun May 18 02:25:20 CEST 2014: 1: finished (149ms, 500cycles)
Sun May 18 02:25:20 CEST 2014: 1: No solution found.
Sun May 18 02:25:20 CEST 2014: 2: finished (140ms, 500cycles)
Sun May 18 02:25:20 CEST 2014: 2: No solution found.
Sun May 18 02:25:20 CEST 2014: 3: finished (2ms, 6cycles)
Sun May 18 02:25:20 CEST 2014: 3: Solution found.
Sun May 18 02:25:20 CEST 2014: 4: finished (4ms, 10cycles)
Sun May 18 02:25:20 CEST 2014: 4: Solution found.
Sun May 18 02:25:20 CEST 2014: 5: finished (158ms, 500cycles)
Sun May 18 02:25:20 CEST 2014: 5: No solution found.
Sun May 18 02:25:21 CEST 2014: 6: finished (158ms, 500cycles)
Sun May 18 02:25:21 CEST 2014: 6: No solution found.
Sun May 18 02:25:21 CEST 2014: 7: finished (167ms, 500cycles)
Sun May 18 02:25:21 CEST 2014: 7: No solution found.
Sun May 18 02:25:21 CEST 2014: 8: finished (140ms, 500cycles)
Sun May 18 02:25:21 CEST 2014: 8: No solution found.
Sun May 18 02:25:21 CEST 2014: 9: finished (11ms, 28cycles)
Sun May 18 02:25:21 CEST 2014: 9: Solution found.
Sun May 18 02:25:21 CEST 2014: 10: finished (6ms, 16cycles)
Sun May 18 02:25:21 CEST 2014: 10: Solution found.
Sun May 18 02:25:21 CEST 2014: 11: finished (172ms, 500cycles)
Sun May 18 02:25:21 CEST 2014: 11: No solution found.
Sun May 18 02:25:21 CEST 2014: 12: finished (7ms, 19cycles)
Sun May 18 02:25:21 CEST 2014: 12: Solution found.
Sun May 18 02:25:21 CEST 2014: 13: finished (9ms, 28cycles)
Sun May 18 02:25:21 CEST 2014: 13: Solution found.
Sun May 18 02:25:21 CEST 2014: 14: finished (2ms, 5cycles)
Sun May 18 02:25:21 CEST 2014: 14: Solution found.
Sun May 18 02:25:21 CEST 2014: 15: finished (160ms, 500cycles)
Sun May 18 02:25:21 CEST 2014: 15: No solution found.
Sun May 18 02:25:21 CEST 2014: 16: finished (143ms, 500cycles)
Sun May 18 02:25:21 CEST 2014: 16: No solution found.
Sun May 18 02:25:21 CEST 2014: 17: finished (17ms, 53cycles)
Sun May 18 02:25:21 CEST 2014: 17: Solution found.
Sun May 18 02:25:21 CEST 2014: 18: finished (14ms, 35cycles)
Sun May 18 02:25:21 CEST 2014: 18: Solution found.
Sun May 18 02:25:22 CEST 2014: 19: finished (6ms, 17cycles)
Sun May 18 02:25:22 CEST 2014: 19: Solution found.
Sun May 18 02:25:22 CEST 2014: 20: finished (21ms, 64cycles)
Sun May 18 02:25:22 CEST 2014: 20: Solution found.
Sun May 18 02:25:22 CEST 2014: 21: finished (143ms, 500cycles)
Sun May 18 02:25:22 CEST 2014: 21: No solution found.
Sun May 18 02:25:22 CEST 2014: 22: finished (158ms, 500cycles)
Sun May 18 02:25:22 CEST 2014: 22: No solution found.
Sun May 18 02:25:22 CEST 2014: 23: finished (142ms, 500cycles)
Sun May 18 02:25:22 CEST 2014: 23: No solution found.
Sun May 18 02:25:22 CEST 2014: 24: finished (165ms, 500cycles)
Sun May 18 02:25:22 CEST 2014: 24: No solution found.
Sun May 18 02:25:22 CEST 2014: 25: finished (141ms, 500cycles)
Sun May 18 02:25:22 CEST 2014: 25: No solution found.
Sun May 18 02:25:22 CEST 2014: 26: finished (171ms, 500cycles)
Sun May 18 02:25:22 CEST 2014: 26: No solution found.
Sun May 18 02:25:23 CEST 2014: 27: finished (161ms, 500cycles)
Sun May 18 02:25:23 CEST 2014: 27: No solution found.
Sun May 18 02:25:23 CEST 2014: 28: finished (5ms, 14cycles)
Sun May 18 02:25:23 CEST 2014: 28: Solution found.
Sun May 18 02:25:23 CEST 2014: 29: finished (11ms, 33cycles)
Sun May 18 02:25:23 CEST 2014: 29: Solution found.
Sun May 18 02:25:23 CEST 2014: 30: finished (11ms, 33cycles)
Sun May 18 02:25:23 CEST 2014: 30: Solution found.
Sun May 18 02:25:23 CEST 2014: 31: finished (11ms, 34cycles)
Sun May 18 02:25:23 CEST 2014: 31: Solution found.
Sun May 18 02:25:23 CEST 2014: 32: finished (165ms, 500cycles)
Sun May 18 02:25:23 CEST 2014: 32: No solution found.
Sun May 18 02:25:23 CEST 2014: 33: finished (10ms, 24cycles)
Sun May 18 02:25:23 CEST 2014: 33: Solution found.
Sun May 18 02:25:23 CEST 2014: 34: finished (4ms, 12cycles)
Sun May 18 02:25:23 CEST 2014: 34: Solution found.
Sun May 18 02:25:23 CEST 2014: 35: finished (5ms, 11cycles)
Sun May 18 02:25:23 CEST 2014: 35: Solution found.
Sun May 18 02:25:23 CEST 2014: 36: finished (12ms, 24cycles)
Sun May 18 02:25:23 CEST 2014: 36: Solution found.
Sun May 18 02:25:23 CEST 2014: 37: finished (147ms, 500cycles)
Sun May 18 02:25:23 CEST 2014: 37: No solution found.
Sun May 18 02:25:23 CEST 2014: 38: finished (6ms, 15cycles)
Sun May 18 02:25:23 CEST 2014: 38: Solution found.
Sun May 18 02:25:23 CEST 2014: 39: finished (9ms, 26cycles)
Sun May 18 02:25:23 CEST 2014: 39: Solution found.
Sun May 18 02:25:23 CEST 2014: 40: finished (148ms, 500cycles)
Sun May 18 02:25:23 CEST 2014: 40: No solution found.
Sun May 18 02:25:23 CEST 2014: 41: finished (8ms, 21cycles)
Sun May 18 02:25:23 CEST 2014: 41: Solution found.
Sun May 18 02:25:23 CEST 2014: 42: finished (161ms, 500cycles)
Sun May 18 02:25:23 CEST 2014: 42: No solution found.
Sun May 18 02:25:23 CEST 2014: 43: finished (9ms, 28cycles)
Sun May 18 02:25:23 CEST 2014: 43: Solution found.
Sun May 18 02:25:23 CEST 2014: 44: finished (159ms, 500cycles)
Sun May 18 02:25:23 CEST 2014: 44: No solution found.
Sun May 18 02:25:24 CEST 2014: 45: finished (21ms, 50cycles)
Sun May 18 02:25:24 CEST 2014: 45: Solution found.
Sun May 18 02:25:24 CEST 2014: 46: finished (14ms, 21cycles)
Sun May 18 02:25:24 CEST 2014: 46: Solution found.
Sun May 18 02:25:24 CEST 2014: 47: finished (4ms, 9cycles)
Sun May 18 02:25:24 CEST 2014: 47: Solution found.
Sun May 18 02:25:24 CEST 2014: 48: finished (153ms, 500cycles)
Sun May 18 02:25:24 CEST 2014: 48: No solution found.
Sun May 18 02:25:24 CEST 2014: 49: finished (10ms, 28cycles)
Sun May 18 02:25:24 CEST 2014: 49: Solution found.
Sun May 18 02:25:24 CEST 2014: 50: finished (5ms, 14cycles)
Sun May 18 02:25:24 CEST 2014: 50: Solution found.
Sun May 18 02:25:24 CEST 2014: 51: finished (5ms, 15cycles)
Sun May 18 02:25:24 CEST 2014: 51: Solution found.
Sun May 18 02:25:24 CEST 2014: 52: finished (10ms, 26cycles)
Sun May 18 02:25:24 CEST 2014: 52: Solution found.
Sun May 18 02:25:24 CEST 2014: 53: finished (161ms, 500cycles)
Sun May 18 02:25:24 CEST 2014: 53: No solution found.
Sun May 18 02:25:24 CEST 2014: 54: finished (6ms, 18cycles)
Sun May 18 02:25:24 CEST 2014: 54: Solution found.
Sun May 18 02:25:24 CEST 2014: 55: finished (6ms, 14cycles)
Sun May 18 02:25:24 CEST 2014: 55: Solution found.
Sun May 18 02:25:24 CEST 2014: 56: finished (8ms, 23cycles)
Sun May 18 02:25:24 CEST 2014: 56: Solution found.
Sun May 18 02:25:24 CEST 2014: 57: finished (13ms, 40cycles)
Sun May 18 02:25:24 CEST 2014: 57: Solution found.
Sun May 18 02:25:24 CEST 2014: 58: finished (160ms, 500cycles)
Sun May 18 02:25:24 CEST 2014: 58: No solution found.
Sun May 18 02:25:24 CEST 2014: 59: finished (154ms, 500cycles)
Sun May 18 02:25:24 CEST 2014: 59: No solution found.
Sun May 18 02:25:24 CEST 2014: 60: finished (17ms, 28cycles)
Sun May 18 02:25:24 CEST 2014: 60: Solution found.
Sun May 18 02:25:24 CEST 2014: 61: finished (13ms, 33cycles)
Sun May 18 02:25:24 CEST 2014: 61: Solution found.
Sun May 18 02:25:24 CEST 2014: 62: finished (50ms, 127cycles)
Sun May 18 02:25:24 CEST 2014: 62: Solution found.
Sun May 18 02:25:24 CEST 2014: 63: finished (14ms, 43cycles)
Sun May 18 02:25:24 CEST 2014: 63: Solution found.
Sun May 18 02:25:24 CEST 2014: 64: finished (139ms, 500cycles)
Sun May 18 02:25:24 CEST 2014: 64: No solution found.
Sun May 18 02:25:25 CEST 2014: 65: finished (164ms, 500cycles)
Sun May 18 02:25:25 CEST 2014: 65: No solution found.
Sun May 18 02:25:25 CEST 2014: 66: finished (9ms, 25cycles)
Sun May 18 02:25:25 CEST 2014: 66: Solution found.
Sun May 18 02:25:25 CEST 2014: 67: finished (147ms, 500cycles)
Sun May 18 02:25:25 CEST 2014: 67: No solution found.
Sun May 18 02:25:25 CEST 2014: 68: finished (4ms, 9cycles)
Sun May 18 02:25:25 CEST 2014: 68: Solution found.
Sun May 18 02:25:25 CEST 2014: 69: finished (39ms, 107cycles)
Sun May 18 02:25:25 CEST 2014: 69: Solution found.
Sun May 18 02:25:25 CEST 2014: 70: finished (12ms, 33cycles)
Sun May 18 02:25:25 CEST 2014: 70: Solution found.
Sun May 18 02:25:25 CEST 2014: 71: finished (165ms, 500cycles)
Sun May 18 02:25:25 CEST 2014: 71: No solution found.
Sun May 18 02:25:25 CEST 2014: 72: finished (19ms, 44cycles)
Sun May 18 02:25:25 CEST 2014: 72: Solution found.
Sun May 18 02:25:25 CEST 2014: 73: finished (6ms, 16cycles)
Sun May 18 02:25:25 CEST 2014: 73: Solution found.
Sun May 18 02:25:25 CEST 2014: 74: finished (6ms, 19cycles)
Sun May 18 02:25:25 CEST 2014: 74: Solution found.
Sun May 18 02:25:25 CEST 2014: 75: finished (8ms, 21cycles)
Sun May 18 02:25:25 CEST 2014: 75: Solution found.
Sun May 18 02:25:25 CEST 2014: 76: finished (148ms, 500cycles)
Sun May 18 02:25:25 CEST 2014: 76: No solution found.
Sun May 18 02:25:25 CEST 2014: 77: finished (8ms, 22cycles)
Sun May 18 02:25:25 CEST 2014: 77: Solution found.
Sun May 18 02:25:25 CEST 2014: 78: finished (3ms, 7cycles)
Sun May 18 02:25:25 CEST 2014: 78: Solution found.
Sun May 18 02:25:25 CEST 2014: 79: finished (14ms, 41cycles)
Sun May 18 02:25:25 CEST 2014: 79: Solution found.
Sun May 18 02:25:25 CEST 2014: 80: finished (151ms, 500cycles)
Sun May 18 02:25:25 CEST 2014: 80: No solution found.
Sun May 18 02:25:26 CEST 2014: 81: finished (158ms, 500cycles)
Sun May 18 02:25:26 CEST 2014: 81: No solution found.
Sun May 18 02:25:26 CEST 2014: 82: finished (3ms, 7cycles)
Sun May 18 02:25:26 CEST 2014: 82: Solution found.
Sun May 18 02:25:26 CEST 2014: 83: finished (8ms, 22cycles)
Sun May 18 02:25:26 CEST 2014: 83: Solution found.
Sun May 18 02:25:26 CEST 2014: 84: finished (96ms, 293cycles)
Sun May 18 02:25:26 CEST 2014: 84: Solution found.
Sun May 18 02:25:26 CEST 2014: 85: finished (5ms, 14cycles)
Sun May 18 02:25:26 CEST 2014: 85: Solution found.
Sun May 18 02:25:26 CEST 2014: 86: finished (140ms, 500cycles)
Sun May 18 02:25:26 CEST 2014: 86: No solution found.
Sun May 18 02:25:26 CEST 2014: 87: finished (148ms, 500cycles)
Sun May 18 02:25:26 CEST 2014: 87: No solution found.
Sun May 18 02:25:26 CEST 2014: 88: finished (8ms, 20cycles)
Sun May 18 02:25:26 CEST 2014: 88: Solution found.
Sun May 18 02:25:26 CEST 2014: 89: finished (5ms, 12cycles)
Sun May 18 02:25:26 CEST 2014: 89: Solution found.
Sun May 18 02:25:26 CEST 2014: 90: finished (142ms, 500cycles)
Sun May 18 02:25:26 CEST 2014: 90: No solution found.
Sun May 18 02:25:26 CEST 2014: 91: finished (162ms, 500cycles)
Sun May 18 02:25:26 CEST 2014: 91: No solution found.
Sun May 18 02:25:26 CEST 2014: 92: finished (160ms, 500cycles)
Sun May 18 02:25:26 CEST 2014: 92: No solution found.
Sun May 18 02:25:26 CEST 2014: 93: finished (5ms, 13cycles)
Sun May 18 02:25:26 CEST 2014: 93: Solution found.
Sun May 18 02:25:26 CEST 2014: 94: finished (8ms, 26cycles)
Sun May 18 02:25:26 CEST 2014: 94: Solution found.
Sun May 18 02:25:27 CEST 2014: 95: finished (157ms, 500cycles)
Sun May 18 02:25:27 CEST 2014: 95: No solution found.
Sun May 18 02:25:27 CEST 2014: 96: finished (45ms, 151cycles)
Sun May 18 02:25:27 CEST 2014: 96: Solution found.
Sun May 18 02:25:27 CEST 2014: 97: finished (152ms, 500cycles)
Sun May 18 02:25:27 CEST 2014: 97: No solution found.
Sun May 18 02:25:27 CEST 2014: 98: finished (144ms, 500cycles)
Sun May 18 02:25:27 CEST 2014: 98: No solution found.
Sun May 18 02:25:27 CEST 2014: 99: finished (3ms, 8cycles)
Sun May 18 02:25:27 CEST 2014: 99: Solution found.
Sun May 18 02:25:27 CEST 2014: Solution Found: 59
Sun May 18 02:25:27 CEST 2014: Avg cycles: 33
Sun May 18 02:25:27 CEST 2014: Max cycles: 293
Sun May 18 02:25:27 CEST 2014: Min cycles: 5
Sun May 18 02:25:27 CEST 2014: No solution found: 41
Sun May 18 02:25:27 CEST 2014: logging finished. (runtime: 7037ms)
