Sat May 17 20:52:06 CEST 2014: Problem Count: 50
Sat May 17 20:52:06 CEST 2014: CandidatesCount: 40
Sat May 17 20:52:06 CEST 2014: Max Cycles: 500
Sat May 17 20:52:06 CEST 2014: 0: finished (3ms, 5cycles)
Sat May 17 20:52:06 CEST 2014: 0: Solution found.
Sat May 17 20:52:06 CEST 2014: 1: finished (12ms, 21cycles)
Sat May 17 20:52:06 CEST 2014: 1: Solution found.
Sat May 17 20:52:06 CEST 2014: 2: finished (138ms, 262cycles)
Sat May 17 20:52:06 CEST 2014: 2: Solution found.
Sat May 17 20:52:06 CEST 2014: 3: finished (19ms, 35cycles)
Sat May 17 20:52:06 CEST 2014: 3: Solution found.
Sat May 17 20:52:06 CEST 2014: 4: finished (257ms, 487cycles)
Sat May 17 20:52:06 CEST 2014: 4: Solution found.
Sat May 17 20:52:06 CEST 2014: 5: finished (13ms, 27cycles)
Sat May 17 20:52:06 CEST 2014: 5: Solution found.
Sat May 17 20:52:06 CEST 2014: 6: finished (235ms, 500cycles)
Sat May 17 20:52:06 CEST 2014: 6: No solution found.
Sat May 17 20:52:06 CEST 2014: 7: finished (3ms, 5cycles)
Sat May 17 20:52:06 CEST 2014: 7: Solution found.
Sat May 17 20:52:06 CEST 2014: 8: finished (255ms, 500cycles)
Sat May 17 20:52:06 CEST 2014: 8: No solution found.
Sat May 17 20:52:06 CEST 2014: 9: finished (5ms, 11cycles)
Sat May 17 20:52:06 CEST 2014: 9: Solution found.
Sat May 17 20:52:06 CEST 2014: 10: finished (11ms, 21cycles)
Sat May 17 20:52:06 CEST 2014: 10: Solution found.
Sat May 17 20:52:07 CEST 2014: 11: finished (241ms, 500cycles)
Sat May 17 20:52:07 CEST 2014: 11: No solution found.
Sat May 17 20:52:07 CEST 2014: 12: finished (10ms, 20cycles)
Sat May 17 20:52:07 CEST 2014: 12: Solution found.
Sat May 17 20:52:07 CEST 2014: 13: finished (211ms, 500cycles)
Sat May 17 20:52:07 CEST 2014: 13: No solution found.
Sat May 17 20:52:07 CEST 2014: 14: finished (25ms, 44cycles)
Sat May 17 20:52:07 CEST 2014: 14: Solution found.
Sat May 17 20:52:07 CEST 2014: 15: finished (3ms, 4cycles)
Sat May 17 20:52:07 CEST 2014: 15: Solution found.
Sat May 17 20:52:07 CEST 2014: 16: finished (31ms, 56cycles)
Sat May 17 20:52:07 CEST 2014: 16: Solution found.
Sat May 17 20:52:07 CEST 2014: 17: finished (23ms, 47cycles)
Sat May 17 20:52:07 CEST 2014: 17: Solution found.
Sat May 17 20:52:07 CEST 2014: 18: finished (4ms, 6cycles)
Sat May 17 20:52:07 CEST 2014: 18: Solution found.
Sat May 17 20:52:07 CEST 2014: 19: finished (179ms, 390cycles)
Sat May 17 20:52:07 CEST 2014: 19: Solution found.
Sat May 17 20:52:07 CEST 2014: 20: finished (35ms, 69cycles)
Sat May 17 20:52:07 CEST 2014: 20: Solution found.
Sat May 17 20:52:07 CEST 2014: 21: finished (236ms, 500cycles)
Sat May 17 20:52:07 CEST 2014: 21: No solution found.
Sat May 17 20:52:08 CEST 2014: 22: finished (258ms, 500cycles)
Sat May 17 20:52:08 CEST 2014: 22: No solution found.
Sat May 17 20:52:08 CEST 2014: 23: finished (20ms, 37cycles)
Sat May 17 20:52:08 CEST 2014: 23: Solution found.
Sat May 17 20:52:08 CEST 2014: 24: finished (11ms, 20cycles)
Sat May 17 20:52:08 CEST 2014: 24: Solution found.
Sat May 17 20:52:08 CEST 2014: 25: finished (232ms, 500cycles)
Sat May 17 20:52:08 CEST 2014: 25: No solution found.
Sat May 17 20:52:08 CEST 2014: 26: finished (12ms, 23cycles)
Sat May 17 20:52:08 CEST 2014: 26: Solution found.
Sat May 17 20:52:08 CEST 2014: 27: finished (11ms, 21cycles)
Sat May 17 20:52:08 CEST 2014: 27: Solution found.
Sat May 17 20:52:08 CEST 2014: 28: finished (3ms, 5cycles)
Sat May 17 20:52:08 CEST 2014: 28: Solution found.
Sat May 17 20:52:08 CEST 2014: 29: finished (9ms, 18cycles)
Sat May 17 20:52:08 CEST 2014: 29: Solution found.
Sat May 17 20:52:08 CEST 2014: 30: finished (19ms, 35cycles)
Sat May 17 20:52:08 CEST 2014: 30: Solution found.
Sat May 17 20:52:08 CEST 2014: 31: finished (233ms, 500cycles)
Sat May 17 20:52:08 CEST 2014: 31: No solution found.
Sat May 17 20:52:08 CEST 2014: 32: finished (14ms, 28cycles)
Sat May 17 20:52:08 CEST 2014: 32: Solution found.
Sat May 17 20:52:08 CEST 2014: 33: finished (9ms, 14cycles)
Sat May 17 20:52:08 CEST 2014: 33: Solution found.
Sat May 17 20:52:08 CEST 2014: 34: finished (48ms, 104cycles)
Sat May 17 20:52:08 CEST 2014: 34: Solution found.
Sat May 17 20:52:08 CEST 2014: 35: finished (16ms, 32cycles)
Sat May 17 20:52:08 CEST 2014: 35: Solution found.
Sat May 17 20:52:08 CEST 2014: 36: finished (84ms, 165cycles)
Sat May 17 20:52:08 CEST 2014: 36: Solution found.
Sat May 17 20:52:08 CEST 2014: 37: finished (2ms, 3cycles)
Sat May 17 20:52:08 CEST 2014: 37: Solution found.
Sat May 17 20:52:09 CEST 2014: 38: finished (225ms, 500cycles)
Sat May 17 20:52:09 CEST 2014: 38: No solution found.
Sat May 17 20:52:09 CEST 2014: 39: finished (5ms, 9cycles)
Sat May 17 20:52:09 CEST 2014: 39: Solution found.
Sat May 17 20:52:09 CEST 2014: 40: finished (13ms, 28cycles)
Sat May 17 20:52:09 CEST 2014: 40: Solution found.
Sat May 17 20:52:09 CEST 2014: 41: finished (15ms, 26cycles)
Sat May 17 20:52:09 CEST 2014: 41: Solution found.
Sat May 17 20:52:09 CEST 2014: 42: finished (16ms, 31cycles)
Sat May 17 20:52:09 CEST 2014: 42: Solution found.
Sat May 17 20:52:09 CEST 2014: 43: finished (9ms, 17cycles)
Sat May 17 20:52:09 CEST 2014: 43: Solution found.
Sat May 17 20:52:09 CEST 2014: 44: finished (224ms, 500cycles)
Sat May 17 20:52:09 CEST 2014: 44: No solution found.
Sat May 17 20:52:09 CEST 2014: 45: finished (12ms, 25cycles)
Sat May 17 20:52:09 CEST 2014: 45: Solution found.
Sat May 17 20:52:09 CEST 2014: 46: finished (46ms, 90cycles)
Sat May 17 20:52:09 CEST 2014: 46: Solution found.
Sat May 17 20:52:09 CEST 2014: 47: finished (6ms, 10cycles)
Sat May 17 20:52:09 CEST 2014: 47: Solution found.
Sat May 17 20:52:09 CEST 2014: 48: finished (5ms, 8cycles)
Sat May 17 20:52:09 CEST 2014: 48: Solution found.
Sat May 17 20:52:09 CEST 2014: 49: finished (223ms, 500cycles)
Sat May 17 20:52:09 CEST 2014: 49: No solution found.
Sat May 17 20:52:10 CEST 2014: 50: finished (228ms, 500cycles)
Sat May 17 20:52:10 CEST 2014: 50: No solution found.
Sat May 17 20:52:10 CEST 2014: 51: finished (228ms, 500cycles)
Sat May 17 20:52:10 CEST 2014: 51: No solution found.
Sat May 17 20:52:10 CEST 2014: 52: finished (240ms, 500cycles)
Sat May 17 20:52:10 CEST 2014: 52: No solution found.
Sat May 17 20:52:10 CEST 2014: 53: finished (9ms, 17cycles)
Sat May 17 20:52:10 CEST 2014: 53: Solution found.
Sat May 17 20:52:10 CEST 2014: 54: finished (18ms, 39cycles)
Sat May 17 20:52:10 CEST 2014: 54: Solution found.
Sat May 17 20:52:10 CEST 2014: 55: finished (19ms, 37cycles)
Sat May 17 20:52:10 CEST 2014: 55: Solution found.
Sat May 17 20:52:10 CEST 2014: 56: finished (239ms, 500cycles)
Sat May 17 20:52:10 CEST 2014: 56: No solution found.
Sat May 17 20:52:10 CEST 2014: 57: finished (33ms, 66cycles)
Sat May 17 20:52:10 CEST 2014: 57: Solution found.
Sat May 17 20:52:10 CEST 2014: 58: finished (2ms, 4cycles)
Sat May 17 20:52:10 CEST 2014: 58: Solution found.
Sat May 17 20:52:10 CEST 2014: 59: finished (12ms, 23cycles)
Sat May 17 20:52:10 CEST 2014: 59: Solution found.
Sat May 17 20:52:11 CEST 2014: 60: finished (244ms, 500cycles)
Sat May 17 20:52:11 CEST 2014: 60: No solution found.
Sat May 17 20:52:11 CEST 2014: 61: finished (225ms, 500cycles)
Sat May 17 20:52:11 CEST 2014: 61: No solution found.
Sat May 17 20:52:11 CEST 2014: 62: finished (9ms, 16cycles)
Sat May 17 20:52:11 CEST 2014: 62: Solution found.
Sat May 17 20:52:11 CEST 2014: 63: finished (1ms, 1cycles)
Sat May 17 20:52:11 CEST 2014: 63: Solution found.
Sat May 17 20:52:11 CEST 2014: 64: finished (6ms, 12cycles)
Sat May 17 20:52:11 CEST 2014: 64: Solution found.
Sat May 17 20:52:11 CEST 2014: 65: finished (222ms, 500cycles)
Sat May 17 20:52:11 CEST 2014: 65: No solution found.
Sat May 17 20:52:11 CEST 2014: 66: finished (8ms, 16cycles)
Sat May 17 20:52:11 CEST 2014: 66: Solution found.
Sat May 17 20:52:11 CEST 2014: 67: finished (7ms, 15cycles)
Sat May 17 20:52:11 CEST 2014: 67: Solution found.
Sat May 17 20:52:11 CEST 2014: 68: finished (233ms, 500cycles)
Sat May 17 20:52:11 CEST 2014: 68: No solution found.
Sat May 17 20:52:11 CEST 2014: 69: finished (219ms, 500cycles)
Sat May 17 20:52:11 CEST 2014: 69: No solution found.
Sat May 17 20:52:12 CEST 2014: 70: finished (219ms, 500cycles)
Sat May 17 20:52:12 CEST 2014: 70: No solution found.
Sat May 17 20:52:12 CEST 2014: 71: finished (20ms, 39cycles)
Sat May 17 20:52:12 CEST 2014: 71: Solution found.
Sat May 17 20:52:12 CEST 2014: 72: finished (6ms, 13cycles)
Sat May 17 20:52:12 CEST 2014: 72: Solution found.
Sat May 17 20:52:12 CEST 2014: 73: finished (219ms, 500cycles)
Sat May 17 20:52:12 CEST 2014: 73: No solution found.
Sat May 17 20:52:12 CEST 2014: 74: finished (5ms, 9cycles)
Sat May 17 20:52:12 CEST 2014: 74: Solution found.
Sat May 17 20:52:12 CEST 2014: 75: finished (8ms, 15cycles)
Sat May 17 20:52:12 CEST 2014: 75: Solution found.
Sat May 17 20:52:12 CEST 2014: 76: finished (15ms, 30cycles)
Sat May 17 20:52:12 CEST 2014: 76: Solution found.
Sat May 17 20:52:12 CEST 2014: 77: finished (217ms, 500cycles)
Sat May 17 20:52:12 CEST 2014: 77: No solution found.
Sat May 17 20:52:12 CEST 2014: 78: finished (220ms, 500cycles)
Sat May 17 20:52:12 CEST 2014: 78: No solution found.
Sat May 17 20:52:13 CEST 2014: 79: finished (210ms, 500cycles)
Sat May 17 20:52:13 CEST 2014: 79: No solution found.
Sat May 17 20:52:13 CEST 2014: 80: finished (219ms, 500cycles)
Sat May 17 20:52:13 CEST 2014: 80: No solution found.
Sat May 17 20:52:13 CEST 2014: 81: finished (28ms, 53cycles)
Sat May 17 20:52:13 CEST 2014: 81: Solution found.
Sat May 17 20:52:13 CEST 2014: 82: finished (46ms, 78cycles)
Sat May 17 20:52:13 CEST 2014: 82: Solution found.
Sat May 17 20:52:13 CEST 2014: 83: finished (15ms, 32cycles)
Sat May 17 20:52:13 CEST 2014: 83: Solution found.
Sat May 17 20:52:13 CEST 2014: 84: finished (246ms, 500cycles)
Sat May 17 20:52:13 CEST 2014: 84: No solution found.
Sat May 17 20:52:13 CEST 2014: 85: finished (228ms, 500cycles)
Sat May 17 20:52:13 CEST 2014: 85: No solution found.
Sat May 17 20:52:13 CEST 2014: 86: finished (9ms, 17cycles)
Sat May 17 20:52:13 CEST 2014: 86: Solution found.
Sat May 17 20:52:13 CEST 2014: 87: finished (10ms, 19cycles)
Sat May 17 20:52:13 CEST 2014: 87: Solution found.
Sat May 17 20:52:13 CEST 2014: 88: finished (35ms, 68cycles)
Sat May 17 20:52:13 CEST 2014: 88: Solution found.
Sat May 17 20:52:14 CEST 2014: 89: finished (232ms, 500cycles)
Sat May 17 20:52:14 CEST 2014: 89: No solution found.
Sat May 17 20:52:14 CEST 2014: 90: finished (226ms, 500cycles)
Sat May 17 20:52:14 CEST 2014: 90: No solution found.
Sat May 17 20:52:14 CEST 2014: 91: finished (264ms, 500cycles)
Sat May 17 20:52:14 CEST 2014: 91: No solution found.
Sat May 17 20:52:14 CEST 2014: 92: finished (20ms, 41cycles)
Sat May 17 20:52:14 CEST 2014: 92: Solution found.
Sat May 17 20:52:14 CEST 2014: 93: finished (6ms, 10cycles)
Sat May 17 20:52:14 CEST 2014: 93: Solution found.
Sat May 17 20:52:14 CEST 2014: 94: finished (8ms, 17cycles)
Sat May 17 20:52:14 CEST 2014: 94: Solution found.
Sat May 17 20:52:14 CEST 2014: 95: finished (41ms, 84cycles)
Sat May 17 20:52:14 CEST 2014: 95: Solution found.
Sat May 17 20:52:14 CEST 2014: 96: finished (13ms, 24cycles)
Sat May 17 20:52:14 CEST 2014: 96: Solution found.
Sat May 17 20:52:15 CEST 2014: 97: finished (238ms, 500cycles)
Sat May 17 20:52:15 CEST 2014: 97: No solution found.
Sat May 17 20:52:15 CEST 2014: 98: finished (25ms, 41cycles)
Sat May 17 20:52:15 CEST 2014: 98: Solution found.
Sat May 17 20:52:15 CEST 2014: 99: finished (10ms, 16cycles)
Sat May 17 20:52:15 CEST 2014: 99: Solution found.
Sat May 17 20:52:15 CEST 2014: Solution Found: 68
Sat May 17 20:52:15 CEST 2014: Avg cycles: 45
Sat May 17 20:52:15 CEST 2014: Max cycles: 487
Sat May 17 20:52:15 CEST 2014: Min cycles: 1
Sat May 17 20:52:15 CEST 2014: No solution found: 32
Sat May 17 20:52:15 CEST 2014: logging finished. (runtime: 9008ms)
