Tue May 06 14:26:27 CEST 2014: Problem Count: 50
Tue May 06 14:26:27 CEST 2014: CandidatesCount: 30
Tue May 06 14:26:27 CEST 2014: Max Cycles: 500
Tue May 06 14:26:27 CEST 2014: 0: finished (5ms, 11cycles)
Tue May 06 14:26:27 CEST 2014: 0: Solution found.
Tue May 06 14:26:27 CEST 2014: 1: finished (173ms, 500cycles)
Tue May 06 14:26:27 CEST 2014: 1: No solution found.
Tue May 06 14:26:27 CEST 2014: 2: finished (165ms, 500cycles)
Tue May 06 14:26:27 CEST 2014: 2: No solution found.
Tue May 06 14:26:27 CEST 2014: 3: finished (162ms, 500cycles)
Tue May 06 14:26:27 CEST 2014: 3: No solution found.
Tue May 06 14:26:27 CEST 2014: 4: finished (172ms, 500cycles)
Tue May 06 14:26:27 CEST 2014: 4: No solution found.
Tue May 06 14:26:28 CEST 2014: 5: finished (184ms, 500cycles)
Tue May 06 14:26:28 CEST 2014: 5: No solution found.
Tue May 06 14:26:28 CEST 2014: 6: finished (6ms, 15cycles)
Tue May 06 14:26:28 CEST 2014: 6: Solution found.
Tue May 06 14:26:28 CEST 2014: 7: finished (162ms, 500cycles)
Tue May 06 14:26:28 CEST 2014: 7: No solution found.
Tue May 06 14:26:28 CEST 2014: 8: finished (191ms, 500cycles)
Tue May 06 14:26:28 CEST 2014: 8: No solution found.
Tue May 06 14:26:28 CEST 2014: 9: finished (35ms, 87cycles)
Tue May 06 14:26:28 CEST 2014: 9: Solution found.
Tue May 06 14:26:28 CEST 2014: 10: finished (160ms, 500cycles)
Tue May 06 14:26:28 CEST 2014: 10: No solution found.
Tue May 06 14:26:28 CEST 2014: 11: finished (160ms, 500cycles)
Tue May 06 14:26:28 CEST 2014: 11: No solution found.
Tue May 06 14:26:28 CEST 2014: 12: finished (160ms, 500cycles)
Tue May 06 14:26:28 CEST 2014: 12: No solution found.
Tue May 06 14:26:28 CEST 2014: 13: finished (10ms, 23cycles)
Tue May 06 14:26:28 CEST 2014: 13: Solution found.
Tue May 06 14:26:28 CEST 2014: 14: finished (14ms, 37cycles)
Tue May 06 14:26:28 CEST 2014: 14: Solution found.
Tue May 06 14:26:28 CEST 2014: 15: finished (10ms, 27cycles)
Tue May 06 14:26:28 CEST 2014: 15: Solution found.
Tue May 06 14:26:29 CEST 2014: 16: finished (167ms, 500cycles)
Tue May 06 14:26:29 CEST 2014: 16: No solution found.
Tue May 06 14:26:29 CEST 2014: 17: finished (177ms, 500cycles)
Tue May 06 14:26:29 CEST 2014: 17: No solution found.
Tue May 06 14:26:29 CEST 2014: 18: finished (225ms, 500cycles)
Tue May 06 14:26:29 CEST 2014: 18: No solution found.
Tue May 06 14:26:29 CEST 2014: 19: finished (5ms, 11cycles)
Tue May 06 14:26:29 CEST 2014: 19: Solution found.
Tue May 06 14:26:29 CEST 2014: 20: finished (13ms, 34cycles)
Tue May 06 14:26:29 CEST 2014: 20: Solution found.
Tue May 06 14:26:29 CEST 2014: 21: finished (14ms, 40cycles)
Tue May 06 14:26:29 CEST 2014: 21: Solution found.
Tue May 06 14:26:29 CEST 2014: 22: finished (169ms, 500cycles)
Tue May 06 14:26:29 CEST 2014: 22: No solution found.
Tue May 06 14:26:29 CEST 2014: 23: finished (4ms, 11cycles)
Tue May 06 14:26:29 CEST 2014: 23: Solution found.
Tue May 06 14:26:29 CEST 2014: 24: finished (8ms, 18cycles)
Tue May 06 14:26:29 CEST 2014: 24: Solution found.
Tue May 06 14:26:29 CEST 2014: 25: finished (11ms, 31cycles)
Tue May 06 14:26:29 CEST 2014: 25: Solution found.
Tue May 06 14:26:29 CEST 2014: 26: finished (7ms, 16cycles)
Tue May 06 14:26:29 CEST 2014: 26: Solution found.
Tue May 06 14:26:29 CEST 2014: 27: finished (36ms, 71cycles)
Tue May 06 14:26:29 CEST 2014: 27: Solution found.
Tue May 06 14:26:29 CEST 2014: 28: finished (4ms, 10cycles)
Tue May 06 14:26:29 CEST 2014: 28: Solution found.
Tue May 06 14:26:29 CEST 2014: 29: finished (179ms, 500cycles)
Tue May 06 14:26:29 CEST 2014: 29: No solution found.
Tue May 06 14:26:30 CEST 2014: 30: finished (162ms, 500cycles)
Tue May 06 14:26:30 CEST 2014: 30: No solution found.
Tue May 06 14:26:30 CEST 2014: 31: finished (1ms, 3cycles)
Tue May 06 14:26:30 CEST 2014: 31: Solution found.
Tue May 06 14:26:30 CEST 2014: 32: finished (17ms, 44cycles)
Tue May 06 14:26:30 CEST 2014: 32: Solution found.
Tue May 06 14:26:30 CEST 2014: 33: finished (187ms, 500cycles)
Tue May 06 14:26:30 CEST 2014: 33: No solution found.
Tue May 06 14:26:30 CEST 2014: 34: finished (22ms, 56cycles)
Tue May 06 14:26:30 CEST 2014: 34: Solution found.
Tue May 06 14:26:30 CEST 2014: 35: finished (23ms, 65cycles)
Tue May 06 14:26:30 CEST 2014: 35: Solution found.
Tue May 06 14:26:30 CEST 2014: 36: finished (5ms, 12cycles)
Tue May 06 14:26:30 CEST 2014: 36: Solution found.
Tue May 06 14:26:30 CEST 2014: 37: finished (175ms, 500cycles)
Tue May 06 14:26:30 CEST 2014: 37: No solution found.
Tue May 06 14:26:30 CEST 2014: 38: finished (171ms, 500cycles)
Tue May 06 14:26:30 CEST 2014: 38: No solution found.
Tue May 06 14:26:30 CEST 2014: 39: finished (3ms, 6cycles)
Tue May 06 14:26:30 CEST 2014: 39: Solution found.
Tue May 06 14:26:30 CEST 2014: 40: finished (172ms, 500cycles)
Tue May 06 14:26:30 CEST 2014: 40: No solution found.
Tue May 06 14:26:31 CEST 2014: 41: finished (193ms, 500cycles)
Tue May 06 14:26:31 CEST 2014: 41: No solution found.
Tue May 06 14:26:31 CEST 2014: 42: finished (97ms, 263cycles)
Tue May 06 14:26:31 CEST 2014: 42: Solution found.
Tue May 06 14:26:31 CEST 2014: 43: finished (5ms, 12cycles)
Tue May 06 14:26:31 CEST 2014: 43: Solution found.
Tue May 06 14:26:31 CEST 2014: 44: finished (163ms, 500cycles)
Tue May 06 14:26:31 CEST 2014: 44: No solution found.
Tue May 06 14:26:31 CEST 2014: 45: finished (3ms, 5cycles)
Tue May 06 14:26:31 CEST 2014: 45: Solution found.
Tue May 06 14:26:31 CEST 2014: 46: finished (163ms, 500cycles)
Tue May 06 14:26:31 CEST 2014: 46: No solution found.
Tue May 06 14:26:31 CEST 2014: 47: finished (171ms, 500cycles)
Tue May 06 14:26:31 CEST 2014: 47: No solution found.
Tue May 06 14:26:32 CEST 2014: 48: finished (438ms, 500cycles)
Tue May 06 14:26:32 CEST 2014: 48: No solution found.
Tue May 06 14:26:32 CEST 2014: 49: finished (535ms, 500cycles)
Tue May 06 14:26:32 CEST 2014: 49: No solution found.
Tue May 06 14:26:32 CEST 2014: 50: finished (17ms, 16cycles)
Tue May 06 14:26:32 CEST 2014: 50: Solution found.
Tue May 06 14:26:32 CEST 2014: 51: finished (3ms, 2cycles)
Tue May 06 14:26:32 CEST 2014: 51: Solution found.
Tue May 06 14:26:33 CEST 2014: 52: finished (440ms, 500cycles)
Tue May 06 14:26:33 CEST 2014: 52: No solution found.
Tue May 06 14:26:33 CEST 2014: 53: finished (415ms, 500cycles)
Tue May 06 14:26:33 CEST 2014: 53: No solution found.
Tue May 06 14:26:34 CEST 2014: 54: finished (530ms, 500cycles)
Tue May 06 14:26:34 CEST 2014: 54: No solution found.
Tue May 06 14:26:34 CEST 2014: 55: finished (463ms, 500cycles)
Tue May 06 14:26:34 CEST 2014: 55: No solution found.
Tue May 06 14:26:34 CEST 2014: 56: finished (37ms, 36cycles)
Tue May 06 14:26:34 CEST 2014: 56: Solution found.
Tue May 06 14:26:35 CEST 2014: 57: finished (470ms, 500cycles)
Tue May 06 14:26:35 CEST 2014: 57: No solution found.
Tue May 06 14:26:35 CEST 2014: 58: finished (487ms, 500cycles)
Tue May 06 14:26:35 CEST 2014: 58: No solution found.
Tue May 06 14:26:35 CEST 2014: 59: finished (26ms, 23cycles)
Tue May 06 14:26:35 CEST 2014: 59: Solution found.
Tue May 06 14:26:36 CEST 2014: 60: finished (464ms, 500cycles)
Tue May 06 14:26:36 CEST 2014: 60: No solution found.
Tue May 06 14:26:36 CEST 2014: 61: finished (382ms, 500cycles)
Tue May 06 14:26:36 CEST 2014: 61: No solution found.
Tue May 06 14:26:36 CEST 2014: 62: finished (12ms, 28cycles)
Tue May 06 14:26:36 CEST 2014: 62: Solution found.
Tue May 06 14:26:36 CEST 2014: 63: finished (174ms, 500cycles)
Tue May 06 14:26:36 CEST 2014: 63: No solution found.
Tue May 06 14:26:36 CEST 2014: 64: finished (198ms, 500cycles)
Tue May 06 14:26:36 CEST 2014: 64: No solution found.
Tue May 06 14:26:36 CEST 2014: 65: finished (166ms, 500cycles)
Tue May 06 14:26:36 CEST 2014: 65: No solution found.
Tue May 06 14:26:37 CEST 2014: 66: finished (172ms, 500cycles)
Tue May 06 14:26:37 CEST 2014: 66: No solution found.
Tue May 06 14:26:37 CEST 2014: 67: finished (106ms, 245cycles)
Tue May 06 14:26:37 CEST 2014: 67: Solution found.
Tue May 06 14:26:37 CEST 2014: 68: finished (174ms, 500cycles)
Tue May 06 14:26:37 CEST 2014: 68: No solution found.
Tue May 06 14:26:37 CEST 2014: 69: finished (183ms, 500cycles)
Tue May 06 14:26:37 CEST 2014: 69: No solution found.
Tue May 06 14:26:37 CEST 2014: 70: finished (15ms, 40cycles)
Tue May 06 14:26:37 CEST 2014: 70: Solution found.
Tue May 06 14:26:37 CEST 2014: 71: finished (153ms, 500cycles)
Tue May 06 14:26:37 CEST 2014: 71: No solution found.
Tue May 06 14:26:37 CEST 2014: 72: finished (169ms, 500cycles)
Tue May 06 14:26:37 CEST 2014: 72: No solution found.
Tue May 06 14:26:37 CEST 2014: 73: finished (5ms, 12cycles)
Tue May 06 14:26:37 CEST 2014: 73: Solution found.
Tue May 06 14:26:38 CEST 2014: 74: finished (164ms, 500cycles)
Tue May 06 14:26:38 CEST 2014: 74: No solution found.
Tue May 06 14:26:38 CEST 2014: 75: finished (177ms, 500cycles)
Tue May 06 14:26:38 CEST 2014: 75: No solution found.
Tue May 06 14:26:38 CEST 2014: 76: finished (172ms, 500cycles)
Tue May 06 14:26:38 CEST 2014: 76: No solution found.
Tue May 06 14:26:38 CEST 2014: 77: finished (9ms, 23cycles)
Tue May 06 14:26:38 CEST 2014: 77: Solution found.
Tue May 06 14:26:38 CEST 2014: 78: finished (203ms, 500cycles)
Tue May 06 14:26:38 CEST 2014: 78: No solution found.
Tue May 06 14:26:38 CEST 2014: 79: finished (7ms, 17cycles)
Tue May 06 14:26:38 CEST 2014: 79: Solution found.
Tue May 06 14:26:38 CEST 2014: 80: finished (119ms, 275cycles)
Tue May 06 14:26:38 CEST 2014: 80: Solution found.
Tue May 06 14:26:38 CEST 2014: 81: finished (162ms, 500cycles)
Tue May 06 14:26:38 CEST 2014: 81: No solution found.
Tue May 06 14:26:39 CEST 2014: 82: finished (185ms, 500cycles)
Tue May 06 14:26:39 CEST 2014: 82: No solution found.
Tue May 06 14:26:39 CEST 2014: 83: finished (181ms, 500cycles)
Tue May 06 14:26:39 CEST 2014: 83: No solution found.
Tue May 06 14:26:39 CEST 2014: 84: finished (186ms, 500cycles)
Tue May 06 14:26:39 CEST 2014: 84: No solution found.
Tue May 06 14:26:39 CEST 2014: 85: finished (170ms, 500cycles)
Tue May 06 14:26:39 CEST 2014: 85: No solution found.
Tue May 06 14:26:39 CEST 2014: 86: finished (10ms, 27cycles)
Tue May 06 14:26:39 CEST 2014: 86: Solution found.
Tue May 06 14:26:39 CEST 2014: 87: finished (17ms, 45cycles)
Tue May 06 14:26:39 CEST 2014: 87: Solution found.
Tue May 06 14:26:39 CEST 2014: 88: finished (5ms, 15cycles)
Tue May 06 14:26:39 CEST 2014: 88: Solution found.
Tue May 06 14:26:39 CEST 2014: 89: finished (165ms, 500cycles)
Tue May 06 14:26:39 CEST 2014: 89: No solution found.
Tue May 06 14:26:40 CEST 2014: 90: finished (161ms, 500cycles)
Tue May 06 14:26:40 CEST 2014: 90: No solution found.
Tue May 06 14:26:40 CEST 2014: 91: finished (167ms, 500cycles)
Tue May 06 14:26:40 CEST 2014: 91: No solution found.
Tue May 06 14:26:40 CEST 2014: 92: finished (173ms, 500cycles)
Tue May 06 14:26:40 CEST 2014: 92: No solution found.
Tue May 06 14:26:40 CEST 2014: 93: finished (191ms, 500cycles)
Tue May 06 14:26:40 CEST 2014: 93: No solution found.
Tue May 06 14:26:40 CEST 2014: 94: finished (6ms, 15cycles)
Tue May 06 14:26:40 CEST 2014: 94: Solution found.
Tue May 06 14:26:40 CEST 2014: 95: finished (5ms, 12cycles)
Tue May 06 14:26:40 CEST 2014: 95: Solution found.
Tue May 06 14:26:40 CEST 2014: 96: finished (167ms, 500cycles)
Tue May 06 14:26:40 CEST 2014: 96: No solution found.
Tue May 06 14:26:40 CEST 2014: 97: finished (4ms, 9cycles)
Tue May 06 14:26:40 CEST 2014: 97: Solution found.
Tue May 06 14:26:40 CEST 2014: 98: finished (158ms, 500cycles)
Tue May 06 14:26:40 CEST 2014: 98: No solution found.
Tue May 06 14:26:41 CEST 2014: 99: finished (174ms, 500cycles)
Tue May 06 14:26:41 CEST 2014: 99: No solution found.
Tue May 06 14:26:41 CEST 2014: Solution Found: 41
Tue May 06 14:26:41 CEST 2014: Avg cycles: 42
Tue May 06 14:26:41 CEST 2014: Max cycles: 275
Tue May 06 14:26:41 CEST 2014: Min cycles: 2
Tue May 06 14:26:41 CEST 2014: No solution found: 59
Tue May 06 14:26:41 CEST 2014: logging finished. (runtime: 13905ms)
