Wed May 07 00:50:12 CEST 2014: Problem Count: 50
Wed May 07 00:50:12 CEST 2014: CandidatesCount: 30
Wed May 07 00:50:12 CEST 2014: Max Cycles: 500
Wed May 07 00:50:12 CEST 2014: 0: finished (172ms, 500cycles)
Wed May 07 00:50:12 CEST 2014: 0: No solution found.
Wed May 07 00:50:12 CEST 2014: 1: finished (160ms, 500cycles)
Wed May 07 00:50:12 CEST 2014: 1: No solution found.
Wed May 07 00:50:12 CEST 2014: 2: finished (165ms, 500cycles)
Wed May 07 00:50:12 CEST 2014: 2: No solution found.
Wed May 07 00:50:12 CEST 2014: 3: finished (5ms, 11cycles)
Wed May 07 00:50:12 CEST 2014: 3: Solution found.
Wed May 07 00:50:12 CEST 2014: 4: finished (169ms, 500cycles)
Wed May 07 00:50:12 CEST 2014: 4: No solution found.
Wed May 07 00:50:12 CEST 2014: 5: finished (175ms, 500cycles)
Wed May 07 00:50:12 CEST 2014: 5: No solution found.
Wed May 07 00:50:13 CEST 2014: 6: finished (173ms, 500cycles)
Wed May 07 00:50:13 CEST 2014: 6: No solution found.
Wed May 07 00:50:13 CEST 2014: 7: finished (176ms, 500cycles)
Wed May 07 00:50:13 CEST 2014: 7: No solution found.
Wed May 07 00:50:13 CEST 2014: 8: finished (206ms, 500cycles)
Wed May 07 00:50:13 CEST 2014: 8: No solution found.
Wed May 07 00:50:13 CEST 2014: 9: finished (189ms, 500cycles)
Wed May 07 00:50:13 CEST 2014: 9: No solution found.
Wed May 07 00:50:13 CEST 2014: 10: finished (9ms, 24cycles)
Wed May 07 00:50:13 CEST 2014: 10: Solution found.
Wed May 07 00:50:13 CEST 2014: 11: finished (11ms, 28cycles)
Wed May 07 00:50:13 CEST 2014: 11: Solution found.
Wed May 07 00:50:13 CEST 2014: 12: finished (185ms, 500cycles)
Wed May 07 00:50:13 CEST 2014: 12: No solution found.
Wed May 07 00:50:14 CEST 2014: 13: finished (164ms, 500cycles)
Wed May 07 00:50:14 CEST 2014: 13: No solution found.
Wed May 07 00:50:14 CEST 2014: 14: finished (13ms, 32cycles)
Wed May 07 00:50:14 CEST 2014: 14: Solution found.
Wed May 07 00:50:14 CEST 2014: 15: finished (166ms, 500cycles)
Wed May 07 00:50:14 CEST 2014: 15: No solution found.
Wed May 07 00:50:14 CEST 2014: 16: finished (15ms, 39cycles)
Wed May 07 00:50:14 CEST 2014: 16: Solution found.
Wed May 07 00:50:14 CEST 2014: 17: finished (169ms, 500cycles)
Wed May 07 00:50:14 CEST 2014: 17: No solution found.
Wed May 07 00:50:14 CEST 2014: 18: finished (187ms, 500cycles)
Wed May 07 00:50:14 CEST 2014: 18: No solution found.
Wed May 07 00:50:14 CEST 2014: 19: finished (161ms, 500cycles)
Wed May 07 00:50:14 CEST 2014: 19: No solution found.
Wed May 07 00:50:14 CEST 2014: 20: finished (6ms, 13cycles)
Wed May 07 00:50:14 CEST 2014: 20: Solution found.
Wed May 07 00:50:14 CEST 2014: 21: finished (10ms, 27cycles)
Wed May 07 00:50:14 CEST 2014: 21: Solution found.
Wed May 07 00:50:14 CEST 2014: 22: finished (192ms, 500cycles)
Wed May 07 00:50:14 CEST 2014: 22: No solution found.
Wed May 07 00:50:14 CEST 2014: 23: finished (18ms, 49cycles)
Wed May 07 00:50:14 CEST 2014: 23: Solution found.
Wed May 07 00:50:14 CEST 2014: 24: finished (11ms, 29cycles)
Wed May 07 00:50:14 CEST 2014: 24: Solution found.
Wed May 07 00:50:15 CEST 2014: 25: finished (19ms, 46cycles)
Wed May 07 00:50:15 CEST 2014: 25: Solution found.
Wed May 07 00:50:15 CEST 2014: 26: finished (160ms, 500cycles)
Wed May 07 00:50:15 CEST 2014: 26: No solution found.
Wed May 07 00:50:15 CEST 2014: 27: finished (9ms, 25cycles)
Wed May 07 00:50:15 CEST 2014: 27: Solution found.
Wed May 07 00:50:15 CEST 2014: 28: finished (11ms, 28cycles)
Wed May 07 00:50:15 CEST 2014: 28: Solution found.
Wed May 07 00:50:15 CEST 2014: 29: finished (162ms, 500cycles)
Wed May 07 00:50:15 CEST 2014: 29: No solution found.
Wed May 07 00:50:15 CEST 2014: 30: finished (170ms, 500cycles)
Wed May 07 00:50:15 CEST 2014: 30: No solution found.
Wed May 07 00:50:15 CEST 2014: 31: finished (183ms, 500cycles)
Wed May 07 00:50:15 CEST 2014: 31: No solution found.
Wed May 07 00:50:15 CEST 2014: 32: finished (5ms, 11cycles)
Wed May 07 00:50:15 CEST 2014: 32: Solution found.
Wed May 07 00:50:15 CEST 2014: 33: finished (13ms, 30cycles)
Wed May 07 00:50:15 CEST 2014: 33: Solution found.
Wed May 07 00:50:15 CEST 2014: 34: finished (170ms, 500cycles)
Wed May 07 00:50:15 CEST 2014: 34: No solution found.
Wed May 07 00:50:15 CEST 2014: 35: finished (23ms, 66cycles)
Wed May 07 00:50:15 CEST 2014: 35: Solution found.
Wed May 07 00:50:15 CEST 2014: 36: finished (4ms, 9cycles)
Wed May 07 00:50:15 CEST 2014: 36: Solution found.
Wed May 07 00:50:16 CEST 2014: 37: finished (187ms, 500cycles)
Wed May 07 00:50:16 CEST 2014: 37: No solution found.
Wed May 07 00:50:16 CEST 2014: 38: finished (105ms, 286cycles)
Wed May 07 00:50:16 CEST 2014: 38: Solution found.
Wed May 07 00:50:16 CEST 2014: 39: finished (8ms, 22cycles)
Wed May 07 00:50:16 CEST 2014: 39: Solution found.
Wed May 07 00:50:16 CEST 2014: 40: finished (17ms, 53cycles)
Wed May 07 00:50:16 CEST 2014: 40: Solution found.
Wed May 07 00:50:16 CEST 2014: 41: finished (11ms, 28cycles)
Wed May 07 00:50:16 CEST 2014: 41: Solution found.
Wed May 07 00:50:16 CEST 2014: 42: finished (12ms, 29cycles)
Wed May 07 00:50:16 CEST 2014: 42: Solution found.
Wed May 07 00:50:16 CEST 2014: 43: finished (171ms, 500cycles)
Wed May 07 00:50:16 CEST 2014: 43: No solution found.
Wed May 07 00:50:16 CEST 2014: 44: finished (177ms, 500cycles)
Wed May 07 00:50:16 CEST 2014: 44: No solution found.
Wed May 07 00:50:16 CEST 2014: 45: finished (173ms, 500cycles)
Wed May 07 00:50:16 CEST 2014: 45: No solution found.
Wed May 07 00:50:16 CEST 2014: 46: finished (4ms, 9cycles)
Wed May 07 00:50:16 CEST 2014: 46: Solution found.
Wed May 07 00:50:16 CEST 2014: 47: finished (4ms, 9cycles)
Wed May 07 00:50:16 CEST 2014: 47: Solution found.
Wed May 07 00:50:16 CEST 2014: 48: finished (42ms, 101cycles)
Wed May 07 00:50:16 CEST 2014: 48: Solution found.
Wed May 07 00:50:17 CEST 2014: 49: finished (180ms, 500cycles)
Wed May 07 00:50:17 CEST 2014: 49: No solution found.
Wed May 07 00:50:17 CEST 2014: 50: finished (19ms, 54cycles)
Wed May 07 00:50:17 CEST 2014: 50: Solution found.
Wed May 07 00:50:17 CEST 2014: 51: finished (169ms, 500cycles)
Wed May 07 00:50:17 CEST 2014: 51: No solution found.
Wed May 07 00:50:17 CEST 2014: 52: finished (185ms, 500cycles)
Wed May 07 00:50:17 CEST 2014: 52: No solution found.
Wed May 07 00:50:17 CEST 2014: 53: finished (9ms, 17cycles)
Wed May 07 00:50:17 CEST 2014: 53: Solution found.
Wed May 07 00:50:17 CEST 2014: 54: finished (163ms, 500cycles)
Wed May 07 00:50:17 CEST 2014: 54: No solution found.
Wed May 07 00:50:17 CEST 2014: 55: finished (175ms, 500cycles)
Wed May 07 00:50:17 CEST 2014: 55: No solution found.
Wed May 07 00:50:17 CEST 2014: 56: finished (159ms, 500cycles)
Wed May 07 00:50:17 CEST 2014: 56: No solution found.
Wed May 07 00:50:17 CEST 2014: 57: finished (8ms, 21cycles)
Wed May 07 00:50:17 CEST 2014: 57: Solution found.
Wed May 07 00:50:17 CEST 2014: 58: finished (11ms, 26cycles)
Wed May 07 00:50:17 CEST 2014: 58: Solution found.
Wed May 07 00:50:17 CEST 2014: 59: finished (4ms, 11cycles)
Wed May 07 00:50:17 CEST 2014: 59: Solution found.
Wed May 07 00:50:18 CEST 2014: 60: finished (167ms, 500cycles)
Wed May 07 00:50:18 CEST 2014: 60: No solution found.
Wed May 07 00:50:18 CEST 2014: 61: finished (17ms, 41cycles)
Wed May 07 00:50:18 CEST 2014: 61: Solution found.
Wed May 07 00:50:18 CEST 2014: 62: finished (14ms, 40cycles)
Wed May 07 00:50:18 CEST 2014: 62: Solution found.
Wed May 07 00:50:18 CEST 2014: 63: finished (12ms, 32cycles)
Wed May 07 00:50:18 CEST 2014: 63: Solution found.
Wed May 07 00:50:18 CEST 2014: 64: finished (165ms, 500cycles)
Wed May 07 00:50:18 CEST 2014: 64: No solution found.
Wed May 07 00:50:18 CEST 2014: 65: finished (26ms, 75cycles)
Wed May 07 00:50:18 CEST 2014: 65: Solution found.
Wed May 07 00:50:18 CEST 2014: 66: finished (9ms, 23cycles)
Wed May 07 00:50:18 CEST 2014: 66: Solution found.
Wed May 07 00:50:18 CEST 2014: 67: finished (12ms, 35cycles)
Wed May 07 00:50:18 CEST 2014: 67: Solution found.
Wed May 07 00:50:18 CEST 2014: 68: finished (3ms, 8cycles)
Wed May 07 00:50:18 CEST 2014: 68: Solution found.
Wed May 07 00:50:18 CEST 2014: 69: finished (13ms, 37cycles)
Wed May 07 00:50:18 CEST 2014: 69: Solution found.
Wed May 07 00:50:18 CEST 2014: 70: finished (161ms, 500cycles)
Wed May 07 00:50:18 CEST 2014: 70: No solution found.
Wed May 07 00:50:18 CEST 2014: 71: finished (172ms, 500cycles)
Wed May 07 00:50:18 CEST 2014: 71: No solution found.
Wed May 07 00:50:18 CEST 2014: 72: finished (17ms, 42cycles)
Wed May 07 00:50:18 CEST 2014: 72: Solution found.
Wed May 07 00:50:18 CEST 2014: 73: finished (4ms, 8cycles)
Wed May 07 00:50:18 CEST 2014: 73: Solution found.
Wed May 07 00:50:18 CEST 2014: 74: finished (7ms, 14cycles)
Wed May 07 00:50:18 CEST 2014: 74: Solution found.
Wed May 07 00:50:18 CEST 2014: 75: finished (197ms, 500cycles)
Wed May 07 00:50:18 CEST 2014: 75: No solution found.
Wed May 07 00:50:19 CEST 2014: 76: finished (172ms, 500cycles)
Wed May 07 00:50:19 CEST 2014: 76: No solution found.
Wed May 07 00:50:19 CEST 2014: 77: finished (40ms, 121cycles)
Wed May 07 00:50:19 CEST 2014: 77: Solution found.
Wed May 07 00:50:19 CEST 2014: 78: finished (173ms, 500cycles)
Wed May 07 00:50:19 CEST 2014: 78: No solution found.
Wed May 07 00:50:19 CEST 2014: 79: finished (174ms, 500cycles)
Wed May 07 00:50:19 CEST 2014: 79: No solution found.
Wed May 07 00:50:19 CEST 2014: 80: finished (4ms, 8cycles)
Wed May 07 00:50:19 CEST 2014: 80: Solution found.
Wed May 07 00:50:19 CEST 2014: 81: finished (194ms, 500cycles)
Wed May 07 00:50:19 CEST 2014: 81: No solution found.
Wed May 07 00:50:19 CEST 2014: 82: finished (197ms, 500cycles)
Wed May 07 00:50:19 CEST 2014: 82: No solution found.
Wed May 07 00:50:19 CEST 2014: 83: finished (5ms, 11cycles)
Wed May 07 00:50:19 CEST 2014: 83: Solution found.
Wed May 07 00:50:20 CEST 2014: 84: finished (162ms, 500cycles)
Wed May 07 00:50:20 CEST 2014: 84: No solution found.
Wed May 07 00:50:20 CEST 2014: 85: finished (164ms, 500cycles)
Wed May 07 00:50:20 CEST 2014: 85: No solution found.
Wed May 07 00:50:20 CEST 2014: 86: finished (175ms, 500cycles)
Wed May 07 00:50:20 CEST 2014: 86: No solution found.
Wed May 07 00:50:20 CEST 2014: 87: finished (11ms, 29cycles)
Wed May 07 00:50:20 CEST 2014: 87: Solution found.
Wed May 07 00:50:20 CEST 2014: 88: finished (171ms, 500cycles)
Wed May 07 00:50:20 CEST 2014: 88: No solution found.
Wed May 07 00:50:20 CEST 2014: 89: finished (169ms, 500cycles)
Wed May 07 00:50:20 CEST 2014: 89: No solution found.
Wed May 07 00:50:20 CEST 2014: 90: finished (13ms, 32cycles)
Wed May 07 00:50:20 CEST 2014: 90: Solution found.
Wed May 07 00:50:20 CEST 2014: 91: finished (165ms, 500cycles)
Wed May 07 00:50:20 CEST 2014: 91: No solution found.
Wed May 07 00:50:21 CEST 2014: 92: finished (181ms, 500cycles)
Wed May 07 00:50:21 CEST 2014: 92: No solution found.
Wed May 07 00:50:21 CEST 2014: 93: finished (10ms, 26cycles)
Wed May 07 00:50:21 CEST 2014: 93: Solution found.
Wed May 07 00:50:21 CEST 2014: 94: finished (184ms, 500cycles)
Wed May 07 00:50:21 CEST 2014: 94: No solution found.
Wed May 07 00:50:21 CEST 2014: 95: finished (181ms, 500cycles)
Wed May 07 00:50:21 CEST 2014: 95: No solution found.
Wed May 07 00:50:21 CEST 2014: 96: finished (160ms, 500cycles)
Wed May 07 00:50:21 CEST 2014: 96: No solution found.
Wed May 07 00:50:21 CEST 2014: 97: finished (177ms, 500cycles)
Wed May 07 00:50:21 CEST 2014: 97: No solution found.
Wed May 07 00:50:21 CEST 2014: 98: finished (170ms, 500cycles)
Wed May 07 00:50:21 CEST 2014: 98: No solution found.
Wed May 07 00:50:21 CEST 2014: 99: finished (4ms, 8cycles)
Wed May 07 00:50:21 CEST 2014: 99: Solution found.
Wed May 07 00:50:21 CEST 2014: Solution Found: 47
Wed May 07 00:50:21 CEST 2014: Avg cycles: 36
Wed May 07 00:50:21 CEST 2014: Max cycles: 286
Wed May 07 00:50:21 CEST 2014: Min cycles: 8
Wed May 07 00:50:21 CEST 2014: No solution found: 53
Wed May 07 00:50:21 CEST 2014: logging finished. (runtime: 9904ms)
