Sun May 18 01:38:24 CEST 2014: Problem Count: 10
Sun May 18 01:38:24 CEST 2014: CandidatesCount: 50
Sun May 18 01:38:24 CEST 2014: Max Cycles: 500
Sun May 18 01:38:24 CEST 2014: 0: finished (9ms, 13cycles)
Sun May 18 01:38:24 CEST 2014: 0: Solution found.
Sun May 18 01:38:24 CEST 2014: 1: finished (268ms, 500cycles)
Sun May 18 01:38:24 CEST 2014: 1: No solution found.
Sun May 18 01:38:25 CEST 2014: 2: finished (245ms, 500cycles)
Sun May 18 01:38:25 CEST 2014: 2: No solution found.
Sun May 18 01:38:25 CEST 2014: 3: finished (271ms, 500cycles)
Sun May 18 01:38:25 CEST 2014: 3: No solution found.
Sun May 18 01:38:25 CEST 2014: 4: finished (336ms, 500cycles)
Sun May 18 01:38:25 CEST 2014: 4: No solution found.
Sun May 18 01:38:25 CEST 2014: 5: finished (0ms, 2cycles)
Sun May 18 01:38:25 CEST 2014: 5: Solution found.
Sun May 18 01:38:26 CEST 2014: 6: finished (281ms, 500cycles)
Sun May 18 01:38:26 CEST 2014: 6: No solution found.
Sun May 18 01:38:26 CEST 2014: 7: finished (2ms, 11cycles)
Sun May 18 01:38:26 CEST 2014: 7: Solution found.
Sun May 18 01:38:26 CEST 2014: 8: finished (1ms, 8cycles)
Sun May 18 01:38:26 CEST 2014: 8: Solution found.
Sun May 18 01:38:26 CEST 2014: 9: finished (152ms, 188cycles)
Sun May 18 01:38:26 CEST 2014: 9: Solution found.
Sun May 18 01:38:26 CEST 2014: 10: finished (315ms, 500cycles)
Sun May 18 01:38:26 CEST 2014: 10: No solution found.
Sun May 18 01:38:26 CEST 2014: 11: finished (68ms, 500cycles)
Sun May 18 01:38:26 CEST 2014: 11: No solution found.
Sun May 18 01:38:26 CEST 2014: 12: finished (179ms, 500cycles)
Sun May 18 01:38:26 CEST 2014: 12: No solution found.
Sun May 18 01:38:26 CEST 2014: 13: finished (206ms, 500cycles)
Sun May 18 01:38:26 CEST 2014: 13: No solution found.
Sun May 18 01:38:27 CEST 2014: 14: finished (151ms, 500cycles)
Sun May 18 01:38:27 CEST 2014: 14: No solution found.
Sun May 18 01:38:27 CEST 2014: 15: finished (297ms, 500cycles)
Sun May 18 01:38:27 CEST 2014: 15: No solution found.
Sun May 18 01:38:27 CEST 2014: 16: finished (1ms, 5cycles)
Sun May 18 01:38:27 CEST 2014: 16: Solution found.
Sun May 18 01:38:27 CEST 2014: 17: finished (209ms, 500cycles)
Sun May 18 01:38:27 CEST 2014: 17: No solution found.
Sun May 18 01:38:27 CEST 2014: 18: finished (52ms, 500cycles)
Sun May 18 01:38:27 CEST 2014: 18: No solution found.
Sun May 18 01:38:27 CEST 2014: 19: finished (16ms, 34cycles)
Sun May 18 01:38:27 CEST 2014: 19: Solution found.
Sun May 18 01:38:27 CEST 2014: 20: finished (2ms, 8cycles)
Sun May 18 01:38:27 CEST 2014: 20: Solution found.
Sun May 18 01:38:27 CEST 2014: 21: finished (50ms, 500cycles)
Sun May 18 01:38:27 CEST 2014: 21: No solution found.
Sun May 18 01:38:28 CEST 2014: 22: finished (451ms, 500cycles)
Sun May 18 01:38:28 CEST 2014: 22: No solution found.
Sun May 18 01:38:28 CEST 2014: 23: finished (5ms, 18cycles)
Sun May 18 01:38:28 CEST 2014: 23: Solution found.
Sun May 18 01:38:28 CEST 2014: 24: finished (0ms, 3cycles)
Sun May 18 01:38:28 CEST 2014: 24: Solution found.
Sun May 18 01:38:28 CEST 2014: 25: finished (3ms, 15cycles)
Sun May 18 01:38:28 CEST 2014: 25: Solution found.
Sun May 18 01:38:28 CEST 2014: 26: finished (211ms, 500cycles)
Sun May 18 01:38:28 CEST 2014: 26: No solution found.
Sun May 18 01:38:28 CEST 2014: 27: finished (278ms, 500cycles)
Sun May 18 01:38:28 CEST 2014: 27: No solution found.
Sun May 18 01:38:28 CEST 2014: 28: finished (56ms, 500cycles)
Sun May 18 01:38:28 CEST 2014: 28: No solution found.
Sun May 18 01:38:28 CEST 2014: 29: finished (4ms, 30cycles)
Sun May 18 01:38:28 CEST 2014: 29: Solution found.
Sun May 18 01:38:28 CEST 2014: 30: finished (2ms, 17cycles)
Sun May 18 01:38:28 CEST 2014: 30: Solution found.
Sun May 18 01:38:29 CEST 2014: 31: finished (430ms, 500cycles)
Sun May 18 01:38:29 CEST 2014: 31: No solution found.
Sun May 18 01:38:29 CEST 2014: 32: finished (1ms, 7cycles)
Sun May 18 01:38:29 CEST 2014: 32: Solution found.
Sun May 18 01:38:29 CEST 2014: 33: finished (176ms, 500cycles)
Sun May 18 01:38:29 CEST 2014: 33: No solution found.
Sun May 18 01:38:29 CEST 2014: 34: finished (320ms, 500cycles)
Sun May 18 01:38:29 CEST 2014: 34: No solution found.
Sun May 18 01:38:29 CEST 2014: 35: finished (1ms, 5cycles)
Sun May 18 01:38:29 CEST 2014: 35: Solution found.
Sun May 18 01:38:29 CEST 2014: 36: finished (5ms, 26cycles)
Sun May 18 01:38:29 CEST 2014: 36: Solution found.
Sun May 18 01:38:30 CEST 2014: 37: finished (346ms, 500cycles)
Sun May 18 01:38:30 CEST 2014: 37: No solution found.
Sun May 18 01:38:30 CEST 2014: 38: finished (278ms, 500cycles)
Sun May 18 01:38:30 CEST 2014: 38: No solution found.
Sun May 18 01:38:30 CEST 2014: 39: finished (59ms, 500cycles)
Sun May 18 01:38:30 CEST 2014: 39: No solution found.
Sun May 18 01:38:30 CEST 2014: 40: finished (225ms, 500cycles)
Sun May 18 01:38:30 CEST 2014: 40: No solution found.
Sun May 18 01:38:30 CEST 2014: 41: finished (55ms, 500cycles)
Sun May 18 01:38:30 CEST 2014: 41: No solution found.
Sun May 18 01:38:30 CEST 2014: 42: finished (97ms, 500cycles)
Sun May 18 01:38:30 CEST 2014: 42: No solution found.
Sun May 18 01:38:30 CEST 2014: 43: finished (2ms, 8cycles)
Sun May 18 01:38:30 CEST 2014: 43: Solution found.
Sun May 18 01:38:31 CEST 2014: 44: finished (519ms, 500cycles)
Sun May 18 01:38:31 CEST 2014: 44: No solution found.
Sun May 18 01:38:31 CEST 2014: 45: finished (52ms, 500cycles)
Sun May 18 01:38:31 CEST 2014: 45: No solution found.
Sun May 18 01:38:31 CEST 2014: 46: finished (2ms, 5cycles)
Sun May 18 01:38:31 CEST 2014: 46: Solution found.
Sun May 18 01:38:31 CEST 2014: 47: finished (254ms, 500cycles)
Sun May 18 01:38:31 CEST 2014: 47: No solution found.
Sun May 18 01:38:31 CEST 2014: 48: finished (3ms, 14cycles)
Sun May 18 01:38:31 CEST 2014: 48: Solution found.
Sun May 18 01:38:31 CEST 2014: 49: finished (94ms, 202cycles)
Sun May 18 01:38:31 CEST 2014: 49: Solution found.
Sun May 18 01:38:31 CEST 2014: 50: finished (2ms, 11cycles)
Sun May 18 01:38:31 CEST 2014: 50: Solution found.
Sun May 18 01:38:31 CEST 2014: 51: finished (3ms, 16cycles)
Sun May 18 01:38:31 CEST 2014: 51: Solution found.
Sun May 18 01:38:31 CEST 2014: 52: finished (183ms, 500cycles)
Sun May 18 01:38:31 CEST 2014: 52: No solution found.
Sun May 18 01:38:32 CEST 2014: 53: finished (323ms, 500cycles)
Sun May 18 01:38:32 CEST 2014: 53: No solution found.
Sun May 18 01:38:32 CEST 2014: 54: finished (47ms, 500cycles)
Sun May 18 01:38:32 CEST 2014: 54: No solution found.
Sun May 18 01:38:32 CEST 2014: 55: finished (1ms, 5cycles)
Sun May 18 01:38:32 CEST 2014: 55: Solution found.
Sun May 18 01:38:32 CEST 2014: 56: finished (2ms, 10cycles)
Sun May 18 01:38:32 CEST 2014: 56: Solution found.
Sun May 18 01:38:32 CEST 2014: 57: finished (247ms, 500cycles)
Sun May 18 01:38:32 CEST 2014: 57: No solution found.
Sun May 18 01:38:32 CEST 2014: 58: finished (175ms, 500cycles)
Sun May 18 01:38:32 CEST 2014: 58: No solution found.
Sun May 18 01:38:32 CEST 2014: 59: finished (260ms, 500cycles)
Sun May 18 01:38:32 CEST 2014: 59: No solution found.
Sun May 18 01:38:32 CEST 2014: 60: finished (5ms, 30cycles)
Sun May 18 01:38:32 CEST 2014: 60: Solution found.
Sun May 18 01:38:33 CEST 2014: 61: finished (60ms, 500cycles)
Sun May 18 01:38:33 CEST 2014: 61: No solution found.
Sun May 18 01:38:33 CEST 2014: 62: finished (92ms, 500cycles)
Sun May 18 01:38:33 CEST 2014: 62: No solution found.
Sun May 18 01:38:33 CEST 2014: 63: finished (5ms, 16cycles)
Sun May 18 01:38:33 CEST 2014: 63: Solution found.
Sun May 18 01:38:33 CEST 2014: 64: finished (2ms, 8cycles)
Sun May 18 01:38:33 CEST 2014: 64: Solution found.
Sun May 18 01:38:33 CEST 2014: 65: finished (388ms, 500cycles)
Sun May 18 01:38:33 CEST 2014: 65: No solution found.
Sun May 18 01:38:33 CEST 2014: 66: finished (176ms, 500cycles)
Sun May 18 01:38:33 CEST 2014: 66: No solution found.
Sun May 18 01:38:33 CEST 2014: 67: finished (283ms, 500cycles)
Sun May 18 01:38:33 CEST 2014: 67: No solution found.
Sun May 18 01:38:33 CEST 2014: 68: finished (43ms, 500cycles)
Sun May 18 01:38:33 CEST 2014: 68: No solution found.
Sun May 18 01:38:34 CEST 2014: 69: finished (16ms, 58cycles)
Sun May 18 01:38:34 CEST 2014: 69: Solution found.
Sun May 18 01:38:34 CEST 2014: 70: finished (310ms, 500cycles)
Sun May 18 01:38:34 CEST 2014: 70: No solution found.
Sun May 18 01:38:34 CEST 2014: 71: finished (303ms, 500cycles)
Sun May 18 01:38:34 CEST 2014: 71: No solution found.
Sun May 18 01:38:34 CEST 2014: 72: finished (1ms, 8cycles)
Sun May 18 01:38:34 CEST 2014: 72: Solution found.
Sun May 18 01:38:34 CEST 2014: 73: finished (48ms, 500cycles)
Sun May 18 01:38:34 CEST 2014: 73: No solution found.
Sun May 18 01:38:34 CEST 2014: 74: finished (260ms, 500cycles)
Sun May 18 01:38:34 CEST 2014: 74: No solution found.
Sun May 18 01:38:35 CEST 2014: 75: finished (381ms, 500cycles)
Sun May 18 01:38:35 CEST 2014: 75: No solution found.
Sun May 18 01:38:35 CEST 2014: 76: finished (4ms, 18cycles)
Sun May 18 01:38:35 CEST 2014: 76: Solution found.
Sun May 18 01:38:35 CEST 2014: 77: finished (299ms, 500cycles)
Sun May 18 01:38:35 CEST 2014: 77: No solution found.
Sun May 18 01:38:35 CEST 2014: 78: finished (27ms, 48cycles)
Sun May 18 01:38:35 CEST 2014: 78: Solution found.
Sun May 18 01:38:35 CEST 2014: 79: finished (93ms, 119cycles)
Sun May 18 01:38:35 CEST 2014: 79: Solution found.
Sun May 18 01:38:35 CEST 2014: 80: finished (2ms, 10cycles)
Sun May 18 01:38:35 CEST 2014: 80: Solution found.
Sun May 18 01:38:35 CEST 2014: 81: finished (184ms, 500cycles)
Sun May 18 01:38:35 CEST 2014: 81: No solution found.
Sun May 18 01:38:35 CEST 2014: 82: finished (44ms, 500cycles)
Sun May 18 01:38:35 CEST 2014: 82: No solution found.
Sun May 18 01:38:35 CEST 2014: 83: finished (5ms, 13cycles)
Sun May 18 01:38:35 CEST 2014: 83: Solution found.
Sun May 18 01:38:36 CEST 2014: 84: finished (55ms, 500cycles)
Sun May 18 01:38:36 CEST 2014: 84: No solution found.
Sun May 18 01:38:36 CEST 2014: 85: finished (1ms, 4cycles)
Sun May 18 01:38:36 CEST 2014: 85: Solution found.
Sun May 18 01:38:36 CEST 2014: 86: finished (2ms, 9cycles)
Sun May 18 01:38:36 CEST 2014: 86: Solution found.
Sun May 18 01:38:36 CEST 2014: 87: finished (4ms, 11cycles)
Sun May 18 01:38:36 CEST 2014: 87: Solution found.
Sun May 18 01:38:36 CEST 2014: 88: finished (48ms, 500cycles)
Sun May 18 01:38:36 CEST 2014: 88: No solution found.
Sun May 18 01:38:36 CEST 2014: 89: finished (1ms, 4cycles)
Sun May 18 01:38:36 CEST 2014: 89: Solution found.
Sun May 18 01:38:36 CEST 2014: 90: finished (290ms, 500cycles)
Sun May 18 01:38:36 CEST 2014: 90: No solution found.
Sun May 18 01:38:36 CEST 2014: 91: finished (1ms, 3cycles)
Sun May 18 01:38:36 CEST 2014: 91: Solution found.
Sun May 18 01:38:36 CEST 2014: 92: finished (8ms, 23cycles)
Sun May 18 01:38:36 CEST 2014: 92: Solution found.
Sun May 18 01:38:36 CEST 2014: 93: finished (9ms, 52cycles)
Sun May 18 01:38:36 CEST 2014: 93: Solution found.
Sun May 18 01:38:36 CEST 2014: 94: finished (160ms, 500cycles)
Sun May 18 01:38:36 CEST 2014: 94: No solution found.
Sun May 18 01:38:36 CEST 2014: 95: finished (3ms, 13cycles)
Sun May 18 01:38:36 CEST 2014: 95: Solution found.
Sun May 18 01:38:36 CEST 2014: 96: finished (255ms, 500cycles)
Sun May 18 01:38:36 CEST 2014: 96: No solution found.
Sun May 18 01:38:36 CEST 2014: 97: finished (10ms, 57cycles)
Sun May 18 01:38:36 CEST 2014: 97: Solution found.
Sun May 18 01:38:37 CEST 2014: 98: finished (350ms, 500cycles)
Sun May 18 01:38:37 CEST 2014: 98: No solution found.
Sun May 18 01:38:37 CEST 2014: 99: finished (261ms, 500cycles)
Sun May 18 01:38:37 CEST 2014: 99: No solution found.
Sun May 18 01:38:37 CEST 2014: Solution Found: 43
Sun May 18 01:38:37 CEST 2014: Avg cycles: 27
Sun May 18 01:38:37 CEST 2014: Max cycles: 202
Sun May 18 01:38:37 CEST 2014: Min cycles: 2
Sun May 18 01:38:37 CEST 2014: No solution found: 57
Sun May 18 01:38:37 CEST 2014: logging finished. (runtime: 12789ms)
