Wed May 07 01:34:13 CEST 2014: Problem Count: 50
Wed May 07 01:34:13 CEST 2014: CandidatesCount: 30
Wed May 07 01:34:13 CEST 2014: Max Cycles: 500
Wed May 07 01:34:13 CEST 2014: 0: finished (204ms, 500cycles)
Wed May 07 01:34:13 CEST 2014: 0: No solution found.
Wed May 07 01:34:13 CEST 2014: 1: finished (5ms, 11cycles)
Wed May 07 01:34:13 CEST 2014: 1: Solution found.
Wed May 07 01:34:13 CEST 2014: 2: finished (3ms, 9cycles)
Wed May 07 01:34:13 CEST 2014: 2: Solution found.
Wed May 07 01:34:13 CEST 2014: 3: finished (181ms, 500cycles)
Wed May 07 01:34:13 CEST 2014: 3: No solution found.
Wed May 07 01:34:13 CEST 2014: 4: finished (3ms, 3cycles)
Wed May 07 01:34:13 CEST 2014: 4: Solution found.
Wed May 07 01:34:14 CEST 2014: 5: finished (404ms, 500cycles)
Wed May 07 01:34:14 CEST 2014: 5: No solution found.
Wed May 07 01:34:14 CEST 2014: 6: finished (39ms, 36cycles)
Wed May 07 01:34:14 CEST 2014: 6: Solution found.
Wed May 07 01:34:14 CEST 2014: 7: finished (586ms, 500cycles)
Wed May 07 01:34:14 CEST 2014: 7: No solution found.
Wed May 07 01:34:14 CEST 2014: 8: finished (40ms, 34cycles)
Wed May 07 01:34:14 CEST 2014: 8: Solution found.
Wed May 07 01:34:15 CEST 2014: 9: finished (167ms, 101cycles)
Wed May 07 01:34:15 CEST 2014: 9: Solution found.
Wed May 07 01:34:15 CEST 2014: 10: finished (758ms, 500cycles)
Wed May 07 01:34:15 CEST 2014: 10: No solution found.
Wed May 07 01:34:16 CEST 2014: 11: finished (719ms, 500cycles)
Wed May 07 01:34:16 CEST 2014: 11: No solution found.
Wed May 07 01:34:16 CEST 2014: 12: finished (38ms, 21cycles)
Wed May 07 01:34:16 CEST 2014: 12: Solution found.
Wed May 07 01:34:16 CEST 2014: 13: finished (235ms, 154cycles)
Wed May 07 01:34:16 CEST 2014: 13: Solution found.
Wed May 07 01:34:16 CEST 2014: 14: finished (57ms, 29cycles)
Wed May 07 01:34:16 CEST 2014: 14: Solution found.
Wed May 07 01:34:16 CEST 2014: 15: finished (27ms, 15cycles)
Wed May 07 01:34:16 CEST 2014: 15: Solution found.
Wed May 07 01:34:17 CEST 2014: 16: finished (731ms, 500cycles)
Wed May 07 01:34:17 CEST 2014: 16: No solution found.
Wed May 07 01:34:18 CEST 2014: 17: finished (848ms, 500cycles)
Wed May 07 01:34:18 CEST 2014: 17: No solution found.
Wed May 07 01:34:18 CEST 2014: 18: finished (27ms, 15cycles)
Wed May 07 01:34:18 CEST 2014: 18: Solution found.
Wed May 07 01:34:19 CEST 2014: 19: finished (577ms, 500cycles)
Wed May 07 01:34:19 CEST 2014: 19: No solution found.
Wed May 07 01:34:19 CEST 2014: 20: finished (74ms, 64cycles)
Wed May 07 01:34:19 CEST 2014: 20: Solution found.
Wed May 07 01:34:19 CEST 2014: 21: finished (529ms, 500cycles)
Wed May 07 01:34:19 CEST 2014: 21: No solution found.
Wed May 07 01:34:19 CEST 2014: 22: finished (26ms, 18cycles)
Wed May 07 01:34:19 CEST 2014: 22: Solution found.
Wed May 07 01:34:19 CEST 2014: 23: finished (37ms, 27cycles)
Wed May 07 01:34:19 CEST 2014: 23: Solution found.
Wed May 07 01:34:20 CEST 2014: 24: finished (391ms, 500cycles)
Wed May 07 01:34:20 CEST 2014: 24: No solution found.
Wed May 07 01:34:20 CEST 2014: 25: finished (190ms, 500cycles)
Wed May 07 01:34:20 CEST 2014: 25: No solution found.
Wed May 07 01:34:20 CEST 2014: 26: finished (8ms, 14cycles)
Wed May 07 01:34:20 CEST 2014: 26: Solution found.
Wed May 07 01:34:20 CEST 2014: 27: finished (184ms, 500cycles)
Wed May 07 01:34:20 CEST 2014: 27: No solution found.
Wed May 07 01:34:20 CEST 2014: 28: finished (184ms, 500cycles)
Wed May 07 01:34:20 CEST 2014: 28: No solution found.
Wed May 07 01:34:20 CEST 2014: 29: finished (10ms, 24cycles)
Wed May 07 01:34:20 CEST 2014: 29: Solution found.
Wed May 07 01:34:21 CEST 2014: 30: finished (196ms, 500cycles)
Wed May 07 01:34:21 CEST 2014: 30: No solution found.
Wed May 07 01:34:21 CEST 2014: 31: finished (22ms, 51cycles)
Wed May 07 01:34:21 CEST 2014: 31: Solution found.
Wed May 07 01:34:21 CEST 2014: 32: finished (14ms, 32cycles)
Wed May 07 01:34:21 CEST 2014: 32: Solution found.
Wed May 07 01:34:21 CEST 2014: 33: finished (54ms, 65cycles)
Wed May 07 01:34:21 CEST 2014: 33: Solution found.
Wed May 07 01:34:21 CEST 2014: 34: finished (197ms, 500cycles)
Wed May 07 01:34:21 CEST 2014: 34: No solution found.
Wed May 07 01:34:21 CEST 2014: 35: finished (212ms, 500cycles)
Wed May 07 01:34:21 CEST 2014: 35: No solution found.
Wed May 07 01:34:21 CEST 2014: 36: finished (16ms, 38cycles)
Wed May 07 01:34:21 CEST 2014: 36: Solution found.
Wed May 07 01:34:21 CEST 2014: 37: finished (171ms, 500cycles)
Wed May 07 01:34:21 CEST 2014: 37: No solution found.
Wed May 07 01:34:21 CEST 2014: 38: finished (195ms, 500cycles)
Wed May 07 01:34:21 CEST 2014: 38: No solution found.
Wed May 07 01:34:21 CEST 2014: 39: finished (6ms, 12cycles)
Wed May 07 01:34:21 CEST 2014: 39: Solution found.
Wed May 07 01:34:22 CEST 2014: 40: finished (191ms, 500cycles)
Wed May 07 01:34:22 CEST 2014: 40: No solution found.
Wed May 07 01:34:22 CEST 2014: 41: finished (187ms, 500cycles)
Wed May 07 01:34:22 CEST 2014: 41: No solution found.
Wed May 07 01:34:22 CEST 2014: 42: finished (201ms, 500cycles)
Wed May 07 01:34:22 CEST 2014: 42: No solution found.
Wed May 07 01:34:22 CEST 2014: 43: finished (180ms, 500cycles)
Wed May 07 01:34:22 CEST 2014: 43: No solution found.
Wed May 07 01:34:22 CEST 2014: 44: finished (191ms, 500cycles)
Wed May 07 01:34:22 CEST 2014: 44: No solution found.
Wed May 07 01:34:22 CEST 2014: 45: finished (15ms, 38cycles)
Wed May 07 01:34:22 CEST 2014: 45: Solution found.
Wed May 07 01:34:23 CEST 2014: 46: finished (184ms, 500cycles)
Wed May 07 01:34:23 CEST 2014: 46: No solution found.
Wed May 07 01:34:23 CEST 2014: 47: finished (182ms, 500cycles)
Wed May 07 01:34:23 CEST 2014: 47: No solution found.
Wed May 07 01:34:23 CEST 2014: 48: finished (2ms, 3cycles)
Wed May 07 01:34:23 CEST 2014: 48: Solution found.
Wed May 07 01:34:23 CEST 2014: 49: finished (221ms, 500cycles)
Wed May 07 01:34:23 CEST 2014: 49: No solution found.
Wed May 07 01:34:23 CEST 2014: 50: finished (4ms, 9cycles)
Wed May 07 01:34:23 CEST 2014: 50: Solution found.
Wed May 07 01:34:23 CEST 2014: 51: finished (178ms, 500cycles)
Wed May 07 01:34:23 CEST 2014: 51: No solution found.
Wed May 07 01:34:23 CEST 2014: 52: finished (9ms, 16cycles)
Wed May 07 01:34:23 CEST 2014: 52: Solution found.
Wed May 07 01:34:23 CEST 2014: 53: finished (20ms, 43cycles)
Wed May 07 01:34:23 CEST 2014: 53: Solution found.
Wed May 07 01:34:23 CEST 2014: 54: finished (19ms, 50cycles)
Wed May 07 01:34:23 CEST 2014: 54: Solution found.
Wed May 07 01:34:23 CEST 2014: 55: finished (193ms, 500cycles)
Wed May 07 01:34:23 CEST 2014: 55: No solution found.
Wed May 07 01:34:23 CEST 2014: 56: finished (8ms, 14cycles)
Wed May 07 01:34:23 CEST 2014: 56: Solution found.
Wed May 07 01:34:23 CEST 2014: 57: finished (8ms, 16cycles)
Wed May 07 01:34:23 CEST 2014: 57: Solution found.
Wed May 07 01:34:24 CEST 2014: 58: finished (184ms, 500cycles)
Wed May 07 01:34:24 CEST 2014: 58: No solution found.
Wed May 07 01:34:24 CEST 2014: 59: finished (13ms, 32cycles)
Wed May 07 01:34:24 CEST 2014: 59: Solution found.
Wed May 07 01:34:24 CEST 2014: 60: finished (178ms, 500cycles)
Wed May 07 01:34:24 CEST 2014: 60: No solution found.
Wed May 07 01:34:24 CEST 2014: 61: finished (7ms, 17cycles)
Wed May 07 01:34:24 CEST 2014: 61: Solution found.
Wed May 07 01:34:24 CEST 2014: 62: finished (10ms, 24cycles)
Wed May 07 01:34:24 CEST 2014: 62: Solution found.
Wed May 07 01:34:24 CEST 2014: 63: finished (3ms, 7cycles)
Wed May 07 01:34:24 CEST 2014: 63: Solution found.
Wed May 07 01:34:24 CEST 2014: 64: finished (205ms, 500cycles)
Wed May 07 01:34:24 CEST 2014: 64: No solution found.
Wed May 07 01:34:24 CEST 2014: 65: finished (9ms, 21cycles)
Wed May 07 01:34:24 CEST 2014: 65: Solution found.
Wed May 07 01:34:24 CEST 2014: 66: finished (9ms, 20cycles)
Wed May 07 01:34:24 CEST 2014: 66: Solution found.
Wed May 07 01:34:24 CEST 2014: 67: finished (9ms, 20cycles)
Wed May 07 01:34:24 CEST 2014: 67: Solution found.
Wed May 07 01:34:24 CEST 2014: 68: finished (222ms, 500cycles)
Wed May 07 01:34:24 CEST 2014: 68: No solution found.
Wed May 07 01:34:24 CEST 2014: 69: finished (15ms, 37cycles)
Wed May 07 01:34:24 CEST 2014: 69: Solution found.
Wed May 07 01:34:24 CEST 2014: 70: finished (182ms, 500cycles)
Wed May 07 01:34:24 CEST 2014: 70: No solution found.
Wed May 07 01:34:24 CEST 2014: 71: finished (8ms, 16cycles)
Wed May 07 01:34:24 CEST 2014: 71: Solution found.
Wed May 07 01:34:24 CEST 2014: 72: finished (5ms, 9cycles)
Wed May 07 01:34:24 CEST 2014: 72: Solution found.
Wed May 07 01:34:25 CEST 2014: 73: finished (187ms, 500cycles)
Wed May 07 01:34:25 CEST 2014: 73: No solution found.
Wed May 07 01:34:25 CEST 2014: 74: finished (38ms, 95cycles)
Wed May 07 01:34:25 CEST 2014: 74: Solution found.
Wed May 07 01:34:25 CEST 2014: 75: finished (227ms, 500cycles)
Wed May 07 01:34:25 CEST 2014: 75: No solution found.
Wed May 07 01:34:25 CEST 2014: 76: finished (3ms, 3cycles)
Wed May 07 01:34:25 CEST 2014: 76: Solution found.
Wed May 07 01:34:25 CEST 2014: 77: finished (197ms, 500cycles)
Wed May 07 01:34:25 CEST 2014: 77: No solution found.
Wed May 07 01:34:25 CEST 2014: 78: finished (196ms, 500cycles)
Wed May 07 01:34:25 CEST 2014: 78: No solution found.
Wed May 07 01:34:25 CEST 2014: 79: finished (3ms, 4cycles)
Wed May 07 01:34:25 CEST 2014: 79: Solution found.
Wed May 07 01:34:25 CEST 2014: 80: finished (15ms, 36cycles)
Wed May 07 01:34:25 CEST 2014: 80: Solution found.
Wed May 07 01:34:25 CEST 2014: 81: finished (18ms, 42cycles)
Wed May 07 01:34:25 CEST 2014: 81: Solution found.
Wed May 07 01:34:25 CEST 2014: 82: finished (88ms, 210cycles)
Wed May 07 01:34:25 CEST 2014: 82: Solution found.
Wed May 07 01:34:25 CEST 2014: 83: finished (16ms, 28cycles)
Wed May 07 01:34:25 CEST 2014: 83: Solution found.
Wed May 07 01:34:26 CEST 2014: 84: finished (196ms, 500cycles)
Wed May 07 01:34:26 CEST 2014: 84: No solution found.
Wed May 07 01:34:26 CEST 2014: 85: finished (184ms, 500cycles)
Wed May 07 01:34:26 CEST 2014: 85: No solution found.
Wed May 07 01:34:26 CEST 2014: 86: finished (14ms, 34cycles)
Wed May 07 01:34:26 CEST 2014: 86: Solution found.
Wed May 07 01:34:26 CEST 2014: 87: finished (181ms, 500cycles)
Wed May 07 01:34:26 CEST 2014: 87: No solution found.
Wed May 07 01:34:26 CEST 2014: 88: finished (1ms, 2cycles)
Wed May 07 01:34:26 CEST 2014: 88: Solution found.
Wed May 07 01:34:26 CEST 2014: 89: finished (188ms, 500cycles)
Wed May 07 01:34:26 CEST 2014: 89: No solution found.
Wed May 07 01:34:26 CEST 2014: 90: finished (189ms, 500cycles)
Wed May 07 01:34:26 CEST 2014: 90: No solution found.
Wed May 07 01:34:26 CEST 2014: 91: finished (5ms, 10cycles)
Wed May 07 01:34:26 CEST 2014: 91: Solution found.
Wed May 07 01:34:27 CEST 2014: 92: finished (192ms, 500cycles)
Wed May 07 01:34:27 CEST 2014: 92: No solution found.
Wed May 07 01:34:27 CEST 2014: 93: finished (218ms, 500cycles)
Wed May 07 01:34:27 CEST 2014: 93: No solution found.
Wed May 07 01:34:27 CEST 2014: 94: finished (23ms, 42cycles)
Wed May 07 01:34:27 CEST 2014: 94: Solution found.
Wed May 07 01:34:27 CEST 2014: 95: finished (13ms, 25cycles)
Wed May 07 01:34:27 CEST 2014: 95: Solution found.
Wed May 07 01:34:27 CEST 2014: 96: finished (6ms, 14cycles)
Wed May 07 01:34:27 CEST 2014: 96: Solution found.
Wed May 07 01:34:27 CEST 2014: 97: finished (10ms, 25cycles)
Wed May 07 01:34:27 CEST 2014: 97: Solution found.
Wed May 07 01:34:27 CEST 2014: 98: finished (203ms, 500cycles)
Wed May 07 01:34:27 CEST 2014: 98: No solution found.
Wed May 07 01:34:27 CEST 2014: 99: finished (216ms, 500cycles)
Wed May 07 01:34:27 CEST 2014: 99: No solution found.
Wed May 07 01:34:27 CEST 2014: Solution Found: 53
Wed May 07 01:34:27 CEST 2014: Avg cycles: 32
Wed May 07 01:34:27 CEST 2014: Max cycles: 210
Wed May 07 01:34:27 CEST 2014: Min cycles: 2
Wed May 07 01:34:27 CEST 2014: No solution found: 47
Wed May 07 01:34:27 CEST 2014: logging finished. (runtime: 14275ms)
