Sat May 17 21:20:39 CEST 2014: Problem Count: 10
Sat May 17 21:20:39 CEST 2014: CandidatesCount: 40
Sat May 17 21:20:39 CEST 2014: Max Cycles: 500
Sat May 17 21:20:39 CEST 2014: 0: finished (192ms, 500cycles)
Sat May 17 21:20:39 CEST 2014: 0: No solution found.
Sat May 17 21:20:39 CEST 2014: 1: finished (8ms, 37cycles)
Sat May 17 21:20:39 CEST 2014: 1: Solution found.
Sat May 17 21:20:39 CEST 2014: 2: finished (154ms, 229cycles)
Sat May 17 21:20:39 CEST 2014: 2: Solution found.
Sat May 17 21:20:39 CEST 2014: 3: finished (308ms, 423cycles)
Sat May 17 21:20:39 CEST 2014: 3: Solution found.
Sat May 17 21:20:39 CEST 2014: 4: finished (1ms, 9cycles)
Sat May 17 21:20:39 CEST 2014: 4: Solution found.
Sat May 17 21:20:39 CEST 2014: 5: finished (36ms, 500cycles)
Sat May 17 21:20:39 CEST 2014: 5: No solution found.
Sat May 17 21:20:40 CEST 2014: 6: finished (222ms, 500cycles)
Sat May 17 21:20:40 CEST 2014: 6: No solution found.
Sat May 17 21:20:40 CEST 2014: 7: finished (225ms, 500cycles)
Sat May 17 21:20:40 CEST 2014: 7: No solution found.
Sat May 17 21:20:40 CEST 2014: 8: finished (2ms, 8cycles)
Sat May 17 21:20:40 CEST 2014: 8: Solution found.
Sat May 17 21:20:40 CEST 2014: 9: finished (315ms, 500cycles)
Sat May 17 21:20:40 CEST 2014: 9: No solution found.
Sat May 17 21:20:40 CEST 2014: 10: finished (226ms, 500cycles)
Sat May 17 21:20:40 CEST 2014: 10: No solution found.
Sat May 17 21:20:41 CEST 2014: 11: finished (370ms, 500cycles)
Sat May 17 21:20:41 CEST 2014: 11: No solution found.
Sat May 17 21:20:41 CEST 2014: 12: finished (44ms, 500cycles)
Sat May 17 21:20:41 CEST 2014: 12: No solution found.
Sat May 17 21:20:41 CEST 2014: 13: finished (3ms, 9cycles)
Sat May 17 21:20:41 CEST 2014: 13: Solution found.
Sat May 17 21:20:41 CEST 2014: 14: finished (285ms, 500cycles)
Sat May 17 21:20:41 CEST 2014: 14: No solution found.
Sat May 17 21:20:41 CEST 2014: 15: finished (344ms, 500cycles)
Sat May 17 21:20:41 CEST 2014: 15: No solution found.
Sat May 17 21:20:41 CEST 2014: 16: finished (42ms, 500cycles)
Sat May 17 21:20:41 CEST 2014: 16: No solution found.
Sat May 17 21:20:42 CEST 2014: 17: finished (36ms, 500cycles)
Sat May 17 21:20:42 CEST 2014: 17: No solution found.
Sat May 17 21:20:42 CEST 2014: 18: finished (36ms, 500cycles)
Sat May 17 21:20:42 CEST 2014: 18: No solution found.
Sat May 17 21:20:42 CEST 2014: 19: finished (339ms, 500cycles)
Sat May 17 21:20:42 CEST 2014: 19: No solution found.
Sat May 17 21:20:42 CEST 2014: 20: finished (345ms, 500cycles)
Sat May 17 21:20:42 CEST 2014: 20: No solution found.
Sat May 17 21:20:42 CEST 2014: 21: finished (42ms, 500cycles)
Sat May 17 21:20:42 CEST 2014: 21: No solution found.
Sat May 17 21:20:43 CEST 2014: 22: finished (266ms, 500cycles)
Sat May 17 21:20:43 CEST 2014: 22: No solution found.
Sat May 17 21:20:43 CEST 2014: 23: finished (298ms, 500cycles)
Sat May 17 21:20:43 CEST 2014: 23: No solution found.
Sat May 17 21:20:43 CEST 2014: 24: finished (133ms, 500cycles)
Sat May 17 21:20:43 CEST 2014: 24: No solution found.
Sat May 17 21:20:43 CEST 2014: 25: finished (226ms, 500cycles)
Sat May 17 21:20:43 CEST 2014: 25: No solution found.
Sat May 17 21:20:43 CEST 2014: 26: finished (214ms, 500cycles)
Sat May 17 21:20:43 CEST 2014: 26: No solution found.
Sat May 17 21:20:44 CEST 2014: 27: finished (205ms, 500cycles)
Sat May 17 21:20:44 CEST 2014: 27: No solution found.
Sat May 17 21:20:44 CEST 2014: 28: finished (170ms, 500cycles)
Sat May 17 21:20:44 CEST 2014: 28: No solution found.
Sat May 17 21:20:44 CEST 2014: 29: finished (371ms, 500cycles)
Sat May 17 21:20:44 CEST 2014: 29: No solution found.
Sat May 17 21:20:44 CEST 2014: 30: finished (180ms, 500cycles)
Sat May 17 21:20:44 CEST 2014: 30: No solution found.
Sat May 17 21:20:44 CEST 2014: 31: finished (1ms, 3cycles)
Sat May 17 21:20:44 CEST 2014: 31: Solution found.
Sat May 17 21:20:44 CEST 2014: 32: finished (2ms, 19cycles)
Sat May 17 21:20:44 CEST 2014: 32: Solution found.
Sat May 17 21:20:45 CEST 2014: 33: finished (352ms, 500cycles)
Sat May 17 21:20:45 CEST 2014: 33: No solution found.
Sat May 17 21:20:45 CEST 2014: 34: finished (297ms, 500cycles)
Sat May 17 21:20:45 CEST 2014: 34: No solution found.
Sat May 17 21:20:45 CEST 2014: 35: finished (220ms, 500cycles)
Sat May 17 21:20:45 CEST 2014: 35: No solution found.
Sat May 17 21:20:46 CEST 2014: 36: finished (284ms, 500cycles)
Sat May 17 21:20:46 CEST 2014: 36: No solution found.
Sat May 17 21:20:46 CEST 2014: 37: finished (36ms, 500cycles)
Sat May 17 21:20:46 CEST 2014: 37: No solution found.
Sat May 17 21:20:46 CEST 2014: 38: finished (40ms, 500cycles)
Sat May 17 21:20:46 CEST 2014: 38: No solution found.
Sat May 17 21:20:46 CEST 2014: 39: finished (254ms, 500cycles)
Sat May 17 21:20:46 CEST 2014: 39: No solution found.
Sat May 17 21:20:46 CEST 2014: 40: finished (237ms, 500cycles)
Sat May 17 21:20:46 CEST 2014: 40: No solution found.
Sat May 17 21:20:46 CEST 2014: 41: finished (39ms, 500cycles)
Sat May 17 21:20:46 CEST 2014: 41: No solution found.
Sat May 17 21:20:46 CEST 2014: 42: finished (298ms, 500cycles)
Sat May 17 21:20:46 CEST 2014: 42: No solution found.
Sat May 17 21:20:46 CEST 2014: 43: finished (2ms, 13cycles)
Sat May 17 21:20:46 CEST 2014: 43: Solution found.
Sat May 17 21:20:47 CEST 2014: 44: finished (114ms, 175cycles)
Sat May 17 21:20:47 CEST 2014: 44: Solution found.
Sat May 17 21:20:47 CEST 2014: 45: finished (84ms, 193cycles)
Sat May 17 21:20:47 CEST 2014: 45: Solution found.
Sat May 17 21:20:47 CEST 2014: 46: finished (13ms, 38cycles)
Sat May 17 21:20:47 CEST 2014: 46: Solution found.
Sat May 17 21:20:47 CEST 2014: 47: finished (12ms, 38cycles)
Sat May 17 21:20:47 CEST 2014: 47: Solution found.
Sat May 17 21:20:47 CEST 2014: 48: finished (2ms, 10cycles)
Sat May 17 21:20:47 CEST 2014: 48: Solution found.
Sat May 17 21:20:47 CEST 2014: 49: finished (170ms, 500cycles)
Sat May 17 21:20:47 CEST 2014: 49: No solution found.
Sat May 17 21:20:47 CEST 2014: 50: finished (236ms, 500cycles)
Sat May 17 21:20:47 CEST 2014: 50: No solution found.
Sat May 17 21:20:47 CEST 2014: 51: finished (11ms, 49cycles)
Sat May 17 21:20:47 CEST 2014: 51: Solution found.
Sat May 17 21:20:47 CEST 2014: 52: finished (149ms, 500cycles)
Sat May 17 21:20:47 CEST 2014: 52: No solution found.
Sat May 17 21:20:47 CEST 2014: 53: finished (1ms, 7cycles)
Sat May 17 21:20:47 CEST 2014: 53: Solution found.
Sat May 17 21:20:47 CEST 2014: 54: finished (41ms, 500cycles)
Sat May 17 21:20:47 CEST 2014: 54: No solution found.
Sat May 17 21:20:47 CEST 2014: 55: finished (40ms, 500cycles)
Sat May 17 21:20:47 CEST 2014: 55: No solution found.
Sat May 17 21:20:47 CEST 2014: 56: finished (40ms, 500cycles)
Sat May 17 21:20:47 CEST 2014: 56: No solution found.
Sat May 17 21:20:47 CEST 2014: 57: finished (42ms, 500cycles)
Sat May 17 21:20:47 CEST 2014: 57: No solution found.
Sat May 17 21:20:48 CEST 2014: 58: finished (325ms, 500cycles)
Sat May 17 21:20:48 CEST 2014: 58: No solution found.
Sat May 17 21:20:48 CEST 2014: 59: finished (38ms, 500cycles)
Sat May 17 21:20:48 CEST 2014: 59: No solution found.
Sat May 17 21:20:48 CEST 2014: 60: finished (34ms, 78cycles)
Sat May 17 21:20:48 CEST 2014: 60: Solution found.
Sat May 17 21:20:48 CEST 2014: 61: finished (156ms, 500cycles)
Sat May 17 21:20:48 CEST 2014: 61: No solution found.
Sat May 17 21:20:48 CEST 2014: 62: finished (2ms, 14cycles)
Sat May 17 21:20:48 CEST 2014: 62: Solution found.
Sat May 17 21:20:48 CEST 2014: 63: finished (55ms, 129cycles)
Sat May 17 21:20:48 CEST 2014: 63: Solution found.
Sat May 17 21:20:48 CEST 2014: 64: finished (407ms, 500cycles)
Sat May 17 21:20:48 CEST 2014: 64: No solution found.
Sat May 17 21:20:48 CEST 2014: 65: finished (7ms, 14cycles)
Sat May 17 21:20:48 CEST 2014: 65: Solution found.
Sat May 17 21:20:49 CEST 2014: 66: finished (119ms, 500cycles)
Sat May 17 21:20:49 CEST 2014: 66: No solution found.
Sat May 17 21:20:49 CEST 2014: 67: finished (297ms, 500cycles)
Sat May 17 21:20:49 CEST 2014: 67: No solution found.
Sat May 17 21:20:49 CEST 2014: 68: finished (107ms, 500cycles)
Sat May 17 21:20:49 CEST 2014: 68: No solution found.
Sat May 17 21:20:49 CEST 2014: 69: finished (38ms, 500cycles)
Sat May 17 21:20:49 CEST 2014: 69: No solution found.
Sat May 17 21:20:49 CEST 2014: 70: finished (45ms, 500cycles)
Sat May 17 21:20:49 CEST 2014: 70: No solution found.
Sat May 17 21:20:49 CEST 2014: 71: finished (2ms, 11cycles)
Sat May 17 21:20:49 CEST 2014: 71: Solution found.
Sat May 17 21:20:49 CEST 2014: 72: finished (168ms, 500cycles)
Sat May 17 21:20:49 CEST 2014: 72: No solution found.
Sat May 17 21:20:49 CEST 2014: 73: finished (36ms, 500cycles)
Sat May 17 21:20:49 CEST 2014: 73: No solution found.
Sat May 17 21:20:49 CEST 2014: 74: finished (38ms, 500cycles)
Sat May 17 21:20:49 CEST 2014: 74: No solution found.
Sat May 17 21:20:49 CEST 2014: 75: finished (41ms, 500cycles)
Sat May 17 21:20:49 CEST 2014: 75: No solution found.
Sat May 17 21:20:50 CEST 2014: 76: finished (307ms, 500cycles)
Sat May 17 21:20:50 CEST 2014: 76: No solution found.
Sat May 17 21:20:50 CEST 2014: 77: finished (2ms, 10cycles)
Sat May 17 21:20:50 CEST 2014: 77: Solution found.
Sat May 17 21:20:50 CEST 2014: 78: finished (40ms, 500cycles)
Sat May 17 21:20:50 CEST 2014: 78: No solution found.
Sat May 17 21:20:50 CEST 2014: 79: finished (185ms, 500cycles)
Sat May 17 21:20:50 CEST 2014: 79: No solution found.
Sat May 17 21:20:50 CEST 2014: 80: finished (1ms, 6cycles)
Sat May 17 21:20:50 CEST 2014: 80: Solution found.
Sat May 17 21:20:50 CEST 2014: 81: finished (186ms, 500cycles)
Sat May 17 21:20:50 CEST 2014: 81: No solution found.
Sat May 17 21:20:50 CEST 2014: 82: finished (1ms, 6cycles)
Sat May 17 21:20:50 CEST 2014: 82: Solution found.
Sat May 17 21:20:50 CEST 2014: 83: finished (117ms, 500cycles)
Sat May 17 21:20:50 CEST 2014: 83: No solution found.
Sat May 17 21:20:50 CEST 2014: 84: finished (248ms, 500cycles)
Sat May 17 21:20:50 CEST 2014: 84: No solution found.
Sat May 17 21:20:50 CEST 2014: 85: finished (36ms, 500cycles)
Sat May 17 21:20:50 CEST 2014: 85: No solution found.
Sat May 17 21:20:50 CEST 2014: 86: finished (55ms, 126cycles)
Sat May 17 21:20:50 CEST 2014: 86: Solution found.
Sat May 17 21:20:50 CEST 2014: 87: finished (37ms, 500cycles)
Sat May 17 21:20:50 CEST 2014: 87: No solution found.
Sat May 17 21:20:50 CEST 2014: 88: finished (1ms, 3cycles)
Sat May 17 21:20:50 CEST 2014: 88: Solution found.
Sat May 17 21:20:51 CEST 2014: 89: finished (5ms, 23cycles)
Sat May 17 21:20:51 CEST 2014: 89: Solution found.
Sat May 17 21:20:51 CEST 2014: 90: finished (39ms, 500cycles)
Sat May 17 21:20:51 CEST 2014: 90: No solution found.
Sat May 17 21:20:51 CEST 2014: 91: finished (315ms, 500cycles)
Sat May 17 21:20:51 CEST 2014: 91: No solution found.
Sat May 17 21:20:51 CEST 2014: 92: finished (1ms, 8cycles)
Sat May 17 21:20:51 CEST 2014: 92: Solution found.
Sat May 17 21:20:51 CEST 2014: 93: finished (48ms, 90cycles)
Sat May 17 21:20:51 CEST 2014: 93: Solution found.
Sat May 17 21:20:51 CEST 2014: 94: finished (1ms, 7cycles)
Sat May 17 21:20:51 CEST 2014: 94: Solution found.
Sat May 17 21:20:51 CEST 2014: 95: finished (169ms, 500cycles)
Sat May 17 21:20:51 CEST 2014: 95: No solution found.
Sat May 17 21:20:51 CEST 2014: 96: finished (4ms, 14cycles)
Sat May 17 21:20:51 CEST 2014: 96: Solution found.
Sat May 17 21:20:51 CEST 2014: 97: finished (1ms, 8cycles)
Sat May 17 21:20:51 CEST 2014: 97: Solution found.
Sat May 17 21:20:51 CEST 2014: 98: finished (234ms, 500cycles)
Sat May 17 21:20:51 CEST 2014: 98: No solution found.
Sat May 17 21:20:51 CEST 2014: 99: finished (103ms, 500cycles)
Sat May 17 21:20:51 CEST 2014: 99: No solution found.
Sat May 17 21:20:51 CEST 2014: Solution Found: 32
Sat May 17 21:20:51 CEST 2014: Avg cycles: 56
Sat May 17 21:20:51 CEST 2014: Max cycles: 423
Sat May 17 21:20:51 CEST 2014: Min cycles: 3
Sat May 17 21:20:51 CEST 2014: No solution found: 68
Sat May 17 21:20:51 CEST 2014: logging finished. (runtime: 12717ms)
