Wed May 07 22:00:58 CEST 2014: Problem Count: 10
Wed May 07 22:00:58 CEST 2014: CandidatesCount: 50
Wed May 07 22:00:58 CEST 2014: Max Cycles: 500
Wed May 07 22:00:58 CEST 2014: 0: finished (494ms, 500cycles)
Wed May 07 22:00:58 CEST 2014: 0: No solution found.
Wed May 07 22:00:59 CEST 2014: 1: finished (636ms, 500cycles)
Wed May 07 22:00:59 CEST 2014: 1: No solution found.
Wed May 07 22:01:00 CEST 2014: 2: finished (804ms, 430cycles)
Wed May 07 22:01:00 CEST 2014: 2: Solution found.
Wed May 07 22:01:00 CEST 2014: 3: finished (476ms, 152cycles)
Wed May 07 22:01:00 CEST 2014: 3: Solution found.
Wed May 07 22:01:01 CEST 2014: 4: finished (582ms, 500cycles)
Wed May 07 22:01:01 CEST 2014: 4: No solution found.
Wed May 07 22:01:01 CEST 2014: 5: finished (4ms, 7cycles)
Wed May 07 22:01:01 CEST 2014: 5: Solution found.
Wed May 07 22:01:02 CEST 2014: 6: finished (742ms, 500cycles)
Wed May 07 22:01:02 CEST 2014: 6: No solution found.
Wed May 07 22:01:02 CEST 2014: 7: finished (167ms, 500cycles)
Wed May 07 22:01:02 CEST 2014: 7: No solution found.
Wed May 07 22:01:02 CEST 2014: 8: finished (10ms, 13cycles)
Wed May 07 22:01:02 CEST 2014: 8: Solution found.
Wed May 07 22:01:02 CEST 2014: 9: finished (177ms, 500cycles)
Wed May 07 22:01:02 CEST 2014: 9: No solution found.
Wed May 07 22:01:02 CEST 2014: 10: finished (173ms, 500cycles)
Wed May 07 22:01:02 CEST 2014: 10: No solution found.
Wed May 07 22:01:03 CEST 2014: 11: finished (1137ms, 500cycles)
Wed May 07 22:01:03 CEST 2014: 11: No solution found.
Wed May 07 22:01:05 CEST 2014: 12: finished (1365ms, 500cycles)
Wed May 07 22:01:05 CEST 2014: 12: No solution found.
Wed May 07 22:01:05 CEST 2014: 13: finished (584ms, 500cycles)
Wed May 07 22:01:05 CEST 2014: 13: No solution found.
Wed May 07 22:01:05 CEST 2014: 14: finished (274ms, 500cycles)
Wed May 07 22:01:05 CEST 2014: 14: No solution found.
Wed May 07 22:01:05 CEST 2014: 15: finished (55ms, 500cycles)
Wed May 07 22:01:05 CEST 2014: 15: No solution found.
Wed May 07 22:01:06 CEST 2014: 16: finished (55ms, 500cycles)
Wed May 07 22:01:06 CEST 2014: 16: No solution found.
Wed May 07 22:01:06 CEST 2014: 17: finished (31ms, 29cycles)
Wed May 07 22:01:06 CEST 2014: 17: Solution found.
Wed May 07 22:01:06 CEST 2014: 18: finished (55ms, 500cycles)
Wed May 07 22:01:06 CEST 2014: 18: No solution found.
Wed May 07 22:01:06 CEST 2014: 19: finished (7ms, 14cycles)
Wed May 07 22:01:06 CEST 2014: 19: Solution found.
Wed May 07 22:01:06 CEST 2014: 20: finished (5ms, 18cycles)
Wed May 07 22:01:06 CEST 2014: 20: Solution found.
Wed May 07 22:01:06 CEST 2014: 21: finished (285ms, 500cycles)
Wed May 07 22:01:06 CEST 2014: 21: No solution found.
Wed May 07 22:01:06 CEST 2014: 22: finished (94ms, 500cycles)
Wed May 07 22:01:06 CEST 2014: 22: No solution found.
Wed May 07 22:01:06 CEST 2014: 23: finished (380ms, 500cycles)
Wed May 07 22:01:06 CEST 2014: 23: No solution found.
Wed May 07 22:01:07 CEST 2014: 24: finished (309ms, 500cycles)
Wed May 07 22:01:07 CEST 2014: 24: No solution found.
Wed May 07 22:01:07 CEST 2014: 25: finished (105ms, 500cycles)
Wed May 07 22:01:07 CEST 2014: 25: No solution found.
Wed May 07 22:01:07 CEST 2014: 26: finished (214ms, 500cycles)
Wed May 07 22:01:07 CEST 2014: 26: No solution found.
Wed May 07 22:01:07 CEST 2014: 27: finished (9ms, 23cycles)
Wed May 07 22:01:07 CEST 2014: 27: Solution found.
Wed May 07 22:01:07 CEST 2014: 28: finished (15ms, 27cycles)
Wed May 07 22:01:07 CEST 2014: 28: Solution found.
Wed May 07 22:01:07 CEST 2014: 29: finished (1ms, 1cycles)
Wed May 07 22:01:07 CEST 2014: 29: Solution found.
Wed May 07 22:01:07 CEST 2014: 30: finished (196ms, 252cycles)
Wed May 07 22:01:07 CEST 2014: 30: Solution found.
Wed May 07 22:01:07 CEST 2014: 31: finished (9ms, 28cycles)
Wed May 07 22:01:07 CEST 2014: 31: Solution found.
Wed May 07 22:01:08 CEST 2014: 32: finished (337ms, 445cycles)
Wed May 07 22:01:08 CEST 2014: 32: Solution found.
Wed May 07 22:01:08 CEST 2014: 33: finished (288ms, 500cycles)
Wed May 07 22:01:08 CEST 2014: 33: No solution found.
Wed May 07 22:01:08 CEST 2014: 34: finished (342ms, 500cycles)
Wed May 07 22:01:08 CEST 2014: 34: No solution found.
Wed May 07 22:01:08 CEST 2014: 35: finished (7ms, 25cycles)
Wed May 07 22:01:08 CEST 2014: 35: Solution found.
Wed May 07 22:01:08 CEST 2014: 36: finished (9ms, 22cycles)
Wed May 07 22:01:08 CEST 2014: 36: Solution found.
Wed May 07 22:01:08 CEST 2014: 37: finished (3ms, 14cycles)
Wed May 07 22:01:08 CEST 2014: 37: Solution found.
Wed May 07 22:01:09 CEST 2014: 38: finished (433ms, 500cycles)
Wed May 07 22:01:09 CEST 2014: 38: No solution found.
Wed May 07 22:01:09 CEST 2014: 39: finished (385ms, 500cycles)
Wed May 07 22:01:09 CEST 2014: 39: No solution found.
Wed May 07 22:01:09 CEST 2014: 40: finished (243ms, 500cycles)
Wed May 07 22:01:09 CEST 2014: 40: No solution found.
Wed May 07 22:01:09 CEST 2014: 41: finished (4ms, 19cycles)
Wed May 07 22:01:09 CEST 2014: 41: Solution found.
Wed May 07 22:01:10 CEST 2014: 42: finished (348ms, 500cycles)
Wed May 07 22:01:10 CEST 2014: 42: No solution found.
Wed May 07 22:01:10 CEST 2014: 43: finished (67ms, 500cycles)
Wed May 07 22:01:10 CEST 2014: 43: No solution found.
Wed May 07 22:01:10 CEST 2014: 44: finished (42ms, 77cycles)
Wed May 07 22:01:10 CEST 2014: 44: Solution found.
Wed May 07 22:01:10 CEST 2014: 45: finished (597ms, 500cycles)
Wed May 07 22:01:10 CEST 2014: 45: No solution found.
Wed May 07 22:01:11 CEST 2014: 46: finished (465ms, 500cycles)
Wed May 07 22:01:11 CEST 2014: 46: No solution found.
Wed May 07 22:01:11 CEST 2014: 47: finished (564ms, 500cycles)
Wed May 07 22:01:11 CEST 2014: 47: No solution found.
Wed May 07 22:01:12 CEST 2014: 48: finished (389ms, 500cycles)
Wed May 07 22:01:12 CEST 2014: 48: No solution found.
Wed May 07 22:01:12 CEST 2014: 49: finished (554ms, 500cycles)
Wed May 07 22:01:12 CEST 2014: 49: No solution found.
Wed May 07 22:01:13 CEST 2014: 50: finished (362ms, 500cycles)
Wed May 07 22:01:13 CEST 2014: 50: No solution found.
Wed May 07 22:01:13 CEST 2014: 51: finished (10ms, 17cycles)
Wed May 07 22:01:13 CEST 2014: 51: Solution found.
Wed May 07 22:01:13 CEST 2014: 52: finished (246ms, 500cycles)
Wed May 07 22:01:13 CEST 2014: 52: No solution found.
Wed May 07 22:01:13 CEST 2014: 53: finished (290ms, 500cycles)
Wed May 07 22:01:13 CEST 2014: 53: No solution found.
Wed May 07 22:01:14 CEST 2014: 54: finished (257ms, 500cycles)
Wed May 07 22:01:14 CEST 2014: 54: No solution found.
Wed May 07 22:01:14 CEST 2014: 55: finished (4ms, 11cycles)
Wed May 07 22:01:14 CEST 2014: 55: Solution found.
Wed May 07 22:01:14 CEST 2014: 56: finished (289ms, 500cycles)
Wed May 07 22:01:14 CEST 2014: 56: No solution found.
Wed May 07 22:01:14 CEST 2014: 57: finished (538ms, 347cycles)
Wed May 07 22:01:14 CEST 2014: 57: Solution found.
Wed May 07 22:01:16 CEST 2014: 58: finished (1164ms, 500cycles)
Wed May 07 22:01:16 CEST 2014: 58: No solution found.
Wed May 07 22:01:16 CEST 2014: 59: finished (244ms, 500cycles)
Wed May 07 22:01:16 CEST 2014: 59: No solution found.
Wed May 07 22:01:16 CEST 2014: 60: finished (127ms, 200cycles)
Wed May 07 22:01:16 CEST 2014: 60: Solution found.
Wed May 07 22:01:17 CEST 2014: 61: finished (751ms, 500cycles)
Wed May 07 22:01:17 CEST 2014: 61: No solution found.
Wed May 07 22:01:17 CEST 2014: 62: finished (735ms, 500cycles)
Wed May 07 22:01:17 CEST 2014: 62: No solution found.
Wed May 07 22:01:18 CEST 2014: 63: finished (850ms, 500cycles)
Wed May 07 22:01:18 CEST 2014: 63: No solution found.
Wed May 07 22:01:18 CEST 2014: 64: finished (2ms, 2cycles)
Wed May 07 22:01:18 CEST 2014: 64: Solution found.
Wed May 07 22:01:19 CEST 2014: 65: finished (1088ms, 500cycles)
Wed May 07 22:01:19 CEST 2014: 65: No solution found.
Wed May 07 22:01:20 CEST 2014: 66: finished (876ms, 500cycles)
Wed May 07 22:01:20 CEST 2014: 66: No solution found.
Wed May 07 22:01:20 CEST 2014: 67: finished (16ms, 63cycles)
Wed May 07 22:01:20 CEST 2014: 67: Solution found.
Wed May 07 22:01:20 CEST 2014: 68: finished (250ms, 350cycles)
Wed May 07 22:01:20 CEST 2014: 68: Solution found.
Wed May 07 22:01:21 CEST 2014: 69: finished (325ms, 500cycles)
Wed May 07 22:01:21 CEST 2014: 69: No solution found.
Wed May 07 22:01:21 CEST 2014: 70: finished (24ms, 42cycles)
Wed May 07 22:01:21 CEST 2014: 70: Solution found.
Wed May 07 22:01:21 CEST 2014: 71: finished (315ms, 500cycles)
Wed May 07 22:01:21 CEST 2014: 71: No solution found.
Wed May 07 22:01:21 CEST 2014: 72: finished (224ms, 500cycles)
Wed May 07 22:01:21 CEST 2014: 72: No solution found.
Wed May 07 22:01:21 CEST 2014: 73: finished (3ms, 11cycles)
Wed May 07 22:01:21 CEST 2014: 73: Solution found.
Wed May 07 22:01:21 CEST 2014: 74: finished (23ms, 108cycles)
Wed May 07 22:01:21 CEST 2014: 74: Solution found.
Wed May 07 22:01:22 CEST 2014: 75: finished (255ms, 500cycles)
Wed May 07 22:01:22 CEST 2014: 75: No solution found.
Wed May 07 22:01:22 CEST 2014: 76: finished (2ms, 11cycles)
Wed May 07 22:01:22 CEST 2014: 76: Solution found.
Wed May 07 22:01:22 CEST 2014: 77: finished (376ms, 500cycles)
Wed May 07 22:01:22 CEST 2014: 77: No solution found.
Wed May 07 22:01:22 CEST 2014: 78: finished (227ms, 500cycles)
Wed May 07 22:01:22 CEST 2014: 78: No solution found.
Wed May 07 22:01:22 CEST 2014: 79: finished (36ms, 56cycles)
Wed May 07 22:01:22 CEST 2014: 79: Solution found.
Wed May 07 22:01:22 CEST 2014: 80: finished (74ms, 96cycles)
Wed May 07 22:01:22 CEST 2014: 80: Solution found.
Wed May 07 22:01:23 CEST 2014: 81: finished (485ms, 500cycles)
Wed May 07 22:01:23 CEST 2014: 81: No solution found.
Wed May 07 22:01:23 CEST 2014: 82: finished (244ms, 500cycles)
Wed May 07 22:01:23 CEST 2014: 82: No solution found.
Wed May 07 22:01:23 CEST 2014: 83: finished (36ms, 79cycles)
Wed May 07 22:01:23 CEST 2014: 83: Solution found.
Wed May 07 22:01:23 CEST 2014: 84: finished (1ms, 1cycles)
Wed May 07 22:01:23 CEST 2014: 84: Solution found.
Wed May 07 22:01:23 CEST 2014: 85: finished (302ms, 500cycles)
Wed May 07 22:01:23 CEST 2014: 85: No solution found.
Wed May 07 22:01:24 CEST 2014: 86: finished (253ms, 500cycles)
Wed May 07 22:01:24 CEST 2014: 86: No solution found.
Wed May 07 22:01:24 CEST 2014: 87: finished (264ms, 500cycles)
Wed May 07 22:01:24 CEST 2014: 87: No solution found.
Wed May 07 22:01:24 CEST 2014: 88: finished (37ms, 66cycles)
Wed May 07 22:01:24 CEST 2014: 88: Solution found.
Wed May 07 22:01:24 CEST 2014: 89: finished (283ms, 500cycles)
Wed May 07 22:01:24 CEST 2014: 89: No solution found.
Wed May 07 22:01:24 CEST 2014: 90: finished (3ms, 11cycles)
Wed May 07 22:01:24 CEST 2014: 90: Solution found.
Wed May 07 22:01:25 CEST 2014: 91: finished (367ms, 500cycles)
Wed May 07 22:01:25 CEST 2014: 91: No solution found.
Wed May 07 22:01:25 CEST 2014: 92: finished (11ms, 20cycles)
Wed May 07 22:01:25 CEST 2014: 92: Solution found.
Wed May 07 22:01:25 CEST 2014: 93: finished (448ms, 500cycles)
Wed May 07 22:01:25 CEST 2014: 93: No solution found.
Wed May 07 22:01:25 CEST 2014: 94: finished (241ms, 500cycles)
Wed May 07 22:01:25 CEST 2014: 94: No solution found.
Wed May 07 22:01:25 CEST 2014: 95: finished (52ms, 500cycles)
Wed May 07 22:01:25 CEST 2014: 95: No solution found.
Wed May 07 22:01:25 CEST 2014: 96: finished (8ms, 23cycles)
Wed May 07 22:01:25 CEST 2014: 96: Solution found.
Wed May 07 22:01:25 CEST 2014: 97: finished (29ms, 39cycles)
Wed May 07 22:01:25 CEST 2014: 97: Solution found.
Wed May 07 22:01:25 CEST 2014: 98: finished (44ms, 91cycles)
Wed May 07 22:01:25 CEST 2014: 98: Solution found.
Wed May 07 22:01:26 CEST 2014: 99: finished (226ms, 225cycles)
Wed May 07 22:01:26 CEST 2014: 99: Solution found.
Wed May 07 22:01:26 CEST 2014: Solution Found: 40
Wed May 07 22:01:26 CEST 2014: Avg cycles: 86
Wed May 07 22:01:26 CEST 2014: Max cycles: 445
Wed May 07 22:01:26 CEST 2014: Min cycles: 1
Wed May 07 22:01:26 CEST 2014: No solution found: 60
Wed May 07 22:01:26 CEST 2014: logging finished. (runtime: 27878ms)
