Sun May 18 03:38:29 CEST 2014: Problem Count: 20
Sun May 18 03:38:29 CEST 2014: CandidatesCount: 30
Sun May 18 03:38:29 CEST 2014: Max Cycles: 500
Sun May 18 03:38:29 CEST 2014: 0: finished (63ms, 500cycles)
Sun May 18 03:38:29 CEST 2014: 0: No solution found.
Sun May 18 03:38:29 CEST 2014: 1: finished (4ms, 16cycles)
Sun May 18 03:38:29 CEST 2014: 1: Solution found.
Sun May 18 03:38:29 CEST 2014: 2: finished (53ms, 500cycles)
Sun May 18 03:38:29 CEST 2014: 2: No solution found.
Sun May 18 03:38:29 CEST 2014: 3: finished (66ms, 500cycles)
Sun May 18 03:38:29 CEST 2014: 3: No solution found.
Sun May 18 03:38:29 CEST 2014: 4: finished (6ms, 49cycles)
Sun May 18 03:38:29 CEST 2014: 4: Solution found.
Sun May 18 03:38:29 CEST 2014: 5: finished (51ms, 500cycles)
Sun May 18 03:38:29 CEST 2014: 5: No solution found.
Sun May 18 03:38:29 CEST 2014: 6: finished (3ms, 18cycles)
Sun May 18 03:38:29 CEST 2014: 6: Solution found.
Sun May 18 03:38:29 CEST 2014: 7: finished (54ms, 500cycles)
Sun May 18 03:38:29 CEST 2014: 7: No solution found.
Sun May 18 03:38:29 CEST 2014: 8: finished (29ms, 88cycles)
Sun May 18 03:38:29 CEST 2014: 8: Solution found.
Sun May 18 03:38:29 CEST 2014: 9: finished (2ms, 10cycles)
Sun May 18 03:38:29 CEST 2014: 9: Solution found.
Sun May 18 03:38:29 CEST 2014: 10: finished (2ms, 17cycles)
Sun May 18 03:38:29 CEST 2014: 10: Solution found.
Sun May 18 03:38:29 CEST 2014: 11: finished (62ms, 500cycles)
Sun May 18 03:38:29 CEST 2014: 11: No solution found.
Sun May 18 03:38:29 CEST 2014: 12: finished (4ms, 36cycles)
Sun May 18 03:38:29 CEST 2014: 12: Solution found.
Sun May 18 03:38:29 CEST 2014: 13: finished (55ms, 500cycles)
Sun May 18 03:38:29 CEST 2014: 13: No solution found.
Sun May 18 03:38:29 CEST 2014: 14: finished (17ms, 161cycles)
Sun May 18 03:38:29 CEST 2014: 14: Solution found.
Sun May 18 03:38:29 CEST 2014: 15: finished (60ms, 500cycles)
Sun May 18 03:38:29 CEST 2014: 15: No solution found.
Sun May 18 03:38:29 CEST 2014: 16: finished (57ms, 500cycles)
Sun May 18 03:38:29 CEST 2014: 16: No solution found.
Sun May 18 03:38:29 CEST 2014: 17: finished (56ms, 500cycles)
Sun May 18 03:38:29 CEST 2014: 17: No solution found.
Sun May 18 03:38:29 CEST 2014: 18: finished (2ms, 8cycles)
Sun May 18 03:38:29 CEST 2014: 18: Solution found.
Sun May 18 03:38:29 CEST 2014: 19: finished (2ms, 16cycles)
Sun May 18 03:38:29 CEST 2014: 19: Solution found.
Sun May 18 03:38:29 CEST 2014: 20: finished (57ms, 500cycles)
Sun May 18 03:38:29 CEST 2014: 20: No solution found.
Sun May 18 03:38:29 CEST 2014: 21: finished (51ms, 500cycles)
Sun May 18 03:38:29 CEST 2014: 21: No solution found.
Sun May 18 03:38:29 CEST 2014: 22: finished (7ms, 46cycles)
Sun May 18 03:38:29 CEST 2014: 22: Solution found.
Sun May 18 03:38:29 CEST 2014: 23: finished (53ms, 500cycles)
Sun May 18 03:38:29 CEST 2014: 23: No solution found.
Sun May 18 03:38:29 CEST 2014: 24: finished (51ms, 500cycles)
Sun May 18 03:38:29 CEST 2014: 24: No solution found.
Sun May 18 03:38:29 CEST 2014: 25: finished (56ms, 500cycles)
Sun May 18 03:38:29 CEST 2014: 25: No solution found.
Sun May 18 03:38:30 CEST 2014: 26: finished (67ms, 500cycles)
Sun May 18 03:38:30 CEST 2014: 26: No solution found.
Sun May 18 03:38:30 CEST 2014: 27: finished (3ms, 16cycles)
Sun May 18 03:38:30 CEST 2014: 27: Solution found.
Sun May 18 03:38:30 CEST 2014: 28: finished (52ms, 500cycles)
Sun May 18 03:38:30 CEST 2014: 28: No solution found.
Sun May 18 03:38:30 CEST 2014: 29: finished (64ms, 500cycles)
Sun May 18 03:38:30 CEST 2014: 29: No solution found.
Sun May 18 03:38:30 CEST 2014: 30: finished (173ms, 500cycles)
Sun May 18 03:38:30 CEST 2014: 30: No solution found.
Sun May 18 03:38:30 CEST 2014: 31: finished (1ms, 2cycles)
Sun May 18 03:38:30 CEST 2014: 31: Solution found.
Sun May 18 03:38:30 CEST 2014: 32: finished (1ms, 10cycles)
Sun May 18 03:38:30 CEST 2014: 32: Solution found.
Sun May 18 03:38:30 CEST 2014: 33: finished (56ms, 500cycles)
Sun May 18 03:38:30 CEST 2014: 33: No solution found.
Sun May 18 03:38:30 CEST 2014: 34: finished (61ms, 500cycles)
Sun May 18 03:38:30 CEST 2014: 34: No solution found.
Sun May 18 03:38:30 CEST 2014: 35: finished (77ms, 500cycles)
Sun May 18 03:38:30 CEST 2014: 35: No solution found.
Sun May 18 03:38:30 CEST 2014: 36: finished (48ms, 500cycles)
Sun May 18 03:38:30 CEST 2014: 36: No solution found.
Sun May 18 03:38:30 CEST 2014: 37: finished (2ms, 13cycles)
Sun May 18 03:38:30 CEST 2014: 37: Solution found.
Sun May 18 03:38:30 CEST 2014: 38: finished (8ms, 30cycles)
Sun May 18 03:38:30 CEST 2014: 38: Solution found.
Sun May 18 03:38:30 CEST 2014: 39: finished (1ms, 10cycles)
Sun May 18 03:38:30 CEST 2014: 39: Solution found.
Sun May 18 03:38:30 CEST 2014: 40: finished (67ms, 500cycles)
Sun May 18 03:38:30 CEST 2014: 40: No solution found.
Sun May 18 03:38:30 CEST 2014: 41: finished (51ms, 500cycles)
Sun May 18 03:38:30 CEST 2014: 41: No solution found.
Sun May 18 03:38:30 CEST 2014: 42: finished (66ms, 500cycles)
Sun May 18 03:38:30 CEST 2014: 42: No solution found.
Sun May 18 03:38:30 CEST 2014: 43: finished (51ms, 500cycles)
Sun May 18 03:38:30 CEST 2014: 43: No solution found.
Sun May 18 03:38:30 CEST 2014: 44: finished (60ms, 500cycles)
Sun May 18 03:38:30 CEST 2014: 44: No solution found.
Sun May 18 03:38:30 CEST 2014: 45: finished (59ms, 500cycles)
Sun May 18 03:38:30 CEST 2014: 45: No solution found.
Sun May 18 03:38:30 CEST 2014: 46: finished (7ms, 44cycles)
Sun May 18 03:38:30 CEST 2014: 46: Solution found.
Sun May 18 03:38:31 CEST 2014: 47: finished (70ms, 500cycles)
Sun May 18 03:38:31 CEST 2014: 47: No solution found.
Sun May 18 03:38:31 CEST 2014: 48: finished (9ms, 56cycles)
Sun May 18 03:38:31 CEST 2014: 48: Solution found.
Sun May 18 03:38:31 CEST 2014: 49: finished (75ms, 500cycles)
Sun May 18 03:38:31 CEST 2014: 49: No solution found.
Sun May 18 03:38:31 CEST 2014: 50: finished (3ms, 22cycles)
Sun May 18 03:38:31 CEST 2014: 50: Solution found.
Sun May 18 03:38:31 CEST 2014: 51: finished (56ms, 500cycles)
Sun May 18 03:38:31 CEST 2014: 51: No solution found.
Sun May 18 03:38:31 CEST 2014: 52: finished (52ms, 500cycles)
Sun May 18 03:38:31 CEST 2014: 52: No solution found.
Sun May 18 03:38:31 CEST 2014: 53: finished (67ms, 500cycles)
Sun May 18 03:38:31 CEST 2014: 53: No solution found.
Sun May 18 03:38:31 CEST 2014: 54: finished (50ms, 500cycles)
Sun May 18 03:38:31 CEST 2014: 54: No solution found.
Sun May 18 03:38:31 CEST 2014: 55: finished (52ms, 500cycles)
Sun May 18 03:38:31 CEST 2014: 55: No solution found.
Sun May 18 03:38:31 CEST 2014: 56: finished (54ms, 500cycles)
Sun May 18 03:38:31 CEST 2014: 56: No solution found.
Sun May 18 03:38:31 CEST 2014: 57: finished (39ms, 290cycles)
Sun May 18 03:38:31 CEST 2014: 57: Solution found.
Sun May 18 03:38:31 CEST 2014: 58: finished (53ms, 123cycles)
Sun May 18 03:38:31 CEST 2014: 58: Solution found.
Sun May 18 03:38:31 CEST 2014: 59: finished (2ms, 18cycles)
Sun May 18 03:38:31 CEST 2014: 59: Solution found.
Sun May 18 03:38:31 CEST 2014: 60: finished (55ms, 500cycles)
Sun May 18 03:38:31 CEST 2014: 60: No solution found.
Sun May 18 03:38:31 CEST 2014: 61: finished (2ms, 18cycles)
Sun May 18 03:38:31 CEST 2014: 61: Solution found.
Sun May 18 03:38:31 CEST 2014: 62: finished (3ms, 21cycles)
Sun May 18 03:38:31 CEST 2014: 62: Solution found.
Sun May 18 03:38:31 CEST 2014: 63: finished (58ms, 500cycles)
Sun May 18 03:38:31 CEST 2014: 63: No solution found.
Sun May 18 03:38:31 CEST 2014: 64: finished (61ms, 500cycles)
Sun May 18 03:38:31 CEST 2014: 64: No solution found.
Sun May 18 03:38:31 CEST 2014: 65: finished (60ms, 500cycles)
Sun May 18 03:38:31 CEST 2014: 65: No solution found.
Sun May 18 03:38:31 CEST 2014: 66: finished (57ms, 500cycles)
Sun May 18 03:38:31 CEST 2014: 66: No solution found.
Sun May 18 03:38:31 CEST 2014: 67: finished (5ms, 45cycles)
Sun May 18 03:38:31 CEST 2014: 67: Solution found.
Sun May 18 03:38:31 CEST 2014: 68: finished (50ms, 500cycles)
Sun May 18 03:38:31 CEST 2014: 68: No solution found.
Sun May 18 03:38:31 CEST 2014: 69: finished (5ms, 36cycles)
Sun May 18 03:38:31 CEST 2014: 69: Solution found.
Sun May 18 03:38:31 CEST 2014: 70: finished (3ms, 19cycles)
Sun May 18 03:38:31 CEST 2014: 70: Solution found.
Sun May 18 03:38:31 CEST 2014: 71: finished (2ms, 10cycles)
Sun May 18 03:38:31 CEST 2014: 71: Solution found.
Sun May 18 03:38:31 CEST 2014: 72: finished (4ms, 22cycles)
Sun May 18 03:38:31 CEST 2014: 72: Solution found.
Sun May 18 03:38:31 CEST 2014: 73: finished (68ms, 500cycles)
Sun May 18 03:38:31 CEST 2014: 73: No solution found.
Sun May 18 03:38:31 CEST 2014: 74: finished (3ms, 20cycles)
Sun May 18 03:38:31 CEST 2014: 74: Solution found.
Sun May 18 03:38:32 CEST 2014: 75: finished (54ms, 500cycles)
Sun May 18 03:38:32 CEST 2014: 75: No solution found.
Sun May 18 03:38:32 CEST 2014: 76: finished (39ms, 255cycles)
Sun May 18 03:38:32 CEST 2014: 76: Solution found.
Sun May 18 03:38:32 CEST 2014: 77: finished (76ms, 225cycles)
Sun May 18 03:38:32 CEST 2014: 77: Solution found.
Sun May 18 03:38:32 CEST 2014: 78: finished (59ms, 500cycles)
Sun May 18 03:38:32 CEST 2014: 78: No solution found.
Sun May 18 03:38:32 CEST 2014: 79: finished (1ms, 12cycles)
Sun May 18 03:38:32 CEST 2014: 79: Solution found.
Sun May 18 03:38:32 CEST 2014: 80: finished (4ms, 38cycles)
Sun May 18 03:38:32 CEST 2014: 80: Solution found.
Sun May 18 03:38:32 CEST 2014: 81: finished (60ms, 500cycles)
Sun May 18 03:38:32 CEST 2014: 81: No solution found.
Sun May 18 03:38:32 CEST 2014: 82: finished (53ms, 500cycles)
Sun May 18 03:38:32 CEST 2014: 82: No solution found.
Sun May 18 03:38:32 CEST 2014: 83: finished (51ms, 500cycles)
Sun May 18 03:38:32 CEST 2014: 83: No solution found.
Sun May 18 03:38:32 CEST 2014: 84: finished (5ms, 28cycles)
Sun May 18 03:38:32 CEST 2014: 84: Solution found.
Sun May 18 03:38:32 CEST 2014: 85: finished (180ms, 500cycles)
Sun May 18 03:38:32 CEST 2014: 85: No solution found.
Sun May 18 03:38:32 CEST 2014: 86: finished (1ms, 7cycles)
Sun May 18 03:38:32 CEST 2014: 86: Solution found.
Sun May 18 03:38:32 CEST 2014: 87: finished (53ms, 500cycles)
Sun May 18 03:38:32 CEST 2014: 87: No solution found.
Sun May 18 03:38:32 CEST 2014: 88: finished (1ms, 12cycles)
Sun May 18 03:38:32 CEST 2014: 88: Solution found.
Sun May 18 03:38:32 CEST 2014: 89: finished (52ms, 500cycles)
Sun May 18 03:38:32 CEST 2014: 89: No solution found.
Sun May 18 03:38:32 CEST 2014: 90: finished (236ms, 500cycles)
Sun May 18 03:38:32 CEST 2014: 90: No solution found.
Sun May 18 03:38:32 CEST 2014: 91: finished (57ms, 500cycles)
Sun May 18 03:38:32 CEST 2014: 91: No solution found.
Sun May 18 03:38:33 CEST 2014: 92: finished (57ms, 500cycles)
Sun May 18 03:38:33 CEST 2014: 92: No solution found.
Sun May 18 03:38:33 CEST 2014: 93: finished (64ms, 500cycles)
Sun May 18 03:38:33 CEST 2014: 93: No solution found.
Sun May 18 03:38:33 CEST 2014: 94: finished (154ms, 500cycles)
Sun May 18 03:38:33 CEST 2014: 94: No solution found.
Sun May 18 03:38:33 CEST 2014: 95: finished (64ms, 500cycles)
Sun May 18 03:38:33 CEST 2014: 95: No solution found.
Sun May 18 03:38:33 CEST 2014: 96: finished (77ms, 500cycles)
Sun May 18 03:38:33 CEST 2014: 96: No solution found.
Sun May 18 03:38:33 CEST 2014: 97: finished (62ms, 500cycles)
Sun May 18 03:38:33 CEST 2014: 97: No solution found.
Sun May 18 03:38:33 CEST 2014: 98: finished (57ms, 500cycles)
Sun May 18 03:38:33 CEST 2014: 98: No solution found.
Sun May 18 03:38:33 CEST 2014: 99: finished (50ms, 500cycles)
Sun May 18 03:38:33 CEST 2014: 99: No solution found.
Sun May 18 03:38:33 CEST 2014: Solution Found: 38
Sun May 18 03:38:33 CEST 2014: Avg cycles: 49
Sun May 18 03:38:33 CEST 2014: Max cycles: 290
Sun May 18 03:38:33 CEST 2014: Min cycles: 2
Sun May 18 03:38:33 CEST 2014: No solution found: 62
Sun May 18 03:38:33 CEST 2014: logging finished. (runtime: 4509ms)
