Tue May 06 10:27:14 CEST 2014: Problem Count: 40
Tue May 06 10:27:14 CEST 2014: CandidatesCount: 50
Tue May 06 10:27:14 CEST 2014: Max Cycles: 500
Tue May 06 10:27:14 CEST 2014: 0: finished (5ms, 10cycles)
Tue May 06 10:27:14 CEST 2014: 0: Solution found.
Tue May 06 10:27:14 CEST 2014: 1: finished (2ms, 4cycles)
Tue May 06 10:27:14 CEST 2014: 1: Solution found.
Tue May 06 10:27:14 CEST 2014: 2: finished (11ms, 23cycles)
Tue May 06 10:27:14 CEST 2014: 2: Solution found.
Tue May 06 10:27:14 CEST 2014: 3: finished (22ms, 41cycles)
Tue May 06 10:27:14 CEST 2014: 3: Solution found.
Tue May 06 10:27:15 CEST 2014: 4: finished (17ms, 35cycles)
Tue May 06 10:27:15 CEST 2014: 4: Solution found.
Tue May 06 10:27:15 CEST 2014: 5: finished (12ms, 25cycles)
Tue May 06 10:27:15 CEST 2014: 5: Solution found.
Tue May 06 10:27:15 CEST 2014: 6: finished (10ms, 18cycles)
Tue May 06 10:27:15 CEST 2014: 6: Solution found.
Tue May 06 10:27:15 CEST 2014: 7: finished (9ms, 20cycles)
Tue May 06 10:27:15 CEST 2014: 7: Solution found.
Tue May 06 10:27:15 CEST 2014: 8: finished (4ms, 7cycles)
Tue May 06 10:27:15 CEST 2014: 8: Solution found.
Tue May 06 10:27:15 CEST 2014: 9: finished (197ms, 500cycles)
Tue May 06 10:27:15 CEST 2014: 9: No solution found.
Tue May 06 10:27:15 CEST 2014: 10: finished (4ms, 7cycles)
Tue May 06 10:27:15 CEST 2014: 10: Solution found.
Tue May 06 10:27:15 CEST 2014: 11: finished (213ms, 500cycles)
Tue May 06 10:27:15 CEST 2014: 11: No solution found.
Tue May 06 10:27:15 CEST 2014: 12: finished (219ms, 500cycles)
Tue May 06 10:27:15 CEST 2014: 12: No solution found.
Tue May 06 10:27:15 CEST 2014: 13: finished (8ms, 17cycles)
Tue May 06 10:27:15 CEST 2014: 13: Solution found.
Tue May 06 10:27:15 CEST 2014: 14: finished (20ms, 44cycles)
Tue May 06 10:27:15 CEST 2014: 14: Solution found.
Tue May 06 10:27:15 CEST 2014: 15: finished (212ms, 500cycles)
Tue May 06 10:27:15 CEST 2014: 15: No solution found.
Tue May 06 10:27:15 CEST 2014: 16: finished (11ms, 21cycles)
Tue May 06 10:27:15 CEST 2014: 16: Solution found.
Tue May 06 10:27:16 CEST 2014: 17: finished (207ms, 500cycles)
Tue May 06 10:27:16 CEST 2014: 17: No solution found.
Tue May 06 10:27:16 CEST 2014: 18: finished (14ms, 28cycles)
Tue May 06 10:27:16 CEST 2014: 18: Solution found.
Tue May 06 10:27:16 CEST 2014: 19: finished (11ms, 22cycles)
Tue May 06 10:27:16 CEST 2014: 19: Solution found.
Tue May 06 10:27:16 CEST 2014: 20: finished (10ms, 21cycles)
Tue May 06 10:27:16 CEST 2014: 20: Solution found.
Tue May 06 10:27:16 CEST 2014: 21: finished (39ms, 62cycles)
Tue May 06 10:27:16 CEST 2014: 21: Solution found.
Tue May 06 10:27:16 CEST 2014: 22: finished (212ms, 500cycles)
Tue May 06 10:27:16 CEST 2014: 22: No solution found.
Tue May 06 10:27:16 CEST 2014: 23: finished (14ms, 30cycles)
Tue May 06 10:27:16 CEST 2014: 23: Solution found.
Tue May 06 10:27:16 CEST 2014: 24: finished (14ms, 30cycles)
Tue May 06 10:27:16 CEST 2014: 24: Solution found.
Tue May 06 10:27:16 CEST 2014: 25: finished (259ms, 500cycles)
Tue May 06 10:27:16 CEST 2014: 25: No solution found.
Tue May 06 10:27:16 CEST 2014: 26: finished (5ms, 10cycles)
Tue May 06 10:27:16 CEST 2014: 26: Solution found.
Tue May 06 10:27:16 CEST 2014: 27: finished (4ms, 7cycles)
Tue May 06 10:27:16 CEST 2014: 27: Solution found.
Tue May 06 10:27:16 CEST 2014: 28: finished (8ms, 16cycles)
Tue May 06 10:27:16 CEST 2014: 28: Solution found.
Tue May 06 10:27:16 CEST 2014: 29: finished (2ms, 4cycles)
Tue May 06 10:27:16 CEST 2014: 29: Solution found.
Tue May 06 10:27:16 CEST 2014: 30: finished (6ms, 12cycles)
Tue May 06 10:27:16 CEST 2014: 30: Solution found.
Tue May 06 10:27:16 CEST 2014: 31: finished (130ms, 250cycles)
Tue May 06 10:27:16 CEST 2014: 31: Solution found.
Tue May 06 10:27:17 CEST 2014: 32: finished (239ms, 500cycles)
Tue May 06 10:27:17 CEST 2014: 32: No solution found.
Tue May 06 10:27:17 CEST 2014: 33: finished (205ms, 500cycles)
Tue May 06 10:27:17 CEST 2014: 33: No solution found.
Tue May 06 10:27:17 CEST 2014: 34: finished (10ms, 20cycles)
Tue May 06 10:27:17 CEST 2014: 34: Solution found.
Tue May 06 10:27:17 CEST 2014: 35: finished (5ms, 11cycles)
Tue May 06 10:27:17 CEST 2014: 35: Solution found.
Tue May 06 10:27:17 CEST 2014: 36: finished (215ms, 500cycles)
Tue May 06 10:27:17 CEST 2014: 36: No solution found.
Tue May 06 10:27:17 CEST 2014: 37: finished (1ms, 1cycles)
Tue May 06 10:27:17 CEST 2014: 37: Solution found.
Tue May 06 10:27:17 CEST 2014: 38: finished (215ms, 500cycles)
Tue May 06 10:27:17 CEST 2014: 38: No solution found.
Tue May 06 10:27:17 CEST 2014: 39: finished (31ms, 34cycles)
Tue May 06 10:27:17 CEST 2014: 39: Solution found.
Tue May 06 10:27:17 CEST 2014: 40: finished (17ms, 36cycles)
Tue May 06 10:27:17 CEST 2014: 40: Solution found.
Tue May 06 10:27:17 CEST 2014: 41: finished (13ms, 27cycles)
Tue May 06 10:27:17 CEST 2014: 41: Solution found.
Tue May 06 10:27:17 CEST 2014: 42: finished (10ms, 21cycles)
Tue May 06 10:27:17 CEST 2014: 42: Solution found.
Tue May 06 10:27:17 CEST 2014: 43: finished (9ms, 18cycles)
Tue May 06 10:27:17 CEST 2014: 43: Solution found.
Tue May 06 10:27:17 CEST 2014: 44: finished (34ms, 65cycles)
Tue May 06 10:27:17 CEST 2014: 44: Solution found.
Tue May 06 10:27:17 CEST 2014: 45: finished (8ms, 16cycles)
Tue May 06 10:27:17 CEST 2014: 45: Solution found.
Tue May 06 10:27:17 CEST 2014: 46: finished (12ms, 24cycles)
Tue May 06 10:27:17 CEST 2014: 46: Solution found.
Tue May 06 10:27:17 CEST 2014: 47: finished (3ms, 7cycles)
Tue May 06 10:27:17 CEST 2014: 47: Solution found.
Tue May 06 10:27:17 CEST 2014: 48: finished (49ms, 108cycles)
Tue May 06 10:27:17 CEST 2014: 48: Solution found.
Tue May 06 10:27:18 CEST 2014: 49: finished (208ms, 500cycles)
Tue May 06 10:27:18 CEST 2014: 49: No solution found.
Tue May 06 10:27:18 CEST 2014: 50: finished (11ms, 22cycles)
Tue May 06 10:27:18 CEST 2014: 50: Solution found.
Tue May 06 10:27:18 CEST 2014: 51: finished (2ms, 4cycles)
Tue May 06 10:27:18 CEST 2014: 51: Solution found.
Tue May 06 10:27:18 CEST 2014: 52: finished (205ms, 500cycles)
Tue May 06 10:27:18 CEST 2014: 52: No solution found.
Tue May 06 10:27:18 CEST 2014: 53: finished (8ms, 18cycles)
Tue May 06 10:27:18 CEST 2014: 53: Solution found.
Tue May 06 10:27:18 CEST 2014: 54: finished (201ms, 500cycles)
Tue May 06 10:27:18 CEST 2014: 54: No solution found.
Tue May 06 10:27:18 CEST 2014: 55: finished (205ms, 500cycles)
Tue May 06 10:27:18 CEST 2014: 55: No solution found.
Tue May 06 10:27:18 CEST 2014: 56: finished (4ms, 8cycles)
Tue May 06 10:27:18 CEST 2014: 56: Solution found.
Tue May 06 10:27:18 CEST 2014: 57: finished (10ms, 20cycles)
Tue May 06 10:27:18 CEST 2014: 57: Solution found.
Tue May 06 10:27:18 CEST 2014: 58: finished (16ms, 31cycles)
Tue May 06 10:27:18 CEST 2014: 58: Solution found.
Tue May 06 10:27:18 CEST 2014: 59: finished (3ms, 4cycles)
Tue May 06 10:27:18 CEST 2014: 59: Solution found.
Tue May 06 10:27:18 CEST 2014: 60: finished (4ms, 9cycles)
Tue May 06 10:27:18 CEST 2014: 60: Solution found.
Tue May 06 10:27:18 CEST 2014: 61: finished (38ms, 57cycles)
Tue May 06 10:27:18 CEST 2014: 61: Solution found.
Tue May 06 10:27:18 CEST 2014: 62: finished (23ms, 50cycles)
Tue May 06 10:27:18 CEST 2014: 62: Solution found.
Tue May 06 10:27:18 CEST 2014: 63: finished (27ms, 37cycles)
Tue May 06 10:27:18 CEST 2014: 63: Solution found.
Tue May 06 10:27:19 CEST 2014: 64: finished (201ms, 500cycles)
Tue May 06 10:27:19 CEST 2014: 64: No solution found.
Tue May 06 10:27:19 CEST 2014: 65: finished (14ms, 30cycles)
Tue May 06 10:27:19 CEST 2014: 65: Solution found.
Tue May 06 10:27:19 CEST 2014: 66: finished (22ms, 36cycles)
Tue May 06 10:27:19 CEST 2014: 66: Solution found.
Tue May 06 10:27:19 CEST 2014: 67: finished (3ms, 5cycles)
Tue May 06 10:27:19 CEST 2014: 67: Solution found.
Tue May 06 10:27:19 CEST 2014: 68: finished (12ms, 28cycles)
Tue May 06 10:27:19 CEST 2014: 68: Solution found.
Tue May 06 10:27:19 CEST 2014: 69: finished (23ms, 45cycles)
Tue May 06 10:27:19 CEST 2014: 69: Solution found.
Tue May 06 10:27:19 CEST 2014: 70: finished (12ms, 18cycles)
Tue May 06 10:27:19 CEST 2014: 70: Solution found.
Tue May 06 10:27:19 CEST 2014: 71: finished (3ms, 4cycles)
Tue May 06 10:27:19 CEST 2014: 71: Solution found.
Tue May 06 10:27:19 CEST 2014: 72: finished (223ms, 500cycles)
Tue May 06 10:27:19 CEST 2014: 72: No solution found.
Tue May 06 10:27:19 CEST 2014: 73: finished (216ms, 500cycles)
Tue May 06 10:27:19 CEST 2014: 73: No solution found.
Tue May 06 10:27:19 CEST 2014: 74: finished (9ms, 19cycles)
Tue May 06 10:27:19 CEST 2014: 74: Solution found.
Tue May 06 10:27:19 CEST 2014: 75: finished (193ms, 500cycles)
Tue May 06 10:27:19 CEST 2014: 75: No solution found.
Tue May 06 10:27:19 CEST 2014: 76: finished (6ms, 11cycles)
Tue May 06 10:27:19 CEST 2014: 76: Solution found.
Tue May 06 10:27:19 CEST 2014: 77: finished (8ms, 17cycles)
Tue May 06 10:27:19 CEST 2014: 77: Solution found.
Tue May 06 10:27:19 CEST 2014: 78: finished (12ms, 22cycles)
Tue May 06 10:27:19 CEST 2014: 78: Solution found.
Tue May 06 10:27:19 CEST 2014: 79: finished (11ms, 22cycles)
Tue May 06 10:27:19 CEST 2014: 79: Solution found.
Tue May 06 10:27:20 CEST 2014: 80: finished (210ms, 500cycles)
Tue May 06 10:27:20 CEST 2014: 80: No solution found.
Tue May 06 10:27:20 CEST 2014: 81: finished (206ms, 500cycles)
Tue May 06 10:27:20 CEST 2014: 81: No solution found.
Tue May 06 10:27:20 CEST 2014: 82: finished (7ms, 15cycles)
Tue May 06 10:27:20 CEST 2014: 82: Solution found.
Tue May 06 10:27:20 CEST 2014: 83: finished (24ms, 53cycles)
Tue May 06 10:27:20 CEST 2014: 83: Solution found.
Tue May 06 10:27:20 CEST 2014: 84: finished (209ms, 500cycles)
Tue May 06 10:27:20 CEST 2014: 84: No solution found.
Tue May 06 10:27:20 CEST 2014: 85: finished (2ms, 4cycles)
Tue May 06 10:27:20 CEST 2014: 85: Solution found.
Tue May 06 10:27:20 CEST 2014: 86: finished (8ms, 17cycles)
Tue May 06 10:27:20 CEST 2014: 86: Solution found.
Tue May 06 10:27:20 CEST 2014: 87: finished (213ms, 500cycles)
Tue May 06 10:27:20 CEST 2014: 87: No solution found.
Tue May 06 10:27:20 CEST 2014: 88: finished (206ms, 500cycles)
Tue May 06 10:27:20 CEST 2014: 88: No solution found.
Tue May 06 10:27:21 CEST 2014: 89: finished (238ms, 500cycles)
Tue May 06 10:27:21 CEST 2014: 89: No solution found.
Tue May 06 10:27:21 CEST 2014: 90: finished (5ms, 11cycles)
Tue May 06 10:27:21 CEST 2014: 90: Solution found.
Tue May 06 10:27:21 CEST 2014: 91: finished (227ms, 500cycles)
Tue May 06 10:27:21 CEST 2014: 91: No solution found.
Tue May 06 10:27:21 CEST 2014: 92: finished (204ms, 500cycles)
Tue May 06 10:27:21 CEST 2014: 92: No solution found.
Tue May 06 10:27:21 CEST 2014: 93: finished (221ms, 500cycles)
Tue May 06 10:27:21 CEST 2014: 93: No solution found.
Tue May 06 10:27:21 CEST 2014: 94: finished (3ms, 6cycles)
Tue May 06 10:27:21 CEST 2014: 94: Solution found.
Tue May 06 10:27:22 CEST 2014: 95: finished (188ms, 365cycles)
Tue May 06 10:27:22 CEST 2014: 95: Solution found.
Tue May 06 10:27:22 CEST 2014: 96: finished (12ms, 26cycles)
Tue May 06 10:27:22 CEST 2014: 96: Solution found.
Tue May 06 10:27:22 CEST 2014: 97: finished (12ms, 24cycles)
Tue May 06 10:27:22 CEST 2014: 97: Solution found.
Tue May 06 10:27:22 CEST 2014: 98: finished (2ms, 2cycles)
Tue May 06 10:27:22 CEST 2014: 98: Solution found.
Tue May 06 10:27:22 CEST 2014: 99: finished (15ms, 35cycles)
Tue May 06 10:27:22 CEST 2014: 99: Solution found.
Tue May 06 10:27:22 CEST 2014: Solution Found: 72
Tue May 06 10:27:22 CEST 2014: Avg cycles: 30
Tue May 06 10:27:22 CEST 2014: Max cycles: 365
Tue May 06 10:27:22 CEST 2014: Min cycles: 1
Tue May 06 10:27:22 CEST 2014: No solution found: 28
Tue May 06 10:27:22 CEST 2014: logging finished. (runtime: 7147ms)
