Sat May 17 23:59:40 CEST 2014: Problem Count: 10
Sat May 17 23:59:40 CEST 2014: CandidatesCount: 20
Sat May 17 23:59:40 CEST 2014: Max Cycles: 500
Sat May 17 23:59:40 CEST 2014: 0: finished (125ms, 249cycles)
Sat May 17 23:59:40 CEST 2014: 0: Solution found.
Sat May 17 23:59:40 CEST 2014: 1: finished (60ms, 500cycles)
Sat May 17 23:59:40 CEST 2014: 1: No solution found.
Sat May 17 23:59:40 CEST 2014: 2: finished (17ms, 500cycles)
Sat May 17 23:59:40 CEST 2014: 2: No solution found.
Sat May 17 23:59:40 CEST 2014: 3: finished (140ms, 500cycles)
Sat May 17 23:59:40 CEST 2014: 3: No solution found.
Sat May 17 23:59:40 CEST 2014: 4: finished (85ms, 500cycles)
Sat May 17 23:59:40 CEST 2014: 4: No solution found.
Sat May 17 23:59:40 CEST 2014: 5: finished (163ms, 500cycles)
Sat May 17 23:59:40 CEST 2014: 5: No solution found.
Sat May 17 23:59:40 CEST 2014: 6: finished (89ms, 500cycles)
Sat May 17 23:59:40 CEST 2014: 6: No solution found.
Sat May 17 23:59:40 CEST 2014: 7: finished (2ms, 23cycles)
Sat May 17 23:59:40 CEST 2014: 7: Solution found.
Sat May 17 23:59:40 CEST 2014: 8: finished (19ms, 500cycles)
Sat May 17 23:59:40 CEST 2014: 8: No solution found.
Sat May 17 23:59:40 CEST 2014: 9: finished (83ms, 500cycles)
Sat May 17 23:59:40 CEST 2014: 9: No solution found.
Sat May 17 23:59:41 CEST 2014: 10: finished (121ms, 500cycles)
Sat May 17 23:59:41 CEST 2014: 10: No solution found.
Sat May 17 23:59:41 CEST 2014: 11: finished (16ms, 500cycles)
Sat May 17 23:59:41 CEST 2014: 11: No solution found.
Sat May 17 23:59:41 CEST 2014: 12: finished (21ms, 500cycles)
Sat May 17 23:59:41 CEST 2014: 12: No solution found.
Sat May 17 23:59:41 CEST 2014: 13: finished (17ms, 500cycles)
Sat May 17 23:59:41 CEST 2014: 13: No solution found.
Sat May 17 23:59:41 CEST 2014: 14: finished (98ms, 500cycles)
Sat May 17 23:59:41 CEST 2014: 14: No solution found.
Sat May 17 23:59:41 CEST 2014: 15: finished (17ms, 500cycles)
Sat May 17 23:59:41 CEST 2014: 15: No solution found.
Sat May 17 23:59:41 CEST 2014: 16: finished (8ms, 155cycles)
Sat May 17 23:59:41 CEST 2014: 16: Solution found.
Sat May 17 23:59:41 CEST 2014: 17: finished (38ms, 216cycles)
Sat May 17 23:59:41 CEST 2014: 17: Solution found.
Sat May 17 23:59:41 CEST 2014: 18: finished (18ms, 500cycles)
Sat May 17 23:59:41 CEST 2014: 18: No solution found.
Sat May 17 23:59:41 CEST 2014: 19: finished (58ms, 170cycles)
Sat May 17 23:59:41 CEST 2014: 19: Solution found.
Sat May 17 23:59:41 CEST 2014: 20: finished (18ms, 500cycles)
Sat May 17 23:59:41 CEST 2014: 20: No solution found.
Sat May 17 23:59:41 CEST 2014: 21: finished (85ms, 500cycles)
Sat May 17 23:59:41 CEST 2014: 21: No solution found.
Sat May 17 23:59:41 CEST 2014: 22: finished (19ms, 500cycles)
Sat May 17 23:59:41 CEST 2014: 22: No solution found.
Sat May 17 23:59:41 CEST 2014: 23: finished (75ms, 500cycles)
Sat May 17 23:59:41 CEST 2014: 23: No solution found.
Sat May 17 23:59:41 CEST 2014: 24: finished (77ms, 500cycles)
Sat May 17 23:59:41 CEST 2014: 24: No solution found.
Sat May 17 23:59:41 CEST 2014: 25: finished (18ms, 500cycles)
Sat May 17 23:59:41 CEST 2014: 25: No solution found.
Sat May 17 23:59:41 CEST 2014: 26: finished (138ms, 415cycles)
Sat May 17 23:59:41 CEST 2014: 26: Solution found.
Sat May 17 23:59:41 CEST 2014: 27: finished (22ms, 500cycles)
Sat May 17 23:59:41 CEST 2014: 27: No solution found.
Sat May 17 23:59:41 CEST 2014: 28: finished (18ms, 500cycles)
Sat May 17 23:59:41 CEST 2014: 28: No solution found.
Sat May 17 23:59:41 CEST 2014: 29: finished (53ms, 500cycles)
Sat May 17 23:59:41 CEST 2014: 29: No solution found.
Sat May 17 23:59:41 CEST 2014: 30: finished (148ms, 500cycles)
Sat May 17 23:59:41 CEST 2014: 30: No solution found.
Sat May 17 23:59:41 CEST 2014: 31: finished (3ms, 53cycles)
Sat May 17 23:59:41 CEST 2014: 31: Solution found.
Sat May 17 23:59:41 CEST 2014: 32: finished (1ms, 7cycles)
Sat May 17 23:59:41 CEST 2014: 32: Solution found.
Sat May 17 23:59:42 CEST 2014: 33: finished (85ms, 500cycles)
Sat May 17 23:59:42 CEST 2014: 33: No solution found.
Sat May 17 23:59:42 CEST 2014: 34: finished (18ms, 500cycles)
Sat May 17 23:59:42 CEST 2014: 34: No solution found.
Sat May 17 23:59:42 CEST 2014: 35: finished (76ms, 208cycles)
Sat May 17 23:59:42 CEST 2014: 35: Solution found.
Sat May 17 23:59:42 CEST 2014: 36: finished (90ms, 500cycles)
Sat May 17 23:59:42 CEST 2014: 36: No solution found.
Sat May 17 23:59:42 CEST 2014: 37: finished (117ms, 500cycles)
Sat May 17 23:59:42 CEST 2014: 37: No solution found.
Sat May 17 23:59:42 CEST 2014: 38: finished (180ms, 400cycles)
Sat May 17 23:59:42 CEST 2014: 38: Solution found.
Sat May 17 23:59:42 CEST 2014: 39: finished (16ms, 500cycles)
Sat May 17 23:59:42 CEST 2014: 39: No solution found.
Sat May 17 23:59:42 CEST 2014: 40: finished (18ms, 500cycles)
Sat May 17 23:59:42 CEST 2014: 40: No solution found.
Sat May 17 23:59:42 CEST 2014: 41: finished (55ms, 500cycles)
Sat May 17 23:59:42 CEST 2014: 41: No solution found.
Sat May 17 23:59:42 CEST 2014: 42: finished (65ms, 500cycles)
Sat May 17 23:59:42 CEST 2014: 42: No solution found.
Sat May 17 23:59:42 CEST 2014: 43: finished (26ms, 500cycles)
Sat May 17 23:59:42 CEST 2014: 43: No solution found.
Sat May 17 23:59:42 CEST 2014: 44: finished (24ms, 500cycles)
Sat May 17 23:59:42 CEST 2014: 44: No solution found.
Sat May 17 23:59:42 CEST 2014: 45: finished (10ms, 50cycles)
Sat May 17 23:59:42 CEST 2014: 45: Solution found.
Sat May 17 23:59:42 CEST 2014: 46: finished (20ms, 500cycles)
Sat May 17 23:59:42 CEST 2014: 46: No solution found.
Sat May 17 23:59:42 CEST 2014: 47: finished (13ms, 236cycles)
Sat May 17 23:59:42 CEST 2014: 47: Solution found.
Sat May 17 23:59:42 CEST 2014: 48: finished (18ms, 500cycles)
Sat May 17 23:59:42 CEST 2014: 48: No solution found.
Sat May 17 23:59:42 CEST 2014: 49: finished (82ms, 500cycles)
Sat May 17 23:59:42 CEST 2014: 49: No solution found.
Sat May 17 23:59:43 CEST 2014: 50: finished (103ms, 500cycles)
Sat May 17 23:59:43 CEST 2014: 50: No solution found.
Sat May 17 23:59:43 CEST 2014: 51: finished (63ms, 500cycles)
Sat May 17 23:59:43 CEST 2014: 51: No solution found.
Sat May 17 23:59:43 CEST 2014: 52: finished (91ms, 500cycles)
Sat May 17 23:59:43 CEST 2014: 52: No solution found.
Sat May 17 23:59:43 CEST 2014: 53: finished (135ms, 500cycles)
Sat May 17 23:59:43 CEST 2014: 53: No solution found.
Sat May 17 23:59:43 CEST 2014: 54: finished (25ms, 99cycles)
Sat May 17 23:59:43 CEST 2014: 54: Solution found.
Sat May 17 23:59:43 CEST 2014: 55: finished (83ms, 500cycles)
Sat May 17 23:59:43 CEST 2014: 55: No solution found.
Sat May 17 23:59:43 CEST 2014: 56: finished (18ms, 500cycles)
Sat May 17 23:59:43 CEST 2014: 56: No solution found.
Sat May 17 23:59:43 CEST 2014: 57: finished (3ms, 35cycles)
Sat May 17 23:59:43 CEST 2014: 57: Solution found.
Sat May 17 23:59:43 CEST 2014: 58: finished (141ms, 500cycles)
Sat May 17 23:59:43 CEST 2014: 58: No solution found.
Sat May 17 23:59:43 CEST 2014: 59: finished (157ms, 500cycles)
Sat May 17 23:59:43 CEST 2014: 59: No solution found.
Sat May 17 23:59:43 CEST 2014: 60: finished (135ms, 500cycles)
Sat May 17 23:59:43 CEST 2014: 60: No solution found.
Sat May 17 23:59:43 CEST 2014: 61: finished (104ms, 500cycles)
Sat May 17 23:59:43 CEST 2014: 61: No solution found.
Sat May 17 23:59:43 CEST 2014: 62: finished (2ms, 41cycles)
Sat May 17 23:59:43 CEST 2014: 62: Solution found.
Sat May 17 23:59:43 CEST 2014: 63: finished (3ms, 37cycles)
Sat May 17 23:59:43 CEST 2014: 63: Solution found.
Sat May 17 23:59:44 CEST 2014: 64: finished (196ms, 500cycles)
Sat May 17 23:59:44 CEST 2014: 64: No solution found.
Sat May 17 23:59:44 CEST 2014: 65: finished (17ms, 500cycles)
Sat May 17 23:59:44 CEST 2014: 65: No solution found.
Sat May 17 23:59:44 CEST 2014: 66: finished (71ms, 500cycles)
Sat May 17 23:59:44 CEST 2014: 66: No solution found.
Sat May 17 23:59:44 CEST 2014: 67: finished (1ms, 6cycles)
Sat May 17 23:59:44 CEST 2014: 67: Solution found.
Sat May 17 23:59:44 CEST 2014: 68: finished (128ms, 500cycles)
Sat May 17 23:59:44 CEST 2014: 68: No solution found.
Sat May 17 23:59:44 CEST 2014: 69: finished (162ms, 500cycles)
Sat May 17 23:59:44 CEST 2014: 69: No solution found.
Sat May 17 23:59:44 CEST 2014: 70: finished (184ms, 500cycles)
Sat May 17 23:59:44 CEST 2014: 70: No solution found.
Sat May 17 23:59:44 CEST 2014: 71: finished (22ms, 500cycles)
Sat May 17 23:59:44 CEST 2014: 71: No solution found.
Sat May 17 23:59:44 CEST 2014: 72: finished (2ms, 17cycles)
Sat May 17 23:59:44 CEST 2014: 72: Solution found.
Sat May 17 23:59:44 CEST 2014: 73: finished (70ms, 290cycles)
Sat May 17 23:59:44 CEST 2014: 73: Solution found.
Sat May 17 23:59:44 CEST 2014: 74: finished (23ms, 500cycles)
Sat May 17 23:59:44 CEST 2014: 74: No solution found.
Sat May 17 23:59:44 CEST 2014: 75: finished (32ms, 156cycles)
Sat May 17 23:59:44 CEST 2014: 75: Solution found.
Sat May 17 23:59:44 CEST 2014: 76: finished (1ms, 4cycles)
Sat May 17 23:59:44 CEST 2014: 76: Solution found.
Sat May 17 23:59:44 CEST 2014: 77: finished (1ms, 10cycles)
Sat May 17 23:59:44 CEST 2014: 77: Solution found.
Sat May 17 23:59:44 CEST 2014: 78: finished (28ms, 500cycles)
Sat May 17 23:59:44 CEST 2014: 78: No solution found.
Sat May 17 23:59:44 CEST 2014: 79: finished (17ms, 500cycles)
Sat May 17 23:59:44 CEST 2014: 79: No solution found.
Sat May 17 23:59:44 CEST 2014: 80: finished (2ms, 22cycles)
Sat May 17 23:59:44 CEST 2014: 80: Solution found.
Sat May 17 23:59:45 CEST 2014: 81: finished (132ms, 500cycles)
Sat May 17 23:59:45 CEST 2014: 81: No solution found.
Sat May 17 23:59:45 CEST 2014: 82: finished (18ms, 500cycles)
Sat May 17 23:59:45 CEST 2014: 82: No solution found.
Sat May 17 23:59:45 CEST 2014: 83: finished (162ms, 500cycles)
Sat May 17 23:59:45 CEST 2014: 83: No solution found.
Sat May 17 23:59:45 CEST 2014: 84: finished (154ms, 500cycles)
Sat May 17 23:59:45 CEST 2014: 84: No solution found.
Sat May 17 23:59:45 CEST 2014: 85: finished (25ms, 500cycles)
Sat May 17 23:59:45 CEST 2014: 85: No solution found.
Sat May 17 23:59:45 CEST 2014: 86: finished (1ms, 12cycles)
Sat May 17 23:59:45 CEST 2014: 86: Solution found.
Sat May 17 23:59:45 CEST 2014: 87: finished (19ms, 500cycles)
Sat May 17 23:59:45 CEST 2014: 87: No solution found.
Sat May 17 23:59:45 CEST 2014: 88: finished (0ms, 13cycles)
Sat May 17 23:59:45 CEST 2014: 88: Solution found.
Sat May 17 23:59:45 CEST 2014: 89: finished (19ms, 500cycles)
Sat May 17 23:59:45 CEST 2014: 89: No solution found.
Sat May 17 23:59:45 CEST 2014: 90: finished (20ms, 500cycles)
Sat May 17 23:59:45 CEST 2014: 90: No solution found.
Sat May 17 23:59:45 CEST 2014: 91: finished (58ms, 500cycles)
Sat May 17 23:59:45 CEST 2014: 91: No solution found.
Sat May 17 23:59:45 CEST 2014: 92: finished (61ms, 182cycles)
Sat May 17 23:59:45 CEST 2014: 92: Solution found.
Sat May 17 23:59:45 CEST 2014: 93: finished (172ms, 500cycles)
Sat May 17 23:59:45 CEST 2014: 93: No solution found.
Sat May 17 23:59:45 CEST 2014: 94: finished (18ms, 500cycles)
Sat May 17 23:59:45 CEST 2014: 94: No solution found.
Sat May 17 23:59:45 CEST 2014: 95: finished (87ms, 500cycles)
Sat May 17 23:59:45 CEST 2014: 95: No solution found.
Sat May 17 23:59:45 CEST 2014: 96: finished (60ms, 500cycles)
Sat May 17 23:59:45 CEST 2014: 96: No solution found.
Sat May 17 23:59:45 CEST 2014: 97: finished (19ms, 500cycles)
Sat May 17 23:59:45 CEST 2014: 97: No solution found.
Sat May 17 23:59:45 CEST 2014: 98: finished (19ms, 500cycles)
Sat May 17 23:59:45 CEST 2014: 98: No solution found.
Sat May 17 23:59:45 CEST 2014: 99: finished (19ms, 500cycles)
Sat May 17 23:59:45 CEST 2014: 99: No solution found.
Sat May 17 23:59:45 CEST 2014: Solution Found: 26
Sat May 17 23:59:45 CEST 2014: Avg cycles: 119
Sat May 17 23:59:45 CEST 2014: Max cycles: 415
Sat May 17 23:59:45 CEST 2014: Min cycles: 4
Sat May 17 23:59:45 CEST 2014: No solution found: 74
Sat May 17 23:59:45 CEST 2014: logging finished. (runtime: 5888ms)
