Sat May 17 21:01:34 CEST 2014: Problem Count: 10
Sat May 17 21:01:34 CEST 2014: CandidatesCount: 10
Sat May 17 21:01:34 CEST 2014: Max Cycles: 500
Sat May 17 21:01:34 CEST 2014: 0: finished (12ms, 500cycles)
Sat May 17 21:01:34 CEST 2014: 0: No solution found.
Sat May 17 21:01:34 CEST 2014: 1: finished (6ms, 76cycles)
Sat May 17 21:01:34 CEST 2014: 1: Solution found.
Sat May 17 21:01:34 CEST 2014: 2: finished (10ms, 500cycles)
Sat May 17 21:01:34 CEST 2014: 2: No solution found.
Sat May 17 21:01:34 CEST 2014: 3: finished (94ms, 500cycles)
Sat May 17 21:01:34 CEST 2014: 3: No solution found.
Sat May 17 21:01:34 CEST 2014: 4: finished (10ms, 76cycles)
Sat May 17 21:01:34 CEST 2014: 4: Solution found.
Sat May 17 21:01:34 CEST 2014: 5: finished (9ms, 500cycles)
Sat May 17 21:01:34 CEST 2014: 5: No solution found.
Sat May 17 21:01:34 CEST 2014: 6: finished (12ms, 500cycles)
Sat May 17 21:01:34 CEST 2014: 6: No solution found.
Sat May 17 21:01:34 CEST 2014: 7: finished (16ms, 111cycles)
Sat May 17 21:01:34 CEST 2014: 7: Solution found.
Sat May 17 21:01:34 CEST 2014: 8: finished (10ms, 500cycles)
Sat May 17 21:01:34 CEST 2014: 8: No solution found.
Sat May 17 21:01:34 CEST 2014: 9: finished (10ms, 500cycles)
Sat May 17 21:01:34 CEST 2014: 9: No solution found.
Sat May 17 21:01:34 CEST 2014: 10: finished (15ms, 495cycles)
Sat May 17 21:01:34 CEST 2014: 10: Solution found.
Sat May 17 21:01:34 CEST 2014: 11: finished (102ms, 500cycles)
Sat May 17 21:01:34 CEST 2014: 11: No solution found.
Sat May 17 21:01:34 CEST 2014: 12: finished (13ms, 500cycles)
Sat May 17 21:01:34 CEST 2014: 12: No solution found.
Sat May 17 21:01:34 CEST 2014: 13: finished (81ms, 500cycles)
Sat May 17 21:01:34 CEST 2014: 13: No solution found.
Sat May 17 21:01:34 CEST 2014: 14: finished (43ms, 500cycles)
Sat May 17 21:01:34 CEST 2014: 14: No solution found.
Sat May 17 21:01:34 CEST 2014: 15: finished (31ms, 500cycles)
Sat May 17 21:01:34 CEST 2014: 15: No solution found.
Sat May 17 21:01:34 CEST 2014: 16: finished (10ms, 500cycles)
Sat May 17 21:01:34 CEST 2014: 16: No solution found.
Sat May 17 21:01:34 CEST 2014: 17: finished (9ms, 358cycles)
Sat May 17 21:01:34 CEST 2014: 17: Solution found.
Sat May 17 21:01:34 CEST 2014: 18: finished (11ms, 500cycles)
Sat May 17 21:01:34 CEST 2014: 18: No solution found.
Sat May 17 21:01:34 CEST 2014: 19: finished (30ms, 500cycles)
Sat May 17 21:01:34 CEST 2014: 19: No solution found.
Sat May 17 21:01:34 CEST 2014: 20: finished (10ms, 500cycles)
Sat May 17 21:01:34 CEST 2014: 20: No solution found.
Sat May 17 21:01:34 CEST 2014: 21: finished (36ms, 500cycles)
Sat May 17 21:01:34 CEST 2014: 21: No solution found.
Sat May 17 21:01:34 CEST 2014: 22: finished (7ms, 264cycles)
Sat May 17 21:01:34 CEST 2014: 22: Solution found.
Sat May 17 21:01:34 CEST 2014: 23: finished (78ms, 500cycles)
Sat May 17 21:01:34 CEST 2014: 23: No solution found.
Sat May 17 21:01:34 CEST 2014: 24: finished (11ms, 500cycles)
Sat May 17 21:01:34 CEST 2014: 24: No solution found.
Sat May 17 21:01:34 CEST 2014: 25: finished (15ms, 500cycles)
Sat May 17 21:01:34 CEST 2014: 25: No solution found.
Sat May 17 21:01:34 CEST 2014: 26: finished (11ms, 500cycles)
Sat May 17 21:01:34 CEST 2014: 26: No solution found.
Sat May 17 21:01:34 CEST 2014: 27: finished (26ms, 259cycles)
Sat May 17 21:01:34 CEST 2014: 27: Solution found.
Sat May 17 21:01:34 CEST 2014: 28: finished (9ms, 500cycles)
Sat May 17 21:01:34 CEST 2014: 28: No solution found.
Sat May 17 21:01:34 CEST 2014: 29: finished (10ms, 500cycles)
Sat May 17 21:01:34 CEST 2014: 29: No solution found.
Sat May 17 21:01:34 CEST 2014: 30: finished (6ms, 57cycles)
Sat May 17 21:01:34 CEST 2014: 30: Solution found.
Sat May 17 21:01:35 CEST 2014: 31: finished (65ms, 500cycles)
Sat May 17 21:01:35 CEST 2014: 31: No solution found.
Sat May 17 21:01:35 CEST 2014: 32: finished (1ms, 35cycles)
Sat May 17 21:01:35 CEST 2014: 32: Solution found.
Sat May 17 21:01:35 CEST 2014: 33: finished (11ms, 500cycles)
Sat May 17 21:01:35 CEST 2014: 33: No solution found.
Sat May 17 21:01:35 CEST 2014: 34: finished (42ms, 500cycles)
Sat May 17 21:01:35 CEST 2014: 34: No solution found.
Sat May 17 21:01:35 CEST 2014: 35: finished (9ms, 500cycles)
Sat May 17 21:01:35 CEST 2014: 35: No solution found.
Sat May 17 21:01:35 CEST 2014: 36: finished (65ms, 500cycles)
Sat May 17 21:01:35 CEST 2014: 36: No solution found.
Sat May 17 21:01:35 CEST 2014: 37: finished (9ms, 500cycles)
Sat May 17 21:01:35 CEST 2014: 37: No solution found.
Sat May 17 21:01:35 CEST 2014: 38: finished (41ms, 500cycles)
Sat May 17 21:01:35 CEST 2014: 38: No solution found.
Sat May 17 21:01:35 CEST 2014: 39: finished (82ms, 500cycles)
Sat May 17 21:01:35 CEST 2014: 39: No solution found.
Sat May 17 21:01:35 CEST 2014: 40: finished (1ms, 20cycles)
Sat May 17 21:01:35 CEST 2014: 40: Solution found.
Sat May 17 21:01:35 CEST 2014: 41: finished (9ms, 500cycles)
Sat May 17 21:01:35 CEST 2014: 41: No solution found.
Sat May 17 21:01:35 CEST 2014: 42: finished (53ms, 335cycles)
Sat May 17 21:01:35 CEST 2014: 42: Solution found.
Sat May 17 21:01:35 CEST 2014: 43: finished (10ms, 98cycles)
Sat May 17 21:01:35 CEST 2014: 43: Solution found.
Sat May 17 21:01:35 CEST 2014: 44: finished (54ms, 500cycles)
Sat May 17 21:01:35 CEST 2014: 44: No solution found.
Sat May 17 21:01:35 CEST 2014: 45: finished (46ms, 500cycles)
Sat May 17 21:01:35 CEST 2014: 45: No solution found.
Sat May 17 21:01:35 CEST 2014: 46: finished (11ms, 500cycles)
Sat May 17 21:01:35 CEST 2014: 46: No solution found.
Sat May 17 21:01:35 CEST 2014: 47: finished (42ms, 500cycles)
Sat May 17 21:01:35 CEST 2014: 47: No solution found.
Sat May 17 21:01:35 CEST 2014: 48: finished (8ms, 500cycles)
Sat May 17 21:01:35 CEST 2014: 48: No solution found.
Sat May 17 21:01:35 CEST 2014: 49: finished (11ms, 500cycles)
Sat May 17 21:01:35 CEST 2014: 49: No solution found.
Sat May 17 21:01:35 CEST 2014: 50: finished (49ms, 500cycles)
Sat May 17 21:01:35 CEST 2014: 50: No solution found.
Sat May 17 21:01:35 CEST 2014: 51: finished (10ms, 500cycles)
Sat May 17 21:01:35 CEST 2014: 51: No solution found.
Sat May 17 21:01:35 CEST 2014: 52: finished (2ms, 39cycles)
Sat May 17 21:01:35 CEST 2014: 52: Solution found.
Sat May 17 21:01:35 CEST 2014: 53: finished (43ms, 500cycles)
Sat May 17 21:01:35 CEST 2014: 53: No solution found.
Sat May 17 21:01:35 CEST 2014: 54: finished (10ms, 500cycles)
Sat May 17 21:01:35 CEST 2014: 54: No solution found.
Sat May 17 21:01:35 CEST 2014: 55: finished (56ms, 500cycles)
Sat May 17 21:01:35 CEST 2014: 55: No solution found.
Sat May 17 21:01:35 CEST 2014: 56: finished (9ms, 500cycles)
Sat May 17 21:01:35 CEST 2014: 56: No solution found.
Sat May 17 21:01:35 CEST 2014: 57: finished (42ms, 500cycles)
Sat May 17 21:01:35 CEST 2014: 57: No solution found.
Sat May 17 21:01:35 CEST 2014: 58: finished (61ms, 500cycles)
Sat May 17 21:01:35 CEST 2014: 58: No solution found.
Sat May 17 21:01:35 CEST 2014: 59: finished (44ms, 500cycles)
Sat May 17 21:01:35 CEST 2014: 59: No solution found.
Sat May 17 21:01:35 CEST 2014: 60: finished (78ms, 500cycles)
Sat May 17 21:01:35 CEST 2014: 60: No solution found.
Sat May 17 21:01:35 CEST 2014: 61: finished (9ms, 500cycles)
Sat May 17 21:01:35 CEST 2014: 61: No solution found.
Sat May 17 21:01:35 CEST 2014: 62: finished (11ms, 500cycles)
Sat May 17 21:01:35 CEST 2014: 62: No solution found.
Sat May 17 21:01:36 CEST 2014: 63: finished (40ms, 500cycles)
Sat May 17 21:01:36 CEST 2014: 63: No solution found.
Sat May 17 21:01:36 CEST 2014: 64: finished (44ms, 500cycles)
Sat May 17 21:01:36 CEST 2014: 64: No solution found.
Sat May 17 21:01:36 CEST 2014: 65: finished (11ms, 500cycles)
Sat May 17 21:01:36 CEST 2014: 65: No solution found.
Sat May 17 21:01:36 CEST 2014: 66: finished (2ms, 89cycles)
Sat May 17 21:01:36 CEST 2014: 66: Solution found.
Sat May 17 21:01:36 CEST 2014: 67: finished (34ms, 266cycles)
Sat May 17 21:01:36 CEST 2014: 67: Solution found.
Sat May 17 21:01:36 CEST 2014: 68: finished (72ms, 500cycles)
Sat May 17 21:01:36 CEST 2014: 68: No solution found.
Sat May 17 21:01:36 CEST 2014: 69: finished (8ms, 500cycles)
Sat May 17 21:01:36 CEST 2014: 69: No solution found.
Sat May 17 21:01:36 CEST 2014: 70: finished (8ms, 500cycles)
Sat May 17 21:01:36 CEST 2014: 70: No solution found.
Sat May 17 21:01:36 CEST 2014: 71: finished (93ms, 500cycles)
Sat May 17 21:01:36 CEST 2014: 71: No solution found.
Sat May 17 21:01:36 CEST 2014: 72: finished (10ms, 500cycles)
Sat May 17 21:01:36 CEST 2014: 72: No solution found.
Sat May 17 21:01:36 CEST 2014: 73: finished (61ms, 500cycles)
Sat May 17 21:01:36 CEST 2014: 73: No solution found.
Sat May 17 21:01:36 CEST 2014: 74: finished (10ms, 500cycles)
Sat May 17 21:01:36 CEST 2014: 74: No solution found.
Sat May 17 21:01:36 CEST 2014: 75: finished (11ms, 500cycles)
Sat May 17 21:01:36 CEST 2014: 75: No solution found.
Sat May 17 21:01:36 CEST 2014: 76: finished (51ms, 500cycles)
Sat May 17 21:01:36 CEST 2014: 76: No solution found.
Sat May 17 21:01:36 CEST 2014: 77: finished (107ms, 500cycles)
Sat May 17 21:01:36 CEST 2014: 77: No solution found.
Sat May 17 21:01:36 CEST 2014: 78: finished (11ms, 500cycles)
Sat May 17 21:01:36 CEST 2014: 78: No solution found.
Sat May 17 21:01:36 CEST 2014: 79: finished (12ms, 500cycles)
Sat May 17 21:01:36 CEST 2014: 79: No solution found.
Sat May 17 21:01:36 CEST 2014: 80: finished (2ms, 9cycles)
Sat May 17 21:01:36 CEST 2014: 80: Solution found.
Sat May 17 21:01:36 CEST 2014: 81: finished (0ms, 15cycles)
Sat May 17 21:01:36 CEST 2014: 81: Solution found.
Sat May 17 21:01:36 CEST 2014: 82: finished (33ms, 500cycles)
Sat May 17 21:01:36 CEST 2014: 82: No solution found.
Sat May 17 21:01:36 CEST 2014: 83: finished (7ms, 295cycles)
Sat May 17 21:01:36 CEST 2014: 83: Solution found.
Sat May 17 21:01:36 CEST 2014: 84: finished (9ms, 500cycles)
Sat May 17 21:01:36 CEST 2014: 84: No solution found.
Sat May 17 21:01:36 CEST 2014: 85: finished (30ms, 500cycles)
Sat May 17 21:01:36 CEST 2014: 85: No solution found.
Sat May 17 21:01:36 CEST 2014: 86: finished (13ms, 500cycles)
Sat May 17 21:01:36 CEST 2014: 86: No solution found.
Sat May 17 21:01:36 CEST 2014: 87: finished (105ms, 500cycles)
Sat May 17 21:01:36 CEST 2014: 87: No solution found.
Sat May 17 21:01:36 CEST 2014: 88: finished (68ms, 500cycles)
Sat May 17 21:01:36 CEST 2014: 88: No solution found.
Sat May 17 21:01:36 CEST 2014: 89: finished (14ms, 500cycles)
Sat May 17 21:01:36 CEST 2014: 89: No solution found.
Sat May 17 21:01:36 CEST 2014: 90: finished (6ms, 24cycles)
Sat May 17 21:01:36 CEST 2014: 90: Solution found.
Sat May 17 21:01:36 CEST 2014: 91: finished (0ms, 1cycles)
Sat May 17 21:01:36 CEST 2014: 91: Solution found.
Sat May 17 21:01:36 CEST 2014: 92: finished (1ms, 15cycles)
Sat May 17 21:01:36 CEST 2014: 92: Solution found.
Sat May 17 21:01:36 CEST 2014: 93: finished (1ms, 23cycles)
Sat May 17 21:01:36 CEST 2014: 93: Solution found.
Sat May 17 21:01:36 CEST 2014: 94: finished (8ms, 500cycles)
Sat May 17 21:01:36 CEST 2014: 94: No solution found.
Sat May 17 21:01:36 CEST 2014: 95: finished (56ms, 500cycles)
Sat May 17 21:01:36 CEST 2014: 95: No solution found.
Sat May 17 21:01:36 CEST 2014: 96: finished (88ms, 500cycles)
Sat May 17 21:01:36 CEST 2014: 96: No solution found.
Sat May 17 21:01:37 CEST 2014: 97: finished (10ms, 500cycles)
Sat May 17 21:01:37 CEST 2014: 97: No solution found.
Sat May 17 21:01:37 CEST 2014: 98: finished (10ms, 500cycles)
Sat May 17 21:01:37 CEST 2014: 98: No solution found.
Sat May 17 21:01:37 CEST 2014: 99: finished (8ms, 500cycles)
Sat May 17 21:01:37 CEST 2014: 99: No solution found.
Sat May 17 21:01:37 CEST 2014: Solution Found: 22
Sat May 17 21:01:37 CEST 2014: Avg cycles: 134
Sat May 17 21:01:37 CEST 2014: Max cycles: 495
Sat May 17 21:01:37 CEST 2014: Min cycles: 1
Sat May 17 21:01:37 CEST 2014: No solution found: 78
Sat May 17 21:01:37 CEST 2014: logging finished. (runtime: 2824ms)
