Wed May 07 00:53:48 CEST 2014: Problem Count: 10
Wed May 07 00:53:48 CEST 2014: CandidatesCount: 50
Wed May 07 00:53:48 CEST 2014: Max Cycles: 500
Wed May 07 00:53:48 CEST 2014: 0: finished (339ms, 358cycles)
Wed May 07 00:53:48 CEST 2014: 0: Solution found.
Wed May 07 00:53:48 CEST 2014: 1: finished (63ms, 97cycles)
Wed May 07 00:53:48 CEST 2014: 1: Solution found.
Wed May 07 00:53:49 CEST 2014: 2: finished (404ms, 500cycles)
Wed May 07 00:53:49 CEST 2014: 2: No solution found.
Wed May 07 00:53:49 CEST 2014: 3: finished (318ms, 377cycles)
Wed May 07 00:53:49 CEST 2014: 3: Solution found.
Wed May 07 00:53:49 CEST 2014: 4: finished (304ms, 500cycles)
Wed May 07 00:53:49 CEST 2014: 4: No solution found.
Wed May 07 00:53:50 CEST 2014: 5: finished (310ms, 500cycles)
Wed May 07 00:53:50 CEST 2014: 5: No solution found.
Wed May 07 00:53:50 CEST 2014: 6: finished (27ms, 61cycles)
Wed May 07 00:53:50 CEST 2014: 6: Solution found.
Wed May 07 00:53:50 CEST 2014: 7: finished (221ms, 500cycles)
Wed May 07 00:53:50 CEST 2014: 7: No solution found.
Wed May 07 00:53:50 CEST 2014: 8: finished (3ms, 7cycles)
Wed May 07 00:53:50 CEST 2014: 8: Solution found.
Wed May 07 00:53:50 CEST 2014: 9: finished (149ms, 152cycles)
Wed May 07 00:53:50 CEST 2014: 9: Solution found.
Wed May 07 00:53:50 CEST 2014: 10: finished (331ms, 500cycles)
Wed May 07 00:53:50 CEST 2014: 10: No solution found.
Wed May 07 00:53:50 CEST 2014: 11: finished (4ms, 18cycles)
Wed May 07 00:53:50 CEST 2014: 11: Solution found.
Wed May 07 00:53:50 CEST 2014: 12: finished (5ms, 31cycles)
Wed May 07 00:53:50 CEST 2014: 12: Solution found.
Wed May 07 00:53:50 CEST 2014: 13: finished (54ms, 500cycles)
Wed May 07 00:53:50 CEST 2014: 13: No solution found.
Wed May 07 00:53:51 CEST 2014: 14: finished (165ms, 500cycles)
Wed May 07 00:53:51 CEST 2014: 14: No solution found.
Wed May 07 00:53:51 CEST 2014: 15: finished (159ms, 500cycles)
Wed May 07 00:53:51 CEST 2014: 15: No solution found.
Wed May 07 00:53:51 CEST 2014: 16: finished (53ms, 500cycles)
Wed May 07 00:53:51 CEST 2014: 16: No solution found.
Wed May 07 00:53:51 CEST 2014: 17: finished (141ms, 500cycles)
Wed May 07 00:53:51 CEST 2014: 17: No solution found.
Wed May 07 00:53:51 CEST 2014: 18: finished (5ms, 23cycles)
Wed May 07 00:53:51 CEST 2014: 18: Solution found.
Wed May 07 00:53:51 CEST 2014: 19: finished (268ms, 500cycles)
Wed May 07 00:53:51 CEST 2014: 19: No solution found.
Wed May 07 00:53:52 CEST 2014: 20: finished (239ms, 500cycles)
Wed May 07 00:53:52 CEST 2014: 20: No solution found.
Wed May 07 00:53:52 CEST 2014: 21: finished (59ms, 124cycles)
Wed May 07 00:53:52 CEST 2014: 21: Solution found.
Wed May 07 00:53:52 CEST 2014: 22: finished (122ms, 159cycles)
Wed May 07 00:53:52 CEST 2014: 22: Solution found.
Wed May 07 00:53:52 CEST 2014: 23: finished (244ms, 500cycles)
Wed May 07 00:53:52 CEST 2014: 23: No solution found.
Wed May 07 00:53:52 CEST 2014: 24: finished (2ms, 11cycles)
Wed May 07 00:53:52 CEST 2014: 24: Solution found.
Wed May 07 00:53:53 CEST 2014: 25: finished (575ms, 500cycles)
Wed May 07 00:53:53 CEST 2014: 25: No solution found.
Wed May 07 00:53:53 CEST 2014: 26: finished (93ms, 191cycles)
Wed May 07 00:53:53 CEST 2014: 26: Solution found.
Wed May 07 00:53:53 CEST 2014: 27: finished (48ms, 500cycles)
Wed May 07 00:53:53 CEST 2014: 27: No solution found.
Wed May 07 00:53:53 CEST 2014: 28: finished (400ms, 500cycles)
Wed May 07 00:53:53 CEST 2014: 28: No solution found.
Wed May 07 00:53:53 CEST 2014: 29: finished (5ms, 25cycles)
Wed May 07 00:53:53 CEST 2014: 29: Solution found.
Wed May 07 00:53:53 CEST 2014: 30: finished (1ms, 7cycles)
Wed May 07 00:53:53 CEST 2014: 30: Solution found.
Wed May 07 00:53:53 CEST 2014: 31: finished (59ms, 500cycles)
Wed May 07 00:53:53 CEST 2014: 31: No solution found.
Wed May 07 00:53:53 CEST 2014: 32: finished (353ms, 500cycles)
Wed May 07 00:53:53 CEST 2014: 32: No solution found.
Wed May 07 00:53:54 CEST 2014: 33: finished (332ms, 500cycles)
Wed May 07 00:53:54 CEST 2014: 33: No solution found.
Wed May 07 00:53:54 CEST 2014: 34: finished (5ms, 17cycles)
Wed May 07 00:53:54 CEST 2014: 34: Solution found.
Wed May 07 00:53:54 CEST 2014: 35: finished (42ms, 101cycles)
Wed May 07 00:53:54 CEST 2014: 35: Solution found.
Wed May 07 00:53:54 CEST 2014: 36: finished (7ms, 28cycles)
Wed May 07 00:53:54 CEST 2014: 36: Solution found.
Wed May 07 00:53:54 CEST 2014: 37: finished (2ms, 14cycles)
Wed May 07 00:53:54 CEST 2014: 37: Solution found.
Wed May 07 00:53:54 CEST 2014: 38: finished (210ms, 292cycles)
Wed May 07 00:53:54 CEST 2014: 38: Solution found.
Wed May 07 00:53:54 CEST 2014: 39: finished (219ms, 500cycles)
Wed May 07 00:53:54 CEST 2014: 39: No solution found.
Wed May 07 00:53:55 CEST 2014: 40: finished (442ms, 500cycles)
Wed May 07 00:53:55 CEST 2014: 40: No solution found.
Wed May 07 00:53:55 CEST 2014: 41: finished (3ms, 13cycles)
Wed May 07 00:53:55 CEST 2014: 41: Solution found.
Wed May 07 00:53:55 CEST 2014: 42: finished (307ms, 500cycles)
Wed May 07 00:53:55 CEST 2014: 42: No solution found.
Wed May 07 00:53:55 CEST 2014: 43: finished (2ms, 9cycles)
Wed May 07 00:53:55 CEST 2014: 43: Solution found.
Wed May 07 00:53:55 CEST 2014: 44: finished (267ms, 500cycles)
Wed May 07 00:53:55 CEST 2014: 44: No solution found.
Wed May 07 00:53:55 CEST 2014: 45: finished (176ms, 304cycles)
Wed May 07 00:53:55 CEST 2014: 45: Solution found.
Wed May 07 00:53:55 CEST 2014: 46: finished (1ms, 6cycles)
Wed May 07 00:53:55 CEST 2014: 46: Solution found.
Wed May 07 00:53:55 CEST 2014: 47: finished (1ms, 2cycles)
Wed May 07 00:53:55 CEST 2014: 47: Solution found.
Wed May 07 00:53:56 CEST 2014: 48: finished (322ms, 500cycles)
Wed May 07 00:53:56 CEST 2014: 48: No solution found.
Wed May 07 00:53:56 CEST 2014: 49: finished (33ms, 58cycles)
Wed May 07 00:53:56 CEST 2014: 49: Solution found.
Wed May 07 00:53:56 CEST 2014: 50: finished (524ms, 500cycles)
Wed May 07 00:53:56 CEST 2014: 50: No solution found.
Wed May 07 00:53:56 CEST 2014: 51: finished (7ms, 41cycles)
Wed May 07 00:53:56 CEST 2014: 51: Solution found.
Wed May 07 00:53:56 CEST 2014: 52: finished (9ms, 59cycles)
Wed May 07 00:53:56 CEST 2014: 52: Solution found.
Wed May 07 00:53:56 CEST 2014: 53: finished (104ms, 500cycles)
Wed May 07 00:53:56 CEST 2014: 53: No solution found.
Wed May 07 00:53:56 CEST 2014: 54: finished (3ms, 12cycles)
Wed May 07 00:53:56 CEST 2014: 54: Solution found.
Wed May 07 00:53:56 CEST 2014: 55: finished (6ms, 25cycles)
Wed May 07 00:53:56 CEST 2014: 55: Solution found.
Wed May 07 00:53:57 CEST 2014: 56: finished (53ms, 500cycles)
Wed May 07 00:53:57 CEST 2014: 56: No solution found.
Wed May 07 00:53:57 CEST 2014: 57: finished (1ms, 6cycles)
Wed May 07 00:53:57 CEST 2014: 57: Solution found.
Wed May 07 00:53:57 CEST 2014: 58: finished (267ms, 500cycles)
Wed May 07 00:53:57 CEST 2014: 58: No solution found.
Wed May 07 00:53:57 CEST 2014: 59: finished (2ms, 11cycles)
Wed May 07 00:53:57 CEST 2014: 59: Solution found.
Wed May 07 00:53:57 CEST 2014: 60: finished (2ms, 13cycles)
Wed May 07 00:53:57 CEST 2014: 60: Solution found.
Wed May 07 00:53:57 CEST 2014: 61: finished (212ms, 500cycles)
Wed May 07 00:53:57 CEST 2014: 61: No solution found.
Wed May 07 00:53:57 CEST 2014: 62: finished (6ms, 19cycles)
Wed May 07 00:53:57 CEST 2014: 62: Solution found.
Wed May 07 00:53:57 CEST 2014: 63: finished (3ms, 11cycles)
Wed May 07 00:53:57 CEST 2014: 63: Solution found.
Wed May 07 00:53:57 CEST 2014: 64: finished (3ms, 19cycles)
Wed May 07 00:53:57 CEST 2014: 64: Solution found.
Wed May 07 00:53:57 CEST 2014: 65: finished (49ms, 500cycles)
Wed May 07 00:53:57 CEST 2014: 65: No solution found.
Wed May 07 00:53:57 CEST 2014: 66: finished (3ms, 17cycles)
Wed May 07 00:53:57 CEST 2014: 66: Solution found.
Wed May 07 00:53:57 CEST 2014: 67: finished (88ms, 140cycles)
Wed May 07 00:53:57 CEST 2014: 67: Solution found.
Wed May 07 00:53:57 CEST 2014: 68: finished (55ms, 500cycles)
Wed May 07 00:53:57 CEST 2014: 68: No solution found.
Wed May 07 00:53:57 CEST 2014: 69: finished (10ms, 23cycles)
Wed May 07 00:53:57 CEST 2014: 69: Solution found.
Wed May 07 00:53:58 CEST 2014: 70: finished (404ms, 500cycles)
Wed May 07 00:53:58 CEST 2014: 70: No solution found.
Wed May 07 00:53:58 CEST 2014: 71: finished (47ms, 500cycles)
Wed May 07 00:53:58 CEST 2014: 71: No solution found.
Wed May 07 00:53:58 CEST 2014: 72: finished (285ms, 500cycles)
Wed May 07 00:53:58 CEST 2014: 72: No solution found.
Wed May 07 00:53:58 CEST 2014: 73: finished (352ms, 500cycles)
Wed May 07 00:53:58 CEST 2014: 73: No solution found.
Wed May 07 00:53:58 CEST 2014: 74: finished (66ms, 71cycles)
Wed May 07 00:53:58 CEST 2014: 74: Solution found.
Wed May 07 00:53:58 CEST 2014: 75: finished (1ms, 2cycles)
Wed May 07 00:53:58 CEST 2014: 75: Solution found.
Wed May 07 00:53:59 CEST 2014: 76: finished (327ms, 500cycles)
Wed May 07 00:53:59 CEST 2014: 76: No solution found.
Wed May 07 00:53:59 CEST 2014: 77: finished (35ms, 84cycles)
Wed May 07 00:53:59 CEST 2014: 77: Solution found.
Wed May 07 00:53:59 CEST 2014: 78: finished (288ms, 347cycles)
Wed May 07 00:53:59 CEST 2014: 78: Solution found.
Wed May 07 00:53:59 CEST 2014: 79: finished (20ms, 46cycles)
Wed May 07 00:53:59 CEST 2014: 79: Solution found.
Wed May 07 00:53:59 CEST 2014: 80: finished (288ms, 500cycles)
Wed May 07 00:53:59 CEST 2014: 80: No solution found.
Wed May 07 00:53:59 CEST 2014: 81: finished (2ms, 14cycles)
Wed May 07 00:53:59 CEST 2014: 81: Solution found.
Wed May 07 00:54:00 CEST 2014: 82: finished (295ms, 500cycles)
Wed May 07 00:54:00 CEST 2014: 82: No solution found.
Wed May 07 00:54:00 CEST 2014: 83: finished (11ms, 25cycles)
Wed May 07 00:54:00 CEST 2014: 83: Solution found.
Wed May 07 00:54:00 CEST 2014: 84: finished (254ms, 500cycles)
Wed May 07 00:54:00 CEST 2014: 84: No solution found.
Wed May 07 00:54:00 CEST 2014: 85: finished (109ms, 188cycles)
Wed May 07 00:54:00 CEST 2014: 85: Solution found.
Wed May 07 00:54:00 CEST 2014: 86: finished (382ms, 500cycles)
Wed May 07 00:54:00 CEST 2014: 86: No solution found.
Wed May 07 00:54:01 CEST 2014: 87: finished (235ms, 500cycles)
Wed May 07 00:54:01 CEST 2014: 87: No solution found.
Wed May 07 00:54:01 CEST 2014: 88: finished (12ms, 28cycles)
Wed May 07 00:54:01 CEST 2014: 88: Solution found.
Wed May 07 00:54:01 CEST 2014: 89: finished (226ms, 500cycles)
Wed May 07 00:54:01 CEST 2014: 89: No solution found.
Wed May 07 00:54:01 CEST 2014: 90: finished (249ms, 500cycles)
Wed May 07 00:54:01 CEST 2014: 90: No solution found.
Wed May 07 00:54:01 CEST 2014: 91: finished (47ms, 500cycles)
Wed May 07 00:54:01 CEST 2014: 91: No solution found.
Wed May 07 00:54:01 CEST 2014: 92: finished (4ms, 24cycles)
Wed May 07 00:54:01 CEST 2014: 92: Solution found.
Wed May 07 00:54:01 CEST 2014: 93: finished (4ms, 31cycles)
Wed May 07 00:54:01 CEST 2014: 93: Solution found.
Wed May 07 00:54:01 CEST 2014: 94: finished (66ms, 101cycles)
Wed May 07 00:54:01 CEST 2014: 94: Solution found.
Wed May 07 00:54:01 CEST 2014: 95: finished (49ms, 500cycles)
Wed May 07 00:54:01 CEST 2014: 95: No solution found.
Wed May 07 00:54:01 CEST 2014: 96: finished (43ms, 228cycles)
Wed May 07 00:54:01 CEST 2014: 96: Solution found.
Wed May 07 00:54:02 CEST 2014: 97: finished (305ms, 500cycles)
Wed May 07 00:54:02 CEST 2014: 97: No solution found.
Wed May 07 00:54:02 CEST 2014: 98: finished (2ms, 9cycles)
Wed May 07 00:54:02 CEST 2014: 98: Solution found.
Wed May 07 00:54:02 CEST 2014: 99: finished (16ms, 41cycles)
Wed May 07 00:54:02 CEST 2014: 99: Solution found.
Wed May 07 00:54:02 CEST 2014: Solution Found: 54
Wed May 07 00:54:02 CEST 2014: Avg cycles: 76
Wed May 07 00:54:02 CEST 2014: Max cycles: 377
Wed May 07 00:54:02 CEST 2014: Min cycles: 2
Wed May 07 00:54:02 CEST 2014: No solution found: 46
Wed May 07 00:54:02 CEST 2014: logging finished. (runtime: 13745ms)
