Sun May 18 17:47:12 CEST 2014: Problem Count: 10
Sun May 18 17:47:12 CEST 2014: CandidatesCount: 40
Sun May 18 17:47:12 CEST 2014: Max Cycles: 500
Sun May 18 17:47:12 CEST 2014: 0: finished (283ms, 500cycles)
Sun May 18 17:47:12 CEST 2014: 0: No solution found.
Sun May 18 17:47:12 CEST 2014: 1: finished (278ms, 500cycles)
Sun May 18 17:47:12 CEST 2014: 1: No solution found.
Sun May 18 17:47:12 CEST 2014: 2: finished (146ms, 500cycles)
Sun May 18 17:47:12 CEST 2014: 2: No solution found.
Sun May 18 17:47:12 CEST 2014: 3: finished (13ms, 122cycles)
Sun May 18 17:47:12 CEST 2014: 3: Solution found.
Sun May 18 17:47:13 CEST 2014: 4: finished (662ms, 500cycles)
Sun May 18 17:47:13 CEST 2014: 4: No solution found.
Sun May 18 17:47:14 CEST 2014: 5: finished (585ms, 500cycles)
Sun May 18 17:47:14 CEST 2014: 5: No solution found.
Sun May 18 17:47:14 CEST 2014: 6: finished (942ms, 500cycles)
Sun May 18 17:47:14 CEST 2014: 6: No solution found.
Sun May 18 17:47:15 CEST 2014: 7: finished (186ms, 500cycles)
Sun May 18 17:47:15 CEST 2014: 7: No solution found.
Sun May 18 17:47:15 CEST 2014: 8: finished (140ms, 500cycles)
Sun May 18 17:47:15 CEST 2014: 8: No solution found.
Sun May 18 17:47:16 CEST 2014: 9: finished (716ms, 500cycles)
Sun May 18 17:47:16 CEST 2014: 9: No solution found.
Sun May 18 17:47:16 CEST 2014: 10: finished (104ms, 500cycles)
Sun May 18 17:47:16 CEST 2014: 10: No solution found.
Sun May 18 17:47:16 CEST 2014: 11: finished (431ms, 500cycles)
Sun May 18 17:47:16 CEST 2014: 11: No solution found.
Sun May 18 17:47:17 CEST 2014: 12: finished (625ms, 500cycles)
Sun May 18 17:47:17 CEST 2014: 12: No solution found.
Sun May 18 17:47:17 CEST 2014: 13: finished (589ms, 500cycles)
Sun May 18 17:47:17 CEST 2014: 13: No solution found.
Sun May 18 17:47:17 CEST 2014: 14: finished (2ms, 14cycles)
Sun May 18 17:47:17 CEST 2014: 14: Solution found.
Sun May 18 17:47:17 CEST 2014: 15: finished (80ms, 121cycles)
Sun May 18 17:47:17 CEST 2014: 15: Solution found.
Sun May 18 17:47:18 CEST 2014: 16: finished (228ms, 500cycles)
Sun May 18 17:47:18 CEST 2014: 16: No solution found.
Sun May 18 17:47:18 CEST 2014: 17: finished (40ms, 500cycles)
Sun May 18 17:47:18 CEST 2014: 17: No solution found.
Sun May 18 17:47:18 CEST 2014: 18: finished (254ms, 500cycles)
Sun May 18 17:47:18 CEST 2014: 18: No solution found.
Sun May 18 17:47:18 CEST 2014: 19: finished (272ms, 500cycles)
Sun May 18 17:47:18 CEST 2014: 19: No solution found.
Sun May 18 17:47:18 CEST 2014: 20: finished (5ms, 22cycles)
Sun May 18 17:47:18 CEST 2014: 20: Solution found.
Sun May 18 17:47:18 CEST 2014: 21: finished (172ms, 500cycles)
Sun May 18 17:47:18 CEST 2014: 21: No solution found.
Sun May 18 17:47:18 CEST 2014: 22: finished (164ms, 500cycles)
Sun May 18 17:47:18 CEST 2014: 22: No solution found.
Sun May 18 17:47:19 CEST 2014: 23: finished (44ms, 500cycles)
Sun May 18 17:47:19 CEST 2014: 23: No solution found.
Sun May 18 17:47:19 CEST 2014: 24: finished (86ms, 500cycles)
Sun May 18 17:47:19 CEST 2014: 24: No solution found.
Sun May 18 17:47:19 CEST 2014: 25: finished (38ms, 500cycles)
Sun May 18 17:47:19 CEST 2014: 25: No solution found.
Sun May 18 17:47:19 CEST 2014: 26: finished (37ms, 64cycles)
Sun May 18 17:47:19 CEST 2014: 26: Solution found.
Sun May 18 17:47:19 CEST 2014: 27: finished (5ms, 16cycles)
Sun May 18 17:47:19 CEST 2014: 27: Solution found.
Sun May 18 17:47:19 CEST 2014: 28: finished (3ms, 18cycles)
Sun May 18 17:47:19 CEST 2014: 28: Solution found.
Sun May 18 17:47:19 CEST 2014: 29: finished (2ms, 10cycles)
Sun May 18 17:47:19 CEST 2014: 29: Solution found.
Sun May 18 17:47:19 CEST 2014: 30: finished (3ms, 22cycles)
Sun May 18 17:47:19 CEST 2014: 30: Solution found.
Sun May 18 17:47:19 CEST 2014: 31: finished (101ms, 155cycles)
Sun May 18 17:47:19 CEST 2014: 31: Solution found.
Sun May 18 17:47:19 CEST 2014: 32: finished (136ms, 500cycles)
Sun May 18 17:47:19 CEST 2014: 32: No solution found.
Sun May 18 17:47:19 CEST 2014: 33: finished (5ms, 63cycles)
Sun May 18 17:47:19 CEST 2014: 33: Solution found.
Sun May 18 17:47:19 CEST 2014: 34: finished (182ms, 500cycles)
Sun May 18 17:47:19 CEST 2014: 34: No solution found.
Sun May 18 17:47:19 CEST 2014: 35: finished (17ms, 53cycles)
Sun May 18 17:47:19 CEST 2014: 35: Solution found.
Sun May 18 17:47:19 CEST 2014: 36: finished (41ms, 500cycles)
Sun May 18 17:47:19 CEST 2014: 36: No solution found.
Sun May 18 17:47:19 CEST 2014: 37: finished (175ms, 500cycles)
Sun May 18 17:47:19 CEST 2014: 37: No solution found.
Sun May 18 17:47:19 CEST 2014: 38: finished (51ms, 500cycles)
Sun May 18 17:47:19 CEST 2014: 38: No solution found.
Sun May 18 17:47:20 CEST 2014: 39: finished (313ms, 500cycles)
Sun May 18 17:47:20 CEST 2014: 39: No solution found.
Sun May 18 17:47:20 CEST 2014: 40: finished (46ms, 500cycles)
Sun May 18 17:47:20 CEST 2014: 40: No solution found.
Sun May 18 17:47:20 CEST 2014: 41: finished (237ms, 500cycles)
Sun May 18 17:47:20 CEST 2014: 41: No solution found.
Sun May 18 17:47:20 CEST 2014: 42: finished (4ms, 38cycles)
Sun May 18 17:47:20 CEST 2014: 42: Solution found.
Sun May 18 17:47:20 CEST 2014: 43: finished (217ms, 500cycles)
Sun May 18 17:47:20 CEST 2014: 43: No solution found.
Sun May 18 17:47:20 CEST 2014: 44: finished (3ms, 22cycles)
Sun May 18 17:47:20 CEST 2014: 44: Solution found.
Sun May 18 17:47:21 CEST 2014: 45: finished (329ms, 500cycles)
Sun May 18 17:47:21 CEST 2014: 45: No solution found.
Sun May 18 17:47:21 CEST 2014: 46: finished (36ms, 500cycles)
Sun May 18 17:47:21 CEST 2014: 46: No solution found.
Sun May 18 17:47:21 CEST 2014: 47: finished (31ms, 53cycles)
Sun May 18 17:47:21 CEST 2014: 47: Solution found.
Sun May 18 17:47:21 CEST 2014: 48: finished (5ms, 14cycles)
Sun May 18 17:47:21 CEST 2014: 48: Solution found.
Sun May 18 17:47:21 CEST 2014: 49: finished (181ms, 500cycles)
Sun May 18 17:47:21 CEST 2014: 49: No solution found.
Sun May 18 17:47:21 CEST 2014: 50: finished (132ms, 500cycles)
Sun May 18 17:47:21 CEST 2014: 50: No solution found.
Sun May 18 17:47:21 CEST 2014: 51: finished (42ms, 79cycles)
Sun May 18 17:47:21 CEST 2014: 51: Solution found.
Sun May 18 17:47:21 CEST 2014: 52: finished (276ms, 500cycles)
Sun May 18 17:47:21 CEST 2014: 52: No solution found.
Sun May 18 17:47:21 CEST 2014: 53: finished (1ms, 10cycles)
Sun May 18 17:47:21 CEST 2014: 53: Solution found.
Sun May 18 17:47:21 CEST 2014: 54: finished (41ms, 500cycles)
Sun May 18 17:47:21 CEST 2014: 54: No solution found.
Sun May 18 17:47:21 CEST 2014: 55: finished (50ms, 500cycles)
Sun May 18 17:47:21 CEST 2014: 55: No solution found.
Sun May 18 17:47:22 CEST 2014: 56: finished (302ms, 500cycles)
Sun May 18 17:47:22 CEST 2014: 56: No solution found.
Sun May 18 17:47:22 CEST 2014: 57: finished (9ms, 19cycles)
Sun May 18 17:47:22 CEST 2014: 57: Solution found.
Sun May 18 17:47:22 CEST 2014: 58: finished (175ms, 500cycles)
Sun May 18 17:47:22 CEST 2014: 58: No solution found.
Sun May 18 17:47:22 CEST 2014: 59: finished (340ms, 500cycles)
Sun May 18 17:47:22 CEST 2014: 59: No solution found.
Sun May 18 17:47:22 CEST 2014: 60: finished (194ms, 500cycles)
Sun May 18 17:47:22 CEST 2014: 60: No solution found.
Sun May 18 17:47:22 CEST 2014: 61: finished (6ms, 14cycles)
Sun May 18 17:47:22 CEST 2014: 61: Solution found.
Sun May 18 17:47:22 CEST 2014: 62: finished (2ms, 10cycles)
Sun May 18 17:47:22 CEST 2014: 62: Solution found.
Sun May 18 17:47:22 CEST 2014: 63: finished (3ms, 17cycles)
Sun May 18 17:47:22 CEST 2014: 63: Solution found.
Sun May 18 17:47:23 CEST 2014: 64: finished (219ms, 500cycles)
Sun May 18 17:47:23 CEST 2014: 64: No solution found.
Sun May 18 17:47:23 CEST 2014: 65: finished (193ms, 500cycles)
Sun May 18 17:47:23 CEST 2014: 65: No solution found.
Sun May 18 17:47:23 CEST 2014: 66: finished (252ms, 500cycles)
Sun May 18 17:47:23 CEST 2014: 66: No solution found.
Sun May 18 17:47:23 CEST 2014: 67: finished (253ms, 500cycles)
Sun May 18 17:47:23 CEST 2014: 67: No solution found.
Sun May 18 17:47:23 CEST 2014: 68: finished (3ms, 21cycles)
Sun May 18 17:47:23 CEST 2014: 68: Solution found.
Sun May 18 17:47:23 CEST 2014: 69: finished (1ms, 4cycles)
Sun May 18 17:47:23 CEST 2014: 69: Solution found.
Sun May 18 17:47:23 CEST 2014: 70: finished (183ms, 500cycles)
Sun May 18 17:47:23 CEST 2014: 70: No solution found.
Sun May 18 17:47:24 CEST 2014: 71: finished (143ms, 500cycles)
Sun May 18 17:47:24 CEST 2014: 71: No solution found.
Sun May 18 17:47:24 CEST 2014: 72: finished (244ms, 500cycles)
Sun May 18 17:47:24 CEST 2014: 72: No solution found.
Sun May 18 17:47:24 CEST 2014: 73: finished (343ms, 500cycles)
Sun May 18 17:47:24 CEST 2014: 73: No solution found.
Sun May 18 17:47:24 CEST 2014: 74: finished (4ms, 19cycles)
Sun May 18 17:47:24 CEST 2014: 74: Solution found.
Sun May 18 17:47:25 CEST 2014: 75: finished (298ms, 500cycles)
Sun May 18 17:47:25 CEST 2014: 75: No solution found.
Sun May 18 17:47:25 CEST 2014: 76: finished (169ms, 500cycles)
Sun May 18 17:47:25 CEST 2014: 76: No solution found.
Sun May 18 17:47:25 CEST 2014: 77: finished (240ms, 500cycles)
Sun May 18 17:47:25 CEST 2014: 77: No solution found.
Sun May 18 17:47:25 CEST 2014: 78: finished (246ms, 500cycles)
Sun May 18 17:47:25 CEST 2014: 78: No solution found.
Sun May 18 17:47:25 CEST 2014: 79: finished (166ms, 500cycles)
Sun May 18 17:47:25 CEST 2014: 79: No solution found.
Sun May 18 17:47:26 CEST 2014: 80: finished (234ms, 500cycles)
Sun May 18 17:47:26 CEST 2014: 80: No solution found.
Sun May 18 17:47:26 CEST 2014: 81: finished (258ms, 500cycles)
Sun May 18 17:47:26 CEST 2014: 81: No solution found.
Sun May 18 17:47:26 CEST 2014: 82: finished (167ms, 500cycles)
Sun May 18 17:47:26 CEST 2014: 82: No solution found.
Sun May 18 17:47:26 CEST 2014: 83: finished (361ms, 500cycles)
Sun May 18 17:47:26 CEST 2014: 83: No solution found.
Sun May 18 17:47:27 CEST 2014: 84: finished (146ms, 500cycles)
Sun May 18 17:47:27 CEST 2014: 84: No solution found.
Sun May 18 17:47:27 CEST 2014: 85: finished (39ms, 500cycles)
Sun May 18 17:47:27 CEST 2014: 85: No solution found.
Sun May 18 17:47:27 CEST 2014: 86: finished (181ms, 500cycles)
Sun May 18 17:47:27 CEST 2014: 86: No solution found.
Sun May 18 17:47:27 CEST 2014: 87: finished (1ms, 8cycles)
Sun May 18 17:47:27 CEST 2014: 87: Solution found.
Sun May 18 17:47:27 CEST 2014: 88: finished (37ms, 500cycles)
Sun May 18 17:47:27 CEST 2014: 88: No solution found.
Sun May 18 17:47:27 CEST 2014: 89: finished (1ms, 9cycles)
Sun May 18 17:47:27 CEST 2014: 89: Solution found.
Sun May 18 17:47:27 CEST 2014: 90: finished (70ms, 85cycles)
Sun May 18 17:47:27 CEST 2014: 90: Solution found.
Sun May 18 17:47:27 CEST 2014: 91: finished (8ms, 27cycles)
Sun May 18 17:47:27 CEST 2014: 91: Solution found.
Sun May 18 17:47:27 CEST 2014: 92: finished (3ms, 15cycles)
Sun May 18 17:47:27 CEST 2014: 92: Solution found.
Sun May 18 17:47:27 CEST 2014: 93: finished (1ms, 8cycles)
Sun May 18 17:47:27 CEST 2014: 93: Solution found.
Sun May 18 17:47:27 CEST 2014: 94: finished (252ms, 500cycles)
Sun May 18 17:47:27 CEST 2014: 94: No solution found.
Sun May 18 17:47:27 CEST 2014: 95: finished (147ms, 500cycles)
Sun May 18 17:47:27 CEST 2014: 95: No solution found.
Sun May 18 17:47:27 CEST 2014: 96: finished (184ms, 500cycles)
Sun May 18 17:47:27 CEST 2014: 96: No solution found.
Sun May 18 17:47:27 CEST 2014: 97: finished (35ms, 500cycles)
Sun May 18 17:47:27 CEST 2014: 97: No solution found.
Sun May 18 17:47:28 CEST 2014: 98: finished (236ms, 500cycles)
Sun May 18 17:47:28 CEST 2014: 98: No solution found.
Sun May 18 17:47:28 CEST 2014: 99: finished (150ms, 500cycles)
Sun May 18 17:47:28 CEST 2014: 99: No solution found.
Sun May 18 17:47:28 CEST 2014: Solution Found: 31
Sun May 18 17:47:28 CEST 2014: Avg cycles: 37
Sun May 18 17:47:28 CEST 2014: Max cycles: 155
Sun May 18 17:47:28 CEST 2014: Min cycles: 4
Sun May 18 17:47:28 CEST 2014: No solution found: 69
Sun May 18 17:47:28 CEST 2014: logging finished. (runtime: 16306ms)
