Sat May 17 21:11:02 CEST 2014: Problem Count: 10
Sat May 17 21:11:02 CEST 2014: CandidatesCount: 30
Sat May 17 21:11:02 CEST 2014: Max Cycles: 500
Sat May 17 21:11:02 CEST 2014: 0: finished (3ms, 32cycles)
Sat May 17 21:11:02 CEST 2014: 0: Solution found.
Sat May 17 21:11:02 CEST 2014: 1: finished (2ms, 7cycles)
Sat May 17 21:11:02 CEST 2014: 1: Solution found.
Sat May 17 21:11:02 CEST 2014: 2: finished (33ms, 500cycles)
Sat May 17 21:11:02 CEST 2014: 2: No solution found.
Sat May 17 21:11:02 CEST 2014: 3: finished (208ms, 500cycles)
Sat May 17 21:11:03 CEST 2014: 3: No solution found.
Sat May 17 21:11:03 CEST 2014: 4: finished (150ms, 500cycles)
Sat May 17 21:11:03 CEST 2014: 4: No solution found.
Sat May 17 21:11:03 CEST 2014: 5: finished (35ms, 500cycles)
Sat May 17 21:11:03 CEST 2014: 5: No solution found.
Sat May 17 21:11:03 CEST 2014: 6: finished (6ms, 40cycles)
Sat May 17 21:11:03 CEST 2014: 6: Solution found.
Sat May 17 21:11:03 CEST 2014: 7: finished (120ms, 500cycles)
Sat May 17 21:11:03 CEST 2014: 7: No solution found.
Sat May 17 21:11:03 CEST 2014: 8: finished (26ms, 500cycles)
Sat May 17 21:11:03 CEST 2014: 8: No solution found.
Sat May 17 21:11:03 CEST 2014: 9: finished (27ms, 500cycles)
Sat May 17 21:11:03 CEST 2014: 9: No solution found.
Sat May 17 21:11:03 CEST 2014: 10: finished (0ms, 1cycles)
Sat May 17 21:11:03 CEST 2014: 10: Solution found.
Sat May 17 21:11:03 CEST 2014: 11: finished (33ms, 500cycles)
Sat May 17 21:11:03 CEST 2014: 11: No solution found.
Sat May 17 21:11:03 CEST 2014: 12: finished (242ms, 500cycles)
Sat May 17 21:11:03 CEST 2014: 12: No solution found.
Sat May 17 21:11:03 CEST 2014: 13: finished (3ms, 17cycles)
Sat May 17 21:11:03 CEST 2014: 13: Solution found.
Sat May 17 21:11:03 CEST 2014: 14: finished (213ms, 500cycles)
Sat May 17 21:11:03 CEST 2014: 14: No solution found.
Sat May 17 21:11:03 CEST 2014: 15: finished (3ms, 33cycles)
Sat May 17 21:11:03 CEST 2014: 15: Solution found.
Sat May 17 21:11:04 CEST 2014: 16: finished (253ms, 500cycles)
Sat May 17 21:11:04 CEST 2014: 16: No solution found.
Sat May 17 21:11:04 CEST 2014: 17: finished (167ms, 500cycles)
Sat May 17 21:11:04 CEST 2014: 17: No solution found.
Sat May 17 21:11:04 CEST 2014: 18: finished (32ms, 500cycles)
Sat May 17 21:11:04 CEST 2014: 18: No solution found.
Sat May 17 21:11:04 CEST 2014: 19: finished (33ms, 500cycles)
Sat May 17 21:11:04 CEST 2014: 19: No solution found.
Sat May 17 21:11:04 CEST 2014: 20: finished (6ms, 32cycles)
Sat May 17 21:11:04 CEST 2014: 20: Solution found.
Sat May 17 21:11:04 CEST 2014: 21: finished (159ms, 500cycles)
Sat May 17 21:11:04 CEST 2014: 21: No solution found.
Sat May 17 21:11:04 CEST 2014: 22: finished (172ms, 500cycles)
Sat May 17 21:11:04 CEST 2014: 22: No solution found.
Sat May 17 21:11:04 CEST 2014: 23: finished (7ms, 16cycles)
Sat May 17 21:11:04 CEST 2014: 23: Solution found.
Sat May 17 21:11:04 CEST 2014: 24: finished (143ms, 500cycles)
Sat May 17 21:11:04 CEST 2014: 24: No solution found.
Sat May 17 21:11:04 CEST 2014: 25: finished (1ms, 7cycles)
Sat May 17 21:11:04 CEST 2014: 25: Solution found.
Sat May 17 21:11:04 CEST 2014: 26: finished (148ms, 500cycles)
Sat May 17 21:11:04 CEST 2014: 26: No solution found.
Sat May 17 21:11:05 CEST 2014: 27: finished (24ms, 500cycles)
Sat May 17 21:11:05 CEST 2014: 27: No solution found.
Sat May 17 21:11:05 CEST 2014: 28: finished (3ms, 26cycles)
Sat May 17 21:11:05 CEST 2014: 28: Solution found.
Sat May 17 21:11:05 CEST 2014: 29: finished (213ms, 500cycles)
Sat May 17 21:11:05 CEST 2014: 29: No solution found.
Sat May 17 21:11:05 CEST 2014: 30: finished (28ms, 500cycles)
Sat May 17 21:11:05 CEST 2014: 30: No solution found.
Sat May 17 21:11:05 CEST 2014: 31: finished (172ms, 417cycles)
Sat May 17 21:11:05 CEST 2014: 31: Solution found.
Sat May 17 21:11:05 CEST 2014: 32: finished (97ms, 500cycles)
Sat May 17 21:11:05 CEST 2014: 32: No solution found.
Sat May 17 21:11:05 CEST 2014: 33: finished (189ms, 500cycles)
Sat May 17 21:11:05 CEST 2014: 33: No solution found.
Sat May 17 21:11:05 CEST 2014: 34: finished (3ms, 29cycles)
Sat May 17 21:11:05 CEST 2014: 34: Solution found.
Sat May 17 21:11:05 CEST 2014: 35: finished (34ms, 102cycles)
Sat May 17 21:11:05 CEST 2014: 35: Solution found.
Sat May 17 21:11:05 CEST 2014: 36: finished (17ms, 40cycles)
Sat May 17 21:11:05 CEST 2014: 36: Solution found.
Sat May 17 21:11:06 CEST 2014: 37: finished (292ms, 500cycles)
Sat May 17 21:11:06 CEST 2014: 37: No solution found.
Sat May 17 21:11:06 CEST 2014: 38: finished (3ms, 24cycles)
Sat May 17 21:11:06 CEST 2014: 38: Solution found.
Sat May 17 21:11:06 CEST 2014: 39: finished (17ms, 56cycles)
Sat May 17 21:11:06 CEST 2014: 39: Solution found.
Sat May 17 21:11:06 CEST 2014: 40: finished (159ms, 500cycles)
Sat May 17 21:11:06 CEST 2014: 40: No solution found.
Sat May 17 21:11:06 CEST 2014: 41: finished (152ms, 500cycles)
Sat May 17 21:11:06 CEST 2014: 41: No solution found.
Sat May 17 21:11:06 CEST 2014: 42: finished (86ms, 500cycles)
Sat May 17 21:11:06 CEST 2014: 42: No solution found.
Sat May 17 21:11:06 CEST 2014: 43: finished (116ms, 500cycles)
Sat May 17 21:11:06 CEST 2014: 43: No solution found.
Sat May 17 21:11:06 CEST 2014: 44: finished (4ms, 24cycles)
Sat May 17 21:11:06 CEST 2014: 44: Solution found.
Sat May 17 21:11:06 CEST 2014: 45: finished (152ms, 437cycles)
Sat May 17 21:11:06 CEST 2014: 45: Solution found.
Sat May 17 21:11:06 CEST 2014: 46: finished (13ms, 122cycles)
Sat May 17 21:11:06 CEST 2014: 46: Solution found.
Sat May 17 21:11:06 CEST 2014: 47: finished (178ms, 485cycles)
Sat May 17 21:11:06 CEST 2014: 47: Solution found.
Sat May 17 21:11:07 CEST 2014: 48: finished (120ms, 500cycles)
Sat May 17 21:11:07 CEST 2014: 48: No solution found.
Sat May 17 21:11:07 CEST 2014: 49: finished (19ms, 50cycles)
Sat May 17 21:11:07 CEST 2014: 49: Solution found.
Sat May 17 21:11:07 CEST 2014: 50: finished (26ms, 500cycles)
Sat May 17 21:11:07 CEST 2014: 50: No solution found.
Sat May 17 21:11:07 CEST 2014: 51: finished (1ms, 7cycles)
Sat May 17 21:11:07 CEST 2014: 51: Solution found.
Sat May 17 21:11:07 CEST 2014: 52: finished (270ms, 500cycles)
Sat May 17 21:11:07 CEST 2014: 52: No solution found.
Sat May 17 21:11:07 CEST 2014: 53: finished (121ms, 500cycles)
Sat May 17 21:11:07 CEST 2014: 53: No solution found.
Sat May 17 21:11:07 CEST 2014: 54: finished (7ms, 88cycles)
Sat May 17 21:11:07 CEST 2014: 54: Solution found.
Sat May 17 21:11:07 CEST 2014: 55: finished (208ms, 500cycles)
Sat May 17 21:11:07 CEST 2014: 55: No solution found.
Sat May 17 21:11:07 CEST 2014: 56: finished (173ms, 500cycles)
Sat May 17 21:11:07 CEST 2014: 56: No solution found.
Sat May 17 21:11:07 CEST 2014: 57: finished (32ms, 95cycles)
Sat May 17 21:11:07 CEST 2014: 57: Solution found.
Sat May 17 21:11:07 CEST 2014: 58: finished (3ms, 24cycles)
Sat May 17 21:11:07 CEST 2014: 58: Solution found.
Sat May 17 21:11:07 CEST 2014: 59: finished (1ms, 7cycles)
Sat May 17 21:11:07 CEST 2014: 59: Solution found.
Sat May 17 21:11:07 CEST 2014: 60: finished (2ms, 18cycles)
Sat May 17 21:11:07 CEST 2014: 60: Solution found.
Sat May 17 21:11:08 CEST 2014: 61: finished (134ms, 500cycles)
Sat May 17 21:11:08 CEST 2014: 61: No solution found.
Sat May 17 21:11:08 CEST 2014: 62: finished (143ms, 500cycles)
Sat May 17 21:11:08 CEST 2014: 62: No solution found.
Sat May 17 21:11:08 CEST 2014: 63: finished (168ms, 500cycles)
Sat May 17 21:11:08 CEST 2014: 63: No solution found.
Sat May 17 21:11:08 CEST 2014: 64: finished (32ms, 500cycles)
Sat May 17 21:11:08 CEST 2014: 64: No solution found.
Sat May 17 21:11:08 CEST 2014: 65: finished (116ms, 500cycles)
Sat May 17 21:11:08 CEST 2014: 65: No solution found.
Sat May 17 21:11:08 CEST 2014: 66: finished (159ms, 500cycles)
Sat May 17 21:11:08 CEST 2014: 66: No solution found.
Sat May 17 21:11:08 CEST 2014: 67: finished (1ms, 6cycles)
Sat May 17 21:11:08 CEST 2014: 67: Solution found.
Sat May 17 21:11:08 CEST 2014: 68: finished (194ms, 500cycles)
Sat May 17 21:11:08 CEST 2014: 68: No solution found.
Sat May 17 21:11:08 CEST 2014: 69: finished (29ms, 500cycles)
Sat May 17 21:11:08 CEST 2014: 69: No solution found.
Sat May 17 21:11:09 CEST 2014: 70: finished (120ms, 500cycles)
Sat May 17 21:11:09 CEST 2014: 70: No solution found.
Sat May 17 21:11:09 CEST 2014: 71: finished (5ms, 45cycles)
Sat May 17 21:11:09 CEST 2014: 71: Solution found.
Sat May 17 21:11:09 CEST 2014: 72: finished (161ms, 500cycles)
Sat May 17 21:11:09 CEST 2014: 72: No solution found.
Sat May 17 21:11:09 CEST 2014: 73: finished (130ms, 500cycles)
Sat May 17 21:11:09 CEST 2014: 73: No solution found.
Sat May 17 21:11:09 CEST 2014: 74: finished (118ms, 500cycles)
Sat May 17 21:11:09 CEST 2014: 74: No solution found.
Sat May 17 21:11:09 CEST 2014: 75: finished (34ms, 500cycles)
Sat May 17 21:11:09 CEST 2014: 75: No solution found.
Sat May 17 21:11:09 CEST 2014: 76: finished (18ms, 50cycles)
Sat May 17 21:11:09 CEST 2014: 76: Solution found.
Sat May 17 21:11:09 CEST 2014: 77: finished (29ms, 500cycles)
Sat May 17 21:11:09 CEST 2014: 77: No solution found.
Sat May 17 21:11:09 CEST 2014: 78: finished (1ms, 4cycles)
Sat May 17 21:11:09 CEST 2014: 78: Solution found.
Sat May 17 21:11:09 CEST 2014: 79: finished (28ms, 500cycles)
Sat May 17 21:11:09 CEST 2014: 79: No solution found.
Sat May 17 21:11:09 CEST 2014: 80: finished (1ms, 6cycles)
Sat May 17 21:11:09 CEST 2014: 80: Solution found.
Sat May 17 21:11:09 CEST 2014: 81: finished (319ms, 500cycles)
Sat May 17 21:11:09 CEST 2014: 81: No solution found.
Sat May 17 21:11:10 CEST 2014: 82: finished (170ms, 500cycles)
Sat May 17 21:11:10 CEST 2014: 82: No solution found.
Sat May 17 21:11:10 CEST 2014: 83: finished (35ms, 500cycles)
Sat May 17 21:11:10 CEST 2014: 83: No solution found.
Sat May 17 21:11:10 CEST 2014: 84: finished (41ms, 500cycles)
Sat May 17 21:11:10 CEST 2014: 84: No solution found.
Sat May 17 21:11:10 CEST 2014: 85: finished (208ms, 500cycles)
Sat May 17 21:11:10 CEST 2014: 85: No solution found.
Sat May 17 21:11:10 CEST 2014: 86: finished (29ms, 500cycles)
Sat May 17 21:11:10 CEST 2014: 86: No solution found.
Sat May 17 21:11:10 CEST 2014: 87: finished (133ms, 500cycles)
Sat May 17 21:11:10 CEST 2014: 87: No solution found.
Sat May 17 21:11:10 CEST 2014: 88: finished (28ms, 500cycles)
Sat May 17 21:11:10 CEST 2014: 88: No solution found.
Sat May 17 21:11:10 CEST 2014: 89: finished (1ms, 15cycles)
Sat May 17 21:11:10 CEST 2014: 89: Solution found.
Sat May 17 21:11:10 CEST 2014: 90: finished (136ms, 500cycles)
Sat May 17 21:11:10 CEST 2014: 90: No solution found.
Sat May 17 21:11:10 CEST 2014: 91: finished (108ms, 500cycles)
Sat May 17 21:11:10 CEST 2014: 91: No solution found.
Sat May 17 21:11:10 CEST 2014: 92: finished (129ms, 500cycles)
Sat May 17 21:11:10 CEST 2014: 92: No solution found.
Sat May 17 21:11:11 CEST 2014: 93: finished (184ms, 371cycles)
Sat May 17 21:11:11 CEST 2014: 93: Solution found.
Sat May 17 21:11:11 CEST 2014: 94: finished (11ms, 44cycles)
Sat May 17 21:11:11 CEST 2014: 94: Solution found.
Sat May 17 21:11:11 CEST 2014: 95: finished (228ms, 500cycles)
Sat May 17 21:11:11 CEST 2014: 95: No solution found.
Sat May 17 21:11:11 CEST 2014: 96: finished (33ms, 500cycles)
Sat May 17 21:11:11 CEST 2014: 96: No solution found.
Sat May 17 21:11:11 CEST 2014: 97: finished (10ms, 42cycles)
Sat May 17 21:11:11 CEST 2014: 97: Solution found.
Sat May 17 21:11:11 CEST 2014: 98: finished (2ms, 17cycles)
Sat May 17 21:11:11 CEST 2014: 98: Solution found.
Sat May 17 21:11:11 CEST 2014: 99: finished (55ms, 175cycles)
Sat May 17 21:11:11 CEST 2014: 99: Solution found.
Sat May 17 21:11:11 CEST 2014: Solution Found: 38
Sat May 17 21:11:11 CEST 2014: Avg cycles: 79
Sat May 17 21:11:11 CEST 2014: Max cycles: 485
Sat May 17 21:11:11 CEST 2014: Min cycles: 1
Sat May 17 21:11:11 CEST 2014: No solution found: 62
Sat May 17 21:11:11 CEST 2014: logging finished. (runtime: 8659ms)
