Sun May 18 19:55:00 CEST 2014: Problem Count: 50
Sun May 18 19:55:00 CEST 2014: CandidatesCount: 40
Sun May 18 19:55:00 CEST 2014: Max Cycles: 500
Sun May 18 19:55:01 CEST 2014: 0: finished (240ms, 500cycles)
Sun May 18 19:55:01 CEST 2014: 0: No solution found.
Sun May 18 19:55:01 CEST 2014: 1: finished (236ms, 500cycles)
Sun May 18 19:55:01 CEST 2014: 1: No solution found.
Sun May 18 19:55:01 CEST 2014: 2: finished (221ms, 500cycles)
Sun May 18 19:55:01 CEST 2014: 2: No solution found.
Sun May 18 19:55:01 CEST 2014: 3: finished (56ms, 130cycles)
Sun May 18 19:55:01 CEST 2014: 3: Solution found.
Sun May 18 19:55:01 CEST 2014: 4: finished (69ms, 149cycles)
Sun May 18 19:55:01 CEST 2014: 4: Solution found.
Sun May 18 19:55:01 CEST 2014: 5: finished (12ms, 24cycles)
Sun May 18 19:55:01 CEST 2014: 5: Solution found.
Sun May 18 19:55:01 CEST 2014: 6: finished (215ms, 500cycles)
Sun May 18 19:55:01 CEST 2014: 6: No solution found.
Sun May 18 19:55:02 CEST 2014: 7: finished (97ms, 190cycles)
Sun May 18 19:55:02 CEST 2014: 7: Solution found.
Sun May 18 19:55:02 CEST 2014: 8: finished (253ms, 500cycles)
Sun May 18 19:55:02 CEST 2014: 8: No solution found.
Sun May 18 19:55:02 CEST 2014: 9: finished (265ms, 500cycles)
Sun May 18 19:55:02 CEST 2014: 9: No solution found.
Sun May 18 19:55:02 CEST 2014: 10: finished (224ms, 500cycles)
Sun May 18 19:55:02 CEST 2014: 10: No solution found.
Sun May 18 19:55:03 CEST 2014: 11: finished (235ms, 500cycles)
Sun May 18 19:55:03 CEST 2014: 11: No solution found.
Sun May 18 19:55:03 CEST 2014: 12: finished (220ms, 500cycles)
Sun May 18 19:55:03 CEST 2014: 12: No solution found.
Sun May 18 19:55:03 CEST 2014: 13: finished (23ms, 48cycles)
Sun May 18 19:55:03 CEST 2014: 13: Solution found.
Sun May 18 19:55:03 CEST 2014: 14: finished (240ms, 500cycles)
Sun May 18 19:55:03 CEST 2014: 14: No solution found.
Sun May 18 19:55:03 CEST 2014: 15: finished (2ms, 3cycles)
Sun May 18 19:55:03 CEST 2014: 15: Solution found.
Sun May 18 19:55:03 CEST 2014: 16: finished (7ms, 12cycles)
Sun May 18 19:55:03 CEST 2014: 16: Solution found.
Sun May 18 19:55:03 CEST 2014: 17: finished (4ms, 6cycles)
Sun May 18 19:55:03 CEST 2014: 17: Solution found.
Sun May 18 19:55:03 CEST 2014: 18: finished (236ms, 500cycles)
Sun May 18 19:55:03 CEST 2014: 18: No solution found.
Sun May 18 19:55:04 CEST 2014: 19: finished (264ms, 500cycles)
Sun May 18 19:55:04 CEST 2014: 19: No solution found.
Sun May 18 19:55:04 CEST 2014: 20: finished (6ms, 5cycles)
Sun May 18 19:55:04 CEST 2014: 20: Solution found.
Sun May 18 19:55:04 CEST 2014: 21: finished (14ms, 31cycles)
Sun May 18 19:55:04 CEST 2014: 21: Solution found.
Sun May 18 19:55:04 CEST 2014: 22: finished (238ms, 500cycles)
Sun May 18 19:55:04 CEST 2014: 22: No solution found.
Sun May 18 19:55:04 CEST 2014: 23: finished (13ms, 26cycles)
Sun May 18 19:55:04 CEST 2014: 23: Solution found.
Sun May 18 19:55:04 CEST 2014: 24: finished (21ms, 43cycles)
Sun May 18 19:55:04 CEST 2014: 24: Solution found.
Sun May 18 19:55:04 CEST 2014: 25: finished (8ms, 16cycles)
Sun May 18 19:55:04 CEST 2014: 25: Solution found.
Sun May 18 19:55:04 CEST 2014: 26: finished (10ms, 13cycles)
Sun May 18 19:55:04 CEST 2014: 26: Solution found.
Sun May 18 19:55:04 CEST 2014: 27: finished (247ms, 500cycles)
Sun May 18 19:55:04 CEST 2014: 27: No solution found.
Sun May 18 19:55:04 CEST 2014: 28: finished (240ms, 500cycles)
Sun May 18 19:55:04 CEST 2014: 28: No solution found.
Sun May 18 19:55:04 CEST 2014: 29: finished (2ms, 3cycles)
Sun May 18 19:55:04 CEST 2014: 29: Solution found.
Sun May 18 19:55:04 CEST 2014: 30: finished (11ms, 24cycles)
Sun May 18 19:55:04 CEST 2014: 30: Solution found.
Sun May 18 19:55:04 CEST 2014: 31: finished (7ms, 14cycles)
Sun May 18 19:55:04 CEST 2014: 31: Solution found.
Sun May 18 19:55:04 CEST 2014: 32: finished (7ms, 14cycles)
Sun May 18 19:55:04 CEST 2014: 32: Solution found.
Sun May 18 19:55:04 CEST 2014: 33: finished (4ms, 8cycles)
Sun May 18 19:55:04 CEST 2014: 33: Solution found.
Sun May 18 19:55:04 CEST 2014: 34: finished (20ms, 35cycles)
Sun May 18 19:55:04 CEST 2014: 34: Solution found.
Sun May 18 19:55:04 CEST 2014: 35: finished (11ms, 21cycles)
Sun May 18 19:55:04 CEST 2014: 35: Solution found.
Sun May 18 19:55:04 CEST 2014: 36: finished (16ms, 32cycles)
Sun May 18 19:55:04 CEST 2014: 36: Solution found.
Sun May 18 19:55:05 CEST 2014: 37: finished (240ms, 500cycles)
Sun May 18 19:55:05 CEST 2014: 37: No solution found.
Sun May 18 19:55:05 CEST 2014: 38: finished (16ms, 31cycles)
Sun May 18 19:55:05 CEST 2014: 38: Solution found.
Sun May 18 19:55:05 CEST 2014: 39: finished (4ms, 7cycles)
Sun May 18 19:55:05 CEST 2014: 39: Solution found.
Sun May 18 19:55:05 CEST 2014: 40: finished (15ms, 32cycles)
Sun May 18 19:55:05 CEST 2014: 40: Solution found.
Sun May 18 19:55:05 CEST 2014: 41: finished (3ms, 6cycles)
Sun May 18 19:55:05 CEST 2014: 41: Solution found.
Sun May 18 19:55:05 CEST 2014: 42: finished (6ms, 12cycles)
Sun May 18 19:55:05 CEST 2014: 42: Solution found.
Sun May 18 19:55:05 CEST 2014: 43: finished (227ms, 500cycles)
Sun May 18 19:55:05 CEST 2014: 43: No solution found.
Sun May 18 19:55:05 CEST 2014: 44: finished (26ms, 31cycles)
Sun May 18 19:55:05 CEST 2014: 44: Solution found.
Sun May 18 19:55:05 CEST 2014: 45: finished (12ms, 24cycles)
Sun May 18 19:55:05 CEST 2014: 45: Solution found.
Sun May 18 19:55:05 CEST 2014: 46: finished (220ms, 500cycles)
Sun May 18 19:55:05 CEST 2014: 46: No solution found.
Sun May 18 19:55:05 CEST 2014: 47: finished (26ms, 47cycles)
Sun May 18 19:55:05 CEST 2014: 47: Solution found.
Sun May 18 19:55:05 CEST 2014: 48: finished (219ms, 500cycles)
Sun May 18 19:55:05 CEST 2014: 48: No solution found.
Sun May 18 19:55:06 CEST 2014: 49: finished (234ms, 500cycles)
Sun May 18 19:55:06 CEST 2014: 49: No solution found.
Sun May 18 19:55:06 CEST 2014: 50: finished (248ms, 500cycles)
Sun May 18 19:55:06 CEST 2014: 50: No solution found.
Sun May 18 19:55:06 CEST 2014: 51: finished (8ms, 17cycles)
Sun May 18 19:55:06 CEST 2014: 51: Solution found.
Sun May 18 19:55:06 CEST 2014: 52: finished (5ms, 9cycles)
Sun May 18 19:55:06 CEST 2014: 52: Solution found.
Sun May 18 19:55:06 CEST 2014: 53: finished (14ms, 27cycles)
Sun May 18 19:55:06 CEST 2014: 53: Solution found.
Sun May 18 19:55:06 CEST 2014: 54: finished (8ms, 17cycles)
Sun May 18 19:55:06 CEST 2014: 54: Solution found.
Sun May 18 19:55:06 CEST 2014: 55: finished (24ms, 48cycles)
Sun May 18 19:55:06 CEST 2014: 55: Solution found.
Sun May 18 19:55:06 CEST 2014: 56: finished (10ms, 21cycles)
Sun May 18 19:55:06 CEST 2014: 56: Solution found.
Sun May 18 19:55:06 CEST 2014: 57: finished (26ms, 33cycles)
Sun May 18 19:55:06 CEST 2014: 57: Solution found.
Sun May 18 19:55:06 CEST 2014: 58: finished (4ms, 7cycles)
Sun May 18 19:55:06 CEST 2014: 58: Solution found.
Sun May 18 19:55:06 CEST 2014: 59: finished (206ms, 500cycles)
Sun May 18 19:55:06 CEST 2014: 59: No solution found.
Sun May 18 19:55:06 CEST 2014: 60: finished (15ms, 27cycles)
Sun May 18 19:55:06 CEST 2014: 60: Solution found.
Sun May 18 19:55:06 CEST 2014: 61: finished (7ms, 13cycles)
Sun May 18 19:55:06 CEST 2014: 61: Solution found.
Sun May 18 19:55:06 CEST 2014: 62: finished (250ms, 500cycles)
Sun May 18 19:55:06 CEST 2014: 62: No solution found.
Sun May 18 19:55:07 CEST 2014: 63: finished (234ms, 500cycles)
Sun May 18 19:55:07 CEST 2014: 63: No solution found.
Sun May 18 19:55:07 CEST 2014: 64: finished (15ms, 31cycles)
Sun May 18 19:55:07 CEST 2014: 64: Solution found.
Sun May 18 19:55:07 CEST 2014: 65: finished (224ms, 500cycles)
Sun May 18 19:55:07 CEST 2014: 65: No solution found.
Sun May 18 19:55:07 CEST 2014: 66: finished (16ms, 34cycles)
Sun May 18 19:55:07 CEST 2014: 66: Solution found.
Sun May 18 19:55:07 CEST 2014: 67: finished (263ms, 500cycles)
Sun May 18 19:55:07 CEST 2014: 67: No solution found.
Sun May 18 19:55:07 CEST 2014: 68: finished (225ms, 500cycles)
Sun May 18 19:55:07 CEST 2014: 68: No solution found.
Sun May 18 19:55:07 CEST 2014: 69: finished (27ms, 53cycles)
Sun May 18 19:55:07 CEST 2014: 69: Solution found.
Sun May 18 19:55:08 CEST 2014: 70: finished (234ms, 500cycles)
Sun May 18 19:55:08 CEST 2014: 70: No solution found.
Sun May 18 19:55:08 CEST 2014: 71: finished (16ms, 31cycles)
Sun May 18 19:55:08 CEST 2014: 71: Solution found.
Sun May 18 19:55:08 CEST 2014: 72: finished (136ms, 274cycles)
Sun May 18 19:55:08 CEST 2014: 72: Solution found.
Sun May 18 19:55:08 CEST 2014: 73: finished (230ms, 500cycles)
Sun May 18 19:55:08 CEST 2014: 73: No solution found.
Sun May 18 19:55:08 CEST 2014: 74: finished (222ms, 500cycles)
Sun May 18 19:55:08 CEST 2014: 74: No solution found.
Sun May 18 19:55:09 CEST 2014: 75: finished (232ms, 500cycles)
Sun May 18 19:55:09 CEST 2014: 75: No solution found.
Sun May 18 19:55:09 CEST 2014: 76: finished (239ms, 500cycles)
Sun May 18 19:55:09 CEST 2014: 76: No solution found.
Sun May 18 19:55:09 CEST 2014: 77: finished (14ms, 27cycles)
Sun May 18 19:55:09 CEST 2014: 77: Solution found.
Sun May 18 19:55:09 CEST 2014: 78: finished (11ms, 21cycles)
Sun May 18 19:55:09 CEST 2014: 78: Solution found.
Sun May 18 19:55:09 CEST 2014: 79: finished (10ms, 20cycles)
Sun May 18 19:55:09 CEST 2014: 79: Solution found.
Sun May 18 19:55:09 CEST 2014: 80: finished (262ms, 500cycles)
Sun May 18 19:55:09 CEST 2014: 80: No solution found.
Sun May 18 19:55:09 CEST 2014: 81: finished (228ms, 500cycles)
Sun May 18 19:55:09 CEST 2014: 81: No solution found.
Sun May 18 19:55:10 CEST 2014: 82: finished (239ms, 500cycles)
Sun May 18 19:55:10 CEST 2014: 82: No solution found.
Sun May 18 19:55:10 CEST 2014: 83: finished (219ms, 500cycles)
Sun May 18 19:55:10 CEST 2014: 83: No solution found.
Sun May 18 19:55:10 CEST 2014: 84: finished (226ms, 500cycles)
Sun May 18 19:55:10 CEST 2014: 84: No solution found.
Sun May 18 19:55:10 CEST 2014: 85: finished (250ms, 500cycles)
Sun May 18 19:55:10 CEST 2014: 85: No solution found.
Sun May 18 19:55:10 CEST 2014: 86: finished (226ms, 500cycles)
Sun May 18 19:55:10 CEST 2014: 86: No solution found.
Sun May 18 19:55:11 CEST 2014: 87: finished (216ms, 500cycles)
Sun May 18 19:55:11 CEST 2014: 87: No solution found.
Sun May 18 19:55:11 CEST 2014: 88: finished (10ms, 20cycles)
Sun May 18 19:55:11 CEST 2014: 88: Solution found.
Sun May 18 19:55:11 CEST 2014: 89: finished (22ms, 39cycles)
Sun May 18 19:55:11 CEST 2014: 89: Solution found.
Sun May 18 19:55:11 CEST 2014: 90: finished (239ms, 500cycles)
Sun May 18 19:55:11 CEST 2014: 90: No solution found.
Sun May 18 19:55:11 CEST 2014: 91: finished (250ms, 500cycles)
Sun May 18 19:55:11 CEST 2014: 91: No solution found.
Sun May 18 19:55:11 CEST 2014: 92: finished (243ms, 500cycles)
Sun May 18 19:55:11 CEST 2014: 92: No solution found.
Sun May 18 19:55:11 CEST 2014: 93: finished (7ms, 14cycles)
Sun May 18 19:55:11 CEST 2014: 93: Solution found.
Sun May 18 19:55:11 CEST 2014: 94: finished (6ms, 10cycles)
Sun May 18 19:55:11 CEST 2014: 94: Solution found.
Sun May 18 19:55:12 CEST 2014: 95: finished (210ms, 500cycles)
Sun May 18 19:55:12 CEST 2014: 95: No solution found.
Sun May 18 19:55:12 CEST 2014: 96: finished (58ms, 115cycles)
Sun May 18 19:55:12 CEST 2014: 96: Solution found.
Sun May 18 19:55:12 CEST 2014: 97: finished (256ms, 500cycles)
Sun May 18 19:55:12 CEST 2014: 97: No solution found.
Sun May 18 19:55:12 CEST 2014: 98: finished (3ms, 4cycles)
Sun May 18 19:55:12 CEST 2014: 98: Solution found.
Sun May 18 19:55:12 CEST 2014: 99: finished (8ms, 16cycles)
Sun May 18 19:55:12 CEST 2014: 99: Solution found.
Sun May 18 19:55:12 CEST 2014: Solution Found: 55
Sun May 18 19:55:12 CEST 2014: Avg cycles: 35
Sun May 18 19:55:12 CEST 2014: Max cycles: 274
Sun May 18 19:55:12 CEST 2014: Min cycles: 3
Sun May 18 19:55:12 CEST 2014: No solution found: 45
Sun May 18 19:55:12 CEST 2014: logging finished. (runtime: 11608ms)
