Sat May 17 23:25:16 CEST 2014: Problem Count: 30
Sat May 17 23:25:16 CEST 2014: CandidatesCount: 20
Sat May 17 23:25:16 CEST 2014: Max Cycles: 500
Sat May 17 23:25:16 CEST 2014: 0: finished (3ms, 16cycles)
Sat May 17 23:25:16 CEST 2014: 0: Solution found.
Sat May 17 23:25:16 CEST 2014: 1: finished (61ms, 500cycles)
Sat May 17 23:25:16 CEST 2014: 1: No solution found.
Sat May 17 23:25:16 CEST 2014: 2: finished (57ms, 500cycles)
Sat May 17 23:25:16 CEST 2014: 2: No solution found.
Sat May 17 23:25:16 CEST 2014: 3: finished (1ms, 8cycles)
Sat May 17 23:25:16 CEST 2014: 3: Solution found.
Sat May 17 23:25:16 CEST 2014: 4: finished (64ms, 500cycles)
Sat May 17 23:25:16 CEST 2014: 4: No solution found.
Sat May 17 23:25:16 CEST 2014: 5: finished (65ms, 500cycles)
Sat May 17 23:25:16 CEST 2014: 5: No solution found.
Sat May 17 23:25:16 CEST 2014: 6: finished (64ms, 500cycles)
Sat May 17 23:25:16 CEST 2014: 6: No solution found.
Sat May 17 23:25:16 CEST 2014: 7: finished (1ms, 8cycles)
Sat May 17 23:25:16 CEST 2014: 7: Solution found.
Sat May 17 23:25:16 CEST 2014: 8: finished (56ms, 500cycles)
Sat May 17 23:25:16 CEST 2014: 8: No solution found.
Sat May 17 23:25:16 CEST 2014: 9: finished (61ms, 500cycles)
Sat May 17 23:25:16 CEST 2014: 9: No solution found.
Sat May 17 23:25:16 CEST 2014: 10: finished (57ms, 500cycles)
Sat May 17 23:25:16 CEST 2014: 10: No solution found.
Sat May 17 23:25:16 CEST 2014: 11: finished (2ms, 7cycles)
Sat May 17 23:25:16 CEST 2014: 11: Solution found.
Sat May 17 23:25:16 CEST 2014: 12: finished (9ms, 61cycles)
Sat May 17 23:25:16 CEST 2014: 12: Solution found.
Sat May 17 23:25:16 CEST 2014: 13: finished (56ms, 500cycles)
Sat May 17 23:25:16 CEST 2014: 13: No solution found.
Sat May 17 23:25:16 CEST 2014: 14: finished (66ms, 500cycles)
Sat May 17 23:25:16 CEST 2014: 14: No solution found.
Sat May 17 23:25:16 CEST 2014: 15: finished (1ms, 3cycles)
Sat May 17 23:25:16 CEST 2014: 15: Solution found.
Sat May 17 23:25:16 CEST 2014: 16: finished (57ms, 500cycles)
Sat May 17 23:25:16 CEST 2014: 16: No solution found.
Sat May 17 23:25:16 CEST 2014: 17: finished (7ms, 51cycles)
Sat May 17 23:25:16 CEST 2014: 17: Solution found.
Sat May 17 23:25:16 CEST 2014: 18: finished (58ms, 500cycles)
Sat May 17 23:25:16 CEST 2014: 18: No solution found.
Sat May 17 23:25:16 CEST 2014: 19: finished (65ms, 500cycles)
Sat May 17 23:25:16 CEST 2014: 19: No solution found.
Sat May 17 23:25:16 CEST 2014: 20: finished (6ms, 45cycles)
Sat May 17 23:25:16 CEST 2014: 20: Solution found.
Sat May 17 23:25:16 CEST 2014: 21: finished (60ms, 500cycles)
Sat May 17 23:25:16 CEST 2014: 21: No solution found.
Sat May 17 23:25:16 CEST 2014: 22: finished (4ms, 29cycles)
Sat May 17 23:25:16 CEST 2014: 22: Solution found.
Sat May 17 23:25:16 CEST 2014: 23: finished (2ms, 13cycles)
Sat May 17 23:25:16 CEST 2014: 23: Solution found.
Sat May 17 23:25:17 CEST 2014: 24: finished (38ms, 344cycles)
Sat May 17 23:25:17 CEST 2014: 24: Solution found.
Sat May 17 23:25:17 CEST 2014: 25: finished (56ms, 500cycles)
Sat May 17 23:25:17 CEST 2014: 25: No solution found.
Sat May 17 23:25:17 CEST 2014: 26: finished (62ms, 500cycles)
Sat May 17 23:25:17 CEST 2014: 26: No solution found.
Sat May 17 23:25:17 CEST 2014: 27: finished (60ms, 500cycles)
Sat May 17 23:25:17 CEST 2014: 27: No solution found.
Sat May 17 23:25:17 CEST 2014: 28: finished (57ms, 500cycles)
Sat May 17 23:25:17 CEST 2014: 28: No solution found.
Sat May 17 23:25:17 CEST 2014: 29: finished (62ms, 500cycles)
Sat May 17 23:25:17 CEST 2014: 29: No solution found.
Sat May 17 23:25:17 CEST 2014: 30: finished (72ms, 500cycles)
Sat May 17 23:25:17 CEST 2014: 30: No solution found.
Sat May 17 23:25:17 CEST 2014: 31: finished (2ms, 9cycles)
Sat May 17 23:25:17 CEST 2014: 31: Solution found.
Sat May 17 23:25:17 CEST 2014: 32: finished (58ms, 500cycles)
Sat May 17 23:25:17 CEST 2014: 32: No solution found.
Sat May 17 23:25:17 CEST 2014: 33: finished (59ms, 500cycles)
Sat May 17 23:25:17 CEST 2014: 33: No solution found.
Sat May 17 23:25:17 CEST 2014: 34: finished (2ms, 14cycles)
Sat May 17 23:25:17 CEST 2014: 34: Solution found.
Sat May 17 23:25:17 CEST 2014: 35: finished (12ms, 98cycles)
Sat May 17 23:25:17 CEST 2014: 35: Solution found.
Sat May 17 23:25:17 CEST 2014: 36: finished (56ms, 500cycles)
Sat May 17 23:25:17 CEST 2014: 36: No solution found.
Sat May 17 23:25:17 CEST 2014: 37: finished (58ms, 500cycles)
Sat May 17 23:25:17 CEST 2014: 37: No solution found.
Sat May 17 23:25:17 CEST 2014: 38: finished (55ms, 500cycles)
Sat May 17 23:25:17 CEST 2014: 38: No solution found.
Sat May 17 23:25:17 CEST 2014: 39: finished (66ms, 500cycles)
Sat May 17 23:25:17 CEST 2014: 39: No solution found.
Sat May 17 23:25:17 CEST 2014: 40: finished (4ms, 24cycles)
Sat May 17 23:25:17 CEST 2014: 40: Solution found.
Sat May 17 23:25:17 CEST 2014: 41: finished (58ms, 500cycles)
Sat May 17 23:25:17 CEST 2014: 41: No solution found.
Sat May 17 23:25:17 CEST 2014: 42: finished (63ms, 500cycles)
Sat May 17 23:25:17 CEST 2014: 42: No solution found.
Sat May 17 23:25:17 CEST 2014: 43: finished (62ms, 500cycles)
Sat May 17 23:25:17 CEST 2014: 43: No solution found.
Sat May 17 23:25:18 CEST 2014: 44: finished (62ms, 500cycles)
Sat May 17 23:25:18 CEST 2014: 44: No solution found.
Sat May 17 23:25:18 CEST 2014: 45: finished (64ms, 500cycles)
Sat May 17 23:25:18 CEST 2014: 45: No solution found.
Sat May 17 23:25:18 CEST 2014: 46: finished (55ms, 500cycles)
Sat May 17 23:25:18 CEST 2014: 46: No solution found.
Sat May 17 23:25:18 CEST 2014: 47: finished (59ms, 500cycles)
Sat May 17 23:25:18 CEST 2014: 47: No solution found.
Sat May 17 23:25:18 CEST 2014: 48: finished (56ms, 500cycles)
Sat May 17 23:25:18 CEST 2014: 48: No solution found.
Sat May 17 23:25:18 CEST 2014: 49: finished (11ms, 78cycles)
Sat May 17 23:25:18 CEST 2014: 49: Solution found.
Sat May 17 23:25:18 CEST 2014: 50: finished (57ms, 500cycles)
Sat May 17 23:25:18 CEST 2014: 50: No solution found.
Sat May 17 23:25:18 CEST 2014: 51: finished (57ms, 500cycles)
Sat May 17 23:25:18 CEST 2014: 51: No solution found.
Sat May 17 23:25:18 CEST 2014: 52: finished (11ms, 74cycles)
Sat May 17 23:25:18 CEST 2014: 52: Solution found.
Sat May 17 23:25:18 CEST 2014: 53: finished (60ms, 500cycles)
Sat May 17 23:25:18 CEST 2014: 53: No solution found.
Sat May 17 23:25:18 CEST 2014: 54: finished (72ms, 500cycles)
Sat May 17 23:25:18 CEST 2014: 54: No solution found.
Sat May 17 23:25:18 CEST 2014: 55: finished (4ms, 28cycles)
Sat May 17 23:25:18 CEST 2014: 55: Solution found.
Sat May 17 23:25:18 CEST 2014: 56: finished (60ms, 500cycles)
Sat May 17 23:25:18 CEST 2014: 56: No solution found.
Sat May 17 23:25:18 CEST 2014: 57: finished (54ms, 500cycles)
Sat May 17 23:25:18 CEST 2014: 57: No solution found.
Sat May 17 23:25:18 CEST 2014: 58: finished (59ms, 500cycles)
Sat May 17 23:25:18 CEST 2014: 58: No solution found.
Sat May 17 23:25:18 CEST 2014: 59: finished (63ms, 500cycles)
Sat May 17 23:25:18 CEST 2014: 59: No solution found.
Sat May 17 23:25:18 CEST 2014: 60: finished (1ms, 6cycles)
Sat May 17 23:25:18 CEST 2014: 60: Solution found.
Sat May 17 23:25:18 CEST 2014: 61: finished (63ms, 500cycles)
Sat May 17 23:25:18 CEST 2014: 61: No solution found.
Sat May 17 23:25:18 CEST 2014: 62: finished (61ms, 500cycles)
Sat May 17 23:25:18 CEST 2014: 62: No solution found.
Sat May 17 23:25:18 CEST 2014: 63: finished (20ms, 136cycles)
Sat May 17 23:25:18 CEST 2014: 63: Solution found.
Sat May 17 23:25:18 CEST 2014: 64: finished (9ms, 29cycles)
Sat May 17 23:25:18 CEST 2014: 64: Solution found.
Sat May 17 23:25:18 CEST 2014: 65: finished (49ms, 369cycles)
Sat May 17 23:25:18 CEST 2014: 65: Solution found.
Sat May 17 23:25:19 CEST 2014: 66: finished (63ms, 500cycles)
Sat May 17 23:25:19 CEST 2014: 66: No solution found.
Sat May 17 23:25:19 CEST 2014: 67: finished (3ms, 19cycles)
Sat May 17 23:25:19 CEST 2014: 67: Solution found.
Sat May 17 23:25:19 CEST 2014: 68: finished (56ms, 500cycles)
Sat May 17 23:25:19 CEST 2014: 68: No solution found.
Sat May 17 23:25:19 CEST 2014: 69: finished (58ms, 500cycles)
Sat May 17 23:25:19 CEST 2014: 69: No solution found.
Sat May 17 23:25:19 CEST 2014: 70: finished (4ms, 18cycles)
Sat May 17 23:25:19 CEST 2014: 70: Solution found.
Sat May 17 23:25:19 CEST 2014: 71: finished (65ms, 500cycles)
Sat May 17 23:25:19 CEST 2014: 71: No solution found.
Sat May 17 23:25:19 CEST 2014: 72: finished (57ms, 500cycles)
Sat May 17 23:25:19 CEST 2014: 72: No solution found.
Sat May 17 23:25:19 CEST 2014: 73: finished (4ms, 25cycles)
Sat May 17 23:25:19 CEST 2014: 73: Solution found.
Sat May 17 23:25:19 CEST 2014: 74: finished (55ms, 500cycles)
Sat May 17 23:25:19 CEST 2014: 74: No solution found.
Sat May 17 23:25:19 CEST 2014: 75: finished (1ms, 7cycles)
Sat May 17 23:25:19 CEST 2014: 75: Solution found.
Sat May 17 23:25:19 CEST 2014: 76: finished (55ms, 500cycles)
Sat May 17 23:25:19 CEST 2014: 76: No solution found.
Sat May 17 23:25:19 CEST 2014: 77: finished (64ms, 500cycles)
Sat May 17 23:25:19 CEST 2014: 77: No solution found.
Sat May 17 23:25:19 CEST 2014: 78: finished (60ms, 500cycles)
Sat May 17 23:25:19 CEST 2014: 78: No solution found.
Sat May 17 23:25:19 CEST 2014: 79: finished (58ms, 500cycles)
Sat May 17 23:25:19 CEST 2014: 79: No solution found.
Sat May 17 23:25:19 CEST 2014: 80: finished (7ms, 35cycles)
Sat May 17 23:25:19 CEST 2014: 80: Solution found.
Sat May 17 23:25:19 CEST 2014: 81: finished (60ms, 500cycles)
Sat May 17 23:25:19 CEST 2014: 81: No solution found.
Sat May 17 23:25:19 CEST 2014: 82: finished (66ms, 500cycles)
Sat May 17 23:25:19 CEST 2014: 82: No solution found.
Sat May 17 23:25:19 CEST 2014: 83: finished (59ms, 500cycles)
Sat May 17 23:25:19 CEST 2014: 83: No solution found.
Sat May 17 23:25:19 CEST 2014: 84: finished (60ms, 500cycles)
Sat May 17 23:25:19 CEST 2014: 84: No solution found.
Sat May 17 23:25:19 CEST 2014: 85: finished (2ms, 12cycles)
Sat May 17 23:25:19 CEST 2014: 85: Solution found.
Sat May 17 23:25:19 CEST 2014: 86: finished (57ms, 500cycles)
Sat May 17 23:25:19 CEST 2014: 86: No solution found.
Sat May 17 23:25:19 CEST 2014: 87: finished (6ms, 42cycles)
Sat May 17 23:25:19 CEST 2014: 87: Solution found.
Sat May 17 23:25:19 CEST 2014: 88: finished (66ms, 500cycles)
Sat May 17 23:25:19 CEST 2014: 88: No solution found.
Sat May 17 23:25:20 CEST 2014: 89: finished (57ms, 500cycles)
Sat May 17 23:25:20 CEST 2014: 89: No solution found.
Sat May 17 23:25:20 CEST 2014: 90: finished (54ms, 500cycles)
Sat May 17 23:25:20 CEST 2014: 90: No solution found.
Sat May 17 23:25:20 CEST 2014: 91: finished (61ms, 500cycles)
Sat May 17 23:25:20 CEST 2014: 91: No solution found.
Sat May 17 23:25:20 CEST 2014: 92: finished (58ms, 500cycles)
Sat May 17 23:25:20 CEST 2014: 92: No solution found.
Sat May 17 23:25:20 CEST 2014: 93: finished (59ms, 500cycles)
Sat May 17 23:25:20 CEST 2014: 93: No solution found.
Sat May 17 23:25:20 CEST 2014: 94: finished (3ms, 22cycles)
Sat May 17 23:25:20 CEST 2014: 94: Solution found.
Sat May 17 23:25:20 CEST 2014: 95: finished (4ms, 21cycles)
Sat May 17 23:25:20 CEST 2014: 95: Solution found.
Sat May 17 23:25:20 CEST 2014: 96: finished (73ms, 500cycles)
Sat May 17 23:25:20 CEST 2014: 96: No solution found.
Sat May 17 23:25:20 CEST 2014: 97: finished (186ms, 500cycles)
Sat May 17 23:25:20 CEST 2014: 97: No solution found.
Sat May 17 23:25:20 CEST 2014: 98: finished (75ms, 500cycles)
Sat May 17 23:25:20 CEST 2014: 98: No solution found.
Sat May 17 23:25:20 CEST 2014: 99: finished (5ms, 34cycles)
Sat May 17 23:25:20 CEST 2014: 99: Solution found.
Sat May 17 23:25:20 CEST 2014: Solution Found: 32
Sat May 17 23:25:20 CEST 2014: Avg cycles: 52
Sat May 17 23:25:20 CEST 2014: Max cycles: 369
Sat May 17 23:25:20 CEST 2014: Min cycles: 3
Sat May 17 23:25:20 CEST 2014: No solution found: 68
Sat May 17 23:25:20 CEST 2014: logging finished. (runtime: 4492ms)
