Sun May 18 21:48:08 CEST 2014: Problem Count: 10
Sun May 18 21:48:08 CEST 2014: CandidatesCount: 40
Sun May 18 21:48:08 CEST 2014: Max Cycles: 500
Sun May 18 21:48:08 CEST 2014: 0: finished (11ms, 94cycles)
Sun May 18 21:48:08 CEST 2014: 0: Solution found.
Sun May 18 21:48:08 CEST 2014: 1: finished (257ms, 500cycles)
Sun May 18 21:48:08 CEST 2014: 1: No solution found.
Sun May 18 21:48:08 CEST 2014: 2: finished (3ms, 10cycles)
Sun May 18 21:48:08 CEST 2014: 2: Solution found.
Sun May 18 21:48:08 CEST 2014: 3: finished (43ms, 500cycles)
Sun May 18 21:48:08 CEST 2014: 3: No solution found.
Sun May 18 21:48:08 CEST 2014: 4: finished (68ms, 500cycles)
Sun May 18 21:48:08 CEST 2014: 4: No solution found.
Sun May 18 21:48:08 CEST 2014: 5: finished (338ms, 500cycles)
Sun May 18 21:48:08 CEST 2014: 5: No solution found.
Sun May 18 21:48:08 CEST 2014: 6: finished (25ms, 53cycles)
Sun May 18 21:48:08 CEST 2014: 6: Solution found.
Sun May 18 21:48:09 CEST 2014: 7: finished (38ms, 500cycles)
Sun May 18 21:48:09 CEST 2014: 7: No solution found.
Sun May 18 21:48:09 CEST 2014: 8: finished (28ms, 214cycles)
Sun May 18 21:48:09 CEST 2014: 8: Solution found.
Sun May 18 21:48:09 CEST 2014: 9: finished (331ms, 500cycles)
Sun May 18 21:48:09 CEST 2014: 9: No solution found.
Sun May 18 21:48:09 CEST 2014: 10: finished (282ms, 500cycles)
Sun May 18 21:48:09 CEST 2014: 10: No solution found.
Sun May 18 21:48:09 CEST 2014: 11: finished (25ms, 83cycles)
Sun May 18 21:48:09 CEST 2014: 11: Solution found.
Sun May 18 21:48:09 CEST 2014: 12: finished (4ms, 17cycles)
Sun May 18 21:48:09 CEST 2014: 12: Solution found.
Sun May 18 21:48:09 CEST 2014: 13: finished (36ms, 500cycles)
Sun May 18 21:48:09 CEST 2014: 13: No solution found.
Sun May 18 21:48:09 CEST 2014: 14: finished (64ms, 206cycles)
Sun May 18 21:48:09 CEST 2014: 14: Solution found.
Sun May 18 21:48:09 CEST 2014: 15: finished (44ms, 500cycles)
Sun May 18 21:48:09 CEST 2014: 15: No solution found.
Sun May 18 21:48:10 CEST 2014: 16: finished (335ms, 500cycles)
Sun May 18 21:48:10 CEST 2014: 16: No solution found.
Sun May 18 21:48:10 CEST 2014: 17: finished (379ms, 500cycles)
Sun May 18 21:48:10 CEST 2014: 17: No solution found.
Sun May 18 21:48:10 CEST 2014: 18: finished (351ms, 500cycles)
Sun May 18 21:48:10 CEST 2014: 18: No solution found.
Sun May 18 21:48:10 CEST 2014: 19: finished (4ms, 21cycles)
Sun May 18 21:48:10 CEST 2014: 19: Solution found.
Sun May 18 21:48:11 CEST 2014: 20: finished (237ms, 500cycles)
Sun May 18 21:48:11 CEST 2014: 20: No solution found.
Sun May 18 21:48:11 CEST 2014: 21: finished (39ms, 500cycles)
Sun May 18 21:48:11 CEST 2014: 21: No solution found.
Sun May 18 21:48:11 CEST 2014: 22: finished (273ms, 500cycles)
Sun May 18 21:48:11 CEST 2014: 22: No solution found.
Sun May 18 21:48:11 CEST 2014: 23: finished (230ms, 500cycles)
Sun May 18 21:48:11 CEST 2014: 23: No solution found.
Sun May 18 21:48:11 CEST 2014: 24: finished (263ms, 500cycles)
Sun May 18 21:48:11 CEST 2014: 24: No solution found.
Sun May 18 21:48:12 CEST 2014: 25: finished (339ms, 500cycles)
Sun May 18 21:48:12 CEST 2014: 25: No solution found.
Sun May 18 21:48:12 CEST 2014: 26: finished (308ms, 500cycles)
Sun May 18 21:48:12 CEST 2014: 26: No solution found.
Sun May 18 21:48:12 CEST 2014: 27: finished (40ms, 500cycles)
Sun May 18 21:48:12 CEST 2014: 27: No solution found.
Sun May 18 21:48:12 CEST 2014: 28: finished (335ms, 500cycles)
Sun May 18 21:48:12 CEST 2014: 28: No solution found.
Sun May 18 21:48:12 CEST 2014: 29: finished (1ms, 4cycles)
Sun May 18 21:48:12 CEST 2014: 29: Solution found.
Sun May 18 21:48:13 CEST 2014: 30: finished (164ms, 500cycles)
Sun May 18 21:48:13 CEST 2014: 30: No solution found.
Sun May 18 21:48:13 CEST 2014: 31: finished (38ms, 500cycles)
Sun May 18 21:48:13 CEST 2014: 31: No solution found.
Sun May 18 21:48:13 CEST 2014: 32: finished (24ms, 175cycles)
Sun May 18 21:48:13 CEST 2014: 32: Solution found.
Sun May 18 21:48:13 CEST 2014: 33: finished (45ms, 500cycles)
Sun May 18 21:48:13 CEST 2014: 33: No solution found.
Sun May 18 21:48:13 CEST 2014: 34: finished (3ms, 15cycles)
Sun May 18 21:48:13 CEST 2014: 34: Solution found.
Sun May 18 21:48:13 CEST 2014: 35: finished (264ms, 500cycles)
Sun May 18 21:48:13 CEST 2014: 35: No solution found.
Sun May 18 21:48:13 CEST 2014: 36: finished (37ms, 500cycles)
Sun May 18 21:48:13 CEST 2014: 36: No solution found.
Sun May 18 21:48:13 CEST 2014: 37: finished (175ms, 500cycles)
Sun May 18 21:48:13 CEST 2014: 37: No solution found.
Sun May 18 21:48:13 CEST 2014: 38: finished (3ms, 19cycles)
Sun May 18 21:48:13 CEST 2014: 38: Solution found.
Sun May 18 21:48:13 CEST 2014: 39: finished (10ms, 26cycles)
Sun May 18 21:48:13 CEST 2014: 39: Solution found.
Sun May 18 21:48:13 CEST 2014: 40: finished (247ms, 500cycles)
Sun May 18 21:48:13 CEST 2014: 40: No solution found.
Sun May 18 21:48:14 CEST 2014: 41: finished (264ms, 500cycles)
Sun May 18 21:48:14 CEST 2014: 41: No solution found.
Sun May 18 21:48:14 CEST 2014: 42: finished (40ms, 500cycles)
Sun May 18 21:48:14 CEST 2014: 42: No solution found.
Sun May 18 21:48:14 CEST 2014: 43: finished (157ms, 500cycles)
Sun May 18 21:48:14 CEST 2014: 43: No solution found.
Sun May 18 21:48:14 CEST 2014: 44: finished (39ms, 500cycles)
Sun May 18 21:48:14 CEST 2014: 44: No solution found.
Sun May 18 21:48:14 CEST 2014: 45: finished (1ms, 2cycles)
Sun May 18 21:48:14 CEST 2014: 45: Solution found.
Sun May 18 21:48:14 CEST 2014: 46: finished (321ms, 500cycles)
Sun May 18 21:48:14 CEST 2014: 46: No solution found.
Sun May 18 21:48:14 CEST 2014: 47: finished (2ms, 9cycles)
Sun May 18 21:48:14 CEST 2014: 47: Solution found.
Sun May 18 21:48:14 CEST 2014: 48: finished (53ms, 500cycles)
Sun May 18 21:48:14 CEST 2014: 48: No solution found.
Sun May 18 21:48:15 CEST 2014: 49: finished (450ms, 500cycles)
Sun May 18 21:48:15 CEST 2014: 49: No solution found.
Sun May 18 21:48:15 CEST 2014: 50: finished (270ms, 500cycles)
Sun May 18 21:48:15 CEST 2014: 50: No solution found.
Sun May 18 21:48:15 CEST 2014: 51: finished (85ms, 106cycles)
Sun May 18 21:48:15 CEST 2014: 51: Solution found.
Sun May 18 21:48:15 CEST 2014: 52: finished (42ms, 500cycles)
Sun May 18 21:48:15 CEST 2014: 52: No solution found.
Sun May 18 21:48:15 CEST 2014: 53: finished (255ms, 500cycles)
Sun May 18 21:48:15 CEST 2014: 53: No solution found.
Sun May 18 21:48:15 CEST 2014: 54: finished (24ms, 60cycles)
Sun May 18 21:48:15 CEST 2014: 54: Solution found.
Sun May 18 21:48:16 CEST 2014: 55: finished (211ms, 500cycles)
Sun May 18 21:48:16 CEST 2014: 55: No solution found.
Sun May 18 21:48:16 CEST 2014: 56: finished (83ms, 152cycles)
Sun May 18 21:48:16 CEST 2014: 56: Solution found.
Sun May 18 21:48:16 CEST 2014: 57: finished (48ms, 500cycles)
Sun May 18 21:48:16 CEST 2014: 57: No solution found.
Sun May 18 21:48:16 CEST 2014: 58: finished (61ms, 130cycles)
Sun May 18 21:48:16 CEST 2014: 58: Solution found.
Sun May 18 21:48:16 CEST 2014: 59: finished (43ms, 500cycles)
Sun May 18 21:48:16 CEST 2014: 59: No solution found.
Sun May 18 21:48:16 CEST 2014: 60: finished (175ms, 500cycles)
Sun May 18 21:48:16 CEST 2014: 60: No solution found.
Sun May 18 21:48:16 CEST 2014: 61: finished (272ms, 500cycles)
Sun May 18 21:48:16 CEST 2014: 61: No solution found.
Sun May 18 21:48:17 CEST 2014: 62: finished (430ms, 500cycles)
Sun May 18 21:48:17 CEST 2014: 62: No solution found.
Sun May 18 21:48:17 CEST 2014: 63: finished (377ms, 500cycles)
Sun May 18 21:48:17 CEST 2014: 63: No solution found.
Sun May 18 21:48:17 CEST 2014: 64: finished (12ms, 40cycles)
Sun May 18 21:48:17 CEST 2014: 64: Solution found.
Sun May 18 21:48:17 CEST 2014: 65: finished (2ms, 10cycles)
Sun May 18 21:48:17 CEST 2014: 65: Solution found.
Sun May 18 21:48:17 CEST 2014: 66: finished (183ms, 500cycles)
Sun May 18 21:48:17 CEST 2014: 66: No solution found.
Sun May 18 21:48:18 CEST 2014: 67: finished (266ms, 500cycles)
Sun May 18 21:48:18 CEST 2014: 67: No solution found.
Sun May 18 21:48:18 CEST 2014: 68: finished (2ms, 15cycles)
Sun May 18 21:48:18 CEST 2014: 68: Solution found.
Sun May 18 21:48:18 CEST 2014: 69: finished (227ms, 500cycles)
Sun May 18 21:48:18 CEST 2014: 69: No solution found.
Sun May 18 21:48:18 CEST 2014: 70: finished (3ms, 18cycles)
Sun May 18 21:48:18 CEST 2014: 70: Solution found.
Sun May 18 21:48:18 CEST 2014: 71: finished (161ms, 288cycles)
Sun May 18 21:48:18 CEST 2014: 71: Solution found.
Sun May 18 21:48:18 CEST 2014: 72: finished (1ms, 5cycles)
Sun May 18 21:48:18 CEST 2014: 72: Solution found.
Sun May 18 21:48:18 CEST 2014: 73: finished (346ms, 500cycles)
Sun May 18 21:48:18 CEST 2014: 73: No solution found.
Sun May 18 21:48:19 CEST 2014: 74: finished (234ms, 500cycles)
Sun May 18 21:48:19 CEST 2014: 74: No solution found.
Sun May 18 21:48:19 CEST 2014: 75: finished (267ms, 500cycles)
Sun May 18 21:48:19 CEST 2014: 75: No solution found.
Sun May 18 21:48:19 CEST 2014: 76: finished (6ms, 18cycles)
Sun May 18 21:48:19 CEST 2014: 76: Solution found.
Sun May 18 21:48:19 CEST 2014: 77: finished (67ms, 500cycles)
Sun May 18 21:48:19 CEST 2014: 77: No solution found.
Sun May 18 21:48:19 CEST 2014: 78: finished (54ms, 500cycles)
Sun May 18 21:48:19 CEST 2014: 78: No solution found.
Sun May 18 21:48:19 CEST 2014: 79: finished (8ms, 25cycles)
Sun May 18 21:48:19 CEST 2014: 79: Solution found.
Sun May 18 21:48:19 CEST 2014: 80: finished (2ms, 17cycles)
Sun May 18 21:48:19 CEST 2014: 80: Solution found.
Sun May 18 21:48:19 CEST 2014: 81: finished (37ms, 500cycles)
Sun May 18 21:48:19 CEST 2014: 81: No solution found.
Sun May 18 21:48:19 CEST 2014: 82: finished (2ms, 9cycles)
Sun May 18 21:48:19 CEST 2014: 82: Solution found.
Sun May 18 21:48:19 CEST 2014: 83: finished (171ms, 500cycles)
Sun May 18 21:48:19 CEST 2014: 83: No solution found.
Sun May 18 21:48:19 CEST 2014: 84: finished (167ms, 500cycles)
Sun May 18 21:48:19 CEST 2014: 84: No solution found.
Sun May 18 21:48:19 CEST 2014: 85: finished (28ms, 246cycles)
Sun May 18 21:48:19 CEST 2014: 85: Solution found.
Sun May 18 21:48:19 CEST 2014: 86: finished (1ms, 9cycles)
Sun May 18 21:48:19 CEST 2014: 86: Solution found.
Sun May 18 21:48:20 CEST 2014: 87: finished (134ms, 500cycles)
Sun May 18 21:48:20 CEST 2014: 87: No solution found.
Sun May 18 21:48:20 CEST 2014: 88: finished (51ms, 96cycles)
Sun May 18 21:48:20 CEST 2014: 88: Solution found.
Sun May 18 21:48:20 CEST 2014: 89: finished (73ms, 320cycles)
Sun May 18 21:48:20 CEST 2014: 89: Solution found.
Sun May 18 21:48:20 CEST 2014: 90: finished (151ms, 500cycles)
Sun May 18 21:48:20 CEST 2014: 90: No solution found.
Sun May 18 21:48:20 CEST 2014: 91: finished (170ms, 500cycles)
Sun May 18 21:48:20 CEST 2014: 91: No solution found.
Sun May 18 21:48:20 CEST 2014: 92: finished (0ms, 1cycles)
Sun May 18 21:48:20 CEST 2014: 92: Solution found.
Sun May 18 21:48:20 CEST 2014: 93: finished (177ms, 500cycles)
Sun May 18 21:48:20 CEST 2014: 93: No solution found.
Sun May 18 21:48:21 CEST 2014: 94: finished (324ms, 500cycles)
Sun May 18 21:48:21 CEST 2014: 94: No solution found.
Sun May 18 21:48:21 CEST 2014: 95: finished (374ms, 500cycles)
Sun May 18 21:48:21 CEST 2014: 95: No solution found.
Sun May 18 21:48:21 CEST 2014: 96: finished (281ms, 500cycles)
Sun May 18 21:48:21 CEST 2014: 96: No solution found.
Sun May 18 21:48:21 CEST 2014: 97: finished (304ms, 500cycles)
Sun May 18 21:48:21 CEST 2014: 97: No solution found.
Sun May 18 21:48:22 CEST 2014: 98: finished (255ms, 500cycles)
Sun May 18 21:48:22 CEST 2014: 98: No solution found.
Sun May 18 21:48:22 CEST 2014: 99: finished (1ms, 6cycles)
Sun May 18 21:48:22 CEST 2014: 99: Solution found.
Sun May 18 21:48:22 CEST 2014: Solution Found: 35
Sun May 18 21:48:22 CEST 2014: Avg cycles: 71
Sun May 18 21:48:22 CEST 2014: Max cycles: 320
Sun May 18 21:48:22 CEST 2014: Min cycles: 1
Sun May 18 21:48:22 CEST 2014: No solution found: 65
Sun May 18 21:48:22 CEST 2014: logging finished. (runtime: 14009ms)
