Tue May 06 14:23:55 CEST 2014: Problem Count: 20
Tue May 06 14:23:55 CEST 2014: CandidatesCount: 40
Tue May 06 14:23:55 CEST 2014: Max Cycles: 500
Tue May 06 14:23:55 CEST 2014: 0: finished (78ms, 500cycles)
Tue May 06 14:23:55 CEST 2014: 0: No solution found.
Tue May 06 14:23:55 CEST 2014: 1: finished (2ms, 8cycles)
Tue May 06 14:23:55 CEST 2014: 1: Solution found.
Tue May 06 14:23:55 CEST 2014: 2: finished (3ms, 12cycles)
Tue May 06 14:23:55 CEST 2014: 2: Solution found.
Tue May 06 14:23:55 CEST 2014: 3: finished (68ms, 500cycles)
Tue May 06 14:23:55 CEST 2014: 3: No solution found.
Tue May 06 14:23:55 CEST 2014: 4: finished (3ms, 11cycles)
Tue May 06 14:23:55 CEST 2014: 4: Solution found.
Tue May 06 14:23:55 CEST 2014: 5: finished (73ms, 500cycles)
Tue May 06 14:23:55 CEST 2014: 5: No solution found.
Tue May 06 14:23:55 CEST 2014: 6: finished (73ms, 500cycles)
Tue May 06 14:23:55 CEST 2014: 6: No solution found.
Tue May 06 14:23:55 CEST 2014: 7: finished (84ms, 500cycles)
Tue May 06 14:23:55 CEST 2014: 7: No solution found.
Tue May 06 14:23:56 CEST 2014: 8: finished (255ms, 500cycles)
Tue May 06 14:23:56 CEST 2014: 8: No solution found.
Tue May 06 14:23:56 CEST 2014: 9: finished (76ms, 500cycles)
Tue May 06 14:23:56 CEST 2014: 9: No solution found.
Tue May 06 14:23:56 CEST 2014: 10: finished (6ms, 30cycles)
Tue May 06 14:23:56 CEST 2014: 10: Solution found.
Tue May 06 14:23:56 CEST 2014: 11: finished (2ms, 9cycles)
Tue May 06 14:23:56 CEST 2014: 11: Solution found.
Tue May 06 14:23:56 CEST 2014: 12: finished (7ms, 35cycles)
Tue May 06 14:23:56 CEST 2014: 12: Solution found.
Tue May 06 14:23:56 CEST 2014: 13: finished (21ms, 108cycles)
Tue May 06 14:23:56 CEST 2014: 13: Solution found.
Tue May 06 14:23:56 CEST 2014: 14: finished (5ms, 22cycles)
Tue May 06 14:23:56 CEST 2014: 14: Solution found.
Tue May 06 14:23:56 CEST 2014: 15: finished (1ms, 2cycles)
Tue May 06 14:23:56 CEST 2014: 15: Solution found.
Tue May 06 14:23:56 CEST 2014: 16: finished (77ms, 500cycles)
Tue May 06 14:23:56 CEST 2014: 16: No solution found.
Tue May 06 14:23:56 CEST 2014: 17: finished (39ms, 227cycles)
Tue May 06 14:23:56 CEST 2014: 17: Solution found.
Tue May 06 14:23:56 CEST 2014: 18: finished (72ms, 500cycles)
Tue May 06 14:23:56 CEST 2014: 18: No solution found.
Tue May 06 14:23:56 CEST 2014: 19: finished (3ms, 15cycles)
Tue May 06 14:23:56 CEST 2014: 19: Solution found.
Tue May 06 14:23:56 CEST 2014: 20: finished (87ms, 500cycles)
Tue May 06 14:23:56 CEST 2014: 20: No solution found.
Tue May 06 14:23:56 CEST 2014: 21: finished (93ms, 500cycles)
Tue May 06 14:23:56 CEST 2014: 21: No solution found.
Tue May 06 14:23:56 CEST 2014: 22: finished (18ms, 41cycles)
Tue May 06 14:23:56 CEST 2014: 22: Solution found.
Tue May 06 14:23:56 CEST 2014: 23: finished (75ms, 500cycles)
Tue May 06 14:23:56 CEST 2014: 23: No solution found.
Tue May 06 14:23:56 CEST 2014: 24: finished (6ms, 29cycles)
Tue May 06 14:23:56 CEST 2014: 24: Solution found.
Tue May 06 14:23:56 CEST 2014: 25: finished (39ms, 113cycles)
Tue May 06 14:23:56 CEST 2014: 25: Solution found.
Tue May 06 14:23:56 CEST 2014: 26: finished (3ms, 11cycles)
Tue May 06 14:23:56 CEST 2014: 26: Solution found.
Tue May 06 14:23:56 CEST 2014: 27: finished (8ms, 25cycles)
Tue May 06 14:23:56 CEST 2014: 27: Solution found.
Tue May 06 14:23:56 CEST 2014: 28: finished (6ms, 39cycles)
Tue May 06 14:23:56 CEST 2014: 28: Solution found.
Tue May 06 14:23:56 CEST 2014: 29: finished (85ms, 500cycles)
Tue May 06 14:23:56 CEST 2014: 29: No solution found.
Tue May 06 14:23:56 CEST 2014: 30: finished (4ms, 18cycles)
Tue May 06 14:23:56 CEST 2014: 30: Solution found.
Tue May 06 14:23:56 CEST 2014: 31: finished (78ms, 500cycles)
Tue May 06 14:23:56 CEST 2014: 31: No solution found.
Tue May 06 14:23:56 CEST 2014: 32: finished (83ms, 500cycles)
Tue May 06 14:23:56 CEST 2014: 32: No solution found.
Tue May 06 14:23:56 CEST 2014: 33: finished (8ms, 41cycles)
Tue May 06 14:23:56 CEST 2014: 33: Solution found.
Tue May 06 14:23:56 CEST 2014: 34: finished (4ms, 9cycles)
Tue May 06 14:23:56 CEST 2014: 34: Solution found.
Tue May 06 14:23:57 CEST 2014: 35: finished (83ms, 500cycles)
Tue May 06 14:23:57 CEST 2014: 35: No solution found.
Tue May 06 14:23:57 CEST 2014: 36: finished (6ms, 28cycles)
Tue May 06 14:23:57 CEST 2014: 36: Solution found.
Tue May 06 14:23:57 CEST 2014: 37: finished (92ms, 500cycles)
Tue May 06 14:23:57 CEST 2014: 37: No solution found.
Tue May 06 14:23:57 CEST 2014: 38: finished (84ms, 500cycles)
Tue May 06 14:23:57 CEST 2014: 38: No solution found.
Tue May 06 14:23:57 CEST 2014: 39: finished (2ms, 14cycles)
Tue May 06 14:23:57 CEST 2014: 39: Solution found.
Tue May 06 14:23:57 CEST 2014: 40: finished (349ms, 500cycles)
Tue May 06 14:23:57 CEST 2014: 40: No solution found.
Tue May 06 14:23:57 CEST 2014: 41: finished (7ms, 20cycles)
Tue May 06 14:23:57 CEST 2014: 41: Solution found.
Tue May 06 14:23:57 CEST 2014: 42: finished (10ms, 38cycles)
Tue May 06 14:23:57 CEST 2014: 42: Solution found.
Tue May 06 14:23:57 CEST 2014: 43: finished (2ms, 12cycles)
Tue May 06 14:23:57 CEST 2014: 43: Solution found.
Tue May 06 14:23:57 CEST 2014: 44: finished (93ms, 500cycles)
Tue May 06 14:23:57 CEST 2014: 44: No solution found.
Tue May 06 14:23:57 CEST 2014: 45: finished (80ms, 500cycles)
Tue May 06 14:23:57 CEST 2014: 45: No solution found.
Tue May 06 14:23:57 CEST 2014: 46: finished (76ms, 500cycles)
Tue May 06 14:23:57 CEST 2014: 46: No solution found.
Tue May 06 14:23:57 CEST 2014: 47: finished (15ms, 50cycles)
Tue May 06 14:23:57 CEST 2014: 47: Solution found.
Tue May 06 14:23:57 CEST 2014: 48: finished (79ms, 500cycles)
Tue May 06 14:23:57 CEST 2014: 48: No solution found.
Tue May 06 14:23:58 CEST 2014: 49: finished (80ms, 500cycles)
Tue May 06 14:23:58 CEST 2014: 49: No solution found.
Tue May 06 14:23:58 CEST 2014: 50: finished (66ms, 500cycles)
Tue May 06 14:23:58 CEST 2014: 50: No solution found.
Tue May 06 14:23:58 CEST 2014: 51: finished (2ms, 6cycles)
Tue May 06 14:23:58 CEST 2014: 51: Solution found.
Tue May 06 14:23:58 CEST 2014: 52: finished (5ms, 28cycles)
Tue May 06 14:23:58 CEST 2014: 52: Solution found.
Tue May 06 14:23:58 CEST 2014: 53: finished (50ms, 284cycles)
Tue May 06 14:23:58 CEST 2014: 53: Solution found.
Tue May 06 14:23:58 CEST 2014: 54: finished (1ms, 3cycles)
Tue May 06 14:23:58 CEST 2014: 54: Solution found.
Tue May 06 14:23:58 CEST 2014: 55: finished (5ms, 17cycles)
Tue May 06 14:23:58 CEST 2014: 55: Solution found.
Tue May 06 14:23:58 CEST 2014: 56: finished (2ms, 10cycles)
Tue May 06 14:23:58 CEST 2014: 56: Solution found.
Tue May 06 14:23:58 CEST 2014: 57: finished (4ms, 16cycles)
Tue May 06 14:23:58 CEST 2014: 57: Solution found.
Tue May 06 14:23:58 CEST 2014: 58: finished (1ms, 6cycles)
Tue May 06 14:23:58 CEST 2014: 58: Solution found.
Tue May 06 14:23:58 CEST 2014: 59: finished (66ms, 500cycles)
Tue May 06 14:23:58 CEST 2014: 59: No solution found.
Tue May 06 14:23:58 CEST 2014: 60: finished (1ms, 2cycles)
Tue May 06 14:23:58 CEST 2014: 60: Solution found.
Tue May 06 14:23:58 CEST 2014: 61: finished (7ms, 37cycles)
Tue May 06 14:23:58 CEST 2014: 61: Solution found.
Tue May 06 14:23:58 CEST 2014: 62: finished (4ms, 22cycles)
Tue May 06 14:23:58 CEST 2014: 62: Solution found.
Tue May 06 14:23:58 CEST 2014: 63: finished (9ms, 44cycles)
Tue May 06 14:23:58 CEST 2014: 63: Solution found.
Tue May 06 14:23:58 CEST 2014: 64: finished (73ms, 500cycles)
Tue May 06 14:23:58 CEST 2014: 64: No solution found.
Tue May 06 14:23:58 CEST 2014: 65: finished (184ms, 500cycles)
Tue May 06 14:23:58 CEST 2014: 65: No solution found.
Tue May 06 14:23:59 CEST 2014: 66: finished (705ms, 500cycles)
Tue May 06 14:23:59 CEST 2014: 66: No solution found.
Tue May 06 14:23:59 CEST 2014: 67: finished (185ms, 500cycles)
Tue May 06 14:23:59 CEST 2014: 67: No solution found.
Tue May 06 14:23:59 CEST 2014: 68: finished (218ms, 500cycles)
Tue May 06 14:23:59 CEST 2014: 68: No solution found.
Tue May 06 14:23:59 CEST 2014: 69: finished (245ms, 500cycles)
Tue May 06 14:23:59 CEST 2014: 69: No solution found.
Tue May 06 14:23:59 CEST 2014: 70: finished (42ms, 55cycles)
Tue May 06 14:23:59 CEST 2014: 70: Solution found.
Tue May 06 14:24:00 CEST 2014: 71: finished (211ms, 500cycles)
Tue May 06 14:24:00 CEST 2014: 71: No solution found.
Tue May 06 14:24:00 CEST 2014: 72: finished (67ms, 60cycles)
Tue May 06 14:24:00 CEST 2014: 72: Solution found.
Tue May 06 14:24:00 CEST 2014: 73: finished (8ms, 13cycles)
Tue May 06 14:24:00 CEST 2014: 73: Solution found.
Tue May 06 14:24:00 CEST 2014: 74: finished (545ms, 500cycles)
Tue May 06 14:24:00 CEST 2014: 74: No solution found.
Tue May 06 14:24:00 CEST 2014: 75: finished (207ms, 500cycles)
Tue May 06 14:24:00 CEST 2014: 75: No solution found.
Tue May 06 14:24:01 CEST 2014: 76: finished (198ms, 500cycles)
Tue May 06 14:24:01 CEST 2014: 76: No solution found.
Tue May 06 14:24:01 CEST 2014: 77: finished (208ms, 500cycles)
Tue May 06 14:24:01 CEST 2014: 77: No solution found.
Tue May 06 14:24:01 CEST 2014: 78: finished (30ms, 52cycles)
Tue May 06 14:24:01 CEST 2014: 78: Solution found.
Tue May 06 14:24:01 CEST 2014: 79: finished (12ms, 22cycles)
Tue May 06 14:24:01 CEST 2014: 79: Solution found.
Tue May 06 14:24:01 CEST 2014: 80: finished (6ms, 7cycles)
Tue May 06 14:24:01 CEST 2014: 80: Solution found.
Tue May 06 14:24:01 CEST 2014: 81: finished (186ms, 500cycles)
Tue May 06 14:24:01 CEST 2014: 81: No solution found.
Tue May 06 14:24:02 CEST 2014: 82: finished (577ms, 500cycles)
Tue May 06 14:24:02 CEST 2014: 82: No solution found.
Tue May 06 14:24:02 CEST 2014: 83: finished (7ms, 8cycles)
Tue May 06 14:24:02 CEST 2014: 83: Solution found.
Tue May 06 14:24:02 CEST 2014: 84: finished (3ms, 5cycles)
Tue May 06 14:24:02 CEST 2014: 84: Solution found.
Tue May 06 14:24:02 CEST 2014: 85: finished (202ms, 500cycles)
Tue May 06 14:24:02 CEST 2014: 85: No solution found.
Tue May 06 14:24:02 CEST 2014: 86: finished (14ms, 24cycles)
Tue May 06 14:24:02 CEST 2014: 86: Solution found.
Tue May 06 14:24:02 CEST 2014: 87: finished (241ms, 500cycles)
Tue May 06 14:24:02 CEST 2014: 87: No solution found.
Tue May 06 14:24:02 CEST 2014: 88: finished (154ms, 355cycles)
Tue May 06 14:24:02 CEST 2014: 88: Solution found.
Tue May 06 14:24:02 CEST 2014: 89: finished (8ms, 14cycles)
Tue May 06 14:24:02 CEST 2014: 89: Solution found.
Tue May 06 14:24:02 CEST 2014: 90: finished (169ms, 500cycles)
Tue May 06 14:24:02 CEST 2014: 90: No solution found.
Tue May 06 14:24:02 CEST 2014: 91: finished (5ms, 25cycles)
Tue May 06 14:24:02 CEST 2014: 91: Solution found.
Tue May 06 14:24:02 CEST 2014: 92: finished (7ms, 30cycles)
Tue May 06 14:24:02 CEST 2014: 92: Solution found.
Tue May 06 14:24:02 CEST 2014: 93: finished (7ms, 36cycles)
Tue May 06 14:24:02 CEST 2014: 93: Solution found.
Tue May 06 14:24:02 CEST 2014: 94: finished (4ms, 20cycles)
Tue May 06 14:24:02 CEST 2014: 94: Solution found.
Tue May 06 14:24:03 CEST 2014: 95: finished (83ms, 500cycles)
Tue May 06 14:24:03 CEST 2014: 95: No solution found.
Tue May 06 14:24:03 CEST 2014: 96: finished (83ms, 500cycles)
Tue May 06 14:24:03 CEST 2014: 96: No solution found.
Tue May 06 14:24:03 CEST 2014: 97: finished (70ms, 500cycles)
Tue May 06 14:24:03 CEST 2014: 97: No solution found.
Tue May 06 14:24:03 CEST 2014: 98: finished (118ms, 500cycles)
Tue May 06 14:24:03 CEST 2014: 98: No solution found.
Tue May 06 14:24:03 CEST 2014: 99: finished (83ms, 500cycles)
Tue May 06 14:24:03 CEST 2014: 99: No solution found.
Tue May 06 14:24:03 CEST 2014: Solution Found: 53
Tue May 06 14:24:03 CEST 2014: Avg cycles: 40
Tue May 06 14:24:03 CEST 2014: Max cycles: 355
Tue May 06 14:24:03 CEST 2014: Min cycles: 2
Tue May 06 14:24:03 CEST 2014: No solution found: 47
Tue May 06 14:24:03 CEST 2014: logging finished. (runtime: 8005ms)
