Wed May 07 03:02:34 CEST 2014: Problem Count: 40
Wed May 07 03:02:34 CEST 2014: CandidatesCount: 50
Wed May 07 03:02:34 CEST 2014: Max Cycles: 500
Wed May 07 03:02:34 CEST 2014: 0: finished (21ms, 26cycles)
Wed May 07 03:02:34 CEST 2014: 0: Solution found.
Wed May 07 03:02:34 CEST 2014: 1: finished (14ms, 18cycles)
Wed May 07 03:02:34 CEST 2014: 1: Solution found.
Wed May 07 03:02:34 CEST 2014: 2: finished (7ms, 8cycles)
Wed May 07 03:02:34 CEST 2014: 2: Solution found.
Wed May 07 03:02:34 CEST 2014: 3: finished (11ms, 19cycles)
Wed May 07 03:02:34 CEST 2014: 3: Solution found.
Wed May 07 03:02:34 CEST 2014: 4: finished (301ms, 500cycles)
Wed May 07 03:02:34 CEST 2014: 4: No solution found.
Wed May 07 03:02:34 CEST 2014: 5: finished (25ms, 45cycles)
Wed May 07 03:02:34 CEST 2014: 5: Solution found.
Wed May 07 03:02:34 CEST 2014: 6: finished (65ms, 125cycles)
Wed May 07 03:02:34 CEST 2014: 6: Solution found.
Wed May 07 03:02:34 CEST 2014: 7: finished (9ms, 16cycles)
Wed May 07 03:02:34 CEST 2014: 7: Solution found.
Wed May 07 03:02:34 CEST 2014: 8: finished (4ms, 7cycles)
Wed May 07 03:02:34 CEST 2014: 8: Solution found.
Wed May 07 03:02:34 CEST 2014: 9: finished (257ms, 500cycles)
Wed May 07 03:02:34 CEST 2014: 9: No solution found.
Wed May 07 03:02:35 CEST 2014: 10: finished (36ms, 51cycles)
Wed May 07 03:02:35 CEST 2014: 10: Solution found.
Wed May 07 03:02:35 CEST 2014: 11: finished (13ms, 22cycles)
Wed May 07 03:02:35 CEST 2014: 11: Solution found.
Wed May 07 03:02:35 CEST 2014: 12: finished (7ms, 11cycles)
Wed May 07 03:02:35 CEST 2014: 12: Solution found.
Wed May 07 03:02:35 CEST 2014: 13: finished (52ms, 84cycles)
Wed May 07 03:02:35 CEST 2014: 13: Solution found.
Wed May 07 03:02:35 CEST 2014: 14: finished (322ms, 500cycles)
Wed May 07 03:02:35 CEST 2014: 14: No solution found.
Wed May 07 03:02:35 CEST 2014: 15: finished (6ms, 7cycles)
Wed May 07 03:02:35 CEST 2014: 15: Solution found.
Wed May 07 03:02:35 CEST 2014: 16: finished (13ms, 17cycles)
Wed May 07 03:02:35 CEST 2014: 16: Solution found.
Wed May 07 03:02:35 CEST 2014: 17: finished (29ms, 43cycles)
Wed May 07 03:02:35 CEST 2014: 17: Solution found.
Wed May 07 03:02:35 CEST 2014: 18: finished (241ms, 500cycles)
Wed May 07 03:02:35 CEST 2014: 18: No solution found.
Wed May 07 03:02:35 CEST 2014: 19: finished (9ms, 18cycles)
Wed May 07 03:02:35 CEST 2014: 19: Solution found.
Wed May 07 03:02:36 CEST 2014: 20: finished (295ms, 500cycles)
Wed May 07 03:02:36 CEST 2014: 20: No solution found.
Wed May 07 03:02:36 CEST 2014: 21: finished (35ms, 68cycles)
Wed May 07 03:02:36 CEST 2014: 21: Solution found.
Wed May 07 03:02:36 CEST 2014: 22: finished (7ms, 13cycles)
Wed May 07 03:02:36 CEST 2014: 22: Solution found.
Wed May 07 03:02:36 CEST 2014: 23: finished (9ms, 17cycles)
Wed May 07 03:02:36 CEST 2014: 23: Solution found.
Wed May 07 03:02:36 CEST 2014: 24: finished (56ms, 114cycles)
Wed May 07 03:02:36 CEST 2014: 24: Solution found.
Wed May 07 03:02:36 CEST 2014: 25: finished (241ms, 500cycles)
Wed May 07 03:02:36 CEST 2014: 25: No solution found.
Wed May 07 03:02:36 CEST 2014: 26: finished (17ms, 24cycles)
Wed May 07 03:02:36 CEST 2014: 26: Solution found.
Wed May 07 03:02:36 CEST 2014: 27: finished (239ms, 500cycles)
Wed May 07 03:02:36 CEST 2014: 27: No solution found.
Wed May 07 03:02:36 CEST 2014: 28: finished (8ms, 14cycles)
Wed May 07 03:02:36 CEST 2014: 28: Solution found.
Wed May 07 03:02:36 CEST 2014: 29: finished (236ms, 500cycles)
Wed May 07 03:02:36 CEST 2014: 29: No solution found.
Wed May 07 03:02:36 CEST 2014: 30: finished (13ms, 24cycles)
Wed May 07 03:02:36 CEST 2014: 30: Solution found.
Wed May 07 03:02:37 CEST 2014: 31: finished (227ms, 500cycles)
Wed May 07 03:02:37 CEST 2014: 31: No solution found.
Wed May 07 03:02:37 CEST 2014: 32: finished (269ms, 500cycles)
Wed May 07 03:02:37 CEST 2014: 32: No solution found.
Wed May 07 03:02:37 CEST 2014: 33: finished (4ms, 4cycles)
Wed May 07 03:02:37 CEST 2014: 33: Solution found.
Wed May 07 03:02:37 CEST 2014: 34: finished (9ms, 14cycles)
Wed May 07 03:02:37 CEST 2014: 34: Solution found.
Wed May 07 03:02:37 CEST 2014: 35: finished (253ms, 500cycles)
Wed May 07 03:02:37 CEST 2014: 35: No solution found.
Wed May 07 03:02:37 CEST 2014: 36: finished (12ms, 20cycles)
Wed May 07 03:02:37 CEST 2014: 36: Solution found.
Wed May 07 03:02:37 CEST 2014: 37: finished (244ms, 500cycles)
Wed May 07 03:02:37 CEST 2014: 37: No solution found.
Wed May 07 03:02:37 CEST 2014: 38: finished (6ms, 12cycles)
Wed May 07 03:02:37 CEST 2014: 38: Solution found.
Wed May 07 03:02:37 CEST 2014: 39: finished (8ms, 12cycles)
Wed May 07 03:02:37 CEST 2014: 39: Solution found.
Wed May 07 03:02:37 CEST 2014: 40: finished (15ms, 27cycles)
Wed May 07 03:02:37 CEST 2014: 40: Solution found.
Wed May 07 03:02:37 CEST 2014: 41: finished (5ms, 9cycles)
Wed May 07 03:02:37 CEST 2014: 41: Solution found.
Wed May 07 03:02:37 CEST 2014: 42: finished (7ms, 14cycles)
Wed May 07 03:02:37 CEST 2014: 42: Solution found.
Wed May 07 03:02:37 CEST 2014: 43: finished (8ms, 14cycles)
Wed May 07 03:02:37 CEST 2014: 43: Solution found.
Wed May 07 03:02:38 CEST 2014: 44: finished (247ms, 500cycles)
Wed May 07 03:02:38 CEST 2014: 44: No solution found.
Wed May 07 03:02:38 CEST 2014: 45: finished (223ms, 500cycles)
Wed May 07 03:02:38 CEST 2014: 45: No solution found.
Wed May 07 03:02:38 CEST 2014: 46: finished (14ms, 25cycles)
Wed May 07 03:02:38 CEST 2014: 46: Solution found.
Wed May 07 03:02:38 CEST 2014: 47: finished (5ms, 8cycles)
Wed May 07 03:02:38 CEST 2014: 47: Solution found.
Wed May 07 03:02:38 CEST 2014: 48: finished (256ms, 500cycles)
Wed May 07 03:02:38 CEST 2014: 48: No solution found.
Wed May 07 03:02:38 CEST 2014: 49: finished (245ms, 500cycles)
Wed May 07 03:02:38 CEST 2014: 49: No solution found.
Wed May 07 03:02:39 CEST 2014: 50: finished (277ms, 500cycles)
Wed May 07 03:02:39 CEST 2014: 50: No solution found.
Wed May 07 03:02:39 CEST 2014: 51: finished (293ms, 500cycles)
Wed May 07 03:02:39 CEST 2014: 51: No solution found.
Wed May 07 03:02:39 CEST 2014: 52: finished (7ms, 8cycles)
Wed May 07 03:02:39 CEST 2014: 52: Solution found.
Wed May 07 03:02:39 CEST 2014: 53: finished (3ms, 3cycles)
Wed May 07 03:02:39 CEST 2014: 53: Solution found.
Wed May 07 03:02:39 CEST 2014: 54: finished (264ms, 500cycles)
Wed May 07 03:02:39 CEST 2014: 54: No solution found.
Wed May 07 03:02:39 CEST 2014: 55: finished (9ms, 15cycles)
Wed May 07 03:02:39 CEST 2014: 55: Solution found.
Wed May 07 03:02:39 CEST 2014: 56: finished (12ms, 17cycles)
Wed May 07 03:02:39 CEST 2014: 56: Solution found.
Wed May 07 03:02:40 CEST 2014: 57: finished (228ms, 500cycles)
Wed May 07 03:02:40 CEST 2014: 57: No solution found.
Wed May 07 03:02:40 CEST 2014: 58: finished (13ms, 24cycles)
Wed May 07 03:02:40 CEST 2014: 58: Solution found.
Wed May 07 03:02:40 CEST 2014: 59: finished (223ms, 500cycles)
Wed May 07 03:02:40 CEST 2014: 59: No solution found.
Wed May 07 03:02:40 CEST 2014: 60: finished (247ms, 500cycles)
Wed May 07 03:02:40 CEST 2014: 60: No solution found.
Wed May 07 03:02:40 CEST 2014: 61: finished (6ms, 11cycles)
Wed May 07 03:02:40 CEST 2014: 61: Solution found.
Wed May 07 03:02:40 CEST 2014: 62: finished (6ms, 10cycles)
Wed May 07 03:02:40 CEST 2014: 62: Solution found.
Wed May 07 03:02:40 CEST 2014: 63: finished (269ms, 500cycles)
Wed May 07 03:02:40 CEST 2014: 63: No solution found.
Wed May 07 03:02:40 CEST 2014: 64: finished (11ms, 17cycles)
Wed May 07 03:02:40 CEST 2014: 64: Solution found.
Wed May 07 03:02:41 CEST 2014: 65: finished (227ms, 500cycles)
Wed May 07 03:02:41 CEST 2014: 65: No solution found.
Wed May 07 03:02:41 CEST 2014: 66: finished (221ms, 500cycles)
Wed May 07 03:02:41 CEST 2014: 66: No solution found.
Wed May 07 03:02:41 CEST 2014: 67: finished (574ms, 500cycles)
Wed May 07 03:02:41 CEST 2014: 67: No solution found.
Wed May 07 03:02:41 CEST 2014: 68: finished (20ms, 12cycles)
Wed May 07 03:02:41 CEST 2014: 68: Solution found.
Wed May 07 03:02:42 CEST 2014: 69: finished (558ms, 500cycles)
Wed May 07 03:02:42 CEST 2014: 69: No solution found.
Wed May 07 03:02:42 CEST 2014: 70: finished (21ms, 13cycles)
Wed May 07 03:02:42 CEST 2014: 70: Solution found.
Wed May 07 03:02:43 CEST 2014: 71: finished (679ms, 500cycles)
Wed May 07 03:02:43 CEST 2014: 71: No solution found.
Wed May 07 03:02:43 CEST 2014: 72: finished (18ms, 13cycles)
Wed May 07 03:02:43 CEST 2014: 72: Solution found.
Wed May 07 03:02:43 CEST 2014: 73: finished (538ms, 500cycles)
Wed May 07 03:02:43 CEST 2014: 73: No solution found.
Wed May 07 03:02:43 CEST 2014: 74: finished (14ms, 6cycles)
Wed May 07 03:02:43 CEST 2014: 74: Solution found.
Wed May 07 03:02:44 CEST 2014: 75: finished (690ms, 500cycles)
Wed May 07 03:02:44 CEST 2014: 75: No solution found.
Wed May 07 03:02:44 CEST 2014: 76: finished (64ms, 50cycles)
Wed May 07 03:02:44 CEST 2014: 76: Solution found.
Wed May 07 03:02:44 CEST 2014: 77: finished (40ms, 34cycles)
Wed May 07 03:02:44 CEST 2014: 77: Solution found.
Wed May 07 03:02:44 CEST 2014: 78: finished (79ms, 52cycles)
Wed May 07 03:02:44 CEST 2014: 78: Solution found.
Wed May 07 03:02:44 CEST 2014: 79: finished (38ms, 21cycles)
Wed May 07 03:02:44 CEST 2014: 79: Solution found.
Wed May 07 03:02:44 CEST 2014: 80: finished (18ms, 14cycles)
Wed May 07 03:02:44 CEST 2014: 80: Solution found.
Wed May 07 03:02:45 CEST 2014: 81: finished (644ms, 500cycles)
Wed May 07 03:02:45 CEST 2014: 81: No solution found.
Wed May 07 03:02:45 CEST 2014: 82: finished (34ms, 20cycles)
Wed May 07 03:02:45 CEST 2014: 82: Solution found.
Wed May 07 03:02:45 CEST 2014: 83: finished (62ms, 41cycles)
Wed May 07 03:02:45 CEST 2014: 83: Solution found.
Wed May 07 03:02:45 CEST 2014: 84: finished (15ms, 8cycles)
Wed May 07 03:02:45 CEST 2014: 84: Solution found.
Wed May 07 03:02:45 CEST 2014: 85: finished (541ms, 500cycles)
Wed May 07 03:02:45 CEST 2014: 85: No solution found.
Wed May 07 03:02:46 CEST 2014: 86: finished (242ms, 500cycles)
Wed May 07 03:02:46 CEST 2014: 86: No solution found.
Wed May 07 03:02:46 CEST 2014: 87: finished (8ms, 14cycles)
Wed May 07 03:02:46 CEST 2014: 87: Solution found.
Wed May 07 03:02:46 CEST 2014: 88: finished (240ms, 500cycles)
Wed May 07 03:02:46 CEST 2014: 88: No solution found.
Wed May 07 03:02:46 CEST 2014: 89: finished (31ms, 58cycles)
Wed May 07 03:02:46 CEST 2014: 89: Solution found.
Wed May 07 03:02:46 CEST 2014: 90: finished (23ms, 36cycles)
Wed May 07 03:02:46 CEST 2014: 90: Solution found.
Wed May 07 03:02:46 CEST 2014: 91: finished (253ms, 500cycles)
Wed May 07 03:02:46 CEST 2014: 91: No solution found.
Wed May 07 03:02:46 CEST 2014: 92: finished (245ms, 500cycles)
Wed May 07 03:02:46 CEST 2014: 92: No solution found.
Wed May 07 03:02:46 CEST 2014: 93: finished (8ms, 14cycles)
Wed May 07 03:02:46 CEST 2014: 93: Solution found.
Wed May 07 03:02:47 CEST 2014: 94: finished (227ms, 500cycles)
Wed May 07 03:02:47 CEST 2014: 94: No solution found.
Wed May 07 03:02:47 CEST 2014: 95: finished (244ms, 500cycles)
Wed May 07 03:02:47 CEST 2014: 95: No solution found.
Wed May 07 03:02:47 CEST 2014: 96: finished (234ms, 500cycles)
Wed May 07 03:02:47 CEST 2014: 96: No solution found.
Wed May 07 03:02:47 CEST 2014: 97: finished (233ms, 500cycles)
Wed May 07 03:02:47 CEST 2014: 97: No solution found.
Wed May 07 03:02:48 CEST 2014: 98: finished (239ms, 500cycles)
Wed May 07 03:02:48 CEST 2014: 98: No solution found.
Wed May 07 03:02:48 CEST 2014: 99: finished (6ms, 13cycles)
Wed May 07 03:02:48 CEST 2014: 99: Solution found.
Wed May 07 03:02:48 CEST 2014: Solution Found: 59
Wed May 07 03:02:48 CEST 2014: Avg cycles: 24
Wed May 07 03:02:48 CEST 2014: Max cycles: 125
Wed May 07 03:02:48 CEST 2014: Min cycles: 3
Wed May 07 03:02:48 CEST 2014: No solution found: 41
Wed May 07 03:02:48 CEST 2014: logging finished. (runtime: 13875ms)
