Sun May 18 02:54:43 CEST 2014: Problem Count: 40
Sun May 18 02:54:43 CEST 2014: CandidatesCount: 10
Sun May 18 02:54:43 CEST 2014: Max Cycles: 500
Sun May 18 02:54:43 CEST 2014: 0: finished (5ms, 48cycles)
Sun May 18 02:54:43 CEST 2014: 0: Solution found.
Sun May 18 02:54:43 CEST 2014: 1: finished (40ms, 500cycles)
Sun May 18 02:54:43 CEST 2014: 1: No solution found.
Sun May 18 02:54:43 CEST 2014: 2: finished (44ms, 500cycles)
Sun May 18 02:54:43 CEST 2014: 2: No solution found.
Sun May 18 02:54:43 CEST 2014: 3: finished (2ms, 19cycles)
Sun May 18 02:54:43 CEST 2014: 3: Solution found.
Sun May 18 02:54:43 CEST 2014: 4: finished (14ms, 146cycles)
Sun May 18 02:54:43 CEST 2014: 4: Solution found.
Sun May 18 02:54:43 CEST 2014: 5: finished (56ms, 500cycles)
Sun May 18 02:54:43 CEST 2014: 5: No solution found.
Sun May 18 02:54:43 CEST 2014: 6: finished (42ms, 500cycles)
Sun May 18 02:54:43 CEST 2014: 6: No solution found.
Sun May 18 02:54:43 CEST 2014: 7: finished (6ms, 64cycles)
Sun May 18 02:54:43 CEST 2014: 7: Solution found.
Sun May 18 02:54:43 CEST 2014: 8: finished (1ms, 17cycles)
Sun May 18 02:54:43 CEST 2014: 8: Solution found.
Sun May 18 02:54:43 CEST 2014: 9: finished (1ms, 8cycles)
Sun May 18 02:54:43 CEST 2014: 9: Solution found.
Sun May 18 02:54:43 CEST 2014: 10: finished (7ms, 52cycles)
Sun May 18 02:54:43 CEST 2014: 10: Solution found.
Sun May 18 02:54:43 CEST 2014: 11: finished (1ms, 13cycles)
Sun May 18 02:54:43 CEST 2014: 11: Solution found.
Sun May 18 02:54:43 CEST 2014: 12: finished (47ms, 500cycles)
Sun May 18 02:54:43 CEST 2014: 12: No solution found.
Sun May 18 02:54:43 CEST 2014: 13: finished (7ms, 64cycles)
Sun May 18 02:54:43 CEST 2014: 13: Solution found.
Sun May 18 02:54:43 CEST 2014: 14: finished (49ms, 500cycles)
Sun May 18 02:54:43 CEST 2014: 14: No solution found.
Sun May 18 02:54:43 CEST 2014: 15: finished (3ms, 35cycles)
Sun May 18 02:54:43 CEST 2014: 15: Solution found.
Sun May 18 02:54:43 CEST 2014: 16: finished (42ms, 500cycles)
Sun May 18 02:54:43 CEST 2014: 16: No solution found.
Sun May 18 02:54:43 CEST 2014: 17: finished (45ms, 500cycles)
Sun May 18 02:54:43 CEST 2014: 17: No solution found.
Sun May 18 02:54:43 CEST 2014: 18: finished (41ms, 500cycles)
Sun May 18 02:54:43 CEST 2014: 18: No solution found.
Sun May 18 02:54:43 CEST 2014: 19: finished (3ms, 26cycles)
Sun May 18 02:54:43 CEST 2014: 19: Solution found.
Sun May 18 02:54:43 CEST 2014: 20: finished (45ms, 500cycles)
Sun May 18 02:54:43 CEST 2014: 20: No solution found.
Sun May 18 02:54:44 CEST 2014: 21: finished (42ms, 500cycles)
Sun May 18 02:54:44 CEST 2014: 21: No solution found.
Sun May 18 02:54:44 CEST 2014: 22: finished (44ms, 500cycles)
Sun May 18 02:54:44 CEST 2014: 22: No solution found.
Sun May 18 02:54:44 CEST 2014: 23: finished (41ms, 500cycles)
Sun May 18 02:54:44 CEST 2014: 23: No solution found.
Sun May 18 02:54:44 CEST 2014: 24: finished (44ms, 500cycles)
Sun May 18 02:54:44 CEST 2014: 24: No solution found.
Sun May 18 02:54:44 CEST 2014: 25: finished (43ms, 500cycles)
Sun May 18 02:54:44 CEST 2014: 25: No solution found.
Sun May 18 02:54:44 CEST 2014: 26: finished (3ms, 27cycles)
Sun May 18 02:54:44 CEST 2014: 26: Solution found.
Sun May 18 02:54:44 CEST 2014: 27: finished (43ms, 500cycles)
Sun May 18 02:54:44 CEST 2014: 27: No solution found.
Sun May 18 02:54:44 CEST 2014: 28: finished (12ms, 133cycles)
Sun May 18 02:54:44 CEST 2014: 28: Solution found.
Sun May 18 02:54:44 CEST 2014: 29: finished (44ms, 500cycles)
Sun May 18 02:54:44 CEST 2014: 29: No solution found.
Sun May 18 02:54:44 CEST 2014: 30: finished (42ms, 500cycles)
Sun May 18 02:54:44 CEST 2014: 30: No solution found.
Sun May 18 02:54:44 CEST 2014: 31: finished (44ms, 500cycles)
Sun May 18 02:54:44 CEST 2014: 31: No solution found.
Sun May 18 02:54:44 CEST 2014: 32: finished (38ms, 500cycles)
Sun May 18 02:54:44 CEST 2014: 32: No solution found.
Sun May 18 02:54:44 CEST 2014: 33: finished (1ms, 8cycles)
Sun May 18 02:54:44 CEST 2014: 33: Solution found.
Sun May 18 02:54:44 CEST 2014: 34: finished (49ms, 500cycles)
Sun May 18 02:54:44 CEST 2014: 34: No solution found.
Sun May 18 02:54:44 CEST 2014: 35: finished (45ms, 500cycles)
Sun May 18 02:54:44 CEST 2014: 35: No solution found.
Sun May 18 02:54:44 CEST 2014: 36: finished (44ms, 500cycles)
Sun May 18 02:54:44 CEST 2014: 36: No solution found.
Sun May 18 02:54:44 CEST 2014: 37: finished (54ms, 500cycles)
Sun May 18 02:54:44 CEST 2014: 37: No solution found.
Sun May 18 02:54:44 CEST 2014: 38: finished (4ms, 38cycles)
Sun May 18 02:54:44 CEST 2014: 38: Solution found.
Sun May 18 02:54:44 CEST 2014: 39: finished (46ms, 500cycles)
Sun May 18 02:54:44 CEST 2014: 39: No solution found.
Sun May 18 02:54:44 CEST 2014: 40: finished (39ms, 500cycles)
Sun May 18 02:54:44 CEST 2014: 40: No solution found.
Sun May 18 02:54:44 CEST 2014: 41: finished (53ms, 500cycles)
Sun May 18 02:54:44 CEST 2014: 41: No solution found.
Sun May 18 02:54:44 CEST 2014: 42: finished (39ms, 500cycles)
Sun May 18 02:54:44 CEST 2014: 42: No solution found.
Sun May 18 02:54:44 CEST 2014: 43: finished (6ms, 60cycles)
Sun May 18 02:54:44 CEST 2014: 43: Solution found.
Sun May 18 02:54:44 CEST 2014: 44: finished (3ms, 30cycles)
Sun May 18 02:54:44 CEST 2014: 44: Solution found.
Sun May 18 02:54:44 CEST 2014: 45: finished (7ms, 88cycles)
Sun May 18 02:54:44 CEST 2014: 45: Solution found.
Sun May 18 02:54:44 CEST 2014: 46: finished (37ms, 500cycles)
Sun May 18 02:54:44 CEST 2014: 46: No solution found.
Sun May 18 02:54:44 CEST 2014: 47: finished (41ms, 500cycles)
Sun May 18 02:54:44 CEST 2014: 47: No solution found.
Sun May 18 02:54:44 CEST 2014: 48: finished (45ms, 500cycles)
Sun May 18 02:54:44 CEST 2014: 48: No solution found.
Sun May 18 02:54:44 CEST 2014: 49: finished (39ms, 500cycles)
Sun May 18 02:54:44 CEST 2014: 49: No solution found.
Sun May 18 02:54:45 CEST 2014: 50: finished (41ms, 500cycles)
Sun May 18 02:54:45 CEST 2014: 50: No solution found.
Sun May 18 02:54:45 CEST 2014: 51: finished (42ms, 500cycles)
Sun May 18 02:54:45 CEST 2014: 51: No solution found.
Sun May 18 02:54:45 CEST 2014: 52: finished (40ms, 500cycles)
Sun May 18 02:54:45 CEST 2014: 52: No solution found.
Sun May 18 02:54:45 CEST 2014: 53: finished (3ms, 31cycles)
Sun May 18 02:54:45 CEST 2014: 53: Solution found.
Sun May 18 02:54:45 CEST 2014: 54: finished (43ms, 500cycles)
Sun May 18 02:54:45 CEST 2014: 54: No solution found.
Sun May 18 02:54:45 CEST 2014: 55: finished (5ms, 49cycles)
Sun May 18 02:54:45 CEST 2014: 55: Solution found.
Sun May 18 02:54:45 CEST 2014: 56: finished (43ms, 500cycles)
Sun May 18 02:54:45 CEST 2014: 56: No solution found.
Sun May 18 02:54:45 CEST 2014: 57: finished (46ms, 500cycles)
Sun May 18 02:54:45 CEST 2014: 57: No solution found.
Sun May 18 02:54:45 CEST 2014: 58: finished (11ms, 120cycles)
Sun May 18 02:54:45 CEST 2014: 58: Solution found.
Sun May 18 02:54:45 CEST 2014: 59: finished (6ms, 50cycles)
Sun May 18 02:54:45 CEST 2014: 59: Solution found.
Sun May 18 02:54:45 CEST 2014: 60: finished (38ms, 500cycles)
Sun May 18 02:54:45 CEST 2014: 60: No solution found.
Sun May 18 02:54:45 CEST 2014: 61: finished (4ms, 46cycles)
Sun May 18 02:54:45 CEST 2014: 61: Solution found.
Sun May 18 02:54:45 CEST 2014: 62: finished (3ms, 38cycles)
Sun May 18 02:54:45 CEST 2014: 62: Solution found.
Sun May 18 02:54:45 CEST 2014: 63: finished (8ms, 83cycles)
Sun May 18 02:54:45 CEST 2014: 63: Solution found.
Sun May 18 02:54:45 CEST 2014: 64: finished (40ms, 500cycles)
Sun May 18 02:54:45 CEST 2014: 64: No solution found.
Sun May 18 02:54:45 CEST 2014: 65: finished (49ms, 500cycles)
Sun May 18 02:54:45 CEST 2014: 65: No solution found.
Sun May 18 02:54:45 CEST 2014: 66: finished (46ms, 500cycles)
Sun May 18 02:54:45 CEST 2014: 66: No solution found.
Sun May 18 02:54:45 CEST 2014: 67: finished (36ms, 500cycles)
Sun May 18 02:54:45 CEST 2014: 67: No solution found.
Sun May 18 02:54:45 CEST 2014: 68: finished (1ms, 4cycles)
Sun May 18 02:54:45 CEST 2014: 68: Solution found.
Sun May 18 02:54:45 CEST 2014: 69: finished (46ms, 500cycles)
Sun May 18 02:54:45 CEST 2014: 69: No solution found.
Sun May 18 02:54:45 CEST 2014: 70: finished (49ms, 500cycles)
Sun May 18 02:54:45 CEST 2014: 70: No solution found.
Sun May 18 02:54:45 CEST 2014: 71: finished (5ms, 42cycles)
Sun May 18 02:54:45 CEST 2014: 71: Solution found.
Sun May 18 02:54:45 CEST 2014: 72: finished (58ms, 500cycles)
Sun May 18 02:54:45 CEST 2014: 72: No solution found.
Sun May 18 02:54:45 CEST 2014: 73: finished (8ms, 80cycles)
Sun May 18 02:54:45 CEST 2014: 73: Solution found.
Sun May 18 02:54:45 CEST 2014: 74: finished (40ms, 500cycles)
Sun May 18 02:54:45 CEST 2014: 74: No solution found.
Sun May 18 02:54:45 CEST 2014: 75: finished (48ms, 500cycles)
Sun May 18 02:54:45 CEST 2014: 75: No solution found.
Sun May 18 02:54:45 CEST 2014: 76: finished (49ms, 500cycles)
Sun May 18 02:54:45 CEST 2014: 76: No solution found.
Sun May 18 02:54:45 CEST 2014: 77: finished (55ms, 500cycles)
Sun May 18 02:54:45 CEST 2014: 77: No solution found.
Sun May 18 02:54:45 CEST 2014: 78: finished (2ms, 17cycles)
Sun May 18 02:54:45 CEST 2014: 78: Solution found.
Sun May 18 02:54:45 CEST 2014: 79: finished (41ms, 500cycles)
Sun May 18 02:54:45 CEST 2014: 79: No solution found.
Sun May 18 02:54:45 CEST 2014: 80: finished (42ms, 500cycles)
Sun May 18 02:54:45 CEST 2014: 80: No solution found.
Sun May 18 02:54:45 CEST 2014: 81: finished (41ms, 500cycles)
Sun May 18 02:54:45 CEST 2014: 81: No solution found.
Sun May 18 02:54:45 CEST 2014: 82: finished (3ms, 33cycles)
Sun May 18 02:54:45 CEST 2014: 82: Solution found.
Sun May 18 02:54:45 CEST 2014: 83: finished (39ms, 500cycles)
Sun May 18 02:54:45 CEST 2014: 83: No solution found.
Sun May 18 02:54:46 CEST 2014: 84: finished (46ms, 500cycles)
Sun May 18 02:54:46 CEST 2014: 84: No solution found.
Sun May 18 02:54:46 CEST 2014: 85: finished (39ms, 500cycles)
Sun May 18 02:54:46 CEST 2014: 85: No solution found.
Sun May 18 02:54:46 CEST 2014: 86: finished (40ms, 500cycles)
Sun May 18 02:54:46 CEST 2014: 86: No solution found.
Sun May 18 02:54:46 CEST 2014: 87: finished (45ms, 500cycles)
Sun May 18 02:54:46 CEST 2014: 87: No solution found.
Sun May 18 02:54:46 CEST 2014: 88: finished (44ms, 500cycles)
Sun May 18 02:54:46 CEST 2014: 88: No solution found.
Sun May 18 02:54:46 CEST 2014: 89: finished (12ms, 131cycles)
Sun May 18 02:54:46 CEST 2014: 89: Solution found.
Sun May 18 02:54:46 CEST 2014: 90: finished (39ms, 500cycles)
Sun May 18 02:54:46 CEST 2014: 90: No solution found.
Sun May 18 02:54:46 CEST 2014: 91: finished (13ms, 148cycles)
Sun May 18 02:54:46 CEST 2014: 91: Solution found.
Sun May 18 02:54:46 CEST 2014: 92: finished (39ms, 500cycles)
Sun May 18 02:54:46 CEST 2014: 92: No solution found.
Sun May 18 02:54:46 CEST 2014: 93: finished (47ms, 500cycles)
Sun May 18 02:54:46 CEST 2014: 93: No solution found.
Sun May 18 02:54:46 CEST 2014: 94: finished (2ms, 19cycles)
Sun May 18 02:54:46 CEST 2014: 94: Solution found.
Sun May 18 02:54:46 CEST 2014: 95: finished (3ms, 32cycles)
Sun May 18 02:54:46 CEST 2014: 95: Solution found.
Sun May 18 02:54:46 CEST 2014: 96: finished (3ms, 29cycles)
Sun May 18 02:54:46 CEST 2014: 96: Solution found.
Sun May 18 02:54:46 CEST 2014: 97: finished (44ms, 500cycles)
Sun May 18 02:54:46 CEST 2014: 97: No solution found.
Sun May 18 02:54:46 CEST 2014: 98: finished (50ms, 500cycles)
Sun May 18 02:54:46 CEST 2014: 98: No solution found.
Sun May 18 02:54:46 CEST 2014: 99: finished (26ms, 301cycles)
Sun May 18 02:54:46 CEST 2014: 99: Solution found.
Sun May 18 02:54:46 CEST 2014: Solution Found: 36
Sun May 18 02:54:46 CEST 2014: Avg cycles: 59
Sun May 18 02:54:46 CEST 2014: Max cycles: 301
Sun May 18 02:54:46 CEST 2014: Min cycles: 4
Sun May 18 02:54:46 CEST 2014: No solution found: 64
Sun May 18 02:54:46 CEST 2014: logging finished. (runtime: 3033ms)
