Tue May 06 14:00:14 CEST 2014: Problem Count: 30
Tue May 06 14:00:14 CEST 2014: CandidatesCount: 30
Tue May 06 14:00:14 CEST 2014: Max Cycles: 500
Tue May 06 14:00:14 CEST 2014: 0: finished (4ms, 15cycles)
Tue May 06 14:00:14 CEST 2014: 0: Solution found.
Tue May 06 14:00:14 CEST 2014: 1: finished (94ms, 500cycles)
Tue May 06 14:00:14 CEST 2014: 1: No solution found.
Tue May 06 14:00:14 CEST 2014: 2: finished (84ms, 500cycles)
Tue May 06 14:00:14 CEST 2014: 2: No solution found.
Tue May 06 14:00:14 CEST 2014: 3: finished (82ms, 500cycles)
Tue May 06 14:00:14 CEST 2014: 3: No solution found.
Tue May 06 14:00:14 CEST 2014: 4: finished (6ms, 30cycles)
Tue May 06 14:00:14 CEST 2014: 4: Solution found.
Tue May 06 14:00:14 CEST 2014: 5: finished (2ms, 9cycles)
Tue May 06 14:00:14 CEST 2014: 5: Solution found.
Tue May 06 14:00:14 CEST 2014: 6: finished (215ms, 500cycles)
Tue May 06 14:00:14 CEST 2014: 6: No solution found.
Tue May 06 14:00:14 CEST 2014: 7: finished (3ms, 10cycles)
Tue May 06 14:00:14 CEST 2014: 7: Solution found.
Tue May 06 14:00:14 CEST 2014: 8: finished (87ms, 500cycles)
Tue May 06 14:00:14 CEST 2014: 8: No solution found.
Tue May 06 14:00:14 CEST 2014: 9: finished (203ms, 500cycles)
Tue May 06 14:00:14 CEST 2014: 9: No solution found.
Tue May 06 14:00:14 CEST 2014: 10: finished (86ms, 500cycles)
Tue May 06 14:00:14 CEST 2014: 10: No solution found.
Tue May 06 14:00:15 CEST 2014: 11: finished (83ms, 500cycles)
Tue May 06 14:00:15 CEST 2014: 11: No solution found.
Tue May 06 14:00:15 CEST 2014: 12: finished (93ms, 500cycles)
Tue May 06 14:00:15 CEST 2014: 12: No solution found.
Tue May 06 14:00:15 CEST 2014: 13: finished (94ms, 500cycles)
Tue May 06 14:00:15 CEST 2014: 13: No solution found.
Tue May 06 14:00:15 CEST 2014: 14: finished (2ms, 8cycles)
Tue May 06 14:00:15 CEST 2014: 14: Solution found.
Tue May 06 14:00:15 CEST 2014: 15: finished (4ms, 23cycles)
Tue May 06 14:00:15 CEST 2014: 15: Solution found.
Tue May 06 14:00:15 CEST 2014: 16: finished (89ms, 500cycles)
Tue May 06 14:00:15 CEST 2014: 16: No solution found.
Tue May 06 14:00:15 CEST 2014: 17: finished (4ms, 17cycles)
Tue May 06 14:00:15 CEST 2014: 17: Solution found.
Tue May 06 14:00:15 CEST 2014: 18: finished (18ms, 97cycles)
Tue May 06 14:00:15 CEST 2014: 18: Solution found.
Tue May 06 14:00:15 CEST 2014: 19: finished (92ms, 500cycles)
Tue May 06 14:00:15 CEST 2014: 19: No solution found.
Tue May 06 14:00:15 CEST 2014: 20: finished (6ms, 30cycles)
Tue May 06 14:00:15 CEST 2014: 20: Solution found.
Tue May 06 14:00:15 CEST 2014: 21: finished (89ms, 500cycles)
Tue May 06 14:00:15 CEST 2014: 21: No solution found.
Tue May 06 14:00:15 CEST 2014: 22: finished (2ms, 11cycles)
Tue May 06 14:00:15 CEST 2014: 22: Solution found.
Tue May 06 14:00:15 CEST 2014: 23: finished (4ms, 20cycles)
Tue May 06 14:00:15 CEST 2014: 23: Solution found.
Tue May 06 14:00:15 CEST 2014: 24: finished (93ms, 500cycles)
Tue May 06 14:00:15 CEST 2014: 24: No solution found.
Tue May 06 14:00:15 CEST 2014: 25: finished (2ms, 7cycles)
Tue May 06 14:00:15 CEST 2014: 25: Solution found.
Tue May 06 14:00:15 CEST 2014: 26: finished (95ms, 500cycles)
Tue May 06 14:00:15 CEST 2014: 26: No solution found.
Tue May 06 14:00:15 CEST 2014: 27: finished (6ms, 27cycles)
Tue May 06 14:00:15 CEST 2014: 27: Solution found.
Tue May 06 14:00:15 CEST 2014: 28: finished (4ms, 18cycles)
Tue May 06 14:00:15 CEST 2014: 28: Solution found.
Tue May 06 14:00:15 CEST 2014: 29: finished (102ms, 500cycles)
Tue May 06 14:00:15 CEST 2014: 29: No solution found.
Tue May 06 14:00:15 CEST 2014: 30: finished (12ms, 63cycles)
Tue May 06 14:00:15 CEST 2014: 30: Solution found.
Tue May 06 14:00:15 CEST 2014: 31: finished (89ms, 500cycles)
Tue May 06 14:00:15 CEST 2014: 31: No solution found.
Tue May 06 14:00:16 CEST 2014: 32: finished (94ms, 500cycles)
Tue May 06 14:00:16 CEST 2014: 32: No solution found.
Tue May 06 14:00:16 CEST 2014: 33: finished (91ms, 500cycles)
Tue May 06 14:00:16 CEST 2014: 33: No solution found.
Tue May 06 14:00:16 CEST 2014: 34: finished (89ms, 500cycles)
Tue May 06 14:00:16 CEST 2014: 34: No solution found.
Tue May 06 14:00:16 CEST 2014: 35: finished (38ms, 198cycles)
Tue May 06 14:00:16 CEST 2014: 35: Solution found.
Tue May 06 14:00:16 CEST 2014: 36: finished (80ms, 500cycles)
Tue May 06 14:00:16 CEST 2014: 36: No solution found.
Tue May 06 14:00:16 CEST 2014: 37: finished (3ms, 11cycles)
Tue May 06 14:00:16 CEST 2014: 37: Solution found.
Tue May 06 14:00:16 CEST 2014: 38: finished (92ms, 500cycles)
Tue May 06 14:00:16 CEST 2014: 38: No solution found.
Tue May 06 14:00:16 CEST 2014: 39: finished (5ms, 22cycles)
Tue May 06 14:00:16 CEST 2014: 39: Solution found.
Tue May 06 14:00:16 CEST 2014: 40: finished (84ms, 500cycles)
Tue May 06 14:00:16 CEST 2014: 40: No solution found.
Tue May 06 14:00:16 CEST 2014: 41: finished (9ms, 45cycles)
Tue May 06 14:00:16 CEST 2014: 41: Solution found.
Tue May 06 14:00:16 CEST 2014: 42: finished (7ms, 31cycles)
Tue May 06 14:00:16 CEST 2014: 42: Solution found.
Tue May 06 14:00:16 CEST 2014: 43: finished (93ms, 500cycles)
Tue May 06 14:00:16 CEST 2014: 43: No solution found.
Tue May 06 14:00:16 CEST 2014: 44: finished (7ms, 28cycles)
Tue May 06 14:00:16 CEST 2014: 44: Solution found.
Tue May 06 14:00:16 CEST 2014: 45: finished (87ms, 500cycles)
Tue May 06 14:00:16 CEST 2014: 45: No solution found.
Tue May 06 14:00:16 CEST 2014: 46: finished (1ms, 6cycles)
Tue May 06 14:00:16 CEST 2014: 46: Solution found.
Tue May 06 14:00:16 CEST 2014: 47: finished (82ms, 500cycles)
Tue May 06 14:00:16 CEST 2014: 47: No solution found.
Tue May 06 14:00:16 CEST 2014: 48: finished (86ms, 500cycles)
Tue May 06 14:00:16 CEST 2014: 48: No solution found.
Tue May 06 14:00:16 CEST 2014: 49: finished (5ms, 25cycles)
Tue May 06 14:00:16 CEST 2014: 49: Solution found.
Tue May 06 14:00:17 CEST 2014: 50: finished (87ms, 500cycles)
Tue May 06 14:00:17 CEST 2014: 50: No solution found.
Tue May 06 14:00:17 CEST 2014: 51: finished (88ms, 500cycles)
Tue May 06 14:00:17 CEST 2014: 51: No solution found.
Tue May 06 14:00:17 CEST 2014: 52: finished (94ms, 500cycles)
Tue May 06 14:00:17 CEST 2014: 52: No solution found.
Tue May 06 14:00:17 CEST 2014: 53: finished (13ms, 55cycles)
Tue May 06 14:00:17 CEST 2014: 53: Solution found.
Tue May 06 14:00:17 CEST 2014: 54: finished (89ms, 500cycles)
Tue May 06 14:00:17 CEST 2014: 54: No solution found.
Tue May 06 14:00:17 CEST 2014: 55: finished (83ms, 500cycles)
Tue May 06 14:00:17 CEST 2014: 55: No solution found.
Tue May 06 14:00:17 CEST 2014: 56: finished (6ms, 23cycles)
Tue May 06 14:00:17 CEST 2014: 56: Solution found.
Tue May 06 14:00:17 CEST 2014: 57: finished (85ms, 500cycles)
Tue May 06 14:00:17 CEST 2014: 57: No solution found.
Tue May 06 14:00:17 CEST 2014: 58: finished (95ms, 500cycles)
Tue May 06 14:00:17 CEST 2014: 58: No solution found.
Tue May 06 14:00:17 CEST 2014: 59: finished (3ms, 16cycles)
Tue May 06 14:00:17 CEST 2014: 59: Solution found.
Tue May 06 14:00:17 CEST 2014: 60: finished (83ms, 500cycles)
Tue May 06 14:00:17 CEST 2014: 60: No solution found.
Tue May 06 14:00:17 CEST 2014: 61: finished (4ms, 18cycles)
Tue May 06 14:00:17 CEST 2014: 61: Solution found.
Tue May 06 14:00:17 CEST 2014: 62: finished (8ms, 38cycles)
Tue May 06 14:00:17 CEST 2014: 62: Solution found.
Tue May 06 14:00:17 CEST 2014: 63: finished (85ms, 500cycles)
Tue May 06 14:00:17 CEST 2014: 63: No solution found.
Tue May 06 14:00:17 CEST 2014: 64: finished (5ms, 26cycles)
Tue May 06 14:00:17 CEST 2014: 64: Solution found.
Tue May 06 14:00:17 CEST 2014: 65: finished (84ms, 500cycles)
Tue May 06 14:00:17 CEST 2014: 65: No solution found.
Tue May 06 14:00:17 CEST 2014: 66: finished (85ms, 500cycles)
Tue May 06 14:00:17 CEST 2014: 66: No solution found.
Tue May 06 14:00:17 CEST 2014: 67: finished (7ms, 36cycles)
Tue May 06 14:00:17 CEST 2014: 67: Solution found.
Tue May 06 14:00:17 CEST 2014: 68: finished (4ms, 16cycles)
Tue May 06 14:00:17 CEST 2014: 68: Solution found.
Tue May 06 14:00:18 CEST 2014: 69: finished (91ms, 500cycles)
Tue May 06 14:00:18 CEST 2014: 69: No solution found.
Tue May 06 14:00:18 CEST 2014: 70: finished (2ms, 6cycles)
Tue May 06 14:00:18 CEST 2014: 70: Solution found.
Tue May 06 14:00:18 CEST 2014: 71: finished (83ms, 500cycles)
Tue May 06 14:00:18 CEST 2014: 71: No solution found.
Tue May 06 14:00:18 CEST 2014: 72: finished (2ms, 9cycles)
Tue May 06 14:00:18 CEST 2014: 72: Solution found.
Tue May 06 14:00:18 CEST 2014: 73: finished (89ms, 500cycles)
Tue May 06 14:00:18 CEST 2014: 73: No solution found.
Tue May 06 14:00:18 CEST 2014: 74: finished (59ms, 248cycles)
Tue May 06 14:00:18 CEST 2014: 74: Solution found.
Tue May 06 14:00:18 CEST 2014: 75: finished (84ms, 500cycles)
Tue May 06 14:00:18 CEST 2014: 75: No solution found.
Tue May 06 14:00:18 CEST 2014: 76: finished (3ms, 12cycles)
Tue May 06 14:00:18 CEST 2014: 76: Solution found.
Tue May 06 14:00:18 CEST 2014: 77: finished (124ms, 500cycles)
Tue May 06 14:00:18 CEST 2014: 77: No solution found.
Tue May 06 14:00:18 CEST 2014: 78: finished (8ms, 37cycles)
Tue May 06 14:00:18 CEST 2014: 78: Solution found.
Tue May 06 14:00:18 CEST 2014: 79: finished (3ms, 14cycles)
Tue May 06 14:00:18 CEST 2014: 79: Solution found.
Tue May 06 14:00:18 CEST 2014: 80: finished (1ms, 3cycles)
Tue May 06 14:00:18 CEST 2014: 80: Solution found.
Tue May 06 14:00:18 CEST 2014: 81: finished (2ms, 8cycles)
Tue May 06 14:00:18 CEST 2014: 81: Solution found.
Tue May 06 14:00:18 CEST 2014: 82: finished (5ms, 23cycles)
Tue May 06 14:00:18 CEST 2014: 82: Solution found.
Tue May 06 14:00:18 CEST 2014: 83: finished (100ms, 500cycles)
Tue May 06 14:00:18 CEST 2014: 83: No solution found.
Tue May 06 14:00:18 CEST 2014: 84: finished (10ms, 57cycles)
Tue May 06 14:00:18 CEST 2014: 84: Solution found.
Tue May 06 14:00:18 CEST 2014: 85: finished (82ms, 500cycles)
Tue May 06 14:00:18 CEST 2014: 85: No solution found.
Tue May 06 14:00:18 CEST 2014: 86: finished (82ms, 500cycles)
Tue May 06 14:00:18 CEST 2014: 86: No solution found.
Tue May 06 14:00:18 CEST 2014: 87: finished (97ms, 500cycles)
Tue May 06 14:00:18 CEST 2014: 87: No solution found.
Tue May 06 14:00:18 CEST 2014: 88: finished (100ms, 500cycles)
Tue May 06 14:00:18 CEST 2014: 88: No solution found.
Tue May 06 14:00:18 CEST 2014: 89: finished (6ms, 25cycles)
Tue May 06 14:00:18 CEST 2014: 89: Solution found.
Tue May 06 14:00:18 CEST 2014: 90: finished (3ms, 14cycles)
Tue May 06 14:00:18 CEST 2014: 90: Solution found.
Tue May 06 14:00:18 CEST 2014: 91: finished (7ms, 41cycles)
Tue May 06 14:00:18 CEST 2014: 91: Solution found.
Tue May 06 14:00:19 CEST 2014: 92: finished (100ms, 500cycles)
Tue May 06 14:00:19 CEST 2014: 92: No solution found.
Tue May 06 14:00:19 CEST 2014: 93: finished (98ms, 500cycles)
Tue May 06 14:00:19 CEST 2014: 93: No solution found.
Tue May 06 14:00:19 CEST 2014: 94: finished (37ms, 171cycles)
Tue May 06 14:00:19 CEST 2014: 94: Solution found.
Tue May 06 14:00:19 CEST 2014: 95: finished (92ms, 500cycles)
Tue May 06 14:00:19 CEST 2014: 95: No solution found.
Tue May 06 14:00:19 CEST 2014: 96: finished (73ms, 346cycles)
Tue May 06 14:00:19 CEST 2014: 96: Solution found.
Tue May 06 14:00:19 CEST 2014: 97: finished (88ms, 500cycles)
Tue May 06 14:00:19 CEST 2014: 97: No solution found.
Tue May 06 14:00:19 CEST 2014: 98: finished (43ms, 217cycles)
Tue May 06 14:00:19 CEST 2014: 98: Solution found.
Tue May 06 14:00:19 CEST 2014: 99: finished (14ms, 54cycles)
Tue May 06 14:00:19 CEST 2014: 99: Solution found.
Tue May 06 14:00:19 CEST 2014: Solution Found: 48
Tue May 06 14:00:19 CEST 2014: Avg cycles: 47
Tue May 06 14:00:19 CEST 2014: Max cycles: 346
Tue May 06 14:00:19 CEST 2014: Min cycles: 3
Tue May 06 14:00:19 CEST 2014: No solution found: 52
Tue May 06 14:00:19 CEST 2014: logging finished. (runtime: 5410ms)
