Tue May 06 10:45:05 CEST 2014: Problem Count: 30
Tue May 06 10:45:05 CEST 2014: CandidatesCount: 30
Tue May 06 10:45:05 CEST 2014: Max Cycles: 500
Tue May 06 10:45:05 CEST 2014: 0: finished (1ms, 4cycles)
Tue May 06 10:45:05 CEST 2014: 0: Solution found.
Tue May 06 10:45:05 CEST 2014: 1: finished (86ms, 500cycles)
Tue May 06 10:45:05 CEST 2014: 1: No solution found.
Tue May 06 10:45:05 CEST 2014: 2: finished (5ms, 20cycles)
Tue May 06 10:45:05 CEST 2014: 2: Solution found.
Tue May 06 10:45:06 CEST 2014: 3: finished (102ms, 500cycles)
Tue May 06 10:45:06 CEST 2014: 3: No solution found.
Tue May 06 10:45:06 CEST 2014: 4: finished (89ms, 500cycles)
Tue May 06 10:45:06 CEST 2014: 4: No solution found.
Tue May 06 10:45:06 CEST 2014: 5: finished (99ms, 500cycles)
Tue May 06 10:45:06 CEST 2014: 5: No solution found.
Tue May 06 10:45:06 CEST 2014: 6: finished (95ms, 500cycles)
Tue May 06 10:45:06 CEST 2014: 6: No solution found.
Tue May 06 10:45:06 CEST 2014: 7: finished (109ms, 500cycles)
Tue May 06 10:45:06 CEST 2014: 7: No solution found.
Tue May 06 10:45:06 CEST 2014: 8: finished (6ms, 29cycles)
Tue May 06 10:45:06 CEST 2014: 8: Solution found.
Tue May 06 10:45:06 CEST 2014: 9: finished (193ms, 500cycles)
Tue May 06 10:45:06 CEST 2014: 9: No solution found.
Tue May 06 10:45:06 CEST 2014: 10: finished (4ms, 12cycles)
Tue May 06 10:45:06 CEST 2014: 10: Solution found.
Tue May 06 10:45:06 CEST 2014: 11: finished (7ms, 17cycles)
Tue May 06 10:45:06 CEST 2014: 11: Solution found.
Tue May 06 10:45:06 CEST 2014: 12: finished (97ms, 500cycles)
Tue May 06 10:45:06 CEST 2014: 12: No solution found.
Tue May 06 10:45:06 CEST 2014: 13: finished (2ms, 5cycles)
Tue May 06 10:45:06 CEST 2014: 13: Solution found.
Tue May 06 10:45:06 CEST 2014: 14: finished (12ms, 63cycles)
Tue May 06 10:45:06 CEST 2014: 14: Solution found.
Tue May 06 10:45:06 CEST 2014: 15: finished (11ms, 49cycles)
Tue May 06 10:45:06 CEST 2014: 15: Solution found.
Tue May 06 10:45:06 CEST 2014: 16: finished (3ms, 16cycles)
Tue May 06 10:45:06 CEST 2014: 16: Solution found.
Tue May 06 10:45:06 CEST 2014: 17: finished (11ms, 55cycles)
Tue May 06 10:45:06 CEST 2014: 17: Solution found.
Tue May 06 10:45:06 CEST 2014: 18: finished (2ms, 8cycles)
Tue May 06 10:45:06 CEST 2014: 18: Solution found.
Tue May 06 10:45:06 CEST 2014: 19: finished (3ms, 10cycles)
Tue May 06 10:45:06 CEST 2014: 19: Solution found.
Tue May 06 10:45:06 CEST 2014: 20: finished (102ms, 500cycles)
Tue May 06 10:45:06 CEST 2014: 20: No solution found.
Tue May 06 10:45:06 CEST 2014: 21: finished (3ms, 10cycles)
Tue May 06 10:45:06 CEST 2014: 21: Solution found.
Tue May 06 10:45:06 CEST 2014: 22: finished (17ms, 85cycles)
Tue May 06 10:45:06 CEST 2014: 22: Solution found.
Tue May 06 10:45:06 CEST 2014: 23: finished (4ms, 16cycles)
Tue May 06 10:45:06 CEST 2014: 23: Solution found.
Tue May 06 10:45:07 CEST 2014: 24: finished (88ms, 500cycles)
Tue May 06 10:45:07 CEST 2014: 24: No solution found.
Tue May 06 10:45:07 CEST 2014: 25: finished (4ms, 20cycles)
Tue May 06 10:45:07 CEST 2014: 25: Solution found.
Tue May 06 10:45:07 CEST 2014: 26: finished (108ms, 500cycles)
Tue May 06 10:45:07 CEST 2014: 26: No solution found.
Tue May 06 10:45:07 CEST 2014: 27: finished (107ms, 500cycles)
Tue May 06 10:45:07 CEST 2014: 27: No solution found.
Tue May 06 10:45:07 CEST 2014: 28: finished (10ms, 53cycles)
Tue May 06 10:45:07 CEST 2014: 28: Solution found.
Tue May 06 10:45:07 CEST 2014: 29: finished (5ms, 21cycles)
Tue May 06 10:45:07 CEST 2014: 29: Solution found.
Tue May 06 10:45:07 CEST 2014: 30: finished (2ms, 8cycles)
Tue May 06 10:45:07 CEST 2014: 30: Solution found.
Tue May 06 10:45:07 CEST 2014: 31: finished (88ms, 500cycles)
Tue May 06 10:45:07 CEST 2014: 31: No solution found.
Tue May 06 10:45:07 CEST 2014: 32: finished (80ms, 500cycles)
Tue May 06 10:45:07 CEST 2014: 32: No solution found.
Tue May 06 10:45:07 CEST 2014: 33: finished (82ms, 500cycles)
Tue May 06 10:45:07 CEST 2014: 33: No solution found.
Tue May 06 10:45:07 CEST 2014: 34: finished (8ms, 41cycles)
Tue May 06 10:45:07 CEST 2014: 34: Solution found.
Tue May 06 10:45:07 CEST 2014: 35: finished (42ms, 200cycles)
Tue May 06 10:45:07 CEST 2014: 35: Solution found.
Tue May 06 10:45:07 CEST 2014: 36: finished (97ms, 500cycles)
Tue May 06 10:45:07 CEST 2014: 36: No solution found.
Tue May 06 10:45:07 CEST 2014: 37: finished (10ms, 49cycles)
Tue May 06 10:45:07 CEST 2014: 37: Solution found.
Tue May 06 10:45:07 CEST 2014: 38: finished (87ms, 500cycles)
Tue May 06 10:45:07 CEST 2014: 38: No solution found.
Tue May 06 10:45:07 CEST 2014: 39: finished (2ms, 6cycles)
Tue May 06 10:45:07 CEST 2014: 39: Solution found.
Tue May 06 10:45:07 CEST 2014: 40: finished (4ms, 18cycles)
Tue May 06 10:45:07 CEST 2014: 40: Solution found.
Tue May 06 10:45:07 CEST 2014: 41: finished (87ms, 500cycles)
Tue May 06 10:45:07 CEST 2014: 41: No solution found.
Tue May 06 10:45:07 CEST 2014: 42: finished (90ms, 500cycles)
Tue May 06 10:45:07 CEST 2014: 42: No solution found.
Tue May 06 10:45:07 CEST 2014: 43: finished (5ms, 20cycles)
Tue May 06 10:45:07 CEST 2014: 43: Solution found.
Tue May 06 10:45:08 CEST 2014: 44: finished (90ms, 500cycles)
Tue May 06 10:45:08 CEST 2014: 44: No solution found.
Tue May 06 10:45:08 CEST 2014: 45: finished (8ms, 41cycles)
Tue May 06 10:45:08 CEST 2014: 45: Solution found.
Tue May 06 10:45:08 CEST 2014: 46: finished (9ms, 45cycles)
Tue May 06 10:45:08 CEST 2014: 46: Solution found.
Tue May 06 10:45:08 CEST 2014: 47: finished (209ms, 500cycles)
Tue May 06 10:45:08 CEST 2014: 47: No solution found.
Tue May 06 10:45:08 CEST 2014: 48: finished (81ms, 500cycles)
Tue May 06 10:45:08 CEST 2014: 48: No solution found.
Tue May 06 10:45:08 CEST 2014: 49: finished (2ms, 10cycles)
Tue May 06 10:45:08 CEST 2014: 49: Solution found.
Tue May 06 10:45:08 CEST 2014: 50: finished (15ms, 74cycles)
Tue May 06 10:45:08 CEST 2014: 50: Solution found.
Tue May 06 10:45:08 CEST 2014: 51: finished (7ms, 29cycles)
Tue May 06 10:45:08 CEST 2014: 51: Solution found.
Tue May 06 10:45:08 CEST 2014: 52: finished (114ms, 500cycles)
Tue May 06 10:45:08 CEST 2014: 52: No solution found.
Tue May 06 10:45:08 CEST 2014: 53: finished (7ms, 37cycles)
Tue May 06 10:45:08 CEST 2014: 53: Solution found.
Tue May 06 10:45:08 CEST 2014: 54: finished (1ms, 7cycles)
Tue May 06 10:45:08 CEST 2014: 54: Solution found.
Tue May 06 10:45:08 CEST 2014: 55: finished (103ms, 500cycles)
Tue May 06 10:45:08 CEST 2014: 55: No solution found.
Tue May 06 10:45:08 CEST 2014: 56: finished (9ms, 41cycles)
Tue May 06 10:45:08 CEST 2014: 56: Solution found.
Tue May 06 10:45:08 CEST 2014: 57: finished (168ms, 500cycles)
Tue May 06 10:45:08 CEST 2014: 57: No solution found.
Tue May 06 10:45:08 CEST 2014: 58: finished (81ms, 500cycles)
Tue May 06 10:45:08 CEST 2014: 58: No solution found.
Tue May 06 10:45:08 CEST 2014: 59: finished (5ms, 20cycles)
Tue May 06 10:45:08 CEST 2014: 59: Solution found.
Tue May 06 10:45:08 CEST 2014: 60: finished (80ms, 500cycles)
Tue May 06 10:45:08 CEST 2014: 60: No solution found.
Tue May 06 10:45:09 CEST 2014: 61: finished (95ms, 500cycles)
Tue May 06 10:45:09 CEST 2014: 61: No solution found.
Tue May 06 10:45:09 CEST 2014: 62: finished (17ms, 86cycles)
Tue May 06 10:45:09 CEST 2014: 62: Solution found.
Tue May 06 10:45:09 CEST 2014: 63: finished (85ms, 500cycles)
Tue May 06 10:45:09 CEST 2014: 63: No solution found.
Tue May 06 10:45:09 CEST 2014: 64: finished (90ms, 500cycles)
Tue May 06 10:45:09 CEST 2014: 64: No solution found.
Tue May 06 10:45:09 CEST 2014: 65: finished (98ms, 500cycles)
Tue May 06 10:45:09 CEST 2014: 65: No solution found.
Tue May 06 10:45:09 CEST 2014: 66: finished (4ms, 22cycles)
Tue May 06 10:45:09 CEST 2014: 66: Solution found.
Tue May 06 10:45:09 CEST 2014: 67: finished (9ms, 50cycles)
Tue May 06 10:45:09 CEST 2014: 67: Solution found.
Tue May 06 10:45:09 CEST 2014: 68: finished (10ms, 48cycles)
Tue May 06 10:45:09 CEST 2014: 68: Solution found.
Tue May 06 10:45:09 CEST 2014: 69: finished (112ms, 500cycles)
Tue May 06 10:45:09 CEST 2014: 69: No solution found.
Tue May 06 10:45:09 CEST 2014: 70: finished (91ms, 500cycles)
Tue May 06 10:45:09 CEST 2014: 70: No solution found.
Tue May 06 10:45:09 CEST 2014: 71: finished (99ms, 500cycles)
Tue May 06 10:45:09 CEST 2014: 71: No solution found.
Tue May 06 10:45:09 CEST 2014: 72: finished (92ms, 500cycles)
Tue May 06 10:45:09 CEST 2014: 72: No solution found.
Tue May 06 10:45:09 CEST 2014: 73: finished (84ms, 500cycles)
Tue May 06 10:45:09 CEST 2014: 73: No solution found.
Tue May 06 10:45:09 CEST 2014: 74: finished (5ms, 27cycles)
Tue May 06 10:45:09 CEST 2014: 74: Solution found.
Tue May 06 10:45:09 CEST 2014: 75: finished (83ms, 500cycles)
Tue May 06 10:45:09 CEST 2014: 75: No solution found.
Tue May 06 10:45:09 CEST 2014: 76: finished (87ms, 500cycles)
Tue May 06 10:45:09 CEST 2014: 76: No solution found.
Tue May 06 10:45:09 CEST 2014: 77: finished (3ms, 13cycles)
Tue May 06 10:45:09 CEST 2014: 77: Solution found.
Tue May 06 10:45:10 CEST 2014: 78: finished (88ms, 500cycles)
Tue May 06 10:45:10 CEST 2014: 78: No solution found.
Tue May 06 10:45:10 CEST 2014: 79: finished (5ms, 19cycles)
Tue May 06 10:45:10 CEST 2014: 79: Solution found.
Tue May 06 10:45:10 CEST 2014: 80: finished (5ms, 25cycles)
Tue May 06 10:45:10 CEST 2014: 80: Solution found.
Tue May 06 10:45:10 CEST 2014: 81: finished (11ms, 52cycles)
Tue May 06 10:45:10 CEST 2014: 81: Solution found.
Tue May 06 10:45:10 CEST 2014: 82: finished (4ms, 17cycles)
Tue May 06 10:45:10 CEST 2014: 82: Solution found.
Tue May 06 10:45:10 CEST 2014: 83: finished (140ms, 500cycles)
Tue May 06 10:45:10 CEST 2014: 83: No solution found.
Tue May 06 10:45:10 CEST 2014: 84: finished (83ms, 500cycles)
Tue May 06 10:45:10 CEST 2014: 84: No solution found.
Tue May 06 10:45:10 CEST 2014: 85: finished (8ms, 38cycles)
Tue May 06 10:45:10 CEST 2014: 85: Solution found.
Tue May 06 10:45:10 CEST 2014: 86: finished (5ms, 24cycles)
Tue May 06 10:45:10 CEST 2014: 86: Solution found.
Tue May 06 10:45:10 CEST 2014: 87: finished (92ms, 500cycles)
Tue May 06 10:45:10 CEST 2014: 87: No solution found.
Tue May 06 10:45:10 CEST 2014: 88: finished (82ms, 500cycles)
Tue May 06 10:45:10 CEST 2014: 88: No solution found.
Tue May 06 10:45:10 CEST 2014: 89: finished (85ms, 374cycles)
Tue May 06 10:45:10 CEST 2014: 89: Solution found.
Tue May 06 10:45:10 CEST 2014: 90: finished (1ms, 5cycles)
Tue May 06 10:45:10 CEST 2014: 90: Solution found.
Tue May 06 10:45:10 CEST 2014: 91: finished (101ms, 500cycles)
Tue May 06 10:45:10 CEST 2014: 91: No solution found.
Tue May 06 10:45:10 CEST 2014: 92: finished (92ms, 500cycles)
Tue May 06 10:45:10 CEST 2014: 92: No solution found.
Tue May 06 10:45:10 CEST 2014: 93: finished (109ms, 500cycles)
Tue May 06 10:45:10 CEST 2014: 93: No solution found.
Tue May 06 10:45:10 CEST 2014: 94: finished (89ms, 500cycles)
Tue May 06 10:45:10 CEST 2014: 94: No solution found.
Tue May 06 10:45:10 CEST 2014: 95: finished (1ms, 7cycles)
Tue May 06 10:45:10 CEST 2014: 95: Solution found.
Tue May 06 10:45:11 CEST 2014: 96: finished (17ms, 43cycles)
Tue May 06 10:45:11 CEST 2014: 96: Solution found.
Tue May 06 10:45:11 CEST 2014: 97: finished (5ms, 24cycles)
Tue May 06 10:45:11 CEST 2014: 97: Solution found.
Tue May 06 10:45:11 CEST 2014: 98: finished (12ms, 59cycles)
Tue May 06 10:45:11 CEST 2014: 98: Solution found.
Tue May 06 10:45:11 CEST 2014: 99: finished (11ms, 43cycles)
Tue May 06 10:45:11 CEST 2014: 99: Solution found.
Tue May 06 10:45:11 CEST 2014: Solution Found: 53
Tue May 06 10:45:11 CEST 2014: Avg cycles: 39
Tue May 06 10:45:11 CEST 2014: Max cycles: 374
Tue May 06 10:45:11 CEST 2014: Min cycles: 4
Tue May 06 10:45:11 CEST 2014: No solution found: 47
Tue May 06 10:45:11 CEST 2014: logging finished. (runtime: 5185ms)
