Tue May 06 12:08:45 CEST 2014: Problem Count: 50
Tue May 06 12:08:45 CEST 2014: CandidatesCount: 40
Tue May 06 12:08:45 CEST 2014: Max Cycles: 500
Tue May 06 12:08:45 CEST 2014: 0: finished (21ms, 38cycles)
Tue May 06 12:08:45 CEST 2014: 0: Solution found.
Tue May 06 12:08:46 CEST 2014: 1: finished (227ms, 500cycles)
Tue May 06 12:08:46 CEST 2014: 1: No solution found.
Tue May 06 12:08:46 CEST 2014: 2: finished (4ms, 6cycles)
Tue May 06 12:08:46 CEST 2014: 2: Solution found.
Tue May 06 12:08:46 CEST 2014: 3: finished (13ms, 24cycles)
Tue May 06 12:08:46 CEST 2014: 3: Solution found.
Tue May 06 12:08:46 CEST 2014: 4: finished (1ms, 2cycles)
Tue May 06 12:08:46 CEST 2014: 4: Solution found.
Tue May 06 12:08:46 CEST 2014: 5: finished (3ms, 7cycles)
Tue May 06 12:08:46 CEST 2014: 5: Solution found.
Tue May 06 12:08:46 CEST 2014: 6: finished (4ms, 7cycles)
Tue May 06 12:08:46 CEST 2014: 6: Solution found.
Tue May 06 12:08:46 CEST 2014: 7: finished (242ms, 500cycles)
Tue May 06 12:08:46 CEST 2014: 7: No solution found.
Tue May 06 12:08:46 CEST 2014: 8: finished (237ms, 500cycles)
Tue May 06 12:08:46 CEST 2014: 8: No solution found.
Tue May 06 12:08:46 CEST 2014: 9: finished (11ms, 21cycles)
Tue May 06 12:08:46 CEST 2014: 9: Solution found.
Tue May 06 12:08:46 CEST 2014: 10: finished (215ms, 500cycles)
Tue May 06 12:08:46 CEST 2014: 10: No solution found.
Tue May 06 12:08:47 CEST 2014: 11: finished (221ms, 500cycles)
Tue May 06 12:08:47 CEST 2014: 11: No solution found.
Tue May 06 12:08:47 CEST 2014: 12: finished (220ms, 500cycles)
Tue May 06 12:08:47 CEST 2014: 12: No solution found.
Tue May 06 12:08:47 CEST 2014: 13: finished (10ms, 19cycles)
Tue May 06 12:08:47 CEST 2014: 13: Solution found.
Tue May 06 12:08:47 CEST 2014: 14: finished (231ms, 500cycles)
Tue May 06 12:08:47 CEST 2014: 14: No solution found.
Tue May 06 12:08:47 CEST 2014: 15: finished (268ms, 500cycles)
Tue May 06 12:08:47 CEST 2014: 15: No solution found.
Tue May 06 12:08:48 CEST 2014: 16: finished (269ms, 500cycles)
Tue May 06 12:08:48 CEST 2014: 16: No solution found.
Tue May 06 12:08:48 CEST 2014: 17: finished (230ms, 500cycles)
Tue May 06 12:08:48 CEST 2014: 17: No solution found.
Tue May 06 12:08:48 CEST 2014: 18: finished (1ms, 1cycles)
Tue May 06 12:08:48 CEST 2014: 18: Solution found.
Tue May 06 12:08:48 CEST 2014: 19: finished (230ms, 500cycles)
Tue May 06 12:08:48 CEST 2014: 19: No solution found.
Tue May 06 12:08:48 CEST 2014: 20: finished (23ms, 45cycles)
Tue May 06 12:08:48 CEST 2014: 20: Solution found.
Tue May 06 12:08:48 CEST 2014: 21: finished (231ms, 500cycles)
Tue May 06 12:08:48 CEST 2014: 21: No solution found.
Tue May 06 12:08:48 CEST 2014: 22: finished (228ms, 500cycles)
Tue May 06 12:08:48 CEST 2014: 22: No solution found.
Tue May 06 12:08:48 CEST 2014: 23: finished (3ms, 5cycles)
Tue May 06 12:08:48 CEST 2014: 23: Solution found.
Tue May 06 12:08:49 CEST 2014: 24: finished (18ms, 39cycles)
Tue May 06 12:08:49 CEST 2014: 24: Solution found.
Tue May 06 12:08:49 CEST 2014: 25: finished (4ms, 8cycles)
Tue May 06 12:08:49 CEST 2014: 25: Solution found.
Tue May 06 12:08:49 CEST 2014: 26: finished (32ms, 62cycles)
Tue May 06 12:08:49 CEST 2014: 26: Solution found.
Tue May 06 12:08:49 CEST 2014: 27: finished (64ms, 128cycles)
Tue May 06 12:08:49 CEST 2014: 27: Solution found.
Tue May 06 12:08:49 CEST 2014: 28: finished (210ms, 500cycles)
Tue May 06 12:08:49 CEST 2014: 28: No solution found.
Tue May 06 12:08:49 CEST 2014: 29: finished (17ms, 17cycles)
Tue May 06 12:08:49 CEST 2014: 29: Solution found.
Tue May 06 12:08:49 CEST 2014: 30: finished (4ms, 7cycles)
Tue May 06 12:08:49 CEST 2014: 30: Solution found.
Tue May 06 12:08:49 CEST 2014: 31: finished (7ms, 14cycles)
Tue May 06 12:08:49 CEST 2014: 31: Solution found.
Tue May 06 12:08:49 CEST 2014: 32: finished (231ms, 500cycles)
Tue May 06 12:08:49 CEST 2014: 32: No solution found.
Tue May 06 12:08:49 CEST 2014: 33: finished (19ms, 37cycles)
Tue May 06 12:08:49 CEST 2014: 33: Solution found.
Tue May 06 12:08:49 CEST 2014: 34: finished (5ms, 9cycles)
Tue May 06 12:08:49 CEST 2014: 34: Solution found.
Tue May 06 12:08:49 CEST 2014: 35: finished (7ms, 13cycles)
Tue May 06 12:08:49 CEST 2014: 35: Solution found.
Tue May 06 12:08:49 CEST 2014: 36: finished (10ms, 20cycles)
Tue May 06 12:08:49 CEST 2014: 36: Solution found.
Tue May 06 12:08:49 CEST 2014: 37: finished (273ms, 500cycles)
Tue May 06 12:08:49 CEST 2014: 37: No solution found.
Tue May 06 12:08:49 CEST 2014: 38: finished (24ms, 47cycles)
Tue May 06 12:08:49 CEST 2014: 38: Solution found.
Tue May 06 12:08:50 CEST 2014: 39: finished (251ms, 500cycles)
Tue May 06 12:08:50 CEST 2014: 39: No solution found.
Tue May 06 12:08:50 CEST 2014: 40: finished (4ms, 6cycles)
Tue May 06 12:08:50 CEST 2014: 40: Solution found.
Tue May 06 12:08:50 CEST 2014: 41: finished (232ms, 500cycles)
Tue May 06 12:08:50 CEST 2014: 41: No solution found.
Tue May 06 12:08:50 CEST 2014: 42: finished (74ms, 140cycles)
Tue May 06 12:08:50 CEST 2014: 42: Solution found.
Tue May 06 12:08:50 CEST 2014: 43: finished (241ms, 500cycles)
Tue May 06 12:08:50 CEST 2014: 43: No solution found.
Tue May 06 12:08:50 CEST 2014: 44: finished (12ms, 23cycles)
Tue May 06 12:08:50 CEST 2014: 44: Solution found.
Tue May 06 12:08:50 CEST 2014: 45: finished (227ms, 500cycles)
Tue May 06 12:08:50 CEST 2014: 45: No solution found.
Tue May 06 12:08:50 CEST 2014: 46: finished (17ms, 33cycles)
Tue May 06 12:08:50 CEST 2014: 46: Solution found.
Tue May 06 12:08:51 CEST 2014: 47: finished (237ms, 500cycles)
Tue May 06 12:08:51 CEST 2014: 47: No solution found.
Tue May 06 12:08:51 CEST 2014: 48: finished (221ms, 500cycles)
Tue May 06 12:08:51 CEST 2014: 48: No solution found.
Tue May 06 12:08:51 CEST 2014: 49: finished (8ms, 16cycles)
Tue May 06 12:08:51 CEST 2014: 49: Solution found.
Tue May 06 12:08:51 CEST 2014: 50: finished (215ms, 500cycles)
Tue May 06 12:08:51 CEST 2014: 50: No solution found.
Tue May 06 12:08:51 CEST 2014: 51: finished (4ms, 7cycles)
Tue May 06 12:08:51 CEST 2014: 51: Solution found.
Tue May 06 12:08:51 CEST 2014: 52: finished (233ms, 500cycles)
Tue May 06 12:08:51 CEST 2014: 52: No solution found.
Tue May 06 12:08:51 CEST 2014: 53: finished (14ms, 28cycles)
Tue May 06 12:08:51 CEST 2014: 53: Solution found.
Tue May 06 12:08:51 CEST 2014: 54: finished (7ms, 13cycles)
Tue May 06 12:08:51 CEST 2014: 54: Solution found.
Tue May 06 12:08:51 CEST 2014: 55: finished (7ms, 15cycles)
Tue May 06 12:08:51 CEST 2014: 55: Solution found.
Tue May 06 12:08:52 CEST 2014: 56: finished (236ms, 500cycles)
Tue May 06 12:08:52 CEST 2014: 56: No solution found.
Tue May 06 12:08:52 CEST 2014: 57: finished (8ms, 17cycles)
Tue May 06 12:08:52 CEST 2014: 57: Solution found.
Tue May 06 12:08:52 CEST 2014: 58: finished (12ms, 26cycles)
Tue May 06 12:08:52 CEST 2014: 58: Solution found.
Tue May 06 12:08:52 CEST 2014: 59: finished (260ms, 500cycles)
Tue May 06 12:08:52 CEST 2014: 59: No solution found.
Tue May 06 12:08:52 CEST 2014: 60: finished (235ms, 500cycles)
Tue May 06 12:08:52 CEST 2014: 60: No solution found.
Tue May 06 12:08:52 CEST 2014: 61: finished (9ms, 17cycles)
Tue May 06 12:08:52 CEST 2014: 61: Solution found.
Tue May 06 12:08:52 CEST 2014: 62: finished (245ms, 500cycles)
Tue May 06 12:08:52 CEST 2014: 62: No solution found.
Tue May 06 12:08:53 CEST 2014: 63: finished (257ms, 500cycles)
Tue May 06 12:08:53 CEST 2014: 63: No solution found.
Tue May 06 12:08:53 CEST 2014: 64: finished (16ms, 30cycles)
Tue May 06 12:08:53 CEST 2014: 64: Solution found.
Tue May 06 12:08:53 CEST 2014: 65: finished (228ms, 500cycles)
Tue May 06 12:08:53 CEST 2014: 65: No solution found.
Tue May 06 12:08:53 CEST 2014: 66: finished (3ms, 6cycles)
Tue May 06 12:08:53 CEST 2014: 66: Solution found.
Tue May 06 12:08:53 CEST 2014: 67: finished (225ms, 500cycles)
Tue May 06 12:08:53 CEST 2014: 67: No solution found.
Tue May 06 12:08:53 CEST 2014: 68: finished (229ms, 500cycles)
Tue May 06 12:08:53 CEST 2014: 68: No solution found.
Tue May 06 12:08:53 CEST 2014: 69: finished (4ms, 6cycles)
Tue May 06 12:08:53 CEST 2014: 69: Solution found.
Tue May 06 12:08:53 CEST 2014: 70: finished (4ms, 7cycles)
Tue May 06 12:08:53 CEST 2014: 70: Solution found.
Tue May 06 12:08:53 CEST 2014: 71: finished (24ms, 47cycles)
Tue May 06 12:08:53 CEST 2014: 71: Solution found.
Tue May 06 12:08:54 CEST 2014: 72: finished (248ms, 500cycles)
Tue May 06 12:08:54 CEST 2014: 72: No solution found.
Tue May 06 12:08:54 CEST 2014: 73: finished (10ms, 18cycles)
Tue May 06 12:08:54 CEST 2014: 73: Solution found.
Tue May 06 12:08:54 CEST 2014: 74: finished (9ms, 18cycles)
Tue May 06 12:08:54 CEST 2014: 74: Solution found.
Tue May 06 12:08:54 CEST 2014: 75: finished (13ms, 27cycles)
Tue May 06 12:08:54 CEST 2014: 75: Solution found.
Tue May 06 12:08:54 CEST 2014: 76: finished (9ms, 17cycles)
Tue May 06 12:08:54 CEST 2014: 76: Solution found.
Tue May 06 12:08:54 CEST 2014: 77: finished (26ms, 53cycles)
Tue May 06 12:08:54 CEST 2014: 77: Solution found.
Tue May 06 12:08:54 CEST 2014: 78: finished (8ms, 13cycles)
Tue May 06 12:08:54 CEST 2014: 78: Solution found.
Tue May 06 12:08:54 CEST 2014: 79: finished (164ms, 326cycles)
Tue May 06 12:08:54 CEST 2014: 79: Solution found.
Tue May 06 12:08:54 CEST 2014: 80: finished (11ms, 20cycles)
Tue May 06 12:08:54 CEST 2014: 80: Solution found.
Tue May 06 12:08:54 CEST 2014: 81: finished (244ms, 500cycles)
Tue May 06 12:08:54 CEST 2014: 81: No solution found.
Tue May 06 12:08:54 CEST 2014: 82: finished (62ms, 127cycles)
Tue May 06 12:08:54 CEST 2014: 82: Solution found.
Tue May 06 12:08:54 CEST 2014: 83: finished (221ms, 500cycles)
Tue May 06 12:08:54 CEST 2014: 83: No solution found.
Tue May 06 12:08:54 CEST 2014: 84: finished (23ms, 27cycles)
Tue May 06 12:08:54 CEST 2014: 84: Solution found.
Tue May 06 12:08:54 CEST 2014: 85: finished (9ms, 18cycles)
Tue May 06 12:08:54 CEST 2014: 85: Solution found.
Tue May 06 12:08:55 CEST 2014: 86: finished (250ms, 500cycles)
Tue May 06 12:08:55 CEST 2014: 86: No solution found.
Tue May 06 12:08:55 CEST 2014: 87: finished (222ms, 500cycles)
Tue May 06 12:08:55 CEST 2014: 87: No solution found.
Tue May 06 12:08:55 CEST 2014: 88: finished (229ms, 500cycles)
Tue May 06 12:08:55 CEST 2014: 88: No solution found.
Tue May 06 12:08:55 CEST 2014: 89: finished (242ms, 500cycles)
Tue May 06 12:08:55 CEST 2014: 89: No solution found.
Tue May 06 12:08:55 CEST 2014: 90: finished (10ms, 20cycles)
Tue May 06 12:08:55 CEST 2014: 90: Solution found.
Tue May 06 12:08:56 CEST 2014: 91: finished (214ms, 500cycles)
Tue May 06 12:08:56 CEST 2014: 91: No solution found.
Tue May 06 12:08:56 CEST 2014: 92: finished (17ms, 37cycles)
Tue May 06 12:08:56 CEST 2014: 92: Solution found.
Tue May 06 12:08:56 CEST 2014: 93: finished (7ms, 13cycles)
Tue May 06 12:08:56 CEST 2014: 93: Solution found.
Tue May 06 12:08:56 CEST 2014: 94: finished (221ms, 500cycles)
Tue May 06 12:08:56 CEST 2014: 94: No solution found.
Tue May 06 12:08:56 CEST 2014: 95: finished (261ms, 500cycles)
Tue May 06 12:08:56 CEST 2014: 95: No solution found.
Tue May 06 12:08:56 CEST 2014: 96: finished (22ms, 36cycles)
Tue May 06 12:08:56 CEST 2014: 96: Solution found.
Tue May 06 12:08:56 CEST 2014: 97: finished (8ms, 15cycles)
Tue May 06 12:08:56 CEST 2014: 97: Solution found.
Tue May 06 12:08:56 CEST 2014: 98: finished (15ms, 29cycles)
Tue May 06 12:08:56 CEST 2014: 98: Solution found.
Tue May 06 12:08:56 CEST 2014: 99: finished (266ms, 500cycles)
Tue May 06 12:08:56 CEST 2014: 99: No solution found.
Tue May 06 12:08:56 CEST 2014: Solution Found: 57
Tue May 06 12:08:56 CEST 2014: Avg cycles: 32
Tue May 06 12:08:56 CEST 2014: Max cycles: 326
Tue May 06 12:08:56 CEST 2014: Min cycles: 1
Tue May 06 12:08:56 CEST 2014: No solution found: 43
Tue May 06 12:08:56 CEST 2014: logging finished. (runtime: 11126ms)
