Sun May 18 02:14:18 CEST 2014: Problem Count: 10
Sun May 18 02:14:18 CEST 2014: CandidatesCount: 20
Sun May 18 02:14:18 CEST 2014: Max Cycles: 500
Sun May 18 02:14:18 CEST 2014: 0: finished (116ms, 500cycles)
Sun May 18 02:14:18 CEST 2014: 0: No solution found.
Sun May 18 02:14:18 CEST 2014: 1: finished (13ms, 79cycles)
Sun May 18 02:14:18 CEST 2014: 1: Solution found.
Sun May 18 02:14:18 CEST 2014: 2: finished (125ms, 500cycles)
Sun May 18 02:14:18 CEST 2014: 2: No solution found.
Sun May 18 02:14:19 CEST 2014: 3: finished (167ms, 500cycles)
Sun May 18 02:14:19 CEST 2014: 3: No solution found.
Sun May 18 02:14:19 CEST 2014: 4: finished (78ms, 500cycles)
Sun May 18 02:14:19 CEST 2014: 4: No solution found.
Sun May 18 02:14:19 CEST 2014: 5: finished (17ms, 500cycles)
Sun May 18 02:14:19 CEST 2014: 5: No solution found.
Sun May 18 02:14:19 CEST 2014: 6: finished (21ms, 109cycles)
Sun May 18 02:14:19 CEST 2014: 6: Solution found.
Sun May 18 02:14:19 CEST 2014: 7: finished (11ms, 141cycles)
Sun May 18 02:14:19 CEST 2014: 7: Solution found.
Sun May 18 02:14:19 CEST 2014: 8: finished (0ms, 6cycles)
Sun May 18 02:14:19 CEST 2014: 8: Solution found.
Sun May 18 02:14:19 CEST 2014: 9: finished (17ms, 500cycles)
Sun May 18 02:14:19 CEST 2014: 9: No solution found.
Sun May 18 02:14:19 CEST 2014: 10: finished (20ms, 500cycles)
Sun May 18 02:14:19 CEST 2014: 10: No solution found.
Sun May 18 02:14:19 CEST 2014: 11: finished (87ms, 500cycles)
Sun May 18 02:14:19 CEST 2014: 11: No solution found.
Sun May 18 02:14:19 CEST 2014: 12: finished (86ms, 500cycles)
Sun May 18 02:14:19 CEST 2014: 12: No solution found.
Sun May 18 02:14:19 CEST 2014: 13: finished (19ms, 79cycles)
Sun May 18 02:14:19 CEST 2014: 13: Solution found.
Sun May 18 02:14:19 CEST 2014: 14: finished (0ms, 2cycles)
Sun May 18 02:14:19 CEST 2014: 14: Solution found.
Sun May 18 02:14:19 CEST 2014: 15: finished (85ms, 500cycles)
Sun May 18 02:14:19 CEST 2014: 15: No solution found.
Sun May 18 02:14:19 CEST 2014: 16: finished (1ms, 4cycles)
Sun May 18 02:14:19 CEST 2014: 16: Solution found.
Sun May 18 02:14:19 CEST 2014: 17: finished (22ms, 500cycles)
Sun May 18 02:14:19 CEST 2014: 17: No solution found.
Sun May 18 02:14:19 CEST 2014: 18: finished (20ms, 500cycles)
Sun May 18 02:14:19 CEST 2014: 18: No solution found.
Sun May 18 02:14:19 CEST 2014: 19: finished (19ms, 500cycles)
Sun May 18 02:14:19 CEST 2014: 19: No solution found.
Sun May 18 02:14:19 CEST 2014: 20: finished (17ms, 500cycles)
Sun May 18 02:14:19 CEST 2014: 20: No solution found.
Sun May 18 02:14:19 CEST 2014: 21: finished (88ms, 500cycles)
Sun May 18 02:14:19 CEST 2014: 21: No solution found.
Sun May 18 02:14:19 CEST 2014: 22: finished (20ms, 500cycles)
Sun May 18 02:14:19 CEST 2014: 22: No solution found.
Sun May 18 02:14:19 CEST 2014: 23: finished (20ms, 500cycles)
Sun May 18 02:14:19 CEST 2014: 23: No solution found.
Sun May 18 02:14:19 CEST 2014: 24: finished (14ms, 86cycles)
Sun May 18 02:14:19 CEST 2014: 24: Solution found.
Sun May 18 02:14:19 CEST 2014: 25: finished (1ms, 3cycles)
Sun May 18 02:14:19 CEST 2014: 25: Solution found.
Sun May 18 02:14:19 CEST 2014: 26: finished (18ms, 500cycles)
Sun May 18 02:14:19 CEST 2014: 26: No solution found.
Sun May 18 02:14:19 CEST 2014: 27: finished (2ms, 23cycles)
Sun May 18 02:14:19 CEST 2014: 27: Solution found.
Sun May 18 02:14:19 CEST 2014: 28: finished (18ms, 500cycles)
Sun May 18 02:14:19 CEST 2014: 28: No solution found.
Sun May 18 02:14:19 CEST 2014: 29: finished (7ms, 38cycles)
Sun May 18 02:14:19 CEST 2014: 29: Solution found.
Sun May 18 02:14:19 CEST 2014: 30: finished (20ms, 500cycles)
Sun May 18 02:14:19 CEST 2014: 30: No solution found.
Sun May 18 02:14:19 CEST 2014: 31: finished (1ms, 17cycles)
Sun May 18 02:14:19 CEST 2014: 31: Solution found.
Sun May 18 02:14:19 CEST 2014: 32: finished (4ms, 76cycles)
Sun May 18 02:14:19 CEST 2014: 32: Solution found.
Sun May 18 02:14:19 CEST 2014: 33: finished (18ms, 500cycles)
Sun May 18 02:14:19 CEST 2014: 33: No solution found.
Sun May 18 02:14:19 CEST 2014: 34: finished (25ms, 500cycles)
Sun May 18 02:14:19 CEST 2014: 34: No solution found.
Sun May 18 02:14:19 CEST 2014: 35: finished (5ms, 44cycles)
Sun May 18 02:14:19 CEST 2014: 35: Solution found.
Sun May 18 02:14:19 CEST 2014: 36: finished (121ms, 500cycles)
Sun May 18 02:14:19 CEST 2014: 36: No solution found.
Sun May 18 02:14:19 CEST 2014: 37: finished (23ms, 500cycles)
Sun May 18 02:14:19 CEST 2014: 37: No solution found.
Sun May 18 02:14:19 CEST 2014: 38: finished (5ms, 26cycles)
Sun May 18 02:14:19 CEST 2014: 38: Solution found.
Sun May 18 02:14:19 CEST 2014: 39: finished (23ms, 500cycles)
Sun May 18 02:14:19 CEST 2014: 39: No solution found.
Sun May 18 02:14:20 CEST 2014: 40: finished (29ms, 500cycles)
Sun May 18 02:14:20 CEST 2014: 40: No solution found.
Sun May 18 02:14:20 CEST 2014: 41: finished (87ms, 500cycles)
Sun May 18 02:14:20 CEST 2014: 41: No solution found.
Sun May 18 02:14:20 CEST 2014: 42: finished (70ms, 500cycles)
Sun May 18 02:14:20 CEST 2014: 42: No solution found.
Sun May 18 02:14:20 CEST 2014: 43: finished (1ms, 28cycles)
Sun May 18 02:14:20 CEST 2014: 43: Solution found.
Sun May 18 02:14:20 CEST 2014: 44: finished (61ms, 500cycles)
Sun May 18 02:14:20 CEST 2014: 44: No solution found.
Sun May 18 02:14:20 CEST 2014: 45: finished (26ms, 500cycles)
Sun May 18 02:14:20 CEST 2014: 45: No solution found.
Sun May 18 02:14:20 CEST 2014: 46: finished (18ms, 500cycles)
Sun May 18 02:14:20 CEST 2014: 46: No solution found.
Sun May 18 02:14:20 CEST 2014: 47: finished (120ms, 500cycles)
Sun May 18 02:14:20 CEST 2014: 47: No solution found.
Sun May 18 02:14:20 CEST 2014: 48: finished (0ms, 7cycles)
Sun May 18 02:14:20 CEST 2014: 48: Solution found.
Sun May 18 02:14:20 CEST 2014: 49: finished (19ms, 500cycles)
Sun May 18 02:14:20 CEST 2014: 49: No solution found.
Sun May 18 02:14:20 CEST 2014: 50: finished (86ms, 500cycles)
Sun May 18 02:14:20 CEST 2014: 50: No solution found.
Sun May 18 02:14:20 CEST 2014: 51: finished (0ms, 4cycles)
Sun May 18 02:14:20 CEST 2014: 51: Solution found.
Sun May 18 02:14:20 CEST 2014: 52: finished (0ms, 4cycles)
Sun May 18 02:14:20 CEST 2014: 52: Solution found.
Sun May 18 02:14:20 CEST 2014: 53: finished (19ms, 500cycles)
Sun May 18 02:14:20 CEST 2014: 53: No solution found.
Sun May 18 02:14:20 CEST 2014: 54: finished (107ms, 500cycles)
Sun May 18 02:14:20 CEST 2014: 54: No solution found.
Sun May 18 02:14:20 CEST 2014: 55: finished (30ms, 164cycles)
Sun May 18 02:14:20 CEST 2014: 55: Solution found.
Sun May 18 02:14:20 CEST 2014: 56: finished (159ms, 500cycles)
Sun May 18 02:14:20 CEST 2014: 56: No solution found.
Sun May 18 02:14:20 CEST 2014: 57: finished (18ms, 500cycles)
Sun May 18 02:14:20 CEST 2014: 57: No solution found.
Sun May 18 02:14:20 CEST 2014: 58: finished (95ms, 500cycles)
Sun May 18 02:14:20 CEST 2014: 58: No solution found.
Sun May 18 02:14:20 CEST 2014: 59: finished (1ms, 13cycles)
Sun May 18 02:14:20 CEST 2014: 59: Solution found.
Sun May 18 02:14:21 CEST 2014: 60: finished (120ms, 500cycles)
Sun May 18 02:14:21 CEST 2014: 60: No solution found.
Sun May 18 02:14:21 CEST 2014: 61: finished (138ms, 500cycles)
Sun May 18 02:14:21 CEST 2014: 61: No solution found.
Sun May 18 02:14:21 CEST 2014: 62: finished (177ms, 500cycles)
Sun May 18 02:14:21 CEST 2014: 62: No solution found.
Sun May 18 02:14:21 CEST 2014: 63: finished (95ms, 500cycles)
Sun May 18 02:14:21 CEST 2014: 63: No solution found.
Sun May 18 02:14:21 CEST 2014: 64: finished (13ms, 192cycles)
Sun May 18 02:14:21 CEST 2014: 64: Solution found.
Sun May 18 02:14:21 CEST 2014: 65: finished (5ms, 86cycles)
Sun May 18 02:14:21 CEST 2014: 65: Solution found.
Sun May 18 02:14:21 CEST 2014: 66: finished (66ms, 500cycles)
Sun May 18 02:14:21 CEST 2014: 66: No solution found.
Sun May 18 02:14:21 CEST 2014: 67: finished (16ms, 500cycles)
Sun May 18 02:14:21 CEST 2014: 67: No solution found.
Sun May 18 02:14:21 CEST 2014: 68: finished (28ms, 500cycles)
Sun May 18 02:14:21 CEST 2014: 68: No solution found.
Sun May 18 02:14:21 CEST 2014: 69: finished (106ms, 500cycles)
Sun May 18 02:14:21 CEST 2014: 69: No solution found.
Sun May 18 02:14:21 CEST 2014: 70: finished (26ms, 500cycles)
Sun May 18 02:14:21 CEST 2014: 70: No solution found.
Sun May 18 02:14:21 CEST 2014: 71: finished (21ms, 500cycles)
Sun May 18 02:14:21 CEST 2014: 71: No solution found.
Sun May 18 02:14:21 CEST 2014: 72: finished (22ms, 500cycles)
Sun May 18 02:14:21 CEST 2014: 72: No solution found.
Sun May 18 02:14:21 CEST 2014: 73: finished (115ms, 500cycles)
Sun May 18 02:14:21 CEST 2014: 73: No solution found.
Sun May 18 02:14:22 CEST 2014: 74: finished (115ms, 500cycles)
Sun May 18 02:14:22 CEST 2014: 74: No solution found.
Sun May 18 02:14:22 CEST 2014: 75: finished (127ms, 500cycles)
Sun May 18 02:14:22 CEST 2014: 75: No solution found.
Sun May 18 02:14:22 CEST 2014: 76: finished (80ms, 500cycles)
Sun May 18 02:14:22 CEST 2014: 76: No solution found.
Sun May 18 02:14:22 CEST 2014: 77: finished (21ms, 500cycles)
Sun May 18 02:14:22 CEST 2014: 77: No solution found.
Sun May 18 02:14:22 CEST 2014: 78: finished (95ms, 500cycles)
Sun May 18 02:14:22 CEST 2014: 78: No solution found.
Sun May 18 02:14:22 CEST 2014: 79: finished (81ms, 500cycles)
Sun May 18 02:14:22 CEST 2014: 79: No solution found.
Sun May 18 02:14:22 CEST 2014: 80: finished (136ms, 500cycles)
Sun May 18 02:14:22 CEST 2014: 80: No solution found.
Sun May 18 02:14:22 CEST 2014: 81: finished (153ms, 500cycles)
Sun May 18 02:14:22 CEST 2014: 81: No solution found.
Sun May 18 02:14:22 CEST 2014: 82: finished (82ms, 500cycles)
Sun May 18 02:14:22 CEST 2014: 82: No solution found.
Sun May 18 02:14:22 CEST 2014: 83: finished (1ms, 21cycles)
Sun May 18 02:14:22 CEST 2014: 83: Solution found.
Sun May 18 02:14:22 CEST 2014: 84: finished (18ms, 500cycles)
Sun May 18 02:14:22 CEST 2014: 84: No solution found.
Sun May 18 02:14:22 CEST 2014: 85: finished (3ms, 35cycles)
Sun May 18 02:14:22 CEST 2014: 85: Solution found.
Sun May 18 02:14:22 CEST 2014: 86: finished (80ms, 500cycles)
Sun May 18 02:14:22 CEST 2014: 86: No solution found.
Sun May 18 02:14:22 CEST 2014: 87: finished (63ms, 500cycles)
Sun May 18 02:14:22 CEST 2014: 87: No solution found.
Sun May 18 02:14:23 CEST 2014: 88: finished (78ms, 500cycles)
Sun May 18 02:14:23 CEST 2014: 88: No solution found.
Sun May 18 02:14:23 CEST 2014: 89: finished (39ms, 500cycles)
Sun May 18 02:14:23 CEST 2014: 89: No solution found.
Sun May 18 02:14:23 CEST 2014: 90: finished (75ms, 500cycles)
Sun May 18 02:14:23 CEST 2014: 90: No solution found.
Sun May 18 02:14:23 CEST 2014: 91: finished (18ms, 500cycles)
Sun May 18 02:14:23 CEST 2014: 91: No solution found.
Sun May 18 02:14:23 CEST 2014: 92: finished (143ms, 500cycles)
Sun May 18 02:14:23 CEST 2014: 92: No solution found.
Sun May 18 02:14:23 CEST 2014: 93: finished (120ms, 500cycles)
Sun May 18 02:14:23 CEST 2014: 93: No solution found.
Sun May 18 02:14:23 CEST 2014: 94: finished (18ms, 500cycles)
Sun May 18 02:14:23 CEST 2014: 94: No solution found.
Sun May 18 02:14:23 CEST 2014: 95: finished (23ms, 500cycles)
Sun May 18 02:14:23 CEST 2014: 95: No solution found.
Sun May 18 02:14:23 CEST 2014: 96: finished (94ms, 500cycles)
Sun May 18 02:14:23 CEST 2014: 96: No solution found.
Sun May 18 02:14:23 CEST 2014: 97: finished (22ms, 500cycles)
Sun May 18 02:14:23 CEST 2014: 97: No solution found.
Sun May 18 02:14:23 CEST 2014: 98: finished (90ms, 500cycles)
Sun May 18 02:14:23 CEST 2014: 98: No solution found.
Sun May 18 02:14:23 CEST 2014: 99: finished (29ms, 500cycles)
Sun May 18 02:14:23 CEST 2014: 99: No solution found.
Sun May 18 02:14:23 CEST 2014: Solution Found: 25
Sun May 18 02:14:23 CEST 2014: Avg cycles: 51
Sun May 18 02:14:23 CEST 2014: Max cycles: 192
Sun May 18 02:14:23 CEST 2014: Min cycles: 2
Sun May 18 02:14:23 CEST 2014: No solution found: 75
Sun May 18 02:14:23 CEST 2014: logging finished. (runtime: 5103ms)
