Tue May 06 13:22:31 CEST 2014: Problem Count: 10
Tue May 06 13:22:31 CEST 2014: CandidatesCount: 20
Tue May 06 13:22:31 CEST 2014: Max Cycles: 500
Tue May 06 13:22:31 CEST 2014: 0: finished (26ms, 500cycles)
Tue May 06 13:22:31 CEST 2014: 0: No solution found.
Tue May 06 13:22:31 CEST 2014: 1: finished (23ms, 500cycles)
Tue May 06 13:22:31 CEST 2014: 1: No solution found.
Tue May 06 13:22:32 CEST 2014: 2: finished (147ms, 500cycles)
Tue May 06 13:22:32 CEST 2014: 2: No solution found.
Tue May 06 13:22:32 CEST 2014: 3: finished (26ms, 500cycles)
Tue May 06 13:22:32 CEST 2014: 3: No solution found.
Tue May 06 13:22:32 CEST 2014: 4: finished (30ms, 500cycles)
Tue May 06 13:22:32 CEST 2014: 4: No solution found.
Tue May 06 13:22:32 CEST 2014: 5: finished (3ms, 23cycles)
Tue May 06 13:22:32 CEST 2014: 5: Solution found.
Tue May 06 13:22:32 CEST 2014: 6: finished (67ms, 500cycles)
Tue May 06 13:22:32 CEST 2014: 6: No solution found.
Tue May 06 13:22:32 CEST 2014: 7: finished (20ms, 500cycles)
Tue May 06 13:22:32 CEST 2014: 7: No solution found.
Tue May 06 13:22:32 CEST 2014: 8: finished (88ms, 500cycles)
Tue May 06 13:22:32 CEST 2014: 8: No solution found.
Tue May 06 13:22:32 CEST 2014: 9: finished (3ms, 53cycles)
Tue May 06 13:22:32 CEST 2014: 9: Solution found.
Tue May 06 13:22:32 CEST 2014: 10: finished (1ms, 7cycles)
Tue May 06 13:22:32 CEST 2014: 10: Solution found.
Tue May 06 13:22:32 CEST 2014: 11: finished (19ms, 500cycles)
Tue May 06 13:22:32 CEST 2014: 11: No solution found.
Tue May 06 13:22:32 CEST 2014: 12: finished (18ms, 500cycles)
Tue May 06 13:22:32 CEST 2014: 12: No solution found.
Tue May 06 13:22:32 CEST 2014: 13: finished (18ms, 500cycles)
Tue May 06 13:22:32 CEST 2014: 13: No solution found.
Tue May 06 13:22:32 CEST 2014: 14: finished (2ms, 15cycles)
Tue May 06 13:22:32 CEST 2014: 14: Solution found.
Tue May 06 13:22:32 CEST 2014: 15: finished (176ms, 500cycles)
Tue May 06 13:22:32 CEST 2014: 15: No solution found.
Tue May 06 13:22:32 CEST 2014: 16: finished (9ms, 47cycles)
Tue May 06 13:22:32 CEST 2014: 16: Solution found.
Tue May 06 13:22:32 CEST 2014: 17: finished (17ms, 500cycles)
Tue May 06 13:22:32 CEST 2014: 17: No solution found.
Tue May 06 13:22:32 CEST 2014: 18: finished (97ms, 500cycles)
Tue May 06 13:22:32 CEST 2014: 18: No solution found.
Tue May 06 13:22:32 CEST 2014: 19: finished (2ms, 16cycles)
Tue May 06 13:22:32 CEST 2014: 19: Solution found.
Tue May 06 13:22:32 CEST 2014: 20: finished (24ms, 500cycles)
Tue May 06 13:22:32 CEST 2014: 20: No solution found.
Tue May 06 13:22:32 CEST 2014: 21: finished (82ms, 500cycles)
Tue May 06 13:22:32 CEST 2014: 21: No solution found.
Tue May 06 13:22:32 CEST 2014: 22: finished (19ms, 500cycles)
Tue May 06 13:22:32 CEST 2014: 22: No solution found.
Tue May 06 13:22:32 CEST 2014: 23: finished (21ms, 500cycles)
Tue May 06 13:22:32 CEST 2014: 23: No solution found.
Tue May 06 13:22:32 CEST 2014: 24: finished (19ms, 500cycles)
Tue May 06 13:22:32 CEST 2014: 24: No solution found.
Tue May 06 13:22:33 CEST 2014: 25: finished (197ms, 500cycles)
Tue May 06 13:22:33 CEST 2014: 25: No solution found.
Tue May 06 13:22:33 CEST 2014: 26: finished (144ms, 500cycles)
Tue May 06 13:22:33 CEST 2014: 26: No solution found.
Tue May 06 13:22:33 CEST 2014: 27: finished (140ms, 500cycles)
Tue May 06 13:22:33 CEST 2014: 27: No solution found.
Tue May 06 13:22:33 CEST 2014: 28: finished (85ms, 500cycles)
Tue May 06 13:22:33 CEST 2014: 28: No solution found.
Tue May 06 13:22:33 CEST 2014: 29: finished (126ms, 500cycles)
Tue May 06 13:22:33 CEST 2014: 29: No solution found.
Tue May 06 13:22:33 CEST 2014: 30: finished (106ms, 500cycles)
Tue May 06 13:22:33 CEST 2014: 30: No solution found.
Tue May 06 13:22:33 CEST 2014: 31: finished (3ms, 18cycles)
Tue May 06 13:22:33 CEST 2014: 31: Solution found.
Tue May 06 13:22:33 CEST 2014: 32: finished (18ms, 500cycles)
Tue May 06 13:22:33 CEST 2014: 32: No solution found.
Tue May 06 13:22:33 CEST 2014: 33: finished (19ms, 500cycles)
Tue May 06 13:22:33 CEST 2014: 33: No solution found.
Tue May 06 13:22:33 CEST 2014: 34: finished (33ms, 189cycles)
Tue May 06 13:22:33 CEST 2014: 34: Solution found.
Tue May 06 13:22:33 CEST 2014: 35: finished (19ms, 500cycles)
Tue May 06 13:22:33 CEST 2014: 35: No solution found.
Tue May 06 13:22:33 CEST 2014: 36: finished (112ms, 500cycles)
Tue May 06 13:22:33 CEST 2014: 36: No solution found.
Tue May 06 13:22:33 CEST 2014: 37: finished (19ms, 500cycles)
Tue May 06 13:22:33 CEST 2014: 37: No solution found.
Tue May 06 13:22:33 CEST 2014: 38: finished (2ms, 21cycles)
Tue May 06 13:22:33 CEST 2014: 38: Solution found.
Tue May 06 13:22:34 CEST 2014: 39: finished (118ms, 500cycles)
Tue May 06 13:22:34 CEST 2014: 39: No solution found.
Tue May 06 13:22:34 CEST 2014: 40: finished (18ms, 500cycles)
Tue May 06 13:22:34 CEST 2014: 40: No solution found.
Tue May 06 13:22:34 CEST 2014: 41: finished (81ms, 500cycles)
Tue May 06 13:22:34 CEST 2014: 41: No solution found.
Tue May 06 13:22:34 CEST 2014: 42: finished (16ms, 500cycles)
Tue May 06 13:22:34 CEST 2014: 42: No solution found.
Tue May 06 13:22:34 CEST 2014: 43: finished (102ms, 500cycles)
Tue May 06 13:22:34 CEST 2014: 43: No solution found.
Tue May 06 13:22:34 CEST 2014: 44: finished (162ms, 500cycles)
Tue May 06 13:22:34 CEST 2014: 44: No solution found.
Tue May 06 13:22:34 CEST 2014: 45: finished (122ms, 500cycles)
Tue May 06 13:22:34 CEST 2014: 45: No solution found.
Tue May 06 13:22:34 CEST 2014: 46: finished (1ms, 8cycles)
Tue May 06 13:22:34 CEST 2014: 46: Solution found.
Tue May 06 13:22:34 CEST 2014: 47: finished (61ms, 361cycles)
Tue May 06 13:22:34 CEST 2014: 47: Solution found.
Tue May 06 13:22:34 CEST 2014: 48: finished (20ms, 500cycles)
Tue May 06 13:22:34 CEST 2014: 48: No solution found.
Tue May 06 13:22:34 CEST 2014: 49: finished (11ms, 265cycles)
Tue May 06 13:22:34 CEST 2014: 49: Solution found.
Tue May 06 13:22:34 CEST 2014: 50: finished (17ms, 500cycles)
Tue May 06 13:22:34 CEST 2014: 50: No solution found.
Tue May 06 13:22:34 CEST 2014: 51: finished (115ms, 500cycles)
Tue May 06 13:22:34 CEST 2014: 51: No solution found.
Tue May 06 13:22:34 CEST 2014: 52: finished (1ms, 10cycles)
Tue May 06 13:22:34 CEST 2014: 52: Solution found.
Tue May 06 13:22:34 CEST 2014: 53: finished (101ms, 500cycles)
Tue May 06 13:22:34 CEST 2014: 53: No solution found.
Tue May 06 13:22:35 CEST 2014: 54: finished (182ms, 500cycles)
Tue May 06 13:22:35 CEST 2014: 54: No solution found.
Tue May 06 13:22:35 CEST 2014: 55: finished (76ms, 500cycles)
Tue May 06 13:22:35 CEST 2014: 55: No solution found.
Tue May 06 13:22:35 CEST 2014: 56: finished (16ms, 500cycles)
Tue May 06 13:22:35 CEST 2014: 56: No solution found.
Tue May 06 13:22:35 CEST 2014: 57: finished (83ms, 500cycles)
Tue May 06 13:22:35 CEST 2014: 57: No solution found.
Tue May 06 13:22:35 CEST 2014: 58: finished (117ms, 500cycles)
Tue May 06 13:22:35 CEST 2014: 58: No solution found.
Tue May 06 13:22:35 CEST 2014: 59: finished (70ms, 500cycles)
Tue May 06 13:22:35 CEST 2014: 59: No solution found.
Tue May 06 13:22:35 CEST 2014: 60: finished (19ms, 500cycles)
Tue May 06 13:22:35 CEST 2014: 60: No solution found.
Tue May 06 13:22:35 CEST 2014: 61: finished (89ms, 500cycles)
Tue May 06 13:22:35 CEST 2014: 61: No solution found.
Tue May 06 13:22:35 CEST 2014: 62: finished (4ms, 22cycles)
Tue May 06 13:22:35 CEST 2014: 62: Solution found.
Tue May 06 13:22:35 CEST 2014: 63: finished (40ms, 500cycles)
Tue May 06 13:22:35 CEST 2014: 63: No solution found.
Tue May 06 13:22:35 CEST 2014: 64: finished (20ms, 500cycles)
Tue May 06 13:22:35 CEST 2014: 64: No solution found.
Tue May 06 13:22:35 CEST 2014: 65: finished (26ms, 93cycles)
Tue May 06 13:22:35 CEST 2014: 65: Solution found.
Tue May 06 13:22:35 CEST 2014: 66: finished (20ms, 500cycles)
Tue May 06 13:22:35 CEST 2014: 66: No solution found.
Tue May 06 13:22:35 CEST 2014: 67: finished (82ms, 500cycles)
Tue May 06 13:22:35 CEST 2014: 67: No solution found.
Tue May 06 13:22:35 CEST 2014: 68: finished (21ms, 500cycles)
Tue May 06 13:22:35 CEST 2014: 68: No solution found.
Tue May 06 13:22:35 CEST 2014: 69: finished (1ms, 9cycles)
Tue May 06 13:22:35 CEST 2014: 69: Solution found.
Tue May 06 13:22:35 CEST 2014: 70: finished (26ms, 94cycles)
Tue May 06 13:22:35 CEST 2014: 70: Solution found.
Tue May 06 13:22:35 CEST 2014: 71: finished (156ms, 500cycles)
Tue May 06 13:22:35 CEST 2014: 71: No solution found.
Tue May 06 13:22:36 CEST 2014: 72: finished (126ms, 500cycles)
Tue May 06 13:22:36 CEST 2014: 72: No solution found.
Tue May 06 13:22:36 CEST 2014: 73: finished (7ms, 78cycles)
Tue May 06 13:22:36 CEST 2014: 73: Solution found.
Tue May 06 13:22:36 CEST 2014: 74: finished (2ms, 19cycles)
Tue May 06 13:22:36 CEST 2014: 74: Solution found.
Tue May 06 13:22:36 CEST 2014: 75: finished (0ms, 3cycles)
Tue May 06 13:22:36 CEST 2014: 75: Solution found.
Tue May 06 13:22:36 CEST 2014: 76: finished (28ms, 500cycles)
Tue May 06 13:22:36 CEST 2014: 76: No solution found.
Tue May 06 13:22:36 CEST 2014: 77: finished (1ms, 9cycles)
Tue May 06 13:22:36 CEST 2014: 77: Solution found.
Tue May 06 13:22:36 CEST 2014: 78: finished (21ms, 500cycles)
Tue May 06 13:22:36 CEST 2014: 78: No solution found.
Tue May 06 13:22:36 CEST 2014: 79: finished (87ms, 224cycles)
Tue May 06 13:22:36 CEST 2014: 79: Solution found.
Tue May 06 13:22:36 CEST 2014: 80: finished (7ms, 34cycles)
Tue May 06 13:22:36 CEST 2014: 80: Solution found.
Tue May 06 13:22:36 CEST 2014: 81: finished (83ms, 500cycles)
Tue May 06 13:22:36 CEST 2014: 81: No solution found.
Tue May 06 13:22:36 CEST 2014: 82: finished (40ms, 500cycles)
Tue May 06 13:22:36 CEST 2014: 82: No solution found.
Tue May 06 13:22:36 CEST 2014: 83: finished (18ms, 500cycles)
Tue May 06 13:22:36 CEST 2014: 83: No solution found.
Tue May 06 13:22:36 CEST 2014: 84: finished (171ms, 500cycles)
Tue May 06 13:22:36 CEST 2014: 84: No solution found.
Tue May 06 13:22:36 CEST 2014: 85: finished (99ms, 500cycles)
Tue May 06 13:22:36 CEST 2014: 85: No solution found.
Tue May 06 13:22:36 CEST 2014: 86: finished (1ms, 24cycles)
Tue May 06 13:22:36 CEST 2014: 86: Solution found.
Tue May 06 13:22:36 CEST 2014: 87: finished (10ms, 51cycles)
Tue May 06 13:22:36 CEST 2014: 87: Solution found.
Tue May 06 13:22:36 CEST 2014: 88: finished (17ms, 500cycles)
Tue May 06 13:22:36 CEST 2014: 88: No solution found.
Tue May 06 13:22:36 CEST 2014: 89: finished (28ms, 500cycles)
Tue May 06 13:22:36 CEST 2014: 89: No solution found.
Tue May 06 13:22:36 CEST 2014: 90: finished (20ms, 500cycles)
Tue May 06 13:22:36 CEST 2014: 90: No solution found.
Tue May 06 13:22:36 CEST 2014: 91: finished (23ms, 500cycles)
Tue May 06 13:22:36 CEST 2014: 91: No solution found.
Tue May 06 13:22:36 CEST 2014: 92: finished (80ms, 500cycles)
Tue May 06 13:22:36 CEST 2014: 92: No solution found.
Tue May 06 13:22:36 CEST 2014: 93: finished (138ms, 500cycles)
Tue May 06 13:22:36 CEST 2014: 93: No solution found.
Tue May 06 13:22:36 CEST 2014: 94: finished (95ms, 500cycles)
Tue May 06 13:22:36 CEST 2014: 94: No solution found.
Tue May 06 13:22:37 CEST 2014: 95: finished (183ms, 500cycles)
Tue May 06 13:22:37 CEST 2014: 95: No solution found.
Tue May 06 13:22:37 CEST 2014: 96: finished (18ms, 500cycles)
Tue May 06 13:22:37 CEST 2014: 96: No solution found.
Tue May 06 13:22:37 CEST 2014: 97: finished (19ms, 500cycles)
Tue May 06 13:22:37 CEST 2014: 97: No solution found.
Tue May 06 13:22:37 CEST 2014: 98: finished (210ms, 500cycles)
Tue May 06 13:22:37 CEST 2014: 98: No solution found.
Tue May 06 13:22:37 CEST 2014: 99: finished (57ms, 500cycles)
Tue May 06 13:22:37 CEST 2014: 99: No solution found.
Tue May 06 13:22:37 CEST 2014: Solution Found: 25
Tue May 06 13:22:37 CEST 2014: Avg cycles: 67
Tue May 06 13:22:37 CEST 2014: Max cycles: 361
Tue May 06 13:22:37 CEST 2014: Min cycles: 3
Tue May 06 13:22:37 CEST 2014: No solution found: 75
Tue May 06 13:22:37 CEST 2014: logging finished. (runtime: 5579ms)
