Sat May 17 22:44:14 CEST 2014: Problem Count: 30
Sat May 17 22:44:14 CEST 2014: CandidatesCount: 20
Sat May 17 22:44:14 CEST 2014: Max Cycles: 500
Sat May 17 22:44:14 CEST 2014: 0: finished (59ms, 500cycles)
Sat May 17 22:44:14 CEST 2014: 0: No solution found.
Sat May 17 22:44:14 CEST 2014: 1: finished (58ms, 500cycles)
Sat May 17 22:44:14 CEST 2014: 1: No solution found.
Sat May 17 22:44:14 CEST 2014: 2: finished (6ms, 39cycles)
Sat May 17 22:44:14 CEST 2014: 2: Solution found.
Sat May 17 22:44:14 CEST 2014: 3: finished (2ms, 9cycles)
Sat May 17 22:44:14 CEST 2014: 3: Solution found.
Sat May 17 22:44:14 CEST 2014: 4: finished (11ms, 66cycles)
Sat May 17 22:44:14 CEST 2014: 4: Solution found.
Sat May 17 22:44:14 CEST 2014: 5: finished (63ms, 500cycles)
Sat May 17 22:44:14 CEST 2014: 5: No solution found.
Sat May 17 22:44:14 CEST 2014: 6: finished (49ms, 357cycles)
Sat May 17 22:44:14 CEST 2014: 6: Solution found.
Sat May 17 22:44:14 CEST 2014: 7: finished (16ms, 124cycles)
Sat May 17 22:44:14 CEST 2014: 7: Solution found.
Sat May 17 22:44:14 CEST 2014: 8: finished (60ms, 500cycles)
Sat May 17 22:44:14 CEST 2014: 8: No solution found.
Sat May 17 22:44:14 CEST 2014: 9: finished (3ms, 11cycles)
Sat May 17 22:44:14 CEST 2014: 9: Solution found.
Sat May 17 22:44:14 CEST 2014: 10: finished (2ms, 18cycles)
Sat May 17 22:44:14 CEST 2014: 10: Solution found.
Sat May 17 22:44:14 CEST 2014: 11: finished (11ms, 73cycles)
Sat May 17 22:44:14 CEST 2014: 11: Solution found.
Sat May 17 22:44:14 CEST 2014: 12: finished (58ms, 500cycles)
Sat May 17 22:44:14 CEST 2014: 12: No solution found.
Sat May 17 22:44:14 CEST 2014: 13: finished (21ms, 78cycles)
Sat May 17 22:44:14 CEST 2014: 13: Solution found.
Sat May 17 22:44:14 CEST 2014: 14: finished (60ms, 500cycles)
Sat May 17 22:44:14 CEST 2014: 14: No solution found.
Sat May 17 22:44:14 CEST 2014: 15: finished (60ms, 500cycles)
Sat May 17 22:44:14 CEST 2014: 15: No solution found.
Sat May 17 22:44:14 CEST 2014: 16: finished (56ms, 500cycles)
Sat May 17 22:44:14 CEST 2014: 16: No solution found.
Sat May 17 22:44:14 CEST 2014: 17: finished (3ms, 18cycles)
Sat May 17 22:44:14 CEST 2014: 17: Solution found.
Sat May 17 22:44:14 CEST 2014: 18: finished (57ms, 500cycles)
Sat May 17 22:44:14 CEST 2014: 18: No solution found.
Sat May 17 22:44:14 CEST 2014: 19: finished (54ms, 500cycles)
Sat May 17 22:44:14 CEST 2014: 19: No solution found.
Sat May 17 22:44:14 CEST 2014: 20: finished (57ms, 500cycles)
Sat May 17 22:44:14 CEST 2014: 20: No solution found.
Sat May 17 22:44:14 CEST 2014: 21: finished (14ms, 104cycles)
Sat May 17 22:44:14 CEST 2014: 21: Solution found.
Sat May 17 22:44:15 CEST 2014: 22: finished (179ms, 500cycles)
Sat May 17 22:44:15 CEST 2014: 22: No solution found.
Sat May 17 22:44:15 CEST 2014: 23: finished (67ms, 500cycles)
Sat May 17 22:44:15 CEST 2014: 23: No solution found.
Sat May 17 22:44:15 CEST 2014: 24: finished (2ms, 10cycles)
Sat May 17 22:44:15 CEST 2014: 24: Solution found.
Sat May 17 22:44:15 CEST 2014: 25: finished (60ms, 500cycles)
Sat May 17 22:44:15 CEST 2014: 25: No solution found.
Sat May 17 22:44:15 CEST 2014: 26: finished (58ms, 500cycles)
Sat May 17 22:44:15 CEST 2014: 26: No solution found.
Sat May 17 22:44:15 CEST 2014: 27: finished (60ms, 500cycles)
Sat May 17 22:44:15 CEST 2014: 27: No solution found.
Sat May 17 22:44:15 CEST 2014: 28: finished (62ms, 500cycles)
Sat May 17 22:44:15 CEST 2014: 28: No solution found.
Sat May 17 22:44:15 CEST 2014: 29: finished (10ms, 41cycles)
Sat May 17 22:44:15 CEST 2014: 29: Solution found.
Sat May 17 22:44:15 CEST 2014: 30: finished (7ms, 52cycles)
Sat May 17 22:44:15 CEST 2014: 30: Solution found.
Sat May 17 22:44:15 CEST 2014: 31: finished (10ms, 70cycles)
Sat May 17 22:44:15 CEST 2014: 31: Solution found.
Sat May 17 22:44:15 CEST 2014: 32: finished (15ms, 112cycles)
Sat May 17 22:44:15 CEST 2014: 32: Solution found.
Sat May 17 22:44:15 CEST 2014: 33: finished (57ms, 500cycles)
Sat May 17 22:44:15 CEST 2014: 33: No solution found.
Sat May 17 22:44:15 CEST 2014: 34: finished (57ms, 500cycles)
Sat May 17 22:44:15 CEST 2014: 34: No solution found.
Sat May 17 22:44:15 CEST 2014: 35: finished (63ms, 500cycles)
Sat May 17 22:44:15 CEST 2014: 35: No solution found.
Sat May 17 22:44:15 CEST 2014: 36: finished (73ms, 500cycles)
Sat May 17 22:44:15 CEST 2014: 36: No solution found.
Sat May 17 22:44:15 CEST 2014: 37: finished (63ms, 500cycles)
Sat May 17 22:44:15 CEST 2014: 37: No solution found.
Sat May 17 22:44:15 CEST 2014: 38: finished (62ms, 500cycles)
Sat May 17 22:44:15 CEST 2014: 38: No solution found.
Sat May 17 22:44:15 CEST 2014: 39: finished (62ms, 500cycles)
Sat May 17 22:44:15 CEST 2014: 39: No solution found.
Sat May 17 22:44:15 CEST 2014: 40: finished (32ms, 220cycles)
Sat May 17 22:44:15 CEST 2014: 40: Solution found.
Sat May 17 22:44:15 CEST 2014: 41: finished (4ms, 28cycles)
Sat May 17 22:44:15 CEST 2014: 41: Solution found.
Sat May 17 22:44:15 CEST 2014: 42: finished (1ms, 6cycles)
Sat May 17 22:44:15 CEST 2014: 42: Solution found.
Sat May 17 22:44:16 CEST 2014: 43: finished (59ms, 500cycles)
Sat May 17 22:44:16 CEST 2014: 43: No solution found.
Sat May 17 22:44:16 CEST 2014: 44: finished (63ms, 500cycles)
Sat May 17 22:44:16 CEST 2014: 44: No solution found.
Sat May 17 22:44:16 CEST 2014: 45: finished (10ms, 52cycles)
Sat May 17 22:44:16 CEST 2014: 45: Solution found.
Sat May 17 22:44:16 CEST 2014: 46: finished (68ms, 500cycles)
Sat May 17 22:44:16 CEST 2014: 46: No solution found.
Sat May 17 22:44:16 CEST 2014: 47: finished (1ms, 7cycles)
Sat May 17 22:44:16 CEST 2014: 47: Solution found.
Sat May 17 22:44:16 CEST 2014: 48: finished (62ms, 500cycles)
Sat May 17 22:44:16 CEST 2014: 48: No solution found.
Sat May 17 22:44:16 CEST 2014: 49: finished (167ms, 500cycles)
Sat May 17 22:44:16 CEST 2014: 49: No solution found.
Sat May 17 22:44:16 CEST 2014: 50: finished (6ms, 47cycles)
Sat May 17 22:44:16 CEST 2014: 50: Solution found.
Sat May 17 22:44:16 CEST 2014: 51: finished (3ms, 17cycles)
Sat May 17 22:44:16 CEST 2014: 51: Solution found.
Sat May 17 22:44:16 CEST 2014: 52: finished (5ms, 34cycles)
Sat May 17 22:44:16 CEST 2014: 52: Solution found.
Sat May 17 22:44:16 CEST 2014: 53: finished (60ms, 500cycles)
Sat May 17 22:44:16 CEST 2014: 53: No solution found.
Sat May 17 22:44:16 CEST 2014: 54: finished (57ms, 500cycles)
Sat May 17 22:44:16 CEST 2014: 54: No solution found.
Sat May 17 22:44:16 CEST 2014: 55: finished (8ms, 57cycles)
Sat May 17 22:44:16 CEST 2014: 55: Solution found.
Sat May 17 22:44:16 CEST 2014: 56: finished (2ms, 14cycles)
Sat May 17 22:44:16 CEST 2014: 56: Solution found.
Sat May 17 22:44:16 CEST 2014: 57: finished (62ms, 500cycles)
Sat May 17 22:44:16 CEST 2014: 57: No solution found.
Sat May 17 22:44:16 CEST 2014: 58: finished (60ms, 500cycles)
Sat May 17 22:44:16 CEST 2014: 58: No solution found.
Sat May 17 22:44:16 CEST 2014: 59: finished (59ms, 500cycles)
Sat May 17 22:44:16 CEST 2014: 59: No solution found.
Sat May 17 22:44:16 CEST 2014: 60: finished (6ms, 38cycles)
Sat May 17 22:44:16 CEST 2014: 60: Solution found.
Sat May 17 22:44:16 CEST 2014: 61: finished (57ms, 500cycles)
Sat May 17 22:44:16 CEST 2014: 61: No solution found.
Sat May 17 22:44:16 CEST 2014: 62: finished (50ms, 356cycles)
Sat May 17 22:44:16 CEST 2014: 62: Solution found.
Sat May 17 22:44:16 CEST 2014: 63: finished (2ms, 15cycles)
Sat May 17 22:44:16 CEST 2014: 63: Solution found.
Sat May 17 22:44:16 CEST 2014: 64: finished (70ms, 500cycles)
Sat May 17 22:44:16 CEST 2014: 64: No solution found.
Sat May 17 22:44:16 CEST 2014: 65: finished (64ms, 500cycles)
Sat May 17 22:44:16 CEST 2014: 65: No solution found.
Sat May 17 22:44:16 CEST 2014: 66: finished (3ms, 19cycles)
Sat May 17 22:44:16 CEST 2014: 66: Solution found.
Sat May 17 22:44:17 CEST 2014: 67: finished (61ms, 500cycles)
Sat May 17 22:44:17 CEST 2014: 67: No solution found.
Sat May 17 22:44:17 CEST 2014: 68: finished (2ms, 13cycles)
Sat May 17 22:44:17 CEST 2014: 68: Solution found.
Sat May 17 22:44:17 CEST 2014: 69: finished (66ms, 500cycles)
Sat May 17 22:44:17 CEST 2014: 69: No solution found.
Sat May 17 22:44:17 CEST 2014: 70: finished (66ms, 500cycles)
Sat May 17 22:44:17 CEST 2014: 70: No solution found.
Sat May 17 22:44:17 CEST 2014: 71: finished (58ms, 500cycles)
Sat May 17 22:44:17 CEST 2014: 71: No solution found.
Sat May 17 22:44:17 CEST 2014: 72: finished (1ms, 4cycles)
Sat May 17 22:44:17 CEST 2014: 72: Solution found.
Sat May 17 22:44:17 CEST 2014: 73: finished (62ms, 500cycles)
Sat May 17 22:44:17 CEST 2014: 73: No solution found.
Sat May 17 22:44:17 CEST 2014: 74: finished (60ms, 500cycles)
Sat May 17 22:44:17 CEST 2014: 74: No solution found.
Sat May 17 22:44:17 CEST 2014: 75: finished (7ms, 26cycles)
Sat May 17 22:44:17 CEST 2014: 75: Solution found.
Sat May 17 22:44:17 CEST 2014: 76: finished (61ms, 500cycles)
Sat May 17 22:44:17 CEST 2014: 76: No solution found.
Sat May 17 22:44:17 CEST 2014: 77: finished (2ms, 10cycles)
Sat May 17 22:44:17 CEST 2014: 77: Solution found.
Sat May 17 22:44:17 CEST 2014: 78: finished (3ms, 19cycles)
Sat May 17 22:44:17 CEST 2014: 78: Solution found.
Sat May 17 22:44:17 CEST 2014: 79: finished (63ms, 500cycles)
Sat May 17 22:44:17 CEST 2014: 79: No solution found.
Sat May 17 22:44:17 CEST 2014: 80: finished (2ms, 11cycles)
Sat May 17 22:44:17 CEST 2014: 80: Solution found.
Sat May 17 22:44:17 CEST 2014: 81: finished (5ms, 35cycles)
Sat May 17 22:44:17 CEST 2014: 81: Solution found.
Sat May 17 22:44:17 CEST 2014: 82: finished (61ms, 500cycles)
Sat May 17 22:44:17 CEST 2014: 82: No solution found.
Sat May 17 22:44:17 CEST 2014: 83: finished (51ms, 361cycles)
Sat May 17 22:44:17 CEST 2014: 83: Solution found.
Sat May 17 22:44:17 CEST 2014: 84: finished (67ms, 500cycles)
Sat May 17 22:44:17 CEST 2014: 84: No solution found.
Sat May 17 22:44:17 CEST 2014: 85: finished (9ms, 66cycles)
Sat May 17 22:44:17 CEST 2014: 85: Solution found.
Sat May 17 22:44:17 CEST 2014: 86: finished (88ms, 500cycles)
Sat May 17 22:44:17 CEST 2014: 86: No solution found.
Sat May 17 22:44:17 CEST 2014: 87: finished (59ms, 500cycles)
Sat May 17 22:44:17 CEST 2014: 87: No solution found.
Sat May 17 22:44:17 CEST 2014: 88: finished (3ms, 15cycles)
Sat May 17 22:44:17 CEST 2014: 88: Solution found.
Sat May 17 22:44:17 CEST 2014: 89: finished (8ms, 59cycles)
Sat May 17 22:44:17 CEST 2014: 89: Solution found.
Sat May 17 22:44:17 CEST 2014: 90: finished (62ms, 500cycles)
Sat May 17 22:44:17 CEST 2014: 90: No solution found.
Sat May 17 22:44:17 CEST 2014: 91: finished (5ms, 42cycles)
Sat May 17 22:44:17 CEST 2014: 91: Solution found.
Sat May 17 22:44:17 CEST 2014: 92: finished (61ms, 500cycles)
Sat May 17 22:44:17 CEST 2014: 92: No solution found.
Sat May 17 22:44:17 CEST 2014: 93: finished (2ms, 18cycles)
Sat May 17 22:44:17 CEST 2014: 93: Solution found.
Sat May 17 22:44:18 CEST 2014: 94: finished (58ms, 500cycles)
Sat May 17 22:44:18 CEST 2014: 94: No solution found.
Sat May 17 22:44:18 CEST 2014: 95: finished (15ms, 100cycles)
Sat May 17 22:44:18 CEST 2014: 95: Solution found.
Sat May 17 22:44:18 CEST 2014: 96: finished (60ms, 500cycles)
Sat May 17 22:44:18 CEST 2014: 96: No solution found.
Sat May 17 22:44:18 CEST 2014: 97: finished (3ms, 19cycles)
Sat May 17 22:44:18 CEST 2014: 97: Solution found.
Sat May 17 22:44:18 CEST 2014: 98: finished (50ms, 500cycles)
Sat May 17 22:44:18 CEST 2014: 98: No solution found.
Sat May 17 22:44:18 CEST 2014: 99: finished (60ms, 500cycles)
Sat May 17 22:44:18 CEST 2014: 99: No solution found.
Sat May 17 22:44:18 CEST 2014: Solution Found: 45
Sat May 17 22:44:18 CEST 2014: Avg cycles: 64
Sat May 17 22:44:18 CEST 2014: Max cycles: 361
Sat May 17 22:44:18 CEST 2014: Min cycles: 4
Sat May 17 22:44:18 CEST 2014: No solution found: 55
Sat May 17 22:44:18 CEST 2014: logging finished. (runtime: 4048ms)
