Sun May 18 20:13:29 CEST 2014: Problem Count: 10
Sun May 18 20:13:29 CEST 2014: CandidatesCount: 50
Sun May 18 20:13:29 CEST 2014: Max Cycles: 500
Sun May 18 20:13:29 CEST 2014: 0: finished (0ms, 3cycles)
Sun May 18 20:13:29 CEST 2014: 0: Solution found.
Sun May 18 20:13:29 CEST 2014: 1: finished (2ms, 6cycles)
Sun May 18 20:13:29 CEST 2014: 1: Solution found.
Sun May 18 20:13:29 CEST 2014: 2: finished (290ms, 500cycles)
Sun May 18 20:13:29 CEST 2014: 2: No solution found.
Sun May 18 20:13:29 CEST 2014: 3: finished (54ms, 500cycles)
Sun May 18 20:13:29 CEST 2014: 3: No solution found.
Sun May 18 20:13:29 CEST 2014: 4: finished (50ms, 500cycles)
Sun May 18 20:13:29 CEST 2014: 4: No solution found.
Sun May 18 20:13:30 CEST 2014: 5: finished (218ms, 500cycles)
Sun May 18 20:13:30 CEST 2014: 5: No solution found.
Sun May 18 20:13:30 CEST 2014: 6: finished (1ms, 4cycles)
Sun May 18 20:13:30 CEST 2014: 6: Solution found.
Sun May 18 20:13:30 CEST 2014: 7: finished (5ms, 21cycles)
Sun May 18 20:13:30 CEST 2014: 7: Solution found.
Sun May 18 20:13:30 CEST 2014: 8: finished (15ms, 85cycles)
Sun May 18 20:13:30 CEST 2014: 8: Solution found.
Sun May 18 20:13:30 CEST 2014: 9: finished (103ms, 500cycles)
Sun May 18 20:13:30 CEST 2014: 9: No solution found.
Sun May 18 20:13:30 CEST 2014: 10: finished (1ms, 5cycles)
Sun May 18 20:13:30 CEST 2014: 10: Solution found.
Sun May 18 20:13:30 CEST 2014: 11: finished (48ms, 500cycles)
Sun May 18 20:13:30 CEST 2014: 11: No solution found.
Sun May 18 20:13:30 CEST 2014: 12: finished (2ms, 8cycles)
Sun May 18 20:13:30 CEST 2014: 12: Solution found.
Sun May 18 20:13:30 CEST 2014: 13: finished (360ms, 500cycles)
Sun May 18 20:13:30 CEST 2014: 13: No solution found.
Sun May 18 20:13:30 CEST 2014: 14: finished (2ms, 10cycles)
Sun May 18 20:13:30 CEST 2014: 14: Solution found.
Sun May 18 20:13:30 CEST 2014: 15: finished (60ms, 500cycles)
Sun May 18 20:13:30 CEST 2014: 15: No solution found.
Sun May 18 20:13:30 CEST 2014: 16: finished (4ms, 24cycles)
Sun May 18 20:13:30 CEST 2014: 16: Solution found.
Sun May 18 20:13:30 CEST 2014: 17: finished (59ms, 500cycles)
Sun May 18 20:13:30 CEST 2014: 17: No solution found.
Sun May 18 20:13:30 CEST 2014: 18: finished (2ms, 6cycles)
Sun May 18 20:13:30 CEST 2014: 18: Solution found.
Sun May 18 20:13:30 CEST 2014: 19: finished (0ms, 4cycles)
Sun May 18 20:13:30 CEST 2014: 19: Solution found.
Sun May 18 20:13:31 CEST 2014: 20: finished (225ms, 500cycles)
Sun May 18 20:13:31 CEST 2014: 20: No solution found.
Sun May 18 20:13:31 CEST 2014: 21: finished (471ms, 500cycles)
Sun May 18 20:13:31 CEST 2014: 21: No solution found.
Sun May 18 20:13:31 CEST 2014: 22: finished (1ms, 8cycles)
Sun May 18 20:13:31 CEST 2014: 22: Solution found.
Sun May 18 20:13:31 CEST 2014: 23: finished (420ms, 500cycles)
Sun May 18 20:13:31 CEST 2014: 23: No solution found.
Sun May 18 20:13:31 CEST 2014: 24: finished (1ms, 8cycles)
Sun May 18 20:13:31 CEST 2014: 24: Solution found.
Sun May 18 20:13:32 CEST 2014: 25: finished (233ms, 500cycles)
Sun May 18 20:13:32 CEST 2014: 25: No solution found.
Sun May 18 20:13:32 CEST 2014: 26: finished (50ms, 500cycles)
Sun May 18 20:13:32 CEST 2014: 26: No solution found.
Sun May 18 20:13:32 CEST 2014: 27: finished (3ms, 14cycles)
Sun May 18 20:13:32 CEST 2014: 27: Solution found.
Sun May 18 20:13:32 CEST 2014: 28: finished (248ms, 232cycles)
Sun May 18 20:13:32 CEST 2014: 28: Solution found.
Sun May 18 20:13:32 CEST 2014: 29: finished (475ms, 500cycles)
Sun May 18 20:13:32 CEST 2014: 29: No solution found.
Sun May 18 20:13:32 CEST 2014: 30: finished (8ms, 15cycles)
Sun May 18 20:13:32 CEST 2014: 30: Solution found.
Sun May 18 20:13:33 CEST 2014: 31: finished (79ms, 73cycles)
Sun May 18 20:13:33 CEST 2014: 31: Solution found.
Sun May 18 20:13:33 CEST 2014: 32: finished (17ms, 36cycles)
Sun May 18 20:13:33 CEST 2014: 32: Solution found.
Sun May 18 20:13:33 CEST 2014: 33: finished (62ms, 57cycles)
Sun May 18 20:13:33 CEST 2014: 33: Solution found.
Sun May 18 20:13:33 CEST 2014: 34: finished (118ms, 500cycles)
Sun May 18 20:13:33 CEST 2014: 34: No solution found.
Sun May 18 20:13:33 CEST 2014: 35: finished (4ms, 9cycles)
Sun May 18 20:13:33 CEST 2014: 35: Solution found.
Sun May 18 20:13:33 CEST 2014: 36: finished (3ms, 5cycles)
Sun May 18 20:13:33 CEST 2014: 36: Solution found.
Sun May 18 20:13:33 CEST 2014: 37: finished (100ms, 69cycles)
Sun May 18 20:13:33 CEST 2014: 37: Solution found.
Sun May 18 20:13:33 CEST 2014: 38: finished (580ms, 500cycles)
Sun May 18 20:13:33 CEST 2014: 38: No solution found.
Sun May 18 20:13:34 CEST 2014: 39: finished (135ms, 500cycles)
Sun May 18 20:13:34 CEST 2014: 39: No solution found.
Sun May 18 20:13:34 CEST 2014: 40: finished (11ms, 20cycles)
Sun May 18 20:13:34 CEST 2014: 40: Solution found.
Sun May 18 20:13:34 CEST 2014: 41: finished (614ms, 500cycles)
Sun May 18 20:13:34 CEST 2014: 41: No solution found.
Sun May 18 20:13:34 CEST 2014: 42: finished (33ms, 28cycles)
Sun May 18 20:13:34 CEST 2014: 42: Solution found.
Sun May 18 20:13:35 CEST 2014: 43: finished (872ms, 500cycles)
Sun May 18 20:13:35 CEST 2014: 43: No solution found.
Sun May 18 20:13:35 CEST 2014: 44: finished (117ms, 500cycles)
Sun May 18 20:13:35 CEST 2014: 44: No solution found.
Sun May 18 20:13:35 CEST 2014: 45: finished (23ms, 41cycles)
Sun May 18 20:13:35 CEST 2014: 45: Solution found.
Sun May 18 20:13:35 CEST 2014: 46: finished (18ms, 26cycles)
Sun May 18 20:13:35 CEST 2014: 46: Solution found.
Sun May 18 20:13:35 CEST 2014: 47: finished (114ms, 65cycles)
Sun May 18 20:13:35 CEST 2014: 47: Solution found.
Sun May 18 20:13:35 CEST 2014: 48: finished (157ms, 97cycles)
Sun May 18 20:13:35 CEST 2014: 48: Solution found.
Sun May 18 20:13:36 CEST 2014: 49: finished (457ms, 385cycles)
Sun May 18 20:13:36 CEST 2014: 49: Solution found.
Sun May 18 20:13:36 CEST 2014: 50: finished (258ms, 500cycles)
Sun May 18 20:13:36 CEST 2014: 50: No solution found.
Sun May 18 20:13:37 CEST 2014: 51: finished (305ms, 500cycles)
Sun May 18 20:13:37 CEST 2014: 51: No solution found.
Sun May 18 20:13:37 CEST 2014: 52: finished (16ms, 15cycles)
Sun May 18 20:13:37 CEST 2014: 52: Solution found.
Sun May 18 20:13:37 CEST 2014: 53: finished (2ms, 9cycles)
Sun May 18 20:13:37 CEST 2014: 53: Solution found.
Sun May 18 20:13:37 CEST 2014: 54: finished (229ms, 500cycles)
Sun May 18 20:13:37 CEST 2014: 54: No solution found.
Sun May 18 20:13:37 CEST 2014: 55: finished (31ms, 46cycles)
Sun May 18 20:13:37 CEST 2014: 55: Solution found.
Sun May 18 20:13:37 CEST 2014: 56: finished (57ms, 500cycles)
Sun May 18 20:13:37 CEST 2014: 56: No solution found.
Sun May 18 20:13:37 CEST 2014: 57: finished (266ms, 500cycles)
Sun May 18 20:13:37 CEST 2014: 57: No solution found.
Sun May 18 20:13:37 CEST 2014: 58: finished (8ms, 24cycles)
Sun May 18 20:13:37 CEST 2014: 58: Solution found.
Sun May 18 20:13:37 CEST 2014: 59: finished (43ms, 500cycles)
Sun May 18 20:13:37 CEST 2014: 59: No solution found.
Sun May 18 20:13:37 CEST 2014: 60: finished (264ms, 500cycles)
Sun May 18 20:13:37 CEST 2014: 60: No solution found.
Sun May 18 20:13:38 CEST 2014: 61: finished (247ms, 500cycles)
Sun May 18 20:13:38 CEST 2014: 61: No solution found.
Sun May 18 20:13:38 CEST 2014: 62: finished (60ms, 500cycles)
Sun May 18 20:13:38 CEST 2014: 62: No solution found.
Sun May 18 20:13:38 CEST 2014: 63: finished (4ms, 6cycles)
Sun May 18 20:13:38 CEST 2014: 63: Solution found.
Sun May 18 20:13:38 CEST 2014: 64: finished (52ms, 500cycles)
Sun May 18 20:13:38 CEST 2014: 64: No solution found.
Sun May 18 20:13:38 CEST 2014: 65: finished (334ms, 500cycles)
Sun May 18 20:13:38 CEST 2014: 65: No solution found.
Sun May 18 20:13:38 CEST 2014: 66: finished (4ms, 26cycles)
Sun May 18 20:13:38 CEST 2014: 66: Solution found.
Sun May 18 20:13:38 CEST 2014: 67: finished (6ms, 32cycles)
Sun May 18 20:13:38 CEST 2014: 67: Solution found.
Sun May 18 20:13:38 CEST 2014: 68: finished (357ms, 500cycles)
Sun May 18 20:13:38 CEST 2014: 68: No solution found.
Sun May 18 20:13:39 CEST 2014: 69: finished (227ms, 500cycles)
Sun May 18 20:13:39 CEST 2014: 69: No solution found.
Sun May 18 20:13:39 CEST 2014: 70: finished (54ms, 500cycles)
Sun May 18 20:13:39 CEST 2014: 70: No solution found.
Sun May 18 20:13:39 CEST 2014: 71: finished (2ms, 11cycles)
Sun May 18 20:13:39 CEST 2014: 71: Solution found.
Sun May 18 20:13:39 CEST 2014: 72: finished (2ms, 8cycles)
Sun May 18 20:13:39 CEST 2014: 72: Solution found.
Sun May 18 20:13:39 CEST 2014: 73: finished (45ms, 500cycles)
Sun May 18 20:13:39 CEST 2014: 73: No solution found.
Sun May 18 20:13:39 CEST 2014: 74: finished (182ms, 252cycles)
Sun May 18 20:13:39 CEST 2014: 74: Solution found.
Sun May 18 20:13:39 CEST 2014: 75: finished (283ms, 500cycles)
Sun May 18 20:13:39 CEST 2014: 75: No solution found.
Sun May 18 20:13:40 CEST 2014: 76: finished (231ms, 500cycles)
Sun May 18 20:13:40 CEST 2014: 76: No solution found.
Sun May 18 20:13:40 CEST 2014: 77: finished (1ms, 7cycles)
Sun May 18 20:13:40 CEST 2014: 77: Solution found.
Sun May 18 20:13:40 CEST 2014: 78: finished (1ms, 6cycles)
Sun May 18 20:13:40 CEST 2014: 78: Solution found.
Sun May 18 20:13:40 CEST 2014: 79: finished (6ms, 31cycles)
Sun May 18 20:13:40 CEST 2014: 79: Solution found.
Sun May 18 20:13:40 CEST 2014: 80: finished (4ms, 18cycles)
Sun May 18 20:13:40 CEST 2014: 80: Solution found.
Sun May 18 20:13:40 CEST 2014: 81: finished (213ms, 500cycles)
Sun May 18 20:13:40 CEST 2014: 81: No solution found.
Sun May 18 20:13:40 CEST 2014: 82: finished (247ms, 500cycles)
Sun May 18 20:13:40 CEST 2014: 82: No solution found.
Sun May 18 20:13:40 CEST 2014: 83: finished (7ms, 18cycles)
Sun May 18 20:13:40 CEST 2014: 83: Solution found.
Sun May 18 20:13:40 CEST 2014: 84: finished (10ms, 45cycles)
Sun May 18 20:13:40 CEST 2014: 84: Solution found.
Sun May 18 20:13:40 CEST 2014: 85: finished (404ms, 500cycles)
Sun May 18 20:13:40 CEST 2014: 85: No solution found.
Sun May 18 20:13:41 CEST 2014: 86: finished (418ms, 490cycles)
Sun May 18 20:13:41 CEST 2014: 86: Solution found.
Sun May 18 20:13:41 CEST 2014: 87: finished (6ms, 16cycles)
Sun May 18 20:13:41 CEST 2014: 87: Solution found.
Sun May 18 20:13:41 CEST 2014: 88: finished (1ms, 6cycles)
Sun May 18 20:13:41 CEST 2014: 88: Solution found.
Sun May 18 20:13:41 CEST 2014: 89: finished (395ms, 500cycles)
Sun May 18 20:13:41 CEST 2014: 89: No solution found.
Sun May 18 20:13:42 CEST 2014: 90: finished (341ms, 500cycles)
Sun May 18 20:13:42 CEST 2014: 90: No solution found.
Sun May 18 20:13:42 CEST 2014: 91: finished (29ms, 38cycles)
Sun May 18 20:13:42 CEST 2014: 91: Solution found.
Sun May 18 20:13:42 CEST 2014: 92: finished (51ms, 500cycles)
Sun May 18 20:13:42 CEST 2014: 92: No solution found.
Sun May 18 20:13:42 CEST 2014: 93: finished (13ms, 46cycles)
Sun May 18 20:13:42 CEST 2014: 93: Solution found.
Sun May 18 20:13:42 CEST 2014: 94: finished (161ms, 232cycles)
Sun May 18 20:13:42 CEST 2014: 94: Solution found.
Sun May 18 20:13:42 CEST 2014: 95: finished (2ms, 11cycles)
Sun May 18 20:13:42 CEST 2014: 95: Solution found.
Sun May 18 20:13:42 CEST 2014: 96: finished (269ms, 500cycles)
Sun May 18 20:13:42 CEST 2014: 96: No solution found.
Sun May 18 20:13:42 CEST 2014: 97: finished (3ms, 16cycles)
Sun May 18 20:13:42 CEST 2014: 97: Solution found.
Sun May 18 20:13:42 CEST 2014: 98: finished (45ms, 500cycles)
Sun May 18 20:13:42 CEST 2014: 98: No solution found.
Sun May 18 20:13:42 CEST 2014: 99: finished (197ms, 500cycles)
Sun May 18 20:13:42 CEST 2014: 99: No solution found.
Sun May 18 20:13:42 CEST 2014: Solution Found: 53
Sun May 18 20:13:42 CEST 2014: Avg cycles: 52
Sun May 18 20:13:42 CEST 2014: Max cycles: 490
Sun May 18 20:13:42 CEST 2014: Min cycles: 3
Sun May 18 20:13:42 CEST 2014: No solution found: 47
Sun May 18 20:13:42 CEST 2014: logging finished. (runtime: 13340ms)
