Sat May 17 23:45:52 CEST 2014: Problem Count: 30
Sat May 17 23:45:52 CEST 2014: CandidatesCount: 30
Sat May 17 23:45:52 CEST 2014: Max Cycles: 500
Sat May 17 23:45:52 CEST 2014: 0: finished (83ms, 500cycles)
Sat May 17 23:45:52 CEST 2014: 0: No solution found.
Sat May 17 23:45:52 CEST 2014: 1: finished (90ms, 500cycles)
Sat May 17 23:45:52 CEST 2014: 1: No solution found.
Sat May 17 23:45:52 CEST 2014: 2: finished (85ms, 500cycles)
Sat May 17 23:45:52 CEST 2014: 2: No solution found.
Sat May 17 23:45:52 CEST 2014: 3: finished (2ms, 8cycles)
Sat May 17 23:45:52 CEST 2014: 3: Solution found.
Sat May 17 23:45:52 CEST 2014: 4: finished (15ms, 76cycles)
Sat May 17 23:45:52 CEST 2014: 4: Solution found.
Sat May 17 23:45:53 CEST 2014: 5: finished (90ms, 500cycles)
Sat May 17 23:45:53 CEST 2014: 5: No solution found.
Sat May 17 23:45:53 CEST 2014: 6: finished (100ms, 500cycles)
Sat May 17 23:45:53 CEST 2014: 6: No solution found.
Sat May 17 23:45:53 CEST 2014: 7: finished (85ms, 500cycles)
Sat May 17 23:45:53 CEST 2014: 7: No solution found.
Sat May 17 23:45:53 CEST 2014: 8: finished (8ms, 29cycles)
Sat May 17 23:45:53 CEST 2014: 8: Solution found.
Sat May 17 23:45:53 CEST 2014: 9: finished (225ms, 500cycles)
Sat May 17 23:45:53 CEST 2014: 9: No solution found.
Sat May 17 23:45:53 CEST 2014: 10: finished (243ms, 500cycles)
Sat May 17 23:45:53 CEST 2014: 10: No solution found.
Sat May 17 23:45:53 CEST 2014: 11: finished (3ms, 4cycles)
Sat May 17 23:45:53 CEST 2014: 11: Solution found.
Sat May 17 23:45:53 CEST 2014: 12: finished (221ms, 500cycles)
Sat May 17 23:45:53 CEST 2014: 12: No solution found.
Sat May 17 23:45:53 CEST 2014: 13: finished (13ms, 19cycles)
Sat May 17 23:45:53 CEST 2014: 13: Solution found.
Sat May 17 23:45:53 CEST 2014: 14: finished (19ms, 31cycles)
Sat May 17 23:45:53 CEST 2014: 14: Solution found.
Sat May 17 23:45:54 CEST 2014: 15: finished (243ms, 500cycles)
Sat May 17 23:45:54 CEST 2014: 15: No solution found.
Sat May 17 23:45:54 CEST 2014: 16: finished (241ms, 500cycles)
Sat May 17 23:45:54 CEST 2014: 16: No solution found.
Sat May 17 23:45:54 CEST 2014: 17: finished (31ms, 54cycles)
Sat May 17 23:45:54 CEST 2014: 17: Solution found.
Sat May 17 23:45:54 CEST 2014: 18: finished (254ms, 500cycles)
Sat May 17 23:45:54 CEST 2014: 18: No solution found.
Sat May 17 23:45:55 CEST 2014: 19: finished (287ms, 500cycles)
Sat May 17 23:45:55 CEST 2014: 19: No solution found.
Sat May 17 23:45:55 CEST 2014: 20: finished (274ms, 500cycles)
Sat May 17 23:45:55 CEST 2014: 20: No solution found.
Sat May 17 23:45:55 CEST 2014: 21: finished (249ms, 500cycles)
Sat May 17 23:45:55 CEST 2014: 21: No solution found.
Sat May 17 23:45:55 CEST 2014: 22: finished (12ms, 22cycles)
Sat May 17 23:45:55 CEST 2014: 22: Solution found.
Sat May 17 23:45:55 CEST 2014: 23: finished (8ms, 14cycles)
Sat May 17 23:45:55 CEST 2014: 23: Solution found.
Sat May 17 23:45:55 CEST 2014: 24: finished (29ms, 48cycles)
Sat May 17 23:45:55 CEST 2014: 24: Solution found.
Sat May 17 23:45:55 CEST 2014: 25: finished (249ms, 500cycles)
Sat May 17 23:45:55 CEST 2014: 25: No solution found.
Sat May 17 23:45:56 CEST 2014: 26: finished (214ms, 500cycles)
Sat May 17 23:45:56 CEST 2014: 26: No solution found.
Sat May 17 23:45:56 CEST 2014: 27: finished (23ms, 40cycles)
Sat May 17 23:45:56 CEST 2014: 27: Solution found.
Sat May 17 23:45:56 CEST 2014: 28: finished (23ms, 44cycles)
Sat May 17 23:45:56 CEST 2014: 28: Solution found.
Sat May 17 23:45:56 CEST 2014: 29: finished (258ms, 500cycles)
Sat May 17 23:45:56 CEST 2014: 29: No solution found.
Sat May 17 23:45:56 CEST 2014: 30: finished (253ms, 500cycles)
Sat May 17 23:45:56 CEST 2014: 30: No solution found.
Sat May 17 23:45:56 CEST 2014: 31: finished (247ms, 500cycles)
Sat May 17 23:45:56 CEST 2014: 31: No solution found.
Sat May 17 23:45:56 CEST 2014: 32: finished (24ms, 46cycles)
Sat May 17 23:45:56 CEST 2014: 32: Solution found.
Sat May 17 23:45:57 CEST 2014: 33: finished (286ms, 500cycles)
Sat May 17 23:45:57 CEST 2014: 33: No solution found.
Sat May 17 23:45:57 CEST 2014: 34: finished (10ms, 19cycles)
Sat May 17 23:45:57 CEST 2014: 34: Solution found.
Sat May 17 23:45:57 CEST 2014: 35: finished (239ms, 500cycles)
Sat May 17 23:45:57 CEST 2014: 35: No solution found.
Sat May 17 23:45:57 CEST 2014: 36: finished (253ms, 500cycles)
Sat May 17 23:45:57 CEST 2014: 36: No solution found.
Sat May 17 23:45:57 CEST 2014: 37: finished (271ms, 500cycles)
Sat May 17 23:45:57 CEST 2014: 37: No solution found.
Sat May 17 23:45:58 CEST 2014: 38: finished (261ms, 500cycles)
Sat May 17 23:45:58 CEST 2014: 38: No solution found.
Sat May 17 23:45:58 CEST 2014: 39: finished (229ms, 500cycles)
Sat May 17 23:45:58 CEST 2014: 39: No solution found.
Sat May 17 23:45:58 CEST 2014: 40: finished (19ms, 30cycles)
Sat May 17 23:45:58 CEST 2014: 40: Solution found.
Sat May 17 23:45:58 CEST 2014: 41: finished (6ms, 8cycles)
Sat May 17 23:45:58 CEST 2014: 41: Solution found.
Sat May 17 23:45:58 CEST 2014: 42: finished (260ms, 500cycles)
Sat May 17 23:45:58 CEST 2014: 42: No solution found.
Sat May 17 23:45:58 CEST 2014: 43: finished (242ms, 500cycles)
Sat May 17 23:45:58 CEST 2014: 43: No solution found.
Sat May 17 23:45:58 CEST 2014: 44: finished (4ms, 5cycles)
Sat May 17 23:45:58 CEST 2014: 44: Solution found.
Sat May 17 23:45:58 CEST 2014: 45: finished (9ms, 15cycles)
Sat May 17 23:45:58 CEST 2014: 45: Solution found.
Sat May 17 23:45:59 CEST 2014: 46: finished (10ms, 20cycles)
Sat May 17 23:45:59 CEST 2014: 46: Solution found.
Sat May 17 23:45:59 CEST 2014: 47: finished (268ms, 500cycles)
Sat May 17 23:45:59 CEST 2014: 47: No solution found.
Sat May 17 23:45:59 CEST 2014: 48: finished (176ms, 500cycles)
Sat May 17 23:45:59 CEST 2014: 48: No solution found.
Sat May 17 23:45:59 CEST 2014: 49: finished (3ms, 13cycles)
Sat May 17 23:45:59 CEST 2014: 49: Solution found.
Sat May 17 23:45:59 CEST 2014: 50: finished (86ms, 500cycles)
Sat May 17 23:45:59 CEST 2014: 50: No solution found.
Sat May 17 23:45:59 CEST 2014: 51: finished (5ms, 23cycles)
Sat May 17 23:45:59 CEST 2014: 51: Solution found.
Sat May 17 23:45:59 CEST 2014: 52: finished (5ms, 26cycles)
Sat May 17 23:45:59 CEST 2014: 52: Solution found.
Sat May 17 23:45:59 CEST 2014: 53: finished (127ms, 500cycles)
Sat May 17 23:45:59 CEST 2014: 53: No solution found.
Sat May 17 23:45:59 CEST 2014: 54: finished (6ms, 29cycles)
Sat May 17 23:45:59 CEST 2014: 54: Solution found.
Sat May 17 23:45:59 CEST 2014: 55: finished (4ms, 16cycles)
Sat May 17 23:45:59 CEST 2014: 55: Solution found.
Sat May 17 23:45:59 CEST 2014: 56: finished (118ms, 500cycles)
Sat May 17 23:45:59 CEST 2014: 56: No solution found.
Sat May 17 23:45:59 CEST 2014: 57: finished (105ms, 500cycles)
Sat May 17 23:45:59 CEST 2014: 57: No solution found.
Sat May 17 23:45:59 CEST 2014: 58: finished (86ms, 500cycles)
Sat May 17 23:45:59 CEST 2014: 58: No solution found.
Sat May 17 23:46:00 CEST 2014: 59: finished (29ms, 153cycles)
Sat May 17 23:46:00 CEST 2014: 59: Solution found.
Sat May 17 23:46:00 CEST 2014: 60: finished (99ms, 500cycles)
Sat May 17 23:46:00 CEST 2014: 60: No solution found.
Sat May 17 23:46:00 CEST 2014: 61: finished (8ms, 39cycles)
Sat May 17 23:46:00 CEST 2014: 61: Solution found.
Sat May 17 23:46:00 CEST 2014: 62: finished (5ms, 25cycles)
Sat May 17 23:46:00 CEST 2014: 62: Solution found.
Sat May 17 23:46:00 CEST 2014: 63: finished (84ms, 500cycles)
Sat May 17 23:46:00 CEST 2014: 63: No solution found.
Sat May 17 23:46:00 CEST 2014: 64: finished (5ms, 21cycles)
Sat May 17 23:46:00 CEST 2014: 64: Solution found.
Sat May 17 23:46:00 CEST 2014: 65: finished (96ms, 500cycles)
Sat May 17 23:46:00 CEST 2014: 65: No solution found.
Sat May 17 23:46:00 CEST 2014: 66: finished (92ms, 500cycles)
Sat May 17 23:46:00 CEST 2014: 66: No solution found.
Sat May 17 23:46:00 CEST 2014: 67: finished (18ms, 91cycles)
Sat May 17 23:46:00 CEST 2014: 67: Solution found.
Sat May 17 23:46:00 CEST 2014: 68: finished (93ms, 500cycles)
Sat May 17 23:46:00 CEST 2014: 68: No solution found.
Sat May 17 23:46:00 CEST 2014: 69: finished (97ms, 500cycles)
Sat May 17 23:46:00 CEST 2014: 69: No solution found.
Sat May 17 23:46:00 CEST 2014: 70: finished (85ms, 500cycles)
Sat May 17 23:46:00 CEST 2014: 70: No solution found.
Sat May 17 23:46:00 CEST 2014: 71: finished (7ms, 31cycles)
Sat May 17 23:46:00 CEST 2014: 71: Solution found.
Sat May 17 23:46:00 CEST 2014: 72: finished (143ms, 500cycles)
Sat May 17 23:46:00 CEST 2014: 72: No solution found.
Sat May 17 23:46:00 CEST 2014: 73: finished (86ms, 432cycles)
Sat May 17 23:46:00 CEST 2014: 73: Solution found.
Sat May 17 23:46:00 CEST 2014: 74: finished (3ms, 13cycles)
Sat May 17 23:46:00 CEST 2014: 74: Solution found.
Sat May 17 23:46:01 CEST 2014: 75: finished (81ms, 500cycles)
Sat May 17 23:46:01 CEST 2014: 75: No solution found.
Sat May 17 23:46:01 CEST 2014: 76: finished (84ms, 500cycles)
Sat May 17 23:46:01 CEST 2014: 76: No solution found.
Sat May 17 23:46:01 CEST 2014: 77: finished (5ms, 26cycles)
Sat May 17 23:46:01 CEST 2014: 77: Solution found.
Sat May 17 23:46:01 CEST 2014: 78: finished (7ms, 38cycles)
Sat May 17 23:46:01 CEST 2014: 78: Solution found.
Sat May 17 23:46:01 CEST 2014: 79: finished (107ms, 500cycles)
Sat May 17 23:46:01 CEST 2014: 79: No solution found.
Sat May 17 23:46:01 CEST 2014: 80: finished (9ms, 45cycles)
Sat May 17 23:46:01 CEST 2014: 80: Solution found.
Sat May 17 23:46:01 CEST 2014: 81: finished (2ms, 10cycles)
Sat May 17 23:46:01 CEST 2014: 81: Solution found.
Sat May 17 23:46:01 CEST 2014: 82: finished (6ms, 27cycles)
Sat May 17 23:46:01 CEST 2014: 82: Solution found.
Sat May 17 23:46:01 CEST 2014: 83: finished (4ms, 20cycles)
Sat May 17 23:46:01 CEST 2014: 83: Solution found.
Sat May 17 23:46:01 CEST 2014: 84: finished (90ms, 500cycles)
Sat May 17 23:46:01 CEST 2014: 84: No solution found.
Sat May 17 23:46:01 CEST 2014: 85: finished (91ms, 500cycles)
Sat May 17 23:46:01 CEST 2014: 85: No solution found.
Sat May 17 23:46:01 CEST 2014: 86: finished (25ms, 127cycles)
Sat May 17 23:46:01 CEST 2014: 86: Solution found.
Sat May 17 23:46:01 CEST 2014: 87: finished (2ms, 8cycles)
Sat May 17 23:46:01 CEST 2014: 87: Solution found.
Sat May 17 23:46:01 CEST 2014: 88: finished (90ms, 500cycles)
Sat May 17 23:46:01 CEST 2014: 88: No solution found.
Sat May 17 23:46:01 CEST 2014: 89: finished (11ms, 45cycles)
Sat May 17 23:46:01 CEST 2014: 89: Solution found.
Sat May 17 23:46:01 CEST 2014: 90: finished (14ms, 73cycles)
Sat May 17 23:46:01 CEST 2014: 90: Solution found.
Sat May 17 23:46:01 CEST 2014: 91: finished (98ms, 500cycles)
Sat May 17 23:46:01 CEST 2014: 91: No solution found.
Sat May 17 23:46:01 CEST 2014: 92: finished (96ms, 500cycles)
Sat May 17 23:46:01 CEST 2014: 92: No solution found.
Sat May 17 23:46:01 CEST 2014: 93: finished (15ms, 80cycles)
Sat May 17 23:46:01 CEST 2014: 93: Solution found.
Sat May 17 23:46:01 CEST 2014: 94: finished (103ms, 500cycles)
Sat May 17 23:46:01 CEST 2014: 94: No solution found.
Sat May 17 23:46:01 CEST 2014: 95: finished (58ms, 95cycles)
Sat May 17 23:46:01 CEST 2014: 95: Solution found.
Sat May 17 23:46:02 CEST 2014: 96: finished (90ms, 500cycles)
Sat May 17 23:46:02 CEST 2014: 96: No solution found.
Sat May 17 23:46:02 CEST 2014: 97: finished (1ms, 5cycles)
Sat May 17 23:46:02 CEST 2014: 97: Solution found.
Sat May 17 23:46:02 CEST 2014: 98: finished (83ms, 500cycles)
Sat May 17 23:46:02 CEST 2014: 98: No solution found.
Sat May 17 23:46:02 CEST 2014: 99: finished (13ms, 69cycles)
Sat May 17 23:46:02 CEST 2014: 99: Solution found.
Sat May 17 23:46:02 CEST 2014: Solution Found: 46
Sat May 17 23:46:02 CEST 2014: Avg cycles: 45
Sat May 17 23:46:02 CEST 2014: Max cycles: 432
Sat May 17 23:46:02 CEST 2014: Min cycles: 4
Sat May 17 23:46:02 CEST 2014: No solution found: 54
Sat May 17 23:46:02 CEST 2014: logging finished. (runtime: 9450ms)
