Sun May 18 03:27:01 CEST 2014: Problem Count: 30
Sun May 18 03:27:01 CEST 2014: CandidatesCount: 30
Sun May 18 03:27:01 CEST 2014: Max Cycles: 500
Sun May 18 03:27:01 CEST 2014: 0: finished (38ms, 130cycles)
Sun May 18 03:27:01 CEST 2014: 0: Solution found.
Sun May 18 03:27:01 CEST 2014: 1: finished (14ms, 69cycles)
Sun May 18 03:27:01 CEST 2014: 1: Solution found.
Sun May 18 03:27:01 CEST 2014: 2: finished (5ms, 26cycles)
Sun May 18 03:27:01 CEST 2014: 2: Solution found.
Sun May 18 03:27:01 CEST 2014: 3: finished (106ms, 500cycles)
Sun May 18 03:27:01 CEST 2014: 3: No solution found.
Sun May 18 03:27:01 CEST 2014: 4: finished (4ms, 14cycles)
Sun May 18 03:27:01 CEST 2014: 4: Solution found.
Sun May 18 03:27:01 CEST 2014: 5: finished (5ms, 21cycles)
Sun May 18 03:27:01 CEST 2014: 5: Solution found.
Sun May 18 03:27:01 CEST 2014: 6: finished (6ms, 28cycles)
Sun May 18 03:27:01 CEST 2014: 6: Solution found.
Sun May 18 03:27:01 CEST 2014: 7: finished (97ms, 500cycles)
Sun May 18 03:27:01 CEST 2014: 7: No solution found.
Sun May 18 03:27:01 CEST 2014: 8: finished (97ms, 500cycles)
Sun May 18 03:27:01 CEST 2014: 8: No solution found.
Sun May 18 03:27:01 CEST 2014: 9: finished (88ms, 500cycles)
Sun May 18 03:27:01 CEST 2014: 9: No solution found.
Sun May 18 03:27:01 CEST 2014: 10: finished (90ms, 500cycles)
Sun May 18 03:27:01 CEST 2014: 10: No solution found.
Sun May 18 03:27:01 CEST 2014: 11: finished (5ms, 23cycles)
Sun May 18 03:27:01 CEST 2014: 11: Solution found.
Sun May 18 03:27:01 CEST 2014: 12: finished (4ms, 18cycles)
Sun May 18 03:27:01 CEST 2014: 12: Solution found.
Sun May 18 03:27:01 CEST 2014: 13: finished (5ms, 23cycles)
Sun May 18 03:27:01 CEST 2014: 13: Solution found.
Sun May 18 03:27:01 CEST 2014: 14: finished (11ms, 65cycles)
Sun May 18 03:27:01 CEST 2014: 14: Solution found.
Sun May 18 03:27:01 CEST 2014: 15: finished (80ms, 500cycles)
Sun May 18 03:27:01 CEST 2014: 15: No solution found.
Sun May 18 03:27:01 CEST 2014: 16: finished (91ms, 500cycles)
Sun May 18 03:27:01 CEST 2014: 16: No solution found.
Sun May 18 03:27:01 CEST 2014: 17: finished (2ms, 10cycles)
Sun May 18 03:27:01 CEST 2014: 17: Solution found.
Sun May 18 03:27:02 CEST 2014: 18: finished (141ms, 500cycles)
Sun May 18 03:27:02 CEST 2014: 18: No solution found.
Sun May 18 03:27:02 CEST 2014: 19: finished (3ms, 16cycles)
Sun May 18 03:27:02 CEST 2014: 19: Solution found.
Sun May 18 03:27:02 CEST 2014: 20: finished (86ms, 500cycles)
Sun May 18 03:27:02 CEST 2014: 20: No solution found.
Sun May 18 03:27:02 CEST 2014: 21: finished (2ms, 8cycles)
Sun May 18 03:27:02 CEST 2014: 21: Solution found.
Sun May 18 03:27:02 CEST 2014: 22: finished (9ms, 40cycles)
Sun May 18 03:27:02 CEST 2014: 22: Solution found.
Sun May 18 03:27:02 CEST 2014: 23: finished (21ms, 40cycles)
Sun May 18 03:27:02 CEST 2014: 23: Solution found.
Sun May 18 03:27:02 CEST 2014: 24: finished (100ms, 500cycles)
Sun May 18 03:27:02 CEST 2014: 24: No solution found.
Sun May 18 03:27:02 CEST 2014: 25: finished (87ms, 500cycles)
Sun May 18 03:27:02 CEST 2014: 25: No solution found.
Sun May 18 03:27:02 CEST 2014: 26: finished (92ms, 500cycles)
Sun May 18 03:27:02 CEST 2014: 26: No solution found.
Sun May 18 03:27:02 CEST 2014: 27: finished (4ms, 20cycles)
Sun May 18 03:27:02 CEST 2014: 27: Solution found.
Sun May 18 03:27:02 CEST 2014: 28: finished (6ms, 34cycles)
Sun May 18 03:27:02 CEST 2014: 28: Solution found.
Sun May 18 03:27:02 CEST 2014: 29: finished (2ms, 10cycles)
Sun May 18 03:27:02 CEST 2014: 29: Solution found.
Sun May 18 03:27:02 CEST 2014: 30: finished (71ms, 407cycles)
Sun May 18 03:27:02 CEST 2014: 30: Solution found.
Sun May 18 03:27:02 CEST 2014: 31: finished (15ms, 70cycles)
Sun May 18 03:27:02 CEST 2014: 31: Solution found.
Sun May 18 03:27:02 CEST 2014: 32: finished (86ms, 500cycles)
Sun May 18 03:27:02 CEST 2014: 32: No solution found.
Sun May 18 03:27:02 CEST 2014: 33: finished (17ms, 87cycles)
Sun May 18 03:27:02 CEST 2014: 33: Solution found.
Sun May 18 03:27:02 CEST 2014: 34: finished (7ms, 26cycles)
Sun May 18 03:27:02 CEST 2014: 34: Solution found.
Sun May 18 03:27:02 CEST 2014: 35: finished (4ms, 19cycles)
Sun May 18 03:27:02 CEST 2014: 35: Solution found.
Sun May 18 03:27:02 CEST 2014: 36: finished (92ms, 500cycles)
Sun May 18 03:27:02 CEST 2014: 36: No solution found.
Sun May 18 03:27:02 CEST 2014: 37: finished (1ms, 5cycles)
Sun May 18 03:27:02 CEST 2014: 37: Solution found.
Sun May 18 03:27:02 CEST 2014: 38: finished (6ms, 27cycles)
Sun May 18 03:27:02 CEST 2014: 38: Solution found.
Sun May 18 03:27:02 CEST 2014: 39: finished (6ms, 26cycles)
Sun May 18 03:27:02 CEST 2014: 39: Solution found.
Sun May 18 03:27:02 CEST 2014: 40: finished (85ms, 500cycles)
Sun May 18 03:27:02 CEST 2014: 40: No solution found.
Sun May 18 03:27:02 CEST 2014: 41: finished (13ms, 58cycles)
Sun May 18 03:27:02 CEST 2014: 41: Solution found.
Sun May 18 03:27:02 CEST 2014: 42: finished (90ms, 500cycles)
Sun May 18 03:27:02 CEST 2014: 42: No solution found.
Sun May 18 03:27:02 CEST 2014: 43: finished (88ms, 500cycles)
Sun May 18 03:27:02 CEST 2014: 43: No solution found.
Sun May 18 03:27:03 CEST 2014: 44: finished (93ms, 500cycles)
Sun May 18 03:27:03 CEST 2014: 44: No solution found.
Sun May 18 03:27:03 CEST 2014: 45: finished (97ms, 500cycles)
Sun May 18 03:27:03 CEST 2014: 45: No solution found.
Sun May 18 03:27:03 CEST 2014: 46: finished (7ms, 34cycles)
Sun May 18 03:27:03 CEST 2014: 46: Solution found.
Sun May 18 03:27:03 CEST 2014: 47: finished (113ms, 500cycles)
Sun May 18 03:27:03 CEST 2014: 47: No solution found.
Sun May 18 03:27:03 CEST 2014: 48: finished (120ms, 311cycles)
Sun May 18 03:27:03 CEST 2014: 48: Solution found.
Sun May 18 03:27:03 CEST 2014: 49: finished (85ms, 500cycles)
Sun May 18 03:27:03 CEST 2014: 49: No solution found.
Sun May 18 03:27:03 CEST 2014: 50: finished (88ms, 500cycles)
Sun May 18 03:27:03 CEST 2014: 50: No solution found.
Sun May 18 03:27:03 CEST 2014: 51: finished (1ms, 5cycles)
Sun May 18 03:27:03 CEST 2014: 51: Solution found.
Sun May 18 03:27:03 CEST 2014: 52: finished (96ms, 500cycles)
Sun May 18 03:27:03 CEST 2014: 52: No solution found.
Sun May 18 03:27:03 CEST 2014: 53: finished (4ms, 21cycles)
Sun May 18 03:27:03 CEST 2014: 53: Solution found.
Sun May 18 03:27:03 CEST 2014: 54: finished (1ms, 2cycles)
Sun May 18 03:27:03 CEST 2014: 54: Solution found.
Sun May 18 03:27:03 CEST 2014: 55: finished (26ms, 79cycles)
Sun May 18 03:27:03 CEST 2014: 55: Solution found.
Sun May 18 03:27:03 CEST 2014: 56: finished (4ms, 21cycles)
Sun May 18 03:27:03 CEST 2014: 56: Solution found.
Sun May 18 03:27:03 CEST 2014: 57: finished (99ms, 500cycles)
Sun May 18 03:27:03 CEST 2014: 57: No solution found.
Sun May 18 03:27:03 CEST 2014: 58: finished (18ms, 88cycles)
Sun May 18 03:27:03 CEST 2014: 58: Solution found.
Sun May 18 03:27:03 CEST 2014: 59: finished (3ms, 13cycles)
Sun May 18 03:27:03 CEST 2014: 59: Solution found.
Sun May 18 03:27:03 CEST 2014: 60: finished (1ms, 1cycles)
Sun May 18 03:27:03 CEST 2014: 60: Solution found.
Sun May 18 03:27:03 CEST 2014: 61: finished (90ms, 500cycles)
Sun May 18 03:27:03 CEST 2014: 61: No solution found.
Sun May 18 03:27:04 CEST 2014: 62: finished (118ms, 500cycles)
Sun May 18 03:27:04 CEST 2014: 62: No solution found.
Sun May 18 03:27:04 CEST 2014: 63: finished (1ms, 5cycles)
Sun May 18 03:27:04 CEST 2014: 63: Solution found.
Sun May 18 03:27:04 CEST 2014: 64: finished (5ms, 24cycles)
Sun May 18 03:27:04 CEST 2014: 64: Solution found.
Sun May 18 03:27:04 CEST 2014: 65: finished (90ms, 500cycles)
Sun May 18 03:27:04 CEST 2014: 65: No solution found.
Sun May 18 03:27:04 CEST 2014: 66: finished (5ms, 26cycles)
Sun May 18 03:27:04 CEST 2014: 66: Solution found.
Sun May 18 03:27:04 CEST 2014: 67: finished (37ms, 202cycles)
Sun May 18 03:27:04 CEST 2014: 67: Solution found.
Sun May 18 03:27:04 CEST 2014: 68: finished (4ms, 23cycles)
Sun May 18 03:27:04 CEST 2014: 68: Solution found.
Sun May 18 03:27:04 CEST 2014: 69: finished (6ms, 25cycles)
Sun May 18 03:27:04 CEST 2014: 69: Solution found.
Sun May 18 03:27:04 CEST 2014: 70: finished (88ms, 500cycles)
Sun May 18 03:27:04 CEST 2014: 70: No solution found.
Sun May 18 03:27:04 CEST 2014: 71: finished (26ms, 141cycles)
Sun May 18 03:27:04 CEST 2014: 71: Solution found.
Sun May 18 03:27:04 CEST 2014: 72: finished (85ms, 500cycles)
Sun May 18 03:27:04 CEST 2014: 72: No solution found.
Sun May 18 03:27:04 CEST 2014: 73: finished (1ms, 5cycles)
Sun May 18 03:27:04 CEST 2014: 73: Solution found.
Sun May 18 03:27:04 CEST 2014: 74: finished (3ms, 13cycles)
Sun May 18 03:27:04 CEST 2014: 74: Solution found.
Sun May 18 03:27:04 CEST 2014: 75: finished (109ms, 500cycles)
Sun May 18 03:27:04 CEST 2014: 75: No solution found.
Sun May 18 03:27:04 CEST 2014: 76: finished (6ms, 27cycles)
Sun May 18 03:27:04 CEST 2014: 76: Solution found.
Sun May 18 03:27:04 CEST 2014: 77: finished (4ms, 18cycles)
Sun May 18 03:27:04 CEST 2014: 77: Solution found.
Sun May 18 03:27:04 CEST 2014: 78: finished (96ms, 500cycles)
Sun May 18 03:27:04 CEST 2014: 78: No solution found.
Sun May 18 03:27:04 CEST 2014: 79: finished (88ms, 500cycles)
Sun May 18 03:27:04 CEST 2014: 79: No solution found.
Sun May 18 03:27:04 CEST 2014: 80: finished (4ms, 16cycles)
Sun May 18 03:27:04 CEST 2014: 80: Solution found.
Sun May 18 03:27:04 CEST 2014: 81: finished (85ms, 500cycles)
Sun May 18 03:27:04 CEST 2014: 81: No solution found.
Sun May 18 03:27:04 CEST 2014: 82: finished (5ms, 19cycles)
Sun May 18 03:27:04 CEST 2014: 82: Solution found.
Sun May 18 03:27:04 CEST 2014: 83: finished (91ms, 500cycles)
Sun May 18 03:27:04 CEST 2014: 83: No solution found.
Sun May 18 03:27:04 CEST 2014: 84: finished (8ms, 29cycles)
Sun May 18 03:27:04 CEST 2014: 84: Solution found.
Sun May 18 03:27:04 CEST 2014: 85: finished (28ms, 146cycles)
Sun May 18 03:27:04 CEST 2014: 85: Solution found.
Sun May 18 03:27:05 CEST 2014: 86: finished (85ms, 500cycles)
Sun May 18 03:27:05 CEST 2014: 86: No solution found.
Sun May 18 03:27:05 CEST 2014: 87: finished (8ms, 36cycles)
Sun May 18 03:27:05 CEST 2014: 87: Solution found.
Sun May 18 03:27:05 CEST 2014: 88: finished (95ms, 500cycles)
Sun May 18 03:27:05 CEST 2014: 88: No solution found.
Sun May 18 03:27:05 CEST 2014: 89: finished (4ms, 17cycles)
Sun May 18 03:27:05 CEST 2014: 89: Solution found.
Sun May 18 03:27:05 CEST 2014: 90: finished (88ms, 500cycles)
Sun May 18 03:27:05 CEST 2014: 90: No solution found.
Sun May 18 03:27:05 CEST 2014: 91: finished (3ms, 14cycles)
Sun May 18 03:27:05 CEST 2014: 91: Solution found.
Sun May 18 03:27:05 CEST 2014: 92: finished (91ms, 500cycles)
Sun May 18 03:27:05 CEST 2014: 92: No solution found.
Sun May 18 03:27:05 CEST 2014: 93: finished (14ms, 61cycles)
Sun May 18 03:27:05 CEST 2014: 93: Solution found.
Sun May 18 03:27:05 CEST 2014: 94: finished (73ms, 383cycles)
Sun May 18 03:27:05 CEST 2014: 94: Solution found.
Sun May 18 03:27:05 CEST 2014: 95: finished (4ms, 19cycles)
Sun May 18 03:27:05 CEST 2014: 95: Solution found.
Sun May 18 03:27:05 CEST 2014: 96: finished (7ms, 32cycles)
Sun May 18 03:27:05 CEST 2014: 96: Solution found.
Sun May 18 03:27:05 CEST 2014: 97: finished (100ms, 500cycles)
Sun May 18 03:27:05 CEST 2014: 97: No solution found.
Sun May 18 03:27:05 CEST 2014: 98: finished (5ms, 18cycles)
Sun May 18 03:27:05 CEST 2014: 98: Solution found.
Sun May 18 03:27:05 CEST 2014: 99: finished (103ms, 500cycles)
Sun May 18 03:27:05 CEST 2014: 99: No solution found.
Sun May 18 03:27:05 CEST 2014: Solution Found: 60
Sun May 18 03:27:05 CEST 2014: Avg cycles: 53
Sun May 18 03:27:05 CEST 2014: Max cycles: 407
Sun May 18 03:27:05 CEST 2014: Min cycles: 1
Sun May 18 03:27:05 CEST 2014: No solution found: 40
Sun May 18 03:27:05 CEST 2014: logging finished. (runtime: 4516ms)
