Sat May 17 22:41:38 CEST 2014: Problem Count: 20
Sat May 17 22:41:38 CEST 2014: CandidatesCount: 30
Sat May 17 22:41:38 CEST 2014: Max Cycles: 500
Sat May 17 22:41:38 CEST 2014: 0: finished (6ms, 42cycles)
Sat May 17 22:41:38 CEST 2014: 0: Solution found.
Sat May 17 22:41:38 CEST 2014: 1: finished (64ms, 500cycles)
Sat May 17 22:41:38 CEST 2014: 1: No solution found.
Sat May 17 22:41:38 CEST 2014: 2: finished (4ms, 24cycles)
Sat May 17 22:41:38 CEST 2014: 2: Solution found.
Sat May 17 22:41:38 CEST 2014: 3: finished (2ms, 13cycles)
Sat May 17 22:41:38 CEST 2014: 3: Solution found.
Sat May 17 22:41:38 CEST 2014: 4: finished (14ms, 53cycles)
Sat May 17 22:41:38 CEST 2014: 4: Solution found.
Sat May 17 22:41:38 CEST 2014: 5: finished (1ms, 7cycles)
Sat May 17 22:41:38 CEST 2014: 5: Solution found.
Sat May 17 22:41:39 CEST 2014: 6: finished (70ms, 500cycles)
Sat May 17 22:41:39 CEST 2014: 6: No solution found.
Sat May 17 22:41:39 CEST 2014: 7: finished (3ms, 18cycles)
Sat May 17 22:41:39 CEST 2014: 7: Solution found.
Sat May 17 22:41:39 CEST 2014: 8: finished (69ms, 500cycles)
Sat May 17 22:41:39 CEST 2014: 8: No solution found.
Sat May 17 22:41:39 CEST 2014: 9: finished (5ms, 24cycles)
Sat May 17 22:41:39 CEST 2014: 9: Solution found.
Sat May 17 22:41:39 CEST 2014: 10: finished (63ms, 500cycles)
Sat May 17 22:41:39 CEST 2014: 10: No solution found.
Sat May 17 22:41:39 CEST 2014: 11: finished (58ms, 500cycles)
Sat May 17 22:41:39 CEST 2014: 11: No solution found.
Sat May 17 22:41:39 CEST 2014: 12: finished (42ms, 303cycles)
Sat May 17 22:41:39 CEST 2014: 12: Solution found.
Sat May 17 22:41:39 CEST 2014: 13: finished (14ms, 91cycles)
Sat May 17 22:41:39 CEST 2014: 13: Solution found.
Sat May 17 22:41:39 CEST 2014: 14: finished (1ms, 7cycles)
Sat May 17 22:41:39 CEST 2014: 14: Solution found.
Sat May 17 22:41:39 CEST 2014: 15: finished (5ms, 41cycles)
Sat May 17 22:41:39 CEST 2014: 15: Solution found.
Sat May 17 22:41:39 CEST 2014: 16: finished (3ms, 12cycles)
Sat May 17 22:41:39 CEST 2014: 16: Solution found.
Sat May 17 22:41:39 CEST 2014: 17: finished (62ms, 500cycles)
Sat May 17 22:41:39 CEST 2014: 17: No solution found.
Sat May 17 22:41:39 CEST 2014: 18: finished (58ms, 500cycles)
Sat May 17 22:41:39 CEST 2014: 18: No solution found.
Sat May 17 22:41:39 CEST 2014: 19: finished (75ms, 500cycles)
Sat May 17 22:41:39 CEST 2014: 19: No solution found.
Sat May 17 22:41:39 CEST 2014: 20: finished (1ms, 6cycles)
Sat May 17 22:41:39 CEST 2014: 20: Solution found.
Sat May 17 22:41:39 CEST 2014: 21: finished (49ms, 500cycles)
Sat May 17 22:41:39 CEST 2014: 21: No solution found.
Sat May 17 22:41:39 CEST 2014: 22: finished (0ms, 3cycles)
Sat May 17 22:41:39 CEST 2014: 22: Solution found.
Sat May 17 22:41:39 CEST 2014: 23: finished (6ms, 36cycles)
Sat May 17 22:41:39 CEST 2014: 23: Solution found.
Sat May 17 22:41:39 CEST 2014: 24: finished (55ms, 500cycles)
Sat May 17 22:41:39 CEST 2014: 24: No solution found.
Sat May 17 22:41:39 CEST 2014: 25: finished (2ms, 16cycles)
Sat May 17 22:41:39 CEST 2014: 25: Solution found.
Sat May 17 22:41:39 CEST 2014: 26: finished (0ms, 2cycles)
Sat May 17 22:41:39 CEST 2014: 26: Solution found.
Sat May 17 22:41:39 CEST 2014: 27: finished (59ms, 500cycles)
Sat May 17 22:41:39 CEST 2014: 27: No solution found.
Sat May 17 22:41:39 CEST 2014: 28: finished (62ms, 500cycles)
Sat May 17 22:41:39 CEST 2014: 28: No solution found.
Sat May 17 22:41:39 CEST 2014: 29: finished (236ms, 500cycles)
Sat May 17 22:41:39 CEST 2014: 29: No solution found.
Sat May 17 22:41:40 CEST 2014: 30: finished (63ms, 500cycles)
Sat May 17 22:41:40 CEST 2014: 30: No solution found.
Sat May 17 22:41:40 CEST 2014: 31: finished (2ms, 20cycles)
Sat May 17 22:41:40 CEST 2014: 31: Solution found.
Sat May 17 22:41:40 CEST 2014: 32: finished (230ms, 377cycles)
Sat May 17 22:41:40 CEST 2014: 32: Solution found.
Sat May 17 22:41:40 CEST 2014: 33: finished (168ms, 500cycles)
Sat May 17 22:41:40 CEST 2014: 33: No solution found.
Sat May 17 22:41:40 CEST 2014: 34: finished (104ms, 500cycles)
Sat May 17 22:41:40 CEST 2014: 34: No solution found.
Sat May 17 22:41:40 CEST 2014: 35: finished (64ms, 500cycles)
Sat May 17 22:41:40 CEST 2014: 35: No solution found.
Sat May 17 22:41:40 CEST 2014: 36: finished (4ms, 33cycles)
Sat May 17 22:41:40 CEST 2014: 36: Solution found.
Sat May 17 22:41:40 CEST 2014: 37: finished (53ms, 500cycles)
Sat May 17 22:41:40 CEST 2014: 37: No solution found.
Sat May 17 22:41:40 CEST 2014: 38: finished (8ms, 58cycles)
Sat May 17 22:41:40 CEST 2014: 38: Solution found.
Sat May 17 22:41:40 CEST 2014: 39: finished (2ms, 17cycles)
Sat May 17 22:41:40 CEST 2014: 39: Solution found.
Sat May 17 22:41:40 CEST 2014: 40: finished (3ms, 22cycles)
Sat May 17 22:41:40 CEST 2014: 40: Solution found.
Sat May 17 22:41:40 CEST 2014: 41: finished (56ms, 500cycles)
Sat May 17 22:41:40 CEST 2014: 41: No solution found.
Sat May 17 22:41:40 CEST 2014: 42: finished (85ms, 500cycles)
Sat May 17 22:41:40 CEST 2014: 42: No solution found.
Sat May 17 22:41:40 CEST 2014: 43: finished (65ms, 500cycles)
Sat May 17 22:41:40 CEST 2014: 43: No solution found.
Sat May 17 22:41:40 CEST 2014: 44: finished (3ms, 18cycles)
Sat May 17 22:41:40 CEST 2014: 44: Solution found.
Sat May 17 22:41:40 CEST 2014: 45: finished (133ms, 500cycles)
Sat May 17 22:41:40 CEST 2014: 45: No solution found.
Sat May 17 22:41:41 CEST 2014: 46: finished (54ms, 500cycles)
Sat May 17 22:41:41 CEST 2014: 46: No solution found.
Sat May 17 22:41:41 CEST 2014: 47: finished (57ms, 500cycles)
Sat May 17 22:41:41 CEST 2014: 47: No solution found.
Sat May 17 22:41:41 CEST 2014: 48: finished (60ms, 500cycles)
Sat May 17 22:41:41 CEST 2014: 48: No solution found.
Sat May 17 22:41:41 CEST 2014: 49: finished (71ms, 500cycles)
Sat May 17 22:41:41 CEST 2014: 49: No solution found.
Sat May 17 22:41:41 CEST 2014: 50: finished (69ms, 500cycles)
Sat May 17 22:41:41 CEST 2014: 50: No solution found.
Sat May 17 22:41:41 CEST 2014: 51: finished (3ms, 24cycles)
Sat May 17 22:41:41 CEST 2014: 51: Solution found.
Sat May 17 22:41:41 CEST 2014: 52: finished (6ms, 38cycles)
Sat May 17 22:41:41 CEST 2014: 52: Solution found.
Sat May 17 22:41:41 CEST 2014: 53: finished (54ms, 500cycles)
Sat May 17 22:41:41 CEST 2014: 53: No solution found.
Sat May 17 22:41:41 CEST 2014: 54: finished (51ms, 500cycles)
Sat May 17 22:41:41 CEST 2014: 54: No solution found.
Sat May 17 22:41:41 CEST 2014: 55: finished (59ms, 500cycles)
Sat May 17 22:41:41 CEST 2014: 55: No solution found.
Sat May 17 22:41:41 CEST 2014: 56: finished (54ms, 500cycles)
Sat May 17 22:41:41 CEST 2014: 56: No solution found.
Sat May 17 22:41:41 CEST 2014: 57: finished (270ms, 500cycles)
Sat May 17 22:41:41 CEST 2014: 57: No solution found.
Sat May 17 22:41:41 CEST 2014: 58: finished (1ms, 2cycles)
Sat May 17 22:41:41 CEST 2014: 58: Solution found.
Sat May 17 22:41:41 CEST 2014: 59: finished (56ms, 500cycles)
Sat May 17 22:41:41 CEST 2014: 59: No solution found.
Sat May 17 22:41:41 CEST 2014: 60: finished (2ms, 17cycles)
Sat May 17 22:41:41 CEST 2014: 60: Solution found.
Sat May 17 22:41:41 CEST 2014: 61: finished (1ms, 10cycles)
Sat May 17 22:41:41 CEST 2014: 61: Solution found.
Sat May 17 22:41:41 CEST 2014: 62: finished (52ms, 500cycles)
Sat May 17 22:41:41 CEST 2014: 62: No solution found.
Sat May 17 22:41:41 CEST 2014: 63: finished (14ms, 87cycles)
Sat May 17 22:41:41 CEST 2014: 63: Solution found.
Sat May 17 22:41:41 CEST 2014: 64: finished (5ms, 32cycles)
Sat May 17 22:41:41 CEST 2014: 64: Solution found.
Sat May 17 22:41:41 CEST 2014: 65: finished (53ms, 500cycles)
Sat May 17 22:41:41 CEST 2014: 65: No solution found.
Sat May 17 22:41:42 CEST 2014: 66: finished (59ms, 500cycles)
Sat May 17 22:41:42 CEST 2014: 66: No solution found.
Sat May 17 22:41:42 CEST 2014: 67: finished (1ms, 2cycles)
Sat May 17 22:41:42 CEST 2014: 67: Solution found.
Sat May 17 22:41:42 CEST 2014: 68: finished (52ms, 500cycles)
Sat May 17 22:41:42 CEST 2014: 68: No solution found.
Sat May 17 22:41:42 CEST 2014: 69: finished (1ms, 6cycles)
Sat May 17 22:41:42 CEST 2014: 69: Solution found.
Sat May 17 22:41:42 CEST 2014: 70: finished (2ms, 15cycles)
Sat May 17 22:41:42 CEST 2014: 70: Solution found.
Sat May 17 22:41:42 CEST 2014: 71: finished (5ms, 32cycles)
Sat May 17 22:41:42 CEST 2014: 71: Solution found.
Sat May 17 22:41:42 CEST 2014: 72: finished (58ms, 500cycles)
Sat May 17 22:41:42 CEST 2014: 72: No solution found.
Sat May 17 22:41:42 CEST 2014: 73: finished (5ms, 25cycles)
Sat May 17 22:41:42 CEST 2014: 73: Solution found.
Sat May 17 22:41:42 CEST 2014: 74: finished (3ms, 23cycles)
Sat May 17 22:41:42 CEST 2014: 74: Solution found.
Sat May 17 22:41:42 CEST 2014: 75: finished (5ms, 25cycles)
Sat May 17 22:41:42 CEST 2014: 75: Solution found.
Sat May 17 22:41:42 CEST 2014: 76: finished (68ms, 500cycles)
Sat May 17 22:41:42 CEST 2014: 76: No solution found.
Sat May 17 22:41:42 CEST 2014: 77: finished (57ms, 500cycles)
Sat May 17 22:41:42 CEST 2014: 77: No solution found.
Sat May 17 22:41:42 CEST 2014: 78: finished (76ms, 500cycles)
Sat May 17 22:41:42 CEST 2014: 78: No solution found.
Sat May 17 22:41:42 CEST 2014: 79: finished (3ms, 16cycles)
Sat May 17 22:41:42 CEST 2014: 79: Solution found.
Sat May 17 22:41:42 CEST 2014: 80: finished (54ms, 500cycles)
Sat May 17 22:41:42 CEST 2014: 80: No solution found.
Sat May 17 22:41:42 CEST 2014: 81: finished (19ms, 135cycles)
Sat May 17 22:41:42 CEST 2014: 81: Solution found.
Sat May 17 22:41:42 CEST 2014: 82: finished (54ms, 500cycles)
Sat May 17 22:41:42 CEST 2014: 82: No solution found.
Sat May 17 22:41:42 CEST 2014: 83: finished (6ms, 40cycles)
Sat May 17 22:41:42 CEST 2014: 83: Solution found.
Sat May 17 22:41:42 CEST 2014: 84: finished (70ms, 500cycles)
Sat May 17 22:41:42 CEST 2014: 84: No solution found.
Sat May 17 22:41:42 CEST 2014: 85: finished (3ms, 18cycles)
Sat May 17 22:41:42 CEST 2014: 85: Solution found.
Sat May 17 22:41:42 CEST 2014: 86: finished (65ms, 500cycles)
Sat May 17 22:41:42 CEST 2014: 86: No solution found.
Sat May 17 22:41:42 CEST 2014: 87: finished (8ms, 59cycles)
Sat May 17 22:41:42 CEST 2014: 87: Solution found.
Sat May 17 22:41:42 CEST 2014: 88: finished (52ms, 500cycles)
Sat May 17 22:41:42 CEST 2014: 88: No solution found.
Sat May 17 22:41:42 CEST 2014: 89: finished (6ms, 24cycles)
Sat May 17 22:41:42 CEST 2014: 89: Solution found.
Sat May 17 22:41:42 CEST 2014: 90: finished (1ms, 7cycles)
Sat May 17 22:41:42 CEST 2014: 90: Solution found.
Sat May 17 22:41:42 CEST 2014: 91: finished (3ms, 16cycles)
Sat May 17 22:41:42 CEST 2014: 91: Solution found.
Sat May 17 22:41:42 CEST 2014: 92: finished (51ms, 500cycles)
Sat May 17 22:41:42 CEST 2014: 92: No solution found.
Sat May 17 22:41:42 CEST 2014: 93: finished (64ms, 500cycles)
Sat May 17 22:41:42 CEST 2014: 93: No solution found.
Sat May 17 22:41:42 CEST 2014: 94: finished (55ms, 500cycles)
Sat May 17 22:41:42 CEST 2014: 94: No solution found.
Sat May 17 22:41:42 CEST 2014: 95: finished (62ms, 177cycles)
Sat May 17 22:41:42 CEST 2014: 95: Solution found.
Sat May 17 22:41:43 CEST 2014: 96: finished (90ms, 500cycles)
Sat May 17 22:41:43 CEST 2014: 96: No solution found.
Sat May 17 22:41:43 CEST 2014: 97: finished (59ms, 500cycles)
Sat May 17 22:41:43 CEST 2014: 97: No solution found.
Sat May 17 22:41:43 CEST 2014: 98: finished (81ms, 155cycles)
Sat May 17 22:41:43 CEST 2014: 98: Solution found.
Sat May 17 22:41:43 CEST 2014: 99: finished (53ms, 500cycles)
Sat May 17 22:41:43 CEST 2014: 99: No solution found.
Sat May 17 22:41:43 CEST 2014: Solution Found: 48
Sat May 17 22:41:43 CEST 2014: Avg cycles: 46
Sat May 17 22:41:43 CEST 2014: Max cycles: 377
Sat May 17 22:41:43 CEST 2014: Min cycles: 2
Sat May 17 22:41:43 CEST 2014: No solution found: 52
Sat May 17 22:41:43 CEST 2014: logging finished. (runtime: 4399ms)
