Tue May 06 12:52:22 CEST 2014: Problem Count: 40
Tue May 06 12:52:22 CEST 2014: CandidatesCount: 30
Tue May 06 12:52:22 CEST 2014: Max Cycles: 500
Tue May 06 12:52:22 CEST 2014: 0: finished (137ms, 500cycles)
Tue May 06 12:52:22 CEST 2014: 0: No solution found.
Tue May 06 12:52:22 CEST 2014: 1: finished (139ms, 500cycles)
Tue May 06 12:52:22 CEST 2014: 1: No solution found.
Tue May 06 12:52:22 CEST 2014: 2: finished (4ms, 11cycles)
Tue May 06 12:52:22 CEST 2014: 2: Solution found.
Tue May 06 12:52:22 CEST 2014: 3: finished (4ms, 12cycles)
Tue May 06 12:52:22 CEST 2014: 3: Solution found.
Tue May 06 12:52:22 CEST 2014: 4: finished (2ms, 8cycles)
Tue May 06 12:52:22 CEST 2014: 4: Solution found.
Tue May 06 12:52:22 CEST 2014: 5: finished (116ms, 500cycles)
Tue May 06 12:52:22 CEST 2014: 5: No solution found.
Tue May 06 12:52:22 CEST 2014: 6: finished (3ms, 6cycles)
Tue May 06 12:52:22 CEST 2014: 6: Solution found.
Tue May 06 12:52:22 CEST 2014: 7: finished (120ms, 500cycles)
Tue May 06 12:52:22 CEST 2014: 7: No solution found.
Tue May 06 12:52:22 CEST 2014: 8: finished (20ms, 74cycles)
Tue May 06 12:52:22 CEST 2014: 8: Solution found.
Tue May 06 12:52:22 CEST 2014: 9: finished (120ms, 500cycles)
Tue May 06 12:52:22 CEST 2014: 9: No solution found.
Tue May 06 12:52:23 CEST 2014: 10: finished (122ms, 500cycles)
Tue May 06 12:52:23 CEST 2014: 10: No solution found.
Tue May 06 12:52:23 CEST 2014: 11: finished (8ms, 26cycles)
Tue May 06 12:52:23 CEST 2014: 11: Solution found.
Tue May 06 12:52:23 CEST 2014: 12: finished (125ms, 500cycles)
Tue May 06 12:52:23 CEST 2014: 12: No solution found.
Tue May 06 12:52:23 CEST 2014: 13: finished (143ms, 500cycles)
Tue May 06 12:52:23 CEST 2014: 13: No solution found.
Tue May 06 12:52:23 CEST 2014: 14: finished (153ms, 500cycles)
Tue May 06 12:52:23 CEST 2014: 14: No solution found.
Tue May 06 12:52:23 CEST 2014: 15: finished (1ms, 5cycles)
Tue May 06 12:52:23 CEST 2014: 15: Solution found.
Tue May 06 12:52:23 CEST 2014: 16: finished (2ms, 5cycles)
Tue May 06 12:52:23 CEST 2014: 16: Solution found.
Tue May 06 12:52:23 CEST 2014: 17: finished (5ms, 19cycles)
Tue May 06 12:52:23 CEST 2014: 17: Solution found.
Tue May 06 12:52:23 CEST 2014: 18: finished (144ms, 500cycles)
Tue May 06 12:52:23 CEST 2014: 18: No solution found.
Tue May 06 12:52:23 CEST 2014: 19: finished (129ms, 500cycles)
Tue May 06 12:52:23 CEST 2014: 19: No solution found.
Tue May 06 12:52:23 CEST 2014: 20: finished (5ms, 14cycles)
Tue May 06 12:52:23 CEST 2014: 20: Solution found.
Tue May 06 12:52:23 CEST 2014: 21: finished (1ms, 5cycles)
Tue May 06 12:52:23 CEST 2014: 21: Solution found.
Tue May 06 12:52:23 CEST 2014: 22: finished (138ms, 500cycles)
Tue May 06 12:52:23 CEST 2014: 22: No solution found.
Tue May 06 12:52:24 CEST 2014: 23: finished (121ms, 500cycles)
Tue May 06 12:52:24 CEST 2014: 23: No solution found.
Tue May 06 12:52:24 CEST 2014: 24: finished (5ms, 16cycles)
Tue May 06 12:52:24 CEST 2014: 24: Solution found.
Tue May 06 12:52:24 CEST 2014: 25: finished (4ms, 12cycles)
Tue May 06 12:52:24 CEST 2014: 25: Solution found.
Tue May 06 12:52:24 CEST 2014: 26: finished (4ms, 15cycles)
Tue May 06 12:52:24 CEST 2014: 26: Solution found.
Tue May 06 12:52:24 CEST 2014: 27: finished (4ms, 13cycles)
Tue May 06 12:52:24 CEST 2014: 27: Solution found.
Tue May 06 12:52:24 CEST 2014: 28: finished (154ms, 500cycles)
Tue May 06 12:52:24 CEST 2014: 28: No solution found.
Tue May 06 12:52:24 CEST 2014: 29: finished (3ms, 10cycles)
Tue May 06 12:52:24 CEST 2014: 29: Solution found.
Tue May 06 12:52:24 CEST 2014: 30: finished (142ms, 500cycles)
Tue May 06 12:52:24 CEST 2014: 30: No solution found.
Tue May 06 12:52:24 CEST 2014: 31: finished (10ms, 39cycles)
Tue May 06 12:52:24 CEST 2014: 31: Solution found.
Tue May 06 12:52:24 CEST 2014: 32: finished (151ms, 500cycles)
Tue May 06 12:52:24 CEST 2014: 32: No solution found.
Tue May 06 12:52:24 CEST 2014: 33: finished (2ms, 7cycles)
Tue May 06 12:52:24 CEST 2014: 33: Solution found.
Tue May 06 12:52:24 CEST 2014: 34: finished (82ms, 267cycles)
Tue May 06 12:52:24 CEST 2014: 34: Solution found.
Tue May 06 12:52:24 CEST 2014: 35: finished (133ms, 500cycles)
Tue May 06 12:52:24 CEST 2014: 35: No solution found.
Tue May 06 12:52:24 CEST 2014: 36: finished (6ms, 18cycles)
Tue May 06 12:52:24 CEST 2014: 36: Solution found.
Tue May 06 12:52:24 CEST 2014: 37: finished (23ms, 90cycles)
Tue May 06 12:52:24 CEST 2014: 37: Solution found.
Tue May 06 12:52:24 CEST 2014: 38: finished (6ms, 22cycles)
Tue May 06 12:52:24 CEST 2014: 38: Solution found.
Tue May 06 12:52:24 CEST 2014: 39: finished (130ms, 500cycles)
Tue May 06 12:52:24 CEST 2014: 39: No solution found.
Tue May 06 12:52:24 CEST 2014: 40: finished (122ms, 500cycles)
Tue May 06 12:52:24 CEST 2014: 40: No solution found.
Tue May 06 12:52:24 CEST 2014: 41: finished (3ms, 10cycles)
Tue May 06 12:52:24 CEST 2014: 41: Solution found.
Tue May 06 12:52:25 CEST 2014: 42: finished (13ms, 48cycles)
Tue May 06 12:52:25 CEST 2014: 42: Solution found.
Tue May 06 12:52:25 CEST 2014: 43: finished (143ms, 500cycles)
Tue May 06 12:52:25 CEST 2014: 43: No solution found.
Tue May 06 12:52:25 CEST 2014: 44: finished (132ms, 500cycles)
Tue May 06 12:52:25 CEST 2014: 44: No solution found.
Tue May 06 12:52:25 CEST 2014: 45: finished (123ms, 500cycles)
Tue May 06 12:52:25 CEST 2014: 45: No solution found.
Tue May 06 12:52:25 CEST 2014: 46: finished (10ms, 33cycles)
Tue May 06 12:52:25 CEST 2014: 46: Solution found.
Tue May 06 12:52:25 CEST 2014: 47: finished (137ms, 500cycles)
Tue May 06 12:52:25 CEST 2014: 47: No solution found.
Tue May 06 12:52:25 CEST 2014: 48: finished (44ms, 142cycles)
Tue May 06 12:52:25 CEST 2014: 48: Solution found.
Tue May 06 12:52:25 CEST 2014: 49: finished (122ms, 500cycles)
Tue May 06 12:52:25 CEST 2014: 49: No solution found.
Tue May 06 12:52:25 CEST 2014: 50: finished (117ms, 500cycles)
Tue May 06 12:52:25 CEST 2014: 50: No solution found.
Tue May 06 12:52:25 CEST 2014: 51: finished (137ms, 500cycles)
Tue May 06 12:52:25 CEST 2014: 51: No solution found.
Tue May 06 12:52:26 CEST 2014: 52: finished (118ms, 500cycles)
Tue May 06 12:52:26 CEST 2014: 52: No solution found.
Tue May 06 12:52:26 CEST 2014: 53: finished (1ms, 3cycles)
Tue May 06 12:52:26 CEST 2014: 53: Solution found.
Tue May 06 12:52:26 CEST 2014: 54: finished (117ms, 500cycles)
Tue May 06 12:52:26 CEST 2014: 54: No solution found.
Tue May 06 12:52:26 CEST 2014: 55: finished (124ms, 500cycles)
Tue May 06 12:52:26 CEST 2014: 55: No solution found.
Tue May 06 12:52:26 CEST 2014: 56: finished (132ms, 500cycles)
Tue May 06 12:52:26 CEST 2014: 56: No solution found.
Tue May 06 12:52:26 CEST 2014: 57: finished (134ms, 500cycles)
Tue May 06 12:52:26 CEST 2014: 57: No solution found.
Tue May 06 12:52:26 CEST 2014: 58: finished (8ms, 22cycles)
Tue May 06 12:52:26 CEST 2014: 58: Solution found.
Tue May 06 12:52:26 CEST 2014: 59: finished (121ms, 500cycles)
Tue May 06 12:52:26 CEST 2014: 59: No solution found.
Tue May 06 12:52:26 CEST 2014: 60: finished (9ms, 28cycles)
Tue May 06 12:52:26 CEST 2014: 60: Solution found.
Tue May 06 12:52:26 CEST 2014: 61: finished (116ms, 500cycles)
Tue May 06 12:52:26 CEST 2014: 61: No solution found.
Tue May 06 12:52:26 CEST 2014: 62: finished (12ms, 37cycles)
Tue May 06 12:52:26 CEST 2014: 62: Solution found.
Tue May 06 12:52:26 CEST 2014: 63: finished (119ms, 500cycles)
Tue May 06 12:52:26 CEST 2014: 63: No solution found.
Tue May 06 12:52:27 CEST 2014: 64: finished (17ms, 53cycles)
Tue May 06 12:52:27 CEST 2014: 64: Solution found.
Tue May 06 12:52:27 CEST 2014: 65: finished (124ms, 500cycles)
Tue May 06 12:52:27 CEST 2014: 65: No solution found.
Tue May 06 12:52:27 CEST 2014: 66: finished (4ms, 13cycles)
Tue May 06 12:52:27 CEST 2014: 66: Solution found.
Tue May 06 12:52:27 CEST 2014: 67: finished (118ms, 500cycles)
Tue May 06 12:52:27 CEST 2014: 67: No solution found.
Tue May 06 12:52:27 CEST 2014: 68: finished (138ms, 500cycles)
Tue May 06 12:52:27 CEST 2014: 68: No solution found.
Tue May 06 12:52:27 CEST 2014: 69: finished (127ms, 500cycles)
Tue May 06 12:52:27 CEST 2014: 69: No solution found.
Tue May 06 12:52:27 CEST 2014: 70: finished (123ms, 500cycles)
Tue May 06 12:52:27 CEST 2014: 70: No solution found.
Tue May 06 12:52:27 CEST 2014: 71: finished (138ms, 500cycles)
Tue May 06 12:52:27 CEST 2014: 71: No solution found.
Tue May 06 12:52:27 CEST 2014: 72: finished (133ms, 500cycles)
Tue May 06 12:52:27 CEST 2014: 72: No solution found.
Tue May 06 12:52:28 CEST 2014: 73: finished (126ms, 500cycles)
Tue May 06 12:52:28 CEST 2014: 73: No solution found.
Tue May 06 12:52:28 CEST 2014: 74: finished (4ms, 14cycles)
Tue May 06 12:52:28 CEST 2014: 74: Solution found.
Tue May 06 12:52:28 CEST 2014: 75: finished (161ms, 500cycles)
Tue May 06 12:52:28 CEST 2014: 75: No solution found.
Tue May 06 12:52:28 CEST 2014: 76: finished (11ms, 38cycles)
Tue May 06 12:52:28 CEST 2014: 76: Solution found.
Tue May 06 12:52:28 CEST 2014: 77: finished (130ms, 500cycles)
Tue May 06 12:52:28 CEST 2014: 77: No solution found.
Tue May 06 12:52:28 CEST 2014: 78: finished (12ms, 40cycles)
Tue May 06 12:52:28 CEST 2014: 78: Solution found.
Tue May 06 12:52:28 CEST 2014: 79: finished (13ms, 23cycles)
Tue May 06 12:52:28 CEST 2014: 79: Solution found.
Tue May 06 12:52:28 CEST 2014: 80: finished (3ms, 10cycles)
Tue May 06 12:52:28 CEST 2014: 80: Solution found.
Tue May 06 12:52:28 CEST 2014: 81: finished (2ms, 6cycles)
Tue May 06 12:52:28 CEST 2014: 81: Solution found.
Tue May 06 12:52:28 CEST 2014: 82: finished (129ms, 500cycles)
Tue May 06 12:52:28 CEST 2014: 82: No solution found.
Tue May 06 12:52:28 CEST 2014: 83: finished (140ms, 500cycles)
Tue May 06 12:52:28 CEST 2014: 83: No solution found.
Tue May 06 12:52:28 CEST 2014: 84: finished (123ms, 500cycles)
Tue May 06 12:52:28 CEST 2014: 84: No solution found.
Tue May 06 12:52:28 CEST 2014: 85: finished (4ms, 16cycles)
Tue May 06 12:52:28 CEST 2014: 85: Solution found.
Tue May 06 12:52:28 CEST 2014: 86: finished (38ms, 148cycles)
Tue May 06 12:52:28 CEST 2014: 86: Solution found.
Tue May 06 12:52:28 CEST 2014: 87: finished (135ms, 500cycles)
Tue May 06 12:52:28 CEST 2014: 87: No solution found.
Tue May 06 12:52:29 CEST 2014: 88: finished (128ms, 500cycles)
Tue May 06 12:52:29 CEST 2014: 88: No solution found.
Tue May 06 12:52:29 CEST 2014: 89: finished (121ms, 500cycles)
Tue May 06 12:52:29 CEST 2014: 89: No solution found.
Tue May 06 12:52:29 CEST 2014: 90: finished (13ms, 49cycles)
Tue May 06 12:52:29 CEST 2014: 90: Solution found.
Tue May 06 12:52:29 CEST 2014: 91: finished (127ms, 500cycles)
Tue May 06 12:52:29 CEST 2014: 91: No solution found.
Tue May 06 12:52:29 CEST 2014: 92: finished (116ms, 500cycles)
Tue May 06 12:52:29 CEST 2014: 92: No solution found.
Tue May 06 12:52:29 CEST 2014: 93: finished (4ms, 11cycles)
Tue May 06 12:52:29 CEST 2014: 93: Solution found.
Tue May 06 12:52:29 CEST 2014: 94: finished (11ms, 41cycles)
Tue May 06 12:52:29 CEST 2014: 94: Solution found.
Tue May 06 12:52:29 CEST 2014: 95: finished (32ms, 116cycles)
Tue May 06 12:52:29 CEST 2014: 95: Solution found.
Tue May 06 12:52:29 CEST 2014: 96: finished (129ms, 500cycles)
Tue May 06 12:52:29 CEST 2014: 96: No solution found.
Tue May 06 12:52:29 CEST 2014: 97: finished (6ms, 21cycles)
Tue May 06 12:52:29 CEST 2014: 97: Solution found.
Tue May 06 12:52:29 CEST 2014: 98: finished (137ms, 470cycles)
Tue May 06 12:52:29 CEST 2014: 98: Solution found.
Tue May 06 12:52:29 CEST 2014: 99: finished (5ms, 14cycles)
Tue May 06 12:52:29 CEST 2014: 99: Solution found.
Tue May 06 12:52:29 CEST 2014: Solution Found: 47
Tue May 06 12:52:29 CEST 2014: Avg cycles: 44
Tue May 06 12:52:29 CEST 2014: Max cycles: 470
Tue May 06 12:52:29 CEST 2014: Min cycles: 3
Tue May 06 12:52:29 CEST 2014: No solution found: 53
Tue May 06 12:52:29 CEST 2014: logging finished. (runtime: 7540ms)
