Sun May 18 05:31:15 CEST 2014: Problem Count: 50
Sun May 18 05:31:15 CEST 2014: CandidatesCount: 40
Sun May 18 05:31:15 CEST 2014: Max Cycles: 500
Sun May 18 05:31:15 CEST 2014: 0: finished (287ms, 500cycles)
Sun May 18 05:31:15 CEST 2014: 0: No solution found.
Sun May 18 05:31:15 CEST 2014: 1: finished (10ms, 14cycles)
Sun May 18 05:31:15 CEST 2014: 1: Solution found.
Sun May 18 05:31:15 CEST 2014: 2: finished (56ms, 94cycles)
Sun May 18 05:31:15 CEST 2014: 2: Solution found.
Sun May 18 05:31:15 CEST 2014: 3: finished (340ms, 500cycles)
Sun May 18 05:31:15 CEST 2014: 3: No solution found.
Sun May 18 05:31:15 CEST 2014: 4: finished (7ms, 10cycles)
Sun May 18 05:31:15 CEST 2014: 4: Solution found.
Sun May 18 05:31:16 CEST 2014: 5: finished (290ms, 500cycles)
Sun May 18 05:31:16 CEST 2014: 5: No solution found.
Sun May 18 05:31:16 CEST 2014: 6: finished (276ms, 500cycles)
Sun May 18 05:31:16 CEST 2014: 6: No solution found.
Sun May 18 05:31:16 CEST 2014: 7: finished (6ms, 9cycles)
Sun May 18 05:31:16 CEST 2014: 7: Solution found.
Sun May 18 05:31:16 CEST 2014: 8: finished (14ms, 23cycles)
Sun May 18 05:31:16 CEST 2014: 8: Solution found.
Sun May 18 05:31:16 CEST 2014: 9: finished (18ms, 29cycles)
Sun May 18 05:31:16 CEST 2014: 9: Solution found.
Sun May 18 05:31:16 CEST 2014: 10: finished (12ms, 17cycles)
Sun May 18 05:31:16 CEST 2014: 10: Solution found.
Sun May 18 05:31:16 CEST 2014: 11: finished (12ms, 20cycles)
Sun May 18 05:31:16 CEST 2014: 11: Solution found.
Sun May 18 05:31:16 CEST 2014: 12: finished (287ms, 500cycles)
Sun May 18 05:31:16 CEST 2014: 12: No solution found.
Sun May 18 05:31:17 CEST 2014: 13: finished (233ms, 362cycles)
Sun May 18 05:31:17 CEST 2014: 13: Solution found.
Sun May 18 05:31:17 CEST 2014: 14: finished (325ms, 500cycles)
Sun May 18 05:31:17 CEST 2014: 14: No solution found.
Sun May 18 05:31:17 CEST 2014: 15: finished (299ms, 500cycles)
Sun May 18 05:31:17 CEST 2014: 15: No solution found.
Sun May 18 05:31:18 CEST 2014: 16: finished (303ms, 500cycles)
Sun May 18 05:31:18 CEST 2014: 16: No solution found.
Sun May 18 05:31:18 CEST 2014: 17: finished (277ms, 500cycles)
Sun May 18 05:31:18 CEST 2014: 17: No solution found.
Sun May 18 05:31:18 CEST 2014: 18: finished (274ms, 500cycles)
Sun May 18 05:31:18 CEST 2014: 18: No solution found.
Sun May 18 05:31:18 CEST 2014: 19: finished (6ms, 10cycles)
Sun May 18 05:31:18 CEST 2014: 19: Solution found.
Sun May 18 05:31:18 CEST 2014: 20: finished (303ms, 500cycles)
Sun May 18 05:31:18 CEST 2014: 20: No solution found.
Sun May 18 05:31:18 CEST 2014: 21: finished (24ms, 41cycles)
Sun May 18 05:31:18 CEST 2014: 21: Solution found.
Sun May 18 05:31:19 CEST 2014: 22: finished (284ms, 500cycles)
Sun May 18 05:31:19 CEST 2014: 22: No solution found.
Sun May 18 05:31:19 CEST 2014: 23: finished (69ms, 111cycles)
Sun May 18 05:31:19 CEST 2014: 23: Solution found.
Sun May 18 05:31:19 CEST 2014: 24: finished (305ms, 500cycles)
Sun May 18 05:31:19 CEST 2014: 24: No solution found.
Sun May 18 05:31:19 CEST 2014: 25: finished (6ms, 9cycles)
Sun May 18 05:31:19 CEST 2014: 25: Solution found.
Sun May 18 05:31:19 CEST 2014: 26: finished (11ms, 17cycles)
Sun May 18 05:31:19 CEST 2014: 26: Solution found.
Sun May 18 05:31:19 CEST 2014: 27: finished (329ms, 500cycles)
Sun May 18 05:31:19 CEST 2014: 27: No solution found.
Sun May 18 05:31:20 CEST 2014: 28: finished (274ms, 500cycles)
Sun May 18 05:31:20 CEST 2014: 28: No solution found.
Sun May 18 05:31:20 CEST 2014: 29: finished (8ms, 12cycles)
Sun May 18 05:31:20 CEST 2014: 29: Solution found.
Sun May 18 05:31:20 CEST 2014: 30: finished (7ms, 11cycles)
Sun May 18 05:31:20 CEST 2014: 30: Solution found.
Sun May 18 05:31:20 CEST 2014: 31: finished (289ms, 500cycles)
Sun May 18 05:31:20 CEST 2014: 31: No solution found.
Sun May 18 05:31:20 CEST 2014: 32: finished (18ms, 29cycles)
Sun May 18 05:31:20 CEST 2014: 32: Solution found.
Sun May 18 05:31:20 CEST 2014: 33: finished (14ms, 19cycles)
Sun May 18 05:31:20 CEST 2014: 33: Solution found.
Sun May 18 05:31:20 CEST 2014: 34: finished (28ms, 44cycles)
Sun May 18 05:31:20 CEST 2014: 34: Solution found.
Sun May 18 05:31:20 CEST 2014: 35: finished (318ms, 500cycles)
Sun May 18 05:31:20 CEST 2014: 35: No solution found.
Sun May 18 05:31:21 CEST 2014: 36: finished (304ms, 500cycles)
Sun May 18 05:31:21 CEST 2014: 36: No solution found.
Sun May 18 05:31:21 CEST 2014: 37: finished (8ms, 10cycles)
Sun May 18 05:31:21 CEST 2014: 37: Solution found.
Sun May 18 05:31:21 CEST 2014: 38: finished (15ms, 23cycles)
Sun May 18 05:31:21 CEST 2014: 38: Solution found.
Sun May 18 05:31:21 CEST 2014: 39: finished (18ms, 28cycles)
Sun May 18 05:31:21 CEST 2014: 39: Solution found.
Sun May 18 05:31:21 CEST 2014: 40: finished (296ms, 500cycles)
Sun May 18 05:31:21 CEST 2014: 40: No solution found.
Sun May 18 05:31:21 CEST 2014: 41: finished (298ms, 500cycles)
Sun May 18 05:31:21 CEST 2014: 41: No solution found.
Sun May 18 05:31:21 CEST 2014: 42: finished (21ms, 29cycles)
Sun May 18 05:31:21 CEST 2014: 42: Solution found.
Sun May 18 05:31:21 CEST 2014: 43: finished (113ms, 174cycles)
Sun May 18 05:31:21 CEST 2014: 43: Solution found.
Sun May 18 05:31:22 CEST 2014: 44: finished (304ms, 500cycles)
Sun May 18 05:31:22 CEST 2014: 44: No solution found.
Sun May 18 05:31:22 CEST 2014: 45: finished (11ms, 16cycles)
Sun May 18 05:31:22 CEST 2014: 45: Solution found.
Sun May 18 05:31:22 CEST 2014: 46: finished (279ms, 500cycles)
Sun May 18 05:31:22 CEST 2014: 46: No solution found.
Sun May 18 05:31:22 CEST 2014: 47: finished (15ms, 23cycles)
Sun May 18 05:31:22 CEST 2014: 47: Solution found.
Sun May 18 05:31:22 CEST 2014: 48: finished (272ms, 500cycles)
Sun May 18 05:31:22 CEST 2014: 48: No solution found.
Sun May 18 05:31:23 CEST 2014: 49: finished (299ms, 500cycles)
Sun May 18 05:31:23 CEST 2014: 49: No solution found.
Sun May 18 05:31:23 CEST 2014: 50: finished (289ms, 500cycles)
Sun May 18 05:31:23 CEST 2014: 50: No solution found.
Sun May 18 05:31:23 CEST 2014: 51: finished (292ms, 500cycles)
Sun May 18 05:31:23 CEST 2014: 51: No solution found.
Sun May 18 05:31:23 CEST 2014: 52: finished (17ms, 22cycles)
Sun May 18 05:31:23 CEST 2014: 52: Solution found.
Sun May 18 05:31:24 CEST 2014: 53: finished (280ms, 500cycles)
Sun May 18 05:31:24 CEST 2014: 53: No solution found.
Sun May 18 05:31:24 CEST 2014: 54: finished (7ms, 10cycles)
Sun May 18 05:31:24 CEST 2014: 54: Solution found.
Sun May 18 05:31:24 CEST 2014: 55: finished (293ms, 500cycles)
Sun May 18 05:31:24 CEST 2014: 55: No solution found.
Sun May 18 05:31:24 CEST 2014: 56: finished (7ms, 10cycles)
Sun May 18 05:31:24 CEST 2014: 56: Solution found.
Sun May 18 05:31:24 CEST 2014: 57: finished (10ms, 17cycles)
Sun May 18 05:31:24 CEST 2014: 57: Solution found.
Sun May 18 05:31:24 CEST 2014: 58: finished (4ms, 5cycles)
Sun May 18 05:31:24 CEST 2014: 58: Solution found.
Sun May 18 05:31:24 CEST 2014: 59: finished (12ms, 18cycles)
Sun May 18 05:31:24 CEST 2014: 59: Solution found.
Sun May 18 05:31:24 CEST 2014: 60: finished (16ms, 25cycles)
Sun May 18 05:31:24 CEST 2014: 60: Solution found.
Sun May 18 05:31:24 CEST 2014: 61: finished (301ms, 500cycles)
Sun May 18 05:31:24 CEST 2014: 61: No solution found.
Sun May 18 05:31:24 CEST 2014: 62: finished (15ms, 23cycles)
Sun May 18 05:31:24 CEST 2014: 62: Solution found.
Sun May 18 05:31:24 CEST 2014: 63: finished (5ms, 7cycles)
Sun May 18 05:31:24 CEST 2014: 63: Solution found.
Sun May 18 05:31:24 CEST 2014: 64: finished (12ms, 18cycles)
Sun May 18 05:31:24 CEST 2014: 64: Solution found.
Sun May 18 05:31:24 CEST 2014: 65: finished (8ms, 10cycles)
Sun May 18 05:31:24 CEST 2014: 65: Solution found.
Sun May 18 05:31:24 CEST 2014: 66: finished (23ms, 36cycles)
Sun May 18 05:31:24 CEST 2014: 66: Solution found.
Sun May 18 05:31:24 CEST 2014: 67: finished (13ms, 13cycles)
Sun May 18 05:31:24 CEST 2014: 67: Solution found.
Sun May 18 05:31:24 CEST 2014: 68: finished (7ms, 4cycles)
Sun May 18 05:31:24 CEST 2014: 68: Solution found.
Sun May 18 05:31:24 CEST 2014: 69: finished (54ms, 83cycles)
Sun May 18 05:31:24 CEST 2014: 69: Solution found.
Sun May 18 05:31:24 CEST 2014: 70: finished (16ms, 22cycles)
Sun May 18 05:31:24 CEST 2014: 70: Solution found.
Sun May 18 05:31:25 CEST 2014: 71: finished (282ms, 500cycles)
Sun May 18 05:31:25 CEST 2014: 71: No solution found.
Sun May 18 05:31:25 CEST 2014: 72: finished (278ms, 500cycles)
Sun May 18 05:31:25 CEST 2014: 72: No solution found.
Sun May 18 05:31:25 CEST 2014: 73: finished (32ms, 37cycles)
Sun May 18 05:31:25 CEST 2014: 73: Solution found.
Sun May 18 05:31:25 CEST 2014: 74: finished (285ms, 500cycles)
Sun May 18 05:31:25 CEST 2014: 74: No solution found.
Sun May 18 05:31:25 CEST 2014: 75: finished (24ms, 39cycles)
Sun May 18 05:31:25 CEST 2014: 75: Solution found.
Sun May 18 05:31:26 CEST 2014: 76: finished (295ms, 500cycles)
Sun May 18 05:31:26 CEST 2014: 76: No solution found.
Sun May 18 05:31:26 CEST 2014: 77: finished (25ms, 37cycles)
Sun May 18 05:31:26 CEST 2014: 77: Solution found.
Sun May 18 05:31:26 CEST 2014: 78: finished (300ms, 500cycles)
Sun May 18 05:31:26 CEST 2014: 78: No solution found.
Sun May 18 05:31:26 CEST 2014: 79: finished (300ms, 500cycles)
Sun May 18 05:31:26 CEST 2014: 79: No solution found.
Sun May 18 05:31:26 CEST 2014: 80: finished (321ms, 500cycles)
Sun May 18 05:31:26 CEST 2014: 80: No solution found.
Sun May 18 05:31:26 CEST 2014: 81: finished (26ms, 41cycles)
Sun May 18 05:31:26 CEST 2014: 81: Solution found.
Sun May 18 05:31:27 CEST 2014: 82: finished (302ms, 500cycles)
Sun May 18 05:31:27 CEST 2014: 82: No solution found.
Sun May 18 05:31:27 CEST 2014: 83: finished (13ms, 20cycles)
Sun May 18 05:31:27 CEST 2014: 83: Solution found.
Sun May 18 05:31:27 CEST 2014: 84: finished (18ms, 32cycles)
Sun May 18 05:31:27 CEST 2014: 84: Solution found.
Sun May 18 05:31:27 CEST 2014: 85: finished (10ms, 17cycles)
Sun May 18 05:31:27 CEST 2014: 85: Solution found.
Sun May 18 05:31:27 CEST 2014: 86: finished (6ms, 8cycles)
Sun May 18 05:31:27 CEST 2014: 86: Solution found.
Sun May 18 05:31:27 CEST 2014: 87: finished (7ms, 12cycles)
Sun May 18 05:31:27 CEST 2014: 87: Solution found.
Sun May 18 05:31:27 CEST 2014: 88: finished (24ms, 40cycles)
Sun May 18 05:31:27 CEST 2014: 88: Solution found.
Sun May 18 05:31:27 CEST 2014: 89: finished (11ms, 18cycles)
Sun May 18 05:31:27 CEST 2014: 89: Solution found.
Sun May 18 05:31:27 CEST 2014: 90: finished (275ms, 500cycles)
Sun May 18 05:31:27 CEST 2014: 90: No solution found.
Sun May 18 05:31:27 CEST 2014: 91: finished (315ms, 500cycles)
Sun May 18 05:31:27 CEST 2014: 91: No solution found.
Sun May 18 05:31:28 CEST 2014: 92: finished (273ms, 500cycles)
Sun May 18 05:31:28 CEST 2014: 92: No solution found.
Sun May 18 05:31:28 CEST 2014: 93: finished (307ms, 500cycles)
Sun May 18 05:31:28 CEST 2014: 93: No solution found.
Sun May 18 05:31:28 CEST 2014: 94: finished (18ms, 24cycles)
Sun May 18 05:31:28 CEST 2014: 94: Solution found.
Sun May 18 05:31:28 CEST 2014: 95: finished (319ms, 500cycles)
Sun May 18 05:31:28 CEST 2014: 95: No solution found.
Sun May 18 05:31:28 CEST 2014: 96: finished (5ms, 7cycles)
Sun May 18 05:31:28 CEST 2014: 96: Solution found.
Sun May 18 05:31:28 CEST 2014: 97: finished (15ms, 24cycles)
Sun May 18 05:31:28 CEST 2014: 97: Solution found.
Sun May 18 05:31:29 CEST 2014: 98: finished (270ms, 500cycles)
Sun May 18 05:31:29 CEST 2014: 98: No solution found.
Sun May 18 05:31:29 CEST 2014: 99: finished (277ms, 500cycles)
Sun May 18 05:31:29 CEST 2014: 99: No solution found.
Sun May 18 05:31:29 CEST 2014: Solution Found: 56
Sun May 18 05:31:29 CEST 2014: Avg cycles: 33
Sun May 18 05:31:29 CEST 2014: Max cycles: 362
Sun May 18 05:31:29 CEST 2014: Min cycles: 4
Sun May 18 05:31:29 CEST 2014: No solution found: 44
Sun May 18 05:31:29 CEST 2014: logging finished. (runtime: 14265ms)
