Wed May 07 01:56:54 CEST 2014: Problem Count: 50
Wed May 07 01:56:54 CEST 2014: CandidatesCount: 10
Wed May 07 01:56:54 CEST 2014: Max Cycles: 500
Wed May 07 01:56:54 CEST 2014: 0: finished (59ms, 500cycles)
Wed May 07 01:56:54 CEST 2014: 0: No solution found.
Wed May 07 01:56:54 CEST 2014: 1: finished (1ms, 5cycles)
Wed May 07 01:56:54 CEST 2014: 1: Solution found.
Wed May 07 01:56:54 CEST 2014: 2: finished (4ms, 26cycles)
Wed May 07 01:56:54 CEST 2014: 2: Solution found.
Wed May 07 01:56:54 CEST 2014: 3: finished (12ms, 73cycles)
Wed May 07 01:56:54 CEST 2014: 3: Solution found.
Wed May 07 01:56:54 CEST 2014: 4: finished (7ms, 48cycles)
Wed May 07 01:56:54 CEST 2014: 4: Solution found.
Wed May 07 01:56:54 CEST 2014: 5: finished (54ms, 500cycles)
Wed May 07 01:56:54 CEST 2014: 5: No solution found.
Wed May 07 01:56:54 CEST 2014: 6: finished (2ms, 16cycles)
Wed May 07 01:56:54 CEST 2014: 6: Solution found.
Wed May 07 01:56:54 CEST 2014: 7: finished (64ms, 500cycles)
Wed May 07 01:56:54 CEST 2014: 7: No solution found.
Wed May 07 01:56:54 CEST 2014: 8: finished (68ms, 500cycles)
Wed May 07 01:56:54 CEST 2014: 8: No solution found.
Wed May 07 01:56:54 CEST 2014: 9: finished (60ms, 500cycles)
Wed May 07 01:56:54 CEST 2014: 9: No solution found.
Wed May 07 01:56:54 CEST 2014: 10: finished (64ms, 500cycles)
Wed May 07 01:56:54 CEST 2014: 10: No solution found.
Wed May 07 01:56:54 CEST 2014: 11: finished (66ms, 500cycles)
Wed May 07 01:56:54 CEST 2014: 11: No solution found.
Wed May 07 01:56:54 CEST 2014: 12: finished (60ms, 500cycles)
Wed May 07 01:56:54 CEST 2014: 12: No solution found.
Wed May 07 01:56:54 CEST 2014: 13: finished (74ms, 500cycles)
Wed May 07 01:56:54 CEST 2014: 13: No solution found.
Wed May 07 01:56:54 CEST 2014: 14: finished (16ms, 123cycles)
Wed May 07 01:56:54 CEST 2014: 14: Solution found.
Wed May 07 01:56:54 CEST 2014: 15: finished (61ms, 500cycles)
Wed May 07 01:56:54 CEST 2014: 15: No solution found.
Wed May 07 01:56:54 CEST 2014: 16: finished (4ms, 19cycles)
Wed May 07 01:56:54 CEST 2014: 16: Solution found.
Wed May 07 01:56:54 CEST 2014: 17: finished (11ms, 75cycles)
Wed May 07 01:56:54 CEST 2014: 17: Solution found.
Wed May 07 01:56:55 CEST 2014: 18: finished (69ms, 500cycles)
Wed May 07 01:56:55 CEST 2014: 18: No solution found.
Wed May 07 01:56:55 CEST 2014: 19: finished (71ms, 500cycles)
Wed May 07 01:56:55 CEST 2014: 19: No solution found.
Wed May 07 01:56:55 CEST 2014: 20: finished (68ms, 500cycles)
Wed May 07 01:56:55 CEST 2014: 20: No solution found.
Wed May 07 01:56:55 CEST 2014: 21: finished (7ms, 38cycles)
Wed May 07 01:56:55 CEST 2014: 21: Solution found.
Wed May 07 01:56:55 CEST 2014: 22: finished (4ms, 21cycles)
Wed May 07 01:56:55 CEST 2014: 22: Solution found.
Wed May 07 01:56:55 CEST 2014: 23: finished (63ms, 500cycles)
Wed May 07 01:56:55 CEST 2014: 23: No solution found.
Wed May 07 01:56:55 CEST 2014: 24: finished (22ms, 163cycles)
Wed May 07 01:56:55 CEST 2014: 24: Solution found.
Wed May 07 01:56:55 CEST 2014: 25: finished (68ms, 500cycles)
Wed May 07 01:56:55 CEST 2014: 25: No solution found.
Wed May 07 01:56:55 CEST 2014: 26: finished (67ms, 500cycles)
Wed May 07 01:56:55 CEST 2014: 26: No solution found.
Wed May 07 01:56:55 CEST 2014: 27: finished (18ms, 128cycles)
Wed May 07 01:56:55 CEST 2014: 27: Solution found.
Wed May 07 01:56:55 CEST 2014: 28: finished (65ms, 500cycles)
Wed May 07 01:56:55 CEST 2014: 28: No solution found.
Wed May 07 01:56:55 CEST 2014: 29: finished (67ms, 500cycles)
Wed May 07 01:56:55 CEST 2014: 29: No solution found.
Wed May 07 01:56:55 CEST 2014: 30: finished (5ms, 37cycles)
Wed May 07 01:56:55 CEST 2014: 30: Solution found.
Wed May 07 01:56:55 CEST 2014: 31: finished (59ms, 500cycles)
Wed May 07 01:56:55 CEST 2014: 31: No solution found.
Wed May 07 01:56:55 CEST 2014: 32: finished (61ms, 500cycles)
Wed May 07 01:56:55 CEST 2014: 32: No solution found.
Wed May 07 01:56:55 CEST 2014: 33: finished (65ms, 500cycles)
Wed May 07 01:56:55 CEST 2014: 33: No solution found.
Wed May 07 01:56:55 CEST 2014: 34: finished (13ms, 84cycles)
Wed May 07 01:56:55 CEST 2014: 34: Solution found.
Wed May 07 01:56:55 CEST 2014: 35: finished (58ms, 500cycles)
Wed May 07 01:56:55 CEST 2014: 35: No solution found.
Wed May 07 01:56:55 CEST 2014: 36: finished (60ms, 500cycles)
Wed May 07 01:56:55 CEST 2014: 36: No solution found.
Wed May 07 01:56:55 CEST 2014: 37: finished (68ms, 500cycles)
Wed May 07 01:56:55 CEST 2014: 37: No solution found.
Wed May 07 01:56:55 CEST 2014: 38: finished (63ms, 500cycles)
Wed May 07 01:56:55 CEST 2014: 38: No solution found.
Wed May 07 01:56:56 CEST 2014: 39: finished (61ms, 500cycles)
Wed May 07 01:56:56 CEST 2014: 39: No solution found.
Wed May 07 01:56:56 CEST 2014: 40: finished (84ms, 500cycles)
Wed May 07 01:56:56 CEST 2014: 40: No solution found.
Wed May 07 01:56:56 CEST 2014: 41: finished (72ms, 500cycles)
Wed May 07 01:56:56 CEST 2014: 41: No solution found.
Wed May 07 01:56:56 CEST 2014: 42: finished (62ms, 500cycles)
Wed May 07 01:56:56 CEST 2014: 42: No solution found.
Wed May 07 01:56:56 CEST 2014: 43: finished (4ms, 29cycles)
Wed May 07 01:56:56 CEST 2014: 43: Solution found.
Wed May 07 01:56:56 CEST 2014: 44: finished (3ms, 19cycles)
Wed May 07 01:56:56 CEST 2014: 44: Solution found.
Wed May 07 01:56:56 CEST 2014: 45: finished (23ms, 160cycles)
Wed May 07 01:56:56 CEST 2014: 45: Solution found.
Wed May 07 01:56:56 CEST 2014: 46: finished (5ms, 35cycles)
Wed May 07 01:56:56 CEST 2014: 46: Solution found.
Wed May 07 01:56:56 CEST 2014: 47: finished (14ms, 90cycles)
Wed May 07 01:56:56 CEST 2014: 47: Solution found.
Wed May 07 01:56:56 CEST 2014: 48: finished (64ms, 500cycles)
Wed May 07 01:56:56 CEST 2014: 48: No solution found.
Wed May 07 01:56:56 CEST 2014: 49: finished (66ms, 500cycles)
Wed May 07 01:56:56 CEST 2014: 49: No solution found.
Wed May 07 01:56:56 CEST 2014: 50: finished (4ms, 24cycles)
Wed May 07 01:56:56 CEST 2014: 50: Solution found.
Wed May 07 01:56:56 CEST 2014: 51: finished (70ms, 500cycles)
Wed May 07 01:56:56 CEST 2014: 51: No solution found.
Wed May 07 01:56:56 CEST 2014: 52: finished (63ms, 500cycles)
Wed May 07 01:56:56 CEST 2014: 52: No solution found.
Wed May 07 01:56:56 CEST 2014: 53: finished (11ms, 75cycles)
Wed May 07 01:56:56 CEST 2014: 53: Solution found.
Wed May 07 01:56:56 CEST 2014: 54: finished (7ms, 46cycles)
Wed May 07 01:56:56 CEST 2014: 54: Solution found.
Wed May 07 01:56:56 CEST 2014: 55: finished (11ms, 72cycles)
Wed May 07 01:56:56 CEST 2014: 55: Solution found.
Wed May 07 01:56:56 CEST 2014: 56: finished (10ms, 53cycles)
Wed May 07 01:56:56 CEST 2014: 56: Solution found.
Wed May 07 01:56:56 CEST 2014: 57: finished (67ms, 500cycles)
Wed May 07 01:56:56 CEST 2014: 57: No solution found.
Wed May 07 01:56:56 CEST 2014: 58: finished (69ms, 500cycles)
Wed May 07 01:56:56 CEST 2014: 58: No solution found.
Wed May 07 01:56:56 CEST 2014: 59: finished (61ms, 500cycles)
Wed May 07 01:56:56 CEST 2014: 59: No solution found.
Wed May 07 01:56:56 CEST 2014: 60: finished (65ms, 500cycles)
Wed May 07 01:56:56 CEST 2014: 60: No solution found.
Wed May 07 01:56:56 CEST 2014: 61: finished (67ms, 500cycles)
Wed May 07 01:56:56 CEST 2014: 61: No solution found.
Wed May 07 01:56:57 CEST 2014: 62: finished (63ms, 500cycles)
Wed May 07 01:56:57 CEST 2014: 62: No solution found.
Wed May 07 01:56:57 CEST 2014: 63: finished (67ms, 500cycles)
Wed May 07 01:56:57 CEST 2014: 63: No solution found.
Wed May 07 01:56:57 CEST 2014: 64: finished (2ms, 7cycles)
Wed May 07 01:56:57 CEST 2014: 64: Solution found.
Wed May 07 01:56:57 CEST 2014: 65: finished (2ms, 6cycles)
Wed May 07 01:56:57 CEST 2014: 65: Solution found.
Wed May 07 01:56:57 CEST 2014: 66: finished (6ms, 29cycles)
Wed May 07 01:56:57 CEST 2014: 66: Solution found.
Wed May 07 01:56:57 CEST 2014: 67: finished (4ms, 14cycles)
Wed May 07 01:56:57 CEST 2014: 67: Solution found.
Wed May 07 01:56:57 CEST 2014: 68: finished (68ms, 500cycles)
Wed May 07 01:56:57 CEST 2014: 68: No solution found.
Wed May 07 01:56:57 CEST 2014: 69: finished (60ms, 500cycles)
Wed May 07 01:56:57 CEST 2014: 69: No solution found.
Wed May 07 01:56:57 CEST 2014: 70: finished (4ms, 23cycles)
Wed May 07 01:56:57 CEST 2014: 70: Solution found.
Wed May 07 01:56:57 CEST 2014: 71: finished (60ms, 500cycles)
Wed May 07 01:56:57 CEST 2014: 71: No solution found.
Wed May 07 01:56:57 CEST 2014: 72: finished (63ms, 500cycles)
Wed May 07 01:56:57 CEST 2014: 72: No solution found.
Wed May 07 01:56:57 CEST 2014: 73: finished (58ms, 500cycles)
Wed May 07 01:56:57 CEST 2014: 73: No solution found.
Wed May 07 01:56:57 CEST 2014: 74: finished (59ms, 500cycles)
Wed May 07 01:56:57 CEST 2014: 74: No solution found.
Wed May 07 01:56:57 CEST 2014: 75: finished (64ms, 500cycles)
Wed May 07 01:56:57 CEST 2014: 75: No solution found.
Wed May 07 01:56:57 CEST 2014: 76: finished (64ms, 500cycles)
Wed May 07 01:56:57 CEST 2014: 76: No solution found.
Wed May 07 01:56:57 CEST 2014: 77: finished (67ms, 500cycles)
Wed May 07 01:56:57 CEST 2014: 77: No solution found.
Wed May 07 01:56:57 CEST 2014: 78: finished (64ms, 500cycles)
Wed May 07 01:56:57 CEST 2014: 78: No solution found.
Wed May 07 01:56:57 CEST 2014: 79: finished (61ms, 500cycles)
Wed May 07 01:56:57 CEST 2014: 79: No solution found.
Wed May 07 01:56:57 CEST 2014: 80: finished (56ms, 500cycles)
Wed May 07 01:56:57 CEST 2014: 80: No solution found.
Wed May 07 01:56:57 CEST 2014: 81: finished (1ms, 6cycles)
Wed May 07 01:56:57 CEST 2014: 81: Solution found.
Wed May 07 01:56:57 CEST 2014: 82: finished (17ms, 115cycles)
Wed May 07 01:56:57 CEST 2014: 82: Solution found.
Wed May 07 01:56:57 CEST 2014: 83: finished (69ms, 500cycles)
Wed May 07 01:56:57 CEST 2014: 83: No solution found.
Wed May 07 01:56:57 CEST 2014: 84: finished (65ms, 500cycles)
Wed May 07 01:56:57 CEST 2014: 84: No solution found.
Wed May 07 01:56:58 CEST 2014: 85: finished (72ms, 500cycles)
Wed May 07 01:56:58 CEST 2014: 85: No solution found.
Wed May 07 01:56:58 CEST 2014: 86: finished (9ms, 62cycles)
Wed May 07 01:56:58 CEST 2014: 86: Solution found.
Wed May 07 01:56:58 CEST 2014: 87: finished (95ms, 500cycles)
Wed May 07 01:56:58 CEST 2014: 87: No solution found.
Wed May 07 01:56:58 CEST 2014: 88: finished (90ms, 500cycles)
Wed May 07 01:56:58 CEST 2014: 88: No solution found.
Wed May 07 01:56:58 CEST 2014: 89: finished (60ms, 500cycles)
Wed May 07 01:56:58 CEST 2014: 89: No solution found.
Wed May 07 01:56:58 CEST 2014: 90: finished (140ms, 500cycles)
Wed May 07 01:56:58 CEST 2014: 90: No solution found.
Wed May 07 01:56:58 CEST 2014: 91: finished (132ms, 500cycles)
Wed May 07 01:56:58 CEST 2014: 91: No solution found.
Wed May 07 01:56:58 CEST 2014: 92: finished (121ms, 500cycles)
Wed May 07 01:56:58 CEST 2014: 92: No solution found.
Wed May 07 01:56:58 CEST 2014: 93: finished (15ms, 45cycles)
Wed May 07 01:56:58 CEST 2014: 93: Solution found.
Wed May 07 01:56:58 CEST 2014: 94: finished (125ms, 500cycles)
Wed May 07 01:56:58 CEST 2014: 94: No solution found.
Wed May 07 01:56:58 CEST 2014: 95: finished (63ms, 500cycles)
Wed May 07 01:56:58 CEST 2014: 95: No solution found.
Wed May 07 01:56:58 CEST 2014: 96: finished (66ms, 500cycles)
Wed May 07 01:56:58 CEST 2014: 96: No solution found.
Wed May 07 01:56:59 CEST 2014: 97: finished (65ms, 500cycles)
Wed May 07 01:56:59 CEST 2014: 97: No solution found.
Wed May 07 01:56:59 CEST 2014: 98: finished (63ms, 500cycles)
Wed May 07 01:56:59 CEST 2014: 98: No solution found.
Wed May 07 01:56:59 CEST 2014: 99: finished (119ms, 500cycles)
Wed May 07 01:56:59 CEST 2014: 99: No solution found.
Wed May 07 01:56:59 CEST 2014: Solution Found: 33
Wed May 07 01:56:59 CEST 2014: Avg cycles: 53
Wed May 07 01:56:59 CEST 2014: Max cycles: 163
Wed May 07 01:56:59 CEST 2014: Min cycles: 5
Wed May 07 01:56:59 CEST 2014: No solution found: 67
Wed May 07 01:56:59 CEST 2014: logging finished. (runtime: 4991ms)
