Wed May 07 22:18:30 CEST 2014: Problem Count: 20
Wed May 07 22:18:30 CEST 2014: CandidatesCount: 40
Wed May 07 22:18:30 CEST 2014: Max Cycles: 500
Wed May 07 22:18:30 CEST 2014: 0: finished (9ms, 14cycles)
Wed May 07 22:18:30 CEST 2014: 0: Solution found.
Wed May 07 22:18:30 CEST 2014: 1: finished (297ms, 500cycles)
Wed May 07 22:18:30 CEST 2014: 1: No solution found.
Wed May 07 22:18:30 CEST 2014: 2: finished (11ms, 17cycles)
Wed May 07 22:18:30 CEST 2014: 2: Solution found.
Wed May 07 22:18:30 CEST 2014: 3: finished (10ms, 16cycles)
Wed May 07 22:18:30 CEST 2014: 3: Solution found.
Wed May 07 22:18:30 CEST 2014: 4: finished (294ms, 500cycles)
Wed May 07 22:18:30 CEST 2014: 4: No solution found.
Wed May 07 22:18:31 CEST 2014: 5: finished (1052ms, 500cycles)
Wed May 07 22:18:31 CEST 2014: 5: No solution found.
Wed May 07 22:18:31 CEST 2014: 6: finished (84ms, 138cycles)
Wed May 07 22:18:31 CEST 2014: 6: Solution found.
Wed May 07 22:18:32 CEST 2014: 7: finished (240ms, 500cycles)
Wed May 07 22:18:32 CEST 2014: 7: No solution found.
Wed May 07 22:18:32 CEST 2014: 8: finished (258ms, 500cycles)
Wed May 07 22:18:32 CEST 2014: 8: No solution found.
Wed May 07 22:18:33 CEST 2014: 9: finished (1118ms, 500cycles)
Wed May 07 22:18:33 CEST 2014: 9: No solution found.
Wed May 07 22:18:33 CEST 2014: 10: finished (17ms, 28cycles)
Wed May 07 22:18:33 CEST 2014: 10: Solution found.
Wed May 07 22:18:33 CEST 2014: 11: finished (26ms, 38cycles)
Wed May 07 22:18:33 CEST 2014: 11: Solution found.
Wed May 07 22:18:34 CEST 2014: 12: finished (915ms, 500cycles)
Wed May 07 22:18:34 CEST 2014: 12: No solution found.
Wed May 07 22:18:34 CEST 2014: 13: finished (269ms, 500cycles)
Wed May 07 22:18:34 CEST 2014: 13: No solution found.
Wed May 07 22:18:34 CEST 2014: 14: finished (6ms, 8cycles)
Wed May 07 22:18:34 CEST 2014: 14: Solution found.
Wed May 07 22:18:34 CEST 2014: 15: finished (5ms, 7cycles)
Wed May 07 22:18:34 CEST 2014: 15: Solution found.
Wed May 07 22:18:34 CEST 2014: 16: finished (8ms, 12cycles)
Wed May 07 22:18:34 CEST 2014: 16: Solution found.
Wed May 07 22:18:34 CEST 2014: 17: finished (108ms, 374cycles)
Wed May 07 22:18:34 CEST 2014: 17: Solution found.
Wed May 07 22:18:34 CEST 2014: 18: finished (89ms, 500cycles)
Wed May 07 22:18:34 CEST 2014: 18: No solution found.
Wed May 07 22:18:34 CEST 2014: 19: finished (99ms, 500cycles)
Wed May 07 22:18:34 CEST 2014: 19: No solution found.
Wed May 07 22:18:35 CEST 2014: 20: finished (89ms, 500cycles)
Wed May 07 22:18:35 CEST 2014: 20: No solution found.
Wed May 07 22:18:35 CEST 2014: 21: finished (1ms, 5cycles)
Wed May 07 22:18:35 CEST 2014: 21: Solution found.
Wed May 07 22:18:35 CEST 2014: 22: finished (4ms, 19cycles)
Wed May 07 22:18:35 CEST 2014: 22: Solution found.
Wed May 07 22:18:35 CEST 2014: 23: finished (4ms, 19cycles)
Wed May 07 22:18:35 CEST 2014: 23: Solution found.
Wed May 07 22:18:35 CEST 2014: 24: finished (31ms, 148cycles)
Wed May 07 22:18:35 CEST 2014: 24: Solution found.
Wed May 07 22:18:35 CEST 2014: 25: finished (8ms, 40cycles)
Wed May 07 22:18:35 CEST 2014: 25: Solution found.
Wed May 07 22:18:35 CEST 2014: 26: finished (88ms, 500cycles)
Wed May 07 22:18:35 CEST 2014: 26: No solution found.
Wed May 07 22:18:35 CEST 2014: 27: finished (3ms, 16cycles)
Wed May 07 22:18:35 CEST 2014: 27: Solution found.
Wed May 07 22:18:35 CEST 2014: 28: finished (10ms, 44cycles)
Wed May 07 22:18:35 CEST 2014: 28: Solution found.
Wed May 07 22:18:35 CEST 2014: 29: finished (1ms, 3cycles)
Wed May 07 22:18:35 CEST 2014: 29: Solution found.
Wed May 07 22:18:35 CEST 2014: 30: finished (4ms, 21cycles)
Wed May 07 22:18:35 CEST 2014: 30: Solution found.
Wed May 07 22:18:35 CEST 2014: 31: finished (89ms, 500cycles)
Wed May 07 22:18:35 CEST 2014: 31: No solution found.
Wed May 07 22:18:35 CEST 2014: 32: finished (7ms, 33cycles)
Wed May 07 22:18:35 CEST 2014: 32: Solution found.
Wed May 07 22:18:35 CEST 2014: 33: finished (189ms, 500cycles)
Wed May 07 22:18:35 CEST 2014: 33: No solution found.
Wed May 07 22:18:35 CEST 2014: 34: finished (10ms, 41cycles)
Wed May 07 22:18:35 CEST 2014: 34: Solution found.
Wed May 07 22:18:35 CEST 2014: 35: finished (38ms, 170cycles)
Wed May 07 22:18:35 CEST 2014: 35: Solution found.
Wed May 07 22:18:35 CEST 2014: 36: finished (8ms, 33cycles)
Wed May 07 22:18:35 CEST 2014: 36: Solution found.
Wed May 07 22:18:35 CEST 2014: 37: finished (5ms, 26cycles)
Wed May 07 22:18:35 CEST 2014: 37: Solution found.
Wed May 07 22:18:35 CEST 2014: 38: finished (2ms, 8cycles)
Wed May 07 22:18:35 CEST 2014: 38: Solution found.
Wed May 07 22:18:35 CEST 2014: 39: finished (98ms, 500cycles)
Wed May 07 22:18:35 CEST 2014: 39: No solution found.
Wed May 07 22:18:35 CEST 2014: 40: finished (300ms, 500cycles)
Wed May 07 22:18:35 CEST 2014: 40: No solution found.
Wed May 07 22:18:36 CEST 2014: 41: finished (84ms, 500cycles)
Wed May 07 22:18:36 CEST 2014: 41: No solution found.
Wed May 07 22:18:36 CEST 2014: 42: finished (7ms, 21cycles)
Wed May 07 22:18:36 CEST 2014: 42: Solution found.
Wed May 07 22:18:36 CEST 2014: 43: finished (51ms, 242cycles)
Wed May 07 22:18:36 CEST 2014: 43: Solution found.
Wed May 07 22:18:36 CEST 2014: 44: finished (8ms, 38cycles)
Wed May 07 22:18:36 CEST 2014: 44: Solution found.
Wed May 07 22:18:36 CEST 2014: 45: finished (88ms, 500cycles)
Wed May 07 22:18:36 CEST 2014: 45: No solution found.
Wed May 07 22:18:36 CEST 2014: 46: finished (411ms, 500cycles)
Wed May 07 22:18:36 CEST 2014: 46: No solution found.
Wed May 07 22:18:36 CEST 2014: 47: finished (5ms, 24cycles)
Wed May 07 22:18:36 CEST 2014: 47: Solution found.
Wed May 07 22:18:36 CEST 2014: 48: finished (98ms, 500cycles)
Wed May 07 22:18:36 CEST 2014: 48: No solution found.
Wed May 07 22:18:36 CEST 2014: 49: finished (82ms, 500cycles)
Wed May 07 22:18:36 CEST 2014: 49: No solution found.
Wed May 07 22:18:36 CEST 2014: 50: finished (84ms, 500cycles)
Wed May 07 22:18:36 CEST 2014: 50: No solution found.
Wed May 07 22:18:36 CEST 2014: 51: finished (30ms, 155cycles)
Wed May 07 22:18:36 CEST 2014: 51: Solution found.
Wed May 07 22:18:37 CEST 2014: 52: finished (82ms, 500cycles)
Wed May 07 22:18:37 CEST 2014: 52: No solution found.
Wed May 07 22:18:37 CEST 2014: 53: finished (124ms, 500cycles)
Wed May 07 22:18:37 CEST 2014: 53: No solution found.
Wed May 07 22:18:37 CEST 2014: 54: finished (87ms, 500cycles)
Wed May 07 22:18:37 CEST 2014: 54: No solution found.
Wed May 07 22:18:37 CEST 2014: 55: finished (9ms, 26cycles)
Wed May 07 22:18:37 CEST 2014: 55: Solution found.
Wed May 07 22:18:37 CEST 2014: 56: finished (391ms, 500cycles)
Wed May 07 22:18:37 CEST 2014: 56: No solution found.
Wed May 07 22:18:37 CEST 2014: 57: finished (78ms, 500cycles)
Wed May 07 22:18:37 CEST 2014: 57: No solution found.
Wed May 07 22:18:37 CEST 2014: 58: finished (5ms, 16cycles)
Wed May 07 22:18:37 CEST 2014: 58: Solution found.
Wed May 07 22:18:37 CEST 2014: 59: finished (108ms, 500cycles)
Wed May 07 22:18:37 CEST 2014: 59: No solution found.
Wed May 07 22:18:37 CEST 2014: 60: finished (3ms, 12cycles)
Wed May 07 22:18:37 CEST 2014: 60: Solution found.
Wed May 07 22:18:37 CEST 2014: 61: finished (112ms, 500cycles)
Wed May 07 22:18:37 CEST 2014: 61: No solution found.
Wed May 07 22:18:37 CEST 2014: 62: finished (30ms, 113cycles)
Wed May 07 22:18:37 CEST 2014: 62: Solution found.
Wed May 07 22:18:38 CEST 2014: 63: finished (93ms, 500cycles)
Wed May 07 22:18:38 CEST 2014: 63: No solution found.
Wed May 07 22:18:38 CEST 2014: 64: finished (85ms, 500cycles)
Wed May 07 22:18:38 CEST 2014: 64: No solution found.
Wed May 07 22:18:38 CEST 2014: 65: finished (5ms, 22cycles)
Wed May 07 22:18:38 CEST 2014: 65: Solution found.
Wed May 07 22:18:38 CEST 2014: 66: finished (84ms, 500cycles)
Wed May 07 22:18:38 CEST 2014: 66: No solution found.
Wed May 07 22:18:38 CEST 2014: 67: finished (6ms, 20cycles)
Wed May 07 22:18:38 CEST 2014: 67: Solution found.
Wed May 07 22:18:38 CEST 2014: 68: finished (102ms, 500cycles)
Wed May 07 22:18:38 CEST 2014: 68: No solution found.
Wed May 07 22:18:38 CEST 2014: 69: finished (3ms, 15cycles)
Wed May 07 22:18:38 CEST 2014: 69: Solution found.
Wed May 07 22:18:38 CEST 2014: 70: finished (364ms, 500cycles)
Wed May 07 22:18:38 CEST 2014: 70: No solution found.
Wed May 07 22:18:38 CEST 2014: 71: finished (1ms, 3cycles)
Wed May 07 22:18:38 CEST 2014: 71: Solution found.
Wed May 07 22:18:38 CEST 2014: 72: finished (83ms, 500cycles)
Wed May 07 22:18:38 CEST 2014: 72: No solution found.
Wed May 07 22:18:38 CEST 2014: 73: finished (2ms, 7cycles)
Wed May 07 22:18:38 CEST 2014: 73: Solution found.
Wed May 07 22:18:38 CEST 2014: 74: finished (1ms, 6cycles)
Wed May 07 22:18:38 CEST 2014: 74: Solution found.
Wed May 07 22:18:38 CEST 2014: 75: finished (14ms, 38cycles)
Wed May 07 22:18:38 CEST 2014: 75: Solution found.
Wed May 07 22:18:39 CEST 2014: 76: finished (300ms, 500cycles)
Wed May 07 22:18:39 CEST 2014: 76: No solution found.
Wed May 07 22:18:39 CEST 2014: 77: finished (91ms, 500cycles)
Wed May 07 22:18:39 CEST 2014: 77: No solution found.
Wed May 07 22:18:39 CEST 2014: 78: finished (102ms, 500cycles)
Wed May 07 22:18:39 CEST 2014: 78: No solution found.
Wed May 07 22:18:39 CEST 2014: 79: finished (87ms, 500cycles)
Wed May 07 22:18:39 CEST 2014: 79: No solution found.
Wed May 07 22:18:39 CEST 2014: 80: finished (2ms, 12cycles)
Wed May 07 22:18:39 CEST 2014: 80: Solution found.
Wed May 07 22:18:39 CEST 2014: 81: finished (88ms, 500cycles)
Wed May 07 22:18:39 CEST 2014: 81: No solution found.
Wed May 07 22:18:39 CEST 2014: 82: finished (5ms, 15cycles)
Wed May 07 22:18:39 CEST 2014: 82: Solution found.
Wed May 07 22:18:39 CEST 2014: 83: finished (85ms, 500cycles)
Wed May 07 22:18:39 CEST 2014: 83: No solution found.
Wed May 07 22:18:39 CEST 2014: 84: finished (105ms, 500cycles)
Wed May 07 22:18:39 CEST 2014: 84: No solution found.
Wed May 07 22:18:39 CEST 2014: 85: finished (104ms, 500cycles)
Wed May 07 22:18:39 CEST 2014: 85: No solution found.
Wed May 07 22:18:39 CEST 2014: 86: finished (92ms, 500cycles)
Wed May 07 22:18:39 CEST 2014: 86: No solution found.
Wed May 07 22:18:39 CEST 2014: 87: finished (107ms, 500cycles)
Wed May 07 22:18:39 CEST 2014: 87: No solution found.
Wed May 07 22:18:40 CEST 2014: 88: finished (95ms, 500cycles)
Wed May 07 22:18:40 CEST 2014: 88: No solution found.
Wed May 07 22:18:40 CEST 2014: 89: finished (102ms, 500cycles)
Wed May 07 22:18:40 CEST 2014: 89: No solution found.
Wed May 07 22:18:40 CEST 2014: 90: finished (84ms, 500cycles)
Wed May 07 22:18:40 CEST 2014: 90: No solution found.
Wed May 07 22:18:40 CEST 2014: 91: finished (84ms, 500cycles)
Wed May 07 22:18:40 CEST 2014: 91: No solution found.
Wed May 07 22:18:40 CEST 2014: 92: finished (2ms, 7cycles)
Wed May 07 22:18:40 CEST 2014: 92: Solution found.
Wed May 07 22:18:40 CEST 2014: 93: finished (6ms, 20cycles)
Wed May 07 22:18:40 CEST 2014: 93: Solution found.
Wed May 07 22:18:40 CEST 2014: 94: finished (55ms, 281cycles)
Wed May 07 22:18:40 CEST 2014: 94: Solution found.
Wed May 07 22:18:40 CEST 2014: 95: finished (100ms, 500cycles)
Wed May 07 22:18:40 CEST 2014: 95: No solution found.
Wed May 07 22:18:40 CEST 2014: 96: finished (8ms, 21cycles)
Wed May 07 22:18:40 CEST 2014: 96: Solution found.
Wed May 07 22:18:40 CEST 2014: 97: finished (100ms, 500cycles)
Wed May 07 22:18:40 CEST 2014: 97: No solution found.
Wed May 07 22:18:40 CEST 2014: 98: finished (87ms, 500cycles)
Wed May 07 22:18:40 CEST 2014: 98: No solution found.
Wed May 07 22:18:40 CEST 2014: 99: finished (5ms, 23cycles)
Wed May 07 22:18:40 CEST 2014: 99: Solution found.
Wed May 07 22:18:40 CEST 2014: Solution Found: 48
Wed May 07 22:18:40 CEST 2014: Avg cycles: 50
Wed May 07 22:18:40 CEST 2014: Max cycles: 374
Wed May 07 22:18:40 CEST 2014: Min cycles: 3
Wed May 07 22:18:40 CEST 2014: No solution found: 52
Wed May 07 22:18:40 CEST 2014: logging finished. (runtime: 10645ms)
