Sun May 18 22:12:35 CEST 2014: Problem Count: 50
Sun May 18 22:12:35 CEST 2014: CandidatesCount: 30
Sun May 18 22:12:35 CEST 2014: Max Cycles: 500
Sun May 18 22:12:35 CEST 2014: 0: finished (7ms, 18cycles)
Sun May 18 22:12:35 CEST 2014: 0: Solution found.
Sun May 18 22:12:35 CEST 2014: 1: finished (9ms, 21cycles)
Sun May 18 22:12:35 CEST 2014: 1: Solution found.
Sun May 18 22:12:35 CEST 2014: 2: finished (174ms, 500cycles)
Sun May 18 22:12:35 CEST 2014: 2: No solution found.
Sun May 18 22:12:35 CEST 2014: 3: finished (3ms, 9cycles)
Sun May 18 22:12:35 CEST 2014: 3: Solution found.
Sun May 18 22:12:35 CEST 2014: 4: finished (2ms, 6cycles)
Sun May 18 22:12:35 CEST 2014: 4: Solution found.
Sun May 18 22:12:35 CEST 2014: 5: finished (168ms, 500cycles)
Sun May 18 22:12:35 CEST 2014: 5: No solution found.
Sun May 18 22:12:35 CEST 2014: 6: finished (185ms, 500cycles)
Sun May 18 22:12:35 CEST 2014: 6: No solution found.
Sun May 18 22:12:35 CEST 2014: 7: finished (168ms, 500cycles)
Sun May 18 22:12:35 CEST 2014: 7: No solution found.
Sun May 18 22:12:36 CEST 2014: 8: finished (165ms, 500cycles)
Sun May 18 22:12:36 CEST 2014: 8: No solution found.
Sun May 18 22:12:36 CEST 2014: 9: finished (2ms, 3cycles)
Sun May 18 22:12:36 CEST 2014: 9: Solution found.
Sun May 18 22:12:36 CEST 2014: 10: finished (80ms, 211cycles)
Sun May 18 22:12:36 CEST 2014: 10: Solution found.
Sun May 18 22:12:36 CEST 2014: 11: finished (52ms, 117cycles)
Sun May 18 22:12:36 CEST 2014: 11: Solution found.
Sun May 18 22:12:36 CEST 2014: 12: finished (6ms, 15cycles)
Sun May 18 22:12:36 CEST 2014: 12: Solution found.
Sun May 18 22:12:36 CEST 2014: 13: finished (170ms, 500cycles)
Sun May 18 22:12:36 CEST 2014: 13: No solution found.
Sun May 18 22:12:36 CEST 2014: 14: finished (9ms, 17cycles)
Sun May 18 22:12:36 CEST 2014: 14: Solution found.
Sun May 18 22:12:36 CEST 2014: 15: finished (168ms, 500cycles)
Sun May 18 22:12:36 CEST 2014: 15: No solution found.
Sun May 18 22:12:36 CEST 2014: 16: finished (163ms, 500cycles)
Sun May 18 22:12:36 CEST 2014: 16: No solution found.
Sun May 18 22:12:36 CEST 2014: 17: finished (171ms, 500cycles)
Sun May 18 22:12:36 CEST 2014: 17: No solution found.
Sun May 18 22:12:36 CEST 2014: 18: finished (7ms, 18cycles)
Sun May 18 22:12:36 CEST 2014: 18: Solution found.
Sun May 18 22:12:37 CEST 2014: 19: finished (184ms, 500cycles)
Sun May 18 22:12:37 CEST 2014: 19: No solution found.
Sun May 18 22:12:37 CEST 2014: 20: finished (10ms, 21cycles)
Sun May 18 22:12:37 CEST 2014: 20: Solution found.
Sun May 18 22:12:37 CEST 2014: 21: finished (164ms, 500cycles)
Sun May 18 22:12:37 CEST 2014: 21: No solution found.
Sun May 18 22:12:37 CEST 2014: 22: finished (20ms, 57cycles)
Sun May 18 22:12:37 CEST 2014: 22: Solution found.
Sun May 18 22:12:37 CEST 2014: 23: finished (7ms, 18cycles)
Sun May 18 22:12:37 CEST 2014: 23: Solution found.
Sun May 18 22:12:37 CEST 2014: 24: finished (71ms, 166cycles)
Sun May 18 22:12:37 CEST 2014: 24: Solution found.
Sun May 18 22:12:37 CEST 2014: 25: finished (3ms, 8cycles)
Sun May 18 22:12:37 CEST 2014: 25: Solution found.
Sun May 18 22:12:37 CEST 2014: 26: finished (4ms, 11cycles)
Sun May 18 22:12:37 CEST 2014: 26: Solution found.
Sun May 18 22:12:37 CEST 2014: 27: finished (188ms, 500cycles)
Sun May 18 22:12:37 CEST 2014: 27: No solution found.
Sun May 18 22:12:37 CEST 2014: 28: finished (165ms, 500cycles)
Sun May 18 22:12:37 CEST 2014: 28: No solution found.
Sun May 18 22:12:37 CEST 2014: 29: finished (8ms, 21cycles)
Sun May 18 22:12:37 CEST 2014: 29: Solution found.
Sun May 18 22:12:37 CEST 2014: 30: finished (6ms, 14cycles)
Sun May 18 22:12:37 CEST 2014: 30: Solution found.
Sun May 18 22:12:37 CEST 2014: 31: finished (10ms, 27cycles)
Sun May 18 22:12:37 CEST 2014: 31: Solution found.
Sun May 18 22:12:37 CEST 2014: 32: finished (13ms, 26cycles)
Sun May 18 22:12:37 CEST 2014: 32: Solution found.
Sun May 18 22:12:37 CEST 2014: 33: finished (174ms, 500cycles)
Sun May 18 22:12:37 CEST 2014: 33: No solution found.
Sun May 18 22:12:37 CEST 2014: 34: finished (13ms, 34cycles)
Sun May 18 22:12:37 CEST 2014: 34: Solution found.
Sun May 18 22:12:37 CEST 2014: 35: finished (17ms, 49cycles)
Sun May 18 22:12:37 CEST 2014: 35: Solution found.
Sun May 18 22:12:38 CEST 2014: 36: finished (184ms, 500cycles)
Sun May 18 22:12:38 CEST 2014: 36: No solution found.
Sun May 18 22:12:38 CEST 2014: 37: finished (191ms, 500cycles)
Sun May 18 22:12:38 CEST 2014: 37: No solution found.
Sun May 18 22:12:38 CEST 2014: 38: finished (10ms, 24cycles)
Sun May 18 22:12:38 CEST 2014: 38: Solution found.
Sun May 18 22:12:38 CEST 2014: 39: finished (6ms, 17cycles)
Sun May 18 22:12:38 CEST 2014: 39: Solution found.
Sun May 18 22:12:38 CEST 2014: 40: finished (155ms, 500cycles)
Sun May 18 22:12:38 CEST 2014: 40: No solution found.
Sun May 18 22:12:38 CEST 2014: 41: finished (13ms, 33cycles)
Sun May 18 22:12:38 CEST 2014: 41: Solution found.
Sun May 18 22:12:38 CEST 2014: 42: finished (3ms, 6cycles)
Sun May 18 22:12:38 CEST 2014: 42: Solution found.
Sun May 18 22:12:38 CEST 2014: 43: finished (1ms, 3cycles)
Sun May 18 22:12:38 CEST 2014: 43: Solution found.
Sun May 18 22:12:38 CEST 2014: 44: finished (162ms, 500cycles)
Sun May 18 22:12:38 CEST 2014: 44: No solution found.
Sun May 18 22:12:38 CEST 2014: 45: finished (106ms, 304cycles)
Sun May 18 22:12:38 CEST 2014: 45: Solution found.
Sun May 18 22:12:38 CEST 2014: 46: finished (14ms, 38cycles)
Sun May 18 22:12:38 CEST 2014: 46: Solution found.
Sun May 18 22:12:39 CEST 2014: 47: finished (177ms, 500cycles)
Sun May 18 22:12:39 CEST 2014: 47: No solution found.
Sun May 18 22:12:39 CEST 2014: 48: finished (155ms, 500cycles)
Sun May 18 22:12:39 CEST 2014: 48: No solution found.
Sun May 18 22:12:39 CEST 2014: 49: finished (164ms, 500cycles)
Sun May 18 22:12:39 CEST 2014: 49: No solution found.
Sun May 18 22:12:39 CEST 2014: 50: finished (179ms, 500cycles)
Sun May 18 22:12:39 CEST 2014: 50: No solution found.
Sun May 18 22:12:39 CEST 2014: 51: finished (167ms, 500cycles)
Sun May 18 22:12:39 CEST 2014: 51: No solution found.
Sun May 18 22:12:39 CEST 2014: 52: finished (172ms, 500cycles)
Sun May 18 22:12:39 CEST 2014: 52: No solution found.
Sun May 18 22:12:39 CEST 2014: 53: finished (11ms, 27cycles)
Sun May 18 22:12:39 CEST 2014: 53: Solution found.
Sun May 18 22:12:39 CEST 2014: 54: finished (12ms, 31cycles)
Sun May 18 22:12:39 CEST 2014: 54: Solution found.
Sun May 18 22:12:40 CEST 2014: 55: finished (162ms, 500cycles)
Sun May 18 22:12:40 CEST 2014: 55: No solution found.
Sun May 18 22:12:40 CEST 2014: 56: finished (162ms, 500cycles)
Sun May 18 22:12:40 CEST 2014: 56: No solution found.
Sun May 18 22:12:40 CEST 2014: 57: finished (167ms, 500cycles)
Sun May 18 22:12:40 CEST 2014: 57: No solution found.
Sun May 18 22:12:40 CEST 2014: 58: finished (11ms, 29cycles)
Sun May 18 22:12:40 CEST 2014: 58: Solution found.
Sun May 18 22:12:40 CEST 2014: 59: finished (17ms, 33cycles)
Sun May 18 22:12:40 CEST 2014: 59: Solution found.
Sun May 18 22:12:40 CEST 2014: 60: finished (163ms, 500cycles)
Sun May 18 22:12:40 CEST 2014: 60: No solution found.
Sun May 18 22:12:40 CEST 2014: 61: finished (16ms, 39cycles)
Sun May 18 22:12:40 CEST 2014: 61: Solution found.
Sun May 18 22:12:40 CEST 2014: 62: finished (188ms, 500cycles)
Sun May 18 22:12:40 CEST 2014: 62: No solution found.
Sun May 18 22:12:40 CEST 2014: 63: finished (2ms, 4cycles)
Sun May 18 22:12:40 CEST 2014: 63: Solution found.
Sun May 18 22:12:40 CEST 2014: 64: finished (167ms, 500cycles)
Sun May 18 22:12:40 CEST 2014: 64: No solution found.
Sun May 18 22:12:41 CEST 2014: 65: finished (164ms, 500cycles)
Sun May 18 22:12:41 CEST 2014: 65: No solution found.
Sun May 18 22:12:41 CEST 2014: 66: finished (164ms, 500cycles)
Sun May 18 22:12:41 CEST 2014: 66: No solution found.
Sun May 18 22:12:41 CEST 2014: 67: finished (21ms, 56cycles)
Sun May 18 22:12:41 CEST 2014: 67: Solution found.
Sun May 18 22:12:41 CEST 2014: 68: finished (3ms, 5cycles)
Sun May 18 22:12:41 CEST 2014: 68: Solution found.
Sun May 18 22:12:41 CEST 2014: 69: finished (197ms, 500cycles)
Sun May 18 22:12:41 CEST 2014: 69: No solution found.
Sun May 18 22:12:41 CEST 2014: 70: finished (3ms, 6cycles)
Sun May 18 22:12:41 CEST 2014: 70: Solution found.
Sun May 18 22:12:41 CEST 2014: 71: finished (6ms, 18cycles)
Sun May 18 22:12:41 CEST 2014: 71: Solution found.
Sun May 18 22:12:41 CEST 2014: 72: finished (9ms, 23cycles)
Sun May 18 22:12:41 CEST 2014: 72: Solution found.
Sun May 18 22:12:41 CEST 2014: 73: finished (192ms, 500cycles)
Sun May 18 22:12:41 CEST 2014: 73: No solution found.
Sun May 18 22:12:41 CEST 2014: 74: finished (22ms, 62cycles)
Sun May 18 22:12:41 CEST 2014: 74: Solution found.
Sun May 18 22:12:41 CEST 2014: 75: finished (170ms, 500cycles)
Sun May 18 22:12:41 CEST 2014: 75: No solution found.
Sun May 18 22:12:42 CEST 2014: 76: finished (164ms, 500cycles)
Sun May 18 22:12:42 CEST 2014: 76: No solution found.
Sun May 18 22:12:42 CEST 2014: 77: finished (187ms, 500cycles)
Sun May 18 22:12:42 CEST 2014: 77: No solution found.
Sun May 18 22:12:42 CEST 2014: 78: finished (5ms, 15cycles)
Sun May 18 22:12:42 CEST 2014: 78: Solution found.
Sun May 18 22:12:42 CEST 2014: 79: finished (23ms, 56cycles)
Sun May 18 22:12:42 CEST 2014: 79: Solution found.
Sun May 18 22:12:42 CEST 2014: 80: finished (167ms, 500cycles)
Sun May 18 22:12:42 CEST 2014: 80: No solution found.
Sun May 18 22:12:42 CEST 2014: 81: finished (159ms, 500cycles)
Sun May 18 22:12:42 CEST 2014: 81: No solution found.
Sun May 18 22:12:42 CEST 2014: 82: finished (201ms, 500cycles)
Sun May 18 22:12:42 CEST 2014: 82: No solution found.
Sun May 18 22:12:42 CEST 2014: 83: finished (8ms, 19cycles)
Sun May 18 22:12:42 CEST 2014: 83: Solution found.
Sun May 18 22:12:42 CEST 2014: 84: finished (179ms, 500cycles)
Sun May 18 22:12:42 CEST 2014: 84: No solution found.
Sun May 18 22:12:43 CEST 2014: 85: finished (158ms, 500cycles)
Sun May 18 22:12:43 CEST 2014: 85: No solution found.
Sun May 18 22:12:43 CEST 2014: 86: finished (173ms, 500cycles)
Sun May 18 22:12:43 CEST 2014: 86: No solution found.
Sun May 18 22:12:43 CEST 2014: 87: finished (157ms, 500cycles)
Sun May 18 22:12:43 CEST 2014: 87: No solution found.
Sun May 18 22:12:43 CEST 2014: 88: finished (103ms, 297cycles)
Sun May 18 22:12:43 CEST 2014: 88: Solution found.
Sun May 18 22:12:43 CEST 2014: 89: finished (160ms, 500cycles)
Sun May 18 22:12:43 CEST 2014: 89: No solution found.
Sun May 18 22:12:43 CEST 2014: 90: finished (176ms, 500cycles)
Sun May 18 22:12:43 CEST 2014: 90: No solution found.
Sun May 18 22:12:44 CEST 2014: 91: finished (172ms, 500cycles)
Sun May 18 22:12:44 CEST 2014: 91: No solution found.
Sun May 18 22:12:44 CEST 2014: 92: finished (5ms, 10cycles)
Sun May 18 22:12:44 CEST 2014: 92: Solution found.
Sun May 18 22:12:44 CEST 2014: 93: finished (167ms, 500cycles)
Sun May 18 22:12:44 CEST 2014: 93: No solution found.
Sun May 18 22:12:44 CEST 2014: 94: finished (164ms, 500cycles)
Sun May 18 22:12:44 CEST 2014: 94: No solution found.
Sun May 18 22:12:44 CEST 2014: 95: finished (23ms, 41cycles)
Sun May 18 22:12:44 CEST 2014: 95: Solution found.
Sun May 18 22:12:44 CEST 2014: 96: finished (174ms, 500cycles)
Sun May 18 22:12:44 CEST 2014: 96: No solution found.
Sun May 18 22:12:44 CEST 2014: 97: finished (7ms, 16cycles)
Sun May 18 22:12:44 CEST 2014: 97: Solution found.
Sun May 18 22:12:44 CEST 2014: 98: finished (159ms, 500cycles)
Sun May 18 22:12:44 CEST 2014: 98: No solution found.
Sun May 18 22:12:44 CEST 2014: 99: finished (14ms, 35cycles)
Sun May 18 22:12:44 CEST 2014: 99: Solution found.
Sun May 18 22:12:44 CEST 2014: Solution Found: 49
Sun May 18 22:12:44 CEST 2014: Avg cycles: 43
Sun May 18 22:12:44 CEST 2014: Max cycles: 304
Sun May 18 22:12:44 CEST 2014: Min cycles: 3
Sun May 18 22:12:44 CEST 2014: No solution found: 51
Sun May 18 22:12:44 CEST 2014: logging finished. (runtime: 9578ms)
