Sun May 18 18:17:24 CEST 2014: Problem Count: 40
Sun May 18 18:17:24 CEST 2014: CandidatesCount: 30
Sun May 18 18:17:24 CEST 2014: Max Cycles: 500
Sun May 18 18:17:24 CEST 2014: 0: finished (8ms, 25cycles)
Sun May 18 18:17:24 CEST 2014: 0: Solution found.
Sun May 18 18:17:24 CEST 2014: 1: finished (149ms, 500cycles)
Sun May 18 18:17:24 CEST 2014: 1: No solution found.
Sun May 18 18:17:24 CEST 2014: 2: finished (143ms, 500cycles)
Sun May 18 18:17:24 CEST 2014: 2: No solution found.
Sun May 18 18:17:25 CEST 2014: 3: finished (121ms, 500cycles)
Sun May 18 18:17:25 CEST 2014: 3: No solution found.
Sun May 18 18:17:25 CEST 2014: 4: finished (124ms, 500cycles)
Sun May 18 18:17:25 CEST 2014: 4: No solution found.
Sun May 18 18:17:25 CEST 2014: 5: finished (120ms, 500cycles)
Sun May 18 18:17:25 CEST 2014: 5: No solution found.
Sun May 18 18:17:25 CEST 2014: 6: finished (31ms, 114cycles)
Sun May 18 18:17:25 CEST 2014: 6: Solution found.
Sun May 18 18:17:25 CEST 2014: 7: finished (146ms, 481cycles)
Sun May 18 18:17:25 CEST 2014: 7: Solution found.
Sun May 18 18:17:25 CEST 2014: 8: finished (16ms, 50cycles)
Sun May 18 18:17:25 CEST 2014: 8: Solution found.
Sun May 18 18:17:25 CEST 2014: 9: finished (126ms, 500cycles)
Sun May 18 18:17:25 CEST 2014: 9: No solution found.
Sun May 18 18:17:25 CEST 2014: 10: finished (8ms, 28cycles)
Sun May 18 18:17:25 CEST 2014: 10: Solution found.
Sun May 18 18:17:25 CEST 2014: 11: finished (5ms, 15cycles)
Sun May 18 18:17:25 CEST 2014: 11: Solution found.
Sun May 18 18:17:25 CEST 2014: 12: finished (7ms, 25cycles)
Sun May 18 18:17:25 CEST 2014: 12: Solution found.
Sun May 18 18:17:25 CEST 2014: 13: finished (4ms, 14cycles)
Sun May 18 18:17:25 CEST 2014: 13: Solution found.
Sun May 18 18:17:25 CEST 2014: 14: finished (145ms, 500cycles)
Sun May 18 18:17:25 CEST 2014: 14: No solution found.
Sun May 18 18:17:25 CEST 2014: 15: finished (6ms, 17cycles)
Sun May 18 18:17:25 CEST 2014: 15: Solution found.
Sun May 18 18:17:25 CEST 2014: 16: finished (6ms, 20cycles)
Sun May 18 18:17:25 CEST 2014: 16: Solution found.
Sun May 18 18:17:25 CEST 2014: 17: finished (10ms, 37cycles)
Sun May 18 18:17:25 CEST 2014: 17: Solution found.
Sun May 18 18:17:25 CEST 2014: 18: finished (6ms, 15cycles)
Sun May 18 18:17:25 CEST 2014: 18: Solution found.
Sun May 18 18:17:25 CEST 2014: 19: finished (129ms, 500cycles)
Sun May 18 18:17:25 CEST 2014: 19: No solution found.
Sun May 18 18:17:26 CEST 2014: 20: finished (126ms, 500cycles)
Sun May 18 18:17:26 CEST 2014: 20: No solution found.
Sun May 18 18:17:26 CEST 2014: 21: finished (8ms, 29cycles)
Sun May 18 18:17:26 CEST 2014: 21: Solution found.
Sun May 18 18:17:26 CEST 2014: 22: finished (3ms, 9cycles)
Sun May 18 18:17:26 CEST 2014: 22: Solution found.
Sun May 18 18:17:26 CEST 2014: 23: finished (7ms, 23cycles)
Sun May 18 18:17:26 CEST 2014: 23: Solution found.
Sun May 18 18:17:26 CEST 2014: 24: finished (122ms, 500cycles)
Sun May 18 18:17:26 CEST 2014: 24: No solution found.
Sun May 18 18:17:26 CEST 2014: 25: finished (3ms, 9cycles)
Sun May 18 18:17:26 CEST 2014: 25: Solution found.
Sun May 18 18:17:26 CEST 2014: 26: finished (131ms, 500cycles)
Sun May 18 18:17:26 CEST 2014: 26: No solution found.
Sun May 18 18:17:26 CEST 2014: 27: finished (135ms, 500cycles)
Sun May 18 18:17:26 CEST 2014: 27: No solution found.
Sun May 18 18:17:26 CEST 2014: 28: finished (7ms, 24cycles)
Sun May 18 18:17:26 CEST 2014: 28: Solution found.
Sun May 18 18:17:26 CEST 2014: 29: finished (130ms, 500cycles)
Sun May 18 18:17:26 CEST 2014: 29: No solution found.
Sun May 18 18:17:26 CEST 2014: 30: finished (5ms, 16cycles)
Sun May 18 18:17:26 CEST 2014: 30: Solution found.
Sun May 18 18:17:26 CEST 2014: 31: finished (3ms, 7cycles)
Sun May 18 18:17:26 CEST 2014: 31: Solution found.
Sun May 18 18:17:26 CEST 2014: 32: finished (16ms, 38cycles)
Sun May 18 18:17:26 CEST 2014: 32: Solution found.
Sun May 18 18:17:26 CEST 2014: 33: finished (124ms, 500cycles)
Sun May 18 18:17:26 CEST 2014: 33: No solution found.
Sun May 18 18:17:26 CEST 2014: 34: finished (27ms, 98cycles)
Sun May 18 18:17:26 CEST 2014: 34: Solution found.
Sun May 18 18:17:26 CEST 2014: 35: finished (10ms, 36cycles)
Sun May 18 18:17:26 CEST 2014: 35: Solution found.
Sun May 18 18:17:26 CEST 2014: 36: finished (3ms, 6cycles)
Sun May 18 18:17:26 CEST 2014: 36: Solution found.
Sun May 18 18:17:26 CEST 2014: 37: finished (13ms, 27cycles)
Sun May 18 18:17:26 CEST 2014: 37: Solution found.
Sun May 18 18:17:26 CEST 2014: 38: finished (4ms, 11cycles)
Sun May 18 18:17:26 CEST 2014: 38: Solution found.
Sun May 18 18:17:26 CEST 2014: 39: finished (146ms, 500cycles)
Sun May 18 18:17:26 CEST 2014: 39: No solution found.
Sun May 18 18:17:27 CEST 2014: 40: finished (143ms, 500cycles)
Sun May 18 18:17:27 CEST 2014: 40: No solution found.
Sun May 18 18:17:27 CEST 2014: 41: finished (126ms, 500cycles)
Sun May 18 18:17:27 CEST 2014: 41: No solution found.
Sun May 18 18:17:27 CEST 2014: 42: finished (120ms, 500cycles)
Sun May 18 18:17:27 CEST 2014: 42: No solution found.
Sun May 18 18:17:27 CEST 2014: 43: finished (6ms, 18cycles)
Sun May 18 18:17:27 CEST 2014: 43: Solution found.
Sun May 18 18:17:27 CEST 2014: 44: finished (129ms, 500cycles)
Sun May 18 18:17:27 CEST 2014: 44: No solution found.
Sun May 18 18:17:27 CEST 2014: 45: finished (12ms, 46cycles)
Sun May 18 18:17:27 CEST 2014: 45: Solution found.
Sun May 18 18:17:27 CEST 2014: 46: finished (134ms, 500cycles)
Sun May 18 18:17:27 CEST 2014: 46: No solution found.
Sun May 18 18:17:27 CEST 2014: 47: finished (18ms, 61cycles)
Sun May 18 18:17:27 CEST 2014: 47: Solution found.
Sun May 18 18:17:27 CEST 2014: 48: finished (22ms, 74cycles)
Sun May 18 18:17:27 CEST 2014: 48: Solution found.
Sun May 18 18:17:27 CEST 2014: 49: finished (9ms, 26cycles)
Sun May 18 18:17:27 CEST 2014: 49: Solution found.
Sun May 18 18:17:27 CEST 2014: 50: finished (10ms, 28cycles)
Sun May 18 18:17:27 CEST 2014: 50: Solution found.
Sun May 18 18:17:27 CEST 2014: 51: finished (127ms, 500cycles)
Sun May 18 18:17:27 CEST 2014: 51: No solution found.
Sun May 18 18:17:27 CEST 2014: 52: finished (6ms, 22cycles)
Sun May 18 18:17:27 CEST 2014: 52: Solution found.
Sun May 18 18:17:27 CEST 2014: 53: finished (154ms, 500cycles)
Sun May 18 18:17:27 CEST 2014: 53: No solution found.
Sun May 18 18:17:28 CEST 2014: 54: finished (129ms, 500cycles)
Sun May 18 18:17:28 CEST 2014: 54: No solution found.
Sun May 18 18:17:28 CEST 2014: 55: finished (127ms, 500cycles)
Sun May 18 18:17:28 CEST 2014: 55: No solution found.
Sun May 18 18:17:28 CEST 2014: 56: finished (3ms, 8cycles)
Sun May 18 18:17:28 CEST 2014: 56: Solution found.
Sun May 18 18:17:28 CEST 2014: 57: finished (12ms, 26cycles)
Sun May 18 18:17:28 CEST 2014: 57: Solution found.
Sun May 18 18:17:28 CEST 2014: 58: finished (129ms, 500cycles)
Sun May 18 18:17:28 CEST 2014: 58: No solution found.
Sun May 18 18:17:28 CEST 2014: 59: finished (122ms, 500cycles)
Sun May 18 18:17:28 CEST 2014: 59: No solution found.
Sun May 18 18:17:28 CEST 2014: 60: finished (129ms, 500cycles)
Sun May 18 18:17:28 CEST 2014: 60: No solution found.
Sun May 18 18:17:28 CEST 2014: 61: finished (5ms, 15cycles)
Sun May 18 18:17:28 CEST 2014: 61: Solution found.
Sun May 18 18:17:28 CEST 2014: 62: finished (119ms, 500cycles)
Sun May 18 18:17:28 CEST 2014: 62: No solution found.
Sun May 18 18:17:28 CEST 2014: 63: finished (128ms, 500cycles)
Sun May 18 18:17:28 CEST 2014: 63: No solution found.
Sun May 18 18:17:28 CEST 2014: 64: finished (3ms, 9cycles)
Sun May 18 18:17:28 CEST 2014: 64: Solution found.
Sun May 18 18:17:28 CEST 2014: 65: finished (6ms, 20cycles)
Sun May 18 18:17:28 CEST 2014: 65: Solution found.
Sun May 18 18:17:28 CEST 2014: 66: finished (46ms, 175cycles)
Sun May 18 18:17:28 CEST 2014: 66: Solution found.
Sun May 18 18:17:28 CEST 2014: 67: finished (5ms, 18cycles)
Sun May 18 18:17:28 CEST 2014: 67: Solution found.
Sun May 18 18:17:29 CEST 2014: 68: finished (129ms, 500cycles)
Sun May 18 18:17:29 CEST 2014: 68: No solution found.
Sun May 18 18:17:29 CEST 2014: 69: finished (132ms, 500cycles)
Sun May 18 18:17:29 CEST 2014: 69: No solution found.
Sun May 18 18:17:29 CEST 2014: 70: finished (142ms, 500cycles)
Sun May 18 18:17:29 CEST 2014: 70: No solution found.
Sun May 18 18:17:29 CEST 2014: 71: finished (64ms, 240cycles)
Sun May 18 18:17:29 CEST 2014: 71: Solution found.
Sun May 18 18:17:29 CEST 2014: 72: finished (4ms, 14cycles)
Sun May 18 18:17:29 CEST 2014: 72: Solution found.
Sun May 18 18:17:29 CEST 2014: 73: finished (149ms, 500cycles)
Sun May 18 18:17:29 CEST 2014: 73: No solution found.
Sun May 18 18:17:29 CEST 2014: 74: finished (145ms, 500cycles)
Sun May 18 18:17:29 CEST 2014: 74: No solution found.
Sun May 18 18:17:29 CEST 2014: 75: finished (9ms, 29cycles)
Sun May 18 18:17:29 CEST 2014: 75: Solution found.
Sun May 18 18:17:29 CEST 2014: 76: finished (6ms, 17cycles)
Sun May 18 18:17:29 CEST 2014: 76: Solution found.
Sun May 18 18:17:29 CEST 2014: 77: finished (141ms, 500cycles)
Sun May 18 18:17:29 CEST 2014: 77: No solution found.
Sun May 18 18:17:29 CEST 2014: 78: finished (117ms, 500cycles)
Sun May 18 18:17:29 CEST 2014: 78: No solution found.
Sun May 18 18:17:29 CEST 2014: 79: finished (2ms, 7cycles)
Sun May 18 18:17:29 CEST 2014: 79: Solution found.
Sun May 18 18:17:30 CEST 2014: 80: finished (118ms, 500cycles)
Sun May 18 18:17:30 CEST 2014: 80: No solution found.
Sun May 18 18:17:30 CEST 2014: 81: finished (146ms, 500cycles)
Sun May 18 18:17:30 CEST 2014: 81: No solution found.
Sun May 18 18:17:30 CEST 2014: 82: finished (4ms, 11cycles)
Sun May 18 18:17:30 CEST 2014: 82: Solution found.
Sun May 18 18:17:30 CEST 2014: 83: finished (13ms, 43cycles)
Sun May 18 18:17:30 CEST 2014: 83: Solution found.
Sun May 18 18:17:30 CEST 2014: 84: finished (24ms, 87cycles)
Sun May 18 18:17:30 CEST 2014: 84: Solution found.
Sun May 18 18:17:30 CEST 2014: 85: finished (140ms, 500cycles)
Sun May 18 18:17:30 CEST 2014: 85: No solution found.
Sun May 18 18:17:30 CEST 2014: 86: finished (124ms, 500cycles)
Sun May 18 18:17:30 CEST 2014: 86: No solution found.
Sun May 18 18:17:30 CEST 2014: 87: finished (7ms, 16cycles)
Sun May 18 18:17:30 CEST 2014: 87: Solution found.
Sun May 18 18:17:30 CEST 2014: 88: finished (6ms, 21cycles)
Sun May 18 18:17:30 CEST 2014: 88: Solution found.
Sun May 18 18:17:30 CEST 2014: 89: finished (12ms, 40cycles)
Sun May 18 18:17:30 CEST 2014: 89: Solution found.
Sun May 18 18:17:30 CEST 2014: 90: finished (134ms, 500cycles)
Sun May 18 18:17:30 CEST 2014: 90: No solution found.
Sun May 18 18:17:30 CEST 2014: 91: finished (13ms, 46cycles)
Sun May 18 18:17:30 CEST 2014: 91: Solution found.
Sun May 18 18:17:30 CEST 2014: 92: finished (12ms, 40cycles)
Sun May 18 18:17:30 CEST 2014: 92: Solution found.
Sun May 18 18:17:30 CEST 2014: 93: finished (146ms, 500cycles)
Sun May 18 18:17:30 CEST 2014: 93: No solution found.
Sun May 18 18:17:31 CEST 2014: 94: finished (141ms, 500cycles)
Sun May 18 18:17:31 CEST 2014: 94: No solution found.
Sun May 18 18:17:31 CEST 2014: 95: finished (14ms, 46cycles)
Sun May 18 18:17:31 CEST 2014: 95: Solution found.
Sun May 18 18:17:31 CEST 2014: 96: finished (3ms, 7cycles)
Sun May 18 18:17:31 CEST 2014: 96: Solution found.
Sun May 18 18:17:31 CEST 2014: 97: finished (122ms, 500cycles)
Sun May 18 18:17:31 CEST 2014: 97: No solution found.
Sun May 18 18:17:31 CEST 2014: 98: finished (135ms, 500cycles)
Sun May 18 18:17:31 CEST 2014: 98: No solution found.
Sun May 18 18:17:31 CEST 2014: 99: finished (118ms, 500cycles)
Sun May 18 18:17:31 CEST 2014: 99: No solution found.
Sun May 18 18:17:31 CEST 2014: Solution Found: 54
Sun May 18 18:17:31 CEST 2014: Avg cycles: 44
Sun May 18 18:17:31 CEST 2014: Max cycles: 481
Sun May 18 18:17:31 CEST 2014: Min cycles: 6
Sun May 18 18:17:31 CEST 2014: No solution found: 46
Sun May 18 18:17:31 CEST 2014: logging finished. (runtime: 6801ms)
