Tue May 06 10:53:00 CEST 2014: Problem Count: 40
Tue May 06 10:53:00 CEST 2014: CandidatesCount: 20
Tue May 06 10:53:00 CEST 2014: Max Cycles: 500
Tue May 06 10:53:00 CEST 2014: 0: finished (88ms, 500cycles)
Tue May 06 10:53:00 CEST 2014: 0: No solution found.
Tue May 06 10:53:00 CEST 2014: 1: finished (94ms, 500cycles)
Tue May 06 10:53:00 CEST 2014: 1: No solution found.
Tue May 06 10:53:00 CEST 2014: 2: finished (5ms, 28cycles)
Tue May 06 10:53:00 CEST 2014: 2: Solution found.
Tue May 06 10:53:00 CEST 2014: 3: finished (79ms, 500cycles)
Tue May 06 10:53:00 CEST 2014: 3: No solution found.
Tue May 06 10:53:00 CEST 2014: 4: finished (32ms, 187cycles)
Tue May 06 10:53:00 CEST 2014: 4: Solution found.
Tue May 06 10:53:00 CEST 2014: 5: finished (25ms, 121cycles)
Tue May 06 10:53:00 CEST 2014: 5: Solution found.
Tue May 06 10:53:00 CEST 2014: 6: finished (5ms, 23cycles)
Tue May 06 10:53:00 CEST 2014: 6: Solution found.
Tue May 06 10:53:00 CEST 2014: 7: finished (2ms, 13cycles)
Tue May 06 10:53:00 CEST 2014: 7: Solution found.
Tue May 06 10:53:00 CEST 2014: 8: finished (88ms, 500cycles)
Tue May 06 10:53:00 CEST 2014: 8: No solution found.
Tue May 06 10:53:00 CEST 2014: 9: finished (91ms, 500cycles)
Tue May 06 10:53:00 CEST 2014: 9: No solution found.
Tue May 06 10:53:00 CEST 2014: 10: finished (92ms, 500cycles)
Tue May 06 10:53:00 CEST 2014: 10: No solution found.
Tue May 06 10:53:00 CEST 2014: 11: finished (81ms, 500cycles)
Tue May 06 10:53:00 CEST 2014: 11: No solution found.
Tue May 06 10:53:00 CEST 2014: 12: finished (16ms, 91cycles)
Tue May 06 10:53:00 CEST 2014: 12: Solution found.
Tue May 06 10:53:00 CEST 2014: 13: finished (7ms, 34cycles)
Tue May 06 10:53:00 CEST 2014: 13: Solution found.
Tue May 06 10:53:00 CEST 2014: 14: finished (6ms, 27cycles)
Tue May 06 10:53:00 CEST 2014: 14: Solution found.
Tue May 06 10:53:01 CEST 2014: 15: finished (85ms, 500cycles)
Tue May 06 10:53:01 CEST 2014: 15: No solution found.
Tue May 06 10:53:01 CEST 2014: 16: finished (78ms, 500cycles)
Tue May 06 10:53:01 CEST 2014: 16: No solution found.
Tue May 06 10:53:01 CEST 2014: 17: finished (11ms, 57cycles)
Tue May 06 10:53:01 CEST 2014: 17: Solution found.
Tue May 06 10:53:01 CEST 2014: 18: finished (97ms, 500cycles)
Tue May 06 10:53:01 CEST 2014: 18: No solution found.
Tue May 06 10:53:01 CEST 2014: 19: finished (90ms, 500cycles)
Tue May 06 10:53:01 CEST 2014: 19: No solution found.
Tue May 06 10:53:01 CEST 2014: 20: finished (83ms, 500cycles)
Tue May 06 10:53:01 CEST 2014: 20: No solution found.
Tue May 06 10:53:01 CEST 2014: 21: finished (90ms, 500cycles)
Tue May 06 10:53:01 CEST 2014: 21: No solution found.
Tue May 06 10:53:01 CEST 2014: 22: finished (3ms, 19cycles)
Tue May 06 10:53:01 CEST 2014: 22: Solution found.
Tue May 06 10:53:01 CEST 2014: 23: finished (3ms, 13cycles)
Tue May 06 10:53:01 CEST 2014: 23: Solution found.
Tue May 06 10:53:01 CEST 2014: 24: finished (88ms, 500cycles)
Tue May 06 10:53:01 CEST 2014: 24: No solution found.
Tue May 06 10:53:01 CEST 2014: 25: finished (80ms, 500cycles)
Tue May 06 10:53:01 CEST 2014: 25: No solution found.
Tue May 06 10:53:01 CEST 2014: 26: finished (4ms, 17cycles)
Tue May 06 10:53:01 CEST 2014: 26: Solution found.
Tue May 06 10:53:01 CEST 2014: 27: finished (101ms, 500cycles)
Tue May 06 10:53:01 CEST 2014: 27: No solution found.
Tue May 06 10:53:01 CEST 2014: 28: finished (3ms, 14cycles)
Tue May 06 10:53:01 CEST 2014: 28: Solution found.
Tue May 06 10:53:01 CEST 2014: 29: finished (84ms, 500cycles)
Tue May 06 10:53:01 CEST 2014: 29: No solution found.
Tue May 06 10:53:01 CEST 2014: 30: finished (79ms, 500cycles)
Tue May 06 10:53:01 CEST 2014: 30: No solution found.
Tue May 06 10:53:01 CEST 2014: 31: finished (5ms, 27cycles)
Tue May 06 10:53:01 CEST 2014: 31: Solution found.
Tue May 06 10:53:01 CEST 2014: 32: finished (4ms, 19cycles)
Tue May 06 10:53:01 CEST 2014: 32: Solution found.
Tue May 06 10:53:01 CEST 2014: 33: finished (3ms, 15cycles)
Tue May 06 10:53:01 CEST 2014: 33: Solution found.
Tue May 06 10:53:02 CEST 2014: 34: finished (78ms, 500cycles)
Tue May 06 10:53:02 CEST 2014: 34: No solution found.
Tue May 06 10:53:02 CEST 2014: 35: finished (80ms, 500cycles)
Tue May 06 10:53:02 CEST 2014: 35: No solution found.
Tue May 06 10:53:02 CEST 2014: 36: finished (89ms, 500cycles)
Tue May 06 10:53:02 CEST 2014: 36: No solution found.
Tue May 06 10:53:02 CEST 2014: 37: finished (80ms, 500cycles)
Tue May 06 10:53:02 CEST 2014: 37: No solution found.
Tue May 06 10:53:02 CEST 2014: 38: finished (93ms, 500cycles)
Tue May 06 10:53:02 CEST 2014: 38: No solution found.
Tue May 06 10:53:02 CEST 2014: 39: finished (88ms, 459cycles)
Tue May 06 10:53:02 CEST 2014: 39: Solution found.
Tue May 06 10:53:02 CEST 2014: 40: finished (81ms, 500cycles)
Tue May 06 10:53:02 CEST 2014: 40: No solution found.
Tue May 06 10:53:02 CEST 2014: 41: finished (8ms, 38cycles)
Tue May 06 10:53:02 CEST 2014: 41: Solution found.
Tue May 06 10:53:02 CEST 2014: 42: finished (87ms, 500cycles)
Tue May 06 10:53:02 CEST 2014: 42: No solution found.
Tue May 06 10:53:02 CEST 2014: 43: finished (14ms, 66cycles)
Tue May 06 10:53:02 CEST 2014: 43: Solution found.
Tue May 06 10:53:02 CEST 2014: 44: finished (84ms, 500cycles)
Tue May 06 10:53:02 CEST 2014: 44: No solution found.
Tue May 06 10:53:02 CEST 2014: 45: finished (102ms, 500cycles)
Tue May 06 10:53:02 CEST 2014: 45: No solution found.
Tue May 06 10:53:02 CEST 2014: 46: finished (4ms, 16cycles)
Tue May 06 10:53:02 CEST 2014: 46: Solution found.
Tue May 06 10:53:02 CEST 2014: 47: finished (84ms, 500cycles)
Tue May 06 10:53:02 CEST 2014: 47: No solution found.
Tue May 06 10:53:03 CEST 2014: 48: finished (94ms, 500cycles)
Tue May 06 10:53:03 CEST 2014: 48: No solution found.
Tue May 06 10:53:03 CEST 2014: 49: finished (78ms, 500cycles)
Tue May 06 10:53:03 CEST 2014: 49: No solution found.
Tue May 06 10:53:03 CEST 2014: 50: finished (85ms, 500cycles)
Tue May 06 10:53:03 CEST 2014: 50: No solution found.
Tue May 06 10:53:03 CEST 2014: 51: finished (1ms, 5cycles)
Tue May 06 10:53:03 CEST 2014: 51: Solution found.
Tue May 06 10:53:03 CEST 2014: 52: finished (76ms, 500cycles)
Tue May 06 10:53:03 CEST 2014: 52: No solution found.
Tue May 06 10:53:03 CEST 2014: 53: finished (1ms, 8cycles)
Tue May 06 10:53:03 CEST 2014: 53: Solution found.
Tue May 06 10:53:03 CEST 2014: 54: finished (8ms, 29cycles)
Tue May 06 10:53:03 CEST 2014: 54: Solution found.
Tue May 06 10:53:03 CEST 2014: 55: finished (90ms, 500cycles)
Tue May 06 10:53:03 CEST 2014: 55: No solution found.
Tue May 06 10:53:03 CEST 2014: 56: finished (4ms, 21cycles)
Tue May 06 10:53:03 CEST 2014: 56: Solution found.
Tue May 06 10:53:03 CEST 2014: 57: finished (83ms, 500cycles)
Tue May 06 10:53:03 CEST 2014: 57: No solution found.
Tue May 06 10:53:03 CEST 2014: 58: finished (6ms, 32cycles)
Tue May 06 10:53:03 CEST 2014: 58: Solution found.
Tue May 06 10:53:03 CEST 2014: 59: finished (59ms, 320cycles)
Tue May 06 10:53:03 CEST 2014: 59: Solution found.
Tue May 06 10:53:03 CEST 2014: 60: finished (86ms, 500cycles)
Tue May 06 10:53:03 CEST 2014: 60: No solution found.
Tue May 06 10:53:03 CEST 2014: 61: finished (83ms, 500cycles)
Tue May 06 10:53:03 CEST 2014: 61: No solution found.
Tue May 06 10:53:03 CEST 2014: 62: finished (6ms, 29cycles)
Tue May 06 10:53:03 CEST 2014: 62: Solution found.
Tue May 06 10:53:03 CEST 2014: 63: finished (5ms, 29cycles)
Tue May 06 10:53:03 CEST 2014: 63: Solution found.
Tue May 06 10:53:03 CEST 2014: 64: finished (94ms, 500cycles)
Tue May 06 10:53:03 CEST 2014: 64: No solution found.
Tue May 06 10:53:03 CEST 2014: 65: finished (95ms, 500cycles)
Tue May 06 10:53:03 CEST 2014: 65: No solution found.
Tue May 06 10:53:03 CEST 2014: 66: finished (53ms, 261cycles)
Tue May 06 10:53:03 CEST 2014: 66: Solution found.
Tue May 06 10:53:04 CEST 2014: 67: finished (84ms, 500cycles)
Tue May 06 10:53:04 CEST 2014: 67: No solution found.
Tue May 06 10:53:04 CEST 2014: 68: finished (4ms, 18cycles)
Tue May 06 10:53:04 CEST 2014: 68: Solution found.
Tue May 06 10:53:04 CEST 2014: 69: finished (82ms, 500cycles)
Tue May 06 10:53:04 CEST 2014: 69: No solution found.
Tue May 06 10:53:04 CEST 2014: 70: finished (10ms, 60cycles)
Tue May 06 10:53:04 CEST 2014: 70: Solution found.
Tue May 06 10:53:04 CEST 2014: 71: finished (87ms, 500cycles)
Tue May 06 10:53:04 CEST 2014: 71: No solution found.
Tue May 06 10:53:04 CEST 2014: 72: finished (109ms, 500cycles)
Tue May 06 10:53:04 CEST 2014: 72: No solution found.
Tue May 06 10:53:04 CEST 2014: 73: finished (15ms, 30cycles)
Tue May 06 10:53:04 CEST 2014: 73: Solution found.
Tue May 06 10:53:04 CEST 2014: 74: finished (81ms, 500cycles)
Tue May 06 10:53:04 CEST 2014: 74: No solution found.
Tue May 06 10:53:04 CEST 2014: 75: finished (8ms, 36cycles)
Tue May 06 10:53:04 CEST 2014: 75: Solution found.
Tue May 06 10:53:04 CEST 2014: 76: finished (81ms, 500cycles)
Tue May 06 10:53:04 CEST 2014: 76: No solution found.
Tue May 06 10:53:04 CEST 2014: 77: finished (86ms, 500cycles)
Tue May 06 10:53:04 CEST 2014: 77: No solution found.
Tue May 06 10:53:04 CEST 2014: 78: finished (78ms, 500cycles)
Tue May 06 10:53:04 CEST 2014: 78: No solution found.
Tue May 06 10:53:04 CEST 2014: 79: finished (7ms, 35cycles)
Tue May 06 10:53:04 CEST 2014: 79: Solution found.
Tue May 06 10:53:04 CEST 2014: 80: finished (85ms, 500cycles)
Tue May 06 10:53:04 CEST 2014: 80: No solution found.
Tue May 06 10:53:04 CEST 2014: 81: finished (92ms, 500cycles)
Tue May 06 10:53:04 CEST 2014: 81: No solution found.
Tue May 06 10:53:04 CEST 2014: 82: finished (4ms, 19cycles)
Tue May 06 10:53:04 CEST 2014: 82: Solution found.
Tue May 06 10:53:04 CEST 2014: 83: finished (3ms, 15cycles)
Tue May 06 10:53:04 CEST 2014: 83: Solution found.
Tue May 06 10:53:04 CEST 2014: 84: finished (79ms, 500cycles)
Tue May 06 10:53:04 CEST 2014: 84: No solution found.
Tue May 06 10:53:05 CEST 2014: 85: finished (80ms, 500cycles)
Tue May 06 10:53:05 CEST 2014: 85: No solution found.
Tue May 06 10:53:05 CEST 2014: 86: finished (95ms, 500cycles)
Tue May 06 10:53:05 CEST 2014: 86: No solution found.
Tue May 06 10:53:05 CEST 2014: 87: finished (67ms, 307cycles)
Tue May 06 10:53:05 CEST 2014: 87: Solution found.
Tue May 06 10:53:05 CEST 2014: 88: finished (86ms, 500cycles)
Tue May 06 10:53:05 CEST 2014: 88: No solution found.
Tue May 06 10:53:05 CEST 2014: 89: finished (25ms, 122cycles)
Tue May 06 10:53:05 CEST 2014: 89: Solution found.
Tue May 06 10:53:05 CEST 2014: 90: finished (89ms, 500cycles)
Tue May 06 10:53:05 CEST 2014: 90: No solution found.
Tue May 06 10:53:05 CEST 2014: 91: finished (84ms, 500cycles)
Tue May 06 10:53:05 CEST 2014: 91: No solution found.
Tue May 06 10:53:05 CEST 2014: 92: finished (83ms, 500cycles)
Tue May 06 10:53:05 CEST 2014: 92: No solution found.
Tue May 06 10:53:05 CEST 2014: 93: finished (84ms, 500cycles)
Tue May 06 10:53:05 CEST 2014: 93: No solution found.
Tue May 06 10:53:05 CEST 2014: 94: finished (5ms, 29cycles)
Tue May 06 10:53:05 CEST 2014: 94: Solution found.
Tue May 06 10:53:05 CEST 2014: 95: finished (6ms, 37cycles)
Tue May 06 10:53:05 CEST 2014: 95: Solution found.
Tue May 06 10:53:05 CEST 2014: 96: finished (4ms, 19cycles)
Tue May 06 10:53:05 CEST 2014: 96: Solution found.
Tue May 06 10:53:05 CEST 2014: 97: finished (30ms, 84cycles)
Tue May 06 10:53:05 CEST 2014: 97: Solution found.
Tue May 06 10:53:05 CEST 2014: 98: finished (83ms, 500cycles)
Tue May 06 10:53:05 CEST 2014: 98: No solution found.
Tue May 06 10:53:05 CEST 2014: 99: finished (86ms, 500cycles)
Tue May 06 10:53:05 CEST 2014: 99: No solution found.
Tue May 06 10:53:05 CEST 2014: Solution Found: 42
Tue May 06 10:53:05 CEST 2014: Avg cycles: 67
Tue May 06 10:53:05 CEST 2014: Max cycles: 459
Tue May 06 10:53:05 CEST 2014: Min cycles: 5
Tue May 06 10:53:05 CEST 2014: No solution found: 58
Tue May 06 10:53:05 CEST 2014: logging finished. (runtime: 5594ms)
