Wed May 07 01:01:59 CEST 2014: Problem Count: 40
Wed May 07 01:01:59 CEST 2014: CandidatesCount: 10
Wed May 07 01:01:59 CEST 2014: Max Cycles: 500
Wed May 07 01:02:00 CEST 2014: 0: finished (144ms, 500cycles)
Wed May 07 01:02:00 CEST 2014: 0: No solution found.
Wed May 07 01:02:00 CEST 2014: 1: finished (147ms, 500cycles)
Wed May 07 01:02:00 CEST 2014: 1: No solution found.
Wed May 07 01:02:00 CEST 2014: 2: finished (9ms, 28cycles)
Wed May 07 01:02:00 CEST 2014: 2: Solution found.
Wed May 07 01:02:00 CEST 2014: 3: finished (161ms, 500cycles)
Wed May 07 01:02:00 CEST 2014: 3: No solution found.
Wed May 07 01:02:00 CEST 2014: 4: finished (140ms, 500cycles)
Wed May 07 01:02:00 CEST 2014: 4: No solution found.
Wed May 07 01:02:00 CEST 2014: 5: finished (18ms, 46cycles)
Wed May 07 01:02:00 CEST 2014: 5: Solution found.
Wed May 07 01:02:00 CEST 2014: 6: finished (9ms, 26cycles)
Wed May 07 01:02:00 CEST 2014: 6: Solution found.
Wed May 07 01:02:00 CEST 2014: 7: finished (130ms, 500cycles)
Wed May 07 01:02:00 CEST 2014: 7: No solution found.
Wed May 07 01:02:00 CEST 2014: 8: finished (12ms, 39cycles)
Wed May 07 01:02:00 CEST 2014: 8: Solution found.
Wed May 07 01:02:00 CEST 2014: 9: finished (129ms, 500cycles)
Wed May 07 01:02:00 CEST 2014: 9: No solution found.
Wed May 07 01:02:00 CEST 2014: 10: finished (20ms, 59cycles)
Wed May 07 01:02:00 CEST 2014: 10: Solution found.
Wed May 07 01:02:00 CEST 2014: 11: finished (10ms, 30cycles)
Wed May 07 01:02:00 CEST 2014: 11: Solution found.
Wed May 07 01:02:00 CEST 2014: 12: finished (140ms, 500cycles)
Wed May 07 01:02:00 CEST 2014: 12: No solution found.
Wed May 07 01:02:01 CEST 2014: 13: finished (127ms, 500cycles)
Wed May 07 01:02:01 CEST 2014: 13: No solution found.
Wed May 07 01:02:01 CEST 2014: 14: finished (134ms, 500cycles)
Wed May 07 01:02:01 CEST 2014: 14: No solution found.
Wed May 07 01:02:01 CEST 2014: 15: finished (128ms, 500cycles)
Wed May 07 01:02:01 CEST 2014: 15: No solution found.
Wed May 07 01:02:01 CEST 2014: 16: finished (124ms, 500cycles)
Wed May 07 01:02:01 CEST 2014: 16: No solution found.
Wed May 07 01:02:01 CEST 2014: 17: finished (145ms, 500cycles)
Wed May 07 01:02:01 CEST 2014: 17: No solution found.
Wed May 07 01:02:01 CEST 2014: 18: finished (5ms, 12cycles)
Wed May 07 01:02:01 CEST 2014: 18: Solution found.
Wed May 07 01:02:01 CEST 2014: 19: finished (24ms, 73cycles)
Wed May 07 01:02:01 CEST 2014: 19: Solution found.
Wed May 07 01:02:01 CEST 2014: 20: finished (171ms, 500cycles)
Wed May 07 01:02:01 CEST 2014: 20: No solution found.
Wed May 07 01:02:01 CEST 2014: 21: finished (15ms, 48cycles)
Wed May 07 01:02:01 CEST 2014: 21: Solution found.
Wed May 07 01:02:01 CEST 2014: 22: finished (124ms, 500cycles)
Wed May 07 01:02:01 CEST 2014: 22: No solution found.
Wed May 07 01:02:02 CEST 2014: 23: finished (141ms, 500cycles)
Wed May 07 01:02:02 CEST 2014: 23: No solution found.
Wed May 07 01:02:02 CEST 2014: 24: finished (33ms, 117cycles)
Wed May 07 01:02:02 CEST 2014: 24: Solution found.
Wed May 07 01:02:02 CEST 2014: 25: finished (179ms, 500cycles)
Wed May 07 01:02:02 CEST 2014: 25: No solution found.
Wed May 07 01:02:02 CEST 2014: 26: finished (19ms, 59cycles)
Wed May 07 01:02:02 CEST 2014: 26: Solution found.
Wed May 07 01:02:02 CEST 2014: 27: finished (143ms, 500cycles)
Wed May 07 01:02:02 CEST 2014: 27: No solution found.
Wed May 07 01:02:02 CEST 2014: 28: finished (130ms, 500cycles)
Wed May 07 01:02:02 CEST 2014: 28: No solution found.
Wed May 07 01:02:02 CEST 2014: 29: finished (2ms, 3cycles)
Wed May 07 01:02:02 CEST 2014: 29: Solution found.
Wed May 07 01:02:02 CEST 2014: 30: finished (7ms, 21cycles)
Wed May 07 01:02:02 CEST 2014: 30: Solution found.
Wed May 07 01:02:02 CEST 2014: 31: finished (39ms, 132cycles)
Wed May 07 01:02:02 CEST 2014: 31: Solution found.
Wed May 07 01:02:02 CEST 2014: 32: finished (157ms, 500cycles)
Wed May 07 01:02:02 CEST 2014: 32: No solution found.
Wed May 07 01:02:02 CEST 2014: 33: finished (142ms, 500cycles)
Wed May 07 01:02:02 CEST 2014: 33: No solution found.
Wed May 07 01:02:02 CEST 2014: 34: finished (14ms, 39cycles)
Wed May 07 01:02:02 CEST 2014: 34: Solution found.
Wed May 07 01:02:03 CEST 2014: 35: finished (140ms, 500cycles)
Wed May 07 01:02:03 CEST 2014: 35: No solution found.
Wed May 07 01:02:03 CEST 2014: 36: finished (15ms, 33cycles)
Wed May 07 01:02:03 CEST 2014: 36: Solution found.
Wed May 07 01:02:03 CEST 2014: 37: finished (11ms, 32cycles)
Wed May 07 01:02:03 CEST 2014: 37: Solution found.
Wed May 07 01:02:03 CEST 2014: 38: finished (137ms, 500cycles)
Wed May 07 01:02:03 CEST 2014: 38: No solution found.
Wed May 07 01:02:03 CEST 2014: 39: finished (175ms, 500cycles)
Wed May 07 01:02:03 CEST 2014: 39: No solution found.
Wed May 07 01:02:03 CEST 2014: 40: finished (127ms, 500cycles)
Wed May 07 01:02:03 CEST 2014: 40: No solution found.
Wed May 07 01:02:03 CEST 2014: 41: finished (129ms, 500cycles)
Wed May 07 01:02:03 CEST 2014: 41: No solution found.
Wed May 07 01:02:03 CEST 2014: 42: finished (12ms, 29cycles)
Wed May 07 01:02:03 CEST 2014: 42: Solution found.
Wed May 07 01:02:03 CEST 2014: 43: finished (7ms, 15cycles)
Wed May 07 01:02:03 CEST 2014: 43: Solution found.
Wed May 07 01:02:03 CEST 2014: 44: finished (126ms, 500cycles)
Wed May 07 01:02:03 CEST 2014: 44: No solution found.
Wed May 07 01:02:03 CEST 2014: 45: finished (68ms, 500cycles)
Wed May 07 01:02:03 CEST 2014: 45: No solution found.
Wed May 07 01:02:03 CEST 2014: 46: finished (41ms, 500cycles)
Wed May 07 01:02:03 CEST 2014: 46: No solution found.
Wed May 07 01:02:04 CEST 2014: 47: finished (44ms, 500cycles)
Wed May 07 01:02:04 CEST 2014: 47: No solution found.
Wed May 07 01:02:04 CEST 2014: 48: finished (45ms, 500cycles)
Wed May 07 01:02:04 CEST 2014: 48: No solution found.
Wed May 07 01:02:04 CEST 2014: 49: finished (2ms, 15cycles)
Wed May 07 01:02:04 CEST 2014: 49: Solution found.
Wed May 07 01:02:04 CEST 2014: 50: finished (48ms, 500cycles)
Wed May 07 01:02:04 CEST 2014: 50: No solution found.
Wed May 07 01:02:04 CEST 2014: 51: finished (9ms, 77cycles)
Wed May 07 01:02:04 CEST 2014: 51: Solution found.
Wed May 07 01:02:04 CEST 2014: 52: finished (4ms, 39cycles)
Wed May 07 01:02:04 CEST 2014: 52: Solution found.
Wed May 07 01:02:04 CEST 2014: 53: finished (44ms, 500cycles)
Wed May 07 01:02:04 CEST 2014: 53: No solution found.
Wed May 07 01:02:04 CEST 2014: 54: finished (46ms, 500cycles)
Wed May 07 01:02:04 CEST 2014: 54: No solution found.
Wed May 07 01:02:04 CEST 2014: 55: finished (49ms, 500cycles)
Wed May 07 01:02:04 CEST 2014: 55: No solution found.
Wed May 07 01:02:04 CEST 2014: 56: finished (48ms, 500cycles)
Wed May 07 01:02:04 CEST 2014: 56: No solution found.
Wed May 07 01:02:04 CEST 2014: 57: finished (46ms, 500cycles)
Wed May 07 01:02:04 CEST 2014: 57: No solution found.
Wed May 07 01:02:04 CEST 2014: 58: finished (2ms, 26cycles)
Wed May 07 01:02:04 CEST 2014: 58: Solution found.
Wed May 07 01:02:04 CEST 2014: 59: finished (45ms, 500cycles)
Wed May 07 01:02:04 CEST 2014: 59: No solution found.
Wed May 07 01:02:04 CEST 2014: 60: finished (44ms, 500cycles)
Wed May 07 01:02:04 CEST 2014: 60: No solution found.
Wed May 07 01:02:04 CEST 2014: 61: finished (40ms, 500cycles)
Wed May 07 01:02:04 CEST 2014: 61: No solution found.
Wed May 07 01:02:04 CEST 2014: 62: finished (60ms, 500cycles)
Wed May 07 01:02:04 CEST 2014: 62: No solution found.
Wed May 07 01:02:04 CEST 2014: 63: finished (42ms, 500cycles)
Wed May 07 01:02:04 CEST 2014: 63: No solution found.
Wed May 07 01:02:04 CEST 2014: 64: finished (53ms, 500cycles)
Wed May 07 01:02:04 CEST 2014: 64: No solution found.
Wed May 07 01:02:04 CEST 2014: 65: finished (43ms, 500cycles)
Wed May 07 01:02:04 CEST 2014: 65: No solution found.
Wed May 07 01:02:04 CEST 2014: 66: finished (44ms, 500cycles)
Wed May 07 01:02:04 CEST 2014: 66: No solution found.
Wed May 07 01:02:04 CEST 2014: 67: finished (4ms, 41cycles)
Wed May 07 01:02:04 CEST 2014: 67: Solution found.
Wed May 07 01:02:04 CEST 2014: 68: finished (50ms, 500cycles)
Wed May 07 01:02:04 CEST 2014: 68: No solution found.
Wed May 07 01:02:04 CEST 2014: 69: finished (51ms, 500cycles)
Wed May 07 01:02:04 CEST 2014: 69: No solution found.
Wed May 07 01:02:04 CEST 2014: 70: finished (2ms, 12cycles)
Wed May 07 01:02:04 CEST 2014: 70: Solution found.
Wed May 07 01:02:04 CEST 2014: 71: finished (52ms, 500cycles)
Wed May 07 01:02:04 CEST 2014: 71: No solution found.
Wed May 07 01:02:04 CEST 2014: 72: finished (43ms, 500cycles)
Wed May 07 01:02:04 CEST 2014: 72: No solution found.
Wed May 07 01:02:05 CEST 2014: 73: finished (67ms, 500cycles)
Wed May 07 01:02:05 CEST 2014: 73: No solution found.
Wed May 07 01:02:05 CEST 2014: 74: finished (45ms, 500cycles)
Wed May 07 01:02:05 CEST 2014: 74: No solution found.
Wed May 07 01:02:05 CEST 2014: 75: finished (56ms, 500cycles)
Wed May 07 01:02:05 CEST 2014: 75: No solution found.
Wed May 07 01:02:05 CEST 2014: 76: finished (46ms, 500cycles)
Wed May 07 01:02:05 CEST 2014: 76: No solution found.
Wed May 07 01:02:05 CEST 2014: 77: finished (48ms, 500cycles)
Wed May 07 01:02:05 CEST 2014: 77: No solution found.
Wed May 07 01:02:05 CEST 2014: 78: finished (51ms, 500cycles)
Wed May 07 01:02:05 CEST 2014: 78: No solution found.
Wed May 07 01:02:05 CEST 2014: 79: finished (72ms, 478cycles)
Wed May 07 01:02:05 CEST 2014: 79: Solution found.
Wed May 07 01:02:05 CEST 2014: 80: finished (61ms, 500cycles)
Wed May 07 01:02:05 CEST 2014: 80: No solution found.
Wed May 07 01:02:05 CEST 2014: 81: finished (56ms, 500cycles)
Wed May 07 01:02:05 CEST 2014: 81: No solution found.
Wed May 07 01:02:05 CEST 2014: 82: finished (49ms, 500cycles)
Wed May 07 01:02:05 CEST 2014: 82: No solution found.
Wed May 07 01:02:05 CEST 2014: 83: finished (59ms, 500cycles)
Wed May 07 01:02:05 CEST 2014: 83: No solution found.
Wed May 07 01:02:05 CEST 2014: 84: finished (67ms, 500cycles)
Wed May 07 01:02:05 CEST 2014: 84: No solution found.
Wed May 07 01:02:05 CEST 2014: 85: finished (4ms, 37cycles)
Wed May 07 01:02:05 CEST 2014: 85: Solution found.
Wed May 07 01:02:05 CEST 2014: 86: finished (2ms, 10cycles)
Wed May 07 01:02:05 CEST 2014: 86: Solution found.
Wed May 07 01:02:05 CEST 2014: 87: finished (46ms, 500cycles)
Wed May 07 01:02:05 CEST 2014: 87: No solution found.
Wed May 07 01:02:05 CEST 2014: 88: finished (49ms, 500cycles)
Wed May 07 01:02:05 CEST 2014: 88: No solution found.
Wed May 07 01:02:05 CEST 2014: 89: finished (45ms, 500cycles)
Wed May 07 01:02:05 CEST 2014: 89: No solution found.
Wed May 07 01:02:05 CEST 2014: 90: finished (55ms, 500cycles)
Wed May 07 01:02:05 CEST 2014: 90: No solution found.
Wed May 07 01:02:05 CEST 2014: 91: finished (6ms, 59cycles)
Wed May 07 01:02:05 CEST 2014: 91: Solution found.
Wed May 07 01:02:05 CEST 2014: 92: finished (45ms, 500cycles)
Wed May 07 01:02:05 CEST 2014: 92: No solution found.
Wed May 07 01:02:05 CEST 2014: 93: finished (56ms, 500cycles)
Wed May 07 01:02:05 CEST 2014: 93: No solution found.
Wed May 07 01:02:05 CEST 2014: 94: finished (53ms, 500cycles)
Wed May 07 01:02:05 CEST 2014: 94: No solution found.
Wed May 07 01:02:06 CEST 2014: 95: finished (46ms, 500cycles)
Wed May 07 01:02:06 CEST 2014: 95: No solution found.
Wed May 07 01:02:06 CEST 2014: 96: finished (57ms, 500cycles)
Wed May 07 01:02:06 CEST 2014: 96: No solution found.
Wed May 07 01:02:06 CEST 2014: 97: finished (50ms, 500cycles)
Wed May 07 01:02:06 CEST 2014: 97: No solution found.
Wed May 07 01:02:06 CEST 2014: 98: finished (41ms, 500cycles)
Wed May 07 01:02:06 CEST 2014: 98: No solution found.
Wed May 07 01:02:06 CEST 2014: 99: finished (47ms, 500cycles)
Wed May 07 01:02:06 CEST 2014: 99: No solution found.
Wed May 07 01:02:06 CEST 2014: Solution Found: 29
Wed May 07 01:02:06 CEST 2014: Avg cycles: 56
Wed May 07 01:02:06 CEST 2014: Max cycles: 478
Wed May 07 01:02:06 CEST 2014: Min cycles: 3
Wed May 07 01:02:06 CEST 2014: No solution found: 71
Wed May 07 01:02:06 CEST 2014: logging finished. (runtime: 6333ms)
