Sun May 18 18:00:19 CEST 2014: Problem Count: 20
Sun May 18 18:00:19 CEST 2014: CandidatesCount: 50
Sun May 18 18:00:19 CEST 2014: Max Cycles: 500
Sun May 18 18:00:19 CEST 2014: 0: finished (3ms, 14cycles)
Sun May 18 18:00:19 CEST 2014: 0: Solution found.
Sun May 18 18:00:19 CEST 2014: 1: finished (2ms, 8cycles)
Sun May 18 18:00:19 CEST 2014: 1: Solution found.
Sun May 18 18:00:19 CEST 2014: 2: finished (3ms, 14cycles)
Sun May 18 18:00:19 CEST 2014: 2: Solution found.
Sun May 18 18:00:19 CEST 2014: 3: finished (1ms, 4cycles)
Sun May 18 18:00:19 CEST 2014: 3: Solution found.
Sun May 18 18:00:19 CEST 2014: 4: finished (2ms, 7cycles)
Sun May 18 18:00:19 CEST 2014: 4: Solution found.
Sun May 18 18:00:19 CEST 2014: 5: finished (388ms, 500cycles)
Sun May 18 18:00:19 CEST 2014: 5: No solution found.
Sun May 18 18:00:19 CEST 2014: 6: finished (95ms, 500cycles)
Sun May 18 18:00:19 CEST 2014: 6: No solution found.
Sun May 18 18:00:19 CEST 2014: 7: finished (107ms, 500cycles)
Sun May 18 18:00:19 CEST 2014: 7: No solution found.
Sun May 18 18:00:19 CEST 2014: 8: finished (9ms, 23cycles)
Sun May 18 18:00:19 CEST 2014: 8: Solution found.
Sun May 18 18:00:19 CEST 2014: 9: finished (13ms, 58cycles)
Sun May 18 18:00:19 CEST 2014: 9: Solution found.
Sun May 18 18:00:19 CEST 2014: 10: finished (3ms, 8cycles)
Sun May 18 18:00:19 CEST 2014: 10: Solution found.
Sun May 18 18:00:19 CEST 2014: 11: finished (2ms, 10cycles)
Sun May 18 18:00:19 CEST 2014: 11: Solution found.
Sun May 18 18:00:19 CEST 2014: 12: finished (6ms, 23cycles)
Sun May 18 18:00:19 CEST 2014: 12: Solution found.
Sun May 18 18:00:19 CEST 2014: 13: finished (92ms, 500cycles)
Sun May 18 18:00:19 CEST 2014: 13: No solution found.
Sun May 18 18:00:19 CEST 2014: 14: finished (1ms, 2cycles)
Sun May 18 18:00:19 CEST 2014: 14: Solution found.
Sun May 18 18:00:19 CEST 2014: 15: finished (33ms, 46cycles)
Sun May 18 18:00:19 CEST 2014: 15: Solution found.
Sun May 18 18:00:19 CEST 2014: 16: finished (1ms, 4cycles)
Sun May 18 18:00:19 CEST 2014: 16: Solution found.
Sun May 18 18:00:20 CEST 2014: 17: finished (276ms, 328cycles)
Sun May 18 18:00:20 CEST 2014: 17: Solution found.
Sun May 18 18:00:20 CEST 2014: 18: finished (3ms, 10cycles)
Sun May 18 18:00:20 CEST 2014: 18: Solution found.
Sun May 18 18:00:20 CEST 2014: 19: finished (85ms, 500cycles)
Sun May 18 18:00:20 CEST 2014: 19: No solution found.
Sun May 18 18:00:20 CEST 2014: 20: finished (5ms, 22cycles)
Sun May 18 18:00:20 CEST 2014: 20: Solution found.
Sun May 18 18:00:20 CEST 2014: 21: finished (96ms, 500cycles)
Sun May 18 18:00:20 CEST 2014: 21: No solution found.
Sun May 18 18:00:20 CEST 2014: 22: finished (270ms, 500cycles)
Sun May 18 18:00:20 CEST 2014: 22: No solution found.
Sun May 18 18:00:20 CEST 2014: 23: finished (142ms, 500cycles)
Sun May 18 18:00:20 CEST 2014: 23: No solution found.
Sun May 18 18:00:21 CEST 2014: 24: finished (456ms, 500cycles)
Sun May 18 18:00:21 CEST 2014: 24: No solution found.
Sun May 18 18:00:21 CEST 2014: 25: finished (8ms, 34cycles)
Sun May 18 18:00:21 CEST 2014: 25: Solution found.
Sun May 18 18:00:21 CEST 2014: 26: finished (127ms, 500cycles)
Sun May 18 18:00:21 CEST 2014: 26: No solution found.
Sun May 18 18:00:21 CEST 2014: 27: finished (2ms, 9cycles)
Sun May 18 18:00:21 CEST 2014: 27: Solution found.
Sun May 18 18:00:21 CEST 2014: 28: finished (5ms, 21cycles)
Sun May 18 18:00:21 CEST 2014: 28: Solution found.
Sun May 18 18:00:21 CEST 2014: 29: finished (4ms, 18cycles)
Sun May 18 18:00:21 CEST 2014: 29: Solution found.
Sun May 18 18:00:21 CEST 2014: 30: finished (98ms, 500cycles)
Sun May 18 18:00:21 CEST 2014: 30: No solution found.
Sun May 18 18:00:21 CEST 2014: 31: finished (2ms, 5cycles)
Sun May 18 18:00:21 CEST 2014: 31: Solution found.
Sun May 18 18:00:21 CEST 2014: 32: finished (97ms, 500cycles)
Sun May 18 18:00:21 CEST 2014: 32: No solution found.
Sun May 18 18:00:21 CEST 2014: 33: finished (2ms, 7cycles)
Sun May 18 18:00:21 CEST 2014: 33: Solution found.
Sun May 18 18:00:21 CEST 2014: 34: finished (99ms, 500cycles)
Sun May 18 18:00:21 CEST 2014: 34: No solution found.
Sun May 18 18:00:21 CEST 2014: 35: finished (6ms, 20cycles)
Sun May 18 18:00:21 CEST 2014: 35: Solution found.
Sun May 18 18:00:21 CEST 2014: 36: finished (11ms, 53cycles)
Sun May 18 18:00:21 CEST 2014: 36: Solution found.
Sun May 18 18:00:21 CEST 2014: 37: finished (50ms, 234cycles)
Sun May 18 18:00:21 CEST 2014: 37: Solution found.
Sun May 18 18:00:21 CEST 2014: 38: finished (95ms, 500cycles)
Sun May 18 18:00:21 CEST 2014: 38: No solution found.
Sun May 18 18:00:21 CEST 2014: 39: finished (2ms, 7cycles)
Sun May 18 18:00:21 CEST 2014: 39: Solution found.
Sun May 18 18:00:21 CEST 2014: 40: finished (4ms, 15cycles)
Sun May 18 18:00:21 CEST 2014: 40: Solution found.
Sun May 18 18:00:22 CEST 2014: 41: finished (92ms, 500cycles)
Sun May 18 18:00:22 CEST 2014: 41: No solution found.
Sun May 18 18:00:22 CEST 2014: 42: finished (386ms, 500cycles)
Sun May 18 18:00:22 CEST 2014: 42: No solution found.
Sun May 18 18:00:22 CEST 2014: 43: finished (99ms, 500cycles)
Sun May 18 18:00:22 CEST 2014: 43: No solution found.
Sun May 18 18:00:22 CEST 2014: 44: finished (83ms, 500cycles)
Sun May 18 18:00:22 CEST 2014: 44: No solution found.
Sun May 18 18:00:22 CEST 2014: 45: finished (230ms, 500cycles)
Sun May 18 18:00:22 CEST 2014: 45: No solution found.
Sun May 18 18:00:22 CEST 2014: 46: finished (109ms, 500cycles)
Sun May 18 18:00:22 CEST 2014: 46: No solution found.
Sun May 18 18:00:22 CEST 2014: 47: finished (7ms, 18cycles)
Sun May 18 18:00:22 CEST 2014: 47: Solution found.
Sun May 18 18:00:22 CEST 2014: 48: finished (2ms, 3cycles)
Sun May 18 18:00:22 CEST 2014: 48: Solution found.
Sun May 18 18:00:23 CEST 2014: 49: finished (93ms, 500cycles)
Sun May 18 18:00:23 CEST 2014: 49: No solution found.
Sun May 18 18:00:23 CEST 2014: 50: finished (7ms, 35cycles)
Sun May 18 18:00:23 CEST 2014: 50: Solution found.
Sun May 18 18:00:23 CEST 2014: 51: finished (94ms, 500cycles)
Sun May 18 18:00:23 CEST 2014: 51: No solution found.
Sun May 18 18:00:23 CEST 2014: 52: finished (412ms, 500cycles)
Sun May 18 18:00:23 CEST 2014: 52: No solution found.
Sun May 18 18:00:23 CEST 2014: 53: finished (100ms, 500cycles)
Sun May 18 18:00:23 CEST 2014: 53: No solution found.
Sun May 18 18:00:23 CEST 2014: 54: finished (104ms, 500cycles)
Sun May 18 18:00:23 CEST 2014: 54: No solution found.
Sun May 18 18:00:23 CEST 2014: 55: finished (105ms, 500cycles)
Sun May 18 18:00:23 CEST 2014: 55: No solution found.
Sun May 18 18:00:23 CEST 2014: 56: finished (5ms, 19cycles)
Sun May 18 18:00:23 CEST 2014: 56: Solution found.
Sun May 18 18:00:23 CEST 2014: 57: finished (22ms, 98cycles)
Sun May 18 18:00:23 CEST 2014: 57: Solution found.
Sun May 18 18:00:23 CEST 2014: 58: finished (9ms, 36cycles)
Sun May 18 18:00:23 CEST 2014: 58: Solution found.
Sun May 18 18:00:24 CEST 2014: 59: finished (111ms, 500cycles)
Sun May 18 18:00:24 CEST 2014: 59: No solution found.
Sun May 18 18:00:24 CEST 2014: 60: finished (98ms, 500cycles)
Sun May 18 18:00:24 CEST 2014: 60: No solution found.
Sun May 18 18:00:24 CEST 2014: 61: finished (13ms, 44cycles)
Sun May 18 18:00:24 CEST 2014: 61: Solution found.
Sun May 18 18:00:24 CEST 2014: 62: finished (14ms, 58cycles)
Sun May 18 18:00:24 CEST 2014: 62: Solution found.
Sun May 18 18:00:24 CEST 2014: 63: finished (11ms, 24cycles)
Sun May 18 18:00:24 CEST 2014: 63: Solution found.
Sun May 18 18:00:24 CEST 2014: 64: finished (4ms, 17cycles)
Sun May 18 18:00:24 CEST 2014: 64: Solution found.
Sun May 18 18:00:24 CEST 2014: 65: finished (91ms, 500cycles)
Sun May 18 18:00:24 CEST 2014: 65: No solution found.
Sun May 18 18:00:24 CEST 2014: 66: finished (101ms, 500cycles)
Sun May 18 18:00:24 CEST 2014: 66: No solution found.
Sun May 18 18:00:24 CEST 2014: 67: finished (98ms, 500cycles)
Sun May 18 18:00:24 CEST 2014: 67: No solution found.
Sun May 18 18:00:24 CEST 2014: 68: finished (6ms, 25cycles)
Sun May 18 18:00:24 CEST 2014: 68: Solution found.
Sun May 18 18:00:24 CEST 2014: 69: finished (3ms, 10cycles)
Sun May 18 18:00:24 CEST 2014: 69: Solution found.
Sun May 18 18:00:24 CEST 2014: 70: finished (5ms, 20cycles)
Sun May 18 18:00:24 CEST 2014: 70: Solution found.
Sun May 18 18:00:24 CEST 2014: 71: finished (89ms, 500cycles)
Sun May 18 18:00:24 CEST 2014: 71: No solution found.
Sun May 18 18:00:24 CEST 2014: 72: finished (108ms, 500cycles)
Sun May 18 18:00:24 CEST 2014: 72: No solution found.
Sun May 18 18:00:24 CEST 2014: 73: finished (91ms, 500cycles)
Sun May 18 18:00:24 CEST 2014: 73: No solution found.
Sun May 18 18:00:24 CEST 2014: 74: finished (88ms, 500cycles)
Sun May 18 18:00:24 CEST 2014: 74: No solution found.
Sun May 18 18:00:24 CEST 2014: 75: finished (1ms, 5cycles)
Sun May 18 18:00:24 CEST 2014: 75: Solution found.
Sun May 18 18:00:24 CEST 2014: 76: finished (138ms, 500cycles)
Sun May 18 18:00:24 CEST 2014: 76: No solution found.
Sun May 18 18:00:25 CEST 2014: 77: finished (102ms, 500cycles)
Sun May 18 18:00:25 CEST 2014: 77: No solution found.
Sun May 18 18:00:25 CEST 2014: 78: finished (4ms, 14cycles)
Sun May 18 18:00:25 CEST 2014: 78: Solution found.
Sun May 18 18:00:25 CEST 2014: 79: finished (101ms, 500cycles)
Sun May 18 18:00:25 CEST 2014: 79: No solution found.
Sun May 18 18:00:25 CEST 2014: 80: finished (111ms, 500cycles)
Sun May 18 18:00:25 CEST 2014: 80: No solution found.
Sun May 18 18:00:25 CEST 2014: 81: finished (8ms, 31cycles)
Sun May 18 18:00:25 CEST 2014: 81: Solution found.
Sun May 18 18:00:25 CEST 2014: 82: finished (285ms, 500cycles)
Sun May 18 18:00:25 CEST 2014: 82: No solution found.
Sun May 18 18:00:25 CEST 2014: 83: finished (7ms, 35cycles)
Sun May 18 18:00:25 CEST 2014: 83: Solution found.
Sun May 18 18:00:25 CEST 2014: 84: finished (7ms, 19cycles)
Sun May 18 18:00:25 CEST 2014: 84: Solution found.
Sun May 18 18:00:25 CEST 2014: 85: finished (93ms, 500cycles)
Sun May 18 18:00:25 CEST 2014: 85: No solution found.
Sun May 18 18:00:25 CEST 2014: 86: finished (4ms, 16cycles)
Sun May 18 18:00:25 CEST 2014: 86: Solution found.
Sun May 18 18:00:25 CEST 2014: 87: finished (1ms, 3cycles)
Sun May 18 18:00:25 CEST 2014: 87: Solution found.
Sun May 18 18:00:25 CEST 2014: 88: finished (94ms, 500cycles)
Sun May 18 18:00:25 CEST 2014: 88: No solution found.
Sun May 18 18:00:25 CEST 2014: 89: finished (106ms, 409cycles)
Sun May 18 18:00:25 CEST 2014: 89: Solution found.
Sun May 18 18:00:25 CEST 2014: 90: finished (4ms, 15cycles)
Sun May 18 18:00:25 CEST 2014: 90: Solution found.
Sun May 18 18:00:26 CEST 2014: 91: finished (98ms, 500cycles)
Sun May 18 18:00:26 CEST 2014: 91: No solution found.
Sun May 18 18:00:26 CEST 2014: 92: finished (96ms, 500cycles)
Sun May 18 18:00:26 CEST 2014: 92: No solution found.
Sun May 18 18:00:26 CEST 2014: 93: finished (9ms, 34cycles)
Sun May 18 18:00:26 CEST 2014: 93: Solution found.
Sun May 18 18:00:26 CEST 2014: 94: finished (357ms, 500cycles)
Sun May 18 18:00:26 CEST 2014: 94: No solution found.
Sun May 18 18:00:26 CEST 2014: 95: finished (3ms, 13cycles)
Sun May 18 18:00:26 CEST 2014: 95: Solution found.
Sun May 18 18:00:26 CEST 2014: 96: finished (2ms, 7cycles)
Sun May 18 18:00:26 CEST 2014: 96: Solution found.
Sun May 18 18:00:26 CEST 2014: 97: finished (10ms, 30cycles)
Sun May 18 18:00:26 CEST 2014: 97: Solution found.
Sun May 18 18:00:26 CEST 2014: 98: finished (274ms, 500cycles)
Sun May 18 18:00:26 CEST 2014: 98: No solution found.
Sun May 18 18:00:26 CEST 2014: 99: finished (105ms, 500cycles)
Sun May 18 18:00:26 CEST 2014: 99: No solution found.
Sun May 18 18:00:26 CEST 2014: Solution Found: 53
Sun May 18 18:00:26 CEST 2014: Avg cycles: 38
Sun May 18 18:00:26 CEST 2014: Max cycles: 409
Sun May 18 18:00:26 CEST 2014: Min cycles: 2
Sun May 18 18:00:26 CEST 2014: No solution found: 47
Sun May 18 18:00:26 CEST 2014: logging finished. (runtime: 7638ms)
