Sun May 18 02:40:30 CEST 2014: Problem Count: 20
Sun May 18 02:40:30 CEST 2014: CandidatesCount: 20
Sun May 18 02:40:30 CEST 2014: Max Cycles: 500
Sun May 18 02:40:30 CEST 2014: 0: finished (101ms, 500cycles)
Sun May 18 02:40:30 CEST 2014: 0: No solution found.
Sun May 18 02:40:30 CEST 2014: 1: finished (39ms, 500cycles)
Sun May 18 02:40:30 CEST 2014: 1: No solution found.
Sun May 18 02:40:30 CEST 2014: 2: finished (44ms, 500cycles)
Sun May 18 02:40:30 CEST 2014: 2: No solution found.
Sun May 18 02:40:30 CEST 2014: 3: finished (4ms, 43cycles)
Sun May 18 02:40:30 CEST 2014: 3: Solution found.
Sun May 18 02:40:30 CEST 2014: 4: finished (32ms, 500cycles)
Sun May 18 02:40:30 CEST 2014: 4: No solution found.
Sun May 18 02:40:30 CEST 2014: 5: finished (23ms, 111cycles)
Sun May 18 02:40:30 CEST 2014: 5: Solution found.
Sun May 18 02:40:30 CEST 2014: 6: finished (33ms, 500cycles)
Sun May 18 02:40:30 CEST 2014: 6: No solution found.
Sun May 18 02:40:30 CEST 2014: 7: finished (35ms, 500cycles)
Sun May 18 02:40:30 CEST 2014: 7: No solution found.
Sun May 18 02:40:30 CEST 2014: 8: finished (36ms, 500cycles)
Sun May 18 02:40:30 CEST 2014: 8: No solution found.
Sun May 18 02:40:30 CEST 2014: 9: finished (35ms, 500cycles)
Sun May 18 02:40:30 CEST 2014: 9: No solution found.
Sun May 18 02:40:30 CEST 2014: 10: finished (5ms, 57cycles)
Sun May 18 02:40:30 CEST 2014: 10: Solution found.
Sun May 18 02:40:30 CEST 2014: 11: finished (43ms, 500cycles)
Sun May 18 02:40:30 CEST 2014: 11: No solution found.
Sun May 18 02:40:30 CEST 2014: 12: finished (2ms, 22cycles)
Sun May 18 02:40:30 CEST 2014: 12: Solution found.
Sun May 18 02:40:30 CEST 2014: 13: finished (43ms, 500cycles)
Sun May 18 02:40:30 CEST 2014: 13: No solution found.
Sun May 18 02:40:30 CEST 2014: 14: finished (38ms, 500cycles)
Sun May 18 02:40:30 CEST 2014: 14: No solution found.
Sun May 18 02:40:30 CEST 2014: 15: finished (36ms, 500cycles)
Sun May 18 02:40:30 CEST 2014: 15: No solution found.
Sun May 18 02:40:30 CEST 2014: 16: finished (38ms, 500cycles)
Sun May 18 02:40:30 CEST 2014: 16: No solution found.
Sun May 18 02:40:30 CEST 2014: 17: finished (1ms, 17cycles)
Sun May 18 02:40:30 CEST 2014: 17: Solution found.
Sun May 18 02:40:30 CEST 2014: 18: finished (40ms, 500cycles)
Sun May 18 02:40:30 CEST 2014: 18: No solution found.
Sun May 18 02:40:30 CEST 2014: 19: finished (8ms, 52cycles)
Sun May 18 02:40:30 CEST 2014: 19: Solution found.
Sun May 18 02:40:30 CEST 2014: 20: finished (40ms, 500cycles)
Sun May 18 02:40:30 CEST 2014: 20: No solution found.
Sun May 18 02:40:30 CEST 2014: 21: finished (1ms, 12cycles)
Sun May 18 02:40:30 CEST 2014: 21: Solution found.
Sun May 18 02:40:31 CEST 2014: 22: finished (33ms, 500cycles)
Sun May 18 02:40:31 CEST 2014: 22: No solution found.
Sun May 18 02:40:31 CEST 2014: 23: finished (43ms, 500cycles)
Sun May 18 02:40:31 CEST 2014: 23: No solution found.
Sun May 18 02:40:31 CEST 2014: 24: finished (3ms, 32cycles)
Sun May 18 02:40:31 CEST 2014: 24: Solution found.
Sun May 18 02:40:31 CEST 2014: 25: finished (38ms, 500cycles)
Sun May 18 02:40:31 CEST 2014: 25: No solution found.
Sun May 18 02:40:31 CEST 2014: 26: finished (33ms, 500cycles)
Sun May 18 02:40:31 CEST 2014: 26: No solution found.
Sun May 18 02:40:31 CEST 2014: 27: finished (8ms, 76cycles)
Sun May 18 02:40:31 CEST 2014: 27: Solution found.
Sun May 18 02:40:31 CEST 2014: 28: finished (2ms, 24cycles)
Sun May 18 02:40:31 CEST 2014: 28: Solution found.
Sun May 18 02:40:31 CEST 2014: 29: finished (1ms, 9cycles)
Sun May 18 02:40:31 CEST 2014: 29: Solution found.
Sun May 18 02:40:31 CEST 2014: 30: finished (34ms, 500cycles)
Sun May 18 02:40:31 CEST 2014: 30: No solution found.
Sun May 18 02:40:31 CEST 2014: 31: finished (99ms, 500cycles)
Sun May 18 02:40:31 CEST 2014: 31: No solution found.
Sun May 18 02:40:31 CEST 2014: 32: finished (17ms, 103cycles)
Sun May 18 02:40:31 CEST 2014: 32: Solution found.
Sun May 18 02:40:31 CEST 2014: 33: finished (35ms, 500cycles)
Sun May 18 02:40:31 CEST 2014: 33: No solution found.
Sun May 18 02:40:31 CEST 2014: 34: finished (38ms, 500cycles)
Sun May 18 02:40:31 CEST 2014: 34: No solution found.
Sun May 18 02:40:31 CEST 2014: 35: finished (1ms, 6cycles)
Sun May 18 02:40:31 CEST 2014: 35: Solution found.
Sun May 18 02:40:31 CEST 2014: 36: finished (36ms, 500cycles)
Sun May 18 02:40:31 CEST 2014: 36: No solution found.
Sun May 18 02:40:31 CEST 2014: 37: finished (41ms, 500cycles)
Sun May 18 02:40:31 CEST 2014: 37: No solution found.
Sun May 18 02:40:31 CEST 2014: 38: finished (39ms, 500cycles)
Sun May 18 02:40:31 CEST 2014: 38: No solution found.
Sun May 18 02:40:31 CEST 2014: 39: finished (37ms, 500cycles)
Sun May 18 02:40:31 CEST 2014: 39: No solution found.
Sun May 18 02:40:31 CEST 2014: 40: finished (7ms, 49cycles)
Sun May 18 02:40:31 CEST 2014: 40: Solution found.
Sun May 18 02:40:31 CEST 2014: 41: finished (39ms, 500cycles)
Sun May 18 02:40:31 CEST 2014: 41: No solution found.
Sun May 18 02:40:31 CEST 2014: 42: finished (6ms, 37cycles)
Sun May 18 02:40:31 CEST 2014: 42: Solution found.
Sun May 18 02:40:31 CEST 2014: 43: finished (10ms, 118cycles)
Sun May 18 02:40:31 CEST 2014: 43: Solution found.
Sun May 18 02:40:31 CEST 2014: 44: finished (45ms, 500cycles)
Sun May 18 02:40:31 CEST 2014: 44: No solution found.
Sun May 18 02:40:31 CEST 2014: 45: finished (31ms, 500cycles)
Sun May 18 02:40:31 CEST 2014: 45: No solution found.
Sun May 18 02:40:31 CEST 2014: 46: finished (2ms, 21cycles)
Sun May 18 02:40:31 CEST 2014: 46: Solution found.
Sun May 18 02:40:31 CEST 2014: 47: finished (5ms, 64cycles)
Sun May 18 02:40:31 CEST 2014: 47: Solution found.
Sun May 18 02:40:31 CEST 2014: 48: finished (3ms, 31cycles)
Sun May 18 02:40:31 CEST 2014: 48: Solution found.
Sun May 18 02:40:31 CEST 2014: 49: finished (34ms, 500cycles)
Sun May 18 02:40:31 CEST 2014: 49: No solution found.
Sun May 18 02:40:31 CEST 2014: 50: finished (42ms, 500cycles)
Sun May 18 02:40:31 CEST 2014: 50: No solution found.
Sun May 18 02:40:31 CEST 2014: 51: finished (36ms, 500cycles)
Sun May 18 02:40:31 CEST 2014: 51: No solution found.
Sun May 18 02:40:31 CEST 2014: 52: finished (40ms, 500cycles)
Sun May 18 02:40:31 CEST 2014: 52: No solution found.
Sun May 18 02:40:31 CEST 2014: 53: finished (37ms, 500cycles)
Sun May 18 02:40:31 CEST 2014: 53: No solution found.
Sun May 18 02:40:31 CEST 2014: 54: finished (43ms, 500cycles)
Sun May 18 02:40:31 CEST 2014: 54: No solution found.
Sun May 18 02:40:31 CEST 2014: 55: finished (39ms, 500cycles)
Sun May 18 02:40:31 CEST 2014: 55: No solution found.
Sun May 18 02:40:31 CEST 2014: 56: finished (40ms, 500cycles)
Sun May 18 02:40:31 CEST 2014: 56: No solution found.
Sun May 18 02:40:32 CEST 2014: 57: finished (35ms, 500cycles)
Sun May 18 02:40:32 CEST 2014: 57: No solution found.
Sun May 18 02:40:32 CEST 2014: 58: finished (25ms, 110cycles)
Sun May 18 02:40:32 CEST 2014: 58: Solution found.
Sun May 18 02:40:32 CEST 2014: 59: finished (6ms, 47cycles)
Sun May 18 02:40:32 CEST 2014: 59: Solution found.
Sun May 18 02:40:32 CEST 2014: 60: finished (2ms, 14cycles)
Sun May 18 02:40:32 CEST 2014: 60: Solution found.
Sun May 18 02:40:32 CEST 2014: 61: finished (8ms, 86cycles)
Sun May 18 02:40:32 CEST 2014: 61: Solution found.
Sun May 18 02:40:32 CEST 2014: 62: finished (4ms, 40cycles)
Sun May 18 02:40:32 CEST 2014: 62: Solution found.
Sun May 18 02:40:32 CEST 2014: 63: finished (4ms, 39cycles)
Sun May 18 02:40:32 CEST 2014: 63: Solution found.
Sun May 18 02:40:32 CEST 2014: 64: finished (3ms, 40cycles)
Sun May 18 02:40:32 CEST 2014: 64: Solution found.
Sun May 18 02:40:32 CEST 2014: 65: finished (45ms, 500cycles)
Sun May 18 02:40:32 CEST 2014: 65: No solution found.
Sun May 18 02:40:32 CEST 2014: 66: finished (19ms, 221cycles)
Sun May 18 02:40:32 CEST 2014: 66: Solution found.
Sun May 18 02:40:32 CEST 2014: 67: finished (47ms, 500cycles)
Sun May 18 02:40:32 CEST 2014: 67: No solution found.
Sun May 18 02:40:32 CEST 2014: 68: finished (1ms, 8cycles)
Sun May 18 02:40:32 CEST 2014: 68: Solution found.
Sun May 18 02:40:32 CEST 2014: 69: finished (33ms, 500cycles)
Sun May 18 02:40:32 CEST 2014: 69: No solution found.
Sun May 18 02:40:32 CEST 2014: 70: finished (2ms, 24cycles)
Sun May 18 02:40:32 CEST 2014: 70: Solution found.
Sun May 18 02:40:32 CEST 2014: 71: finished (43ms, 500cycles)
Sun May 18 02:40:32 CEST 2014: 71: No solution found.
Sun May 18 02:40:32 CEST 2014: 72: finished (6ms, 64cycles)
Sun May 18 02:40:32 CEST 2014: 72: Solution found.
Sun May 18 02:40:32 CEST 2014: 73: finished (15ms, 145cycles)
Sun May 18 02:40:32 CEST 2014: 73: Solution found.
Sun May 18 02:40:32 CEST 2014: 74: finished (39ms, 500cycles)
Sun May 18 02:40:32 CEST 2014: 74: No solution found.
Sun May 18 02:40:32 CEST 2014: 75: finished (37ms, 500cycles)
Sun May 18 02:40:32 CEST 2014: 75: No solution found.
Sun May 18 02:40:32 CEST 2014: 76: finished (7ms, 68cycles)
Sun May 18 02:40:32 CEST 2014: 76: Solution found.
Sun May 18 02:40:32 CEST 2014: 77: finished (90ms, 500cycles)
Sun May 18 02:40:32 CEST 2014: 77: No solution found.
Sun May 18 02:40:32 CEST 2014: 78: finished (42ms, 500cycles)
Sun May 18 02:40:32 CEST 2014: 78: No solution found.
Sun May 18 02:40:32 CEST 2014: 79: finished (2ms, 23cycles)
Sun May 18 02:40:32 CEST 2014: 79: Solution found.
Sun May 18 02:40:32 CEST 2014: 80: finished (1ms, 8cycles)
Sun May 18 02:40:32 CEST 2014: 80: Solution found.
Sun May 18 02:40:32 CEST 2014: 81: finished (6ms, 70cycles)
Sun May 18 02:40:32 CEST 2014: 81: Solution found.
Sun May 18 02:40:32 CEST 2014: 82: finished (2ms, 10cycles)
Sun May 18 02:40:32 CEST 2014: 82: Solution found.
Sun May 18 02:40:32 CEST 2014: 83: finished (9ms, 111cycles)
Sun May 18 02:40:32 CEST 2014: 83: Solution found.
Sun May 18 02:40:32 CEST 2014: 84: finished (0ms, 3cycles)
Sun May 18 02:40:32 CEST 2014: 84: Solution found.
Sun May 18 02:40:32 CEST 2014: 85: finished (5ms, 40cycles)
Sun May 18 02:40:32 CEST 2014: 85: Solution found.
Sun May 18 02:40:32 CEST 2014: 86: finished (3ms, 30cycles)
Sun May 18 02:40:32 CEST 2014: 86: Solution found.
Sun May 18 02:40:32 CEST 2014: 87: finished (43ms, 500cycles)
Sun May 18 02:40:32 CEST 2014: 87: No solution found.
Sun May 18 02:40:32 CEST 2014: 88: finished (36ms, 500cycles)
Sun May 18 02:40:32 CEST 2014: 88: No solution found.
Sun May 18 02:40:32 CEST 2014: 89: finished (47ms, 315cycles)
Sun May 18 02:40:32 CEST 2014: 89: Solution found.
Sun May 18 02:40:32 CEST 2014: 90: finished (11ms, 55cycles)
Sun May 18 02:40:32 CEST 2014: 90: Solution found.
Sun May 18 02:40:32 CEST 2014: 91: finished (2ms, 16cycles)
Sun May 18 02:40:32 CEST 2014: 91: Solution found.
Sun May 18 02:40:32 CEST 2014: 92: finished (45ms, 500cycles)
Sun May 18 02:40:32 CEST 2014: 92: No solution found.
Sun May 18 02:40:32 CEST 2014: 93: finished (39ms, 500cycles)
Sun May 18 02:40:32 CEST 2014: 93: No solution found.
Sun May 18 02:40:32 CEST 2014: 94: finished (40ms, 500cycles)
Sun May 18 02:40:32 CEST 2014: 94: No solution found.
Sun May 18 02:40:32 CEST 2014: 95: finished (2ms, 14cycles)
Sun May 18 02:40:32 CEST 2014: 95: Solution found.
Sun May 18 02:40:32 CEST 2014: 96: finished (3ms, 29cycles)
Sun May 18 02:40:32 CEST 2014: 96: Solution found.
Sun May 18 02:40:32 CEST 2014: 97: finished (41ms, 500cycles)
Sun May 18 02:40:32 CEST 2014: 97: No solution found.
Sun May 18 02:40:32 CEST 2014: 98: finished (43ms, 500cycles)
Sun May 18 02:40:32 CEST 2014: 98: No solution found.
Sun May 18 02:40:32 CEST 2014: 99: finished (35ms, 500cycles)
Sun May 18 02:40:32 CEST 2014: 99: No solution found.
Sun May 18 02:40:32 CEST 2014: Solution Found: 45
Sun May 18 02:40:32 CEST 2014: Avg cycles: 55
Sun May 18 02:40:32 CEST 2014: Max cycles: 315
Sun May 18 02:40:32 CEST 2014: Min cycles: 3
Sun May 18 02:40:32 CEST 2014: No solution found: 55
Sun May 18 02:40:32 CEST 2014: logging finished. (runtime: 2616ms)
