Wed May 07 02:37:25 CEST 2014: Problem Count: 30
Wed May 07 02:37:25 CEST 2014: CandidatesCount: 40
Wed May 07 02:37:25 CEST 2014: Max Cycles: 500
Wed May 07 02:37:25 CEST 2014: 0: finished (323ms, 500cycles)
Wed May 07 02:37:25 CEST 2014: 0: No solution found.
Wed May 07 02:37:26 CEST 2014: 1: finished (341ms, 500cycles)
Wed May 07 02:37:26 CEST 2014: 1: No solution found.
Wed May 07 02:37:26 CEST 2014: 2: finished (30ms, 37cycles)
Wed May 07 02:37:26 CEST 2014: 2: Solution found.
Wed May 07 02:37:26 CEST 2014: 3: finished (426ms, 500cycles)
Wed May 07 02:37:26 CEST 2014: 3: No solution found.
Wed May 07 02:37:26 CEST 2014: 4: finished (13ms, 9cycles)
Wed May 07 02:37:26 CEST 2014: 4: Solution found.
Wed May 07 02:37:26 CEST 2014: 5: finished (385ms, 500cycles)
Wed May 07 02:37:26 CEST 2014: 5: No solution found.
Wed May 07 02:37:27 CEST 2014: 6: finished (263ms, 343cycles)
Wed May 07 02:37:27 CEST 2014: 6: Solution found.
Wed May 07 02:37:27 CEST 2014: 7: finished (396ms, 500cycles)
Wed May 07 02:37:27 CEST 2014: 7: No solution found.
Wed May 07 02:37:27 CEST 2014: 8: finished (46ms, 52cycles)
Wed May 07 02:37:27 CEST 2014: 8: Solution found.
Wed May 07 02:37:27 CEST 2014: 9: finished (24ms, 25cycles)
Wed May 07 02:37:27 CEST 2014: 9: Solution found.
Wed May 07 02:37:27 CEST 2014: 10: finished (12ms, 12cycles)
Wed May 07 02:37:27 CEST 2014: 10: Solution found.
Wed May 07 02:37:27 CEST 2014: 11: finished (6ms, 6cycles)
Wed May 07 02:37:27 CEST 2014: 11: Solution found.
Wed May 07 02:37:27 CEST 2014: 12: finished (9ms, 10cycles)
Wed May 07 02:37:27 CEST 2014: 12: Solution found.
Wed May 07 02:37:28 CEST 2014: 13: finished (369ms, 500cycles)
Wed May 07 02:37:28 CEST 2014: 13: No solution found.
Wed May 07 02:37:28 CEST 2014: 14: finished (10ms, 9cycles)
Wed May 07 02:37:28 CEST 2014: 14: Solution found.
Wed May 07 02:37:28 CEST 2014: 15: finished (20ms, 21cycles)
Wed May 07 02:37:28 CEST 2014: 15: Solution found.
Wed May 07 02:37:28 CEST 2014: 16: finished (25ms, 24cycles)
Wed May 07 02:37:28 CEST 2014: 16: Solution found.
Wed May 07 02:37:28 CEST 2014: 17: finished (434ms, 500cycles)
Wed May 07 02:37:28 CEST 2014: 17: No solution found.
Wed May 07 02:37:28 CEST 2014: 18: finished (41ms, 39cycles)
Wed May 07 02:37:28 CEST 2014: 18: Solution found.
Wed May 07 02:37:28 CEST 2014: 19: finished (423ms, 500cycles)
Wed May 07 02:37:28 CEST 2014: 19: No solution found.
Wed May 07 02:37:29 CEST 2014: 20: finished (431ms, 500cycles)
Wed May 07 02:37:29 CEST 2014: 20: No solution found.
Wed May 07 02:37:29 CEST 2014: 21: finished (354ms, 500cycles)
Wed May 07 02:37:29 CEST 2014: 21: No solution found.
Wed May 07 02:37:30 CEST 2014: 22: finished (404ms, 500cycles)
Wed May 07 02:37:30 CEST 2014: 22: No solution found.
Wed May 07 02:37:30 CEST 2014: 23: finished (20ms, 21cycles)
Wed May 07 02:37:30 CEST 2014: 23: Solution found.
Wed May 07 02:37:30 CEST 2014: 24: finished (10ms, 11cycles)
Wed May 07 02:37:30 CEST 2014: 24: Solution found.
Wed May 07 02:37:30 CEST 2014: 25: finished (430ms, 500cycles)
Wed May 07 02:37:30 CEST 2014: 25: No solution found.
Wed May 07 02:37:31 CEST 2014: 26: finished (411ms, 500cycles)
Wed May 07 02:37:31 CEST 2014: 26: No solution found.
Wed May 07 02:37:31 CEST 2014: 27: finished (368ms, 500cycles)
Wed May 07 02:37:31 CEST 2014: 27: No solution found.
Wed May 07 02:37:31 CEST 2014: 28: finished (14ms, 15cycles)
Wed May 07 02:37:31 CEST 2014: 28: Solution found.
Wed May 07 02:37:31 CEST 2014: 29: finished (391ms, 500cycles)
Wed May 07 02:37:31 CEST 2014: 29: No solution found.
Wed May 07 02:37:31 CEST 2014: 30: finished (28ms, 27cycles)
Wed May 07 02:37:31 CEST 2014: 30: Solution found.
Wed May 07 02:37:31 CEST 2014: 31: finished (31ms, 34cycles)
Wed May 07 02:37:31 CEST 2014: 31: Solution found.
Wed May 07 02:37:32 CEST 2014: 32: finished (445ms, 500cycles)
Wed May 07 02:37:32 CEST 2014: 32: No solution found.
Wed May 07 02:37:32 CEST 2014: 33: finished (17ms, 18cycles)
Wed May 07 02:37:32 CEST 2014: 33: Solution found.
Wed May 07 02:37:32 CEST 2014: 34: finished (21ms, 22cycles)
Wed May 07 02:37:32 CEST 2014: 34: Solution found.
Wed May 07 02:37:32 CEST 2014: 35: finished (7ms, 7cycles)
Wed May 07 02:37:32 CEST 2014: 35: Solution found.
Wed May 07 02:37:32 CEST 2014: 36: finished (367ms, 500cycles)
Wed May 07 02:37:32 CEST 2014: 36: No solution found.
Wed May 07 02:37:33 CEST 2014: 37: finished (401ms, 500cycles)
Wed May 07 02:37:33 CEST 2014: 37: No solution found.
Wed May 07 02:37:33 CEST 2014: 38: finished (43ms, 45cycles)
Wed May 07 02:37:33 CEST 2014: 38: Solution found.
Wed May 07 02:37:33 CEST 2014: 39: finished (5ms, 4cycles)
Wed May 07 02:37:33 CEST 2014: 39: Solution found.
Wed May 07 02:37:33 CEST 2014: 40: finished (28ms, 24cycles)
Wed May 07 02:37:33 CEST 2014: 40: Solution found.
Wed May 07 02:37:33 CEST 2014: 41: finished (26ms, 19cycles)
Wed May 07 02:37:33 CEST 2014: 41: Solution found.
Wed May 07 02:37:33 CEST 2014: 42: finished (455ms, 500cycles)
Wed May 07 02:37:33 CEST 2014: 42: No solution found.
Wed May 07 02:37:34 CEST 2014: 43: finished (482ms, 500cycles)
Wed May 07 02:37:34 CEST 2014: 43: No solution found.
Wed May 07 02:37:34 CEST 2014: 44: finished (11ms, 15cycles)
Wed May 07 02:37:34 CEST 2014: 44: Solution found.
Wed May 07 02:37:34 CEST 2014: 45: finished (33ms, 46cycles)
Wed May 07 02:37:34 CEST 2014: 45: Solution found.
Wed May 07 02:37:34 CEST 2014: 46: finished (364ms, 500cycles)
Wed May 07 02:37:34 CEST 2014: 46: No solution found.
Wed May 07 02:37:34 CEST 2014: 47: finished (368ms, 500cycles)
Wed May 07 02:37:34 CEST 2014: 47: No solution found.
Wed May 07 02:37:34 CEST 2014: 48: finished (39ms, 35cycles)
Wed May 07 02:37:34 CEST 2014: 48: Solution found.
Wed May 07 02:37:35 CEST 2014: 49: finished (338ms, 500cycles)
Wed May 07 02:37:35 CEST 2014: 49: No solution found.
Wed May 07 02:37:35 CEST 2014: 50: finished (24ms, 31cycles)
Wed May 07 02:37:35 CEST 2014: 50: Solution found.
Wed May 07 02:37:35 CEST 2014: 51: finished (26ms, 35cycles)
Wed May 07 02:37:35 CEST 2014: 51: Solution found.
Wed May 07 02:37:35 CEST 2014: 52: finished (42ms, 56cycles)
Wed May 07 02:37:35 CEST 2014: 52: Solution found.
Wed May 07 02:37:35 CEST 2014: 53: finished (112ms, 156cycles)
Wed May 07 02:37:35 CEST 2014: 53: Solution found.
Wed May 07 02:37:35 CEST 2014: 54: finished (31ms, 35cycles)
Wed May 07 02:37:35 CEST 2014: 54: Solution found.
Wed May 07 02:37:35 CEST 2014: 55: finished (348ms, 500cycles)
Wed May 07 02:37:35 CEST 2014: 55: No solution found.
Wed May 07 02:37:36 CEST 2014: 56: finished (365ms, 500cycles)
Wed May 07 02:37:36 CEST 2014: 56: No solution found.
Wed May 07 02:37:36 CEST 2014: 57: finished (37ms, 42cycles)
Wed May 07 02:37:36 CEST 2014: 57: Solution found.
Wed May 07 02:37:36 CEST 2014: 58: finished (380ms, 500cycles)
Wed May 07 02:37:36 CEST 2014: 58: No solution found.
Wed May 07 02:37:37 CEST 2014: 59: finished (431ms, 500cycles)
Wed May 07 02:37:37 CEST 2014: 59: No solution found.
Wed May 07 02:37:37 CEST 2014: 60: finished (15ms, 16cycles)
Wed May 07 02:37:37 CEST 2014: 60: Solution found.
Wed May 07 02:37:37 CEST 2014: 61: finished (437ms, 500cycles)
Wed May 07 02:37:37 CEST 2014: 61: No solution found.
Wed May 07 02:37:37 CEST 2014: 62: finished (10ms, 12cycles)
Wed May 07 02:37:37 CEST 2014: 62: Solution found.
Wed May 07 02:37:37 CEST 2014: 63: finished (10ms, 10cycles)
Wed May 07 02:37:37 CEST 2014: 63: Solution found.
Wed May 07 02:37:37 CEST 2014: 64: finished (13ms, 15cycles)
Wed May 07 02:37:37 CEST 2014: 64: Solution found.
Wed May 07 02:37:37 CEST 2014: 65: finished (9ms, 9cycles)
Wed May 07 02:37:37 CEST 2014: 65: Solution found.
Wed May 07 02:37:37 CEST 2014: 66: finished (23ms, 23cycles)
Wed May 07 02:37:37 CEST 2014: 66: Solution found.
Wed May 07 02:37:37 CEST 2014: 67: finished (23ms, 23cycles)
Wed May 07 02:37:37 CEST 2014: 67: Solution found.
Wed May 07 02:37:37 CEST 2014: 68: finished (41ms, 42cycles)
Wed May 07 02:37:37 CEST 2014: 68: Solution found.
Wed May 07 02:37:37 CEST 2014: 69: finished (29ms, 32cycles)
Wed May 07 02:37:37 CEST 2014: 69: Solution found.
Wed May 07 02:37:38 CEST 2014: 70: finished (421ms, 500cycles)
Wed May 07 02:37:38 CEST 2014: 70: No solution found.
Wed May 07 02:37:38 CEST 2014: 71: finished (12ms, 8cycles)
Wed May 07 02:37:38 CEST 2014: 71: Solution found.
Wed May 07 02:37:38 CEST 2014: 72: finished (91ms, 80cycles)
Wed May 07 02:37:38 CEST 2014: 72: Solution found.
Wed May 07 02:37:38 CEST 2014: 73: finished (53ms, 56cycles)
Wed May 07 02:37:38 CEST 2014: 73: Solution found.
Wed May 07 02:37:38 CEST 2014: 74: finished (19ms, 16cycles)
Wed May 07 02:37:38 CEST 2014: 74: Solution found.
Wed May 07 02:37:38 CEST 2014: 75: finished (22ms, 19cycles)
Wed May 07 02:37:38 CEST 2014: 75: Solution found.
Wed May 07 02:37:38 CEST 2014: 76: finished (371ms, 500cycles)
Wed May 07 02:37:38 CEST 2014: 76: No solution found.
Wed May 07 02:37:38 CEST 2014: 77: finished (11ms, 12cycles)
Wed May 07 02:37:38 CEST 2014: 77: Solution found.
Wed May 07 02:37:39 CEST 2014: 78: finished (396ms, 500cycles)
Wed May 07 02:37:39 CEST 2014: 78: No solution found.
Wed May 07 02:37:40 CEST 2014: 79: finished (1122ms, 500cycles)
Wed May 07 02:37:40 CEST 2014: 79: No solution found.
Wed May 07 02:37:40 CEST 2014: 80: finished (3ms, 3cycles)
Wed May 07 02:37:40 CEST 2014: 80: Solution found.
Wed May 07 02:37:40 CEST 2014: 81: finished (16ms, 22cycles)
Wed May 07 02:37:40 CEST 2014: 81: Solution found.
Wed May 07 02:37:40 CEST 2014: 82: finished (324ms, 500cycles)
Wed May 07 02:37:40 CEST 2014: 82: No solution found.
Wed May 07 02:37:40 CEST 2014: 83: finished (362ms, 500cycles)
Wed May 07 02:37:40 CEST 2014: 83: No solution found.
Wed May 07 02:37:40 CEST 2014: 84: finished (19ms, 17cycles)
Wed May 07 02:37:40 CEST 2014: 84: Solution found.
Wed May 07 02:37:41 CEST 2014: 85: finished (309ms, 500cycles)
Wed May 07 02:37:41 CEST 2014: 85: No solution found.
Wed May 07 02:37:41 CEST 2014: 86: finished (16ms, 20cycles)
Wed May 07 02:37:41 CEST 2014: 86: Solution found.
Wed May 07 02:37:41 CEST 2014: 87: finished (314ms, 500cycles)
Wed May 07 02:37:41 CEST 2014: 87: No solution found.
Wed May 07 02:37:42 CEST 2014: 88: finished (376ms, 500cycles)
Wed May 07 02:37:42 CEST 2014: 88: No solution found.
Wed May 07 02:37:42 CEST 2014: 89: finished (361ms, 500cycles)
Wed May 07 02:37:42 CEST 2014: 89: No solution found.
Wed May 07 02:37:42 CEST 2014: 90: finished (313ms, 500cycles)
Wed May 07 02:37:42 CEST 2014: 90: No solution found.
Wed May 07 02:37:42 CEST 2014: 91: finished (24ms, 32cycles)
Wed May 07 02:37:42 CEST 2014: 91: Solution found.
Wed May 07 02:37:43 CEST 2014: 92: finished (346ms, 500cycles)
Wed May 07 02:37:43 CEST 2014: 92: No solution found.
Wed May 07 02:37:43 CEST 2014: 93: finished (329ms, 500cycles)
Wed May 07 02:37:43 CEST 2014: 93: No solution found.
Wed May 07 02:37:43 CEST 2014: 94: finished (319ms, 500cycles)
Wed May 07 02:37:43 CEST 2014: 94: No solution found.
Wed May 07 02:37:43 CEST 2014: 95: finished (18ms, 22cycles)
Wed May 07 02:37:43 CEST 2014: 95: Solution found.
Wed May 07 02:37:43 CEST 2014: 96: finished (5ms, 5cycles)
Wed May 07 02:37:43 CEST 2014: 96: Solution found.
Wed May 07 02:37:43 CEST 2014: 97: finished (31ms, 43cycles)
Wed May 07 02:37:43 CEST 2014: 97: Solution found.
Wed May 07 02:37:44 CEST 2014: 98: finished (333ms, 500cycles)
Wed May 07 02:37:44 CEST 2014: 98: No solution found.
Wed May 07 02:37:44 CEST 2014: 99: finished (37ms, 53cycles)
Wed May 07 02:37:44 CEST 2014: 99: Solution found.
Wed May 07 02:37:44 CEST 2014: Solution Found: 57
Wed May 07 02:37:44 CEST 2014: Avg cycles: 32
Wed May 07 02:37:44 CEST 2014: Max cycles: 343
Wed May 07 02:37:44 CEST 2014: Min cycles: 3
Wed May 07 02:37:44 CEST 2014: No solution found: 43
Wed May 07 02:37:44 CEST 2014: logging finished. (runtime: 18754ms)
