Sun May 18 04:05:13 CEST 2014: Problem Count: 50
Sun May 18 04:05:13 CEST 2014: CandidatesCount: 30
Sun May 18 04:05:13 CEST 2014: Max Cycles: 500
Sun May 18 04:05:13 CEST 2014: 0: finished (17ms, 42cycles)
Sun May 18 04:05:13 CEST 2014: 0: Solution found.
Sun May 18 04:05:13 CEST 2014: 1: finished (174ms, 500cycles)
Sun May 18 04:05:13 CEST 2014: 1: No solution found.
Sun May 18 04:05:14 CEST 2014: 2: finished (196ms, 500cycles)
Sun May 18 04:05:14 CEST 2014: 2: No solution found.
Sun May 18 04:05:14 CEST 2014: 3: finished (173ms, 500cycles)
Sun May 18 04:05:14 CEST 2014: 3: No solution found.
Sun May 18 04:05:14 CEST 2014: 4: finished (5ms, 13cycles)
Sun May 18 04:05:14 CEST 2014: 4: Solution found.
Sun May 18 04:05:14 CEST 2014: 5: finished (8ms, 18cycles)
Sun May 18 04:05:14 CEST 2014: 5: Solution found.
Sun May 18 04:05:14 CEST 2014: 6: finished (155ms, 500cycles)
Sun May 18 04:05:14 CEST 2014: 6: No solution found.
Sun May 18 04:05:14 CEST 2014: 7: finished (166ms, 500cycles)
Sun May 18 04:05:14 CEST 2014: 7: No solution found.
Sun May 18 04:05:14 CEST 2014: 8: finished (171ms, 500cycles)
Sun May 18 04:05:14 CEST 2014: 8: No solution found.
Sun May 18 04:05:14 CEST 2014: 9: finished (10ms, 27cycles)
Sun May 18 04:05:14 CEST 2014: 9: Solution found.
Sun May 18 04:05:14 CEST 2014: 10: finished (164ms, 500cycles)
Sun May 18 04:05:14 CEST 2014: 10: No solution found.
Sun May 18 04:05:15 CEST 2014: 11: finished (178ms, 500cycles)
Sun May 18 04:05:15 CEST 2014: 11: No solution found.
Sun May 18 04:05:15 CEST 2014: 12: finished (2ms, 5cycles)
Sun May 18 04:05:15 CEST 2014: 12: Solution found.
Sun May 18 04:05:15 CEST 2014: 13: finished (5ms, 12cycles)
Sun May 18 04:05:15 CEST 2014: 13: Solution found.
Sun May 18 04:05:15 CEST 2014: 14: finished (17ms, 44cycles)
Sun May 18 04:05:15 CEST 2014: 14: Solution found.
Sun May 18 04:05:15 CEST 2014: 15: finished (9ms, 25cycles)
Sun May 18 04:05:15 CEST 2014: 15: Solution found.
Sun May 18 04:05:15 CEST 2014: 16: finished (8ms, 22cycles)
Sun May 18 04:05:15 CEST 2014: 16: Solution found.
Sun May 18 04:05:15 CEST 2014: 17: finished (168ms, 500cycles)
Sun May 18 04:05:15 CEST 2014: 17: No solution found.
Sun May 18 04:05:15 CEST 2014: 18: finished (171ms, 500cycles)
Sun May 18 04:05:15 CEST 2014: 18: No solution found.
Sun May 18 04:05:15 CEST 2014: 19: finished (5ms, 11cycles)
Sun May 18 04:05:15 CEST 2014: 19: Solution found.
Sun May 18 04:05:15 CEST 2014: 20: finished (2ms, 3cycles)
Sun May 18 04:05:15 CEST 2014: 20: Solution found.
Sun May 18 04:05:15 CEST 2014: 21: finished (82ms, 198cycles)
Sun May 18 04:05:15 CEST 2014: 21: Solution found.
Sun May 18 04:05:15 CEST 2014: 22: finished (8ms, 21cycles)
Sun May 18 04:05:15 CEST 2014: 22: Solution found.
Sun May 18 04:05:15 CEST 2014: 23: finished (11ms, 33cycles)
Sun May 18 04:05:15 CEST 2014: 23: Solution found.
Sun May 18 04:05:15 CEST 2014: 24: finished (6ms, 14cycles)
Sun May 18 04:05:15 CEST 2014: 24: Solution found.
Sun May 18 04:05:15 CEST 2014: 25: finished (12ms, 33cycles)
Sun May 18 04:05:15 CEST 2014: 25: Solution found.
Sun May 18 04:05:15 CEST 2014: 26: finished (173ms, 500cycles)
Sun May 18 04:05:15 CEST 2014: 26: No solution found.
Sun May 18 04:05:15 CEST 2014: 27: finished (23ms, 60cycles)
Sun May 18 04:05:15 CEST 2014: 27: Solution found.
Sun May 18 04:05:15 CEST 2014: 28: finished (165ms, 500cycles)
Sun May 18 04:05:15 CEST 2014: 28: No solution found.
Sun May 18 04:05:16 CEST 2014: 29: finished (170ms, 500cycles)
Sun May 18 04:05:16 CEST 2014: 29: No solution found.
Sun May 18 04:05:16 CEST 2014: 30: finished (176ms, 500cycles)
Sun May 18 04:05:16 CEST 2014: 30: No solution found.
Sun May 18 04:05:16 CEST 2014: 31: finished (181ms, 500cycles)
Sun May 18 04:05:16 CEST 2014: 31: No solution found.
Sun May 18 04:05:16 CEST 2014: 32: finished (179ms, 500cycles)
Sun May 18 04:05:16 CEST 2014: 32: No solution found.
Sun May 18 04:05:16 CEST 2014: 33: finished (6ms, 12cycles)
Sun May 18 04:05:16 CEST 2014: 33: Solution found.
Sun May 18 04:05:16 CEST 2014: 34: finished (19ms, 51cycles)
Sun May 18 04:05:16 CEST 2014: 34: Solution found.
Sun May 18 04:05:16 CEST 2014: 35: finished (8ms, 18cycles)
Sun May 18 04:05:16 CEST 2014: 35: Solution found.
Sun May 18 04:05:16 CEST 2014: 36: finished (193ms, 500cycles)
Sun May 18 04:05:16 CEST 2014: 36: No solution found.
Sun May 18 04:05:17 CEST 2014: 37: finished (165ms, 500cycles)
Sun May 18 04:05:17 CEST 2014: 37: No solution found.
Sun May 18 04:05:17 CEST 2014: 38: finished (200ms, 500cycles)
Sun May 18 04:05:17 CEST 2014: 38: No solution found.
Sun May 18 04:05:17 CEST 2014: 39: finished (4ms, 11cycles)
Sun May 18 04:05:17 CEST 2014: 39: Solution found.
Sun May 18 04:05:17 CEST 2014: 40: finished (161ms, 500cycles)
Sun May 18 04:05:17 CEST 2014: 40: No solution found.
Sun May 18 04:05:17 CEST 2014: 41: finished (167ms, 500cycles)
Sun May 18 04:05:17 CEST 2014: 41: No solution found.
Sun May 18 04:05:17 CEST 2014: 42: finished (32ms, 87cycles)
Sun May 18 04:05:17 CEST 2014: 42: Solution found.
Sun May 18 04:05:17 CEST 2014: 43: finished (12ms, 34cycles)
Sun May 18 04:05:17 CEST 2014: 43: Solution found.
Sun May 18 04:05:17 CEST 2014: 44: finished (8ms, 21cycles)
Sun May 18 04:05:17 CEST 2014: 44: Solution found.
Sun May 18 04:05:17 CEST 2014: 45: finished (180ms, 500cycles)
Sun May 18 04:05:17 CEST 2014: 45: No solution found.
Sun May 18 04:05:17 CEST 2014: 46: finished (191ms, 500cycles)
Sun May 18 04:05:17 CEST 2014: 46: No solution found.
Sun May 18 04:05:18 CEST 2014: 47: finished (7ms, 19cycles)
Sun May 18 04:05:18 CEST 2014: 47: Solution found.
Sun May 18 04:05:18 CEST 2014: 48: finished (166ms, 500cycles)
Sun May 18 04:05:18 CEST 2014: 48: No solution found.
Sun May 18 04:05:18 CEST 2014: 49: finished (4ms, 10cycles)
Sun May 18 04:05:18 CEST 2014: 49: Solution found.
Sun May 18 04:05:18 CEST 2014: 50: finished (5ms, 12cycles)
Sun May 18 04:05:18 CEST 2014: 50: Solution found.
Sun May 18 04:05:18 CEST 2014: 51: finished (175ms, 500cycles)
Sun May 18 04:05:18 CEST 2014: 51: No solution found.
Sun May 18 04:05:18 CEST 2014: 52: finished (172ms, 500cycles)
Sun May 18 04:05:18 CEST 2014: 52: No solution found.
Sun May 18 04:05:18 CEST 2014: 53: finished (12ms, 31cycles)
Sun May 18 04:05:18 CEST 2014: 53: Solution found.
Sun May 18 04:05:18 CEST 2014: 54: finished (8ms, 21cycles)
Sun May 18 04:05:18 CEST 2014: 54: Solution found.
Sun May 18 04:05:18 CEST 2014: 55: finished (6ms, 13cycles)
Sun May 18 04:05:18 CEST 2014: 55: Solution found.
Sun May 18 04:05:18 CEST 2014: 56: finished (8ms, 21cycles)
Sun May 18 04:05:18 CEST 2014: 56: Solution found.
Sun May 18 04:05:18 CEST 2014: 57: finished (168ms, 500cycles)
Sun May 18 04:05:18 CEST 2014: 57: No solution found.
Sun May 18 04:05:18 CEST 2014: 58: finished (194ms, 500cycles)
Sun May 18 04:05:18 CEST 2014: 58: No solution found.
Sun May 18 04:05:19 CEST 2014: 59: finished (166ms, 500cycles)
Sun May 18 04:05:19 CEST 2014: 59: No solution found.
Sun May 18 04:05:19 CEST 2014: 60: finished (177ms, 500cycles)
Sun May 18 04:05:19 CEST 2014: 60: No solution found.
Sun May 18 04:05:19 CEST 2014: 61: finished (8ms, 21cycles)
Sun May 18 04:05:19 CEST 2014: 61: Solution found.
Sun May 18 04:05:19 CEST 2014: 62: finished (16ms, 21cycles)
Sun May 18 04:05:19 CEST 2014: 62: Solution found.
Sun May 18 04:05:19 CEST 2014: 63: finished (175ms, 500cycles)
Sun May 18 04:05:19 CEST 2014: 63: No solution found.
Sun May 18 04:05:19 CEST 2014: 64: finished (164ms, 500cycles)
Sun May 18 04:05:19 CEST 2014: 64: No solution found.
Sun May 18 04:05:19 CEST 2014: 65: finished (184ms, 500cycles)
Sun May 18 04:05:19 CEST 2014: 65: No solution found.
Sun May 18 04:05:19 CEST 2014: 66: finished (172ms, 500cycles)
Sun May 18 04:05:19 CEST 2014: 66: No solution found.
Sun May 18 04:05:20 CEST 2014: 67: finished (183ms, 500cycles)
Sun May 18 04:05:20 CEST 2014: 67: No solution found.
Sun May 18 04:05:20 CEST 2014: 68: finished (38ms, 98cycles)
Sun May 18 04:05:20 CEST 2014: 68: Solution found.
Sun May 18 04:05:20 CEST 2014: 69: finished (152ms, 500cycles)
Sun May 18 04:05:20 CEST 2014: 69: No solution found.
Sun May 18 04:05:20 CEST 2014: 70: finished (171ms, 500cycles)
Sun May 18 04:05:20 CEST 2014: 70: No solution found.
Sun May 18 04:05:20 CEST 2014: 71: finished (13ms, 34cycles)
Sun May 18 04:05:20 CEST 2014: 71: Solution found.
Sun May 18 04:05:20 CEST 2014: 72: finished (2ms, 3cycles)
Sun May 18 04:05:20 CEST 2014: 72: Solution found.
Sun May 18 04:05:20 CEST 2014: 73: finished (350ms, 500cycles)
Sun May 18 04:05:20 CEST 2014: 73: No solution found.
Sun May 18 04:05:20 CEST 2014: 74: finished (40ms, 38cycles)
Sun May 18 04:05:20 CEST 2014: 74: Solution found.
Sun May 18 04:05:20 CEST 2014: 75: finished (24ms, 23cycles)
Sun May 18 04:05:20 CEST 2014: 75: Solution found.
Sun May 18 04:05:20 CEST 2014: 76: finished (34ms, 31cycles)
Sun May 18 04:05:20 CEST 2014: 76: Solution found.
Sun May 18 04:05:21 CEST 2014: 77: finished (484ms, 500cycles)
Sun May 18 04:05:21 CEST 2014: 77: No solution found.
Sun May 18 04:05:21 CEST 2014: 78: finished (8ms, 7cycles)
Sun May 18 04:05:21 CEST 2014: 78: Solution found.
Sun May 18 04:05:21 CEST 2014: 79: finished (434ms, 500cycles)
Sun May 18 04:05:21 CEST 2014: 79: No solution found.
Sun May 18 04:05:22 CEST 2014: 80: finished (578ms, 500cycles)
Sun May 18 04:05:22 CEST 2014: 80: No solution found.
Sun May 18 04:05:23 CEST 2014: 81: finished (511ms, 500cycles)
Sun May 18 04:05:23 CEST 2014: 81: No solution found.
Sun May 18 04:05:23 CEST 2014: 82: finished (465ms, 500cycles)
Sun May 18 04:05:23 CEST 2014: 82: No solution found.
Sun May 18 04:05:23 CEST 2014: 83: finished (171ms, 500cycles)
Sun May 18 04:05:23 CEST 2014: 83: No solution found.
Sun May 18 04:05:23 CEST 2014: 84: finished (157ms, 500cycles)
Sun May 18 04:05:23 CEST 2014: 84: No solution found.
Sun May 18 04:05:23 CEST 2014: 85: finished (15ms, 29cycles)
Sun May 18 04:05:23 CEST 2014: 85: Solution found.
Sun May 18 04:05:24 CEST 2014: 86: finished (439ms, 500cycles)
Sun May 18 04:05:24 CEST 2014: 86: No solution found.
Sun May 18 04:05:24 CEST 2014: 87: finished (32ms, 29cycles)
Sun May 18 04:05:24 CEST 2014: 87: Solution found.
Sun May 18 04:05:24 CEST 2014: 88: finished (453ms, 500cycles)
Sun May 18 04:05:24 CEST 2014: 88: No solution found.
Sun May 18 04:05:25 CEST 2014: 89: finished (466ms, 500cycles)
Sun May 18 04:05:25 CEST 2014: 89: No solution found.
Sun May 18 04:05:25 CEST 2014: 90: finished (181ms, 500cycles)
Sun May 18 04:05:25 CEST 2014: 90: No solution found.
Sun May 18 04:05:25 CEST 2014: 91: finished (7ms, 17cycles)
Sun May 18 04:05:25 CEST 2014: 91: Solution found.
Sun May 18 04:05:25 CEST 2014: 92: finished (7ms, 18cycles)
Sun May 18 04:05:25 CEST 2014: 92: Solution found.
Sun May 18 04:05:25 CEST 2014: 93: finished (17ms, 21cycles)
Sun May 18 04:05:25 CEST 2014: 93: Solution found.
Sun May 18 04:05:25 CEST 2014: 94: finished (171ms, 500cycles)
Sun May 18 04:05:25 CEST 2014: 94: No solution found.
Sun May 18 04:05:25 CEST 2014: 95: finished (181ms, 500cycles)
Sun May 18 04:05:25 CEST 2014: 95: No solution found.
Sun May 18 04:05:25 CEST 2014: 96: finished (160ms, 500cycles)
Sun May 18 04:05:25 CEST 2014: 96: No solution found.
Sun May 18 04:05:25 CEST 2014: 97: finished (31ms, 57cycles)
Sun May 18 04:05:25 CEST 2014: 97: Solution found.
Sun May 18 04:05:25 CEST 2014: 98: finished (10ms, 30cycles)
Sun May 18 04:05:25 CEST 2014: 98: Solution found.
Sun May 18 04:05:26 CEST 2014: 99: finished (164ms, 500cycles)
Sun May 18 04:05:26 CEST 2014: 99: No solution found.
Sun May 18 04:05:26 CEST 2014: Solution Found: 47
Sun May 18 04:05:26 CEST 2014: Avg cycles: 30
Sun May 18 04:05:26 CEST 2014: Max cycles: 198
Sun May 18 04:05:26 CEST 2014: Min cycles: 3
Sun May 18 04:05:26 CEST 2014: No solution found: 53
Sun May 18 04:05:26 CEST 2014: logging finished. (runtime: 12488ms)
