Sat May 17 23:43:59 CEST 2014: Problem Count: 50
Sat May 17 23:43:59 CEST 2014: CandidatesCount: 40
Sat May 17 23:43:59 CEST 2014: Max Cycles: 500
Sat May 17 23:44:00 CEST 2014: 0: finished (229ms, 500cycles)
Sat May 17 23:44:00 CEST 2014: 0: No solution found.
Sat May 17 23:44:00 CEST 2014: 1: finished (233ms, 500cycles)
Sat May 17 23:44:00 CEST 2014: 1: No solution found.
Sat May 17 23:44:00 CEST 2014: 2: finished (9ms, 17cycles)
Sat May 17 23:44:00 CEST 2014: 2: Solution found.
Sat May 17 23:44:00 CEST 2014: 3: finished (6ms, 13cycles)
Sat May 17 23:44:00 CEST 2014: 3: Solution found.
Sat May 17 23:44:00 CEST 2014: 4: finished (12ms, 23cycles)
Sat May 17 23:44:00 CEST 2014: 4: Solution found.
Sat May 17 23:44:00 CEST 2014: 5: finished (11ms, 22cycles)
Sat May 17 23:44:00 CEST 2014: 5: Solution found.
Sat May 17 23:44:00 CEST 2014: 6: finished (40ms, 69cycles)
Sat May 17 23:44:00 CEST 2014: 6: Solution found.
Sat May 17 23:44:00 CEST 2014: 7: finished (217ms, 500cycles)
Sat May 17 23:44:00 CEST 2014: 7: No solution found.
Sat May 17 23:44:00 CEST 2014: 8: finished (241ms, 500cycles)
Sat May 17 23:44:00 CEST 2014: 8: No solution found.
Sat May 17 23:44:01 CEST 2014: 9: finished (249ms, 500cycles)
Sat May 17 23:44:01 CEST 2014: 9: No solution found.
Sat May 17 23:44:01 CEST 2014: 10: finished (4ms, 8cycles)
Sat May 17 23:44:01 CEST 2014: 10: Solution found.
Sat May 17 23:44:01 CEST 2014: 11: finished (231ms, 500cycles)
Sat May 17 23:44:01 CEST 2014: 11: No solution found.
Sat May 17 23:44:01 CEST 2014: 12: finished (8ms, 15cycles)
Sat May 17 23:44:01 CEST 2014: 12: Solution found.
Sat May 17 23:44:01 CEST 2014: 13: finished (8ms, 13cycles)
Sat May 17 23:44:01 CEST 2014: 13: Solution found.
Sat May 17 23:44:01 CEST 2014: 14: finished (7ms, 13cycles)
Sat May 17 23:44:01 CEST 2014: 14: Solution found.
Sat May 17 23:44:01 CEST 2014: 15: finished (7ms, 12cycles)
Sat May 17 23:44:01 CEST 2014: 15: Solution found.
Sat May 17 23:44:01 CEST 2014: 16: finished (5ms, 10cycles)
Sat May 17 23:44:01 CEST 2014: 16: Solution found.
Sat May 17 23:44:01 CEST 2014: 17: finished (10ms, 18cycles)
Sat May 17 23:44:01 CEST 2014: 17: Solution found.
Sat May 17 23:44:01 CEST 2014: 18: finished (9ms, 18cycles)
Sat May 17 23:44:01 CEST 2014: 18: Solution found.
Sat May 17 23:44:01 CEST 2014: 19: finished (235ms, 500cycles)
Sat May 17 23:44:01 CEST 2014: 19: No solution found.
Sat May 17 23:44:01 CEST 2014: 20: finished (221ms, 500cycles)
Sat May 17 23:44:01 CEST 2014: 20: No solution found.
Sat May 17 23:44:01 CEST 2014: 21: finished (13ms, 25cycles)
Sat May 17 23:44:01 CEST 2014: 21: Solution found.
Sat May 17 23:44:02 CEST 2014: 22: finished (240ms, 500cycles)
Sat May 17 23:44:02 CEST 2014: 22: No solution found.
Sat May 17 23:44:02 CEST 2014: 23: finished (8ms, 18cycles)
Sat May 17 23:44:02 CEST 2014: 23: Solution found.
Sat May 17 23:44:02 CEST 2014: 24: finished (10ms, 20cycles)
Sat May 17 23:44:02 CEST 2014: 24: Solution found.
Sat May 17 23:44:02 CEST 2014: 25: finished (58ms, 123cycles)
Sat May 17 23:44:02 CEST 2014: 25: Solution found.
Sat May 17 23:44:02 CEST 2014: 26: finished (58ms, 122cycles)
Sat May 17 23:44:02 CEST 2014: 26: Solution found.
Sat May 17 23:44:02 CEST 2014: 27: finished (1ms, 1cycles)
Sat May 17 23:44:02 CEST 2014: 27: Solution found.
Sat May 17 23:44:02 CEST 2014: 28: finished (6ms, 12cycles)
Sat May 17 23:44:02 CEST 2014: 28: Solution found.
Sat May 17 23:44:02 CEST 2014: 29: finished (5ms, 10cycles)
Sat May 17 23:44:02 CEST 2014: 29: Solution found.
Sat May 17 23:44:02 CEST 2014: 30: finished (10ms, 17cycles)
Sat May 17 23:44:02 CEST 2014: 30: Solution found.
Sat May 17 23:44:02 CEST 2014: 31: finished (5ms, 8cycles)
Sat May 17 23:44:02 CEST 2014: 31: Solution found.
Sat May 17 23:44:02 CEST 2014: 32: finished (22ms, 43cycles)
Sat May 17 23:44:02 CEST 2014: 32: Solution found.
Sat May 17 23:44:02 CEST 2014: 33: finished (10ms, 20cycles)
Sat May 17 23:44:02 CEST 2014: 33: Solution found.
Sat May 17 23:44:02 CEST 2014: 34: finished (27ms, 50cycles)
Sat May 17 23:44:02 CEST 2014: 34: Solution found.
Sat May 17 23:44:02 CEST 2014: 35: finished (268ms, 500cycles)
Sat May 17 23:44:02 CEST 2014: 35: No solution found.
Sat May 17 23:44:02 CEST 2014: 36: finished (4ms, 6cycles)
Sat May 17 23:44:02 CEST 2014: 36: Solution found.
Sat May 17 23:44:02 CEST 2014: 37: finished (3ms, 6cycles)
Sat May 17 23:44:02 CEST 2014: 37: Solution found.
Sat May 17 23:44:02 CEST 2014: 38: finished (16ms, 31cycles)
Sat May 17 23:44:02 CEST 2014: 38: Solution found.
Sat May 17 23:44:02 CEST 2014: 39: finished (260ms, 500cycles)
Sat May 17 23:44:02 CEST 2014: 39: No solution found.
Sat May 17 23:44:02 CEST 2014: 40: finished (8ms, 7cycles)
Sat May 17 23:44:02 CEST 2014: 40: Solution found.
Sat May 17 23:44:02 CEST 2014: 41: finished (10ms, 19cycles)
Sat May 17 23:44:02 CEST 2014: 41: Solution found.
Sat May 17 23:44:02 CEST 2014: 42: finished (13ms, 26cycles)
Sat May 17 23:44:02 CEST 2014: 42: Solution found.
Sat May 17 23:44:02 CEST 2014: 43: finished (9ms, 15cycles)
Sat May 17 23:44:02 CEST 2014: 43: Solution found.
Sat May 17 23:44:02 CEST 2014: 44: finished (9ms, 16cycles)
Sat May 17 23:44:02 CEST 2014: 44: Solution found.
Sat May 17 23:44:03 CEST 2014: 45: finished (251ms, 500cycles)
Sat May 17 23:44:03 CEST 2014: 45: No solution found.
Sat May 17 23:44:03 CEST 2014: 46: finished (234ms, 500cycles)
Sat May 17 23:44:03 CEST 2014: 46: No solution found.
Sat May 17 23:44:03 CEST 2014: 47: finished (62ms, 130cycles)
Sat May 17 23:44:03 CEST 2014: 47: Solution found.
Sat May 17 23:44:03 CEST 2014: 48: finished (3ms, 5cycles)
Sat May 17 23:44:03 CEST 2014: 48: Solution found.
Sat May 17 23:44:03 CEST 2014: 49: finished (12ms, 24cycles)
Sat May 17 23:44:03 CEST 2014: 49: Solution found.
Sat May 17 23:44:03 CEST 2014: 50: finished (282ms, 500cycles)
Sat May 17 23:44:03 CEST 2014: 50: No solution found.
Sat May 17 23:44:03 CEST 2014: 51: finished (4ms, 7cycles)
Sat May 17 23:44:03 CEST 2014: 51: Solution found.
Sat May 17 23:44:03 CEST 2014: 52: finished (17ms, 37cycles)
Sat May 17 23:44:03 CEST 2014: 52: Solution found.
Sat May 17 23:44:03 CEST 2014: 53: finished (16ms, 29cycles)
Sat May 17 23:44:03 CEST 2014: 53: Solution found.
Sat May 17 23:44:03 CEST 2014: 54: finished (8ms, 16cycles)
Sat May 17 23:44:03 CEST 2014: 54: Solution found.
Sat May 17 23:44:04 CEST 2014: 55: finished (242ms, 500cycles)
Sat May 17 23:44:04 CEST 2014: 55: No solution found.
Sat May 17 23:44:04 CEST 2014: 56: finished (216ms, 500cycles)
Sat May 17 23:44:04 CEST 2014: 56: No solution found.
Sat May 17 23:44:04 CEST 2014: 57: finished (11ms, 22cycles)
Sat May 17 23:44:04 CEST 2014: 57: Solution found.
Sat May 17 23:44:04 CEST 2014: 58: finished (265ms, 500cycles)
Sat May 17 23:44:04 CEST 2014: 58: No solution found.
Sat May 17 23:44:04 CEST 2014: 59: finished (236ms, 500cycles)
Sat May 17 23:44:04 CEST 2014: 59: No solution found.
Sat May 17 23:44:04 CEST 2014: 60: finished (239ms, 500cycles)
Sat May 17 23:44:04 CEST 2014: 60: No solution found.
Sat May 17 23:44:04 CEST 2014: 61: finished (21ms, 40cycles)
Sat May 17 23:44:04 CEST 2014: 61: Solution found.
Sat May 17 23:44:05 CEST 2014: 62: finished (243ms, 500cycles)
Sat May 17 23:44:05 CEST 2014: 62: No solution found.
Sat May 17 23:44:05 CEST 2014: 63: finished (45ms, 89cycles)
Sat May 17 23:44:05 CEST 2014: 63: Solution found.
Sat May 17 23:44:05 CEST 2014: 64: finished (8ms, 17cycles)
Sat May 17 23:44:05 CEST 2014: 64: Solution found.
Sat May 17 23:44:05 CEST 2014: 65: finished (13ms, 27cycles)
Sat May 17 23:44:05 CEST 2014: 65: Solution found.
Sat May 17 23:44:05 CEST 2014: 66: finished (21ms, 40cycles)
Sat May 17 23:44:05 CEST 2014: 66: Solution found.
Sat May 17 23:44:05 CEST 2014: 67: finished (225ms, 500cycles)
Sat May 17 23:44:05 CEST 2014: 67: No solution found.
Sat May 17 23:44:05 CEST 2014: 68: finished (245ms, 500cycles)
Sat May 17 23:44:05 CEST 2014: 68: No solution found.
Sat May 17 23:44:06 CEST 2014: 69: finished (233ms, 500cycles)
Sat May 17 23:44:06 CEST 2014: 69: No solution found.
Sat May 17 23:44:06 CEST 2014: 70: finished (14ms, 28cycles)
Sat May 17 23:44:06 CEST 2014: 70: Solution found.
Sat May 17 23:44:06 CEST 2014: 71: finished (251ms, 500cycles)
Sat May 17 23:44:06 CEST 2014: 71: No solution found.
Sat May 17 23:44:06 CEST 2014: 72: finished (227ms, 500cycles)
Sat May 17 23:44:06 CEST 2014: 72: No solution found.
Sat May 17 23:44:06 CEST 2014: 73: finished (20ms, 37cycles)
Sat May 17 23:44:06 CEST 2014: 73: Solution found.
Sat May 17 23:44:06 CEST 2014: 74: finished (215ms, 500cycles)
Sat May 17 23:44:06 CEST 2014: 74: No solution found.
Sat May 17 23:44:06 CEST 2014: 75: finished (7ms, 14cycles)
Sat May 17 23:44:06 CEST 2014: 75: Solution found.
Sat May 17 23:44:07 CEST 2014: 76: finished (277ms, 500cycles)
Sat May 17 23:44:07 CEST 2014: 76: No solution found.
Sat May 17 23:44:07 CEST 2014: 77: finished (11ms, 20cycles)
Sat May 17 23:44:07 CEST 2014: 77: Solution found.
Sat May 17 23:44:07 CEST 2014: 78: finished (209ms, 500cycles)
Sat May 17 23:44:07 CEST 2014: 78: No solution found.
Sat May 17 23:44:07 CEST 2014: 79: finished (18ms, 32cycles)
Sat May 17 23:44:07 CEST 2014: 79: Solution found.
Sat May 17 23:44:07 CEST 2014: 80: finished (242ms, 500cycles)
Sat May 17 23:44:07 CEST 2014: 80: No solution found.
Sat May 17 23:44:07 CEST 2014: 81: finished (238ms, 500cycles)
Sat May 17 23:44:07 CEST 2014: 81: No solution found.
Sat May 17 23:44:07 CEST 2014: 82: finished (235ms, 500cycles)
Sat May 17 23:44:07 CEST 2014: 82: No solution found.
Sat May 17 23:44:08 CEST 2014: 83: finished (237ms, 500cycles)
Sat May 17 23:44:08 CEST 2014: 83: No solution found.
Sat May 17 23:44:08 CEST 2014: 84: finished (32ms, 64cycles)
Sat May 17 23:44:08 CEST 2014: 84: Solution found.
Sat May 17 23:44:08 CEST 2014: 85: finished (227ms, 500cycles)
Sat May 17 23:44:08 CEST 2014: 85: No solution found.
Sat May 17 23:44:08 CEST 2014: 86: finished (9ms, 18cycles)
Sat May 17 23:44:08 CEST 2014: 86: Solution found.
Sat May 17 23:44:08 CEST 2014: 87: finished (2ms, 3cycles)
Sat May 17 23:44:08 CEST 2014: 87: Solution found.
Sat May 17 23:44:08 CEST 2014: 88: finished (11ms, 20cycles)
Sat May 17 23:44:08 CEST 2014: 88: Solution found.
Sat May 17 23:44:08 CEST 2014: 89: finished (226ms, 500cycles)
Sat May 17 23:44:08 CEST 2014: 89: No solution found.
Sat May 17 23:44:08 CEST 2014: 90: finished (17ms, 20cycles)
Sat May 17 23:44:08 CEST 2014: 90: Solution found.
Sat May 17 23:44:08 CEST 2014: 91: finished (32ms, 66cycles)
Sat May 17 23:44:08 CEST 2014: 91: Solution found.
Sat May 17 23:44:08 CEST 2014: 92: finished (32ms, 61cycles)
Sat May 17 23:44:08 CEST 2014: 92: Solution found.
Sat May 17 23:44:09 CEST 2014: 93: finished (232ms, 500cycles)
Sat May 17 23:44:09 CEST 2014: 93: No solution found.
Sat May 17 23:44:09 CEST 2014: 94: finished (6ms, 12cycles)
Sat May 17 23:44:09 CEST 2014: 94: Solution found.
Sat May 17 23:44:09 CEST 2014: 95: finished (2ms, 2cycles)
Sat May 17 23:44:09 CEST 2014: 95: Solution found.
Sat May 17 23:44:09 CEST 2014: 96: finished (9ms, 17cycles)
Sat May 17 23:44:09 CEST 2014: 96: Solution found.
Sat May 17 23:44:09 CEST 2014: 97: finished (6ms, 11cycles)
Sat May 17 23:44:09 CEST 2014: 97: Solution found.
Sat May 17 23:44:09 CEST 2014: 98: finished (4ms, 4cycles)
Sat May 17 23:44:09 CEST 2014: 98: Solution found.
Sat May 17 23:44:09 CEST 2014: 99: finished (14ms, 25cycles)
Sat May 17 23:44:09 CEST 2014: 99: Solution found.
Sat May 17 23:44:09 CEST 2014: Solution Found: 65
Sat May 17 23:44:09 CEST 2014: Avg cycles: 27
Sat May 17 23:44:09 CEST 2014: Max cycles: 130
Sat May 17 23:44:09 CEST 2014: Min cycles: 1
Sat May 17 23:44:09 CEST 2014: No solution found: 35
Sat May 17 23:44:09 CEST 2014: logging finished. (runtime: 9292ms)
