Sun May 18 00:16:04 CEST 2014: Problem Count: 20
Sun May 18 00:16:04 CEST 2014: CandidatesCount: 50
Sun May 18 00:16:04 CEST 2014: Max Cycles: 500
Sun May 18 00:16:05 CEST 2014: 0: finished (430ms, 500cycles)
Sun May 18 00:16:05 CEST 2014: 0: No solution found.
Sun May 18 00:16:05 CEST 2014: 1: finished (8ms, 34cycles)
Sun May 18 00:16:05 CEST 2014: 1: Solution found.
Sun May 18 00:16:05 CEST 2014: 2: finished (118ms, 500cycles)
Sun May 18 00:16:05 CEST 2014: 2: No solution found.
Sun May 18 00:16:05 CEST 2014: 3: finished (97ms, 500cycles)
Sun May 18 00:16:05 CEST 2014: 3: No solution found.
Sun May 18 00:16:05 CEST 2014: 4: finished (12ms, 28cycles)
Sun May 18 00:16:05 CEST 2014: 4: Solution found.
Sun May 18 00:16:05 CEST 2014: 5: finished (9ms, 32cycles)
Sun May 18 00:16:05 CEST 2014: 5: Solution found.
Sun May 18 00:16:05 CEST 2014: 6: finished (94ms, 500cycles)
Sun May 18 00:16:05 CEST 2014: 6: No solution found.
Sun May 18 00:16:05 CEST 2014: 7: finished (92ms, 500cycles)
Sun May 18 00:16:05 CEST 2014: 7: No solution found.
Sun May 18 00:16:05 CEST 2014: 8: finished (8ms, 42cycles)
Sun May 18 00:16:05 CEST 2014: 8: Solution found.
Sun May 18 00:16:05 CEST 2014: 9: finished (8ms, 32cycles)
Sun May 18 00:16:05 CEST 2014: 9: Solution found.
Sun May 18 00:16:05 CEST 2014: 10: finished (6ms, 28cycles)
Sun May 18 00:16:05 CEST 2014: 10: Solution found.
Sun May 18 00:16:05 CEST 2014: 11: finished (11ms, 44cycles)
Sun May 18 00:16:05 CEST 2014: 11: Solution found.
Sun May 18 00:16:05 CEST 2014: 12: finished (8ms, 33cycles)
Sun May 18 00:16:05 CEST 2014: 12: Solution found.
Sun May 18 00:16:05 CEST 2014: 13: finished (89ms, 500cycles)
Sun May 18 00:16:05 CEST 2014: 13: No solution found.
Sun May 18 00:16:05 CEST 2014: 14: finished (6ms, 29cycles)
Sun May 18 00:16:05 CEST 2014: 14: Solution found.
Sun May 18 00:16:06 CEST 2014: 15: finished (475ms, 500cycles)
Sun May 18 00:16:06 CEST 2014: 15: No solution found.
Sun May 18 00:16:06 CEST 2014: 16: finished (4ms, 20cycles)
Sun May 18 00:16:06 CEST 2014: 16: Solution found.
Sun May 18 00:16:06 CEST 2014: 17: finished (346ms, 500cycles)
Sun May 18 00:16:06 CEST 2014: 17: No solution found.
Sun May 18 00:16:06 CEST 2014: 18: finished (6ms, 24cycles)
Sun May 18 00:16:06 CEST 2014: 18: Solution found.
Sun May 18 00:16:07 CEST 2014: 19: finished (294ms, 500cycles)
Sun May 18 00:16:07 CEST 2014: 19: No solution found.
Sun May 18 00:16:07 CEST 2014: 20: finished (85ms, 500cycles)
Sun May 18 00:16:07 CEST 2014: 20: No solution found.
Sun May 18 00:16:07 CEST 2014: 21: finished (101ms, 500cycles)
Sun May 18 00:16:07 CEST 2014: 21: No solution found.
Sun May 18 00:16:07 CEST 2014: 22: finished (95ms, 500cycles)
Sun May 18 00:16:07 CEST 2014: 22: No solution found.
Sun May 18 00:16:07 CEST 2014: 23: finished (4ms, 13cycles)
Sun May 18 00:16:07 CEST 2014: 23: Solution found.
Sun May 18 00:16:07 CEST 2014: 24: finished (3ms, 10cycles)
Sun May 18 00:16:07 CEST 2014: 24: Solution found.
Sun May 18 00:16:07 CEST 2014: 25: finished (2ms, 6cycles)
Sun May 18 00:16:07 CEST 2014: 25: Solution found.
Sun May 18 00:16:07 CEST 2014: 26: finished (17ms, 26cycles)
Sun May 18 00:16:07 CEST 2014: 26: Solution found.
Sun May 18 00:16:07 CEST 2014: 27: finished (7ms, 22cycles)
Sun May 18 00:16:07 CEST 2014: 27: Solution found.
Sun May 18 00:16:07 CEST 2014: 28: finished (7ms, 30cycles)
Sun May 18 00:16:07 CEST 2014: 28: Solution found.
Sun May 18 00:16:07 CEST 2014: 29: finished (13ms, 56cycles)
Sun May 18 00:16:07 CEST 2014: 29: Solution found.
Sun May 18 00:16:07 CEST 2014: 30: finished (92ms, 500cycles)
Sun May 18 00:16:07 CEST 2014: 30: No solution found.
Sun May 18 00:16:07 CEST 2014: 31: finished (6ms, 21cycles)
Sun May 18 00:16:07 CEST 2014: 31: Solution found.
Sun May 18 00:16:07 CEST 2014: 32: finished (6ms, 23cycles)
Sun May 18 00:16:07 CEST 2014: 32: Solution found.
Sun May 18 00:16:07 CEST 2014: 33: finished (91ms, 500cycles)
Sun May 18 00:16:07 CEST 2014: 33: No solution found.
Sun May 18 00:16:07 CEST 2014: 34: finished (7ms, 21cycles)
Sun May 18 00:16:07 CEST 2014: 34: Solution found.
Sun May 18 00:16:07 CEST 2014: 35: finished (105ms, 500cycles)
Sun May 18 00:16:07 CEST 2014: 35: No solution found.
Sun May 18 00:16:07 CEST 2014: 36: finished (4ms, 13cycles)
Sun May 18 00:16:07 CEST 2014: 36: Solution found.
Sun May 18 00:16:08 CEST 2014: 37: finished (266ms, 500cycles)
Sun May 18 00:16:08 CEST 2014: 37: No solution found.
Sun May 18 00:16:08 CEST 2014: 38: finished (3ms, 11cycles)
Sun May 18 00:16:08 CEST 2014: 38: Solution found.
Sun May 18 00:16:08 CEST 2014: 39: finished (7ms, 25cycles)
Sun May 18 00:16:08 CEST 2014: 39: Solution found.
Sun May 18 00:16:08 CEST 2014: 40: finished (2ms, 11cycles)
Sun May 18 00:16:08 CEST 2014: 40: Solution found.
Sun May 18 00:16:08 CEST 2014: 41: finished (109ms, 500cycles)
Sun May 18 00:16:08 CEST 2014: 41: No solution found.
Sun May 18 00:16:08 CEST 2014: 42: finished (1ms, 2cycles)
Sun May 18 00:16:08 CEST 2014: 42: Solution found.
Sun May 18 00:16:08 CEST 2014: 43: finished (7ms, 26cycles)
Sun May 18 00:16:08 CEST 2014: 43: Solution found.
Sun May 18 00:16:08 CEST 2014: 44: finished (827ms, 500cycles)
Sun May 18 00:16:08 CEST 2014: 44: No solution found.
Sun May 18 00:16:09 CEST 2014: 45: finished (316ms, 500cycles)
Sun May 18 00:16:09 CEST 2014: 45: No solution found.
Sun May 18 00:16:09 CEST 2014: 46: finished (7ms, 9cycles)
Sun May 18 00:16:09 CEST 2014: 46: Solution found.
Sun May 18 00:16:09 CEST 2014: 47: finished (56ms, 81cycles)
Sun May 18 00:16:09 CEST 2014: 47: Solution found.
Sun May 18 00:16:09 CEST 2014: 48: finished (220ms, 500cycles)
Sun May 18 00:16:09 CEST 2014: 48: No solution found.
Sun May 18 00:16:09 CEST 2014: 49: finished (79ms, 142cycles)
Sun May 18 00:16:09 CEST 2014: 49: Solution found.
Sun May 18 00:16:09 CEST 2014: 50: finished (229ms, 500cycles)
Sun May 18 00:16:09 CEST 2014: 50: No solution found.
Sun May 18 00:16:10 CEST 2014: 51: finished (306ms, 500cycles)
Sun May 18 00:16:10 CEST 2014: 51: No solution found.
Sun May 18 00:16:10 CEST 2014: 52: finished (283ms, 500cycles)
Sun May 18 00:16:10 CEST 2014: 52: No solution found.
Sun May 18 00:16:10 CEST 2014: 53: finished (300ms, 500cycles)
Sun May 18 00:16:10 CEST 2014: 53: No solution found.
Sun May 18 00:16:11 CEST 2014: 54: finished (279ms, 500cycles)
Sun May 18 00:16:11 CEST 2014: 54: No solution found.
Sun May 18 00:16:12 CEST 2014: 55: finished (1169ms, 500cycles)
Sun May 18 00:16:12 CEST 2014: 55: No solution found.
Sun May 18 00:16:12 CEST 2014: 56: finished (6ms, 8cycles)
Sun May 18 00:16:12 CEST 2014: 56: Solution found.
Sun May 18 00:16:12 CEST 2014: 57: finished (254ms, 500cycles)
Sun May 18 00:16:12 CEST 2014: 57: No solution found.
Sun May 18 00:16:12 CEST 2014: 58: finished (26ms, 43cycles)
Sun May 18 00:16:12 CEST 2014: 58: Solution found.
Sun May 18 00:16:12 CEST 2014: 59: finished (16ms, 26cycles)
Sun May 18 00:16:12 CEST 2014: 59: Solution found.
Sun May 18 00:16:12 CEST 2014: 60: finished (10ms, 12cycles)
Sun May 18 00:16:12 CEST 2014: 60: Solution found.
Sun May 18 00:16:12 CEST 2014: 61: finished (11ms, 16cycles)
Sun May 18 00:16:12 CEST 2014: 61: Solution found.
Sun May 18 00:16:12 CEST 2014: 62: finished (11ms, 19cycles)
Sun May 18 00:16:12 CEST 2014: 62: Solution found.
Sun May 18 00:16:12 CEST 2014: 63: finished (283ms, 500cycles)
Sun May 18 00:16:12 CEST 2014: 63: No solution found.
Sun May 18 00:16:12 CEST 2014: 64: finished (37ms, 57cycles)
Sun May 18 00:16:12 CEST 2014: 64: Solution found.
Sun May 18 00:16:13 CEST 2014: 65: finished (190ms, 500cycles)
Sun May 18 00:16:13 CEST 2014: 65: No solution found.
Sun May 18 00:16:13 CEST 2014: 66: finished (122ms, 500cycles)
Sun May 18 00:16:13 CEST 2014: 66: No solution found.
Sun May 18 00:16:13 CEST 2014: 67: finished (65ms, 277cycles)
Sun May 18 00:16:13 CEST 2014: 67: Solution found.
Sun May 18 00:16:13 CEST 2014: 68: finished (454ms, 500cycles)
Sun May 18 00:16:13 CEST 2014: 68: No solution found.
Sun May 18 00:16:13 CEST 2014: 69: finished (7ms, 28cycles)
Sun May 18 00:16:13 CEST 2014: 69: Solution found.
Sun May 18 00:16:13 CEST 2014: 70: finished (289ms, 500cycles)
Sun May 18 00:16:13 CEST 2014: 70: No solution found.
Sun May 18 00:16:14 CEST 2014: 71: finished (97ms, 500cycles)
Sun May 18 00:16:14 CEST 2014: 71: No solution found.
Sun May 18 00:16:14 CEST 2014: 72: finished (4ms, 19cycles)
Sun May 18 00:16:14 CEST 2014: 72: Solution found.
Sun May 18 00:16:14 CEST 2014: 73: finished (2ms, 5cycles)
Sun May 18 00:16:14 CEST 2014: 73: Solution found.
Sun May 18 00:16:14 CEST 2014: 74: finished (9ms, 31cycles)
Sun May 18 00:16:14 CEST 2014: 74: Solution found.
Sun May 18 00:16:14 CEST 2014: 75: finished (2ms, 8cycles)
Sun May 18 00:16:14 CEST 2014: 75: Solution found.
Sun May 18 00:16:14 CEST 2014: 76: finished (3ms, 11cycles)
Sun May 18 00:16:14 CEST 2014: 76: Solution found.
Sun May 18 00:16:14 CEST 2014: 77: finished (70ms, 325cycles)
Sun May 18 00:16:14 CEST 2014: 77: Solution found.
Sun May 18 00:16:14 CEST 2014: 78: finished (123ms, 500cycles)
Sun May 18 00:16:14 CEST 2014: 78: No solution found.
Sun May 18 00:16:14 CEST 2014: 79: finished (136ms, 500cycles)
Sun May 18 00:16:14 CEST 2014: 79: No solution found.
Sun May 18 00:16:14 CEST 2014: 80: finished (100ms, 500cycles)
Sun May 18 00:16:14 CEST 2014: 80: No solution found.
Sun May 18 00:16:14 CEST 2014: 81: finished (5ms, 24cycles)
Sun May 18 00:16:14 CEST 2014: 81: Solution found.
Sun May 18 00:16:14 CEST 2014: 82: finished (4ms, 17cycles)
Sun May 18 00:16:14 CEST 2014: 82: Solution found.
Sun May 18 00:16:14 CEST 2014: 83: finished (91ms, 500cycles)
Sun May 18 00:16:14 CEST 2014: 83: No solution found.
Sun May 18 00:16:14 CEST 2014: 84: finished (10ms, 38cycles)
Sun May 18 00:16:14 CEST 2014: 84: Solution found.
Sun May 18 00:16:14 CEST 2014: 85: finished (3ms, 15cycles)
Sun May 18 00:16:14 CEST 2014: 85: Solution found.
Sun May 18 00:16:14 CEST 2014: 86: finished (5ms, 21cycles)
Sun May 18 00:16:14 CEST 2014: 86: Solution found.
Sun May 18 00:16:14 CEST 2014: 87: finished (98ms, 500cycles)
Sun May 18 00:16:14 CEST 2014: 87: No solution found.
Sun May 18 00:16:14 CEST 2014: 88: finished (12ms, 33cycles)
Sun May 18 00:16:14 CEST 2014: 88: Solution found.
Sun May 18 00:16:14 CEST 2014: 89: finished (4ms, 15cycles)
Sun May 18 00:16:14 CEST 2014: 89: Solution found.
Sun May 18 00:16:14 CEST 2014: 90: finished (5ms, 18cycles)
Sun May 18 00:16:14 CEST 2014: 90: Solution found.
Sun May 18 00:16:14 CEST 2014: 91: finished (102ms, 500cycles)
Sun May 18 00:16:14 CEST 2014: 91: No solution found.
Sun May 18 00:16:14 CEST 2014: 92: finished (10ms, 42cycles)
Sun May 18 00:16:14 CEST 2014: 92: Solution found.
Sun May 18 00:16:14 CEST 2014: 93: finished (15ms, 55cycles)
Sun May 18 00:16:14 CEST 2014: 93: Solution found.
Sun May 18 00:16:14 CEST 2014: 94: finished (95ms, 500cycles)
Sun May 18 00:16:14 CEST 2014: 94: No solution found.
Sun May 18 00:16:15 CEST 2014: 95: finished (113ms, 465cycles)
Sun May 18 00:16:15 CEST 2014: 95: Solution found.
Sun May 18 00:16:15 CEST 2014: 96: finished (9ms, 25cycles)
Sun May 18 00:16:15 CEST 2014: 96: Solution found.
Sun May 18 00:16:15 CEST 2014: 97: finished (8ms, 31cycles)
Sun May 18 00:16:15 CEST 2014: 97: Solution found.
Sun May 18 00:16:15 CEST 2014: 98: finished (93ms, 500cycles)
Sun May 18 00:16:15 CEST 2014: 98: No solution found.
Sun May 18 00:16:15 CEST 2014: 99: finished (7ms, 25cycles)
Sun May 18 00:16:15 CEST 2014: 99: Solution found.
Sun May 18 00:16:15 CEST 2014: Solution Found: 59
Sun May 18 00:16:15 CEST 2014: Avg cycles: 44
Sun May 18 00:16:15 CEST 2014: Max cycles: 465
Sun May 18 00:16:15 CEST 2014: Min cycles: 2
Sun May 18 00:16:15 CEST 2014: No solution found: 41
Sun May 18 00:16:15 CEST 2014: logging finished. (runtime: 10267ms)
