Sun May 18 21:59:26 CEST 2014: Problem Count: 30
Sun May 18 21:59:26 CEST 2014: CandidatesCount: 20
Sun May 18 21:59:26 CEST 2014: Max Cycles: 500
Sun May 18 21:59:26 CEST 2014: 0: finished (60ms, 500cycles)
Sun May 18 21:59:26 CEST 2014: 0: No solution found.
Sun May 18 21:59:26 CEST 2014: 1: finished (71ms, 500cycles)
Sun May 18 21:59:26 CEST 2014: 1: No solution found.
Sun May 18 21:59:26 CEST 2014: 2: finished (17ms, 118cycles)
Sun May 18 21:59:26 CEST 2014: 2: Solution found.
Sun May 18 21:59:26 CEST 2014: 3: finished (12ms, 57cycles)
Sun May 18 21:59:26 CEST 2014: 3: Solution found.
Sun May 18 21:59:26 CEST 2014: 4: finished (58ms, 500cycles)
Sun May 18 21:59:26 CEST 2014: 4: No solution found.
Sun May 18 21:59:26 CEST 2014: 5: finished (74ms, 500cycles)
Sun May 18 21:59:26 CEST 2014: 5: No solution found.
Sun May 18 21:59:26 CEST 2014: 6: finished (59ms, 500cycles)
Sun May 18 21:59:26 CEST 2014: 6: No solution found.
Sun May 18 21:59:26 CEST 2014: 7: finished (64ms, 500cycles)
Sun May 18 21:59:26 CEST 2014: 7: No solution found.
Sun May 18 21:59:26 CEST 2014: 8: finished (6ms, 46cycles)
Sun May 18 21:59:26 CEST 2014: 8: Solution found.
Sun May 18 21:59:26 CEST 2014: 9: finished (68ms, 500cycles)
Sun May 18 21:59:26 CEST 2014: 9: No solution found.
Sun May 18 21:59:26 CEST 2014: 10: finished (94ms, 500cycles)
Sun May 18 21:59:26 CEST 2014: 10: No solution found.
Sun May 18 21:59:26 CEST 2014: 11: finished (62ms, 500cycles)
Sun May 18 21:59:26 CEST 2014: 11: No solution found.
Sun May 18 21:59:26 CEST 2014: 12: finished (58ms, 500cycles)
Sun May 18 21:59:26 CEST 2014: 12: No solution found.
Sun May 18 21:59:26 CEST 2014: 13: finished (60ms, 500cycles)
Sun May 18 21:59:26 CEST 2014: 13: No solution found.
Sun May 18 21:59:27 CEST 2014: 14: finished (62ms, 500cycles)
Sun May 18 21:59:27 CEST 2014: 14: No solution found.
Sun May 18 21:59:27 CEST 2014: 15: finished (64ms, 500cycles)
Sun May 18 21:59:27 CEST 2014: 15: No solution found.
Sun May 18 21:59:27 CEST 2014: 16: finished (6ms, 42cycles)
Sun May 18 21:59:27 CEST 2014: 16: Solution found.
Sun May 18 21:59:27 CEST 2014: 17: finished (57ms, 500cycles)
Sun May 18 21:59:27 CEST 2014: 17: No solution found.
Sun May 18 21:59:27 CEST 2014: 18: finished (9ms, 60cycles)
Sun May 18 21:59:27 CEST 2014: 18: Solution found.
Sun May 18 21:59:27 CEST 2014: 19: finished (59ms, 500cycles)
Sun May 18 21:59:27 CEST 2014: 19: No solution found.
Sun May 18 21:59:27 CEST 2014: 20: finished (62ms, 500cycles)
Sun May 18 21:59:27 CEST 2014: 20: No solution found.
Sun May 18 21:59:27 CEST 2014: 21: finished (43ms, 308cycles)
Sun May 18 21:59:27 CEST 2014: 21: Solution found.
Sun May 18 21:59:27 CEST 2014: 22: finished (4ms, 22cycles)
Sun May 18 21:59:27 CEST 2014: 22: Solution found.
Sun May 18 21:59:27 CEST 2014: 23: finished (17ms, 95cycles)
Sun May 18 21:59:27 CEST 2014: 23: Solution found.
Sun May 18 21:59:27 CEST 2014: 24: finished (56ms, 500cycles)
Sun May 18 21:59:27 CEST 2014: 24: No solution found.
Sun May 18 21:59:27 CEST 2014: 25: finished (59ms, 500cycles)
Sun May 18 21:59:27 CEST 2014: 25: No solution found.
Sun May 18 21:59:27 CEST 2014: 26: finished (54ms, 500cycles)
Sun May 18 21:59:27 CEST 2014: 26: No solution found.
Sun May 18 21:59:27 CEST 2014: 27: finished (67ms, 500cycles)
Sun May 18 21:59:27 CEST 2014: 27: No solution found.
Sun May 18 21:59:27 CEST 2014: 28: finished (66ms, 500cycles)
Sun May 18 21:59:27 CEST 2014: 28: No solution found.
Sun May 18 21:59:27 CEST 2014: 29: finished (61ms, 500cycles)
Sun May 18 21:59:27 CEST 2014: 29: No solution found.
Sun May 18 21:59:27 CEST 2014: 30: finished (20ms, 143cycles)
Sun May 18 21:59:27 CEST 2014: 30: Solution found.
Sun May 18 21:59:27 CEST 2014: 31: finished (59ms, 500cycles)
Sun May 18 21:59:27 CEST 2014: 31: No solution found.
Sun May 18 21:59:27 CEST 2014: 32: finished (62ms, 500cycles)
Sun May 18 21:59:27 CEST 2014: 32: No solution found.
Sun May 18 21:59:27 CEST 2014: 33: finished (57ms, 500cycles)
Sun May 18 21:59:27 CEST 2014: 33: No solution found.
Sun May 18 21:59:28 CEST 2014: 34: finished (60ms, 500cycles)
Sun May 18 21:59:28 CEST 2014: 34: No solution found.
Sun May 18 21:59:28 CEST 2014: 35: finished (57ms, 500cycles)
Sun May 18 21:59:28 CEST 2014: 35: No solution found.
Sun May 18 21:59:28 CEST 2014: 36: finished (59ms, 500cycles)
Sun May 18 21:59:28 CEST 2014: 36: No solution found.
Sun May 18 21:59:28 CEST 2014: 37: finished (56ms, 500cycles)
Sun May 18 21:59:28 CEST 2014: 37: No solution found.
Sun May 18 21:59:28 CEST 2014: 38: finished (1ms, 4cycles)
Sun May 18 21:59:28 CEST 2014: 38: Solution found.
Sun May 18 21:59:28 CEST 2014: 39: finished (65ms, 475cycles)
Sun May 18 21:59:28 CEST 2014: 39: Solution found.
Sun May 18 21:59:28 CEST 2014: 40: finished (64ms, 500cycles)
Sun May 18 21:59:28 CEST 2014: 40: No solution found.
Sun May 18 21:59:28 CEST 2014: 41: finished (57ms, 500cycles)
Sun May 18 21:59:28 CEST 2014: 41: No solution found.
Sun May 18 21:59:28 CEST 2014: 42: finished (6ms, 44cycles)
Sun May 18 21:59:28 CEST 2014: 42: Solution found.
Sun May 18 21:59:28 CEST 2014: 43: finished (2ms, 9cycles)
Sun May 18 21:59:28 CEST 2014: 43: Solution found.
Sun May 18 21:59:28 CEST 2014: 44: finished (59ms, 500cycles)
Sun May 18 21:59:28 CEST 2014: 44: No solution found.
Sun May 18 21:59:28 CEST 2014: 45: finished (54ms, 500cycles)
Sun May 18 21:59:28 CEST 2014: 45: No solution found.
Sun May 18 21:59:28 CEST 2014: 46: finished (19ms, 56cycles)
Sun May 18 21:59:28 CEST 2014: 46: Solution found.
Sun May 18 21:59:28 CEST 2014: 47: finished (40ms, 51cycles)
Sun May 18 21:59:28 CEST 2014: 47: Solution found.
Sun May 18 21:59:28 CEST 2014: 48: finished (150ms, 500cycles)
Sun May 18 21:59:28 CEST 2014: 48: No solution found.
Sun May 18 21:59:28 CEST 2014: 49: finished (8ms, 18cycles)
Sun May 18 21:59:28 CEST 2014: 49: Solution found.
Sun May 18 21:59:28 CEST 2014: 50: finished (190ms, 500cycles)
Sun May 18 21:59:28 CEST 2014: 50: No solution found.
Sun May 18 21:59:28 CEST 2014: 51: finished (56ms, 137cycles)
Sun May 18 21:59:28 CEST 2014: 51: Solution found.
Sun May 18 21:59:28 CEST 2014: 52: finished (25ms, 71cycles)
Sun May 18 21:59:28 CEST 2014: 52: Solution found.
Sun May 18 21:59:28 CEST 2014: 53: finished (6ms, 13cycles)
Sun May 18 21:59:28 CEST 2014: 53: Solution found.
Sun May 18 21:59:29 CEST 2014: 54: finished (21ms, 55cycles)
Sun May 18 21:59:29 CEST 2014: 54: Solution found.
Sun May 18 21:59:29 CEST 2014: 55: finished (158ms, 500cycles)
Sun May 18 21:59:29 CEST 2014: 55: No solution found.
Sun May 18 21:59:29 CEST 2014: 56: finished (163ms, 500cycles)
Sun May 18 21:59:29 CEST 2014: 56: No solution found.
Sun May 18 21:59:29 CEST 2014: 57: finished (37ms, 106cycles)
Sun May 18 21:59:29 CEST 2014: 57: Solution found.
Sun May 18 21:59:29 CEST 2014: 58: finished (153ms, 500cycles)
Sun May 18 21:59:29 CEST 2014: 58: No solution found.
Sun May 18 21:59:29 CEST 2014: 59: finished (165ms, 500cycles)
Sun May 18 21:59:29 CEST 2014: 59: No solution found.
Sun May 18 21:59:29 CEST 2014: 60: finished (153ms, 500cycles)
Sun May 18 21:59:29 CEST 2014: 60: No solution found.
Sun May 18 21:59:29 CEST 2014: 61: finished (152ms, 500cycles)
Sun May 18 21:59:29 CEST 2014: 61: No solution found.
Sun May 18 21:59:30 CEST 2014: 62: finished (162ms, 500cycles)
Sun May 18 21:59:30 CEST 2014: 62: No solution found.
Sun May 18 21:59:30 CEST 2014: 63: finished (9ms, 23cycles)
Sun May 18 21:59:30 CEST 2014: 63: Solution found.
Sun May 18 21:59:30 CEST 2014: 64: finished (10ms, 26cycles)
Sun May 18 21:59:30 CEST 2014: 64: Solution found.
Sun May 18 21:59:30 CEST 2014: 65: finished (16ms, 38cycles)
Sun May 18 21:59:30 CEST 2014: 65: Solution found.
Sun May 18 21:59:30 CEST 2014: 66: finished (149ms, 500cycles)
Sun May 18 21:59:30 CEST 2014: 66: No solution found.
Sun May 18 21:59:30 CEST 2014: 67: finished (177ms, 500cycles)
Sun May 18 21:59:30 CEST 2014: 67: No solution found.
Sun May 18 21:59:30 CEST 2014: 68: finished (156ms, 500cycles)
Sun May 18 21:59:30 CEST 2014: 68: No solution found.
Sun May 18 21:59:30 CEST 2014: 69: finished (8ms, 21cycles)
Sun May 18 21:59:30 CEST 2014: 69: Solution found.
Sun May 18 21:59:30 CEST 2014: 70: finished (162ms, 500cycles)
Sun May 18 21:59:30 CEST 2014: 70: No solution found.
Sun May 18 21:59:31 CEST 2014: 71: finished (167ms, 500cycles)
Sun May 18 21:59:31 CEST 2014: 71: No solution found.
Sun May 18 21:59:31 CEST 2014: 72: finished (166ms, 500cycles)
Sun May 18 21:59:31 CEST 2014: 72: No solution found.
Sun May 18 21:59:31 CEST 2014: 73: finished (164ms, 500cycles)
Sun May 18 21:59:31 CEST 2014: 73: No solution found.
Sun May 18 21:59:31 CEST 2014: 74: finished (180ms, 500cycles)
Sun May 18 21:59:31 CEST 2014: 74: No solution found.
Sun May 18 21:59:31 CEST 2014: 75: finished (177ms, 500cycles)
Sun May 18 21:59:31 CEST 2014: 75: No solution found.
Sun May 18 21:59:31 CEST 2014: 76: finished (53ms, 133cycles)
Sun May 18 21:59:31 CEST 2014: 76: Solution found.
Sun May 18 21:59:31 CEST 2014: 77: finished (28ms, 71cycles)
Sun May 18 21:59:31 CEST 2014: 77: Solution found.
Sun May 18 21:59:31 CEST 2014: 78: finished (164ms, 500cycles)
Sun May 18 21:59:31 CEST 2014: 78: No solution found.
Sun May 18 21:59:32 CEST 2014: 79: finished (194ms, 483cycles)
Sun May 18 21:59:32 CEST 2014: 79: Solution found.
Sun May 18 21:59:32 CEST 2014: 80: finished (152ms, 500cycles)
Sun May 18 21:59:32 CEST 2014: 80: No solution found.
Sun May 18 21:59:32 CEST 2014: 81: finished (181ms, 500cycles)
Sun May 18 21:59:32 CEST 2014: 81: No solution found.
Sun May 18 21:59:32 CEST 2014: 82: finished (6ms, 16cycles)
Sun May 18 21:59:32 CEST 2014: 82: Solution found.
Sun May 18 21:59:32 CEST 2014: 83: finished (5ms, 10cycles)
Sun May 18 21:59:32 CEST 2014: 83: Solution found.
Sun May 18 21:59:32 CEST 2014: 84: finished (146ms, 500cycles)
Sun May 18 21:59:32 CEST 2014: 84: No solution found.
Sun May 18 21:59:32 CEST 2014: 85: finished (7ms, 16cycles)
Sun May 18 21:59:32 CEST 2014: 85: Solution found.
Sun May 18 21:59:32 CEST 2014: 86: finished (9ms, 22cycles)
Sun May 18 21:59:32 CEST 2014: 86: Solution found.
Sun May 18 21:59:32 CEST 2014: 87: finished (165ms, 500cycles)
Sun May 18 21:59:32 CEST 2014: 87: No solution found.
Sun May 18 21:59:32 CEST 2014: 88: finished (155ms, 500cycles)
Sun May 18 21:59:32 CEST 2014: 88: No solution found.
Sun May 18 21:59:33 CEST 2014: 89: finished (174ms, 500cycles)
Sun May 18 21:59:33 CEST 2014: 89: No solution found.
Sun May 18 21:59:33 CEST 2014: 90: finished (22ms, 54cycles)
Sun May 18 21:59:33 CEST 2014: 90: Solution found.
Sun May 18 21:59:33 CEST 2014: 91: finished (6ms, 15cycles)
Sun May 18 21:59:33 CEST 2014: 91: Solution found.
Sun May 18 21:59:33 CEST 2014: 92: finished (14ms, 41cycles)
Sun May 18 21:59:33 CEST 2014: 92: Solution found.
Sun May 18 21:59:33 CEST 2014: 93: finished (10ms, 26cycles)
Sun May 18 21:59:33 CEST 2014: 93: Solution found.
Sun May 18 21:59:33 CEST 2014: 94: finished (168ms, 500cycles)
Sun May 18 21:59:33 CEST 2014: 94: No solution found.
Sun May 18 21:59:33 CEST 2014: 95: finished (154ms, 500cycles)
Sun May 18 21:59:33 CEST 2014: 95: No solution found.
Sun May 18 21:59:33 CEST 2014: 96: finished (156ms, 500cycles)
Sun May 18 21:59:33 CEST 2014: 96: No solution found.
Sun May 18 21:59:33 CEST 2014: 97: finished (174ms, 500cycles)
Sun May 18 21:59:33 CEST 2014: 97: No solution found.
Sun May 18 21:59:33 CEST 2014: 98: finished (16ms, 42cycles)
Sun May 18 21:59:33 CEST 2014: 98: Solution found.
Sun May 18 21:59:34 CEST 2014: 99: finished (157ms, 500cycles)
Sun May 18 21:59:34 CEST 2014: 99: No solution found.
Sun May 18 21:59:34 CEST 2014: Solution Found: 37
Sun May 18 21:59:34 CEST 2014: Avg cycles: 80
Sun May 18 21:59:34 CEST 2014: Max cycles: 483
Sun May 18 21:59:34 CEST 2014: Min cycles: 4
Sun May 18 21:59:34 CEST 2014: No solution found: 63
Sun May 18 21:59:34 CEST 2014: logging finished. (runtime: 7778ms)
