Tue May 06 12:09:57 CEST 2014: Problem Count: 10
Tue May 06 12:09:57 CEST 2014: CandidatesCount: 20
Tue May 06 12:09:57 CEST 2014: Max Cycles: 500
Tue May 06 12:09:57 CEST 2014: 0: finished (5ms, 62cycles)
Tue May 06 12:09:57 CEST 2014: 0: Solution found.
Tue May 06 12:09:57 CEST 2014: 1: finished (197ms, 500cycles)
Tue May 06 12:09:57 CEST 2014: 1: No solution found.
Tue May 06 12:09:57 CEST 2014: 2: finished (90ms, 500cycles)
Tue May 06 12:09:57 CEST 2014: 2: No solution found.
Tue May 06 12:09:57 CEST 2014: 3: finished (0ms, 7cycles)
Tue May 06 12:09:57 CEST 2014: 3: Solution found.
Tue May 06 12:09:57 CEST 2014: 4: finished (18ms, 500cycles)
Tue May 06 12:09:57 CEST 2014: 4: No solution found.
Tue May 06 12:09:57 CEST 2014: 5: finished (178ms, 500cycles)
Tue May 06 12:09:57 CEST 2014: 5: No solution found.
Tue May 06 12:09:57 CEST 2014: 6: finished (2ms, 10cycles)
Tue May 06 12:09:57 CEST 2014: 6: Solution found.
Tue May 06 12:09:57 CEST 2014: 7: finished (20ms, 500cycles)
Tue May 06 12:09:57 CEST 2014: 7: No solution found.
Tue May 06 12:09:57 CEST 2014: 8: finished (20ms, 500cycles)
Tue May 06 12:09:57 CEST 2014: 8: No solution found.
Tue May 06 12:09:57 CEST 2014: 9: finished (18ms, 500cycles)
Tue May 06 12:09:57 CEST 2014: 9: No solution found.
Tue May 06 12:09:57 CEST 2014: 10: finished (4ms, 86cycles)
Tue May 06 12:09:57 CEST 2014: 10: Solution found.
Tue May 06 12:09:57 CEST 2014: 11: finished (26ms, 500cycles)
Tue May 06 12:09:57 CEST 2014: 11: No solution found.
Tue May 06 12:09:57 CEST 2014: 12: finished (110ms, 500cycles)
Tue May 06 12:09:57 CEST 2014: 12: No solution found.
Tue May 06 12:09:57 CEST 2014: 13: finished (84ms, 500cycles)
Tue May 06 12:09:57 CEST 2014: 13: No solution found.
Tue May 06 12:09:58 CEST 2014: 14: finished (24ms, 500cycles)
Tue May 06 12:09:58 CEST 2014: 14: No solution found.
Tue May 06 12:09:58 CEST 2014: 15: finished (19ms, 500cycles)
Tue May 06 12:09:58 CEST 2014: 15: No solution found.
Tue May 06 12:09:58 CEST 2014: 16: finished (123ms, 500cycles)
Tue May 06 12:09:58 CEST 2014: 16: No solution found.
Tue May 06 12:09:58 CEST 2014: 17: finished (74ms, 500cycles)
Tue May 06 12:09:58 CEST 2014: 17: No solution found.
Tue May 06 12:09:58 CEST 2014: 18: finished (19ms, 500cycles)
Tue May 06 12:09:58 CEST 2014: 18: No solution found.
Tue May 06 12:09:58 CEST 2014: 19: finished (9ms, 48cycles)
Tue May 06 12:09:58 CEST 2014: 19: Solution found.
Tue May 06 12:09:58 CEST 2014: 20: finished (129ms, 500cycles)
Tue May 06 12:09:58 CEST 2014: 20: No solution found.
Tue May 06 12:09:58 CEST 2014: 21: finished (155ms, 500cycles)
Tue May 06 12:09:58 CEST 2014: 21: No solution found.
Tue May 06 12:09:58 CEST 2014: 22: finished (2ms, 23cycles)
Tue May 06 12:09:58 CEST 2014: 22: Solution found.
Tue May 06 12:09:58 CEST 2014: 23: finished (138ms, 500cycles)
Tue May 06 12:09:58 CEST 2014: 23: No solution found.
Tue May 06 12:09:58 CEST 2014: 24: finished (23ms, 500cycles)
Tue May 06 12:09:58 CEST 2014: 24: No solution found.
Tue May 06 12:09:58 CEST 2014: 25: finished (184ms, 500cycles)
Tue May 06 12:09:58 CEST 2014: 25: No solution found.
Tue May 06 12:09:59 CEST 2014: 26: finished (180ms, 500cycles)
Tue May 06 12:09:59 CEST 2014: 26: No solution found.
Tue May 06 12:09:59 CEST 2014: 27: finished (23ms, 500cycles)
Tue May 06 12:09:59 CEST 2014: 27: No solution found.
Tue May 06 12:09:59 CEST 2014: 28: finished (17ms, 500cycles)
Tue May 06 12:09:59 CEST 2014: 28: No solution found.
Tue May 06 12:09:59 CEST 2014: 29: finished (110ms, 500cycles)
Tue May 06 12:09:59 CEST 2014: 29: No solution found.
Tue May 06 12:09:59 CEST 2014: 30: finished (165ms, 500cycles)
Tue May 06 12:09:59 CEST 2014: 30: No solution found.
Tue May 06 12:09:59 CEST 2014: 31: finished (29ms, 500cycles)
Tue May 06 12:09:59 CEST 2014: 31: No solution found.
Tue May 06 12:09:59 CEST 2014: 32: finished (23ms, 500cycles)
Tue May 06 12:09:59 CEST 2014: 32: No solution found.
Tue May 06 12:09:59 CEST 2014: 33: finished (153ms, 500cycles)
Tue May 06 12:09:59 CEST 2014: 33: No solution found.
Tue May 06 12:09:59 CEST 2014: 34: finished (186ms, 500cycles)
Tue May 06 12:09:59 CEST 2014: 34: No solution found.
Tue May 06 12:09:59 CEST 2014: 35: finished (17ms, 500cycles)
Tue May 06 12:09:59 CEST 2014: 35: No solution found.
Tue May 06 12:09:59 CEST 2014: 36: finished (25ms, 500cycles)
Tue May 06 12:09:59 CEST 2014: 36: No solution found.
Tue May 06 12:09:59 CEST 2014: 37: finished (6ms, 84cycles)
Tue May 06 12:09:59 CEST 2014: 37: Solution found.
Tue May 06 12:09:59 CEST 2014: 38: finished (19ms, 500cycles)
Tue May 06 12:09:59 CEST 2014: 38: No solution found.
Tue May 06 12:09:59 CEST 2014: 39: finished (27ms, 500cycles)
Tue May 06 12:09:59 CEST 2014: 39: No solution found.
Tue May 06 12:09:59 CEST 2014: 40: finished (27ms, 335cycles)
Tue May 06 12:09:59 CEST 2014: 40: Solution found.
Tue May 06 12:09:59 CEST 2014: 41: finished (77ms, 500cycles)
Tue May 06 12:09:59 CEST 2014: 41: No solution found.
Tue May 06 12:09:59 CEST 2014: 42: finished (18ms, 500cycles)
Tue May 06 12:09:59 CEST 2014: 42: No solution found.
Tue May 06 12:10:00 CEST 2014: 43: finished (104ms, 500cycles)
Tue May 06 12:10:00 CEST 2014: 43: No solution found.
Tue May 06 12:10:00 CEST 2014: 44: finished (7ms, 134cycles)
Tue May 06 12:10:00 CEST 2014: 44: Solution found.
Tue May 06 12:10:00 CEST 2014: 45: finished (21ms, 500cycles)
Tue May 06 12:10:00 CEST 2014: 45: No solution found.
Tue May 06 12:10:00 CEST 2014: 46: finished (2ms, 8cycles)
Tue May 06 12:10:00 CEST 2014: 46: Solution found.
Tue May 06 12:10:00 CEST 2014: 47: finished (23ms, 500cycles)
Tue May 06 12:10:00 CEST 2014: 47: No solution found.
Tue May 06 12:10:00 CEST 2014: 48: finished (26ms, 500cycles)
Tue May 06 12:10:00 CEST 2014: 48: No solution found.
Tue May 06 12:10:00 CEST 2014: 49: finished (96ms, 500cycles)
Tue May 06 12:10:00 CEST 2014: 49: No solution found.
Tue May 06 12:10:00 CEST 2014: 50: finished (87ms, 500cycles)
Tue May 06 12:10:00 CEST 2014: 50: No solution found.
Tue May 06 12:10:00 CEST 2014: 51: finished (10ms, 126cycles)
Tue May 06 12:10:00 CEST 2014: 51: Solution found.
Tue May 06 12:10:00 CEST 2014: 52: finished (73ms, 500cycles)
Tue May 06 12:10:00 CEST 2014: 52: No solution found.
Tue May 06 12:10:00 CEST 2014: 53: finished (17ms, 500cycles)
Tue May 06 12:10:00 CEST 2014: 53: No solution found.
Tue May 06 12:10:00 CEST 2014: 54: finished (15ms, 500cycles)
Tue May 06 12:10:00 CEST 2014: 54: No solution found.
Tue May 06 12:10:00 CEST 2014: 55: finished (1ms, 27cycles)
Tue May 06 12:10:00 CEST 2014: 55: Solution found.
Tue May 06 12:10:00 CEST 2014: 56: finished (19ms, 500cycles)
Tue May 06 12:10:00 CEST 2014: 56: No solution found.
Tue May 06 12:10:00 CEST 2014: 57: finished (1ms, 10cycles)
Tue May 06 12:10:00 CEST 2014: 57: Solution found.
Tue May 06 12:10:00 CEST 2014: 58: finished (98ms, 500cycles)
Tue May 06 12:10:00 CEST 2014: 58: No solution found.
Tue May 06 12:10:00 CEST 2014: 59: finished (13ms, 68cycles)
Tue May 06 12:10:00 CEST 2014: 59: Solution found.
Tue May 06 12:10:00 CEST 2014: 60: finished (85ms, 500cycles)
Tue May 06 12:10:00 CEST 2014: 60: No solution found.
Tue May 06 12:10:00 CEST 2014: 61: finished (19ms, 500cycles)
Tue May 06 12:10:00 CEST 2014: 61: No solution found.
Tue May 06 12:10:00 CEST 2014: 62: finished (9ms, 213cycles)
Tue May 06 12:10:00 CEST 2014: 62: Solution found.
Tue May 06 12:10:00 CEST 2014: 63: finished (24ms, 500cycles)
Tue May 06 12:10:00 CEST 2014: 63: No solution found.
Tue May 06 12:10:00 CEST 2014: 64: finished (117ms, 500cycles)
Tue May 06 12:10:00 CEST 2014: 64: No solution found.
Tue May 06 12:10:00 CEST 2014: 65: finished (21ms, 500cycles)
Tue May 06 12:10:00 CEST 2014: 65: No solution found.
Tue May 06 12:10:00 CEST 2014: 66: finished (84ms, 500cycles)
Tue May 06 12:10:00 CEST 2014: 66: No solution found.
Tue May 06 12:10:01 CEST 2014: 67: finished (129ms, 500cycles)
Tue May 06 12:10:01 CEST 2014: 67: No solution found.
Tue May 06 12:10:01 CEST 2014: 68: finished (55ms, 500cycles)
Tue May 06 12:10:01 CEST 2014: 68: No solution found.
Tue May 06 12:10:01 CEST 2014: 69: finished (22ms, 500cycles)
Tue May 06 12:10:01 CEST 2014: 69: No solution found.
Tue May 06 12:10:01 CEST 2014: 70: finished (104ms, 500cycles)
Tue May 06 12:10:01 CEST 2014: 70: No solution found.
Tue May 06 12:10:01 CEST 2014: 71: finished (2ms, 18cycles)
Tue May 06 12:10:01 CEST 2014: 71: Solution found.
Tue May 06 12:10:01 CEST 2014: 72: finished (84ms, 361cycles)
Tue May 06 12:10:01 CEST 2014: 72: Solution found.
Tue May 06 12:10:01 CEST 2014: 73: finished (19ms, 500cycles)
Tue May 06 12:10:01 CEST 2014: 73: No solution found.
Tue May 06 12:10:01 CEST 2014: 74: finished (107ms, 500cycles)
Tue May 06 12:10:01 CEST 2014: 74: No solution found.
Tue May 06 12:10:01 CEST 2014: 75: finished (15ms, 90cycles)
Tue May 06 12:10:01 CEST 2014: 75: Solution found.
Tue May 06 12:10:01 CEST 2014: 76: finished (130ms, 500cycles)
Tue May 06 12:10:01 CEST 2014: 76: No solution found.
Tue May 06 12:10:01 CEST 2014: 77: finished (2ms, 21cycles)
Tue May 06 12:10:01 CEST 2014: 77: Solution found.
Tue May 06 12:10:01 CEST 2014: 78: finished (131ms, 500cycles)
Tue May 06 12:10:01 CEST 2014: 78: No solution found.
Tue May 06 12:10:01 CEST 2014: 79: finished (44ms, 148cycles)
Tue May 06 12:10:01 CEST 2014: 79: Solution found.
Tue May 06 12:10:01 CEST 2014: 80: finished (184ms, 500cycles)
Tue May 06 12:10:01 CEST 2014: 80: No solution found.
Tue May 06 12:10:02 CEST 2014: 81: finished (105ms, 500cycles)
Tue May 06 12:10:02 CEST 2014: 81: No solution found.
Tue May 06 12:10:02 CEST 2014: 82: finished (42ms, 440cycles)
Tue May 06 12:10:02 CEST 2014: 82: Solution found.
Tue May 06 12:10:02 CEST 2014: 83: finished (199ms, 500cycles)
Tue May 06 12:10:02 CEST 2014: 83: No solution found.
Tue May 06 12:10:02 CEST 2014: 84: finished (83ms, 500cycles)
Tue May 06 12:10:02 CEST 2014: 84: No solution found.
Tue May 06 12:10:02 CEST 2014: 85: finished (190ms, 500cycles)
Tue May 06 12:10:02 CEST 2014: 85: No solution found.
Tue May 06 12:10:02 CEST 2014: 86: finished (20ms, 500cycles)
Tue May 06 12:10:02 CEST 2014: 86: No solution found.
Tue May 06 12:10:02 CEST 2014: 87: finished (146ms, 500cycles)
Tue May 06 12:10:02 CEST 2014: 87: No solution found.
Tue May 06 12:10:02 CEST 2014: 88: finished (114ms, 500cycles)
Tue May 06 12:10:02 CEST 2014: 88: No solution found.
Tue May 06 12:10:03 CEST 2014: 89: finished (174ms, 500cycles)
Tue May 06 12:10:03 CEST 2014: 89: No solution found.
Tue May 06 12:10:03 CEST 2014: 90: finished (33ms, 114cycles)
Tue May 06 12:10:03 CEST 2014: 90: Solution found.
Tue May 06 12:10:03 CEST 2014: 91: finished (19ms, 500cycles)
Tue May 06 12:10:03 CEST 2014: 91: No solution found.
Tue May 06 12:10:03 CEST 2014: 92: finished (91ms, 500cycles)
Tue May 06 12:10:03 CEST 2014: 92: No solution found.
Tue May 06 12:10:03 CEST 2014: 93: finished (91ms, 500cycles)
Tue May 06 12:10:03 CEST 2014: 93: No solution found.
Tue May 06 12:10:03 CEST 2014: 94: finished (0ms, 2cycles)
Tue May 06 12:10:03 CEST 2014: 94: Solution found.
Tue May 06 12:10:03 CEST 2014: 95: finished (73ms, 500cycles)
Tue May 06 12:10:03 CEST 2014: 95: No solution found.
Tue May 06 12:10:03 CEST 2014: 96: finished (2ms, 16cycles)
Tue May 06 12:10:03 CEST 2014: 96: Solution found.
Tue May 06 12:10:03 CEST 2014: 97: finished (24ms, 500cycles)
Tue May 06 12:10:03 CEST 2014: 97: No solution found.
Tue May 06 12:10:03 CEST 2014: 98: finished (24ms, 500cycles)
Tue May 06 12:10:03 CEST 2014: 98: No solution found.
Tue May 06 12:10:03 CEST 2014: 99: finished (7ms, 34cycles)
Tue May 06 12:10:03 CEST 2014: 99: Solution found.
Tue May 06 12:10:03 CEST 2014: Solution Found: 25
Tue May 06 12:10:03 CEST 2014: Avg cycles: 99
Tue May 06 12:10:03 CEST 2014: Max cycles: 440
Tue May 06 12:10:03 CEST 2014: Min cycles: 2
Tue May 06 12:10:03 CEST 2014: No solution found: 75
Tue May 06 12:10:03 CEST 2014: logging finished. (runtime: 6233ms)
