Sun May 18 21:02:26 CEST 2014: Problem Count: 50
Sun May 18 21:02:26 CEST 2014: CandidatesCount: 40
Sun May 18 21:02:26 CEST 2014: Max Cycles: 500
Sun May 18 21:02:26 CEST 2014: 0: finished (10ms, 20cycles)
Sun May 18 21:02:26 CEST 2014: 0: Solution found.
Sun May 18 21:02:26 CEST 2014: 1: finished (209ms, 500cycles)
Sun May 18 21:02:26 CEST 2014: 1: No solution found.
Sun May 18 21:02:26 CEST 2014: 2: finished (7ms, 14cycles)
Sun May 18 21:02:26 CEST 2014: 2: Solution found.
Sun May 18 21:02:26 CEST 2014: 3: finished (6ms, 11cycles)
Sun May 18 21:02:26 CEST 2014: 3: Solution found.
Sun May 18 21:02:26 CEST 2014: 4: finished (226ms, 500cycles)
Sun May 18 21:02:26 CEST 2014: 4: No solution found.
Sun May 18 21:02:26 CEST 2014: 5: finished (11ms, 23cycles)
Sun May 18 21:02:26 CEST 2014: 5: Solution found.
Sun May 18 21:02:26 CEST 2014: 6: finished (3ms, 5cycles)
Sun May 18 21:02:26 CEST 2014: 6: Solution found.
Sun May 18 21:02:26 CEST 2014: 7: finished (4ms, 8cycles)
Sun May 18 21:02:26 CEST 2014: 7: Solution found.
Sun May 18 21:02:27 CEST 2014: 8: finished (226ms, 500cycles)
Sun May 18 21:02:27 CEST 2014: 8: No solution found.
Sun May 18 21:02:27 CEST 2014: 9: finished (234ms, 500cycles)
Sun May 18 21:02:27 CEST 2014: 9: No solution found.
Sun May 18 21:02:27 CEST 2014: 10: finished (23ms, 52cycles)
Sun May 18 21:02:27 CEST 2014: 10: Solution found.
Sun May 18 21:02:27 CEST 2014: 11: finished (216ms, 500cycles)
Sun May 18 21:02:27 CEST 2014: 11: No solution found.
Sun May 18 21:02:27 CEST 2014: 12: finished (223ms, 500cycles)
Sun May 18 21:02:27 CEST 2014: 12: No solution found.
Sun May 18 21:02:27 CEST 2014: 13: finished (21ms, 42cycles)
Sun May 18 21:02:27 CEST 2014: 13: Solution found.
Sun May 18 21:02:28 CEST 2014: 14: finished (220ms, 500cycles)
Sun May 18 21:02:28 CEST 2014: 14: No solution found.
Sun May 18 21:02:28 CEST 2014: 15: finished (2ms, 2cycles)
Sun May 18 21:02:28 CEST 2014: 15: Solution found.
Sun May 18 21:02:28 CEST 2014: 16: finished (240ms, 500cycles)
Sun May 18 21:02:28 CEST 2014: 16: No solution found.
Sun May 18 21:02:28 CEST 2014: 17: finished (247ms, 500cycles)
Sun May 18 21:02:28 CEST 2014: 17: No solution found.
Sun May 18 21:02:28 CEST 2014: 18: finished (15ms, 31cycles)
Sun May 18 21:02:28 CEST 2014: 18: Solution found.
Sun May 18 21:02:28 CEST 2014: 19: finished (18ms, 37cycles)
Sun May 18 21:02:28 CEST 2014: 19: Solution found.
Sun May 18 21:02:28 CEST 2014: 20: finished (255ms, 500cycles)
Sun May 18 21:02:28 CEST 2014: 20: No solution found.
Sun May 18 21:02:29 CEST 2014: 21: finished (235ms, 500cycles)
Sun May 18 21:02:29 CEST 2014: 21: No solution found.
Sun May 18 21:02:29 CEST 2014: 22: finished (11ms, 9cycles)
Sun May 18 21:02:29 CEST 2014: 22: Solution found.
Sun May 18 21:02:29 CEST 2014: 23: finished (253ms, 500cycles)
Sun May 18 21:02:29 CEST 2014: 23: No solution found.
Sun May 18 21:02:29 CEST 2014: 24: finished (242ms, 500cycles)
Sun May 18 21:02:29 CEST 2014: 24: No solution found.
Sun May 18 21:02:29 CEST 2014: 25: finished (227ms, 500cycles)
Sun May 18 21:02:29 CEST 2014: 25: No solution found.
Sun May 18 21:02:29 CEST 2014: 26: finished (88ms, 184cycles)
Sun May 18 21:02:29 CEST 2014: 26: Solution found.
Sun May 18 21:02:30 CEST 2014: 27: finished (227ms, 500cycles)
Sun May 18 21:02:30 CEST 2014: 27: No solution found.
Sun May 18 21:02:30 CEST 2014: 28: finished (10ms, 19cycles)
Sun May 18 21:02:30 CEST 2014: 28: Solution found.
Sun May 18 21:02:30 CEST 2014: 29: finished (21ms, 21cycles)
Sun May 18 21:02:30 CEST 2014: 29: Solution found.
Sun May 18 21:02:30 CEST 2014: 30: finished (25ms, 51cycles)
Sun May 18 21:02:30 CEST 2014: 30: Solution found.
Sun May 18 21:02:30 CEST 2014: 31: finished (228ms, 500cycles)
Sun May 18 21:02:30 CEST 2014: 31: No solution found.
Sun May 18 21:02:30 CEST 2014: 32: finished (12ms, 25cycles)
Sun May 18 21:02:30 CEST 2014: 32: Solution found.
Sun May 18 21:02:30 CEST 2014: 33: finished (8ms, 16cycles)
Sun May 18 21:02:30 CEST 2014: 33: Solution found.
Sun May 18 21:02:30 CEST 2014: 34: finished (245ms, 500cycles)
Sun May 18 21:02:30 CEST 2014: 34: No solution found.
Sun May 18 21:02:30 CEST 2014: 35: finished (21ms, 40cycles)
Sun May 18 21:02:30 CEST 2014: 35: Solution found.
Sun May 18 21:02:30 CEST 2014: 36: finished (5ms, 9cycles)
Sun May 18 21:02:30 CEST 2014: 36: Solution found.
Sun May 18 21:02:30 CEST 2014: 37: finished (4ms, 8cycles)
Sun May 18 21:02:30 CEST 2014: 37: Solution found.
Sun May 18 21:02:30 CEST 2014: 38: finished (232ms, 500cycles)
Sun May 18 21:02:30 CEST 2014: 38: No solution found.
Sun May 18 21:02:30 CEST 2014: 39: finished (7ms, 13cycles)
Sun May 18 21:02:30 CEST 2014: 39: Solution found.
Sun May 18 21:02:31 CEST 2014: 40: finished (228ms, 500cycles)
Sun May 18 21:02:31 CEST 2014: 40: No solution found.
Sun May 18 21:02:31 CEST 2014: 41: finished (14ms, 27cycles)
Sun May 18 21:02:31 CEST 2014: 41: Solution found.
Sun May 18 21:02:31 CEST 2014: 42: finished (14ms, 26cycles)
Sun May 18 21:02:31 CEST 2014: 42: Solution found.
Sun May 18 21:02:31 CEST 2014: 43: finished (247ms, 500cycles)
Sun May 18 21:02:31 CEST 2014: 43: No solution found.
Sun May 18 21:02:31 CEST 2014: 44: finished (228ms, 500cycles)
Sun May 18 21:02:31 CEST 2014: 44: No solution found.
Sun May 18 21:02:31 CEST 2014: 45: finished (224ms, 500cycles)
Sun May 18 21:02:31 CEST 2014: 45: No solution found.
Sun May 18 21:02:32 CEST 2014: 46: finished (238ms, 500cycles)
Sun May 18 21:02:32 CEST 2014: 46: No solution found.
Sun May 18 21:02:32 CEST 2014: 47: finished (2ms, 2cycles)
Sun May 18 21:02:32 CEST 2014: 47: Solution found.
Sun May 18 21:02:32 CEST 2014: 48: finished (248ms, 500cycles)
Sun May 18 21:02:32 CEST 2014: 48: No solution found.
Sun May 18 21:02:32 CEST 2014: 49: finished (221ms, 500cycles)
Sun May 18 21:02:32 CEST 2014: 49: No solution found.
Sun May 18 21:02:32 CEST 2014: 50: finished (234ms, 500cycles)
Sun May 18 21:02:32 CEST 2014: 50: No solution found.
Sun May 18 21:02:32 CEST 2014: 51: finished (8ms, 15cycles)
Sun May 18 21:02:32 CEST 2014: 51: Solution found.
Sun May 18 21:02:33 CEST 2014: 52: finished (235ms, 500cycles)
Sun May 18 21:02:33 CEST 2014: 52: No solution found.
Sun May 18 21:02:33 CEST 2014: 53: finished (234ms, 500cycles)
Sun May 18 21:02:33 CEST 2014: 53: No solution found.
Sun May 18 21:02:33 CEST 2014: 54: finished (15ms, 29cycles)
Sun May 18 21:02:33 CEST 2014: 54: Solution found.
Sun May 18 21:02:33 CEST 2014: 55: finished (5ms, 9cycles)
Sun May 18 21:02:33 CEST 2014: 55: Solution found.
Sun May 18 21:02:33 CEST 2014: 56: finished (227ms, 500cycles)
Sun May 18 21:02:33 CEST 2014: 56: No solution found.
Sun May 18 21:02:33 CEST 2014: 57: finished (10ms, 19cycles)
Sun May 18 21:02:33 CEST 2014: 57: Solution found.
Sun May 18 21:02:33 CEST 2014: 58: finished (241ms, 500cycles)
Sun May 18 21:02:33 CEST 2014: 58: No solution found.
Sun May 18 21:02:34 CEST 2014: 59: finished (233ms, 500cycles)
Sun May 18 21:02:34 CEST 2014: 59: No solution found.
Sun May 18 21:02:34 CEST 2014: 60: finished (15ms, 27cycles)
Sun May 18 21:02:34 CEST 2014: 60: Solution found.
Sun May 18 21:02:34 CEST 2014: 61: finished (230ms, 500cycles)
Sun May 18 21:02:34 CEST 2014: 61: No solution found.
Sun May 18 21:02:34 CEST 2014: 62: finished (14ms, 27cycles)
Sun May 18 21:02:34 CEST 2014: 62: Solution found.
Sun May 18 21:02:34 CEST 2014: 63: finished (9ms, 18cycles)
Sun May 18 21:02:34 CEST 2014: 63: Solution found.
Sun May 18 21:02:34 CEST 2014: 64: finished (231ms, 500cycles)
Sun May 18 21:02:34 CEST 2014: 64: No solution found.
Sun May 18 21:02:35 CEST 2014: 65: finished (444ms, 500cycles)
Sun May 18 21:02:35 CEST 2014: 65: No solution found.
Sun May 18 21:02:35 CEST 2014: 66: finished (20ms, 13cycles)
Sun May 18 21:02:35 CEST 2014: 66: Solution found.
Sun May 18 21:02:35 CEST 2014: 67: finished (582ms, 500cycles)
Sun May 18 21:02:35 CEST 2014: 67: No solution found.
Sun May 18 21:02:35 CEST 2014: 68: finished (3ms, 1cycles)
Sun May 18 21:02:35 CEST 2014: 68: Solution found.
Sun May 18 21:02:36 CEST 2014: 69: finished (627ms, 500cycles)
Sun May 18 21:02:36 CEST 2014: 69: No solution found.
Sun May 18 21:02:36 CEST 2014: 70: finished (21ms, 14cycles)
Sun May 18 21:02:36 CEST 2014: 70: Solution found.
Sun May 18 21:02:36 CEST 2014: 71: finished (12ms, 8cycles)
Sun May 18 21:02:36 CEST 2014: 71: Solution found.
Sun May 18 21:02:36 CEST 2014: 72: finished (425ms, 500cycles)
Sun May 18 21:02:36 CEST 2014: 72: No solution found.
Sun May 18 21:02:36 CEST 2014: 73: finished (28ms, 21cycles)
Sun May 18 21:02:36 CEST 2014: 73: Solution found.
Sun May 18 21:02:36 CEST 2014: 74: finished (9ms, 6cycles)
Sun May 18 21:02:36 CEST 2014: 74: Solution found.
Sun May 18 21:02:36 CEST 2014: 75: finished (15ms, 10cycles)
Sun May 18 21:02:36 CEST 2014: 75: Solution found.
Sun May 18 21:02:37 CEST 2014: 76: finished (450ms, 500cycles)
Sun May 18 21:02:37 CEST 2014: 76: No solution found.
Sun May 18 21:02:37 CEST 2014: 77: finished (38ms, 29cycles)
Sun May 18 21:02:37 CEST 2014: 77: Solution found.
Sun May 18 21:02:37 CEST 2014: 78: finished (588ms, 500cycles)
Sun May 18 21:02:37 CEST 2014: 78: No solution found.
Sun May 18 21:02:37 CEST 2014: 79: finished (28ms, 18cycles)
Sun May 18 21:02:37 CEST 2014: 79: Solution found.
Sun May 18 21:02:37 CEST 2014: 80: finished (79ms, 59cycles)
Sun May 18 21:02:37 CEST 2014: 80: Solution found.
Sun May 18 21:02:38 CEST 2014: 81: finished (608ms, 500cycles)
Sun May 18 21:02:38 CEST 2014: 81: No solution found.
Sun May 18 21:02:38 CEST 2014: 82: finished (170ms, 179cycles)
Sun May 18 21:02:38 CEST 2014: 82: Solution found.
Sun May 18 21:02:39 CEST 2014: 83: finished (294ms, 500cycles)
Sun May 18 21:02:39 CEST 2014: 83: No solution found.
Sun May 18 21:02:39 CEST 2014: 84: finished (219ms, 500cycles)
Sun May 18 21:02:39 CEST 2014: 84: No solution found.
Sun May 18 21:02:39 CEST 2014: 85: finished (223ms, 500cycles)
Sun May 18 21:02:39 CEST 2014: 85: No solution found.
Sun May 18 21:02:39 CEST 2014: 86: finished (6ms, 10cycles)
Sun May 18 21:02:39 CEST 2014: 86: Solution found.
Sun May 18 21:02:39 CEST 2014: 87: finished (219ms, 500cycles)
Sun May 18 21:02:39 CEST 2014: 87: No solution found.
Sun May 18 21:02:39 CEST 2014: 88: finished (231ms, 500cycles)
Sun May 18 21:02:39 CEST 2014: 88: No solution found.
Sun May 18 21:02:39 CEST 2014: 89: finished (3ms, 2cycles)
Sun May 18 21:02:39 CEST 2014: 89: Solution found.
Sun May 18 21:02:39 CEST 2014: 90: finished (13ms, 25cycles)
Sun May 18 21:02:39 CEST 2014: 90: Solution found.
Sun May 18 21:02:39 CEST 2014: 91: finished (12ms, 24cycles)
Sun May 18 21:02:39 CEST 2014: 91: Solution found.
Sun May 18 21:02:40 CEST 2014: 92: finished (226ms, 500cycles)
Sun May 18 21:02:40 CEST 2014: 92: No solution found.
Sun May 18 21:02:40 CEST 2014: 93: finished (241ms, 500cycles)
Sun May 18 21:02:40 CEST 2014: 93: No solution found.
Sun May 18 21:02:40 CEST 2014: 94: finished (7ms, 13cycles)
Sun May 18 21:02:40 CEST 2014: 94: Solution found.
Sun May 18 21:02:40 CEST 2014: 95: finished (10ms, 20cycles)
Sun May 18 21:02:40 CEST 2014: 95: Solution found.
Sun May 18 21:02:40 CEST 2014: 96: finished (10ms, 19cycles)
Sun May 18 21:02:40 CEST 2014: 96: Solution found.
Sun May 18 21:02:40 CEST 2014: 97: finished (35ms, 73cycles)
Sun May 18 21:02:40 CEST 2014: 97: Solution found.
Sun May 18 21:02:40 CEST 2014: 98: finished (215ms, 500cycles)
Sun May 18 21:02:40 CEST 2014: 98: No solution found.
Sun May 18 21:02:40 CEST 2014: 99: finished (251ms, 500cycles)
Sun May 18 21:02:40 CEST 2014: 99: No solution found.
Sun May 18 21:02:40 CEST 2014: Solution Found: 51
Sun May 18 21:02:40 CEST 2014: Avg cycles: 27
Sun May 18 21:02:40 CEST 2014: Max cycles: 184
Sun May 18 21:02:40 CEST 2014: Min cycles: 1
Sun May 18 21:02:40 CEST 2014: No solution found: 49
Sun May 18 21:02:40 CEST 2014: logging finished. (runtime: 14497ms)
