Sun May 18 21:28:04 CEST 2014: Problem Count: 50
Sun May 18 21:28:04 CEST 2014: CandidatesCount: 50
Sun May 18 21:28:04 CEST 2014: Max Cycles: 500
Sun May 18 21:28:04 CEST 2014: 0: finished (6ms, 9cycles)
Sun May 18 21:28:04 CEST 2014: 0: Solution found.
Sun May 18 21:28:04 CEST 2014: 1: finished (8ms, 12cycles)
Sun May 18 21:28:04 CEST 2014: 1: Solution found.
Sun May 18 21:28:04 CEST 2014: 2: finished (18ms, 29cycles)
Sun May 18 21:28:04 CEST 2014: 2: Solution found.
Sun May 18 21:28:04 CEST 2014: 3: finished (42ms, 57cycles)
Sun May 18 21:28:04 CEST 2014: 3: Solution found.
Sun May 18 21:28:04 CEST 2014: 4: finished (2ms, 2cycles)
Sun May 18 21:28:04 CEST 2014: 4: Solution found.
Sun May 18 21:28:04 CEST 2014: 5: finished (305ms, 500cycles)
Sun May 18 21:28:04 CEST 2014: 5: No solution found.
Sun May 18 21:28:04 CEST 2014: 6: finished (9ms, 12cycles)
Sun May 18 21:28:04 CEST 2014: 6: Solution found.
Sun May 18 21:28:04 CEST 2014: 7: finished (18ms, 30cycles)
Sun May 18 21:28:04 CEST 2014: 7: Solution found.
Sun May 18 21:28:04 CEST 2014: 8: finished (309ms, 500cycles)
Sun May 18 21:28:04 CEST 2014: 8: No solution found.
Sun May 18 21:28:04 CEST 2014: 9: finished (19ms, 32cycles)
Sun May 18 21:28:04 CEST 2014: 9: Solution found.
Sun May 18 21:28:04 CEST 2014: 10: finished (23ms, 33cycles)
Sun May 18 21:28:04 CEST 2014: 10: Solution found.
Sun May 18 21:28:05 CEST 2014: 11: finished (31ms, 48cycles)
Sun May 18 21:28:05 CEST 2014: 11: Solution found.
Sun May 18 21:28:05 CEST 2014: 12: finished (4ms, 5cycles)
Sun May 18 21:28:05 CEST 2014: 12: Solution found.
Sun May 18 21:28:05 CEST 2014: 13: finished (10ms, 15cycles)
Sun May 18 21:28:05 CEST 2014: 13: Solution found.
Sun May 18 21:28:05 CEST 2014: 14: finished (286ms, 500cycles)
Sun May 18 21:28:05 CEST 2014: 14: No solution found.
Sun May 18 21:28:05 CEST 2014: 15: finished (307ms, 500cycles)
Sun May 18 21:28:05 CEST 2014: 15: No solution found.
Sun May 18 21:28:05 CEST 2014: 16: finished (6ms, 9cycles)
Sun May 18 21:28:05 CEST 2014: 16: Solution found.
Sun May 18 21:28:05 CEST 2014: 17: finished (290ms, 500cycles)
Sun May 18 21:28:05 CEST 2014: 17: No solution found.
Sun May 18 21:28:05 CEST 2014: 18: finished (21ms, 32cycles)
Sun May 18 21:28:05 CEST 2014: 18: Solution found.
Sun May 18 21:28:06 CEST 2014: 19: finished (321ms, 500cycles)
Sun May 18 21:28:06 CEST 2014: 19: No solution found.
Sun May 18 21:28:06 CEST 2014: 20: finished (7ms, 11cycles)
Sun May 18 21:28:06 CEST 2014: 20: Solution found.
Sun May 18 21:28:06 CEST 2014: 21: finished (10ms, 16cycles)
Sun May 18 21:28:06 CEST 2014: 21: Solution found.
Sun May 18 21:28:06 CEST 2014: 22: finished (355ms, 500cycles)
Sun May 18 21:28:06 CEST 2014: 22: No solution found.
Sun May 18 21:28:06 CEST 2014: 23: finished (12ms, 17cycles)
Sun May 18 21:28:06 CEST 2014: 23: Solution found.
Sun May 18 21:28:06 CEST 2014: 24: finished (28ms, 43cycles)
Sun May 18 21:28:06 CEST 2014: 24: Solution found.
Sun May 18 21:28:06 CEST 2014: 25: finished (266ms, 500cycles)
Sun May 18 21:28:06 CEST 2014: 25: No solution found.
Sun May 18 21:28:06 CEST 2014: 26: finished (20ms, 33cycles)
Sun May 18 21:28:06 CEST 2014: 26: Solution found.
Sun May 18 21:28:06 CEST 2014: 27: finished (17ms, 28cycles)
Sun May 18 21:28:06 CEST 2014: 27: Solution found.
Sun May 18 21:28:07 CEST 2014: 28: finished (293ms, 500cycles)
Sun May 18 21:28:07 CEST 2014: 28: No solution found.
Sun May 18 21:28:07 CEST 2014: 29: finished (16ms, 23cycles)
Sun May 18 21:28:07 CEST 2014: 29: Solution found.
Sun May 18 21:28:07 CEST 2014: 30: finished (12ms, 18cycles)
Sun May 18 21:28:07 CEST 2014: 30: Solution found.
Sun May 18 21:28:07 CEST 2014: 31: finished (4ms, 5cycles)
Sun May 18 21:28:07 CEST 2014: 31: Solution found.
Sun May 18 21:28:07 CEST 2014: 32: finished (11ms, 18cycles)
Sun May 18 21:28:07 CEST 2014: 32: Solution found.
Sun May 18 21:28:07 CEST 2014: 33: finished (272ms, 500cycles)
Sun May 18 21:28:07 CEST 2014: 33: No solution found.
Sun May 18 21:28:07 CEST 2014: 34: finished (19ms, 30cycles)
Sun May 18 21:28:07 CEST 2014: 34: Solution found.
Sun May 18 21:28:07 CEST 2014: 35: finished (4ms, 6cycles)
Sun May 18 21:28:07 CEST 2014: 35: Solution found.
Sun May 18 21:28:07 CEST 2014: 36: finished (289ms, 500cycles)
Sun May 18 21:28:07 CEST 2014: 36: No solution found.
Sun May 18 21:28:07 CEST 2014: 37: finished (11ms, 17cycles)
Sun May 18 21:28:07 CEST 2014: 37: Solution found.
Sun May 18 21:28:07 CEST 2014: 38: finished (9ms, 13cycles)
Sun May 18 21:28:07 CEST 2014: 38: Solution found.
Sun May 18 21:28:08 CEST 2014: 39: finished (268ms, 452cycles)
Sun May 18 21:28:08 CEST 2014: 39: Solution found.
Sun May 18 21:28:08 CEST 2014: 40: finished (293ms, 500cycles)
Sun May 18 21:28:08 CEST 2014: 40: No solution found.
Sun May 18 21:28:08 CEST 2014: 41: finished (297ms, 500cycles)
Sun May 18 21:28:08 CEST 2014: 41: No solution found.
Sun May 18 21:28:08 CEST 2014: 42: finished (5ms, 7cycles)
Sun May 18 21:28:08 CEST 2014: 42: Solution found.
Sun May 18 21:28:08 CEST 2014: 43: finished (15ms, 23cycles)
Sun May 18 21:28:08 CEST 2014: 43: Solution found.
Sun May 18 21:28:09 CEST 2014: 44: finished (274ms, 500cycles)
Sun May 18 21:28:09 CEST 2014: 44: No solution found.
Sun May 18 21:28:09 CEST 2014: 45: finished (303ms, 500cycles)
Sun May 18 21:28:09 CEST 2014: 45: No solution found.
Sun May 18 21:28:09 CEST 2014: 46: finished (11ms, 16cycles)
Sun May 18 21:28:09 CEST 2014: 46: Solution found.
Sun May 18 21:28:09 CEST 2014: 47: finished (348ms, 500cycles)
Sun May 18 21:28:09 CEST 2014: 47: No solution found.
Sun May 18 21:28:09 CEST 2014: 48: finished (18ms, 29cycles)
Sun May 18 21:28:09 CEST 2014: 48: Solution found.
Sun May 18 21:28:09 CEST 2014: 49: finished (25ms, 38cycles)
Sun May 18 21:28:09 CEST 2014: 49: Solution found.
Sun May 18 21:28:09 CEST 2014: 50: finished (203ms, 324cycles)
Sun May 18 21:28:09 CEST 2014: 50: Solution found.
Sun May 18 21:28:10 CEST 2014: 51: finished (23ms, 39cycles)
Sun May 18 21:28:10 CEST 2014: 51: Solution found.
Sun May 18 21:28:10 CEST 2014: 52: finished (12ms, 18cycles)
Sun May 18 21:28:10 CEST 2014: 52: Solution found.
Sun May 18 21:28:10 CEST 2014: 53: finished (330ms, 500cycles)
Sun May 18 21:28:10 CEST 2014: 53: No solution found.
Sun May 18 21:28:10 CEST 2014: 54: finished (3ms, 4cycles)
Sun May 18 21:28:10 CEST 2014: 54: Solution found.
Sun May 18 21:28:10 CEST 2014: 55: finished (22ms, 34cycles)
Sun May 18 21:28:10 CEST 2014: 55: Solution found.
Sun May 18 21:28:10 CEST 2014: 56: finished (10ms, 15cycles)
Sun May 18 21:28:10 CEST 2014: 56: Solution found.
Sun May 18 21:28:10 CEST 2014: 57: finished (269ms, 500cycles)
Sun May 18 21:28:10 CEST 2014: 57: No solution found.
Sun May 18 21:28:10 CEST 2014: 58: finished (6ms, 8cycles)
Sun May 18 21:28:10 CEST 2014: 58: Solution found.
Sun May 18 21:28:10 CEST 2014: 59: finished (7ms, 11cycles)
Sun May 18 21:28:10 CEST 2014: 59: Solution found.
Sun May 18 21:28:10 CEST 2014: 60: finished (28ms, 32cycles)
Sun May 18 21:28:10 CEST 2014: 60: Solution found.
Sun May 18 21:28:10 CEST 2014: 61: finished (263ms, 500cycles)
Sun May 18 21:28:10 CEST 2014: 61: No solution found.
Sun May 18 21:28:10 CEST 2014: 62: finished (11ms, 18cycles)
Sun May 18 21:28:10 CEST 2014: 62: Solution found.
Sun May 18 21:28:11 CEST 2014: 63: finished (276ms, 500cycles)
Sun May 18 21:28:11 CEST 2014: 63: No solution found.
Sun May 18 21:28:11 CEST 2014: 64: finished (268ms, 500cycles)
Sun May 18 21:28:11 CEST 2014: 64: No solution found.
Sun May 18 21:28:11 CEST 2014: 65: finished (17ms, 28cycles)
Sun May 18 21:28:11 CEST 2014: 65: Solution found.
Sun May 18 21:28:11 CEST 2014: 66: finished (3ms, 3cycles)
Sun May 18 21:28:11 CEST 2014: 66: Solution found.
Sun May 18 21:28:11 CEST 2014: 67: finished (32ms, 51cycles)
Sun May 18 21:28:11 CEST 2014: 67: Solution found.
Sun May 18 21:28:11 CEST 2014: 68: finished (23ms, 36cycles)
Sun May 18 21:28:11 CEST 2014: 68: Solution found.
Sun May 18 21:28:11 CEST 2014: 69: finished (283ms, 500cycles)
Sun May 18 21:28:11 CEST 2014: 69: No solution found.
Sun May 18 21:28:11 CEST 2014: 70: finished (23ms, 37cycles)
Sun May 18 21:28:11 CEST 2014: 70: Solution found.
Sun May 18 21:28:11 CEST 2014: 71: finished (10ms, 15cycles)
Sun May 18 21:28:11 CEST 2014: 71: Solution found.
Sun May 18 21:28:11 CEST 2014: 72: finished (7ms, 11cycles)
Sun May 18 21:28:11 CEST 2014: 72: Solution found.
Sun May 18 21:28:11 CEST 2014: 73: finished (7ms, 11cycles)
Sun May 18 21:28:11 CEST 2014: 73: Solution found.
Sun May 18 21:28:11 CEST 2014: 74: finished (13ms, 20cycles)
Sun May 18 21:28:11 CEST 2014: 74: Solution found.
Sun May 18 21:28:12 CEST 2014: 75: finished (268ms, 500cycles)
Sun May 18 21:28:12 CEST 2014: 75: No solution found.
Sun May 18 21:28:12 CEST 2014: 76: finished (26ms, 42cycles)
Sun May 18 21:28:12 CEST 2014: 76: Solution found.
Sun May 18 21:28:12 CEST 2014: 77: finished (15ms, 24cycles)
Sun May 18 21:28:12 CEST 2014: 77: Solution found.
Sun May 18 21:28:12 CEST 2014: 78: finished (14ms, 23cycles)
Sun May 18 21:28:12 CEST 2014: 78: Solution found.
Sun May 18 21:28:12 CEST 2014: 79: finished (274ms, 500cycles)
Sun May 18 21:28:12 CEST 2014: 79: No solution found.
Sun May 18 21:28:12 CEST 2014: 80: finished (293ms, 500cycles)
Sun May 18 21:28:12 CEST 2014: 80: No solution found.
Sun May 18 21:28:13 CEST 2014: 81: finished (333ms, 500cycles)
Sun May 18 21:28:13 CEST 2014: 81: No solution found.
Sun May 18 21:28:13 CEST 2014: 82: finished (8ms, 11cycles)
Sun May 18 21:28:13 CEST 2014: 82: Solution found.
Sun May 18 21:28:13 CEST 2014: 83: finished (25ms, 41cycles)
Sun May 18 21:28:13 CEST 2014: 83: Solution found.
Sun May 18 21:28:13 CEST 2014: 84: finished (14ms, 24cycles)
Sun May 18 21:28:13 CEST 2014: 84: Solution found.
Sun May 18 21:28:13 CEST 2014: 85: finished (19ms, 27cycles)
Sun May 18 21:28:13 CEST 2014: 85: Solution found.
Sun May 18 21:28:13 CEST 2014: 86: finished (290ms, 500cycles)
Sun May 18 21:28:13 CEST 2014: 86: No solution found.
Sun May 18 21:28:13 CEST 2014: 87: finished (290ms, 500cycles)
Sun May 18 21:28:13 CEST 2014: 87: No solution found.
Sun May 18 21:28:14 CEST 2014: 88: finished (285ms, 500cycles)
Sun May 18 21:28:14 CEST 2014: 88: No solution found.
Sun May 18 21:28:14 CEST 2014: 89: finished (324ms, 500cycles)
Sun May 18 21:28:14 CEST 2014: 89: No solution found.
Sun May 18 21:28:14 CEST 2014: 90: finished (264ms, 500cycles)
Sun May 18 21:28:14 CEST 2014: 90: No solution found.
Sun May 18 21:28:14 CEST 2014: 91: finished (6ms, 9cycles)
Sun May 18 21:28:14 CEST 2014: 91: Solution found.
Sun May 18 21:28:15 CEST 2014: 92: finished (329ms, 500cycles)
Sun May 18 21:28:15 CEST 2014: 92: No solution found.
Sun May 18 21:28:15 CEST 2014: 93: finished (4ms, 5cycles)
Sun May 18 21:28:15 CEST 2014: 93: Solution found.
Sun May 18 21:28:15 CEST 2014: 94: finished (16ms, 25cycles)
Sun May 18 21:28:15 CEST 2014: 94: Solution found.
Sun May 18 21:28:15 CEST 2014: 95: finished (10ms, 16cycles)
Sun May 18 21:28:15 CEST 2014: 95: Solution found.
Sun May 18 21:28:15 CEST 2014: 96: finished (288ms, 500cycles)
Sun May 18 21:28:15 CEST 2014: 96: No solution found.
Sun May 18 21:28:15 CEST 2014: 97: finished (22ms, 36cycles)
Sun May 18 21:28:15 CEST 2014: 97: Solution found.
Sun May 18 21:28:15 CEST 2014: 98: finished (300ms, 500cycles)
Sun May 18 21:28:15 CEST 2014: 98: No solution found.
Sun May 18 21:28:15 CEST 2014: 99: finished (16ms, 22cycles)
Sun May 18 21:28:15 CEST 2014: 99: Solution found.
Sun May 18 21:28:15 CEST 2014: Solution Found: 66
Sun May 18 21:28:15 CEST 2014: Avg cycles: 33
Sun May 18 21:28:15 CEST 2014: Max cycles: 452
Sun May 18 21:28:15 CEST 2014: Min cycles: 2
Sun May 18 21:28:15 CEST 2014: No solution found: 34
Sun May 18 21:28:15 CEST 2014: logging finished. (runtime: 11446ms)
