Sun May 18 02:23:40 CEST 2014: Problem Count: 10
Sun May 18 02:23:40 CEST 2014: CandidatesCount: 30
Sun May 18 02:23:40 CEST 2014: Max Cycles: 500
Sun May 18 02:23:41 CEST 2014: 0: finished (134ms, 500cycles)
Sun May 18 02:23:41 CEST 2014: 0: No solution found.
Sun May 18 02:23:41 CEST 2014: 1: finished (35ms, 500cycles)
Sun May 18 02:23:41 CEST 2014: 1: No solution found.
Sun May 18 02:23:41 CEST 2014: 2: finished (4ms, 17cycles)
Sun May 18 02:23:41 CEST 2014: 2: Solution found.
Sun May 18 02:23:41 CEST 2014: 3: finished (115ms, 500cycles)
Sun May 18 02:23:41 CEST 2014: 3: No solution found.
Sun May 18 02:23:41 CEST 2014: 4: finished (33ms, 500cycles)
Sun May 18 02:23:41 CEST 2014: 4: No solution found.
Sun May 18 02:23:41 CEST 2014: 5: finished (126ms, 500cycles)
Sun May 18 02:23:41 CEST 2014: 5: No solution found.
Sun May 18 02:23:41 CEST 2014: 6: finished (166ms, 500cycles)
Sun May 18 02:23:41 CEST 2014: 6: No solution found.
Sun May 18 02:23:41 CEST 2014: 7: finished (1ms, 5cycles)
Sun May 18 02:23:41 CEST 2014: 7: Solution found.
Sun May 18 02:23:41 CEST 2014: 8: finished (34ms, 500cycles)
Sun May 18 02:23:41 CEST 2014: 8: No solution found.
Sun May 18 02:23:41 CEST 2014: 9: finished (172ms, 500cycles)
Sun May 18 02:23:41 CEST 2014: 9: No solution found.
Sun May 18 02:23:41 CEST 2014: 10: finished (28ms, 500cycles)
Sun May 18 02:23:41 CEST 2014: 10: No solution found.
Sun May 18 02:23:41 CEST 2014: 11: finished (22ms, 68cycles)
Sun May 18 02:23:41 CEST 2014: 11: Solution found.
Sun May 18 02:23:41 CEST 2014: 12: finished (28ms, 500cycles)
Sun May 18 02:23:41 CEST 2014: 12: No solution found.
Sun May 18 02:23:41 CEST 2014: 13: finished (8ms, 39cycles)
Sun May 18 02:23:41 CEST 2014: 13: Solution found.
Sun May 18 02:23:41 CEST 2014: 14: finished (3ms, 34cycles)
Sun May 18 02:23:41 CEST 2014: 14: Solution found.
Sun May 18 02:23:42 CEST 2014: 15: finished (167ms, 500cycles)
Sun May 18 02:23:42 CEST 2014: 15: No solution found.
Sun May 18 02:23:42 CEST 2014: 16: finished (28ms, 500cycles)
Sun May 18 02:23:42 CEST 2014: 16: No solution found.
Sun May 18 02:23:42 CEST 2014: 17: finished (50ms, 95cycles)
Sun May 18 02:23:42 CEST 2014: 17: Solution found.
Sun May 18 02:23:42 CEST 2014: 18: finished (120ms, 500cycles)
Sun May 18 02:23:42 CEST 2014: 18: No solution found.
Sun May 18 02:23:42 CEST 2014: 19: finished (79ms, 211cycles)
Sun May 18 02:23:42 CEST 2014: 19: Solution found.
Sun May 18 02:23:42 CEST 2014: 20: finished (17ms, 133cycles)
Sun May 18 02:23:42 CEST 2014: 20: Solution found.
Sun May 18 02:23:42 CEST 2014: 21: finished (135ms, 500cycles)
Sun May 18 02:23:42 CEST 2014: 21: No solution found.
Sun May 18 02:23:42 CEST 2014: 22: finished (27ms, 500cycles)
Sun May 18 02:23:42 CEST 2014: 22: No solution found.
Sun May 18 02:23:42 CEST 2014: 23: finished (33ms, 500cycles)
Sun May 18 02:23:42 CEST 2014: 23: No solution found.
Sun May 18 02:23:42 CEST 2014: 24: finished (3ms, 24cycles)
Sun May 18 02:23:42 CEST 2014: 24: Solution found.
Sun May 18 02:23:42 CEST 2014: 25: finished (264ms, 500cycles)
Sun May 18 02:23:42 CEST 2014: 25: No solution found.
Sun May 18 02:23:43 CEST 2014: 26: finished (289ms, 500cycles)
Sun May 18 02:23:43 CEST 2014: 26: No solution found.
Sun May 18 02:23:43 CEST 2014: 27: finished (31ms, 500cycles)
Sun May 18 02:23:43 CEST 2014: 27: No solution found.
Sun May 18 02:23:43 CEST 2014: 28: finished (74ms, 500cycles)
Sun May 18 02:23:43 CEST 2014: 28: No solution found.
Sun May 18 02:23:43 CEST 2014: 29: finished (270ms, 500cycles)
Sun May 18 02:23:43 CEST 2014: 29: No solution found.
Sun May 18 02:23:43 CEST 2014: 30: finished (33ms, 500cycles)
Sun May 18 02:23:43 CEST 2014: 30: No solution found.
Sun May 18 02:23:43 CEST 2014: 31: finished (52ms, 500cycles)
Sun May 18 02:23:43 CEST 2014: 31: No solution found.
Sun May 18 02:23:43 CEST 2014: 32: finished (129ms, 500cycles)
Sun May 18 02:23:43 CEST 2014: 32: No solution found.
Sun May 18 02:23:43 CEST 2014: 33: finished (115ms, 500cycles)
Sun May 18 02:23:43 CEST 2014: 33: No solution found.
Sun May 18 02:23:43 CEST 2014: 34: finished (31ms, 94cycles)
Sun May 18 02:23:43 CEST 2014: 34: Solution found.
Sun May 18 02:23:44 CEST 2014: 35: finished (224ms, 500cycles)
Sun May 18 02:23:44 CEST 2014: 35: No solution found.
Sun May 18 02:23:44 CEST 2014: 36: finished (172ms, 500cycles)
Sun May 18 02:23:44 CEST 2014: 36: No solution found.
Sun May 18 02:23:44 CEST 2014: 37: finished (245ms, 500cycles)
Sun May 18 02:23:44 CEST 2014: 37: No solution found.
Sun May 18 02:23:44 CEST 2014: 38: finished (24ms, 500cycles)
Sun May 18 02:23:44 CEST 2014: 38: No solution found.
Sun May 18 02:23:44 CEST 2014: 39: finished (37ms, 500cycles)
Sun May 18 02:23:44 CEST 2014: 39: No solution found.
Sun May 18 02:23:44 CEST 2014: 40: finished (50ms, 141cycles)
Sun May 18 02:23:44 CEST 2014: 40: Solution found.
Sun May 18 02:23:44 CEST 2014: 41: finished (161ms, 500cycles)
Sun May 18 02:23:44 CEST 2014: 41: No solution found.
Sun May 18 02:23:44 CEST 2014: 42: finished (32ms, 500cycles)
Sun May 18 02:23:44 CEST 2014: 42: No solution found.
Sun May 18 02:23:44 CEST 2014: 43: finished (33ms, 500cycles)
Sun May 18 02:23:44 CEST 2014: 43: No solution found.
Sun May 18 02:23:44 CEST 2014: 44: finished (3ms, 26cycles)
Sun May 18 02:23:44 CEST 2014: 44: Solution found.
Sun May 18 02:23:44 CEST 2014: 45: finished (15ms, 50cycles)
Sun May 18 02:23:44 CEST 2014: 45: Solution found.
Sun May 18 02:23:44 CEST 2014: 46: finished (144ms, 500cycles)
Sun May 18 02:23:44 CEST 2014: 46: No solution found.
Sun May 18 02:23:44 CEST 2014: 47: finished (38ms, 500cycles)
Sun May 18 02:23:44 CEST 2014: 47: No solution found.
Sun May 18 02:23:45 CEST 2014: 48: finished (300ms, 500cycles)
Sun May 18 02:23:45 CEST 2014: 48: No solution found.
Sun May 18 02:23:45 CEST 2014: 49: finished (29ms, 500cycles)
Sun May 18 02:23:45 CEST 2014: 49: No solution found.
Sun May 18 02:23:45 CEST 2014: 50: finished (1ms, 11cycles)
Sun May 18 02:23:45 CEST 2014: 50: Solution found.
Sun May 18 02:23:45 CEST 2014: 51: finished (38ms, 144cycles)
Sun May 18 02:23:45 CEST 2014: 51: Solution found.
Sun May 18 02:23:45 CEST 2014: 52: finished (5ms, 24cycles)
Sun May 18 02:23:45 CEST 2014: 52: Solution found.
Sun May 18 02:23:45 CEST 2014: 53: finished (31ms, 500cycles)
Sun May 18 02:23:45 CEST 2014: 53: No solution found.
Sun May 18 02:23:45 CEST 2014: 54: finished (23ms, 64cycles)
Sun May 18 02:23:45 CEST 2014: 54: Solution found.
Sun May 18 02:23:45 CEST 2014: 55: finished (1ms, 12cycles)
Sun May 18 02:23:45 CEST 2014: 55: Solution found.
Sun May 18 02:23:45 CEST 2014: 56: finished (8ms, 28cycles)
Sun May 18 02:23:45 CEST 2014: 56: Solution found.
Sun May 18 02:23:45 CEST 2014: 57: finished (31ms, 500cycles)
Sun May 18 02:23:45 CEST 2014: 57: No solution found.
Sun May 18 02:23:45 CEST 2014: 58: finished (1ms, 8cycles)
Sun May 18 02:23:45 CEST 2014: 58: Solution found.
Sun May 18 02:23:45 CEST 2014: 59: finished (1ms, 11cycles)
Sun May 18 02:23:45 CEST 2014: 59: Solution found.
Sun May 18 02:23:45 CEST 2014: 60: finished (166ms, 500cycles)
Sun May 18 02:23:45 CEST 2014: 60: No solution found.
Sun May 18 02:23:45 CEST 2014: 61: finished (4ms, 43cycles)
Sun May 18 02:23:45 CEST 2014: 61: Solution found.
Sun May 18 02:23:45 CEST 2014: 62: finished (1ms, 12cycles)
Sun May 18 02:23:45 CEST 2014: 62: Solution found.
Sun May 18 02:23:45 CEST 2014: 63: finished (49ms, 500cycles)
Sun May 18 02:23:45 CEST 2014: 63: No solution found.
Sun May 18 02:23:45 CEST 2014: 64: finished (274ms, 500cycles)
Sun May 18 02:23:45 CEST 2014: 64: No solution found.
Sun May 18 02:23:46 CEST 2014: 65: finished (109ms, 500cycles)
Sun May 18 02:23:46 CEST 2014: 65: No solution found.
Sun May 18 02:23:46 CEST 2014: 66: finished (255ms, 500cycles)
Sun May 18 02:23:46 CEST 2014: 66: No solution found.
Sun May 18 02:23:46 CEST 2014: 67: finished (159ms, 500cycles)
Sun May 18 02:23:46 CEST 2014: 67: No solution found.
Sun May 18 02:23:46 CEST 2014: 68: finished (184ms, 500cycles)
Sun May 18 02:23:46 CEST 2014: 68: No solution found.
Sun May 18 02:23:46 CEST 2014: 69: finished (213ms, 500cycles)
Sun May 18 02:23:46 CEST 2014: 69: No solution found.
Sun May 18 02:23:46 CEST 2014: 70: finished (29ms, 500cycles)
Sun May 18 02:23:46 CEST 2014: 70: No solution found.
Sun May 18 02:23:46 CEST 2014: 71: finished (15ms, 63cycles)
Sun May 18 02:23:46 CEST 2014: 71: Solution found.
Sun May 18 02:23:46 CEST 2014: 72: finished (2ms, 22cycles)
Sun May 18 02:23:46 CEST 2014: 72: Solution found.
Sun May 18 02:23:47 CEST 2014: 73: finished (148ms, 500cycles)
Sun May 18 02:23:47 CEST 2014: 73: No solution found.
Sun May 18 02:23:47 CEST 2014: 74: finished (209ms, 367cycles)
Sun May 18 02:23:47 CEST 2014: 74: Solution found.
Sun May 18 02:23:47 CEST 2014: 75: finished (3ms, 18cycles)
Sun May 18 02:23:47 CEST 2014: 75: Solution found.
Sun May 18 02:23:47 CEST 2014: 76: finished (31ms, 500cycles)
Sun May 18 02:23:47 CEST 2014: 76: No solution found.
Sun May 18 02:23:47 CEST 2014: 77: finished (220ms, 500cycles)
Sun May 18 02:23:47 CEST 2014: 77: No solution found.
Sun May 18 02:23:47 CEST 2014: 78: finished (249ms, 500cycles)
Sun May 18 02:23:47 CEST 2014: 78: No solution found.
Sun May 18 02:23:47 CEST 2014: 79: finished (184ms, 500cycles)
Sun May 18 02:23:47 CEST 2014: 79: No solution found.
Sun May 18 02:23:47 CEST 2014: 80: finished (9ms, 42cycles)
Sun May 18 02:23:47 CEST 2014: 80: Solution found.
Sun May 18 02:23:48 CEST 2014: 81: finished (193ms, 500cycles)
Sun May 18 02:23:48 CEST 2014: 81: No solution found.
Sun May 18 02:23:48 CEST 2014: 82: finished (0ms, 2cycles)
Sun May 18 02:23:48 CEST 2014: 82: Solution found.
Sun May 18 02:23:48 CEST 2014: 83: finished (136ms, 500cycles)
Sun May 18 02:23:48 CEST 2014: 83: No solution found.
Sun May 18 02:23:48 CEST 2014: 84: finished (195ms, 500cycles)
Sun May 18 02:23:48 CEST 2014: 84: No solution found.
Sun May 18 02:23:48 CEST 2014: 85: finished (27ms, 500cycles)
Sun May 18 02:23:48 CEST 2014: 85: No solution found.
Sun May 18 02:23:48 CEST 2014: 86: finished (28ms, 500cycles)
Sun May 18 02:23:48 CEST 2014: 86: No solution found.
Sun May 18 02:23:48 CEST 2014: 87: finished (29ms, 500cycles)
Sun May 18 02:23:48 CEST 2014: 87: No solution found.
Sun May 18 02:23:48 CEST 2014: 88: finished (120ms, 500cycles)
Sun May 18 02:23:48 CEST 2014: 88: No solution found.
Sun May 18 02:23:48 CEST 2014: 89: finished (28ms, 500cycles)
Sun May 18 02:23:48 CEST 2014: 89: No solution found.
Sun May 18 02:23:48 CEST 2014: 90: finished (229ms, 500cycles)
Sun May 18 02:23:48 CEST 2014: 90: No solution found.
Sun May 18 02:23:49 CEST 2014: 91: finished (209ms, 493cycles)
Sun May 18 02:23:49 CEST 2014: 91: Solution found.
Sun May 18 02:23:49 CEST 2014: 92: finished (32ms, 500cycles)
Sun May 18 02:23:49 CEST 2014: 92: No solution found.
Sun May 18 02:23:49 CEST 2014: 93: finished (162ms, 500cycles)
Sun May 18 02:23:49 CEST 2014: 93: No solution found.
Sun May 18 02:23:49 CEST 2014: 94: finished (27ms, 84cycles)
Sun May 18 02:23:49 CEST 2014: 94: Solution found.
Sun May 18 02:23:49 CEST 2014: 95: finished (3ms, 13cycles)
Sun May 18 02:23:49 CEST 2014: 95: Solution found.
Sun May 18 02:23:49 CEST 2014: 96: finished (14ms, 56cycles)
Sun May 18 02:23:49 CEST 2014: 96: Solution found.
Sun May 18 02:23:49 CEST 2014: 97: finished (117ms, 500cycles)
Sun May 18 02:23:49 CEST 2014: 97: No solution found.
Sun May 18 02:23:49 CEST 2014: 98: finished (55ms, 500cycles)
Sun May 18 02:23:49 CEST 2014: 98: No solution found.
Sun May 18 02:23:49 CEST 2014: 99: finished (1ms, 3cycles)
Sun May 18 02:23:49 CEST 2014: 99: Solution found.
Sun May 18 02:23:49 CEST 2014: Solution Found: 34
Sun May 18 02:23:49 CEST 2014: Avg cycles: 72
Sun May 18 02:23:49 CEST 2014: Max cycles: 493
Sun May 18 02:23:49 CEST 2014: Min cycles: 2
Sun May 18 02:23:49 CEST 2014: No solution found: 66
Sun May 18 02:23:49 CEST 2014: logging finished. (runtime: 8635ms)
