Sun May 18 01:20:20 CEST 2014: Problem Count: 30
Sun May 18 01:20:20 CEST 2014: CandidatesCount: 50
Sun May 18 01:20:20 CEST 2014: Max Cycles: 500
Sun May 18 01:20:20 CEST 2014: 0: finished (6ms, 14cycles)
Sun May 18 01:20:20 CEST 2014: 0: Solution found.
Sun May 18 01:20:20 CEST 2014: 1: finished (9ms, 25cycles)
Sun May 18 01:20:20 CEST 2014: 1: Solution found.
Sun May 18 01:20:20 CEST 2014: 2: finished (1ms, 2cycles)
Sun May 18 01:20:20 CEST 2014: 2: Solution found.
Sun May 18 01:20:20 CEST 2014: 3: finished (27ms, 77cycles)
Sun May 18 01:20:20 CEST 2014: 3: Solution found.
Sun May 18 01:20:21 CEST 2014: 4: finished (151ms, 500cycles)
Sun May 18 01:20:21 CEST 2014: 4: No solution found.
Sun May 18 01:20:21 CEST 2014: 5: finished (143ms, 500cycles)
Sun May 18 01:20:21 CEST 2014: 5: No solution found.
Sun May 18 01:20:21 CEST 2014: 6: finished (9ms, 27cycles)
Sun May 18 01:20:21 CEST 2014: 6: Solution found.
Sun May 18 01:20:21 CEST 2014: 7: finished (8ms, 22cycles)
Sun May 18 01:20:21 CEST 2014: 7: Solution found.
Sun May 18 01:20:21 CEST 2014: 8: finished (3ms, 7cycles)
Sun May 18 01:20:21 CEST 2014: 8: Solution found.
Sun May 18 01:20:21 CEST 2014: 9: finished (5ms, 15cycles)
Sun May 18 01:20:21 CEST 2014: 9: Solution found.
Sun May 18 01:20:21 CEST 2014: 10: finished (147ms, 500cycles)
Sun May 18 01:20:21 CEST 2014: 10: No solution found.
Sun May 18 01:20:21 CEST 2014: 11: finished (150ms, 500cycles)
Sun May 18 01:20:21 CEST 2014: 11: No solution found.
Sun May 18 01:20:21 CEST 2014: 12: finished (6ms, 18cycles)
Sun May 18 01:20:21 CEST 2014: 12: Solution found.
Sun May 18 01:20:21 CEST 2014: 13: finished (144ms, 500cycles)
Sun May 18 01:20:21 CEST 2014: 13: No solution found.
Sun May 18 01:20:21 CEST 2014: 14: finished (145ms, 500cycles)
Sun May 18 01:20:21 CEST 2014: 14: No solution found.
Sun May 18 01:20:21 CEST 2014: 15: finished (158ms, 500cycles)
Sun May 18 01:20:21 CEST 2014: 15: No solution found.
Sun May 18 01:20:22 CEST 2014: 16: finished (144ms, 500cycles)
Sun May 18 01:20:22 CEST 2014: 16: No solution found.
Sun May 18 01:20:22 CEST 2014: 17: finished (160ms, 500cycles)
Sun May 18 01:20:22 CEST 2014: 17: No solution found.
Sun May 18 01:20:22 CEST 2014: 18: finished (169ms, 500cycles)
Sun May 18 01:20:22 CEST 2014: 18: No solution found.
Sun May 18 01:20:22 CEST 2014: 19: finished (22ms, 57cycles)
Sun May 18 01:20:22 CEST 2014: 19: Solution found.
Sun May 18 01:20:22 CEST 2014: 20: finished (8ms, 22cycles)
Sun May 18 01:20:22 CEST 2014: 20: Solution found.
Sun May 18 01:20:22 CEST 2014: 21: finished (11ms, 35cycles)
Sun May 18 01:20:22 CEST 2014: 21: Solution found.
Sun May 18 01:20:22 CEST 2014: 22: finished (160ms, 500cycles)
Sun May 18 01:20:22 CEST 2014: 22: No solution found.
Sun May 18 01:20:22 CEST 2014: 23: finished (22ms, 61cycles)
Sun May 18 01:20:22 CEST 2014: 23: Solution found.
Sun May 18 01:20:22 CEST 2014: 24: finished (155ms, 500cycles)
Sun May 18 01:20:22 CEST 2014: 24: No solution found.
Sun May 18 01:20:22 CEST 2014: 25: finished (3ms, 10cycles)
Sun May 18 01:20:22 CEST 2014: 25: Solution found.
Sun May 18 01:20:22 CEST 2014: 26: finished (4ms, 12cycles)
Sun May 18 01:20:22 CEST 2014: 26: Solution found.
Sun May 18 01:20:22 CEST 2014: 27: finished (144ms, 500cycles)
Sun May 18 01:20:22 CEST 2014: 27: No solution found.
Sun May 18 01:20:22 CEST 2014: 28: finished (8ms, 21cycles)
Sun May 18 01:20:22 CEST 2014: 28: Solution found.
Sun May 18 01:20:22 CEST 2014: 29: finished (4ms, 9cycles)
Sun May 18 01:20:22 CEST 2014: 29: Solution found.
Sun May 18 01:20:23 CEST 2014: 30: finished (169ms, 500cycles)
Sun May 18 01:20:23 CEST 2014: 30: No solution found.
Sun May 18 01:20:23 CEST 2014: 31: finished (3ms, 5cycles)
Sun May 18 01:20:23 CEST 2014: 31: Solution found.
Sun May 18 01:20:23 CEST 2014: 32: finished (164ms, 500cycles)
Sun May 18 01:20:23 CEST 2014: 32: No solution found.
Sun May 18 01:20:23 CEST 2014: 33: finished (8ms, 24cycles)
Sun May 18 01:20:23 CEST 2014: 33: Solution found.
Sun May 18 01:20:23 CEST 2014: 34: finished (3ms, 9cycles)
Sun May 18 01:20:23 CEST 2014: 34: Solution found.
Sun May 18 01:20:23 CEST 2014: 35: finished (144ms, 500cycles)
Sun May 18 01:20:23 CEST 2014: 35: No solution found.
Sun May 18 01:20:23 CEST 2014: 36: finished (167ms, 500cycles)
Sun May 18 01:20:23 CEST 2014: 36: No solution found.
Sun May 18 01:20:23 CEST 2014: 37: finished (7ms, 19cycles)
Sun May 18 01:20:23 CEST 2014: 37: Solution found.
Sun May 18 01:20:23 CEST 2014: 38: finished (7ms, 18cycles)
Sun May 18 01:20:23 CEST 2014: 38: Solution found.
Sun May 18 01:20:23 CEST 2014: 39: finished (154ms, 500cycles)
Sun May 18 01:20:23 CEST 2014: 39: No solution found.
Sun May 18 01:20:23 CEST 2014: 40: finished (7ms, 17cycles)
Sun May 18 01:20:23 CEST 2014: 40: Solution found.
Sun May 18 01:20:23 CEST 2014: 41: finished (163ms, 500cycles)
Sun May 18 01:20:23 CEST 2014: 41: No solution found.
Sun May 18 01:20:24 CEST 2014: 42: finished (162ms, 500cycles)
Sun May 18 01:20:24 CEST 2014: 42: No solution found.
Sun May 18 01:20:24 CEST 2014: 43: finished (157ms, 500cycles)
Sun May 18 01:20:24 CEST 2014: 43: No solution found.
Sun May 18 01:20:24 CEST 2014: 44: finished (4ms, 11cycles)
Sun May 18 01:20:24 CEST 2014: 44: Solution found.
Sun May 18 01:20:24 CEST 2014: 45: finished (88ms, 283cycles)
Sun May 18 01:20:24 CEST 2014: 45: Solution found.
Sun May 18 01:20:24 CEST 2014: 46: finished (33ms, 90cycles)
Sun May 18 01:20:24 CEST 2014: 46: Solution found.
Sun May 18 01:20:24 CEST 2014: 47: finished (146ms, 500cycles)
Sun May 18 01:20:24 CEST 2014: 47: No solution found.
Sun May 18 01:20:24 CEST 2014: 48: finished (3ms, 8cycles)
Sun May 18 01:20:24 CEST 2014: 48: Solution found.
Sun May 18 01:20:24 CEST 2014: 49: finished (139ms, 500cycles)
Sun May 18 01:20:24 CEST 2014: 49: No solution found.
Sun May 18 01:20:24 CEST 2014: 50: finished (149ms, 500cycles)
Sun May 18 01:20:24 CEST 2014: 50: No solution found.
Sun May 18 01:20:24 CEST 2014: 51: finished (25ms, 51cycles)
Sun May 18 01:20:24 CEST 2014: 51: Solution found.
Sun May 18 01:20:25 CEST 2014: 52: finished (488ms, 473cycles)
Sun May 18 01:20:25 CEST 2014: 52: Solution found.
Sun May 18 01:20:25 CEST 2014: 53: finished (11ms, 34cycles)
Sun May 18 01:20:25 CEST 2014: 53: Solution found.
Sun May 18 01:20:25 CEST 2014: 54: finished (7ms, 20cycles)
Sun May 18 01:20:25 CEST 2014: 54: Solution found.
Sun May 18 01:20:25 CEST 2014: 55: finished (14ms, 44cycles)
Sun May 18 01:20:25 CEST 2014: 55: Solution found.
Sun May 18 01:20:25 CEST 2014: 56: finished (10ms, 27cycles)
Sun May 18 01:20:25 CEST 2014: 56: Solution found.
Sun May 18 01:20:25 CEST 2014: 57: finished (152ms, 500cycles)
Sun May 18 01:20:25 CEST 2014: 57: No solution found.
Sun May 18 01:20:25 CEST 2014: 58: finished (12ms, 36cycles)
Sun May 18 01:20:25 CEST 2014: 58: Solution found.
Sun May 18 01:20:25 CEST 2014: 59: finished (4ms, 10cycles)
Sun May 18 01:20:25 CEST 2014: 59: Solution found.
Sun May 18 01:20:25 CEST 2014: 60: finished (336ms, 500cycles)
Sun May 18 01:20:25 CEST 2014: 60: No solution found.
Sun May 18 01:20:26 CEST 2014: 61: finished (428ms, 500cycles)
Sun May 18 01:20:26 CEST 2014: 61: No solution found.
Sun May 18 01:20:26 CEST 2014: 62: finished (20ms, 19cycles)
Sun May 18 01:20:26 CEST 2014: 62: Solution found.
Sun May 18 01:20:26 CEST 2014: 63: finished (385ms, 500cycles)
Sun May 18 01:20:26 CEST 2014: 63: No solution found.
Sun May 18 01:20:27 CEST 2014: 64: finished (362ms, 500cycles)
Sun May 18 01:20:27 CEST 2014: 64: No solution found.
Sun May 18 01:20:27 CEST 2014: 65: finished (14ms, 15cycles)
Sun May 18 01:20:27 CEST 2014: 65: Solution found.
Sun May 18 01:20:27 CEST 2014: 66: finished (6ms, 5cycles)
Sun May 18 01:20:27 CEST 2014: 66: Solution found.
Sun May 18 01:20:27 CEST 2014: 67: finished (12ms, 12cycles)
Sun May 18 01:20:27 CEST 2014: 67: Solution found.
Sun May 18 01:20:27 CEST 2014: 68: finished (388ms, 500cycles)
Sun May 18 01:20:27 CEST 2014: 68: No solution found.
Sun May 18 01:20:27 CEST 2014: 69: finished (442ms, 500cycles)
Sun May 18 01:20:27 CEST 2014: 69: No solution found.
Sun May 18 01:20:28 CEST 2014: 70: finished (141ms, 500cycles)
Sun May 18 01:20:28 CEST 2014: 70: No solution found.
Sun May 18 01:20:28 CEST 2014: 71: finished (10ms, 31cycles)
Sun May 18 01:20:28 CEST 2014: 71: Solution found.
Sun May 18 01:20:28 CEST 2014: 72: finished (3ms, 9cycles)
Sun May 18 01:20:28 CEST 2014: 72: Solution found.
Sun May 18 01:20:28 CEST 2014: 73: finished (6ms, 19cycles)
Sun May 18 01:20:28 CEST 2014: 73: Solution found.
Sun May 18 01:20:28 CEST 2014: 74: finished (8ms, 25cycles)
Sun May 18 01:20:28 CEST 2014: 74: Solution found.
Sun May 18 01:20:28 CEST 2014: 75: finished (35ms, 102cycles)
Sun May 18 01:20:28 CEST 2014: 75: Solution found.
Sun May 18 01:20:28 CEST 2014: 76: finished (12ms, 31cycles)
Sun May 18 01:20:28 CEST 2014: 76: Solution found.
Sun May 18 01:20:28 CEST 2014: 77: finished (158ms, 500cycles)
Sun May 18 01:20:28 CEST 2014: 77: No solution found.
Sun May 18 01:20:28 CEST 2014: 78: finished (39ms, 116cycles)
Sun May 18 01:20:28 CEST 2014: 78: Solution found.
Sun May 18 01:20:28 CEST 2014: 79: finished (5ms, 14cycles)
Sun May 18 01:20:28 CEST 2014: 79: Solution found.
Sun May 18 01:20:28 CEST 2014: 80: finished (150ms, 500cycles)
Sun May 18 01:20:28 CEST 2014: 80: No solution found.
Sun May 18 01:20:28 CEST 2014: 81: finished (9ms, 26cycles)
Sun May 18 01:20:28 CEST 2014: 81: Solution found.
Sun May 18 01:20:28 CEST 2014: 82: finished (3ms, 7cycles)
Sun May 18 01:20:28 CEST 2014: 82: Solution found.
Sun May 18 01:20:28 CEST 2014: 83: finished (4ms, 11cycles)
Sun May 18 01:20:28 CEST 2014: 83: Solution found.
Sun May 18 01:20:28 CEST 2014: 84: finished (6ms, 16cycles)
Sun May 18 01:20:28 CEST 2014: 84: Solution found.
Sun May 18 01:20:28 CEST 2014: 85: finished (156ms, 500cycles)
Sun May 18 01:20:28 CEST 2014: 85: No solution found.
Sun May 18 01:20:28 CEST 2014: 86: finished (16ms, 20cycles)
Sun May 18 01:20:28 CEST 2014: 86: Solution found.
Sun May 18 01:20:28 CEST 2014: 87: finished (12ms, 13cycles)
Sun May 18 01:20:28 CEST 2014: 87: Solution found.
Sun May 18 01:20:29 CEST 2014: 88: finished (428ms, 500cycles)
Sun May 18 01:20:29 CEST 2014: 88: No solution found.
Sun May 18 01:20:29 CEST 2014: 89: finished (2ms, 3cycles)
Sun May 18 01:20:29 CEST 2014: 89: Solution found.
Sun May 18 01:20:29 CEST 2014: 90: finished (154ms, 500cycles)
Sun May 18 01:20:29 CEST 2014: 90: No solution found.
Sun May 18 01:20:29 CEST 2014: 91: finished (7ms, 21cycles)
Sun May 18 01:20:29 CEST 2014: 91: Solution found.
Sun May 18 01:20:29 CEST 2014: 92: finished (128ms, 500cycles)
Sun May 18 01:20:29 CEST 2014: 92: No solution found.
Sun May 18 01:20:29 CEST 2014: 93: finished (162ms, 500cycles)
Sun May 18 01:20:29 CEST 2014: 93: No solution found.
Sun May 18 01:20:29 CEST 2014: 94: finished (50ms, 147cycles)
Sun May 18 01:20:29 CEST 2014: 94: Solution found.
Sun May 18 01:20:29 CEST 2014: 95: finished (1ms, 1cycles)
Sun May 18 01:20:29 CEST 2014: 95: Solution found.
Sun May 18 01:20:29 CEST 2014: 96: finished (3ms, 8cycles)
Sun May 18 01:20:29 CEST 2014: 96: Solution found.
Sun May 18 01:20:29 CEST 2014: 97: finished (4ms, 11cycles)
Sun May 18 01:20:29 CEST 2014: 97: Solution found.
Sun May 18 01:20:29 CEST 2014: 98: finished (16ms, 43cycles)
Sun May 18 01:20:29 CEST 2014: 98: Solution found.
Sun May 18 01:20:30 CEST 2014: 99: finished (364ms, 500cycles)
Sun May 18 01:20:30 CEST 2014: 99: No solution found.
Sun May 18 01:20:30 CEST 2014: Solution Found: 60
Sun May 18 01:20:30 CEST 2014: Avg cycles: 38
Sun May 18 01:20:30 CEST 2014: Max cycles: 473
Sun May 18 01:20:30 CEST 2014: Min cycles: 1
Sun May 18 01:20:30 CEST 2014: No solution found: 40
Sun May 18 01:20:30 CEST 2014: logging finished. (runtime: 9228ms)
