Sun May 18 04:11:22 CEST 2014: Problem Count: 40
Sun May 18 04:11:22 CEST 2014: CandidatesCount: 40
Sun May 18 04:11:22 CEST 2014: Max Cycles: 500
Sun May 18 04:11:23 CEST 2014: 0: finished (177ms, 500cycles)
Sun May 18 04:11:23 CEST 2014: 0: No solution found.
Sun May 18 04:11:23 CEST 2014: 1: finished (313ms, 500cycles)
Sun May 18 04:11:23 CEST 2014: 1: No solution found.
Sun May 18 04:11:23 CEST 2014: 2: finished (159ms, 500cycles)
Sun May 18 04:11:23 CEST 2014: 2: No solution found.
Sun May 18 04:11:23 CEST 2014: 3: finished (179ms, 500cycles)
Sun May 18 04:11:23 CEST 2014: 3: No solution found.
Sun May 18 04:11:23 CEST 2014: 4: finished (183ms, 500cycles)
Sun May 18 04:11:23 CEST 2014: 4: No solution found.
Sun May 18 04:11:23 CEST 2014: 5: finished (9ms, 23cycles)
Sun May 18 04:11:23 CEST 2014: 5: Solution found.
Sun May 18 04:11:23 CEST 2014: 6: finished (36ms, 96cycles)
Sun May 18 04:11:23 CEST 2014: 6: Solution found.
Sun May 18 04:11:23 CEST 2014: 7: finished (27ms, 74cycles)
Sun May 18 04:11:23 CEST 2014: 7: Solution found.
Sun May 18 04:11:23 CEST 2014: 8: finished (5ms, 11cycles)
Sun May 18 04:11:23 CEST 2014: 8: Solution found.
Sun May 18 04:11:24 CEST 2014: 9: finished (181ms, 500cycles)
Sun May 18 04:11:24 CEST 2014: 9: No solution found.
Sun May 18 04:11:24 CEST 2014: 10: finished (187ms, 500cycles)
Sun May 18 04:11:24 CEST 2014: 10: No solution found.
Sun May 18 04:11:24 CEST 2014: 11: finished (18ms, 41cycles)
Sun May 18 04:11:24 CEST 2014: 11: Solution found.
Sun May 18 04:11:24 CEST 2014: 12: finished (160ms, 500cycles)
Sun May 18 04:11:24 CEST 2014: 12: No solution found.
Sun May 18 04:11:24 CEST 2014: 13: finished (8ms, 21cycles)
Sun May 18 04:11:24 CEST 2014: 13: Solution found.
Sun May 18 04:11:24 CEST 2014: 14: finished (6ms, 13cycles)
Sun May 18 04:11:24 CEST 2014: 14: Solution found.
Sun May 18 04:11:24 CEST 2014: 15: finished (4ms, 10cycles)
Sun May 18 04:11:24 CEST 2014: 15: Solution found.
Sun May 18 04:11:24 CEST 2014: 16: finished (160ms, 500cycles)
Sun May 18 04:11:24 CEST 2014: 16: No solution found.
Sun May 18 04:11:24 CEST 2014: 17: finished (168ms, 500cycles)
Sun May 18 04:11:24 CEST 2014: 17: No solution found.
Sun May 18 04:11:24 CEST 2014: 18: finished (8ms, 21cycles)
Sun May 18 04:11:24 CEST 2014: 18: Solution found.
Sun May 18 04:11:24 CEST 2014: 19: finished (2ms, 2cycles)
Sun May 18 04:11:24 CEST 2014: 19: Solution found.
Sun May 18 04:11:24 CEST 2014: 20: finished (1ms, 1cycles)
Sun May 18 04:11:24 CEST 2014: 20: Solution found.
Sun May 18 04:11:24 CEST 2014: 21: finished (8ms, 22cycles)
Sun May 18 04:11:24 CEST 2014: 21: Solution found.
Sun May 18 04:11:24 CEST 2014: 22: finished (20ms, 54cycles)
Sun May 18 04:11:24 CEST 2014: 22: Solution found.
Sun May 18 04:11:24 CEST 2014: 23: finished (16ms, 45cycles)
Sun May 18 04:11:24 CEST 2014: 23: Solution found.
Sun May 18 04:11:25 CEST 2014: 24: finished (163ms, 500cycles)
Sun May 18 04:11:25 CEST 2014: 24: No solution found.
Sun May 18 04:11:25 CEST 2014: 25: finished (46ms, 118cycles)
Sun May 18 04:11:25 CEST 2014: 25: Solution found.
Sun May 18 04:11:25 CEST 2014: 26: finished (4ms, 11cycles)
Sun May 18 04:11:25 CEST 2014: 26: Solution found.
Sun May 18 04:11:25 CEST 2014: 27: finished (15ms, 40cycles)
Sun May 18 04:11:25 CEST 2014: 27: Solution found.
Sun May 18 04:11:25 CEST 2014: 28: finished (76ms, 207cycles)
Sun May 18 04:11:25 CEST 2014: 28: Solution found.
Sun May 18 04:11:25 CEST 2014: 29: finished (14ms, 36cycles)
Sun May 18 04:11:25 CEST 2014: 29: Solution found.
Sun May 18 04:11:25 CEST 2014: 30: finished (7ms, 17cycles)
Sun May 18 04:11:25 CEST 2014: 30: Solution found.
Sun May 18 04:11:25 CEST 2014: 31: finished (4ms, 10cycles)
Sun May 18 04:11:25 CEST 2014: 31: Solution found.
Sun May 18 04:11:25 CEST 2014: 32: finished (3ms, 7cycles)
Sun May 18 04:11:25 CEST 2014: 32: Solution found.
Sun May 18 04:11:25 CEST 2014: 33: finished (17ms, 43cycles)
Sun May 18 04:11:25 CEST 2014: 33: Solution found.
Sun May 18 04:11:25 CEST 2014: 34: finished (19ms, 49cycles)
Sun May 18 04:11:25 CEST 2014: 34: Solution found.
Sun May 18 04:11:25 CEST 2014: 35: finished (158ms, 500cycles)
Sun May 18 04:11:25 CEST 2014: 35: No solution found.
Sun May 18 04:11:25 CEST 2014: 36: finished (155ms, 500cycles)
Sun May 18 04:11:25 CEST 2014: 36: No solution found.
Sun May 18 04:11:25 CEST 2014: 37: finished (5ms, 14cycles)
Sun May 18 04:11:25 CEST 2014: 37: Solution found.
Sun May 18 04:11:25 CEST 2014: 38: finished (5ms, 13cycles)
Sun May 18 04:11:25 CEST 2014: 38: Solution found.
Sun May 18 04:11:25 CEST 2014: 39: finished (173ms, 500cycles)
Sun May 18 04:11:25 CEST 2014: 39: No solution found.
Sun May 18 04:11:25 CEST 2014: 40: finished (185ms, 500cycles)
Sun May 18 04:11:25 CEST 2014: 40: No solution found.
Sun May 18 04:11:25 CEST 2014: 41: finished (9ms, 21cycles)
Sun May 18 04:11:25 CEST 2014: 41: Solution found.
Sun May 18 04:11:25 CEST 2014: 42: finished (13ms, 31cycles)
Sun May 18 04:11:25 CEST 2014: 42: Solution found.
Sun May 18 04:11:26 CEST 2014: 43: finished (185ms, 500cycles)
Sun May 18 04:11:26 CEST 2014: 43: No solution found.
Sun May 18 04:11:26 CEST 2014: 44: finished (9ms, 23cycles)
Sun May 18 04:11:26 CEST 2014: 44: Solution found.
Sun May 18 04:11:26 CEST 2014: 45: finished (160ms, 500cycles)
Sun May 18 04:11:26 CEST 2014: 45: No solution found.
Sun May 18 04:11:26 CEST 2014: 46: finished (174ms, 500cycles)
Sun May 18 04:11:26 CEST 2014: 46: No solution found.
Sun May 18 04:11:26 CEST 2014: 47: finished (16ms, 40cycles)
Sun May 18 04:11:26 CEST 2014: 47: Solution found.
Sun May 18 04:11:26 CEST 2014: 48: finished (168ms, 500cycles)
Sun May 18 04:11:26 CEST 2014: 48: No solution found.
Sun May 18 04:11:26 CEST 2014: 49: finished (8ms, 21cycles)
Sun May 18 04:11:26 CEST 2014: 49: Solution found.
Sun May 18 04:11:26 CEST 2014: 50: finished (6ms, 16cycles)
Sun May 18 04:11:26 CEST 2014: 50: Solution found.
Sun May 18 04:11:26 CEST 2014: 51: finished (158ms, 500cycles)
Sun May 18 04:11:26 CEST 2014: 51: No solution found.
Sun May 18 04:11:27 CEST 2014: 52: finished (163ms, 500cycles)
Sun May 18 04:11:27 CEST 2014: 52: No solution found.
Sun May 18 04:11:27 CEST 2014: 53: finished (160ms, 500cycles)
Sun May 18 04:11:27 CEST 2014: 53: No solution found.
Sun May 18 04:11:27 CEST 2014: 54: finished (5ms, 10cycles)
Sun May 18 04:11:27 CEST 2014: 54: Solution found.
Sun May 18 04:11:27 CEST 2014: 55: finished (167ms, 500cycles)
Sun May 18 04:11:27 CEST 2014: 55: No solution found.
Sun May 18 04:11:27 CEST 2014: 56: finished (18ms, 47cycles)
Sun May 18 04:11:27 CEST 2014: 56: Solution found.
Sun May 18 04:11:27 CEST 2014: 57: finished (172ms, 500cycles)
Sun May 18 04:11:27 CEST 2014: 57: No solution found.
Sun May 18 04:11:27 CEST 2014: 58: finished (158ms, 500cycles)
Sun May 18 04:11:27 CEST 2014: 58: No solution found.
Sun May 18 04:11:27 CEST 2014: 59: finished (185ms, 500cycles)
Sun May 18 04:11:27 CEST 2014: 59: No solution found.
Sun May 18 04:11:27 CEST 2014: 60: finished (4ms, 10cycles)
Sun May 18 04:11:27 CEST 2014: 60: Solution found.
Sun May 18 04:11:27 CEST 2014: 61: finished (65ms, 94cycles)
Sun May 18 04:11:27 CEST 2014: 61: Solution found.
Sun May 18 04:11:28 CEST 2014: 62: finished (170ms, 500cycles)
Sun May 18 04:11:28 CEST 2014: 62: No solution found.
Sun May 18 04:11:28 CEST 2014: 63: finished (6ms, 14cycles)
Sun May 18 04:11:28 CEST 2014: 63: Solution found.
Sun May 18 04:11:28 CEST 2014: 64: finished (11ms, 30cycles)
Sun May 18 04:11:28 CEST 2014: 64: Solution found.
Sun May 18 04:11:28 CEST 2014: 65: finished (11ms, 29cycles)
Sun May 18 04:11:28 CEST 2014: 65: Solution found.
Sun May 18 04:11:28 CEST 2014: 66: finished (15ms, 39cycles)
Sun May 18 04:11:28 CEST 2014: 66: Solution found.
Sun May 18 04:11:28 CEST 2014: 67: finished (154ms, 500cycles)
Sun May 18 04:11:28 CEST 2014: 67: No solution found.
Sun May 18 04:11:28 CEST 2014: 68: finished (14ms, 35cycles)
Sun May 18 04:11:28 CEST 2014: 68: Solution found.
Sun May 18 04:11:28 CEST 2014: 69: finished (161ms, 500cycles)
Sun May 18 04:11:28 CEST 2014: 69: No solution found.
Sun May 18 04:11:28 CEST 2014: 70: finished (191ms, 500cycles)
Sun May 18 04:11:28 CEST 2014: 70: No solution found.
Sun May 18 04:11:28 CEST 2014: 71: finished (157ms, 500cycles)
Sun May 18 04:11:28 CEST 2014: 71: No solution found.
Sun May 18 04:11:29 CEST 2014: 72: finished (197ms, 500cycles)
Sun May 18 04:11:29 CEST 2014: 72: No solution found.
Sun May 18 04:11:29 CEST 2014: 73: finished (21ms, 52cycles)
Sun May 18 04:11:29 CEST 2014: 73: Solution found.
Sun May 18 04:11:29 CEST 2014: 74: finished (6ms, 15cycles)
Sun May 18 04:11:29 CEST 2014: 74: Solution found.
Sun May 18 04:11:29 CEST 2014: 75: finished (159ms, 500cycles)
Sun May 18 04:11:29 CEST 2014: 75: No solution found.
Sun May 18 04:11:29 CEST 2014: 76: finished (161ms, 500cycles)
Sun May 18 04:11:29 CEST 2014: 76: No solution found.
Sun May 18 04:11:29 CEST 2014: 77: finished (13ms, 34cycles)
Sun May 18 04:11:29 CEST 2014: 77: Solution found.
Sun May 18 04:11:29 CEST 2014: 78: finished (3ms, 5cycles)
Sun May 18 04:11:29 CEST 2014: 78: Solution found.
Sun May 18 04:11:29 CEST 2014: 79: finished (177ms, 500cycles)
Sun May 18 04:11:29 CEST 2014: 79: No solution found.
Sun May 18 04:11:29 CEST 2014: 80: finished (154ms, 500cycles)
Sun May 18 04:11:29 CEST 2014: 80: No solution found.
Sun May 18 04:11:29 CEST 2014: 81: finished (21ms, 64cycles)
Sun May 18 04:11:29 CEST 2014: 81: Solution found.
Sun May 18 04:11:29 CEST 2014: 82: finished (165ms, 500cycles)
Sun May 18 04:11:29 CEST 2014: 82: No solution found.
Sun May 18 04:11:29 CEST 2014: 83: finished (34ms, 86cycles)
Sun May 18 04:11:29 CEST 2014: 83: Solution found.
Sun May 18 04:11:30 CEST 2014: 84: finished (185ms, 500cycles)
Sun May 18 04:11:30 CEST 2014: 84: No solution found.
Sun May 18 04:11:30 CEST 2014: 85: finished (166ms, 500cycles)
Sun May 18 04:11:30 CEST 2014: 85: No solution found.
Sun May 18 04:11:30 CEST 2014: 86: finished (161ms, 500cycles)
Sun May 18 04:11:30 CEST 2014: 86: No solution found.
Sun May 18 04:11:30 CEST 2014: 87: finished (16ms, 33cycles)
Sun May 18 04:11:30 CEST 2014: 87: Solution found.
Sun May 18 04:11:30 CEST 2014: 88: finished (155ms, 500cycles)
Sun May 18 04:11:30 CEST 2014: 88: No solution found.
Sun May 18 04:11:30 CEST 2014: 89: finished (10ms, 25cycles)
Sun May 18 04:11:30 CEST 2014: 89: Solution found.
Sun May 18 04:11:30 CEST 2014: 90: finished (8ms, 20cycles)
Sun May 18 04:11:30 CEST 2014: 90: Solution found.
Sun May 18 04:11:30 CEST 2014: 91: finished (2ms, 6cycles)
Sun May 18 04:11:30 CEST 2014: 91: Solution found.
Sun May 18 04:11:30 CEST 2014: 92: finished (6ms, 14cycles)
Sun May 18 04:11:30 CEST 2014: 92: Solution found.
Sun May 18 04:11:30 CEST 2014: 93: finished (164ms, 500cycles)
Sun May 18 04:11:30 CEST 2014: 93: No solution found.
Sun May 18 04:11:31 CEST 2014: 94: finished (169ms, 500cycles)
Sun May 18 04:11:31 CEST 2014: 94: No solution found.
Sun May 18 04:11:31 CEST 2014: 95: finished (167ms, 500cycles)
Sun May 18 04:11:31 CEST 2014: 95: No solution found.
Sun May 18 04:11:31 CEST 2014: 96: finished (13ms, 35cycles)
Sun May 18 04:11:31 CEST 2014: 96: Solution found.
Sun May 18 04:11:31 CEST 2014: 97: finished (27ms, 76cycles)
Sun May 18 04:11:31 CEST 2014: 97: Solution found.
Sun May 18 04:11:31 CEST 2014: 98: finished (159ms, 500cycles)
Sun May 18 04:11:31 CEST 2014: 98: No solution found.
Sun May 18 04:11:31 CEST 2014: 99: finished (113ms, 243cycles)
Sun May 18 04:11:31 CEST 2014: 99: Solution found.
Sun May 18 04:11:31 CEST 2014: Solution Found: 55
Sun May 18 04:11:31 CEST 2014: Avg cycles: 39
Sun May 18 04:11:31 CEST 2014: Max cycles: 243
Sun May 18 04:11:31 CEST 2014: Min cycles: 1
Sun May 18 04:11:31 CEST 2014: No solution found: 45
Sun May 18 04:11:31 CEST 2014: logging finished. (runtime: 8627ms)
