Sat May 17 21:27:48 CEST 2014: Problem Count: 30
Sat May 17 21:27:48 CEST 2014: CandidatesCount: 50
Sat May 17 21:27:48 CEST 2014: Max Cycles: 500
Sat May 17 21:27:49 CEST 2014: 0: finished (140ms, 500cycles)
Sat May 17 21:27:49 CEST 2014: 0: No solution found.
Sat May 17 21:27:49 CEST 2014: 1: finished (149ms, 500cycles)
Sat May 17 21:27:49 CEST 2014: 1: No solution found.
Sat May 17 21:27:49 CEST 2014: 2: finished (151ms, 500cycles)
Sat May 17 21:27:49 CEST 2014: 2: No solution found.
Sat May 17 21:27:49 CEST 2014: 3: finished (148ms, 500cycles)
Sat May 17 21:27:49 CEST 2014: 3: No solution found.
Sat May 17 21:27:49 CEST 2014: 4: finished (139ms, 500cycles)
Sat May 17 21:27:49 CEST 2014: 4: No solution found.
Sat May 17 21:27:49 CEST 2014: 5: finished (193ms, 500cycles)
Sat May 17 21:27:49 CEST 2014: 5: No solution found.
Sat May 17 21:27:49 CEST 2014: 6: finished (5ms, 12cycles)
Sat May 17 21:27:49 CEST 2014: 6: Solution found.
Sat May 17 21:27:49 CEST 2014: 7: finished (8ms, 21cycles)
Sat May 17 21:27:49 CEST 2014: 7: Solution found.
Sat May 17 21:27:49 CEST 2014: 8: finished (136ms, 500cycles)
Sat May 17 21:27:49 CEST 2014: 8: No solution found.
Sat May 17 21:27:50 CEST 2014: 9: finished (16ms, 53cycles)
Sat May 17 21:27:50 CEST 2014: 9: Solution found.
Sat May 17 21:27:50 CEST 2014: 10: finished (147ms, 500cycles)
Sat May 17 21:27:50 CEST 2014: 10: No solution found.
Sat May 17 21:27:50 CEST 2014: 11: finished (14ms, 44cycles)
Sat May 17 21:27:50 CEST 2014: 11: Solution found.
Sat May 17 21:27:50 CEST 2014: 12: finished (155ms, 500cycles)
Sat May 17 21:27:50 CEST 2014: 12: No solution found.
Sat May 17 21:27:50 CEST 2014: 13: finished (198ms, 500cycles)
Sat May 17 21:27:50 CEST 2014: 13: No solution found.
Sat May 17 21:27:50 CEST 2014: 14: finished (4ms, 10cycles)
Sat May 17 21:27:50 CEST 2014: 14: Solution found.
Sat May 17 21:27:50 CEST 2014: 15: finished (8ms, 24cycles)
Sat May 17 21:27:50 CEST 2014: 15: Solution found.
Sat May 17 21:27:50 CEST 2014: 16: finished (157ms, 500cycles)
Sat May 17 21:27:50 CEST 2014: 16: No solution found.
Sat May 17 21:27:50 CEST 2014: 17: finished (161ms, 500cycles)
Sat May 17 21:27:50 CEST 2014: 17: No solution found.
Sat May 17 21:27:50 CEST 2014: 18: finished (14ms, 42cycles)
Sat May 17 21:27:50 CEST 2014: 18: Solution found.
Sat May 17 21:27:50 CEST 2014: 19: finished (3ms, 6cycles)
Sat May 17 21:27:50 CEST 2014: 19: Solution found.
Sat May 17 21:27:51 CEST 2014: 20: finished (150ms, 500cycles)
Sat May 17 21:27:51 CEST 2014: 20: No solution found.
Sat May 17 21:27:51 CEST 2014: 21: finished (149ms, 500cycles)
Sat May 17 21:27:51 CEST 2014: 21: No solution found.
Sat May 17 21:27:51 CEST 2014: 22: finished (160ms, 500cycles)
Sat May 17 21:27:51 CEST 2014: 22: No solution found.
Sat May 17 21:27:51 CEST 2014: 23: finished (148ms, 500cycles)
Sat May 17 21:27:51 CEST 2014: 23: No solution found.
Sat May 17 21:27:51 CEST 2014: 24: finished (146ms, 500cycles)
Sat May 17 21:27:51 CEST 2014: 24: No solution found.
Sat May 17 21:27:51 CEST 2014: 25: finished (6ms, 18cycles)
Sat May 17 21:27:51 CEST 2014: 25: Solution found.
Sat May 17 21:27:51 CEST 2014: 26: finished (136ms, 500cycles)
Sat May 17 21:27:51 CEST 2014: 26: No solution found.
Sat May 17 21:27:51 CEST 2014: 27: finished (1ms, 3cycles)
Sat May 17 21:27:51 CEST 2014: 27: Solution found.
Sat May 17 21:27:51 CEST 2014: 28: finished (9ms, 26cycles)
Sat May 17 21:27:51 CEST 2014: 28: Solution found.
Sat May 17 21:27:51 CEST 2014: 29: finished (6ms, 12cycles)
Sat May 17 21:27:51 CEST 2014: 29: Solution found.
Sat May 17 21:27:51 CEST 2014: 30: finished (19ms, 49cycles)
Sat May 17 21:27:51 CEST 2014: 30: Solution found.
Sat May 17 21:27:51 CEST 2014: 31: finished (11ms, 29cycles)
Sat May 17 21:27:51 CEST 2014: 31: Solution found.
Sat May 17 21:27:51 CEST 2014: 32: finished (13ms, 35cycles)
Sat May 17 21:27:51 CEST 2014: 32: Solution found.
Sat May 17 21:27:51 CEST 2014: 33: finished (4ms, 11cycles)
Sat May 17 21:27:51 CEST 2014: 33: Solution found.
Sat May 17 21:27:51 CEST 2014: 34: finished (4ms, 10cycles)
Sat May 17 21:27:51 CEST 2014: 34: Solution found.
Sat May 17 21:27:51 CEST 2014: 35: finished (2ms, 5cycles)
Sat May 17 21:27:51 CEST 2014: 35: Solution found.
Sat May 17 21:27:51 CEST 2014: 36: finished (155ms, 500cycles)
Sat May 17 21:27:51 CEST 2014: 36: No solution found.
Sat May 17 21:27:52 CEST 2014: 37: finished (178ms, 500cycles)
Sat May 17 21:27:52 CEST 2014: 37: No solution found.
Sat May 17 21:27:52 CEST 2014: 38: finished (5ms, 12cycles)
Sat May 17 21:27:52 CEST 2014: 38: Solution found.
Sat May 17 21:27:52 CEST 2014: 39: finished (2ms, 2cycles)
Sat May 17 21:27:52 CEST 2014: 39: Solution found.
Sat May 17 21:27:52 CEST 2014: 40: finished (165ms, 500cycles)
Sat May 17 21:27:52 CEST 2014: 40: No solution found.
Sat May 17 21:27:52 CEST 2014: 41: finished (3ms, 8cycles)
Sat May 17 21:27:52 CEST 2014: 41: Solution found.
Sat May 17 21:27:52 CEST 2014: 42: finished (166ms, 500cycles)
Sat May 17 21:27:52 CEST 2014: 42: No solution found.
Sat May 17 21:27:52 CEST 2014: 43: finished (2ms, 3cycles)
Sat May 17 21:27:52 CEST 2014: 43: Solution found.
Sat May 17 21:27:52 CEST 2014: 44: finished (163ms, 500cycles)
Sat May 17 21:27:52 CEST 2014: 44: No solution found.
Sat May 17 21:27:52 CEST 2014: 45: finished (2ms, 5cycles)
Sat May 17 21:27:52 CEST 2014: 45: Solution found.
Sat May 17 21:27:52 CEST 2014: 46: finished (156ms, 500cycles)
Sat May 17 21:27:52 CEST 2014: 46: No solution found.
Sat May 17 21:27:52 CEST 2014: 47: finished (152ms, 500cycles)
Sat May 17 21:27:52 CEST 2014: 47: No solution found.
Sat May 17 21:27:53 CEST 2014: 48: finished (15ms, 41cycles)
Sat May 17 21:27:53 CEST 2014: 48: Solution found.
Sat May 17 21:27:53 CEST 2014: 49: finished (8ms, 23cycles)
Sat May 17 21:27:53 CEST 2014: 49: Solution found.
Sat May 17 21:27:53 CEST 2014: 50: finished (5ms, 14cycles)
Sat May 17 21:27:53 CEST 2014: 50: Solution found.
Sat May 17 21:27:53 CEST 2014: 51: finished (9ms, 28cycles)
Sat May 17 21:27:53 CEST 2014: 51: Solution found.
Sat May 17 21:27:53 CEST 2014: 52: finished (5ms, 12cycles)
Sat May 17 21:27:53 CEST 2014: 52: Solution found.
Sat May 17 21:27:53 CEST 2014: 53: finished (4ms, 11cycles)
Sat May 17 21:27:53 CEST 2014: 53: Solution found.
Sat May 17 21:27:53 CEST 2014: 54: finished (5ms, 13cycles)
Sat May 17 21:27:53 CEST 2014: 54: Solution found.
Sat May 17 21:27:53 CEST 2014: 55: finished (26ms, 64cycles)
Sat May 17 21:27:53 CEST 2014: 55: Solution found.
Sat May 17 21:27:53 CEST 2014: 56: finished (135ms, 500cycles)
Sat May 17 21:27:53 CEST 2014: 56: No solution found.
Sat May 17 21:27:53 CEST 2014: 57: finished (140ms, 500cycles)
Sat May 17 21:27:53 CEST 2014: 57: No solution found.
Sat May 17 21:27:53 CEST 2014: 58: finished (16ms, 48cycles)
Sat May 17 21:27:53 CEST 2014: 58: Solution found.
Sat May 17 21:27:53 CEST 2014: 59: finished (168ms, 500cycles)
Sat May 17 21:27:53 CEST 2014: 59: No solution found.
Sat May 17 21:27:53 CEST 2014: 60: finished (150ms, 500cycles)
Sat May 17 21:27:53 CEST 2014: 60: No solution found.
Sat May 17 21:27:53 CEST 2014: 61: finished (13ms, 36cycles)
Sat May 17 21:27:53 CEST 2014: 61: Solution found.
Sat May 17 21:27:53 CEST 2014: 62: finished (1ms, 2cycles)
Sat May 17 21:27:53 CEST 2014: 62: Solution found.
Sat May 17 21:27:53 CEST 2014: 63: finished (6ms, 14cycles)
Sat May 17 21:27:53 CEST 2014: 63: Solution found.
Sat May 17 21:27:53 CEST 2014: 64: finished (167ms, 500cycles)
Sat May 17 21:27:53 CEST 2014: 64: No solution found.
Sat May 17 21:27:53 CEST 2014: 65: finished (8ms, 19cycles)
Sat May 17 21:27:53 CEST 2014: 65: Solution found.
Sat May 17 21:27:54 CEST 2014: 66: finished (359ms, 500cycles)
Sat May 17 21:27:54 CEST 2014: 66: No solution found.
Sat May 17 21:27:54 CEST 2014: 67: finished (147ms, 161cycles)
Sat May 17 21:27:54 CEST 2014: 67: Solution found.
Sat May 17 21:27:54 CEST 2014: 68: finished (23ms, 24cycles)
Sat May 17 21:27:54 CEST 2014: 68: Solution found.
Sat May 17 21:27:54 CEST 2014: 69: finished (427ms, 500cycles)
Sat May 17 21:27:54 CEST 2014: 69: No solution found.
Sat May 17 21:27:54 CEST 2014: 70: finished (13ms, 13cycles)
Sat May 17 21:27:54 CEST 2014: 70: Solution found.
Sat May 17 21:27:55 CEST 2014: 71: finished (395ms, 500cycles)
Sat May 17 21:27:55 CEST 2014: 71: No solution found.
Sat May 17 21:27:55 CEST 2014: 72: finished (442ms, 500cycles)
Sat May 17 21:27:55 CEST 2014: 72: No solution found.
Sat May 17 21:27:56 CEST 2014: 73: finished (390ms, 500cycles)
Sat May 17 21:27:56 CEST 2014: 73: No solution found.
Sat May 17 21:27:56 CEST 2014: 74: finished (5ms, 4cycles)
Sat May 17 21:27:56 CEST 2014: 74: Solution found.
Sat May 17 21:27:56 CEST 2014: 75: finished (467ms, 500cycles)
Sat May 17 21:27:56 CEST 2014: 75: No solution found.
Sat May 17 21:27:56 CEST 2014: 76: finished (28ms, 30cycles)
Sat May 17 21:27:56 CEST 2014: 76: Solution found.
Sat May 17 21:27:56 CEST 2014: 77: finished (379ms, 500cycles)
Sat May 17 21:27:56 CEST 2014: 77: No solution found.
Sat May 17 21:27:56 CEST 2014: 78: finished (26ms, 29cycles)
Sat May 17 21:27:56 CEST 2014: 78: Solution found.
Sat May 17 21:27:56 CEST 2014: 79: finished (17ms, 16cycles)
Sat May 17 21:27:56 CEST 2014: 79: Solution found.
Sat May 17 21:27:57 CEST 2014: 80: finished (488ms, 500cycles)
Sat May 17 21:27:57 CEST 2014: 80: No solution found.
Sat May 17 21:27:57 CEST 2014: 81: finished (478ms, 500cycles)
Sat May 17 21:27:57 CEST 2014: 81: No solution found.
Sat May 17 21:27:57 CEST 2014: 82: finished (8ms, 8cycles)
Sat May 17 21:27:57 CEST 2014: 82: Solution found.
Sat May 17 21:27:57 CEST 2014: 83: finished (23ms, 24cycles)
Sat May 17 21:27:57 CEST 2014: 83: Solution found.
Sat May 17 21:27:57 CEST 2014: 84: finished (3ms, 2cycles)
Sat May 17 21:27:57 CEST 2014: 84: Solution found.
Sat May 17 21:27:58 CEST 2014: 85: finished (42ms, 48cycles)
Sat May 17 21:27:58 CEST 2014: 85: Solution found.
Sat May 17 21:27:58 CEST 2014: 86: finished (91ms, 97cycles)
Sat May 17 21:27:58 CEST 2014: 86: Solution found.
Sat May 17 21:27:58 CEST 2014: 87: finished (37ms, 42cycles)
Sat May 17 21:27:58 CEST 2014: 87: Solution found.
Sat May 17 21:27:58 CEST 2014: 88: finished (13ms, 14cycles)
Sat May 17 21:27:58 CEST 2014: 88: Solution found.
Sat May 17 21:27:58 CEST 2014: 89: finished (422ms, 500cycles)
Sat May 17 21:27:58 CEST 2014: 89: No solution found.
Sat May 17 21:27:58 CEST 2014: 90: finished (15ms, 45cycles)
Sat May 17 21:27:58 CEST 2014: 90: Solution found.
Sat May 17 21:27:58 CEST 2014: 91: finished (32ms, 103cycles)
Sat May 17 21:27:58 CEST 2014: 91: Solution found.
Sat May 17 21:27:58 CEST 2014: 92: finished (6ms, 16cycles)
Sat May 17 21:27:58 CEST 2014: 92: Solution found.
Sat May 17 21:27:58 CEST 2014: 93: finished (6ms, 16cycles)
Sat May 17 21:27:58 CEST 2014: 93: Solution found.
Sat May 17 21:27:58 CEST 2014: 94: finished (5ms, 14cycles)
Sat May 17 21:27:58 CEST 2014: 94: Solution found.
Sat May 17 21:27:58 CEST 2014: 95: finished (149ms, 500cycles)
Sat May 17 21:27:58 CEST 2014: 95: No solution found.
Sat May 17 21:27:58 CEST 2014: 96: finished (160ms, 500cycles)
Sat May 17 21:27:58 CEST 2014: 96: No solution found.
Sat May 17 21:27:58 CEST 2014: 97: finished (6ms, 17cycles)
Sat May 17 21:27:58 CEST 2014: 97: Solution found.
Sat May 17 21:27:58 CEST 2014: 98: finished (4ms, 11cycles)
Sat May 17 21:27:58 CEST 2014: 98: Solution found.
Sat May 17 21:27:58 CEST 2014: 99: finished (2ms, 3cycles)
Sat May 17 21:27:58 CEST 2014: 99: Solution found.
Sat May 17 21:27:58 CEST 2014: Solution Found: 58
Sat May 17 21:27:58 CEST 2014: Avg cycles: 25
Sat May 17 21:27:58 CEST 2014: Max cycles: 161
Sat May 17 21:27:58 CEST 2014: Min cycles: 2
Sat May 17 21:27:58 CEST 2014: No solution found: 42
Sat May 17 21:27:58 CEST 2014: logging finished. (runtime: 10071ms)
