Tue May 06 11:04:00 CEST 2014: Problem Count: 30
Tue May 06 11:04:00 CEST 2014: CandidatesCount: 20
Tue May 06 11:04:00 CEST 2014: Max Cycles: 500
Tue May 06 11:04:00 CEST 2014: 0: finished (7ms, 42cycles)
Tue May 06 11:04:00 CEST 2014: 0: Solution found.
Tue May 06 11:04:00 CEST 2014: 1: finished (7ms, 49cycles)
Tue May 06 11:04:00 CEST 2014: 1: Solution found.
Tue May 06 11:04:00 CEST 2014: 2: finished (55ms, 500cycles)
Tue May 06 11:04:00 CEST 2014: 2: No solution found.
Tue May 06 11:04:00 CEST 2014: 3: finished (60ms, 500cycles)
Tue May 06 11:04:00 CEST 2014: 3: No solution found.
Tue May 06 11:04:00 CEST 2014: 4: finished (56ms, 500cycles)
Tue May 06 11:04:00 CEST 2014: 4: No solution found.
Tue May 06 11:04:00 CEST 2014: 5: finished (63ms, 500cycles)
Tue May 06 11:04:00 CEST 2014: 5: No solution found.
Tue May 06 11:04:01 CEST 2014: 6: finished (60ms, 500cycles)
Tue May 06 11:04:01 CEST 2014: 6: No solution found.
Tue May 06 11:04:01 CEST 2014: 7: finished (56ms, 500cycles)
Tue May 06 11:04:01 CEST 2014: 7: No solution found.
Tue May 06 11:04:01 CEST 2014: 8: finished (20ms, 79cycles)
Tue May 06 11:04:01 CEST 2014: 8: Solution found.
Tue May 06 11:04:01 CEST 2014: 9: finished (3ms, 16cycles)
Tue May 06 11:04:01 CEST 2014: 9: Solution found.
Tue May 06 11:04:01 CEST 2014: 10: finished (72ms, 500cycles)
Tue May 06 11:04:01 CEST 2014: 10: No solution found.
Tue May 06 11:04:01 CEST 2014: 11: finished (57ms, 500cycles)
Tue May 06 11:04:01 CEST 2014: 11: No solution found.
Tue May 06 11:04:01 CEST 2014: 12: finished (57ms, 500cycles)
Tue May 06 11:04:01 CEST 2014: 12: No solution found.
Tue May 06 11:04:01 CEST 2014: 13: finished (60ms, 500cycles)
Tue May 06 11:04:01 CEST 2014: 13: No solution found.
Tue May 06 11:04:01 CEST 2014: 14: finished (4ms, 27cycles)
Tue May 06 11:04:01 CEST 2014: 14: Solution found.
Tue May 06 11:04:01 CEST 2014: 15: finished (3ms, 15cycles)
Tue May 06 11:04:01 CEST 2014: 15: Solution found.
Tue May 06 11:04:01 CEST 2014: 16: finished (2ms, 19cycles)
Tue May 06 11:04:01 CEST 2014: 16: Solution found.
Tue May 06 11:04:01 CEST 2014: 17: finished (53ms, 500cycles)
Tue May 06 11:04:01 CEST 2014: 17: No solution found.
Tue May 06 11:04:01 CEST 2014: 18: finished (54ms, 500cycles)
Tue May 06 11:04:01 CEST 2014: 18: No solution found.
Tue May 06 11:04:01 CEST 2014: 19: finished (60ms, 500cycles)
Tue May 06 11:04:01 CEST 2014: 19: No solution found.
Tue May 06 11:04:01 CEST 2014: 20: finished (147ms, 500cycles)
Tue May 06 11:04:01 CEST 2014: 20: No solution found.
Tue May 06 11:04:01 CEST 2014: 21: finished (3ms, 24cycles)
Tue May 06 11:04:01 CEST 2014: 21: Solution found.
Tue May 06 11:04:01 CEST 2014: 22: finished (53ms, 500cycles)
Tue May 06 11:04:01 CEST 2014: 22: No solution found.
Tue May 06 11:04:01 CEST 2014: 23: finished (43ms, 333cycles)
Tue May 06 11:04:01 CEST 2014: 23: Solution found.
Tue May 06 11:04:01 CEST 2014: 24: finished (7ms, 45cycles)
Tue May 06 11:04:01 CEST 2014: 24: Solution found.
Tue May 06 11:04:01 CEST 2014: 25: finished (10ms, 72cycles)
Tue May 06 11:04:01 CEST 2014: 25: Solution found.
Tue May 06 11:04:01 CEST 2014: 26: finished (4ms, 27cycles)
Tue May 06 11:04:01 CEST 2014: 26: Solution found.
Tue May 06 11:04:01 CEST 2014: 27: finished (55ms, 500cycles)
Tue May 06 11:04:01 CEST 2014: 27: No solution found.
Tue May 06 11:04:01 CEST 2014: 28: finished (56ms, 500cycles)
Tue May 06 11:04:01 CEST 2014: 28: No solution found.
Tue May 06 11:04:02 CEST 2014: 29: finished (89ms, 500cycles)
Tue May 06 11:04:02 CEST 2014: 29: No solution found.
Tue May 06 11:04:02 CEST 2014: 30: finished (76ms, 500cycles)
Tue May 06 11:04:02 CEST 2014: 30: No solution found.
Tue May 06 11:04:02 CEST 2014: 31: finished (2ms, 12cycles)
Tue May 06 11:04:02 CEST 2014: 31: Solution found.
Tue May 06 11:04:02 CEST 2014: 32: finished (5ms, 33cycles)
Tue May 06 11:04:02 CEST 2014: 32: Solution found.
Tue May 06 11:04:02 CEST 2014: 33: finished (1ms, 11cycles)
Tue May 06 11:04:02 CEST 2014: 33: Solution found.
Tue May 06 11:04:02 CEST 2014: 34: finished (15ms, 127cycles)
Tue May 06 11:04:02 CEST 2014: 34: Solution found.
Tue May 06 11:04:02 CEST 2014: 35: finished (4ms, 27cycles)
Tue May 06 11:04:02 CEST 2014: 35: Solution found.
Tue May 06 11:04:02 CEST 2014: 36: finished (3ms, 21cycles)
Tue May 06 11:04:02 CEST 2014: 36: Solution found.
Tue May 06 11:04:02 CEST 2014: 37: finished (1ms, 3cycles)
Tue May 06 11:04:02 CEST 2014: 37: Solution found.
Tue May 06 11:04:02 CEST 2014: 38: finished (9ms, 75cycles)
Tue May 06 11:04:02 CEST 2014: 38: Solution found.
Tue May 06 11:04:02 CEST 2014: 39: finished (63ms, 500cycles)
Tue May 06 11:04:02 CEST 2014: 39: No solution found.
Tue May 06 11:04:02 CEST 2014: 40: finished (3ms, 25cycles)
Tue May 06 11:04:02 CEST 2014: 40: Solution found.
Tue May 06 11:04:02 CEST 2014: 41: finished (12ms, 86cycles)
Tue May 06 11:04:02 CEST 2014: 41: Solution found.
Tue May 06 11:04:02 CEST 2014: 42: finished (58ms, 500cycles)
Tue May 06 11:04:02 CEST 2014: 42: No solution found.
Tue May 06 11:04:02 CEST 2014: 43: finished (2ms, 15cycles)
Tue May 06 11:04:02 CEST 2014: 43: Solution found.
Tue May 06 11:04:02 CEST 2014: 44: finished (59ms, 500cycles)
Tue May 06 11:04:02 CEST 2014: 44: No solution found.
Tue May 06 11:04:02 CEST 2014: 45: finished (65ms, 500cycles)
Tue May 06 11:04:02 CEST 2014: 45: No solution found.
Tue May 06 11:04:02 CEST 2014: 46: finished (68ms, 500cycles)
Tue May 06 11:04:02 CEST 2014: 46: No solution found.
Tue May 06 11:04:02 CEST 2014: 47: finished (59ms, 500cycles)
Tue May 06 11:04:02 CEST 2014: 47: No solution found.
Tue May 06 11:04:02 CEST 2014: 48: finished (57ms, 500cycles)
Tue May 06 11:04:02 CEST 2014: 48: No solution found.
Tue May 06 11:04:02 CEST 2014: 49: finished (53ms, 500cycles)
Tue May 06 11:04:02 CEST 2014: 49: No solution found.
Tue May 06 11:04:02 CEST 2014: 50: finished (12ms, 94cycles)
Tue May 06 11:04:02 CEST 2014: 50: Solution found.
Tue May 06 11:04:02 CEST 2014: 51: finished (55ms, 500cycles)
Tue May 06 11:04:02 CEST 2014: 51: No solution found.
Tue May 06 11:04:02 CEST 2014: 52: finished (55ms, 500cycles)
Tue May 06 11:04:02 CEST 2014: 52: No solution found.
Tue May 06 11:04:02 CEST 2014: 53: finished (2ms, 6cycles)
Tue May 06 11:04:02 CEST 2014: 53: Solution found.
Tue May 06 11:04:02 CEST 2014: 54: finished (58ms, 500cycles)
Tue May 06 11:04:02 CEST 2014: 54: No solution found.
Tue May 06 11:04:02 CEST 2014: 55: finished (3ms, 22cycles)
Tue May 06 11:04:02 CEST 2014: 55: Solution found.
Tue May 06 11:04:02 CEST 2014: 56: finished (54ms, 500cycles)
Tue May 06 11:04:02 CEST 2014: 56: No solution found.
Tue May 06 11:04:02 CEST 2014: 57: finished (4ms, 29cycles)
Tue May 06 11:04:02 CEST 2014: 57: Solution found.
Tue May 06 11:04:02 CEST 2014: 58: finished (2ms, 11cycles)
Tue May 06 11:04:02 CEST 2014: 58: Solution found.
Tue May 06 11:04:02 CEST 2014: 59: finished (3ms, 22cycles)
Tue May 06 11:04:02 CEST 2014: 59: Solution found.
Tue May 06 11:04:02 CEST 2014: 60: finished (57ms, 500cycles)
Tue May 06 11:04:02 CEST 2014: 60: No solution found.
Tue May 06 11:04:02 CEST 2014: 61: finished (3ms, 19cycles)
Tue May 06 11:04:02 CEST 2014: 61: Solution found.
Tue May 06 11:04:02 CEST 2014: 62: finished (41ms, 306cycles)
Tue May 06 11:04:02 CEST 2014: 62: Solution found.
Tue May 06 11:04:02 CEST 2014: 63: finished (1ms, 4cycles)
Tue May 06 11:04:02 CEST 2014: 63: Solution found.
Tue May 06 11:04:03 CEST 2014: 64: finished (60ms, 500cycles)
Tue May 06 11:04:03 CEST 2014: 64: No solution found.
Tue May 06 11:04:03 CEST 2014: 65: finished (70ms, 417cycles)
Tue May 06 11:04:03 CEST 2014: 65: Solution found.
Tue May 06 11:04:03 CEST 2014: 66: finished (1ms, 10cycles)
Tue May 06 11:04:03 CEST 2014: 66: Solution found.
Tue May 06 11:04:03 CEST 2014: 67: finished (58ms, 500cycles)
Tue May 06 11:04:03 CEST 2014: 67: No solution found.
Tue May 06 11:04:03 CEST 2014: 68: finished (1ms, 11cycles)
Tue May 06 11:04:03 CEST 2014: 68: Solution found.
Tue May 06 11:04:03 CEST 2014: 69: finished (2ms, 18cycles)
Tue May 06 11:04:03 CEST 2014: 69: Solution found.
Tue May 06 11:04:03 CEST 2014: 70: finished (60ms, 500cycles)
Tue May 06 11:04:03 CEST 2014: 70: No solution found.
Tue May 06 11:04:03 CEST 2014: 71: finished (3ms, 16cycles)
Tue May 06 11:04:03 CEST 2014: 71: Solution found.
Tue May 06 11:04:03 CEST 2014: 72: finished (12ms, 101cycles)
Tue May 06 11:04:03 CEST 2014: 72: Solution found.
Tue May 06 11:04:03 CEST 2014: 73: finished (1ms, 6cycles)
Tue May 06 11:04:03 CEST 2014: 73: Solution found.
Tue May 06 11:04:03 CEST 2014: 74: finished (5ms, 38cycles)
Tue May 06 11:04:03 CEST 2014: 74: Solution found.
Tue May 06 11:04:03 CEST 2014: 75: finished (44ms, 237cycles)
Tue May 06 11:04:03 CEST 2014: 75: Solution found.
Tue May 06 11:04:03 CEST 2014: 76: finished (59ms, 500cycles)
Tue May 06 11:04:03 CEST 2014: 76: No solution found.
Tue May 06 11:04:03 CEST 2014: 77: finished (71ms, 500cycles)
Tue May 06 11:04:03 CEST 2014: 77: No solution found.
Tue May 06 11:04:03 CEST 2014: 78: finished (71ms, 500cycles)
Tue May 06 11:04:03 CEST 2014: 78: No solution found.
Tue May 06 11:04:03 CEST 2014: 79: finished (66ms, 500cycles)
Tue May 06 11:04:03 CEST 2014: 79: No solution found.
Tue May 06 11:04:03 CEST 2014: 80: finished (4ms, 25cycles)
Tue May 06 11:04:03 CEST 2014: 80: Solution found.
Tue May 06 11:04:03 CEST 2014: 81: finished (55ms, 500cycles)
Tue May 06 11:04:03 CEST 2014: 81: No solution found.
Tue May 06 11:04:03 CEST 2014: 82: finished (68ms, 500cycles)
Tue May 06 11:04:03 CEST 2014: 82: No solution found.
Tue May 06 11:04:03 CEST 2014: 83: finished (65ms, 500cycles)
Tue May 06 11:04:03 CEST 2014: 83: No solution found.
Tue May 06 11:04:03 CEST 2014: 84: finished (57ms, 500cycles)
Tue May 06 11:04:03 CEST 2014: 84: No solution found.
Tue May 06 11:04:03 CEST 2014: 85: finished (55ms, 500cycles)
Tue May 06 11:04:03 CEST 2014: 85: No solution found.
Tue May 06 11:04:03 CEST 2014: 86: finished (68ms, 500cycles)
Tue May 06 11:04:03 CEST 2014: 86: No solution found.
Tue May 06 11:04:04 CEST 2014: 87: finished (61ms, 500cycles)
Tue May 06 11:04:04 CEST 2014: 87: No solution found.
Tue May 06 11:04:04 CEST 2014: 88: finished (62ms, 500cycles)
Tue May 06 11:04:04 CEST 2014: 88: No solution found.
Tue May 06 11:04:04 CEST 2014: 89: finished (55ms, 500cycles)
Tue May 06 11:04:04 CEST 2014: 89: No solution found.
Tue May 06 11:04:04 CEST 2014: 90: finished (55ms, 500cycles)
Tue May 06 11:04:04 CEST 2014: 90: No solution found.
Tue May 06 11:04:04 CEST 2014: 91: finished (56ms, 500cycles)
Tue May 06 11:04:04 CEST 2014: 91: No solution found.
Tue May 06 11:04:04 CEST 2014: 92: finished (59ms, 500cycles)
Tue May 06 11:04:04 CEST 2014: 92: No solution found.
Tue May 06 11:04:04 CEST 2014: 93: finished (72ms, 500cycles)
Tue May 06 11:04:04 CEST 2014: 93: No solution found.
Tue May 06 11:04:04 CEST 2014: 94: finished (3ms, 26cycles)
Tue May 06 11:04:04 CEST 2014: 94: Solution found.
Tue May 06 11:04:04 CEST 2014: 95: finished (17ms, 125cycles)
Tue May 06 11:04:04 CEST 2014: 95: Solution found.
Tue May 06 11:04:04 CEST 2014: 96: finished (5ms, 36cycles)
Tue May 06 11:04:04 CEST 2014: 96: Solution found.
Tue May 06 11:04:04 CEST 2014: 97: finished (4ms, 32cycles)
Tue May 06 11:04:04 CEST 2014: 97: Solution found.
Tue May 06 11:04:04 CEST 2014: 98: finished (59ms, 500cycles)
Tue May 06 11:04:04 CEST 2014: 98: No solution found.
Tue May 06 11:04:04 CEST 2014: 99: finished (57ms, 500cycles)
Tue May 06 11:04:04 CEST 2014: 99: No solution found.
Tue May 06 11:04:04 CEST 2014: Solution Found: 46
Tue May 06 11:04:04 CEST 2014: Avg cycles: 60
Tue May 06 11:04:04 CEST 2014: Max cycles: 417
Tue May 06 11:04:04 CEST 2014: Min cycles: 3
Tue May 06 11:04:04 CEST 2014: No solution found: 54
Tue May 06 11:04:04 CEST 2014: logging finished. (runtime: 3775ms)
