Sat May 17 21:25:22 CEST 2014: Problem Count: 20
Sat May 17 21:25:22 CEST 2014: CandidatesCount: 10
Sat May 17 21:25:22 CEST 2014: Max Cycles: 500
Sat May 17 21:25:22 CEST 2014: 0: finished (20ms, 500cycles)
Sat May 17 21:25:22 CEST 2014: 0: No solution found.
Sat May 17 21:25:22 CEST 2014: 1: finished (20ms, 500cycles)
Sat May 17 21:25:22 CEST 2014: 1: No solution found.
Sat May 17 21:25:22 CEST 2014: 2: finished (20ms, 500cycles)
Sat May 17 21:25:22 CEST 2014: 2: No solution found.
Sat May 17 21:25:22 CEST 2014: 3: finished (1ms, 8cycles)
Sat May 17 21:25:22 CEST 2014: 3: Solution found.
Sat May 17 21:25:22 CEST 2014: 4: finished (1ms, 30cycles)
Sat May 17 21:25:22 CEST 2014: 4: Solution found.
Sat May 17 21:25:22 CEST 2014: 5: finished (18ms, 500cycles)
Sat May 17 21:25:22 CEST 2014: 5: No solution found.
Sat May 17 21:25:22 CEST 2014: 6: finished (16ms, 500cycles)
Sat May 17 21:25:22 CEST 2014: 6: No solution found.
Sat May 17 21:25:22 CEST 2014: 7: finished (19ms, 500cycles)
Sat May 17 21:25:22 CEST 2014: 7: No solution found.
Sat May 17 21:25:22 CEST 2014: 8: finished (19ms, 500cycles)
Sat May 17 21:25:22 CEST 2014: 8: No solution found.
Sat May 17 21:25:22 CEST 2014: 9: finished (31ms, 500cycles)
Sat May 17 21:25:22 CEST 2014: 9: No solution found.
Sat May 17 21:25:22 CEST 2014: 10: finished (20ms, 500cycles)
Sat May 17 21:25:22 CEST 2014: 10: No solution found.
Sat May 17 21:25:22 CEST 2014: 11: finished (1ms, 9cycles)
Sat May 17 21:25:22 CEST 2014: 11: Solution found.
Sat May 17 21:25:22 CEST 2014: 12: finished (23ms, 500cycles)
Sat May 17 21:25:22 CEST 2014: 12: No solution found.
Sat May 17 21:25:22 CEST 2014: 13: finished (18ms, 500cycles)
Sat May 17 21:25:22 CEST 2014: 13: No solution found.
Sat May 17 21:25:22 CEST 2014: 14: finished (19ms, 500cycles)
Sat May 17 21:25:22 CEST 2014: 14: No solution found.
Sat May 17 21:25:22 CEST 2014: 15: finished (59ms, 500cycles)
Sat May 17 21:25:22 CEST 2014: 15: No solution found.
Sat May 17 21:25:22 CEST 2014: 16: finished (22ms, 500cycles)
Sat May 17 21:25:22 CEST 2014: 16: No solution found.
Sat May 17 21:25:22 CEST 2014: 17: finished (18ms, 500cycles)
Sat May 17 21:25:22 CEST 2014: 17: No solution found.
Sat May 17 21:25:22 CEST 2014: 18: finished (20ms, 500cycles)
Sat May 17 21:25:22 CEST 2014: 18: No solution found.
Sat May 17 21:25:23 CEST 2014: 19: finished (18ms, 500cycles)
Sat May 17 21:25:23 CEST 2014: 19: No solution found.
Sat May 17 21:25:23 CEST 2014: 20: finished (1ms, 21cycles)
Sat May 17 21:25:23 CEST 2014: 20: Solution found.
Sat May 17 21:25:23 CEST 2014: 21: finished (19ms, 500cycles)
Sat May 17 21:25:23 CEST 2014: 21: No solution found.
Sat May 17 21:25:23 CEST 2014: 22: finished (19ms, 500cycles)
Sat May 17 21:25:23 CEST 2014: 22: No solution found.
Sat May 17 21:25:23 CEST 2014: 23: finished (19ms, 500cycles)
Sat May 17 21:25:23 CEST 2014: 23: No solution found.
Sat May 17 21:25:23 CEST 2014: 24: finished (9ms, 116cycles)
Sat May 17 21:25:23 CEST 2014: 24: Solution found.
Sat May 17 21:25:23 CEST 2014: 25: finished (18ms, 500cycles)
Sat May 17 21:25:23 CEST 2014: 25: No solution found.
Sat May 17 21:25:23 CEST 2014: 26: finished (4ms, 75cycles)
Sat May 17 21:25:23 CEST 2014: 26: Solution found.
Sat May 17 21:25:23 CEST 2014: 27: finished (18ms, 500cycles)
Sat May 17 21:25:23 CEST 2014: 27: No solution found.
Sat May 17 21:25:23 CEST 2014: 28: finished (0ms, 15cycles)
Sat May 17 21:25:23 CEST 2014: 28: Solution found.
Sat May 17 21:25:23 CEST 2014: 29: finished (20ms, 500cycles)
Sat May 17 21:25:23 CEST 2014: 29: No solution found.
Sat May 17 21:25:23 CEST 2014: 30: finished (21ms, 500cycles)
Sat May 17 21:25:23 CEST 2014: 30: No solution found.
Sat May 17 21:25:23 CEST 2014: 31: finished (17ms, 500cycles)
Sat May 17 21:25:23 CEST 2014: 31: No solution found.
Sat May 17 21:25:23 CEST 2014: 32: finished (16ms, 500cycles)
Sat May 17 21:25:23 CEST 2014: 32: No solution found.
Sat May 17 21:25:23 CEST 2014: 33: finished (29ms, 500cycles)
Sat May 17 21:25:23 CEST 2014: 33: No solution found.
Sat May 17 21:25:23 CEST 2014: 34: finished (1ms, 27cycles)
Sat May 17 21:25:23 CEST 2014: 34: Solution found.
Sat May 17 21:25:23 CEST 2014: 35: finished (22ms, 500cycles)
Sat May 17 21:25:23 CEST 2014: 35: No solution found.
Sat May 17 21:25:23 CEST 2014: 36: finished (1ms, 22cycles)
Sat May 17 21:25:23 CEST 2014: 36: Solution found.
Sat May 17 21:25:23 CEST 2014: 37: finished (20ms, 158cycles)
Sat May 17 21:25:23 CEST 2014: 37: Solution found.
Sat May 17 21:25:23 CEST 2014: 38: finished (11ms, 274cycles)
Sat May 17 21:25:23 CEST 2014: 38: Solution found.
Sat May 17 21:25:23 CEST 2014: 39: finished (5ms, 114cycles)
Sat May 17 21:25:23 CEST 2014: 39: Solution found.
Sat May 17 21:25:23 CEST 2014: 40: finished (21ms, 500cycles)
Sat May 17 21:25:23 CEST 2014: 40: No solution found.
Sat May 17 21:25:23 CEST 2014: 41: finished (0ms, 4cycles)
Sat May 17 21:25:23 CEST 2014: 41: Solution found.
Sat May 17 21:25:23 CEST 2014: 42: finished (19ms, 500cycles)
Sat May 17 21:25:23 CEST 2014: 42: No solution found.
Sat May 17 21:25:23 CEST 2014: 43: finished (34ms, 500cycles)
Sat May 17 21:25:23 CEST 2014: 43: No solution found.
Sat May 17 21:25:23 CEST 2014: 44: finished (18ms, 500cycles)
Sat May 17 21:25:23 CEST 2014: 44: No solution found.
Sat May 17 21:25:23 CEST 2014: 45: finished (22ms, 500cycles)
Sat May 17 21:25:23 CEST 2014: 45: No solution found.
Sat May 17 21:25:23 CEST 2014: 46: finished (18ms, 500cycles)
Sat May 17 21:25:23 CEST 2014: 46: No solution found.
Sat May 17 21:25:23 CEST 2014: 47: finished (24ms, 500cycles)
Sat May 17 21:25:23 CEST 2014: 47: No solution found.
Sat May 17 21:25:23 CEST 2014: 48: finished (1ms, 23cycles)
Sat May 17 21:25:23 CEST 2014: 48: Solution found.
Sat May 17 21:25:23 CEST 2014: 49: finished (0ms, 18cycles)
Sat May 17 21:25:23 CEST 2014: 49: Solution found.
Sat May 17 21:25:23 CEST 2014: 50: finished (22ms, 500cycles)
Sat May 17 21:25:23 CEST 2014: 50: No solution found.
Sat May 17 21:25:23 CEST 2014: 51: finished (21ms, 500cycles)
Sat May 17 21:25:23 CEST 2014: 51: No solution found.
Sat May 17 21:25:23 CEST 2014: 52: finished (28ms, 500cycles)
Sat May 17 21:25:23 CEST 2014: 52: No solution found.
Sat May 17 21:25:23 CEST 2014: 53: finished (1ms, 29cycles)
Sat May 17 21:25:23 CEST 2014: 53: Solution found.
Sat May 17 21:25:23 CEST 2014: 54: finished (68ms, 500cycles)
Sat May 17 21:25:23 CEST 2014: 54: No solution found.
Sat May 17 21:25:23 CEST 2014: 55: finished (2ms, 31cycles)
Sat May 17 21:25:23 CEST 2014: 55: Solution found.
Sat May 17 21:25:23 CEST 2014: 56: finished (2ms, 46cycles)
Sat May 17 21:25:23 CEST 2014: 56: Solution found.
Sat May 17 21:25:23 CEST 2014: 57: finished (18ms, 500cycles)
Sat May 17 21:25:23 CEST 2014: 57: No solution found.
Sat May 17 21:25:23 CEST 2014: 58: finished (17ms, 500cycles)
Sat May 17 21:25:23 CEST 2014: 58: No solution found.
Sat May 17 21:25:23 CEST 2014: 59: finished (18ms, 500cycles)
Sat May 17 21:25:23 CEST 2014: 59: No solution found.
Sat May 17 21:25:23 CEST 2014: 60: finished (98ms, 500cycles)
Sat May 17 21:25:23 CEST 2014: 60: No solution found.
Sat May 17 21:25:23 CEST 2014: 61: finished (23ms, 500cycles)
Sat May 17 21:25:23 CEST 2014: 61: No solution found.
Sat May 17 21:25:23 CEST 2014: 62: finished (19ms, 500cycles)
Sat May 17 21:25:23 CEST 2014: 62: No solution found.
Sat May 17 21:25:23 CEST 2014: 63: finished (1ms, 33cycles)
Sat May 17 21:25:23 CEST 2014: 63: Solution found.
Sat May 17 21:25:23 CEST 2014: 64: finished (21ms, 500cycles)
Sat May 17 21:25:23 CEST 2014: 64: No solution found.
Sat May 17 21:25:23 CEST 2014: 65: finished (1ms, 18cycles)
Sat May 17 21:25:23 CEST 2014: 65: Solution found.
Sat May 17 21:25:23 CEST 2014: 66: finished (18ms, 500cycles)
Sat May 17 21:25:23 CEST 2014: 66: No solution found.
Sat May 17 21:25:23 CEST 2014: 67: finished (19ms, 500cycles)
Sat May 17 21:25:23 CEST 2014: 67: No solution found.
Sat May 17 21:25:23 CEST 2014: 68: finished (1ms, 20cycles)
Sat May 17 21:25:23 CEST 2014: 68: Solution found.
Sat May 17 21:25:23 CEST 2014: 69: finished (17ms, 500cycles)
Sat May 17 21:25:23 CEST 2014: 69: No solution found.
Sat May 17 21:25:23 CEST 2014: 70: finished (1ms, 13cycles)
Sat May 17 21:25:23 CEST 2014: 70: Solution found.
Sat May 17 21:25:23 CEST 2014: 71: finished (18ms, 500cycles)
Sat May 17 21:25:23 CEST 2014: 71: No solution found.
Sat May 17 21:25:23 CEST 2014: 72: finished (5ms, 103cycles)
Sat May 17 21:25:23 CEST 2014: 72: Solution found.
Sat May 17 21:25:23 CEST 2014: 73: finished (21ms, 500cycles)
Sat May 17 21:25:23 CEST 2014: 73: No solution found.
Sat May 17 21:25:23 CEST 2014: 74: finished (1ms, 21cycles)
Sat May 17 21:25:23 CEST 2014: 74: Solution found.
Sat May 17 21:25:23 CEST 2014: 75: finished (1ms, 22cycles)
Sat May 17 21:25:23 CEST 2014: 75: Solution found.
Sat May 17 21:25:23 CEST 2014: 76: finished (27ms, 500cycles)
Sat May 17 21:25:23 CEST 2014: 76: No solution found.
Sat May 17 21:25:23 CEST 2014: 77: finished (29ms, 500cycles)
Sat May 17 21:25:23 CEST 2014: 77: No solution found.
Sat May 17 21:25:23 CEST 2014: 78: finished (2ms, 39cycles)
Sat May 17 21:25:23 CEST 2014: 78: Solution found.
Sat May 17 21:25:23 CEST 2014: 79: finished (1ms, 34cycles)
Sat May 17 21:25:23 CEST 2014: 79: Solution found.
Sat May 17 21:25:23 CEST 2014: 80: finished (2ms, 45cycles)
Sat May 17 21:25:23 CEST 2014: 80: Solution found.
Sat May 17 21:25:23 CEST 2014: 81: finished (18ms, 500cycles)
Sat May 17 21:25:23 CEST 2014: 81: No solution found.
Sat May 17 21:25:24 CEST 2014: 82: finished (18ms, 500cycles)
Sat May 17 21:25:24 CEST 2014: 82: No solution found.
Sat May 17 21:25:24 CEST 2014: 83: finished (20ms, 500cycles)
Sat May 17 21:25:24 CEST 2014: 83: No solution found.
Sat May 17 21:25:24 CEST 2014: 84: finished (25ms, 500cycles)
Sat May 17 21:25:24 CEST 2014: 84: No solution found.
Sat May 17 21:25:24 CEST 2014: 85: finished (18ms, 500cycles)
Sat May 17 21:25:24 CEST 2014: 85: No solution found.
Sat May 17 21:25:24 CEST 2014: 86: finished (67ms, 369cycles)
Sat May 17 21:25:24 CEST 2014: 86: Solution found.
Sat May 17 21:25:24 CEST 2014: 87: finished (18ms, 500cycles)
Sat May 17 21:25:24 CEST 2014: 87: No solution found.
Sat May 17 21:25:24 CEST 2014: 88: finished (19ms, 500cycles)
Sat May 17 21:25:24 CEST 2014: 88: No solution found.
Sat May 17 21:25:24 CEST 2014: 89: finished (20ms, 500cycles)
Sat May 17 21:25:24 CEST 2014: 89: No solution found.
Sat May 17 21:25:24 CEST 2014: 90: finished (62ms, 500cycles)
Sat May 17 21:25:24 CEST 2014: 90: No solution found.
Sat May 17 21:25:24 CEST 2014: 91: finished (17ms, 500cycles)
Sat May 17 21:25:24 CEST 2014: 91: No solution found.
Sat May 17 21:25:24 CEST 2014: 92: finished (18ms, 500cycles)
Sat May 17 21:25:24 CEST 2014: 92: No solution found.
Sat May 17 21:25:24 CEST 2014: 93: finished (22ms, 500cycles)
Sat May 17 21:25:24 CEST 2014: 93: No solution found.
Sat May 17 21:25:24 CEST 2014: 94: finished (18ms, 500cycles)
Sat May 17 21:25:24 CEST 2014: 94: No solution found.
Sat May 17 21:25:24 CEST 2014: 95: finished (1ms, 15cycles)
Sat May 17 21:25:24 CEST 2014: 95: Solution found.
Sat May 17 21:25:24 CEST 2014: 96: finished (27ms, 500cycles)
Sat May 17 21:25:24 CEST 2014: 96: No solution found.
Sat May 17 21:25:24 CEST 2014: 97: finished (17ms, 500cycles)
Sat May 17 21:25:24 CEST 2014: 97: No solution found.
Sat May 17 21:25:24 CEST 2014: 98: finished (18ms, 500cycles)
Sat May 17 21:25:24 CEST 2014: 98: No solution found.
Sat May 17 21:25:24 CEST 2014: 99: finished (17ms, 500cycles)
Sat May 17 21:25:24 CEST 2014: 99: No solution found.
Sat May 17 21:25:24 CEST 2014: Solution Found: 30
Sat May 17 21:25:24 CEST 2014: Avg cycles: 58
Sat May 17 21:25:24 CEST 2014: Max cycles: 369
Sat May 17 21:25:24 CEST 2014: Min cycles: 4
Sat May 17 21:25:24 CEST 2014: No solution found: 70
Sat May 17 21:25:24 CEST 2014: logging finished. (runtime: 1795ms)
