Sun May 18 00:54:36 CEST 2014: Problem Count: 30
Sun May 18 00:54:36 CEST 2014: CandidatesCount: 10
Sun May 18 00:54:36 CEST 2014: Max Cycles: 500
Sun May 18 00:54:36 CEST 2014: 0: finished (32ms, 500cycles)
Sun May 18 00:54:36 CEST 2014: 0: No solution found.
Sun May 18 00:54:36 CEST 2014: 1: finished (30ms, 500cycles)
Sun May 18 00:54:36 CEST 2014: 1: No solution found.
Sun May 18 00:54:36 CEST 2014: 2: finished (29ms, 500cycles)
Sun May 18 00:54:36 CEST 2014: 2: No solution found.
Sun May 18 00:54:36 CEST 2014: 3: finished (34ms, 500cycles)
Sun May 18 00:54:36 CEST 2014: 3: No solution found.
Sun May 18 00:54:36 CEST 2014: 4: finished (27ms, 500cycles)
Sun May 18 00:54:36 CEST 2014: 4: No solution found.
Sun May 18 00:54:36 CEST 2014: 5: finished (30ms, 500cycles)
Sun May 18 00:54:36 CEST 2014: 5: No solution found.
Sun May 18 00:54:36 CEST 2014: 6: finished (29ms, 500cycles)
Sun May 18 00:54:36 CEST 2014: 6: No solution found.
Sun May 18 00:54:36 CEST 2014: 7: finished (32ms, 500cycles)
Sun May 18 00:54:36 CEST 2014: 7: No solution found.
Sun May 18 00:54:36 CEST 2014: 8: finished (29ms, 500cycles)
Sun May 18 00:54:36 CEST 2014: 8: No solution found.
Sun May 18 00:54:36 CEST 2014: 9: finished (27ms, 500cycles)
Sun May 18 00:54:36 CEST 2014: 9: No solution found.
Sun May 18 00:54:37 CEST 2014: 10: finished (8ms, 114cycles)
Sun May 18 00:54:37 CEST 2014: 10: Solution found.
Sun May 18 00:54:37 CEST 2014: 11: finished (30ms, 500cycles)
Sun May 18 00:54:37 CEST 2014: 11: No solution found.
Sun May 18 00:54:37 CEST 2014: 12: finished (96ms, 500cycles)
Sun May 18 00:54:37 CEST 2014: 12: No solution found.
Sun May 18 00:54:37 CEST 2014: 13: finished (29ms, 500cycles)
Sun May 18 00:54:37 CEST 2014: 13: No solution found.
Sun May 18 00:54:37 CEST 2014: 14: finished (28ms, 500cycles)
Sun May 18 00:54:37 CEST 2014: 14: No solution found.
Sun May 18 00:54:37 CEST 2014: 15: finished (32ms, 500cycles)
Sun May 18 00:54:37 CEST 2014: 15: No solution found.
Sun May 18 00:54:37 CEST 2014: 16: finished (5ms, 70cycles)
Sun May 18 00:54:37 CEST 2014: 16: Solution found.
Sun May 18 00:54:37 CEST 2014: 17: finished (26ms, 500cycles)
Sun May 18 00:54:37 CEST 2014: 17: No solution found.
Sun May 18 00:54:37 CEST 2014: 18: finished (30ms, 500cycles)
Sun May 18 00:54:37 CEST 2014: 18: No solution found.
Sun May 18 00:54:37 CEST 2014: 19: finished (35ms, 500cycles)
Sun May 18 00:54:37 CEST 2014: 19: No solution found.
Sun May 18 00:54:37 CEST 2014: 20: finished (1ms, 1cycles)
Sun May 18 00:54:37 CEST 2014: 20: Solution found.
Sun May 18 00:54:37 CEST 2014: 21: finished (35ms, 500cycles)
Sun May 18 00:54:37 CEST 2014: 21: No solution found.
Sun May 18 00:54:37 CEST 2014: 22: finished (5ms, 72cycles)
Sun May 18 00:54:37 CEST 2014: 22: Solution found.
Sun May 18 00:54:37 CEST 2014: 23: finished (27ms, 500cycles)
Sun May 18 00:54:37 CEST 2014: 23: No solution found.
Sun May 18 00:54:37 CEST 2014: 24: finished (31ms, 500cycles)
Sun May 18 00:54:37 CEST 2014: 24: No solution found.
Sun May 18 00:54:37 CEST 2014: 25: finished (1ms, 9cycles)
Sun May 18 00:54:37 CEST 2014: 25: Solution found.
Sun May 18 00:54:37 CEST 2014: 26: finished (31ms, 500cycles)
Sun May 18 00:54:37 CEST 2014: 26: No solution found.
Sun May 18 00:54:37 CEST 2014: 27: finished (2ms, 31cycles)
Sun May 18 00:54:37 CEST 2014: 27: Solution found.
Sun May 18 00:54:37 CEST 2014: 28: finished (27ms, 500cycles)
Sun May 18 00:54:37 CEST 2014: 28: No solution found.
Sun May 18 00:54:37 CEST 2014: 29: finished (31ms, 500cycles)
Sun May 18 00:54:37 CEST 2014: 29: No solution found.
Sun May 18 00:54:37 CEST 2014: 30: finished (27ms, 500cycles)
Sun May 18 00:54:37 CEST 2014: 30: No solution found.
Sun May 18 00:54:37 CEST 2014: 31: finished (12ms, 178cycles)
Sun May 18 00:54:37 CEST 2014: 31: Solution found.
Sun May 18 00:54:37 CEST 2014: 32: finished (6ms, 79cycles)
Sun May 18 00:54:37 CEST 2014: 32: Solution found.
Sun May 18 00:54:37 CEST 2014: 33: finished (37ms, 500cycles)
Sun May 18 00:54:37 CEST 2014: 33: No solution found.
Sun May 18 00:54:37 CEST 2014: 34: finished (27ms, 500cycles)
Sun May 18 00:54:37 CEST 2014: 34: No solution found.
Sun May 18 00:54:37 CEST 2014: 35: finished (4ms, 64cycles)
Sun May 18 00:54:37 CEST 2014: 35: Solution found.
Sun May 18 00:54:37 CEST 2014: 36: finished (30ms, 500cycles)
Sun May 18 00:54:37 CEST 2014: 36: No solution found.
Sun May 18 00:54:37 CEST 2014: 37: finished (3ms, 35cycles)
Sun May 18 00:54:37 CEST 2014: 37: Solution found.
Sun May 18 00:54:37 CEST 2014: 38: finished (1ms, 23cycles)
Sun May 18 00:54:37 CEST 2014: 38: Solution found.
Sun May 18 00:54:37 CEST 2014: 39: finished (30ms, 500cycles)
Sun May 18 00:54:37 CEST 2014: 39: No solution found.
Sun May 18 00:54:37 CEST 2014: 40: finished (9ms, 130cycles)
Sun May 18 00:54:37 CEST 2014: 40: Solution found.
Sun May 18 00:54:37 CEST 2014: 41: finished (39ms, 500cycles)
Sun May 18 00:54:37 CEST 2014: 41: No solution found.
Sun May 18 00:54:37 CEST 2014: 42: finished (28ms, 500cycles)
Sun May 18 00:54:37 CEST 2014: 42: No solution found.
Sun May 18 00:54:37 CEST 2014: 43: finished (7ms, 76cycles)
Sun May 18 00:54:37 CEST 2014: 43: Solution found.
Sun May 18 00:54:37 CEST 2014: 44: finished (7ms, 89cycles)
Sun May 18 00:54:37 CEST 2014: 44: Solution found.
Sun May 18 00:54:37 CEST 2014: 45: finished (32ms, 500cycles)
Sun May 18 00:54:37 CEST 2014: 45: No solution found.
Sun May 18 00:54:37 CEST 2014: 46: finished (29ms, 500cycles)
Sun May 18 00:54:37 CEST 2014: 46: No solution found.
Sun May 18 00:54:37 CEST 2014: 47: finished (27ms, 500cycles)
Sun May 18 00:54:37 CEST 2014: 47: No solution found.
Sun May 18 00:54:37 CEST 2014: 48: finished (37ms, 500cycles)
Sun May 18 00:54:37 CEST 2014: 48: No solution found.
Sun May 18 00:54:37 CEST 2014: 49: finished (2ms, 24cycles)
Sun May 18 00:54:37 CEST 2014: 49: Solution found.
Sun May 18 00:54:37 CEST 2014: 50: finished (32ms, 500cycles)
Sun May 18 00:54:37 CEST 2014: 50: No solution found.
Sun May 18 00:54:37 CEST 2014: 51: finished (27ms, 500cycles)
Sun May 18 00:54:37 CEST 2014: 51: No solution found.
Sun May 18 00:54:37 CEST 2014: 52: finished (30ms, 500cycles)
Sun May 18 00:54:37 CEST 2014: 52: No solution found.
Sun May 18 00:54:38 CEST 2014: 53: finished (33ms, 500cycles)
Sun May 18 00:54:38 CEST 2014: 53: No solution found.
Sun May 18 00:54:38 CEST 2014: 54: finished (1ms, 8cycles)
Sun May 18 00:54:38 CEST 2014: 54: Solution found.
Sun May 18 00:54:38 CEST 2014: 55: finished (31ms, 500cycles)
Sun May 18 00:54:38 CEST 2014: 55: No solution found.
Sun May 18 00:54:38 CEST 2014: 56: finished (27ms, 500cycles)
Sun May 18 00:54:38 CEST 2014: 56: No solution found.
Sun May 18 00:54:38 CEST 2014: 57: finished (35ms, 500cycles)
Sun May 18 00:54:38 CEST 2014: 57: No solution found.
Sun May 18 00:54:38 CEST 2014: 58: finished (31ms, 500cycles)
Sun May 18 00:54:38 CEST 2014: 58: No solution found.
Sun May 18 00:54:38 CEST 2014: 59: finished (1ms, 7cycles)
Sun May 18 00:54:38 CEST 2014: 59: Solution found.
Sun May 18 00:54:38 CEST 2014: 60: finished (33ms, 500cycles)
Sun May 18 00:54:38 CEST 2014: 60: No solution found.
Sun May 18 00:54:38 CEST 2014: 61: finished (32ms, 500cycles)
Sun May 18 00:54:38 CEST 2014: 61: No solution found.
Sun May 18 00:54:38 CEST 2014: 62: finished (27ms, 500cycles)
Sun May 18 00:54:38 CEST 2014: 62: No solution found.
Sun May 18 00:54:38 CEST 2014: 63: finished (27ms, 500cycles)
Sun May 18 00:54:38 CEST 2014: 63: No solution found.
Sun May 18 00:54:38 CEST 2014: 64: finished (29ms, 500cycles)
Sun May 18 00:54:38 CEST 2014: 64: No solution found.
Sun May 18 00:54:38 CEST 2014: 65: finished (31ms, 500cycles)
Sun May 18 00:54:38 CEST 2014: 65: No solution found.
Sun May 18 00:54:38 CEST 2014: 66: finished (31ms, 500cycles)
Sun May 18 00:54:38 CEST 2014: 66: No solution found.
Sun May 18 00:54:38 CEST 2014: 67: finished (31ms, 500cycles)
Sun May 18 00:54:38 CEST 2014: 67: No solution found.
Sun May 18 00:54:38 CEST 2014: 68: finished (31ms, 500cycles)
Sun May 18 00:54:38 CEST 2014: 68: No solution found.
Sun May 18 00:54:38 CEST 2014: 69: finished (33ms, 500cycles)
Sun May 18 00:54:38 CEST 2014: 69: No solution found.
Sun May 18 00:54:38 CEST 2014: 70: finished (27ms, 500cycles)
Sun May 18 00:54:38 CEST 2014: 70: No solution found.
Sun May 18 00:54:38 CEST 2014: 71: finished (28ms, 500cycles)
Sun May 18 00:54:38 CEST 2014: 71: No solution found.
Sun May 18 00:54:38 CEST 2014: 72: finished (7ms, 78cycles)
Sun May 18 00:54:38 CEST 2014: 72: Solution found.
Sun May 18 00:54:38 CEST 2014: 73: finished (31ms, 500cycles)
Sun May 18 00:54:38 CEST 2014: 73: No solution found.
Sun May 18 00:54:38 CEST 2014: 74: finished (34ms, 500cycles)
Sun May 18 00:54:38 CEST 2014: 74: No solution found.
Sun May 18 00:54:38 CEST 2014: 75: finished (6ms, 88cycles)
Sun May 18 00:54:38 CEST 2014: 75: Solution found.
Sun May 18 00:54:38 CEST 2014: 76: finished (42ms, 500cycles)
Sun May 18 00:54:38 CEST 2014: 76: No solution found.
Sun May 18 00:54:38 CEST 2014: 77: finished (29ms, 500cycles)
Sun May 18 00:54:38 CEST 2014: 77: No solution found.
Sun May 18 00:54:38 CEST 2014: 78: finished (2ms, 15cycles)
Sun May 18 00:54:38 CEST 2014: 78: Solution found.
Sun May 18 00:54:38 CEST 2014: 79: finished (1ms, 10cycles)
Sun May 18 00:54:38 CEST 2014: 79: Solution found.
Sun May 18 00:54:38 CEST 2014: 80: finished (6ms, 68cycles)
Sun May 18 00:54:38 CEST 2014: 80: Solution found.
Sun May 18 00:54:38 CEST 2014: 81: finished (29ms, 500cycles)
Sun May 18 00:54:38 CEST 2014: 81: No solution found.
Sun May 18 00:54:38 CEST 2014: 82: finished (52ms, 500cycles)
Sun May 18 00:54:38 CEST 2014: 82: No solution found.
Sun May 18 00:54:38 CEST 2014: 83: finished (44ms, 500cycles)
Sun May 18 00:54:38 CEST 2014: 83: No solution found.
Sun May 18 00:54:38 CEST 2014: 84: finished (30ms, 500cycles)
Sun May 18 00:54:38 CEST 2014: 84: No solution found.
Sun May 18 00:54:38 CEST 2014: 85: finished (29ms, 500cycles)
Sun May 18 00:54:38 CEST 2014: 85: No solution found.
Sun May 18 00:54:38 CEST 2014: 86: finished (40ms, 500cycles)
Sun May 18 00:54:38 CEST 2014: 86: No solution found.
Sun May 18 00:54:38 CEST 2014: 87: finished (29ms, 500cycles)
Sun May 18 00:54:38 CEST 2014: 87: No solution found.
Sun May 18 00:54:38 CEST 2014: 88: finished (30ms, 500cycles)
Sun May 18 00:54:38 CEST 2014: 88: No solution found.
Sun May 18 00:54:38 CEST 2014: 89: finished (3ms, 63cycles)
Sun May 18 00:54:38 CEST 2014: 89: Solution found.
Sun May 18 00:54:38 CEST 2014: 90: finished (4ms, 25cycles)
Sun May 18 00:54:38 CEST 2014: 90: Solution found.
Sun May 18 00:54:39 CEST 2014: 91: finished (38ms, 500cycles)
Sun May 18 00:54:39 CEST 2014: 91: No solution found.
Sun May 18 00:54:39 CEST 2014: 92: finished (29ms, 500cycles)
Sun May 18 00:54:39 CEST 2014: 92: No solution found.
Sun May 18 00:54:39 CEST 2014: 93: finished (33ms, 500cycles)
Sun May 18 00:54:39 CEST 2014: 93: No solution found.
Sun May 18 00:54:39 CEST 2014: 94: finished (0ms, 6cycles)
Sun May 18 00:54:39 CEST 2014: 94: Solution found.
Sun May 18 00:54:39 CEST 2014: 95: finished (29ms, 500cycles)
Sun May 18 00:54:39 CEST 2014: 95: No solution found.
Sun May 18 00:54:39 CEST 2014: 96: finished (34ms, 500cycles)
Sun May 18 00:54:39 CEST 2014: 96: No solution found.
Sun May 18 00:54:39 CEST 2014: 97: finished (33ms, 500cycles)
Sun May 18 00:54:39 CEST 2014: 97: No solution found.
Sun May 18 00:54:39 CEST 2014: 98: finished (30ms, 500cycles)
Sun May 18 00:54:39 CEST 2014: 98: No solution found.
Sun May 18 00:54:39 CEST 2014: 99: finished (34ms, 500cycles)
Sun May 18 00:54:39 CEST 2014: 99: No solution found.
Sun May 18 00:54:39 CEST 2014: Solution Found: 25
Sun May 18 00:54:39 CEST 2014: Avg cycles: 54
Sun May 18 00:54:39 CEST 2014: Max cycles: 178
Sun May 18 00:54:39 CEST 2014: Min cycles: 1
Sun May 18 00:54:39 CEST 2014: No solution found: 75
Sun May 18 00:54:39 CEST 2014: logging finished. (runtime: 2539ms)
