Tue May 06 12:14:13 CEST 2014: Problem Count: 50
Tue May 06 12:14:13 CEST 2014: CandidatesCount: 40
Tue May 06 12:14:13 CEST 2014: Max Cycles: 500
Tue May 06 12:14:13 CEST 2014: 0: finished (229ms, 500cycles)
Tue May 06 12:14:13 CEST 2014: 0: No solution found.
Tue May 06 12:14:13 CEST 2014: 1: finished (5ms, 11cycles)
Tue May 06 12:14:13 CEST 2014: 1: Solution found.
Tue May 06 12:14:13 CEST 2014: 2: finished (5ms, 8cycles)
Tue May 06 12:14:13 CEST 2014: 2: Solution found.
Tue May 06 12:14:13 CEST 2014: 3: finished (214ms, 500cycles)
Tue May 06 12:14:13 CEST 2014: 3: No solution found.
Tue May 06 12:14:13 CEST 2014: 4: finished (5ms, 9cycles)
Tue May 06 12:14:13 CEST 2014: 4: Solution found.
Tue May 06 12:14:13 CEST 2014: 5: finished (6ms, 13cycles)
Tue May 06 12:14:13 CEST 2014: 5: Solution found.
Tue May 06 12:14:13 CEST 2014: 6: finished (9ms, 21cycles)
Tue May 06 12:14:13 CEST 2014: 6: Solution found.
Tue May 06 12:14:13 CEST 2014: 7: finished (8ms, 15cycles)
Tue May 06 12:14:13 CEST 2014: 7: Solution found.
Tue May 06 12:14:14 CEST 2014: 8: finished (213ms, 500cycles)
Tue May 06 12:14:14 CEST 2014: 8: No solution found.
Tue May 06 12:14:14 CEST 2014: 9: finished (8ms, 15cycles)
Tue May 06 12:14:14 CEST 2014: 9: Solution found.
Tue May 06 12:14:14 CEST 2014: 10: finished (208ms, 500cycles)
Tue May 06 12:14:14 CEST 2014: 10: No solution found.
Tue May 06 12:14:14 CEST 2014: 11: finished (218ms, 500cycles)
Tue May 06 12:14:14 CEST 2014: 11: No solution found.
Tue May 06 12:14:14 CEST 2014: 12: finished (215ms, 500cycles)
Tue May 06 12:14:14 CEST 2014: 12: No solution found.
Tue May 06 12:14:14 CEST 2014: 13: finished (217ms, 500cycles)
Tue May 06 12:14:14 CEST 2014: 13: No solution found.
Tue May 06 12:14:14 CEST 2014: 14: finished (10ms, 20cycles)
Tue May 06 12:14:14 CEST 2014: 14: Solution found.
Tue May 06 12:14:14 CEST 2014: 15: finished (9ms, 19cycles)
Tue May 06 12:14:14 CEST 2014: 15: Solution found.
Tue May 06 12:14:15 CEST 2014: 16: finished (224ms, 500cycles)
Tue May 06 12:14:15 CEST 2014: 16: No solution found.
Tue May 06 12:14:15 CEST 2014: 17: finished (31ms, 60cycles)
Tue May 06 12:14:15 CEST 2014: 17: Solution found.
Tue May 06 12:14:15 CEST 2014: 18: finished (230ms, 500cycles)
Tue May 06 12:14:15 CEST 2014: 18: No solution found.
Tue May 06 12:14:15 CEST 2014: 19: finished (19ms, 38cycles)
Tue May 06 12:14:15 CEST 2014: 19: Solution found.
Tue May 06 12:14:15 CEST 2014: 20: finished (249ms, 500cycles)
Tue May 06 12:14:15 CEST 2014: 20: No solution found.
Tue May 06 12:14:15 CEST 2014: 21: finished (232ms, 500cycles)
Tue May 06 12:14:15 CEST 2014: 21: No solution found.
Tue May 06 12:14:15 CEST 2014: 22: finished (22ms, 44cycles)
Tue May 06 12:14:15 CEST 2014: 22: Solution found.
Tue May 06 12:14:15 CEST 2014: 23: finished (6ms, 12cycles)
Tue May 06 12:14:15 CEST 2014: 23: Solution found.
Tue May 06 12:14:15 CEST 2014: 24: finished (11ms, 20cycles)
Tue May 06 12:14:15 CEST 2014: 24: Solution found.
Tue May 06 12:14:16 CEST 2014: 25: finished (229ms, 500cycles)
Tue May 06 12:14:16 CEST 2014: 25: No solution found.
Tue May 06 12:14:16 CEST 2014: 26: finished (211ms, 500cycles)
Tue May 06 12:14:16 CEST 2014: 26: No solution found.
Tue May 06 12:14:16 CEST 2014: 27: finished (209ms, 500cycles)
Tue May 06 12:14:16 CEST 2014: 27: No solution found.
Tue May 06 12:14:16 CEST 2014: 28: finished (18ms, 36cycles)
Tue May 06 12:14:16 CEST 2014: 28: Solution found.
Tue May 06 12:14:16 CEST 2014: 29: finished (234ms, 500cycles)
Tue May 06 12:14:16 CEST 2014: 29: No solution found.
Tue May 06 12:14:16 CEST 2014: 30: finished (16ms, 34cycles)
Tue May 06 12:14:16 CEST 2014: 30: Solution found.
Tue May 06 12:14:16 CEST 2014: 31: finished (4ms, 9cycles)
Tue May 06 12:14:16 CEST 2014: 31: Solution found.
Tue May 06 12:14:16 CEST 2014: 32: finished (7ms, 14cycles)
Tue May 06 12:14:16 CEST 2014: 32: Solution found.
Tue May 06 12:14:16 CEST 2014: 33: finished (5ms, 9cycles)
Tue May 06 12:14:16 CEST 2014: 33: Solution found.
Tue May 06 12:14:16 CEST 2014: 34: finished (16ms, 33cycles)
Tue May 06 12:14:16 CEST 2014: 34: Solution found.
Tue May 06 12:14:17 CEST 2014: 35: finished (245ms, 500cycles)
Tue May 06 12:14:17 CEST 2014: 35: No solution found.
Tue May 06 12:14:17 CEST 2014: 36: finished (38ms, 61cycles)
Tue May 06 12:14:17 CEST 2014: 36: Solution found.
Tue May 06 12:14:17 CEST 2014: 37: finished (13ms, 24cycles)
Tue May 06 12:14:17 CEST 2014: 37: Solution found.
Tue May 06 12:14:17 CEST 2014: 38: finished (234ms, 500cycles)
Tue May 06 12:14:17 CEST 2014: 38: No solution found.
Tue May 06 12:14:17 CEST 2014: 39: finished (108ms, 227cycles)
Tue May 06 12:14:17 CEST 2014: 39: Solution found.
Tue May 06 12:14:17 CEST 2014: 40: finished (240ms, 500cycles)
Tue May 06 12:14:17 CEST 2014: 40: No solution found.
Tue May 06 12:14:17 CEST 2014: 41: finished (219ms, 500cycles)
Tue May 06 12:14:17 CEST 2014: 41: No solution found.
Tue May 06 12:14:18 CEST 2014: 42: finished (224ms, 500cycles)
Tue May 06 12:14:18 CEST 2014: 42: No solution found.
Tue May 06 12:14:18 CEST 2014: 43: finished (18ms, 36cycles)
Tue May 06 12:14:18 CEST 2014: 43: Solution found.
Tue May 06 12:14:18 CEST 2014: 44: finished (22ms, 40cycles)
Tue May 06 12:14:18 CEST 2014: 44: Solution found.
Tue May 06 12:14:18 CEST 2014: 45: finished (222ms, 500cycles)
Tue May 06 12:14:18 CEST 2014: 45: No solution found.
Tue May 06 12:14:18 CEST 2014: 46: finished (234ms, 500cycles)
Tue May 06 12:14:18 CEST 2014: 46: No solution found.
Tue May 06 12:14:18 CEST 2014: 47: finished (11ms, 22cycles)
Tue May 06 12:14:18 CEST 2014: 47: Solution found.
Tue May 06 12:14:18 CEST 2014: 48: finished (221ms, 500cycles)
Tue May 06 12:14:18 CEST 2014: 48: No solution found.
Tue May 06 12:14:18 CEST 2014: 49: finished (14ms, 26cycles)
Tue May 06 12:14:18 CEST 2014: 49: Solution found.
Tue May 06 12:14:18 CEST 2014: 50: finished (6ms, 12cycles)
Tue May 06 12:14:18 CEST 2014: 50: Solution found.
Tue May 06 12:14:18 CEST 2014: 51: finished (29ms, 57cycles)
Tue May 06 12:14:18 CEST 2014: 51: Solution found.
Tue May 06 12:14:18 CEST 2014: 52: finished (9ms, 16cycles)
Tue May 06 12:14:18 CEST 2014: 52: Solution found.
Tue May 06 12:14:19 CEST 2014: 53: finished (220ms, 500cycles)
Tue May 06 12:14:19 CEST 2014: 53: No solution found.
Tue May 06 12:14:19 CEST 2014: 54: finished (213ms, 500cycles)
Tue May 06 12:14:19 CEST 2014: 54: No solution found.
Tue May 06 12:14:19 CEST 2014: 55: finished (231ms, 500cycles)
Tue May 06 12:14:19 CEST 2014: 55: No solution found.
Tue May 06 12:14:19 CEST 2014: 56: finished (7ms, 12cycles)
Tue May 06 12:14:19 CEST 2014: 56: Solution found.
Tue May 06 12:14:19 CEST 2014: 57: finished (235ms, 500cycles)
Tue May 06 12:14:19 CEST 2014: 57: No solution found.
Tue May 06 12:14:19 CEST 2014: 58: finished (16ms, 31cycles)
Tue May 06 12:14:19 CEST 2014: 58: Solution found.
Tue May 06 12:14:20 CEST 2014: 59: finished (239ms, 500cycles)
Tue May 06 12:14:20 CEST 2014: 59: No solution found.
Tue May 06 12:14:20 CEST 2014: 60: finished (5ms, 9cycles)
Tue May 06 12:14:20 CEST 2014: 60: Solution found.
Tue May 06 12:14:20 CEST 2014: 61: finished (15ms, 28cycles)
Tue May 06 12:14:20 CEST 2014: 61: Solution found.
Tue May 06 12:14:20 CEST 2014: 62: finished (7ms, 12cycles)
Tue May 06 12:14:20 CEST 2014: 62: Solution found.
Tue May 06 12:14:20 CEST 2014: 63: finished (5ms, 10cycles)
Tue May 06 12:14:20 CEST 2014: 63: Solution found.
Tue May 06 12:14:20 CEST 2014: 64: finished (263ms, 500cycles)
Tue May 06 12:14:20 CEST 2014: 64: No solution found.
Tue May 06 12:14:20 CEST 2014: 65: finished (9ms, 17cycles)
Tue May 06 12:14:20 CEST 2014: 65: Solution found.
Tue May 06 12:14:20 CEST 2014: 66: finished (15ms, 30cycles)
Tue May 06 12:14:20 CEST 2014: 66: Solution found.
Tue May 06 12:14:20 CEST 2014: 67: finished (19ms, 37cycles)
Tue May 06 12:14:20 CEST 2014: 67: Solution found.
Tue May 06 12:14:20 CEST 2014: 68: finished (211ms, 500cycles)
Tue May 06 12:14:20 CEST 2014: 68: No solution found.
Tue May 06 12:14:20 CEST 2014: 69: finished (42ms, 63cycles)
Tue May 06 12:14:20 CEST 2014: 69: Solution found.
Tue May 06 12:14:20 CEST 2014: 70: finished (238ms, 500cycles)
Tue May 06 12:14:20 CEST 2014: 70: No solution found.
Tue May 06 12:14:21 CEST 2014: 71: finished (138ms, 214cycles)
Tue May 06 12:14:21 CEST 2014: 71: Solution found.
Tue May 06 12:14:21 CEST 2014: 72: finished (253ms, 500cycles)
Tue May 06 12:14:21 CEST 2014: 72: No solution found.
Tue May 06 12:14:21 CEST 2014: 73: finished (10ms, 21cycles)
Tue May 06 12:14:21 CEST 2014: 73: Solution found.
Tue May 06 12:14:21 CEST 2014: 74: finished (23ms, 43cycles)
Tue May 06 12:14:21 CEST 2014: 74: Solution found.
Tue May 06 12:14:21 CEST 2014: 75: finished (19ms, 14cycles)
Tue May 06 12:14:21 CEST 2014: 75: Solution found.
Tue May 06 12:14:21 CEST 2014: 76: finished (9ms, 11cycles)
Tue May 06 12:14:21 CEST 2014: 76: Solution found.
Tue May 06 12:14:21 CEST 2014: 77: finished (8ms, 16cycles)
Tue May 06 12:14:21 CEST 2014: 77: Solution found.
Tue May 06 12:14:21 CEST 2014: 78: finished (235ms, 500cycles)
Tue May 06 12:14:21 CEST 2014: 78: No solution found.
Tue May 06 12:14:21 CEST 2014: 79: finished (32ms, 58cycles)
Tue May 06 12:14:21 CEST 2014: 79: Solution found.
Tue May 06 12:14:21 CEST 2014: 80: finished (13ms, 22cycles)
Tue May 06 12:14:21 CEST 2014: 80: Solution found.
Tue May 06 12:14:21 CEST 2014: 81: finished (252ms, 500cycles)
Tue May 06 12:14:21 CEST 2014: 81: No solution found.
Tue May 06 12:14:22 CEST 2014: 82: finished (217ms, 500cycles)
Tue May 06 12:14:22 CEST 2014: 82: No solution found.
Tue May 06 12:14:22 CEST 2014: 83: finished (5ms, 9cycles)
Tue May 06 12:14:22 CEST 2014: 83: Solution found.
Tue May 06 12:14:22 CEST 2014: 84: finished (8ms, 15cycles)
Tue May 06 12:14:22 CEST 2014: 84: Solution found.
Tue May 06 12:14:22 CEST 2014: 85: finished (218ms, 500cycles)
Tue May 06 12:14:22 CEST 2014: 85: No solution found.
Tue May 06 12:14:22 CEST 2014: 86: finished (237ms, 500cycles)
Tue May 06 12:14:22 CEST 2014: 86: No solution found.
Tue May 06 12:14:22 CEST 2014: 87: finished (33ms, 71cycles)
Tue May 06 12:14:22 CEST 2014: 87: Solution found.
Tue May 06 12:14:22 CEST 2014: 88: finished (4ms, 7cycles)
Tue May 06 12:14:22 CEST 2014: 88: Solution found.
Tue May 06 12:14:22 CEST 2014: 89: finished (7ms, 13cycles)
Tue May 06 12:14:22 CEST 2014: 89: Solution found.
Tue May 06 12:14:22 CEST 2014: 90: finished (236ms, 500cycles)
Tue May 06 12:14:22 CEST 2014: 90: No solution found.
Tue May 06 12:14:23 CEST 2014: 91: finished (265ms, 500cycles)
Tue May 06 12:14:23 CEST 2014: 91: No solution found.
Tue May 06 12:14:23 CEST 2014: 92: finished (249ms, 500cycles)
Tue May 06 12:14:23 CEST 2014: 92: No solution found.
Tue May 06 12:14:23 CEST 2014: 93: finished (245ms, 500cycles)
Tue May 06 12:14:23 CEST 2014: 93: No solution found.
Tue May 06 12:14:23 CEST 2014: 94: finished (236ms, 500cycles)
Tue May 06 12:14:23 CEST 2014: 94: No solution found.
Tue May 06 12:14:24 CEST 2014: 95: finished (214ms, 500cycles)
Tue May 06 12:14:24 CEST 2014: 95: No solution found.
Tue May 06 12:14:24 CEST 2014: 96: finished (16ms, 27cycles)
Tue May 06 12:14:24 CEST 2014: 96: Solution found.
Tue May 06 12:14:24 CEST 2014: 97: finished (13ms, 15cycles)
Tue May 06 12:14:24 CEST 2014: 97: Solution found.
Tue May 06 12:14:24 CEST 2014: 98: finished (3ms, 6cycles)
Tue May 06 12:14:24 CEST 2014: 98: Solution found.
Tue May 06 12:14:24 CEST 2014: 99: finished (4ms, 6cycles)
Tue May 06 12:14:24 CEST 2014: 99: Solution found.
Tue May 06 12:14:24 CEST 2014: Solution Found: 57
Tue May 06 12:14:24 CEST 2014: Avg cycles: 31
Tue May 06 12:14:24 CEST 2014: Max cycles: 227
Tue May 06 12:14:24 CEST 2014: Min cycles: 6
Tue May 06 12:14:24 CEST 2014: No solution found: 43
Tue May 06 12:14:24 CEST 2014: logging finished. (runtime: 10875ms)
