Sun May 18 00:32:50 CEST 2014: Problem Count: 20
Sun May 18 00:32:50 CEST 2014: CandidatesCount: 40
Sun May 18 00:32:50 CEST 2014: Max Cycles: 500
Sun May 18 00:32:50 CEST 2014: 0: finished (71ms, 500cycles)
Sun May 18 00:32:50 CEST 2014: 0: No solution found.
Sun May 18 00:32:50 CEST 2014: 1: finished (66ms, 386cycles)
Sun May 18 00:32:50 CEST 2014: 1: Solution found.
Sun May 18 00:32:50 CEST 2014: 2: finished (4ms, 18cycles)
Sun May 18 00:32:50 CEST 2014: 2: Solution found.
Sun May 18 00:32:50 CEST 2014: 3: finished (219ms, 500cycles)
Sun May 18 00:32:50 CEST 2014: 3: No solution found.
Sun May 18 00:32:51 CEST 2014: 4: finished (304ms, 435cycles)
Sun May 18 00:32:51 CEST 2014: 4: Solution found.
Sun May 18 00:32:51 CEST 2014: 5: finished (5ms, 27cycles)
Sun May 18 00:32:51 CEST 2014: 5: Solution found.
Sun May 18 00:32:51 CEST 2014: 6: finished (3ms, 14cycles)
Sun May 18 00:32:51 CEST 2014: 6: Solution found.
Sun May 18 00:32:51 CEST 2014: 7: finished (73ms, 500cycles)
Sun May 18 00:32:51 CEST 2014: 7: No solution found.
Sun May 18 00:32:51 CEST 2014: 8: finished (8ms, 20cycles)
Sun May 18 00:32:51 CEST 2014: 8: Solution found.
Sun May 18 00:32:51 CEST 2014: 9: finished (308ms, 500cycles)
Sun May 18 00:32:51 CEST 2014: 9: No solution found.
Sun May 18 00:32:51 CEST 2014: 10: finished (79ms, 500cycles)
Sun May 18 00:32:51 CEST 2014: 10: No solution found.
Sun May 18 00:32:51 CEST 2014: 11: finished (84ms, 500cycles)
Sun May 18 00:32:51 CEST 2014: 11: No solution found.
Sun May 18 00:32:51 CEST 2014: 12: finished (3ms, 14cycles)
Sun May 18 00:32:51 CEST 2014: 12: Solution found.
Sun May 18 00:32:52 CEST 2014: 13: finished (306ms, 500cycles)
Sun May 18 00:32:52 CEST 2014: 13: No solution found.
Sun May 18 00:32:52 CEST 2014: 14: finished (85ms, 500cycles)
Sun May 18 00:32:52 CEST 2014: 14: No solution found.
Sun May 18 00:32:52 CEST 2014: 15: finished (5ms, 9cycles)
Sun May 18 00:32:52 CEST 2014: 15: Solution found.
Sun May 18 00:32:52 CEST 2014: 16: finished (73ms, 500cycles)
Sun May 18 00:32:52 CEST 2014: 16: No solution found.
Sun May 18 00:32:52 CEST 2014: 17: finished (72ms, 500cycles)
Sun May 18 00:32:52 CEST 2014: 17: No solution found.
Sun May 18 00:32:52 CEST 2014: 18: finished (3ms, 19cycles)
Sun May 18 00:32:52 CEST 2014: 18: Solution found.
Sun May 18 00:32:52 CEST 2014: 19: finished (74ms, 500cycles)
Sun May 18 00:32:52 CEST 2014: 19: No solution found.
Sun May 18 00:32:52 CEST 2014: 20: finished (5ms, 20cycles)
Sun May 18 00:32:52 CEST 2014: 20: Solution found.
Sun May 18 00:32:52 CEST 2014: 21: finished (3ms, 16cycles)
Sun May 18 00:32:52 CEST 2014: 21: Solution found.
Sun May 18 00:32:52 CEST 2014: 22: finished (9ms, 49cycles)
Sun May 18 00:32:52 CEST 2014: 22: Solution found.
Sun May 18 00:32:52 CEST 2014: 23: finished (79ms, 500cycles)
Sun May 18 00:32:52 CEST 2014: 23: No solution found.
Sun May 18 00:32:52 CEST 2014: 24: finished (85ms, 500cycles)
Sun May 18 00:32:52 CEST 2014: 24: No solution found.
Sun May 18 00:32:52 CEST 2014: 25: finished (91ms, 500cycles)
Sun May 18 00:32:52 CEST 2014: 25: No solution found.
Sun May 18 00:32:52 CEST 2014: 26: finished (29ms, 104cycles)
Sun May 18 00:32:52 CEST 2014: 26: Solution found.
Sun May 18 00:32:52 CEST 2014: 27: finished (4ms, 19cycles)
Sun May 18 00:32:52 CEST 2014: 27: Solution found.
Sun May 18 00:32:52 CEST 2014: 28: finished (78ms, 500cycles)
Sun May 18 00:32:52 CEST 2014: 28: No solution found.
Sun May 18 00:32:52 CEST 2014: 29: finished (75ms, 500cycles)
Sun May 18 00:32:52 CEST 2014: 29: No solution found.
Sun May 18 00:32:52 CEST 2014: 30: finished (5ms, 26cycles)
Sun May 18 00:32:52 CEST 2014: 30: Solution found.
Sun May 18 00:32:52 CEST 2014: 31: finished (2ms, 10cycles)
Sun May 18 00:32:52 CEST 2014: 31: Solution found.
Sun May 18 00:32:52 CEST 2014: 32: finished (45ms, 287cycles)
Sun May 18 00:32:52 CEST 2014: 32: Solution found.
Sun May 18 00:32:52 CEST 2014: 33: finished (73ms, 500cycles)
Sun May 18 00:32:52 CEST 2014: 33: No solution found.
Sun May 18 00:32:52 CEST 2014: 34: finished (3ms, 12cycles)
Sun May 18 00:32:52 CEST 2014: 34: Solution found.
Sun May 18 00:32:52 CEST 2014: 35: finished (3ms, 12cycles)
Sun May 18 00:32:52 CEST 2014: 35: Solution found.
Sun May 18 00:32:53 CEST 2014: 36: finished (74ms, 500cycles)
Sun May 18 00:32:53 CEST 2014: 36: No solution found.
Sun May 18 00:32:53 CEST 2014: 37: finished (91ms, 500cycles)
Sun May 18 00:32:53 CEST 2014: 37: No solution found.
Sun May 18 00:32:53 CEST 2014: 38: finished (8ms, 51cycles)
Sun May 18 00:32:53 CEST 2014: 38: Solution found.
Sun May 18 00:32:53 CEST 2014: 39: finished (74ms, 500cycles)
Sun May 18 00:32:53 CEST 2014: 39: No solution found.
Sun May 18 00:32:53 CEST 2014: 40: finished (71ms, 500cycles)
Sun May 18 00:32:53 CEST 2014: 40: No solution found.
Sun May 18 00:32:53 CEST 2014: 41: finished (261ms, 500cycles)
Sun May 18 00:32:53 CEST 2014: 41: No solution found.
Sun May 18 00:32:53 CEST 2014: 42: finished (84ms, 500cycles)
Sun May 18 00:32:53 CEST 2014: 42: No solution found.
Sun May 18 00:32:53 CEST 2014: 43: finished (8ms, 43cycles)
Sun May 18 00:32:53 CEST 2014: 43: Solution found.
Sun May 18 00:32:53 CEST 2014: 44: finished (14ms, 78cycles)
Sun May 18 00:32:53 CEST 2014: 44: Solution found.
Sun May 18 00:32:53 CEST 2014: 45: finished (68ms, 356cycles)
Sun May 18 00:32:53 CEST 2014: 45: Solution found.
Sun May 18 00:32:53 CEST 2014: 46: finished (4ms, 10cycles)
Sun May 18 00:32:53 CEST 2014: 46: Solution found.
Sun May 18 00:32:53 CEST 2014: 47: finished (7ms, 42cycles)
Sun May 18 00:32:53 CEST 2014: 47: Solution found.
Sun May 18 00:32:53 CEST 2014: 48: finished (4ms, 23cycles)
Sun May 18 00:32:53 CEST 2014: 48: Solution found.
Sun May 18 00:32:53 CEST 2014: 49: finished (7ms, 43cycles)
Sun May 18 00:32:53 CEST 2014: 49: Solution found.
Sun May 18 00:32:53 CEST 2014: 50: finished (8ms, 36cycles)
Sun May 18 00:32:53 CEST 2014: 50: Solution found.
Sun May 18 00:32:53 CEST 2014: 51: finished (5ms, 21cycles)
Sun May 18 00:32:53 CEST 2014: 51: Solution found.
Sun May 18 00:32:53 CEST 2014: 52: finished (79ms, 500cycles)
Sun May 18 00:32:53 CEST 2014: 52: No solution found.
Sun May 18 00:32:53 CEST 2014: 53: finished (6ms, 31cycles)
Sun May 18 00:32:53 CEST 2014: 53: Solution found.
Sun May 18 00:32:53 CEST 2014: 54: finished (71ms, 500cycles)
Sun May 18 00:32:53 CEST 2014: 54: No solution found.
Sun May 18 00:32:53 CEST 2014: 55: finished (12ms, 69cycles)
Sun May 18 00:32:53 CEST 2014: 55: Solution found.
Sun May 18 00:32:54 CEST 2014: 56: finished (83ms, 500cycles)
Sun May 18 00:32:54 CEST 2014: 56: No solution found.
Sun May 18 00:32:54 CEST 2014: 57: finished (14ms, 52cycles)
Sun May 18 00:32:54 CEST 2014: 57: Solution found.
Sun May 18 00:32:54 CEST 2014: 58: finished (3ms, 13cycles)
Sun May 18 00:32:54 CEST 2014: 58: Solution found.
Sun May 18 00:32:54 CEST 2014: 59: finished (64ms, 133cycles)
Sun May 18 00:32:54 CEST 2014: 59: Solution found.
Sun May 18 00:32:54 CEST 2014: 60: finished (77ms, 500cycles)
Sun May 18 00:32:54 CEST 2014: 60: No solution found.
Sun May 18 00:32:54 CEST 2014: 61: finished (71ms, 500cycles)
Sun May 18 00:32:54 CEST 2014: 61: No solution found.
Sun May 18 00:32:54 CEST 2014: 62: finished (81ms, 500cycles)
Sun May 18 00:32:54 CEST 2014: 62: No solution found.
Sun May 18 00:32:54 CEST 2014: 63: finished (6ms, 27cycles)
Sun May 18 00:32:54 CEST 2014: 63: Solution found.
Sun May 18 00:32:54 CEST 2014: 64: finished (83ms, 500cycles)
Sun May 18 00:32:54 CEST 2014: 64: No solution found.
Sun May 18 00:32:54 CEST 2014: 65: finished (80ms, 500cycles)
Sun May 18 00:32:54 CEST 2014: 65: No solution found.
Sun May 18 00:32:54 CEST 2014: 66: finished (79ms, 500cycles)
Sun May 18 00:32:54 CEST 2014: 66: No solution found.
Sun May 18 00:32:54 CEST 2014: 67: finished (91ms, 500cycles)
Sun May 18 00:32:54 CEST 2014: 67: No solution found.
Sun May 18 00:32:54 CEST 2014: 68: finished (75ms, 500cycles)
Sun May 18 00:32:54 CEST 2014: 68: No solution found.
Sun May 18 00:32:54 CEST 2014: 69: finished (4ms, 20cycles)
Sun May 18 00:32:54 CEST 2014: 69: Solution found.
Sun May 18 00:32:54 CEST 2014: 70: finished (2ms, 12cycles)
Sun May 18 00:32:54 CEST 2014: 70: Solution found.
Sun May 18 00:32:54 CEST 2014: 71: finished (4ms, 16cycles)
Sun May 18 00:32:54 CEST 2014: 71: Solution found.
Sun May 18 00:32:55 CEST 2014: 72: finished (257ms, 500cycles)
Sun May 18 00:32:55 CEST 2014: 72: No solution found.
Sun May 18 00:32:55 CEST 2014: 73: finished (75ms, 500cycles)
Sun May 18 00:32:55 CEST 2014: 73: No solution found.
Sun May 18 00:32:55 CEST 2014: 74: finished (3ms, 14cycles)
Sun May 18 00:32:55 CEST 2014: 74: Solution found.
Sun May 18 00:32:55 CEST 2014: 75: finished (8ms, 14cycles)
Sun May 18 00:32:55 CEST 2014: 75: Solution found.
Sun May 18 00:32:55 CEST 2014: 76: finished (83ms, 500cycles)
Sun May 18 00:32:55 CEST 2014: 76: No solution found.
Sun May 18 00:32:55 CEST 2014: 77: finished (18ms, 111cycles)
Sun May 18 00:32:55 CEST 2014: 77: Solution found.
Sun May 18 00:32:55 CEST 2014: 78: finished (23ms, 107cycles)
Sun May 18 00:32:55 CEST 2014: 78: Solution found.
Sun May 18 00:32:55 CEST 2014: 79: finished (1ms, 3cycles)
Sun May 18 00:32:55 CEST 2014: 79: Solution found.
Sun May 18 00:32:55 CEST 2014: 80: finished (3ms, 16cycles)
Sun May 18 00:32:55 CEST 2014: 80: Solution found.
Sun May 18 00:32:55 CEST 2014: 81: finished (7ms, 39cycles)
Sun May 18 00:32:55 CEST 2014: 81: Solution found.
Sun May 18 00:32:55 CEST 2014: 82: finished (93ms, 500cycles)
Sun May 18 00:32:55 CEST 2014: 82: No solution found.
Sun May 18 00:32:55 CEST 2014: 83: finished (89ms, 500cycles)
Sun May 18 00:32:55 CEST 2014: 83: No solution found.
Sun May 18 00:32:55 CEST 2014: 84: finished (12ms, 64cycles)
Sun May 18 00:32:55 CEST 2014: 84: Solution found.
Sun May 18 00:32:55 CEST 2014: 85: finished (3ms, 15cycles)
Sun May 18 00:32:55 CEST 2014: 85: Solution found.
Sun May 18 00:32:55 CEST 2014: 86: finished (10ms, 27cycles)
Sun May 18 00:32:55 CEST 2014: 86: Solution found.
Sun May 18 00:32:55 CEST 2014: 87: finished (90ms, 500cycles)
Sun May 18 00:32:55 CEST 2014: 87: No solution found.
Sun May 18 00:32:55 CEST 2014: 88: finished (18ms, 94cycles)
Sun May 18 00:32:55 CEST 2014: 88: Solution found.
Sun May 18 00:32:55 CEST 2014: 89: finished (100ms, 500cycles)
Sun May 18 00:32:55 CEST 2014: 89: No solution found.
Sun May 18 00:32:55 CEST 2014: 90: finished (4ms, 18cycles)
Sun May 18 00:32:55 CEST 2014: 90: Solution found.
Sun May 18 00:32:55 CEST 2014: 91: finished (69ms, 500cycles)
Sun May 18 00:32:55 CEST 2014: 91: No solution found.
Sun May 18 00:32:55 CEST 2014: 92: finished (80ms, 500cycles)
Sun May 18 00:32:55 CEST 2014: 92: No solution found.
Sun May 18 00:32:55 CEST 2014: 93: finished (7ms, 39cycles)
Sun May 18 00:32:55 CEST 2014: 93: Solution found.
Sun May 18 00:32:55 CEST 2014: 94: finished (7ms, 36cycles)
Sun May 18 00:32:55 CEST 2014: 94: Solution found.
Sun May 18 00:32:55 CEST 2014: 95: finished (11ms, 74cycles)
Sun May 18 00:32:55 CEST 2014: 95: Solution found.
Sun May 18 00:32:56 CEST 2014: 96: finished (271ms, 500cycles)
Sun May 18 00:32:56 CEST 2014: 96: No solution found.
Sun May 18 00:32:56 CEST 2014: 97: finished (86ms, 500cycles)
Sun May 18 00:32:56 CEST 2014: 97: No solution found.
Sun May 18 00:32:56 CEST 2014: 98: finished (2ms, 12cycles)
Sun May 18 00:32:56 CEST 2014: 98: Solution found.
Sun May 18 00:32:56 CEST 2014: 99: finished (94ms, 500cycles)
Sun May 18 00:32:56 CEST 2014: 99: No solution found.
Sun May 18 00:32:56 CEST 2014: Solution Found: 54
Sun May 18 00:32:56 CEST 2014: Avg cycles: 60
Sun May 18 00:32:56 CEST 2014: Max cycles: 435
Sun May 18 00:32:56 CEST 2014: Min cycles: 3
Sun May 18 00:32:56 CEST 2014: No solution found: 46
Sun May 18 00:32:56 CEST 2014: logging finished. (runtime: 5755ms)
