Tue May 06 12:46:15 CEST 2014: Problem Count: 50
Tue May 06 12:46:15 CEST 2014: CandidatesCount: 20
Tue May 06 12:46:15 CEST 2014: Max Cycles: 500
Tue May 06 12:46:15 CEST 2014: 0: finished (15ms, 55cycles)
Tue May 06 12:46:15 CEST 2014: 0: Solution found.
Tue May 06 12:46:15 CEST 2014: 1: finished (9ms, 24cycles)
Tue May 06 12:46:15 CEST 2014: 1: Solution found.
Tue May 06 12:46:15 CEST 2014: 2: finished (107ms, 500cycles)
Tue May 06 12:46:15 CEST 2014: 2: No solution found.
Tue May 06 12:46:15 CEST 2014: 3: finished (5ms, 20cycles)
Tue May 06 12:46:15 CEST 2014: 3: Solution found.
Tue May 06 12:46:15 CEST 2014: 4: finished (143ms, 500cycles)
Tue May 06 12:46:15 CEST 2014: 4: No solution found.
Tue May 06 12:46:15 CEST 2014: 5: finished (24ms, 92cycles)
Tue May 06 12:46:15 CEST 2014: 5: Solution found.
Tue May 06 12:46:15 CEST 2014: 6: finished (115ms, 500cycles)
Tue May 06 12:46:15 CEST 2014: 6: No solution found.
Tue May 06 12:46:15 CEST 2014: 7: finished (4ms, 12cycles)
Tue May 06 12:46:15 CEST 2014: 7: Solution found.
Tue May 06 12:46:15 CEST 2014: 8: finished (124ms, 500cycles)
Tue May 06 12:46:15 CEST 2014: 8: No solution found.
Tue May 06 12:46:15 CEST 2014: 9: finished (4ms, 16cycles)
Tue May 06 12:46:15 CEST 2014: 9: Solution found.
Tue May 06 12:46:15 CEST 2014: 10: finished (35ms, 146cycles)
Tue May 06 12:46:15 CEST 2014: 10: Solution found.
Tue May 06 12:46:15 CEST 2014: 11: finished (22ms, 92cycles)
Tue May 06 12:46:15 CEST 2014: 11: Solution found.
Tue May 06 12:46:15 CEST 2014: 12: finished (7ms, 28cycles)
Tue May 06 12:46:15 CEST 2014: 12: Solution found.
Tue May 06 12:46:15 CEST 2014: 13: finished (17ms, 66cycles)
Tue May 06 12:46:15 CEST 2014: 13: Solution found.
Tue May 06 12:46:15 CEST 2014: 14: finished (9ms, 39cycles)
Tue May 06 12:46:15 CEST 2014: 14: Solution found.
Tue May 06 12:46:15 CEST 2014: 15: finished (63ms, 266cycles)
Tue May 06 12:46:15 CEST 2014: 15: Solution found.
Tue May 06 12:46:15 CEST 2014: 16: finished (116ms, 500cycles)
Tue May 06 12:46:15 CEST 2014: 16: No solution found.
Tue May 06 12:46:15 CEST 2014: 17: finished (115ms, 500cycles)
Tue May 06 12:46:15 CEST 2014: 17: No solution found.
Tue May 06 12:46:16 CEST 2014: 18: finished (112ms, 500cycles)
Tue May 06 12:46:16 CEST 2014: 18: No solution found.
Tue May 06 12:46:16 CEST 2014: 19: finished (117ms, 500cycles)
Tue May 06 12:46:16 CEST 2014: 19: No solution found.
Tue May 06 12:46:16 CEST 2014: 20: finished (112ms, 500cycles)
Tue May 06 12:46:16 CEST 2014: 20: No solution found.
Tue May 06 12:46:16 CEST 2014: 21: finished (113ms, 500cycles)
Tue May 06 12:46:16 CEST 2014: 21: No solution found.
Tue May 06 12:46:16 CEST 2014: 22: finished (63ms, 217cycles)
Tue May 06 12:46:16 CEST 2014: 22: Solution found.
Tue May 06 12:46:16 CEST 2014: 23: finished (6ms, 21cycles)
Tue May 06 12:46:16 CEST 2014: 23: Solution found.
Tue May 06 12:46:16 CEST 2014: 24: finished (5ms, 21cycles)
Tue May 06 12:46:16 CEST 2014: 24: Solution found.
Tue May 06 12:46:16 CEST 2014: 25: finished (107ms, 500cycles)
Tue May 06 12:46:16 CEST 2014: 25: No solution found.
Tue May 06 12:46:16 CEST 2014: 26: finished (5ms, 18cycles)
Tue May 06 12:46:16 CEST 2014: 26: Solution found.
Tue May 06 12:46:16 CEST 2014: 27: finished (118ms, 471cycles)
Tue May 06 12:46:16 CEST 2014: 27: Solution found.
Tue May 06 12:46:16 CEST 2014: 28: finished (104ms, 500cycles)
Tue May 06 12:46:16 CEST 2014: 28: No solution found.
Tue May 06 12:46:16 CEST 2014: 29: finished (111ms, 500cycles)
Tue May 06 12:46:16 CEST 2014: 29: No solution found.
Tue May 06 12:46:17 CEST 2014: 30: finished (116ms, 500cycles)
Tue May 06 12:46:17 CEST 2014: 30: No solution found.
Tue May 06 12:46:17 CEST 2014: 31: finished (153ms, 500cycles)
Tue May 06 12:46:17 CEST 2014: 31: No solution found.
Tue May 06 12:46:17 CEST 2014: 32: finished (124ms, 500cycles)
Tue May 06 12:46:17 CEST 2014: 32: No solution found.
Tue May 06 12:46:17 CEST 2014: 33: finished (129ms, 500cycles)
Tue May 06 12:46:17 CEST 2014: 33: No solution found.
Tue May 06 12:46:17 CEST 2014: 34: finished (121ms, 500cycles)
Tue May 06 12:46:17 CEST 2014: 34: No solution found.
Tue May 06 12:46:17 CEST 2014: 35: finished (114ms, 500cycles)
Tue May 06 12:46:17 CEST 2014: 35: No solution found.
Tue May 06 12:46:17 CEST 2014: 36: finished (6ms, 20cycles)
Tue May 06 12:46:17 CEST 2014: 36: Solution found.
Tue May 06 12:46:17 CEST 2014: 37: finished (25ms, 97cycles)
Tue May 06 12:46:17 CEST 2014: 37: Solution found.
Tue May 06 12:46:17 CEST 2014: 38: finished (44ms, 169cycles)
Tue May 06 12:46:17 CEST 2014: 38: Solution found.
Tue May 06 12:46:17 CEST 2014: 39: finished (47ms, 201cycles)
Tue May 06 12:46:17 CEST 2014: 39: Solution found.
Tue May 06 12:46:17 CEST 2014: 40: finished (123ms, 500cycles)
Tue May 06 12:46:17 CEST 2014: 40: No solution found.
Tue May 06 12:46:18 CEST 2014: 41: finished (112ms, 500cycles)
Tue May 06 12:46:18 CEST 2014: 41: No solution found.
Tue May 06 12:46:18 CEST 2014: 42: finished (106ms, 500cycles)
Tue May 06 12:46:18 CEST 2014: 42: No solution found.
Tue May 06 12:46:18 CEST 2014: 43: finished (13ms, 55cycles)
Tue May 06 12:46:18 CEST 2014: 43: Solution found.
Tue May 06 12:46:18 CEST 2014: 44: finished (119ms, 500cycles)
Tue May 06 12:46:18 CEST 2014: 44: No solution found.
Tue May 06 12:46:18 CEST 2014: 45: finished (14ms, 64cycles)
Tue May 06 12:46:18 CEST 2014: 45: Solution found.
Tue May 06 12:46:18 CEST 2014: 46: finished (41ms, 114cycles)
Tue May 06 12:46:18 CEST 2014: 46: Solution found.
Tue May 06 12:46:18 CEST 2014: 47: finished (115ms, 500cycles)
Tue May 06 12:46:18 CEST 2014: 47: No solution found.
Tue May 06 12:46:18 CEST 2014: 48: finished (10ms, 33cycles)
Tue May 06 12:46:18 CEST 2014: 48: Solution found.
Tue May 06 12:46:18 CEST 2014: 49: finished (136ms, 500cycles)
Tue May 06 12:46:18 CEST 2014: 49: No solution found.
Tue May 06 12:46:18 CEST 2014: 50: finished (109ms, 500cycles)
Tue May 06 12:46:18 CEST 2014: 50: No solution found.
Tue May 06 12:46:18 CEST 2014: 51: finished (15ms, 56cycles)
Tue May 06 12:46:18 CEST 2014: 51: Solution found.
Tue May 06 12:46:18 CEST 2014: 52: finished (7ms, 25cycles)
Tue May 06 12:46:18 CEST 2014: 52: Solution found.
Tue May 06 12:46:18 CEST 2014: 53: finished (117ms, 500cycles)
Tue May 06 12:46:18 CEST 2014: 53: No solution found.
Tue May 06 12:46:19 CEST 2014: 54: finished (133ms, 500cycles)
Tue May 06 12:46:19 CEST 2014: 54: No solution found.
Tue May 06 12:46:19 CEST 2014: 55: finished (3ms, 12cycles)
Tue May 06 12:46:19 CEST 2014: 55: Solution found.
Tue May 06 12:46:19 CEST 2014: 56: finished (12ms, 46cycles)
Tue May 06 12:46:19 CEST 2014: 56: Solution found.
Tue May 06 12:46:19 CEST 2014: 57: finished (108ms, 500cycles)
Tue May 06 12:46:19 CEST 2014: 57: No solution found.
Tue May 06 12:46:19 CEST 2014: 58: finished (104ms, 500cycles)
Tue May 06 12:46:19 CEST 2014: 58: No solution found.
Tue May 06 12:46:19 CEST 2014: 59: finished (9ms, 33cycles)
Tue May 06 12:46:19 CEST 2014: 59: Solution found.
Tue May 06 12:46:19 CEST 2014: 60: finished (125ms, 500cycles)
Tue May 06 12:46:19 CEST 2014: 60: No solution found.
Tue May 06 12:46:19 CEST 2014: 61: finished (113ms, 500cycles)
Tue May 06 12:46:19 CEST 2014: 61: No solution found.
Tue May 06 12:46:19 CEST 2014: 62: finished (108ms, 500cycles)
Tue May 06 12:46:19 CEST 2014: 62: No solution found.
Tue May 06 12:46:19 CEST 2014: 63: finished (111ms, 500cycles)
Tue May 06 12:46:19 CEST 2014: 63: No solution found.
Tue May 06 12:46:19 CEST 2014: 64: finished (5ms, 20cycles)
Tue May 06 12:46:19 CEST 2014: 64: Solution found.
Tue May 06 12:46:19 CEST 2014: 65: finished (109ms, 500cycles)
Tue May 06 12:46:19 CEST 2014: 65: No solution found.
Tue May 06 12:46:19 CEST 2014: 66: finished (7ms, 29cycles)
Tue May 06 12:46:19 CEST 2014: 66: Solution found.
Tue May 06 12:46:19 CEST 2014: 67: finished (69ms, 265cycles)
Tue May 06 12:46:19 CEST 2014: 67: Solution found.
Tue May 06 12:46:20 CEST 2014: 68: finished (110ms, 500cycles)
Tue May 06 12:46:20 CEST 2014: 68: No solution found.
Tue May 06 12:46:20 CEST 2014: 69: finished (3ms, 13cycles)
Tue May 06 12:46:20 CEST 2014: 69: Solution found.
Tue May 06 12:46:20 CEST 2014: 70: finished (133ms, 500cycles)
Tue May 06 12:46:20 CEST 2014: 70: No solution found.
Tue May 06 12:46:20 CEST 2014: 71: finished (103ms, 500cycles)
Tue May 06 12:46:20 CEST 2014: 71: No solution found.
Tue May 06 12:46:20 CEST 2014: 72: finished (12ms, 46cycles)
Tue May 06 12:46:20 CEST 2014: 72: Solution found.
Tue May 06 12:46:20 CEST 2014: 73: finished (123ms, 500cycles)
Tue May 06 12:46:20 CEST 2014: 73: No solution found.
Tue May 06 12:46:20 CEST 2014: 74: finished (121ms, 500cycles)
Tue May 06 12:46:20 CEST 2014: 74: No solution found.
Tue May 06 12:46:20 CEST 2014: 75: finished (118ms, 500cycles)
Tue May 06 12:46:20 CEST 2014: 75: No solution found.
Tue May 06 12:46:20 CEST 2014: 76: finished (110ms, 500cycles)
Tue May 06 12:46:20 CEST 2014: 76: No solution found.
Tue May 06 12:46:20 CEST 2014: 77: finished (117ms, 500cycles)
Tue May 06 12:46:20 CEST 2014: 77: No solution found.
Tue May 06 12:46:20 CEST 2014: 78: finished (3ms, 8cycles)
Tue May 06 12:46:20 CEST 2014: 78: Solution found.
Tue May 06 12:46:20 CEST 2014: 79: finished (117ms, 500cycles)
Tue May 06 12:46:20 CEST 2014: 79: No solution found.
Tue May 06 12:46:20 CEST 2014: 80: finished (6ms, 26cycles)
Tue May 06 12:46:20 CEST 2014: 80: Solution found.
Tue May 06 12:46:20 CEST 2014: 81: finished (20ms, 88cycles)
Tue May 06 12:46:20 CEST 2014: 81: Solution found.
Tue May 06 12:46:21 CEST 2014: 82: finished (117ms, 500cycles)
Tue May 06 12:46:21 CEST 2014: 82: No solution found.
Tue May 06 12:46:21 CEST 2014: 83: finished (131ms, 500cycles)
Tue May 06 12:46:21 CEST 2014: 83: No solution found.
Tue May 06 12:46:21 CEST 2014: 84: finished (118ms, 500cycles)
Tue May 06 12:46:21 CEST 2014: 84: No solution found.
Tue May 06 12:46:21 CEST 2014: 85: finished (131ms, 500cycles)
Tue May 06 12:46:21 CEST 2014: 85: No solution found.
Tue May 06 12:46:21 CEST 2014: 86: finished (112ms, 500cycles)
Tue May 06 12:46:21 CEST 2014: 86: No solution found.
Tue May 06 12:46:21 CEST 2014: 87: finished (5ms, 19cycles)
Tue May 06 12:46:21 CEST 2014: 87: Solution found.
Tue May 06 12:46:21 CEST 2014: 88: finished (129ms, 500cycles)
Tue May 06 12:46:21 CEST 2014: 88: No solution found.
Tue May 06 12:46:21 CEST 2014: 89: finished (113ms, 500cycles)
Tue May 06 12:46:21 CEST 2014: 89: No solution found.
Tue May 06 12:46:21 CEST 2014: 90: finished (8ms, 30cycles)
Tue May 06 12:46:21 CEST 2014: 90: Solution found.
Tue May 06 12:46:21 CEST 2014: 91: finished (4ms, 18cycles)
Tue May 06 12:46:21 CEST 2014: 91: Solution found.
Tue May 06 12:46:21 CEST 2014: 92: finished (9ms, 35cycles)
Tue May 06 12:46:21 CEST 2014: 92: Solution found.
Tue May 06 12:46:21 CEST 2014: 93: finished (4ms, 16cycles)
Tue May 06 12:46:21 CEST 2014: 93: Solution found.
Tue May 06 12:46:21 CEST 2014: 94: finished (105ms, 500cycles)
Tue May 06 12:46:21 CEST 2014: 94: No solution found.
Tue May 06 12:46:21 CEST 2014: 95: finished (11ms, 47cycles)
Tue May 06 12:46:21 CEST 2014: 95: Solution found.
Tue May 06 12:46:21 CEST 2014: 96: finished (2ms, 5cycles)
Tue May 06 12:46:21 CEST 2014: 96: Solution found.
Tue May 06 12:46:21 CEST 2014: 97: finished (3ms, 12cycles)
Tue May 06 12:46:21 CEST 2014: 97: Solution found.
Tue May 06 12:46:22 CEST 2014: 98: finished (130ms, 500cycles)
Tue May 06 12:46:22 CEST 2014: 98: No solution found.
Tue May 06 12:46:22 CEST 2014: 99: finished (115ms, 500cycles)
Tue May 06 12:46:22 CEST 2014: 99: No solution found.
Tue May 06 12:46:22 CEST 2014: Solution Found: 46
Tue May 06 12:46:22 CEST 2014: Avg cycles: 69
Tue May 06 12:46:22 CEST 2014: Max cycles: 471
Tue May 06 12:46:22 CEST 2014: Min cycles: 5
Tue May 06 12:46:22 CEST 2014: No solution found: 54
Tue May 06 12:46:22 CEST 2014: logging finished. (runtime: 7194ms)
