Sun May 18 03:52:31 CEST 2014: Problem Count: 10
Sun May 18 03:52:31 CEST 2014: CandidatesCount: 20
Sun May 18 03:52:31 CEST 2014: Max Cycles: 500
Sun May 18 03:52:31 CEST 2014: 0: finished (3ms, 23cycles)
Sun May 18 03:52:31 CEST 2014: 0: Solution found.
Sun May 18 03:52:31 CEST 2014: 1: finished (116ms, 500cycles)
Sun May 18 03:52:31 CEST 2014: 1: No solution found.
Sun May 18 03:52:31 CEST 2014: 2: finished (40ms, 171cycles)
Sun May 18 03:52:31 CEST 2014: 2: Solution found.
Sun May 18 03:52:31 CEST 2014: 3: finished (83ms, 500cycles)
Sun May 18 03:52:31 CEST 2014: 3: No solution found.
Sun May 18 03:52:31 CEST 2014: 4: finished (179ms, 500cycles)
Sun May 18 03:52:31 CEST 2014: 4: No solution found.
Sun May 18 03:52:31 CEST 2014: 5: finished (29ms, 500cycles)
Sun May 18 03:52:31 CEST 2014: 5: No solution found.
Sun May 18 03:52:31 CEST 2014: 6: finished (19ms, 500cycles)
Sun May 18 03:52:31 CEST 2014: 6: No solution found.
Sun May 18 03:52:31 CEST 2014: 7: finished (151ms, 500cycles)
Sun May 18 03:52:31 CEST 2014: 7: No solution found.
Sun May 18 03:52:31 CEST 2014: 8: finished (19ms, 500cycles)
Sun May 18 03:52:31 CEST 2014: 8: No solution found.
Sun May 18 03:52:31 CEST 2014: 9: finished (9ms, 43cycles)
Sun May 18 03:52:31 CEST 2014: 9: Solution found.
Sun May 18 03:52:31 CEST 2014: 10: finished (18ms, 500cycles)
Sun May 18 03:52:31 CEST 2014: 10: No solution found.
Sun May 18 03:52:31 CEST 2014: 11: finished (15ms, 500cycles)
Sun May 18 03:52:31 CEST 2014: 11: No solution found.
Sun May 18 03:52:31 CEST 2014: 12: finished (18ms, 500cycles)
Sun May 18 03:52:31 CEST 2014: 12: No solution found.
Sun May 18 03:52:31 CEST 2014: 13: finished (20ms, 500cycles)
Sun May 18 03:52:31 CEST 2014: 13: No solution found.
Sun May 18 03:52:31 CEST 2014: 14: finished (19ms, 500cycles)
Sun May 18 03:52:31 CEST 2014: 14: No solution found.
Sun May 18 03:52:31 CEST 2014: 15: finished (76ms, 500cycles)
Sun May 18 03:52:31 CEST 2014: 15: No solution found.
Sun May 18 03:52:32 CEST 2014: 16: finished (17ms, 500cycles)
Sun May 18 03:52:32 CEST 2014: 16: No solution found.
Sun May 18 03:52:32 CEST 2014: 17: finished (61ms, 500cycles)
Sun May 18 03:52:32 CEST 2014: 17: No solution found.
Sun May 18 03:52:32 CEST 2014: 18: finished (17ms, 500cycles)
Sun May 18 03:52:32 CEST 2014: 18: No solution found.
Sun May 18 03:52:32 CEST 2014: 19: finished (72ms, 500cycles)
Sun May 18 03:52:32 CEST 2014: 19: No solution found.
Sun May 18 03:52:32 CEST 2014: 20: finished (18ms, 500cycles)
Sun May 18 03:52:32 CEST 2014: 20: No solution found.
Sun May 18 03:52:32 CEST 2014: 21: finished (144ms, 500cycles)
Sun May 18 03:52:32 CEST 2014: 21: No solution found.
Sun May 18 03:52:32 CEST 2014: 22: finished (79ms, 500cycles)
Sun May 18 03:52:32 CEST 2014: 22: No solution found.
Sun May 18 03:52:32 CEST 2014: 23: finished (20ms, 500cycles)
Sun May 18 03:52:32 CEST 2014: 23: No solution found.
Sun May 18 03:52:32 CEST 2014: 24: finished (0ms, 4cycles)
Sun May 18 03:52:32 CEST 2014: 24: Solution found.
Sun May 18 03:52:32 CEST 2014: 25: finished (20ms, 500cycles)
Sun May 18 03:52:32 CEST 2014: 25: No solution found.
Sun May 18 03:52:32 CEST 2014: 26: finished (9ms, 65cycles)
Sun May 18 03:52:32 CEST 2014: 26: Solution found.
Sun May 18 03:52:32 CEST 2014: 27: finished (23ms, 500cycles)
Sun May 18 03:52:32 CEST 2014: 27: No solution found.
Sun May 18 03:52:32 CEST 2014: 28: finished (0ms, 3cycles)
Sun May 18 03:52:32 CEST 2014: 28: Solution found.
Sun May 18 03:52:32 CEST 2014: 29: finished (4ms, 24cycles)
Sun May 18 03:52:32 CEST 2014: 29: Solution found.
Sun May 18 03:52:32 CEST 2014: 30: finished (1ms, 27cycles)
Sun May 18 03:52:32 CEST 2014: 30: Solution found.
Sun May 18 03:52:32 CEST 2014: 31: finished (123ms, 500cycles)
Sun May 18 03:52:32 CEST 2014: 31: No solution found.
Sun May 18 03:52:32 CEST 2014: 32: finished (118ms, 500cycles)
Sun May 18 03:52:32 CEST 2014: 32: No solution found.
Sun May 18 03:52:32 CEST 2014: 33: finished (21ms, 500cycles)
Sun May 18 03:52:32 CEST 2014: 33: No solution found.
Sun May 18 03:52:32 CEST 2014: 34: finished (17ms, 500cycles)
Sun May 18 03:52:32 CEST 2014: 34: No solution found.
Sun May 18 03:52:32 CEST 2014: 35: finished (26ms, 500cycles)
Sun May 18 03:52:32 CEST 2014: 35: No solution found.
Sun May 18 03:52:32 CEST 2014: 36: finished (19ms, 500cycles)
Sun May 18 03:52:32 CEST 2014: 36: No solution found.
Sun May 18 03:52:32 CEST 2014: 37: finished (66ms, 500cycles)
Sun May 18 03:52:32 CEST 2014: 37: No solution found.
Sun May 18 03:52:32 CEST 2014: 38: finished (78ms, 500cycles)
Sun May 18 03:52:32 CEST 2014: 38: No solution found.
Sun May 18 03:52:32 CEST 2014: 39: finished (1ms, 4cycles)
Sun May 18 03:52:32 CEST 2014: 39: Solution found.
Sun May 18 03:52:32 CEST 2014: 40: finished (22ms, 500cycles)
Sun May 18 03:52:32 CEST 2014: 40: No solution found.
Sun May 18 03:52:33 CEST 2014: 41: finished (151ms, 500cycles)
Sun May 18 03:52:33 CEST 2014: 41: No solution found.
Sun May 18 03:52:33 CEST 2014: 42: finished (1ms, 21cycles)
Sun May 18 03:52:33 CEST 2014: 42: Solution found.
Sun May 18 03:52:33 CEST 2014: 43: finished (0ms, 8cycles)
Sun May 18 03:52:33 CEST 2014: 43: Solution found.
Sun May 18 03:52:33 CEST 2014: 44: finished (89ms, 500cycles)
Sun May 18 03:52:33 CEST 2014: 44: No solution found.
Sun May 18 03:52:33 CEST 2014: 45: finished (20ms, 500cycles)
Sun May 18 03:52:33 CEST 2014: 45: No solution found.
Sun May 18 03:52:33 CEST 2014: 46: finished (174ms, 500cycles)
Sun May 18 03:52:33 CEST 2014: 46: No solution found.
Sun May 18 03:52:33 CEST 2014: 47: finished (21ms, 500cycles)
Sun May 18 03:52:33 CEST 2014: 47: No solution found.
Sun May 18 03:52:33 CEST 2014: 48: finished (70ms, 500cycles)
Sun May 18 03:52:33 CEST 2014: 48: No solution found.
Sun May 18 03:52:33 CEST 2014: 49: finished (19ms, 500cycles)
Sun May 18 03:52:33 CEST 2014: 49: No solution found.
Sun May 18 03:52:33 CEST 2014: 50: finished (21ms, 500cycles)
Sun May 18 03:52:33 CEST 2014: 50: No solution found.
Sun May 18 03:52:33 CEST 2014: 51: finished (19ms, 500cycles)
Sun May 18 03:52:33 CEST 2014: 51: No solution found.
Sun May 18 03:52:33 CEST 2014: 52: finished (107ms, 500cycles)
Sun May 18 03:52:33 CEST 2014: 52: No solution found.
Sun May 18 03:52:33 CEST 2014: 53: finished (92ms, 500cycles)
Sun May 18 03:52:33 CEST 2014: 53: No solution found.
Sun May 18 03:52:33 CEST 2014: 54: finished (178ms, 500cycles)
Sun May 18 03:52:33 CEST 2014: 54: No solution found.
Sun May 18 03:52:33 CEST 2014: 55: finished (4ms, 55cycles)
Sun May 18 03:52:33 CEST 2014: 55: Solution found.
Sun May 18 03:52:33 CEST 2014: 56: finished (28ms, 500cycles)
Sun May 18 03:52:33 CEST 2014: 56: No solution found.
Sun May 18 03:52:33 CEST 2014: 57: finished (5ms, 63cycles)
Sun May 18 03:52:33 CEST 2014: 57: Solution found.
Sun May 18 03:52:33 CEST 2014: 58: finished (20ms, 500cycles)
Sun May 18 03:52:33 CEST 2014: 58: No solution found.
Sun May 18 03:52:34 CEST 2014: 59: finished (19ms, 500cycles)
Sun May 18 03:52:34 CEST 2014: 59: No solution found.
Sun May 18 03:52:34 CEST 2014: 60: finished (6ms, 27cycles)
Sun May 18 03:52:34 CEST 2014: 60: Solution found.
Sun May 18 03:52:34 CEST 2014: 61: finished (20ms, 500cycles)
Sun May 18 03:52:34 CEST 2014: 61: No solution found.
Sun May 18 03:52:34 CEST 2014: 62: finished (54ms, 215cycles)
Sun May 18 03:52:34 CEST 2014: 62: Solution found.
Sun May 18 03:52:34 CEST 2014: 63: finished (2ms, 16cycles)
Sun May 18 03:52:34 CEST 2014: 63: Solution found.
Sun May 18 03:52:34 CEST 2014: 64: finished (1ms, 23cycles)
Sun May 18 03:52:34 CEST 2014: 64: Solution found.
Sun May 18 03:52:34 CEST 2014: 65: finished (18ms, 500cycles)
Sun May 18 03:52:34 CEST 2014: 65: No solution found.
Sun May 18 03:52:34 CEST 2014: 66: finished (48ms, 131cycles)
Sun May 18 03:52:34 CEST 2014: 66: Solution found.
Sun May 18 03:52:34 CEST 2014: 67: finished (83ms, 500cycles)
Sun May 18 03:52:34 CEST 2014: 67: No solution found.
Sun May 18 03:52:34 CEST 2014: 68: finished (177ms, 500cycles)
Sun May 18 03:52:34 CEST 2014: 68: No solution found.
Sun May 18 03:52:34 CEST 2014: 69: finished (105ms, 500cycles)
Sun May 18 03:52:34 CEST 2014: 69: No solution found.
Sun May 18 03:52:34 CEST 2014: 70: finished (17ms, 500cycles)
Sun May 18 03:52:34 CEST 2014: 70: No solution found.
Sun May 18 03:52:34 CEST 2014: 71: finished (141ms, 500cycles)
Sun May 18 03:52:34 CEST 2014: 71: No solution found.
Sun May 18 03:52:34 CEST 2014: 72: finished (160ms, 500cycles)
Sun May 18 03:52:34 CEST 2014: 72: No solution found.
Sun May 18 03:52:35 CEST 2014: 73: finished (168ms, 500cycles)
Sun May 18 03:52:35 CEST 2014: 73: No solution found.
Sun May 18 03:52:35 CEST 2014: 74: finished (5ms, 54cycles)
Sun May 18 03:52:35 CEST 2014: 74: Solution found.
Sun May 18 03:52:35 CEST 2014: 75: finished (17ms, 76cycles)
Sun May 18 03:52:35 CEST 2014: 75: Solution found.
Sun May 18 03:52:35 CEST 2014: 76: finished (19ms, 500cycles)
Sun May 18 03:52:35 CEST 2014: 76: No solution found.
Sun May 18 03:52:35 CEST 2014: 77: finished (122ms, 500cycles)
Sun May 18 03:52:35 CEST 2014: 77: No solution found.
Sun May 18 03:52:35 CEST 2014: 78: finished (1ms, 4cycles)
Sun May 18 03:52:35 CEST 2014: 78: Solution found.
Sun May 18 03:52:35 CEST 2014: 79: finished (70ms, 500cycles)
Sun May 18 03:52:35 CEST 2014: 79: No solution found.
Sun May 18 03:52:35 CEST 2014: 80: finished (174ms, 500cycles)
Sun May 18 03:52:35 CEST 2014: 80: No solution found.
Sun May 18 03:52:35 CEST 2014: 81: finished (80ms, 500cycles)
Sun May 18 03:52:35 CEST 2014: 81: No solution found.
Sun May 18 03:52:35 CEST 2014: 82: finished (26ms, 500cycles)
Sun May 18 03:52:35 CEST 2014: 82: No solution found.
Sun May 18 03:52:35 CEST 2014: 83: finished (19ms, 500cycles)
Sun May 18 03:52:35 CEST 2014: 83: No solution found.
Sun May 18 03:52:35 CEST 2014: 84: finished (18ms, 93cycles)
Sun May 18 03:52:35 CEST 2014: 84: Solution found.
Sun May 18 03:52:35 CEST 2014: 85: finished (175ms, 500cycles)
Sun May 18 03:52:35 CEST 2014: 85: No solution found.
Sun May 18 03:52:35 CEST 2014: 86: finished (106ms, 500cycles)
Sun May 18 03:52:35 CEST 2014: 86: No solution found.
Sun May 18 03:52:35 CEST 2014: 87: finished (23ms, 106cycles)
Sun May 18 03:52:35 CEST 2014: 87: Solution found.
Sun May 18 03:52:36 CEST 2014: 88: finished (167ms, 500cycles)
Sun May 18 03:52:36 CEST 2014: 88: No solution found.
Sun May 18 03:52:36 CEST 2014: 89: finished (180ms, 500cycles)
Sun May 18 03:52:36 CEST 2014: 89: No solution found.
Sun May 18 03:52:36 CEST 2014: 90: finished (127ms, 500cycles)
Sun May 18 03:52:36 CEST 2014: 90: No solution found.
Sun May 18 03:52:36 CEST 2014: 91: finished (69ms, 500cycles)
Sun May 18 03:52:36 CEST 2014: 91: No solution found.
Sun May 18 03:52:36 CEST 2014: 92: finished (20ms, 500cycles)
Sun May 18 03:52:36 CEST 2014: 92: No solution found.
Sun May 18 03:52:36 CEST 2014: 93: finished (114ms, 500cycles)
Sun May 18 03:52:36 CEST 2014: 93: No solution found.
Sun May 18 03:52:36 CEST 2014: 94: finished (21ms, 500cycles)
Sun May 18 03:52:36 CEST 2014: 94: No solution found.
Sun May 18 03:52:36 CEST 2014: 95: finished (122ms, 500cycles)
Sun May 18 03:52:36 CEST 2014: 95: No solution found.
Sun May 18 03:52:36 CEST 2014: 96: finished (115ms, 500cycles)
Sun May 18 03:52:36 CEST 2014: 96: No solution found.
Sun May 18 03:52:36 CEST 2014: 97: finished (9ms, 95cycles)
Sun May 18 03:52:36 CEST 2014: 97: Solution found.
Sun May 18 03:52:36 CEST 2014: 98: finished (18ms, 500cycles)
Sun May 18 03:52:36 CEST 2014: 98: No solution found.
Sun May 18 03:52:36 CEST 2014: 99: finished (22ms, 500cycles)
Sun May 18 03:52:36 CEST 2014: 99: No solution found.
Sun May 18 03:52:36 CEST 2014: Solution Found: 24
Sun May 18 03:52:36 CEST 2014: Avg cycles: 56
Sun May 18 03:52:36 CEST 2014: Max cycles: 215
Sun May 18 03:52:36 CEST 2014: Min cycles: 3
Sun May 18 03:52:36 CEST 2014: No solution found: 76
Sun May 18 03:52:36 CEST 2014: logging finished. (runtime: 5681ms)
