Sun May 18 05:07:05 CEST 2014: Problem Count: 40
Sun May 18 05:07:05 CEST 2014: CandidatesCount: 30
Sun May 18 05:07:05 CEST 2014: Max Cycles: 500
Sun May 18 05:07:05 CEST 2014: 0: finished (3ms, 11cycles)
Sun May 18 05:07:05 CEST 2014: 0: Solution found.
Sun May 18 05:07:05 CEST 2014: 1: finished (13ms, 39cycles)
Sun May 18 05:07:05 CEST 2014: 1: Solution found.
Sun May 18 05:07:05 CEST 2014: 2: finished (125ms, 500cycles)
Sun May 18 05:07:05 CEST 2014: 2: No solution found.
Sun May 18 05:07:05 CEST 2014: 3: finished (1ms, 4cycles)
Sun May 18 05:07:05 CEST 2014: 3: Solution found.
Sun May 18 05:07:05 CEST 2014: 4: finished (15ms, 46cycles)
Sun May 18 05:07:05 CEST 2014: 4: Solution found.
Sun May 18 05:07:05 CEST 2014: 5: finished (7ms, 26cycles)
Sun May 18 05:07:05 CEST 2014: 5: Solution found.
Sun May 18 05:07:05 CEST 2014: 6: finished (135ms, 500cycles)
Sun May 18 05:07:05 CEST 2014: 6: No solution found.
Sun May 18 05:07:05 CEST 2014: 7: finished (133ms, 500cycles)
Sun May 18 05:07:05 CEST 2014: 7: No solution found.
Sun May 18 05:07:05 CEST 2014: 8: finished (121ms, 500cycles)
Sun May 18 05:07:05 CEST 2014: 8: No solution found.
Sun May 18 05:07:05 CEST 2014: 9: finished (5ms, 18cycles)
Sun May 18 05:07:05 CEST 2014: 9: Solution found.
Sun May 18 05:07:05 CEST 2014: 10: finished (125ms, 500cycles)
Sun May 18 05:07:05 CEST 2014: 10: No solution found.
Sun May 18 05:07:05 CEST 2014: 11: finished (3ms, 11cycles)
Sun May 18 05:07:05 CEST 2014: 11: Solution found.
Sun May 18 05:07:06 CEST 2014: 12: finished (127ms, 500cycles)
Sun May 18 05:07:06 CEST 2014: 12: No solution found.
Sun May 18 05:07:06 CEST 2014: 13: finished (0ms, 1cycles)
Sun May 18 05:07:06 CEST 2014: 13: Solution found.
Sun May 18 05:07:06 CEST 2014: 14: finished (128ms, 500cycles)
Sun May 18 05:07:06 CEST 2014: 14: No solution found.
Sun May 18 05:07:06 CEST 2014: 15: finished (122ms, 500cycles)
Sun May 18 05:07:06 CEST 2014: 15: No solution found.
Sun May 18 05:07:06 CEST 2014: 16: finished (5ms, 17cycles)
Sun May 18 05:07:06 CEST 2014: 16: Solution found.
Sun May 18 05:07:06 CEST 2014: 17: finished (6ms, 21cycles)
Sun May 18 05:07:06 CEST 2014: 17: Solution found.
Sun May 18 05:07:06 CEST 2014: 18: finished (7ms, 27cycles)
Sun May 18 05:07:06 CEST 2014: 18: Solution found.
Sun May 18 05:07:06 CEST 2014: 19: finished (5ms, 14cycles)
Sun May 18 05:07:06 CEST 2014: 19: Solution found.
Sun May 18 05:07:06 CEST 2014: 20: finished (5ms, 18cycles)
Sun May 18 05:07:06 CEST 2014: 20: Solution found.
Sun May 18 05:07:06 CEST 2014: 21: finished (8ms, 29cycles)
Sun May 18 05:07:06 CEST 2014: 21: Solution found.
Sun May 18 05:07:06 CEST 2014: 22: finished (3ms, 10cycles)
Sun May 18 05:07:06 CEST 2014: 22: Solution found.
Sun May 18 05:07:06 CEST 2014: 23: finished (134ms, 500cycles)
Sun May 18 05:07:06 CEST 2014: 23: No solution found.
Sun May 18 05:07:06 CEST 2014: 24: finished (4ms, 14cycles)
Sun May 18 05:07:06 CEST 2014: 24: Solution found.
Sun May 18 05:07:06 CEST 2014: 25: finished (15ms, 52cycles)
Sun May 18 05:07:06 CEST 2014: 25: Solution found.
Sun May 18 05:07:06 CEST 2014: 26: finished (145ms, 500cycles)
Sun May 18 05:07:06 CEST 2014: 26: No solution found.
Sun May 18 05:07:06 CEST 2014: 27: finished (122ms, 500cycles)
Sun May 18 05:07:06 CEST 2014: 27: No solution found.
Sun May 18 05:07:06 CEST 2014: 28: finished (12ms, 50cycles)
Sun May 18 05:07:06 CEST 2014: 28: Solution found.
Sun May 18 05:07:06 CEST 2014: 29: finished (144ms, 500cycles)
Sun May 18 05:07:06 CEST 2014: 29: No solution found.
Sun May 18 05:07:06 CEST 2014: 30: finished (7ms, 24cycles)
Sun May 18 05:07:06 CEST 2014: 30: Solution found.
Sun May 18 05:07:06 CEST 2014: 31: finished (23ms, 77cycles)
Sun May 18 05:07:06 CEST 2014: 31: Solution found.
Sun May 18 05:07:06 CEST 2014: 32: finished (6ms, 21cycles)
Sun May 18 05:07:06 CEST 2014: 32: Solution found.
Sun May 18 05:07:07 CEST 2014: 33: finished (115ms, 500cycles)
Sun May 18 05:07:07 CEST 2014: 33: No solution found.
Sun May 18 05:07:07 CEST 2014: 34: finished (37ms, 132cycles)
Sun May 18 05:07:07 CEST 2014: 34: Solution found.
Sun May 18 05:07:07 CEST 2014: 35: finished (4ms, 13cycles)
Sun May 18 05:07:07 CEST 2014: 35: Solution found.
Sun May 18 05:07:07 CEST 2014: 36: finished (297ms, 500cycles)
Sun May 18 05:07:07 CEST 2014: 36: No solution found.
Sun May 18 05:07:07 CEST 2014: 37: finished (5ms, 15cycles)
Sun May 18 05:07:07 CEST 2014: 37: Solution found.
Sun May 18 05:07:07 CEST 2014: 38: finished (4ms, 12cycles)
Sun May 18 05:07:07 CEST 2014: 38: Solution found.
Sun May 18 05:07:07 CEST 2014: 39: finished (118ms, 500cycles)
Sun May 18 05:07:07 CEST 2014: 39: No solution found.
Sun May 18 05:07:07 CEST 2014: 40: finished (133ms, 500cycles)
Sun May 18 05:07:07 CEST 2014: 40: No solution found.
Sun May 18 05:07:07 CEST 2014: 41: finished (117ms, 500cycles)
Sun May 18 05:07:07 CEST 2014: 41: No solution found.
Sun May 18 05:07:07 CEST 2014: 42: finished (128ms, 500cycles)
Sun May 18 05:07:07 CEST 2014: 42: No solution found.
Sun May 18 05:07:08 CEST 2014: 43: finished (130ms, 500cycles)
Sun May 18 05:07:08 CEST 2014: 43: No solution found.
Sun May 18 05:07:08 CEST 2014: 44: finished (122ms, 500cycles)
Sun May 18 05:07:08 CEST 2014: 44: No solution found.
Sun May 18 05:07:08 CEST 2014: 45: finished (12ms, 46cycles)
Sun May 18 05:07:08 CEST 2014: 45: Solution found.
Sun May 18 05:07:08 CEST 2014: 46: finished (3ms, 12cycles)
Sun May 18 05:07:08 CEST 2014: 46: Solution found.
Sun May 18 05:07:08 CEST 2014: 47: finished (4ms, 12cycles)
Sun May 18 05:07:08 CEST 2014: 47: Solution found.
Sun May 18 05:07:08 CEST 2014: 48: finished (128ms, 500cycles)
Sun May 18 05:07:08 CEST 2014: 48: No solution found.
Sun May 18 05:07:08 CEST 2014: 49: finished (7ms, 24cycles)
Sun May 18 05:07:08 CEST 2014: 49: Solution found.
Sun May 18 05:07:08 CEST 2014: 50: finished (120ms, 500cycles)
Sun May 18 05:07:08 CEST 2014: 50: No solution found.
Sun May 18 05:07:08 CEST 2014: 51: finished (124ms, 500cycles)
Sun May 18 05:07:08 CEST 2014: 51: No solution found.
Sun May 18 05:07:08 CEST 2014: 52: finished (7ms, 26cycles)
Sun May 18 05:07:08 CEST 2014: 52: Solution found.
Sun May 18 05:07:08 CEST 2014: 53: finished (122ms, 500cycles)
Sun May 18 05:07:08 CEST 2014: 53: No solution found.
Sun May 18 05:07:08 CEST 2014: 54: finished (132ms, 500cycles)
Sun May 18 05:07:08 CEST 2014: 54: No solution found.
Sun May 18 05:07:08 CEST 2014: 55: finished (6ms, 20cycles)
Sun May 18 05:07:08 CEST 2014: 55: Solution found.
Sun May 18 05:07:08 CEST 2014: 56: finished (2ms, 7cycles)
Sun May 18 05:07:08 CEST 2014: 56: Solution found.
Sun May 18 05:07:08 CEST 2014: 57: finished (3ms, 10cycles)
Sun May 18 05:07:08 CEST 2014: 57: Solution found.
Sun May 18 05:07:09 CEST 2014: 58: finished (130ms, 500cycles)
Sun May 18 05:07:09 CEST 2014: 58: No solution found.
Sun May 18 05:07:09 CEST 2014: 59: finished (18ms, 65cycles)
Sun May 18 05:07:09 CEST 2014: 59: Solution found.
Sun May 18 05:07:09 CEST 2014: 60: finished (136ms, 500cycles)
Sun May 18 05:07:09 CEST 2014: 60: No solution found.
Sun May 18 05:07:09 CEST 2014: 61: finished (5ms, 16cycles)
Sun May 18 05:07:09 CEST 2014: 61: Solution found.
Sun May 18 05:07:09 CEST 2014: 62: finished (120ms, 500cycles)
Sun May 18 05:07:09 CEST 2014: 62: No solution found.
Sun May 18 05:07:09 CEST 2014: 63: finished (133ms, 500cycles)
Sun May 18 05:07:09 CEST 2014: 63: No solution found.
Sun May 18 05:07:09 CEST 2014: 64: finished (133ms, 500cycles)
Sun May 18 05:07:09 CEST 2014: 64: No solution found.
Sun May 18 05:07:09 CEST 2014: 65: finished (118ms, 500cycles)
Sun May 18 05:07:09 CEST 2014: 65: No solution found.
Sun May 18 05:07:09 CEST 2014: 66: finished (4ms, 10cycles)
Sun May 18 05:07:09 CEST 2014: 66: Solution found.
Sun May 18 05:07:09 CEST 2014: 67: finished (132ms, 500cycles)
Sun May 18 05:07:09 CEST 2014: 67: No solution found.
Sun May 18 05:07:09 CEST 2014: 68: finished (116ms, 500cycles)
Sun May 18 05:07:09 CEST 2014: 68: No solution found.
Sun May 18 05:07:10 CEST 2014: 69: finished (117ms, 500cycles)
Sun May 18 05:07:10 CEST 2014: 69: No solution found.
Sun May 18 05:07:10 CEST 2014: 70: finished (6ms, 21cycles)
Sun May 18 05:07:10 CEST 2014: 70: Solution found.
Sun May 18 05:07:10 CEST 2014: 71: finished (138ms, 500cycles)
Sun May 18 05:07:10 CEST 2014: 71: No solution found.
Sun May 18 05:07:10 CEST 2014: 72: finished (121ms, 500cycles)
Sun May 18 05:07:10 CEST 2014: 72: No solution found.
Sun May 18 05:07:10 CEST 2014: 73: finished (14ms, 51cycles)
Sun May 18 05:07:10 CEST 2014: 73: Solution found.
Sun May 18 05:07:10 CEST 2014: 74: finished (129ms, 500cycles)
Sun May 18 05:07:10 CEST 2014: 74: No solution found.
Sun May 18 05:07:10 CEST 2014: 75: finished (125ms, 500cycles)
Sun May 18 05:07:10 CEST 2014: 75: No solution found.
Sun May 18 05:07:10 CEST 2014: 76: finished (129ms, 500cycles)
Sun May 18 05:07:10 CEST 2014: 76: No solution found.
Sun May 18 05:07:10 CEST 2014: 77: finished (112ms, 500cycles)
Sun May 18 05:07:10 CEST 2014: 77: No solution found.
Sun May 18 05:07:10 CEST 2014: 78: finished (119ms, 500cycles)
Sun May 18 05:07:10 CEST 2014: 78: No solution found.
Sun May 18 05:07:10 CEST 2014: 79: finished (3ms, 8cycles)
Sun May 18 05:07:10 CEST 2014: 79: Solution found.
Sun May 18 05:07:10 CEST 2014: 80: finished (20ms, 59cycles)
Sun May 18 05:07:10 CEST 2014: 80: Solution found.
Sun May 18 05:07:10 CEST 2014: 81: finished (19ms, 69cycles)
Sun May 18 05:07:10 CEST 2014: 81: Solution found.
Sun May 18 05:07:10 CEST 2014: 82: finished (15ms, 53cycles)
Sun May 18 05:07:10 CEST 2014: 82: Solution found.
Sun May 18 05:07:11 CEST 2014: 83: finished (8ms, 33cycles)
Sun May 18 05:07:11 CEST 2014: 83: Solution found.
Sun May 18 05:07:11 CEST 2014: 84: finished (6ms, 19cycles)
Sun May 18 05:07:11 CEST 2014: 84: Solution found.
Sun May 18 05:07:11 CEST 2014: 85: finished (14ms, 52cycles)
Sun May 18 05:07:11 CEST 2014: 85: Solution found.
Sun May 18 05:07:11 CEST 2014: 86: finished (134ms, 500cycles)
Sun May 18 05:07:11 CEST 2014: 86: No solution found.
Sun May 18 05:07:11 CEST 2014: 87: finished (118ms, 500cycles)
Sun May 18 05:07:11 CEST 2014: 87: No solution found.
Sun May 18 05:07:11 CEST 2014: 88: finished (141ms, 500cycles)
Sun May 18 05:07:11 CEST 2014: 88: No solution found.
Sun May 18 05:07:11 CEST 2014: 89: finished (2ms, 8cycles)
Sun May 18 05:07:11 CEST 2014: 89: Solution found.
Sun May 18 05:07:11 CEST 2014: 90: finished (149ms, 500cycles)
Sun May 18 05:07:11 CEST 2014: 90: No solution found.
Sun May 18 05:07:11 CEST 2014: 91: finished (145ms, 500cycles)
Sun May 18 05:07:11 CEST 2014: 91: No solution found.
Sun May 18 05:07:11 CEST 2014: 92: finished (121ms, 500cycles)
Sun May 18 05:07:11 CEST 2014: 92: No solution found.
Sun May 18 05:07:11 CEST 2014: 93: finished (118ms, 500cycles)
Sun May 18 05:07:11 CEST 2014: 93: No solution found.
Sun May 18 05:07:11 CEST 2014: 94: finished (3ms, 11cycles)
Sun May 18 05:07:11 CEST 2014: 94: Solution found.
Sun May 18 05:07:12 CEST 2014: 95: finished (130ms, 500cycles)
Sun May 18 05:07:12 CEST 2014: 95: No solution found.
Sun May 18 05:07:12 CEST 2014: 96: finished (13ms, 47cycles)
Sun May 18 05:07:12 CEST 2014: 96: Solution found.
Sun May 18 05:07:12 CEST 2014: 97: finished (116ms, 500cycles)
Sun May 18 05:07:12 CEST 2014: 97: No solution found.
Sun May 18 05:07:12 CEST 2014: 98: finished (125ms, 500cycles)
Sun May 18 05:07:12 CEST 2014: 98: No solution found.
Sun May 18 05:07:12 CEST 2014: 99: finished (4ms, 13cycles)
Sun May 18 05:07:12 CEST 2014: 99: Solution found.
Sun May 18 05:07:12 CEST 2014: Solution Found: 49
Sun May 18 05:07:12 CEST 2014: Avg cycles: 28
Sun May 18 05:07:12 CEST 2014: Max cycles: 132
Sun May 18 05:07:12 CEST 2014: Min cycles: 1
Sun May 18 05:07:12 CEST 2014: No solution found: 51
Sun May 18 05:07:12 CEST 2014: logging finished. (runtime: 7078ms)
