Sun May 18 00:31:22 CEST 2014: Problem Count: 20
Sun May 18 00:31:22 CEST 2014: CandidatesCount: 10
Sun May 18 00:31:22 CEST 2014: Max Cycles: 500
Sun May 18 00:31:22 CEST 2014: 0: finished (19ms, 500cycles)
Sun May 18 00:31:22 CEST 2014: 0: No solution found.
Sun May 18 00:31:22 CEST 2014: 1: finished (19ms, 500cycles)
Sun May 18 00:31:22 CEST 2014: 1: No solution found.
Sun May 18 00:31:22 CEST 2014: 2: finished (19ms, 500cycles)
Sun May 18 00:31:22 CEST 2014: 2: No solution found.
Sun May 18 00:31:22 CEST 2014: 3: finished (1ms, 18cycles)
Sun May 18 00:31:22 CEST 2014: 3: Solution found.
Sun May 18 00:31:22 CEST 2014: 4: finished (2ms, 38cycles)
Sun May 18 00:31:22 CEST 2014: 4: Solution found.
Sun May 18 00:31:22 CEST 2014: 5: finished (1ms, 24cycles)
Sun May 18 00:31:22 CEST 2014: 5: Solution found.
Sun May 18 00:31:22 CEST 2014: 6: finished (20ms, 109cycles)
Sun May 18 00:31:22 CEST 2014: 6: Solution found.
Sun May 18 00:31:22 CEST 2014: 7: finished (23ms, 474cycles)
Sun May 18 00:31:22 CEST 2014: 7: Solution found.
Sun May 18 00:31:22 CEST 2014: 8: finished (21ms, 500cycles)
Sun May 18 00:31:22 CEST 2014: 8: No solution found.
Sun May 18 00:31:22 CEST 2014: 9: finished (1ms, 20cycles)
Sun May 18 00:31:22 CEST 2014: 9: Solution found.
Sun May 18 00:31:22 CEST 2014: 10: finished (1ms, 22cycles)
Sun May 18 00:31:22 CEST 2014: 10: Solution found.
Sun May 18 00:31:22 CEST 2014: 11: finished (22ms, 500cycles)
Sun May 18 00:31:22 CEST 2014: 11: No solution found.
Sun May 18 00:31:22 CEST 2014: 12: finished (7ms, 82cycles)
Sun May 18 00:31:22 CEST 2014: 12: Solution found.
Sun May 18 00:31:22 CEST 2014: 13: finished (19ms, 500cycles)
Sun May 18 00:31:22 CEST 2014: 13: No solution found.
Sun May 18 00:31:22 CEST 2014: 14: finished (20ms, 500cycles)
Sun May 18 00:31:22 CEST 2014: 14: No solution found.
Sun May 18 00:31:22 CEST 2014: 15: finished (23ms, 500cycles)
Sun May 18 00:31:22 CEST 2014: 15: No solution found.
Sun May 18 00:31:22 CEST 2014: 16: finished (8ms, 85cycles)
Sun May 18 00:31:22 CEST 2014: 16: Solution found.
Sun May 18 00:31:22 CEST 2014: 17: finished (32ms, 500cycles)
Sun May 18 00:31:22 CEST 2014: 17: No solution found.
Sun May 18 00:31:22 CEST 2014: 18: finished (17ms, 500cycles)
Sun May 18 00:31:22 CEST 2014: 18: No solution found.
Sun May 18 00:31:22 CEST 2014: 19: finished (1ms, 18cycles)
Sun May 18 00:31:22 CEST 2014: 19: Solution found.
Sun May 18 00:31:22 CEST 2014: 20: finished (17ms, 500cycles)
Sun May 18 00:31:22 CEST 2014: 20: No solution found.
Sun May 18 00:31:22 CEST 2014: 21: finished (19ms, 500cycles)
Sun May 18 00:31:22 CEST 2014: 21: No solution found.
Sun May 18 00:31:22 CEST 2014: 22: finished (2ms, 30cycles)
Sun May 18 00:31:22 CEST 2014: 22: Solution found.
Sun May 18 00:31:22 CEST 2014: 23: finished (18ms, 500cycles)
Sun May 18 00:31:22 CEST 2014: 23: No solution found.
Sun May 18 00:31:22 CEST 2014: 24: finished (18ms, 500cycles)
Sun May 18 00:31:22 CEST 2014: 24: No solution found.
Sun May 18 00:31:22 CEST 2014: 25: finished (35ms, 197cycles)
Sun May 18 00:31:22 CEST 2014: 25: Solution found.
Sun May 18 00:31:22 CEST 2014: 26: finished (20ms, 500cycles)
Sun May 18 00:31:22 CEST 2014: 26: No solution found.
Sun May 18 00:31:22 CEST 2014: 27: finished (22ms, 500cycles)
Sun May 18 00:31:22 CEST 2014: 27: No solution found.
Sun May 18 00:31:22 CEST 2014: 28: finished (4ms, 94cycles)
Sun May 18 00:31:22 CEST 2014: 28: Solution found.
Sun May 18 00:31:22 CEST 2014: 29: finished (20ms, 500cycles)
Sun May 18 00:31:22 CEST 2014: 29: No solution found.
Sun May 18 00:31:22 CEST 2014: 30: finished (21ms, 500cycles)
Sun May 18 00:31:22 CEST 2014: 30: No solution found.
Sun May 18 00:31:22 CEST 2014: 31: finished (18ms, 500cycles)
Sun May 18 00:31:22 CEST 2014: 31: No solution found.
Sun May 18 00:31:22 CEST 2014: 32: finished (20ms, 500cycles)
Sun May 18 00:31:22 CEST 2014: 32: No solution found.
Sun May 18 00:31:22 CEST 2014: 33: finished (17ms, 500cycles)
Sun May 18 00:31:22 CEST 2014: 33: No solution found.
Sun May 18 00:31:22 CEST 2014: 34: finished (18ms, 500cycles)
Sun May 18 00:31:22 CEST 2014: 34: No solution found.
Sun May 18 00:31:22 CEST 2014: 35: finished (18ms, 500cycles)
Sun May 18 00:31:22 CEST 2014: 35: No solution found.
Sun May 18 00:31:22 CEST 2014: 36: finished (21ms, 500cycles)
Sun May 18 00:31:22 CEST 2014: 36: No solution found.
Sun May 18 00:31:22 CEST 2014: 37: finished (19ms, 500cycles)
Sun May 18 00:31:22 CEST 2014: 37: No solution found.
Sun May 18 00:31:22 CEST 2014: 38: finished (2ms, 47cycles)
Sun May 18 00:31:22 CEST 2014: 38: Solution found.
Sun May 18 00:31:22 CEST 2014: 39: finished (19ms, 500cycles)
Sun May 18 00:31:22 CEST 2014: 39: No solution found.
Sun May 18 00:31:22 CEST 2014: 40: finished (19ms, 500cycles)
Sun May 18 00:31:22 CEST 2014: 40: No solution found.
Sun May 18 00:31:22 CEST 2014: 41: finished (25ms, 500cycles)
Sun May 18 00:31:22 CEST 2014: 41: No solution found.
Sun May 18 00:31:22 CEST 2014: 42: finished (2ms, 9cycles)
Sun May 18 00:31:22 CEST 2014: 42: Solution found.
Sun May 18 00:31:22 CEST 2014: 43: finished (3ms, 34cycles)
Sun May 18 00:31:22 CEST 2014: 43: Solution found.
Sun May 18 00:31:23 CEST 2014: 44: finished (51ms, 500cycles)
Sun May 18 00:31:23 CEST 2014: 44: No solution found.
Sun May 18 00:31:23 CEST 2014: 45: finished (19ms, 500cycles)
Sun May 18 00:31:23 CEST 2014: 45: No solution found.
Sun May 18 00:31:23 CEST 2014: 46: finished (21ms, 500cycles)
Sun May 18 00:31:23 CEST 2014: 46: No solution found.
Sun May 18 00:31:23 CEST 2014: 47: finished (51ms, 245cycles)
Sun May 18 00:31:23 CEST 2014: 47: Solution found.
Sun May 18 00:31:23 CEST 2014: 48: finished (59ms, 500cycles)
Sun May 18 00:31:23 CEST 2014: 48: No solution found.
Sun May 18 00:31:23 CEST 2014: 49: finished (23ms, 500cycles)
Sun May 18 00:31:23 CEST 2014: 49: No solution found.
Sun May 18 00:31:23 CEST 2014: 50: finished (1ms, 14cycles)
Sun May 18 00:31:23 CEST 2014: 50: Solution found.
Sun May 18 00:31:23 CEST 2014: 51: finished (18ms, 500cycles)
Sun May 18 00:31:23 CEST 2014: 51: No solution found.
Sun May 18 00:31:23 CEST 2014: 52: finished (2ms, 56cycles)
Sun May 18 00:31:23 CEST 2014: 52: Solution found.
Sun May 18 00:31:23 CEST 2014: 53: finished (18ms, 500cycles)
Sun May 18 00:31:23 CEST 2014: 53: No solution found.
Sun May 18 00:31:23 CEST 2014: 54: finished (18ms, 500cycles)
Sun May 18 00:31:23 CEST 2014: 54: No solution found.
Sun May 18 00:31:23 CEST 2014: 55: finished (23ms, 500cycles)
Sun May 18 00:31:23 CEST 2014: 55: No solution found.
Sun May 18 00:31:23 CEST 2014: 56: finished (19ms, 500cycles)
Sun May 18 00:31:23 CEST 2014: 56: No solution found.
Sun May 18 00:31:23 CEST 2014: 57: finished (67ms, 500cycles)
Sun May 18 00:31:23 CEST 2014: 57: No solution found.
Sun May 18 00:31:23 CEST 2014: 58: finished (20ms, 500cycles)
Sun May 18 00:31:23 CEST 2014: 58: No solution found.
Sun May 18 00:31:23 CEST 2014: 59: finished (16ms, 500cycles)
Sun May 18 00:31:23 CEST 2014: 59: No solution found.
Sun May 18 00:31:23 CEST 2014: 60: finished (23ms, 500cycles)
Sun May 18 00:31:23 CEST 2014: 60: No solution found.
Sun May 18 00:31:23 CEST 2014: 61: finished (18ms, 500cycles)
Sun May 18 00:31:23 CEST 2014: 61: No solution found.
Sun May 18 00:31:23 CEST 2014: 62: finished (25ms, 214cycles)
Sun May 18 00:31:23 CEST 2014: 62: Solution found.
Sun May 18 00:31:23 CEST 2014: 63: finished (21ms, 500cycles)
Sun May 18 00:31:23 CEST 2014: 63: No solution found.
Sun May 18 00:31:23 CEST 2014: 64: finished (1ms, 25cycles)
Sun May 18 00:31:23 CEST 2014: 64: Solution found.
Sun May 18 00:31:23 CEST 2014: 65: finished (18ms, 500cycles)
Sun May 18 00:31:23 CEST 2014: 65: No solution found.
Sun May 18 00:31:23 CEST 2014: 66: finished (17ms, 500cycles)
Sun May 18 00:31:23 CEST 2014: 66: No solution found.
Sun May 18 00:31:23 CEST 2014: 67: finished (21ms, 500cycles)
Sun May 18 00:31:23 CEST 2014: 67: No solution found.
Sun May 18 00:31:23 CEST 2014: 68: finished (72ms, 500cycles)
Sun May 18 00:31:23 CEST 2014: 68: No solution found.
Sun May 18 00:31:23 CEST 2014: 69: finished (79ms, 500cycles)
Sun May 18 00:31:23 CEST 2014: 69: No solution found.
Sun May 18 00:31:23 CEST 2014: 70: finished (18ms, 500cycles)
Sun May 18 00:31:23 CEST 2014: 70: No solution found.
Sun May 18 00:31:23 CEST 2014: 71: finished (20ms, 500cycles)
Sun May 18 00:31:23 CEST 2014: 71: No solution found.
Sun May 18 00:31:23 CEST 2014: 72: finished (21ms, 500cycles)
Sun May 18 00:31:23 CEST 2014: 72: No solution found.
Sun May 18 00:31:23 CEST 2014: 73: finished (17ms, 500cycles)
Sun May 18 00:31:23 CEST 2014: 73: No solution found.
Sun May 18 00:31:23 CEST 2014: 74: finished (19ms, 500cycles)
Sun May 18 00:31:23 CEST 2014: 74: No solution found.
Sun May 18 00:31:23 CEST 2014: 75: finished (22ms, 500cycles)
Sun May 18 00:31:23 CEST 2014: 75: No solution found.
Sun May 18 00:31:23 CEST 2014: 76: finished (18ms, 408cycles)
Sun May 18 00:31:23 CEST 2014: 76: Solution found.
Sun May 18 00:31:23 CEST 2014: 77: finished (63ms, 500cycles)
Sun May 18 00:31:23 CEST 2014: 77: No solution found.
Sun May 18 00:31:23 CEST 2014: 78: finished (21ms, 500cycles)
Sun May 18 00:31:23 CEST 2014: 78: No solution found.
Sun May 18 00:31:23 CEST 2014: 79: finished (2ms, 29cycles)
Sun May 18 00:31:23 CEST 2014: 79: Solution found.
Sun May 18 00:31:23 CEST 2014: 80: finished (18ms, 500cycles)
Sun May 18 00:31:23 CEST 2014: 80: No solution found.
Sun May 18 00:31:23 CEST 2014: 81: finished (18ms, 265cycles)
Sun May 18 00:31:23 CEST 2014: 81: Solution found.
Sun May 18 00:31:23 CEST 2014: 82: finished (19ms, 500cycles)
Sun May 18 00:31:23 CEST 2014: 82: No solution found.
Sun May 18 00:31:24 CEST 2014: 83: finished (18ms, 500cycles)
Sun May 18 00:31:24 CEST 2014: 83: No solution found.
Sun May 18 00:31:24 CEST 2014: 84: finished (18ms, 500cycles)
Sun May 18 00:31:24 CEST 2014: 84: No solution found.
Sun May 18 00:31:24 CEST 2014: 85: finished (21ms, 500cycles)
Sun May 18 00:31:24 CEST 2014: 85: No solution found.
Sun May 18 00:31:24 CEST 2014: 86: finished (23ms, 500cycles)
Sun May 18 00:31:24 CEST 2014: 86: No solution found.
Sun May 18 00:31:24 CEST 2014: 87: finished (84ms, 500cycles)
Sun May 18 00:31:24 CEST 2014: 87: No solution found.
Sun May 18 00:31:24 CEST 2014: 88: finished (21ms, 500cycles)
Sun May 18 00:31:24 CEST 2014: 88: No solution found.
Sun May 18 00:31:24 CEST 2014: 89: finished (24ms, 500cycles)
Sun May 18 00:31:24 CEST 2014: 89: No solution found.
Sun May 18 00:31:24 CEST 2014: 90: finished (21ms, 500cycles)
Sun May 18 00:31:24 CEST 2014: 90: No solution found.
Sun May 18 00:31:24 CEST 2014: 91: finished (19ms, 500cycles)
Sun May 18 00:31:24 CEST 2014: 91: No solution found.
Sun May 18 00:31:24 CEST 2014: 92: finished (5ms, 105cycles)
Sun May 18 00:31:24 CEST 2014: 92: Solution found.
Sun May 18 00:31:24 CEST 2014: 93: finished (3ms, 85cycles)
Sun May 18 00:31:24 CEST 2014: 93: Solution found.
Sun May 18 00:31:24 CEST 2014: 94: finished (18ms, 500cycles)
Sun May 18 00:31:24 CEST 2014: 94: No solution found.
Sun May 18 00:31:24 CEST 2014: 95: finished (19ms, 500cycles)
Sun May 18 00:31:24 CEST 2014: 95: No solution found.
Sun May 18 00:31:24 CEST 2014: 96: finished (4ms, 68cycles)
Sun May 18 00:31:24 CEST 2014: 96: Solution found.
Sun May 18 00:31:24 CEST 2014: 97: finished (24ms, 500cycles)
Sun May 18 00:31:24 CEST 2014: 97: No solution found.
Sun May 18 00:31:24 CEST 2014: 98: finished (19ms, 500cycles)
Sun May 18 00:31:24 CEST 2014: 98: No solution found.
Sun May 18 00:31:24 CEST 2014: 99: finished (18ms, 183cycles)
Sun May 18 00:31:24 CEST 2014: 99: Solution found.
Sun May 18 00:31:24 CEST 2014: Solution Found: 28
Sun May 18 00:31:24 CEST 2014: Avg cycles: 107
Sun May 18 00:31:24 CEST 2014: Max cycles: 474
Sun May 18 00:31:24 CEST 2014: Min cycles: 9
Sun May 18 00:31:24 CEST 2014: No solution found: 72
Sun May 18 00:31:24 CEST 2014: logging finished. (runtime: 2041ms)
