Sat May 17 22:13:12 CEST 2014: Problem Count: 50
Sat May 17 22:13:12 CEST 2014: CandidatesCount: 30
Sat May 17 22:13:12 CEST 2014: Max Cycles: 500
Sat May 17 22:13:12 CEST 2014: 0: finished (162ms, 500cycles)
Sat May 17 22:13:12 CEST 2014: 0: No solution found.
Sat May 17 22:13:12 CEST 2014: 1: finished (183ms, 500cycles)
Sat May 17 22:13:12 CEST 2014: 1: No solution found.
Sat May 17 22:13:12 CEST 2014: 2: finished (182ms, 500cycles)
Sat May 17 22:13:12 CEST 2014: 2: No solution found.
Sat May 17 22:13:12 CEST 2014: 3: finished (17ms, 46cycles)
Sat May 17 22:13:12 CEST 2014: 3: Solution found.
Sat May 17 22:13:12 CEST 2014: 4: finished (158ms, 500cycles)
Sat May 17 22:13:12 CEST 2014: 4: No solution found.
Sat May 17 22:13:13 CEST 2014: 5: finished (183ms, 500cycles)
Sat May 17 22:13:13 CEST 2014: 5: No solution found.
Sat May 17 22:13:13 CEST 2014: 6: finished (177ms, 500cycles)
Sat May 17 22:13:13 CEST 2014: 6: No solution found.
Sat May 17 22:13:13 CEST 2014: 7: finished (162ms, 500cycles)
Sat May 17 22:13:13 CEST 2014: 7: No solution found.
Sat May 17 22:13:13 CEST 2014: 8: finished (9ms, 18cycles)
Sat May 17 22:13:13 CEST 2014: 8: Solution found.
Sat May 17 22:13:13 CEST 2014: 9: finished (191ms, 500cycles)
Sat May 17 22:13:13 CEST 2014: 9: No solution found.
Sat May 17 22:13:13 CEST 2014: 10: finished (14ms, 41cycles)
Sat May 17 22:13:13 CEST 2014: 10: Solution found.
Sat May 17 22:13:13 CEST 2014: 11: finished (4ms, 9cycles)
Sat May 17 22:13:13 CEST 2014: 11: Solution found.
Sat May 17 22:13:13 CEST 2014: 12: finished (18ms, 47cycles)
Sat May 17 22:13:13 CEST 2014: 12: Solution found.
Sat May 17 22:13:13 CEST 2014: 13: finished (174ms, 500cycles)
Sat May 17 22:13:13 CEST 2014: 13: No solution found.
Sat May 17 22:13:14 CEST 2014: 14: finished (188ms, 500cycles)
Sat May 17 22:13:14 CEST 2014: 14: No solution found.
Sat May 17 22:13:14 CEST 2014: 15: finished (183ms, 500cycles)
Sat May 17 22:13:14 CEST 2014: 15: No solution found.
Sat May 17 22:13:14 CEST 2014: 16: finished (41ms, 108cycles)
Sat May 17 22:13:14 CEST 2014: 16: Solution found.
Sat May 17 22:13:14 CEST 2014: 17: finished (168ms, 500cycles)
Sat May 17 22:13:14 CEST 2014: 17: No solution found.
Sat May 17 22:13:14 CEST 2014: 18: finished (180ms, 500cycles)
Sat May 17 22:13:14 CEST 2014: 18: No solution found.
Sat May 17 22:13:14 CEST 2014: 19: finished (174ms, 500cycles)
Sat May 17 22:13:14 CEST 2014: 19: No solution found.
Sat May 17 22:13:14 CEST 2014: 20: finished (8ms, 18cycles)
Sat May 17 22:13:14 CEST 2014: 20: Solution found.
Sat May 17 22:13:14 CEST 2014: 21: finished (177ms, 500cycles)
Sat May 17 22:13:14 CEST 2014: 21: No solution found.
Sat May 17 22:13:15 CEST 2014: 22: finished (163ms, 500cycles)
Sat May 17 22:13:15 CEST 2014: 22: No solution found.
Sat May 17 22:13:15 CEST 2014: 23: finished (79ms, 220cycles)
Sat May 17 22:13:15 CEST 2014: 23: Solution found.
Sat May 17 22:13:15 CEST 2014: 24: finished (9ms, 24cycles)
Sat May 17 22:13:15 CEST 2014: 24: Solution found.
Sat May 17 22:13:15 CEST 2014: 25: finished (169ms, 500cycles)
Sat May 17 22:13:15 CEST 2014: 25: No solution found.
Sat May 17 22:13:15 CEST 2014: 26: finished (5ms, 13cycles)
Sat May 17 22:13:15 CEST 2014: 26: Solution found.
Sat May 17 22:13:15 CEST 2014: 27: finished (164ms, 500cycles)
Sat May 17 22:13:15 CEST 2014: 27: No solution found.
Sat May 17 22:13:15 CEST 2014: 28: finished (163ms, 500cycles)
Sat May 17 22:13:15 CEST 2014: 28: No solution found.
Sat May 17 22:13:15 CEST 2014: 29: finished (11ms, 28cycles)
Sat May 17 22:13:15 CEST 2014: 29: Solution found.
Sat May 17 22:13:15 CEST 2014: 30: finished (163ms, 500cycles)
Sat May 17 22:13:15 CEST 2014: 30: No solution found.
Sat May 17 22:13:15 CEST 2014: 31: finished (29ms, 81cycles)
Sat May 17 22:13:15 CEST 2014: 31: Solution found.
Sat May 17 22:13:15 CEST 2014: 32: finished (13ms, 36cycles)
Sat May 17 22:13:15 CEST 2014: 32: Solution found.
Sat May 17 22:13:15 CEST 2014: 33: finished (12ms, 31cycles)
Sat May 17 22:13:15 CEST 2014: 33: Solution found.
Sat May 17 22:13:16 CEST 2014: 34: finished (162ms, 500cycles)
Sat May 17 22:13:16 CEST 2014: 34: No solution found.
Sat May 17 22:13:16 CEST 2014: 35: finished (8ms, 22cycles)
Sat May 17 22:13:16 CEST 2014: 35: Solution found.
Sat May 17 22:13:16 CEST 2014: 36: finished (162ms, 500cycles)
Sat May 17 22:13:16 CEST 2014: 36: No solution found.
Sat May 17 22:13:16 CEST 2014: 37: finished (223ms, 500cycles)
Sat May 17 22:13:16 CEST 2014: 37: No solution found.
Sat May 17 22:13:16 CEST 2014: 38: finished (9ms, 24cycles)
Sat May 17 22:13:16 CEST 2014: 38: Solution found.
Sat May 17 22:13:16 CEST 2014: 39: finished (171ms, 500cycles)
Sat May 17 22:13:16 CEST 2014: 39: No solution found.
Sat May 17 22:13:16 CEST 2014: 40: finished (5ms, 10cycles)
Sat May 17 22:13:16 CEST 2014: 40: Solution found.
Sat May 17 22:13:16 CEST 2014: 41: finished (15ms, 17cycles)
Sat May 17 22:13:16 CEST 2014: 41: Solution found.
Sat May 17 22:13:16 CEST 2014: 42: finished (155ms, 500cycles)
Sat May 17 22:13:16 CEST 2014: 42: No solution found.
Sat May 17 22:13:16 CEST 2014: 43: finished (24ms, 60cycles)
Sat May 17 22:13:16 CEST 2014: 43: Solution found.
Sat May 17 22:13:16 CEST 2014: 44: finished (3ms, 8cycles)
Sat May 17 22:13:16 CEST 2014: 44: Solution found.
Sat May 17 22:13:16 CEST 2014: 45: finished (2ms, 4cycles)
Sat May 17 22:13:16 CEST 2014: 45: Solution found.
Sat May 17 22:13:16 CEST 2014: 46: finished (7ms, 19cycles)
Sat May 17 22:13:16 CEST 2014: 46: Solution found.
Sat May 17 22:13:16 CEST 2014: 47: finished (17ms, 43cycles)
Sat May 17 22:13:16 CEST 2014: 47: Solution found.
Sat May 17 22:13:17 CEST 2014: 48: finished (166ms, 500cycles)
Sat May 17 22:13:17 CEST 2014: 48: No solution found.
Sat May 17 22:13:17 CEST 2014: 49: finished (15ms, 22cycles)
Sat May 17 22:13:17 CEST 2014: 49: Solution found.
Sat May 17 22:13:17 CEST 2014: 50: finished (8ms, 14cycles)
Sat May 17 22:13:17 CEST 2014: 50: Solution found.
Sat May 17 22:13:17 CEST 2014: 51: finished (167ms, 500cycles)
Sat May 17 22:13:17 CEST 2014: 51: No solution found.
Sat May 17 22:13:17 CEST 2014: 52: finished (3ms, 6cycles)
Sat May 17 22:13:17 CEST 2014: 52: Solution found.
Sat May 17 22:13:17 CEST 2014: 53: finished (184ms, 500cycles)
Sat May 17 22:13:17 CEST 2014: 53: No solution found.
Sat May 17 22:13:17 CEST 2014: 54: finished (173ms, 500cycles)
Sat May 17 22:13:17 CEST 2014: 54: No solution found.
Sat May 17 22:13:17 CEST 2014: 55: finished (173ms, 500cycles)
Sat May 17 22:13:17 CEST 2014: 55: No solution found.
Sat May 17 22:13:17 CEST 2014: 56: finished (178ms, 500cycles)
Sat May 17 22:13:17 CEST 2014: 56: No solution found.
Sat May 17 22:13:18 CEST 2014: 57: finished (171ms, 500cycles)
Sat May 17 22:13:18 CEST 2014: 57: No solution found.
Sat May 17 22:13:18 CEST 2014: 58: finished (10ms, 27cycles)
Sat May 17 22:13:18 CEST 2014: 58: Solution found.
Sat May 17 22:13:18 CEST 2014: 59: finished (4ms, 11cycles)
Sat May 17 22:13:18 CEST 2014: 59: Solution found.
Sat May 17 22:13:18 CEST 2014: 60: finished (174ms, 500cycles)
Sat May 17 22:13:18 CEST 2014: 60: No solution found.
Sat May 17 22:13:18 CEST 2014: 61: finished (19ms, 49cycles)
Sat May 17 22:13:18 CEST 2014: 61: Solution found.
Sat May 17 22:13:18 CEST 2014: 62: finished (171ms, 500cycles)
Sat May 17 22:13:18 CEST 2014: 62: No solution found.
Sat May 17 22:13:18 CEST 2014: 63: finished (2ms, 5cycles)
Sat May 17 22:13:18 CEST 2014: 63: Solution found.
Sat May 17 22:13:18 CEST 2014: 64: finished (7ms, 16cycles)
Sat May 17 22:13:18 CEST 2014: 64: Solution found.
Sat May 17 22:13:18 CEST 2014: 65: finished (4ms, 11cycles)
Sat May 17 22:13:18 CEST 2014: 65: Solution found.
Sat May 17 22:13:18 CEST 2014: 66: finished (4ms, 10cycles)
Sat May 17 22:13:18 CEST 2014: 66: Solution found.
Sat May 17 22:13:18 CEST 2014: 67: finished (175ms, 500cycles)
Sat May 17 22:13:18 CEST 2014: 67: No solution found.
Sat May 17 22:13:18 CEST 2014: 68: finished (15ms, 40cycles)
Sat May 17 22:13:18 CEST 2014: 68: Solution found.
Sat May 17 22:13:18 CEST 2014: 69: finished (185ms, 500cycles)
Sat May 17 22:13:18 CEST 2014: 69: No solution found.
Sat May 17 22:13:18 CEST 2014: 70: finished (12ms, 32cycles)
Sat May 17 22:13:18 CEST 2014: 70: Solution found.
Sat May 17 22:13:19 CEST 2014: 71: finished (150ms, 367cycles)
Sat May 17 22:13:19 CEST 2014: 71: Solution found.
Sat May 17 22:13:19 CEST 2014: 72: finished (10ms, 25cycles)
Sat May 17 22:13:19 CEST 2014: 72: Solution found.
Sat May 17 22:13:19 CEST 2014: 73: finished (168ms, 500cycles)
Sat May 17 22:13:19 CEST 2014: 73: No solution found.
Sat May 17 22:13:19 CEST 2014: 74: finished (170ms, 500cycles)
Sat May 17 22:13:19 CEST 2014: 74: No solution found.
Sat May 17 22:13:19 CEST 2014: 75: finished (172ms, 500cycles)
Sat May 17 22:13:19 CEST 2014: 75: No solution found.
Sat May 17 22:13:19 CEST 2014: 76: finished (14ms, 32cycles)
Sat May 17 22:13:19 CEST 2014: 76: Solution found.
Sat May 17 22:13:19 CEST 2014: 77: finished (195ms, 500cycles)
Sat May 17 22:13:19 CEST 2014: 77: No solution found.
Sat May 17 22:13:19 CEST 2014: 78: finished (162ms, 500cycles)
Sat May 17 22:13:19 CEST 2014: 78: No solution found.
Sat May 17 22:13:20 CEST 2014: 79: finished (188ms, 500cycles)
Sat May 17 22:13:20 CEST 2014: 79: No solution found.
Sat May 17 22:13:20 CEST 2014: 80: finished (7ms, 15cycles)
Sat May 17 22:13:20 CEST 2014: 80: Solution found.
Sat May 17 22:13:20 CEST 2014: 81: finished (5ms, 10cycles)
Sat May 17 22:13:20 CEST 2014: 81: Solution found.
Sat May 17 22:13:20 CEST 2014: 82: finished (7ms, 19cycles)
Sat May 17 22:13:20 CEST 2014: 82: Solution found.
Sat May 17 22:13:20 CEST 2014: 83: finished (4ms, 9cycles)
Sat May 17 22:13:20 CEST 2014: 83: Solution found.
Sat May 17 22:13:20 CEST 2014: 84: finished (170ms, 500cycles)
Sat May 17 22:13:20 CEST 2014: 84: No solution found.
Sat May 17 22:13:20 CEST 2014: 85: finished (6ms, 17cycles)
Sat May 17 22:13:20 CEST 2014: 85: Solution found.
Sat May 17 22:13:20 CEST 2014: 86: finished (164ms, 500cycles)
Sat May 17 22:13:20 CEST 2014: 86: No solution found.
Sat May 17 22:13:20 CEST 2014: 87: finished (27ms, 51cycles)
Sat May 17 22:13:20 CEST 2014: 87: Solution found.
Sat May 17 22:13:20 CEST 2014: 88: finished (3ms, 7cycles)
Sat May 17 22:13:20 CEST 2014: 88: Solution found.
Sat May 17 22:13:20 CEST 2014: 89: finished (32ms, 87cycles)
Sat May 17 22:13:20 CEST 2014: 89: Solution found.
Sat May 17 22:13:20 CEST 2014: 90: finished (182ms, 500cycles)
Sat May 17 22:13:20 CEST 2014: 90: No solution found.
Sat May 17 22:13:20 CEST 2014: 91: finished (8ms, 18cycles)
Sat May 17 22:13:20 CEST 2014: 91: Solution found.
Sat May 17 22:13:20 CEST 2014: 92: finished (151ms, 500cycles)
Sat May 17 22:13:20 CEST 2014: 92: No solution found.
Sat May 17 22:13:20 CEST 2014: 93: finished (5ms, 11cycles)
Sat May 17 22:13:20 CEST 2014: 93: Solution found.
Sat May 17 22:13:20 CEST 2014: 94: finished (5ms, 12cycles)
Sat May 17 22:13:20 CEST 2014: 94: Solution found.
Sat May 17 22:13:21 CEST 2014: 95: finished (175ms, 500cycles)
Sat May 17 22:13:21 CEST 2014: 95: No solution found.
Sat May 17 22:13:21 CEST 2014: 96: finished (8ms, 20cycles)
Sat May 17 22:13:21 CEST 2014: 96: Solution found.
Sat May 17 22:13:21 CEST 2014: 97: finished (4ms, 9cycles)
Sat May 17 22:13:21 CEST 2014: 97: Solution found.
Sat May 17 22:13:21 CEST 2014: 98: finished (14ms, 36cycles)
Sat May 17 22:13:21 CEST 2014: 98: Solution found.
Sat May 17 22:13:21 CEST 2014: 99: finished (190ms, 500cycles)
Sat May 17 22:13:21 CEST 2014: 99: No solution found.
Sat May 17 22:13:21 CEST 2014: Solution Found: 52
Sat May 17 22:13:21 CEST 2014: Avg cycles: 36
Sat May 17 22:13:21 CEST 2014: Max cycles: 367
Sat May 17 22:13:21 CEST 2014: Min cycles: 4
Sat May 17 22:13:21 CEST 2014: No solution found: 48
Sat May 17 22:13:21 CEST 2014: logging finished. (runtime: 9123ms)
