Sun May 18 20:26:08 CEST 2014: Problem Count: 30
Sun May 18 20:26:08 CEST 2014: CandidatesCount: 50
Sun May 18 20:26:08 CEST 2014: Max Cycles: 500
Sun May 18 20:26:09 CEST 2014: 0: finished (549ms, 500cycles)
Sun May 18 20:26:09 CEST 2014: 0: No solution found.
Sun May 18 20:26:09 CEST 2014: 1: finished (469ms, 500cycles)
Sun May 18 20:26:09 CEST 2014: 1: No solution found.
Sun May 18 20:26:10 CEST 2014: 2: finished (217ms, 500cycles)
Sun May 18 20:26:10 CEST 2014: 2: No solution found.
Sun May 18 20:26:10 CEST 2014: 3: finished (3ms, 7cycles)
Sun May 18 20:26:10 CEST 2014: 3: Solution found.
Sun May 18 20:26:10 CEST 2014: 4: finished (167ms, 500cycles)
Sun May 18 20:26:10 CEST 2014: 4: No solution found.
Sun May 18 20:26:10 CEST 2014: 5: finished (4ms, 8cycles)
Sun May 18 20:26:10 CEST 2014: 5: Solution found.
Sun May 18 20:26:10 CEST 2014: 6: finished (7ms, 20cycles)
Sun May 18 20:26:10 CEST 2014: 6: Solution found.
Sun May 18 20:26:10 CEST 2014: 7: finished (2ms, 5cycles)
Sun May 18 20:26:10 CEST 2014: 7: Solution found.
Sun May 18 20:26:10 CEST 2014: 8: finished (6ms, 19cycles)
Sun May 18 20:26:10 CEST 2014: 8: Solution found.
Sun May 18 20:26:10 CEST 2014: 9: finished (154ms, 500cycles)
Sun May 18 20:26:10 CEST 2014: 9: No solution found.
Sun May 18 20:26:10 CEST 2014: 10: finished (150ms, 500cycles)
Sun May 18 20:26:10 CEST 2014: 10: No solution found.
Sun May 18 20:26:10 CEST 2014: 11: finished (3ms, 9cycles)
Sun May 18 20:26:10 CEST 2014: 11: Solution found.
Sun May 18 20:26:10 CEST 2014: 12: finished (152ms, 500cycles)
Sun May 18 20:26:10 CEST 2014: 12: No solution found.
Sun May 18 20:26:10 CEST 2014: 13: finished (24ms, 74cycles)
Sun May 18 20:26:10 CEST 2014: 13: Solution found.
Sun May 18 20:26:10 CEST 2014: 14: finished (16ms, 47cycles)
Sun May 18 20:26:10 CEST 2014: 14: Solution found.
Sun May 18 20:26:10 CEST 2014: 15: finished (4ms, 10cycles)
Sun May 18 20:26:10 CEST 2014: 15: Solution found.
Sun May 18 20:26:10 CEST 2014: 16: finished (160ms, 500cycles)
Sun May 18 20:26:10 CEST 2014: 16: No solution found.
Sun May 18 20:26:10 CEST 2014: 17: finished (6ms, 13cycles)
Sun May 18 20:26:10 CEST 2014: 17: Solution found.
Sun May 18 20:26:11 CEST 2014: 18: finished (134ms, 500cycles)
Sun May 18 20:26:11 CEST 2014: 18: No solution found.
Sun May 18 20:26:11 CEST 2014: 19: finished (157ms, 500cycles)
Sun May 18 20:26:11 CEST 2014: 19: No solution found.
Sun May 18 20:26:11 CEST 2014: 20: finished (306ms, 500cycles)
Sun May 18 20:26:11 CEST 2014: 20: No solution found.
Sun May 18 20:26:11 CEST 2014: 21: finished (148ms, 500cycles)
Sun May 18 20:26:11 CEST 2014: 21: No solution found.
Sun May 18 20:26:11 CEST 2014: 22: finished (6ms, 16cycles)
Sun May 18 20:26:11 CEST 2014: 22: Solution found.
Sun May 18 20:26:11 CEST 2014: 23: finished (166ms, 500cycles)
Sun May 18 20:26:11 CEST 2014: 23: No solution found.
Sun May 18 20:26:11 CEST 2014: 24: finished (3ms, 5cycles)
Sun May 18 20:26:11 CEST 2014: 24: Solution found.
Sun May 18 20:26:11 CEST 2014: 25: finished (12ms, 22cycles)
Sun May 18 20:26:11 CEST 2014: 25: Solution found.
Sun May 18 20:26:11 CEST 2014: 26: finished (157ms, 500cycles)
Sun May 18 20:26:11 CEST 2014: 26: No solution found.
Sun May 18 20:26:12 CEST 2014: 27: finished (153ms, 500cycles)
Sun May 18 20:26:12 CEST 2014: 27: No solution found.
Sun May 18 20:26:12 CEST 2014: 28: finished (1ms, 1cycles)
Sun May 18 20:26:12 CEST 2014: 28: Solution found.
Sun May 18 20:26:12 CEST 2014: 29: finished (8ms, 25cycles)
Sun May 18 20:26:12 CEST 2014: 29: Solution found.
Sun May 18 20:26:12 CEST 2014: 30: finished (3ms, 8cycles)
Sun May 18 20:26:12 CEST 2014: 30: Solution found.
Sun May 18 20:26:12 CEST 2014: 31: finished (159ms, 500cycles)
Sun May 18 20:26:12 CEST 2014: 31: No solution found.
Sun May 18 20:26:12 CEST 2014: 32: finished (11ms, 31cycles)
Sun May 18 20:26:12 CEST 2014: 32: Solution found.
Sun May 18 20:26:12 CEST 2014: 33: finished (2ms, 6cycles)
Sun May 18 20:26:12 CEST 2014: 33: Solution found.
Sun May 18 20:26:12 CEST 2014: 34: finished (153ms, 500cycles)
Sun May 18 20:26:12 CEST 2014: 34: No solution found.
Sun May 18 20:26:12 CEST 2014: 35: finished (140ms, 500cycles)
Sun May 18 20:26:12 CEST 2014: 35: No solution found.
Sun May 18 20:26:12 CEST 2014: 36: finished (6ms, 17cycles)
Sun May 18 20:26:12 CEST 2014: 36: Solution found.
Sun May 18 20:26:12 CEST 2014: 37: finished (2ms, 4cycles)
Sun May 18 20:26:12 CEST 2014: 37: Solution found.
Sun May 18 20:26:12 CEST 2014: 38: finished (8ms, 24cycles)
Sun May 18 20:26:12 CEST 2014: 38: Solution found.
Sun May 18 20:26:12 CEST 2014: 39: finished (4ms, 9cycles)
Sun May 18 20:26:12 CEST 2014: 39: Solution found.
Sun May 18 20:26:12 CEST 2014: 40: finished (7ms, 24cycles)
Sun May 18 20:26:12 CEST 2014: 40: Solution found.
Sun May 18 20:26:12 CEST 2014: 41: finished (9ms, 27cycles)
Sun May 18 20:26:12 CEST 2014: 41: Solution found.
Sun May 18 20:26:12 CEST 2014: 42: finished (5ms, 14cycles)
Sun May 18 20:26:12 CEST 2014: 42: Solution found.
Sun May 18 20:26:12 CEST 2014: 43: finished (140ms, 500cycles)
Sun May 18 20:26:12 CEST 2014: 43: No solution found.
Sun May 18 20:26:12 CEST 2014: 44: finished (1ms, 1cycles)
Sun May 18 20:26:12 CEST 2014: 44: Solution found.
Sun May 18 20:26:13 CEST 2014: 45: finished (326ms, 500cycles)
Sun May 18 20:26:13 CEST 2014: 45: No solution found.
Sun May 18 20:26:13 CEST 2014: 46: finished (141ms, 500cycles)
Sun May 18 20:26:13 CEST 2014: 46: No solution found.
Sun May 18 20:26:13 CEST 2014: 47: finished (138ms, 500cycles)
Sun May 18 20:26:13 CEST 2014: 47: No solution found.
Sun May 18 20:26:13 CEST 2014: 48: finished (153ms, 500cycles)
Sun May 18 20:26:13 CEST 2014: 48: No solution found.
Sun May 18 20:26:13 CEST 2014: 49: finished (156ms, 500cycles)
Sun May 18 20:26:13 CEST 2014: 49: No solution found.
Sun May 18 20:26:13 CEST 2014: 50: finished (6ms, 17cycles)
Sun May 18 20:26:13 CEST 2014: 50: Solution found.
Sun May 18 20:26:13 CEST 2014: 51: finished (10ms, 26cycles)
Sun May 18 20:26:13 CEST 2014: 51: Solution found.
Sun May 18 20:26:13 CEST 2014: 52: finished (8ms, 24cycles)
Sun May 18 20:26:13 CEST 2014: 52: Solution found.
Sun May 18 20:26:13 CEST 2014: 53: finished (7ms, 17cycles)
Sun May 18 20:26:13 CEST 2014: 53: Solution found.
Sun May 18 20:26:13 CEST 2014: 54: finished (3ms, 6cycles)
Sun May 18 20:26:13 CEST 2014: 54: Solution found.
Sun May 18 20:26:13 CEST 2014: 55: finished (140ms, 500cycles)
Sun May 18 20:26:13 CEST 2014: 55: No solution found.
Sun May 18 20:26:13 CEST 2014: 56: finished (4ms, 10cycles)
Sun May 18 20:26:13 CEST 2014: 56: Solution found.
Sun May 18 20:26:13 CEST 2014: 57: finished (5ms, 13cycles)
Sun May 18 20:26:13 CEST 2014: 57: Solution found.
Sun May 18 20:26:13 CEST 2014: 58: finished (11ms, 30cycles)
Sun May 18 20:26:13 CEST 2014: 58: Solution found.
Sun May 18 20:26:13 CEST 2014: 59: finished (9ms, 24cycles)
Sun May 18 20:26:13 CEST 2014: 59: Solution found.
Sun May 18 20:26:13 CEST 2014: 60: finished (33ms, 51cycles)
Sun May 18 20:26:13 CEST 2014: 60: Solution found.
Sun May 18 20:26:13 CEST 2014: 61: finished (2ms, 6cycles)
Sun May 18 20:26:13 CEST 2014: 61: Solution found.
Sun May 18 20:26:14 CEST 2014: 62: finished (154ms, 500cycles)
Sun May 18 20:26:14 CEST 2014: 62: No solution found.
Sun May 18 20:26:14 CEST 2014: 63: finished (162ms, 500cycles)
Sun May 18 20:26:14 CEST 2014: 63: No solution found.
Sun May 18 20:26:14 CEST 2014: 64: finished (4ms, 10cycles)
Sun May 18 20:26:14 CEST 2014: 64: Solution found.
Sun May 18 20:26:14 CEST 2014: 65: finished (13ms, 39cycles)
Sun May 18 20:26:14 CEST 2014: 65: Solution found.
Sun May 18 20:26:14 CEST 2014: 66: finished (154ms, 500cycles)
Sun May 18 20:26:14 CEST 2014: 66: No solution found.
Sun May 18 20:26:14 CEST 2014: 67: finished (3ms, 7cycles)
Sun May 18 20:26:14 CEST 2014: 67: Solution found.
Sun May 18 20:26:14 CEST 2014: 68: finished (9ms, 30cycles)
Sun May 18 20:26:14 CEST 2014: 68: Solution found.
Sun May 18 20:26:14 CEST 2014: 69: finished (167ms, 500cycles)
Sun May 18 20:26:14 CEST 2014: 69: No solution found.
Sun May 18 20:26:14 CEST 2014: 70: finished (152ms, 500cycles)
Sun May 18 20:26:14 CEST 2014: 70: No solution found.
Sun May 18 20:26:14 CEST 2014: 71: finished (14ms, 41cycles)
Sun May 18 20:26:14 CEST 2014: 71: Solution found.
Sun May 18 20:26:14 CEST 2014: 72: finished (149ms, 500cycles)
Sun May 18 20:26:14 CEST 2014: 72: No solution found.
Sun May 18 20:26:14 CEST 2014: 73: finished (6ms, 15cycles)
Sun May 18 20:26:14 CEST 2014: 73: Solution found.
Sun May 18 20:26:15 CEST 2014: 74: finished (178ms, 500cycles)
Sun May 18 20:26:15 CEST 2014: 74: No solution found.
Sun May 18 20:26:15 CEST 2014: 75: finished (6ms, 18cycles)
Sun May 18 20:26:15 CEST 2014: 75: Solution found.
Sun May 18 20:26:15 CEST 2014: 76: finished (142ms, 500cycles)
Sun May 18 20:26:15 CEST 2014: 76: No solution found.
Sun May 18 20:26:15 CEST 2014: 77: finished (13ms, 39cycles)
Sun May 18 20:26:15 CEST 2014: 77: Solution found.
Sun May 18 20:26:15 CEST 2014: 78: finished (158ms, 500cycles)
Sun May 18 20:26:15 CEST 2014: 78: No solution found.
Sun May 18 20:26:15 CEST 2014: 79: finished (132ms, 500cycles)
Sun May 18 20:26:15 CEST 2014: 79: No solution found.
Sun May 18 20:26:15 CEST 2014: 80: finished (4ms, 9cycles)
Sun May 18 20:26:15 CEST 2014: 80: Solution found.
Sun May 18 20:26:15 CEST 2014: 81: finished (35ms, 84cycles)
Sun May 18 20:26:15 CEST 2014: 81: Solution found.
Sun May 18 20:26:15 CEST 2014: 82: finished (143ms, 500cycles)
Sun May 18 20:26:15 CEST 2014: 82: No solution found.
Sun May 18 20:26:15 CEST 2014: 83: finished (3ms, 7cycles)
Sun May 18 20:26:15 CEST 2014: 83: Solution found.
Sun May 18 20:26:15 CEST 2014: 84: finished (23ms, 59cycles)
Sun May 18 20:26:15 CEST 2014: 84: Solution found.
Sun May 18 20:26:15 CEST 2014: 85: finished (4ms, 10cycles)
Sun May 18 20:26:15 CEST 2014: 85: Solution found.
Sun May 18 20:26:15 CEST 2014: 86: finished (5ms, 15cycles)
Sun May 18 20:26:15 CEST 2014: 86: Solution found.
Sun May 18 20:26:15 CEST 2014: 87: finished (7ms, 20cycles)
Sun May 18 20:26:15 CEST 2014: 87: Solution found.
Sun May 18 20:26:15 CEST 2014: 88: finished (41ms, 101cycles)
Sun May 18 20:26:15 CEST 2014: 88: Solution found.
Sun May 18 20:26:15 CEST 2014: 89: finished (154ms, 500cycles)
Sun May 18 20:26:15 CEST 2014: 89: No solution found.
Sun May 18 20:26:16 CEST 2014: 90: finished (139ms, 500cycles)
Sun May 18 20:26:16 CEST 2014: 90: No solution found.
Sun May 18 20:26:16 CEST 2014: 91: finished (22ms, 63cycles)
Sun May 18 20:26:16 CEST 2014: 91: Solution found.
Sun May 18 20:26:16 CEST 2014: 92: finished (12ms, 35cycles)
Sun May 18 20:26:16 CEST 2014: 92: Solution found.
Sun May 18 20:26:16 CEST 2014: 93: finished (9ms, 23cycles)
Sun May 18 20:26:16 CEST 2014: 93: Solution found.
Sun May 18 20:26:16 CEST 2014: 94: finished (7ms, 20cycles)
Sun May 18 20:26:16 CEST 2014: 94: Solution found.
Sun May 18 20:26:16 CEST 2014: 95: finished (13ms, 38cycles)
Sun May 18 20:26:16 CEST 2014: 95: Solution found.
Sun May 18 20:26:16 CEST 2014: 96: finished (150ms, 500cycles)
Sun May 18 20:26:16 CEST 2014: 96: No solution found.
Sun May 18 20:26:16 CEST 2014: 97: finished (3ms, 8cycles)
Sun May 18 20:26:16 CEST 2014: 97: Solution found.
Sun May 18 20:26:16 CEST 2014: 98: finished (28ms, 37cycles)
Sun May 18 20:26:16 CEST 2014: 98: Solution found.
Sun May 18 20:26:16 CEST 2014: 99: finished (166ms, 500cycles)
Sun May 18 20:26:16 CEST 2014: 99: No solution found.
Sun May 18 20:26:16 CEST 2014: Solution Found: 60
Sun May 18 20:26:16 CEST 2014: Avg cycles: 23
Sun May 18 20:26:16 CEST 2014: Max cycles: 101
Sun May 18 20:26:16 CEST 2014: Min cycles: 1
Sun May 18 20:26:16 CEST 2014: No solution found: 40
Sun May 18 20:26:16 CEST 2014: logging finished. (runtime: 7744ms)
