Sun May 18 22:01:55 CEST 2014: Problem Count: 50
Sun May 18 22:01:55 CEST 2014: CandidatesCount: 50
Sun May 18 22:01:55 CEST 2014: Max Cycles: 500
Sun May 18 22:01:55 CEST 2014: 0: finished (283ms, 500cycles)
Sun May 18 22:01:55 CEST 2014: 0: No solution found.
Sun May 18 22:01:56 CEST 2014: 1: finished (275ms, 500cycles)
Sun May 18 22:01:56 CEST 2014: 1: No solution found.
Sun May 18 22:01:56 CEST 2014: 2: finished (6ms, 10cycles)
Sun May 18 22:01:56 CEST 2014: 2: Solution found.
Sun May 18 22:01:56 CEST 2014: 3: finished (35ms, 54cycles)
Sun May 18 22:01:56 CEST 2014: 3: Solution found.
Sun May 18 22:01:56 CEST 2014: 4: finished (308ms, 500cycles)
Sun May 18 22:01:56 CEST 2014: 4: No solution found.
Sun May 18 22:01:56 CEST 2014: 5: finished (22ms, 35cycles)
Sun May 18 22:01:56 CEST 2014: 5: Solution found.
Sun May 18 22:01:56 CEST 2014: 6: finished (291ms, 500cycles)
Sun May 18 22:01:56 CEST 2014: 6: No solution found.
Sun May 18 22:01:56 CEST 2014: 7: finished (158ms, 241cycles)
Sun May 18 22:01:56 CEST 2014: 7: Solution found.
Sun May 18 22:01:57 CEST 2014: 8: finished (303ms, 500cycles)
Sun May 18 22:01:57 CEST 2014: 8: No solution found.
Sun May 18 22:01:57 CEST 2014: 9: finished (286ms, 500cycles)
Sun May 18 22:01:57 CEST 2014: 9: No solution found.
Sun May 18 22:01:57 CEST 2014: 10: finished (4ms, 5cycles)
Sun May 18 22:01:57 CEST 2014: 10: Solution found.
Sun May 18 22:01:57 CEST 2014: 11: finished (16ms, 23cycles)
Sun May 18 22:01:57 CEST 2014: 11: Solution found.
Sun May 18 22:01:57 CEST 2014: 12: finished (4ms, 5cycles)
Sun May 18 22:01:57 CEST 2014: 12: Solution found.
Sun May 18 22:01:57 CEST 2014: 13: finished (263ms, 500cycles)
Sun May 18 22:01:57 CEST 2014: 13: No solution found.
Sun May 18 22:01:57 CEST 2014: 14: finished (6ms, 9cycles)
Sun May 18 22:01:57 CEST 2014: 14: Solution found.
Sun May 18 22:01:57 CEST 2014: 15: finished (20ms, 32cycles)
Sun May 18 22:01:57 CEST 2014: 15: Solution found.
Sun May 18 22:01:57 CEST 2014: 16: finished (13ms, 20cycles)
Sun May 18 22:01:57 CEST 2014: 16: Solution found.
Sun May 18 22:01:57 CEST 2014: 17: finished (16ms, 27cycles)
Sun May 18 22:01:57 CEST 2014: 17: Solution found.
Sun May 18 22:01:57 CEST 2014: 18: finished (13ms, 20cycles)
Sun May 18 22:01:57 CEST 2014: 18: Solution found.
Sun May 18 22:01:58 CEST 2014: 19: finished (264ms, 500cycles)
Sun May 18 22:01:58 CEST 2014: 19: No solution found.
Sun May 18 22:01:58 CEST 2014: 20: finished (5ms, 7cycles)
Sun May 18 22:01:58 CEST 2014: 20: Solution found.
Sun May 18 22:01:58 CEST 2014: 21: finished (274ms, 500cycles)
Sun May 18 22:01:58 CEST 2014: 21: No solution found.
Sun May 18 22:01:58 CEST 2014: 22: finished (12ms, 18cycles)
Sun May 18 22:01:58 CEST 2014: 22: Solution found.
Sun May 18 22:01:58 CEST 2014: 23: finished (29ms, 49cycles)
Sun May 18 22:01:58 CEST 2014: 23: Solution found.
Sun May 18 22:01:58 CEST 2014: 24: finished (13ms, 21cycles)
Sun May 18 22:01:58 CEST 2014: 24: Solution found.
Sun May 18 22:01:58 CEST 2014: 25: finished (13ms, 21cycles)
Sun May 18 22:01:58 CEST 2014: 25: Solution found.
Sun May 18 22:01:58 CEST 2014: 26: finished (12ms, 20cycles)
Sun May 18 22:01:58 CEST 2014: 26: Solution found.
Sun May 18 22:01:58 CEST 2014: 27: finished (3ms, 3cycles)
Sun May 18 22:01:58 CEST 2014: 27: Solution found.
Sun May 18 22:01:58 CEST 2014: 28: finished (2ms, 3cycles)
Sun May 18 22:01:58 CEST 2014: 28: Solution found.
Sun May 18 22:01:58 CEST 2014: 29: finished (308ms, 500cycles)
Sun May 18 22:01:58 CEST 2014: 29: No solution found.
Sun May 18 22:01:58 CEST 2014: 30: finished (12ms, 20cycles)
Sun May 18 22:01:58 CEST 2014: 30: Solution found.
Sun May 18 22:01:58 CEST 2014: 31: finished (27ms, 44cycles)
Sun May 18 22:01:58 CEST 2014: 31: Solution found.
Sun May 18 22:01:59 CEST 2014: 32: finished (275ms, 500cycles)
Sun May 18 22:01:59 CEST 2014: 32: No solution found.
Sun May 18 22:01:59 CEST 2014: 33: finished (266ms, 500cycles)
Sun May 18 22:01:59 CEST 2014: 33: No solution found.
Sun May 18 22:01:59 CEST 2014: 34: finished (6ms, 8cycles)
Sun May 18 22:01:59 CEST 2014: 34: Solution found.
Sun May 18 22:01:59 CEST 2014: 35: finished (275ms, 500cycles)
Sun May 18 22:01:59 CEST 2014: 35: No solution found.
Sun May 18 22:02:00 CEST 2014: 36: finished (311ms, 500cycles)
Sun May 18 22:02:00 CEST 2014: 36: No solution found.
Sun May 18 22:02:00 CEST 2014: 37: finished (293ms, 500cycles)
Sun May 18 22:02:00 CEST 2014: 37: No solution found.
Sun May 18 22:02:00 CEST 2014: 38: finished (11ms, 17cycles)
Sun May 18 22:02:00 CEST 2014: 38: Solution found.
Sun May 18 22:02:00 CEST 2014: 39: finished (14ms, 21cycles)
Sun May 18 22:02:00 CEST 2014: 39: Solution found.
Sun May 18 22:02:00 CEST 2014: 40: finished (6ms, 9cycles)
Sun May 18 22:02:00 CEST 2014: 40: Solution found.
Sun May 18 22:02:00 CEST 2014: 41: finished (297ms, 500cycles)
Sun May 18 22:02:00 CEST 2014: 41: No solution found.
Sun May 18 22:02:00 CEST 2014: 42: finished (300ms, 500cycles)
Sun May 18 22:02:00 CEST 2014: 42: No solution found.
Sun May 18 22:02:00 CEST 2014: 43: finished (15ms, 23cycles)
Sun May 18 22:02:00 CEST 2014: 43: Solution found.
Sun May 18 22:02:01 CEST 2014: 44: finished (301ms, 500cycles)
Sun May 18 22:02:01 CEST 2014: 44: No solution found.
Sun May 18 22:02:01 CEST 2014: 45: finished (8ms, 12cycles)
Sun May 18 22:02:01 CEST 2014: 45: Solution found.
Sun May 18 22:02:01 CEST 2014: 46: finished (319ms, 500cycles)
Sun May 18 22:02:01 CEST 2014: 46: No solution found.
Sun May 18 22:02:01 CEST 2014: 47: finished (308ms, 500cycles)
Sun May 18 22:02:01 CEST 2014: 47: No solution found.
Sun May 18 22:02:02 CEST 2014: 48: finished (266ms, 500cycles)
Sun May 18 22:02:02 CEST 2014: 48: No solution found.
Sun May 18 22:02:02 CEST 2014: 49: finished (68ms, 99cycles)
Sun May 18 22:02:02 CEST 2014: 49: Solution found.
Sun May 18 22:02:02 CEST 2014: 50: finished (7ms, 11cycles)
Sun May 18 22:02:02 CEST 2014: 50: Solution found.
Sun May 18 22:02:02 CEST 2014: 51: finished (13ms, 16cycles)
Sun May 18 22:02:02 CEST 2014: 51: Solution found.
Sun May 18 22:02:02 CEST 2014: 52: finished (17ms, 25cycles)
Sun May 18 22:02:02 CEST 2014: 52: Solution found.
Sun May 18 22:02:02 CEST 2014: 53: finished (269ms, 500cycles)
Sun May 18 22:02:02 CEST 2014: 53: No solution found.
Sun May 18 22:02:02 CEST 2014: 54: finished (314ms, 500cycles)
Sun May 18 22:02:02 CEST 2014: 54: No solution found.
Sun May 18 22:02:02 CEST 2014: 55: finished (7ms, 11cycles)
Sun May 18 22:02:02 CEST 2014: 55: Solution found.
Sun May 18 22:02:03 CEST 2014: 56: finished (273ms, 500cycles)
Sun May 18 22:02:03 CEST 2014: 56: No solution found.
Sun May 18 22:02:03 CEST 2014: 57: finished (8ms, 11cycles)
Sun May 18 22:02:03 CEST 2014: 57: Solution found.
Sun May 18 22:02:03 CEST 2014: 58: finished (280ms, 500cycles)
Sun May 18 22:02:03 CEST 2014: 58: No solution found.
Sun May 18 22:02:03 CEST 2014: 59: finished (300ms, 500cycles)
Sun May 18 22:02:03 CEST 2014: 59: No solution found.
Sun May 18 22:02:04 CEST 2014: 60: finished (282ms, 500cycles)
Sun May 18 22:02:04 CEST 2014: 60: No solution found.
Sun May 18 22:02:04 CEST 2014: 61: finished (34ms, 50cycles)
Sun May 18 22:02:04 CEST 2014: 61: Solution found.
Sun May 18 22:02:04 CEST 2014: 62: finished (8ms, 10cycles)
Sun May 18 22:02:04 CEST 2014: 62: Solution found.
Sun May 18 22:02:04 CEST 2014: 63: finished (16ms, 18cycles)
Sun May 18 22:02:04 CEST 2014: 63: Solution found.
Sun May 18 22:02:04 CEST 2014: 64: finished (10ms, 12cycles)
Sun May 18 22:02:04 CEST 2014: 64: Solution found.
Sun May 18 22:02:04 CEST 2014: 65: finished (12ms, 14cycles)
Sun May 18 22:02:04 CEST 2014: 65: Solution found.
Sun May 18 22:02:04 CEST 2014: 66: finished (22ms, 27cycles)
Sun May 18 22:02:04 CEST 2014: 66: Solution found.
Sun May 18 22:02:04 CEST 2014: 67: finished (30ms, 35cycles)
Sun May 18 22:02:04 CEST 2014: 67: Solution found.
Sun May 18 22:02:04 CEST 2014: 68: finished (287ms, 500cycles)
Sun May 18 22:02:04 CEST 2014: 68: No solution found.
Sun May 18 22:02:04 CEST 2014: 69: finished (1ms, 1cycles)
Sun May 18 22:02:04 CEST 2014: 69: Solution found.
Sun May 18 22:02:04 CEST 2014: 70: finished (11ms, 17cycles)
Sun May 18 22:02:04 CEST 2014: 70: Solution found.
Sun May 18 22:02:04 CEST 2014: 71: finished (8ms, 10cycles)
Sun May 18 22:02:04 CEST 2014: 71: Solution found.
Sun May 18 22:02:04 CEST 2014: 72: finished (303ms, 500cycles)
Sun May 18 22:02:04 CEST 2014: 72: No solution found.
Sun May 18 22:02:04 CEST 2014: 73: finished (19ms, 19cycles)
Sun May 18 22:02:04 CEST 2014: 73: Solution found.
Sun May 18 22:02:04 CEST 2014: 74: finished (9ms, 10cycles)
Sun May 18 22:02:04 CEST 2014: 74: Solution found.
Sun May 18 22:02:05 CEST 2014: 75: finished (312ms, 500cycles)
Sun May 18 22:02:05 CEST 2014: 75: No solution found.
Sun May 18 22:02:05 CEST 2014: 76: finished (20ms, 14cycles)
Sun May 18 22:02:05 CEST 2014: 76: Solution found.
Sun May 18 22:02:05 CEST 2014: 77: finished (12ms, 19cycles)
Sun May 18 22:02:05 CEST 2014: 77: Solution found.
Sun May 18 22:02:05 CEST 2014: 78: finished (5ms, 6cycles)
Sun May 18 22:02:05 CEST 2014: 78: Solution found.
Sun May 18 22:02:05 CEST 2014: 79: finished (297ms, 500cycles)
Sun May 18 22:02:05 CEST 2014: 79: No solution found.
Sun May 18 22:02:05 CEST 2014: 80: finished (6ms, 8cycles)
Sun May 18 22:02:05 CEST 2014: 80: Solution found.
Sun May 18 22:02:05 CEST 2014: 81: finished (38ms, 61cycles)
Sun May 18 22:02:05 CEST 2014: 81: Solution found.
Sun May 18 22:02:05 CEST 2014: 82: finished (22ms, 33cycles)
Sun May 18 22:02:05 CEST 2014: 82: Solution found.
Sun May 18 22:02:05 CEST 2014: 83: finished (2ms, 2cycles)
Sun May 18 22:02:05 CEST 2014: 83: Solution found.
Sun May 18 22:02:05 CEST 2014: 84: finished (16ms, 26cycles)
Sun May 18 22:02:05 CEST 2014: 84: Solution found.
Sun May 18 22:02:05 CEST 2014: 85: finished (283ms, 500cycles)
Sun May 18 22:02:05 CEST 2014: 85: No solution found.
Sun May 18 22:02:06 CEST 2014: 86: finished (274ms, 500cycles)
Sun May 18 22:02:06 CEST 2014: 86: No solution found.
Sun May 18 22:02:06 CEST 2014: 87: finished (9ms, 15cycles)
Sun May 18 22:02:06 CEST 2014: 87: Solution found.
Sun May 18 22:02:06 CEST 2014: 88: finished (7ms, 11cycles)
Sun May 18 22:02:06 CEST 2014: 88: Solution found.
Sun May 18 22:02:06 CEST 2014: 89: finished (275ms, 500cycles)
Sun May 18 22:02:06 CEST 2014: 89: No solution found.
Sun May 18 22:02:06 CEST 2014: 90: finished (21ms, 32cycles)
Sun May 18 22:02:06 CEST 2014: 90: Solution found.
Sun May 18 22:02:06 CEST 2014: 91: finished (55ms, 83cycles)
Sun May 18 22:02:06 CEST 2014: 91: Solution found.
Sun May 18 22:02:06 CEST 2014: 92: finished (32ms, 48cycles)
Sun May 18 22:02:06 CEST 2014: 92: Solution found.
Sun May 18 22:02:06 CEST 2014: 93: finished (61ms, 97cycles)
Sun May 18 22:02:06 CEST 2014: 93: Solution found.
Sun May 18 22:02:06 CEST 2014: 94: finished (15ms, 23cycles)
Sun May 18 22:02:06 CEST 2014: 94: Solution found.
Sun May 18 22:02:06 CEST 2014: 95: finished (295ms, 500cycles)
Sun May 18 22:02:06 CEST 2014: 95: No solution found.
Sun May 18 22:02:06 CEST 2014: 96: finished (11ms, 15cycles)
Sun May 18 22:02:06 CEST 2014: 96: Solution found.
Sun May 18 22:02:06 CEST 2014: 97: finished (19ms, 27cycles)
Sun May 18 22:02:06 CEST 2014: 97: Solution found.
Sun May 18 22:02:06 CEST 2014: 98: finished (23ms, 36cycles)
Sun May 18 22:02:06 CEST 2014: 98: Solution found.
Sun May 18 22:02:07 CEST 2014: 99: finished (305ms, 500cycles)
Sun May 18 22:02:07 CEST 2014: 99: No solution found.
Sun May 18 22:02:07 CEST 2014: Solution Found: 64
Sun May 18 22:02:07 CEST 2014: Avg cycles: 27
Sun May 18 22:02:07 CEST 2014: Max cycles: 241
Sun May 18 22:02:07 CEST 2014: Min cycles: 1
Sun May 18 22:02:07 CEST 2014: No solution found: 36
Sun May 18 22:02:07 CEST 2014: logging finished. (runtime: 11611ms)
