Tue May 06 13:28:08 CEST 2014: Problem Count: 20
Tue May 06 13:28:08 CEST 2014: CandidatesCount: 20
Tue May 06 13:28:08 CEST 2014: Max Cycles: 500
Tue May 06 13:28:08 CEST 2014: 0: finished (3ms, 40cycles)
Tue May 06 13:28:08 CEST 2014: 0: Solution found.
Tue May 06 13:28:08 CEST 2014: 1: finished (3ms, 26cycles)
Tue May 06 13:28:08 CEST 2014: 1: Solution found.
Tue May 06 13:28:08 CEST 2014: 2: finished (47ms, 500cycles)
Tue May 06 13:28:08 CEST 2014: 2: No solution found.
Tue May 06 13:28:08 CEST 2014: 3: finished (38ms, 500cycles)
Tue May 06 13:28:08 CEST 2014: 3: No solution found.
Tue May 06 13:28:08 CEST 2014: 4: finished (1ms, 5cycles)
Tue May 06 13:28:08 CEST 2014: 4: Solution found.
Tue May 06 13:28:08 CEST 2014: 5: finished (36ms, 500cycles)
Tue May 06 13:28:08 CEST 2014: 5: No solution found.
Tue May 06 13:28:08 CEST 2014: 6: finished (34ms, 500cycles)
Tue May 06 13:28:08 CEST 2014: 6: No solution found.
Tue May 06 13:28:09 CEST 2014: 7: finished (7ms, 43cycles)
Tue May 06 13:28:09 CEST 2014: 7: Solution found.
Tue May 06 13:28:09 CEST 2014: 8: finished (33ms, 500cycles)
Tue May 06 13:28:09 CEST 2014: 8: No solution found.
Tue May 06 13:28:09 CEST 2014: 9: finished (45ms, 500cycles)
Tue May 06 13:28:09 CEST 2014: 9: No solution found.
Tue May 06 13:28:09 CEST 2014: 10: finished (17ms, 207cycles)
Tue May 06 13:28:09 CEST 2014: 10: Solution found.
Tue May 06 13:28:09 CEST 2014: 11: finished (34ms, 500cycles)
Tue May 06 13:28:09 CEST 2014: 11: No solution found.
Tue May 06 13:28:09 CEST 2014: 12: finished (44ms, 500cycles)
Tue May 06 13:28:09 CEST 2014: 12: No solution found.
Tue May 06 13:28:09 CEST 2014: 13: finished (7ms, 35cycles)
Tue May 06 13:28:09 CEST 2014: 13: Solution found.
Tue May 06 13:28:09 CEST 2014: 14: finished (41ms, 500cycles)
Tue May 06 13:28:09 CEST 2014: 14: No solution found.
Tue May 06 13:28:09 CEST 2014: 15: finished (2ms, 22cycles)
Tue May 06 13:28:09 CEST 2014: 15: Solution found.
Tue May 06 13:28:09 CEST 2014: 16: finished (7ms, 67cycles)
Tue May 06 13:28:09 CEST 2014: 16: Solution found.
Tue May 06 13:28:09 CEST 2014: 17: finished (39ms, 500cycles)
Tue May 06 13:28:09 CEST 2014: 17: No solution found.
Tue May 06 13:28:09 CEST 2014: 18: finished (8ms, 79cycles)
Tue May 06 13:28:09 CEST 2014: 18: Solution found.
Tue May 06 13:28:09 CEST 2014: 19: finished (4ms, 44cycles)
Tue May 06 13:28:09 CEST 2014: 19: Solution found.
Tue May 06 13:28:09 CEST 2014: 20: finished (36ms, 500cycles)
Tue May 06 13:28:09 CEST 2014: 20: No solution found.
Tue May 06 13:28:09 CEST 2014: 21: finished (1ms, 8cycles)
Tue May 06 13:28:09 CEST 2014: 21: Solution found.
Tue May 06 13:28:09 CEST 2014: 22: finished (36ms, 500cycles)
Tue May 06 13:28:09 CEST 2014: 22: No solution found.
Tue May 06 13:28:09 CEST 2014: 23: finished (31ms, 500cycles)
Tue May 06 13:28:09 CEST 2014: 23: No solution found.
Tue May 06 13:28:09 CEST 2014: 24: finished (34ms, 500cycles)
Tue May 06 13:28:09 CEST 2014: 24: No solution found.
Tue May 06 13:28:09 CEST 2014: 25: finished (34ms, 500cycles)
Tue May 06 13:28:09 CEST 2014: 25: No solution found.
Tue May 06 13:28:09 CEST 2014: 26: finished (2ms, 23cycles)
Tue May 06 13:28:09 CEST 2014: 26: Solution found.
Tue May 06 13:28:09 CEST 2014: 27: finished (52ms, 500cycles)
Tue May 06 13:28:09 CEST 2014: 27: No solution found.
Tue May 06 13:28:09 CEST 2014: 28: finished (38ms, 500cycles)
Tue May 06 13:28:09 CEST 2014: 28: No solution found.
Tue May 06 13:28:09 CEST 2014: 29: finished (33ms, 500cycles)
Tue May 06 13:28:09 CEST 2014: 29: No solution found.
Tue May 06 13:28:09 CEST 2014: 30: finished (47ms, 500cycles)
Tue May 06 13:28:09 CEST 2014: 30: No solution found.
Tue May 06 13:28:09 CEST 2014: 31: finished (1ms, 7cycles)
Tue May 06 13:28:09 CEST 2014: 31: Solution found.
Tue May 06 13:28:09 CEST 2014: 32: finished (48ms, 500cycles)
Tue May 06 13:28:09 CEST 2014: 32: No solution found.
Tue May 06 13:28:09 CEST 2014: 33: finished (42ms, 500cycles)
Tue May 06 13:28:09 CEST 2014: 33: No solution found.
Tue May 06 13:28:09 CEST 2014: 34: finished (34ms, 500cycles)
Tue May 06 13:28:09 CEST 2014: 34: No solution found.
Tue May 06 13:28:09 CEST 2014: 35: finished (32ms, 500cycles)
Tue May 06 13:28:09 CEST 2014: 35: No solution found.
Tue May 06 13:28:09 CEST 2014: 36: finished (5ms, 45cycles)
Tue May 06 13:28:09 CEST 2014: 36: Solution found.
Tue May 06 13:28:09 CEST 2014: 37: finished (37ms, 500cycles)
Tue May 06 13:28:09 CEST 2014: 37: No solution found.
Tue May 06 13:28:09 CEST 2014: 38: finished (59ms, 500cycles)
Tue May 06 13:28:09 CEST 2014: 38: No solution found.
Tue May 06 13:28:09 CEST 2014: 39: finished (1ms, 6cycles)
Tue May 06 13:28:09 CEST 2014: 39: Solution found.
Tue May 06 13:28:09 CEST 2014: 40: finished (1ms, 13cycles)
Tue May 06 13:28:09 CEST 2014: 40: Solution found.
Tue May 06 13:28:09 CEST 2014: 41: finished (1ms, 1cycles)
Tue May 06 13:28:09 CEST 2014: 41: Solution found.
Tue May 06 13:28:09 CEST 2014: 42: finished (1ms, 10cycles)
Tue May 06 13:28:09 CEST 2014: 42: Solution found.
Tue May 06 13:28:09 CEST 2014: 43: finished (34ms, 500cycles)
Tue May 06 13:28:09 CEST 2014: 43: No solution found.
Tue May 06 13:28:09 CEST 2014: 44: finished (19ms, 127cycles)
Tue May 06 13:28:09 CEST 2014: 44: Solution found.
Tue May 06 13:28:10 CEST 2014: 45: finished (65ms, 500cycles)
Tue May 06 13:28:10 CEST 2014: 45: No solution found.
Tue May 06 13:28:10 CEST 2014: 46: finished (41ms, 500cycles)
Tue May 06 13:28:10 CEST 2014: 46: No solution found.
Tue May 06 13:28:10 CEST 2014: 47: finished (37ms, 500cycles)
Tue May 06 13:28:10 CEST 2014: 47: No solution found.
Tue May 06 13:28:10 CEST 2014: 48: finished (35ms, 500cycles)
Tue May 06 13:28:10 CEST 2014: 48: No solution found.
Tue May 06 13:28:10 CEST 2014: 49: finished (42ms, 500cycles)
Tue May 06 13:28:10 CEST 2014: 49: No solution found.
Tue May 06 13:28:10 CEST 2014: 50: finished (91ms, 500cycles)
Tue May 06 13:28:10 CEST 2014: 50: No solution found.
Tue May 06 13:28:10 CEST 2014: 51: finished (35ms, 500cycles)
Tue May 06 13:28:10 CEST 2014: 51: No solution found.
Tue May 06 13:28:10 CEST 2014: 52: finished (39ms, 500cycles)
Tue May 06 13:28:10 CEST 2014: 52: No solution found.
Tue May 06 13:28:10 CEST 2014: 53: finished (10ms, 100cycles)
Tue May 06 13:28:10 CEST 2014: 53: Solution found.
Tue May 06 13:28:10 CEST 2014: 54: finished (42ms, 500cycles)
Tue May 06 13:28:10 CEST 2014: 54: No solution found.
Tue May 06 13:28:10 CEST 2014: 55: finished (11ms, 90cycles)
Tue May 06 13:28:10 CEST 2014: 55: Solution found.
Tue May 06 13:28:10 CEST 2014: 56: finished (2ms, 20cycles)
Tue May 06 13:28:10 CEST 2014: 56: Solution found.
Tue May 06 13:28:10 CEST 2014: 57: finished (33ms, 500cycles)
Tue May 06 13:28:10 CEST 2014: 57: No solution found.
Tue May 06 13:28:10 CEST 2014: 58: finished (72ms, 215cycles)
Tue May 06 13:28:10 CEST 2014: 58: Solution found.
Tue May 06 13:28:10 CEST 2014: 59: finished (92ms, 500cycles)
Tue May 06 13:28:10 CEST 2014: 59: No solution found.
Tue May 06 13:28:10 CEST 2014: 60: finished (9ms, 39cycles)
Tue May 06 13:28:10 CEST 2014: 60: Solution found.
Tue May 06 13:28:10 CEST 2014: 61: finished (38ms, 500cycles)
Tue May 06 13:28:10 CEST 2014: 61: No solution found.
Tue May 06 13:28:10 CEST 2014: 62: finished (38ms, 500cycles)
Tue May 06 13:28:10 CEST 2014: 62: No solution found.
Tue May 06 13:28:10 CEST 2014: 63: finished (37ms, 500cycles)
Tue May 06 13:28:10 CEST 2014: 63: No solution found.
Tue May 06 13:28:10 CEST 2014: 64: finished (44ms, 500cycles)
Tue May 06 13:28:10 CEST 2014: 64: No solution found.
Tue May 06 13:28:10 CEST 2014: 65: finished (33ms, 500cycles)
Tue May 06 13:28:10 CEST 2014: 65: No solution found.
Tue May 06 13:28:10 CEST 2014: 66: finished (37ms, 500cycles)
Tue May 06 13:28:10 CEST 2014: 66: No solution found.
Tue May 06 13:28:10 CEST 2014: 67: finished (51ms, 500cycles)
Tue May 06 13:28:10 CEST 2014: 67: No solution found.
Tue May 06 13:28:10 CEST 2014: 68: finished (33ms, 500cycles)
Tue May 06 13:28:10 CEST 2014: 68: No solution found.
Tue May 06 13:28:10 CEST 2014: 69: finished (45ms, 500cycles)
Tue May 06 13:28:10 CEST 2014: 69: No solution found.
Tue May 06 13:28:11 CEST 2014: 70: finished (35ms, 500cycles)
Tue May 06 13:28:11 CEST 2014: 70: No solution found.
Tue May 06 13:28:11 CEST 2014: 71: finished (34ms, 500cycles)
Tue May 06 13:28:11 CEST 2014: 71: No solution found.
Tue May 06 13:28:11 CEST 2014: 72: finished (60ms, 500cycles)
Tue May 06 13:28:11 CEST 2014: 72: No solution found.
Tue May 06 13:28:11 CEST 2014: 73: finished (33ms, 500cycles)
Tue May 06 13:28:11 CEST 2014: 73: No solution found.
Tue May 06 13:28:11 CEST 2014: 74: finished (47ms, 500cycles)
Tue May 06 13:28:11 CEST 2014: 74: No solution found.
Tue May 06 13:28:11 CEST 2014: 75: finished (3ms, 26cycles)
Tue May 06 13:28:11 CEST 2014: 75: Solution found.
Tue May 06 13:28:11 CEST 2014: 76: finished (48ms, 500cycles)
Tue May 06 13:28:11 CEST 2014: 76: No solution found.
Tue May 06 13:28:11 CEST 2014: 77: finished (37ms, 500cycles)
Tue May 06 13:28:11 CEST 2014: 77: No solution found.
Tue May 06 13:28:11 CEST 2014: 78: finished (45ms, 500cycles)
Tue May 06 13:28:11 CEST 2014: 78: No solution found.
Tue May 06 13:28:11 CEST 2014: 79: finished (38ms, 500cycles)
Tue May 06 13:28:11 CEST 2014: 79: No solution found.
Tue May 06 13:28:11 CEST 2014: 80: finished (39ms, 500cycles)
Tue May 06 13:28:11 CEST 2014: 80: No solution found.
Tue May 06 13:28:11 CEST 2014: 81: finished (165ms, 500cycles)
Tue May 06 13:28:11 CEST 2014: 81: No solution found.
Tue May 06 13:28:11 CEST 2014: 82: finished (35ms, 500cycles)
Tue May 06 13:28:11 CEST 2014: 82: No solution found.
Tue May 06 13:28:11 CEST 2014: 83: finished (1ms, 14cycles)
Tue May 06 13:28:11 CEST 2014: 83: Solution found.
Tue May 06 13:28:11 CEST 2014: 84: finished (149ms, 500cycles)
Tue May 06 13:28:11 CEST 2014: 84: No solution found.
Tue May 06 13:28:11 CEST 2014: 85: finished (36ms, 500cycles)
Tue May 06 13:28:11 CEST 2014: 85: No solution found.
Tue May 06 13:28:11 CEST 2014: 86: finished (36ms, 500cycles)
Tue May 06 13:28:11 CEST 2014: 86: No solution found.
Tue May 06 13:28:11 CEST 2014: 87: finished (39ms, 500cycles)
Tue May 06 13:28:11 CEST 2014: 87: No solution found.
Tue May 06 13:28:11 CEST 2014: 88: finished (42ms, 500cycles)
Tue May 06 13:28:11 CEST 2014: 88: No solution found.
Tue May 06 13:28:11 CEST 2014: 89: finished (38ms, 500cycles)
Tue May 06 13:28:11 CEST 2014: 89: No solution found.
Tue May 06 13:28:11 CEST 2014: 90: finished (38ms, 500cycles)
Tue May 06 13:28:11 CEST 2014: 90: No solution found.
Tue May 06 13:28:11 CEST 2014: 91: finished (17ms, 185cycles)
Tue May 06 13:28:11 CEST 2014: 91: Solution found.
Tue May 06 13:28:12 CEST 2014: 92: finished (49ms, 500cycles)
Tue May 06 13:28:12 CEST 2014: 92: No solution found.
Tue May 06 13:28:12 CEST 2014: 93: finished (41ms, 500cycles)
Tue May 06 13:28:12 CEST 2014: 93: No solution found.
Tue May 06 13:28:12 CEST 2014: 94: finished (5ms, 38cycles)
Tue May 06 13:28:12 CEST 2014: 94: Solution found.
Tue May 06 13:28:12 CEST 2014: 95: finished (39ms, 500cycles)
Tue May 06 13:28:12 CEST 2014: 95: No solution found.
Tue May 06 13:28:12 CEST 2014: 96: finished (42ms, 500cycles)
Tue May 06 13:28:12 CEST 2014: 96: No solution found.
Tue May 06 13:28:12 CEST 2014: 97: finished (120ms, 500cycles)
Tue May 06 13:28:12 CEST 2014: 97: No solution found.
Tue May 06 13:28:12 CEST 2014: 98: finished (9ms, 38cycles)
Tue May 06 13:28:12 CEST 2014: 98: Solution found.
Tue May 06 13:28:12 CEST 2014: 99: finished (4ms, 41cycles)
Tue May 06 13:28:12 CEST 2014: 99: Solution found.
Tue May 06 13:28:12 CEST 2014: Solution Found: 30
Tue May 06 13:28:12 CEST 2014: Avg cycles: 53
Tue May 06 13:28:12 CEST 2014: Max cycles: 215
Tue May 06 13:28:12 CEST 2014: Min cycles: 1
Tue May 06 13:28:12 CEST 2014: No solution found: 70
Tue May 06 13:28:12 CEST 2014: logging finished. (runtime: 3463ms)
