Sun May 18 01:42:10 CEST 2014: Problem Count: 40
Sun May 18 01:42:10 CEST 2014: CandidatesCount: 10
Sun May 18 01:42:10 CEST 2014: Max Cycles: 500
Sun May 18 01:42:10 CEST 2014: 0: finished (44ms, 500cycles)
Sun May 18 01:42:10 CEST 2014: 0: No solution found.
Sun May 18 01:42:10 CEST 2014: 1: finished (45ms, 500cycles)
Sun May 18 01:42:10 CEST 2014: 1: No solution found.
Sun May 18 01:42:10 CEST 2014: 2: finished (1ms, 7cycles)
Sun May 18 01:42:10 CEST 2014: 2: Solution found.
Sun May 18 01:42:10 CEST 2014: 3: finished (13ms, 134cycles)
Sun May 18 01:42:10 CEST 2014: 3: Solution found.
Sun May 18 01:42:10 CEST 2014: 4: finished (42ms, 500cycles)
Sun May 18 01:42:10 CEST 2014: 4: No solution found.
Sun May 18 01:42:10 CEST 2014: 5: finished (4ms, 37cycles)
Sun May 18 01:42:10 CEST 2014: 5: Solution found.
Sun May 18 01:42:10 CEST 2014: 6: finished (9ms, 88cycles)
Sun May 18 01:42:10 CEST 2014: 6: Solution found.
Sun May 18 01:42:11 CEST 2014: 7: finished (43ms, 500cycles)
Sun May 18 01:42:11 CEST 2014: 7: No solution found.
Sun May 18 01:42:11 CEST 2014: 8: finished (48ms, 500cycles)
Sun May 18 01:42:11 CEST 2014: 8: No solution found.
Sun May 18 01:42:11 CEST 2014: 9: finished (53ms, 500cycles)
Sun May 18 01:42:11 CEST 2014: 9: No solution found.
Sun May 18 01:42:11 CEST 2014: 10: finished (43ms, 500cycles)
Sun May 18 01:42:11 CEST 2014: 10: No solution found.
Sun May 18 01:42:11 CEST 2014: 11: finished (41ms, 500cycles)
Sun May 18 01:42:11 CEST 2014: 11: No solution found.
Sun May 18 01:42:11 CEST 2014: 12: finished (47ms, 481cycles)
Sun May 18 01:42:11 CEST 2014: 12: Solution found.
Sun May 18 01:42:11 CEST 2014: 13: finished (41ms, 500cycles)
Sun May 18 01:42:11 CEST 2014: 13: No solution found.
Sun May 18 01:42:11 CEST 2014: 14: finished (38ms, 500cycles)
Sun May 18 01:42:11 CEST 2014: 14: No solution found.
Sun May 18 01:42:11 CEST 2014: 15: finished (49ms, 500cycles)
Sun May 18 01:42:11 CEST 2014: 15: No solution found.
Sun May 18 01:42:11 CEST 2014: 16: finished (6ms, 59cycles)
Sun May 18 01:42:11 CEST 2014: 16: Solution found.
Sun May 18 01:42:11 CEST 2014: 17: finished (1ms, 10cycles)
Sun May 18 01:42:11 CEST 2014: 17: Solution found.
Sun May 18 01:42:11 CEST 2014: 18: finished (49ms, 500cycles)
Sun May 18 01:42:11 CEST 2014: 18: No solution found.
Sun May 18 01:42:11 CEST 2014: 19: finished (6ms, 57cycles)
Sun May 18 01:42:11 CEST 2014: 19: Solution found.
Sun May 18 01:42:11 CEST 2014: 20: finished (3ms, 35cycles)
Sun May 18 01:42:11 CEST 2014: 20: Solution found.
Sun May 18 01:42:11 CEST 2014: 21: finished (43ms, 500cycles)
Sun May 18 01:42:11 CEST 2014: 21: No solution found.
Sun May 18 01:42:11 CEST 2014: 22: finished (40ms, 500cycles)
Sun May 18 01:42:11 CEST 2014: 22: No solution found.
Sun May 18 01:42:11 CEST 2014: 23: finished (49ms, 500cycles)
Sun May 18 01:42:11 CEST 2014: 23: No solution found.
Sun May 18 01:42:11 CEST 2014: 24: finished (44ms, 500cycles)
Sun May 18 01:42:11 CEST 2014: 24: No solution found.
Sun May 18 01:42:11 CEST 2014: 25: finished (1ms, 7cycles)
Sun May 18 01:42:11 CEST 2014: 25: Solution found.
Sun May 18 01:42:11 CEST 2014: 26: finished (40ms, 500cycles)
Sun May 18 01:42:11 CEST 2014: 26: No solution found.
Sun May 18 01:42:11 CEST 2014: 27: finished (44ms, 500cycles)
Sun May 18 01:42:11 CEST 2014: 27: No solution found.
Sun May 18 01:42:11 CEST 2014: 28: finished (40ms, 500cycles)
Sun May 18 01:42:11 CEST 2014: 28: No solution found.
Sun May 18 01:42:11 CEST 2014: 29: finished (45ms, 500cycles)
Sun May 18 01:42:11 CEST 2014: 29: No solution found.
Sun May 18 01:42:11 CEST 2014: 30: finished (54ms, 500cycles)
Sun May 18 01:42:11 CEST 2014: 30: No solution found.
Sun May 18 01:42:11 CEST 2014: 31: finished (4ms, 38cycles)
Sun May 18 01:42:11 CEST 2014: 31: Solution found.
Sun May 18 01:42:11 CEST 2014: 32: finished (3ms, 28cycles)
Sun May 18 01:42:11 CEST 2014: 32: Solution found.
Sun May 18 01:42:11 CEST 2014: 33: finished (4ms, 39cycles)
Sun May 18 01:42:11 CEST 2014: 33: Solution found.
Sun May 18 01:42:11 CEST 2014: 34: finished (44ms, 500cycles)
Sun May 18 01:42:11 CEST 2014: 34: No solution found.
Sun May 18 01:42:11 CEST 2014: 35: finished (8ms, 71cycles)
Sun May 18 01:42:11 CEST 2014: 35: Solution found.
Sun May 18 01:42:11 CEST 2014: 36: finished (46ms, 500cycles)
Sun May 18 01:42:11 CEST 2014: 36: No solution found.
Sun May 18 01:42:11 CEST 2014: 37: finished (44ms, 500cycles)
Sun May 18 01:42:11 CEST 2014: 37: No solution found.
Sun May 18 01:42:12 CEST 2014: 38: finished (51ms, 500cycles)
Sun May 18 01:42:12 CEST 2014: 38: No solution found.
Sun May 18 01:42:12 CEST 2014: 39: finished (43ms, 500cycles)
Sun May 18 01:42:12 CEST 2014: 39: No solution found.
Sun May 18 01:42:12 CEST 2014: 40: finished (37ms, 500cycles)
Sun May 18 01:42:12 CEST 2014: 40: No solution found.
Sun May 18 01:42:12 CEST 2014: 41: finished (41ms, 500cycles)
Sun May 18 01:42:12 CEST 2014: 41: No solution found.
Sun May 18 01:42:12 CEST 2014: 42: finished (2ms, 21cycles)
Sun May 18 01:42:12 CEST 2014: 42: Solution found.
Sun May 18 01:42:12 CEST 2014: 43: finished (51ms, 500cycles)
Sun May 18 01:42:12 CEST 2014: 43: No solution found.
Sun May 18 01:42:12 CEST 2014: 44: finished (40ms, 500cycles)
Sun May 18 01:42:12 CEST 2014: 44: No solution found.
Sun May 18 01:42:12 CEST 2014: 45: finished (43ms, 500cycles)
Sun May 18 01:42:12 CEST 2014: 45: No solution found.
Sun May 18 01:42:12 CEST 2014: 46: finished (11ms, 120cycles)
Sun May 18 01:42:12 CEST 2014: 46: Solution found.
Sun May 18 01:42:12 CEST 2014: 47: finished (41ms, 500cycles)
Sun May 18 01:42:12 CEST 2014: 47: No solution found.
Sun May 18 01:42:12 CEST 2014: 48: finished (4ms, 41cycles)
Sun May 18 01:42:12 CEST 2014: 48: Solution found.
Sun May 18 01:42:12 CEST 2014: 49: finished (51ms, 500cycles)
Sun May 18 01:42:12 CEST 2014: 49: No solution found.
Sun May 18 01:42:12 CEST 2014: 50: finished (40ms, 500cycles)
Sun May 18 01:42:12 CEST 2014: 50: No solution found.
Sun May 18 01:42:12 CEST 2014: 51: finished (42ms, 500cycles)
Sun May 18 01:42:12 CEST 2014: 51: No solution found.
Sun May 18 01:42:12 CEST 2014: 52: finished (42ms, 500cycles)
Sun May 18 01:42:12 CEST 2014: 52: No solution found.
Sun May 18 01:42:12 CEST 2014: 53: finished (43ms, 500cycles)
Sun May 18 01:42:12 CEST 2014: 53: No solution found.
Sun May 18 01:42:12 CEST 2014: 54: finished (45ms, 500cycles)
Sun May 18 01:42:12 CEST 2014: 54: No solution found.
Sun May 18 01:42:12 CEST 2014: 55: finished (7ms, 56cycles)
Sun May 18 01:42:12 CEST 2014: 55: Solution found.
Sun May 18 01:42:12 CEST 2014: 56: finished (3ms, 24cycles)
Sun May 18 01:42:12 CEST 2014: 56: Solution found.
Sun May 18 01:42:12 CEST 2014: 57: finished (40ms, 500cycles)
Sun May 18 01:42:12 CEST 2014: 57: No solution found.
Sun May 18 01:42:12 CEST 2014: 58: finished (4ms, 44cycles)
Sun May 18 01:42:12 CEST 2014: 58: Solution found.
Sun May 18 01:42:12 CEST 2014: 59: finished (40ms, 500cycles)
Sun May 18 01:42:12 CEST 2014: 59: No solution found.
Sun May 18 01:42:12 CEST 2014: 60: finished (43ms, 500cycles)
Sun May 18 01:42:12 CEST 2014: 60: No solution found.
Sun May 18 01:42:12 CEST 2014: 61: finished (40ms, 500cycles)
Sun May 18 01:42:12 CEST 2014: 61: No solution found.
Sun May 18 01:42:12 CEST 2014: 62: finished (44ms, 500cycles)
Sun May 18 01:42:12 CEST 2014: 62: No solution found.
Sun May 18 01:42:12 CEST 2014: 63: finished (3ms, 24cycles)
Sun May 18 01:42:12 CEST 2014: 63: Solution found.
Sun May 18 01:42:12 CEST 2014: 64: finished (43ms, 500cycles)
Sun May 18 01:42:12 CEST 2014: 64: No solution found.
Sun May 18 01:42:12 CEST 2014: 65: finished (39ms, 500cycles)
Sun May 18 01:42:12 CEST 2014: 65: No solution found.
Sun May 18 01:42:12 CEST 2014: 66: finished (49ms, 500cycles)
Sun May 18 01:42:12 CEST 2014: 66: No solution found.
Sun May 18 01:42:13 CEST 2014: 67: finished (41ms, 500cycles)
Sun May 18 01:42:13 CEST 2014: 67: No solution found.
Sun May 18 01:42:13 CEST 2014: 68: finished (21ms, 256cycles)
Sun May 18 01:42:13 CEST 2014: 68: Solution found.
Sun May 18 01:42:13 CEST 2014: 69: finished (49ms, 500cycles)
Sun May 18 01:42:13 CEST 2014: 69: No solution found.
Sun May 18 01:42:13 CEST 2014: 70: finished (44ms, 500cycles)
Sun May 18 01:42:13 CEST 2014: 70: No solution found.
Sun May 18 01:42:13 CEST 2014: 71: finished (48ms, 500cycles)
Sun May 18 01:42:13 CEST 2014: 71: No solution found.
Sun May 18 01:42:13 CEST 2014: 72: finished (2ms, 24cycles)
Sun May 18 01:42:13 CEST 2014: 72: Solution found.
Sun May 18 01:42:13 CEST 2014: 73: finished (46ms, 500cycles)
Sun May 18 01:42:13 CEST 2014: 73: No solution found.
Sun May 18 01:42:13 CEST 2014: 74: finished (42ms, 500cycles)
Sun May 18 01:42:13 CEST 2014: 74: No solution found.
Sun May 18 01:42:13 CEST 2014: 75: finished (1ms, 8cycles)
Sun May 18 01:42:13 CEST 2014: 75: Solution found.
Sun May 18 01:42:13 CEST 2014: 76: finished (42ms, 500cycles)
Sun May 18 01:42:13 CEST 2014: 76: No solution found.
Sun May 18 01:42:13 CEST 2014: 77: finished (48ms, 500cycles)
Sun May 18 01:42:13 CEST 2014: 77: No solution found.
Sun May 18 01:42:13 CEST 2014: 78: finished (42ms, 500cycles)
Sun May 18 01:42:13 CEST 2014: 78: No solution found.
Sun May 18 01:42:13 CEST 2014: 79: finished (5ms, 54cycles)
Sun May 18 01:42:13 CEST 2014: 79: Solution found.
Sun May 18 01:42:13 CEST 2014: 80: finished (39ms, 500cycles)
Sun May 18 01:42:13 CEST 2014: 80: No solution found.
Sun May 18 01:42:13 CEST 2014: 81: finished (42ms, 500cycles)
Sun May 18 01:42:13 CEST 2014: 81: No solution found.
Sun May 18 01:42:13 CEST 2014: 82: finished (48ms, 500cycles)
Sun May 18 01:42:13 CEST 2014: 82: No solution found.
Sun May 18 01:42:13 CEST 2014: 83: finished (45ms, 500cycles)
Sun May 18 01:42:13 CEST 2014: 83: No solution found.
Sun May 18 01:42:13 CEST 2014: 84: finished (42ms, 500cycles)
Sun May 18 01:42:13 CEST 2014: 84: No solution found.
Sun May 18 01:42:13 CEST 2014: 85: finished (1ms, 5cycles)
Sun May 18 01:42:13 CEST 2014: 85: Solution found.
Sun May 18 01:42:13 CEST 2014: 86: finished (4ms, 48cycles)
Sun May 18 01:42:13 CEST 2014: 86: Solution found.
Sun May 18 01:42:13 CEST 2014: 87: finished (38ms, 500cycles)
Sun May 18 01:42:13 CEST 2014: 87: No solution found.
Sun May 18 01:42:13 CEST 2014: 88: finished (47ms, 500cycles)
Sun May 18 01:42:13 CEST 2014: 88: No solution found.
Sun May 18 01:42:13 CEST 2014: 89: finished (45ms, 500cycles)
Sun May 18 01:42:13 CEST 2014: 89: No solution found.
Sun May 18 01:42:13 CEST 2014: 90: finished (9ms, 93cycles)
Sun May 18 01:42:13 CEST 2014: 90: Solution found.
Sun May 18 01:42:13 CEST 2014: 91: finished (38ms, 500cycles)
Sun May 18 01:42:13 CEST 2014: 91: No solution found.
Sun May 18 01:42:13 CEST 2014: 92: finished (46ms, 500cycles)
Sun May 18 01:42:13 CEST 2014: 92: No solution found.
Sun May 18 01:42:13 CEST 2014: 93: finished (40ms, 500cycles)
Sun May 18 01:42:13 CEST 2014: 93: No solution found.
Sun May 18 01:42:13 CEST 2014: 94: finished (42ms, 500cycles)
Sun May 18 01:42:13 CEST 2014: 94: No solution found.
Sun May 18 01:42:13 CEST 2014: 95: finished (42ms, 500cycles)
Sun May 18 01:42:13 CEST 2014: 95: No solution found.
Sun May 18 01:42:14 CEST 2014: 96: finished (53ms, 500cycles)
Sun May 18 01:42:14 CEST 2014: 96: No solution found.
Sun May 18 01:42:14 CEST 2014: 97: finished (2ms, 9cycles)
Sun May 18 01:42:14 CEST 2014: 97: Solution found.
Sun May 18 01:42:14 CEST 2014: 98: finished (4ms, 42cycles)
Sun May 18 01:42:14 CEST 2014: 98: Solution found.
Sun May 18 01:42:14 CEST 2014: 99: finished (3ms, 26cycles)
Sun May 18 01:42:14 CEST 2014: 99: Solution found.
Sun May 18 01:42:14 CEST 2014: Solution Found: 31
Sun May 18 01:42:14 CEST 2014: Avg cycles: 64
Sun May 18 01:42:14 CEST 2014: Max cycles: 481
Sun May 18 01:42:14 CEST 2014: Min cycles: 5
Sun May 18 01:42:14 CEST 2014: No solution found: 69
Sun May 18 01:42:14 CEST 2014: logging finished. (runtime: 3240ms)
