Sun May 18 03:36:01 CEST 2014: Problem Count: 10
Sun May 18 03:36:01 CEST 2014: CandidatesCount: 40
Sun May 18 03:36:01 CEST 2014: Max Cycles: 500
Sun May 18 03:36:01 CEST 2014: 0: finished (91ms, 500cycles)
Sun May 18 03:36:01 CEST 2014: 0: No solution found.
Sun May 18 03:36:01 CEST 2014: 1: finished (45ms, 500cycles)
Sun May 18 03:36:01 CEST 2014: 1: No solution found.
Sun May 18 03:36:01 CEST 2014: 2: finished (44ms, 500cycles)
Sun May 18 03:36:01 CEST 2014: 2: No solution found.
Sun May 18 03:36:01 CEST 2014: 3: finished (3ms, 23cycles)
Sun May 18 03:36:01 CEST 2014: 3: Solution found.
Sun May 18 03:36:01 CEST 2014: 4: finished (95ms, 500cycles)
Sun May 18 03:36:01 CEST 2014: 4: No solution found.
Sun May 18 03:36:01 CEST 2014: 5: finished (39ms, 500cycles)
Sun May 18 03:36:01 CEST 2014: 5: No solution found.
Sun May 18 03:36:01 CEST 2014: 6: finished (261ms, 500cycles)
Sun May 18 03:36:01 CEST 2014: 6: No solution found.
Sun May 18 03:36:01 CEST 2014: 7: finished (173ms, 500cycles)
Sun May 18 03:36:01 CEST 2014: 7: No solution found.
Sun May 18 03:36:01 CEST 2014: 8: finished (35ms, 500cycles)
Sun May 18 03:36:01 CEST 2014: 8: No solution found.
Sun May 18 03:36:02 CEST 2014: 9: finished (296ms, 500cycles)
Sun May 18 03:36:02 CEST 2014: 9: No solution found.
Sun May 18 03:36:02 CEST 2014: 10: finished (3ms, 9cycles)
Sun May 18 03:36:02 CEST 2014: 10: Solution found.
Sun May 18 03:36:02 CEST 2014: 11: finished (41ms, 500cycles)
Sun May 18 03:36:02 CEST 2014: 11: No solution found.
Sun May 18 03:36:02 CEST 2014: 12: finished (19ms, 27cycles)
Sun May 18 03:36:02 CEST 2014: 12: Solution found.
Sun May 18 03:36:02 CEST 2014: 13: finished (51ms, 500cycles)
Sun May 18 03:36:02 CEST 2014: 13: No solution found.
Sun May 18 03:36:02 CEST 2014: 14: finished (9ms, 32cycles)
Sun May 18 03:36:02 CEST 2014: 14: Solution found.
Sun May 18 03:36:02 CEST 2014: 15: finished (363ms, 500cycles)
Sun May 18 03:36:02 CEST 2014: 15: No solution found.
Sun May 18 03:36:02 CEST 2014: 16: finished (224ms, 500cycles)
Sun May 18 03:36:02 CEST 2014: 16: No solution found.
Sun May 18 03:36:02 CEST 2014: 17: finished (162ms, 500cycles)
Sun May 18 03:36:02 CEST 2014: 17: No solution found.
Sun May 18 03:36:03 CEST 2014: 18: finished (154ms, 500cycles)
Sun May 18 03:36:03 CEST 2014: 18: No solution found.
Sun May 18 03:36:03 CEST 2014: 19: finished (38ms, 500cycles)
Sun May 18 03:36:03 CEST 2014: 19: No solution found.
Sun May 18 03:36:03 CEST 2014: 20: finished (64ms, 160cycles)
Sun May 18 03:36:03 CEST 2014: 20: Solution found.
Sun May 18 03:36:03 CEST 2014: 21: finished (3ms, 23cycles)
Sun May 18 03:36:03 CEST 2014: 21: Solution found.
Sun May 18 03:36:03 CEST 2014: 22: finished (183ms, 500cycles)
Sun May 18 03:36:03 CEST 2014: 22: No solution found.
Sun May 18 03:36:03 CEST 2014: 23: finished (7ms, 20cycles)
Sun May 18 03:36:03 CEST 2014: 23: Solution found.
Sun May 18 03:36:03 CEST 2014: 24: finished (280ms, 500cycles)
Sun May 18 03:36:03 CEST 2014: 24: No solution found.
Sun May 18 03:36:04 CEST 2014: 25: finished (346ms, 500cycles)
Sun May 18 03:36:04 CEST 2014: 25: No solution found.
Sun May 18 03:36:04 CEST 2014: 26: finished (3ms, 8cycles)
Sun May 18 03:36:04 CEST 2014: 26: Solution found.
Sun May 18 03:36:04 CEST 2014: 27: finished (3ms, 15cycles)
Sun May 18 03:36:04 CEST 2014: 27: Solution found.
Sun May 18 03:36:04 CEST 2014: 28: finished (2ms, 11cycles)
Sun May 18 03:36:04 CEST 2014: 28: Solution found.
Sun May 18 03:36:04 CEST 2014: 29: finished (4ms, 19cycles)
Sun May 18 03:36:04 CEST 2014: 29: Solution found.
Sun May 18 03:36:04 CEST 2014: 30: finished (159ms, 500cycles)
Sun May 18 03:36:04 CEST 2014: 30: No solution found.
Sun May 18 03:36:04 CEST 2014: 31: finished (159ms, 500cycles)
Sun May 18 03:36:04 CEST 2014: 31: No solution found.
Sun May 18 03:36:04 CEST 2014: 32: finished (235ms, 500cycles)
Sun May 18 03:36:04 CEST 2014: 32: No solution found.
Sun May 18 03:36:04 CEST 2014: 33: finished (40ms, 500cycles)
Sun May 18 03:36:04 CEST 2014: 33: No solution found.
Sun May 18 03:36:04 CEST 2014: 34: finished (262ms, 500cycles)
Sun May 18 03:36:04 CEST 2014: 34: No solution found.
Sun May 18 03:36:04 CEST 2014: 35: finished (41ms, 500cycles)
Sun May 18 03:36:04 CEST 2014: 35: No solution found.
Sun May 18 03:36:05 CEST 2014: 36: finished (137ms, 500cycles)
Sun May 18 03:36:05 CEST 2014: 36: No solution found.
Sun May 18 03:36:05 CEST 2014: 37: finished (239ms, 500cycles)
Sun May 18 03:36:05 CEST 2014: 37: No solution found.
Sun May 18 03:36:05 CEST 2014: 38: finished (2ms, 13cycles)
Sun May 18 03:36:05 CEST 2014: 38: Solution found.
Sun May 18 03:36:05 CEST 2014: 39: finished (46ms, 500cycles)
Sun May 18 03:36:05 CEST 2014: 39: No solution found.
Sun May 18 03:36:05 CEST 2014: 40: finished (34ms, 500cycles)
Sun May 18 03:36:05 CEST 2014: 40: No solution found.
Sun May 18 03:36:05 CEST 2014: 41: finished (5ms, 22cycles)
Sun May 18 03:36:05 CEST 2014: 41: Solution found.
Sun May 18 03:36:05 CEST 2014: 42: finished (1ms, 8cycles)
Sun May 18 03:36:05 CEST 2014: 42: Solution found.
Sun May 18 03:36:05 CEST 2014: 43: finished (303ms, 500cycles)
Sun May 18 03:36:05 CEST 2014: 43: No solution found.
Sun May 18 03:36:05 CEST 2014: 44: finished (202ms, 500cycles)
Sun May 18 03:36:05 CEST 2014: 44: No solution found.
Sun May 18 03:36:06 CEST 2014: 45: finished (189ms, 500cycles)
Sun May 18 03:36:06 CEST 2014: 45: No solution found.
Sun May 18 03:36:06 CEST 2014: 46: finished (134ms, 500cycles)
Sun May 18 03:36:06 CEST 2014: 46: No solution found.
Sun May 18 03:36:06 CEST 2014: 47: finished (3ms, 9cycles)
Sun May 18 03:36:06 CEST 2014: 47: Solution found.
Sun May 18 03:36:06 CEST 2014: 48: finished (2ms, 20cycles)
Sun May 18 03:36:06 CEST 2014: 48: Solution found.
Sun May 18 03:36:06 CEST 2014: 49: finished (53ms, 500cycles)
Sun May 18 03:36:06 CEST 2014: 49: No solution found.
Sun May 18 03:36:06 CEST 2014: 50: finished (1ms, 6cycles)
Sun May 18 03:36:06 CEST 2014: 50: Solution found.
Sun May 18 03:36:06 CEST 2014: 51: finished (1ms, 9cycles)
Sun May 18 03:36:06 CEST 2014: 51: Solution found.
Sun May 18 03:36:06 CEST 2014: 52: finished (1ms, 10cycles)
Sun May 18 03:36:06 CEST 2014: 52: Solution found.
Sun May 18 03:36:06 CEST 2014: 53: finished (5ms, 18cycles)
Sun May 18 03:36:06 CEST 2014: 53: Solution found.
Sun May 18 03:36:06 CEST 2014: 54: finished (6ms, 52cycles)
Sun May 18 03:36:06 CEST 2014: 54: Solution found.
Sun May 18 03:36:06 CEST 2014: 55: finished (214ms, 500cycles)
Sun May 18 03:36:06 CEST 2014: 55: No solution found.
Sun May 18 03:36:06 CEST 2014: 56: finished (259ms, 500cycles)
Sun May 18 03:36:06 CEST 2014: 56: No solution found.
Sun May 18 03:36:06 CEST 2014: 57: finished (1ms, 11cycles)
Sun May 18 03:36:06 CEST 2014: 57: Solution found.
Sun May 18 03:36:06 CEST 2014: 58: finished (6ms, 32cycles)
Sun May 18 03:36:06 CEST 2014: 58: Solution found.
Sun May 18 03:36:06 CEST 2014: 59: finished (57ms, 500cycles)
Sun May 18 03:36:06 CEST 2014: 59: No solution found.
Sun May 18 03:36:07 CEST 2014: 60: finished (221ms, 333cycles)
Sun May 18 03:36:07 CEST 2014: 60: Solution found.
Sun May 18 03:36:07 CEST 2014: 61: finished (40ms, 500cycles)
Sun May 18 03:36:07 CEST 2014: 61: No solution found.
Sun May 18 03:36:07 CEST 2014: 62: finished (295ms, 500cycles)
Sun May 18 03:36:07 CEST 2014: 62: No solution found.
Sun May 18 03:36:07 CEST 2014: 63: finished (41ms, 500cycles)
Sun May 18 03:36:07 CEST 2014: 63: No solution found.
Sun May 18 03:36:07 CEST 2014: 64: finished (16ms, 46cycles)
Sun May 18 03:36:07 CEST 2014: 64: Solution found.
Sun May 18 03:36:07 CEST 2014: 65: finished (39ms, 500cycles)
Sun May 18 03:36:07 CEST 2014: 65: No solution found.
Sun May 18 03:36:07 CEST 2014: 66: finished (53ms, 500cycles)
Sun May 18 03:36:07 CEST 2014: 66: No solution found.
Sun May 18 03:36:07 CEST 2014: 67: finished (2ms, 9cycles)
Sun May 18 03:36:07 CEST 2014: 67: Solution found.
Sun May 18 03:36:07 CEST 2014: 68: finished (45ms, 500cycles)
Sun May 18 03:36:07 CEST 2014: 68: No solution found.
Sun May 18 03:36:07 CEST 2014: 69: finished (242ms, 500cycles)
Sun May 18 03:36:07 CEST 2014: 69: No solution found.
Sun May 18 03:36:07 CEST 2014: 70: finished (6ms, 23cycles)
Sun May 18 03:36:07 CEST 2014: 70: Solution found.
Sun May 18 03:36:08 CEST 2014: 71: finished (259ms, 500cycles)
Sun May 18 03:36:08 CEST 2014: 71: No solution found.
Sun May 18 03:36:08 CEST 2014: 72: finished (4ms, 24cycles)
Sun May 18 03:36:08 CEST 2014: 72: Solution found.
Sun May 18 03:36:08 CEST 2014: 73: finished (368ms, 500cycles)
Sun May 18 03:36:08 CEST 2014: 73: No solution found.
Sun May 18 03:36:08 CEST 2014: 74: finished (9ms, 20cycles)
Sun May 18 03:36:08 CEST 2014: 74: Solution found.
Sun May 18 03:36:08 CEST 2014: 75: finished (28ms, 64cycles)
Sun May 18 03:36:08 CEST 2014: 75: Solution found.
Sun May 18 03:36:08 CEST 2014: 76: finished (338ms, 500cycles)
Sun May 18 03:36:08 CEST 2014: 76: No solution found.
Sun May 18 03:36:08 CEST 2014: 77: finished (52ms, 500cycles)
Sun May 18 03:36:08 CEST 2014: 77: No solution found.
Sun May 18 03:36:08 CEST 2014: 78: finished (5ms, 16cycles)
Sun May 18 03:36:08 CEST 2014: 78: Solution found.
Sun May 18 03:36:09 CEST 2014: 79: finished (361ms, 500cycles)
Sun May 18 03:36:09 CEST 2014: 79: No solution found.
Sun May 18 03:36:09 CEST 2014: 80: finished (133ms, 500cycles)
Sun May 18 03:36:09 CEST 2014: 80: No solution found.
Sun May 18 03:36:09 CEST 2014: 81: finished (7ms, 25cycles)
Sun May 18 03:36:09 CEST 2014: 81: Solution found.
Sun May 18 03:36:09 CEST 2014: 82: finished (41ms, 500cycles)
Sun May 18 03:36:09 CEST 2014: 82: No solution found.
Sun May 18 03:36:09 CEST 2014: 83: finished (313ms, 500cycles)
Sun May 18 03:36:09 CEST 2014: 83: No solution found.
Sun May 18 03:36:09 CEST 2014: 84: finished (53ms, 206cycles)
Sun May 18 03:36:09 CEST 2014: 84: Solution found.
Sun May 18 03:36:09 CEST 2014: 85: finished (2ms, 19cycles)
Sun May 18 03:36:09 CEST 2014: 85: Solution found.
Sun May 18 03:36:09 CEST 2014: 86: finished (39ms, 500cycles)
Sun May 18 03:36:09 CEST 2014: 86: No solution found.
Sun May 18 03:36:10 CEST 2014: 87: finished (257ms, 500cycles)
Sun May 18 03:36:10 CEST 2014: 87: No solution found.
Sun May 18 03:36:10 CEST 2014: 88: finished (163ms, 500cycles)
Sun May 18 03:36:10 CEST 2014: 88: No solution found.
Sun May 18 03:36:10 CEST 2014: 89: finished (260ms, 500cycles)
Sun May 18 03:36:10 CEST 2014: 89: No solution found.
Sun May 18 03:36:10 CEST 2014: 90: finished (200ms, 500cycles)
Sun May 18 03:36:10 CEST 2014: 90: No solution found.
Sun May 18 03:36:11 CEST 2014: 91: finished (419ms, 500cycles)
Sun May 18 03:36:11 CEST 2014: 91: No solution found.
Sun May 18 03:36:11 CEST 2014: 92: finished (169ms, 500cycles)
Sun May 18 03:36:11 CEST 2014: 92: No solution found.
Sun May 18 03:36:11 CEST 2014: 93: finished (7ms, 45cycles)
Sun May 18 03:36:11 CEST 2014: 93: Solution found.
Sun May 18 03:36:11 CEST 2014: 94: finished (36ms, 500cycles)
Sun May 18 03:36:11 CEST 2014: 94: No solution found.
Sun May 18 03:36:11 CEST 2014: 95: finished (214ms, 500cycles)
Sun May 18 03:36:11 CEST 2014: 95: No solution found.
Sun May 18 03:36:11 CEST 2014: 96: finished (12ms, 47cycles)
Sun May 18 03:36:11 CEST 2014: 96: Solution found.
Sun May 18 03:36:11 CEST 2014: 97: finished (37ms, 500cycles)
Sun May 18 03:36:11 CEST 2014: 97: No solution found.
Sun May 18 03:36:11 CEST 2014: 98: finished (164ms, 500cycles)
Sun May 18 03:36:11 CEST 2014: 98: No solution found.
Sun May 18 03:36:11 CEST 2014: 99: finished (11ms, 32cycles)
Sun May 18 03:36:11 CEST 2014: 99: Solution found.
Sun May 18 03:36:11 CEST 2014: Solution Found: 37
Sun May 18 03:36:11 CEST 2014: Avg cycles: 39
Sun May 18 03:36:11 CEST 2014: Max cycles: 333
Sun May 18 03:36:11 CEST 2014: Min cycles: 6
Sun May 18 03:36:11 CEST 2014: No solution found: 63
Sun May 18 03:36:11 CEST 2014: logging finished. (runtime: 10817ms)
