Sun May 18 01:06:29 CEST 2014: Problem Count: 10
Sun May 18 01:06:29 CEST 2014: CandidatesCount: 20
Sun May 18 01:06:29 CEST 2014: Max Cycles: 500
Sun May 18 01:06:29 CEST 2014: 0: finished (175ms, 500cycles)
Sun May 18 01:06:29 CEST 2014: 0: No solution found.
Sun May 18 01:06:29 CEST 2014: 1: finished (51ms, 500cycles)
Sun May 18 01:06:29 CEST 2014: 1: No solution found.
Sun May 18 01:06:29 CEST 2014: 2: finished (112ms, 500cycles)
Sun May 18 01:06:29 CEST 2014: 2: No solution found.
Sun May 18 01:06:29 CEST 2014: 3: finished (90ms, 500cycles)
Sun May 18 01:06:29 CEST 2014: 3: No solution found.
Sun May 18 01:06:29 CEST 2014: 4: finished (45ms, 500cycles)
Sun May 18 01:06:29 CEST 2014: 4: No solution found.
Sun May 18 01:06:29 CEST 2014: 5: finished (103ms, 500cycles)
Sun May 18 01:06:29 CEST 2014: 5: No solution found.
Sun May 18 01:06:29 CEST 2014: 6: finished (30ms, 500cycles)
Sun May 18 01:06:29 CEST 2014: 6: No solution found.
Sun May 18 01:06:29 CEST 2014: 7: finished (18ms, 500cycles)
Sun May 18 01:06:29 CEST 2014: 7: No solution found.
Sun May 18 01:06:29 CEST 2014: 8: finished (34ms, 117cycles)
Sun May 18 01:06:29 CEST 2014: 8: Solution found.
Sun May 18 01:06:29 CEST 2014: 9: finished (61ms, 500cycles)
Sun May 18 01:06:29 CEST 2014: 9: No solution found.
Sun May 18 01:06:30 CEST 2014: 10: finished (136ms, 500cycles)
Sun May 18 01:06:30 CEST 2014: 10: No solution found.
Sun May 18 01:06:30 CEST 2014: 11: finished (17ms, 500cycles)
Sun May 18 01:06:30 CEST 2014: 11: No solution found.
Sun May 18 01:06:30 CEST 2014: 12: finished (22ms, 500cycles)
Sun May 18 01:06:30 CEST 2014: 12: No solution found.
Sun May 18 01:06:30 CEST 2014: 13: finished (7ms, 49cycles)
Sun May 18 01:06:30 CEST 2014: 13: Solution found.
Sun May 18 01:06:30 CEST 2014: 14: finished (16ms, 500cycles)
Sun May 18 01:06:30 CEST 2014: 14: No solution found.
Sun May 18 01:06:30 CEST 2014: 15: finished (154ms, 500cycles)
Sun May 18 01:06:30 CEST 2014: 15: No solution found.
Sun May 18 01:06:30 CEST 2014: 16: finished (20ms, 500cycles)
Sun May 18 01:06:30 CEST 2014: 16: No solution found.
Sun May 18 01:06:30 CEST 2014: 17: finished (18ms, 500cycles)
Sun May 18 01:06:30 CEST 2014: 17: No solution found.
Sun May 18 01:06:30 CEST 2014: 18: finished (157ms, 500cycles)
Sun May 18 01:06:30 CEST 2014: 18: No solution found.
Sun May 18 01:06:30 CEST 2014: 19: finished (39ms, 143cycles)
Sun May 18 01:06:30 CEST 2014: 19: Solution found.
Sun May 18 01:06:30 CEST 2014: 20: finished (67ms, 500cycles)
Sun May 18 01:06:30 CEST 2014: 20: No solution found.
Sun May 18 01:06:30 CEST 2014: 21: finished (15ms, 500cycles)
Sun May 18 01:06:30 CEST 2014: 21: No solution found.
Sun May 18 01:06:30 CEST 2014: 22: finished (18ms, 500cycles)
Sun May 18 01:06:30 CEST 2014: 22: No solution found.
Sun May 18 01:06:30 CEST 2014: 23: finished (114ms, 416cycles)
Sun May 18 01:06:30 CEST 2014: 23: Solution found.
Sun May 18 01:06:30 CEST 2014: 24: finished (117ms, 500cycles)
Sun May 18 01:06:30 CEST 2014: 24: No solution found.
Sun May 18 01:06:30 CEST 2014: 25: finished (78ms, 500cycles)
Sun May 18 01:06:30 CEST 2014: 25: No solution found.
Sun May 18 01:06:31 CEST 2014: 26: finished (151ms, 500cycles)
Sun May 18 01:06:31 CEST 2014: 26: No solution found.
Sun May 18 01:06:31 CEST 2014: 27: finished (86ms, 500cycles)
Sun May 18 01:06:31 CEST 2014: 27: No solution found.
Sun May 18 01:06:31 CEST 2014: 28: finished (8ms, 56cycles)
Sun May 18 01:06:31 CEST 2014: 28: Solution found.
Sun May 18 01:06:31 CEST 2014: 29: finished (18ms, 71cycles)
Sun May 18 01:06:31 CEST 2014: 29: Solution found.
Sun May 18 01:06:31 CEST 2014: 30: finished (140ms, 500cycles)
Sun May 18 01:06:31 CEST 2014: 30: No solution found.
Sun May 18 01:06:31 CEST 2014: 31: finished (130ms, 500cycles)
Sun May 18 01:06:31 CEST 2014: 31: No solution found.
Sun May 18 01:06:31 CEST 2014: 32: finished (26ms, 500cycles)
Sun May 18 01:06:31 CEST 2014: 32: No solution found.
Sun May 18 01:06:31 CEST 2014: 33: finished (17ms, 500cycles)
Sun May 18 01:06:31 CEST 2014: 33: No solution found.
Sun May 18 01:06:31 CEST 2014: 34: finished (177ms, 500cycles)
Sun May 18 01:06:31 CEST 2014: 34: No solution found.
Sun May 18 01:06:31 CEST 2014: 35: finished (85ms, 500cycles)
Sun May 18 01:06:31 CEST 2014: 35: No solution found.
Sun May 18 01:06:31 CEST 2014: 36: finished (84ms, 271cycles)
Sun May 18 01:06:31 CEST 2014: 36: Solution found.
Sun May 18 01:06:31 CEST 2014: 37: finished (64ms, 500cycles)
Sun May 18 01:06:31 CEST 2014: 37: No solution found.
Sun May 18 01:06:31 CEST 2014: 38: finished (130ms, 500cycles)
Sun May 18 01:06:31 CEST 2014: 38: No solution found.
Sun May 18 01:06:31 CEST 2014: 39: finished (1ms, 7cycles)
Sun May 18 01:06:31 CEST 2014: 39: Solution found.
Sun May 18 01:06:32 CEST 2014: 40: finished (1ms, 10cycles)
Sun May 18 01:06:32 CEST 2014: 40: Solution found.
Sun May 18 01:06:32 CEST 2014: 41: finished (87ms, 500cycles)
Sun May 18 01:06:32 CEST 2014: 41: No solution found.
Sun May 18 01:06:32 CEST 2014: 42: finished (3ms, 20cycles)
Sun May 18 01:06:32 CEST 2014: 42: Solution found.
Sun May 18 01:06:32 CEST 2014: 43: finished (21ms, 110cycles)
Sun May 18 01:06:32 CEST 2014: 43: Solution found.
Sun May 18 01:06:32 CEST 2014: 44: finished (5ms, 86cycles)
Sun May 18 01:06:32 CEST 2014: 44: Solution found.
Sun May 18 01:06:32 CEST 2014: 45: finished (19ms, 500cycles)
Sun May 18 01:06:32 CEST 2014: 45: No solution found.
Sun May 18 01:06:32 CEST 2014: 46: finished (18ms, 500cycles)
Sun May 18 01:06:32 CEST 2014: 46: No solution found.
Sun May 18 01:06:32 CEST 2014: 47: finished (139ms, 500cycles)
Sun May 18 01:06:32 CEST 2014: 47: No solution found.
Sun May 18 01:06:32 CEST 2014: 48: finished (5ms, 44cycles)
Sun May 18 01:06:32 CEST 2014: 48: Solution found.
Sun May 18 01:06:32 CEST 2014: 49: finished (86ms, 500cycles)
Sun May 18 01:06:32 CEST 2014: 49: No solution found.
Sun May 18 01:06:32 CEST 2014: 50: finished (26ms, 500cycles)
Sun May 18 01:06:32 CEST 2014: 50: No solution found.
Sun May 18 01:06:32 CEST 2014: 51: finished (0ms, 6cycles)
Sun May 18 01:06:32 CEST 2014: 51: Solution found.
Sun May 18 01:06:32 CEST 2014: 52: finished (19ms, 500cycles)
Sun May 18 01:06:32 CEST 2014: 52: No solution found.
Sun May 18 01:06:32 CEST 2014: 53: finished (1ms, 22cycles)
Sun May 18 01:06:32 CEST 2014: 53: Solution found.
Sun May 18 01:06:32 CEST 2014: 54: finished (144ms, 500cycles)
Sun May 18 01:06:32 CEST 2014: 54: No solution found.
Sun May 18 01:06:32 CEST 2014: 55: finished (134ms, 411cycles)
Sun May 18 01:06:32 CEST 2014: 55: Solution found.
Sun May 18 01:06:32 CEST 2014: 56: finished (1ms, 8cycles)
Sun May 18 01:06:32 CEST 2014: 56: Solution found.
Sun May 18 01:06:32 CEST 2014: 57: finished (23ms, 500cycles)
Sun May 18 01:06:32 CEST 2014: 57: No solution found.
Sun May 18 01:06:32 CEST 2014: 58: finished (124ms, 500cycles)
Sun May 18 01:06:32 CEST 2014: 58: No solution found.
Sun May 18 01:06:32 CEST 2014: 59: finished (109ms, 500cycles)
Sun May 18 01:06:32 CEST 2014: 59: No solution found.
Sun May 18 01:06:33 CEST 2014: 60: finished (40ms, 223cycles)
Sun May 18 01:06:33 CEST 2014: 60: Solution found.
Sun May 18 01:06:33 CEST 2014: 61: finished (101ms, 500cycles)
Sun May 18 01:06:33 CEST 2014: 61: No solution found.
Sun May 18 01:06:33 CEST 2014: 62: finished (24ms, 500cycles)
Sun May 18 01:06:33 CEST 2014: 62: No solution found.
Sun May 18 01:06:33 CEST 2014: 63: finished (87ms, 500cycles)
Sun May 18 01:06:33 CEST 2014: 63: No solution found.
Sun May 18 01:06:33 CEST 2014: 64: finished (113ms, 500cycles)
Sun May 18 01:06:33 CEST 2014: 64: No solution found.
Sun May 18 01:06:33 CEST 2014: 65: finished (6ms, 95cycles)
Sun May 18 01:06:33 CEST 2014: 65: Solution found.
Sun May 18 01:06:33 CEST 2014: 66: finished (87ms, 500cycles)
Sun May 18 01:06:33 CEST 2014: 66: No solution found.
Sun May 18 01:06:33 CEST 2014: 67: finished (141ms, 500cycles)
Sun May 18 01:06:33 CEST 2014: 67: No solution found.
Sun May 18 01:06:33 CEST 2014: 68: finished (20ms, 500cycles)
Sun May 18 01:06:33 CEST 2014: 68: No solution found.
Sun May 18 01:06:33 CEST 2014: 69: finished (197ms, 500cycles)
Sun May 18 01:06:33 CEST 2014: 69: No solution found.
Sun May 18 01:06:33 CEST 2014: 70: finished (17ms, 500cycles)
Sun May 18 01:06:33 CEST 2014: 70: No solution found.
Sun May 18 01:06:33 CEST 2014: 71: finished (2ms, 14cycles)
Sun May 18 01:06:33 CEST 2014: 71: Solution found.
Sun May 18 01:06:33 CEST 2014: 72: finished (100ms, 500cycles)
Sun May 18 01:06:33 CEST 2014: 72: No solution found.
Sun May 18 01:06:34 CEST 2014: 73: finished (112ms, 500cycles)
Sun May 18 01:06:34 CEST 2014: 73: No solution found.
Sun May 18 01:06:34 CEST 2014: 74: finished (104ms, 500cycles)
Sun May 18 01:06:34 CEST 2014: 74: No solution found.
Sun May 18 01:06:34 CEST 2014: 75: finished (2ms, 25cycles)
Sun May 18 01:06:34 CEST 2014: 75: Solution found.
Sun May 18 01:06:34 CEST 2014: 76: finished (29ms, 500cycles)
Sun May 18 01:06:34 CEST 2014: 76: No solution found.
Sun May 18 01:06:34 CEST 2014: 77: finished (4ms, 13cycles)
Sun May 18 01:06:34 CEST 2014: 77: Solution found.
Sun May 18 01:06:34 CEST 2014: 78: finished (22ms, 500cycles)
Sun May 18 01:06:34 CEST 2014: 78: No solution found.
Sun May 18 01:06:34 CEST 2014: 79: finished (18ms, 500cycles)
Sun May 18 01:06:34 CEST 2014: 79: No solution found.
Sun May 18 01:06:34 CEST 2014: 80: finished (70ms, 500cycles)
Sun May 18 01:06:34 CEST 2014: 80: No solution found.
Sun May 18 01:06:34 CEST 2014: 81: finished (5ms, 24cycles)
Sun May 18 01:06:34 CEST 2014: 81: Solution found.
Sun May 18 01:06:34 CEST 2014: 82: finished (165ms, 500cycles)
Sun May 18 01:06:34 CEST 2014: 82: No solution found.
Sun May 18 01:06:34 CEST 2014: 83: finished (21ms, 500cycles)
Sun May 18 01:06:34 CEST 2014: 83: No solution found.
Sun May 18 01:06:34 CEST 2014: 84: finished (2ms, 17cycles)
Sun May 18 01:06:34 CEST 2014: 84: Solution found.
Sun May 18 01:06:34 CEST 2014: 85: finished (121ms, 500cycles)
Sun May 18 01:06:34 CEST 2014: 85: No solution found.
Sun May 18 01:06:34 CEST 2014: 86: finished (101ms, 500cycles)
Sun May 18 01:06:34 CEST 2014: 86: No solution found.
Sun May 18 01:06:34 CEST 2014: 87: finished (107ms, 500cycles)
Sun May 18 01:06:34 CEST 2014: 87: No solution found.
Sun May 18 01:06:34 CEST 2014: 88: finished (6ms, 22cycles)
Sun May 18 01:06:34 CEST 2014: 88: Solution found.
Sun May 18 01:06:34 CEST 2014: 89: finished (87ms, 500cycles)
Sun May 18 01:06:34 CEST 2014: 89: No solution found.
Sun May 18 01:06:34 CEST 2014: 90: finished (2ms, 28cycles)
Sun May 18 01:06:34 CEST 2014: 90: Solution found.
Sun May 18 01:06:34 CEST 2014: 91: finished (93ms, 500cycles)
Sun May 18 01:06:34 CEST 2014: 91: No solution found.
Sun May 18 01:06:35 CEST 2014: 92: finished (83ms, 500cycles)
Sun May 18 01:06:35 CEST 2014: 92: No solution found.
Sun May 18 01:06:35 CEST 2014: 93: finished (7ms, 39cycles)
Sun May 18 01:06:35 CEST 2014: 93: Solution found.
Sun May 18 01:06:35 CEST 2014: 94: finished (20ms, 500cycles)
Sun May 18 01:06:35 CEST 2014: 94: No solution found.
Sun May 18 01:06:35 CEST 2014: 95: finished (20ms, 167cycles)
Sun May 18 01:06:35 CEST 2014: 95: Solution found.
Sun May 18 01:06:35 CEST 2014: 96: finished (99ms, 500cycles)
Sun May 18 01:06:35 CEST 2014: 96: No solution found.
Sun May 18 01:06:35 CEST 2014: 97: finished (149ms, 470cycles)
Sun May 18 01:06:35 CEST 2014: 97: Solution found.
Sun May 18 01:06:35 CEST 2014: 98: finished (2ms, 20cycles)
Sun May 18 01:06:35 CEST 2014: 98: Solution found.
Sun May 18 01:06:35 CEST 2014: 99: finished (17ms, 500cycles)
Sun May 18 01:06:35 CEST 2014: 99: No solution found.
Sun May 18 01:06:35 CEST 2014: Solution Found: 30
Sun May 18 01:06:35 CEST 2014: Avg cycles: 100
Sun May 18 01:06:35 CEST 2014: Max cycles: 470
Sun May 18 01:06:35 CEST 2014: Min cycles: 6
Sun May 18 01:06:35 CEST 2014: No solution found: 70
Sun May 18 01:06:35 CEST 2014: logging finished. (runtime: 6213ms)
