Wed May 07 22:04:33 CEST 2014: Problem Count: 20
Wed May 07 22:04:33 CEST 2014: CandidatesCount: 40
Wed May 07 22:04:33 CEST 2014: Max Cycles: 500
Wed May 07 22:04:33 CEST 2014: 0: finished (1ms, 4cycles)
Wed May 07 22:04:33 CEST 2014: 0: Solution found.
Wed May 07 22:04:33 CEST 2014: 1: finished (8ms, 29cycles)
Wed May 07 22:04:33 CEST 2014: 1: Solution found.
Wed May 07 22:04:33 CEST 2014: 2: finished (86ms, 500cycles)
Wed May 07 22:04:33 CEST 2014: 2: No solution found.
Wed May 07 22:04:33 CEST 2014: 3: finished (114ms, 500cycles)
Wed May 07 22:04:33 CEST 2014: 3: No solution found.
Wed May 07 22:04:33 CEST 2014: 4: finished (78ms, 500cycles)
Wed May 07 22:04:33 CEST 2014: 4: No solution found.
Wed May 07 22:04:33 CEST 2014: 5: finished (52ms, 196cycles)
Wed May 07 22:04:33 CEST 2014: 5: Solution found.
Wed May 07 22:04:33 CEST 2014: 6: finished (247ms, 500cycles)
Wed May 07 22:04:33 CEST 2014: 6: No solution found.
Wed May 07 22:04:33 CEST 2014: 7: finished (260ms, 500cycles)
Wed May 07 22:04:33 CEST 2014: 7: No solution found.
Wed May 07 22:04:33 CEST 2014: 8: finished (5ms, 4cycles)
Wed May 07 22:04:33 CEST 2014: 8: Solution found.
Wed May 07 22:04:34 CEST 2014: 9: finished (253ms, 500cycles)
Wed May 07 22:04:34 CEST 2014: 9: No solution found.
Wed May 07 22:04:34 CEST 2014: 10: finished (144ms, 145cycles)
Wed May 07 22:04:34 CEST 2014: 10: Solution found.
Wed May 07 22:04:34 CEST 2014: 11: finished (36ms, 56cycles)
Wed May 07 22:04:34 CEST 2014: 11: Solution found.
Wed May 07 22:04:34 CEST 2014: 12: finished (36ms, 55cycles)
Wed May 07 22:04:34 CEST 2014: 12: Solution found.
Wed May 07 22:04:34 CEST 2014: 13: finished (253ms, 500cycles)
Wed May 07 22:04:34 CEST 2014: 13: No solution found.
Wed May 07 22:04:34 CEST 2014: 14: finished (13ms, 19cycles)
Wed May 07 22:04:34 CEST 2014: 14: Solution found.
Wed May 07 22:04:34 CEST 2014: 15: finished (251ms, 500cycles)
Wed May 07 22:04:34 CEST 2014: 15: No solution found.
Wed May 07 22:04:35 CEST 2014: 16: finished (303ms, 500cycles)
Wed May 07 22:04:35 CEST 2014: 16: No solution found.
Wed May 07 22:04:35 CEST 2014: 17: finished (54ms, 83cycles)
Wed May 07 22:04:35 CEST 2014: 17: Solution found.
Wed May 07 22:04:35 CEST 2014: 18: finished (409ms, 500cycles)
Wed May 07 22:04:35 CEST 2014: 18: No solution found.
Wed May 07 22:04:36 CEST 2014: 19: finished (451ms, 500cycles)
Wed May 07 22:04:36 CEST 2014: 19: No solution found.
Wed May 07 22:04:36 CEST 2014: 20: finished (355ms, 500cycles)
Wed May 07 22:04:36 CEST 2014: 20: No solution found.
Wed May 07 22:04:36 CEST 2014: 21: finished (226ms, 95cycles)
Wed May 07 22:04:36 CEST 2014: 21: Solution found.
Wed May 07 22:04:37 CEST 2014: 22: finished (329ms, 500cycles)
Wed May 07 22:04:37 CEST 2014: 22: No solution found.
Wed May 07 22:04:37 CEST 2014: 23: finished (132ms, 56cycles)
Wed May 07 22:04:37 CEST 2014: 23: Solution found.
Wed May 07 22:04:37 CEST 2014: 24: finished (26ms, 19cycles)
Wed May 07 22:04:37 CEST 2014: 24: Solution found.
Wed May 07 22:04:37 CEST 2014: 25: finished (369ms, 500cycles)
Wed May 07 22:04:37 CEST 2014: 25: No solution found.
Wed May 07 22:04:38 CEST 2014: 26: finished (421ms, 500cycles)
Wed May 07 22:04:38 CEST 2014: 26: No solution found.
Wed May 07 22:04:38 CEST 2014: 27: finished (50ms, 71cycles)
Wed May 07 22:04:38 CEST 2014: 27: Solution found.
Wed May 07 22:04:38 CEST 2014: 28: finished (22ms, 30cycles)
Wed May 07 22:04:38 CEST 2014: 28: Solution found.
Wed May 07 22:04:39 CEST 2014: 29: finished (1222ms, 500cycles)
Wed May 07 22:04:39 CEST 2014: 29: No solution found.
Wed May 07 22:04:39 CEST 2014: 30: finished (17ms, 26cycles)
Wed May 07 22:04:39 CEST 2014: 30: Solution found.
Wed May 07 22:04:39 CEST 2014: 31: finished (18ms, 27cycles)
Wed May 07 22:04:39 CEST 2014: 31: Solution found.
Wed May 07 22:04:39 CEST 2014: 32: finished (11ms, 18cycles)
Wed May 07 22:04:39 CEST 2014: 32: Solution found.
Wed May 07 22:04:39 CEST 2014: 33: finished (21ms, 24cycles)
Wed May 07 22:04:39 CEST 2014: 33: Solution found.
Wed May 07 22:04:39 CEST 2014: 34: finished (7ms, 10cycles)
Wed May 07 22:04:39 CEST 2014: 34: Solution found.
Wed May 07 22:04:39 CEST 2014: 35: finished (6ms, 8cycles)
Wed May 07 22:04:39 CEST 2014: 35: Solution found.
Wed May 07 22:04:39 CEST 2014: 36: finished (280ms, 500cycles)
Wed May 07 22:04:39 CEST 2014: 36: No solution found.
Wed May 07 22:04:39 CEST 2014: 37: finished (13ms, 19cycles)
Wed May 07 22:04:39 CEST 2014: 37: Solution found.
Wed May 07 22:04:39 CEST 2014: 38: finished (18ms, 33cycles)
Wed May 07 22:04:39 CEST 2014: 38: Solution found.
Wed May 07 22:04:39 CEST 2014: 39: finished (17ms, 27cycles)
Wed May 07 22:04:39 CEST 2014: 39: Solution found.
Wed May 07 22:04:39 CEST 2014: 40: finished (12ms, 12cycles)
Wed May 07 22:04:39 CEST 2014: 40: Solution found.
Wed May 07 22:04:40 CEST 2014: 41: finished (306ms, 500cycles)
Wed May 07 22:04:40 CEST 2014: 41: No solution found.
Wed May 07 22:04:40 CEST 2014: 42: finished (8ms, 7cycles)
Wed May 07 22:04:40 CEST 2014: 42: Solution found.
Wed May 07 22:04:40 CEST 2014: 43: finished (5ms, 22cycles)
Wed May 07 22:04:40 CEST 2014: 43: Solution found.
Wed May 07 22:04:40 CEST 2014: 44: finished (119ms, 500cycles)
Wed May 07 22:04:40 CEST 2014: 44: No solution found.
Wed May 07 22:04:40 CEST 2014: 45: finished (101ms, 500cycles)
Wed May 07 22:04:40 CEST 2014: 45: No solution found.
Wed May 07 22:04:40 CEST 2014: 46: finished (90ms, 500cycles)
Wed May 07 22:04:40 CEST 2014: 46: No solution found.
Wed May 07 22:04:40 CEST 2014: 47: finished (105ms, 500cycles)
Wed May 07 22:04:40 CEST 2014: 47: No solution found.
Wed May 07 22:04:40 CEST 2014: 48: finished (2ms, 8cycles)
Wed May 07 22:04:40 CEST 2014: 48: Solution found.
Wed May 07 22:04:40 CEST 2014: 49: finished (102ms, 500cycles)
Wed May 07 22:04:40 CEST 2014: 49: No solution found.
Wed May 07 22:04:40 CEST 2014: 50: finished (2ms, 14cycles)
Wed May 07 22:04:40 CEST 2014: 50: Solution found.
Wed May 07 22:04:40 CEST 2014: 51: finished (82ms, 500cycles)
Wed May 07 22:04:40 CEST 2014: 51: No solution found.
Wed May 07 22:04:40 CEST 2014: 52: finished (110ms, 500cycles)
Wed May 07 22:04:40 CEST 2014: 52: No solution found.
Wed May 07 22:04:40 CEST 2014: 53: finished (150ms, 500cycles)
Wed May 07 22:04:40 CEST 2014: 53: No solution found.
Wed May 07 22:04:40 CEST 2014: 54: finished (3ms, 13cycles)
Wed May 07 22:04:40 CEST 2014: 54: Solution found.
Wed May 07 22:04:41 CEST 2014: 55: finished (80ms, 500cycles)
Wed May 07 22:04:41 CEST 2014: 55: No solution found.
Wed May 07 22:04:41 CEST 2014: 56: finished (12ms, 33cycles)
Wed May 07 22:04:41 CEST 2014: 56: Solution found.
Wed May 07 22:04:41 CEST 2014: 57: finished (6ms, 26cycles)
Wed May 07 22:04:41 CEST 2014: 57: Solution found.
Wed May 07 22:04:41 CEST 2014: 58: finished (85ms, 500cycles)
Wed May 07 22:04:41 CEST 2014: 58: No solution found.
Wed May 07 22:04:41 CEST 2014: 59: finished (84ms, 500cycles)
Wed May 07 22:04:41 CEST 2014: 59: No solution found.
Wed May 07 22:04:41 CEST 2014: 60: finished (248ms, 500cycles)
Wed May 07 22:04:41 CEST 2014: 60: No solution found.
Wed May 07 22:04:41 CEST 2014: 61: finished (4ms, 15cycles)
Wed May 07 22:04:41 CEST 2014: 61: Solution found.
Wed May 07 22:04:41 CEST 2014: 62: finished (9ms, 46cycles)
Wed May 07 22:04:41 CEST 2014: 62: Solution found.
Wed May 07 22:04:41 CEST 2014: 63: finished (1ms, 7cycles)
Wed May 07 22:04:41 CEST 2014: 63: Solution found.
Wed May 07 22:04:41 CEST 2014: 64: finished (4ms, 14cycles)
Wed May 07 22:04:41 CEST 2014: 64: Solution found.
Wed May 07 22:04:41 CEST 2014: 65: finished (82ms, 500cycles)
Wed May 07 22:04:41 CEST 2014: 65: No solution found.
Wed May 07 22:04:41 CEST 2014: 66: finished (90ms, 500cycles)
Wed May 07 22:04:41 CEST 2014: 66: No solution found.
Wed May 07 22:04:41 CEST 2014: 67: finished (11ms, 58cycles)
Wed May 07 22:04:41 CEST 2014: 67: Solution found.
Wed May 07 22:04:41 CEST 2014: 68: finished (84ms, 500cycles)
Wed May 07 22:04:41 CEST 2014: 68: No solution found.
Wed May 07 22:04:41 CEST 2014: 69: finished (17ms, 79cycles)
Wed May 07 22:04:41 CEST 2014: 69: Solution found.
Wed May 07 22:04:41 CEST 2014: 70: finished (4ms, 16cycles)
Wed May 07 22:04:41 CEST 2014: 70: Solution found.
Wed May 07 22:04:41 CEST 2014: 71: finished (81ms, 500cycles)
Wed May 07 22:04:41 CEST 2014: 71: No solution found.
Wed May 07 22:04:41 CEST 2014: 72: finished (1ms, 3cycles)
Wed May 07 22:04:41 CEST 2014: 72: Solution found.
Wed May 07 22:04:41 CEST 2014: 73: finished (84ms, 500cycles)
Wed May 07 22:04:41 CEST 2014: 73: No solution found.
Wed May 07 22:04:42 CEST 2014: 74: finished (95ms, 500cycles)
Wed May 07 22:04:42 CEST 2014: 74: No solution found.
Wed May 07 22:04:42 CEST 2014: 75: finished (96ms, 500cycles)
Wed May 07 22:04:42 CEST 2014: 75: No solution found.
Wed May 07 22:04:42 CEST 2014: 76: finished (83ms, 500cycles)
Wed May 07 22:04:42 CEST 2014: 76: No solution found.
Wed May 07 22:04:42 CEST 2014: 77: finished (90ms, 500cycles)
Wed May 07 22:04:42 CEST 2014: 77: No solution found.
Wed May 07 22:04:42 CEST 2014: 78: finished (88ms, 500cycles)
Wed May 07 22:04:42 CEST 2014: 78: No solution found.
Wed May 07 22:04:42 CEST 2014: 79: finished (2ms, 8cycles)
Wed May 07 22:04:42 CEST 2014: 79: Solution found.
Wed May 07 22:04:42 CEST 2014: 80: finished (94ms, 500cycles)
Wed May 07 22:04:42 CEST 2014: 80: No solution found.
Wed May 07 22:04:42 CEST 2014: 81: finished (88ms, 500cycles)
Wed May 07 22:04:42 CEST 2014: 81: No solution found.
Wed May 07 22:04:42 CEST 2014: 82: finished (5ms, 24cycles)
Wed May 07 22:04:42 CEST 2014: 82: Solution found.
Wed May 07 22:04:42 CEST 2014: 83: finished (197ms, 261cycles)
Wed May 07 22:04:42 CEST 2014: 83: Solution found.
Wed May 07 22:04:42 CEST 2014: 84: finished (97ms, 500cycles)
Wed May 07 22:04:42 CEST 2014: 84: No solution found.
Wed May 07 22:04:42 CEST 2014: 85: finished (7ms, 16cycles)
Wed May 07 22:04:42 CEST 2014: 85: Solution found.
Wed May 07 22:04:43 CEST 2014: 86: finished (102ms, 500cycles)
Wed May 07 22:04:43 CEST 2014: 86: No solution found.
Wed May 07 22:04:43 CEST 2014: 87: finished (2ms, 8cycles)
Wed May 07 22:04:43 CEST 2014: 87: Solution found.
Wed May 07 22:04:43 CEST 2014: 88: finished (6ms, 30cycles)
Wed May 07 22:04:43 CEST 2014: 88: Solution found.
Wed May 07 22:04:43 CEST 2014: 89: finished (79ms, 500cycles)
Wed May 07 22:04:43 CEST 2014: 89: No solution found.
Wed May 07 22:04:43 CEST 2014: 90: finished (226ms, 500cycles)
Wed May 07 22:04:43 CEST 2014: 90: No solution found.
Wed May 07 22:04:43 CEST 2014: 91: finished (135ms, 500cycles)
Wed May 07 22:04:43 CEST 2014: 91: No solution found.
Wed May 07 22:04:43 CEST 2014: 92: finished (2ms, 9cycles)
Wed May 07 22:04:43 CEST 2014: 92: Solution found.
Wed May 07 22:04:43 CEST 2014: 93: finished (9ms, 42cycles)
Wed May 07 22:04:43 CEST 2014: 93: Solution found.
Wed May 07 22:04:43 CEST 2014: 94: finished (2ms, 11cycles)
Wed May 07 22:04:43 CEST 2014: 94: Solution found.
Wed May 07 22:04:43 CEST 2014: 95: finished (3ms, 13cycles)
Wed May 07 22:04:43 CEST 2014: 95: Solution found.
Wed May 07 22:04:43 CEST 2014: 96: finished (1ms, 2cycles)
Wed May 07 22:04:43 CEST 2014: 96: Solution found.
Wed May 07 22:04:43 CEST 2014: 97: finished (3ms, 13cycles)
Wed May 07 22:04:43 CEST 2014: 97: Solution found.
Wed May 07 22:04:43 CEST 2014: 98: finished (1ms, 6cycles)
Wed May 07 22:04:43 CEST 2014: 98: Solution found.
Wed May 07 22:04:43 CEST 2014: 99: finished (98ms, 500cycles)
Wed May 07 22:04:43 CEST 2014: 99: No solution found.
Wed May 07 22:04:43 CEST 2014: Solution Found: 52
Wed May 07 22:04:43 CEST 2014: Avg cycles: 35
Wed May 07 22:04:43 CEST 2014: Max cycles: 261
Wed May 07 22:04:43 CEST 2014: Min cycles: 2
Wed May 07 22:04:43 CEST 2014: No solution found: 48
Wed May 07 22:04:43 CEST 2014: logging finished. (runtime: 10451ms)
