Sun May 18 03:34:14 CEST 2014: Problem Count: 30
Sun May 18 03:34:14 CEST 2014: CandidatesCount: 50
Sun May 18 03:34:14 CEST 2014: Max Cycles: 500
Sun May 18 03:34:14 CEST 2014: 0: finished (167ms, 500cycles)
Sun May 18 03:34:14 CEST 2014: 0: No solution found.
Sun May 18 03:34:14 CEST 2014: 1: finished (6ms, 16cycles)
Sun May 18 03:34:14 CEST 2014: 1: Solution found.
Sun May 18 03:34:14 CEST 2014: 2: finished (29ms, 98cycles)
Sun May 18 03:34:14 CEST 2014: 2: Solution found.
Sun May 18 03:34:14 CEST 2014: 3: finished (11ms, 37cycles)
Sun May 18 03:34:14 CEST 2014: 3: Solution found.
Sun May 18 03:34:14 CEST 2014: 4: finished (1ms, 1cycles)
Sun May 18 03:34:14 CEST 2014: 4: Solution found.
Sun May 18 03:34:14 CEST 2014: 5: finished (24ms, 77cycles)
Sun May 18 03:34:14 CEST 2014: 5: Solution found.
Sun May 18 03:34:14 CEST 2014: 6: finished (17ms, 47cycles)
Sun May 18 03:34:14 CEST 2014: 6: Solution found.
Sun May 18 03:34:14 CEST 2014: 7: finished (146ms, 500cycles)
Sun May 18 03:34:14 CEST 2014: 7: No solution found.
Sun May 18 03:34:14 CEST 2014: 8: finished (4ms, 9cycles)
Sun May 18 03:34:14 CEST 2014: 8: Solution found.
Sun May 18 03:34:14 CEST 2014: 9: finished (6ms, 17cycles)
Sun May 18 03:34:14 CEST 2014: 9: Solution found.
Sun May 18 03:34:14 CEST 2014: 10: finished (12ms, 36cycles)
Sun May 18 03:34:14 CEST 2014: 10: Solution found.
Sun May 18 03:34:14 CEST 2014: 11: finished (9ms, 28cycles)
Sun May 18 03:34:14 CEST 2014: 11: Solution found.
Sun May 18 03:34:14 CEST 2014: 12: finished (149ms, 500cycles)
Sun May 18 03:34:14 CEST 2014: 12: No solution found.
Sun May 18 03:34:14 CEST 2014: 13: finished (5ms, 16cycles)
Sun May 18 03:34:14 CEST 2014: 13: Solution found.
Sun May 18 03:34:14 CEST 2014: 14: finished (5ms, 12cycles)
Sun May 18 03:34:14 CEST 2014: 14: Solution found.
Sun May 18 03:34:14 CEST 2014: 15: finished (3ms, 8cycles)
Sun May 18 03:34:14 CEST 2014: 15: Solution found.
Sun May 18 03:34:14 CEST 2014: 16: finished (8ms, 20cycles)
Sun May 18 03:34:14 CEST 2014: 16: Solution found.
Sun May 18 03:34:14 CEST 2014: 17: finished (1ms, 1cycles)
Sun May 18 03:34:14 CEST 2014: 17: Solution found.
Sun May 18 03:34:14 CEST 2014: 18: finished (145ms, 500cycles)
Sun May 18 03:34:14 CEST 2014: 18: No solution found.
Sun May 18 03:34:15 CEST 2014: 19: finished (141ms, 500cycles)
Sun May 18 03:34:15 CEST 2014: 19: No solution found.
Sun May 18 03:34:15 CEST 2014: 20: finished (157ms, 500cycles)
Sun May 18 03:34:15 CEST 2014: 20: No solution found.
Sun May 18 03:34:15 CEST 2014: 21: finished (5ms, 12cycles)
Sun May 18 03:34:15 CEST 2014: 21: Solution found.
Sun May 18 03:34:15 CEST 2014: 22: finished (146ms, 500cycles)
Sun May 18 03:34:15 CEST 2014: 22: No solution found.
Sun May 18 03:34:15 CEST 2014: 23: finished (142ms, 500cycles)
Sun May 18 03:34:15 CEST 2014: 23: No solution found.
Sun May 18 03:34:15 CEST 2014: 24: finished (9ms, 25cycles)
Sun May 18 03:34:15 CEST 2014: 24: Solution found.
Sun May 18 03:34:15 CEST 2014: 25: finished (139ms, 500cycles)
Sun May 18 03:34:15 CEST 2014: 25: No solution found.
Sun May 18 03:34:15 CEST 2014: 26: finished (137ms, 500cycles)
Sun May 18 03:34:15 CEST 2014: 26: No solution found.
Sun May 18 03:34:15 CEST 2014: 27: finished (144ms, 500cycles)
Sun May 18 03:34:15 CEST 2014: 27: No solution found.
Sun May 18 03:34:16 CEST 2014: 28: finished (151ms, 500cycles)
Sun May 18 03:34:16 CEST 2014: 28: No solution found.
Sun May 18 03:34:16 CEST 2014: 29: finished (9ms, 22cycles)
Sun May 18 03:34:16 CEST 2014: 29: Solution found.
Sun May 18 03:34:16 CEST 2014: 30: finished (177ms, 500cycles)
Sun May 18 03:34:16 CEST 2014: 30: No solution found.
Sun May 18 03:34:16 CEST 2014: 31: finished (179ms, 500cycles)
Sun May 18 03:34:16 CEST 2014: 31: No solution found.
Sun May 18 03:34:16 CEST 2014: 32: finished (15ms, 44cycles)
Sun May 18 03:34:16 CEST 2014: 32: Solution found.
Sun May 18 03:34:16 CEST 2014: 33: finished (140ms, 500cycles)
Sun May 18 03:34:16 CEST 2014: 33: No solution found.
Sun May 18 03:34:16 CEST 2014: 34: finished (143ms, 500cycles)
Sun May 18 03:34:16 CEST 2014: 34: No solution found.
Sun May 18 03:34:16 CEST 2014: 35: finished (10ms, 26cycles)
Sun May 18 03:34:16 CEST 2014: 35: Solution found.
Sun May 18 03:34:16 CEST 2014: 36: finished (139ms, 500cycles)
Sun May 18 03:34:16 CEST 2014: 36: No solution found.
Sun May 18 03:34:16 CEST 2014: 37: finished (3ms, 6cycles)
Sun May 18 03:34:16 CEST 2014: 37: Solution found.
Sun May 18 03:34:16 CEST 2014: 38: finished (50ms, 136cycles)
Sun May 18 03:34:16 CEST 2014: 38: Solution found.
Sun May 18 03:34:17 CEST 2014: 39: finished (141ms, 500cycles)
Sun May 18 03:34:17 CEST 2014: 39: No solution found.
Sun May 18 03:34:17 CEST 2014: 40: finished (160ms, 500cycles)
Sun May 18 03:34:17 CEST 2014: 40: No solution found.
Sun May 18 03:34:17 CEST 2014: 41: finished (19ms, 59cycles)
Sun May 18 03:34:17 CEST 2014: 41: Solution found.
Sun May 18 03:34:17 CEST 2014: 42: finished (154ms, 500cycles)
Sun May 18 03:34:17 CEST 2014: 42: No solution found.
Sun May 18 03:34:17 CEST 2014: 43: finished (147ms, 500cycles)
Sun May 18 03:34:17 CEST 2014: 43: No solution found.
Sun May 18 03:34:17 CEST 2014: 44: finished (3ms, 9cycles)
Sun May 18 03:34:17 CEST 2014: 44: Solution found.
Sun May 18 03:34:17 CEST 2014: 45: finished (14ms, 43cycles)
Sun May 18 03:34:17 CEST 2014: 45: Solution found.
Sun May 18 03:34:17 CEST 2014: 46: finished (21ms, 70cycles)
Sun May 18 03:34:17 CEST 2014: 46: Solution found.
Sun May 18 03:34:17 CEST 2014: 47: finished (163ms, 500cycles)
Sun May 18 03:34:17 CEST 2014: 47: No solution found.
Sun May 18 03:34:17 CEST 2014: 48: finished (151ms, 500cycles)
Sun May 18 03:34:17 CEST 2014: 48: No solution found.
Sun May 18 03:34:18 CEST 2014: 49: finished (148ms, 500cycles)
Sun May 18 03:34:18 CEST 2014: 49: No solution found.
Sun May 18 03:34:18 CEST 2014: 50: finished (192ms, 500cycles)
Sun May 18 03:34:18 CEST 2014: 50: No solution found.
Sun May 18 03:34:18 CEST 2014: 51: finished (8ms, 23cycles)
Sun May 18 03:34:18 CEST 2014: 51: Solution found.
Sun May 18 03:34:18 CEST 2014: 52: finished (157ms, 500cycles)
Sun May 18 03:34:18 CEST 2014: 52: No solution found.
Sun May 18 03:34:18 CEST 2014: 53: finished (6ms, 17cycles)
Sun May 18 03:34:18 CEST 2014: 53: Solution found.
Sun May 18 03:34:18 CEST 2014: 54: finished (164ms, 500cycles)
Sun May 18 03:34:18 CEST 2014: 54: No solution found.
Sun May 18 03:34:18 CEST 2014: 55: finished (157ms, 500cycles)
Sun May 18 03:34:18 CEST 2014: 55: No solution found.
Sun May 18 03:34:18 CEST 2014: 56: finished (154ms, 500cycles)
Sun May 18 03:34:18 CEST 2014: 56: No solution found.
Sun May 18 03:34:19 CEST 2014: 57: finished (160ms, 500cycles)
Sun May 18 03:34:19 CEST 2014: 57: No solution found.
Sun May 18 03:34:19 CEST 2014: 58: finished (3ms, 6cycles)
Sun May 18 03:34:19 CEST 2014: 58: Solution found.
Sun May 18 03:34:19 CEST 2014: 59: finished (5ms, 16cycles)
Sun May 18 03:34:19 CEST 2014: 59: Solution found.
Sun May 18 03:34:19 CEST 2014: 60: finished (155ms, 500cycles)
Sun May 18 03:34:19 CEST 2014: 60: No solution found.
Sun May 18 03:34:19 CEST 2014: 61: finished (184ms, 500cycles)
Sun May 18 03:34:19 CEST 2014: 61: No solution found.
Sun May 18 03:34:19 CEST 2014: 62: finished (14ms, 39cycles)
Sun May 18 03:34:19 CEST 2014: 62: Solution found.
Sun May 18 03:34:19 CEST 2014: 63: finished (34ms, 75cycles)
Sun May 18 03:34:19 CEST 2014: 63: Solution found.
Sun May 18 03:34:19 CEST 2014: 64: finished (8ms, 25cycles)
Sun May 18 03:34:19 CEST 2014: 64: Solution found.
Sun May 18 03:34:19 CEST 2014: 65: finished (4ms, 11cycles)
Sun May 18 03:34:19 CEST 2014: 65: Solution found.
Sun May 18 03:34:19 CEST 2014: 66: finished (4ms, 14cycles)
Sun May 18 03:34:19 CEST 2014: 66: Solution found.
Sun May 18 03:34:19 CEST 2014: 67: finished (3ms, 5cycles)
Sun May 18 03:34:19 CEST 2014: 67: Solution found.
Sun May 18 03:34:19 CEST 2014: 68: finished (431ms, 500cycles)
Sun May 18 03:34:19 CEST 2014: 68: No solution found.
Sun May 18 03:34:19 CEST 2014: 69: finished (11ms, 31cycles)
Sun May 18 03:34:19 CEST 2014: 69: Solution found.
Sun May 18 03:34:19 CEST 2014: 70: finished (3ms, 7cycles)
Sun May 18 03:34:19 CEST 2014: 70: Solution found.
Sun May 18 03:34:19 CEST 2014: 71: finished (5ms, 13cycles)
Sun May 18 03:34:19 CEST 2014: 71: Solution found.
Sun May 18 03:34:20 CEST 2014: 72: finished (155ms, 500cycles)
Sun May 18 03:34:20 CEST 2014: 72: No solution found.
Sun May 18 03:34:20 CEST 2014: 73: finished (5ms, 14cycles)
Sun May 18 03:34:20 CEST 2014: 73: Solution found.
Sun May 18 03:34:20 CEST 2014: 74: finished (10ms, 28cycles)
Sun May 18 03:34:20 CEST 2014: 74: Solution found.
Sun May 18 03:34:20 CEST 2014: 75: finished (6ms, 16cycles)
Sun May 18 03:34:20 CEST 2014: 75: Solution found.
Sun May 18 03:34:20 CEST 2014: 76: finished (161ms, 500cycles)
Sun May 18 03:34:20 CEST 2014: 76: No solution found.
Sun May 18 03:34:20 CEST 2014: 77: finished (13ms, 34cycles)
Sun May 18 03:34:20 CEST 2014: 77: Solution found.
Sun May 18 03:34:20 CEST 2014: 78: finished (191ms, 500cycles)
Sun May 18 03:34:20 CEST 2014: 78: No solution found.
Sun May 18 03:34:20 CEST 2014: 79: finished (141ms, 500cycles)
Sun May 18 03:34:20 CEST 2014: 79: No solution found.
Sun May 18 03:34:20 CEST 2014: 80: finished (4ms, 11cycles)
Sun May 18 03:34:20 CEST 2014: 80: Solution found.
Sun May 18 03:34:20 CEST 2014: 81: finished (13ms, 37cycles)
Sun May 18 03:34:20 CEST 2014: 81: Solution found.
Sun May 18 03:34:20 CEST 2014: 82: finished (9ms, 26cycles)
Sun May 18 03:34:20 CEST 2014: 82: Solution found.
Sun May 18 03:34:20 CEST 2014: 83: finished (11ms, 34cycles)
Sun May 18 03:34:20 CEST 2014: 83: Solution found.
Sun May 18 03:34:20 CEST 2014: 84: finished (4ms, 14cycles)
Sun May 18 03:34:20 CEST 2014: 84: Solution found.
Sun May 18 03:34:20 CEST 2014: 85: finished (9ms, 26cycles)
Sun May 18 03:34:20 CEST 2014: 85: Solution found.
Sun May 18 03:34:20 CEST 2014: 86: finished (9ms, 25cycles)
Sun May 18 03:34:20 CEST 2014: 86: Solution found.
Sun May 18 03:34:20 CEST 2014: 87: finished (4ms, 8cycles)
Sun May 18 03:34:20 CEST 2014: 87: Solution found.
Sun May 18 03:34:20 CEST 2014: 88: finished (3ms, 7cycles)
Sun May 18 03:34:20 CEST 2014: 88: Solution found.
Sun May 18 03:34:20 CEST 2014: 89: finished (26ms, 87cycles)
Sun May 18 03:34:20 CEST 2014: 89: Solution found.
Sun May 18 03:34:20 CEST 2014: 90: finished (2ms, 5cycles)
Sun May 18 03:34:20 CEST 2014: 90: Solution found.
Sun May 18 03:34:20 CEST 2014: 91: finished (17ms, 29cycles)
Sun May 18 03:34:20 CEST 2014: 91: Solution found.
Sun May 18 03:34:20 CEST 2014: 92: finished (26ms, 74cycles)
Sun May 18 03:34:20 CEST 2014: 92: Solution found.
Sun May 18 03:34:20 CEST 2014: 93: finished (134ms, 500cycles)
Sun May 18 03:34:20 CEST 2014: 93: No solution found.
Sun May 18 03:34:20 CEST 2014: 94: finished (14ms, 45cycles)
Sun May 18 03:34:20 CEST 2014: 94: Solution found.
Sun May 18 03:34:20 CEST 2014: 95: finished (20ms, 58cycles)
Sun May 18 03:34:20 CEST 2014: 95: Solution found.
Sun May 18 03:34:20 CEST 2014: 96: finished (4ms, 12cycles)
Sun May 18 03:34:20 CEST 2014: 96: Solution found.
Sun May 18 03:34:21 CEST 2014: 97: finished (153ms, 500cycles)
Sun May 18 03:34:21 CEST 2014: 97: No solution found.
Sun May 18 03:34:21 CEST 2014: 98: finished (424ms, 500cycles)
Sun May 18 03:34:21 CEST 2014: 98: No solution found.
Sun May 18 03:34:21 CEST 2014: 99: finished (2ms, 5cycles)
Sun May 18 03:34:21 CEST 2014: 99: Solution found.
Sun May 18 03:34:21 CEST 2014: Solution Found: 60
Sun May 18 03:34:21 CEST 2014: Avg cycles: 29
Sun May 18 03:34:21 CEST 2014: Max cycles: 136
Sun May 18 03:34:21 CEST 2014: Min cycles: 1
Sun May 18 03:34:21 CEST 2014: No solution found: 40
Sun May 18 03:34:21 CEST 2014: logging finished. (runtime: 7351ms)
