Tue May 06 14:01:58 CEST 2014: Problem Count: 50
Tue May 06 14:01:58 CEST 2014: CandidatesCount: 50
Tue May 06 14:01:58 CEST 2014: Max Cycles: 500
Tue May 06 14:01:58 CEST 2014: 0: finished (35ms, 62cycles)
Tue May 06 14:01:58 CEST 2014: 0: Solution found.
Tue May 06 14:01:58 CEST 2014: 1: finished (268ms, 500cycles)
Tue May 06 14:01:58 CEST 2014: 1: No solution found.
Tue May 06 14:01:58 CEST 2014: 2: finished (9ms, 12cycles)
Tue May 06 14:01:58 CEST 2014: 2: Solution found.
Tue May 06 14:01:58 CEST 2014: 3: finished (18ms, 29cycles)
Tue May 06 14:01:58 CEST 2014: 3: Solution found.
Tue May 06 14:01:58 CEST 2014: 4: finished (4ms, 6cycles)
Tue May 06 14:01:58 CEST 2014: 4: Solution found.
Tue May 06 14:01:58 CEST 2014: 5: finished (275ms, 500cycles)
Tue May 06 14:01:58 CEST 2014: 5: No solution found.
Tue May 06 14:01:58 CEST 2014: 6: finished (17ms, 27cycles)
Tue May 06 14:01:58 CEST 2014: 6: Solution found.
Tue May 06 14:01:58 CEST 2014: 7: finished (10ms, 15cycles)
Tue May 06 14:01:58 CEST 2014: 7: Solution found.
Tue May 06 14:01:59 CEST 2014: 8: finished (291ms, 500cycles)
Tue May 06 14:01:59 CEST 2014: 8: No solution found.
Tue May 06 14:01:59 CEST 2014: 9: finished (9ms, 13cycles)
Tue May 06 14:01:59 CEST 2014: 9: Solution found.
Tue May 06 14:01:59 CEST 2014: 10: finished (21ms, 35cycles)
Tue May 06 14:01:59 CEST 2014: 10: Solution found.
Tue May 06 14:01:59 CEST 2014: 11: finished (8ms, 14cycles)
Tue May 06 14:01:59 CEST 2014: 11: Solution found.
Tue May 06 14:01:59 CEST 2014: 12: finished (307ms, 500cycles)
Tue May 06 14:01:59 CEST 2014: 12: No solution found.
Tue May 06 14:01:59 CEST 2014: 13: finished (7ms, 11cycles)
Tue May 06 14:01:59 CEST 2014: 13: Solution found.
Tue May 06 14:01:59 CEST 2014: 14: finished (16ms, 27cycles)
Tue May 06 14:01:59 CEST 2014: 14: Solution found.
Tue May 06 14:01:59 CEST 2014: 15: finished (14ms, 24cycles)
Tue May 06 14:01:59 CEST 2014: 15: Solution found.
Tue May 06 14:01:59 CEST 2014: 16: finished (4ms, 5cycles)
Tue May 06 14:01:59 CEST 2014: 16: Solution found.
Tue May 06 14:01:59 CEST 2014: 17: finished (268ms, 500cycles)
Tue May 06 14:01:59 CEST 2014: 17: No solution found.
Tue May 06 14:02:00 CEST 2014: 18: finished (270ms, 500cycles)
Tue May 06 14:02:00 CEST 2014: 18: No solution found.
Tue May 06 14:02:00 CEST 2014: 19: finished (277ms, 500cycles)
Tue May 06 14:02:00 CEST 2014: 19: No solution found.
Tue May 06 14:02:00 CEST 2014: 20: finished (276ms, 500cycles)
Tue May 06 14:02:00 CEST 2014: 20: No solution found.
Tue May 06 14:02:00 CEST 2014: 21: finished (7ms, 10cycles)
Tue May 06 14:02:00 CEST 2014: 21: Solution found.
Tue May 06 14:02:00 CEST 2014: 22: finished (279ms, 500cycles)
Tue May 06 14:02:00 CEST 2014: 22: No solution found.
Tue May 06 14:02:01 CEST 2014: 23: finished (305ms, 500cycles)
Tue May 06 14:02:01 CEST 2014: 23: No solution found.
Tue May 06 14:02:01 CEST 2014: 24: finished (312ms, 500cycles)
Tue May 06 14:02:01 CEST 2014: 24: No solution found.
Tue May 06 14:02:01 CEST 2014: 25: finished (304ms, 500cycles)
Tue May 06 14:02:01 CEST 2014: 25: No solution found.
Tue May 06 14:02:02 CEST 2014: 26: finished (289ms, 500cycles)
Tue May 06 14:02:02 CEST 2014: 26: No solution found.
Tue May 06 14:02:02 CEST 2014: 27: finished (60ms, 101cycles)
Tue May 06 14:02:02 CEST 2014: 27: Solution found.
Tue May 06 14:02:02 CEST 2014: 28: finished (19ms, 29cycles)
Tue May 06 14:02:02 CEST 2014: 28: Solution found.
Tue May 06 14:02:02 CEST 2014: 29: finished (286ms, 500cycles)
Tue May 06 14:02:02 CEST 2014: 29: No solution found.
Tue May 06 14:02:02 CEST 2014: 30: finished (15ms, 20cycles)
Tue May 06 14:02:02 CEST 2014: 30: Solution found.
Tue May 06 14:02:02 CEST 2014: 31: finished (3ms, 3cycles)
Tue May 06 14:02:02 CEST 2014: 31: Solution found.
Tue May 06 14:02:02 CEST 2014: 32: finished (17ms, 28cycles)
Tue May 06 14:02:02 CEST 2014: 32: Solution found.
Tue May 06 14:02:02 CEST 2014: 33: finished (5ms, 8cycles)
Tue May 06 14:02:02 CEST 2014: 33: Solution found.
Tue May 06 14:02:02 CEST 2014: 34: finished (3ms, 4cycles)
Tue May 06 14:02:02 CEST 2014: 34: Solution found.
Tue May 06 14:02:02 CEST 2014: 35: finished (18ms, 28cycles)
Tue May 06 14:02:02 CEST 2014: 35: Solution found.
Tue May 06 14:02:02 CEST 2014: 36: finished (291ms, 500cycles)
Tue May 06 14:02:02 CEST 2014: 36: No solution found.
Tue May 06 14:02:02 CEST 2014: 37: finished (13ms, 14cycles)
Tue May 06 14:02:02 CEST 2014: 37: Solution found.
Tue May 06 14:02:02 CEST 2014: 38: finished (15ms, 24cycles)
Tue May 06 14:02:02 CEST 2014: 38: Solution found.
Tue May 06 14:02:02 CEST 2014: 39: finished (27ms, 39cycles)
Tue May 06 14:02:02 CEST 2014: 39: Solution found.
Tue May 06 14:02:03 CEST 2014: 40: finished (316ms, 500cycles)
Tue May 06 14:02:03 CEST 2014: 40: No solution found.
Tue May 06 14:02:03 CEST 2014: 41: finished (19ms, 28cycles)
Tue May 06 14:02:03 CEST 2014: 41: Solution found.
Tue May 06 14:02:03 CEST 2014: 42: finished (9ms, 14cycles)
Tue May 06 14:02:03 CEST 2014: 42: Solution found.
Tue May 06 14:02:03 CEST 2014: 43: finished (291ms, 500cycles)
Tue May 06 14:02:03 CEST 2014: 43: No solution found.
Tue May 06 14:02:03 CEST 2014: 44: finished (4ms, 4cycles)
Tue May 06 14:02:03 CEST 2014: 44: Solution found.
Tue May 06 14:02:03 CEST 2014: 45: finished (29ms, 51cycles)
Tue May 06 14:02:03 CEST 2014: 45: Solution found.
Tue May 06 14:02:03 CEST 2014: 46: finished (6ms, 10cycles)
Tue May 06 14:02:03 CEST 2014: 46: Solution found.
Tue May 06 14:02:03 CEST 2014: 47: finished (8ms, 10cycles)
Tue May 06 14:02:03 CEST 2014: 47: Solution found.
Tue May 06 14:02:03 CEST 2014: 48: finished (278ms, 500cycles)
Tue May 06 14:02:03 CEST 2014: 48: No solution found.
Tue May 06 14:02:04 CEST 2014: 49: finished (291ms, 500cycles)
Tue May 06 14:02:04 CEST 2014: 49: No solution found.
Tue May 06 14:02:04 CEST 2014: 50: finished (44ms, 56cycles)
Tue May 06 14:02:04 CEST 2014: 50: Solution found.
Tue May 06 14:02:04 CEST 2014: 51: finished (290ms, 500cycles)
Tue May 06 14:02:04 CEST 2014: 51: No solution found.
Tue May 06 14:02:04 CEST 2014: 52: finished (5ms, 4cycles)
Tue May 06 14:02:04 CEST 2014: 52: Solution found.
Tue May 06 14:02:04 CEST 2014: 53: finished (14ms, 22cycles)
Tue May 06 14:02:04 CEST 2014: 53: Solution found.
Tue May 06 14:02:04 CEST 2014: 54: finished (7ms, 11cycles)
Tue May 06 14:02:04 CEST 2014: 54: Solution found.
Tue May 06 14:02:04 CEST 2014: 55: finished (31ms, 56cycles)
Tue May 06 14:02:04 CEST 2014: 55: Solution found.
Tue May 06 14:02:04 CEST 2014: 56: finished (34ms, 48cycles)
Tue May 06 14:02:04 CEST 2014: 56: Solution found.
Tue May 06 14:02:04 CEST 2014: 57: finished (8ms, 12cycles)
Tue May 06 14:02:04 CEST 2014: 57: Solution found.
Tue May 06 14:02:04 CEST 2014: 58: finished (305ms, 500cycles)
Tue May 06 14:02:04 CEST 2014: 58: No solution found.
Tue May 06 14:02:05 CEST 2014: 59: finished (301ms, 500cycles)
Tue May 06 14:02:05 CEST 2014: 59: No solution found.
Tue May 06 14:02:05 CEST 2014: 60: finished (3ms, 4cycles)
Tue May 06 14:02:05 CEST 2014: 60: Solution found.
Tue May 06 14:02:05 CEST 2014: 61: finished (295ms, 500cycles)
Tue May 06 14:02:05 CEST 2014: 61: No solution found.
Tue May 06 14:02:05 CEST 2014: 62: finished (302ms, 500cycles)
Tue May 06 14:02:05 CEST 2014: 62: No solution found.
Tue May 06 14:02:05 CEST 2014: 63: finished (29ms, 47cycles)
Tue May 06 14:02:05 CEST 2014: 63: Solution found.
Tue May 06 14:02:05 CEST 2014: 64: finished (13ms, 20cycles)
Tue May 06 14:02:05 CEST 2014: 64: Solution found.
Tue May 06 14:02:06 CEST 2014: 65: finished (297ms, 500cycles)
Tue May 06 14:02:06 CEST 2014: 65: No solution found.
Tue May 06 14:02:06 CEST 2014: 66: finished (10ms, 15cycles)
Tue May 06 14:02:06 CEST 2014: 66: Solution found.
Tue May 06 14:02:06 CEST 2014: 67: finished (30ms, 46cycles)
Tue May 06 14:02:06 CEST 2014: 67: Solution found.
Tue May 06 14:02:06 CEST 2014: 68: finished (301ms, 500cycles)
Tue May 06 14:02:06 CEST 2014: 68: No solution found.
Tue May 06 14:02:06 CEST 2014: 69: finished (276ms, 500cycles)
Tue May 06 14:02:06 CEST 2014: 69: No solution found.
Tue May 06 14:02:06 CEST 2014: 70: finished (19ms, 21cycles)
Tue May 06 14:02:06 CEST 2014: 70: Solution found.
Tue May 06 14:02:06 CEST 2014: 71: finished (29ms, 47cycles)
Tue May 06 14:02:06 CEST 2014: 71: Solution found.
Tue May 06 14:02:07 CEST 2014: 72: finished (318ms, 500cycles)
Tue May 06 14:02:07 CEST 2014: 72: No solution found.
Tue May 06 14:02:07 CEST 2014: 73: finished (298ms, 500cycles)
Tue May 06 14:02:07 CEST 2014: 73: No solution found.
Tue May 06 14:02:07 CEST 2014: 74: finished (11ms, 18cycles)
Tue May 06 14:02:07 CEST 2014: 74: Solution found.
Tue May 06 14:02:07 CEST 2014: 75: finished (9ms, 13cycles)
Tue May 06 14:02:07 CEST 2014: 75: Solution found.
Tue May 06 14:02:07 CEST 2014: 76: finished (17ms, 27cycles)
Tue May 06 14:02:07 CEST 2014: 76: Solution found.
Tue May 06 14:02:07 CEST 2014: 77: finished (14ms, 22cycles)
Tue May 06 14:02:07 CEST 2014: 77: Solution found.
Tue May 06 14:02:07 CEST 2014: 78: finished (15ms, 24cycles)
Tue May 06 14:02:07 CEST 2014: 78: Solution found.
Tue May 06 14:02:07 CEST 2014: 79: finished (12ms, 21cycles)
Tue May 06 14:02:07 CEST 2014: 79: Solution found.
Tue May 06 14:02:07 CEST 2014: 80: finished (275ms, 500cycles)
Tue May 06 14:02:07 CEST 2014: 80: No solution found.
Tue May 06 14:02:08 CEST 2014: 81: finished (301ms, 500cycles)
Tue May 06 14:02:08 CEST 2014: 81: No solution found.
Tue May 06 14:02:08 CEST 2014: 82: finished (267ms, 500cycles)
Tue May 06 14:02:08 CEST 2014: 82: No solution found.
Tue May 06 14:02:08 CEST 2014: 83: finished (20ms, 29cycles)
Tue May 06 14:02:08 CEST 2014: 83: Solution found.
Tue May 06 14:02:08 CEST 2014: 84: finished (9ms, 14cycles)
Tue May 06 14:02:08 CEST 2014: 84: Solution found.
Tue May 06 14:02:08 CEST 2014: 85: finished (289ms, 500cycles)
Tue May 06 14:02:08 CEST 2014: 85: No solution found.
Tue May 06 14:02:09 CEST 2014: 86: finished (310ms, 500cycles)
Tue May 06 14:02:09 CEST 2014: 86: No solution found.
Tue May 06 14:02:09 CEST 2014: 87: finished (10ms, 15cycles)
Tue May 06 14:02:09 CEST 2014: 87: Solution found.
Tue May 06 14:02:09 CEST 2014: 88: finished (283ms, 500cycles)
Tue May 06 14:02:09 CEST 2014: 88: No solution found.
Tue May 06 14:02:09 CEST 2014: 89: finished (265ms, 500cycles)
Tue May 06 14:02:09 CEST 2014: 89: No solution found.
Tue May 06 14:02:09 CEST 2014: 90: finished (25ms, 26cycles)
Tue May 06 14:02:09 CEST 2014: 90: Solution found.
Tue May 06 14:02:09 CEST 2014: 91: finished (278ms, 500cycles)
Tue May 06 14:02:09 CEST 2014: 91: No solution found.
Tue May 06 14:02:10 CEST 2014: 92: finished (289ms, 500cycles)
Tue May 06 14:02:10 CEST 2014: 92: No solution found.
Tue May 06 14:02:10 CEST 2014: 93: finished (321ms, 500cycles)
Tue May 06 14:02:10 CEST 2014: 93: No solution found.
Tue May 06 14:02:10 CEST 2014: 94: finished (318ms, 500cycles)
Tue May 06 14:02:10 CEST 2014: 94: No solution found.
Tue May 06 14:02:10 CEST 2014: 95: finished (9ms, 14cycles)
Tue May 06 14:02:10 CEST 2014: 95: Solution found.
Tue May 06 14:02:10 CEST 2014: 96: finished (121ms, 189cycles)
Tue May 06 14:02:10 CEST 2014: 96: Solution found.
Tue May 06 14:02:11 CEST 2014: 97: finished (42ms, 70cycles)
Tue May 06 14:02:11 CEST 2014: 97: Solution found.
Tue May 06 14:02:11 CEST 2014: 98: finished (22ms, 33cycles)
Tue May 06 14:02:11 CEST 2014: 98: Solution found.
Tue May 06 14:02:11 CEST 2014: 99: finished (4ms, 5cycles)
Tue May 06 14:02:11 CEST 2014: 99: Solution found.
Tue May 06 14:02:11 CEST 2014: Solution Found: 60
Tue May 06 14:02:11 CEST 2014: Avg cycles: 27
Tue May 06 14:02:11 CEST 2014: Max cycles: 189
Tue May 06 14:02:11 CEST 2014: Min cycles: 3
Tue May 06 14:02:11 CEST 2014: No solution found: 40
Tue May 06 14:02:11 CEST 2014: logging finished. (runtime: 12735ms)
