Sat May 17 23:57:52 CEST 2014: Problem Count: 10
Sat May 17 23:57:52 CEST 2014: CandidatesCount: 40
Sat May 17 23:57:52 CEST 2014: Max Cycles: 500
Sat May 17 23:57:52 CEST 2014: 0: finished (265ms, 500cycles)
Sat May 17 23:57:52 CEST 2014: 0: No solution found.
Sat May 17 23:57:52 CEST 2014: 1: finished (209ms, 500cycles)
Sat May 17 23:57:52 CEST 2014: 1: No solution found.
Sat May 17 23:57:52 CEST 2014: 2: finished (185ms, 500cycles)
Sat May 17 23:57:52 CEST 2014: 2: No solution found.
Sat May 17 23:57:52 CEST 2014: 3: finished (39ms, 500cycles)
Sat May 17 23:57:52 CEST 2014: 3: No solution found.
Sat May 17 23:57:52 CEST 2014: 4: finished (24ms, 53cycles)
Sat May 17 23:57:52 CEST 2014: 4: Solution found.
Sat May 17 23:57:53 CEST 2014: 5: finished (424ms, 500cycles)
Sat May 17 23:57:53 CEST 2014: 5: No solution found.
Sat May 17 23:57:53 CEST 2014: 6: finished (7ms, 56cycles)
Sat May 17 23:57:53 CEST 2014: 6: Solution found.
Sat May 17 23:57:53 CEST 2014: 7: finished (343ms, 500cycles)
Sat May 17 23:57:53 CEST 2014: 7: No solution found.
Sat May 17 23:57:53 CEST 2014: 8: finished (244ms, 500cycles)
Sat May 17 23:57:53 CEST 2014: 8: No solution found.
Sat May 17 23:57:53 CEST 2014: 9: finished (1ms, 5cycles)
Sat May 17 23:57:53 CEST 2014: 9: Solution found.
Sat May 17 23:57:54 CEST 2014: 10: finished (282ms, 500cycles)
Sat May 17 23:57:54 CEST 2014: 10: No solution found.
Sat May 17 23:57:54 CEST 2014: 11: finished (181ms, 500cycles)
Sat May 17 23:57:54 CEST 2014: 11: No solution found.
Sat May 17 23:57:54 CEST 2014: 12: finished (2ms, 10cycles)
Sat May 17 23:57:54 CEST 2014: 12: Solution found.
Sat May 17 23:57:54 CEST 2014: 13: finished (112ms, 500cycles)
Sat May 17 23:57:54 CEST 2014: 13: No solution found.
Sat May 17 23:57:54 CEST 2014: 14: finished (4ms, 12cycles)
Sat May 17 23:57:54 CEST 2014: 14: Solution found.
Sat May 17 23:57:54 CEST 2014: 15: finished (175ms, 500cycles)
Sat May 17 23:57:54 CEST 2014: 15: No solution found.
Sat May 17 23:57:54 CEST 2014: 16: finished (80ms, 98cycles)
Sat May 17 23:57:54 CEST 2014: 16: Solution found.
Sat May 17 23:57:54 CEST 2014: 17: finished (2ms, 12cycles)
Sat May 17 23:57:54 CEST 2014: 17: Solution found.
Sat May 17 23:57:54 CEST 2014: 18: finished (44ms, 500cycles)
Sat May 17 23:57:54 CEST 2014: 18: No solution found.
Sat May 17 23:57:54 CEST 2014: 19: finished (8ms, 27cycles)
Sat May 17 23:57:54 CEST 2014: 19: Solution found.
Sat May 17 23:57:54 CEST 2014: 20: finished (1ms, 4cycles)
Sat May 17 23:57:54 CEST 2014: 20: Solution found.
Sat May 17 23:57:55 CEST 2014: 21: finished (134ms, 500cycles)
Sat May 17 23:57:55 CEST 2014: 21: No solution found.
Sat May 17 23:57:55 CEST 2014: 22: finished (51ms, 500cycles)
Sat May 17 23:57:55 CEST 2014: 22: No solution found.
Sat May 17 23:57:55 CEST 2014: 23: finished (26ms, 34cycles)
Sat May 17 23:57:55 CEST 2014: 23: Solution found.
Sat May 17 23:57:55 CEST 2014: 24: finished (261ms, 500cycles)
Sat May 17 23:57:55 CEST 2014: 24: No solution found.
Sat May 17 23:57:55 CEST 2014: 25: finished (6ms, 35cycles)
Sat May 17 23:57:55 CEST 2014: 25: Solution found.
Sat May 17 23:57:55 CEST 2014: 26: finished (189ms, 500cycles)
Sat May 17 23:57:55 CEST 2014: 26: No solution found.
Sat May 17 23:57:55 CEST 2014: 27: finished (5ms, 21cycles)
Sat May 17 23:57:55 CEST 2014: 27: Solution found.
Sat May 17 23:57:55 CEST 2014: 28: finished (350ms, 500cycles)
Sat May 17 23:57:55 CEST 2014: 28: No solution found.
Sat May 17 23:57:55 CEST 2014: 29: finished (41ms, 500cycles)
Sat May 17 23:57:55 CEST 2014: 29: No solution found.
Sat May 17 23:57:56 CEST 2014: 30: finished (255ms, 500cycles)
Sat May 17 23:57:56 CEST 2014: 30: No solution found.
Sat May 17 23:57:56 CEST 2014: 31: finished (25ms, 75cycles)
Sat May 17 23:57:56 CEST 2014: 31: Solution found.
Sat May 17 23:57:56 CEST 2014: 32: finished (282ms, 500cycles)
Sat May 17 23:57:56 CEST 2014: 32: No solution found.
Sat May 17 23:57:56 CEST 2014: 33: finished (256ms, 500cycles)
Sat May 17 23:57:56 CEST 2014: 33: No solution found.
Sat May 17 23:57:56 CEST 2014: 34: finished (213ms, 500cycles)
Sat May 17 23:57:56 CEST 2014: 34: No solution found.
Sat May 17 23:57:56 CEST 2014: 35: finished (1ms, 8cycles)
Sat May 17 23:57:56 CEST 2014: 35: Solution found.
Sat May 17 23:57:57 CEST 2014: 36: finished (305ms, 500cycles)
Sat May 17 23:57:57 CEST 2014: 36: No solution found.
Sat May 17 23:57:57 CEST 2014: 37: finished (13ms, 38cycles)
Sat May 17 23:57:57 CEST 2014: 37: Solution found.
Sat May 17 23:57:57 CEST 2014: 38: finished (171ms, 500cycles)
Sat May 17 23:57:57 CEST 2014: 38: No solution found.
Sat May 17 23:57:57 CEST 2014: 39: finished (45ms, 500cycles)
Sat May 17 23:57:57 CEST 2014: 39: No solution found.
Sat May 17 23:57:57 CEST 2014: 40: finished (172ms, 500cycles)
Sat May 17 23:57:57 CEST 2014: 40: No solution found.
Sat May 17 23:57:57 CEST 2014: 41: finished (269ms, 500cycles)
Sat May 17 23:57:57 CEST 2014: 41: No solution found.
Sat May 17 23:57:58 CEST 2014: 42: finished (141ms, 500cycles)
Sat May 17 23:57:58 CEST 2014: 42: No solution found.
Sat May 17 23:57:58 CEST 2014: 43: finished (39ms, 500cycles)
Sat May 17 23:57:58 CEST 2014: 43: No solution found.
Sat May 17 23:57:58 CEST 2014: 44: finished (253ms, 500cycles)
Sat May 17 23:57:58 CEST 2014: 44: No solution found.
Sat May 17 23:57:58 CEST 2014: 45: finished (328ms, 500cycles)
Sat May 17 23:57:58 CEST 2014: 45: No solution found.
Sat May 17 23:57:58 CEST 2014: 46: finished (45ms, 500cycles)
Sat May 17 23:57:58 CEST 2014: 46: No solution found.
Sat May 17 23:57:58 CEST 2014: 47: finished (156ms, 500cycles)
Sat May 17 23:57:58 CEST 2014: 47: No solution found.
Sat May 17 23:57:58 CEST 2014: 48: finished (1ms, 3cycles)
Sat May 17 23:57:58 CEST 2014: 48: Solution found.
Sat May 17 23:57:58 CEST 2014: 49: finished (2ms, 14cycles)
Sat May 17 23:57:58 CEST 2014: 49: Solution found.
Sat May 17 23:57:58 CEST 2014: 50: finished (40ms, 500cycles)
Sat May 17 23:57:58 CEST 2014: 50: No solution found.
Sat May 17 23:57:58 CEST 2014: 51: finished (1ms, 4cycles)
Sat May 17 23:57:58 CEST 2014: 51: Solution found.
Sat May 17 23:57:58 CEST 2014: 52: finished (30ms, 323cycles)
Sat May 17 23:57:58 CEST 2014: 52: Solution found.
Sat May 17 23:57:59 CEST 2014: 53: finished (240ms, 500cycles)
Sat May 17 23:57:59 CEST 2014: 53: No solution found.
Sat May 17 23:57:59 CEST 2014: 54: finished (3ms, 13cycles)
Sat May 17 23:57:59 CEST 2014: 54: Solution found.
Sat May 17 23:57:59 CEST 2014: 55: finished (166ms, 500cycles)
Sat May 17 23:57:59 CEST 2014: 55: No solution found.
Sat May 17 23:57:59 CEST 2014: 56: finished (5ms, 12cycles)
Sat May 17 23:57:59 CEST 2014: 56: Solution found.
Sat May 17 23:57:59 CEST 2014: 57: finished (255ms, 500cycles)
Sat May 17 23:57:59 CEST 2014: 57: No solution found.
Sat May 17 23:57:59 CEST 2014: 58: finished (36ms, 500cycles)
Sat May 17 23:57:59 CEST 2014: 58: No solution found.
Sat May 17 23:57:59 CEST 2014: 59: finished (27ms, 43cycles)
Sat May 17 23:57:59 CEST 2014: 59: Solution found.
Sat May 17 23:57:59 CEST 2014: 60: finished (2ms, 12cycles)
Sat May 17 23:57:59 CEST 2014: 60: Solution found.
Sat May 17 23:58:00 CEST 2014: 61: finished (297ms, 500cycles)
Sat May 17 23:58:00 CEST 2014: 61: No solution found.
Sat May 17 23:58:00 CEST 2014: 62: finished (65ms, 500cycles)
Sat May 17 23:58:00 CEST 2014: 62: No solution found.
Sat May 17 23:58:00 CEST 2014: 63: finished (297ms, 500cycles)
Sat May 17 23:58:00 CEST 2014: 63: No solution found.
Sat May 17 23:58:00 CEST 2014: 64: finished (8ms, 48cycles)
Sat May 17 23:58:00 CEST 2014: 64: Solution found.
Sat May 17 23:58:00 CEST 2014: 65: finished (29ms, 257cycles)
Sat May 17 23:58:00 CEST 2014: 65: Solution found.
Sat May 17 23:58:00 CEST 2014: 66: finished (38ms, 500cycles)
Sat May 17 23:58:00 CEST 2014: 66: No solution found.
Sat May 17 23:58:00 CEST 2014: 67: finished (3ms, 15cycles)
Sat May 17 23:58:00 CEST 2014: 67: Solution found.
Sat May 17 23:58:00 CEST 2014: 68: finished (158ms, 500cycles)
Sat May 17 23:58:00 CEST 2014: 68: No solution found.
Sat May 17 23:58:00 CEST 2014: 69: finished (1ms, 10cycles)
Sat May 17 23:58:00 CEST 2014: 69: Solution found.
Sat May 17 23:58:00 CEST 2014: 70: finished (253ms, 500cycles)
Sat May 17 23:58:00 CEST 2014: 70: No solution found.
Sat May 17 23:58:00 CEST 2014: 71: finished (112ms, 239cycles)
Sat May 17 23:58:00 CEST 2014: 71: Solution found.
Sat May 17 23:58:01 CEST 2014: 72: finished (300ms, 500cycles)
Sat May 17 23:58:01 CEST 2014: 72: No solution found.
Sat May 17 23:58:01 CEST 2014: 73: finished (367ms, 500cycles)
Sat May 17 23:58:01 CEST 2014: 73: No solution found.
Sat May 17 23:58:01 CEST 2014: 74: finished (40ms, 500cycles)
Sat May 17 23:58:01 CEST 2014: 74: No solution found.
Sat May 17 23:58:02 CEST 2014: 75: finished (393ms, 500cycles)
Sat May 17 23:58:02 CEST 2014: 75: No solution found.
Sat May 17 23:58:02 CEST 2014: 76: finished (51ms, 92cycles)
Sat May 17 23:58:02 CEST 2014: 76: Solution found.
Sat May 17 23:58:02 CEST 2014: 77: finished (173ms, 500cycles)
Sat May 17 23:58:02 CEST 2014: 77: No solution found.
Sat May 17 23:58:02 CEST 2014: 78: finished (181ms, 500cycles)
Sat May 17 23:58:02 CEST 2014: 78: No solution found.
Sat May 17 23:58:02 CEST 2014: 79: finished (191ms, 500cycles)
Sat May 17 23:58:02 CEST 2014: 79: No solution found.
Sat May 17 23:58:02 CEST 2014: 80: finished (170ms, 500cycles)
Sat May 17 23:58:02 CEST 2014: 80: No solution found.
Sat May 17 23:58:03 CEST 2014: 81: finished (176ms, 500cycles)
Sat May 17 23:58:03 CEST 2014: 81: No solution found.
Sat May 17 23:58:03 CEST 2014: 82: finished (215ms, 500cycles)
Sat May 17 23:58:03 CEST 2014: 82: No solution found.
Sat May 17 23:58:03 CEST 2014: 83: finished (5ms, 15cycles)
Sat May 17 23:58:03 CEST 2014: 83: Solution found.
Sat May 17 23:58:03 CEST 2014: 84: finished (383ms, 500cycles)
Sat May 17 23:58:03 CEST 2014: 84: No solution found.
Sat May 17 23:58:03 CEST 2014: 85: finished (193ms, 500cycles)
Sat May 17 23:58:03 CEST 2014: 85: No solution found.
Sat May 17 23:58:03 CEST 2014: 86: finished (10ms, 36cycles)
Sat May 17 23:58:03 CEST 2014: 86: Solution found.
Sat May 17 23:58:03 CEST 2014: 87: finished (1ms, 4cycles)
Sat May 17 23:58:03 CEST 2014: 87: Solution found.
Sat May 17 23:58:04 CEST 2014: 88: finished (175ms, 500cycles)
Sat May 17 23:58:04 CEST 2014: 88: No solution found.
Sat May 17 23:58:04 CEST 2014: 89: finished (215ms, 500cycles)
Sat May 17 23:58:04 CEST 2014: 89: No solution found.
Sat May 17 23:58:04 CEST 2014: 90: finished (45ms, 500cycles)
Sat May 17 23:58:04 CEST 2014: 90: No solution found.
Sat May 17 23:58:04 CEST 2014: 91: finished (5ms, 40cycles)
Sat May 17 23:58:04 CEST 2014: 91: Solution found.
Sat May 17 23:58:04 CEST 2014: 92: finished (14ms, 108cycles)
Sat May 17 23:58:04 CEST 2014: 92: Solution found.
Sat May 17 23:58:04 CEST 2014: 93: finished (203ms, 500cycles)
Sat May 17 23:58:04 CEST 2014: 93: No solution found.
Sat May 17 23:58:04 CEST 2014: 94: finished (41ms, 500cycles)
Sat May 17 23:58:04 CEST 2014: 94: No solution found.
Sat May 17 23:58:04 CEST 2014: 95: finished (177ms, 500cycles)
Sat May 17 23:58:04 CEST 2014: 95: No solution found.
Sat May 17 23:58:04 CEST 2014: 96: finished (216ms, 500cycles)
Sat May 17 23:58:04 CEST 2014: 96: No solution found.
Sat May 17 23:58:04 CEST 2014: 97: finished (34ms, 500cycles)
Sat May 17 23:58:04 CEST 2014: 97: No solution found.
Sat May 17 23:58:05 CEST 2014: 98: finished (55ms, 500cycles)
Sat May 17 23:58:05 CEST 2014: 98: No solution found.
Sat May 17 23:58:05 CEST 2014: 99: finished (209ms, 500cycles)
Sat May 17 23:58:05 CEST 2014: 99: No solution found.
Sat May 17 23:58:05 CEST 2014: Solution Found: 34
Sat May 17 23:58:05 CEST 2014: Avg cycles: 52
Sat May 17 23:58:05 CEST 2014: Max cycles: 323
Sat May 17 23:58:05 CEST 2014: Min cycles: 3
Sat May 17 23:58:05 CEST 2014: No solution found: 66
Sat May 17 23:58:05 CEST 2014: logging finished. (runtime: 12991ms)
