Sun May 18 02:38:50 CEST 2014: Problem Count: 20
Sun May 18 02:38:50 CEST 2014: CandidatesCount: 40
Sun May 18 02:38:50 CEST 2014: Max Cycles: 500
Sun May 18 02:38:50 CEST 2014: 0: finished (25ms, 112cycles)
Sun May 18 02:38:50 CEST 2014: 0: Solution found.
Sun May 18 02:38:50 CEST 2014: 1: finished (77ms, 500cycles)
Sun May 18 02:38:50 CEST 2014: 1: No solution found.
Sun May 18 02:38:50 CEST 2014: 2: finished (69ms, 500cycles)
Sun May 18 02:38:50 CEST 2014: 2: No solution found.
Sun May 18 02:38:50 CEST 2014: 3: finished (83ms, 500cycles)
Sun May 18 02:38:50 CEST 2014: 3: No solution found.
Sun May 18 02:38:50 CEST 2014: 4: finished (86ms, 500cycles)
Sun May 18 02:38:50 CEST 2014: 4: No solution found.
Sun May 18 02:38:50 CEST 2014: 5: finished (8ms, 42cycles)
Sun May 18 02:38:50 CEST 2014: 5: Solution found.
Sun May 18 02:38:50 CEST 2014: 6: finished (67ms, 500cycles)
Sun May 18 02:38:50 CEST 2014: 6: No solution found.
Sun May 18 02:38:50 CEST 2014: 7: finished (94ms, 500cycles)
Sun May 18 02:38:50 CEST 2014: 7: No solution found.
Sun May 18 02:38:50 CEST 2014: 8: finished (3ms, 5cycles)
Sun May 18 02:38:50 CEST 2014: 8: Solution found.
Sun May 18 02:38:50 CEST 2014: 9: finished (86ms, 500cycles)
Sun May 18 02:38:50 CEST 2014: 9: No solution found.
Sun May 18 02:38:50 CEST 2014: 10: finished (10ms, 57cycles)
Sun May 18 02:38:50 CEST 2014: 10: Solution found.
Sun May 18 02:38:50 CEST 2014: 11: finished (10ms, 53cycles)
Sun May 18 02:38:50 CEST 2014: 11: Solution found.
Sun May 18 02:38:50 CEST 2014: 12: finished (90ms, 500cycles)
Sun May 18 02:38:50 CEST 2014: 12: No solution found.
Sun May 18 02:38:50 CEST 2014: 13: finished (5ms, 33cycles)
Sun May 18 02:38:50 CEST 2014: 13: Solution found.
Sun May 18 02:38:50 CEST 2014: 14: finished (13ms, 63cycles)
Sun May 18 02:38:50 CEST 2014: 14: Solution found.
Sun May 18 02:38:50 CEST 2014: 15: finished (75ms, 500cycles)
Sun May 18 02:38:50 CEST 2014: 15: No solution found.
Sun May 18 02:38:50 CEST 2014: 16: finished (1ms, 1cycles)
Sun May 18 02:38:50 CEST 2014: 16: Solution found.
Sun May 18 02:38:50 CEST 2014: 17: finished (1ms, 7cycles)
Sun May 18 02:38:50 CEST 2014: 17: Solution found.
Sun May 18 02:38:51 CEST 2014: 18: finished (494ms, 500cycles)
Sun May 18 02:38:51 CEST 2014: 18: No solution found.
Sun May 18 02:38:51 CEST 2014: 19: finished (21ms, 137cycles)
Sun May 18 02:38:51 CEST 2014: 19: Solution found.
Sun May 18 02:38:51 CEST 2014: 20: finished (7ms, 41cycles)
Sun May 18 02:38:51 CEST 2014: 20: Solution found.
Sun May 18 02:38:51 CEST 2014: 21: finished (70ms, 500cycles)
Sun May 18 02:38:51 CEST 2014: 21: No solution found.
Sun May 18 02:38:51 CEST 2014: 22: finished (5ms, 23cycles)
Sun May 18 02:38:51 CEST 2014: 22: Solution found.
Sun May 18 02:38:51 CEST 2014: 23: finished (3ms, 11cycles)
Sun May 18 02:38:51 CEST 2014: 23: Solution found.
Sun May 18 02:38:51 CEST 2014: 24: finished (2ms, 11cycles)
Sun May 18 02:38:51 CEST 2014: 24: Solution found.
Sun May 18 02:38:51 CEST 2014: 25: finished (73ms, 500cycles)
Sun May 18 02:38:51 CEST 2014: 25: No solution found.
Sun May 18 02:38:51 CEST 2014: 26: finished (1ms, 3cycles)
Sun May 18 02:38:51 CEST 2014: 26: Solution found.
Sun May 18 02:38:51 CEST 2014: 27: finished (2ms, 9cycles)
Sun May 18 02:38:51 CEST 2014: 27: Solution found.
Sun May 18 02:38:51 CEST 2014: 28: finished (40ms, 131cycles)
Sun May 18 02:38:51 CEST 2014: 28: Solution found.
Sun May 18 02:38:51 CEST 2014: 29: finished (256ms, 500cycles)
Sun May 18 02:38:51 CEST 2014: 29: No solution found.
Sun May 18 02:38:51 CEST 2014: 30: finished (16ms, 94cycles)
Sun May 18 02:38:51 CEST 2014: 30: Solution found.
Sun May 18 02:38:51 CEST 2014: 31: finished (72ms, 500cycles)
Sun May 18 02:38:51 CEST 2014: 31: No solution found.
Sun May 18 02:38:51 CEST 2014: 32: finished (6ms, 23cycles)
Sun May 18 02:38:51 CEST 2014: 32: Solution found.
Sun May 18 02:38:51 CEST 2014: 33: finished (3ms, 15cycles)
Sun May 18 02:38:51 CEST 2014: 33: Solution found.
Sun May 18 02:38:51 CEST 2014: 34: finished (8ms, 54cycles)
Sun May 18 02:38:51 CEST 2014: 34: Solution found.
Sun May 18 02:38:52 CEST 2014: 35: finished (79ms, 405cycles)
Sun May 18 02:38:52 CEST 2014: 35: Solution found.
Sun May 18 02:38:52 CEST 2014: 36: finished (9ms, 59cycles)
Sun May 18 02:38:52 CEST 2014: 36: Solution found.
Sun May 18 02:38:52 CEST 2014: 37: finished (75ms, 500cycles)
Sun May 18 02:38:52 CEST 2014: 37: No solution found.
Sun May 18 02:38:52 CEST 2014: 38: finished (79ms, 500cycles)
Sun May 18 02:38:52 CEST 2014: 38: No solution found.
Sun May 18 02:38:52 CEST 2014: 39: finished (91ms, 500cycles)
Sun May 18 02:38:52 CEST 2014: 39: No solution found.
Sun May 18 02:38:52 CEST 2014: 40: finished (6ms, 37cycles)
Sun May 18 02:38:52 CEST 2014: 40: Solution found.
Sun May 18 02:38:52 CEST 2014: 41: finished (88ms, 500cycles)
Sun May 18 02:38:52 CEST 2014: 41: No solution found.
Sun May 18 02:38:52 CEST 2014: 42: finished (71ms, 500cycles)
Sun May 18 02:38:52 CEST 2014: 42: No solution found.
Sun May 18 02:38:52 CEST 2014: 43: finished (106ms, 500cycles)
Sun May 18 02:38:52 CEST 2014: 43: No solution found.
Sun May 18 02:38:52 CEST 2014: 44: finished (5ms, 24cycles)
Sun May 18 02:38:52 CEST 2014: 44: Solution found.
Sun May 18 02:38:52 CEST 2014: 45: finished (71ms, 500cycles)
Sun May 18 02:38:52 CEST 2014: 45: No solution found.
Sun May 18 02:38:52 CEST 2014: 46: finished (72ms, 500cycles)
Sun May 18 02:38:52 CEST 2014: 46: No solution found.
Sun May 18 02:38:52 CEST 2014: 47: finished (8ms, 22cycles)
Sun May 18 02:38:52 CEST 2014: 47: Solution found.
Sun May 18 02:38:52 CEST 2014: 48: finished (68ms, 500cycles)
Sun May 18 02:38:52 CEST 2014: 48: No solution found.
Sun May 18 02:38:52 CEST 2014: 49: finished (9ms, 44cycles)
Sun May 18 02:38:52 CEST 2014: 49: Solution found.
Sun May 18 02:38:53 CEST 2014: 50: finished (237ms, 500cycles)
Sun May 18 02:38:53 CEST 2014: 50: No solution found.
Sun May 18 02:38:53 CEST 2014: 51: finished (8ms, 38cycles)
Sun May 18 02:38:53 CEST 2014: 51: Solution found.
Sun May 18 02:38:53 CEST 2014: 52: finished (4ms, 13cycles)
Sun May 18 02:38:53 CEST 2014: 52: Solution found.
Sun May 18 02:38:53 CEST 2014: 53: finished (9ms, 35cycles)
Sun May 18 02:38:53 CEST 2014: 53: Solution found.
Sun May 18 02:38:53 CEST 2014: 54: finished (2ms, 9cycles)
Sun May 18 02:38:53 CEST 2014: 54: Solution found.
Sun May 18 02:38:53 CEST 2014: 55: finished (75ms, 500cycles)
Sun May 18 02:38:53 CEST 2014: 55: No solution found.
Sun May 18 02:38:53 CEST 2014: 56: finished (77ms, 500cycles)
Sun May 18 02:38:53 CEST 2014: 56: No solution found.
Sun May 18 02:38:53 CEST 2014: 57: finished (74ms, 500cycles)
Sun May 18 02:38:53 CEST 2014: 57: No solution found.
Sun May 18 02:38:53 CEST 2014: 58: finished (9ms, 42cycles)
Sun May 18 02:38:53 CEST 2014: 58: Solution found.
Sun May 18 02:38:53 CEST 2014: 59: finished (91ms, 500cycles)
Sun May 18 02:38:53 CEST 2014: 59: No solution found.
Sun May 18 02:38:53 CEST 2014: 60: finished (5ms, 27cycles)
Sun May 18 02:38:53 CEST 2014: 60: Solution found.
Sun May 18 02:38:53 CEST 2014: 61: finished (3ms, 13cycles)
Sun May 18 02:38:53 CEST 2014: 61: Solution found.
Sun May 18 02:38:53 CEST 2014: 62: finished (86ms, 500cycles)
Sun May 18 02:38:53 CEST 2014: 62: No solution found.
Sun May 18 02:38:53 CEST 2014: 63: finished (3ms, 16cycles)
Sun May 18 02:38:53 CEST 2014: 63: Solution found.
Sun May 18 02:38:53 CEST 2014: 64: finished (4ms, 20cycles)
Sun May 18 02:38:53 CEST 2014: 64: Solution found.
Sun May 18 02:38:53 CEST 2014: 65: finished (3ms, 15cycles)
Sun May 18 02:38:53 CEST 2014: 65: Solution found.
Sun May 18 02:38:53 CEST 2014: 66: finished (4ms, 21cycles)
Sun May 18 02:38:53 CEST 2014: 66: Solution found.
Sun May 18 02:38:53 CEST 2014: 67: finished (332ms, 500cycles)
Sun May 18 02:38:53 CEST 2014: 67: No solution found.
Sun May 18 02:38:53 CEST 2014: 68: finished (2ms, 6cycles)
Sun May 18 02:38:53 CEST 2014: 68: Solution found.
Sun May 18 02:38:53 CEST 2014: 69: finished (5ms, 28cycles)
Sun May 18 02:38:53 CEST 2014: 69: Solution found.
Sun May 18 02:38:53 CEST 2014: 70: finished (70ms, 500cycles)
Sun May 18 02:38:53 CEST 2014: 70: No solution found.
Sun May 18 02:38:53 CEST 2014: 71: finished (78ms, 500cycles)
Sun May 18 02:38:53 CEST 2014: 71: No solution found.
Sun May 18 02:38:53 CEST 2014: 72: finished (4ms, 21cycles)
Sun May 18 02:38:53 CEST 2014: 72: Solution found.
Sun May 18 02:38:53 CEST 2014: 73: finished (1ms, 3cycles)
Sun May 18 02:38:53 CEST 2014: 73: Solution found.
Sun May 18 02:38:54 CEST 2014: 74: finished (297ms, 500cycles)
Sun May 18 02:38:54 CEST 2014: 74: No solution found.
Sun May 18 02:38:54 CEST 2014: 75: finished (11ms, 45cycles)
Sun May 18 02:38:54 CEST 2014: 75: Solution found.
Sun May 18 02:38:54 CEST 2014: 76: finished (1ms, 7cycles)
Sun May 18 02:38:54 CEST 2014: 76: Solution found.
Sun May 18 02:38:54 CEST 2014: 77: finished (4ms, 16cycles)
Sun May 18 02:38:54 CEST 2014: 77: Solution found.
Sun May 18 02:38:54 CEST 2014: 78: finished (27ms, 131cycles)
Sun May 18 02:38:54 CEST 2014: 78: Solution found.
Sun May 18 02:38:54 CEST 2014: 79: finished (70ms, 500cycles)
Sun May 18 02:38:54 CEST 2014: 79: No solution found.
Sun May 18 02:38:54 CEST 2014: 80: finished (72ms, 500cycles)
Sun May 18 02:38:54 CEST 2014: 80: No solution found.
Sun May 18 02:38:54 CEST 2014: 81: finished (2ms, 7cycles)
Sun May 18 02:38:54 CEST 2014: 81: Solution found.
Sun May 18 02:38:54 CEST 2014: 82: finished (1ms, 1cycles)
Sun May 18 02:38:54 CEST 2014: 82: Solution found.
Sun May 18 02:38:54 CEST 2014: 83: finished (6ms, 30cycles)
Sun May 18 02:38:54 CEST 2014: 83: Solution found.
Sun May 18 02:38:54 CEST 2014: 84: finished (85ms, 500cycles)
Sun May 18 02:38:54 CEST 2014: 84: No solution found.
Sun May 18 02:38:54 CEST 2014: 85: finished (7ms, 19cycles)
Sun May 18 02:38:54 CEST 2014: 85: Solution found.
Sun May 18 02:38:54 CEST 2014: 86: finished (78ms, 500cycles)
Sun May 18 02:38:54 CEST 2014: 86: No solution found.
Sun May 18 02:38:54 CEST 2014: 87: finished (93ms, 500cycles)
Sun May 18 02:38:54 CEST 2014: 87: No solution found.
Sun May 18 02:38:54 CEST 2014: 88: finished (2ms, 8cycles)
Sun May 18 02:38:54 CEST 2014: 88: Solution found.
Sun May 18 02:38:54 CEST 2014: 89: finished (68ms, 500cycles)
Sun May 18 02:38:54 CEST 2014: 89: No solution found.
Sun May 18 02:38:54 CEST 2014: 90: finished (69ms, 500cycles)
Sun May 18 02:38:54 CEST 2014: 90: No solution found.
Sun May 18 02:38:54 CEST 2014: 91: finished (92ms, 500cycles)
Sun May 18 02:38:54 CEST 2014: 91: No solution found.
Sun May 18 02:38:55 CEST 2014: 92: finished (99ms, 500cycles)
Sun May 18 02:38:55 CEST 2014: 92: No solution found.
Sun May 18 02:38:55 CEST 2014: 93: finished (73ms, 500cycles)
Sun May 18 02:38:55 CEST 2014: 93: No solution found.
Sun May 18 02:38:55 CEST 2014: 94: finished (2ms, 10cycles)
Sun May 18 02:38:55 CEST 2014: 94: Solution found.
Sun May 18 02:38:55 CEST 2014: 95: finished (68ms, 500cycles)
Sun May 18 02:38:55 CEST 2014: 95: No solution found.
Sun May 18 02:38:55 CEST 2014: 96: finished (91ms, 500cycles)
Sun May 18 02:38:55 CEST 2014: 96: No solution found.
Sun May 18 02:38:55 CEST 2014: 97: finished (68ms, 500cycles)
Sun May 18 02:38:55 CEST 2014: 97: No solution found.
Sun May 18 02:38:55 CEST 2014: 98: finished (7ms, 47cycles)
Sun May 18 02:38:55 CEST 2014: 98: Solution found.
Sun May 18 02:38:55 CEST 2014: 99: finished (79ms, 500cycles)
Sun May 18 02:38:55 CEST 2014: 99: No solution found.
Sun May 18 02:38:55 CEST 2014: Solution Found: 53
Sun May 18 02:38:55 CEST 2014: Avg cycles: 40
Sun May 18 02:38:55 CEST 2014: Max cycles: 405
Sun May 18 02:38:55 CEST 2014: Min cycles: 1
Sun May 18 02:38:55 CEST 2014: No solution found: 47
Sun May 18 02:38:55 CEST 2014: logging finished. (runtime: 5389ms)
