Wed May 07 02:01:44 CEST 2014: Problem Count: 50
Wed May 07 02:01:44 CEST 2014: CandidatesCount: 20
Wed May 07 02:01:44 CEST 2014: Max Cycles: 500
Wed May 07 02:01:44 CEST 2014: 0: finished (123ms, 500cycles)
Wed May 07 02:01:44 CEST 2014: 0: No solution found.
Wed May 07 02:01:44 CEST 2014: 1: finished (135ms, 500cycles)
Wed May 07 02:01:44 CEST 2014: 1: No solution found.
Wed May 07 02:01:45 CEST 2014: 2: finished (129ms, 500cycles)
Wed May 07 02:01:45 CEST 2014: 2: No solution found.
Wed May 07 02:01:45 CEST 2014: 3: finished (121ms, 500cycles)
Wed May 07 02:01:45 CEST 2014: 3: No solution found.
Wed May 07 02:01:45 CEST 2014: 4: finished (127ms, 500cycles)
Wed May 07 02:01:45 CEST 2014: 4: No solution found.
Wed May 07 02:01:45 CEST 2014: 5: finished (4ms, 12cycles)
Wed May 07 02:01:45 CEST 2014: 5: Solution found.
Wed May 07 02:01:45 CEST 2014: 6: finished (116ms, 500cycles)
Wed May 07 02:01:45 CEST 2014: 6: No solution found.
Wed May 07 02:01:45 CEST 2014: 7: finished (143ms, 500cycles)
Wed May 07 02:01:45 CEST 2014: 7: No solution found.
Wed May 07 02:01:45 CEST 2014: 8: finished (133ms, 500cycles)
Wed May 07 02:01:45 CEST 2014: 8: No solution found.
Wed May 07 02:01:45 CEST 2014: 9: finished (138ms, 500cycles)
Wed May 07 02:01:45 CEST 2014: 9: No solution found.
Wed May 07 02:01:45 CEST 2014: 10: finished (6ms, 21cycles)
Wed May 07 02:01:45 CEST 2014: 10: Solution found.
Wed May 07 02:01:45 CEST 2014: 11: finished (117ms, 500cycles)
Wed May 07 02:01:45 CEST 2014: 11: No solution found.
Wed May 07 02:01:46 CEST 2014: 12: finished (41ms, 144cycles)
Wed May 07 02:01:46 CEST 2014: 12: Solution found.
Wed May 07 02:01:46 CEST 2014: 13: finished (132ms, 500cycles)
Wed May 07 02:01:46 CEST 2014: 13: No solution found.
Wed May 07 02:01:46 CEST 2014: 14: finished (131ms, 500cycles)
Wed May 07 02:01:46 CEST 2014: 14: No solution found.
Wed May 07 02:01:46 CEST 2014: 15: finished (138ms, 500cycles)
Wed May 07 02:01:46 CEST 2014: 15: No solution found.
Wed May 07 02:01:46 CEST 2014: 16: finished (128ms, 500cycles)
Wed May 07 02:01:46 CEST 2014: 16: No solution found.
Wed May 07 02:01:46 CEST 2014: 17: finished (7ms, 23cycles)
Wed May 07 02:01:46 CEST 2014: 17: Solution found.
Wed May 07 02:01:46 CEST 2014: 18: finished (8ms, 30cycles)
Wed May 07 02:01:46 CEST 2014: 18: Solution found.
Wed May 07 02:01:46 CEST 2014: 19: finished (126ms, 500cycles)
Wed May 07 02:01:46 CEST 2014: 19: No solution found.
Wed May 07 02:01:46 CEST 2014: 20: finished (5ms, 16cycles)
Wed May 07 02:01:46 CEST 2014: 20: Solution found.
Wed May 07 02:01:46 CEST 2014: 21: finished (5ms, 15cycles)
Wed May 07 02:01:46 CEST 2014: 21: Solution found.
Wed May 07 02:01:46 CEST 2014: 22: finished (146ms, 500cycles)
Wed May 07 02:01:46 CEST 2014: 22: No solution found.
Wed May 07 02:01:46 CEST 2014: 23: finished (124ms, 500cycles)
Wed May 07 02:01:46 CEST 2014: 23: No solution found.
Wed May 07 02:01:47 CEST 2014: 24: finished (161ms, 500cycles)
Wed May 07 02:01:47 CEST 2014: 24: No solution found.
Wed May 07 02:01:47 CEST 2014: 25: finished (3ms, 8cycles)
Wed May 07 02:01:47 CEST 2014: 25: Solution found.
Wed May 07 02:01:47 CEST 2014: 26: finished (134ms, 500cycles)
Wed May 07 02:01:47 CEST 2014: 26: No solution found.
Wed May 07 02:01:47 CEST 2014: 27: finished (6ms, 16cycles)
Wed May 07 02:01:47 CEST 2014: 27: Solution found.
Wed May 07 02:01:47 CEST 2014: 28: finished (125ms, 500cycles)
Wed May 07 02:01:47 CEST 2014: 28: No solution found.
Wed May 07 02:01:47 CEST 2014: 29: finished (1ms, 3cycles)
Wed May 07 02:01:47 CEST 2014: 29: Solution found.
Wed May 07 02:01:47 CEST 2014: 30: finished (118ms, 500cycles)
Wed May 07 02:01:47 CEST 2014: 30: No solution found.
Wed May 07 02:01:47 CEST 2014: 31: finished (134ms, 500cycles)
Wed May 07 02:01:47 CEST 2014: 31: No solution found.
Wed May 07 02:01:47 CEST 2014: 32: finished (120ms, 500cycles)
Wed May 07 02:01:47 CEST 2014: 32: No solution found.
Wed May 07 02:01:47 CEST 2014: 33: finished (140ms, 500cycles)
Wed May 07 02:01:47 CEST 2014: 33: No solution found.
Wed May 07 02:01:47 CEST 2014: 34: finished (5ms, 18cycles)
Wed May 07 02:01:47 CEST 2014: 34: Solution found.
Wed May 07 02:01:47 CEST 2014: 35: finished (21ms, 74cycles)
Wed May 07 02:01:47 CEST 2014: 35: Solution found.
Wed May 07 02:01:48 CEST 2014: 36: finished (134ms, 500cycles)
Wed May 07 02:01:48 CEST 2014: 36: No solution found.
Wed May 07 02:01:48 CEST 2014: 37: finished (122ms, 500cycles)
Wed May 07 02:01:48 CEST 2014: 37: No solution found.
Wed May 07 02:01:48 CEST 2014: 38: finished (11ms, 34cycles)
Wed May 07 02:01:48 CEST 2014: 38: Solution found.
Wed May 07 02:01:48 CEST 2014: 39: finished (120ms, 500cycles)
Wed May 07 02:01:48 CEST 2014: 39: No solution found.
Wed May 07 02:01:48 CEST 2014: 40: finished (5ms, 20cycles)
Wed May 07 02:01:48 CEST 2014: 40: Solution found.
Wed May 07 02:01:48 CEST 2014: 41: finished (142ms, 500cycles)
Wed May 07 02:01:48 CEST 2014: 41: No solution found.
Wed May 07 02:01:48 CEST 2014: 42: finished (145ms, 500cycles)
Wed May 07 02:01:48 CEST 2014: 42: No solution found.
Wed May 07 02:01:48 CEST 2014: 43: finished (2ms, 8cycles)
Wed May 07 02:01:48 CEST 2014: 43: Solution found.
Wed May 07 02:01:48 CEST 2014: 44: finished (137ms, 500cycles)
Wed May 07 02:01:48 CEST 2014: 44: No solution found.
Wed May 07 02:01:48 CEST 2014: 45: finished (166ms, 500cycles)
Wed May 07 02:01:48 CEST 2014: 45: No solution found.
Wed May 07 02:01:48 CEST 2014: 46: finished (11ms, 38cycles)
Wed May 07 02:01:48 CEST 2014: 46: Solution found.
Wed May 07 02:01:49 CEST 2014: 47: finished (122ms, 500cycles)
Wed May 07 02:01:49 CEST 2014: 47: No solution found.
Wed May 07 02:01:49 CEST 2014: 48: finished (17ms, 59cycles)
Wed May 07 02:01:49 CEST 2014: 48: Solution found.
Wed May 07 02:01:49 CEST 2014: 49: finished (40ms, 156cycles)
Wed May 07 02:01:49 CEST 2014: 49: Solution found.
Wed May 07 02:01:49 CEST 2014: 50: finished (117ms, 500cycles)
Wed May 07 02:01:49 CEST 2014: 50: No solution found.
Wed May 07 02:01:49 CEST 2014: 51: finished (134ms, 500cycles)
Wed May 07 02:01:49 CEST 2014: 51: No solution found.
Wed May 07 02:01:49 CEST 2014: 52: finished (6ms, 14cycles)
Wed May 07 02:01:49 CEST 2014: 52: Solution found.
Wed May 07 02:01:49 CEST 2014: 53: finished (7ms, 16cycles)
Wed May 07 02:01:49 CEST 2014: 53: Solution found.
Wed May 07 02:01:49 CEST 2014: 54: finished (31ms, 81cycles)
Wed May 07 02:01:49 CEST 2014: 54: Solution found.
Wed May 07 02:01:49 CEST 2014: 55: finished (131ms, 500cycles)
Wed May 07 02:01:49 CEST 2014: 55: No solution found.
Wed May 07 02:01:49 CEST 2014: 56: finished (221ms, 500cycles)
Wed May 07 02:01:49 CEST 2014: 56: No solution found.
Wed May 07 02:01:49 CEST 2014: 57: finished (35ms, 47cycles)
Wed May 07 02:01:49 CEST 2014: 57: Solution found.
Wed May 07 02:01:50 CEST 2014: 58: finished (411ms, 500cycles)
Wed May 07 02:01:50 CEST 2014: 58: No solution found.
Wed May 07 02:01:50 CEST 2014: 59: finished (338ms, 500cycles)
Wed May 07 02:01:50 CEST 2014: 59: No solution found.
Wed May 07 02:01:50 CEST 2014: 60: finished (34ms, 36cycles)
Wed May 07 02:01:50 CEST 2014: 60: Solution found.
Wed May 07 02:01:50 CEST 2014: 61: finished (344ms, 500cycles)
Wed May 07 02:01:50 CEST 2014: 61: No solution found.
Wed May 07 02:01:51 CEST 2014: 62: finished (422ms, 500cycles)
Wed May 07 02:01:51 CEST 2014: 62: No solution found.
Wed May 07 02:01:51 CEST 2014: 63: finished (507ms, 500cycles)
Wed May 07 02:01:51 CEST 2014: 63: No solution found.
Wed May 07 02:01:51 CEST 2014: 64: finished (60ms, 51cycles)
Wed May 07 02:01:51 CEST 2014: 64: Solution found.
Wed May 07 02:01:52 CEST 2014: 65: finished (558ms, 500cycles)
Wed May 07 02:01:52 CEST 2014: 65: No solution found.
Wed May 07 02:01:53 CEST 2014: 66: finished (537ms, 500cycles)
Wed May 07 02:01:53 CEST 2014: 66: No solution found.
Wed May 07 02:01:53 CEST 2014: 67: finished (611ms, 500cycles)
Wed May 07 02:01:53 CEST 2014: 67: No solution found.
Wed May 07 02:01:54 CEST 2014: 68: finished (518ms, 500cycles)
Wed May 07 02:01:54 CEST 2014: 68: No solution found.
Wed May 07 02:01:54 CEST 2014: 69: finished (389ms, 500cycles)
Wed May 07 02:01:54 CEST 2014: 69: No solution found.
Wed May 07 02:01:54 CEST 2014: 70: finished (390ms, 500cycles)
Wed May 07 02:01:54 CEST 2014: 70: No solution found.
Wed May 07 02:01:54 CEST 2014: 71: finished (23ms, 26cycles)
Wed May 07 02:01:54 CEST 2014: 71: Solution found.
Wed May 07 02:01:55 CEST 2014: 72: finished (411ms, 500cycles)
Wed May 07 02:01:55 CEST 2014: 72: No solution found.
Wed May 07 02:01:55 CEST 2014: 73: finished (347ms, 500cycles)
Wed May 07 02:01:55 CEST 2014: 73: No solution found.
Wed May 07 02:01:55 CEST 2014: 74: finished (7ms, 8cycles)
Wed May 07 02:01:55 CEST 2014: 74: Solution found.
Wed May 07 02:01:55 CEST 2014: 75: finished (181ms, 500cycles)
Wed May 07 02:01:55 CEST 2014: 75: No solution found.
Wed May 07 02:01:55 CEST 2014: 76: finished (5ms, 14cycles)
Wed May 07 02:01:55 CEST 2014: 76: Solution found.
Wed May 07 02:01:55 CEST 2014: 77: finished (103ms, 406cycles)
Wed May 07 02:01:55 CEST 2014: 77: Solution found.
Wed May 07 02:01:56 CEST 2014: 78: finished (121ms, 500cycles)
Wed May 07 02:01:56 CEST 2014: 78: No solution found.
Wed May 07 02:01:56 CEST 2014: 79: finished (3ms, 7cycles)
Wed May 07 02:01:56 CEST 2014: 79: Solution found.
Wed May 07 02:01:56 CEST 2014: 80: finished (149ms, 500cycles)
Wed May 07 02:01:56 CEST 2014: 80: No solution found.
Wed May 07 02:01:56 CEST 2014: 81: finished (128ms, 500cycles)
Wed May 07 02:01:56 CEST 2014: 81: No solution found.
Wed May 07 02:01:56 CEST 2014: 82: finished (70ms, 248cycles)
Wed May 07 02:01:56 CEST 2014: 82: Solution found.
Wed May 07 02:01:56 CEST 2014: 83: finished (120ms, 500cycles)
Wed May 07 02:01:56 CEST 2014: 83: No solution found.
Wed May 07 02:01:56 CEST 2014: 84: finished (129ms, 500cycles)
Wed May 07 02:01:56 CEST 2014: 84: No solution found.
Wed May 07 02:01:56 CEST 2014: 85: finished (121ms, 500cycles)
Wed May 07 02:01:56 CEST 2014: 85: No solution found.
Wed May 07 02:01:56 CEST 2014: 86: finished (126ms, 500cycles)
Wed May 07 02:01:56 CEST 2014: 86: No solution found.
Wed May 07 02:01:56 CEST 2014: 87: finished (9ms, 26cycles)
Wed May 07 02:01:56 CEST 2014: 87: Solution found.
Wed May 07 02:01:57 CEST 2014: 88: finished (125ms, 500cycles)
Wed May 07 02:01:57 CEST 2014: 88: No solution found.
Wed May 07 02:01:57 CEST 2014: 89: finished (10ms, 38cycles)
Wed May 07 02:01:57 CEST 2014: 89: Solution found.
Wed May 07 02:01:57 CEST 2014: 90: finished (135ms, 500cycles)
Wed May 07 02:01:57 CEST 2014: 90: No solution found.
Wed May 07 02:01:57 CEST 2014: 91: finished (123ms, 500cycles)
Wed May 07 02:01:57 CEST 2014: 91: No solution found.
Wed May 07 02:01:57 CEST 2014: 92: finished (115ms, 500cycles)
Wed May 07 02:01:57 CEST 2014: 92: No solution found.
Wed May 07 02:01:57 CEST 2014: 93: finished (11ms, 39cycles)
Wed May 07 02:01:57 CEST 2014: 93: Solution found.
Wed May 07 02:01:57 CEST 2014: 94: finished (15ms, 46cycles)
Wed May 07 02:01:57 CEST 2014: 94: Solution found.
Wed May 07 02:01:57 CEST 2014: 95: finished (136ms, 500cycles)
Wed May 07 02:01:57 CEST 2014: 95: No solution found.
Wed May 07 02:01:57 CEST 2014: 96: finished (9ms, 21cycles)
Wed May 07 02:01:57 CEST 2014: 96: Solution found.
Wed May 07 02:01:57 CEST 2014: 97: finished (7ms, 19cycles)
Wed May 07 02:01:57 CEST 2014: 97: Solution found.
Wed May 07 02:01:57 CEST 2014: 98: finished (125ms, 500cycles)
Wed May 07 02:01:57 CEST 2014: 98: No solution found.
Wed May 07 02:01:57 CEST 2014: 99: finished (127ms, 500cycles)
Wed May 07 02:01:57 CEST 2014: 99: No solution found.
Wed May 07 02:01:57 CEST 2014: Solution Found: 36
Wed May 07 02:01:57 CEST 2014: Avg cycles: 51
Wed May 07 02:01:57 CEST 2014: Max cycles: 406
Wed May 07 02:01:57 CEST 2014: Min cycles: 3
Wed May 07 02:01:57 CEST 2014: No solution found: 64
Wed May 07 02:01:57 CEST 2014: logging finished. (runtime: 13242ms)
