Tue May 06 13:04:12 CEST 2014: Problem Count: 30
Tue May 06 13:04:12 CEST 2014: CandidatesCount: 40
Tue May 06 13:04:12 CEST 2014: Max Cycles: 500
Tue May 06 13:04:12 CEST 2014: 0: finished (24ms, 83cycles)
Tue May 06 13:04:12 CEST 2014: 0: Solution found.
Tue May 06 13:04:12 CEST 2014: 1: finished (7ms, 20cycles)
Tue May 06 13:04:12 CEST 2014: 1: Solution found.
Tue May 06 13:04:12 CEST 2014: 2: finished (7ms, 27cycles)
Tue May 06 13:04:12 CEST 2014: 2: Solution found.
Tue May 06 13:04:12 CEST 2014: 3: finished (121ms, 500cycles)
Tue May 06 13:04:12 CEST 2014: 3: No solution found.
Tue May 06 13:04:12 CEST 2014: 4: finished (139ms, 500cycles)
Tue May 06 13:04:12 CEST 2014: 4: No solution found.
Tue May 06 13:04:12 CEST 2014: 5: finished (5ms, 18cycles)
Tue May 06 13:04:12 CEST 2014: 5: Solution found.
Tue May 06 13:04:12 CEST 2014: 6: finished (3ms, 10cycles)
Tue May 06 13:04:12 CEST 2014: 6: Solution found.
Tue May 06 13:04:12 CEST 2014: 7: finished (10ms, 39cycles)
Tue May 06 13:04:12 CEST 2014: 7: Solution found.
Tue May 06 13:04:12 CEST 2014: 8: finished (11ms, 39cycles)
Tue May 06 13:04:12 CEST 2014: 8: Solution found.
Tue May 06 13:04:12 CEST 2014: 9: finished (4ms, 14cycles)
Tue May 06 13:04:12 CEST 2014: 9: Solution found.
Tue May 06 13:04:12 CEST 2014: 10: finished (27ms, 114cycles)
Tue May 06 13:04:12 CEST 2014: 10: Solution found.
Tue May 06 13:04:12 CEST 2014: 11: finished (136ms, 500cycles)
Tue May 06 13:04:12 CEST 2014: 11: No solution found.
Tue May 06 13:04:12 CEST 2014: 12: finished (110ms, 500cycles)
Tue May 06 13:04:12 CEST 2014: 12: No solution found.
Tue May 06 13:04:12 CEST 2014: 13: finished (3ms, 13cycles)
Tue May 06 13:04:12 CEST 2014: 13: Solution found.
Tue May 06 13:04:12 CEST 2014: 14: finished (2ms, 5cycles)
Tue May 06 13:04:12 CEST 2014: 14: Solution found.
Tue May 06 13:04:12 CEST 2014: 15: finished (4ms, 12cycles)
Tue May 06 13:04:12 CEST 2014: 15: Solution found.
Tue May 06 13:04:12 CEST 2014: 16: finished (116ms, 500cycles)
Tue May 06 13:04:12 CEST 2014: 16: No solution found.
Tue May 06 13:04:12 CEST 2014: 17: finished (3ms, 11cycles)
Tue May 06 13:04:12 CEST 2014: 17: Solution found.
Tue May 06 13:04:12 CEST 2014: 18: finished (2ms, 4cycles)
Tue May 06 13:04:12 CEST 2014: 18: Solution found.
Tue May 06 13:04:12 CEST 2014: 19: finished (124ms, 500cycles)
Tue May 06 13:04:12 CEST 2014: 19: No solution found.
Tue May 06 13:04:12 CEST 2014: 20: finished (118ms, 500cycles)
Tue May 06 13:04:12 CEST 2014: 20: No solution found.
Tue May 06 13:04:13 CEST 2014: 21: finished (133ms, 500cycles)
Tue May 06 13:04:13 CEST 2014: 21: No solution found.
Tue May 06 13:04:13 CEST 2014: 22: finished (7ms, 23cycles)
Tue May 06 13:04:13 CEST 2014: 22: Solution found.
Tue May 06 13:04:13 CEST 2014: 23: finished (8ms, 24cycles)
Tue May 06 13:04:13 CEST 2014: 23: Solution found.
Tue May 06 13:04:13 CEST 2014: 24: finished (3ms, 7cycles)
Tue May 06 13:04:13 CEST 2014: 24: Solution found.
Tue May 06 13:04:13 CEST 2014: 25: finished (110ms, 500cycles)
Tue May 06 13:04:13 CEST 2014: 25: No solution found.
Tue May 06 13:04:13 CEST 2014: 26: finished (2ms, 7cycles)
Tue May 06 13:04:13 CEST 2014: 26: Solution found.
Tue May 06 13:04:13 CEST 2014: 27: finished (116ms, 500cycles)
Tue May 06 13:04:13 CEST 2014: 27: No solution found.
Tue May 06 13:04:13 CEST 2014: 28: finished (5ms, 14cycles)
Tue May 06 13:04:13 CEST 2014: 28: Solution found.
Tue May 06 13:04:13 CEST 2014: 29: finished (6ms, 24cycles)
Tue May 06 13:04:13 CEST 2014: 29: Solution found.
Tue May 06 13:04:13 CEST 2014: 30: finished (114ms, 500cycles)
Tue May 06 13:04:13 CEST 2014: 30: No solution found.
Tue May 06 13:04:13 CEST 2014: 31: finished (139ms, 500cycles)
Tue May 06 13:04:13 CEST 2014: 31: No solution found.
Tue May 06 13:04:13 CEST 2014: 32: finished (5ms, 20cycles)
Tue May 06 13:04:13 CEST 2014: 32: Solution found.
Tue May 06 13:04:13 CEST 2014: 33: finished (3ms, 12cycles)
Tue May 06 13:04:13 CEST 2014: 33: Solution found.
Tue May 06 13:04:13 CEST 2014: 34: finished (1ms, 2cycles)
Tue May 06 13:04:13 CEST 2014: 34: Solution found.
Tue May 06 13:04:13 CEST 2014: 35: finished (120ms, 500cycles)
Tue May 06 13:04:13 CEST 2014: 35: No solution found.
Tue May 06 13:04:13 CEST 2014: 36: finished (7ms, 23cycles)
Tue May 06 13:04:13 CEST 2014: 36: Solution found.
Tue May 06 13:04:13 CEST 2014: 37: finished (3ms, 12cycles)
Tue May 06 13:04:13 CEST 2014: 37: Solution found.
Tue May 06 13:04:13 CEST 2014: 38: finished (113ms, 500cycles)
Tue May 06 13:04:13 CEST 2014: 38: No solution found.
Tue May 06 13:04:14 CEST 2014: 39: finished (126ms, 500cycles)
Tue May 06 13:04:14 CEST 2014: 39: No solution found.
Tue May 06 13:04:14 CEST 2014: 40: finished (112ms, 500cycles)
Tue May 06 13:04:14 CEST 2014: 40: No solution found.
Tue May 06 13:04:14 CEST 2014: 41: finished (6ms, 23cycles)
Tue May 06 13:04:14 CEST 2014: 41: Solution found.
Tue May 06 13:04:14 CEST 2014: 42: finished (3ms, 10cycles)
Tue May 06 13:04:14 CEST 2014: 42: Solution found.
Tue May 06 13:04:14 CEST 2014: 43: finished (132ms, 500cycles)
Tue May 06 13:04:14 CEST 2014: 43: No solution found.
Tue May 06 13:04:14 CEST 2014: 44: finished (14ms, 44cycles)
Tue May 06 13:04:14 CEST 2014: 44: Solution found.
Tue May 06 13:04:14 CEST 2014: 45: finished (6ms, 19cycles)
Tue May 06 13:04:14 CEST 2014: 45: Solution found.
Tue May 06 13:04:14 CEST 2014: 46: finished (14ms, 48cycles)
Tue May 06 13:04:14 CEST 2014: 46: Solution found.
Tue May 06 13:04:14 CEST 2014: 47: finished (6ms, 16cycles)
Tue May 06 13:04:14 CEST 2014: 47: Solution found.
Tue May 06 13:04:14 CEST 2014: 48: finished (108ms, 500cycles)
Tue May 06 13:04:14 CEST 2014: 48: No solution found.
Tue May 06 13:04:14 CEST 2014: 49: finished (129ms, 500cycles)
Tue May 06 13:04:14 CEST 2014: 49: No solution found.
Tue May 06 13:04:14 CEST 2014: 50: finished (120ms, 500cycles)
Tue May 06 13:04:14 CEST 2014: 50: No solution found.
Tue May 06 13:04:14 CEST 2014: 51: finished (141ms, 500cycles)
Tue May 06 13:04:14 CEST 2014: 51: No solution found.
Tue May 06 13:04:14 CEST 2014: 52: finished (127ms, 500cycles)
Tue May 06 13:04:14 CEST 2014: 52: No solution found.
Tue May 06 13:04:15 CEST 2014: 53: finished (147ms, 500cycles)
Tue May 06 13:04:15 CEST 2014: 53: No solution found.
Tue May 06 13:04:15 CEST 2014: 54: finished (114ms, 500cycles)
Tue May 06 13:04:15 CEST 2014: 54: No solution found.
Tue May 06 13:04:15 CEST 2014: 55: finished (6ms, 19cycles)
Tue May 06 13:04:15 CEST 2014: 55: Solution found.
Tue May 06 13:04:15 CEST 2014: 56: finished (107ms, 500cycles)
Tue May 06 13:04:15 CEST 2014: 56: No solution found.
Tue May 06 13:04:15 CEST 2014: 57: finished (4ms, 15cycles)
Tue May 06 13:04:15 CEST 2014: 57: Solution found.
Tue May 06 13:04:15 CEST 2014: 58: finished (120ms, 500cycles)
Tue May 06 13:04:15 CEST 2014: 58: No solution found.
Tue May 06 13:04:15 CEST 2014: 59: finished (121ms, 500cycles)
Tue May 06 13:04:15 CEST 2014: 59: No solution found.
Tue May 06 13:04:15 CEST 2014: 60: finished (135ms, 500cycles)
Tue May 06 13:04:15 CEST 2014: 60: No solution found.
Tue May 06 13:04:15 CEST 2014: 61: finished (5ms, 17cycles)
Tue May 06 13:04:15 CEST 2014: 61: Solution found.
Tue May 06 13:04:15 CEST 2014: 62: finished (18ms, 72cycles)
Tue May 06 13:04:15 CEST 2014: 62: Solution found.
Tue May 06 13:04:15 CEST 2014: 63: finished (1ms, 3cycles)
Tue May 06 13:04:15 CEST 2014: 63: Solution found.
Tue May 06 13:04:15 CEST 2014: 64: finished (8ms, 28cycles)
Tue May 06 13:04:15 CEST 2014: 64: Solution found.
Tue May 06 13:04:15 CEST 2014: 65: finished (110ms, 500cycles)
Tue May 06 13:04:15 CEST 2014: 65: No solution found.
Tue May 06 13:04:15 CEST 2014: 66: finished (142ms, 500cycles)
Tue May 06 13:04:15 CEST 2014: 66: No solution found.
Tue May 06 13:04:15 CEST 2014: 67: finished (2ms, 4cycles)
Tue May 06 13:04:15 CEST 2014: 67: Solution found.
Tue May 06 13:04:16 CEST 2014: 68: finished (131ms, 500cycles)
Tue May 06 13:04:16 CEST 2014: 68: No solution found.
Tue May 06 13:04:16 CEST 2014: 69: finished (116ms, 500cycles)
Tue May 06 13:04:16 CEST 2014: 69: No solution found.
Tue May 06 13:04:16 CEST 2014: 70: finished (25ms, 72cycles)
Tue May 06 13:04:16 CEST 2014: 70: Solution found.
Tue May 06 13:04:16 CEST 2014: 71: finished (5ms, 18cycles)
Tue May 06 13:04:16 CEST 2014: 71: Solution found.
Tue May 06 13:04:16 CEST 2014: 72: finished (110ms, 500cycles)
Tue May 06 13:04:16 CEST 2014: 72: No solution found.
Tue May 06 13:04:16 CEST 2014: 73: finished (3ms, 11cycles)
Tue May 06 13:04:16 CEST 2014: 73: Solution found.
Tue May 06 13:04:16 CEST 2014: 74: finished (4ms, 10cycles)
Tue May 06 13:04:16 CEST 2014: 74: Solution found.
Tue May 06 13:04:16 CEST 2014: 75: finished (135ms, 500cycles)
Tue May 06 13:04:16 CEST 2014: 75: No solution found.
Tue May 06 13:04:16 CEST 2014: 76: finished (121ms, 500cycles)
Tue May 06 13:04:16 CEST 2014: 76: No solution found.
Tue May 06 13:04:16 CEST 2014: 77: finished (130ms, 500cycles)
Tue May 06 13:04:16 CEST 2014: 77: No solution found.
Tue May 06 13:04:16 CEST 2014: 78: finished (21ms, 74cycles)
Tue May 06 13:04:16 CEST 2014: 78: Solution found.
Tue May 06 13:04:16 CEST 2014: 79: finished (2ms, 6cycles)
Tue May 06 13:04:16 CEST 2014: 79: Solution found.
Tue May 06 13:04:16 CEST 2014: 80: finished (11ms, 36cycles)
Tue May 06 13:04:16 CEST 2014: 80: Solution found.
Tue May 06 13:04:16 CEST 2014: 81: finished (5ms, 18cycles)
Tue May 06 13:04:16 CEST 2014: 81: Solution found.
Tue May 06 13:04:16 CEST 2014: 82: finished (5ms, 19cycles)
Tue May 06 13:04:16 CEST 2014: 82: Solution found.
Tue May 06 13:04:16 CEST 2014: 83: finished (3ms, 9cycles)
Tue May 06 13:04:16 CEST 2014: 83: Solution found.
Tue May 06 13:04:16 CEST 2014: 84: finished (116ms, 500cycles)
Tue May 06 13:04:16 CEST 2014: 84: No solution found.
Tue May 06 13:04:16 CEST 2014: 85: finished (9ms, 31cycles)
Tue May 06 13:04:16 CEST 2014: 85: Solution found.
Tue May 06 13:04:17 CEST 2014: 86: finished (139ms, 500cycles)
Tue May 06 13:04:17 CEST 2014: 86: No solution found.
Tue May 06 13:04:17 CEST 2014: 87: finished (4ms, 11cycles)
Tue May 06 13:04:17 CEST 2014: 87: Solution found.
Tue May 06 13:04:17 CEST 2014: 88: finished (6ms, 22cycles)
Tue May 06 13:04:17 CEST 2014: 88: Solution found.
Tue May 06 13:04:17 CEST 2014: 89: finished (124ms, 500cycles)
Tue May 06 13:04:17 CEST 2014: 89: No solution found.
Tue May 06 13:04:17 CEST 2014: 90: finished (5ms, 15cycles)
Tue May 06 13:04:17 CEST 2014: 90: Solution found.
Tue May 06 13:04:17 CEST 2014: 91: finished (116ms, 500cycles)
Tue May 06 13:04:17 CEST 2014: 91: No solution found.
Tue May 06 13:04:17 CEST 2014: 92: finished (16ms, 63cycles)
Tue May 06 13:04:17 CEST 2014: 92: Solution found.
Tue May 06 13:04:17 CEST 2014: 93: finished (7ms, 14cycles)
Tue May 06 13:04:17 CEST 2014: 93: Solution found.
Tue May 06 13:04:17 CEST 2014: 94: finished (13ms, 23cycles)
Tue May 06 13:04:17 CEST 2014: 94: Solution found.
Tue May 06 13:04:17 CEST 2014: 95: finished (120ms, 500cycles)
Tue May 06 13:04:17 CEST 2014: 95: No solution found.
Tue May 06 13:04:17 CEST 2014: 96: finished (3ms, 9cycles)
Tue May 06 13:04:17 CEST 2014: 96: Solution found.
Tue May 06 13:04:17 CEST 2014: 97: finished (117ms, 500cycles)
Tue May 06 13:04:17 CEST 2014: 97: No solution found.
Tue May 06 13:04:17 CEST 2014: 98: finished (119ms, 500cycles)
Tue May 06 13:04:17 CEST 2014: 98: No solution found.
Tue May 06 13:04:17 CEST 2014: 99: finished (134ms, 500cycles)
Tue May 06 13:04:17 CEST 2014: 99: No solution found.
Tue May 06 13:04:17 CEST 2014: Solution Found: 56
Tue May 06 13:04:17 CEST 2014: Avg cycles: 24
Tue May 06 13:04:17 CEST 2014: Max cycles: 114
Tue May 06 13:04:17 CEST 2014: Min cycles: 2
Tue May 06 13:04:17 CEST 2014: No solution found: 44
Tue May 06 13:04:17 CEST 2014: logging finished. (runtime: 5850ms)
