Sat May 17 21:57:10 CEST 2014: Problem Count: 30
Sat May 17 21:57:10 CEST 2014: CandidatesCount: 50
Sat May 17 21:57:10 CEST 2014: Max Cycles: 500
Sat May 17 21:57:10 CEST 2014: 0: finished (159ms, 500cycles)
Sat May 17 21:57:10 CEST 2014: 0: No solution found.
Sat May 17 21:57:10 CEST 2014: 1: finished (143ms, 500cycles)
Sat May 17 21:57:10 CEST 2014: 1: No solution found.
Sat May 17 21:57:10 CEST 2014: 2: finished (151ms, 500cycles)
Sat May 17 21:57:10 CEST 2014: 2: No solution found.
Sat May 17 21:57:11 CEST 2014: 3: finished (559ms, 500cycles)
Sat May 17 21:57:11 CEST 2014: 3: No solution found.
Sat May 17 21:57:11 CEST 2014: 4: finished (28ms, 30cycles)
Sat May 17 21:57:11 CEST 2014: 4: Solution found.
Sat May 17 21:57:11 CEST 2014: 5: finished (127ms, 64cycles)
Sat May 17 21:57:11 CEST 2014: 5: Solution found.
Sat May 17 21:57:11 CEST 2014: 6: finished (26ms, 27cycles)
Sat May 17 21:57:11 CEST 2014: 6: Solution found.
Sat May 17 21:57:11 CEST 2014: 7: finished (33ms, 37cycles)
Sat May 17 21:57:11 CEST 2014: 7: Solution found.
Sat May 17 21:57:11 CEST 2014: 8: finished (399ms, 500cycles)
Sat May 17 21:57:11 CEST 2014: 8: No solution found.
Sat May 17 21:57:12 CEST 2014: 9: finished (399ms, 500cycles)
Sat May 17 21:57:12 CEST 2014: 9: No solution found.
Sat May 17 21:57:12 CEST 2014: 10: finished (399ms, 500cycles)
Sat May 17 21:57:12 CEST 2014: 10: No solution found.
Sat May 17 21:57:13 CEST 2014: 11: finished (435ms, 500cycles)
Sat May 17 21:57:13 CEST 2014: 11: No solution found.
Sat May 17 21:57:13 CEST 2014: 12: finished (30ms, 30cycles)
Sat May 17 21:57:13 CEST 2014: 12: Solution found.
Sat May 17 21:57:13 CEST 2014: 13: finished (12ms, 12cycles)
Sat May 17 21:57:13 CEST 2014: 13: Solution found.
Sat May 17 21:57:13 CEST 2014: 14: finished (418ms, 500cycles)
Sat May 17 21:57:13 CEST 2014: 14: No solution found.
Sat May 17 21:57:14 CEST 2014: 15: finished (367ms, 500cycles)
Sat May 17 21:57:14 CEST 2014: 15: No solution found.
Sat May 17 21:57:14 CEST 2014: 16: finished (15ms, 15cycles)
Sat May 17 21:57:14 CEST 2014: 16: Solution found.
Sat May 17 21:57:14 CEST 2014: 17: finished (6ms, 5cycles)
Sat May 17 21:57:14 CEST 2014: 17: Solution found.
Sat May 17 21:57:14 CEST 2014: 18: finished (413ms, 500cycles)
Sat May 17 21:57:14 CEST 2014: 18: No solution found.
Sat May 17 21:57:14 CEST 2014: 19: finished (9ms, 10cycles)
Sat May 17 21:57:14 CEST 2014: 19: Solution found.
Sat May 17 21:57:14 CEST 2014: 20: finished (21ms, 23cycles)
Sat May 17 21:57:14 CEST 2014: 20: Solution found.
Sat May 17 21:57:14 CEST 2014: 21: finished (37ms, 45cycles)
Sat May 17 21:57:14 CEST 2014: 21: Solution found.
Sat May 17 21:57:14 CEST 2014: 22: finished (37ms, 42cycles)
Sat May 17 21:57:14 CEST 2014: 22: Solution found.
Sat May 17 21:57:14 CEST 2014: 23: finished (433ms, 500cycles)
Sat May 17 21:57:14 CEST 2014: 23: No solution found.
Sat May 17 21:57:15 CEST 2014: 24: finished (76ms, 82cycles)
Sat May 17 21:57:15 CEST 2014: 24: Solution found.
Sat May 17 21:57:15 CEST 2014: 25: finished (405ms, 500cycles)
Sat May 17 21:57:15 CEST 2014: 25: No solution found.
Sat May 17 21:57:15 CEST 2014: 26: finished (5ms, 13cycles)
Sat May 17 21:57:15 CEST 2014: 26: Solution found.
Sat May 17 21:57:15 CEST 2014: 27: finished (7ms, 14cycles)
Sat May 17 21:57:15 CEST 2014: 27: Solution found.
Sat May 17 21:57:15 CEST 2014: 28: finished (14ms, 22cycles)
Sat May 17 21:57:15 CEST 2014: 28: Solution found.
Sat May 17 21:57:15 CEST 2014: 29: finished (3ms, 6cycles)
Sat May 17 21:57:15 CEST 2014: 29: Solution found.
Sat May 17 21:57:15 CEST 2014: 30: finished (4ms, 12cycles)
Sat May 17 21:57:15 CEST 2014: 30: Solution found.
Sat May 17 21:57:15 CEST 2014: 31: finished (4ms, 12cycles)
Sat May 17 21:57:15 CEST 2014: 31: Solution found.
Sat May 17 21:57:15 CEST 2014: 32: finished (158ms, 500cycles)
Sat May 17 21:57:15 CEST 2014: 32: No solution found.
Sat May 17 21:57:15 CEST 2014: 33: finished (152ms, 500cycles)
Sat May 17 21:57:15 CEST 2014: 33: No solution found.
Sat May 17 21:57:15 CEST 2014: 34: finished (5ms, 13cycles)
Sat May 17 21:57:15 CEST 2014: 34: Solution found.
Sat May 17 21:57:15 CEST 2014: 35: finished (10ms, 27cycles)
Sat May 17 21:57:15 CEST 2014: 35: Solution found.
Sat May 17 21:57:15 CEST 2014: 36: finished (139ms, 500cycles)
Sat May 17 21:57:15 CEST 2014: 36: No solution found.
Sat May 17 21:57:15 CEST 2014: 37: finished (5ms, 11cycles)
Sat May 17 21:57:15 CEST 2014: 37: Solution found.
Sat May 17 21:57:15 CEST 2014: 38: finished (2ms, 6cycles)
Sat May 17 21:57:15 CEST 2014: 38: Solution found.
Sat May 17 21:57:16 CEST 2014: 39: finished (162ms, 500cycles)
Sat May 17 21:57:16 CEST 2014: 39: No solution found.
Sat May 17 21:57:16 CEST 2014: 40: finished (4ms, 10cycles)
Sat May 17 21:57:16 CEST 2014: 40: Solution found.
Sat May 17 21:57:16 CEST 2014: 41: finished (170ms, 500cycles)
Sat May 17 21:57:16 CEST 2014: 41: No solution found.
Sat May 17 21:57:16 CEST 2014: 42: finished (7ms, 19cycles)
Sat May 17 21:57:16 CEST 2014: 42: Solution found.
Sat May 17 21:57:16 CEST 2014: 43: finished (7ms, 20cycles)
Sat May 17 21:57:16 CEST 2014: 43: Solution found.
Sat May 17 21:57:16 CEST 2014: 44: finished (146ms, 500cycles)
Sat May 17 21:57:16 CEST 2014: 44: No solution found.
Sat May 17 21:57:16 CEST 2014: 45: finished (5ms, 13cycles)
Sat May 17 21:57:16 CEST 2014: 45: Solution found.
Sat May 17 21:57:16 CEST 2014: 46: finished (15ms, 28cycles)
Sat May 17 21:57:16 CEST 2014: 46: Solution found.
Sat May 17 21:57:16 CEST 2014: 47: finished (11ms, 26cycles)
Sat May 17 21:57:16 CEST 2014: 47: Solution found.
Sat May 17 21:57:16 CEST 2014: 48: finished (153ms, 500cycles)
Sat May 17 21:57:16 CEST 2014: 48: No solution found.
Sat May 17 21:57:16 CEST 2014: 49: finished (6ms, 13cycles)
Sat May 17 21:57:16 CEST 2014: 49: Solution found.
Sat May 17 21:57:16 CEST 2014: 50: finished (14ms, 45cycles)
Sat May 17 21:57:16 CEST 2014: 50: Solution found.
Sat May 17 21:57:16 CEST 2014: 51: finished (19ms, 51cycles)
Sat May 17 21:57:16 CEST 2014: 51: Solution found.
Sat May 17 21:57:16 CEST 2014: 52: finished (9ms, 26cycles)
Sat May 17 21:57:16 CEST 2014: 52: Solution found.
Sat May 17 21:57:16 CEST 2014: 53: finished (2ms, 4cycles)
Sat May 17 21:57:16 CEST 2014: 53: Solution found.
Sat May 17 21:57:16 CEST 2014: 54: finished (5ms, 12cycles)
Sat May 17 21:57:16 CEST 2014: 54: Solution found.
Sat May 17 21:57:16 CEST 2014: 55: finished (161ms, 500cycles)
Sat May 17 21:57:16 CEST 2014: 55: No solution found.
Sat May 17 21:57:16 CEST 2014: 56: finished (15ms, 42cycles)
Sat May 17 21:57:16 CEST 2014: 56: Solution found.
Sat May 17 21:57:16 CEST 2014: 57: finished (9ms, 24cycles)
Sat May 17 21:57:16 CEST 2014: 57: Solution found.
Sat May 17 21:57:16 CEST 2014: 58: finished (5ms, 11cycles)
Sat May 17 21:57:16 CEST 2014: 58: Solution found.
Sat May 17 21:57:16 CEST 2014: 59: finished (12ms, 31cycles)
Sat May 17 21:57:16 CEST 2014: 59: Solution found.
Sat May 17 21:57:17 CEST 2014: 60: finished (185ms, 500cycles)
Sat May 17 21:57:17 CEST 2014: 60: No solution found.
Sat May 17 21:57:17 CEST 2014: 61: finished (10ms, 32cycles)
Sat May 17 21:57:17 CEST 2014: 61: Solution found.
Sat May 17 21:57:17 CEST 2014: 62: finished (164ms, 500cycles)
Sat May 17 21:57:17 CEST 2014: 62: No solution found.
Sat May 17 21:57:17 CEST 2014: 63: finished (3ms, 8cycles)
Sat May 17 21:57:17 CEST 2014: 63: Solution found.
Sat May 17 21:57:17 CEST 2014: 64: finished (5ms, 13cycles)
Sat May 17 21:57:17 CEST 2014: 64: Solution found.
Sat May 17 21:57:17 CEST 2014: 65: finished (145ms, 500cycles)
Sat May 17 21:57:17 CEST 2014: 65: No solution found.
Sat May 17 21:57:17 CEST 2014: 66: finished (14ms, 38cycles)
Sat May 17 21:57:17 CEST 2014: 66: Solution found.
Sat May 17 21:57:17 CEST 2014: 67: finished (181ms, 500cycles)
Sat May 17 21:57:17 CEST 2014: 67: No solution found.
Sat May 17 21:57:17 CEST 2014: 68: finished (9ms, 26cycles)
Sat May 17 21:57:17 CEST 2014: 68: Solution found.
Sat May 17 21:57:17 CEST 2014: 69: finished (5ms, 13cycles)
Sat May 17 21:57:17 CEST 2014: 69: Solution found.
Sat May 17 21:57:17 CEST 2014: 70: finished (142ms, 500cycles)
Sat May 17 21:57:17 CEST 2014: 70: No solution found.
Sat May 17 21:57:17 CEST 2014: 71: finished (11ms, 27cycles)
Sat May 17 21:57:17 CEST 2014: 71: Solution found.
Sat May 17 21:57:17 CEST 2014: 72: finished (7ms, 18cycles)
Sat May 17 21:57:17 CEST 2014: 72: Solution found.
Sat May 17 21:57:17 CEST 2014: 73: finished (13ms, 38cycles)
Sat May 17 21:57:17 CEST 2014: 73: Solution found.
Sat May 17 21:57:17 CEST 2014: 74: finished (150ms, 500cycles)
Sat May 17 21:57:17 CEST 2014: 74: No solution found.
Sat May 17 21:57:17 CEST 2014: 75: finished (4ms, 9cycles)
Sat May 17 21:57:17 CEST 2014: 75: Solution found.
Sat May 17 21:57:18 CEST 2014: 76: finished (138ms, 500cycles)
Sat May 17 21:57:18 CEST 2014: 76: No solution found.
Sat May 17 21:57:18 CEST 2014: 77: finished (14ms, 44cycles)
Sat May 17 21:57:18 CEST 2014: 77: Solution found.
Sat May 17 21:57:18 CEST 2014: 78: finished (190ms, 500cycles)
Sat May 17 21:57:18 CEST 2014: 78: No solution found.
Sat May 17 21:57:18 CEST 2014: 79: finished (2ms, 6cycles)
Sat May 17 21:57:18 CEST 2014: 79: Solution found.
Sat May 17 21:57:18 CEST 2014: 80: finished (2ms, 5cycles)
Sat May 17 21:57:18 CEST 2014: 80: Solution found.
Sat May 17 21:57:18 CEST 2014: 81: finished (5ms, 16cycles)
Sat May 17 21:57:18 CEST 2014: 81: Solution found.
Sat May 17 21:57:18 CEST 2014: 82: finished (12ms, 40cycles)
Sat May 17 21:57:18 CEST 2014: 82: Solution found.
Sat May 17 21:57:18 CEST 2014: 83: finished (161ms, 500cycles)
Sat May 17 21:57:18 CEST 2014: 83: No solution found.
Sat May 17 21:57:18 CEST 2014: 84: finished (8ms, 20cycles)
Sat May 17 21:57:18 CEST 2014: 84: Solution found.
Sat May 17 21:57:18 CEST 2014: 85: finished (3ms, 9cycles)
Sat May 17 21:57:18 CEST 2014: 85: Solution found.
Sat May 17 21:57:18 CEST 2014: 86: finished (5ms, 12cycles)
Sat May 17 21:57:18 CEST 2014: 86: Solution found.
Sat May 17 21:57:18 CEST 2014: 87: finished (27ms, 87cycles)
Sat May 17 21:57:18 CEST 2014: 87: Solution found.
Sat May 17 21:57:18 CEST 2014: 88: finished (157ms, 500cycles)
Sat May 17 21:57:18 CEST 2014: 88: No solution found.
Sat May 17 21:57:18 CEST 2014: 89: finished (27ms, 63cycles)
Sat May 17 21:57:18 CEST 2014: 89: Solution found.
Sat May 17 21:57:18 CEST 2014: 90: finished (3ms, 7cycles)
Sat May 17 21:57:18 CEST 2014: 90: Solution found.
Sat May 17 21:57:18 CEST 2014: 91: finished (5ms, 14cycles)
Sat May 17 21:57:18 CEST 2014: 91: Solution found.
Sat May 17 21:57:18 CEST 2014: 92: finished (10ms, 29cycles)
Sat May 17 21:57:18 CEST 2014: 92: Solution found.
Sat May 17 21:57:18 CEST 2014: 93: finished (3ms, 7cycles)
Sat May 17 21:57:18 CEST 2014: 93: Solution found.
Sat May 17 21:57:18 CEST 2014: 94: finished (7ms, 15cycles)
Sat May 17 21:57:18 CEST 2014: 94: Solution found.
Sat May 17 21:57:18 CEST 2014: 95: finished (7ms, 19cycles)
Sat May 17 21:57:18 CEST 2014: 95: Solution found.
Sat May 17 21:57:18 CEST 2014: 96: finished (6ms, 19cycles)
Sat May 17 21:57:18 CEST 2014: 96: Solution found.
Sat May 17 21:57:18 CEST 2014: 97: finished (8ms, 21cycles)
Sat May 17 21:57:18 CEST 2014: 97: Solution found.
Sat May 17 21:57:18 CEST 2014: 98: finished (169ms, 500cycles)
Sat May 17 21:57:18 CEST 2014: 98: No solution found.
Sat May 17 21:57:19 CEST 2014: 99: finished (144ms, 500cycles)
Sat May 17 21:57:19 CEST 2014: 99: No solution found.
Sat May 17 21:57:19 CEST 2014: Solution Found: 67
Sat May 17 21:57:19 CEST 2014: Avg cycles: 23
Sat May 17 21:57:19 CEST 2014: Max cycles: 87
Sat May 17 21:57:19 CEST 2014: Min cycles: 4
Sat May 17 21:57:19 CEST 2014: No solution found: 33
Sat May 17 21:57:19 CEST 2014: logging finished. (runtime: 8757ms)
