Wed May 07 01:21:10 CEST 2014: Problem Count: 20
Wed May 07 01:21:10 CEST 2014: CandidatesCount: 30
Wed May 07 01:21:10 CEST 2014: Max Cycles: 500
Wed May 07 01:21:10 CEST 2014: 0: finished (2ms, 13cycles)
Wed May 07 01:21:10 CEST 2014: 0: Solution found.
Wed May 07 01:21:10 CEST 2014: 1: finished (4ms, 29cycles)
Wed May 07 01:21:10 CEST 2014: 1: Solution found.
Wed May 07 01:21:10 CEST 2014: 2: finished (17ms, 127cycles)
Wed May 07 01:21:10 CEST 2014: 2: Solution found.
Wed May 07 01:21:10 CEST 2014: 3: finished (17ms, 93cycles)
Wed May 07 01:21:10 CEST 2014: 3: Solution found.
Wed May 07 01:21:10 CEST 2014: 4: finished (3ms, 16cycles)
Wed May 07 01:21:10 CEST 2014: 4: Solution found.
Wed May 07 01:21:10 CEST 2014: 5: finished (1ms, 7cycles)
Wed May 07 01:21:10 CEST 2014: 5: Solution found.
Wed May 07 01:21:10 CEST 2014: 6: finished (4ms, 27cycles)
Wed May 07 01:21:10 CEST 2014: 6: Solution found.
Wed May 07 01:21:10 CEST 2014: 7: finished (4ms, 18cycles)
Wed May 07 01:21:10 CEST 2014: 7: Solution found.
Wed May 07 01:21:10 CEST 2014: 8: finished (2ms, 18cycles)
Wed May 07 01:21:10 CEST 2014: 8: Solution found.
Wed May 07 01:21:10 CEST 2014: 9: finished (4ms, 27cycles)
Wed May 07 01:21:10 CEST 2014: 9: Solution found.
Wed May 07 01:21:10 CEST 2014: 10: finished (67ms, 500cycles)
Wed May 07 01:21:10 CEST 2014: 10: No solution found.
Wed May 07 01:21:11 CEST 2014: 11: finished (80ms, 500cycles)
Wed May 07 01:21:11 CEST 2014: 11: No solution found.
Wed May 07 01:21:11 CEST 2014: 12: finished (333ms, 500cycles)
Wed May 07 01:21:11 CEST 2014: 12: No solution found.
Wed May 07 01:21:11 CEST 2014: 13: finished (52ms, 352cycles)
Wed May 07 01:21:11 CEST 2014: 13: Solution found.
Wed May 07 01:21:11 CEST 2014: 14: finished (67ms, 500cycles)
Wed May 07 01:21:11 CEST 2014: 14: No solution found.
Wed May 07 01:21:11 CEST 2014: 15: finished (10ms, 64cycles)
Wed May 07 01:21:11 CEST 2014: 15: Solution found.
Wed May 07 01:21:11 CEST 2014: 16: finished (3ms, 20cycles)
Wed May 07 01:21:11 CEST 2014: 16: Solution found.
Wed May 07 01:21:11 CEST 2014: 17: finished (71ms, 500cycles)
Wed May 07 01:21:11 CEST 2014: 17: No solution found.
Wed May 07 01:21:11 CEST 2014: 18: finished (23ms, 120cycles)
Wed May 07 01:21:11 CEST 2014: 18: Solution found.
Wed May 07 01:21:11 CEST 2014: 19: finished (66ms, 500cycles)
Wed May 07 01:21:11 CEST 2014: 19: No solution found.
Wed May 07 01:21:11 CEST 2014: 20: finished (3ms, 13cycles)
Wed May 07 01:21:11 CEST 2014: 20: Solution found.
Wed May 07 01:21:11 CEST 2014: 21: finished (12ms, 61cycles)
Wed May 07 01:21:11 CEST 2014: 21: Solution found.
Wed May 07 01:21:11 CEST 2014: 22: finished (0ms, 3cycles)
Wed May 07 01:21:11 CEST 2014: 22: Solution found.
Wed May 07 01:21:11 CEST 2014: 23: finished (67ms, 500cycles)
Wed May 07 01:21:11 CEST 2014: 23: No solution found.
Wed May 07 01:21:11 CEST 2014: 24: finished (3ms, 11cycles)
Wed May 07 01:21:11 CEST 2014: 24: Solution found.
Wed May 07 01:21:11 CEST 2014: 25: finished (36ms, 256cycles)
Wed May 07 01:21:11 CEST 2014: 25: Solution found.
Wed May 07 01:21:11 CEST 2014: 26: finished (2ms, 13cycles)
Wed May 07 01:21:11 CEST 2014: 26: Solution found.
Wed May 07 01:21:11 CEST 2014: 27: finished (71ms, 500cycles)
Wed May 07 01:21:11 CEST 2014: 27: No solution found.
Wed May 07 01:21:11 CEST 2014: 28: finished (1ms, 8cycles)
Wed May 07 01:21:11 CEST 2014: 28: Solution found.
Wed May 07 01:21:12 CEST 2014: 29: finished (196ms, 500cycles)
Wed May 07 01:21:12 CEST 2014: 29: No solution found.
Wed May 07 01:21:12 CEST 2014: 30: finished (3ms, 8cycles)
Wed May 07 01:21:12 CEST 2014: 30: Solution found.
Wed May 07 01:21:12 CEST 2014: 31: finished (55ms, 500cycles)
Wed May 07 01:21:12 CEST 2014: 31: No solution found.
Wed May 07 01:21:12 CEST 2014: 32: finished (354ms, 500cycles)
Wed May 07 01:21:12 CEST 2014: 32: No solution found.
Wed May 07 01:21:12 CEST 2014: 33: finished (30ms, 217cycles)
Wed May 07 01:21:12 CEST 2014: 33: Solution found.
Wed May 07 01:21:12 CEST 2014: 34: finished (78ms, 500cycles)
Wed May 07 01:21:12 CEST 2014: 34: No solution found.
Wed May 07 01:21:12 CEST 2014: 35: finished (1ms, 2cycles)
Wed May 07 01:21:12 CEST 2014: 35: Solution found.
Wed May 07 01:21:12 CEST 2014: 36: finished (8ms, 38cycles)
Wed May 07 01:21:12 CEST 2014: 36: Solution found.
Wed May 07 01:21:12 CEST 2014: 37: finished (62ms, 500cycles)
Wed May 07 01:21:12 CEST 2014: 37: No solution found.
Wed May 07 01:21:12 CEST 2014: 38: finished (59ms, 500cycles)
Wed May 07 01:21:12 CEST 2014: 38: No solution found.
Wed May 07 01:21:12 CEST 2014: 39: finished (65ms, 500cycles)
Wed May 07 01:21:12 CEST 2014: 39: No solution found.
Wed May 07 01:21:12 CEST 2014: 40: finished (61ms, 500cycles)
Wed May 07 01:21:12 CEST 2014: 40: No solution found.
Wed May 07 01:21:12 CEST 2014: 41: finished (7ms, 20cycles)
Wed May 07 01:21:12 CEST 2014: 41: Solution found.
Wed May 07 01:21:12 CEST 2014: 42: finished (75ms, 500cycles)
Wed May 07 01:21:12 CEST 2014: 42: No solution found.
Wed May 07 01:21:12 CEST 2014: 43: finished (8ms, 45cycles)
Wed May 07 01:21:12 CEST 2014: 43: Solution found.
Wed May 07 01:21:12 CEST 2014: 44: finished (5ms, 38cycles)
Wed May 07 01:21:12 CEST 2014: 44: Solution found.
Wed May 07 01:21:13 CEST 2014: 45: finished (180ms, 500cycles)
Wed May 07 01:21:13 CEST 2014: 45: No solution found.
Wed May 07 01:21:13 CEST 2014: 46: finished (61ms, 500cycles)
Wed May 07 01:21:13 CEST 2014: 46: No solution found.
Wed May 07 01:21:13 CEST 2014: 47: finished (6ms, 40cycles)
Wed May 07 01:21:13 CEST 2014: 47: Solution found.
Wed May 07 01:21:13 CEST 2014: 48: finished (5ms, 35cycles)
Wed May 07 01:21:13 CEST 2014: 48: Solution found.
Wed May 07 01:21:13 CEST 2014: 49: finished (57ms, 500cycles)
Wed May 07 01:21:13 CEST 2014: 49: No solution found.
Wed May 07 01:21:13 CEST 2014: 50: finished (3ms, 14cycles)
Wed May 07 01:21:13 CEST 2014: 50: Solution found.
Wed May 07 01:21:13 CEST 2014: 51: finished (76ms, 500cycles)
Wed May 07 01:21:13 CEST 2014: 51: No solution found.
Wed May 07 01:21:13 CEST 2014: 52: finished (61ms, 500cycles)
Wed May 07 01:21:13 CEST 2014: 52: No solution found.
Wed May 07 01:21:13 CEST 2014: 53: finished (63ms, 500cycles)
Wed May 07 01:21:13 CEST 2014: 53: No solution found.
Wed May 07 01:21:13 CEST 2014: 54: finished (10ms, 65cycles)
Wed May 07 01:21:13 CEST 2014: 54: Solution found.
Wed May 07 01:21:13 CEST 2014: 55: finished (143ms, 500cycles)
Wed May 07 01:21:13 CEST 2014: 55: No solution found.
Wed May 07 01:21:13 CEST 2014: 56: finished (58ms, 500cycles)
Wed May 07 01:21:13 CEST 2014: 56: No solution found.
Wed May 07 01:21:13 CEST 2014: 57: finished (8ms, 43cycles)
Wed May 07 01:21:13 CEST 2014: 57: Solution found.
Wed May 07 01:21:13 CEST 2014: 58: finished (7ms, 48cycles)
Wed May 07 01:21:13 CEST 2014: 58: Solution found.
Wed May 07 01:21:13 CEST 2014: 59: finished (67ms, 500cycles)
Wed May 07 01:21:13 CEST 2014: 59: No solution found.
Wed May 07 01:21:13 CEST 2014: 60: finished (6ms, 50cycles)
Wed May 07 01:21:13 CEST 2014: 60: Solution found.
Wed May 07 01:21:13 CEST 2014: 61: finished (3ms, 16cycles)
Wed May 07 01:21:13 CEST 2014: 61: Solution found.
Wed May 07 01:21:13 CEST 2014: 62: finished (5ms, 30cycles)
Wed May 07 01:21:13 CEST 2014: 62: Solution found.
Wed May 07 01:21:13 CEST 2014: 63: finished (75ms, 500cycles)
Wed May 07 01:21:13 CEST 2014: 63: No solution found.
Wed May 07 01:21:13 CEST 2014: 64: finished (80ms, 500cycles)
Wed May 07 01:21:13 CEST 2014: 64: No solution found.
Wed May 07 01:21:13 CEST 2014: 65: finished (2ms, 9cycles)
Wed May 07 01:21:13 CEST 2014: 65: Solution found.
Wed May 07 01:21:14 CEST 2014: 66: finished (242ms, 500cycles)
Wed May 07 01:21:14 CEST 2014: 66: No solution found.
Wed May 07 01:21:14 CEST 2014: 67: finished (182ms, 500cycles)
Wed May 07 01:21:14 CEST 2014: 67: No solution found.
Wed May 07 01:21:14 CEST 2014: 68: finished (4ms, 22cycles)
Wed May 07 01:21:14 CEST 2014: 68: Solution found.
Wed May 07 01:21:14 CEST 2014: 69: finished (66ms, 500cycles)
Wed May 07 01:21:14 CEST 2014: 69: No solution found.
Wed May 07 01:21:14 CEST 2014: 70: finished (3ms, 12cycles)
Wed May 07 01:21:14 CEST 2014: 70: Solution found.
Wed May 07 01:21:14 CEST 2014: 71: finished (183ms, 500cycles)
Wed May 07 01:21:14 CEST 2014: 71: No solution found.
Wed May 07 01:21:14 CEST 2014: 72: finished (62ms, 500cycles)
Wed May 07 01:21:14 CEST 2014: 72: No solution found.
Wed May 07 01:21:14 CEST 2014: 73: finished (0ms, 3cycles)
Wed May 07 01:21:14 CEST 2014: 73: Solution found.
Wed May 07 01:21:14 CEST 2014: 74: finished (68ms, 500cycles)
Wed May 07 01:21:14 CEST 2014: 74: No solution found.
Wed May 07 01:21:14 CEST 2014: 75: finished (65ms, 500cycles)
Wed May 07 01:21:14 CEST 2014: 75: No solution found.
Wed May 07 01:21:14 CEST 2014: 76: finished (4ms, 21cycles)
Wed May 07 01:21:14 CEST 2014: 76: Solution found.
Wed May 07 01:21:14 CEST 2014: 77: finished (1ms, 7cycles)
Wed May 07 01:21:14 CEST 2014: 77: Solution found.
Wed May 07 01:21:14 CEST 2014: 78: finished (76ms, 500cycles)
Wed May 07 01:21:14 CEST 2014: 78: No solution found.
Wed May 07 01:21:14 CEST 2014: 79: finished (68ms, 500cycles)
Wed May 07 01:21:14 CEST 2014: 79: No solution found.
Wed May 07 01:21:14 CEST 2014: 80: finished (61ms, 500cycles)
Wed May 07 01:21:14 CEST 2014: 80: No solution found.
Wed May 07 01:21:15 CEST 2014: 81: finished (68ms, 500cycles)
Wed May 07 01:21:15 CEST 2014: 81: No solution found.
Wed May 07 01:21:15 CEST 2014: 82: finished (6ms, 41cycles)
Wed May 07 01:21:15 CEST 2014: 82: Solution found.
Wed May 07 01:21:15 CEST 2014: 83: finished (60ms, 500cycles)
Wed May 07 01:21:15 CEST 2014: 83: No solution found.
Wed May 07 01:21:15 CEST 2014: 84: finished (67ms, 500cycles)
Wed May 07 01:21:15 CEST 2014: 84: No solution found.
Wed May 07 01:21:15 CEST 2014: 85: finished (15ms, 97cycles)
Wed May 07 01:21:15 CEST 2014: 85: Solution found.
Wed May 07 01:21:15 CEST 2014: 86: finished (67ms, 500cycles)
Wed May 07 01:21:15 CEST 2014: 86: No solution found.
Wed May 07 01:21:15 CEST 2014: 87: finished (65ms, 500cycles)
Wed May 07 01:21:15 CEST 2014: 87: No solution found.
Wed May 07 01:21:15 CEST 2014: 88: finished (80ms, 500cycles)
Wed May 07 01:21:15 CEST 2014: 88: No solution found.
Wed May 07 01:21:15 CEST 2014: 89: finished (3ms, 14cycles)
Wed May 07 01:21:15 CEST 2014: 89: Solution found.
Wed May 07 01:21:15 CEST 2014: 90: finished (9ms, 38cycles)
Wed May 07 01:21:15 CEST 2014: 90: Solution found.
Wed May 07 01:21:15 CEST 2014: 91: finished (73ms, 500cycles)
Wed May 07 01:21:15 CEST 2014: 91: No solution found.
Wed May 07 01:21:15 CEST 2014: 92: finished (58ms, 500cycles)
Wed May 07 01:21:15 CEST 2014: 92: No solution found.
Wed May 07 01:21:15 CEST 2014: 93: finished (2ms, 10cycles)
Wed May 07 01:21:15 CEST 2014: 93: Solution found.
Wed May 07 01:21:15 CEST 2014: 94: finished (66ms, 500cycles)
Wed May 07 01:21:15 CEST 2014: 94: No solution found.
Wed May 07 01:21:15 CEST 2014: 95: finished (64ms, 500cycles)
Wed May 07 01:21:15 CEST 2014: 95: No solution found.
Wed May 07 01:21:15 CEST 2014: 96: finished (5ms, 28cycles)
Wed May 07 01:21:15 CEST 2014: 96: Solution found.
Wed May 07 01:21:15 CEST 2014: 97: finished (59ms, 500cycles)
Wed May 07 01:21:15 CEST 2014: 97: No solution found.
Wed May 07 01:21:15 CEST 2014: 98: finished (4ms, 26cycles)
Wed May 07 01:21:15 CEST 2014: 98: Solution found.
Wed May 07 01:21:15 CEST 2014: 99: finished (180ms, 500cycles)
Wed May 07 01:21:15 CEST 2014: 99: No solution found.
Wed May 07 01:21:15 CEST 2014: Solution Found: 50
Wed May 07 01:21:15 CEST 2014: Avg cycles: 46
Wed May 07 01:21:15 CEST 2014: Max cycles: 352
Wed May 07 01:21:15 CEST 2014: Min cycles: 2
Wed May 07 01:21:15 CEST 2014: No solution found: 50
Wed May 07 01:21:15 CEST 2014: logging finished. (runtime: 5125ms)
