Sun May 18 05:04:06 CEST 2014: Problem Count: 30
Sun May 18 05:04:06 CEST 2014: CandidatesCount: 30
Sun May 18 05:04:06 CEST 2014: Max Cycles: 500
Sun May 18 05:04:06 CEST 2014: 0: finished (4ms, 15cycles)
Sun May 18 05:04:06 CEST 2014: 0: Solution found.
Sun May 18 05:04:06 CEST 2014: 1: finished (97ms, 500cycles)
Sun May 18 05:04:06 CEST 2014: 1: No solution found.
Sun May 18 05:04:06 CEST 2014: 2: finished (88ms, 500cycles)
Sun May 18 05:04:06 CEST 2014: 2: No solution found.
Sun May 18 05:04:06 CEST 2014: 3: finished (98ms, 500cycles)
Sun May 18 05:04:06 CEST 2014: 3: No solution found.
Sun May 18 05:04:06 CEST 2014: 4: finished (5ms, 26cycles)
Sun May 18 05:04:06 CEST 2014: 4: Solution found.
Sun May 18 05:04:06 CEST 2014: 5: finished (4ms, 17cycles)
Sun May 18 05:04:06 CEST 2014: 5: Solution found.
Sun May 18 05:04:06 CEST 2014: 6: finished (87ms, 500cycles)
Sun May 18 05:04:06 CEST 2014: 6: No solution found.
Sun May 18 05:04:06 CEST 2014: 7: finished (97ms, 500cycles)
Sun May 18 05:04:06 CEST 2014: 7: No solution found.
Sun May 18 05:04:06 CEST 2014: 8: finished (3ms, 14cycles)
Sun May 18 05:04:06 CEST 2014: 8: Solution found.
Sun May 18 05:04:06 CEST 2014: 9: finished (88ms, 500cycles)
Sun May 18 05:04:06 CEST 2014: 9: No solution found.
Sun May 18 05:04:06 CEST 2014: 10: finished (9ms, 48cycles)
Sun May 18 05:04:06 CEST 2014: 10: Solution found.
Sun May 18 05:04:06 CEST 2014: 11: finished (94ms, 500cycles)
Sun May 18 05:04:06 CEST 2014: 11: No solution found.
Sun May 18 05:04:06 CEST 2014: 12: finished (103ms, 500cycles)
Sun May 18 05:04:06 CEST 2014: 12: No solution found.
Sun May 18 05:04:06 CEST 2014: 13: finished (4ms, 15cycles)
Sun May 18 05:04:06 CEST 2014: 13: Solution found.
Sun May 18 05:04:06 CEST 2014: 14: finished (5ms, 23cycles)
Sun May 18 05:04:06 CEST 2014: 14: Solution found.
Sun May 18 05:04:07 CEST 2014: 15: finished (95ms, 500cycles)
Sun May 18 05:04:07 CEST 2014: 15: No solution found.
Sun May 18 05:04:07 CEST 2014: 16: finished (6ms, 30cycles)
Sun May 18 05:04:07 CEST 2014: 16: Solution found.
Sun May 18 05:04:07 CEST 2014: 17: finished (93ms, 500cycles)
Sun May 18 05:04:07 CEST 2014: 17: No solution found.
Sun May 18 05:04:07 CEST 2014: 18: finished (11ms, 51cycles)
Sun May 18 05:04:07 CEST 2014: 18: Solution found.
Sun May 18 05:04:07 CEST 2014: 19: finished (100ms, 500cycles)
Sun May 18 05:04:07 CEST 2014: 19: No solution found.
Sun May 18 05:04:07 CEST 2014: 20: finished (8ms, 41cycles)
Sun May 18 05:04:07 CEST 2014: 20: Solution found.
Sun May 18 05:04:07 CEST 2014: 21: finished (3ms, 11cycles)
Sun May 18 05:04:07 CEST 2014: 21: Solution found.
Sun May 18 05:04:07 CEST 2014: 22: finished (26ms, 102cycles)
Sun May 18 05:04:07 CEST 2014: 22: Solution found.
Sun May 18 05:04:07 CEST 2014: 23: finished (4ms, 21cycles)
Sun May 18 05:04:07 CEST 2014: 23: Solution found.
Sun May 18 05:04:07 CEST 2014: 24: finished (91ms, 500cycles)
Sun May 18 05:04:07 CEST 2014: 24: No solution found.
Sun May 18 05:04:07 CEST 2014: 25: finished (96ms, 500cycles)
Sun May 18 05:04:07 CEST 2014: 25: No solution found.
Sun May 18 05:04:07 CEST 2014: 26: finished (101ms, 500cycles)
Sun May 18 05:04:07 CEST 2014: 26: No solution found.
Sun May 18 05:04:07 CEST 2014: 27: finished (106ms, 500cycles)
Sun May 18 05:04:07 CEST 2014: 27: No solution found.
Sun May 18 05:04:07 CEST 2014: 28: finished (91ms, 500cycles)
Sun May 18 05:04:07 CEST 2014: 28: No solution found.
Sun May 18 05:04:07 CEST 2014: 29: finished (91ms, 500cycles)
Sun May 18 05:04:07 CEST 2014: 29: No solution found.
Sun May 18 05:04:07 CEST 2014: 30: finished (6ms, 31cycles)
Sun May 18 05:04:07 CEST 2014: 30: Solution found.
Sun May 18 05:04:07 CEST 2014: 31: finished (96ms, 500cycles)
Sun May 18 05:04:07 CEST 2014: 31: No solution found.
Sun May 18 05:04:08 CEST 2014: 32: finished (100ms, 500cycles)
Sun May 18 05:04:08 CEST 2014: 32: No solution found.
Sun May 18 05:04:08 CEST 2014: 33: finished (100ms, 500cycles)
Sun May 18 05:04:08 CEST 2014: 33: No solution found.
Sun May 18 05:04:08 CEST 2014: 34: finished (2ms, 9cycles)
Sun May 18 05:04:08 CEST 2014: 34: Solution found.
Sun May 18 05:04:08 CEST 2014: 35: finished (2ms, 9cycles)
Sun May 18 05:04:08 CEST 2014: 35: Solution found.
Sun May 18 05:04:08 CEST 2014: 36: finished (4ms, 20cycles)
Sun May 18 05:04:08 CEST 2014: 36: Solution found.
Sun May 18 05:04:08 CEST 2014: 37: finished (97ms, 500cycles)
Sun May 18 05:04:08 CEST 2014: 37: No solution found.
Sun May 18 05:04:08 CEST 2014: 38: finished (129ms, 500cycles)
Sun May 18 05:04:08 CEST 2014: 38: No solution found.
Sun May 18 05:04:08 CEST 2014: 39: finished (10ms, 50cycles)
Sun May 18 05:04:08 CEST 2014: 39: Solution found.
Sun May 18 05:04:08 CEST 2014: 40: finished (18ms, 106cycles)
Sun May 18 05:04:08 CEST 2014: 40: Solution found.
Sun May 18 05:04:08 CEST 2014: 41: finished (85ms, 500cycles)
Sun May 18 05:04:08 CEST 2014: 41: No solution found.
Sun May 18 05:04:08 CEST 2014: 42: finished (13ms, 59cycles)
Sun May 18 05:04:08 CEST 2014: 42: Solution found.
Sun May 18 05:04:08 CEST 2014: 43: finished (2ms, 10cycles)
Sun May 18 05:04:08 CEST 2014: 43: Solution found.
Sun May 18 05:04:08 CEST 2014: 44: finished (4ms, 21cycles)
Sun May 18 05:04:08 CEST 2014: 44: Solution found.
Sun May 18 05:04:08 CEST 2014: 45: finished (89ms, 500cycles)
Sun May 18 05:04:08 CEST 2014: 45: No solution found.
Sun May 18 05:04:08 CEST 2014: 46: finished (4ms, 19cycles)
Sun May 18 05:04:08 CEST 2014: 46: Solution found.
Sun May 18 05:04:08 CEST 2014: 47: finished (7ms, 32cycles)
Sun May 18 05:04:08 CEST 2014: 47: Solution found.
Sun May 18 05:04:08 CEST 2014: 48: finished (19ms, 96cycles)
Sun May 18 05:04:08 CEST 2014: 48: Solution found.
Sun May 18 05:04:08 CEST 2014: 49: finished (4ms, 16cycles)
Sun May 18 05:04:08 CEST 2014: 49: Solution found.
Sun May 18 05:04:08 CEST 2014: 50: finished (98ms, 500cycles)
Sun May 18 05:04:08 CEST 2014: 50: No solution found.
Sun May 18 05:04:08 CEST 2014: 51: finished (13ms, 35cycles)
Sun May 18 05:04:08 CEST 2014: 51: Solution found.
Sun May 18 05:04:08 CEST 2014: 52: finished (97ms, 500cycles)
Sun May 18 05:04:08 CEST 2014: 52: No solution found.
Sun May 18 05:04:08 CEST 2014: 53: finished (11ms, 58cycles)
Sun May 18 05:04:08 CEST 2014: 53: Solution found.
Sun May 18 05:04:08 CEST 2014: 54: finished (92ms, 500cycles)
Sun May 18 05:04:08 CEST 2014: 54: No solution found.
Sun May 18 05:04:09 CEST 2014: 55: finished (84ms, 500cycles)
Sun May 18 05:04:09 CEST 2014: 55: No solution found.
Sun May 18 05:04:09 CEST 2014: 56: finished (84ms, 500cycles)
Sun May 18 05:04:09 CEST 2014: 56: No solution found.
Sun May 18 05:04:09 CEST 2014: 57: finished (91ms, 500cycles)
Sun May 18 05:04:09 CEST 2014: 57: No solution found.
Sun May 18 05:04:09 CEST 2014: 58: finished (6ms, 27cycles)
Sun May 18 05:04:09 CEST 2014: 58: Solution found.
Sun May 18 05:04:09 CEST 2014: 59: finished (5ms, 23cycles)
Sun May 18 05:04:09 CEST 2014: 59: Solution found.
Sun May 18 05:04:09 CEST 2014: 60: finished (91ms, 500cycles)
Sun May 18 05:04:09 CEST 2014: 60: No solution found.
Sun May 18 05:04:09 CEST 2014: 61: finished (91ms, 500cycles)
Sun May 18 05:04:09 CEST 2014: 61: No solution found.
Sun May 18 05:04:09 CEST 2014: 62: finished (4ms, 17cycles)
Sun May 18 05:04:09 CEST 2014: 62: Solution found.
Sun May 18 05:04:09 CEST 2014: 63: finished (5ms, 27cycles)
Sun May 18 05:04:09 CEST 2014: 63: Solution found.
Sun May 18 05:04:09 CEST 2014: 64: finished (4ms, 19cycles)
Sun May 18 05:04:09 CEST 2014: 64: Solution found.
Sun May 18 05:04:09 CEST 2014: 65: finished (86ms, 500cycles)
Sun May 18 05:04:09 CEST 2014: 65: No solution found.
Sun May 18 05:04:09 CEST 2014: 66: finished (5ms, 19cycles)
Sun May 18 05:04:09 CEST 2014: 66: Solution found.
Sun May 18 05:04:09 CEST 2014: 67: finished (79ms, 500cycles)
Sun May 18 05:04:09 CEST 2014: 67: No solution found.
Sun May 18 05:04:09 CEST 2014: 68: finished (17ms, 80cycles)
Sun May 18 05:04:09 CEST 2014: 68: Solution found.
Sun May 18 05:04:09 CEST 2014: 69: finished (5ms, 22cycles)
Sun May 18 05:04:09 CEST 2014: 69: Solution found.
Sun May 18 05:04:09 CEST 2014: 70: finished (93ms, 500cycles)
Sun May 18 05:04:09 CEST 2014: 70: No solution found.
Sun May 18 05:04:09 CEST 2014: 71: finished (65ms, 281cycles)
Sun May 18 05:04:09 CEST 2014: 71: Solution found.
Sun May 18 05:04:09 CEST 2014: 72: finished (7ms, 34cycles)
Sun May 18 05:04:09 CEST 2014: 72: Solution found.
Sun May 18 05:04:09 CEST 2014: 73: finished (86ms, 500cycles)
Sun May 18 05:04:09 CEST 2014: 73: No solution found.
Sun May 18 05:04:09 CEST 2014: 74: finished (3ms, 12cycles)
Sun May 18 05:04:09 CEST 2014: 74: Solution found.
Sun May 18 05:04:09 CEST 2014: 75: finished (10ms, 50cycles)
Sun May 18 05:04:09 CEST 2014: 75: Solution found.
Sun May 18 05:04:09 CEST 2014: 76: finished (106ms, 500cycles)
Sun May 18 05:04:09 CEST 2014: 76: No solution found.
Sun May 18 05:04:09 CEST 2014: 77: finished (3ms, 10cycles)
Sun May 18 05:04:09 CEST 2014: 77: Solution found.
Sun May 18 05:04:10 CEST 2014: 78: finished (85ms, 500cycles)
Sun May 18 05:04:10 CEST 2014: 78: No solution found.
Sun May 18 05:04:10 CEST 2014: 79: finished (81ms, 500cycles)
Sun May 18 05:04:10 CEST 2014: 79: No solution found.
Sun May 18 05:04:10 CEST 2014: 80: finished (1ms, 3cycles)
Sun May 18 05:04:10 CEST 2014: 80: Solution found.
Sun May 18 05:04:10 CEST 2014: 81: finished (14ms, 66cycles)
Sun May 18 05:04:10 CEST 2014: 81: Solution found.
Sun May 18 05:04:10 CEST 2014: 82: finished (3ms, 12cycles)
Sun May 18 05:04:10 CEST 2014: 82: Solution found.
Sun May 18 05:04:10 CEST 2014: 83: finished (3ms, 12cycles)
Sun May 18 05:04:10 CEST 2014: 83: Solution found.
Sun May 18 05:04:10 CEST 2014: 84: finished (4ms, 21cycles)
Sun May 18 05:04:10 CEST 2014: 84: Solution found.
Sun May 18 05:04:10 CEST 2014: 85: finished (5ms, 23cycles)
Sun May 18 05:04:10 CEST 2014: 85: Solution found.
Sun May 18 05:04:10 CEST 2014: 86: finished (5ms, 23cycles)
Sun May 18 05:04:10 CEST 2014: 86: Solution found.
Sun May 18 05:04:10 CEST 2014: 87: finished (100ms, 500cycles)
Sun May 18 05:04:10 CEST 2014: 87: No solution found.
Sun May 18 05:04:10 CEST 2014: 88: finished (128ms, 500cycles)
Sun May 18 05:04:10 CEST 2014: 88: No solution found.
Sun May 18 05:04:10 CEST 2014: 89: finished (87ms, 500cycles)
Sun May 18 05:04:10 CEST 2014: 89: No solution found.
Sun May 18 05:04:10 CEST 2014: 90: finished (3ms, 14cycles)
Sun May 18 05:04:10 CEST 2014: 90: Solution found.
Sun May 18 05:04:10 CEST 2014: 91: finished (87ms, 500cycles)
Sun May 18 05:04:10 CEST 2014: 91: No solution found.
Sun May 18 05:04:10 CEST 2014: 92: finished (2ms, 9cycles)
Sun May 18 05:04:10 CEST 2014: 92: Solution found.
Sun May 18 05:04:10 CEST 2014: 93: finished (97ms, 500cycles)
Sun May 18 05:04:10 CEST 2014: 93: No solution found.
Sun May 18 05:04:10 CEST 2014: 94: finished (3ms, 13cycles)
Sun May 18 05:04:10 CEST 2014: 94: Solution found.
Sun May 18 05:04:10 CEST 2014: 95: finished (89ms, 500cycles)
Sun May 18 05:04:10 CEST 2014: 95: No solution found.
Sun May 18 05:04:10 CEST 2014: 96: finished (85ms, 500cycles)
Sun May 18 05:04:10 CEST 2014: 96: No solution found.
Sun May 18 05:04:10 CEST 2014: 97: finished (4ms, 18cycles)
Sun May 18 05:04:10 CEST 2014: 97: Solution found.
Sun May 18 05:04:10 CEST 2014: 98: finished (87ms, 500cycles)
Sun May 18 05:04:10 CEST 2014: 98: No solution found.
Sun May 18 05:04:11 CEST 2014: 99: finished (102ms, 500cycles)
Sun May 18 05:04:11 CEST 2014: 99: No solution found.
Sun May 18 05:04:11 CEST 2014: Solution Found: 52
Sun May 18 05:04:11 CEST 2014: Avg cycles: 35
Sun May 18 05:04:11 CEST 2014: Max cycles: 281
Sun May 18 05:04:11 CEST 2014: Min cycles: 3
Sun May 18 05:04:11 CEST 2014: No solution found: 48
Sun May 18 05:04:11 CEST 2014: logging finished. (runtime: 4929ms)
