Sat May 17 22:46:41 CEST 2014: Problem Count: 30
Sat May 17 22:46:41 CEST 2014: CandidatesCount: 10
Sat May 17 22:46:41 CEST 2014: Max Cycles: 500
Sat May 17 22:46:41 CEST 2014: 0: finished (35ms, 500cycles)
Sat May 17 22:46:41 CEST 2014: 0: No solution found.
Sat May 17 22:46:41 CEST 2014: 1: finished (35ms, 500cycles)
Sat May 17 22:46:41 CEST 2014: 1: No solution found.
Sat May 17 22:46:41 CEST 2014: 2: finished (28ms, 500cycles)
Sat May 17 22:46:41 CEST 2014: 2: No solution found.
Sat May 17 22:46:41 CEST 2014: 3: finished (5ms, 72cycles)
Sat May 17 22:46:41 CEST 2014: 3: Solution found.
Sat May 17 22:46:41 CEST 2014: 4: finished (9ms, 123cycles)
Sat May 17 22:46:41 CEST 2014: 4: Solution found.
Sat May 17 22:46:41 CEST 2014: 5: finished (32ms, 500cycles)
Sat May 17 22:46:41 CEST 2014: 5: No solution found.
Sat May 17 22:46:41 CEST 2014: 6: finished (2ms, 24cycles)
Sat May 17 22:46:41 CEST 2014: 6: Solution found.
Sat May 17 22:46:41 CEST 2014: 7: finished (29ms, 500cycles)
Sat May 17 22:46:41 CEST 2014: 7: No solution found.
Sat May 17 22:46:41 CEST 2014: 8: finished (40ms, 500cycles)
Sat May 17 22:46:41 CEST 2014: 8: No solution found.
Sat May 17 22:46:41 CEST 2014: 9: finished (28ms, 500cycles)
Sat May 17 22:46:41 CEST 2014: 9: No solution found.
Sat May 17 22:46:41 CEST 2014: 10: finished (28ms, 500cycles)
Sat May 17 22:46:41 CEST 2014: 10: No solution found.
Sat May 17 22:46:41 CEST 2014: 11: finished (27ms, 500cycles)
Sat May 17 22:46:41 CEST 2014: 11: No solution found.
Sat May 17 22:46:41 CEST 2014: 12: finished (29ms, 500cycles)
Sat May 17 22:46:41 CEST 2014: 12: No solution found.
Sat May 17 22:46:41 CEST 2014: 13: finished (3ms, 37cycles)
Sat May 17 22:46:41 CEST 2014: 13: Solution found.
Sat May 17 22:46:41 CEST 2014: 14: finished (31ms, 500cycles)
Sat May 17 22:46:41 CEST 2014: 14: No solution found.
Sat May 17 22:46:41 CEST 2014: 15: finished (36ms, 500cycles)
Sat May 17 22:46:41 CEST 2014: 15: No solution found.
Sat May 17 22:46:41 CEST 2014: 16: finished (26ms, 500cycles)
Sat May 17 22:46:41 CEST 2014: 16: No solution found.
Sat May 17 22:46:41 CEST 2014: 17: finished (26ms, 500cycles)
Sat May 17 22:46:41 CEST 2014: 17: No solution found.
Sat May 17 22:46:41 CEST 2014: 18: finished (29ms, 500cycles)
Sat May 17 22:46:41 CEST 2014: 18: No solution found.
Sat May 17 22:46:41 CEST 2014: 19: finished (3ms, 41cycles)
Sat May 17 22:46:41 CEST 2014: 19: Solution found.
Sat May 17 22:46:41 CEST 2014: 20: finished (29ms, 500cycles)
Sat May 17 22:46:41 CEST 2014: 20: No solution found.
Sat May 17 22:46:41 CEST 2014: 21: finished (30ms, 500cycles)
Sat May 17 22:46:41 CEST 2014: 21: No solution found.
Sat May 17 22:46:41 CEST 2014: 22: finished (36ms, 500cycles)
Sat May 17 22:46:41 CEST 2014: 22: No solution found.
Sat May 17 22:46:41 CEST 2014: 23: finished (31ms, 500cycles)
Sat May 17 22:46:41 CEST 2014: 23: No solution found.
Sat May 17 22:46:41 CEST 2014: 24: finished (2ms, 29cycles)
Sat May 17 22:46:41 CEST 2014: 24: Solution found.
Sat May 17 22:46:41 CEST 2014: 25: finished (28ms, 500cycles)
Sat May 17 22:46:41 CEST 2014: 25: No solution found.
Sat May 17 22:46:41 CEST 2014: 26: finished (29ms, 500cycles)
Sat May 17 22:46:41 CEST 2014: 26: No solution found.
Sat May 17 22:46:41 CEST 2014: 27: finished (28ms, 500cycles)
Sat May 17 22:46:41 CEST 2014: 27: No solution found.
Sat May 17 22:46:41 CEST 2014: 28: finished (32ms, 500cycles)
Sat May 17 22:46:41 CEST 2014: 28: No solution found.
Sat May 17 22:46:41 CEST 2014: 29: finished (30ms, 500cycles)
Sat May 17 22:46:41 CEST 2014: 29: No solution found.
Sat May 17 22:46:41 CEST 2014: 30: finished (30ms, 500cycles)
Sat May 17 22:46:41 CEST 2014: 30: No solution found.
Sat May 17 22:46:41 CEST 2014: 31: finished (29ms, 500cycles)
Sat May 17 22:46:41 CEST 2014: 31: No solution found.
Sat May 17 22:46:41 CEST 2014: 32: finished (28ms, 500cycles)
Sat May 17 22:46:41 CEST 2014: 32: No solution found.
Sat May 17 22:46:41 CEST 2014: 33: finished (29ms, 500cycles)
Sat May 17 22:46:41 CEST 2014: 33: No solution found.
Sat May 17 22:46:41 CEST 2014: 34: finished (29ms, 500cycles)
Sat May 17 22:46:41 CEST 2014: 34: No solution found.
Sat May 17 22:46:41 CEST 2014: 35: finished (7ms, 72cycles)
Sat May 17 22:46:41 CEST 2014: 35: Solution found.
Sat May 17 22:46:41 CEST 2014: 36: finished (3ms, 30cycles)
Sat May 17 22:46:41 CEST 2014: 36: Solution found.
Sat May 17 22:46:41 CEST 2014: 37: finished (28ms, 500cycles)
Sat May 17 22:46:41 CEST 2014: 37: No solution found.
Sat May 17 22:46:41 CEST 2014: 38: finished (29ms, 436cycles)
Sat May 17 22:46:41 CEST 2014: 38: Solution found.
Sat May 17 22:46:42 CEST 2014: 39: finished (28ms, 500cycles)
Sat May 17 22:46:42 CEST 2014: 39: No solution found.
Sat May 17 22:46:42 CEST 2014: 40: finished (26ms, 500cycles)
Sat May 17 22:46:42 CEST 2014: 40: No solution found.
Sat May 17 22:46:42 CEST 2014: 41: finished (36ms, 500cycles)
Sat May 17 22:46:42 CEST 2014: 41: No solution found.
Sat May 17 22:46:42 CEST 2014: 42: finished (33ms, 500cycles)
Sat May 17 22:46:42 CEST 2014: 42: No solution found.
Sat May 17 22:46:42 CEST 2014: 43: finished (4ms, 36cycles)
Sat May 17 22:46:42 CEST 2014: 43: Solution found.
Sat May 17 22:46:42 CEST 2014: 44: finished (42ms, 500cycles)
Sat May 17 22:46:42 CEST 2014: 44: No solution found.
Sat May 17 22:46:42 CEST 2014: 45: finished (32ms, 500cycles)
Sat May 17 22:46:42 CEST 2014: 45: No solution found.
Sat May 17 22:46:42 CEST 2014: 46: finished (29ms, 500cycles)
Sat May 17 22:46:42 CEST 2014: 46: No solution found.
Sat May 17 22:46:42 CEST 2014: 47: finished (11ms, 118cycles)
Sat May 17 22:46:42 CEST 2014: 47: Solution found.
Sat May 17 22:46:42 CEST 2014: 48: finished (1ms, 5cycles)
Sat May 17 22:46:42 CEST 2014: 48: Solution found.
Sat May 17 22:46:42 CEST 2014: 49: finished (29ms, 500cycles)
Sat May 17 22:46:42 CEST 2014: 49: No solution found.
Sat May 17 22:46:42 CEST 2014: 50: finished (2ms, 16cycles)
Sat May 17 22:46:42 CEST 2014: 50: Solution found.
Sat May 17 22:46:42 CEST 2014: 51: finished (30ms, 500cycles)
Sat May 17 22:46:42 CEST 2014: 51: No solution found.
Sat May 17 22:46:42 CEST 2014: 52: finished (33ms, 500cycles)
Sat May 17 22:46:42 CEST 2014: 52: No solution found.
Sat May 17 22:46:42 CEST 2014: 53: finished (34ms, 500cycles)
Sat May 17 22:46:42 CEST 2014: 53: No solution found.
Sat May 17 22:46:42 CEST 2014: 54: finished (37ms, 500cycles)
Sat May 17 22:46:42 CEST 2014: 54: No solution found.
Sat May 17 22:46:42 CEST 2014: 55: finished (2ms, 16cycles)
Sat May 17 22:46:42 CEST 2014: 55: Solution found.
Sat May 17 22:46:42 CEST 2014: 56: finished (37ms, 500cycles)
Sat May 17 22:46:42 CEST 2014: 56: No solution found.
Sat May 17 22:46:42 CEST 2014: 57: finished (38ms, 500cycles)
Sat May 17 22:46:42 CEST 2014: 57: No solution found.
Sat May 17 22:46:42 CEST 2014: 58: finished (38ms, 500cycles)
Sat May 17 22:46:42 CEST 2014: 58: No solution found.
Sat May 17 22:46:42 CEST 2014: 59: finished (29ms, 500cycles)
Sat May 17 22:46:42 CEST 2014: 59: No solution found.
Sat May 17 22:46:42 CEST 2014: 60: finished (28ms, 500cycles)
Sat May 17 22:46:42 CEST 2014: 60: No solution found.
Sat May 17 22:46:42 CEST 2014: 61: finished (23ms, 353cycles)
Sat May 17 22:46:42 CEST 2014: 61: Solution found.
Sat May 17 22:46:42 CEST 2014: 62: finished (36ms, 500cycles)
Sat May 17 22:46:42 CEST 2014: 62: No solution found.
Sat May 17 22:46:42 CEST 2014: 63: finished (30ms, 500cycles)
Sat May 17 22:46:42 CEST 2014: 63: No solution found.
Sat May 17 22:46:42 CEST 2014: 64: finished (30ms, 500cycles)
Sat May 17 22:46:42 CEST 2014: 64: No solution found.
Sat May 17 22:46:42 CEST 2014: 65: finished (39ms, 500cycles)
Sat May 17 22:46:42 CEST 2014: 65: No solution found.
Sat May 17 22:46:42 CEST 2014: 66: finished (6ms, 89cycles)
Sat May 17 22:46:42 CEST 2014: 66: Solution found.
Sat May 17 22:46:42 CEST 2014: 67: finished (34ms, 500cycles)
Sat May 17 22:46:42 CEST 2014: 67: No solution found.
Sat May 17 22:46:42 CEST 2014: 68: finished (28ms, 500cycles)
Sat May 17 22:46:42 CEST 2014: 68: No solution found.
Sat May 17 22:46:42 CEST 2014: 69: finished (39ms, 500cycles)
Sat May 17 22:46:42 CEST 2014: 69: No solution found.
Sat May 17 22:46:42 CEST 2014: 70: finished (30ms, 500cycles)
Sat May 17 22:46:42 CEST 2014: 70: No solution found.
Sat May 17 22:46:42 CEST 2014: 71: finished (31ms, 500cycles)
Sat May 17 22:46:42 CEST 2014: 71: No solution found.
Sat May 17 22:46:42 CEST 2014: 72: finished (1ms, 14cycles)
Sat May 17 22:46:42 CEST 2014: 72: Solution found.
Sat May 17 22:46:42 CEST 2014: 73: finished (26ms, 500cycles)
Sat May 17 22:46:42 CEST 2014: 73: No solution found.
Sat May 17 22:46:42 CEST 2014: 74: finished (38ms, 500cycles)
Sat May 17 22:46:42 CEST 2014: 74: No solution found.
Sat May 17 22:46:42 CEST 2014: 75: finished (30ms, 500cycles)
Sat May 17 22:46:42 CEST 2014: 75: No solution found.
Sat May 17 22:46:42 CEST 2014: 76: finished (2ms, 19cycles)
Sat May 17 22:46:42 CEST 2014: 76: Solution found.
Sat May 17 22:46:43 CEST 2014: 77: finished (28ms, 500cycles)
Sat May 17 22:46:43 CEST 2014: 77: No solution found.
Sat May 17 22:46:43 CEST 2014: 78: finished (34ms, 500cycles)
Sat May 17 22:46:43 CEST 2014: 78: No solution found.
Sat May 17 22:46:43 CEST 2014: 79: finished (1ms, 15cycles)
Sat May 17 22:46:43 CEST 2014: 79: Solution found.
Sat May 17 22:46:43 CEST 2014: 80: finished (24ms, 343cycles)
Sat May 17 22:46:43 CEST 2014: 80: Solution found.
Sat May 17 22:46:43 CEST 2014: 81: finished (3ms, 39cycles)
Sat May 17 22:46:43 CEST 2014: 81: Solution found.
Sat May 17 22:46:43 CEST 2014: 82: finished (28ms, 500cycles)
Sat May 17 22:46:43 CEST 2014: 82: No solution found.
Sat May 17 22:46:43 CEST 2014: 83: finished (29ms, 500cycles)
Sat May 17 22:46:43 CEST 2014: 83: No solution found.
Sat May 17 22:46:43 CEST 2014: 84: finished (29ms, 500cycles)
Sat May 17 22:46:43 CEST 2014: 84: No solution found.
Sat May 17 22:46:43 CEST 2014: 85: finished (13ms, 199cycles)
Sat May 17 22:46:43 CEST 2014: 85: Solution found.
Sat May 17 22:46:43 CEST 2014: 86: finished (30ms, 500cycles)
Sat May 17 22:46:43 CEST 2014: 86: No solution found.
Sat May 17 22:46:43 CEST 2014: 87: finished (38ms, 500cycles)
Sat May 17 22:46:43 CEST 2014: 87: No solution found.
Sat May 17 22:46:43 CEST 2014: 88: finished (29ms, 500cycles)
Sat May 17 22:46:43 CEST 2014: 88: No solution found.
Sat May 17 22:46:43 CEST 2014: 89: finished (1ms, 14cycles)
Sat May 17 22:46:43 CEST 2014: 89: Solution found.
Sat May 17 22:46:43 CEST 2014: 90: finished (34ms, 500cycles)
Sat May 17 22:46:43 CEST 2014: 90: No solution found.
Sat May 17 22:46:43 CEST 2014: 91: finished (3ms, 42cycles)
Sat May 17 22:46:43 CEST 2014: 91: Solution found.
Sat May 17 22:46:43 CEST 2014: 92: finished (38ms, 500cycles)
Sat May 17 22:46:43 CEST 2014: 92: No solution found.
Sat May 17 22:46:43 CEST 2014: 93: finished (31ms, 500cycles)
Sat May 17 22:46:43 CEST 2014: 93: No solution found.
Sat May 17 22:46:43 CEST 2014: 94: finished (33ms, 500cycles)
Sat May 17 22:46:43 CEST 2014: 94: No solution found.
Sat May 17 22:46:43 CEST 2014: 95: finished (21ms, 299cycles)
Sat May 17 22:46:43 CEST 2014: 95: Solution found.
Sat May 17 22:46:43 CEST 2014: 96: finished (9ms, 42cycles)
Sat May 17 22:46:43 CEST 2014: 96: Solution found.
Sat May 17 22:46:43 CEST 2014: 97: finished (5ms, 34cycles)
Sat May 17 22:46:43 CEST 2014: 97: Solution found.
Sat May 17 22:46:43 CEST 2014: 98: finished (4ms, 53cycles)
Sat May 17 22:46:43 CEST 2014: 98: Solution found.
Sat May 17 22:46:43 CEST 2014: 99: finished (33ms, 500cycles)
Sat May 17 22:46:43 CEST 2014: 99: No solution found.
Sat May 17 22:46:43 CEST 2014: Solution Found: 28
Sat May 17 22:46:43 CEST 2014: Avg cycles: 93
Sat May 17 22:46:43 CEST 2014: Max cycles: 436
Sat May 17 22:46:43 CEST 2014: Min cycles: 5
Sat May 17 22:46:43 CEST 2014: No solution found: 72
Sat May 17 22:46:43 CEST 2014: logging finished. (runtime: 2484ms)
