Sat May 17 22:51:07 CEST 2014: Problem Count: 20
Sat May 17 22:51:07 CEST 2014: CandidatesCount: 40
Sat May 17 22:51:07 CEST 2014: Max Cycles: 500
Sat May 17 22:51:07 CEST 2014: 0: finished (71ms, 500cycles)
Sat May 17 22:51:07 CEST 2014: 0: No solution found.
Sat May 17 22:51:07 CEST 2014: 1: finished (243ms, 500cycles)
Sat May 17 22:51:07 CEST 2014: 1: No solution found.
Sat May 17 22:51:07 CEST 2014: 2: finished (3ms, 11cycles)
Sat May 17 22:51:07 CEST 2014: 2: Solution found.
Sat May 17 22:51:07 CEST 2014: 3: finished (15ms, 95cycles)
Sat May 17 22:51:07 CEST 2014: 3: Solution found.
Sat May 17 22:51:07 CEST 2014: 4: finished (75ms, 500cycles)
Sat May 17 22:51:07 CEST 2014: 4: No solution found.
Sat May 17 22:51:07 CEST 2014: 5: finished (24ms, 112cycles)
Sat May 17 22:51:07 CEST 2014: 5: Solution found.
Sat May 17 22:51:07 CEST 2014: 6: finished (71ms, 500cycles)
Sat May 17 22:51:07 CEST 2014: 6: No solution found.
Sat May 17 22:51:07 CEST 2014: 7: finished (77ms, 500cycles)
Sat May 17 22:51:07 CEST 2014: 7: No solution found.
Sat May 17 22:51:07 CEST 2014: 8: finished (70ms, 500cycles)
Sat May 17 22:51:07 CEST 2014: 8: No solution found.
Sat May 17 22:51:07 CEST 2014: 9: finished (94ms, 500cycles)
Sat May 17 22:51:07 CEST 2014: 9: No solution found.
Sat May 17 22:51:07 CEST 2014: 10: finished (82ms, 500cycles)
Sat May 17 22:51:07 CEST 2014: 10: No solution found.
Sat May 17 22:51:07 CEST 2014: 11: finished (6ms, 29cycles)
Sat May 17 22:51:07 CEST 2014: 11: Solution found.
Sat May 17 22:51:08 CEST 2014: 12: finished (95ms, 500cycles)
Sat May 17 22:51:08 CEST 2014: 12: No solution found.
Sat May 17 22:51:08 CEST 2014: 13: finished (75ms, 500cycles)
Sat May 17 22:51:08 CEST 2014: 13: No solution found.
Sat May 17 22:51:08 CEST 2014: 14: finished (305ms, 500cycles)
Sat May 17 22:51:08 CEST 2014: 14: No solution found.
Sat May 17 22:51:08 CEST 2014: 15: finished (4ms, 21cycles)
Sat May 17 22:51:08 CEST 2014: 15: Solution found.
Sat May 17 22:51:08 CEST 2014: 16: finished (57ms, 500cycles)
Sat May 17 22:51:08 CEST 2014: 16: No solution found.
Sat May 17 22:51:08 CEST 2014: 17: finished (209ms, 500cycles)
Sat May 17 22:51:08 CEST 2014: 17: No solution found.
Sat May 17 22:51:08 CEST 2014: 18: finished (75ms, 500cycles)
Sat May 17 22:51:08 CEST 2014: 18: No solution found.
Sat May 17 22:51:08 CEST 2014: 19: finished (3ms, 12cycles)
Sat May 17 22:51:08 CEST 2014: 19: Solution found.
Sat May 17 22:51:08 CEST 2014: 20: finished (2ms, 11cycles)
Sat May 17 22:51:08 CEST 2014: 20: Solution found.
Sat May 17 22:51:08 CEST 2014: 21: finished (2ms, 11cycles)
Sat May 17 22:51:08 CEST 2014: 21: Solution found.
Sat May 17 22:51:08 CEST 2014: 22: finished (2ms, 12cycles)
Sat May 17 22:51:08 CEST 2014: 22: Solution found.
Sat May 17 22:51:08 CEST 2014: 23: finished (5ms, 29cycles)
Sat May 17 22:51:08 CEST 2014: 23: Solution found.
Sat May 17 22:51:08 CEST 2014: 24: finished (8ms, 45cycles)
Sat May 17 22:51:08 CEST 2014: 24: Solution found.
Sat May 17 22:51:08 CEST 2014: 25: finished (81ms, 500cycles)
Sat May 17 22:51:08 CEST 2014: 25: No solution found.
Sat May 17 22:51:08 CEST 2014: 26: finished (92ms, 500cycles)
Sat May 17 22:51:08 CEST 2014: 26: No solution found.
Sat May 17 22:51:08 CEST 2014: 27: finished (3ms, 15cycles)
Sat May 17 22:51:08 CEST 2014: 27: Solution found.
Sat May 17 22:51:08 CEST 2014: 28: finished (4ms, 19cycles)
Sat May 17 22:51:08 CEST 2014: 28: Solution found.
Sat May 17 22:51:09 CEST 2014: 29: finished (7ms, 38cycles)
Sat May 17 22:51:09 CEST 2014: 29: Solution found.
Sat May 17 22:51:09 CEST 2014: 30: finished (73ms, 500cycles)
Sat May 17 22:51:09 CEST 2014: 30: No solution found.
Sat May 17 22:51:09 CEST 2014: 31: finished (82ms, 500cycles)
Sat May 17 22:51:09 CEST 2014: 31: No solution found.
Sat May 17 22:51:09 CEST 2014: 32: finished (19ms, 53cycles)
Sat May 17 22:51:09 CEST 2014: 32: Solution found.
Sat May 17 22:51:09 CEST 2014: 33: finished (3ms, 19cycles)
Sat May 17 22:51:09 CEST 2014: 33: Solution found.
Sat May 17 22:51:09 CEST 2014: 34: finished (2ms, 12cycles)
Sat May 17 22:51:09 CEST 2014: 34: Solution found.
Sat May 17 22:51:09 CEST 2014: 35: finished (83ms, 500cycles)
Sat May 17 22:51:09 CEST 2014: 35: No solution found.
Sat May 17 22:51:09 CEST 2014: 36: finished (272ms, 500cycles)
Sat May 17 22:51:09 CEST 2014: 36: No solution found.
Sat May 17 22:51:09 CEST 2014: 37: finished (14ms, 76cycles)
Sat May 17 22:51:09 CEST 2014: 37: Solution found.
Sat May 17 22:51:09 CEST 2014: 38: finished (6ms, 26cycles)
Sat May 17 22:51:09 CEST 2014: 38: Solution found.
Sat May 17 22:51:09 CEST 2014: 39: finished (82ms, 500cycles)
Sat May 17 22:51:09 CEST 2014: 39: No solution found.
Sat May 17 22:51:09 CEST 2014: 40: finished (5ms, 20cycles)
Sat May 17 22:51:09 CEST 2014: 40: Solution found.
Sat May 17 22:51:09 CEST 2014: 41: finished (3ms, 13cycles)
Sat May 17 22:51:09 CEST 2014: 41: Solution found.
Sat May 17 22:51:09 CEST 2014: 42: finished (5ms, 24cycles)
Sat May 17 22:51:09 CEST 2014: 42: Solution found.
Sat May 17 22:51:09 CEST 2014: 43: finished (69ms, 500cycles)
Sat May 17 22:51:09 CEST 2014: 43: No solution found.
Sat May 17 22:51:09 CEST 2014: 44: finished (93ms, 500cycles)
Sat May 17 22:51:09 CEST 2014: 44: No solution found.
Sat May 17 22:51:09 CEST 2014: 45: finished (26ms, 70cycles)
Sat May 17 22:51:09 CEST 2014: 45: Solution found.
Sat May 17 22:51:09 CEST 2014: 46: finished (2ms, 8cycles)
Sat May 17 22:51:09 CEST 2014: 46: Solution found.
Sat May 17 22:51:09 CEST 2014: 47: finished (12ms, 46cycles)
Sat May 17 22:51:09 CEST 2014: 47: Solution found.
Sat May 17 22:51:09 CEST 2014: 48: finished (2ms, 12cycles)
Sat May 17 22:51:09 CEST 2014: 48: Solution found.
Sat May 17 22:51:09 CEST 2014: 49: finished (8ms, 40cycles)
Sat May 17 22:51:09 CEST 2014: 49: Solution found.
Sat May 17 22:51:09 CEST 2014: 50: finished (2ms, 13cycles)
Sat May 17 22:51:09 CEST 2014: 50: Solution found.
Sat May 17 22:51:09 CEST 2014: 51: finished (77ms, 500cycles)
Sat May 17 22:51:09 CEST 2014: 51: No solution found.
Sat May 17 22:51:10 CEST 2014: 52: finished (75ms, 386cycles)
Sat May 17 22:51:10 CEST 2014: 52: Solution found.
Sat May 17 22:51:10 CEST 2014: 53: finished (9ms, 46cycles)
Sat May 17 22:51:10 CEST 2014: 53: Solution found.
Sat May 17 22:51:10 CEST 2014: 54: finished (72ms, 500cycles)
Sat May 17 22:51:10 CEST 2014: 54: No solution found.
Sat May 17 22:51:10 CEST 2014: 55: finished (85ms, 500cycles)
Sat May 17 22:51:10 CEST 2014: 55: No solution found.
Sat May 17 22:51:10 CEST 2014: 56: finished (3ms, 15cycles)
Sat May 17 22:51:10 CEST 2014: 56: Solution found.
Sat May 17 22:51:10 CEST 2014: 57: finished (7ms, 37cycles)
Sat May 17 22:51:10 CEST 2014: 57: Solution found.
Sat May 17 22:51:10 CEST 2014: 58: finished (9ms, 39cycles)
Sat May 17 22:51:10 CEST 2014: 58: Solution found.
Sat May 17 22:51:10 CEST 2014: 59: finished (2ms, 10cycles)
Sat May 17 22:51:10 CEST 2014: 59: Solution found.
Sat May 17 22:51:10 CEST 2014: 60: finished (19ms, 121cycles)
Sat May 17 22:51:10 CEST 2014: 60: Solution found.
Sat May 17 22:51:10 CEST 2014: 61: finished (4ms, 20cycles)
Sat May 17 22:51:10 CEST 2014: 61: Solution found.
Sat May 17 22:51:10 CEST 2014: 62: finished (3ms, 18cycles)
Sat May 17 22:51:10 CEST 2014: 62: Solution found.
Sat May 17 22:51:10 CEST 2014: 63: finished (2ms, 7cycles)
Sat May 17 22:51:10 CEST 2014: 63: Solution found.
Sat May 17 22:51:10 CEST 2014: 64: finished (3ms, 17cycles)
Sat May 17 22:51:10 CEST 2014: 64: Solution found.
Sat May 17 22:51:10 CEST 2014: 65: finished (79ms, 500cycles)
Sat May 17 22:51:10 CEST 2014: 65: No solution found.
Sat May 17 22:51:10 CEST 2014: 66: finished (2ms, 8cycles)
Sat May 17 22:51:10 CEST 2014: 66: Solution found.
Sat May 17 22:51:10 CEST 2014: 67: finished (70ms, 500cycles)
Sat May 17 22:51:10 CEST 2014: 67: No solution found.
Sat May 17 22:51:10 CEST 2014: 68: finished (5ms, 28cycles)
Sat May 17 22:51:10 CEST 2014: 68: Solution found.
Sat May 17 22:51:10 CEST 2014: 69: finished (76ms, 500cycles)
Sat May 17 22:51:10 CEST 2014: 69: No solution found.
Sat May 17 22:51:10 CEST 2014: 70: finished (12ms, 43cycles)
Sat May 17 22:51:10 CEST 2014: 70: Solution found.
Sat May 17 22:51:10 CEST 2014: 71: finished (81ms, 500cycles)
Sat May 17 22:51:10 CEST 2014: 71: No solution found.
Sat May 17 22:51:10 CEST 2014: 72: finished (100ms, 500cycles)
Sat May 17 22:51:10 CEST 2014: 72: No solution found.
Sat May 17 22:51:10 CEST 2014: 73: finished (11ms, 64cycles)
Sat May 17 22:51:10 CEST 2014: 73: Solution found.
Sat May 17 22:51:10 CEST 2014: 74: finished (1ms, 7cycles)
Sat May 17 22:51:10 CEST 2014: 74: Solution found.
Sat May 17 22:51:10 CEST 2014: 75: finished (2ms, 12cycles)
Sat May 17 22:51:10 CEST 2014: 75: Solution found.
Sat May 17 22:51:10 CEST 2014: 76: finished (244ms, 500cycles)
Sat May 17 22:51:10 CEST 2014: 76: No solution found.
Sat May 17 22:51:10 CEST 2014: 77: finished (4ms, 15cycles)
Sat May 17 22:51:10 CEST 2014: 77: Solution found.
Sat May 17 22:51:11 CEST 2014: 78: finished (147ms, 217cycles)
Sat May 17 22:51:11 CEST 2014: 78: Solution found.
Sat May 17 22:51:11 CEST 2014: 79: finished (77ms, 500cycles)
Sat May 17 22:51:11 CEST 2014: 79: No solution found.
Sat May 17 22:51:11 CEST 2014: 80: finished (75ms, 500cycles)
Sat May 17 22:51:11 CEST 2014: 80: No solution found.
Sat May 17 22:51:11 CEST 2014: 81: finished (16ms, 37cycles)
Sat May 17 22:51:11 CEST 2014: 81: Solution found.
Sat May 17 22:51:11 CEST 2014: 82: finished (1ms, 5cycles)
Sat May 17 22:51:11 CEST 2014: 82: Solution found.
Sat May 17 22:51:11 CEST 2014: 83: finished (169ms, 500cycles)
Sat May 17 22:51:11 CEST 2014: 83: No solution found.
Sat May 17 22:51:11 CEST 2014: 84: finished (72ms, 500cycles)
Sat May 17 22:51:11 CEST 2014: 84: No solution found.
Sat May 17 22:51:11 CEST 2014: 85: finished (237ms, 500cycles)
Sat May 17 22:51:11 CEST 2014: 85: No solution found.
Sat May 17 22:51:11 CEST 2014: 86: finished (4ms, 20cycles)
Sat May 17 22:51:11 CEST 2014: 86: Solution found.
Sat May 17 22:51:11 CEST 2014: 87: finished (3ms, 16cycles)
Sat May 17 22:51:11 CEST 2014: 87: Solution found.
Sat May 17 22:51:11 CEST 2014: 88: finished (5ms, 26cycles)
Sat May 17 22:51:11 CEST 2014: 88: Solution found.
Sat May 17 22:51:11 CEST 2014: 89: finished (1ms, 2cycles)
Sat May 17 22:51:11 CEST 2014: 89: Solution found.
Sat May 17 22:51:11 CEST 2014: 90: finished (88ms, 500cycles)
Sat May 17 22:51:11 CEST 2014: 90: No solution found.
Sat May 17 22:51:11 CEST 2014: 91: finished (75ms, 500cycles)
Sat May 17 22:51:11 CEST 2014: 91: No solution found.
Sat May 17 22:51:11 CEST 2014: 92: finished (84ms, 500cycles)
Sat May 17 22:51:11 CEST 2014: 92: No solution found.
Sat May 17 22:51:11 CEST 2014: 93: finished (4ms, 17cycles)
Sat May 17 22:51:11 CEST 2014: 93: Solution found.
Sat May 17 22:51:11 CEST 2014: 94: finished (8ms, 43cycles)
Sat May 17 22:51:11 CEST 2014: 94: Solution found.
Sat May 17 22:51:12 CEST 2014: 95: finished (106ms, 500cycles)
Sat May 17 22:51:12 CEST 2014: 95: No solution found.
Sat May 17 22:51:12 CEST 2014: 96: finished (240ms, 500cycles)
Sat May 17 22:51:12 CEST 2014: 96: No solution found.
Sat May 17 22:51:12 CEST 2014: 97: finished (76ms, 500cycles)
Sat May 17 22:51:12 CEST 2014: 97: No solution found.
Sat May 17 22:51:12 CEST 2014: 98: finished (209ms, 500cycles)
Sat May 17 22:51:12 CEST 2014: 98: No solution found.
Sat May 17 22:51:12 CEST 2014: 99: finished (5ms, 20cycles)
Sat May 17 22:51:12 CEST 2014: 99: Solution found.
Sat May 17 22:51:12 CEST 2014: Solution Found: 56
Sat May 17 22:51:12 CEST 2014: Avg cycles: 39
Sat May 17 22:51:12 CEST 2014: Max cycles: 386
Sat May 17 22:51:12 CEST 2014: Min cycles: 2
Sat May 17 22:51:12 CEST 2014: No solution found: 44
Sat May 17 22:51:12 CEST 2014: logging finished. (runtime: 5497ms)
