Sun May 18 05:06:53 CEST 2014: Problem Count: 20
Sun May 18 05:06:53 CEST 2014: CandidatesCount: 30
Sun May 18 05:06:53 CEST 2014: Max Cycles: 500
Sun May 18 05:06:53 CEST 2014: 0: finished (12ms, 104cycles)
Sun May 18 05:06:53 CEST 2014: 0: Solution found.
Sun May 18 05:06:53 CEST 2014: 1: finished (1ms, 5cycles)
Sun May 18 05:06:53 CEST 2014: 1: Solution found.
Sun May 18 05:06:53 CEST 2014: 2: finished (50ms, 500cycles)
Sun May 18 05:06:53 CEST 2014: 2: No solution found.
Sun May 18 05:06:53 CEST 2014: 3: finished (49ms, 500cycles)
Sun May 18 05:06:53 CEST 2014: 3: No solution found.
Sun May 18 05:06:53 CEST 2014: 4: finished (53ms, 500cycles)
Sun May 18 05:06:53 CEST 2014: 4: No solution found.
Sun May 18 05:06:53 CEST 2014: 5: finished (50ms, 500cycles)
Sun May 18 05:06:53 CEST 2014: 5: No solution found.
Sun May 18 05:06:53 CEST 2014: 6: finished (72ms, 500cycles)
Sun May 18 05:06:53 CEST 2014: 6: No solution found.
Sun May 18 05:06:53 CEST 2014: 7: finished (62ms, 500cycles)
Sun May 18 05:06:53 CEST 2014: 7: No solution found.
Sun May 18 05:06:53 CEST 2014: 8: finished (54ms, 500cycles)
Sun May 18 05:06:53 CEST 2014: 8: No solution found.
Sun May 18 05:06:53 CEST 2014: 9: finished (2ms, 11cycles)
Sun May 18 05:06:53 CEST 2014: 9: Solution found.
Sun May 18 05:06:53 CEST 2014: 10: finished (18ms, 131cycles)
Sun May 18 05:06:53 CEST 2014: 10: Solution found.
Sun May 18 05:06:53 CEST 2014: 11: finished (71ms, 500cycles)
Sun May 18 05:06:53 CEST 2014: 11: No solution found.
Sun May 18 05:06:53 CEST 2014: 12: finished (1ms, 6cycles)
Sun May 18 05:06:53 CEST 2014: 12: Solution found.
Sun May 18 05:06:53 CEST 2014: 13: finished (2ms, 8cycles)
Sun May 18 05:06:53 CEST 2014: 13: Solution found.
Sun May 18 05:06:53 CEST 2014: 14: finished (56ms, 500cycles)
Sun May 18 05:06:53 CEST 2014: 14: No solution found.
Sun May 18 05:06:53 CEST 2014: 15: finished (2ms, 10cycles)
Sun May 18 05:06:53 CEST 2014: 15: Solution found.
Sun May 18 05:06:53 CEST 2014: 16: finished (61ms, 500cycles)
Sun May 18 05:06:53 CEST 2014: 16: No solution found.
Sun May 18 05:06:53 CEST 2014: 17: finished (3ms, 17cycles)
Sun May 18 05:06:53 CEST 2014: 17: Solution found.
Sun May 18 05:06:53 CEST 2014: 18: finished (6ms, 57cycles)
Sun May 18 05:06:53 CEST 2014: 18: Solution found.
Sun May 18 05:06:53 CEST 2014: 19: finished (0ms, 1cycles)
Sun May 18 05:06:53 CEST 2014: 19: Solution found.
Sun May 18 05:06:53 CEST 2014: 20: finished (54ms, 500cycles)
Sun May 18 05:06:53 CEST 2014: 20: No solution found.
Sun May 18 05:06:53 CEST 2014: 21: finished (57ms, 500cycles)
Sun May 18 05:06:53 CEST 2014: 21: No solution found.
Sun May 18 05:06:53 CEST 2014: 22: finished (6ms, 40cycles)
Sun May 18 05:06:53 CEST 2014: 22: Solution found.
Sun May 18 05:06:53 CEST 2014: 23: finished (15ms, 110cycles)
Sun May 18 05:06:53 CEST 2014: 23: Solution found.
Sun May 18 05:06:53 CEST 2014: 24: finished (1ms, 1cycles)
Sun May 18 05:06:53 CEST 2014: 24: Solution found.
Sun May 18 05:06:53 CEST 2014: 25: finished (57ms, 500cycles)
Sun May 18 05:06:53 CEST 2014: 25: No solution found.
Sun May 18 05:06:53 CEST 2014: 26: finished (5ms, 33cycles)
Sun May 18 05:06:53 CEST 2014: 26: Solution found.
Sun May 18 05:06:53 CEST 2014: 27: finished (51ms, 500cycles)
Sun May 18 05:06:53 CEST 2014: 27: No solution found.
Sun May 18 05:06:53 CEST 2014: 28: finished (4ms, 24cycles)
Sun May 18 05:06:53 CEST 2014: 28: Solution found.
Sun May 18 05:06:53 CEST 2014: 29: finished (52ms, 500cycles)
Sun May 18 05:06:53 CEST 2014: 29: No solution found.
Sun May 18 05:06:53 CEST 2014: 30: finished (2ms, 10cycles)
Sun May 18 05:06:53 CEST 2014: 30: Solution found.
Sun May 18 05:06:54 CEST 2014: 31: finished (56ms, 500cycles)
Sun May 18 05:06:54 CEST 2014: 31: No solution found.
Sun May 18 05:06:54 CEST 2014: 32: finished (56ms, 500cycles)
Sun May 18 05:06:54 CEST 2014: 32: No solution found.
Sun May 18 05:06:54 CEST 2014: 33: finished (56ms, 500cycles)
Sun May 18 05:06:54 CEST 2014: 33: No solution found.
Sun May 18 05:06:54 CEST 2014: 34: finished (2ms, 12cycles)
Sun May 18 05:06:54 CEST 2014: 34: Solution found.
Sun May 18 05:06:54 CEST 2014: 35: finished (65ms, 410cycles)
Sun May 18 05:06:54 CEST 2014: 35: Solution found.
Sun May 18 05:06:54 CEST 2014: 36: finished (52ms, 500cycles)
Sun May 18 05:06:54 CEST 2014: 36: No solution found.
Sun May 18 05:06:54 CEST 2014: 37: finished (172ms, 500cycles)
Sun May 18 05:06:54 CEST 2014: 37: No solution found.
Sun May 18 05:06:54 CEST 2014: 38: finished (4ms, 29cycles)
Sun May 18 05:06:54 CEST 2014: 38: Solution found.
Sun May 18 05:06:54 CEST 2014: 39: finished (2ms, 13cycles)
Sun May 18 05:06:54 CEST 2014: 39: Solution found.
Sun May 18 05:06:54 CEST 2014: 40: finished (2ms, 10cycles)
Sun May 18 05:06:54 CEST 2014: 40: Solution found.
Sun May 18 05:06:54 CEST 2014: 41: finished (3ms, 16cycles)
Sun May 18 05:06:54 CEST 2014: 41: Solution found.
Sun May 18 05:06:54 CEST 2014: 42: finished (25ms, 158cycles)
Sun May 18 05:06:54 CEST 2014: 42: Solution found.
Sun May 18 05:06:54 CEST 2014: 43: finished (50ms, 500cycles)
Sun May 18 05:06:54 CEST 2014: 43: No solution found.
Sun May 18 05:06:54 CEST 2014: 44: finished (59ms, 500cycles)
Sun May 18 05:06:54 CEST 2014: 44: No solution found.
Sun May 18 05:06:54 CEST 2014: 45: finished (57ms, 500cycles)
Sun May 18 05:06:54 CEST 2014: 45: No solution found.
Sun May 18 05:06:54 CEST 2014: 46: finished (2ms, 16cycles)
Sun May 18 05:06:54 CEST 2014: 46: Solution found.
Sun May 18 05:06:54 CEST 2014: 47: finished (54ms, 500cycles)
Sun May 18 05:06:54 CEST 2014: 47: No solution found.
Sun May 18 05:06:54 CEST 2014: 48: finished (2ms, 15cycles)
Sun May 18 05:06:54 CEST 2014: 48: Solution found.
Sun May 18 05:06:54 CEST 2014: 49: finished (206ms, 500cycles)
Sun May 18 05:06:54 CEST 2014: 49: No solution found.
Sun May 18 05:06:54 CEST 2014: 50: finished (4ms, 23cycles)
Sun May 18 05:06:54 CEST 2014: 50: Solution found.
Sun May 18 05:06:54 CEST 2014: 51: finished (53ms, 500cycles)
Sun May 18 05:06:54 CEST 2014: 51: No solution found.
Sun May 18 05:06:54 CEST 2014: 52: finished (54ms, 500cycles)
Sun May 18 05:06:54 CEST 2014: 52: No solution found.
Sun May 18 05:06:55 CEST 2014: 53: finished (65ms, 500cycles)
Sun May 18 05:06:55 CEST 2014: 53: No solution found.
Sun May 18 05:06:55 CEST 2014: 54: finished (4ms, 22cycles)
Sun May 18 05:06:55 CEST 2014: 54: Solution found.
Sun May 18 05:06:55 CEST 2014: 55: finished (3ms, 22cycles)
Sun May 18 05:06:55 CEST 2014: 55: Solution found.
Sun May 18 05:06:55 CEST 2014: 56: finished (5ms, 28cycles)
Sun May 18 05:06:55 CEST 2014: 56: Solution found.
Sun May 18 05:06:55 CEST 2014: 57: finished (67ms, 500cycles)
Sun May 18 05:06:55 CEST 2014: 57: No solution found.
Sun May 18 05:06:55 CEST 2014: 58: finished (70ms, 500cycles)
Sun May 18 05:06:55 CEST 2014: 58: No solution found.
Sun May 18 05:06:55 CEST 2014: 59: finished (4ms, 24cycles)
Sun May 18 05:06:55 CEST 2014: 59: Solution found.
Sun May 18 05:06:55 CEST 2014: 60: finished (0ms, 1cycles)
Sun May 18 05:06:55 CEST 2014: 60: Solution found.
Sun May 18 05:06:55 CEST 2014: 61: finished (2ms, 20cycles)
Sun May 18 05:06:55 CEST 2014: 61: Solution found.
Sun May 18 05:06:55 CEST 2014: 62: finished (53ms, 500cycles)
Sun May 18 05:06:55 CEST 2014: 62: No solution found.
Sun May 18 05:06:55 CEST 2014: 63: finished (12ms, 45cycles)
Sun May 18 05:06:55 CEST 2014: 63: Solution found.
Sun May 18 05:06:55 CEST 2014: 64: finished (63ms, 500cycles)
Sun May 18 05:06:55 CEST 2014: 64: No solution found.
Sun May 18 05:06:55 CEST 2014: 65: finished (62ms, 500cycles)
Sun May 18 05:06:55 CEST 2014: 65: No solution found.
Sun May 18 05:06:55 CEST 2014: 66: finished (54ms, 500cycles)
Sun May 18 05:06:55 CEST 2014: 66: No solution found.
Sun May 18 05:06:55 CEST 2014: 67: finished (3ms, 23cycles)
Sun May 18 05:06:55 CEST 2014: 67: Solution found.
Sun May 18 05:06:55 CEST 2014: 68: finished (53ms, 500cycles)
Sun May 18 05:06:55 CEST 2014: 68: No solution found.
Sun May 18 05:06:55 CEST 2014: 69: finished (14ms, 91cycles)
Sun May 18 05:06:55 CEST 2014: 69: Solution found.
Sun May 18 05:06:55 CEST 2014: 70: finished (59ms, 500cycles)
Sun May 18 05:06:55 CEST 2014: 70: No solution found.
Sun May 18 05:06:55 CEST 2014: 71: finished (31ms, 147cycles)
Sun May 18 05:06:55 CEST 2014: 71: Solution found.
Sun May 18 05:06:55 CEST 2014: 72: finished (6ms, 47cycles)
Sun May 18 05:06:55 CEST 2014: 72: Solution found.
Sun May 18 05:06:55 CEST 2014: 73: finished (69ms, 500cycles)
Sun May 18 05:06:55 CEST 2014: 73: No solution found.
Sun May 18 05:06:55 CEST 2014: 74: finished (3ms, 16cycles)
Sun May 18 05:06:55 CEST 2014: 74: Solution found.
Sun May 18 05:06:55 CEST 2014: 75: finished (2ms, 15cycles)
Sun May 18 05:06:55 CEST 2014: 75: Solution found.
Sun May 18 05:06:55 CEST 2014: 76: finished (3ms, 18cycles)
Sun May 18 05:06:55 CEST 2014: 76: Solution found.
Sun May 18 05:06:55 CEST 2014: 77: finished (62ms, 500cycles)
Sun May 18 05:06:55 CEST 2014: 77: No solution found.
Sun May 18 05:06:55 CEST 2014: 78: finished (20ms, 137cycles)
Sun May 18 05:06:55 CEST 2014: 78: Solution found.
Sun May 18 05:06:55 CEST 2014: 79: finished (65ms, 500cycles)
Sun May 18 05:06:55 CEST 2014: 79: No solution found.
Sun May 18 05:06:55 CEST 2014: 80: finished (61ms, 500cycles)
Sun May 18 05:06:55 CEST 2014: 80: No solution found.
Sun May 18 05:06:55 CEST 2014: 81: finished (53ms, 500cycles)
Sun May 18 05:06:55 CEST 2014: 81: No solution found.
Sun May 18 05:06:55 CEST 2014: 82: finished (2ms, 10cycles)
Sun May 18 05:06:55 CEST 2014: 82: Solution found.
Sun May 18 05:06:55 CEST 2014: 83: finished (9ms, 74cycles)
Sun May 18 05:06:55 CEST 2014: 83: Solution found.
Sun May 18 05:06:56 CEST 2014: 84: finished (216ms, 500cycles)
Sun May 18 05:06:56 CEST 2014: 84: No solution found.
Sun May 18 05:06:56 CEST 2014: 85: finished (57ms, 500cycles)
Sun May 18 05:06:56 CEST 2014: 85: No solution found.
Sun May 18 05:06:56 CEST 2014: 86: finished (56ms, 500cycles)
Sun May 18 05:06:56 CEST 2014: 86: No solution found.
Sun May 18 05:06:56 CEST 2014: 87: finished (58ms, 500cycles)
Sun May 18 05:06:56 CEST 2014: 87: No solution found.
Sun May 18 05:06:56 CEST 2014: 88: finished (2ms, 12cycles)
Sun May 18 05:06:56 CEST 2014: 88: Solution found.
Sun May 18 05:06:56 CEST 2014: 89: finished (81ms, 500cycles)
Sun May 18 05:06:56 CEST 2014: 89: No solution found.
Sun May 18 05:06:56 CEST 2014: 90: finished (58ms, 500cycles)
Sun May 18 05:06:56 CEST 2014: 90: No solution found.
Sun May 18 05:06:56 CEST 2014: 91: finished (2ms, 15cycles)
Sun May 18 05:06:56 CEST 2014: 91: Solution found.
Sun May 18 05:06:56 CEST 2014: 92: finished (26ms, 238cycles)
Sun May 18 05:06:56 CEST 2014: 92: Solution found.
Sun May 18 05:06:56 CEST 2014: 93: finished (63ms, 500cycles)
Sun May 18 05:06:56 CEST 2014: 93: No solution found.
Sun May 18 05:06:56 CEST 2014: 94: finished (56ms, 500cycles)
Sun May 18 05:06:56 CEST 2014: 94: No solution found.
Sun May 18 05:06:56 CEST 2014: 95: finished (52ms, 500cycles)
Sun May 18 05:06:56 CEST 2014: 95: No solution found.
Sun May 18 05:06:56 CEST 2014: 96: finished (0ms, 1cycles)
Sun May 18 05:06:56 CEST 2014: 96: Solution found.
Sun May 18 05:06:56 CEST 2014: 97: finished (1ms, 2cycles)
Sun May 18 05:06:56 CEST 2014: 97: Solution found.
Sun May 18 05:06:56 CEST 2014: 98: finished (2ms, 12cycles)
Sun May 18 05:06:56 CEST 2014: 98: Solution found.
Sun May 18 05:06:56 CEST 2014: 99: finished (5ms, 26cycles)
Sun May 18 05:06:56 CEST 2014: 99: Solution found.
Sun May 18 05:06:56 CEST 2014: Solution Found: 50
Sun May 18 05:06:56 CEST 2014: Avg cycles: 46
Sun May 18 05:06:56 CEST 2014: Max cycles: 410
Sun May 18 05:06:56 CEST 2014: Min cycles: 1
Sun May 18 05:06:56 CEST 2014: No solution found: 50
Sun May 18 05:06:56 CEST 2014: logging finished. (runtime: 3694ms)
