Sun May 18 20:25:32 CEST 2014: Problem Count: 50
Sun May 18 20:25:32 CEST 2014: CandidatesCount: 40
Sun May 18 20:25:32 CEST 2014: Max Cycles: 500
Sun May 18 20:25:32 CEST 2014: 0: finished (71ms, 128cycles)
Sun May 18 20:25:32 CEST 2014: 0: Solution found.
Sun May 18 20:25:32 CEST 2014: 1: finished (8ms, 15cycles)
Sun May 18 20:25:32 CEST 2014: 1: Solution found.
Sun May 18 20:25:32 CEST 2014: 2: finished (7ms, 14cycles)
Sun May 18 20:25:32 CEST 2014: 2: Solution found.
Sun May 18 20:25:32 CEST 2014: 3: finished (238ms, 500cycles)
Sun May 18 20:25:32 CEST 2014: 3: No solution found.
Sun May 18 20:25:32 CEST 2014: 4: finished (16ms, 32cycles)
Sun May 18 20:25:32 CEST 2014: 4: Solution found.
Sun May 18 20:25:33 CEST 2014: 5: finished (67ms, 131cycles)
Sun May 18 20:25:33 CEST 2014: 5: Solution found.
Sun May 18 20:25:33 CEST 2014: 6: finished (214ms, 500cycles)
Sun May 18 20:25:33 CEST 2014: 6: No solution found.
Sun May 18 20:25:33 CEST 2014: 7: finished (220ms, 420cycles)
Sun May 18 20:25:33 CEST 2014: 7: Solution found.
Sun May 18 20:25:33 CEST 2014: 8: finished (13ms, 26cycles)
Sun May 18 20:25:33 CEST 2014: 8: Solution found.
Sun May 18 20:25:33 CEST 2014: 9: finished (2ms, 2cycles)
Sun May 18 20:25:33 CEST 2014: 9: Solution found.
Sun May 18 20:25:33 CEST 2014: 10: finished (13ms, 27cycles)
Sun May 18 20:25:33 CEST 2014: 10: Solution found.
Sun May 18 20:25:33 CEST 2014: 11: finished (5ms, 11cycles)
Sun May 18 20:25:33 CEST 2014: 11: Solution found.
Sun May 18 20:25:33 CEST 2014: 12: finished (20ms, 37cycles)
Sun May 18 20:25:33 CEST 2014: 12: Solution found.
Sun May 18 20:25:33 CEST 2014: 13: finished (249ms, 500cycles)
Sun May 18 20:25:33 CEST 2014: 13: No solution found.
Sun May 18 20:25:33 CEST 2014: 14: finished (232ms, 500cycles)
Sun May 18 20:25:33 CEST 2014: 14: No solution found.
Sun May 18 20:25:34 CEST 2014: 15: finished (238ms, 500cycles)
Sun May 18 20:25:34 CEST 2014: 15: No solution found.
Sun May 18 20:25:34 CEST 2014: 16: finished (11ms, 20cycles)
Sun May 18 20:25:34 CEST 2014: 16: Solution found.
Sun May 18 20:25:34 CEST 2014: 17: finished (7ms, 14cycles)
Sun May 18 20:25:34 CEST 2014: 17: Solution found.
Sun May 18 20:25:34 CEST 2014: 18: finished (6ms, 12cycles)
Sun May 18 20:25:34 CEST 2014: 18: Solution found.
Sun May 18 20:25:34 CEST 2014: 19: finished (11ms, 21cycles)
Sun May 18 20:25:34 CEST 2014: 19: Solution found.
Sun May 18 20:25:34 CEST 2014: 20: finished (13ms, 24cycles)
Sun May 18 20:25:34 CEST 2014: 20: Solution found.
Sun May 18 20:25:34 CEST 2014: 21: finished (221ms, 500cycles)
Sun May 18 20:25:34 CEST 2014: 21: No solution found.
Sun May 18 20:25:34 CEST 2014: 22: finished (223ms, 500cycles)
Sun May 18 20:25:34 CEST 2014: 22: No solution found.
Sun May 18 20:25:34 CEST 2014: 23: finished (245ms, 500cycles)
Sun May 18 20:25:34 CEST 2014: 23: No solution found.
Sun May 18 20:25:35 CEST 2014: 24: finished (223ms, 500cycles)
Sun May 18 20:25:35 CEST 2014: 24: No solution found.
Sun May 18 20:25:35 CEST 2014: 25: finished (243ms, 500cycles)
Sun May 18 20:25:35 CEST 2014: 25: No solution found.
Sun May 18 20:25:35 CEST 2014: 26: finished (220ms, 500cycles)
Sun May 18 20:25:35 CEST 2014: 26: No solution found.
Sun May 18 20:25:35 CEST 2014: 27: finished (224ms, 500cycles)
Sun May 18 20:25:35 CEST 2014: 27: No solution found.
Sun May 18 20:25:36 CEST 2014: 28: finished (234ms, 500cycles)
Sun May 18 20:25:36 CEST 2014: 28: No solution found.
Sun May 18 20:25:36 CEST 2014: 29: finished (352ms, 500cycles)
Sun May 18 20:25:36 CEST 2014: 29: No solution found.
Sun May 18 20:25:37 CEST 2014: 30: finished (708ms, 500cycles)
Sun May 18 20:25:37 CEST 2014: 30: No solution found.
Sun May 18 20:25:37 CEST 2014: 31: finished (25ms, 19cycles)
Sun May 18 20:25:37 CEST 2014: 31: Solution found.
Sun May 18 20:25:37 CEST 2014: 32: finished (616ms, 500cycles)
Sun May 18 20:25:37 CEST 2014: 32: No solution found.
Sun May 18 20:25:37 CEST 2014: 33: finished (24ms, 18cycles)
Sun May 18 20:25:37 CEST 2014: 33: Solution found.
Sun May 18 20:25:38 CEST 2014: 34: finished (597ms, 500cycles)
Sun May 18 20:25:38 CEST 2014: 34: No solution found.
Sun May 18 20:25:38 CEST 2014: 35: finished (9ms, 6cycles)
Sun May 18 20:25:38 CEST 2014: 35: Solution found.
Sun May 18 20:25:38 CEST 2014: 36: finished (443ms, 500cycles)
Sun May 18 20:25:38 CEST 2014: 36: No solution found.
Sun May 18 20:25:38 CEST 2014: 37: finished (53ms, 39cycles)
Sun May 18 20:25:38 CEST 2014: 37: Solution found.
Sun May 18 20:25:38 CEST 2014: 38: finished (13ms, 12cycles)
Sun May 18 20:25:38 CEST 2014: 38: Solution found.
Sun May 18 20:25:39 CEST 2014: 39: finished (85ms, 67cycles)
Sun May 18 20:25:39 CEST 2014: 39: Solution found.
Sun May 18 20:25:39 CEST 2014: 40: finished (220ms, 181cycles)
Sun May 18 20:25:39 CEST 2014: 40: Solution found.
Sun May 18 20:25:39 CEST 2014: 41: finished (642ms, 500cycles)
Sun May 18 20:25:39 CEST 2014: 41: No solution found.
Sun May 18 20:25:40 CEST 2014: 42: finished (604ms, 500cycles)
Sun May 18 20:25:40 CEST 2014: 42: No solution found.
Sun May 18 20:25:40 CEST 2014: 43: finished (17ms, 11cycles)
Sun May 18 20:25:40 CEST 2014: 43: Solution found.
Sun May 18 20:25:40 CEST 2014: 44: finished (37ms, 25cycles)
Sun May 18 20:25:40 CEST 2014: 44: Solution found.
Sun May 18 20:25:40 CEST 2014: 45: finished (4ms, 1cycles)
Sun May 18 20:25:40 CEST 2014: 45: Solution found.
Sun May 18 20:25:40 CEST 2014: 46: finished (345ms, 500cycles)
Sun May 18 20:25:40 CEST 2014: 46: No solution found.
Sun May 18 20:25:41 CEST 2014: 47: finished (227ms, 500cycles)
Sun May 18 20:25:41 CEST 2014: 47: No solution found.
Sun May 18 20:25:41 CEST 2014: 48: finished (4ms, 7cycles)
Sun May 18 20:25:41 CEST 2014: 48: Solution found.
Sun May 18 20:25:41 CEST 2014: 49: finished (11ms, 23cycles)
Sun May 18 20:25:41 CEST 2014: 49: Solution found.
Sun May 18 20:25:41 CEST 2014: 50: finished (4ms, 6cycles)
Sun May 18 20:25:41 CEST 2014: 50: Solution found.
Sun May 18 20:25:41 CEST 2014: 51: finished (2ms, 4cycles)
Sun May 18 20:25:41 CEST 2014: 51: Solution found.
Sun May 18 20:25:41 CEST 2014: 52: finished (8ms, 14cycles)
Sun May 18 20:25:41 CEST 2014: 52: Solution found.
Sun May 18 20:25:41 CEST 2014: 53: finished (17ms, 34cycles)
Sun May 18 20:25:41 CEST 2014: 53: Solution found.
Sun May 18 20:25:41 CEST 2014: 54: finished (19ms, 37cycles)
Sun May 18 20:25:41 CEST 2014: 54: Solution found.
Sun May 18 20:25:41 CEST 2014: 55: finished (9ms, 18cycles)
Sun May 18 20:25:41 CEST 2014: 55: Solution found.
Sun May 18 20:25:41 CEST 2014: 56: finished (259ms, 500cycles)
Sun May 18 20:25:41 CEST 2014: 56: No solution found.
Sun May 18 20:25:41 CEST 2014: 57: finished (23ms, 47cycles)
Sun May 18 20:25:41 CEST 2014: 57: Solution found.
Sun May 18 20:25:41 CEST 2014: 58: finished (217ms, 500cycles)
Sun May 18 20:25:41 CEST 2014: 58: No solution found.
Sun May 18 20:25:41 CEST 2014: 59: finished (19ms, 34cycles)
Sun May 18 20:25:41 CEST 2014: 59: Solution found.
Sun May 18 20:25:41 CEST 2014: 60: finished (238ms, 500cycles)
Sun May 18 20:25:41 CEST 2014: 60: No solution found.
Sun May 18 20:25:41 CEST 2014: 61: finished (14ms, 27cycles)
Sun May 18 20:25:41 CEST 2014: 61: Solution found.
Sun May 18 20:25:41 CEST 2014: 62: finished (3ms, 5cycles)
Sun May 18 20:25:41 CEST 2014: 62: Solution found.
Sun May 18 20:25:42 CEST 2014: 63: finished (270ms, 500cycles)
Sun May 18 20:25:42 CEST 2014: 63: No solution found.
Sun May 18 20:25:42 CEST 2014: 64: finished (6ms, 12cycles)
Sun May 18 20:25:42 CEST 2014: 64: Solution found.
Sun May 18 20:25:42 CEST 2014: 65: finished (3ms, 5cycles)
Sun May 18 20:25:42 CEST 2014: 65: Solution found.
Sun May 18 20:25:42 CEST 2014: 66: finished (4ms, 7cycles)
Sun May 18 20:25:42 CEST 2014: 66: Solution found.
Sun May 18 20:25:42 CEST 2014: 67: finished (230ms, 500cycles)
Sun May 18 20:25:42 CEST 2014: 67: No solution found.
Sun May 18 20:25:42 CEST 2014: 68: finished (8ms, 15cycles)
Sun May 18 20:25:42 CEST 2014: 68: Solution found.
Sun May 18 20:25:42 CEST 2014: 69: finished (14ms, 31cycles)
Sun May 18 20:25:42 CEST 2014: 69: Solution found.
Sun May 18 20:25:42 CEST 2014: 70: finished (24ms, 52cycles)
Sun May 18 20:25:42 CEST 2014: 70: Solution found.
Sun May 18 20:25:42 CEST 2014: 71: finished (220ms, 500cycles)
Sun May 18 20:25:42 CEST 2014: 71: No solution found.
Sun May 18 20:25:42 CEST 2014: 72: finished (236ms, 500cycles)
Sun May 18 20:25:42 CEST 2014: 72: No solution found.
Sun May 18 20:25:43 CEST 2014: 73: finished (235ms, 500cycles)
Sun May 18 20:25:43 CEST 2014: 73: No solution found.
Sun May 18 20:25:43 CEST 2014: 74: finished (5ms, 7cycles)
Sun May 18 20:25:43 CEST 2014: 74: Solution found.
Sun May 18 20:25:43 CEST 2014: 75: finished (4ms, 7cycles)
Sun May 18 20:25:43 CEST 2014: 75: Solution found.
Sun May 18 20:25:43 CEST 2014: 76: finished (15ms, 29cycles)
Sun May 18 20:25:43 CEST 2014: 76: Solution found.
Sun May 18 20:25:43 CEST 2014: 77: finished (229ms, 500cycles)
Sun May 18 20:25:43 CEST 2014: 77: No solution found.
Sun May 18 20:25:43 CEST 2014: 78: finished (265ms, 500cycles)
Sun May 18 20:25:43 CEST 2014: 78: No solution found.
Sun May 18 20:25:43 CEST 2014: 79: finished (39ms, 76cycles)
Sun May 18 20:25:43 CEST 2014: 79: Solution found.
Sun May 18 20:25:43 CEST 2014: 80: finished (13ms, 27cycles)
Sun May 18 20:25:43 CEST 2014: 80: Solution found.
Sun May 18 20:25:44 CEST 2014: 81: finished (221ms, 500cycles)
Sun May 18 20:25:44 CEST 2014: 81: No solution found.
Sun May 18 20:25:44 CEST 2014: 82: finished (6ms, 11cycles)
Sun May 18 20:25:44 CEST 2014: 82: Solution found.
Sun May 18 20:25:44 CEST 2014: 83: finished (8ms, 16cycles)
Sun May 18 20:25:44 CEST 2014: 83: Solution found.
Sun May 18 20:25:44 CEST 2014: 84: finished (261ms, 500cycles)
Sun May 18 20:25:44 CEST 2014: 84: No solution found.
Sun May 18 20:25:44 CEST 2014: 85: finished (8ms, 12cycles)
Sun May 18 20:25:44 CEST 2014: 85: Solution found.
Sun May 18 20:25:44 CEST 2014: 86: finished (238ms, 500cycles)
Sun May 18 20:25:44 CEST 2014: 86: No solution found.
Sun May 18 20:25:44 CEST 2014: 87: finished (254ms, 500cycles)
Sun May 18 20:25:44 CEST 2014: 87: No solution found.
Sun May 18 20:25:44 CEST 2014: 88: finished (5ms, 8cycles)
Sun May 18 20:25:44 CEST 2014: 88: Solution found.
Sun May 18 20:25:44 CEST 2014: 89: finished (5ms, 9cycles)
Sun May 18 20:25:44 CEST 2014: 89: Solution found.
Sun May 18 20:25:45 CEST 2014: 90: finished (214ms, 500cycles)
Sun May 18 20:25:45 CEST 2014: 90: No solution found.
Sun May 18 20:25:45 CEST 2014: 91: finished (7ms, 11cycles)
Sun May 18 20:25:45 CEST 2014: 91: Solution found.
Sun May 18 20:25:45 CEST 2014: 92: finished (21ms, 46cycles)
Sun May 18 20:25:45 CEST 2014: 92: Solution found.
Sun May 18 20:25:45 CEST 2014: 93: finished (4ms, 8cycles)
Sun May 18 20:25:45 CEST 2014: 93: Solution found.
Sun May 18 20:25:45 CEST 2014: 94: finished (229ms, 500cycles)
Sun May 18 20:25:45 CEST 2014: 94: No solution found.
Sun May 18 20:25:45 CEST 2014: 95: finished (4ms, 6cycles)
Sun May 18 20:25:45 CEST 2014: 95: Solution found.
Sun May 18 20:25:45 CEST 2014: 96: finished (3ms, 5cycles)
Sun May 18 20:25:45 CEST 2014: 96: Solution found.
Sun May 18 20:25:45 CEST 2014: 97: finished (11ms, 18cycles)
Sun May 18 20:25:45 CEST 2014: 97: Solution found.
Sun May 18 20:25:45 CEST 2014: 98: finished (8ms, 14cycles)
Sun May 18 20:25:45 CEST 2014: 98: Solution found.
Sun May 18 20:25:45 CEST 2014: 99: finished (212ms, 500cycles)
Sun May 18 20:25:45 CEST 2014: 99: No solution found.
Sun May 18 20:25:45 CEST 2014: Solution Found: 61
Sun May 18 20:25:45 CEST 2014: Avg cycles: 32
Sun May 18 20:25:45 CEST 2014: Max cycles: 420
Sun May 18 20:25:45 CEST 2014: Min cycles: 1
Sun May 18 20:25:45 CEST 2014: No solution found: 39
Sun May 18 20:25:45 CEST 2014: logging finished. (runtime: 12912ms)
