Sat May 17 23:43:17 CEST 2014: Problem Count: 50
Sat May 17 23:43:17 CEST 2014: CandidatesCount: 30
Sat May 17 23:43:17 CEST 2014: Max Cycles: 500
Sat May 17 23:43:17 CEST 2014: 0: finished (2ms, 4cycles)
Sat May 17 23:43:17 CEST 2014: 0: Solution found.
Sat May 17 23:43:17 CEST 2014: 1: finished (6ms, 14cycles)
Sat May 17 23:43:17 CEST 2014: 1: Solution found.
Sat May 17 23:43:17 CEST 2014: 2: finished (2ms, 5cycles)
Sat May 17 23:43:17 CEST 2014: 2: Solution found.
Sat May 17 23:43:18 CEST 2014: 3: finished (170ms, 500cycles)
Sat May 17 23:43:18 CEST 2014: 3: No solution found.
Sat May 17 23:43:18 CEST 2014: 4: finished (20ms, 39cycles)
Sat May 17 23:43:18 CEST 2014: 4: Solution found.
Sat May 17 23:43:18 CEST 2014: 5: finished (176ms, 500cycles)
Sat May 17 23:43:18 CEST 2014: 5: No solution found.
Sat May 17 23:43:18 CEST 2014: 6: finished (31ms, 80cycles)
Sat May 17 23:43:18 CEST 2014: 6: Solution found.
Sat May 17 23:43:18 CEST 2014: 7: finished (4ms, 12cycles)
Sat May 17 23:43:18 CEST 2014: 7: Solution found.
Sat May 17 23:43:18 CEST 2014: 8: finished (206ms, 500cycles)
Sat May 17 23:43:18 CEST 2014: 8: No solution found.
Sat May 17 23:43:18 CEST 2014: 9: finished (3ms, 6cycles)
Sat May 17 23:43:18 CEST 2014: 9: Solution found.
Sat May 17 23:43:18 CEST 2014: 10: finished (165ms, 500cycles)
Sat May 17 23:43:18 CEST 2014: 10: No solution found.
Sat May 17 23:43:18 CEST 2014: 11: finished (7ms, 14cycles)
Sat May 17 23:43:18 CEST 2014: 11: Solution found.
Sat May 17 23:43:18 CEST 2014: 12: finished (9ms, 24cycles)
Sat May 17 23:43:18 CEST 2014: 12: Solution found.
Sat May 17 23:43:18 CEST 2014: 13: finished (158ms, 500cycles)
Sat May 17 23:43:18 CEST 2014: 13: No solution found.
Sat May 17 23:43:18 CEST 2014: 14: finished (9ms, 20cycles)
Sat May 17 23:43:18 CEST 2014: 14: Solution found.
Sat May 17 23:43:18 CEST 2014: 15: finished (184ms, 500cycles)
Sat May 17 23:43:18 CEST 2014: 15: No solution found.
Sat May 17 23:43:18 CEST 2014: 16: finished (5ms, 14cycles)
Sat May 17 23:43:18 CEST 2014: 16: Solution found.
Sat May 17 23:43:19 CEST 2014: 17: finished (13ms, 33cycles)
Sat May 17 23:43:19 CEST 2014: 17: Solution found.
Sat May 17 23:43:19 CEST 2014: 18: finished (10ms, 26cycles)
Sat May 17 23:43:19 CEST 2014: 18: Solution found.
Sat May 17 23:43:19 CEST 2014: 19: finished (167ms, 500cycles)
Sat May 17 23:43:19 CEST 2014: 19: No solution found.
Sat May 17 23:43:19 CEST 2014: 20: finished (169ms, 500cycles)
Sat May 17 23:43:19 CEST 2014: 20: No solution found.
Sat May 17 23:43:19 CEST 2014: 21: finished (170ms, 500cycles)
Sat May 17 23:43:19 CEST 2014: 21: No solution found.
Sat May 17 23:43:19 CEST 2014: 22: finished (21ms, 54cycles)
Sat May 17 23:43:19 CEST 2014: 22: Solution found.
Sat May 17 23:43:19 CEST 2014: 23: finished (5ms, 12cycles)
Sat May 17 23:43:19 CEST 2014: 23: Solution found.
Sat May 17 23:43:19 CEST 2014: 24: finished (5ms, 12cycles)
Sat May 17 23:43:19 CEST 2014: 24: Solution found.
Sat May 17 23:43:19 CEST 2014: 25: finished (2ms, 4cycles)
Sat May 17 23:43:19 CEST 2014: 25: Solution found.
Sat May 17 23:43:19 CEST 2014: 26: finished (5ms, 13cycles)
Sat May 17 23:43:19 CEST 2014: 26: Solution found.
Sat May 17 23:43:19 CEST 2014: 27: finished (166ms, 500cycles)
Sat May 17 23:43:19 CEST 2014: 27: No solution found.
Sat May 17 23:43:19 CEST 2014: 28: finished (4ms, 10cycles)
Sat May 17 23:43:19 CEST 2014: 28: Solution found.
Sat May 17 23:43:19 CEST 2014: 29: finished (166ms, 500cycles)
Sat May 17 23:43:19 CEST 2014: 29: No solution found.
Sat May 17 23:43:20 CEST 2014: 30: finished (182ms, 500cycles)
Sat May 17 23:43:20 CEST 2014: 30: No solution found.
Sat May 17 23:43:20 CEST 2014: 31: finished (19ms, 50cycles)
Sat May 17 23:43:20 CEST 2014: 31: Solution found.
Sat May 17 23:43:20 CEST 2014: 32: finished (166ms, 500cycles)
Sat May 17 23:43:20 CEST 2014: 32: No solution found.
Sat May 17 23:43:20 CEST 2014: 33: finished (166ms, 500cycles)
Sat May 17 23:43:20 CEST 2014: 33: No solution found.
Sat May 17 23:43:20 CEST 2014: 34: finished (13ms, 38cycles)
Sat May 17 23:43:20 CEST 2014: 34: Solution found.
Sat May 17 23:43:20 CEST 2014: 35: finished (15ms, 37cycles)
Sat May 17 23:43:20 CEST 2014: 35: Solution found.
Sat May 17 23:43:20 CEST 2014: 36: finished (22ms, 59cycles)
Sat May 17 23:43:20 CEST 2014: 36: Solution found.
Sat May 17 23:43:20 CEST 2014: 37: finished (177ms, 500cycles)
Sat May 17 23:43:20 CEST 2014: 37: No solution found.
Sat May 17 23:43:20 CEST 2014: 38: finished (158ms, 500cycles)
Sat May 17 23:43:20 CEST 2014: 38: No solution found.
Sat May 17 23:43:20 CEST 2014: 39: finished (10ms, 25cycles)
Sat May 17 23:43:20 CEST 2014: 39: Solution found.
Sat May 17 23:43:20 CEST 2014: 40: finished (169ms, 500cycles)
Sat May 17 23:43:20 CEST 2014: 40: No solution found.
Sat May 17 23:43:21 CEST 2014: 41: finished (4ms, 9cycles)
Sat May 17 23:43:21 CEST 2014: 41: Solution found.
Sat May 17 23:43:21 CEST 2014: 42: finished (6ms, 16cycles)
Sat May 17 23:43:21 CEST 2014: 42: Solution found.
Sat May 17 23:43:21 CEST 2014: 43: finished (4ms, 10cycles)
Sat May 17 23:43:21 CEST 2014: 43: Solution found.
Sat May 17 23:43:21 CEST 2014: 44: finished (3ms, 7cycles)
Sat May 17 23:43:21 CEST 2014: 44: Solution found.
Sat May 17 23:43:21 CEST 2014: 45: finished (6ms, 15cycles)
Sat May 17 23:43:21 CEST 2014: 45: Solution found.
Sat May 17 23:43:21 CEST 2014: 46: finished (4ms, 10cycles)
Sat May 17 23:43:21 CEST 2014: 46: Solution found.
Sat May 17 23:43:21 CEST 2014: 47: finished (179ms, 500cycles)
Sat May 17 23:43:21 CEST 2014: 47: No solution found.
Sat May 17 23:43:21 CEST 2014: 48: finished (10ms, 27cycles)
Sat May 17 23:43:21 CEST 2014: 48: Solution found.
Sat May 17 23:43:21 CEST 2014: 49: finished (182ms, 500cycles)
Sat May 17 23:43:21 CEST 2014: 49: No solution found.
Sat May 17 23:43:21 CEST 2014: 50: finished (10ms, 25cycles)
Sat May 17 23:43:21 CEST 2014: 50: Solution found.
Sat May 17 23:43:21 CEST 2014: 51: finished (5ms, 14cycles)
Sat May 17 23:43:21 CEST 2014: 51: Solution found.
Sat May 17 23:43:21 CEST 2014: 52: finished (4ms, 8cycles)
Sat May 17 23:43:21 CEST 2014: 52: Solution found.
Sat May 17 23:43:21 CEST 2014: 53: finished (194ms, 500cycles)
Sat May 17 23:43:21 CEST 2014: 53: No solution found.
Sat May 17 23:43:21 CEST 2014: 54: finished (186ms, 500cycles)
Sat May 17 23:43:21 CEST 2014: 54: No solution found.
Sat May 17 23:43:21 CEST 2014: 55: finished (5ms, 11cycles)
Sat May 17 23:43:21 CEST 2014: 55: Solution found.
Sat May 17 23:43:21 CEST 2014: 56: finished (12ms, 34cycles)
Sat May 17 23:43:21 CEST 2014: 56: Solution found.
Sat May 17 23:43:21 CEST 2014: 57: finished (12ms, 30cycles)
Sat May 17 23:43:21 CEST 2014: 57: Solution found.
Sat May 17 23:43:21 CEST 2014: 58: finished (170ms, 500cycles)
Sat May 17 23:43:21 CEST 2014: 58: No solution found.
Sat May 17 23:43:22 CEST 2014: 59: finished (13ms, 35cycles)
Sat May 17 23:43:22 CEST 2014: 59: Solution found.
Sat May 17 23:43:22 CEST 2014: 60: finished (1ms, 1cycles)
Sat May 17 23:43:22 CEST 2014: 60: Solution found.
Sat May 17 23:43:22 CEST 2014: 61: finished (163ms, 500cycles)
Sat May 17 23:43:22 CEST 2014: 61: No solution found.
Sat May 17 23:43:22 CEST 2014: 62: finished (174ms, 500cycles)
Sat May 17 23:43:22 CEST 2014: 62: No solution found.
Sat May 17 23:43:22 CEST 2014: 63: finished (5ms, 10cycles)
Sat May 17 23:43:22 CEST 2014: 63: Solution found.
Sat May 17 23:43:22 CEST 2014: 64: finished (6ms, 17cycles)
Sat May 17 23:43:22 CEST 2014: 64: Solution found.
Sat May 17 23:43:22 CEST 2014: 65: finished (175ms, 500cycles)
Sat May 17 23:43:22 CEST 2014: 65: No solution found.
Sat May 17 23:43:22 CEST 2014: 66: finished (7ms, 15cycles)
Sat May 17 23:43:22 CEST 2014: 66: Solution found.
Sat May 17 23:43:22 CEST 2014: 67: finished (12ms, 31cycles)
Sat May 17 23:43:22 CEST 2014: 67: Solution found.
Sat May 17 23:43:22 CEST 2014: 68: finished (163ms, 500cycles)
Sat May 17 23:43:22 CEST 2014: 68: No solution found.
Sat May 17 23:43:22 CEST 2014: 69: finished (171ms, 500cycles)
Sat May 17 23:43:22 CEST 2014: 69: No solution found.
Sat May 17 23:43:23 CEST 2014: 70: finished (181ms, 500cycles)
Sat May 17 23:43:23 CEST 2014: 70: No solution found.
Sat May 17 23:43:23 CEST 2014: 71: finished (10ms, 25cycles)
Sat May 17 23:43:23 CEST 2014: 71: Solution found.
Sat May 17 23:43:23 CEST 2014: 72: finished (9ms, 24cycles)
Sat May 17 23:43:23 CEST 2014: 72: Solution found.
Sat May 17 23:43:23 CEST 2014: 73: finished (4ms, 11cycles)
Sat May 17 23:43:23 CEST 2014: 73: Solution found.
Sat May 17 23:43:23 CEST 2014: 74: finished (164ms, 500cycles)
Sat May 17 23:43:23 CEST 2014: 74: No solution found.
Sat May 17 23:43:23 CEST 2014: 75: finished (165ms, 500cycles)
Sat May 17 23:43:23 CEST 2014: 75: No solution found.
Sat May 17 23:43:23 CEST 2014: 76: finished (4ms, 9cycles)
Sat May 17 23:43:23 CEST 2014: 76: Solution found.
Sat May 17 23:43:23 CEST 2014: 77: finished (175ms, 500cycles)
Sat May 17 23:43:23 CEST 2014: 77: No solution found.
Sat May 17 23:43:23 CEST 2014: 78: finished (169ms, 500cycles)
Sat May 17 23:43:23 CEST 2014: 78: No solution found.
Sat May 17 23:43:23 CEST 2014: 79: finished (181ms, 500cycles)
Sat May 17 23:43:23 CEST 2014: 79: No solution found.
Sat May 17 23:43:23 CEST 2014: 80: finished (23ms, 64cycles)
Sat May 17 23:43:23 CEST 2014: 80: Solution found.
Sat May 17 23:43:23 CEST 2014: 81: finished (5ms, 15cycles)
Sat May 17 23:43:23 CEST 2014: 81: Solution found.
Sat May 17 23:43:23 CEST 2014: 82: finished (7ms, 18cycles)
Sat May 17 23:43:23 CEST 2014: 82: Solution found.
Sat May 17 23:43:24 CEST 2014: 83: finished (171ms, 500cycles)
Sat May 17 23:43:24 CEST 2014: 83: No solution found.
Sat May 17 23:43:24 CEST 2014: 84: finished (189ms, 500cycles)
Sat May 17 23:43:24 CEST 2014: 84: No solution found.
Sat May 17 23:43:24 CEST 2014: 85: finished (180ms, 500cycles)
Sat May 17 23:43:24 CEST 2014: 85: No solution found.
Sat May 17 23:43:24 CEST 2014: 86: finished (192ms, 500cycles)
Sat May 17 23:43:24 CEST 2014: 86: No solution found.
Sat May 17 23:43:24 CEST 2014: 87: finished (185ms, 500cycles)
Sat May 17 23:43:24 CEST 2014: 87: No solution found.
Sat May 17 23:43:24 CEST 2014: 88: finished (3ms, 7cycles)
Sat May 17 23:43:24 CEST 2014: 88: Solution found.
Sat May 17 23:43:25 CEST 2014: 89: finished (171ms, 500cycles)
Sat May 17 23:43:25 CEST 2014: 89: No solution found.
Sat May 17 23:43:25 CEST 2014: 90: finished (5ms, 10cycles)
Sat May 17 23:43:25 CEST 2014: 90: Solution found.
Sat May 17 23:43:25 CEST 2014: 91: finished (175ms, 500cycles)
Sat May 17 23:43:25 CEST 2014: 91: No solution found.
Sat May 17 23:43:25 CEST 2014: 92: finished (5ms, 11cycles)
Sat May 17 23:43:25 CEST 2014: 92: Solution found.
Sat May 17 23:43:25 CEST 2014: 93: finished (179ms, 500cycles)
Sat May 17 23:43:25 CEST 2014: 93: No solution found.
Sat May 17 23:43:25 CEST 2014: 94: finished (10ms, 26cycles)
Sat May 17 23:43:25 CEST 2014: 94: Solution found.
Sat May 17 23:43:25 CEST 2014: 95: finished (176ms, 500cycles)
Sat May 17 23:43:25 CEST 2014: 95: No solution found.
Sat May 17 23:43:25 CEST 2014: 96: finished (13ms, 34cycles)
Sat May 17 23:43:25 CEST 2014: 96: Solution found.
Sat May 17 23:43:25 CEST 2014: 97: finished (7ms, 21cycles)
Sat May 17 23:43:25 CEST 2014: 97: Solution found.
Sat May 17 23:43:25 CEST 2014: 98: finished (183ms, 500cycles)
Sat May 17 23:43:25 CEST 2014: 98: No solution found.
Sat May 17 23:43:25 CEST 2014: 99: finished (11ms, 29cycles)
Sat May 17 23:43:25 CEST 2014: 99: Solution found.
Sat May 17 23:43:25 CEST 2014: Solution Found: 57
Sat May 17 23:43:25 CEST 2014: Avg cycles: 21
Sat May 17 23:43:25 CEST 2014: Max cycles: 80
Sat May 17 23:43:25 CEST 2014: Min cycles: 1
Sat May 17 23:43:25 CEST 2014: No solution found: 43
Sat May 17 23:43:25 CEST 2014: logging finished. (runtime: 8012ms)
