Sun May 18 05:55:36 CEST 2014: Problem Count: 30
Sun May 18 05:55:36 CEST 2014: CandidatesCount: 50
Sun May 18 05:55:36 CEST 2014: Max Cycles: 500
Sun May 18 05:55:36 CEST 2014: 0: finished (9ms, 21cycles)
Sun May 18 05:55:36 CEST 2014: 0: Solution found.
Sun May 18 05:55:36 CEST 2014: 1: finished (17ms, 38cycles)
Sun May 18 05:55:36 CEST 2014: 1: Solution found.
Sun May 18 05:55:36 CEST 2014: 2: finished (107ms, 248cycles)
Sun May 18 05:55:36 CEST 2014: 2: Solution found.
Sun May 18 05:55:36 CEST 2014: 3: finished (9ms, 20cycles)
Sun May 18 05:55:36 CEST 2014: 3: Solution found.
Sun May 18 05:55:36 CEST 2014: 4: finished (17ms, 35cycles)
Sun May 18 05:55:36 CEST 2014: 4: Solution found.
Sun May 18 05:55:36 CEST 2014: 5: finished (188ms, 500cycles)
Sun May 18 05:55:36 CEST 2014: 5: No solution found.
Sun May 18 05:55:36 CEST 2014: 6: finished (4ms, 8cycles)
Sun May 18 05:55:36 CEST 2014: 6: Solution found.
Sun May 18 05:55:37 CEST 2014: 7: finished (205ms, 500cycles)
Sun May 18 05:55:37 CEST 2014: 7: No solution found.
Sun May 18 05:55:37 CEST 2014: 8: finished (11ms, 27cycles)
Sun May 18 05:55:37 CEST 2014: 8: Solution found.
Sun May 18 05:55:37 CEST 2014: 9: finished (187ms, 500cycles)
Sun May 18 05:55:37 CEST 2014: 9: No solution found.
Sun May 18 05:55:37 CEST 2014: 10: finished (5ms, 10cycles)
Sun May 18 05:55:37 CEST 2014: 10: Solution found.
Sun May 18 05:55:37 CEST 2014: 11: finished (191ms, 500cycles)
Sun May 18 05:55:37 CEST 2014: 11: No solution found.
Sun May 18 05:55:37 CEST 2014: 12: finished (6ms, 12cycles)
Sun May 18 05:55:37 CEST 2014: 12: Solution found.
Sun May 18 05:55:37 CEST 2014: 13: finished (21ms, 49cycles)
Sun May 18 05:55:37 CEST 2014: 13: Solution found.
Sun May 18 05:55:37 CEST 2014: 14: finished (183ms, 500cycles)
Sun May 18 05:55:37 CEST 2014: 14: No solution found.
Sun May 18 05:55:37 CEST 2014: 15: finished (4ms, 8cycles)
Sun May 18 05:55:37 CEST 2014: 15: Solution found.
Sun May 18 05:55:37 CEST 2014: 16: finished (5ms, 11cycles)
Sun May 18 05:55:37 CEST 2014: 16: Solution found.
Sun May 18 05:55:37 CEST 2014: 17: finished (190ms, 500cycles)
Sun May 18 05:55:37 CEST 2014: 17: No solution found.
Sun May 18 05:55:38 CEST 2014: 18: finished (198ms, 500cycles)
Sun May 18 05:55:38 CEST 2014: 18: No solution found.
Sun May 18 05:55:38 CEST 2014: 19: finished (196ms, 500cycles)
Sun May 18 05:55:38 CEST 2014: 19: No solution found.
Sun May 18 05:55:38 CEST 2014: 20: finished (193ms, 500cycles)
Sun May 18 05:55:38 CEST 2014: 20: No solution found.
Sun May 18 05:55:38 CEST 2014: 21: finished (182ms, 500cycles)
Sun May 18 05:55:38 CEST 2014: 21: No solution found.
Sun May 18 05:55:38 CEST 2014: 22: finished (181ms, 500cycles)
Sun May 18 05:55:38 CEST 2014: 22: No solution found.
Sun May 18 05:55:38 CEST 2014: 23: finished (22ms, 51cycles)
Sun May 18 05:55:38 CEST 2014: 23: Solution found.
Sun May 18 05:55:38 CEST 2014: 24: finished (4ms, 6cycles)
Sun May 18 05:55:38 CEST 2014: 24: Solution found.
Sun May 18 05:55:39 CEST 2014: 25: finished (199ms, 500cycles)
Sun May 18 05:55:39 CEST 2014: 25: No solution found.
Sun May 18 05:55:39 CEST 2014: 26: finished (14ms, 35cycles)
Sun May 18 05:55:39 CEST 2014: 26: Solution found.
Sun May 18 05:55:39 CEST 2014: 27: finished (184ms, 500cycles)
Sun May 18 05:55:39 CEST 2014: 27: No solution found.
Sun May 18 05:55:39 CEST 2014: 28: finished (12ms, 25cycles)
Sun May 18 05:55:39 CEST 2014: 28: Solution found.
Sun May 18 05:55:39 CEST 2014: 29: finished (378ms, 500cycles)
Sun May 18 05:55:39 CEST 2014: 29: No solution found.
Sun May 18 05:55:40 CEST 2014: 30: finished (407ms, 500cycles)
Sun May 18 05:55:40 CEST 2014: 30: No solution found.
Sun May 18 05:55:40 CEST 2014: 31: finished (64ms, 75cycles)
Sun May 18 05:55:40 CEST 2014: 31: Solution found.
Sun May 18 05:55:40 CEST 2014: 32: finished (37ms, 41cycles)
Sun May 18 05:55:40 CEST 2014: 32: Solution found.
Sun May 18 05:55:40 CEST 2014: 33: finished (479ms, 500cycles)
Sun May 18 05:55:40 CEST 2014: 33: No solution found.
Sun May 18 05:55:41 CEST 2014: 34: finished (439ms, 500cycles)
Sun May 18 05:55:41 CEST 2014: 34: No solution found.
Sun May 18 05:55:41 CEST 2014: 35: finished (420ms, 500cycles)
Sun May 18 05:55:41 CEST 2014: 35: No solution found.
Sun May 18 05:55:41 CEST 2014: 36: finished (489ms, 500cycles)
Sun May 18 05:55:41 CEST 2014: 36: No solution found.
Sun May 18 05:55:41 CEST 2014: 37: finished (11ms, 10cycles)
Sun May 18 05:55:41 CEST 2014: 37: Solution found.
Sun May 18 05:55:42 CEST 2014: 38: finished (401ms, 500cycles)
Sun May 18 05:55:42 CEST 2014: 38: No solution found.
Sun May 18 05:55:42 CEST 2014: 39: finished (16ms, 16cycles)
Sun May 18 05:55:42 CEST 2014: 39: Solution found.
Sun May 18 05:55:42 CEST 2014: 40: finished (406ms, 500cycles)
Sun May 18 05:55:42 CEST 2014: 40: No solution found.
Sun May 18 05:55:43 CEST 2014: 41: finished (452ms, 500cycles)
Sun May 18 05:55:43 CEST 2014: 41: No solution found.
Sun May 18 05:55:43 CEST 2014: 42: finished (415ms, 500cycles)
Sun May 18 05:55:43 CEST 2014: 42: No solution found.
Sun May 18 05:55:44 CEST 2014: 43: finished (405ms, 500cycles)
Sun May 18 05:55:44 CEST 2014: 43: No solution found.
Sun May 18 05:55:44 CEST 2014: 44: finished (2ms, 1cycles)
Sun May 18 05:55:44 CEST 2014: 44: Solution found.
Sun May 18 05:55:44 CEST 2014: 45: finished (448ms, 500cycles)
Sun May 18 05:55:44 CEST 2014: 45: No solution found.
Sun May 18 05:55:44 CEST 2014: 46: finished (7ms, 6cycles)
Sun May 18 05:55:44 CEST 2014: 46: Solution found.
Sun May 18 05:55:44 CEST 2014: 47: finished (30ms, 33cycles)
Sun May 18 05:55:44 CEST 2014: 47: Solution found.
Sun May 18 05:55:44 CEST 2014: 48: finished (422ms, 500cycles)
Sun May 18 05:55:44 CEST 2014: 48: No solution found.
Sun May 18 05:55:45 CEST 2014: 49: finished (401ms, 500cycles)
Sun May 18 05:55:45 CEST 2014: 49: No solution found.
Sun May 18 05:55:45 CEST 2014: 50: finished (245ms, 500cycles)
Sun May 18 05:55:45 CEST 2014: 50: No solution found.
Sun May 18 05:55:45 CEST 2014: 51: finished (5ms, 12cycles)
Sun May 18 05:55:45 CEST 2014: 51: Solution found.
Sun May 18 05:55:45 CEST 2014: 52: finished (30ms, 69cycles)
Sun May 18 05:55:45 CEST 2014: 52: Solution found.
Sun May 18 05:55:45 CEST 2014: 53: finished (3ms, 7cycles)
Sun May 18 05:55:45 CEST 2014: 53: Solution found.
Sun May 18 05:55:45 CEST 2014: 54: finished (208ms, 500cycles)
Sun May 18 05:55:45 CEST 2014: 54: No solution found.
Sun May 18 05:55:45 CEST 2014: 55: finished (13ms, 29cycles)
Sun May 18 05:55:45 CEST 2014: 55: Solution found.
Sun May 18 05:55:45 CEST 2014: 56: finished (15ms, 37cycles)
Sun May 18 05:55:45 CEST 2014: 56: Solution found.
Sun May 18 05:55:45 CEST 2014: 57: finished (11ms, 23cycles)
Sun May 18 05:55:45 CEST 2014: 57: Solution found.
Sun May 18 05:55:45 CEST 2014: 58: finished (12ms, 24cycles)
Sun May 18 05:55:45 CEST 2014: 58: Solution found.
Sun May 18 05:55:46 CEST 2014: 59: finished (182ms, 500cycles)
Sun May 18 05:55:46 CEST 2014: 59: No solution found.
Sun May 18 05:55:46 CEST 2014: 60: finished (70ms, 185cycles)
Sun May 18 05:55:46 CEST 2014: 60: Solution found.
Sun May 18 05:55:46 CEST 2014: 61: finished (4ms, 7cycles)
Sun May 18 05:55:46 CEST 2014: 61: Solution found.
Sun May 18 05:55:46 CEST 2014: 62: finished (203ms, 500cycles)
Sun May 18 05:55:46 CEST 2014: 62: No solution found.
Sun May 18 05:55:46 CEST 2014: 63: finished (2ms, 5cycles)
Sun May 18 05:55:46 CEST 2014: 63: Solution found.
Sun May 18 05:55:46 CEST 2014: 64: finished (180ms, 500cycles)
Sun May 18 05:55:46 CEST 2014: 64: No solution found.
Sun May 18 05:55:46 CEST 2014: 65: finished (197ms, 500cycles)
Sun May 18 05:55:46 CEST 2014: 65: No solution found.
Sun May 18 05:55:46 CEST 2014: 66: finished (13ms, 31cycles)
Sun May 18 05:55:46 CEST 2014: 66: Solution found.
Sun May 18 05:55:46 CEST 2014: 67: finished (181ms, 500cycles)
Sun May 18 05:55:46 CEST 2014: 67: No solution found.
Sun May 18 05:55:47 CEST 2014: 68: finished (180ms, 391cycles)
Sun May 18 05:55:47 CEST 2014: 68: Solution found.
Sun May 18 05:55:47 CEST 2014: 69: finished (16ms, 39cycles)
Sun May 18 05:55:47 CEST 2014: 69: Solution found.
Sun May 18 05:55:47 CEST 2014: 70: finished (217ms, 500cycles)
Sun May 18 05:55:47 CEST 2014: 70: No solution found.
Sun May 18 05:55:47 CEST 2014: 71: finished (23ms, 52cycles)
Sun May 18 05:55:47 CEST 2014: 71: Solution found.
Sun May 18 05:55:47 CEST 2014: 72: finished (200ms, 500cycles)
Sun May 18 05:55:47 CEST 2014: 72: No solution found.
Sun May 18 05:55:47 CEST 2014: 73: finished (5ms, 10cycles)
Sun May 18 05:55:47 CEST 2014: 73: Solution found.
Sun May 18 05:55:47 CEST 2014: 74: finished (181ms, 500cycles)
Sun May 18 05:55:47 CEST 2014: 74: No solution found.
Sun May 18 05:55:47 CEST 2014: 75: finished (9ms, 19cycles)
Sun May 18 05:55:47 CEST 2014: 75: Solution found.
Sun May 18 05:55:47 CEST 2014: 76: finished (5ms, 10cycles)
Sun May 18 05:55:47 CEST 2014: 76: Solution found.
Sun May 18 05:55:47 CEST 2014: 77: finished (208ms, 500cycles)
Sun May 18 05:55:47 CEST 2014: 77: No solution found.
Sun May 18 05:55:47 CEST 2014: 78: finished (5ms, 10cycles)
Sun May 18 05:55:47 CEST 2014: 78: Solution found.
Sun May 18 05:55:48 CEST 2014: 79: finished (23ms, 52cycles)
Sun May 18 05:55:48 CEST 2014: 79: Solution found.
Sun May 18 05:55:48 CEST 2014: 80: finished (10ms, 24cycles)
Sun May 18 05:55:48 CEST 2014: 80: Solution found.
Sun May 18 05:55:48 CEST 2014: 81: finished (181ms, 500cycles)
Sun May 18 05:55:48 CEST 2014: 81: No solution found.
Sun May 18 05:55:48 CEST 2014: 82: finished (187ms, 500cycles)
Sun May 18 05:55:48 CEST 2014: 82: No solution found.
Sun May 18 05:55:48 CEST 2014: 83: finished (217ms, 500cycles)
Sun May 18 05:55:48 CEST 2014: 83: No solution found.
Sun May 18 05:55:48 CEST 2014: 84: finished (8ms, 18cycles)
Sun May 18 05:55:48 CEST 2014: 84: Solution found.
Sun May 18 05:55:48 CEST 2014: 85: finished (191ms, 500cycles)
Sun May 18 05:55:48 CEST 2014: 85: No solution found.
Sun May 18 05:55:49 CEST 2014: 86: finished (200ms, 500cycles)
Sun May 18 05:55:49 CEST 2014: 86: No solution found.
Sun May 18 05:55:49 CEST 2014: 87: finished (6ms, 10cycles)
Sun May 18 05:55:49 CEST 2014: 87: Solution found.
Sun May 18 05:55:49 CEST 2014: 88: finished (8ms, 19cycles)
Sun May 18 05:55:49 CEST 2014: 88: Solution found.
Sun May 18 05:55:49 CEST 2014: 89: finished (18ms, 44cycles)
Sun May 18 05:55:49 CEST 2014: 89: Solution found.
Sun May 18 05:55:49 CEST 2014: 90: finished (217ms, 500cycles)
Sun May 18 05:55:49 CEST 2014: 90: No solution found.
Sun May 18 05:55:49 CEST 2014: 91: finished (7ms, 15cycles)
Sun May 18 05:55:49 CEST 2014: 91: Solution found.
Sun May 18 05:55:49 CEST 2014: 92: finished (8ms, 15cycles)
Sun May 18 05:55:49 CEST 2014: 92: Solution found.
Sun May 18 05:55:49 CEST 2014: 93: finished (191ms, 500cycles)
Sun May 18 05:55:49 CEST 2014: 93: No solution found.
Sun May 18 05:55:49 CEST 2014: 94: finished (19ms, 41cycles)
Sun May 18 05:55:49 CEST 2014: 94: Solution found.
Sun May 18 05:55:49 CEST 2014: 95: finished (3ms, 6cycles)
Sun May 18 05:55:49 CEST 2014: 95: Solution found.
Sun May 18 05:55:49 CEST 2014: 96: finished (19ms, 38cycles)
Sun May 18 05:55:49 CEST 2014: 96: Solution found.
Sun May 18 05:55:49 CEST 2014: 97: finished (3ms, 7cycles)
Sun May 18 05:55:49 CEST 2014: 97: Solution found.
Sun May 18 05:55:49 CEST 2014: 98: finished (10ms, 23cycles)
Sun May 18 05:55:49 CEST 2014: 98: Solution found.
Sun May 18 05:55:49 CEST 2014: 99: finished (182ms, 500cycles)
Sun May 18 05:55:49 CEST 2014: 99: No solution found.
Sun May 18 05:55:49 CEST 2014: Solution Found: 54
Sun May 18 05:55:49 CEST 2014: Avg cycles: 38
Sun May 18 05:55:49 CEST 2014: Max cycles: 391
Sun May 18 05:55:49 CEST 2014: Min cycles: 1
Sun May 18 05:55:49 CEST 2014: No solution found: 46
Sun May 18 05:55:49 CEST 2014: logging finished. (runtime: 13278ms)
