Tue May 06 12:04:05 CEST 2014: Problem Count: 40
Tue May 06 12:04:05 CEST 2014: CandidatesCount: 10
Tue May 06 12:04:05 CEST 2014: Max Cycles: 500
Tue May 06 12:04:05 CEST 2014: 0: finished (46ms, 500cycles)
Tue May 06 12:04:05 CEST 2014: 0: No solution found.
Tue May 06 12:04:05 CEST 2014: 1: finished (1ms, 11cycles)
Tue May 06 12:04:05 CEST 2014: 1: Solution found.
Tue May 06 12:04:05 CEST 2014: 2: finished (5ms, 44cycles)
Tue May 06 12:04:05 CEST 2014: 2: Solution found.
Tue May 06 12:04:05 CEST 2014: 3: finished (42ms, 500cycles)
Tue May 06 12:04:05 CEST 2014: 3: No solution found.
Tue May 06 12:04:05 CEST 2014: 4: finished (40ms, 500cycles)
Tue May 06 12:04:05 CEST 2014: 4: No solution found.
Tue May 06 12:04:05 CEST 2014: 5: finished (40ms, 500cycles)
Tue May 06 12:04:05 CEST 2014: 5: No solution found.
Tue May 06 12:04:05 CEST 2014: 6: finished (51ms, 500cycles)
Tue May 06 12:04:05 CEST 2014: 6: No solution found.
Tue May 06 12:04:05 CEST 2014: 7: finished (39ms, 500cycles)
Tue May 06 12:04:05 CEST 2014: 7: No solution found.
Tue May 06 12:04:05 CEST 2014: 8: finished (45ms, 500cycles)
Tue May 06 12:04:05 CEST 2014: 8: No solution found.
Tue May 06 12:04:05 CEST 2014: 9: finished (2ms, 16cycles)
Tue May 06 12:04:05 CEST 2014: 9: Solution found.
Tue May 06 12:04:05 CEST 2014: 10: finished (1ms, 14cycles)
Tue May 06 12:04:05 CEST 2014: 10: Solution found.
Tue May 06 12:04:05 CEST 2014: 11: finished (2ms, 23cycles)
Tue May 06 12:04:05 CEST 2014: 11: Solution found.
Tue May 06 12:04:05 CEST 2014: 12: finished (51ms, 500cycles)
Tue May 06 12:04:05 CEST 2014: 12: No solution found.
Tue May 06 12:04:05 CEST 2014: 13: finished (7ms, 75cycles)
Tue May 06 12:04:05 CEST 2014: 13: Solution found.
Tue May 06 12:04:05 CEST 2014: 14: finished (43ms, 500cycles)
Tue May 06 12:04:05 CEST 2014: 14: No solution found.
Tue May 06 12:04:05 CEST 2014: 15: finished (42ms, 500cycles)
Tue May 06 12:04:05 CEST 2014: 15: No solution found.
Tue May 06 12:04:05 CEST 2014: 16: finished (3ms, 34cycles)
Tue May 06 12:04:05 CEST 2014: 16: Solution found.
Tue May 06 12:04:05 CEST 2014: 17: finished (15ms, 153cycles)
Tue May 06 12:04:05 CEST 2014: 17: Solution found.
Tue May 06 12:04:05 CEST 2014: 18: finished (12ms, 137cycles)
Tue May 06 12:04:05 CEST 2014: 18: Solution found.
Tue May 06 12:04:05 CEST 2014: 19: finished (42ms, 500cycles)
Tue May 06 12:04:05 CEST 2014: 19: No solution found.
Tue May 06 12:04:05 CEST 2014: 20: finished (41ms, 500cycles)
Tue May 06 12:04:05 CEST 2014: 20: No solution found.
Tue May 06 12:04:05 CEST 2014: 21: finished (47ms, 500cycles)
Tue May 06 12:04:05 CEST 2014: 21: No solution found.
Tue May 06 12:04:05 CEST 2014: 22: finished (1ms, 9cycles)
Tue May 06 12:04:05 CEST 2014: 22: Solution found.
Tue May 06 12:04:05 CEST 2014: 23: finished (39ms, 500cycles)
Tue May 06 12:04:05 CEST 2014: 23: No solution found.
Tue May 06 12:04:05 CEST 2014: 24: finished (48ms, 500cycles)
Tue May 06 12:04:05 CEST 2014: 24: No solution found.
Tue May 06 12:04:05 CEST 2014: 25: finished (43ms, 500cycles)
Tue May 06 12:04:05 CEST 2014: 25: No solution found.
Tue May 06 12:04:05 CEST 2014: 26: finished (50ms, 500cycles)
Tue May 06 12:04:05 CEST 2014: 26: No solution found.
Tue May 06 12:04:05 CEST 2014: 27: finished (39ms, 500cycles)
Tue May 06 12:04:05 CEST 2014: 27: No solution found.
Tue May 06 12:04:05 CEST 2014: 28: finished (41ms, 500cycles)
Tue May 06 12:04:05 CEST 2014: 28: No solution found.
Tue May 06 12:04:05 CEST 2014: 29: finished (56ms, 500cycles)
Tue May 06 12:04:05 CEST 2014: 29: No solution found.
Tue May 06 12:04:06 CEST 2014: 30: finished (43ms, 500cycles)
Tue May 06 12:04:06 CEST 2014: 30: No solution found.
Tue May 06 12:04:06 CEST 2014: 31: finished (41ms, 500cycles)
Tue May 06 12:04:06 CEST 2014: 31: No solution found.
Tue May 06 12:04:06 CEST 2014: 32: finished (7ms, 56cycles)
Tue May 06 12:04:06 CEST 2014: 32: Solution found.
Tue May 06 12:04:06 CEST 2014: 33: finished (39ms, 500cycles)
Tue May 06 12:04:06 CEST 2014: 33: No solution found.
Tue May 06 12:04:06 CEST 2014: 34: finished (42ms, 500cycles)
Tue May 06 12:04:06 CEST 2014: 34: No solution found.
Tue May 06 12:04:06 CEST 2014: 35: finished (44ms, 500cycles)
Tue May 06 12:04:06 CEST 2014: 35: No solution found.
Tue May 06 12:04:06 CEST 2014: 36: finished (41ms, 500cycles)
Tue May 06 12:04:06 CEST 2014: 36: No solution found.
Tue May 06 12:04:06 CEST 2014: 37: finished (39ms, 500cycles)
Tue May 06 12:04:06 CEST 2014: 37: No solution found.
Tue May 06 12:04:06 CEST 2014: 38: finished (44ms, 500cycles)
Tue May 06 12:04:06 CEST 2014: 38: No solution found.
Tue May 06 12:04:06 CEST 2014: 39: finished (51ms, 500cycles)
Tue May 06 12:04:06 CEST 2014: 39: No solution found.
Tue May 06 12:04:06 CEST 2014: 40: finished (42ms, 500cycles)
Tue May 06 12:04:06 CEST 2014: 40: No solution found.
Tue May 06 12:04:06 CEST 2014: 41: finished (41ms, 500cycles)
Tue May 06 12:04:06 CEST 2014: 41: No solution found.
Tue May 06 12:04:06 CEST 2014: 42: finished (38ms, 500cycles)
Tue May 06 12:04:06 CEST 2014: 42: No solution found.
Tue May 06 12:04:06 CEST 2014: 43: finished (3ms, 31cycles)
Tue May 06 12:04:06 CEST 2014: 43: Solution found.
Tue May 06 12:04:06 CEST 2014: 44: finished (5ms, 54cycles)
Tue May 06 12:04:06 CEST 2014: 44: Solution found.
Tue May 06 12:04:06 CEST 2014: 45: finished (4ms, 32cycles)
Tue May 06 12:04:06 CEST 2014: 45: Solution found.
Tue May 06 12:04:06 CEST 2014: 46: finished (46ms, 500cycles)
Tue May 06 12:04:06 CEST 2014: 46: No solution found.
Tue May 06 12:04:06 CEST 2014: 47: finished (42ms, 500cycles)
Tue May 06 12:04:06 CEST 2014: 47: No solution found.
Tue May 06 12:04:06 CEST 2014: 48: finished (48ms, 500cycles)
Tue May 06 12:04:06 CEST 2014: 48: No solution found.
Tue May 06 12:04:06 CEST 2014: 49: finished (38ms, 500cycles)
Tue May 06 12:04:06 CEST 2014: 49: No solution found.
Tue May 06 12:04:06 CEST 2014: 50: finished (48ms, 500cycles)
Tue May 06 12:04:06 CEST 2014: 50: No solution found.
Tue May 06 12:04:06 CEST 2014: 51: finished (42ms, 500cycles)
Tue May 06 12:04:06 CEST 2014: 51: No solution found.
Tue May 06 12:04:06 CEST 2014: 52: finished (51ms, 500cycles)
Tue May 06 12:04:06 CEST 2014: 52: No solution found.
Tue May 06 12:04:06 CEST 2014: 53: finished (38ms, 500cycles)
Tue May 06 12:04:06 CEST 2014: 53: No solution found.
Tue May 06 12:04:06 CEST 2014: 54: finished (2ms, 18cycles)
Tue May 06 12:04:06 CEST 2014: 54: Solution found.
Tue May 06 12:04:06 CEST 2014: 55: finished (2ms, 23cycles)
Tue May 06 12:04:06 CEST 2014: 55: Solution found.
Tue May 06 12:04:06 CEST 2014: 56: finished (43ms, 500cycles)
Tue May 06 12:04:06 CEST 2014: 56: No solution found.
Tue May 06 12:04:06 CEST 2014: 57: finished (38ms, 500cycles)
Tue May 06 12:04:06 CEST 2014: 57: No solution found.
Tue May 06 12:04:07 CEST 2014: 58: finished (48ms, 500cycles)
Tue May 06 12:04:07 CEST 2014: 58: No solution found.
Tue May 06 12:04:07 CEST 2014: 59: finished (5ms, 61cycles)
Tue May 06 12:04:07 CEST 2014: 59: Solution found.
Tue May 06 12:04:07 CEST 2014: 60: finished (43ms, 500cycles)
Tue May 06 12:04:07 CEST 2014: 60: No solution found.
Tue May 06 12:04:07 CEST 2014: 61: finished (50ms, 500cycles)
Tue May 06 12:04:07 CEST 2014: 61: No solution found.
Tue May 06 12:04:07 CEST 2014: 62: finished (48ms, 500cycles)
Tue May 06 12:04:07 CEST 2014: 62: No solution found.
Tue May 06 12:04:07 CEST 2014: 63: finished (41ms, 500cycles)
Tue May 06 12:04:07 CEST 2014: 63: No solution found.
Tue May 06 12:04:07 CEST 2014: 64: finished (5ms, 49cycles)
Tue May 06 12:04:07 CEST 2014: 64: Solution found.
Tue May 06 12:04:07 CEST 2014: 65: finished (44ms, 500cycles)
Tue May 06 12:04:07 CEST 2014: 65: No solution found.
Tue May 06 12:04:07 CEST 2014: 66: finished (41ms, 500cycles)
Tue May 06 12:04:07 CEST 2014: 66: No solution found.
Tue May 06 12:04:07 CEST 2014: 67: finished (49ms, 500cycles)
Tue May 06 12:04:07 CEST 2014: 67: No solution found.
Tue May 06 12:04:07 CEST 2014: 68: finished (42ms, 500cycles)
Tue May 06 12:04:07 CEST 2014: 68: No solution found.
Tue May 06 12:04:07 CEST 2014: 69: finished (2ms, 13cycles)
Tue May 06 12:04:07 CEST 2014: 69: Solution found.
Tue May 06 12:04:07 CEST 2014: 70: finished (9ms, 91cycles)
Tue May 06 12:04:07 CEST 2014: 70: Solution found.
Tue May 06 12:04:07 CEST 2014: 71: finished (3ms, 30cycles)
Tue May 06 12:04:07 CEST 2014: 71: Solution found.
Tue May 06 12:04:07 CEST 2014: 72: finished (40ms, 500cycles)
Tue May 06 12:04:07 CEST 2014: 72: No solution found.
Tue May 06 12:04:07 CEST 2014: 73: finished (48ms, 500cycles)
Tue May 06 12:04:07 CEST 2014: 73: No solution found.
Tue May 06 12:04:07 CEST 2014: 74: finished (39ms, 500cycles)
Tue May 06 12:04:07 CEST 2014: 74: No solution found.
Tue May 06 12:04:07 CEST 2014: 75: finished (47ms, 500cycles)
Tue May 06 12:04:07 CEST 2014: 75: No solution found.
Tue May 06 12:04:07 CEST 2014: 76: finished (40ms, 500cycles)
Tue May 06 12:04:07 CEST 2014: 76: No solution found.
Tue May 06 12:04:07 CEST 2014: 77: finished (39ms, 500cycles)
Tue May 06 12:04:07 CEST 2014: 77: No solution found.
Tue May 06 12:04:07 CEST 2014: 78: finished (45ms, 500cycles)
Tue May 06 12:04:07 CEST 2014: 78: No solution found.
Tue May 06 12:04:07 CEST 2014: 79: finished (44ms, 500cycles)
Tue May 06 12:04:07 CEST 2014: 79: No solution found.
Tue May 06 12:04:07 CEST 2014: 80: finished (5ms, 48cycles)
Tue May 06 12:04:07 CEST 2014: 80: Solution found.
Tue May 06 12:04:07 CEST 2014: 81: finished (3ms, 34cycles)
Tue May 06 12:04:07 CEST 2014: 81: Solution found.
Tue May 06 12:04:07 CEST 2014: 82: finished (5ms, 55cycles)
Tue May 06 12:04:07 CEST 2014: 82: Solution found.
Tue May 06 12:04:07 CEST 2014: 83: finished (40ms, 500cycles)
Tue May 06 12:04:07 CEST 2014: 83: No solution found.
Tue May 06 12:04:07 CEST 2014: 84: finished (45ms, 500cycles)
Tue May 06 12:04:07 CEST 2014: 84: No solution found.
Tue May 06 12:04:07 CEST 2014: 85: finished (50ms, 500cycles)
Tue May 06 12:04:07 CEST 2014: 85: No solution found.
Tue May 06 12:04:07 CEST 2014: 86: finished (3ms, 32cycles)
Tue May 06 12:04:07 CEST 2014: 86: Solution found.
Tue May 06 12:04:07 CEST 2014: 87: finished (43ms, 500cycles)
Tue May 06 12:04:07 CEST 2014: 87: No solution found.
Tue May 06 12:04:07 CEST 2014: 88: finished (40ms, 500cycles)
Tue May 06 12:04:07 CEST 2014: 88: No solution found.
Tue May 06 12:04:07 CEST 2014: 89: finished (1ms, 11cycles)
Tue May 06 12:04:07 CEST 2014: 89: Solution found.
Tue May 06 12:04:07 CEST 2014: 90: finished (1ms, 5cycles)
Tue May 06 12:04:07 CEST 2014: 90: Solution found.
Tue May 06 12:04:07 CEST 2014: 91: finished (11ms, 126cycles)
Tue May 06 12:04:07 CEST 2014: 91: Solution found.
Tue May 06 12:04:08 CEST 2014: 92: finished (39ms, 500cycles)
Tue May 06 12:04:08 CEST 2014: 92: No solution found.
Tue May 06 12:04:08 CEST 2014: 93: finished (49ms, 500cycles)
Tue May 06 12:04:08 CEST 2014: 93: No solution found.
Tue May 06 12:04:08 CEST 2014: 94: finished (45ms, 500cycles)
Tue May 06 12:04:08 CEST 2014: 94: No solution found.
Tue May 06 12:04:08 CEST 2014: 95: finished (99ms, 454cycles)
Tue May 06 12:04:08 CEST 2014: 95: Solution found.
Tue May 06 12:04:08 CEST 2014: 96: finished (44ms, 500cycles)
Tue May 06 12:04:08 CEST 2014: 96: No solution found.
Tue May 06 12:04:08 CEST 2014: 97: finished (43ms, 500cycles)
Tue May 06 12:04:08 CEST 2014: 97: No solution found.
Tue May 06 12:04:08 CEST 2014: 98: finished (4ms, 35cycles)
Tue May 06 12:04:08 CEST 2014: 98: Solution found.
Tue May 06 12:04:08 CEST 2014: 99: finished (49ms, 500cycles)
Tue May 06 12:04:08 CEST 2014: 99: No solution found.
Tue May 06 12:04:08 CEST 2014: Solution Found: 30
Tue May 06 12:04:08 CEST 2014: Avg cycles: 59
Tue May 06 12:04:08 CEST 2014: Max cycles: 454
Tue May 06 12:04:08 CEST 2014: Min cycles: 5
Tue May 06 12:04:08 CEST 2014: No solution found: 70
Tue May 06 12:04:08 CEST 2014: logging finished. (runtime: 3307ms)
