Sun May 18 21:19:55 CEST 2014: Problem Count: 20
Sun May 18 21:19:55 CEST 2014: CandidatesCount: 30
Sun May 18 21:19:55 CEST 2014: Max Cycles: 500
Sun May 18 21:19:56 CEST 2014: 0: finished (59ms, 500cycles)
Sun May 18 21:19:56 CEST 2014: 0: No solution found.
Sun May 18 21:19:56 CEST 2014: 1: finished (56ms, 500cycles)
Sun May 18 21:19:56 CEST 2014: 1: No solution found.
Sun May 18 21:19:56 CEST 2014: 2: finished (65ms, 500cycles)
Sun May 18 21:19:56 CEST 2014: 2: No solution found.
Sun May 18 21:19:56 CEST 2014: 3: finished (54ms, 500cycles)
Sun May 18 21:19:56 CEST 2014: 3: No solution found.
Sun May 18 21:19:56 CEST 2014: 4: finished (73ms, 500cycles)
Sun May 18 21:19:56 CEST 2014: 4: No solution found.
Sun May 18 21:19:56 CEST 2014: 5: finished (56ms, 500cycles)
Sun May 18 21:19:56 CEST 2014: 5: No solution found.
Sun May 18 21:19:56 CEST 2014: 6: finished (125ms, 262cycles)
Sun May 18 21:19:56 CEST 2014: 6: Solution found.
Sun May 18 21:19:56 CEST 2014: 7: finished (5ms, 33cycles)
Sun May 18 21:19:56 CEST 2014: 7: Solution found.
Sun May 18 21:19:56 CEST 2014: 8: finished (77ms, 500cycles)
Sun May 18 21:19:56 CEST 2014: 8: No solution found.
Sun May 18 21:19:56 CEST 2014: 9: finished (57ms, 500cycles)
Sun May 18 21:19:56 CEST 2014: 9: No solution found.
Sun May 18 21:19:56 CEST 2014: 10: finished (54ms, 500cycles)
Sun May 18 21:19:56 CEST 2014: 10: No solution found.
Sun May 18 21:19:56 CEST 2014: 11: finished (1ms, 4cycles)
Sun May 18 21:19:56 CEST 2014: 11: Solution found.
Sun May 18 21:19:56 CEST 2014: 12: finished (58ms, 500cycles)
Sun May 18 21:19:56 CEST 2014: 12: No solution found.
Sun May 18 21:19:56 CEST 2014: 13: finished (59ms, 500cycles)
Sun May 18 21:19:56 CEST 2014: 13: No solution found.
Sun May 18 21:19:56 CEST 2014: 14: finished (2ms, 11cycles)
Sun May 18 21:19:56 CEST 2014: 14: Solution found.
Sun May 18 21:19:56 CEST 2014: 15: finished (66ms, 500cycles)
Sun May 18 21:19:56 CEST 2014: 15: No solution found.
Sun May 18 21:19:56 CEST 2014: 16: finished (56ms, 500cycles)
Sun May 18 21:19:56 CEST 2014: 16: No solution found.
Sun May 18 21:19:56 CEST 2014: 17: finished (8ms, 62cycles)
Sun May 18 21:19:56 CEST 2014: 17: Solution found.
Sun May 18 21:19:56 CEST 2014: 18: finished (4ms, 25cycles)
Sun May 18 21:19:56 CEST 2014: 18: Solution found.
Sun May 18 21:19:56 CEST 2014: 19: finished (58ms, 500cycles)
Sun May 18 21:19:56 CEST 2014: 19: No solution found.
Sun May 18 21:19:56 CEST 2014: 20: finished (6ms, 42cycles)
Sun May 18 21:19:56 CEST 2014: 20: Solution found.
Sun May 18 21:19:56 CEST 2014: 21: finished (4ms, 20cycles)
Sun May 18 21:19:56 CEST 2014: 21: Solution found.
Sun May 18 21:19:56 CEST 2014: 22: finished (8ms, 66cycles)
Sun May 18 21:19:56 CEST 2014: 22: Solution found.
Sun May 18 21:19:57 CEST 2014: 23: finished (68ms, 500cycles)
Sun May 18 21:19:57 CEST 2014: 23: No solution found.
Sun May 18 21:19:57 CEST 2014: 24: finished (68ms, 500cycles)
Sun May 18 21:19:57 CEST 2014: 24: No solution found.
Sun May 18 21:19:57 CEST 2014: 25: finished (213ms, 500cycles)
Sun May 18 21:19:57 CEST 2014: 25: No solution found.
Sun May 18 21:19:57 CEST 2014: 26: finished (51ms, 500cycles)
Sun May 18 21:19:57 CEST 2014: 26: No solution found.
Sun May 18 21:19:57 CEST 2014: 27: finished (8ms, 62cycles)
Sun May 18 21:19:57 CEST 2014: 27: Solution found.
Sun May 18 21:19:57 CEST 2014: 28: finished (4ms, 18cycles)
Sun May 18 21:19:57 CEST 2014: 28: Solution found.
Sun May 18 21:19:57 CEST 2014: 29: finished (56ms, 500cycles)
Sun May 18 21:19:57 CEST 2014: 29: No solution found.
Sun May 18 21:19:57 CEST 2014: 30: finished (6ms, 34cycles)
Sun May 18 21:19:57 CEST 2014: 30: Solution found.
Sun May 18 21:19:57 CEST 2014: 31: finished (53ms, 500cycles)
Sun May 18 21:19:57 CEST 2014: 31: No solution found.
Sun May 18 21:19:57 CEST 2014: 32: finished (8ms, 44cycles)
Sun May 18 21:19:57 CEST 2014: 32: Solution found.
Sun May 18 21:19:57 CEST 2014: 33: finished (7ms, 47cycles)
Sun May 18 21:19:57 CEST 2014: 33: Solution found.
Sun May 18 21:19:57 CEST 2014: 34: finished (71ms, 500cycles)
Sun May 18 21:19:57 CEST 2014: 34: No solution found.
Sun May 18 21:19:57 CEST 2014: 35: finished (59ms, 500cycles)
Sun May 18 21:19:57 CEST 2014: 35: No solution found.
Sun May 18 21:19:57 CEST 2014: 36: finished (50ms, 500cycles)
Sun May 18 21:19:57 CEST 2014: 36: No solution found.
Sun May 18 21:19:57 CEST 2014: 37: finished (55ms, 500cycles)
Sun May 18 21:19:57 CEST 2014: 37: No solution found.
Sun May 18 21:19:57 CEST 2014: 38: finished (2ms, 11cycles)
Sun May 18 21:19:57 CEST 2014: 38: Solution found.
Sun May 18 21:19:57 CEST 2014: 39: finished (59ms, 500cycles)
Sun May 18 21:19:57 CEST 2014: 39: No solution found.
Sun May 18 21:19:57 CEST 2014: 40: finished (53ms, 500cycles)
Sun May 18 21:19:57 CEST 2014: 40: No solution found.
Sun May 18 21:19:57 CEST 2014: 41: finished (56ms, 500cycles)
Sun May 18 21:19:57 CEST 2014: 41: No solution found.
Sun May 18 21:19:58 CEST 2014: 42: finished (247ms, 500cycles)
Sun May 18 21:19:58 CEST 2014: 42: No solution found.
Sun May 18 21:19:58 CEST 2014: 43: finished (57ms, 500cycles)
Sun May 18 21:19:58 CEST 2014: 43: No solution found.
Sun May 18 21:19:58 CEST 2014: 44: finished (79ms, 500cycles)
Sun May 18 21:19:58 CEST 2014: 44: No solution found.
Sun May 18 21:19:58 CEST 2014: 45: finished (26ms, 172cycles)
Sun May 18 21:19:58 CEST 2014: 45: Solution found.
Sun May 18 21:19:58 CEST 2014: 46: finished (62ms, 500cycles)
Sun May 18 21:19:58 CEST 2014: 46: No solution found.
Sun May 18 21:19:58 CEST 2014: 47: finished (3ms, 16cycles)
Sun May 18 21:19:58 CEST 2014: 47: Solution found.
Sun May 18 21:19:58 CEST 2014: 48: finished (61ms, 500cycles)
Sun May 18 21:19:58 CEST 2014: 48: No solution found.
Sun May 18 21:19:58 CEST 2014: 49: finished (67ms, 500cycles)
Sun May 18 21:19:58 CEST 2014: 49: No solution found.
Sun May 18 21:19:58 CEST 2014: 50: finished (63ms, 500cycles)
Sun May 18 21:19:58 CEST 2014: 50: No solution found.
Sun May 18 21:19:58 CEST 2014: 51: finished (171ms, 500cycles)
Sun May 18 21:19:58 CEST 2014: 51: No solution found.
Sun May 18 21:19:58 CEST 2014: 52: finished (4ms, 32cycles)
Sun May 18 21:19:58 CEST 2014: 52: Solution found.
Sun May 18 21:19:58 CEST 2014: 53: finished (2ms, 9cycles)
Sun May 18 21:19:58 CEST 2014: 53: Solution found.
Sun May 18 21:19:58 CEST 2014: 54: finished (8ms, 56cycles)
Sun May 18 21:19:58 CEST 2014: 54: Solution found.
Sun May 18 21:19:58 CEST 2014: 55: finished (232ms, 500cycles)
Sun May 18 21:19:58 CEST 2014: 55: No solution found.
Sun May 18 21:19:59 CEST 2014: 56: finished (52ms, 500cycles)
Sun May 18 21:19:59 CEST 2014: 56: No solution found.
Sun May 18 21:19:59 CEST 2014: 57: finished (164ms, 500cycles)
Sun May 18 21:19:59 CEST 2014: 57: No solution found.
Sun May 18 21:19:59 CEST 2014: 58: finished (57ms, 500cycles)
Sun May 18 21:19:59 CEST 2014: 58: No solution found.
Sun May 18 21:19:59 CEST 2014: 59: finished (6ms, 43cycles)
Sun May 18 21:19:59 CEST 2014: 59: Solution found.
Sun May 18 21:19:59 CEST 2014: 60: finished (54ms, 500cycles)
Sun May 18 21:19:59 CEST 2014: 60: No solution found.
Sun May 18 21:19:59 CEST 2014: 61: finished (21ms, 128cycles)
Sun May 18 21:19:59 CEST 2014: 61: Solution found.
Sun May 18 21:19:59 CEST 2014: 62: finished (7ms, 40cycles)
Sun May 18 21:19:59 CEST 2014: 62: Solution found.
Sun May 18 21:19:59 CEST 2014: 63: finished (4ms, 25cycles)
Sun May 18 21:19:59 CEST 2014: 63: Solution found.
Sun May 18 21:19:59 CEST 2014: 64: finished (5ms, 34cycles)
Sun May 18 21:19:59 CEST 2014: 64: Solution found.
Sun May 18 21:19:59 CEST 2014: 65: finished (82ms, 500cycles)
Sun May 18 21:19:59 CEST 2014: 65: No solution found.
Sun May 18 21:19:59 CEST 2014: 66: finished (6ms, 35cycles)
Sun May 18 21:19:59 CEST 2014: 66: Solution found.
Sun May 18 21:19:59 CEST 2014: 67: finished (64ms, 500cycles)
Sun May 18 21:19:59 CEST 2014: 67: No solution found.
Sun May 18 21:19:59 CEST 2014: 68: finished (51ms, 500cycles)
Sun May 18 21:19:59 CEST 2014: 68: No solution found.
Sun May 18 21:19:59 CEST 2014: 69: finished (57ms, 500cycles)
Sun May 18 21:19:59 CEST 2014: 69: No solution found.
Sun May 18 21:19:59 CEST 2014: 70: finished (64ms, 500cycles)
Sun May 18 21:19:59 CEST 2014: 70: No solution found.
Sun May 18 21:19:59 CEST 2014: 71: finished (2ms, 14cycles)
Sun May 18 21:19:59 CEST 2014: 71: Solution found.
Sun May 18 21:19:59 CEST 2014: 72: finished (53ms, 500cycles)
Sun May 18 21:19:59 CEST 2014: 72: No solution found.
Sun May 18 21:19:59 CEST 2014: 73: finished (5ms, 24cycles)
Sun May 18 21:19:59 CEST 2014: 73: Solution found.
Sun May 18 21:19:59 CEST 2014: 74: finished (61ms, 500cycles)
Sun May 18 21:19:59 CEST 2014: 74: No solution found.
Sun May 18 21:19:59 CEST 2014: 75: finished (2ms, 11cycles)
Sun May 18 21:19:59 CEST 2014: 75: Solution found.
Sun May 18 21:19:59 CEST 2014: 76: finished (18ms, 146cycles)
Sun May 18 21:19:59 CEST 2014: 76: Solution found.
Sun May 18 21:19:59 CEST 2014: 77: finished (1ms, 7cycles)
Sun May 18 21:19:59 CEST 2014: 77: Solution found.
Sun May 18 21:19:59 CEST 2014: 78: finished (68ms, 500cycles)
Sun May 18 21:19:59 CEST 2014: 78: No solution found.
Sun May 18 21:19:59 CEST 2014: 79: finished (56ms, 500cycles)
Sun May 18 21:19:59 CEST 2014: 79: No solution found.
Sun May 18 21:20:00 CEST 2014: 80: finished (78ms, 500cycles)
Sun May 18 21:20:00 CEST 2014: 80: No solution found.
Sun May 18 21:20:00 CEST 2014: 81: finished (54ms, 500cycles)
Sun May 18 21:20:00 CEST 2014: 81: No solution found.
Sun May 18 21:20:00 CEST 2014: 82: finished (55ms, 500cycles)
Sun May 18 21:20:00 CEST 2014: 82: No solution found.
Sun May 18 21:20:00 CEST 2014: 83: finished (3ms, 15cycles)
Sun May 18 21:20:00 CEST 2014: 83: Solution found.
Sun May 18 21:20:00 CEST 2014: 84: finished (297ms, 500cycles)
Sun May 18 21:20:00 CEST 2014: 84: No solution found.
Sun May 18 21:20:00 CEST 2014: 85: finished (1ms, 6cycles)
Sun May 18 21:20:00 CEST 2014: 85: Solution found.
Sun May 18 21:20:00 CEST 2014: 86: finished (64ms, 500cycles)
Sun May 18 21:20:00 CEST 2014: 86: No solution found.
Sun May 18 21:20:00 CEST 2014: 87: finished (1ms, 9cycles)
Sun May 18 21:20:00 CEST 2014: 87: Solution found.
Sun May 18 21:20:00 CEST 2014: 88: finished (65ms, 500cycles)
Sun May 18 21:20:00 CEST 2014: 88: No solution found.
Sun May 18 21:20:00 CEST 2014: 89: finished (117ms, 500cycles)
Sun May 18 21:20:00 CEST 2014: 89: No solution found.
Sun May 18 21:20:00 CEST 2014: 90: finished (62ms, 500cycles)
Sun May 18 21:20:00 CEST 2014: 90: No solution found.
Sun May 18 21:20:00 CEST 2014: 91: finished (0ms, 2cycles)
Sun May 18 21:20:00 CEST 2014: 91: Solution found.
Sun May 18 21:20:00 CEST 2014: 92: finished (79ms, 500cycles)
Sun May 18 21:20:00 CEST 2014: 92: No solution found.
Sun May 18 21:20:00 CEST 2014: 93: finished (53ms, 500cycles)
Sun May 18 21:20:00 CEST 2014: 93: No solution found.
Sun May 18 21:20:00 CEST 2014: 94: finished (39ms, 305cycles)
Sun May 18 21:20:00 CEST 2014: 94: Solution found.
Sun May 18 21:20:00 CEST 2014: 95: finished (65ms, 500cycles)
Sun May 18 21:20:00 CEST 2014: 95: No solution found.
Sun May 18 21:20:01 CEST 2014: 96: finished (68ms, 500cycles)
Sun May 18 21:20:01 CEST 2014: 96: No solution found.
Sun May 18 21:20:01 CEST 2014: 97: finished (61ms, 500cycles)
Sun May 18 21:20:01 CEST 2014: 97: No solution found.
Sun May 18 21:20:01 CEST 2014: 98: finished (55ms, 500cycles)
Sun May 18 21:20:01 CEST 2014: 98: No solution found.
Sun May 18 21:20:01 CEST 2014: 99: finished (55ms, 500cycles)
Sun May 18 21:20:01 CEST 2014: 99: No solution found.
Sun May 18 21:20:01 CEST 2014: Solution Found: 36
Sun May 18 21:20:01 CEST 2014: Avg cycles: 51
Sun May 18 21:20:01 CEST 2014: Max cycles: 305
Sun May 18 21:20:01 CEST 2014: Min cycles: 2
Sun May 18 21:20:01 CEST 2014: No solution found: 64
Sun May 18 21:20:01 CEST 2014: logging finished. (runtime: 5286ms)
