Tue May 06 11:22:17 CEST 2014: Problem Count: 30
Tue May 06 11:22:17 CEST 2014: CandidatesCount: 50
Tue May 06 11:22:17 CEST 2014: Max Cycles: 500
Tue May 06 11:22:17 CEST 2014: 0: finished (16ms, 43cycles)
Tue May 06 11:22:17 CEST 2014: 0: Solution found.
Tue May 06 11:22:17 CEST 2014: 1: finished (8ms, 24cycles)
Tue May 06 11:22:17 CEST 2014: 1: Solution found.
Tue May 06 11:22:17 CEST 2014: 2: finished (2ms, 3cycles)
Tue May 06 11:22:17 CEST 2014: 2: Solution found.
Tue May 06 11:22:17 CEST 2014: 3: finished (3ms, 10cycles)
Tue May 06 11:22:17 CEST 2014: 3: Solution found.
Tue May 06 11:22:17 CEST 2014: 4: finished (143ms, 500cycles)
Tue May 06 11:22:17 CEST 2014: 4: No solution found.
Tue May 06 11:22:17 CEST 2014: 5: finished (2ms, 5cycles)
Tue May 06 11:22:17 CEST 2014: 5: Solution found.
Tue May 06 11:22:17 CEST 2014: 6: finished (10ms, 33cycles)
Tue May 06 11:22:17 CEST 2014: 6: Solution found.
Tue May 06 11:22:17 CEST 2014: 7: finished (48ms, 145cycles)
Tue May 06 11:22:17 CEST 2014: 7: Solution found.
Tue May 06 11:22:17 CEST 2014: 8: finished (144ms, 500cycles)
Tue May 06 11:22:17 CEST 2014: 8: No solution found.
Tue May 06 11:22:17 CEST 2014: 9: finished (12ms, 36cycles)
Tue May 06 11:22:17 CEST 2014: 9: Solution found.
Tue May 06 11:22:18 CEST 2014: 10: finished (22ms, 39cycles)
Tue May 06 11:22:18 CEST 2014: 10: Solution found.
Tue May 06 11:22:18 CEST 2014: 11: finished (4ms, 9cycles)
Tue May 06 11:22:18 CEST 2014: 11: Solution found.
Tue May 06 11:22:18 CEST 2014: 12: finished (11ms, 29cycles)
Tue May 06 11:22:18 CEST 2014: 12: Solution found.
Tue May 06 11:22:18 CEST 2014: 13: finished (152ms, 500cycles)
Tue May 06 11:22:18 CEST 2014: 13: No solution found.
Tue May 06 11:22:18 CEST 2014: 14: finished (5ms, 13cycles)
Tue May 06 11:22:18 CEST 2014: 14: Solution found.
Tue May 06 11:22:18 CEST 2014: 15: finished (175ms, 500cycles)
Tue May 06 11:22:18 CEST 2014: 15: No solution found.
Tue May 06 11:22:18 CEST 2014: 16: finished (152ms, 500cycles)
Tue May 06 11:22:18 CEST 2014: 16: No solution found.
Tue May 06 11:22:18 CEST 2014: 17: finished (7ms, 20cycles)
Tue May 06 11:22:18 CEST 2014: 17: Solution found.
Tue May 06 11:22:18 CEST 2014: 18: finished (158ms, 500cycles)
Tue May 06 11:22:18 CEST 2014: 18: No solution found.
Tue May 06 11:22:18 CEST 2014: 19: finished (3ms, 8cycles)
Tue May 06 11:22:18 CEST 2014: 19: Solution found.
Tue May 06 11:22:18 CEST 2014: 20: finished (145ms, 500cycles)
Tue May 06 11:22:18 CEST 2014: 20: No solution found.
Tue May 06 11:22:18 CEST 2014: 21: finished (38ms, 123cycles)
Tue May 06 11:22:18 CEST 2014: 21: Solution found.
Tue May 06 11:22:19 CEST 2014: 22: finished (158ms, 500cycles)
Tue May 06 11:22:19 CEST 2014: 22: No solution found.
Tue May 06 11:22:19 CEST 2014: 23: finished (2ms, 6cycles)
Tue May 06 11:22:19 CEST 2014: 23: Solution found.
Tue May 06 11:22:19 CEST 2014: 24: finished (7ms, 18cycles)
Tue May 06 11:22:19 CEST 2014: 24: Solution found.
Tue May 06 11:22:19 CEST 2014: 25: finished (141ms, 500cycles)
Tue May 06 11:22:19 CEST 2014: 25: No solution found.
Tue May 06 11:22:19 CEST 2014: 26: finished (191ms, 500cycles)
Tue May 06 11:22:19 CEST 2014: 26: No solution found.
Tue May 06 11:22:19 CEST 2014: 27: finished (1ms, 1cycles)
Tue May 06 11:22:19 CEST 2014: 27: Solution found.
Tue May 06 11:22:19 CEST 2014: 28: finished (6ms, 16cycles)
Tue May 06 11:22:19 CEST 2014: 28: Solution found.
Tue May 06 11:22:19 CEST 2014: 29: finished (14ms, 42cycles)
Tue May 06 11:22:19 CEST 2014: 29: Solution found.
Tue May 06 11:22:19 CEST 2014: 30: finished (6ms, 18cycles)
Tue May 06 11:22:19 CEST 2014: 30: Solution found.
Tue May 06 11:22:19 CEST 2014: 31: finished (9ms, 25cycles)
Tue May 06 11:22:19 CEST 2014: 31: Solution found.
Tue May 06 11:22:19 CEST 2014: 32: finished (152ms, 500cycles)
Tue May 06 11:22:19 CEST 2014: 32: No solution found.
Tue May 06 11:22:19 CEST 2014: 33: finished (156ms, 500cycles)
Tue May 06 11:22:19 CEST 2014: 33: No solution found.
Tue May 06 11:22:19 CEST 2014: 34: finished (3ms, 6cycles)
Tue May 06 11:22:19 CEST 2014: 34: Solution found.
Tue May 06 11:22:19 CEST 2014: 35: finished (9ms, 21cycles)
Tue May 06 11:22:19 CEST 2014: 35: Solution found.
Tue May 06 11:22:19 CEST 2014: 36: finished (5ms, 11cycles)
Tue May 06 11:22:19 CEST 2014: 36: Solution found.
Tue May 06 11:22:19 CEST 2014: 37: finished (2ms, 6cycles)
Tue May 06 11:22:19 CEST 2014: 37: Solution found.
Tue May 06 11:22:20 CEST 2014: 38: finished (492ms, 500cycles)
Tue May 06 11:22:20 CEST 2014: 38: No solution found.
Tue May 06 11:22:20 CEST 2014: 39: finished (5ms, 15cycles)
Tue May 06 11:22:20 CEST 2014: 39: Solution found.
Tue May 06 11:22:20 CEST 2014: 40: finished (3ms, 9cycles)
Tue May 06 11:22:20 CEST 2014: 40: Solution found.
Tue May 06 11:22:20 CEST 2014: 41: finished (8ms, 24cycles)
Tue May 06 11:22:20 CEST 2014: 41: Solution found.
Tue May 06 11:22:20 CEST 2014: 42: finished (144ms, 500cycles)
Tue May 06 11:22:20 CEST 2014: 42: No solution found.
Tue May 06 11:22:20 CEST 2014: 43: finished (150ms, 500cycles)
Tue May 06 11:22:20 CEST 2014: 43: No solution found.
Tue May 06 11:22:20 CEST 2014: 44: finished (168ms, 500cycles)
Tue May 06 11:22:20 CEST 2014: 44: No solution found.
Tue May 06 11:22:20 CEST 2014: 45: finished (10ms, 33cycles)
Tue May 06 11:22:20 CEST 2014: 45: Solution found.
Tue May 06 11:22:20 CEST 2014: 46: finished (144ms, 500cycles)
Tue May 06 11:22:20 CEST 2014: 46: No solution found.
Tue May 06 11:22:20 CEST 2014: 47: finished (7ms, 18cycles)
Tue May 06 11:22:20 CEST 2014: 47: Solution found.
Tue May 06 11:22:20 CEST 2014: 48: finished (11ms, 34cycles)
Tue May 06 11:22:20 CEST 2014: 48: Solution found.
Tue May 06 11:22:20 CEST 2014: 49: finished (16ms, 47cycles)
Tue May 06 11:22:20 CEST 2014: 49: Solution found.
Tue May 06 11:22:21 CEST 2014: 50: finished (154ms, 500cycles)
Tue May 06 11:22:21 CEST 2014: 50: No solution found.
Tue May 06 11:22:21 CEST 2014: 51: finished (8ms, 21cycles)
Tue May 06 11:22:21 CEST 2014: 51: Solution found.
Tue May 06 11:22:21 CEST 2014: 52: finished (3ms, 8cycles)
Tue May 06 11:22:21 CEST 2014: 52: Solution found.
Tue May 06 11:22:21 CEST 2014: 53: finished (6ms, 15cycles)
Tue May 06 11:22:21 CEST 2014: 53: Solution found.
Tue May 06 11:22:21 CEST 2014: 54: finished (4ms, 13cycles)
Tue May 06 11:22:21 CEST 2014: 54: Solution found.
Tue May 06 11:22:21 CEST 2014: 55: finished (142ms, 500cycles)
Tue May 06 11:22:21 CEST 2014: 55: No solution found.
Tue May 06 11:22:21 CEST 2014: 56: finished (7ms, 20cycles)
Tue May 06 11:22:21 CEST 2014: 56: Solution found.
Tue May 06 11:22:21 CEST 2014: 57: finished (16ms, 25cycles)
Tue May 06 11:22:21 CEST 2014: 57: Solution found.
Tue May 06 11:22:21 CEST 2014: 58: finished (151ms, 500cycles)
Tue May 06 11:22:21 CEST 2014: 58: No solution found.
Tue May 06 11:22:21 CEST 2014: 59: finished (11ms, 34cycles)
Tue May 06 11:22:21 CEST 2014: 59: Solution found.
Tue May 06 11:22:21 CEST 2014: 60: finished (6ms, 19cycles)
Tue May 06 11:22:21 CEST 2014: 60: Solution found.
Tue May 06 11:22:21 CEST 2014: 61: finished (3ms, 10cycles)
Tue May 06 11:22:21 CEST 2014: 61: Solution found.
Tue May 06 11:22:21 CEST 2014: 62: finished (145ms, 500cycles)
Tue May 06 11:22:21 CEST 2014: 62: No solution found.
Tue May 06 11:22:21 CEST 2014: 63: finished (156ms, 500cycles)
Tue May 06 11:22:21 CEST 2014: 63: No solution found.
Tue May 06 11:22:21 CEST 2014: 64: finished (92ms, 278cycles)
Tue May 06 11:22:21 CEST 2014: 64: Solution found.
Tue May 06 11:22:21 CEST 2014: 65: finished (9ms, 22cycles)
Tue May 06 11:22:21 CEST 2014: 65: Solution found.
Tue May 06 11:22:21 CEST 2014: 66: finished (150ms, 500cycles)
Tue May 06 11:22:21 CEST 2014: 66: No solution found.
Tue May 06 11:22:21 CEST 2014: 67: finished (9ms, 29cycles)
Tue May 06 11:22:21 CEST 2014: 67: Solution found.
Tue May 06 11:22:22 CEST 2014: 68: finished (138ms, 500cycles)
Tue May 06 11:22:22 CEST 2014: 68: No solution found.
Tue May 06 11:22:22 CEST 2014: 69: finished (7ms, 17cycles)
Tue May 06 11:22:22 CEST 2014: 69: Solution found.
Tue May 06 11:22:22 CEST 2014: 70: finished (9ms, 25cycles)
Tue May 06 11:22:22 CEST 2014: 70: Solution found.
Tue May 06 11:22:22 CEST 2014: 71: finished (10ms, 27cycles)
Tue May 06 11:22:22 CEST 2014: 71: Solution found.
Tue May 06 11:22:22 CEST 2014: 72: finished (147ms, 500cycles)
Tue May 06 11:22:22 CEST 2014: 72: No solution found.
Tue May 06 11:22:22 CEST 2014: 73: finished (13ms, 38cycles)
Tue May 06 11:22:22 CEST 2014: 73: Solution found.
Tue May 06 11:22:22 CEST 2014: 74: finished (23ms, 68cycles)
Tue May 06 11:22:22 CEST 2014: 74: Solution found.
Tue May 06 11:22:22 CEST 2014: 75: finished (163ms, 500cycles)
Tue May 06 11:22:22 CEST 2014: 75: No solution found.
Tue May 06 11:22:22 CEST 2014: 76: finished (15ms, 43cycles)
Tue May 06 11:22:22 CEST 2014: 76: Solution found.
Tue May 06 11:22:22 CEST 2014: 77: finished (136ms, 500cycles)
Tue May 06 11:22:22 CEST 2014: 77: No solution found.
Tue May 06 11:22:22 CEST 2014: 78: finished (7ms, 18cycles)
Tue May 06 11:22:22 CEST 2014: 78: Solution found.
Tue May 06 11:22:22 CEST 2014: 79: finished (5ms, 14cycles)
Tue May 06 11:22:22 CEST 2014: 79: Solution found.
Tue May 06 11:22:22 CEST 2014: 80: finished (3ms, 9cycles)
Tue May 06 11:22:22 CEST 2014: 80: Solution found.
Tue May 06 11:22:22 CEST 2014: 81: finished (4ms, 10cycles)
Tue May 06 11:22:22 CEST 2014: 81: Solution found.
Tue May 06 11:22:22 CEST 2014: 82: finished (28ms, 84cycles)
Tue May 06 11:22:22 CEST 2014: 82: Solution found.
Tue May 06 11:22:22 CEST 2014: 83: finished (143ms, 500cycles)
Tue May 06 11:22:22 CEST 2014: 83: No solution found.
Tue May 06 11:22:22 CEST 2014: 84: finished (4ms, 9cycles)
Tue May 06 11:22:22 CEST 2014: 84: Solution found.
Tue May 06 11:22:23 CEST 2014: 85: finished (317ms, 500cycles)
Tue May 06 11:22:23 CEST 2014: 85: No solution found.
Tue May 06 11:22:23 CEST 2014: 86: finished (137ms, 500cycles)
Tue May 06 11:22:23 CEST 2014: 86: No solution found.
Tue May 06 11:22:23 CEST 2014: 87: finished (10ms, 28cycles)
Tue May 06 11:22:23 CEST 2014: 87: Solution found.
Tue May 06 11:22:23 CEST 2014: 88: finished (165ms, 500cycles)
Tue May 06 11:22:23 CEST 2014: 88: No solution found.
Tue May 06 11:22:23 CEST 2014: 89: finished (5ms, 12cycles)
Tue May 06 11:22:23 CEST 2014: 89: Solution found.
Tue May 06 11:22:23 CEST 2014: 90: finished (148ms, 500cycles)
Tue May 06 11:22:23 CEST 2014: 90: No solution found.
Tue May 06 11:22:23 CEST 2014: 91: finished (157ms, 500cycles)
Tue May 06 11:22:23 CEST 2014: 91: No solution found.
Tue May 06 11:22:23 CEST 2014: 92: finished (33ms, 54cycles)
Tue May 06 11:22:23 CEST 2014: 92: Solution found.
Tue May 06 11:22:23 CEST 2014: 93: finished (3ms, 9cycles)
Tue May 06 11:22:23 CEST 2014: 93: Solution found.
Tue May 06 11:22:23 CEST 2014: 94: finished (16ms, 48cycles)
Tue May 06 11:22:23 CEST 2014: 94: Solution found.
Tue May 06 11:22:23 CEST 2014: 95: finished (2ms, 5cycles)
Tue May 06 11:22:23 CEST 2014: 95: Solution found.
Tue May 06 11:22:23 CEST 2014: 96: finished (165ms, 500cycles)
Tue May 06 11:22:23 CEST 2014: 96: No solution found.
Tue May 06 11:22:23 CEST 2014: 97: finished (3ms, 8cycles)
Tue May 06 11:22:23 CEST 2014: 97: Solution found.
Tue May 06 11:22:23 CEST 2014: 98: finished (11ms, 32cycles)
Tue May 06 11:22:24 CEST 2014: 98: Solution found.
Tue May 06 11:22:24 CEST 2014: 99: finished (154ms, 500cycles)
Tue May 06 11:22:24 CEST 2014: 99: No solution found.
Tue May 06 11:22:24 CEST 2014: Solution Found: 65
Tue May 06 11:22:24 CEST 2014: Avg cycles: 29
Tue May 06 11:22:24 CEST 2014: Max cycles: 278
Tue May 06 11:22:24 CEST 2014: Min cycles: 1
Tue May 06 11:22:24 CEST 2014: No solution found: 35
Tue May 06 11:22:24 CEST 2014: logging finished. (runtime: 6555ms)
