Sun May 18 05:49:10 CEST 2014: Problem Count: 40
Sun May 18 05:49:10 CEST 2014: CandidatesCount: 20
Sun May 18 05:49:10 CEST 2014: Max Cycles: 500
Sun May 18 05:49:10 CEST 2014: 0: finished (114ms, 500cycles)
Sun May 18 05:49:10 CEST 2014: 0: No solution found.
Sun May 18 05:49:10 CEST 2014: 1: finished (3ms, 9cycles)
Sun May 18 05:49:10 CEST 2014: 1: Solution found.
Sun May 18 05:49:10 CEST 2014: 2: finished (122ms, 500cycles)
Sun May 18 05:49:10 CEST 2014: 2: No solution found.
Sun May 18 05:49:10 CEST 2014: 3: finished (104ms, 500cycles)
Sun May 18 05:49:10 CEST 2014: 3: No solution found.
Sun May 18 05:49:10 CEST 2014: 4: finished (9ms, 35cycles)
Sun May 18 05:49:10 CEST 2014: 4: Solution found.
Sun May 18 05:49:10 CEST 2014: 5: finished (3ms, 12cycles)
Sun May 18 05:49:10 CEST 2014: 5: Solution found.
Sun May 18 05:49:10 CEST 2014: 6: finished (2ms, 7cycles)
Sun May 18 05:49:10 CEST 2014: 6: Solution found.
Sun May 18 05:49:10 CEST 2014: 7: finished (101ms, 500cycles)
Sun May 18 05:49:10 CEST 2014: 7: No solution found.
Sun May 18 05:49:10 CEST 2014: 8: finished (109ms, 500cycles)
Sun May 18 05:49:10 CEST 2014: 8: No solution found.
Sun May 18 05:49:10 CEST 2014: 9: finished (103ms, 500cycles)
Sun May 18 05:49:10 CEST 2014: 9: No solution found.
Sun May 18 05:49:10 CEST 2014: 10: finished (106ms, 500cycles)
Sun May 18 05:49:10 CEST 2014: 10: No solution found.
Sun May 18 05:49:11 CEST 2014: 11: finished (112ms, 500cycles)
Sun May 18 05:49:11 CEST 2014: 11: No solution found.
Sun May 18 05:49:11 CEST 2014: 12: finished (18ms, 74cycles)
Sun May 18 05:49:11 CEST 2014: 12: Solution found.
Sun May 18 05:49:11 CEST 2014: 13: finished (19ms, 75cycles)
Sun May 18 05:49:11 CEST 2014: 13: Solution found.
Sun May 18 05:49:11 CEST 2014: 14: finished (4ms, 17cycles)
Sun May 18 05:49:11 CEST 2014: 14: Solution found.
Sun May 18 05:49:11 CEST 2014: 15: finished (102ms, 500cycles)
Sun May 18 05:49:11 CEST 2014: 15: No solution found.
Sun May 18 05:49:11 CEST 2014: 16: finished (111ms, 500cycles)
Sun May 18 05:49:11 CEST 2014: 16: No solution found.
Sun May 18 05:49:11 CEST 2014: 17: finished (106ms, 500cycles)
Sun May 18 05:49:11 CEST 2014: 17: No solution found.
Sun May 18 05:49:11 CEST 2014: 18: finished (107ms, 500cycles)
Sun May 18 05:49:11 CEST 2014: 18: No solution found.
Sun May 18 05:49:11 CEST 2014: 19: finished (105ms, 500cycles)
Sun May 18 05:49:11 CEST 2014: 19: No solution found.
Sun May 18 05:49:11 CEST 2014: 20: finished (2ms, 7cycles)
Sun May 18 05:49:11 CEST 2014: 20: Solution found.
Sun May 18 05:49:11 CEST 2014: 21: finished (109ms, 500cycles)
Sun May 18 05:49:11 CEST 2014: 21: No solution found.
Sun May 18 05:49:11 CEST 2014: 22: finished (109ms, 500cycles)
Sun May 18 05:49:11 CEST 2014: 22: No solution found.
Sun May 18 05:49:11 CEST 2014: 23: finished (118ms, 500cycles)
Sun May 18 05:49:11 CEST 2014: 23: No solution found.
Sun May 18 05:49:11 CEST 2014: 24: finished (6ms, 25cycles)
Sun May 18 05:49:11 CEST 2014: 24: Solution found.
Sun May 18 05:49:12 CEST 2014: 25: finished (108ms, 500cycles)
Sun May 18 05:49:12 CEST 2014: 25: No solution found.
Sun May 18 05:49:12 CEST 2014: 26: finished (101ms, 500cycles)
Sun May 18 05:49:12 CEST 2014: 26: No solution found.
Sun May 18 05:49:12 CEST 2014: 27: finished (110ms, 500cycles)
Sun May 18 05:49:12 CEST 2014: 27: No solution found.
Sun May 18 05:49:12 CEST 2014: 28: finished (19ms, 74cycles)
Sun May 18 05:49:12 CEST 2014: 28: Solution found.
Sun May 18 05:49:12 CEST 2014: 29: finished (110ms, 500cycles)
Sun May 18 05:49:12 CEST 2014: 29: No solution found.
Sun May 18 05:49:12 CEST 2014: 30: finished (115ms, 500cycles)
Sun May 18 05:49:12 CEST 2014: 30: No solution found.
Sun May 18 05:49:12 CEST 2014: 31: finished (115ms, 500cycles)
Sun May 18 05:49:12 CEST 2014: 31: No solution found.
Sun May 18 05:49:12 CEST 2014: 32: finished (111ms, 500cycles)
Sun May 18 05:49:12 CEST 2014: 32: No solution found.
Sun May 18 05:49:12 CEST 2014: 33: finished (108ms, 500cycles)
Sun May 18 05:49:12 CEST 2014: 33: No solution found.
Sun May 18 05:49:12 CEST 2014: 34: finished (49ms, 231cycles)
Sun May 18 05:49:12 CEST 2014: 34: Solution found.
Sun May 18 05:49:12 CEST 2014: 35: finished (4ms, 14cycles)
Sun May 18 05:49:12 CEST 2014: 35: Solution found.
Sun May 18 05:49:13 CEST 2014: 36: finished (97ms, 500cycles)
Sun May 18 05:49:13 CEST 2014: 36: No solution found.
Sun May 18 05:49:13 CEST 2014: 37: finished (27ms, 109cycles)
Sun May 18 05:49:13 CEST 2014: 37: Solution found.
Sun May 18 05:49:13 CEST 2014: 38: finished (105ms, 500cycles)
Sun May 18 05:49:13 CEST 2014: 38: No solution found.
Sun May 18 05:49:13 CEST 2014: 39: finished (110ms, 500cycles)
Sun May 18 05:49:13 CEST 2014: 39: No solution found.
Sun May 18 05:49:13 CEST 2014: 40: finished (17ms, 47cycles)
Sun May 18 05:49:13 CEST 2014: 40: Solution found.
Sun May 18 05:49:13 CEST 2014: 41: finished (118ms, 500cycles)
Sun May 18 05:49:13 CEST 2014: 41: No solution found.
Sun May 18 05:49:13 CEST 2014: 42: finished (6ms, 22cycles)
Sun May 18 05:49:13 CEST 2014: 42: Solution found.
Sun May 18 05:49:13 CEST 2014: 43: finished (7ms, 31cycles)
Sun May 18 05:49:13 CEST 2014: 43: Solution found.
Sun May 18 05:49:13 CEST 2014: 44: finished (39ms, 163cycles)
Sun May 18 05:49:13 CEST 2014: 44: Solution found.
Sun May 18 05:49:13 CEST 2014: 45: finished (102ms, 500cycles)
Sun May 18 05:49:13 CEST 2014: 45: No solution found.
Sun May 18 05:49:13 CEST 2014: 46: finished (5ms, 16cycles)
Sun May 18 05:49:13 CEST 2014: 46: Solution found.
Sun May 18 05:49:13 CEST 2014: 47: finished (2ms, 10cycles)
Sun May 18 05:49:13 CEST 2014: 47: Solution found.
Sun May 18 05:49:13 CEST 2014: 48: finished (116ms, 500cycles)
Sun May 18 05:49:13 CEST 2014: 48: No solution found.
Sun May 18 05:49:13 CEST 2014: 49: finished (6ms, 16cycles)
Sun May 18 05:49:13 CEST 2014: 49: Solution found.
Sun May 18 05:49:13 CEST 2014: 50: finished (3ms, 9cycles)
Sun May 18 05:49:13 CEST 2014: 50: Solution found.
Sun May 18 05:49:13 CEST 2014: 51: finished (177ms, 500cycles)
Sun May 18 05:49:13 CEST 2014: 51: No solution found.
Sun May 18 05:49:14 CEST 2014: 52: finished (238ms, 500cycles)
Sun May 18 05:49:14 CEST 2014: 52: No solution found.
Sun May 18 05:49:14 CEST 2014: 53: finished (36ms, 52cycles)
Sun May 18 05:49:14 CEST 2014: 53: Solution found.
Sun May 18 05:49:14 CEST 2014: 54: finished (8ms, 14cycles)
Sun May 18 05:49:14 CEST 2014: 54: Solution found.
Sun May 18 05:49:14 CEST 2014: 55: finished (260ms, 500cycles)
Sun May 18 05:49:14 CEST 2014: 55: No solution found.
Sun May 18 05:49:14 CEST 2014: 56: finished (234ms, 500cycles)
Sun May 18 05:49:14 CEST 2014: 56: No solution found.
Sun May 18 05:49:14 CEST 2014: 57: finished (18ms, 33cycles)
Sun May 18 05:49:14 CEST 2014: 57: Solution found.
Sun May 18 05:49:14 CEST 2014: 58: finished (237ms, 500cycles)
Sun May 18 05:49:14 CEST 2014: 58: No solution found.
Sun May 18 05:49:15 CEST 2014: 59: finished (226ms, 500cycles)
Sun May 18 05:49:15 CEST 2014: 59: No solution found.
Sun May 18 05:49:15 CEST 2014: 60: finished (222ms, 500cycles)
Sun May 18 05:49:15 CEST 2014: 60: No solution found.
Sun May 18 05:49:15 CEST 2014: 61: finished (15ms, 26cycles)
Sun May 18 05:49:15 CEST 2014: 61: Solution found.
Sun May 18 05:49:15 CEST 2014: 62: finished (266ms, 500cycles)
Sun May 18 05:49:15 CEST 2014: 62: No solution found.
Sun May 18 05:49:15 CEST 2014: 63: finished (266ms, 500cycles)
Sun May 18 05:49:15 CEST 2014: 63: No solution found.
Sun May 18 05:49:16 CEST 2014: 64: finished (227ms, 500cycles)
Sun May 18 05:49:16 CEST 2014: 64: No solution found.
Sun May 18 05:49:16 CEST 2014: 65: finished (247ms, 500cycles)
Sun May 18 05:49:16 CEST 2014: 65: No solution found.
Sun May 18 05:49:16 CEST 2014: 66: finished (247ms, 500cycles)
Sun May 18 05:49:16 CEST 2014: 66: No solution found.
Sun May 18 05:49:16 CEST 2014: 67: finished (265ms, 500cycles)
Sun May 18 05:49:16 CEST 2014: 67: No solution found.
Sun May 18 05:49:17 CEST 2014: 68: finished (179ms, 397cycles)
Sun May 18 05:49:17 CEST 2014: 68: Solution found.
Sun May 18 05:49:17 CEST 2014: 69: finished (5ms, 7cycles)
Sun May 18 05:49:17 CEST 2014: 69: Solution found.
Sun May 18 05:49:17 CEST 2014: 70: finished (221ms, 500cycles)
Sun May 18 05:49:17 CEST 2014: 70: No solution found.
Sun May 18 05:49:17 CEST 2014: 71: finished (241ms, 500cycles)
Sun May 18 05:49:17 CEST 2014: 71: No solution found.
Sun May 18 05:49:17 CEST 2014: 72: finished (248ms, 500cycles)
Sun May 18 05:49:17 CEST 2014: 72: No solution found.
Sun May 18 05:49:18 CEST 2014: 73: finished (243ms, 500cycles)
Sun May 18 05:49:18 CEST 2014: 73: No solution found.
Sun May 18 05:49:18 CEST 2014: 74: finished (180ms, 374cycles)
Sun May 18 05:49:18 CEST 2014: 74: Solution found.
Sun May 18 05:49:18 CEST 2014: 75: finished (242ms, 500cycles)
Sun May 18 05:49:18 CEST 2014: 75: No solution found.
Sun May 18 05:49:18 CEST 2014: 76: finished (249ms, 500cycles)
Sun May 18 05:49:18 CEST 2014: 76: No solution found.
Sun May 18 05:49:18 CEST 2014: 77: finished (244ms, 500cycles)
Sun May 18 05:49:18 CEST 2014: 77: No solution found.
Sun May 18 05:49:19 CEST 2014: 78: finished (263ms, 500cycles)
Sun May 18 05:49:19 CEST 2014: 78: No solution found.
Sun May 18 05:49:19 CEST 2014: 79: finished (275ms, 500cycles)
Sun May 18 05:49:19 CEST 2014: 79: No solution found.
Sun May 18 05:49:19 CEST 2014: 80: finished (14ms, 25cycles)
Sun May 18 05:49:19 CEST 2014: 80: Solution found.
Sun May 18 05:49:19 CEST 2014: 81: finished (231ms, 500cycles)
Sun May 18 05:49:19 CEST 2014: 81: No solution found.
Sun May 18 05:49:19 CEST 2014: 82: finished (208ms, 500cycles)
Sun May 18 05:49:19 CEST 2014: 82: No solution found.
Sun May 18 05:49:20 CEST 2014: 83: finished (98ms, 500cycles)
Sun May 18 05:49:20 CEST 2014: 83: No solution found.
Sun May 18 05:49:20 CEST 2014: 84: finished (102ms, 500cycles)
Sun May 18 05:49:20 CEST 2014: 84: No solution found.
Sun May 18 05:49:20 CEST 2014: 85: finished (32ms, 127cycles)
Sun May 18 05:49:20 CEST 2014: 85: Solution found.
Sun May 18 05:49:20 CEST 2014: 86: finished (5ms, 19cycles)
Sun May 18 05:49:20 CEST 2014: 86: Solution found.
Sun May 18 05:49:20 CEST 2014: 87: finished (108ms, 500cycles)
Sun May 18 05:49:20 CEST 2014: 87: No solution found.
Sun May 18 05:49:20 CEST 2014: 88: finished (3ms, 11cycles)
Sun May 18 05:49:20 CEST 2014: 88: Solution found.
Sun May 18 05:49:20 CEST 2014: 89: finished (118ms, 500cycles)
Sun May 18 05:49:20 CEST 2014: 89: No solution found.
Sun May 18 05:49:20 CEST 2014: 90: finished (6ms, 23cycles)
Sun May 18 05:49:20 CEST 2014: 90: Solution found.
Sun May 18 05:49:20 CEST 2014: 91: finished (3ms, 9cycles)
Sun May 18 05:49:20 CEST 2014: 91: Solution found.
Sun May 18 05:49:20 CEST 2014: 92: finished (99ms, 500cycles)
Sun May 18 05:49:20 CEST 2014: 92: No solution found.
Sun May 18 05:49:20 CEST 2014: 93: finished (110ms, 500cycles)
Sun May 18 05:49:20 CEST 2014: 93: No solution found.
Sun May 18 05:49:20 CEST 2014: 94: finished (129ms, 500cycles)
Sun May 18 05:49:20 CEST 2014: 94: No solution found.
Sun May 18 05:49:20 CEST 2014: 95: finished (11ms, 42cycles)
Sun May 18 05:49:20 CEST 2014: 95: Solution found.
Sun May 18 05:49:20 CEST 2014: 96: finished (99ms, 500cycles)
Sun May 18 05:49:20 CEST 2014: 96: No solution found.
Sun May 18 05:49:20 CEST 2014: 97: finished (106ms, 500cycles)
Sun May 18 05:49:20 CEST 2014: 97: No solution found.
Sun May 18 05:49:21 CEST 2014: 98: finished (112ms, 500cycles)
Sun May 18 05:49:21 CEST 2014: 98: No solution found.
Sun May 18 05:49:21 CEST 2014: 99: finished (3ms, 16cycles)
Sun May 18 05:49:21 CEST 2014: 99: Solution found.
Sun May 18 05:49:21 CEST 2014: Solution Found: 36
Sun May 18 05:49:21 CEST 2014: Avg cycles: 60
Sun May 18 05:49:21 CEST 2014: Max cycles: 397
Sun May 18 05:49:21 CEST 2014: Min cycles: 7
Sun May 18 05:49:21 CEST 2014: No solution found: 64
Sun May 18 05:49:21 CEST 2014: logging finished. (runtime: 10913ms)
