Sun May 18 04:28:29 CEST 2014: Problem Count: 40
Sun May 18 04:28:29 CEST 2014: CandidatesCount: 40
Sun May 18 04:28:29 CEST 2014: Max Cycles: 500
Sun May 18 04:28:29 CEST 2014: 0: finished (179ms, 500cycles)
Sun May 18 04:28:29 CEST 2014: 0: No solution found.
Sun May 18 04:28:29 CEST 2014: 1: finished (179ms, 500cycles)
Sun May 18 04:28:29 CEST 2014: 1: No solution found.
Sun May 18 04:28:29 CEST 2014: 2: finished (12ms, 31cycles)
Sun May 18 04:28:29 CEST 2014: 2: Solution found.
Sun May 18 04:28:29 CEST 2014: 3: finished (178ms, 500cycles)
Sun May 18 04:28:29 CEST 2014: 3: No solution found.
Sun May 18 04:28:29 CEST 2014: 4: finished (13ms, 34cycles)
Sun May 18 04:28:29 CEST 2014: 4: Solution found.
Sun May 18 04:28:29 CEST 2014: 5: finished (19ms, 40cycles)
Sun May 18 04:28:29 CEST 2014: 5: Solution found.
Sun May 18 04:28:29 CEST 2014: 6: finished (3ms, 7cycles)
Sun May 18 04:28:29 CEST 2014: 6: Solution found.
Sun May 18 04:28:29 CEST 2014: 7: finished (11ms, 32cycles)
Sun May 18 04:28:29 CEST 2014: 7: Solution found.
Sun May 18 04:28:29 CEST 2014: 8: finished (165ms, 500cycles)
Sun May 18 04:28:29 CEST 2014: 8: No solution found.
Sun May 18 04:28:29 CEST 2014: 9: finished (183ms, 500cycles)
Sun May 18 04:28:29 CEST 2014: 9: No solution found.
Sun May 18 04:28:30 CEST 2014: 10: finished (164ms, 500cycles)
Sun May 18 04:28:30 CEST 2014: 10: No solution found.
Sun May 18 04:28:30 CEST 2014: 11: finished (180ms, 500cycles)
Sun May 18 04:28:30 CEST 2014: 11: No solution found.
Sun May 18 04:28:30 CEST 2014: 12: finished (7ms, 17cycles)
Sun May 18 04:28:30 CEST 2014: 12: Solution found.
Sun May 18 04:28:30 CEST 2014: 13: finished (4ms, 9cycles)
Sun May 18 04:28:30 CEST 2014: 13: Solution found.
Sun May 18 04:28:30 CEST 2014: 14: finished (3ms, 7cycles)
Sun May 18 04:28:30 CEST 2014: 14: Solution found.
Sun May 18 04:28:30 CEST 2014: 15: finished (8ms, 21cycles)
Sun May 18 04:28:30 CEST 2014: 15: Solution found.
Sun May 18 04:28:30 CEST 2014: 16: finished (6ms, 16cycles)
Sun May 18 04:28:30 CEST 2014: 16: Solution found.
Sun May 18 04:28:30 CEST 2014: 17: finished (13ms, 32cycles)
Sun May 18 04:28:30 CEST 2014: 17: Solution found.
Sun May 18 04:28:30 CEST 2014: 18: finished (6ms, 18cycles)
Sun May 18 04:28:30 CEST 2014: 18: Solution found.
Sun May 18 04:28:30 CEST 2014: 19: finished (2ms, 2cycles)
Sun May 18 04:28:30 CEST 2014: 19: Solution found.
Sun May 18 04:28:30 CEST 2014: 20: finished (10ms, 25cycles)
Sun May 18 04:28:30 CEST 2014: 20: Solution found.
Sun May 18 04:28:30 CEST 2014: 21: finished (162ms, 500cycles)
Sun May 18 04:28:30 CEST 2014: 21: No solution found.
Sun May 18 04:28:30 CEST 2014: 22: finished (161ms, 500cycles)
Sun May 18 04:28:30 CEST 2014: 22: No solution found.
Sun May 18 04:28:30 CEST 2014: 23: finished (4ms, 8cycles)
Sun May 18 04:28:30 CEST 2014: 23: Solution found.
Sun May 18 04:28:30 CEST 2014: 24: finished (168ms, 500cycles)
Sun May 18 04:28:30 CEST 2014: 24: No solution found.
Sun May 18 04:28:31 CEST 2014: 25: finished (184ms, 500cycles)
Sun May 18 04:28:31 CEST 2014: 25: No solution found.
Sun May 18 04:28:31 CEST 2014: 26: finished (174ms, 500cycles)
Sun May 18 04:28:31 CEST 2014: 26: No solution found.
Sun May 18 04:28:31 CEST 2014: 27: finished (8ms, 22cycles)
Sun May 18 04:28:31 CEST 2014: 27: Solution found.
Sun May 18 04:28:31 CEST 2014: 28: finished (169ms, 500cycles)
Sun May 18 04:28:31 CEST 2014: 28: No solution found.
Sun May 18 04:28:31 CEST 2014: 29: finished (6ms, 17cycles)
Sun May 18 04:28:31 CEST 2014: 29: Solution found.
Sun May 18 04:28:31 CEST 2014: 30: finished (21ms, 55cycles)
Sun May 18 04:28:31 CEST 2014: 30: Solution found.
Sun May 18 04:28:31 CEST 2014: 31: finished (183ms, 500cycles)
Sun May 18 04:28:31 CEST 2014: 31: No solution found.
Sun May 18 04:28:31 CEST 2014: 32: finished (24ms, 60cycles)
Sun May 18 04:28:31 CEST 2014: 32: Solution found.
Sun May 18 04:28:31 CEST 2014: 33: finished (183ms, 500cycles)
Sun May 18 04:28:31 CEST 2014: 33: No solution found.
Sun May 18 04:28:31 CEST 2014: 34: finished (171ms, 500cycles)
Sun May 18 04:28:31 CEST 2014: 34: No solution found.
Sun May 18 04:28:31 CEST 2014: 35: finished (3ms, 8cycles)
Sun May 18 04:28:31 CEST 2014: 35: Solution found.
Sun May 18 04:28:32 CEST 2014: 36: finished (21ms, 57cycles)
Sun May 18 04:28:32 CEST 2014: 36: Solution found.
Sun May 18 04:28:32 CEST 2014: 37: finished (6ms, 15cycles)
Sun May 18 04:28:32 CEST 2014: 37: Solution found.
Sun May 18 04:28:32 CEST 2014: 38: finished (3ms, 7cycles)
Sun May 18 04:28:32 CEST 2014: 38: Solution found.
Sun May 18 04:28:32 CEST 2014: 39: finished (25ms, 38cycles)
Sun May 18 04:28:32 CEST 2014: 39: Solution found.
Sun May 18 04:28:32 CEST 2014: 40: finished (11ms, 26cycles)
Sun May 18 04:28:32 CEST 2014: 40: Solution found.
Sun May 18 04:28:32 CEST 2014: 41: finished (15ms, 44cycles)
Sun May 18 04:28:32 CEST 2014: 41: Solution found.
Sun May 18 04:28:32 CEST 2014: 42: finished (199ms, 500cycles)
Sun May 18 04:28:32 CEST 2014: 42: No solution found.
Sun May 18 04:28:32 CEST 2014: 43: finished (188ms, 500cycles)
Sun May 18 04:28:32 CEST 2014: 43: No solution found.
Sun May 18 04:28:32 CEST 2014: 44: finished (182ms, 500cycles)
Sun May 18 04:28:32 CEST 2014: 44: No solution found.
Sun May 18 04:28:32 CEST 2014: 45: finished (167ms, 500cycles)
Sun May 18 04:28:32 CEST 2014: 45: No solution found.
Sun May 18 04:28:32 CEST 2014: 46: finished (23ms, 65cycles)
Sun May 18 04:28:32 CEST 2014: 46: Solution found.
Sun May 18 04:28:32 CEST 2014: 47: finished (167ms, 500cycles)
Sun May 18 04:28:32 CEST 2014: 47: No solution found.
Sun May 18 04:28:33 CEST 2014: 48: finished (188ms, 500cycles)
Sun May 18 04:28:33 CEST 2014: 48: No solution found.
Sun May 18 04:28:33 CEST 2014: 49: finished (19ms, 50cycles)
Sun May 18 04:28:33 CEST 2014: 49: Solution found.
Sun May 18 04:28:33 CEST 2014: 50: finished (4ms, 10cycles)
Sun May 18 04:28:33 CEST 2014: 50: Solution found.
Sun May 18 04:28:33 CEST 2014: 51: finished (168ms, 500cycles)
Sun May 18 04:28:33 CEST 2014: 51: No solution found.
Sun May 18 04:28:33 CEST 2014: 52: finished (179ms, 500cycles)
Sun May 18 04:28:33 CEST 2014: 52: No solution found.
Sun May 18 04:28:33 CEST 2014: 53: finished (168ms, 500cycles)
Sun May 18 04:28:33 CEST 2014: 53: No solution found.
Sun May 18 04:28:33 CEST 2014: 54: finished (3ms, 7cycles)
Sun May 18 04:28:33 CEST 2014: 54: Solution found.
Sun May 18 04:28:33 CEST 2014: 55: finished (167ms, 500cycles)
Sun May 18 04:28:33 CEST 2014: 55: No solution found.
Sun May 18 04:28:33 CEST 2014: 56: finished (2ms, 4cycles)
Sun May 18 04:28:33 CEST 2014: 56: Solution found.
Sun May 18 04:28:33 CEST 2014: 57: finished (4ms, 10cycles)
Sun May 18 04:28:33 CEST 2014: 57: Solution found.
Sun May 18 04:28:33 CEST 2014: 58: finished (4ms, 10cycles)
Sun May 18 04:28:33 CEST 2014: 58: Solution found.
Sun May 18 04:28:33 CEST 2014: 59: finished (33ms, 51cycles)
Sun May 18 04:28:33 CEST 2014: 59: Solution found.
Sun May 18 04:28:34 CEST 2014: 60: finished (170ms, 500cycles)
Sun May 18 04:28:34 CEST 2014: 60: No solution found.
Sun May 18 04:28:34 CEST 2014: 61: finished (199ms, 500cycles)
Sun May 18 04:28:34 CEST 2014: 61: No solution found.
Sun May 18 04:28:34 CEST 2014: 62: finished (5ms, 12cycles)
Sun May 18 04:28:34 CEST 2014: 62: Solution found.
Sun May 18 04:28:34 CEST 2014: 63: finished (19ms, 25cycles)
Sun May 18 04:28:34 CEST 2014: 63: Solution found.
Sun May 18 04:28:34 CEST 2014: 64: finished (7ms, 17cycles)
Sun May 18 04:28:34 CEST 2014: 64: Solution found.
Sun May 18 04:28:34 CEST 2014: 65: finished (8ms, 24cycles)
Sun May 18 04:28:34 CEST 2014: 65: Solution found.
Sun May 18 04:28:34 CEST 2014: 66: finished (170ms, 500cycles)
Sun May 18 04:28:34 CEST 2014: 66: No solution found.
Sun May 18 04:28:34 CEST 2014: 67: finished (180ms, 500cycles)
Sun May 18 04:28:34 CEST 2014: 67: No solution found.
Sun May 18 04:28:34 CEST 2014: 68: finished (10ms, 20cycles)
Sun May 18 04:28:34 CEST 2014: 68: Solution found.
Sun May 18 04:28:34 CEST 2014: 69: finished (6ms, 17cycles)
Sun May 18 04:28:34 CEST 2014: 69: Solution found.
Sun May 18 04:28:34 CEST 2014: 70: finished (8ms, 23cycles)
Sun May 18 04:28:34 CEST 2014: 70: Solution found.
Sun May 18 04:28:34 CEST 2014: 71: finished (10ms, 28cycles)
Sun May 18 04:28:34 CEST 2014: 71: Solution found.
Sun May 18 04:28:34 CEST 2014: 72: finished (8ms, 24cycles)
Sun May 18 04:28:34 CEST 2014: 72: Solution found.
Sun May 18 04:28:34 CEST 2014: 73: finished (8ms, 21cycles)
Sun May 18 04:28:34 CEST 2014: 73: Solution found.
Sun May 18 04:28:34 CEST 2014: 74: finished (170ms, 500cycles)
Sun May 18 04:28:34 CEST 2014: 74: No solution found.
Sun May 18 04:28:34 CEST 2014: 75: finished (4ms, 9cycles)
Sun May 18 04:28:34 CEST 2014: 75: Solution found.
Sun May 18 04:28:34 CEST 2014: 76: finished (8ms, 22cycles)
Sun May 18 04:28:34 CEST 2014: 76: Solution found.
Sun May 18 04:28:35 CEST 2014: 77: finished (177ms, 500cycles)
Sun May 18 04:28:35 CEST 2014: 77: No solution found.
Sun May 18 04:28:35 CEST 2014: 78: finished (230ms, 500cycles)
Sun May 18 04:28:35 CEST 2014: 78: No solution found.
Sun May 18 04:28:35 CEST 2014: 79: finished (183ms, 500cycles)
Sun May 18 04:28:35 CEST 2014: 79: No solution found.
Sun May 18 04:28:35 CEST 2014: 80: finished (173ms, 500cycles)
Sun May 18 04:28:35 CEST 2014: 80: No solution found.
Sun May 18 04:28:35 CEST 2014: 81: finished (30ms, 63cycles)
Sun May 18 04:28:35 CEST 2014: 81: Solution found.
Sun May 18 04:28:35 CEST 2014: 82: finished (165ms, 500cycles)
Sun May 18 04:28:35 CEST 2014: 82: No solution found.
Sun May 18 04:28:36 CEST 2014: 83: finished (176ms, 500cycles)
Sun May 18 04:28:36 CEST 2014: 83: No solution found.
Sun May 18 04:28:36 CEST 2014: 84: finished (168ms, 500cycles)
Sun May 18 04:28:36 CEST 2014: 84: No solution found.
Sun May 18 04:28:36 CEST 2014: 85: finished (166ms, 500cycles)
Sun May 18 04:28:36 CEST 2014: 85: No solution found.
Sun May 18 04:28:36 CEST 2014: 86: finished (186ms, 500cycles)
Sun May 18 04:28:36 CEST 2014: 86: No solution found.
Sun May 18 04:28:36 CEST 2014: 87: finished (162ms, 500cycles)
Sun May 18 04:28:36 CEST 2014: 87: No solution found.
Sun May 18 04:28:36 CEST 2014: 88: finished (182ms, 500cycles)
Sun May 18 04:28:36 CEST 2014: 88: No solution found.
Sun May 18 04:28:37 CEST 2014: 89: finished (195ms, 500cycles)
Sun May 18 04:28:37 CEST 2014: 89: No solution found.
Sun May 18 04:28:37 CEST 2014: 90: finished (20ms, 50cycles)
Sun May 18 04:28:37 CEST 2014: 90: Solution found.
Sun May 18 04:28:37 CEST 2014: 91: finished (174ms, 500cycles)
Sun May 18 04:28:37 CEST 2014: 91: No solution found.
Sun May 18 04:28:37 CEST 2014: 92: finished (2ms, 5cycles)
Sun May 18 04:28:37 CEST 2014: 92: Solution found.
Sun May 18 04:28:37 CEST 2014: 93: finished (17ms, 45cycles)
Sun May 18 04:28:37 CEST 2014: 93: Solution found.
Sun May 18 04:28:37 CEST 2014: 94: finished (175ms, 500cycles)
Sun May 18 04:28:37 CEST 2014: 94: No solution found.
Sun May 18 04:28:37 CEST 2014: 95: finished (6ms, 14cycles)
Sun May 18 04:28:37 CEST 2014: 95: Solution found.
Sun May 18 04:28:37 CEST 2014: 96: finished (25ms, 42cycles)
Sun May 18 04:28:37 CEST 2014: 96: Solution found.
Sun May 18 04:28:37 CEST 2014: 97: finished (193ms, 500cycles)
Sun May 18 04:28:37 CEST 2014: 97: No solution found.
Sun May 18 04:28:37 CEST 2014: 98: finished (172ms, 500cycles)
Sun May 18 04:28:37 CEST 2014: 98: No solution found.
Sun May 18 04:28:37 CEST 2014: 99: finished (54ms, 155cycles)
Sun May 18 04:28:37 CEST 2014: 99: Solution found.
Sun May 18 04:28:37 CEST 2014: Solution Found: 53
Sun May 18 04:28:37 CEST 2014: Avg cycles: 27
Sun May 18 04:28:37 CEST 2014: Max cycles: 155
Sun May 18 04:28:37 CEST 2014: Min cycles: 2
Sun May 18 04:28:37 CEST 2014: No solution found: 47
Sun May 18 04:28:37 CEST 2014: logging finished. (runtime: 8947ms)
