Wed May 07 02:38:28 CEST 2014: Problem Count: 20
Wed May 07 02:38:28 CEST 2014: CandidatesCount: 50
Wed May 07 02:38:28 CEST 2014: Max Cycles: 500
Wed May 07 02:38:28 CEST 2014: 0: finished (109ms, 500cycles)
Wed May 07 02:38:28 CEST 2014: 0: No solution found.
Wed May 07 02:38:28 CEST 2014: 1: finished (13ms, 32cycles)
Wed May 07 02:38:28 CEST 2014: 1: Solution found.
Wed May 07 02:38:28 CEST 2014: 2: finished (100ms, 500cycles)
Wed May 07 02:38:28 CEST 2014: 2: No solution found.
Wed May 07 02:38:28 CEST 2014: 3: finished (9ms, 25cycles)
Wed May 07 02:38:28 CEST 2014: 3: Solution found.
Wed May 07 02:38:28 CEST 2014: 4: finished (124ms, 500cycles)
Wed May 07 02:38:28 CEST 2014: 4: No solution found.
Wed May 07 02:38:28 CEST 2014: 5: finished (11ms, 39cycles)
Wed May 07 02:38:28 CEST 2014: 5: Solution found.
Wed May 07 02:38:28 CEST 2014: 6: finished (5ms, 14cycles)
Wed May 07 02:38:28 CEST 2014: 6: Solution found.
Wed May 07 02:38:28 CEST 2014: 7: finished (2ms, 8cycles)
Wed May 07 02:38:28 CEST 2014: 7: Solution found.
Wed May 07 02:38:28 CEST 2014: 8: finished (46ms, 99cycles)
Wed May 07 02:38:28 CEST 2014: 8: Solution found.
Wed May 07 02:38:28 CEST 2014: 9: finished (126ms, 500cycles)
Wed May 07 02:38:28 CEST 2014: 9: No solution found.
Wed May 07 02:38:28 CEST 2014: 10: finished (128ms, 500cycles)
Wed May 07 02:38:28 CEST 2014: 10: No solution found.
Wed May 07 02:38:29 CEST 2014: 11: finished (118ms, 500cycles)
Wed May 07 02:38:29 CEST 2014: 11: No solution found.
Wed May 07 02:38:29 CEST 2014: 12: finished (2ms, 7cycles)
Wed May 07 02:38:29 CEST 2014: 12: Solution found.
Wed May 07 02:38:29 CEST 2014: 13: finished (108ms, 500cycles)
Wed May 07 02:38:29 CEST 2014: 13: No solution found.
Wed May 07 02:38:29 CEST 2014: 14: finished (112ms, 500cycles)
Wed May 07 02:38:29 CEST 2014: 14: No solution found.
Wed May 07 02:38:29 CEST 2014: 15: finished (142ms, 500cycles)
Wed May 07 02:38:29 CEST 2014: 15: No solution found.
Wed May 07 02:38:30 CEST 2014: 16: finished (601ms, 500cycles)
Wed May 07 02:38:30 CEST 2014: 16: No solution found.
Wed May 07 02:38:30 CEST 2014: 17: finished (2ms, 7cycles)
Wed May 07 02:38:30 CEST 2014: 17: Solution found.
Wed May 07 02:38:30 CEST 2014: 18: finished (5ms, 20cycles)
Wed May 07 02:38:30 CEST 2014: 18: Solution found.
Wed May 07 02:38:30 CEST 2014: 19: finished (112ms, 500cycles)
Wed May 07 02:38:30 CEST 2014: 19: No solution found.
Wed May 07 02:38:30 CEST 2014: 20: finished (3ms, 10cycles)
Wed May 07 02:38:30 CEST 2014: 20: Solution found.
Wed May 07 02:38:30 CEST 2014: 21: finished (16ms, 25cycles)
Wed May 07 02:38:30 CEST 2014: 21: Solution found.
Wed May 07 02:38:30 CEST 2014: 22: finished (107ms, 500cycles)
Wed May 07 02:38:30 CEST 2014: 22: No solution found.
Wed May 07 02:38:30 CEST 2014: 23: finished (659ms, 500cycles)
Wed May 07 02:38:30 CEST 2014: 23: No solution found.
Wed May 07 02:38:31 CEST 2014: 24: finished (116ms, 500cycles)
Wed May 07 02:38:31 CEST 2014: 24: No solution found.
Wed May 07 02:38:31 CEST 2014: 25: finished (115ms, 500cycles)
Wed May 07 02:38:31 CEST 2014: 25: No solution found.
Wed May 07 02:38:31 CEST 2014: 26: finished (9ms, 32cycles)
Wed May 07 02:38:31 CEST 2014: 26: Solution found.
Wed May 07 02:38:31 CEST 2014: 27: finished (94ms, 500cycles)
Wed May 07 02:38:31 CEST 2014: 27: No solution found.
Wed May 07 02:38:31 CEST 2014: 28: finished (1ms, 4cycles)
Wed May 07 02:38:31 CEST 2014: 28: Solution found.
Wed May 07 02:38:31 CEST 2014: 29: finished (7ms, 18cycles)
Wed May 07 02:38:31 CEST 2014: 29: Solution found.
Wed May 07 02:38:31 CEST 2014: 30: finished (9ms, 35cycles)
Wed May 07 02:38:31 CEST 2014: 30: Solution found.
Wed May 07 02:38:31 CEST 2014: 31: finished (103ms, 500cycles)
Wed May 07 02:38:31 CEST 2014: 31: No solution found.
Wed May 07 02:38:31 CEST 2014: 32: finished (16ms, 40cycles)
Wed May 07 02:38:31 CEST 2014: 32: Solution found.
Wed May 07 02:38:31 CEST 2014: 33: finished (10ms, 24cycles)
Wed May 07 02:38:31 CEST 2014: 33: Solution found.
Wed May 07 02:38:31 CEST 2014: 34: finished (144ms, 500cycles)
Wed May 07 02:38:31 CEST 2014: 34: No solution found.
Wed May 07 02:38:31 CEST 2014: 35: finished (292ms, 500cycles)
Wed May 07 02:38:31 CEST 2014: 35: No solution found.
Wed May 07 02:38:31 CEST 2014: 36: finished (9ms, 32cycles)
Wed May 07 02:38:31 CEST 2014: 36: Solution found.
Wed May 07 02:38:31 CEST 2014: 37: finished (5ms, 20cycles)
Wed May 07 02:38:31 CEST 2014: 37: Solution found.
Wed May 07 02:38:31 CEST 2014: 38: finished (5ms, 20cycles)
Wed May 07 02:38:31 CEST 2014: 38: Solution found.
Wed May 07 02:38:31 CEST 2014: 39: finished (8ms, 30cycles)
Wed May 07 02:38:31 CEST 2014: 39: Solution found.
Wed May 07 02:38:31 CEST 2014: 40: finished (119ms, 500cycles)
Wed May 07 02:38:31 CEST 2014: 40: No solution found.
Wed May 07 02:38:31 CEST 2014: 41: finished (4ms, 12cycles)
Wed May 07 02:38:31 CEST 2014: 41: Solution found.
Wed May 07 02:38:32 CEST 2014: 42: finished (8ms, 35cycles)
Wed May 07 02:38:32 CEST 2014: 42: Solution found.
Wed May 07 02:38:32 CEST 2014: 43: finished (8ms, 27cycles)
Wed May 07 02:38:32 CEST 2014: 43: Solution found.
Wed May 07 02:38:32 CEST 2014: 44: finished (93ms, 394cycles)
Wed May 07 02:38:32 CEST 2014: 44: Solution found.
Wed May 07 02:38:32 CEST 2014: 45: finished (12ms, 31cycles)
Wed May 07 02:38:32 CEST 2014: 45: Solution found.
Wed May 07 02:38:32 CEST 2014: 46: finished (140ms, 500cycles)
Wed May 07 02:38:32 CEST 2014: 46: No solution found.
Wed May 07 02:38:32 CEST 2014: 47: finished (24ms, 74cycles)
Wed May 07 02:38:32 CEST 2014: 47: Solution found.
Wed May 07 02:38:32 CEST 2014: 48: finished (110ms, 500cycles)
Wed May 07 02:38:32 CEST 2014: 48: No solution found.
Wed May 07 02:38:32 CEST 2014: 49: finished (101ms, 500cycles)
Wed May 07 02:38:32 CEST 2014: 49: No solution found.
Wed May 07 02:38:32 CEST 2014: 50: finished (98ms, 500cycles)
Wed May 07 02:38:32 CEST 2014: 50: No solution found.
Wed May 07 02:38:32 CEST 2014: 51: finished (11ms, 40cycles)
Wed May 07 02:38:32 CEST 2014: 51: Solution found.
Wed May 07 02:38:32 CEST 2014: 52: finished (116ms, 500cycles)
Wed May 07 02:38:32 CEST 2014: 52: No solution found.
Wed May 07 02:38:32 CEST 2014: 53: finished (18ms, 85cycles)
Wed May 07 02:38:32 CEST 2014: 53: Solution found.
Wed May 07 02:38:32 CEST 2014: 54: finished (28ms, 98cycles)
Wed May 07 02:38:32 CEST 2014: 54: Solution found.
Wed May 07 02:38:32 CEST 2014: 55: finished (2ms, 6cycles)
Wed May 07 02:38:32 CEST 2014: 55: Solution found.
Wed May 07 02:38:32 CEST 2014: 56: finished (105ms, 500cycles)
Wed May 07 02:38:32 CEST 2014: 56: No solution found.
Wed May 07 02:38:32 CEST 2014: 57: finished (114ms, 500cycles)
Wed May 07 02:38:32 CEST 2014: 57: No solution found.
Wed May 07 02:38:33 CEST 2014: 58: finished (440ms, 500cycles)
Wed May 07 02:38:33 CEST 2014: 58: No solution found.
Wed May 07 02:38:33 CEST 2014: 59: finished (5ms, 12cycles)
Wed May 07 02:38:33 CEST 2014: 59: Solution found.
Wed May 07 02:38:33 CEST 2014: 60: finished (7ms, 15cycles)
Wed May 07 02:38:33 CEST 2014: 60: Solution found.
Wed May 07 02:38:33 CEST 2014: 61: finished (6ms, 15cycles)
Wed May 07 02:38:33 CEST 2014: 61: Solution found.
Wed May 07 02:38:33 CEST 2014: 62: finished (132ms, 500cycles)
Wed May 07 02:38:33 CEST 2014: 62: No solution found.
Wed May 07 02:38:33 CEST 2014: 63: finished (8ms, 27cycles)
Wed May 07 02:38:33 CEST 2014: 63: Solution found.
Wed May 07 02:38:33 CEST 2014: 64: finished (11ms, 41cycles)
Wed May 07 02:38:33 CEST 2014: 64: Solution found.
Wed May 07 02:38:33 CEST 2014: 65: finished (116ms, 500cycles)
Wed May 07 02:38:33 CEST 2014: 65: No solution found.
Wed May 07 02:38:33 CEST 2014: 66: finished (4ms, 12cycles)
Wed May 07 02:38:33 CEST 2014: 66: Solution found.
Wed May 07 02:38:33 CEST 2014: 67: finished (20ms, 70cycles)
Wed May 07 02:38:33 CEST 2014: 67: Solution found.
Wed May 07 02:38:33 CEST 2014: 68: finished (7ms, 28cycles)
Wed May 07 02:38:33 CEST 2014: 68: Solution found.
Wed May 07 02:38:33 CEST 2014: 69: finished (116ms, 500cycles)
Wed May 07 02:38:33 CEST 2014: 69: No solution found.
Wed May 07 02:38:33 CEST 2014: 70: finished (7ms, 25cycles)
Wed May 07 02:38:33 CEST 2014: 70: Solution found.
Wed May 07 02:38:33 CEST 2014: 71: finished (103ms, 500cycles)
Wed May 07 02:38:33 CEST 2014: 71: No solution found.
Wed May 07 02:38:33 CEST 2014: 72: finished (6ms, 18cycles)
Wed May 07 02:38:33 CEST 2014: 72: Solution found.
Wed May 07 02:38:33 CEST 2014: 73: finished (9ms, 22cycles)
Wed May 07 02:38:33 CEST 2014: 73: Solution found.
Wed May 07 02:38:33 CEST 2014: 74: finished (2ms, 6cycles)
Wed May 07 02:38:33 CEST 2014: 74: Solution found.
Wed May 07 02:38:33 CEST 2014: 75: finished (3ms, 8cycles)
Wed May 07 02:38:33 CEST 2014: 75: Solution found.
Wed May 07 02:38:33 CEST 2014: 76: finished (2ms, 5cycles)
Wed May 07 02:38:33 CEST 2014: 76: Solution found.
Wed May 07 02:38:34 CEST 2014: 77: finished (107ms, 500cycles)
Wed May 07 02:38:34 CEST 2014: 77: No solution found.
Wed May 07 02:38:34 CEST 2014: 78: finished (10ms, 27cycles)
Wed May 07 02:38:34 CEST 2014: 78: Solution found.
Wed May 07 02:38:34 CEST 2014: 79: finished (119ms, 500cycles)
Wed May 07 02:38:34 CEST 2014: 79: No solution found.
Wed May 07 02:38:34 CEST 2014: 80: finished (14ms, 28cycles)
Wed May 07 02:38:34 CEST 2014: 80: Solution found.
Wed May 07 02:38:34 CEST 2014: 81: finished (60ms, 272cycles)
Wed May 07 02:38:34 CEST 2014: 81: Solution found.
Wed May 07 02:38:34 CEST 2014: 82: finished (3ms, 10cycles)
Wed May 07 02:38:34 CEST 2014: 82: Solution found.
Wed May 07 02:38:34 CEST 2014: 83: finished (107ms, 500cycles)
Wed May 07 02:38:34 CEST 2014: 83: No solution found.
Wed May 07 02:38:34 CEST 2014: 84: finished (33ms, 49cycles)
Wed May 07 02:38:34 CEST 2014: 84: Solution found.
Wed May 07 02:38:34 CEST 2014: 85: finished (290ms, 500cycles)
Wed May 07 02:38:34 CEST 2014: 85: No solution found.
Wed May 07 02:38:34 CEST 2014: 86: finished (106ms, 500cycles)
Wed May 07 02:38:34 CEST 2014: 86: No solution found.
Wed May 07 02:38:34 CEST 2014: 87: finished (2ms, 6cycles)
Wed May 07 02:38:34 CEST 2014: 87: Solution found.
Wed May 07 02:38:34 CEST 2014: 88: finished (10ms, 26cycles)
Wed May 07 02:38:34 CEST 2014: 88: Solution found.
Wed May 07 02:38:34 CEST 2014: 89: finished (101ms, 500cycles)
Wed May 07 02:38:34 CEST 2014: 89: No solution found.
Wed May 07 02:38:34 CEST 2014: 90: finished (9ms, 34cycles)
Wed May 07 02:38:34 CEST 2014: 90: Solution found.
Wed May 07 02:38:35 CEST 2014: 91: finished (113ms, 500cycles)
Wed May 07 02:38:35 CEST 2014: 91: No solution found.
Wed May 07 02:38:35 CEST 2014: 92: finished (94ms, 500cycles)
Wed May 07 02:38:35 CEST 2014: 92: No solution found.
Wed May 07 02:38:35 CEST 2014: 93: finished (509ms, 500cycles)
Wed May 07 02:38:35 CEST 2014: 93: No solution found.
Wed May 07 02:38:35 CEST 2014: 94: finished (18ms, 54cycles)
Wed May 07 02:38:35 CEST 2014: 94: Solution found.
Wed May 07 02:38:35 CEST 2014: 95: finished (6ms, 16cycles)
Wed May 07 02:38:35 CEST 2014: 95: Solution found.
Wed May 07 02:38:35 CEST 2014: 96: finished (4ms, 10cycles)
Wed May 07 02:38:35 CEST 2014: 96: Solution found.
Wed May 07 02:38:35 CEST 2014: 97: finished (8ms, 22cycles)
Wed May 07 02:38:35 CEST 2014: 97: Solution found.
Wed May 07 02:38:35 CEST 2014: 98: finished (145ms, 500cycles)
Wed May 07 02:38:35 CEST 2014: 98: No solution found.
Wed May 07 02:38:36 CEST 2014: 99: finished (265ms, 500cycles)
Wed May 07 02:38:36 CEST 2014: 99: No solution found.
Wed May 07 02:38:36 CEST 2014: Solution Found: 57
Wed May 07 02:38:36 CEST 2014: Avg cycles: 38
Wed May 07 02:38:36 CEST 2014: Max cycles: 394
Wed May 07 02:38:36 CEST 2014: Min cycles: 4
Wed May 07 02:38:36 CEST 2014: No solution found: 43
Wed May 07 02:38:36 CEST 2014: logging finished. (runtime: 7876ms)
