Sun May 18 04:16:18 CEST 2014: Problem Count: 40
Sun May 18 04:16:18 CEST 2014: CandidatesCount: 30
Sun May 18 04:16:18 CEST 2014: Max Cycles: 500
Sun May 18 04:16:18 CEST 2014: 0: finished (120ms, 500cycles)
Sun May 18 04:16:18 CEST 2014: 0: No solution found.
Sun May 18 04:16:18 CEST 2014: 1: finished (124ms, 500cycles)
Sun May 18 04:16:18 CEST 2014: 1: No solution found.
Sun May 18 04:16:18 CEST 2014: 2: finished (132ms, 500cycles)
Sun May 18 04:16:18 CEST 2014: 2: No solution found.
Sun May 18 04:16:18 CEST 2014: 3: finished (10ms, 38cycles)
Sun May 18 04:16:18 CEST 2014: 3: Solution found.
Sun May 18 04:16:18 CEST 2014: 4: finished (9ms, 35cycles)
Sun May 18 04:16:18 CEST 2014: 4: Solution found.
Sun May 18 04:16:18 CEST 2014: 5: finished (124ms, 500cycles)
Sun May 18 04:16:18 CEST 2014: 5: No solution found.
Sun May 18 04:16:18 CEST 2014: 6: finished (12ms, 36cycles)
Sun May 18 04:16:18 CEST 2014: 6: Solution found.
Sun May 18 04:16:18 CEST 2014: 7: finished (122ms, 500cycles)
Sun May 18 04:16:18 CEST 2014: 7: No solution found.
Sun May 18 04:16:18 CEST 2014: 8: finished (4ms, 14cycles)
Sun May 18 04:16:18 CEST 2014: 8: Solution found.
Sun May 18 04:16:18 CEST 2014: 9: finished (14ms, 54cycles)
Sun May 18 04:16:18 CEST 2014: 9: Solution found.
Sun May 18 04:16:18 CEST 2014: 10: finished (138ms, 500cycles)
Sun May 18 04:16:18 CEST 2014: 10: No solution found.
Sun May 18 04:16:18 CEST 2014: 11: finished (19ms, 66cycles)
Sun May 18 04:16:18 CEST 2014: 11: Solution found.
Sun May 18 04:16:18 CEST 2014: 12: finished (130ms, 500cycles)
Sun May 18 04:16:18 CEST 2014: 12: No solution found.
Sun May 18 04:16:18 CEST 2014: 13: finished (25ms, 93cycles)
Sun May 18 04:16:18 CEST 2014: 13: Solution found.
Sun May 18 04:16:19 CEST 2014: 14: finished (13ms, 48cycles)
Sun May 18 04:16:19 CEST 2014: 14: Solution found.
Sun May 18 04:16:19 CEST 2014: 15: finished (4ms, 14cycles)
Sun May 18 04:16:19 CEST 2014: 15: Solution found.
Sun May 18 04:16:19 CEST 2014: 16: finished (141ms, 500cycles)
Sun May 18 04:16:19 CEST 2014: 16: No solution found.
Sun May 18 04:16:19 CEST 2014: 17: finished (4ms, 10cycles)
Sun May 18 04:16:19 CEST 2014: 17: Solution found.
Sun May 18 04:16:19 CEST 2014: 18: finished (124ms, 500cycles)
Sun May 18 04:16:19 CEST 2014: 18: No solution found.
Sun May 18 04:16:19 CEST 2014: 19: finished (123ms, 500cycles)
Sun May 18 04:16:19 CEST 2014: 19: No solution found.
Sun May 18 04:16:19 CEST 2014: 20: finished (139ms, 500cycles)
Sun May 18 04:16:19 CEST 2014: 20: No solution found.
Sun May 18 04:16:19 CEST 2014: 21: finished (137ms, 500cycles)
Sun May 18 04:16:19 CEST 2014: 21: No solution found.
Sun May 18 04:16:19 CEST 2014: 22: finished (145ms, 500cycles)
Sun May 18 04:16:19 CEST 2014: 22: No solution found.
Sun May 18 04:16:19 CEST 2014: 23: finished (119ms, 500cycles)
Sun May 18 04:16:19 CEST 2014: 23: No solution found.
Sun May 18 04:16:19 CEST 2014: 24: finished (20ms, 66cycles)
Sun May 18 04:16:19 CEST 2014: 24: Solution found.
Sun May 18 04:16:20 CEST 2014: 25: finished (129ms, 500cycles)
Sun May 18 04:16:20 CEST 2014: 25: No solution found.
Sun May 18 04:16:20 CEST 2014: 26: finished (5ms, 12cycles)
Sun May 18 04:16:20 CEST 2014: 26: Solution found.
Sun May 18 04:16:20 CEST 2014: 27: finished (133ms, 500cycles)
Sun May 18 04:16:20 CEST 2014: 27: No solution found.
Sun May 18 04:16:20 CEST 2014: 28: finished (8ms, 21cycles)
Sun May 18 04:16:20 CEST 2014: 28: Solution found.
Sun May 18 04:16:20 CEST 2014: 29: finished (169ms, 500cycles)
Sun May 18 04:16:20 CEST 2014: 29: No solution found.
Sun May 18 04:16:20 CEST 2014: 30: finished (335ms, 500cycles)
Sun May 18 04:16:20 CEST 2014: 30: No solution found.
Sun May 18 04:16:20 CEST 2014: 31: finished (43ms, 61cycles)
Sun May 18 04:16:20 CEST 2014: 31: Solution found.
Sun May 18 04:16:20 CEST 2014: 32: finished (15ms, 20cycles)
Sun May 18 04:16:20 CEST 2014: 32: Solution found.
Sun May 18 04:16:20 CEST 2014: 33: finished (10ms, 11cycles)
Sun May 18 04:16:20 CEST 2014: 33: Solution found.
Sun May 18 04:16:20 CEST 2014: 34: finished (18ms, 24cycles)
Sun May 18 04:16:20 CEST 2014: 34: Solution found.
Sun May 18 04:16:20 CEST 2014: 35: finished (16ms, 19cycles)
Sun May 18 04:16:20 CEST 2014: 35: Solution found.
Sun May 18 04:16:21 CEST 2014: 36: finished (373ms, 500cycles)
Sun May 18 04:16:21 CEST 2014: 36: No solution found.
Sun May 18 04:16:21 CEST 2014: 37: finished (10ms, 13cycles)
Sun May 18 04:16:21 CEST 2014: 37: Solution found.
Sun May 18 04:16:21 CEST 2014: 38: finished (359ms, 500cycles)
Sun May 18 04:16:21 CEST 2014: 38: No solution found.
Sun May 18 04:16:21 CEST 2014: 39: finished (347ms, 500cycles)
Sun May 18 04:16:21 CEST 2014: 39: No solution found.
Sun May 18 04:16:22 CEST 2014: 40: finished (188ms, 228cycles)
Sun May 18 04:16:22 CEST 2014: 40: Solution found.
Sun May 18 04:16:22 CEST 2014: 41: finished (9ms, 9cycles)
Sun May 18 04:16:22 CEST 2014: 41: Solution found.
Sun May 18 04:16:22 CEST 2014: 42: finished (58ms, 76cycles)
Sun May 18 04:16:22 CEST 2014: 42: Solution found.
Sun May 18 04:16:22 CEST 2014: 43: finished (369ms, 500cycles)
Sun May 18 04:16:22 CEST 2014: 43: No solution found.
Sun May 18 04:16:22 CEST 2014: 44: finished (13ms, 17cycles)
Sun May 18 04:16:22 CEST 2014: 44: Solution found.
Sun May 18 04:16:22 CEST 2014: 45: finished (348ms, 500cycles)
Sun May 18 04:16:22 CEST 2014: 45: No solution found.
Sun May 18 04:16:22 CEST 2014: 46: finished (12ms, 14cycles)
Sun May 18 04:16:22 CEST 2014: 46: Solution found.
Sun May 18 04:16:22 CEST 2014: 47: finished (20ms, 25cycles)
Sun May 18 04:16:22 CEST 2014: 47: Solution found.
Sun May 18 04:16:23 CEST 2014: 48: finished (355ms, 500cycles)
Sun May 18 04:16:23 CEST 2014: 48: No solution found.
Sun May 18 04:16:23 CEST 2014: 49: finished (321ms, 500cycles)
Sun May 18 04:16:23 CEST 2014: 49: No solution found.
Sun May 18 04:16:23 CEST 2014: 50: finished (53ms, 68cycles)
Sun May 18 04:16:23 CEST 2014: 50: Solution found.
Sun May 18 04:16:24 CEST 2014: 51: finished (335ms, 500cycles)
Sun May 18 04:16:24 CEST 2014: 51: No solution found.
Sun May 18 04:16:24 CEST 2014: 52: finished (26ms, 31cycles)
Sun May 18 04:16:24 CEST 2014: 52: Solution found.
Sun May 18 04:16:24 CEST 2014: 53: finished (67ms, 87cycles)
Sun May 18 04:16:24 CEST 2014: 53: Solution found.
Sun May 18 04:16:24 CEST 2014: 54: finished (353ms, 500cycles)
Sun May 18 04:16:24 CEST 2014: 54: No solution found.
Sun May 18 04:16:24 CEST 2014: 55: finished (11ms, 14cycles)
Sun May 18 04:16:24 CEST 2014: 55: Solution found.
Sun May 18 04:16:24 CEST 2014: 56: finished (7ms, 7cycles)
Sun May 18 04:16:24 CEST 2014: 56: Solution found.
Sun May 18 04:16:24 CEST 2014: 57: finished (26ms, 30cycles)
Sun May 18 04:16:24 CEST 2014: 57: Solution found.
Sun May 18 04:16:24 CEST 2014: 58: finished (336ms, 500cycles)
Sun May 18 04:16:24 CEST 2014: 58: No solution found.
Sun May 18 04:16:25 CEST 2014: 59: finished (236ms, 500cycles)
Sun May 18 04:16:25 CEST 2014: 59: No solution found.
Sun May 18 04:16:25 CEST 2014: 60: finished (129ms, 500cycles)
Sun May 18 04:16:25 CEST 2014: 60: No solution found.
Sun May 18 04:16:25 CEST 2014: 61: finished (5ms, 20cycles)
Sun May 18 04:16:25 CEST 2014: 61: Solution found.
Sun May 18 04:16:25 CEST 2014: 62: finished (8ms, 29cycles)
Sun May 18 04:16:25 CEST 2014: 62: Solution found.
Sun May 18 04:16:25 CEST 2014: 63: finished (12ms, 41cycles)
Sun May 18 04:16:25 CEST 2014: 63: Solution found.
Sun May 18 04:16:25 CEST 2014: 64: finished (122ms, 500cycles)
Sun May 18 04:16:25 CEST 2014: 64: No solution found.
Sun May 18 04:16:25 CEST 2014: 65: finished (3ms, 9cycles)
Sun May 18 04:16:25 CEST 2014: 65: Solution found.
Sun May 18 04:16:25 CEST 2014: 66: finished (125ms, 500cycles)
Sun May 18 04:16:25 CEST 2014: 66: No solution found.
Sun May 18 04:16:25 CEST 2014: 67: finished (2ms, 6cycles)
Sun May 18 04:16:25 CEST 2014: 67: Solution found.
Sun May 18 04:16:25 CEST 2014: 68: finished (124ms, 500cycles)
Sun May 18 04:16:25 CEST 2014: 68: No solution found.
Sun May 18 04:16:25 CEST 2014: 69: finished (16ms, 61cycles)
Sun May 18 04:16:25 CEST 2014: 69: Solution found.
Sun May 18 04:16:25 CEST 2014: 70: finished (56ms, 152cycles)
Sun May 18 04:16:25 CEST 2014: 70: Solution found.
Sun May 18 04:16:25 CEST 2014: 71: finished (57ms, 224cycles)
Sun May 18 04:16:25 CEST 2014: 71: Solution found.
Sun May 18 04:16:25 CEST 2014: 72: finished (118ms, 500cycles)
Sun May 18 04:16:25 CEST 2014: 72: No solution found.
Sun May 18 04:16:25 CEST 2014: 73: finished (125ms, 500cycles)
Sun May 18 04:16:25 CEST 2014: 73: No solution found.
Sun May 18 04:16:26 CEST 2014: 74: finished (148ms, 500cycles)
Sun May 18 04:16:26 CEST 2014: 74: No solution found.
Sun May 18 04:16:26 CEST 2014: 75: finished (3ms, 8cycles)
Sun May 18 04:16:26 CEST 2014: 75: Solution found.
Sun May 18 04:16:26 CEST 2014: 76: finished (130ms, 500cycles)
Sun May 18 04:16:26 CEST 2014: 76: No solution found.
Sun May 18 04:16:26 CEST 2014: 77: finished (124ms, 500cycles)
Sun May 18 04:16:26 CEST 2014: 77: No solution found.
Sun May 18 04:16:26 CEST 2014: 78: finished (114ms, 500cycles)
Sun May 18 04:16:26 CEST 2014: 78: No solution found.
Sun May 18 04:16:26 CEST 2014: 79: finished (6ms, 20cycles)
Sun May 18 04:16:26 CEST 2014: 79: Solution found.
Sun May 18 04:16:26 CEST 2014: 80: finished (143ms, 500cycles)
Sun May 18 04:16:26 CEST 2014: 80: No solution found.
Sun May 18 04:16:26 CEST 2014: 81: finished (133ms, 500cycles)
Sun May 18 04:16:26 CEST 2014: 81: No solution found.
Sun May 18 04:16:26 CEST 2014: 82: finished (5ms, 14cycles)
Sun May 18 04:16:26 CEST 2014: 82: Solution found.
Sun May 18 04:16:26 CEST 2014: 83: finished (122ms, 500cycles)
Sun May 18 04:16:26 CEST 2014: 83: No solution found.
Sun May 18 04:16:27 CEST 2014: 84: finished (128ms, 500cycles)
Sun May 18 04:16:27 CEST 2014: 84: No solution found.
Sun May 18 04:16:27 CEST 2014: 85: finished (7ms, 23cycles)
Sun May 18 04:16:27 CEST 2014: 85: Solution found.
Sun May 18 04:16:27 CEST 2014: 86: finished (134ms, 500cycles)
Sun May 18 04:16:27 CEST 2014: 86: No solution found.
Sun May 18 04:16:27 CEST 2014: 87: finished (9ms, 31cycles)
Sun May 18 04:16:27 CEST 2014: 87: Solution found.
Sun May 18 04:16:27 CEST 2014: 88: finished (22ms, 55cycles)
Sun May 18 04:16:27 CEST 2014: 88: Solution found.
Sun May 18 04:16:27 CEST 2014: 89: finished (6ms, 19cycles)
Sun May 18 04:16:27 CEST 2014: 89: Solution found.
Sun May 18 04:16:27 CEST 2014: 90: finished (133ms, 500cycles)
Sun May 18 04:16:27 CEST 2014: 90: No solution found.
Sun May 18 04:16:27 CEST 2014: 91: finished (50ms, 182cycles)
Sun May 18 04:16:27 CEST 2014: 91: Solution found.
Sun May 18 04:16:27 CEST 2014: 92: finished (122ms, 500cycles)
Sun May 18 04:16:27 CEST 2014: 92: No solution found.
Sun May 18 04:16:27 CEST 2014: 93: finished (5ms, 16cycles)
Sun May 18 04:16:27 CEST 2014: 93: Solution found.
Sun May 18 04:16:27 CEST 2014: 94: finished (134ms, 500cycles)
Sun May 18 04:16:27 CEST 2014: 94: No solution found.
Sun May 18 04:16:27 CEST 2014: 95: finished (9ms, 34cycles)
Sun May 18 04:16:27 CEST 2014: 95: Solution found.
Sun May 18 04:16:27 CEST 2014: 96: finished (11ms, 40cycles)
Sun May 18 04:16:27 CEST 2014: 96: Solution found.
Sun May 18 04:16:27 CEST 2014: 97: finished (3ms, 11cycles)
Sun May 18 04:16:27 CEST 2014: 97: Solution found.
Sun May 18 04:16:27 CEST 2014: 98: finished (13ms, 42cycles)
Sun May 18 04:16:27 CEST 2014: 98: Solution found.
Sun May 18 04:16:27 CEST 2014: 99: finished (117ms, 500cycles)
Sun May 18 04:16:27 CEST 2014: 99: No solution found.
Sun May 18 04:16:27 CEST 2014: Solution Found: 52
Sun May 18 04:16:27 CEST 2014: Avg cycles: 44
Sun May 18 04:16:27 CEST 2014: Max cycles: 228
Sun May 18 04:16:27 CEST 2014: Min cycles: 6
Sun May 18 04:16:27 CEST 2014: No solution found: 48
Sun May 18 04:16:27 CEST 2014: logging finished. (runtime: 9818ms)
