Sun May 18 02:09:48 CEST 2014: Problem Count: 30
Sun May 18 02:09:48 CEST 2014: CandidatesCount: 40
Sun May 18 02:09:48 CEST 2014: Max Cycles: 500
Sun May 18 02:09:48 CEST 2014: 0: finished (4ms, 12cycles)
Sun May 18 02:09:48 CEST 2014: 0: Solution found.
Sun May 18 02:09:48 CEST 2014: 1: finished (129ms, 500cycles)
Sun May 18 02:09:48 CEST 2014: 1: No solution found.
Sun May 18 02:09:48 CEST 2014: 2: finished (5ms, 16cycles)
Sun May 18 02:09:48 CEST 2014: 2: Solution found.
Sun May 18 02:09:48 CEST 2014: 3: finished (3ms, 11cycles)
Sun May 18 02:09:48 CEST 2014: 3: Solution found.
Sun May 18 02:09:48 CEST 2014: 4: finished (119ms, 500cycles)
Sun May 18 02:09:48 CEST 2014: 4: No solution found.
Sun May 18 02:09:48 CEST 2014: 5: finished (122ms, 500cycles)
Sun May 18 02:09:48 CEST 2014: 5: No solution found.
Sun May 18 02:09:49 CEST 2014: 6: finished (121ms, 500cycles)
Sun May 18 02:09:49 CEST 2014: 6: No solution found.
Sun May 18 02:09:49 CEST 2014: 7: finished (8ms, 32cycles)
Sun May 18 02:09:49 CEST 2014: 7: Solution found.
Sun May 18 02:09:49 CEST 2014: 8: finished (1ms, 1cycles)
Sun May 18 02:09:49 CEST 2014: 8: Solution found.
Sun May 18 02:09:49 CEST 2014: 9: finished (125ms, 500cycles)
Sun May 18 02:09:49 CEST 2014: 9: No solution found.
Sun May 18 02:09:49 CEST 2014: 10: finished (14ms, 49cycles)
Sun May 18 02:09:49 CEST 2014: 10: Solution found.
Sun May 18 02:09:49 CEST 2014: 11: finished (110ms, 500cycles)
Sun May 18 02:09:49 CEST 2014: 11: No solution found.
Sun May 18 02:09:49 CEST 2014: 12: finished (144ms, 500cycles)
Sun May 18 02:09:49 CEST 2014: 12: No solution found.
Sun May 18 02:09:49 CEST 2014: 13: finished (130ms, 500cycles)
Sun May 18 02:09:49 CEST 2014: 13: No solution found.
Sun May 18 02:09:49 CEST 2014: 14: finished (8ms, 30cycles)
Sun May 18 02:09:49 CEST 2014: 14: Solution found.
Sun May 18 02:09:49 CEST 2014: 15: finished (126ms, 500cycles)
Sun May 18 02:09:49 CEST 2014: 15: No solution found.
Sun May 18 02:09:49 CEST 2014: 16: finished (118ms, 500cycles)
Sun May 18 02:09:49 CEST 2014: 16: No solution found.
Sun May 18 02:09:50 CEST 2014: 17: finished (114ms, 500cycles)
Sun May 18 02:09:50 CEST 2014: 17: No solution found.
Sun May 18 02:09:50 CEST 2014: 18: finished (99ms, 327cycles)
Sun May 18 02:09:50 CEST 2014: 18: Solution found.
Sun May 18 02:09:50 CEST 2014: 19: finished (110ms, 500cycles)
Sun May 18 02:09:50 CEST 2014: 19: No solution found.
Sun May 18 02:09:50 CEST 2014: 20: finished (144ms, 500cycles)
Sun May 18 02:09:50 CEST 2014: 20: No solution found.
Sun May 18 02:09:50 CEST 2014: 21: finished (116ms, 500cycles)
Sun May 18 02:09:50 CEST 2014: 21: No solution found.
Sun May 18 02:09:50 CEST 2014: 22: finished (125ms, 500cycles)
Sun May 18 02:09:50 CEST 2014: 22: No solution found.
Sun May 18 02:09:50 CEST 2014: 23: finished (9ms, 31cycles)
Sun May 18 02:09:50 CEST 2014: 23: Solution found.
Sun May 18 02:09:50 CEST 2014: 24: finished (107ms, 500cycles)
Sun May 18 02:09:50 CEST 2014: 24: No solution found.
Sun May 18 02:09:50 CEST 2014: 25: finished (7ms, 19cycles)
Sun May 18 02:09:50 CEST 2014: 25: Solution found.
Sun May 18 02:09:50 CEST 2014: 26: finished (3ms, 12cycles)
Sun May 18 02:09:50 CEST 2014: 26: Solution found.
Sun May 18 02:09:50 CEST 2014: 27: finished (3ms, 11cycles)
Sun May 18 02:09:50 CEST 2014: 27: Solution found.
Sun May 18 02:09:50 CEST 2014: 28: finished (142ms, 500cycles)
Sun May 18 02:09:50 CEST 2014: 28: No solution found.
Sun May 18 02:09:51 CEST 2014: 29: finished (125ms, 500cycles)
Sun May 18 02:09:51 CEST 2014: 29: No solution found.
Sun May 18 02:09:51 CEST 2014: 30: finished (118ms, 500cycles)
Sun May 18 02:09:51 CEST 2014: 30: No solution found.
Sun May 18 02:09:51 CEST 2014: 31: finished (12ms, 39cycles)
Sun May 18 02:09:51 CEST 2014: 31: Solution found.
Sun May 18 02:09:51 CEST 2014: 32: finished (120ms, 500cycles)
Sun May 18 02:09:51 CEST 2014: 32: No solution found.
Sun May 18 02:09:51 CEST 2014: 33: finished (10ms, 38cycles)
Sun May 18 02:09:51 CEST 2014: 33: Solution found.
Sun May 18 02:09:51 CEST 2014: 34: finished (123ms, 500cycles)
Sun May 18 02:09:51 CEST 2014: 34: No solution found.
Sun May 18 02:09:51 CEST 2014: 35: finished (19ms, 68cycles)
Sun May 18 02:09:51 CEST 2014: 35: Solution found.
Sun May 18 02:09:51 CEST 2014: 36: finished (114ms, 500cycles)
Sun May 18 02:09:51 CEST 2014: 36: No solution found.
Sun May 18 02:09:51 CEST 2014: 37: finished (116ms, 500cycles)
Sun May 18 02:09:51 CEST 2014: 37: No solution found.
Sun May 18 02:09:51 CEST 2014: 38: finished (2ms, 6cycles)
Sun May 18 02:09:51 CEST 2014: 38: Solution found.
Sun May 18 02:09:51 CEST 2014: 39: finished (12ms, 46cycles)
Sun May 18 02:09:51 CEST 2014: 39: Solution found.
Sun May 18 02:09:51 CEST 2014: 40: finished (5ms, 16cycles)
Sun May 18 02:09:51 CEST 2014: 40: Solution found.
Sun May 18 02:09:51 CEST 2014: 41: finished (4ms, 15cycles)
Sun May 18 02:09:51 CEST 2014: 41: Solution found.
Sun May 18 02:09:51 CEST 2014: 42: finished (4ms, 13cycles)
Sun May 18 02:09:51 CEST 2014: 42: Solution found.
Sun May 18 02:09:51 CEST 2014: 43: finished (257ms, 500cycles)
Sun May 18 02:09:51 CEST 2014: 43: No solution found.
Sun May 18 02:09:51 CEST 2014: 44: finished (14ms, 18cycles)
Sun May 18 02:09:51 CEST 2014: 44: Solution found.
Sun May 18 02:09:52 CEST 2014: 45: finished (361ms, 500cycles)
Sun May 18 02:09:52 CEST 2014: 45: No solution found.
Sun May 18 02:09:52 CEST 2014: 46: finished (309ms, 500cycles)
Sun May 18 02:09:52 CEST 2014: 46: No solution found.
Sun May 18 02:09:52 CEST 2014: 47: finished (332ms, 500cycles)
Sun May 18 02:09:52 CEST 2014: 47: No solution found.
Sun May 18 02:09:53 CEST 2014: 48: finished (301ms, 500cycles)
Sun May 18 02:09:53 CEST 2014: 48: No solution found.
Sun May 18 02:09:53 CEST 2014: 49: finished (21ms, 26cycles)
Sun May 18 02:09:53 CEST 2014: 49: Solution found.
Sun May 18 02:09:53 CEST 2014: 50: finished (296ms, 500cycles)
Sun May 18 02:09:53 CEST 2014: 50: No solution found.
Sun May 18 02:09:53 CEST 2014: 51: finished (37ms, 54cycles)
Sun May 18 02:09:53 CEST 2014: 51: Solution found.
Sun May 18 02:09:53 CEST 2014: 52: finished (6ms, 7cycles)
Sun May 18 02:09:53 CEST 2014: 52: Solution found.
Sun May 18 02:09:53 CEST 2014: 53: finished (41ms, 61cycles)
Sun May 18 02:09:53 CEST 2014: 53: Solution found.
Sun May 18 02:09:53 CEST 2014: 54: finished (5ms, 5cycles)
Sun May 18 02:09:53 CEST 2014: 54: Solution found.
Sun May 18 02:09:53 CEST 2014: 55: finished (331ms, 500cycles)
Sun May 18 02:09:53 CEST 2014: 55: No solution found.
Sun May 18 02:09:54 CEST 2014: 56: finished (290ms, 398cycles)
Sun May 18 02:09:54 CEST 2014: 56: Solution found.
Sun May 18 02:09:54 CEST 2014: 57: finished (315ms, 500cycles)
Sun May 18 02:09:54 CEST 2014: 57: No solution found.
Sun May 18 02:09:54 CEST 2014: 58: finished (4ms, 3cycles)
Sun May 18 02:09:54 CEST 2014: 58: Solution found.
Sun May 18 02:09:54 CEST 2014: 59: finished (12ms, 16cycles)
Sun May 18 02:09:54 CEST 2014: 59: Solution found.
Sun May 18 02:09:54 CEST 2014: 60: finished (20ms, 27cycles)
Sun May 18 02:09:54 CEST 2014: 60: Solution found.
Sun May 18 02:09:54 CEST 2014: 61: finished (352ms, 500cycles)
Sun May 18 02:09:54 CEST 2014: 61: No solution found.
Sun May 18 02:09:54 CEST 2014: 62: finished (15ms, 21cycles)
Sun May 18 02:09:54 CEST 2014: 62: Solution found.
Sun May 18 02:09:54 CEST 2014: 63: finished (6ms, 7cycles)
Sun May 18 02:09:54 CEST 2014: 63: Solution found.
Sun May 18 02:09:55 CEST 2014: 64: finished (312ms, 500cycles)
Sun May 18 02:09:55 CEST 2014: 64: No solution found.
Sun May 18 02:09:55 CEST 2014: 65: finished (316ms, 500cycles)
Sun May 18 02:09:55 CEST 2014: 65: No solution found.
Sun May 18 02:09:55 CEST 2014: 66: finished (30ms, 37cycles)
Sun May 18 02:09:55 CEST 2014: 66: Solution found.
Sun May 18 02:09:55 CEST 2014: 67: finished (10ms, 6cycles)
Sun May 18 02:09:55 CEST 2014: 67: Solution found.
Sun May 18 02:09:55 CEST 2014: 68: finished (9ms, 12cycles)
Sun May 18 02:09:55 CEST 2014: 68: Solution found.
Sun May 18 02:09:55 CEST 2014: 69: finished (16ms, 19cycles)
Sun May 18 02:09:55 CEST 2014: 69: Solution found.
Sun May 18 02:09:56 CEST 2014: 70: finished (347ms, 500cycles)
Sun May 18 02:09:56 CEST 2014: 70: No solution found.
Sun May 18 02:09:56 CEST 2014: 71: finished (18ms, 23cycles)
Sun May 18 02:09:56 CEST 2014: 71: Solution found.
Sun May 18 02:09:56 CEST 2014: 72: finished (286ms, 500cycles)
Sun May 18 02:09:56 CEST 2014: 72: No solution found.
Sun May 18 02:09:56 CEST 2014: 73: finished (132ms, 500cycles)
Sun May 18 02:09:56 CEST 2014: 73: No solution found.
Sun May 18 02:09:56 CEST 2014: 74: finished (117ms, 500cycles)
Sun May 18 02:09:56 CEST 2014: 74: No solution found.
Sun May 18 02:09:56 CEST 2014: 75: finished (111ms, 500cycles)
Sun May 18 02:09:56 CEST 2014: 75: No solution found.
Sun May 18 02:09:56 CEST 2014: 76: finished (120ms, 500cycles)
Sun May 18 02:09:56 CEST 2014: 76: No solution found.
Sun May 18 02:09:56 CEST 2014: 77: finished (129ms, 500cycles)
Sun May 18 02:09:56 CEST 2014: 77: No solution found.
Sun May 18 02:09:56 CEST 2014: 78: finished (3ms, 10cycles)
Sun May 18 02:09:56 CEST 2014: 78: Solution found.
Sun May 18 02:09:57 CEST 2014: 79: finished (135ms, 500cycles)
Sun May 18 02:09:57 CEST 2014: 79: No solution found.
Sun May 18 02:09:57 CEST 2014: 80: finished (4ms, 14cycles)
Sun May 18 02:09:57 CEST 2014: 80: Solution found.
Sun May 18 02:09:57 CEST 2014: 81: finished (7ms, 27cycles)
Sun May 18 02:09:57 CEST 2014: 81: Solution found.
Sun May 18 02:09:57 CEST 2014: 82: finished (11ms, 40cycles)
Sun May 18 02:09:57 CEST 2014: 82: Solution found.
Sun May 18 02:09:57 CEST 2014: 83: finished (69ms, 255cycles)
Sun May 18 02:09:57 CEST 2014: 83: Solution found.
Sun May 18 02:09:57 CEST 2014: 84: finished (111ms, 500cycles)
Sun May 18 02:09:57 CEST 2014: 84: No solution found.
Sun May 18 02:09:57 CEST 2014: 85: finished (144ms, 500cycles)
Sun May 18 02:09:57 CEST 2014: 85: No solution found.
Sun May 18 02:09:57 CEST 2014: 86: finished (125ms, 500cycles)
Sun May 18 02:09:57 CEST 2014: 86: No solution found.
Sun May 18 02:09:57 CEST 2014: 87: finished (10ms, 36cycles)
Sun May 18 02:09:57 CEST 2014: 87: Solution found.
Sun May 18 02:09:57 CEST 2014: 88: finished (1ms, 1cycles)
Sun May 18 02:09:57 CEST 2014: 88: Solution found.
Sun May 18 02:09:57 CEST 2014: 89: finished (134ms, 500cycles)
Sun May 18 02:09:57 CEST 2014: 89: No solution found.
Sun May 18 02:09:57 CEST 2014: 90: finished (8ms, 30cycles)
Sun May 18 02:09:57 CEST 2014: 90: Solution found.
Sun May 18 02:09:57 CEST 2014: 91: finished (4ms, 11cycles)
Sun May 18 02:09:57 CEST 2014: 91: Solution found.
Sun May 18 02:09:57 CEST 2014: 92: finished (4ms, 14cycles)
Sun May 18 02:09:57 CEST 2014: 92: Solution found.
Sun May 18 02:09:57 CEST 2014: 93: finished (117ms, 500cycles)
Sun May 18 02:09:57 CEST 2014: 93: No solution found.
Sun May 18 02:09:57 CEST 2014: 94: finished (115ms, 500cycles)
Sun May 18 02:09:57 CEST 2014: 94: No solution found.
Sun May 18 02:09:58 CEST 2014: 95: finished (119ms, 500cycles)
Sun May 18 02:09:58 CEST 2014: 95: No solution found.
Sun May 18 02:09:58 CEST 2014: 96: finished (138ms, 500cycles)
Sun May 18 02:09:58 CEST 2014: 96: No solution found.
Sun May 18 02:09:58 CEST 2014: 97: finished (129ms, 500cycles)
Sun May 18 02:09:58 CEST 2014: 97: No solution found.
Sun May 18 02:09:58 CEST 2014: 98: finished (104ms, 500cycles)
Sun May 18 02:09:58 CEST 2014: 98: No solution found.
Sun May 18 02:09:58 CEST 2014: 99: finished (7ms, 27cycles)
Sun May 18 02:09:58 CEST 2014: 99: Solution found.
Sun May 18 02:09:58 CEST 2014: Solution Found: 48
Sun May 18 02:09:58 CEST 2014: Avg cycles: 41
Sun May 18 02:09:58 CEST 2014: Max cycles: 398
Sun May 18 02:09:58 CEST 2014: Min cycles: 1
Sun May 18 02:09:58 CEST 2014: No solution found: 52
Sun May 18 02:09:58 CEST 2014: logging finished. (runtime: 9852ms)
