Tue May 06 13:24:15 CEST 2014: Problem Count: 10
Tue May 06 13:24:15 CEST 2014: CandidatesCount: 50
Tue May 06 13:24:15 CEST 2014: Max Cycles: 500
Tue May 06 13:24:15 CEST 2014: 0: finished (6ms, 17cycles)
Tue May 06 13:24:15 CEST 2014: 0: Solution found.
Tue May 06 13:24:16 CEST 2014: 1: finished (191ms, 500cycles)
Tue May 06 13:24:16 CEST 2014: 1: No solution found.
Tue May 06 13:24:16 CEST 2014: 2: finished (3ms, 13cycles)
Tue May 06 13:24:16 CEST 2014: 2: Solution found.
Tue May 06 13:24:16 CEST 2014: 3: finished (136ms, 500cycles)
Tue May 06 13:24:16 CEST 2014: 3: No solution found.
Tue May 06 13:24:16 CEST 2014: 4: finished (1ms, 3cycles)
Tue May 06 13:24:16 CEST 2014: 4: Solution found.
Tue May 06 13:24:16 CEST 2014: 5: finished (237ms, 500cycles)
Tue May 06 13:24:16 CEST 2014: 5: No solution found.
Tue May 06 13:24:16 CEST 2014: 6: finished (8ms, 16cycles)
Tue May 06 13:24:16 CEST 2014: 6: Solution found.
Tue May 06 13:24:16 CEST 2014: 7: finished (219ms, 500cycles)
Tue May 06 13:24:16 CEST 2014: 7: No solution found.
Tue May 06 13:24:16 CEST 2014: 8: finished (42ms, 74cycles)
Tue May 06 13:24:16 CEST 2014: 8: Solution found.
Tue May 06 13:24:16 CEST 2014: 9: finished (7ms, 18cycles)
Tue May 06 13:24:16 CEST 2014: 9: Solution found.
Tue May 06 13:24:16 CEST 2014: 10: finished (13ms, 39cycles)
Tue May 06 13:24:16 CEST 2014: 10: Solution found.
Tue May 06 13:24:16 CEST 2014: 11: finished (3ms, 17cycles)
Tue May 06 13:24:16 CEST 2014: 11: Solution found.
Tue May 06 13:24:16 CEST 2014: 12: finished (2ms, 11cycles)
Tue May 06 13:24:16 CEST 2014: 12: Solution found.
Tue May 06 13:24:16 CEST 2014: 13: finished (56ms, 98cycles)
Tue May 06 13:24:16 CEST 2014: 13: Solution found.
Tue May 06 13:24:17 CEST 2014: 14: finished (284ms, 500cycles)
Tue May 06 13:24:17 CEST 2014: 14: No solution found.
Tue May 06 13:24:17 CEST 2014: 15: finished (282ms, 500cycles)
Tue May 06 13:24:17 CEST 2014: 15: No solution found.
Tue May 06 13:24:17 CEST 2014: 16: finished (297ms, 500cycles)
Tue May 06 13:24:17 CEST 2014: 16: No solution found.
Tue May 06 13:24:17 CEST 2014: 17: finished (45ms, 500cycles)
Tue May 06 13:24:17 CEST 2014: 17: No solution found.
Tue May 06 13:24:18 CEST 2014: 18: finished (208ms, 500cycles)
Tue May 06 13:24:18 CEST 2014: 18: No solution found.
Tue May 06 13:24:18 CEST 2014: 19: finished (361ms, 500cycles)
Tue May 06 13:24:18 CEST 2014: 19: No solution found.
Tue May 06 13:24:18 CEST 2014: 20: finished (9ms, 16cycles)
Tue May 06 13:24:18 CEST 2014: 20: Solution found.
Tue May 06 13:24:18 CEST 2014: 21: finished (210ms, 500cycles)
Tue May 06 13:24:18 CEST 2014: 21: No solution found.
Tue May 06 13:24:18 CEST 2014: 22: finished (5ms, 12cycles)
Tue May 06 13:24:18 CEST 2014: 22: Solution found.
Tue May 06 13:24:18 CEST 2014: 23: finished (186ms, 500cycles)
Tue May 06 13:24:18 CEST 2014: 23: No solution found.
Tue May 06 13:24:18 CEST 2014: 24: finished (5ms, 16cycles)
Tue May 06 13:24:18 CEST 2014: 24: Solution found.
Tue May 06 13:24:19 CEST 2014: 25: finished (400ms, 500cycles)
Tue May 06 13:24:19 CEST 2014: 25: No solution found.
Tue May 06 13:24:19 CEST 2014: 26: finished (61ms, 500cycles)
Tue May 06 13:24:19 CEST 2014: 26: No solution found.
Tue May 06 13:24:19 CEST 2014: 27: finished (7ms, 57cycles)
Tue May 06 13:24:19 CEST 2014: 27: Solution found.
Tue May 06 13:24:19 CEST 2014: 28: finished (209ms, 500cycles)
Tue May 06 13:24:19 CEST 2014: 28: No solution found.
Tue May 06 13:24:19 CEST 2014: 29: finished (3ms, 23cycles)
Tue May 06 13:24:19 CEST 2014: 29: Solution found.
Tue May 06 13:24:19 CEST 2014: 30: finished (208ms, 500cycles)
Tue May 06 13:24:19 CEST 2014: 30: No solution found.
Tue May 06 13:24:19 CEST 2014: 31: finished (251ms, 500cycles)
Tue May 06 13:24:19 CEST 2014: 31: No solution found.
Tue May 06 13:24:20 CEST 2014: 32: finished (215ms, 500cycles)
Tue May 06 13:24:20 CEST 2014: 32: No solution found.
Tue May 06 13:24:20 CEST 2014: 33: finished (4ms, 20cycles)
Tue May 06 13:24:20 CEST 2014: 33: Solution found.
Tue May 06 13:24:20 CEST 2014: 34: finished (47ms, 500cycles)
Tue May 06 13:24:20 CEST 2014: 34: No solution found.
Tue May 06 13:24:20 CEST 2014: 35: finished (1ms, 7cycles)
Tue May 06 13:24:20 CEST 2014: 35: Solution found.
Tue May 06 13:24:20 CEST 2014: 36: finished (22ms, 38cycles)
Tue May 06 13:24:20 CEST 2014: 36: Solution found.
Tue May 06 13:24:20 CEST 2014: 37: finished (1ms, 6cycles)
Tue May 06 13:24:20 CEST 2014: 37: Solution found.
Tue May 06 13:24:20 CEST 2014: 38: finished (211ms, 500cycles)
Tue May 06 13:24:20 CEST 2014: 38: No solution found.
Tue May 06 13:24:20 CEST 2014: 39: finished (1ms, 8cycles)
Tue May 06 13:24:20 CEST 2014: 39: Solution found.
Tue May 06 13:24:20 CEST 2014: 40: finished (218ms, 500cycles)
Tue May 06 13:24:20 CEST 2014: 40: No solution found.
Tue May 06 13:24:20 CEST 2014: 41: finished (37ms, 47cycles)
Tue May 06 13:24:20 CEST 2014: 41: Solution found.
Tue May 06 13:24:20 CEST 2014: 42: finished (1ms, 12cycles)
Tue May 06 13:24:20 CEST 2014: 42: Solution found.
Tue May 06 13:24:20 CEST 2014: 43: finished (39ms, 500cycles)
Tue May 06 13:24:20 CEST 2014: 43: No solution found.
Tue May 06 13:24:20 CEST 2014: 44: finished (2ms, 14cycles)
Tue May 06 13:24:20 CEST 2014: 44: Solution found.
Tue May 06 13:24:20 CEST 2014: 45: finished (1ms, 6cycles)
Tue May 06 13:24:20 CEST 2014: 45: Solution found.
Tue May 06 13:24:20 CEST 2014: 46: finished (1ms, 6cycles)
Tue May 06 13:24:20 CEST 2014: 46: Solution found.
Tue May 06 13:24:20 CEST 2014: 47: finished (100ms, 208cycles)
Tue May 06 13:24:20 CEST 2014: 47: Solution found.
Tue May 06 13:24:21 CEST 2014: 48: finished (221ms, 500cycles)
Tue May 06 13:24:21 CEST 2014: 48: No solution found.
Tue May 06 13:24:21 CEST 2014: 49: finished (16ms, 27cycles)
Tue May 06 13:24:21 CEST 2014: 49: Solution found.
Tue May 06 13:24:21 CEST 2014: 50: finished (219ms, 229cycles)
Tue May 06 13:24:21 CEST 2014: 50: Solution found.
Tue May 06 13:24:21 CEST 2014: 51: finished (44ms, 500cycles)
Tue May 06 13:24:21 CEST 2014: 51: No solution found.
Tue May 06 13:24:21 CEST 2014: 52: finished (410ms, 500cycles)
Tue May 06 13:24:21 CEST 2014: 52: No solution found.
Tue May 06 13:24:21 CEST 2014: 53: finished (1ms, 6cycles)
Tue May 06 13:24:21 CEST 2014: 53: Solution found.
Tue May 06 13:24:21 CEST 2014: 54: finished (19ms, 30cycles)
Tue May 06 13:24:21 CEST 2014: 54: Solution found.
Tue May 06 13:24:21 CEST 2014: 55: finished (211ms, 500cycles)
Tue May 06 13:24:21 CEST 2014: 55: No solution found.
Tue May 06 13:24:22 CEST 2014: 56: finished (391ms, 500cycles)
Tue May 06 13:24:22 CEST 2014: 56: No solution found.
Tue May 06 13:24:22 CEST 2014: 57: finished (47ms, 500cycles)
Tue May 06 13:24:22 CEST 2014: 57: No solution found.
Tue May 06 13:24:22 CEST 2014: 58: finished (2ms, 7cycles)
Tue May 06 13:24:22 CEST 2014: 58: Solution found.
Tue May 06 13:24:22 CEST 2014: 59: finished (31ms, 54cycles)
Tue May 06 13:24:22 CEST 2014: 59: Solution found.
Tue May 06 13:24:22 CEST 2014: 60: finished (0ms, 1cycles)
Tue May 06 13:24:22 CEST 2014: 60: Solution found.
Tue May 06 13:24:22 CEST 2014: 61: finished (379ms, 500cycles)
Tue May 06 13:24:22 CEST 2014: 61: No solution found.
Tue May 06 13:24:22 CEST 2014: 62: finished (3ms, 18cycles)
Tue May 06 13:24:22 CEST 2014: 62: Solution found.
Tue May 06 13:24:23 CEST 2014: 63: finished (336ms, 500cycles)
Tue May 06 13:24:23 CEST 2014: 63: No solution found.
Tue May 06 13:24:23 CEST 2014: 64: finished (19ms, 46cycles)
Tue May 06 13:24:23 CEST 2014: 64: Solution found.
Tue May 06 13:24:23 CEST 2014: 65: finished (45ms, 500cycles)
Tue May 06 13:24:23 CEST 2014: 65: No solution found.
Tue May 06 13:24:23 CEST 2014: 66: finished (320ms, 500cycles)
Tue May 06 13:24:23 CEST 2014: 66: No solution found.
Tue May 06 13:24:23 CEST 2014: 67: finished (176ms, 500cycles)
Tue May 06 13:24:23 CEST 2014: 67: No solution found.
Tue May 06 13:24:23 CEST 2014: 68: finished (209ms, 500cycles)
Tue May 06 13:24:23 CEST 2014: 68: No solution found.
Tue May 06 13:24:24 CEST 2014: 69: finished (342ms, 500cycles)
Tue May 06 13:24:24 CEST 2014: 69: No solution found.
Tue May 06 13:24:24 CEST 2014: 70: finished (121ms, 500cycles)
Tue May 06 13:24:24 CEST 2014: 70: No solution found.
Tue May 06 13:24:24 CEST 2014: 71: finished (434ms, 500cycles)
Tue May 06 13:24:24 CEST 2014: 71: No solution found.
Tue May 06 13:24:24 CEST 2014: 72: finished (3ms, 11cycles)
Tue May 06 13:24:24 CEST 2014: 72: Solution found.
Tue May 06 13:24:24 CEST 2014: 73: finished (1ms, 2cycles)
Tue May 06 13:24:24 CEST 2014: 73: Solution found.
Tue May 06 13:24:25 CEST 2014: 74: finished (252ms, 284cycles)
Tue May 06 13:24:25 CEST 2014: 74: Solution found.
Tue May 06 13:24:25 CEST 2014: 75: finished (210ms, 280cycles)
Tue May 06 13:24:25 CEST 2014: 75: Solution found.
Tue May 06 13:24:25 CEST 2014: 76: finished (45ms, 500cycles)
Tue May 06 13:24:25 CEST 2014: 76: No solution found.
Tue May 06 13:24:25 CEST 2014: 77: finished (229ms, 500cycles)
Tue May 06 13:24:25 CEST 2014: 77: No solution found.
Tue May 06 13:24:25 CEST 2014: 78: finished (334ms, 500cycles)
Tue May 06 13:24:25 CEST 2014: 78: No solution found.
Tue May 06 13:24:25 CEST 2014: 79: finished (2ms, 8cycles)
Tue May 06 13:24:25 CEST 2014: 79: Solution found.
Tue May 06 13:24:25 CEST 2014: 80: finished (1ms, 6cycles)
Tue May 06 13:24:25 CEST 2014: 80: Solution found.
Tue May 06 13:24:26 CEST 2014: 81: finished (453ms, 500cycles)
Tue May 06 13:24:26 CEST 2014: 81: No solution found.
Tue May 06 13:24:26 CEST 2014: 82: finished (2ms, 6cycles)
Tue May 06 13:24:26 CEST 2014: 82: Solution found.
Tue May 06 13:24:26 CEST 2014: 83: finished (53ms, 500cycles)
Tue May 06 13:24:26 CEST 2014: 83: No solution found.
Tue May 06 13:24:26 CEST 2014: 84: finished (5ms, 13cycles)
Tue May 06 13:24:26 CEST 2014: 84: Solution found.
Tue May 06 13:24:26 CEST 2014: 85: finished (1ms, 6cycles)
Tue May 06 13:24:26 CEST 2014: 85: Solution found.
Tue May 06 13:24:26 CEST 2014: 86: finished (1ms, 5cycles)
Tue May 06 13:24:26 CEST 2014: 86: Solution found.
Tue May 06 13:24:26 CEST 2014: 87: finished (2ms, 9cycles)
Tue May 06 13:24:26 CEST 2014: 87: Solution found.
Tue May 06 13:24:26 CEST 2014: 88: finished (338ms, 500cycles)
Tue May 06 13:24:26 CEST 2014: 88: No solution found.
Tue May 06 13:24:26 CEST 2014: 89: finished (1ms, 7cycles)
Tue May 06 13:24:26 CEST 2014: 89: Solution found.
Tue May 06 13:24:26 CEST 2014: 90: finished (9ms, 74cycles)
Tue May 06 13:24:26 CEST 2014: 90: Solution found.
Tue May 06 13:24:26 CEST 2014: 91: finished (49ms, 500cycles)
Tue May 06 13:24:26 CEST 2014: 91: No solution found.
Tue May 06 13:24:26 CEST 2014: 92: finished (77ms, 500cycles)
Tue May 06 13:24:26 CEST 2014: 92: No solution found.
Tue May 06 13:24:27 CEST 2014: 93: finished (296ms, 500cycles)
Tue May 06 13:24:27 CEST 2014: 93: No solution found.
Tue May 06 13:24:27 CEST 2014: 94: finished (214ms, 500cycles)
Tue May 06 13:24:27 CEST 2014: 94: No solution found.
Tue May 06 13:24:27 CEST 2014: 95: finished (61ms, 500cycles)
Tue May 06 13:24:27 CEST 2014: 95: No solution found.
Tue May 06 13:24:27 CEST 2014: 96: finished (6ms, 24cycles)
Tue May 06 13:24:27 CEST 2014: 96: Solution found.
Tue May 06 13:24:27 CEST 2014: 97: finished (6ms, 21cycles)
Tue May 06 13:24:27 CEST 2014: 97: Solution found.
Tue May 06 13:24:27 CEST 2014: 98: finished (437ms, 500cycles)
Tue May 06 13:24:27 CEST 2014: 98: No solution found.
Tue May 06 13:24:27 CEST 2014: 99: finished (50ms, 500cycles)
Tue May 06 13:24:27 CEST 2014: 99: No solution found.
Tue May 06 13:24:27 CEST 2014: Solution Found: 50
Tue May 06 13:24:27 CEST 2014: Avg cycles: 39
Tue May 06 13:24:27 CEST 2014: Max cycles: 284
Tue May 06 13:24:27 CEST 2014: Min cycles: 1
Tue May 06 13:24:27 CEST 2014: No solution found: 50
Tue May 06 13:24:27 CEST 2014: logging finished. (runtime: 12007ms)
