Sat May 17 21:15:25 CEST 2014: Problem Count: 10
Sat May 17 21:15:25 CEST 2014: CandidatesCount: 50
Sat May 17 21:15:25 CEST 2014: Max Cycles: 500
Sat May 17 21:15:25 CEST 2014: 0: finished (10ms, 23cycles)
Sat May 17 21:15:25 CEST 2014: 0: Solution found.
Sat May 17 21:15:25 CEST 2014: 1: finished (63ms, 500cycles)
Sat May 17 21:15:25 CEST 2014: 1: No solution found.
Sat May 17 21:15:26 CEST 2014: 2: finished (50ms, 500cycles)
Sat May 17 21:15:26 CEST 2014: 2: No solution found.
Sat May 17 21:15:26 CEST 2014: 3: finished (348ms, 500cycles)
Sat May 17 21:15:26 CEST 2014: 3: No solution found.
Sat May 17 21:15:26 CEST 2014: 4: finished (57ms, 500cycles)
Sat May 17 21:15:26 CEST 2014: 4: No solution found.
Sat May 17 21:15:26 CEST 2014: 5: finished (10ms, 24cycles)
Sat May 17 21:15:26 CEST 2014: 5: Solution found.
Sat May 17 21:15:26 CEST 2014: 6: finished (360ms, 500cycles)
Sat May 17 21:15:26 CEST 2014: 6: No solution found.
Sat May 17 21:15:26 CEST 2014: 7: finished (15ms, 73cycles)
Sat May 17 21:15:26 CEST 2014: 7: Solution found.
Sat May 17 21:15:27 CEST 2014: 8: finished (272ms, 500cycles)
Sat May 17 21:15:27 CEST 2014: 8: No solution found.
Sat May 17 21:15:27 CEST 2014: 9: finished (6ms, 20cycles)
Sat May 17 21:15:27 CEST 2014: 9: Solution found.
Sat May 17 21:15:27 CEST 2014: 10: finished (5ms, 24cycles)
Sat May 17 21:15:27 CEST 2014: 10: Solution found.
Sat May 17 21:15:27 CEST 2014: 11: finished (221ms, 500cycles)
Sat May 17 21:15:27 CEST 2014: 11: No solution found.
Sat May 17 21:15:27 CEST 2014: 12: finished (181ms, 500cycles)
Sat May 17 21:15:27 CEST 2014: 12: No solution found.
Sat May 17 21:15:27 CEST 2014: 13: finished (410ms, 500cycles)
Sat May 17 21:15:27 CEST 2014: 13: No solution found.
Sat May 17 21:15:28 CEST 2014: 14: finished (116ms, 251cycles)
Sat May 17 21:15:28 CEST 2014: 14: Solution found.
Sat May 17 21:15:28 CEST 2014: 15: finished (7ms, 24cycles)
Sat May 17 21:15:28 CEST 2014: 15: Solution found.
Sat May 17 21:15:28 CEST 2014: 16: finished (102ms, 500cycles)
Sat May 17 21:15:28 CEST 2014: 16: No solution found.
Sat May 17 21:15:28 CEST 2014: 17: finished (47ms, 500cycles)
Sat May 17 21:15:28 CEST 2014: 17: No solution found.
Sat May 17 21:15:28 CEST 2014: 18: finished (51ms, 500cycles)
Sat May 17 21:15:28 CEST 2014: 18: No solution found.
Sat May 17 21:15:28 CEST 2014: 19: finished (227ms, 500cycles)
Sat May 17 21:15:28 CEST 2014: 19: No solution found.
Sat May 17 21:15:28 CEST 2014: 20: finished (5ms, 28cycles)
Sat May 17 21:15:28 CEST 2014: 20: Solution found.
Sat May 17 21:15:28 CEST 2014: 21: finished (48ms, 500cycles)
Sat May 17 21:15:28 CEST 2014: 21: No solution found.
Sat May 17 21:15:28 CEST 2014: 22: finished (333ms, 500cycles)
Sat May 17 21:15:28 CEST 2014: 22: No solution found.
Sat May 17 21:15:28 CEST 2014: 23: finished (3ms, 17cycles)
Sat May 17 21:15:28 CEST 2014: 23: Solution found.
Sat May 17 21:15:28 CEST 2014: 24: finished (0ms, 2cycles)
Sat May 17 21:15:28 CEST 2014: 24: Solution found.
Sat May 17 21:15:28 CEST 2014: 25: finished (15ms, 41cycles)
Sat May 17 21:15:28 CEST 2014: 25: Solution found.
Sat May 17 21:15:28 CEST 2014: 26: finished (47ms, 500cycles)
Sat May 17 21:15:28 CEST 2014: 26: No solution found.
Sat May 17 21:15:28 CEST 2014: 27: finished (2ms, 15cycles)
Sat May 17 21:15:28 CEST 2014: 27: Solution found.
Sat May 17 21:15:28 CEST 2014: 28: finished (1ms, 6cycles)
Sat May 17 21:15:28 CEST 2014: 28: Solution found.
Sat May 17 21:15:28 CEST 2014: 29: finished (1ms, 5cycles)
Sat May 17 21:15:28 CEST 2014: 29: Solution found.
Sat May 17 21:15:29 CEST 2014: 30: finished (253ms, 500cycles)
Sat May 17 21:15:29 CEST 2014: 30: No solution found.
Sat May 17 21:15:29 CEST 2014: 31: finished (4ms, 20cycles)
Sat May 17 21:15:29 CEST 2014: 31: Solution found.
Sat May 17 21:15:29 CEST 2014: 32: finished (48ms, 500cycles)
Sat May 17 21:15:29 CEST 2014: 32: No solution found.
Sat May 17 21:15:29 CEST 2014: 33: finished (44ms, 500cycles)
Sat May 17 21:15:29 CEST 2014: 33: No solution found.
Sat May 17 21:15:29 CEST 2014: 34: finished (59ms, 500cycles)
Sat May 17 21:15:29 CEST 2014: 34: No solution found.
Sat May 17 21:15:29 CEST 2014: 35: finished (5ms, 27cycles)
Sat May 17 21:15:29 CEST 2014: 35: Solution found.
Sat May 17 21:15:29 CEST 2014: 36: finished (234ms, 500cycles)
Sat May 17 21:15:29 CEST 2014: 36: No solution found.
Sat May 17 21:15:30 CEST 2014: 37: finished (510ms, 500cycles)
Sat May 17 21:15:30 CEST 2014: 37: No solution found.
Sat May 17 21:15:30 CEST 2014: 38: finished (6ms, 22cycles)
Sat May 17 21:15:30 CEST 2014: 38: Solution found.
Sat May 17 21:15:30 CEST 2014: 39: finished (424ms, 500cycles)
Sat May 17 21:15:30 CEST 2014: 39: No solution found.
Sat May 17 21:15:30 CEST 2014: 40: finished (48ms, 500cycles)
Sat May 17 21:15:30 CEST 2014: 40: No solution found.
Sat May 17 21:15:30 CEST 2014: 41: finished (242ms, 500cycles)
Sat May 17 21:15:30 CEST 2014: 41: No solution found.
Sat May 17 21:15:30 CEST 2014: 42: finished (49ms, 500cycles)
Sat May 17 21:15:30 CEST 2014: 42: No solution found.
Sat May 17 21:15:31 CEST 2014: 43: finished (355ms, 500cycles)
Sat May 17 21:15:31 CEST 2014: 43: No solution found.
Sat May 17 21:15:31 CEST 2014: 44: finished (49ms, 500cycles)
Sat May 17 21:15:31 CEST 2014: 44: No solution found.
Sat May 17 21:15:31 CEST 2014: 45: finished (284ms, 500cycles)
Sat May 17 21:15:31 CEST 2014: 45: No solution found.
Sat May 17 21:15:31 CEST 2014: 46: finished (55ms, 500cycles)
Sat May 17 21:15:31 CEST 2014: 46: No solution found.
Sat May 17 21:15:31 CEST 2014: 47: finished (0ms, 2cycles)
Sat May 17 21:15:31 CEST 2014: 47: Solution found.
Sat May 17 21:15:31 CEST 2014: 48: finished (7ms, 19cycles)
Sat May 17 21:15:31 CEST 2014: 48: Solution found.
Sat May 17 21:15:31 CEST 2014: 49: finished (3ms, 21cycles)
Sat May 17 21:15:31 CEST 2014: 49: Solution found.
Sat May 17 21:15:31 CEST 2014: 50: finished (53ms, 500cycles)
Sat May 17 21:15:31 CEST 2014: 50: No solution found.
Sat May 17 21:15:31 CEST 2014: 51: finished (2ms, 9cycles)
Sat May 17 21:15:31 CEST 2014: 51: Solution found.
Sat May 17 21:15:31 CEST 2014: 52: finished (225ms, 500cycles)
Sat May 17 21:15:31 CEST 2014: 52: No solution found.
Sat May 17 21:15:31 CEST 2014: 53: finished (47ms, 500cycles)
Sat May 17 21:15:31 CEST 2014: 53: No solution found.
Sat May 17 21:15:32 CEST 2014: 54: finished (168ms, 272cycles)
Sat May 17 21:15:32 CEST 2014: 54: Solution found.
Sat May 17 21:15:32 CEST 2014: 55: finished (213ms, 262cycles)
Sat May 17 21:15:32 CEST 2014: 55: Solution found.
Sat May 17 21:15:32 CEST 2014: 56: finished (436ms, 500cycles)
Sat May 17 21:15:32 CEST 2014: 56: No solution found.
Sat May 17 21:15:32 CEST 2014: 57: finished (2ms, 12cycles)
Sat May 17 21:15:32 CEST 2014: 57: Solution found.
Sat May 17 21:15:32 CEST 2014: 58: finished (225ms, 500cycles)
Sat May 17 21:15:32 CEST 2014: 58: No solution found.
Sat May 17 21:15:32 CEST 2014: 59: finished (4ms, 13cycles)
Sat May 17 21:15:32 CEST 2014: 59: Solution found.
Sat May 17 21:15:33 CEST 2014: 60: finished (4ms, 17cycles)
Sat May 17 21:15:33 CEST 2014: 60: Solution found.
Sat May 17 21:15:33 CEST 2014: 61: finished (449ms, 500cycles)
Sat May 17 21:15:33 CEST 2014: 61: No solution found.
Sat May 17 21:15:33 CEST 2014: 62: finished (1ms, 6cycles)
Sat May 17 21:15:33 CEST 2014: 62: Solution found.
Sat May 17 21:15:33 CEST 2014: 63: finished (49ms, 500cycles)
Sat May 17 21:15:33 CEST 2014: 63: No solution found.
Sat May 17 21:15:33 CEST 2014: 64: finished (1ms, 5cycles)
Sat May 17 21:15:33 CEST 2014: 64: Solution found.
Sat May 17 21:15:33 CEST 2014: 65: finished (222ms, 500cycles)
Sat May 17 21:15:33 CEST 2014: 65: No solution found.
Sat May 17 21:15:33 CEST 2014: 66: finished (185ms, 500cycles)
Sat May 17 21:15:33 CEST 2014: 66: No solution found.
Sat May 17 21:15:33 CEST 2014: 67: finished (6ms, 15cycles)
Sat May 17 21:15:33 CEST 2014: 67: Solution found.
Sat May 17 21:15:34 CEST 2014: 68: finished (310ms, 500cycles)
Sat May 17 21:15:34 CEST 2014: 68: No solution found.
Sat May 17 21:15:34 CEST 2014: 69: finished (12ms, 21cycles)
Sat May 17 21:15:34 CEST 2014: 69: Solution found.
Sat May 17 21:15:34 CEST 2014: 70: finished (302ms, 500cycles)
Sat May 17 21:15:34 CEST 2014: 70: No solution found.
Sat May 17 21:15:34 CEST 2014: 71: finished (164ms, 262cycles)
Sat May 17 21:15:34 CEST 2014: 71: Solution found.
Sat May 17 21:15:34 CEST 2014: 72: finished (211ms, 500cycles)
Sat May 17 21:15:34 CEST 2014: 72: No solution found.
Sat May 17 21:15:34 CEST 2014: 73: finished (38ms, 500cycles)
Sat May 17 21:15:34 CEST 2014: 73: No solution found.
Sat May 17 21:15:34 CEST 2014: 74: finished (4ms, 11cycles)
Sat May 17 21:15:34 CEST 2014: 74: Solution found.
Sat May 17 21:15:35 CEST 2014: 75: finished (54ms, 500cycles)
Sat May 17 21:15:35 CEST 2014: 75: No solution found.
Sat May 17 21:15:35 CEST 2014: 76: finished (6ms, 17cycles)
Sat May 17 21:15:35 CEST 2014: 76: Solution found.
Sat May 17 21:15:35 CEST 2014: 77: finished (26ms, 45cycles)
Sat May 17 21:15:35 CEST 2014: 77: Solution found.
Sat May 17 21:15:35 CEST 2014: 78: finished (190ms, 500cycles)
Sat May 17 21:15:35 CEST 2014: 78: No solution found.
Sat May 17 21:15:35 CEST 2014: 79: finished (192ms, 244cycles)
Sat May 17 21:15:35 CEST 2014: 79: Solution found.
Sat May 17 21:15:35 CEST 2014: 80: finished (297ms, 500cycles)
Sat May 17 21:15:35 CEST 2014: 80: No solution found.
Sat May 17 21:15:36 CEST 2014: 81: finished (440ms, 500cycles)
Sat May 17 21:15:36 CEST 2014: 81: No solution found.
Sat May 17 21:15:36 CEST 2014: 82: finished (236ms, 500cycles)
Sat May 17 21:15:36 CEST 2014: 82: No solution found.
Sat May 17 21:15:36 CEST 2014: 83: finished (325ms, 500cycles)
Sat May 17 21:15:36 CEST 2014: 83: No solution found.
Sat May 17 21:15:36 CEST 2014: 84: finished (1ms, 2cycles)
Sat May 17 21:15:36 CEST 2014: 84: Solution found.
Sat May 17 21:15:36 CEST 2014: 85: finished (17ms, 39cycles)
Sat May 17 21:15:36 CEST 2014: 85: Solution found.
Sat May 17 21:15:36 CEST 2014: 86: finished (239ms, 500cycles)
Sat May 17 21:15:36 CEST 2014: 86: No solution found.
Sat May 17 21:15:37 CEST 2014: 87: finished (349ms, 500cycles)
Sat May 17 21:15:37 CEST 2014: 87: No solution found.
Sat May 17 21:15:37 CEST 2014: 88: finished (245ms, 500cycles)
Sat May 17 21:15:37 CEST 2014: 88: No solution found.
Sat May 17 21:15:37 CEST 2014: 89: finished (48ms, 500cycles)
Sat May 17 21:15:37 CEST 2014: 89: No solution found.
Sat May 17 21:15:37 CEST 2014: 90: finished (17ms, 42cycles)
Sat May 17 21:15:37 CEST 2014: 90: Solution found.
Sat May 17 21:15:37 CEST 2014: 91: finished (22ms, 38cycles)
Sat May 17 21:15:37 CEST 2014: 91: Solution found.
Sat May 17 21:15:38 CEST 2014: 92: finished (422ms, 500cycles)
Sat May 17 21:15:38 CEST 2014: 92: No solution found.
Sat May 17 21:15:38 CEST 2014: 93: finished (299ms, 500cycles)
Sat May 17 21:15:38 CEST 2014: 93: No solution found.
Sat May 17 21:15:38 CEST 2014: 94: finished (2ms, 11cycles)
Sat May 17 21:15:38 CEST 2014: 94: Solution found.
Sat May 17 21:15:38 CEST 2014: 95: finished (481ms, 500cycles)
Sat May 17 21:15:38 CEST 2014: 95: No solution found.
Sat May 17 21:15:39 CEST 2014: 96: finished (424ms, 500cycles)
Sat May 17 21:15:39 CEST 2014: 96: No solution found.
Sat May 17 21:15:39 CEST 2014: 97: finished (289ms, 500cycles)
Sat May 17 21:15:39 CEST 2014: 97: No solution found.
Sat May 17 21:15:39 CEST 2014: 98: finished (219ms, 500cycles)
Sat May 17 21:15:39 CEST 2014: 98: No solution found.
Sat May 17 21:15:40 CEST 2014: 99: finished (315ms, 500cycles)
Sat May 17 21:15:40 CEST 2014: 99: No solution found.
Sat May 17 21:15:40 CEST 2014: Solution Found: 40
Sat May 17 21:15:40 CEST 2014: Avg cycles: 50
Sat May 17 21:15:40 CEST 2014: Max cycles: 272
Sat May 17 21:15:40 CEST 2014: Min cycles: 2
Sat May 17 21:15:40 CEST 2014: No solution found: 60
Sat May 17 21:15:40 CEST 2014: logging finished. (runtime: 14195ms)
