Sun May 18 02:53:18 CEST 2014: Problem Count: 30
Sun May 18 02:53:18 CEST 2014: CandidatesCount: 40
Sun May 18 02:53:18 CEST 2014: Max Cycles: 500
Sun May 18 02:53:18 CEST 2014: 0: finished (6ms, 21cycles)
Sun May 18 02:53:18 CEST 2014: 0: Solution found.
Sun May 18 02:53:18 CEST 2014: 1: finished (5ms, 14cycles)
Sun May 18 02:53:18 CEST 2014: 1: Solution found.
Sun May 18 02:53:18 CEST 2014: 2: finished (9ms, 31cycles)
Sun May 18 02:53:18 CEST 2014: 2: Solution found.
Sun May 18 02:53:18 CEST 2014: 3: finished (121ms, 500cycles)
Sun May 18 02:53:18 CEST 2014: 3: No solution found.
Sun May 18 02:53:18 CEST 2014: 4: finished (5ms, 20cycles)
Sun May 18 02:53:18 CEST 2014: 4: Solution found.
Sun May 18 02:53:18 CEST 2014: 5: finished (112ms, 500cycles)
Sun May 18 02:53:18 CEST 2014: 5: No solution found.
Sun May 18 02:53:18 CEST 2014: 6: finished (3ms, 8cycles)
Sun May 18 02:53:18 CEST 2014: 6: Solution found.
Sun May 18 02:53:18 CEST 2014: 7: finished (5ms, 19cycles)
Sun May 18 02:53:18 CEST 2014: 7: Solution found.
Sun May 18 02:53:18 CEST 2014: 8: finished (203ms, 500cycles)
Sun May 18 02:53:18 CEST 2014: 8: No solution found.
Sun May 18 02:53:18 CEST 2014: 9: finished (323ms, 500cycles)
Sun May 18 02:53:18 CEST 2014: 9: No solution found.
Sun May 18 02:53:18 CEST 2014: 10: finished (39ms, 58cycles)
Sun May 18 02:53:18 CEST 2014: 10: Solution found.
Sun May 18 02:53:18 CEST 2014: 11: finished (10ms, 11cycles)
Sun May 18 02:53:18 CEST 2014: 11: Solution found.
Sun May 18 02:53:19 CEST 2014: 12: finished (44ms, 61cycles)
Sun May 18 02:53:19 CEST 2014: 12: Solution found.
Sun May 18 02:53:19 CEST 2014: 13: finished (20ms, 25cycles)
Sun May 18 02:53:19 CEST 2014: 13: Solution found.
Sun May 18 02:53:19 CEST 2014: 14: finished (88ms, 111cycles)
Sun May 18 02:53:19 CEST 2014: 14: Solution found.
Sun May 18 02:53:19 CEST 2014: 15: finished (77ms, 98cycles)
Sun May 18 02:53:19 CEST 2014: 15: Solution found.
Sun May 18 02:53:19 CEST 2014: 16: finished (19ms, 24cycles)
Sun May 18 02:53:19 CEST 2014: 16: Solution found.
Sun May 18 02:53:19 CEST 2014: 17: finished (344ms, 500cycles)
Sun May 18 02:53:19 CEST 2014: 17: No solution found.
Sun May 18 02:53:19 CEST 2014: 18: finished (322ms, 500cycles)
Sun May 18 02:53:19 CEST 2014: 18: No solution found.
Sun May 18 02:53:20 CEST 2014: 19: finished (326ms, 500cycles)
Sun May 18 02:53:20 CEST 2014: 19: No solution found.
Sun May 18 02:53:20 CEST 2014: 20: finished (3ms, 3cycles)
Sun May 18 02:53:20 CEST 2014: 20: Solution found.
Sun May 18 02:53:20 CEST 2014: 21: finished (36ms, 47cycles)
Sun May 18 02:53:20 CEST 2014: 21: Solution found.
Sun May 18 02:53:20 CEST 2014: 22: finished (6ms, 7cycles)
Sun May 18 02:53:20 CEST 2014: 22: Solution found.
Sun May 18 02:53:20 CEST 2014: 23: finished (361ms, 500cycles)
Sun May 18 02:53:20 CEST 2014: 23: No solution found.
Sun May 18 02:53:20 CEST 2014: 24: finished (380ms, 500cycles)
Sun May 18 02:53:20 CEST 2014: 24: No solution found.
Sun May 18 02:53:21 CEST 2014: 25: finished (13ms, 18cycles)
Sun May 18 02:53:21 CEST 2014: 25: Solution found.
Sun May 18 02:53:21 CEST 2014: 26: finished (351ms, 500cycles)
Sun May 18 02:53:21 CEST 2014: 26: No solution found.
Sun May 18 02:53:21 CEST 2014: 27: finished (32ms, 45cycles)
Sun May 18 02:53:21 CEST 2014: 27: Solution found.
Sun May 18 02:53:21 CEST 2014: 28: finished (75ms, 110cycles)
Sun May 18 02:53:21 CEST 2014: 28: Solution found.
Sun May 18 02:53:21 CEST 2014: 29: finished (14ms, 19cycles)
Sun May 18 02:53:21 CEST 2014: 29: Solution found.
Sun May 18 02:53:21 CEST 2014: 30: finished (333ms, 500cycles)
Sun May 18 02:53:21 CEST 2014: 30: No solution found.
Sun May 18 02:53:21 CEST 2014: 31: finished (9ms, 10cycles)
Sun May 18 02:53:21 CEST 2014: 31: Solution found.
Sun May 18 02:53:21 CEST 2014: 32: finished (7ms, 8cycles)
Sun May 18 02:53:21 CEST 2014: 32: Solution found.
Sun May 18 02:53:21 CEST 2014: 33: finished (10ms, 14cycles)
Sun May 18 02:53:21 CEST 2014: 33: Solution found.
Sun May 18 02:53:22 CEST 2014: 34: finished (339ms, 500cycles)
Sun May 18 02:53:22 CEST 2014: 34: No solution found.
Sun May 18 02:53:22 CEST 2014: 35: finished (26ms, 36cycles)
Sun May 18 02:53:22 CEST 2014: 35: Solution found.
Sun May 18 02:53:22 CEST 2014: 36: finished (15ms, 20cycles)
Sun May 18 02:53:22 CEST 2014: 36: Solution found.
Sun May 18 02:53:22 CEST 2014: 37: finished (16ms, 17cycles)
Sun May 18 02:53:22 CEST 2014: 37: Solution found.
Sun May 18 02:53:22 CEST 2014: 38: finished (184ms, 235cycles)
Sun May 18 02:53:22 CEST 2014: 38: Solution found.
Sun May 18 02:53:22 CEST 2014: 39: finished (19ms, 28cycles)
Sun May 18 02:53:22 CEST 2014: 39: Solution found.
Sun May 18 02:53:22 CEST 2014: 40: finished (5ms, 6cycles)
Sun May 18 02:53:22 CEST 2014: 40: Solution found.
Sun May 18 02:53:22 CEST 2014: 41: finished (332ms, 500cycles)
Sun May 18 02:53:22 CEST 2014: 41: No solution found.
Sun May 18 02:53:22 CEST 2014: 42: finished (14ms, 18cycles)
Sun May 18 02:53:22 CEST 2014: 42: Solution found.
Sun May 18 02:53:23 CEST 2014: 43: finished (294ms, 500cycles)
Sun May 18 02:53:23 CEST 2014: 43: No solution found.
Sun May 18 02:53:23 CEST 2014: 44: finished (13ms, 45cycles)
Sun May 18 02:53:23 CEST 2014: 44: Solution found.
Sun May 18 02:53:23 CEST 2014: 45: finished (122ms, 500cycles)
Sun May 18 02:53:23 CEST 2014: 45: No solution found.
Sun May 18 02:53:23 CEST 2014: 46: finished (123ms, 500cycles)
Sun May 18 02:53:23 CEST 2014: 46: No solution found.
Sun May 18 02:53:23 CEST 2014: 47: finished (135ms, 500cycles)
Sun May 18 02:53:23 CEST 2014: 47: No solution found.
Sun May 18 02:53:23 CEST 2014: 48: finished (4ms, 16cycles)
Sun May 18 02:53:23 CEST 2014: 48: Solution found.
Sun May 18 02:53:23 CEST 2014: 49: finished (129ms, 500cycles)
Sun May 18 02:53:23 CEST 2014: 49: No solution found.
Sun May 18 02:53:23 CEST 2014: 50: finished (15ms, 45cycles)
Sun May 18 02:53:23 CEST 2014: 50: Solution found.
Sun May 18 02:53:23 CEST 2014: 51: finished (5ms, 18cycles)
Sun May 18 02:53:23 CEST 2014: 51: Solution found.
Sun May 18 02:53:23 CEST 2014: 52: finished (130ms, 500cycles)
Sun May 18 02:53:23 CEST 2014: 52: No solution found.
Sun May 18 02:53:23 CEST 2014: 53: finished (5ms, 15cycles)
Sun May 18 02:53:23 CEST 2014: 53: Solution found.
Sun May 18 02:53:23 CEST 2014: 54: finished (123ms, 500cycles)
Sun May 18 02:53:23 CEST 2014: 54: No solution found.
Sun May 18 02:53:23 CEST 2014: 55: finished (4ms, 13cycles)
Sun May 18 02:53:23 CEST 2014: 55: Solution found.
Sun May 18 02:53:23 CEST 2014: 56: finished (5ms, 18cycles)
Sun May 18 02:53:23 CEST 2014: 56: Solution found.
Sun May 18 02:53:23 CEST 2014: 57: finished (2ms, 7cycles)
Sun May 18 02:53:23 CEST 2014: 57: Solution found.
Sun May 18 02:53:23 CEST 2014: 58: finished (7ms, 28cycles)
Sun May 18 02:53:23 CEST 2014: 58: Solution found.
Sun May 18 02:53:24 CEST 2014: 59: finished (118ms, 500cycles)
Sun May 18 02:53:24 CEST 2014: 59: No solution found.
Sun May 18 02:53:24 CEST 2014: 60: finished (6ms, 20cycles)
Sun May 18 02:53:24 CEST 2014: 60: Solution found.
Sun May 18 02:53:24 CEST 2014: 61: finished (7ms, 24cycles)
Sun May 18 02:53:24 CEST 2014: 61: Solution found.
Sun May 18 02:53:24 CEST 2014: 62: finished (5ms, 19cycles)
Sun May 18 02:53:24 CEST 2014: 62: Solution found.
Sun May 18 02:53:24 CEST 2014: 63: finished (128ms, 500cycles)
Sun May 18 02:53:24 CEST 2014: 63: No solution found.
Sun May 18 02:53:24 CEST 2014: 64: finished (53ms, 137cycles)
Sun May 18 02:53:24 CEST 2014: 64: Solution found.
Sun May 18 02:53:24 CEST 2014: 65: finished (119ms, 500cycles)
Sun May 18 02:53:24 CEST 2014: 65: No solution found.
Sun May 18 02:53:24 CEST 2014: 66: finished (131ms, 500cycles)
Sun May 18 02:53:24 CEST 2014: 66: No solution found.
Sun May 18 02:53:24 CEST 2014: 67: finished (4ms, 14cycles)
Sun May 18 02:53:24 CEST 2014: 67: Solution found.
Sun May 18 02:53:24 CEST 2014: 68: finished (106ms, 500cycles)
Sun May 18 02:53:24 CEST 2014: 68: No solution found.
Sun May 18 02:53:24 CEST 2014: 69: finished (21ms, 56cycles)
Sun May 18 02:53:24 CEST 2014: 69: Solution found.
Sun May 18 02:53:24 CEST 2014: 70: finished (3ms, 4cycles)
Sun May 18 02:53:24 CEST 2014: 70: Solution found.
Sun May 18 02:53:24 CEST 2014: 71: finished (125ms, 500cycles)
Sun May 18 02:53:24 CEST 2014: 71: No solution found.
Sun May 18 02:53:24 CEST 2014: 72: finished (2ms, 3cycles)
Sun May 18 02:53:24 CEST 2014: 72: Solution found.
Sun May 18 02:53:24 CEST 2014: 73: finished (3ms, 9cycles)
Sun May 18 02:53:24 CEST 2014: 73: Solution found.
Sun May 18 02:53:24 CEST 2014: 74: finished (115ms, 500cycles)
Sun May 18 02:53:24 CEST 2014: 74: No solution found.
Sun May 18 02:53:25 CEST 2014: 75: finished (138ms, 500cycles)
Sun May 18 02:53:25 CEST 2014: 75: No solution found.
Sun May 18 02:53:25 CEST 2014: 76: finished (123ms, 500cycles)
Sun May 18 02:53:25 CEST 2014: 76: No solution found.
Sun May 18 02:53:25 CEST 2014: 77: finished (127ms, 500cycles)
Sun May 18 02:53:25 CEST 2014: 77: No solution found.
Sun May 18 02:53:25 CEST 2014: 78: finished (5ms, 18cycles)
Sun May 18 02:53:25 CEST 2014: 78: Solution found.
Sun May 18 02:53:25 CEST 2014: 79: finished (133ms, 500cycles)
Sun May 18 02:53:25 CEST 2014: 79: No solution found.
Sun May 18 02:53:25 CEST 2014: 80: finished (108ms, 500cycles)
Sun May 18 02:53:25 CEST 2014: 80: No solution found.
Sun May 18 02:53:25 CEST 2014: 81: finished (121ms, 500cycles)
Sun May 18 02:53:25 CEST 2014: 81: No solution found.
Sun May 18 02:53:25 CEST 2014: 82: finished (9ms, 32cycles)
Sun May 18 02:53:25 CEST 2014: 82: Solution found.
Sun May 18 02:53:25 CEST 2014: 83: finished (15ms, 55cycles)
Sun May 18 02:53:25 CEST 2014: 83: Solution found.
Sun May 18 02:53:25 CEST 2014: 84: finished (7ms, 28cycles)
Sun May 18 02:53:25 CEST 2014: 84: Solution found.
Sun May 18 02:53:25 CEST 2014: 85: finished (115ms, 500cycles)
Sun May 18 02:53:25 CEST 2014: 85: No solution found.
Sun May 18 02:53:25 CEST 2014: 86: finished (110ms, 500cycles)
Sun May 18 02:53:25 CEST 2014: 86: No solution found.
Sun May 18 02:53:25 CEST 2014: 87: finished (3ms, 11cycles)
Sun May 18 02:53:25 CEST 2014: 87: Solution found.
Sun May 18 02:53:26 CEST 2014: 88: finished (124ms, 500cycles)
Sun May 18 02:53:26 CEST 2014: 88: No solution found.
Sun May 18 02:53:26 CEST 2014: 89: finished (141ms, 500cycles)
Sun May 18 02:53:26 CEST 2014: 89: No solution found.
Sun May 18 02:53:26 CEST 2014: 90: finished (5ms, 11cycles)
Sun May 18 02:53:26 CEST 2014: 90: Solution found.
Sun May 18 02:53:26 CEST 2014: 91: finished (125ms, 500cycles)
Sun May 18 02:53:26 CEST 2014: 91: No solution found.
Sun May 18 02:53:26 CEST 2014: 92: finished (3ms, 11cycles)
Sun May 18 02:53:26 CEST 2014: 92: Solution found.
Sun May 18 02:53:26 CEST 2014: 93: finished (8ms, 23cycles)
Sun May 18 02:53:26 CEST 2014: 93: Solution found.
Sun May 18 02:53:26 CEST 2014: 94: finished (113ms, 500cycles)
Sun May 18 02:53:26 CEST 2014: 94: No solution found.
Sun May 18 02:53:26 CEST 2014: 95: finished (129ms, 500cycles)
Sun May 18 02:53:26 CEST 2014: 95: No solution found.
Sun May 18 02:53:26 CEST 2014: 96: finished (4ms, 12cycles)
Sun May 18 02:53:26 CEST 2014: 96: Solution found.
Sun May 18 02:53:26 CEST 2014: 97: finished (120ms, 500cycles)
Sun May 18 02:53:26 CEST 2014: 97: No solution found.
Sun May 18 02:53:26 CEST 2014: 98: finished (105ms, 500cycles)
Sun May 18 02:53:26 CEST 2014: 98: No solution found.
Sun May 18 02:53:26 CEST 2014: 99: finished (4ms, 13cycles)
Sun May 18 02:53:26 CEST 2014: 99: Solution found.
Sun May 18 02:53:26 CEST 2014: Solution Found: 58
Sun May 18 02:53:26 CEST 2014: Avg cycles: 31
Sun May 18 02:53:26 CEST 2014: Max cycles: 235
Sun May 18 02:53:26 CEST 2014: Min cycles: 3
Sun May 18 02:53:26 CEST 2014: No solution found: 42
Sun May 18 02:53:26 CEST 2014: logging finished. (runtime: 8640ms)
