Sun May 18 21:17:15 CEST 2014: Problem Count: 50
Sun May 18 21:17:15 CEST 2014: CandidatesCount: 30
Sun May 18 21:17:15 CEST 2014: Max Cycles: 500
Sun May 18 21:17:15 CEST 2014: 0: finished (169ms, 500cycles)
Sun May 18 21:17:15 CEST 2014: 0: No solution found.
Sun May 18 21:17:15 CEST 2014: 1: finished (165ms, 500cycles)
Sun May 18 21:17:15 CEST 2014: 1: No solution found.
Sun May 18 21:17:15 CEST 2014: 2: finished (173ms, 500cycles)
Sun May 18 21:17:15 CEST 2014: 2: No solution found.
Sun May 18 21:17:15 CEST 2014: 3: finished (11ms, 30cycles)
Sun May 18 21:17:15 CEST 2014: 3: Solution found.
Sun May 18 21:17:15 CEST 2014: 4: finished (3ms, 8cycles)
Sun May 18 21:17:15 CEST 2014: 4: Solution found.
Sun May 18 21:17:16 CEST 2014: 5: finished (172ms, 423cycles)
Sun May 18 21:17:16 CEST 2014: 5: Solution found.
Sun May 18 21:17:16 CEST 2014: 6: finished (166ms, 500cycles)
Sun May 18 21:17:16 CEST 2014: 6: No solution found.
Sun May 18 21:17:16 CEST 2014: 7: finished (7ms, 15cycles)
Sun May 18 21:17:16 CEST 2014: 7: Solution found.
Sun May 18 21:17:16 CEST 2014: 8: finished (69ms, 184cycles)
Sun May 18 21:17:16 CEST 2014: 8: Solution found.
Sun May 18 21:17:16 CEST 2014: 9: finished (9ms, 22cycles)
Sun May 18 21:17:16 CEST 2014: 9: Solution found.
Sun May 18 21:17:16 CEST 2014: 10: finished (9ms, 26cycles)
Sun May 18 21:17:16 CEST 2014: 10: Solution found.
Sun May 18 21:17:16 CEST 2014: 11: finished (4ms, 8cycles)
Sun May 18 21:17:16 CEST 2014: 11: Solution found.
Sun May 18 21:17:16 CEST 2014: 12: finished (183ms, 500cycles)
Sun May 18 21:17:16 CEST 2014: 12: No solution found.
Sun May 18 21:17:16 CEST 2014: 13: finished (6ms, 14cycles)
Sun May 18 21:17:16 CEST 2014: 13: Solution found.
Sun May 18 21:17:16 CEST 2014: 14: finished (175ms, 500cycles)
Sun May 18 21:17:16 CEST 2014: 14: No solution found.
Sun May 18 21:17:16 CEST 2014: 15: finished (178ms, 500cycles)
Sun May 18 21:17:16 CEST 2014: 15: No solution found.
Sun May 18 21:17:16 CEST 2014: 16: finished (14ms, 34cycles)
Sun May 18 21:17:16 CEST 2014: 16: Solution found.
Sun May 18 21:17:16 CEST 2014: 17: finished (36ms, 105cycles)
Sun May 18 21:17:16 CEST 2014: 17: Solution found.
Sun May 18 21:17:17 CEST 2014: 18: finished (177ms, 500cycles)
Sun May 18 21:17:17 CEST 2014: 18: No solution found.
Sun May 18 21:17:17 CEST 2014: 19: finished (2ms, 6cycles)
Sun May 18 21:17:17 CEST 2014: 19: Solution found.
Sun May 18 21:17:17 CEST 2014: 20: finished (27ms, 64cycles)
Sun May 18 21:17:17 CEST 2014: 20: Solution found.
Sun May 18 21:17:17 CEST 2014: 21: finished (173ms, 500cycles)
Sun May 18 21:17:17 CEST 2014: 21: No solution found.
Sun May 18 21:17:17 CEST 2014: 22: finished (347ms, 500cycles)
Sun May 18 21:17:17 CEST 2014: 22: No solution found.
Sun May 18 21:17:17 CEST 2014: 23: finished (174ms, 500cycles)
Sun May 18 21:17:17 CEST 2014: 23: No solution found.
Sun May 18 21:17:18 CEST 2014: 24: finished (163ms, 500cycles)
Sun May 18 21:17:18 CEST 2014: 24: No solution found.
Sun May 18 21:17:18 CEST 2014: 25: finished (169ms, 500cycles)
Sun May 18 21:17:18 CEST 2014: 25: No solution found.
Sun May 18 21:17:18 CEST 2014: 26: finished (180ms, 500cycles)
Sun May 18 21:17:18 CEST 2014: 26: No solution found.
Sun May 18 21:17:18 CEST 2014: 27: finished (10ms, 22cycles)
Sun May 18 21:17:18 CEST 2014: 27: Solution found.
Sun May 18 21:17:18 CEST 2014: 28: finished (5ms, 15cycles)
Sun May 18 21:17:18 CEST 2014: 28: Solution found.
Sun May 18 21:17:18 CEST 2014: 29: finished (23ms, 65cycles)
Sun May 18 21:17:18 CEST 2014: 29: Solution found.
Sun May 18 21:17:18 CEST 2014: 30: finished (9ms, 25cycles)
Sun May 18 21:17:18 CEST 2014: 30: Solution found.
Sun May 18 21:17:18 CEST 2014: 31: finished (11ms, 27cycles)
Sun May 18 21:17:18 CEST 2014: 31: Solution found.
Sun May 18 21:17:18 CEST 2014: 32: finished (160ms, 500cycles)
Sun May 18 21:17:18 CEST 2014: 32: No solution found.
Sun May 18 21:17:18 CEST 2014: 33: finished (12ms, 33cycles)
Sun May 18 21:17:18 CEST 2014: 33: Solution found.
Sun May 18 21:17:18 CEST 2014: 34: finished (159ms, 500cycles)
Sun May 18 21:17:18 CEST 2014: 34: No solution found.
Sun May 18 21:17:18 CEST 2014: 35: finished (166ms, 500cycles)
Sun May 18 21:17:18 CEST 2014: 35: No solution found.
Sun May 18 21:17:19 CEST 2014: 36: finished (185ms, 500cycles)
Sun May 18 21:17:19 CEST 2014: 36: No solution found.
Sun May 18 21:17:19 CEST 2014: 37: finished (162ms, 500cycles)
Sun May 18 21:17:19 CEST 2014: 37: No solution found.
Sun May 18 21:17:19 CEST 2014: 38: finished (53ms, 140cycles)
Sun May 18 21:17:19 CEST 2014: 38: Solution found.
Sun May 18 21:17:19 CEST 2014: 39: finished (166ms, 500cycles)
Sun May 18 21:17:19 CEST 2014: 39: No solution found.
Sun May 18 21:17:19 CEST 2014: 40: finished (165ms, 500cycles)
Sun May 18 21:17:19 CEST 2014: 40: No solution found.
Sun May 18 21:17:19 CEST 2014: 41: finished (175ms, 500cycles)
Sun May 18 21:17:19 CEST 2014: 41: No solution found.
Sun May 18 21:17:19 CEST 2014: 42: finished (7ms, 16cycles)
Sun May 18 21:17:19 CEST 2014: 42: Solution found.
Sun May 18 21:17:19 CEST 2014: 43: finished (9ms, 27cycles)
Sun May 18 21:17:19 CEST 2014: 43: Solution found.
Sun May 18 21:17:19 CEST 2014: 44: finished (9ms, 22cycles)
Sun May 18 21:17:19 CEST 2014: 44: Solution found.
Sun May 18 21:17:20 CEST 2014: 45: finished (177ms, 500cycles)
Sun May 18 21:17:20 CEST 2014: 45: No solution found.
Sun May 18 21:17:20 CEST 2014: 46: finished (162ms, 500cycles)
Sun May 18 21:17:20 CEST 2014: 46: No solution found.
Sun May 18 21:17:20 CEST 2014: 47: finished (77ms, 217cycles)
Sun May 18 21:17:20 CEST 2014: 47: Solution found.
Sun May 18 21:17:20 CEST 2014: 48: finished (184ms, 500cycles)
Sun May 18 21:17:20 CEST 2014: 48: No solution found.
Sun May 18 21:17:20 CEST 2014: 49: finished (7ms, 17cycles)
Sun May 18 21:17:20 CEST 2014: 49: Solution found.
Sun May 18 21:17:20 CEST 2014: 50: finished (156ms, 500cycles)
Sun May 18 21:17:20 CEST 2014: 50: No solution found.
Sun May 18 21:17:20 CEST 2014: 51: finished (164ms, 500cycles)
Sun May 18 21:17:20 CEST 2014: 51: No solution found.
Sun May 18 21:17:20 CEST 2014: 52: finished (164ms, 500cycles)
Sun May 18 21:17:20 CEST 2014: 52: No solution found.
Sun May 18 21:17:21 CEST 2014: 53: finished (161ms, 500cycles)
Sun May 18 21:17:21 CEST 2014: 53: No solution found.
Sun May 18 21:17:21 CEST 2014: 54: finished (24ms, 65cycles)
Sun May 18 21:17:21 CEST 2014: 54: Solution found.
Sun May 18 21:17:21 CEST 2014: 55: finished (15ms, 42cycles)
Sun May 18 21:17:21 CEST 2014: 55: Solution found.
Sun May 18 21:17:21 CEST 2014: 56: finished (180ms, 500cycles)
Sun May 18 21:17:21 CEST 2014: 56: No solution found.
Sun May 18 21:17:21 CEST 2014: 57: finished (6ms, 15cycles)
Sun May 18 21:17:21 CEST 2014: 57: Solution found.
Sun May 18 21:17:21 CEST 2014: 58: finished (170ms, 500cycles)
Sun May 18 21:17:21 CEST 2014: 58: No solution found.
Sun May 18 21:17:21 CEST 2014: 59: finished (406ms, 500cycles)
Sun May 18 21:17:21 CEST 2014: 59: No solution found.
Sun May 18 21:17:21 CEST 2014: 60: finished (22ms, 21cycles)
Sun May 18 21:17:21 CEST 2014: 60: Solution found.
Sun May 18 21:17:22 CEST 2014: 61: finished (522ms, 500cycles)
Sun May 18 21:17:22 CEST 2014: 61: No solution found.
Sun May 18 21:17:22 CEST 2014: 62: finished (12ms, 11cycles)
Sun May 18 21:17:22 CEST 2014: 62: Solution found.
Sun May 18 21:17:22 CEST 2014: 63: finished (40ms, 39cycles)
Sun May 18 21:17:22 CEST 2014: 63: Solution found.
Sun May 18 21:17:22 CEST 2014: 64: finished (65ms, 67cycles)
Sun May 18 21:17:22 CEST 2014: 64: Solution found.
Sun May 18 21:17:22 CEST 2014: 65: finished (8ms, 7cycles)
Sun May 18 21:17:22 CEST 2014: 65: Solution found.
Sun May 18 21:17:22 CEST 2014: 66: finished (21ms, 20cycles)
Sun May 18 21:17:22 CEST 2014: 66: Solution found.
Sun May 18 21:17:22 CEST 2014: 67: finished (17ms, 16cycles)
Sun May 18 21:17:22 CEST 2014: 67: Solution found.
Sun May 18 21:17:22 CEST 2014: 68: finished (14ms, 13cycles)
Sun May 18 21:17:22 CEST 2014: 68: Solution found.
Sun May 18 21:17:22 CEST 2014: 69: finished (28ms, 27cycles)
Sun May 18 21:17:22 CEST 2014: 69: Solution found.
Sun May 18 21:17:23 CEST 2014: 70: finished (427ms, 500cycles)
Sun May 18 21:17:23 CEST 2014: 70: No solution found.
Sun May 18 21:17:23 CEST 2014: 71: finished (472ms, 500cycles)
Sun May 18 21:17:23 CEST 2014: 71: No solution found.
Sun May 18 21:17:24 CEST 2014: 72: finished (457ms, 500cycles)
Sun May 18 21:17:24 CEST 2014: 72: No solution found.
Sun May 18 21:17:24 CEST 2014: 73: finished (6ms, 5cycles)
Sun May 18 21:17:24 CEST 2014: 73: Solution found.
Sun May 18 21:17:24 CEST 2014: 74: finished (449ms, 500cycles)
Sun May 18 21:17:24 CEST 2014: 74: No solution found.
Sun May 18 21:17:24 CEST 2014: 75: finished (444ms, 500cycles)
Sun May 18 21:17:24 CEST 2014: 75: No solution found.
Sun May 18 21:17:24 CEST 2014: 76: finished (22ms, 20cycles)
Sun May 18 21:17:24 CEST 2014: 76: Solution found.
Sun May 18 21:17:24 CEST 2014: 77: finished (5ms, 4cycles)
Sun May 18 21:17:24 CEST 2014: 77: Solution found.
Sun May 18 21:17:24 CEST 2014: 78: finished (33ms, 33cycles)
Sun May 18 21:17:24 CEST 2014: 78: Solution found.
Sun May 18 21:17:24 CEST 2014: 79: finished (7ms, 6cycles)
Sun May 18 21:17:24 CEST 2014: 79: Solution found.
Sun May 18 21:17:25 CEST 2014: 80: finished (458ms, 500cycles)
Sun May 18 21:17:25 CEST 2014: 80: No solution found.
Sun May 18 21:17:25 CEST 2014: 81: finished (433ms, 500cycles)
Sun May 18 21:17:25 CEST 2014: 81: No solution found.
Sun May 18 21:17:26 CEST 2014: 82: finished (337ms, 500cycles)
Sun May 18 21:17:26 CEST 2014: 82: No solution found.
Sun May 18 21:17:26 CEST 2014: 83: finished (11ms, 28cycles)
Sun May 18 21:17:26 CEST 2014: 83: Solution found.
Sun May 18 21:17:26 CEST 2014: 84: finished (156ms, 500cycles)
Sun May 18 21:17:26 CEST 2014: 84: No solution found.
Sun May 18 21:17:26 CEST 2014: 85: finished (178ms, 500cycles)
Sun May 18 21:17:26 CEST 2014: 85: No solution found.
Sun May 18 21:17:26 CEST 2014: 86: finished (132ms, 344cycles)
Sun May 18 21:17:26 CEST 2014: 86: Solution found.
Sun May 18 21:17:26 CEST 2014: 87: finished (163ms, 500cycles)
Sun May 18 21:17:26 CEST 2014: 87: No solution found.
Sun May 18 21:17:26 CEST 2014: 88: finished (15ms, 44cycles)
Sun May 18 21:17:26 CEST 2014: 88: Solution found.
Sun May 18 21:17:26 CEST 2014: 89: finished (11ms, 29cycles)
Sun May 18 21:17:26 CEST 2014: 89: Solution found.
Sun May 18 21:17:26 CEST 2014: 90: finished (7ms, 16cycles)
Sun May 18 21:17:26 CEST 2014: 90: Solution found.
Sun May 18 21:17:26 CEST 2014: 91: finished (7ms, 17cycles)
Sun May 18 21:17:26 CEST 2014: 91: Solution found.
Sun May 18 21:17:26 CEST 2014: 92: finished (11ms, 31cycles)
Sun May 18 21:17:26 CEST 2014: 92: Solution found.
Sun May 18 21:17:26 CEST 2014: 93: finished (10ms, 24cycles)
Sun May 18 21:17:26 CEST 2014: 93: Solution found.
Sun May 18 21:17:26 CEST 2014: 94: finished (25ms, 66cycles)
Sun May 18 21:17:26 CEST 2014: 94: Solution found.
Sun May 18 21:17:26 CEST 2014: 95: finished (6ms, 15cycles)
Sun May 18 21:17:26 CEST 2014: 95: Solution found.
Sun May 18 21:17:27 CEST 2014: 96: finished (159ms, 500cycles)
Sun May 18 21:17:27 CEST 2014: 96: No solution found.
Sun May 18 21:17:27 CEST 2014: 97: finished (155ms, 500cycles)
Sun May 18 21:17:27 CEST 2014: 97: No solution found.
Sun May 18 21:17:27 CEST 2014: 98: finished (8ms, 21cycles)
Sun May 18 21:17:27 CEST 2014: 98: Solution found.
Sun May 18 21:17:27 CEST 2014: 99: finished (9ms, 24cycles)
Sun May 18 21:17:27 CEST 2014: 99: Solution found.
Sun May 18 21:17:27 CEST 2014: Solution Found: 54
Sun May 18 21:17:27 CEST 2014: Avg cycles: 48
Sun May 18 21:17:27 CEST 2014: Max cycles: 423
Sun May 18 21:17:27 CEST 2014: Min cycles: 4
Sun May 18 21:17:27 CEST 2014: No solution found: 46
Sun May 18 21:17:27 CEST 2014: logging finished. (runtime: 11879ms)
