Sun May 18 03:03:07 CEST 2014: Problem Count: 30
Sun May 18 03:03:07 CEST 2014: CandidatesCount: 10
Sun May 18 03:03:07 CEST 2014: Max Cycles: 500
Sun May 18 03:03:07 CEST 2014: 0: finished (62ms, 500cycles)
Sun May 18 03:03:07 CEST 2014: 0: No solution found.
Sun May 18 03:03:07 CEST 2014: 1: finished (32ms, 500cycles)
Sun May 18 03:03:07 CEST 2014: 1: No solution found.
Sun May 18 03:03:07 CEST 2014: 2: finished (3ms, 34cycles)
Sun May 18 03:03:07 CEST 2014: 2: Solution found.
Sun May 18 03:03:07 CEST 2014: 3: finished (4ms, 72cycles)
Sun May 18 03:03:07 CEST 2014: 3: Solution found.
Sun May 18 03:03:07 CEST 2014: 4: finished (28ms, 500cycles)
Sun May 18 03:03:07 CEST 2014: 4: No solution found.
Sun May 18 03:03:07 CEST 2014: 5: finished (4ms, 52cycles)
Sun May 18 03:03:07 CEST 2014: 5: Solution found.
Sun May 18 03:03:07 CEST 2014: 6: finished (30ms, 500cycles)
Sun May 18 03:03:07 CEST 2014: 6: No solution found.
Sun May 18 03:03:07 CEST 2014: 7: finished (36ms, 500cycles)
Sun May 18 03:03:07 CEST 2014: 7: No solution found.
Sun May 18 03:03:07 CEST 2014: 8: finished (27ms, 500cycles)
Sun May 18 03:03:07 CEST 2014: 8: No solution found.
Sun May 18 03:03:07 CEST 2014: 9: finished (33ms, 500cycles)
Sun May 18 03:03:07 CEST 2014: 9: No solution found.
Sun May 18 03:03:07 CEST 2014: 10: finished (26ms, 500cycles)
Sun May 18 03:03:07 CEST 2014: 10: No solution found.
Sun May 18 03:03:07 CEST 2014: 11: finished (28ms, 500cycles)
Sun May 18 03:03:07 CEST 2014: 11: No solution found.
Sun May 18 03:03:07 CEST 2014: 12: finished (29ms, 500cycles)
Sun May 18 03:03:07 CEST 2014: 12: No solution found.
Sun May 18 03:03:07 CEST 2014: 13: finished (27ms, 500cycles)
Sun May 18 03:03:07 CEST 2014: 13: No solution found.
Sun May 18 03:03:08 CEST 2014: 14: finished (32ms, 500cycles)
Sun May 18 03:03:08 CEST 2014: 14: No solution found.
Sun May 18 03:03:08 CEST 2014: 15: finished (42ms, 500cycles)
Sun May 18 03:03:08 CEST 2014: 15: No solution found.
Sun May 18 03:03:08 CEST 2014: 16: finished (28ms, 500cycles)
Sun May 18 03:03:08 CEST 2014: 16: No solution found.
Sun May 18 03:03:08 CEST 2014: 17: finished (29ms, 500cycles)
Sun May 18 03:03:08 CEST 2014: 17: No solution found.
Sun May 18 03:03:08 CEST 2014: 18: finished (3ms, 34cycles)
Sun May 18 03:03:08 CEST 2014: 18: Solution found.
Sun May 18 03:03:08 CEST 2014: 19: finished (28ms, 500cycles)
Sun May 18 03:03:08 CEST 2014: 19: No solution found.
Sun May 18 03:03:08 CEST 2014: 20: finished (5ms, 62cycles)
Sun May 18 03:03:08 CEST 2014: 20: Solution found.
Sun May 18 03:03:08 CEST 2014: 21: finished (30ms, 500cycles)
Sun May 18 03:03:08 CEST 2014: 21: No solution found.
Sun May 18 03:03:08 CEST 2014: 22: finished (28ms, 500cycles)
Sun May 18 03:03:08 CEST 2014: 22: No solution found.
Sun May 18 03:03:08 CEST 2014: 23: finished (8ms, 111cycles)
Sun May 18 03:03:08 CEST 2014: 23: Solution found.
Sun May 18 03:03:08 CEST 2014: 24: finished (33ms, 500cycles)
Sun May 18 03:03:08 CEST 2014: 24: No solution found.
Sun May 18 03:03:08 CEST 2014: 25: finished (34ms, 500cycles)
Sun May 18 03:03:08 CEST 2014: 25: No solution found.
Sun May 18 03:03:08 CEST 2014: 26: finished (27ms, 500cycles)
Sun May 18 03:03:08 CEST 2014: 26: No solution found.
Sun May 18 03:03:08 CEST 2014: 27: finished (29ms, 500cycles)
Sun May 18 03:03:08 CEST 2014: 27: No solution found.
Sun May 18 03:03:08 CEST 2014: 28: finished (3ms, 39cycles)
Sun May 18 03:03:08 CEST 2014: 28: Solution found.
Sun May 18 03:03:08 CEST 2014: 29: finished (30ms, 500cycles)
Sun May 18 03:03:08 CEST 2014: 29: No solution found.
Sun May 18 03:03:08 CEST 2014: 30: finished (27ms, 500cycles)
Sun May 18 03:03:08 CEST 2014: 30: No solution found.
Sun May 18 03:03:08 CEST 2014: 31: finished (26ms, 500cycles)
Sun May 18 03:03:08 CEST 2014: 31: No solution found.
Sun May 18 03:03:08 CEST 2014: 32: finished (37ms, 500cycles)
Sun May 18 03:03:08 CEST 2014: 32: No solution found.
Sun May 18 03:03:08 CEST 2014: 33: finished (26ms, 500cycles)
Sun May 18 03:03:08 CEST 2014: 33: No solution found.
Sun May 18 03:03:08 CEST 2014: 34: finished (4ms, 57cycles)
Sun May 18 03:03:08 CEST 2014: 34: Solution found.
Sun May 18 03:03:08 CEST 2014: 35: finished (11ms, 87cycles)
Sun May 18 03:03:08 CEST 2014: 35: Solution found.
Sun May 18 03:03:08 CEST 2014: 36: finished (27ms, 500cycles)
Sun May 18 03:03:08 CEST 2014: 36: No solution found.
Sun May 18 03:03:08 CEST 2014: 37: finished (2ms, 26cycles)
Sun May 18 03:03:08 CEST 2014: 37: Solution found.
Sun May 18 03:03:08 CEST 2014: 38: finished (3ms, 36cycles)
Sun May 18 03:03:08 CEST 2014: 38: Solution found.
Sun May 18 03:03:08 CEST 2014: 39: finished (31ms, 500cycles)
Sun May 18 03:03:08 CEST 2014: 39: No solution found.
Sun May 18 03:03:08 CEST 2014: 40: finished (2ms, 29cycles)
Sun May 18 03:03:08 CEST 2014: 40: Solution found.
Sun May 18 03:03:08 CEST 2014: 41: finished (29ms, 500cycles)
Sun May 18 03:03:08 CEST 2014: 41: No solution found.
Sun May 18 03:03:08 CEST 2014: 42: finished (28ms, 500cycles)
Sun May 18 03:03:08 CEST 2014: 42: No solution found.
Sun May 18 03:03:08 CEST 2014: 43: finished (30ms, 500cycles)
Sun May 18 03:03:08 CEST 2014: 43: No solution found.
Sun May 18 03:03:08 CEST 2014: 44: finished (37ms, 500cycles)
Sun May 18 03:03:08 CEST 2014: 44: No solution found.
Sun May 18 03:03:08 CEST 2014: 45: finished (30ms, 500cycles)
Sun May 18 03:03:08 CEST 2014: 45: No solution found.
Sun May 18 03:03:08 CEST 2014: 46: finished (30ms, 500cycles)
Sun May 18 03:03:08 CEST 2014: 46: No solution found.
Sun May 18 03:03:08 CEST 2014: 47: finished (0ms, 7cycles)
Sun May 18 03:03:08 CEST 2014: 47: Solution found.
Sun May 18 03:03:08 CEST 2014: 48: finished (1ms, 16cycles)
Sun May 18 03:03:08 CEST 2014: 48: Solution found.
Sun May 18 03:03:08 CEST 2014: 49: finished (31ms, 500cycles)
Sun May 18 03:03:08 CEST 2014: 49: No solution found.
Sun May 18 03:03:08 CEST 2014: 50: finished (3ms, 41cycles)
Sun May 18 03:03:08 CEST 2014: 50: Solution found.
Sun May 18 03:03:08 CEST 2014: 51: finished (28ms, 500cycles)
Sun May 18 03:03:08 CEST 2014: 51: No solution found.
Sun May 18 03:03:08 CEST 2014: 52: finished (1ms, 9cycles)
Sun May 18 03:03:08 CEST 2014: 52: Solution found.
Sun May 18 03:03:08 CEST 2014: 53: finished (30ms, 500cycles)
Sun May 18 03:03:08 CEST 2014: 53: No solution found.
Sun May 18 03:03:08 CEST 2014: 54: finished (27ms, 500cycles)
Sun May 18 03:03:08 CEST 2014: 54: No solution found.
Sun May 18 03:03:08 CEST 2014: 55: finished (33ms, 500cycles)
Sun May 18 03:03:08 CEST 2014: 55: No solution found.
Sun May 18 03:03:08 CEST 2014: 56: finished (26ms, 500cycles)
Sun May 18 03:03:08 CEST 2014: 56: No solution found.
Sun May 18 03:03:08 CEST 2014: 57: finished (32ms, 500cycles)
Sun May 18 03:03:08 CEST 2014: 57: No solution found.
Sun May 18 03:03:08 CEST 2014: 58: finished (27ms, 500cycles)
Sun May 18 03:03:08 CEST 2014: 58: No solution found.
Sun May 18 03:03:09 CEST 2014: 59: finished (36ms, 500cycles)
Sun May 18 03:03:09 CEST 2014: 59: No solution found.
Sun May 18 03:03:09 CEST 2014: 60: finished (32ms, 500cycles)
Sun May 18 03:03:09 CEST 2014: 60: No solution found.
Sun May 18 03:03:09 CEST 2014: 61: finished (28ms, 500cycles)
Sun May 18 03:03:09 CEST 2014: 61: No solution found.
Sun May 18 03:03:09 CEST 2014: 62: finished (33ms, 500cycles)
Sun May 18 03:03:09 CEST 2014: 62: No solution found.
Sun May 18 03:03:09 CEST 2014: 63: finished (28ms, 500cycles)
Sun May 18 03:03:09 CEST 2014: 63: No solution found.
Sun May 18 03:03:09 CEST 2014: 64: finished (30ms, 500cycles)
Sun May 18 03:03:09 CEST 2014: 64: No solution found.
Sun May 18 03:03:09 CEST 2014: 65: finished (27ms, 500cycles)
Sun May 18 03:03:09 CEST 2014: 65: No solution found.
Sun May 18 03:03:09 CEST 2014: 66: finished (32ms, 500cycles)
Sun May 18 03:03:09 CEST 2014: 66: No solution found.
Sun May 18 03:03:09 CEST 2014: 67: finished (1ms, 12cycles)
Sun May 18 03:03:09 CEST 2014: 67: Solution found.
Sun May 18 03:03:09 CEST 2014: 68: finished (28ms, 500cycles)
Sun May 18 03:03:09 CEST 2014: 68: No solution found.
Sun May 18 03:03:09 CEST 2014: 69: finished (10ms, 145cycles)
Sun May 18 03:03:09 CEST 2014: 69: Solution found.
Sun May 18 03:03:09 CEST 2014: 70: finished (34ms, 500cycles)
Sun May 18 03:03:09 CEST 2014: 70: No solution found.
Sun May 18 03:03:09 CEST 2014: 71: finished (35ms, 500cycles)
Sun May 18 03:03:09 CEST 2014: 71: No solution found.
Sun May 18 03:03:09 CEST 2014: 72: finished (7ms, 55cycles)
Sun May 18 03:03:09 CEST 2014: 72: Solution found.
Sun May 18 03:03:09 CEST 2014: 73: finished (28ms, 500cycles)
Sun May 18 03:03:09 CEST 2014: 73: No solution found.
Sun May 18 03:03:09 CEST 2014: 74: finished (27ms, 500cycles)
Sun May 18 03:03:09 CEST 2014: 74: No solution found.
Sun May 18 03:03:09 CEST 2014: 75: finished (33ms, 500cycles)
Sun May 18 03:03:09 CEST 2014: 75: No solution found.
Sun May 18 03:03:09 CEST 2014: 76: finished (28ms, 500cycles)
Sun May 18 03:03:09 CEST 2014: 76: No solution found.
Sun May 18 03:03:09 CEST 2014: 77: finished (30ms, 500cycles)
Sun May 18 03:03:09 CEST 2014: 77: No solution found.
Sun May 18 03:03:09 CEST 2014: 78: finished (36ms, 500cycles)
Sun May 18 03:03:09 CEST 2014: 78: No solution found.
Sun May 18 03:03:09 CEST 2014: 79: finished (24ms, 500cycles)
Sun May 18 03:03:09 CEST 2014: 79: No solution found.
Sun May 18 03:03:09 CEST 2014: 80: finished (31ms, 500cycles)
Sun May 18 03:03:09 CEST 2014: 80: No solution found.
Sun May 18 03:03:09 CEST 2014: 81: finished (32ms, 500cycles)
Sun May 18 03:03:09 CEST 2014: 81: No solution found.
Sun May 18 03:03:09 CEST 2014: 82: finished (28ms, 500cycles)
Sun May 18 03:03:09 CEST 2014: 82: No solution found.
Sun May 18 03:03:09 CEST 2014: 83: finished (32ms, 500cycles)
Sun May 18 03:03:09 CEST 2014: 83: No solution found.
Sun May 18 03:03:09 CEST 2014: 84: finished (38ms, 342cycles)
Sun May 18 03:03:09 CEST 2014: 84: Solution found.
Sun May 18 03:03:09 CEST 2014: 85: finished (31ms, 500cycles)
Sun May 18 03:03:09 CEST 2014: 85: No solution found.
Sun May 18 03:03:09 CEST 2014: 86: finished (28ms, 500cycles)
Sun May 18 03:03:09 CEST 2014: 86: No solution found.
Sun May 18 03:03:09 CEST 2014: 87: finished (28ms, 500cycles)
Sun May 18 03:03:09 CEST 2014: 87: No solution found.
Sun May 18 03:03:09 CEST 2014: 88: finished (31ms, 500cycles)
Sun May 18 03:03:09 CEST 2014: 88: No solution found.
Sun May 18 03:03:09 CEST 2014: 89: finished (9ms, 112cycles)
Sun May 18 03:03:09 CEST 2014: 89: Solution found.
Sun May 18 03:03:09 CEST 2014: 90: finished (30ms, 500cycles)
Sun May 18 03:03:09 CEST 2014: 90: No solution found.
Sun May 18 03:03:09 CEST 2014: 91: finished (6ms, 101cycles)
Sun May 18 03:03:09 CEST 2014: 91: Solution found.
Sun May 18 03:03:09 CEST 2014: 92: finished (27ms, 500cycles)
Sun May 18 03:03:09 CEST 2014: 92: No solution found.
Sun May 18 03:03:09 CEST 2014: 93: finished (29ms, 500cycles)
Sun May 18 03:03:09 CEST 2014: 93: No solution found.
Sun May 18 03:03:09 CEST 2014: 94: finished (1ms, 11cycles)
Sun May 18 03:03:09 CEST 2014: 94: Solution found.
Sun May 18 03:03:09 CEST 2014: 95: finished (30ms, 500cycles)
Sun May 18 03:03:09 CEST 2014: 95: No solution found.
Sun May 18 03:03:10 CEST 2014: 96: finished (28ms, 500cycles)
Sun May 18 03:03:10 CEST 2014: 96: No solution found.
Sun May 18 03:03:10 CEST 2014: 97: finished (30ms, 500cycles)
Sun May 18 03:03:10 CEST 2014: 97: No solution found.
Sun May 18 03:03:10 CEST 2014: 98: finished (29ms, 500cycles)
Sun May 18 03:03:10 CEST 2014: 98: No solution found.
Sun May 18 03:03:10 CEST 2014: 99: finished (33ms, 500cycles)
Sun May 18 03:03:10 CEST 2014: 99: No solution found.
Sun May 18 03:03:10 CEST 2014: Solution Found: 23
Sun May 18 03:03:10 CEST 2014: Avg cycles: 64
Sun May 18 03:03:10 CEST 2014: Max cycles: 342
Sun May 18 03:03:10 CEST 2014: Min cycles: 7
Sun May 18 03:03:10 CEST 2014: No solution found: 77
Sun May 18 03:03:10 CEST 2014: logging finished. (runtime: 2490ms)
