Sun May 18 20:09:00 CEST 2014: Problem Count: 10
Sun May 18 20:09:00 CEST 2014: CandidatesCount: 30
Sun May 18 20:09:00 CEST 2014: Max Cycles: 500
Sun May 18 20:09:00 CEST 2014: 0: finished (83ms, 500cycles)
Sun May 18 20:09:00 CEST 2014: 0: No solution found.
Sun May 18 20:09:00 CEST 2014: 1: finished (31ms, 500cycles)
Sun May 18 20:09:00 CEST 2014: 1: No solution found.
Sun May 18 20:09:01 CEST 2014: 2: finished (127ms, 500cycles)
Sun May 18 20:09:01 CEST 2014: 2: No solution found.
Sun May 18 20:09:01 CEST 2014: 3: finished (147ms, 500cycles)
Sun May 18 20:09:01 CEST 2014: 3: No solution found.
Sun May 18 20:09:01 CEST 2014: 4: finished (3ms, 25cycles)
Sun May 18 20:09:01 CEST 2014: 4: Solution found.
Sun May 18 20:09:01 CEST 2014: 5: finished (281ms, 500cycles)
Sun May 18 20:09:01 CEST 2014: 5: No solution found.
Sun May 18 20:09:01 CEST 2014: 6: finished (32ms, 500cycles)
Sun May 18 20:09:01 CEST 2014: 6: No solution found.
Sun May 18 20:09:01 CEST 2014: 7: finished (209ms, 500cycles)
Sun May 18 20:09:01 CEST 2014: 7: No solution found.
Sun May 18 20:09:01 CEST 2014: 8: finished (129ms, 500cycles)
Sun May 18 20:09:01 CEST 2014: 8: No solution found.
Sun May 18 20:09:01 CEST 2014: 9: finished (103ms, 228cycles)
Sun May 18 20:09:01 CEST 2014: 9: Solution found.
Sun May 18 20:09:02 CEST 2014: 10: finished (131ms, 500cycles)
Sun May 18 20:09:02 CEST 2014: 10: No solution found.
Sun May 18 20:09:02 CEST 2014: 11: finished (31ms, 500cycles)
Sun May 18 20:09:02 CEST 2014: 11: No solution found.
Sun May 18 20:09:02 CEST 2014: 12: finished (10ms, 74cycles)
Sun May 18 20:09:02 CEST 2014: 12: Solution found.
Sun May 18 20:09:02 CEST 2014: 13: finished (25ms, 500cycles)
Sun May 18 20:09:02 CEST 2014: 13: No solution found.
Sun May 18 20:09:02 CEST 2014: 14: finished (206ms, 500cycles)
Sun May 18 20:09:02 CEST 2014: 14: No solution found.
Sun May 18 20:09:02 CEST 2014: 15: finished (116ms, 500cycles)
Sun May 18 20:09:02 CEST 2014: 15: No solution found.
Sun May 18 20:09:02 CEST 2014: 16: finished (218ms, 433cycles)
Sun May 18 20:09:02 CEST 2014: 16: Solution found.
Sun May 18 20:09:02 CEST 2014: 17: finished (216ms, 500cycles)
Sun May 18 20:09:02 CEST 2014: 17: No solution found.
Sun May 18 20:09:02 CEST 2014: 18: finished (29ms, 500cycles)
Sun May 18 20:09:02 CEST 2014: 18: No solution found.
Sun May 18 20:09:03 CEST 2014: 19: finished (193ms, 500cycles)
Sun May 18 20:09:03 CEST 2014: 19: No solution found.
Sun May 18 20:09:03 CEST 2014: 20: finished (172ms, 500cycles)
Sun May 18 20:09:03 CEST 2014: 20: No solution found.
Sun May 18 20:09:03 CEST 2014: 21: finished (160ms, 500cycles)
Sun May 18 20:09:03 CEST 2014: 21: No solution found.
Sun May 18 20:09:03 CEST 2014: 22: finished (33ms, 500cycles)
Sun May 18 20:09:03 CEST 2014: 22: No solution found.
Sun May 18 20:09:03 CEST 2014: 23: finished (6ms, 21cycles)
Sun May 18 20:09:03 CEST 2014: 23: Solution found.
Sun May 18 20:09:03 CEST 2014: 24: finished (195ms, 500cycles)
Sun May 18 20:09:03 CEST 2014: 24: No solution found.
Sun May 18 20:09:03 CEST 2014: 25: finished (144ms, 500cycles)
Sun May 18 20:09:03 CEST 2014: 25: No solution found.
Sun May 18 20:09:03 CEST 2014: 26: finished (2ms, 13cycles)
Sun May 18 20:09:03 CEST 2014: 26: Solution found.
Sun May 18 20:09:03 CEST 2014: 27: finished (26ms, 50cycles)
Sun May 18 20:09:03 CEST 2014: 27: Solution found.
Sun May 18 20:09:04 CEST 2014: 28: finished (263ms, 500cycles)
Sun May 18 20:09:04 CEST 2014: 28: No solution found.
Sun May 18 20:09:04 CEST 2014: 29: finished (3ms, 21cycles)
Sun May 18 20:09:04 CEST 2014: 29: Solution found.
Sun May 18 20:09:04 CEST 2014: 30: finished (1ms, 20cycles)
Sun May 18 20:09:04 CEST 2014: 30: Solution found.
Sun May 18 20:09:04 CEST 2014: 31: finished (42ms, 463cycles)
Sun May 18 20:09:04 CEST 2014: 31: Solution found.
Sun May 18 20:09:04 CEST 2014: 32: finished (210ms, 500cycles)
Sun May 18 20:09:04 CEST 2014: 32: No solution found.
Sun May 18 20:09:04 CEST 2014: 33: finished (28ms, 500cycles)
Sun May 18 20:09:04 CEST 2014: 33: No solution found.
Sun May 18 20:09:04 CEST 2014: 34: finished (141ms, 318cycles)
Sun May 18 20:09:04 CEST 2014: 34: Solution found.
Sun May 18 20:09:04 CEST 2014: 35: finished (245ms, 500cycles)
Sun May 18 20:09:04 CEST 2014: 35: No solution found.
Sun May 18 20:09:05 CEST 2014: 36: finished (204ms, 500cycles)
Sun May 18 20:09:05 CEST 2014: 36: No solution found.
Sun May 18 20:09:05 CEST 2014: 37: finished (171ms, 500cycles)
Sun May 18 20:09:05 CEST 2014: 37: No solution found.
Sun May 18 20:09:05 CEST 2014: 38: finished (187ms, 500cycles)
Sun May 18 20:09:05 CEST 2014: 38: No solution found.
Sun May 18 20:09:05 CEST 2014: 39: finished (2ms, 20cycles)
Sun May 18 20:09:05 CEST 2014: 39: Solution found.
Sun May 18 20:09:05 CEST 2014: 40: finished (25ms, 500cycles)
Sun May 18 20:09:05 CEST 2014: 40: No solution found.
Sun May 18 20:09:05 CEST 2014: 41: finished (170ms, 500cycles)
Sun May 18 20:09:05 CEST 2014: 41: No solution found.
Sun May 18 20:09:05 CEST 2014: 42: finished (228ms, 500cycles)
Sun May 18 20:09:05 CEST 2014: 42: No solution found.
Sun May 18 20:09:05 CEST 2014: 43: finished (34ms, 500cycles)
Sun May 18 20:09:05 CEST 2014: 43: No solution found.
Sun May 18 20:09:05 CEST 2014: 44: finished (27ms, 500cycles)
Sun May 18 20:09:05 CEST 2014: 44: No solution found.
Sun May 18 20:09:06 CEST 2014: 45: finished (203ms, 500cycles)
Sun May 18 20:09:06 CEST 2014: 45: No solution found.
Sun May 18 20:09:06 CEST 2014: 46: finished (4ms, 25cycles)
Sun May 18 20:09:06 CEST 2014: 46: Solution found.
Sun May 18 20:09:06 CEST 2014: 47: finished (41ms, 66cycles)
Sun May 18 20:09:06 CEST 2014: 47: Solution found.
Sun May 18 20:09:06 CEST 2014: 48: finished (138ms, 500cycles)
Sun May 18 20:09:06 CEST 2014: 48: No solution found.
Sun May 18 20:09:06 CEST 2014: 49: finished (132ms, 500cycles)
Sun May 18 20:09:06 CEST 2014: 49: No solution found.
Sun May 18 20:09:06 CEST 2014: 50: finished (36ms, 500cycles)
Sun May 18 20:09:06 CEST 2014: 50: No solution found.
Sun May 18 20:09:06 CEST 2014: 51: finished (0ms, 2cycles)
Sun May 18 20:09:06 CEST 2014: 51: Solution found.
Sun May 18 20:09:06 CEST 2014: 52: finished (1ms, 15cycles)
Sun May 18 20:09:06 CEST 2014: 52: Solution found.
Sun May 18 20:09:06 CEST 2014: 53: finished (27ms, 500cycles)
Sun May 18 20:09:06 CEST 2014: 53: No solution found.
Sun May 18 20:09:06 CEST 2014: 54: finished (226ms, 500cycles)
Sun May 18 20:09:06 CEST 2014: 54: No solution found.
Sun May 18 20:09:06 CEST 2014: 55: finished (38ms, 500cycles)
Sun May 18 20:09:06 CEST 2014: 55: No solution found.
Sun May 18 20:09:06 CEST 2014: 56: finished (34ms, 500cycles)
Sun May 18 20:09:06 CEST 2014: 56: No solution found.
Sun May 18 20:09:06 CEST 2014: 57: finished (0ms, 2cycles)
Sun May 18 20:09:06 CEST 2014: 57: Solution found.
Sun May 18 20:09:06 CEST 2014: 58: finished (169ms, 500cycles)
Sun May 18 20:09:06 CEST 2014: 58: No solution found.
Sun May 18 20:09:06 CEST 2014: 59: finished (40ms, 500cycles)
Sun May 18 20:09:06 CEST 2014: 59: No solution found.
Sun May 18 20:09:06 CEST 2014: 60: finished (5ms, 20cycles)
Sun May 18 20:09:06 CEST 2014: 60: Solution found.
Sun May 18 20:09:07 CEST 2014: 61: finished (185ms, 500cycles)
Sun May 18 20:09:07 CEST 2014: 61: No solution found.
Sun May 18 20:09:07 CEST 2014: 62: finished (1ms, 6cycles)
Sun May 18 20:09:07 CEST 2014: 62: Solution found.
Sun May 18 20:09:07 CEST 2014: 63: finished (108ms, 284cycles)
Sun May 18 20:09:07 CEST 2014: 63: Solution found.
Sun May 18 20:09:07 CEST 2014: 64: finished (130ms, 500cycles)
Sun May 18 20:09:07 CEST 2014: 64: No solution found.
Sun May 18 20:09:07 CEST 2014: 65: finished (2ms, 25cycles)
Sun May 18 20:09:07 CEST 2014: 65: Solution found.
Sun May 18 20:09:07 CEST 2014: 66: finished (129ms, 500cycles)
Sun May 18 20:09:07 CEST 2014: 66: No solution found.
Sun May 18 20:09:07 CEST 2014: 67: finished (150ms, 500cycles)
Sun May 18 20:09:07 CEST 2014: 67: No solution found.
Sun May 18 20:09:07 CEST 2014: 68: finished (30ms, 500cycles)
Sun May 18 20:09:07 CEST 2014: 68: No solution found.
Sun May 18 20:09:07 CEST 2014: 69: finished (258ms, 500cycles)
Sun May 18 20:09:07 CEST 2014: 69: No solution found.
Sun May 18 20:09:07 CEST 2014: 70: finished (6ms, 48cycles)
Sun May 18 20:09:07 CEST 2014: 70: Solution found.
Sun May 18 20:09:08 CEST 2014: 71: finished (32ms, 500cycles)
Sun May 18 20:09:08 CEST 2014: 71: No solution found.
Sun May 18 20:09:08 CEST 2014: 72: finished (2ms, 14cycles)
Sun May 18 20:09:08 CEST 2014: 72: Solution found.
Sun May 18 20:09:08 CEST 2014: 73: finished (28ms, 500cycles)
Sun May 18 20:09:08 CEST 2014: 73: No solution found.
Sun May 18 20:09:08 CEST 2014: 74: finished (1ms, 12cycles)
Sun May 18 20:09:08 CEST 2014: 74: Solution found.
Sun May 18 20:09:08 CEST 2014: 75: finished (1ms, 10cycles)
Sun May 18 20:09:08 CEST 2014: 75: Solution found.
Sun May 18 20:09:08 CEST 2014: 76: finished (1ms, 9cycles)
Sun May 18 20:09:08 CEST 2014: 76: Solution found.
Sun May 18 20:09:08 CEST 2014: 77: finished (166ms, 500cycles)
Sun May 18 20:09:08 CEST 2014: 77: No solution found.
Sun May 18 20:09:08 CEST 2014: 78: finished (140ms, 500cycles)
Sun May 18 20:09:08 CEST 2014: 78: No solution found.
Sun May 18 20:09:08 CEST 2014: 79: finished (29ms, 500cycles)
Sun May 18 20:09:08 CEST 2014: 79: No solution found.
Sun May 18 20:09:08 CEST 2014: 80: finished (209ms, 500cycles)
Sun May 18 20:09:08 CEST 2014: 80: No solution found.
Sun May 18 20:09:08 CEST 2014: 81: finished (184ms, 364cycles)
Sun May 18 20:09:08 CEST 2014: 81: Solution found.
Sun May 18 20:09:08 CEST 2014: 82: finished (187ms, 500cycles)
Sun May 18 20:09:08 CEST 2014: 82: No solution found.
Sun May 18 20:09:09 CEST 2014: 83: finished (202ms, 500cycles)
Sun May 18 20:09:09 CEST 2014: 83: No solution found.
Sun May 18 20:09:09 CEST 2014: 84: finished (184ms, 500cycles)
Sun May 18 20:09:09 CEST 2014: 84: No solution found.
Sun May 18 20:09:09 CEST 2014: 85: finished (5ms, 41cycles)
Sun May 18 20:09:09 CEST 2014: 85: Solution found.
Sun May 18 20:09:09 CEST 2014: 86: finished (231ms, 369cycles)
Sun May 18 20:09:09 CEST 2014: 86: Solution found.
Sun May 18 20:09:09 CEST 2014: 87: finished (183ms, 500cycles)
Sun May 18 20:09:09 CEST 2014: 87: No solution found.
Sun May 18 20:09:09 CEST 2014: 88: finished (109ms, 500cycles)
Sun May 18 20:09:09 CEST 2014: 88: No solution found.
Sun May 18 20:09:10 CEST 2014: 89: finished (186ms, 500cycles)
Sun May 18 20:09:10 CEST 2014: 89: No solution found.
Sun May 18 20:09:10 CEST 2014: 90: finished (300ms, 500cycles)
Sun May 18 20:09:10 CEST 2014: 90: No solution found.
Sun May 18 20:09:10 CEST 2014: 91: finished (30ms, 500cycles)
Sun May 18 20:09:10 CEST 2014: 91: No solution found.
Sun May 18 20:09:10 CEST 2014: 92: finished (122ms, 500cycles)
Sun May 18 20:09:10 CEST 2014: 92: No solution found.
Sun May 18 20:09:10 CEST 2014: 93: finished (40ms, 500cycles)
Sun May 18 20:09:10 CEST 2014: 93: No solution found.
Sun May 18 20:09:10 CEST 2014: 94: finished (28ms, 500cycles)
Sun May 18 20:09:10 CEST 2014: 94: No solution found.
Sun May 18 20:09:10 CEST 2014: 95: finished (72ms, 500cycles)
Sun May 18 20:09:10 CEST 2014: 95: No solution found.
Sun May 18 20:09:10 CEST 2014: 96: finished (151ms, 500cycles)
Sun May 18 20:09:10 CEST 2014: 96: No solution found.
Sun May 18 20:09:10 CEST 2014: 97: finished (26ms, 75cycles)
Sun May 18 20:09:10 CEST 2014: 97: Solution found.
Sun May 18 20:09:10 CEST 2014: 98: finished (114ms, 500cycles)
Sun May 18 20:09:10 CEST 2014: 98: No solution found.
Sun May 18 20:09:10 CEST 2014: 99: finished (27ms, 500cycles)
Sun May 18 20:09:10 CEST 2014: 99: No solution found.
Sun May 18 20:09:10 CEST 2014: Solution Found: 30
Sun May 18 20:09:10 CEST 2014: Avg cycles: 102
Sun May 18 20:09:10 CEST 2014: Max cycles: 463
Sun May 18 20:09:10 CEST 2014: Min cycles: 2
Sun May 18 20:09:10 CEST 2014: No solution found: 70
Sun May 18 20:09:10 CEST 2014: logging finished. (runtime: 10141ms)
