Tue May 06 14:38:04 CEST 2014: Problem Count: 10
Tue May 06 14:38:04 CEST 2014: CandidatesCount: 40
Tue May 06 14:38:04 CEST 2014: Max Cycles: 500
Tue May 06 14:38:05 CEST 2014: 0: finished (407ms, 500cycles)
Tue May 06 14:38:05 CEST 2014: 0: No solution found.
Tue May 06 14:38:05 CEST 2014: 1: finished (241ms, 500cycles)
Tue May 06 14:38:05 CEST 2014: 1: No solution found.
Tue May 06 14:38:05 CEST 2014: 2: finished (58ms, 96cycles)
Tue May 06 14:38:05 CEST 2014: 2: Solution found.
Tue May 06 14:38:05 CEST 2014: 3: finished (6ms, 49cycles)
Tue May 06 14:38:05 CEST 2014: 3: Solution found.
Tue May 06 14:38:05 CEST 2014: 4: finished (29ms, 71cycles)
Tue May 06 14:38:05 CEST 2014: 4: Solution found.
Tue May 06 14:38:05 CEST 2014: 5: finished (11ms, 53cycles)
Tue May 06 14:38:05 CEST 2014: 5: Solution found.
Tue May 06 14:38:05 CEST 2014: 6: finished (268ms, 500cycles)
Tue May 06 14:38:05 CEST 2014: 6: No solution found.
Tue May 06 14:38:05 CEST 2014: 7: finished (1ms, 5cycles)
Tue May 06 14:38:05 CEST 2014: 7: Solution found.
Tue May 06 14:38:05 CEST 2014: 8: finished (3ms, 28cycles)
Tue May 06 14:38:05 CEST 2014: 8: Solution found.
Tue May 06 14:38:05 CEST 2014: 9: finished (2ms, 9cycles)
Tue May 06 14:38:05 CEST 2014: 9: Solution found.
Tue May 06 14:38:05 CEST 2014: 10: finished (6ms, 33cycles)
Tue May 06 14:38:05 CEST 2014: 10: Solution found.
Tue May 06 14:38:06 CEST 2014: 11: finished (145ms, 500cycles)
Tue May 06 14:38:06 CEST 2014: 11: No solution found.
Tue May 06 14:38:06 CEST 2014: 12: finished (2ms, 14cycles)
Tue May 06 14:38:06 CEST 2014: 12: Solution found.
Tue May 06 14:38:06 CEST 2014: 13: finished (85ms, 500cycles)
Tue May 06 14:38:06 CEST 2014: 13: No solution found.
Tue May 06 14:38:06 CEST 2014: 14: finished (35ms, 500cycles)
Tue May 06 14:38:06 CEST 2014: 14: No solution found.
Tue May 06 14:38:06 CEST 2014: 15: finished (56ms, 111cycles)
Tue May 06 14:38:06 CEST 2014: 15: Solution found.
Tue May 06 14:38:06 CEST 2014: 16: finished (172ms, 500cycles)
Tue May 06 14:38:06 CEST 2014: 16: No solution found.
Tue May 06 14:38:06 CEST 2014: 17: finished (53ms, 500cycles)
Tue May 06 14:38:06 CEST 2014: 17: No solution found.
Tue May 06 14:38:06 CEST 2014: 18: finished (1ms, 8cycles)
Tue May 06 14:38:06 CEST 2014: 18: Solution found.
Tue May 06 14:38:06 CEST 2014: 19: finished (394ms, 500cycles)
Tue May 06 14:38:06 CEST 2014: 19: No solution found.
Tue May 06 14:38:07 CEST 2014: 20: finished (147ms, 500cycles)
Tue May 06 14:38:07 CEST 2014: 20: No solution found.
Tue May 06 14:38:07 CEST 2014: 21: finished (90ms, 157cycles)
Tue May 06 14:38:07 CEST 2014: 21: Solution found.
Tue May 06 14:38:07 CEST 2014: 22: finished (4ms, 24cycles)
Tue May 06 14:38:07 CEST 2014: 22: Solution found.
Tue May 06 14:38:07 CEST 2014: 23: finished (191ms, 500cycles)
Tue May 06 14:38:07 CEST 2014: 23: No solution found.
Tue May 06 14:38:07 CEST 2014: 24: finished (240ms, 500cycles)
Tue May 06 14:38:07 CEST 2014: 24: No solution found.
Tue May 06 14:38:07 CEST 2014: 25: finished (38ms, 500cycles)
Tue May 06 14:38:07 CEST 2014: 25: No solution found.
Tue May 06 14:38:07 CEST 2014: 26: finished (2ms, 8cycles)
Tue May 06 14:38:07 CEST 2014: 26: Solution found.
Tue May 06 14:38:07 CEST 2014: 27: finished (177ms, 500cycles)
Tue May 06 14:38:07 CEST 2014: 27: No solution found.
Tue May 06 14:38:07 CEST 2014: 28: finished (164ms, 500cycles)
Tue May 06 14:38:07 CEST 2014: 28: No solution found.
Tue May 06 14:38:08 CEST 2014: 29: finished (256ms, 500cycles)
Tue May 06 14:38:08 CEST 2014: 29: No solution found.
Tue May 06 14:38:08 CEST 2014: 30: finished (155ms, 500cycles)
Tue May 06 14:38:08 CEST 2014: 30: No solution found.
Tue May 06 14:38:08 CEST 2014: 31: finished (36ms, 500cycles)
Tue May 06 14:38:08 CEST 2014: 31: No solution found.
Tue May 06 14:38:08 CEST 2014: 32: finished (1ms, 8cycles)
Tue May 06 14:38:08 CEST 2014: 32: Solution found.
Tue May 06 14:38:08 CEST 2014: 33: finished (333ms, 500cycles)
Tue May 06 14:38:08 CEST 2014: 33: No solution found.
Tue May 06 14:38:08 CEST 2014: 34: finished (27ms, 70cycles)
Tue May 06 14:38:08 CEST 2014: 34: Solution found.
Tue May 06 14:38:08 CEST 2014: 35: finished (196ms, 500cycles)
Tue May 06 14:38:08 CEST 2014: 35: No solution found.
Tue May 06 14:38:08 CEST 2014: 36: finished (5ms, 17cycles)
Tue May 06 14:38:08 CEST 2014: 36: Solution found.
Tue May 06 14:38:09 CEST 2014: 37: finished (273ms, 500cycles)
Tue May 06 14:38:09 CEST 2014: 37: No solution found.
Tue May 06 14:38:09 CEST 2014: 38: finished (49ms, 500cycles)
Tue May 06 14:38:09 CEST 2014: 38: No solution found.
Tue May 06 14:38:09 CEST 2014: 39: finished (194ms, 500cycles)
Tue May 06 14:38:09 CEST 2014: 39: No solution found.
Tue May 06 14:38:09 CEST 2014: 40: finished (145ms, 500cycles)
Tue May 06 14:38:09 CEST 2014: 40: No solution found.
Tue May 06 14:38:09 CEST 2014: 41: finished (248ms, 500cycles)
Tue May 06 14:38:09 CEST 2014: 41: No solution found.
Tue May 06 14:38:09 CEST 2014: 42: finished (36ms, 500cycles)
Tue May 06 14:38:09 CEST 2014: 42: No solution found.
Tue May 06 14:38:09 CEST 2014: 43: finished (43ms, 500cycles)
Tue May 06 14:38:09 CEST 2014: 43: No solution found.
Tue May 06 14:38:10 CEST 2014: 44: finished (148ms, 277cycles)
Tue May 06 14:38:10 CEST 2014: 44: Solution found.
Tue May 06 14:38:10 CEST 2014: 45: finished (2ms, 13cycles)
Tue May 06 14:38:10 CEST 2014: 45: Solution found.
Tue May 06 14:38:10 CEST 2014: 46: finished (3ms, 12cycles)
Tue May 06 14:38:10 CEST 2014: 46: Solution found.
Tue May 06 14:38:10 CEST 2014: 47: finished (373ms, 500cycles)
Tue May 06 14:38:10 CEST 2014: 47: No solution found.
Tue May 06 14:38:10 CEST 2014: 48: finished (2ms, 15cycles)
Tue May 06 14:38:10 CEST 2014: 48: Solution found.
Tue May 06 14:38:10 CEST 2014: 49: finished (188ms, 500cycles)
Tue May 06 14:38:10 CEST 2014: 49: No solution found.
Tue May 06 14:38:10 CEST 2014: 50: finished (300ms, 500cycles)
Tue May 06 14:38:10 CEST 2014: 50: No solution found.
Tue May 06 14:38:11 CEST 2014: 51: finished (35ms, 500cycles)
Tue May 06 14:38:11 CEST 2014: 51: No solution found.
Tue May 06 14:38:11 CEST 2014: 52: finished (340ms, 500cycles)
Tue May 06 14:38:11 CEST 2014: 52: No solution found.
Tue May 06 14:38:11 CEST 2014: 53: finished (16ms, 55cycles)
Tue May 06 14:38:11 CEST 2014: 53: Solution found.
Tue May 06 14:38:11 CEST 2014: 54: finished (137ms, 500cycles)
Tue May 06 14:38:11 CEST 2014: 54: No solution found.
Tue May 06 14:38:11 CEST 2014: 55: finished (216ms, 500cycles)
Tue May 06 14:38:11 CEST 2014: 55: No solution found.
Tue May 06 14:38:11 CEST 2014: 56: finished (1ms, 9cycles)
Tue May 06 14:38:11 CEST 2014: 56: Solution found.
Tue May 06 14:38:11 CEST 2014: 57: finished (217ms, 500cycles)
Tue May 06 14:38:11 CEST 2014: 57: No solution found.
Tue May 06 14:38:12 CEST 2014: 58: finished (332ms, 500cycles)
Tue May 06 14:38:12 CEST 2014: 58: No solution found.
Tue May 06 14:38:12 CEST 2014: 59: finished (2ms, 9cycles)
Tue May 06 14:38:12 CEST 2014: 59: Solution found.
Tue May 06 14:38:12 CEST 2014: 60: finished (213ms, 500cycles)
Tue May 06 14:38:12 CEST 2014: 60: No solution found.
Tue May 06 14:38:12 CEST 2014: 61: finished (201ms, 500cycles)
Tue May 06 14:38:12 CEST 2014: 61: No solution found.
Tue May 06 14:38:12 CEST 2014: 62: finished (186ms, 500cycles)
Tue May 06 14:38:12 CEST 2014: 62: No solution found.
Tue May 06 14:38:12 CEST 2014: 63: finished (44ms, 500cycles)
Tue May 06 14:38:12 CEST 2014: 63: No solution found.
Tue May 06 14:38:12 CEST 2014: 64: finished (7ms, 26cycles)
Tue May 06 14:38:12 CEST 2014: 64: Solution found.
Tue May 06 14:38:13 CEST 2014: 65: finished (231ms, 500cycles)
Tue May 06 14:38:13 CEST 2014: 65: No solution found.
Tue May 06 14:38:13 CEST 2014: 66: finished (149ms, 500cycles)
Tue May 06 14:38:13 CEST 2014: 66: No solution found.
Tue May 06 14:38:13 CEST 2014: 67: finished (238ms, 500cycles)
Tue May 06 14:38:13 CEST 2014: 67: No solution found.
Tue May 06 14:38:13 CEST 2014: 68: finished (80ms, 500cycles)
Tue May 06 14:38:13 CEST 2014: 68: No solution found.
Tue May 06 14:38:13 CEST 2014: 69: finished (4ms, 15cycles)
Tue May 06 14:38:13 CEST 2014: 69: Solution found.
Tue May 06 14:38:13 CEST 2014: 70: finished (4ms, 18cycles)
Tue May 06 14:38:13 CEST 2014: 70: Solution found.
Tue May 06 14:38:13 CEST 2014: 71: finished (35ms, 500cycles)
Tue May 06 14:38:13 CEST 2014: 71: No solution found.
Tue May 06 14:38:13 CEST 2014: 72: finished (166ms, 500cycles)
Tue May 06 14:38:13 CEST 2014: 72: No solution found.
Tue May 06 14:38:13 CEST 2014: 73: finished (1ms, 7cycles)
Tue May 06 14:38:13 CEST 2014: 73: Solution found.
Tue May 06 14:38:13 CEST 2014: 74: finished (0ms, 4cycles)
Tue May 06 14:38:13 CEST 2014: 74: Solution found.
Tue May 06 14:38:13 CEST 2014: 75: finished (2ms, 8cycles)
Tue May 06 14:38:13 CEST 2014: 75: Solution found.
Tue May 06 14:38:13 CEST 2014: 76: finished (1ms, 7cycles)
Tue May 06 14:38:13 CEST 2014: 76: Solution found.
Tue May 06 14:38:14 CEST 2014: 77: finished (322ms, 500cycles)
Tue May 06 14:38:14 CEST 2014: 77: No solution found.
Tue May 06 14:38:14 CEST 2014: 78: finished (38ms, 500cycles)
Tue May 06 14:38:14 CEST 2014: 78: No solution found.
Tue May 06 14:38:14 CEST 2014: 79: finished (3ms, 20cycles)
Tue May 06 14:38:14 CEST 2014: 79: Solution found.
Tue May 06 14:38:14 CEST 2014: 80: finished (154ms, 500cycles)
Tue May 06 14:38:14 CEST 2014: 80: No solution found.
Tue May 06 14:38:14 CEST 2014: 81: finished (237ms, 500cycles)
Tue May 06 14:38:14 CEST 2014: 81: No solution found.
Tue May 06 14:38:14 CEST 2014: 82: finished (33ms, 67cycles)
Tue May 06 14:38:14 CEST 2014: 82: Solution found.
Tue May 06 14:38:15 CEST 2014: 83: finished (398ms, 500cycles)
Tue May 06 14:38:15 CEST 2014: 83: No solution found.
Tue May 06 14:38:15 CEST 2014: 84: finished (153ms, 500cycles)
Tue May 06 14:38:15 CEST 2014: 84: No solution found.
Tue May 06 14:38:15 CEST 2014: 85: finished (3ms, 17cycles)
Tue May 06 14:38:15 CEST 2014: 85: Solution found.
Tue May 06 14:38:15 CEST 2014: 86: finished (2ms, 11cycles)
Tue May 06 14:38:15 CEST 2014: 86: Solution found.
Tue May 06 14:38:15 CEST 2014: 87: finished (2ms, 9cycles)
Tue May 06 14:38:15 CEST 2014: 87: Solution found.
Tue May 06 14:38:15 CEST 2014: 88: finished (129ms, 500cycles)
Tue May 06 14:38:15 CEST 2014: 88: No solution found.
Tue May 06 14:38:15 CEST 2014: 89: finished (190ms, 500cycles)
Tue May 06 14:38:15 CEST 2014: 89: No solution found.
Tue May 06 14:38:15 CEST 2014: 90: finished (38ms, 500cycles)
Tue May 06 14:38:15 CEST 2014: 90: No solution found.
Tue May 06 14:38:15 CEST 2014: 91: finished (19ms, 44cycles)
Tue May 06 14:38:15 CEST 2014: 91: Solution found.
Tue May 06 14:38:15 CEST 2014: 92: finished (75ms, 173cycles)
Tue May 06 14:38:15 CEST 2014: 92: Solution found.
Tue May 06 14:38:15 CEST 2014: 93: finished (2ms, 10cycles)
Tue May 06 14:38:15 CEST 2014: 93: Solution found.
Tue May 06 14:38:15 CEST 2014: 94: finished (317ms, 500cycles)
Tue May 06 14:38:15 CEST 2014: 94: No solution found.
Tue May 06 14:38:15 CEST 2014: 95: finished (46ms, 500cycles)
Tue May 06 14:38:15 CEST 2014: 95: No solution found.
Tue May 06 14:38:16 CEST 2014: 96: finished (2ms, 14cycles)
Tue May 06 14:38:16 CEST 2014: 96: Solution found.
Tue May 06 14:38:16 CEST 2014: 97: finished (10ms, 28cycles)
Tue May 06 14:38:16 CEST 2014: 97: Solution found.
Tue May 06 14:38:16 CEST 2014: 98: finished (38ms, 500cycles)
Tue May 06 14:38:16 CEST 2014: 98: No solution found.
Tue May 06 14:38:16 CEST 2014: 99: finished (31ms, 91cycles)
Tue May 06 14:38:16 CEST 2014: 99: Solution found.
Tue May 06 14:38:16 CEST 2014: Solution Found: 42
Tue May 06 14:38:16 CEST 2014: Avg cycles: 40
Tue May 06 14:38:16 CEST 2014: Max cycles: 277
Tue May 06 14:38:16 CEST 2014: Min cycles: 4
Tue May 06 14:38:16 CEST 2014: No solution found: 58
Tue May 06 14:38:16 CEST 2014: logging finished. (runtime: 11161ms)
