Sat May 17 22:41:09 CEST 2014: Problem Count: 20
Sat May 17 22:41:09 CEST 2014: CandidatesCount: 20
Sat May 17 22:41:09 CEST 2014: Max Cycles: 500
Sat May 17 22:41:09 CEST 2014: 0: finished (3ms, 21cycles)
Sat May 17 22:41:09 CEST 2014: 0: Solution found.
Sat May 17 22:41:09 CEST 2014: 1: finished (44ms, 500cycles)
Sat May 17 22:41:09 CEST 2014: 1: No solution found.
Sat May 17 22:41:09 CEST 2014: 2: finished (37ms, 500cycles)
Sat May 17 22:41:09 CEST 2014: 2: No solution found.
Sat May 17 22:41:09 CEST 2014: 3: finished (35ms, 500cycles)
Sat May 17 22:41:09 CEST 2014: 3: No solution found.
Sat May 17 22:41:09 CEST 2014: 4: finished (37ms, 500cycles)
Sat May 17 22:41:09 CEST 2014: 4: No solution found.
Sat May 17 22:41:10 CEST 2014: 5: finished (41ms, 500cycles)
Sat May 17 22:41:10 CEST 2014: 5: No solution found.
Sat May 17 22:41:10 CEST 2014: 6: finished (44ms, 500cycles)
Sat May 17 22:41:10 CEST 2014: 6: No solution found.
Sat May 17 22:41:10 CEST 2014: 7: finished (40ms, 500cycles)
Sat May 17 22:41:10 CEST 2014: 7: No solution found.
Sat May 17 22:41:10 CEST 2014: 8: finished (41ms, 500cycles)
Sat May 17 22:41:10 CEST 2014: 8: No solution found.
Sat May 17 22:41:10 CEST 2014: 9: finished (35ms, 500cycles)
Sat May 17 22:41:10 CEST 2014: 9: No solution found.
Sat May 17 22:41:10 CEST 2014: 10: finished (35ms, 500cycles)
Sat May 17 22:41:10 CEST 2014: 10: No solution found.
Sat May 17 22:41:10 CEST 2014: 11: finished (37ms, 500cycles)
Sat May 17 22:41:10 CEST 2014: 11: No solution found.
Sat May 17 22:41:10 CEST 2014: 12: finished (38ms, 500cycles)
Sat May 17 22:41:10 CEST 2014: 12: No solution found.
Sat May 17 22:41:10 CEST 2014: 13: finished (4ms, 35cycles)
Sat May 17 22:41:10 CEST 2014: 13: Solution found.
Sat May 17 22:41:10 CEST 2014: 14: finished (35ms, 500cycles)
Sat May 17 22:41:10 CEST 2014: 14: No solution found.
Sat May 17 22:41:10 CEST 2014: 15: finished (36ms, 500cycles)
Sat May 17 22:41:10 CEST 2014: 15: No solution found.
Sat May 17 22:41:10 CEST 2014: 16: finished (10ms, 59cycles)
Sat May 17 22:41:10 CEST 2014: 16: Solution found.
Sat May 17 22:41:10 CEST 2014: 17: finished (44ms, 500cycles)
Sat May 17 22:41:10 CEST 2014: 17: No solution found.
Sat May 17 22:41:10 CEST 2014: 18: finished (46ms, 500cycles)
Sat May 17 22:41:10 CEST 2014: 18: No solution found.
Sat May 17 22:41:10 CEST 2014: 19: finished (59ms, 500cycles)
Sat May 17 22:41:10 CEST 2014: 19: No solution found.
Sat May 17 22:41:10 CEST 2014: 20: finished (48ms, 500cycles)
Sat May 17 22:41:10 CEST 2014: 20: No solution found.
Sat May 17 22:41:10 CEST 2014: 21: finished (119ms, 500cycles)
Sat May 17 22:41:10 CEST 2014: 21: No solution found.
Sat May 17 22:41:10 CEST 2014: 22: finished (4ms, 39cycles)
Sat May 17 22:41:10 CEST 2014: 22: Solution found.
Sat May 17 22:41:10 CEST 2014: 23: finished (43ms, 500cycles)
Sat May 17 22:41:10 CEST 2014: 23: No solution found.
Sat May 17 22:41:10 CEST 2014: 24: finished (45ms, 500cycles)
Sat May 17 22:41:10 CEST 2014: 24: No solution found.
Sat May 17 22:41:10 CEST 2014: 25: finished (36ms, 500cycles)
Sat May 17 22:41:10 CEST 2014: 25: No solution found.
Sat May 17 22:41:10 CEST 2014: 26: finished (38ms, 500cycles)
Sat May 17 22:41:10 CEST 2014: 26: No solution found.
Sat May 17 22:41:10 CEST 2014: 27: finished (35ms, 500cycles)
Sat May 17 22:41:10 CEST 2014: 27: No solution found.
Sat May 17 22:41:10 CEST 2014: 28: finished (34ms, 500cycles)
Sat May 17 22:41:10 CEST 2014: 28: No solution found.
Sat May 17 22:41:10 CEST 2014: 29: finished (43ms, 500cycles)
Sat May 17 22:41:10 CEST 2014: 29: No solution found.
Sat May 17 22:41:11 CEST 2014: 30: finished (41ms, 500cycles)
Sat May 17 22:41:11 CEST 2014: 30: No solution found.
Sat May 17 22:41:11 CEST 2014: 31: finished (1ms, 6cycles)
Sat May 17 22:41:11 CEST 2014: 31: Solution found.
Sat May 17 22:41:11 CEST 2014: 32: finished (2ms, 18cycles)
Sat May 17 22:41:11 CEST 2014: 32: Solution found.
Sat May 17 22:41:11 CEST 2014: 33: finished (3ms, 24cycles)
Sat May 17 22:41:11 CEST 2014: 33: Solution found.
Sat May 17 22:41:11 CEST 2014: 34: finished (1ms, 8cycles)
Sat May 17 22:41:11 CEST 2014: 34: Solution found.
Sat May 17 22:41:11 CEST 2014: 35: finished (34ms, 500cycles)
Sat May 17 22:41:11 CEST 2014: 35: No solution found.
Sat May 17 22:41:11 CEST 2014: 36: finished (53ms, 500cycles)
Sat May 17 22:41:11 CEST 2014: 36: No solution found.
Sat May 17 22:41:11 CEST 2014: 37: finished (40ms, 500cycles)
Sat May 17 22:41:11 CEST 2014: 37: No solution found.
Sat May 17 22:41:11 CEST 2014: 38: finished (45ms, 500cycles)
Sat May 17 22:41:11 CEST 2014: 38: No solution found.
Sat May 17 22:41:11 CEST 2014: 39: finished (31ms, 500cycles)
Sat May 17 22:41:11 CEST 2014: 39: No solution found.
Sat May 17 22:41:11 CEST 2014: 40: finished (38ms, 500cycles)
Sat May 17 22:41:11 CEST 2014: 40: No solution found.
Sat May 17 22:41:11 CEST 2014: 41: finished (33ms, 158cycles)
Sat May 17 22:41:11 CEST 2014: 41: Solution found.
Sat May 17 22:41:11 CEST 2014: 42: finished (39ms, 500cycles)
Sat May 17 22:41:11 CEST 2014: 42: No solution found.
Sat May 17 22:41:11 CEST 2014: 43: finished (50ms, 500cycles)
Sat May 17 22:41:11 CEST 2014: 43: No solution found.
Sat May 17 22:41:11 CEST 2014: 44: finished (45ms, 500cycles)
Sat May 17 22:41:11 CEST 2014: 44: No solution found.
Sat May 17 22:41:11 CEST 2014: 45: finished (1ms, 14cycles)
Sat May 17 22:41:11 CEST 2014: 45: Solution found.
Sat May 17 22:41:11 CEST 2014: 46: finished (39ms, 500cycles)
Sat May 17 22:41:11 CEST 2014: 46: No solution found.
Sat May 17 22:41:11 CEST 2014: 47: finished (35ms, 500cycles)
Sat May 17 22:41:11 CEST 2014: 47: No solution found.
Sat May 17 22:41:11 CEST 2014: 48: finished (19ms, 198cycles)
Sat May 17 22:41:11 CEST 2014: 48: Solution found.
Sat May 17 22:41:11 CEST 2014: 49: finished (37ms, 500cycles)
Sat May 17 22:41:11 CEST 2014: 49: No solution found.
Sat May 17 22:41:11 CEST 2014: 50: finished (3ms, 27cycles)
Sat May 17 22:41:11 CEST 2014: 50: Solution found.
Sat May 17 22:41:11 CEST 2014: 51: finished (1ms, 10cycles)
Sat May 17 22:41:11 CEST 2014: 51: Solution found.
Sat May 17 22:41:11 CEST 2014: 52: finished (116ms, 500cycles)
Sat May 17 22:41:11 CEST 2014: 52: No solution found.
Sat May 17 22:41:11 CEST 2014: 53: finished (39ms, 500cycles)
Sat May 17 22:41:11 CEST 2014: 53: No solution found.
Sat May 17 22:41:11 CEST 2014: 54: finished (5ms, 51cycles)
Sat May 17 22:41:11 CEST 2014: 54: Solution found.
Sat May 17 22:41:11 CEST 2014: 55: finished (42ms, 500cycles)
Sat May 17 22:41:11 CEST 2014: 55: No solution found.
Sat May 17 22:41:11 CEST 2014: 56: finished (3ms, 26cycles)
Sat May 17 22:41:11 CEST 2014: 56: Solution found.
Sat May 17 22:41:11 CEST 2014: 57: finished (2ms, 19cycles)
Sat May 17 22:41:11 CEST 2014: 57: Solution found.
Sat May 17 22:41:11 CEST 2014: 58: finished (11ms, 43cycles)
Sat May 17 22:41:11 CEST 2014: 58: Solution found.
Sat May 17 22:41:11 CEST 2014: 59: finished (34ms, 500cycles)
Sat May 17 22:41:11 CEST 2014: 59: No solution found.
Sat May 17 22:41:11 CEST 2014: 60: finished (5ms, 29cycles)
Sat May 17 22:41:11 CEST 2014: 60: Solution found.
Sat May 17 22:41:11 CEST 2014: 61: finished (1ms, 6cycles)
Sat May 17 22:41:11 CEST 2014: 61: Solution found.
Sat May 17 22:41:11 CEST 2014: 62: finished (36ms, 500cycles)
Sat May 17 22:41:11 CEST 2014: 62: No solution found.
Sat May 17 22:41:11 CEST 2014: 63: finished (45ms, 500cycles)
Sat May 17 22:41:11 CEST 2014: 63: No solution found.
Sat May 17 22:41:11 CEST 2014: 64: finished (44ms, 500cycles)
Sat May 17 22:41:11 CEST 2014: 64: No solution found.
Sat May 17 22:41:11 CEST 2014: 65: finished (42ms, 500cycles)
Sat May 17 22:41:11 CEST 2014: 65: No solution found.
Sat May 17 22:41:11 CEST 2014: 66: finished (1ms, 8cycles)
Sat May 17 22:41:11 CEST 2014: 66: Solution found.
Sat May 17 22:41:12 CEST 2014: 67: finished (49ms, 161cycles)
Sat May 17 22:41:12 CEST 2014: 67: Solution found.
Sat May 17 22:41:12 CEST 2014: 68: finished (41ms, 500cycles)
Sat May 17 22:41:12 CEST 2014: 68: No solution found.
Sat May 17 22:41:12 CEST 2014: 69: finished (5ms, 20cycles)
Sat May 17 22:41:12 CEST 2014: 69: Solution found.
Sat May 17 22:41:12 CEST 2014: 70: finished (35ms, 500cycles)
Sat May 17 22:41:12 CEST 2014: 70: No solution found.
Sat May 17 22:41:12 CEST 2014: 71: finished (107ms, 500cycles)
Sat May 17 22:41:12 CEST 2014: 71: No solution found.
Sat May 17 22:41:12 CEST 2014: 72: finished (4ms, 46cycles)
Sat May 17 22:41:12 CEST 2014: 72: Solution found.
Sat May 17 22:41:12 CEST 2014: 73: finished (38ms, 500cycles)
Sat May 17 22:41:12 CEST 2014: 73: No solution found.
Sat May 17 22:41:12 CEST 2014: 74: finished (37ms, 500cycles)
Sat May 17 22:41:12 CEST 2014: 74: No solution found.
Sat May 17 22:41:12 CEST 2014: 75: finished (5ms, 53cycles)
Sat May 17 22:41:12 CEST 2014: 75: Solution found.
Sat May 17 22:41:12 CEST 2014: 76: finished (136ms, 500cycles)
Sat May 17 22:41:12 CEST 2014: 76: No solution found.
Sat May 17 22:41:12 CEST 2014: 77: finished (120ms, 500cycles)
Sat May 17 22:41:12 CEST 2014: 77: No solution found.
Sat May 17 22:41:12 CEST 2014: 78: finished (3ms, 24cycles)
Sat May 17 22:41:12 CEST 2014: 78: Solution found.
Sat May 17 22:41:12 CEST 2014: 79: finished (39ms, 500cycles)
Sat May 17 22:41:12 CEST 2014: 79: No solution found.
Sat May 17 22:41:12 CEST 2014: 80: finished (32ms, 500cycles)
Sat May 17 22:41:12 CEST 2014: 80: No solution found.
Sat May 17 22:41:12 CEST 2014: 81: finished (37ms, 500cycles)
Sat May 17 22:41:12 CEST 2014: 81: No solution found.
Sat May 17 22:41:12 CEST 2014: 82: finished (35ms, 500cycles)
Sat May 17 22:41:12 CEST 2014: 82: No solution found.
Sat May 17 22:41:12 CEST 2014: 83: finished (38ms, 500cycles)
Sat May 17 22:41:12 CEST 2014: 83: No solution found.
Sat May 17 22:41:12 CEST 2014: 84: finished (50ms, 158cycles)
Sat May 17 22:41:12 CEST 2014: 84: Solution found.
Sat May 17 22:41:12 CEST 2014: 85: finished (1ms, 4cycles)
Sat May 17 22:41:12 CEST 2014: 85: Solution found.
Sat May 17 22:41:12 CEST 2014: 86: finished (6ms, 62cycles)
Sat May 17 22:41:12 CEST 2014: 86: Solution found.
Sat May 17 22:41:12 CEST 2014: 87: finished (41ms, 500cycles)
Sat May 17 22:41:12 CEST 2014: 87: No solution found.
Sat May 17 22:41:12 CEST 2014: 88: finished (1ms, 8cycles)
Sat May 17 22:41:12 CEST 2014: 88: Solution found.
Sat May 17 22:41:12 CEST 2014: 89: finished (14ms, 63cycles)
Sat May 17 22:41:12 CEST 2014: 89: Solution found.
Sat May 17 22:41:12 CEST 2014: 90: finished (31ms, 500cycles)
Sat May 17 22:41:12 CEST 2014: 90: No solution found.
Sat May 17 22:41:12 CEST 2014: 91: finished (2ms, 12cycles)
Sat May 17 22:41:12 CEST 2014: 91: Solution found.
Sat May 17 22:41:12 CEST 2014: 92: finished (40ms, 500cycles)
Sat May 17 22:41:12 CEST 2014: 92: No solution found.
Sat May 17 22:41:12 CEST 2014: 93: finished (44ms, 500cycles)
Sat May 17 22:41:12 CEST 2014: 93: No solution found.
Sat May 17 22:41:12 CEST 2014: 94: finished (4ms, 55cycles)
Sat May 17 22:41:12 CEST 2014: 94: Solution found.
Sat May 17 22:41:13 CEST 2014: 95: finished (118ms, 500cycles)
Sat May 17 22:41:13 CEST 2014: 95: No solution found.
Sat May 17 22:41:13 CEST 2014: 96: finished (37ms, 500cycles)
Sat May 17 22:41:13 CEST 2014: 96: No solution found.
Sat May 17 22:41:13 CEST 2014: 97: finished (5ms, 56cycles)
Sat May 17 22:41:13 CEST 2014: 97: Solution found.
Sat May 17 22:41:13 CEST 2014: 98: finished (34ms, 500cycles)
Sat May 17 22:41:13 CEST 2014: 98: No solution found.
Sat May 17 22:41:13 CEST 2014: 99: finished (5ms, 45cycles)
Sat May 17 22:41:13 CEST 2014: 99: Solution found.
Sat May 17 22:41:13 CEST 2014: Solution Found: 34
Sat May 17 22:41:13 CEST 2014: Avg cycles: 46
Sat May 17 22:41:13 CEST 2014: Max cycles: 198
Sat May 17 22:41:13 CEST 2014: Min cycles: 4
Sat May 17 22:41:13 CEST 2014: No solution found: 66
Sat May 17 22:41:13 CEST 2014: logging finished. (runtime: 3374ms)
