Sat May 17 23:31:52 CEST 2014: Problem Count: 50
Sat May 17 23:31:52 CEST 2014: CandidatesCount: 30
Sat May 17 23:31:52 CEST 2014: Max Cycles: 500
Sat May 17 23:31:52 CEST 2014: 0: finished (23ms, 59cycles)
Sat May 17 23:31:52 CEST 2014: 0: Solution found.
Sat May 17 23:31:52 CEST 2014: 1: finished (8ms, 21cycles)
Sat May 17 23:31:52 CEST 2014: 1: Solution found.
Sat May 17 23:31:53 CEST 2014: 2: finished (157ms, 500cycles)
Sat May 17 23:31:53 CEST 2014: 2: No solution found.
Sat May 17 23:31:53 CEST 2014: 3: finished (4ms, 10cycles)
Sat May 17 23:31:53 CEST 2014: 3: Solution found.
Sat May 17 23:31:53 CEST 2014: 4: finished (3ms, 7cycles)
Sat May 17 23:31:53 CEST 2014: 4: Solution found.
Sat May 17 23:31:53 CEST 2014: 5: finished (9ms, 23cycles)
Sat May 17 23:31:53 CEST 2014: 5: Solution found.
Sat May 17 23:31:53 CEST 2014: 6: finished (170ms, 500cycles)
Sat May 17 23:31:53 CEST 2014: 6: No solution found.
Sat May 17 23:31:53 CEST 2014: 7: finished (13ms, 35cycles)
Sat May 17 23:31:53 CEST 2014: 7: Solution found.
Sat May 17 23:31:53 CEST 2014: 8: finished (14ms, 40cycles)
Sat May 17 23:31:53 CEST 2014: 8: Solution found.
Sat May 17 23:31:53 CEST 2014: 9: finished (12ms, 32cycles)
Sat May 17 23:31:53 CEST 2014: 9: Solution found.
Sat May 17 23:31:53 CEST 2014: 10: finished (14ms, 41cycles)
Sat May 17 23:31:53 CEST 2014: 10: Solution found.
Sat May 17 23:31:53 CEST 2014: 11: finished (184ms, 500cycles)
Sat May 17 23:31:53 CEST 2014: 11: No solution found.
Sat May 17 23:31:53 CEST 2014: 12: finished (4ms, 11cycles)
Sat May 17 23:31:53 CEST 2014: 12: Solution found.
Sat May 17 23:31:53 CEST 2014: 13: finished (182ms, 500cycles)
Sat May 17 23:31:53 CEST 2014: 13: No solution found.
Sat May 17 23:31:53 CEST 2014: 14: finished (178ms, 500cycles)
Sat May 17 23:31:53 CEST 2014: 14: No solution found.
Sat May 17 23:31:54 CEST 2014: 15: finished (163ms, 500cycles)
Sat May 17 23:31:54 CEST 2014: 15: No solution found.
Sat May 17 23:31:54 CEST 2014: 16: finished (208ms, 500cycles)
Sat May 17 23:31:54 CEST 2014: 16: No solution found.
Sat May 17 23:31:54 CEST 2014: 17: finished (165ms, 500cycles)
Sat May 17 23:31:54 CEST 2014: 17: No solution found.
Sat May 17 23:31:54 CEST 2014: 18: finished (5ms, 12cycles)
Sat May 17 23:31:54 CEST 2014: 18: Solution found.
Sat May 17 23:31:54 CEST 2014: 19: finished (187ms, 500cycles)
Sat May 17 23:31:54 CEST 2014: 19: No solution found.
Sat May 17 23:31:54 CEST 2014: 20: finished (11ms, 19cycles)
Sat May 17 23:31:54 CEST 2014: 20: Solution found.
Sat May 17 23:31:54 CEST 2014: 21: finished (11ms, 31cycles)
Sat May 17 23:31:54 CEST 2014: 21: Solution found.
Sat May 17 23:31:54 CEST 2014: 22: finished (175ms, 500cycles)
Sat May 17 23:31:54 CEST 2014: 22: No solution found.
Sat May 17 23:31:54 CEST 2014: 23: finished (165ms, 500cycles)
Sat May 17 23:31:54 CEST 2014: 23: No solution found.
Sat May 17 23:31:54 CEST 2014: 24: finished (8ms, 21cycles)
Sat May 17 23:31:54 CEST 2014: 24: Solution found.
Sat May 17 23:31:54 CEST 2014: 25: finished (4ms, 8cycles)
Sat May 17 23:31:54 CEST 2014: 25: Solution found.
Sat May 17 23:31:55 CEST 2014: 26: finished (166ms, 500cycles)
Sat May 17 23:31:55 CEST 2014: 26: No solution found.
Sat May 17 23:31:55 CEST 2014: 27: finished (175ms, 500cycles)
Sat May 17 23:31:55 CEST 2014: 27: No solution found.
Sat May 17 23:31:55 CEST 2014: 28: finished (4ms, 9cycles)
Sat May 17 23:31:55 CEST 2014: 28: Solution found.
Sat May 17 23:31:55 CEST 2014: 29: finished (189ms, 500cycles)
Sat May 17 23:31:55 CEST 2014: 29: No solution found.
Sat May 17 23:31:55 CEST 2014: 30: finished (190ms, 500cycles)
Sat May 17 23:31:55 CEST 2014: 30: No solution found.
Sat May 17 23:31:55 CEST 2014: 31: finished (8ms, 22cycles)
Sat May 17 23:31:55 CEST 2014: 31: Solution found.
Sat May 17 23:31:55 CEST 2014: 32: finished (19ms, 46cycles)
Sat May 17 23:31:55 CEST 2014: 32: Solution found.
Sat May 17 23:31:55 CEST 2014: 33: finished (184ms, 500cycles)
Sat May 17 23:31:55 CEST 2014: 33: No solution found.
Sat May 17 23:31:55 CEST 2014: 34: finished (8ms, 20cycles)
Sat May 17 23:31:55 CEST 2014: 34: Solution found.
Sat May 17 23:31:55 CEST 2014: 35: finished (15ms, 41cycles)
Sat May 17 23:31:55 CEST 2014: 35: Solution found.
Sat May 17 23:31:56 CEST 2014: 36: finished (183ms, 500cycles)
Sat May 17 23:31:56 CEST 2014: 36: No solution found.
Sat May 17 23:31:56 CEST 2014: 37: finished (19ms, 49cycles)
Sat May 17 23:31:56 CEST 2014: 37: Solution found.
Sat May 17 23:31:56 CEST 2014: 38: finished (34ms, 66cycles)
Sat May 17 23:31:56 CEST 2014: 38: Solution found.
Sat May 17 23:31:56 CEST 2014: 39: finished (165ms, 500cycles)
Sat May 17 23:31:56 CEST 2014: 39: No solution found.
Sat May 17 23:31:56 CEST 2014: 40: finished (8ms, 20cycles)
Sat May 17 23:31:56 CEST 2014: 40: Solution found.
Sat May 17 23:31:56 CEST 2014: 41: finished (11ms, 31cycles)
Sat May 17 23:31:56 CEST 2014: 41: Solution found.
Sat May 17 23:31:56 CEST 2014: 42: finished (181ms, 500cycles)
Sat May 17 23:31:56 CEST 2014: 42: No solution found.
Sat May 17 23:31:56 CEST 2014: 43: finished (3ms, 6cycles)
Sat May 17 23:31:56 CEST 2014: 43: Solution found.
Sat May 17 23:31:56 CEST 2014: 44: finished (187ms, 500cycles)
Sat May 17 23:31:56 CEST 2014: 44: No solution found.
Sat May 17 23:31:56 CEST 2014: 45: finished (193ms, 500cycles)
Sat May 17 23:31:56 CEST 2014: 45: No solution found.
Sat May 17 23:31:56 CEST 2014: 46: finished (5ms, 12cycles)
Sat May 17 23:31:56 CEST 2014: 46: Solution found.
Sat May 17 23:31:57 CEST 2014: 47: finished (161ms, 500cycles)
Sat May 17 23:31:57 CEST 2014: 47: No solution found.
Sat May 17 23:31:57 CEST 2014: 48: finished (11ms, 29cycles)
Sat May 17 23:31:57 CEST 2014: 48: Solution found.
Sat May 17 23:31:57 CEST 2014: 49: finished (6ms, 16cycles)
Sat May 17 23:31:57 CEST 2014: 49: Solution found.
Sat May 17 23:31:57 CEST 2014: 50: finished (26ms, 37cycles)
Sat May 17 23:31:57 CEST 2014: 50: Solution found.
Sat May 17 23:31:57 CEST 2014: 51: finished (3ms, 9cycles)
Sat May 17 23:31:57 CEST 2014: 51: Solution found.
Sat May 17 23:31:57 CEST 2014: 52: finished (198ms, 500cycles)
Sat May 17 23:31:57 CEST 2014: 52: No solution found.
Sat May 17 23:31:57 CEST 2014: 53: finished (9ms, 20cycles)
Sat May 17 23:31:57 CEST 2014: 53: Solution found.
Sat May 17 23:31:57 CEST 2014: 54: finished (176ms, 500cycles)
Sat May 17 23:31:57 CEST 2014: 54: No solution found.
Sat May 17 23:31:57 CEST 2014: 55: finished (4ms, 9cycles)
Sat May 17 23:31:57 CEST 2014: 55: Solution found.
Sat May 17 23:31:57 CEST 2014: 56: finished (180ms, 500cycles)
Sat May 17 23:31:57 CEST 2014: 56: No solution found.
Sat May 17 23:31:57 CEST 2014: 57: finished (196ms, 500cycles)
Sat May 17 23:31:57 CEST 2014: 57: No solution found.
Sat May 17 23:31:58 CEST 2014: 58: finished (190ms, 500cycles)
Sat May 17 23:31:58 CEST 2014: 58: No solution found.
Sat May 17 23:31:58 CEST 2014: 59: finished (10ms, 24cycles)
Sat May 17 23:31:58 CEST 2014: 59: Solution found.
Sat May 17 23:31:58 CEST 2014: 60: finished (181ms, 500cycles)
Sat May 17 23:31:58 CEST 2014: 60: No solution found.
Sat May 17 23:31:58 CEST 2014: 61: finished (12ms, 34cycles)
Sat May 17 23:31:58 CEST 2014: 61: Solution found.
Sat May 17 23:31:58 CEST 2014: 62: finished (14ms, 34cycles)
Sat May 17 23:31:58 CEST 2014: 62: Solution found.
Sat May 17 23:31:58 CEST 2014: 63: finished (162ms, 500cycles)
Sat May 17 23:31:58 CEST 2014: 63: No solution found.
Sat May 17 23:31:58 CEST 2014: 64: finished (166ms, 500cycles)
Sat May 17 23:31:58 CEST 2014: 64: No solution found.
Sat May 17 23:31:58 CEST 2014: 65: finished (177ms, 500cycles)
Sat May 17 23:31:58 CEST 2014: 65: No solution found.
Sat May 17 23:31:58 CEST 2014: 66: finished (15ms, 43cycles)
Sat May 17 23:31:58 CEST 2014: 66: Solution found.
Sat May 17 23:31:59 CEST 2014: 67: finished (201ms, 500cycles)
Sat May 17 23:31:59 CEST 2014: 67: No solution found.
Sat May 17 23:31:59 CEST 2014: 68: finished (172ms, 500cycles)
Sat May 17 23:31:59 CEST 2014: 68: No solution found.
Sat May 17 23:31:59 CEST 2014: 69: finished (192ms, 500cycles)
Sat May 17 23:31:59 CEST 2014: 69: No solution found.
Sat May 17 23:31:59 CEST 2014: 70: finished (184ms, 500cycles)
Sat May 17 23:31:59 CEST 2014: 70: No solution found.
Sat May 17 23:31:59 CEST 2014: 71: finished (181ms, 500cycles)
Sat May 17 23:31:59 CEST 2014: 71: No solution found.
Sat May 17 23:31:59 CEST 2014: 72: finished (17ms, 30cycles)
Sat May 17 23:31:59 CEST 2014: 72: Solution found.
Sat May 17 23:31:59 CEST 2014: 73: finished (187ms, 500cycles)
Sat May 17 23:31:59 CEST 2014: 73: No solution found.
Sat May 17 23:31:59 CEST 2014: 74: finished (15ms, 42cycles)
Sat May 17 23:31:59 CEST 2014: 74: Solution found.
Sat May 17 23:31:59 CEST 2014: 75: finished (4ms, 8cycles)
Sat May 17 23:31:59 CEST 2014: 75: Solution found.
Sat May 17 23:32:00 CEST 2014: 76: finished (160ms, 500cycles)
Sat May 17 23:32:00 CEST 2014: 76: No solution found.
Sat May 17 23:32:00 CEST 2014: 77: finished (177ms, 500cycles)
Sat May 17 23:32:00 CEST 2014: 77: No solution found.
Sat May 17 23:32:00 CEST 2014: 78: finished (199ms, 500cycles)
Sat May 17 23:32:00 CEST 2014: 78: No solution found.
Sat May 17 23:32:00 CEST 2014: 79: finished (6ms, 13cycles)
Sat May 17 23:32:00 CEST 2014: 79: Solution found.
Sat May 17 23:32:00 CEST 2014: 80: finished (4ms, 9cycles)
Sat May 17 23:32:00 CEST 2014: 80: Solution found.
Sat May 17 23:32:00 CEST 2014: 81: finished (174ms, 500cycles)
Sat May 17 23:32:00 CEST 2014: 81: No solution found.
Sat May 17 23:32:00 CEST 2014: 82: finished (168ms, 500cycles)
Sat May 17 23:32:00 CEST 2014: 82: No solution found.
Sat May 17 23:32:01 CEST 2014: 83: finished (185ms, 500cycles)
Sat May 17 23:32:01 CEST 2014: 83: No solution found.
Sat May 17 23:32:01 CEST 2014: 84: finished (169ms, 500cycles)
Sat May 17 23:32:01 CEST 2014: 84: No solution found.
Sat May 17 23:32:01 CEST 2014: 85: finished (11ms, 29cycles)
Sat May 17 23:32:01 CEST 2014: 85: Solution found.
Sat May 17 23:32:01 CEST 2014: 86: finished (9ms, 23cycles)
Sat May 17 23:32:01 CEST 2014: 86: Solution found.
Sat May 17 23:32:01 CEST 2014: 87: finished (158ms, 500cycles)
Sat May 17 23:32:01 CEST 2014: 87: No solution found.
Sat May 17 23:32:01 CEST 2014: 88: finished (20ms, 48cycles)
Sat May 17 23:32:01 CEST 2014: 88: Solution found.
Sat May 17 23:32:01 CEST 2014: 89: finished (176ms, 500cycles)
Sat May 17 23:32:01 CEST 2014: 89: No solution found.
Sat May 17 23:32:01 CEST 2014: 90: finished (14ms, 41cycles)
Sat May 17 23:32:01 CEST 2014: 90: Solution found.
Sat May 17 23:32:01 CEST 2014: 91: finished (11ms, 28cycles)
Sat May 17 23:32:01 CEST 2014: 91: Solution found.
Sat May 17 23:32:01 CEST 2014: 92: finished (7ms, 19cycles)
Sat May 17 23:32:01 CEST 2014: 92: Solution found.
Sat May 17 23:32:01 CEST 2014: 93: finished (16ms, 43cycles)
Sat May 17 23:32:01 CEST 2014: 93: Solution found.
Sat May 17 23:32:01 CEST 2014: 94: finished (32ms, 64cycles)
Sat May 17 23:32:01 CEST 2014: 94: Solution found.
Sat May 17 23:32:01 CEST 2014: 95: finished (161ms, 500cycles)
Sat May 17 23:32:01 CEST 2014: 95: No solution found.
Sat May 17 23:32:02 CEST 2014: 96: finished (166ms, 500cycles)
Sat May 17 23:32:02 CEST 2014: 96: No solution found.
Sat May 17 23:32:02 CEST 2014: 97: finished (6ms, 14cycles)
Sat May 17 23:32:02 CEST 2014: 97: Solution found.
Sat May 17 23:32:02 CEST 2014: 98: finished (5ms, 11cycles)
Sat May 17 23:32:02 CEST 2014: 98: Solution found.
Sat May 17 23:32:02 CEST 2014: 99: finished (170ms, 500cycles)
Sat May 17 23:32:02 CEST 2014: 99: No solution found.
Sat May 17 23:32:02 CEST 2014: Solution Found: 51
Sat May 17 23:32:02 CEST 2014: Avg cycles: 26
Sat May 17 23:32:02 CEST 2014: Max cycles: 66
Sat May 17 23:32:02 CEST 2014: Min cycles: 6
Sat May 17 23:32:02 CEST 2014: No solution found: 49
Sat May 17 23:32:02 CEST 2014: logging finished. (runtime: 9293ms)
