Sun May 18 05:14:28 CEST 2014: Problem Count: 10
Sun May 18 05:14:28 CEST 2014: CandidatesCount: 20
Sun May 18 05:14:28 CEST 2014: Max Cycles: 500
Sun May 18 05:14:28 CEST 2014: 0: finished (88ms, 500cycles)
Sun May 18 05:14:28 CEST 2014: 0: No solution found.
Sun May 18 05:14:28 CEST 2014: 1: finished (39ms, 106cycles)
Sun May 18 05:14:28 CEST 2014: 1: Solution found.
Sun May 18 05:14:28 CEST 2014: 2: finished (117ms, 450cycles)
Sun May 18 05:14:28 CEST 2014: 2: Solution found.
Sun May 18 05:14:28 CEST 2014: 3: finished (79ms, 500cycles)
Sun May 18 05:14:28 CEST 2014: 3: No solution found.
Sun May 18 05:14:28 CEST 2014: 4: finished (113ms, 500cycles)
Sun May 18 05:14:28 CEST 2014: 4: No solution found.
Sun May 18 05:14:28 CEST 2014: 5: finished (96ms, 500cycles)
Sun May 18 05:14:28 CEST 2014: 5: No solution found.
Sun May 18 05:14:29 CEST 2014: 6: finished (97ms, 500cycles)
Sun May 18 05:14:29 CEST 2014: 6: No solution found.
Sun May 18 05:14:29 CEST 2014: 7: finished (19ms, 500cycles)
Sun May 18 05:14:29 CEST 2014: 7: No solution found.
Sun May 18 05:14:29 CEST 2014: 8: finished (20ms, 500cycles)
Sun May 18 05:14:29 CEST 2014: 8: No solution found.
Sun May 18 05:14:29 CEST 2014: 9: finished (76ms, 500cycles)
Sun May 18 05:14:29 CEST 2014: 9: No solution found.
Sun May 18 05:14:29 CEST 2014: 10: finished (3ms, 32cycles)
Sun May 18 05:14:29 CEST 2014: 10: Solution found.
Sun May 18 05:14:29 CEST 2014: 11: finished (114ms, 500cycles)
Sun May 18 05:14:29 CEST 2014: 11: No solution found.
Sun May 18 05:14:29 CEST 2014: 12: finished (87ms, 500cycles)
Sun May 18 05:14:29 CEST 2014: 12: No solution found.
Sun May 18 05:14:29 CEST 2014: 13: finished (48ms, 500cycles)
Sun May 18 05:14:29 CEST 2014: 13: No solution found.
Sun May 18 05:14:29 CEST 2014: 14: finished (19ms, 500cycles)
Sun May 18 05:14:29 CEST 2014: 14: No solution found.
Sun May 18 05:14:29 CEST 2014: 15: finished (11ms, 62cycles)
Sun May 18 05:14:29 CEST 2014: 15: Solution found.
Sun May 18 05:14:29 CEST 2014: 16: finished (5ms, 24cycles)
Sun May 18 05:14:29 CEST 2014: 16: Solution found.
Sun May 18 05:14:29 CEST 2014: 17: finished (0ms, 8cycles)
Sun May 18 05:14:29 CEST 2014: 17: Solution found.
Sun May 18 05:14:29 CEST 2014: 18: finished (16ms, 500cycles)
Sun May 18 05:14:29 CEST 2014: 18: No solution found.
Sun May 18 05:14:29 CEST 2014: 19: finished (153ms, 500cycles)
Sun May 18 05:14:29 CEST 2014: 19: No solution found.
Sun May 18 05:14:29 CEST 2014: 20: finished (23ms, 500cycles)
Sun May 18 05:14:29 CEST 2014: 20: No solution found.
Sun May 18 05:14:29 CEST 2014: 21: finished (16ms, 500cycles)
Sun May 18 05:14:29 CEST 2014: 21: No solution found.
Sun May 18 05:14:29 CEST 2014: 22: finished (1ms, 1cycles)
Sun May 18 05:14:29 CEST 2014: 22: Solution found.
Sun May 18 05:14:29 CEST 2014: 23: finished (135ms, 500cycles)
Sun May 18 05:14:29 CEST 2014: 23: No solution found.
Sun May 18 05:14:29 CEST 2014: 24: finished (8ms, 27cycles)
Sun May 18 05:14:29 CEST 2014: 24: Solution found.
Sun May 18 05:14:29 CEST 2014: 25: finished (17ms, 148cycles)
Sun May 18 05:14:29 CEST 2014: 25: Solution found.
Sun May 18 05:14:29 CEST 2014: 26: finished (83ms, 500cycles)
Sun May 18 05:14:29 CEST 2014: 26: No solution found.
Sun May 18 05:14:29 CEST 2014: 27: finished (19ms, 500cycles)
Sun May 18 05:14:29 CEST 2014: 27: No solution found.
Sun May 18 05:14:29 CEST 2014: 28: finished (77ms, 500cycles)
Sun May 18 05:14:29 CEST 2014: 28: No solution found.
Sun May 18 05:14:29 CEST 2014: 29: finished (1ms, 9cycles)
Sun May 18 05:14:29 CEST 2014: 29: Solution found.
Sun May 18 05:14:29 CEST 2014: 30: finished (17ms, 500cycles)
Sun May 18 05:14:29 CEST 2014: 30: No solution found.
Sun May 18 05:14:29 CEST 2014: 31: finished (17ms, 500cycles)
Sun May 18 05:14:29 CEST 2014: 31: No solution found.
Sun May 18 05:14:30 CEST 2014: 32: finished (18ms, 500cycles)
Sun May 18 05:14:30 CEST 2014: 32: No solution found.
Sun May 18 05:14:30 CEST 2014: 33: finished (18ms, 500cycles)
Sun May 18 05:14:30 CEST 2014: 33: No solution found.
Sun May 18 05:14:30 CEST 2014: 34: finished (112ms, 500cycles)
Sun May 18 05:14:30 CEST 2014: 34: No solution found.
Sun May 18 05:14:30 CEST 2014: 35: finished (80ms, 500cycles)
Sun May 18 05:14:30 CEST 2014: 35: No solution found.
Sun May 18 05:14:30 CEST 2014: 36: finished (24ms, 500cycles)
Sun May 18 05:14:30 CEST 2014: 36: No solution found.
Sun May 18 05:14:30 CEST 2014: 37: finished (17ms, 500cycles)
Sun May 18 05:14:30 CEST 2014: 37: No solution found.
Sun May 18 05:14:30 CEST 2014: 38: finished (166ms, 500cycles)
Sun May 18 05:14:30 CEST 2014: 38: No solution found.
Sun May 18 05:14:30 CEST 2014: 39: finished (7ms, 143cycles)
Sun May 18 05:14:30 CEST 2014: 39: Solution found.
Sun May 18 05:14:30 CEST 2014: 40: finished (20ms, 500cycles)
Sun May 18 05:14:30 CEST 2014: 40: No solution found.
Sun May 18 05:14:30 CEST 2014: 41: finished (121ms, 500cycles)
Sun May 18 05:14:30 CEST 2014: 41: No solution found.
Sun May 18 05:14:30 CEST 2014: 42: finished (22ms, 500cycles)
Sun May 18 05:14:30 CEST 2014: 42: No solution found.
Sun May 18 05:14:30 CEST 2014: 43: finished (19ms, 500cycles)
Sun May 18 05:14:30 CEST 2014: 43: No solution found.
Sun May 18 05:14:30 CEST 2014: 44: finished (77ms, 500cycles)
Sun May 18 05:14:30 CEST 2014: 44: No solution found.
Sun May 18 05:14:30 CEST 2014: 45: finished (17ms, 500cycles)
Sun May 18 05:14:30 CEST 2014: 45: No solution found.
Sun May 18 05:14:30 CEST 2014: 46: finished (0ms, 3cycles)
Sun May 18 05:14:30 CEST 2014: 46: Solution found.
Sun May 18 05:14:30 CEST 2014: 47: finished (64ms, 500cycles)
Sun May 18 05:14:30 CEST 2014: 47: No solution found.
Sun May 18 05:14:30 CEST 2014: 48: finished (133ms, 500cycles)
Sun May 18 05:14:30 CEST 2014: 48: No solution found.
Sun May 18 05:14:30 CEST 2014: 49: finished (18ms, 500cycles)
Sun May 18 05:14:30 CEST 2014: 49: No solution found.
Sun May 18 05:14:30 CEST 2014: 50: finished (10ms, 137cycles)
Sun May 18 05:14:30 CEST 2014: 50: Solution found.
Sun May 18 05:14:30 CEST 2014: 51: finished (19ms, 500cycles)
Sun May 18 05:14:30 CEST 2014: 51: No solution found.
Sun May 18 05:14:30 CEST 2014: 52: finished (19ms, 500cycles)
Sun May 18 05:14:30 CEST 2014: 52: No solution found.
Sun May 18 05:14:31 CEST 2014: 53: finished (80ms, 500cycles)
Sun May 18 05:14:31 CEST 2014: 53: No solution found.
Sun May 18 05:14:31 CEST 2014: 54: finished (6ms, 36cycles)
Sun May 18 05:14:31 CEST 2014: 54: Solution found.
Sun May 18 05:14:31 CEST 2014: 55: finished (18ms, 500cycles)
Sun May 18 05:14:31 CEST 2014: 55: No solution found.
Sun May 18 05:14:31 CEST 2014: 56: finished (1ms, 12cycles)
Sun May 18 05:14:31 CEST 2014: 56: Solution found.
Sun May 18 05:14:31 CEST 2014: 57: finished (129ms, 500cycles)
Sun May 18 05:14:31 CEST 2014: 57: No solution found.
Sun May 18 05:14:31 CEST 2014: 58: finished (22ms, 500cycles)
Sun May 18 05:14:31 CEST 2014: 58: No solution found.
Sun May 18 05:14:31 CEST 2014: 59: finished (142ms, 500cycles)
Sun May 18 05:14:31 CEST 2014: 59: No solution found.
Sun May 18 05:14:31 CEST 2014: 60: finished (19ms, 500cycles)
Sun May 18 05:14:31 CEST 2014: 60: No solution found.
Sun May 18 05:14:31 CEST 2014: 61: finished (1ms, 5cycles)
Sun May 18 05:14:31 CEST 2014: 61: Solution found.
Sun May 18 05:14:31 CEST 2014: 62: finished (18ms, 500cycles)
Sun May 18 05:14:31 CEST 2014: 62: No solution found.
Sun May 18 05:14:31 CEST 2014: 63: finished (95ms, 500cycles)
Sun May 18 05:14:31 CEST 2014: 63: No solution found.
Sun May 18 05:14:31 CEST 2014: 64: finished (13ms, 61cycles)
Sun May 18 05:14:31 CEST 2014: 64: Solution found.
Sun May 18 05:14:31 CEST 2014: 65: finished (103ms, 500cycles)
Sun May 18 05:14:31 CEST 2014: 65: No solution found.
Sun May 18 05:14:31 CEST 2014: 66: finished (29ms, 500cycles)
Sun May 18 05:14:31 CEST 2014: 66: No solution found.
Sun May 18 05:14:31 CEST 2014: 67: finished (13ms, 56cycles)
Sun May 18 05:14:31 CEST 2014: 67: Solution found.
Sun May 18 05:14:31 CEST 2014: 68: finished (1ms, 9cycles)
Sun May 18 05:14:31 CEST 2014: 68: Solution found.
Sun May 18 05:14:31 CEST 2014: 69: finished (83ms, 500cycles)
Sun May 18 05:14:31 CEST 2014: 69: No solution found.
Sun May 18 05:14:31 CEST 2014: 70: finished (11ms, 61cycles)
Sun May 18 05:14:31 CEST 2014: 70: Solution found.
Sun May 18 05:14:31 CEST 2014: 71: finished (89ms, 500cycles)
Sun May 18 05:14:31 CEST 2014: 71: No solution found.
Sun May 18 05:14:31 CEST 2014: 72: finished (24ms, 500cycles)
Sun May 18 05:14:31 CEST 2014: 72: No solution found.
Sun May 18 05:14:32 CEST 2014: 73: finished (160ms, 500cycles)
Sun May 18 05:14:32 CEST 2014: 73: No solution found.
Sun May 18 05:14:32 CEST 2014: 74: finished (83ms, 362cycles)
Sun May 18 05:14:32 CEST 2014: 74: Solution found.
Sun May 18 05:14:32 CEST 2014: 75: finished (2ms, 37cycles)
Sun May 18 05:14:32 CEST 2014: 75: Solution found.
Sun May 18 05:14:32 CEST 2014: 76: finished (20ms, 500cycles)
Sun May 18 05:14:32 CEST 2014: 76: No solution found.
Sun May 18 05:14:32 CEST 2014: 77: finished (82ms, 500cycles)
Sun May 18 05:14:32 CEST 2014: 77: No solution found.
Sun May 18 05:14:32 CEST 2014: 78: finished (8ms, 53cycles)
Sun May 18 05:14:32 CEST 2014: 78: Solution found.
Sun May 18 05:14:32 CEST 2014: 79: finished (2ms, 26cycles)
Sun May 18 05:14:32 CEST 2014: 79: Solution found.
Sun May 18 05:14:32 CEST 2014: 80: finished (18ms, 500cycles)
Sun May 18 05:14:32 CEST 2014: 80: No solution found.
Sun May 18 05:14:32 CEST 2014: 81: finished (3ms, 33cycles)
Sun May 18 05:14:32 CEST 2014: 81: Solution found.
Sun May 18 05:14:32 CEST 2014: 82: finished (18ms, 500cycles)
Sun May 18 05:14:32 CEST 2014: 82: No solution found.
Sun May 18 05:14:32 CEST 2014: 83: finished (83ms, 500cycles)
Sun May 18 05:14:32 CEST 2014: 83: No solution found.
Sun May 18 05:14:32 CEST 2014: 84: finished (43ms, 500cycles)
Sun May 18 05:14:32 CEST 2014: 84: No solution found.
Sun May 18 05:14:32 CEST 2014: 85: finished (89ms, 500cycles)
Sun May 18 05:14:32 CEST 2014: 85: No solution found.
Sun May 18 05:14:32 CEST 2014: 86: finished (89ms, 500cycles)
Sun May 18 05:14:32 CEST 2014: 86: No solution found.
Sun May 18 05:14:32 CEST 2014: 87: finished (22ms, 500cycles)
Sun May 18 05:14:32 CEST 2014: 87: No solution found.
Sun May 18 05:14:32 CEST 2014: 88: finished (64ms, 260cycles)
Sun May 18 05:14:32 CEST 2014: 88: Solution found.
Sun May 18 05:14:32 CEST 2014: 89: finished (2ms, 17cycles)
Sun May 18 05:14:32 CEST 2014: 89: Solution found.
Sun May 18 05:14:32 CEST 2014: 90: finished (58ms, 500cycles)
Sun May 18 05:14:32 CEST 2014: 90: No solution found.
Sun May 18 05:14:32 CEST 2014: 91: finished (115ms, 500cycles)
Sun May 18 05:14:32 CEST 2014: 91: No solution found.
Sun May 18 05:14:32 CEST 2014: 92: finished (23ms, 500cycles)
Sun May 18 05:14:32 CEST 2014: 92: No solution found.
Sun May 18 05:14:33 CEST 2014: 93: finished (130ms, 500cycles)
Sun May 18 05:14:33 CEST 2014: 93: No solution found.
Sun May 18 05:14:33 CEST 2014: 94: finished (89ms, 500cycles)
Sun May 18 05:14:33 CEST 2014: 94: No solution found.
Sun May 18 05:14:33 CEST 2014: 95: finished (23ms, 500cycles)
Sun May 18 05:14:33 CEST 2014: 95: No solution found.
Sun May 18 05:14:33 CEST 2014: 96: finished (17ms, 500cycles)
Sun May 18 05:14:33 CEST 2014: 96: No solution found.
Sun May 18 05:14:33 CEST 2014: 97: finished (20ms, 500cycles)
Sun May 18 05:14:33 CEST 2014: 97: No solution found.
Sun May 18 05:14:33 CEST 2014: 98: finished (2ms, 26cycles)
Sun May 18 05:14:33 CEST 2014: 98: Solution found.
Sun May 18 05:14:33 CEST 2014: 99: finished (73ms, 500cycles)
Sun May 18 05:14:33 CEST 2014: 99: No solution found.
Sun May 18 05:14:33 CEST 2014: Solution Found: 28
Sun May 18 05:14:33 CEST 2014: Avg cycles: 78
Sun May 18 05:14:33 CEST 2014: Max cycles: 450
Sun May 18 05:14:33 CEST 2014: Min cycles: 1
Sun May 18 05:14:33 CEST 2014: No solution found: 72
Sun May 18 05:14:33 CEST 2014: logging finished. (runtime: 4849ms)
