Tue May 06 10:55:45 CEST 2014: Problem Count: 40
Tue May 06 10:55:45 CEST 2014: CandidatesCount: 20
Tue May 06 10:55:45 CEST 2014: Max Cycles: 500
Tue May 06 10:55:45 CEST 2014: 0: finished (84ms, 500cycles)
Tue May 06 10:55:45 CEST 2014: 0: No solution found.
Tue May 06 10:55:45 CEST 2014: 1: finished (67ms, 397cycles)
Tue May 06 10:55:45 CEST 2014: 1: Solution found.
Tue May 06 10:55:45 CEST 2014: 2: finished (85ms, 500cycles)
Tue May 06 10:55:45 CEST 2014: 2: No solution found.
Tue May 06 10:55:45 CEST 2014: 3: finished (1ms, 3cycles)
Tue May 06 10:55:45 CEST 2014: 3: Solution found.
Tue May 06 10:55:45 CEST 2014: 4: finished (87ms, 500cycles)
Tue May 06 10:55:45 CEST 2014: 4: No solution found.
Tue May 06 10:55:46 CEST 2014: 5: finished (85ms, 500cycles)
Tue May 06 10:55:46 CEST 2014: 5: No solution found.
Tue May 06 10:55:46 CEST 2014: 6: finished (81ms, 500cycles)
Tue May 06 10:55:46 CEST 2014: 6: No solution found.
Tue May 06 10:55:46 CEST 2014: 7: finished (7ms, 40cycles)
Tue May 06 10:55:46 CEST 2014: 7: Solution found.
Tue May 06 10:55:46 CEST 2014: 8: finished (85ms, 500cycles)
Tue May 06 10:55:46 CEST 2014: 8: No solution found.
Tue May 06 10:55:46 CEST 2014: 9: finished (4ms, 18cycles)
Tue May 06 10:55:46 CEST 2014: 9: Solution found.
Tue May 06 10:55:46 CEST 2014: 10: finished (81ms, 500cycles)
Tue May 06 10:55:46 CEST 2014: 10: No solution found.
Tue May 06 10:55:46 CEST 2014: 11: finished (79ms, 500cycles)
Tue May 06 10:55:46 CEST 2014: 11: No solution found.
Tue May 06 10:55:46 CEST 2014: 12: finished (77ms, 500cycles)
Tue May 06 10:55:46 CEST 2014: 12: No solution found.
Tue May 06 10:55:46 CEST 2014: 13: finished (80ms, 500cycles)
Tue May 06 10:55:46 CEST 2014: 13: No solution found.
Tue May 06 10:55:46 CEST 2014: 14: finished (86ms, 500cycles)
Tue May 06 10:55:46 CEST 2014: 14: No solution found.
Tue May 06 10:55:46 CEST 2014: 15: finished (98ms, 500cycles)
Tue May 06 10:55:46 CEST 2014: 15: No solution found.
Tue May 06 10:55:46 CEST 2014: 16: finished (4ms, 19cycles)
Tue May 06 10:55:46 CEST 2014: 16: Solution found.
Tue May 06 10:55:46 CEST 2014: 17: finished (87ms, 500cycles)
Tue May 06 10:55:46 CEST 2014: 17: No solution found.
Tue May 06 10:55:46 CEST 2014: 18: finished (78ms, 500cycles)
Tue May 06 10:55:46 CEST 2014: 18: No solution found.
Tue May 06 10:55:47 CEST 2014: 19: finished (86ms, 500cycles)
Tue May 06 10:55:47 CEST 2014: 19: No solution found.
Tue May 06 10:55:47 CEST 2014: 20: finished (81ms, 500cycles)
Tue May 06 10:55:47 CEST 2014: 20: No solution found.
Tue May 06 10:55:47 CEST 2014: 21: finished (4ms, 20cycles)
Tue May 06 10:55:47 CEST 2014: 21: Solution found.
Tue May 06 10:55:47 CEST 2014: 22: finished (91ms, 500cycles)
Tue May 06 10:55:47 CEST 2014: 22: No solution found.
Tue May 06 10:55:47 CEST 2014: 23: finished (94ms, 500cycles)
Tue May 06 10:55:47 CEST 2014: 23: No solution found.
Tue May 06 10:55:47 CEST 2014: 24: finished (7ms, 37cycles)
Tue May 06 10:55:47 CEST 2014: 24: Solution found.
Tue May 06 10:55:47 CEST 2014: 25: finished (90ms, 500cycles)
Tue May 06 10:55:47 CEST 2014: 25: No solution found.
Tue May 06 10:55:47 CEST 2014: 26: finished (28ms, 137cycles)
Tue May 06 10:55:47 CEST 2014: 26: Solution found.
Tue May 06 10:55:47 CEST 2014: 27: finished (6ms, 29cycles)
Tue May 06 10:55:47 CEST 2014: 27: Solution found.
Tue May 06 10:55:47 CEST 2014: 28: finished (83ms, 500cycles)
Tue May 06 10:55:47 CEST 2014: 28: No solution found.
Tue May 06 10:55:47 CEST 2014: 29: finished (88ms, 500cycles)
Tue May 06 10:55:47 CEST 2014: 29: No solution found.
Tue May 06 10:55:47 CEST 2014: 30: finished (88ms, 500cycles)
Tue May 06 10:55:47 CEST 2014: 30: No solution found.
Tue May 06 10:55:47 CEST 2014: 31: finished (77ms, 500cycles)
Tue May 06 10:55:47 CEST 2014: 31: No solution found.
Tue May 06 10:55:47 CEST 2014: 32: finished (83ms, 500cycles)
Tue May 06 10:55:47 CEST 2014: 32: No solution found.
Tue May 06 10:55:47 CEST 2014: 33: finished (94ms, 500cycles)
Tue May 06 10:55:47 CEST 2014: 33: No solution found.
Tue May 06 10:55:48 CEST 2014: 34: finished (76ms, 500cycles)
Tue May 06 10:55:48 CEST 2014: 34: No solution found.
Tue May 06 10:55:48 CEST 2014: 35: finished (1ms, 4cycles)
Tue May 06 10:55:48 CEST 2014: 35: Solution found.
Tue May 06 10:55:48 CEST 2014: 36: finished (92ms, 500cycles)
Tue May 06 10:55:48 CEST 2014: 36: No solution found.
Tue May 06 10:55:48 CEST 2014: 37: finished (94ms, 500cycles)
Tue May 06 10:55:48 CEST 2014: 37: No solution found.
Tue May 06 10:55:48 CEST 2014: 38: finished (39ms, 213cycles)
Tue May 06 10:55:48 CEST 2014: 38: Solution found.
Tue May 06 10:55:48 CEST 2014: 39: finished (65ms, 344cycles)
Tue May 06 10:55:48 CEST 2014: 39: Solution found.
Tue May 06 10:55:48 CEST 2014: 40: finished (86ms, 500cycles)
Tue May 06 10:55:48 CEST 2014: 40: No solution found.
Tue May 06 10:55:48 CEST 2014: 41: finished (79ms, 500cycles)
Tue May 06 10:55:48 CEST 2014: 41: No solution found.
Tue May 06 10:55:48 CEST 2014: 42: finished (8ms, 45cycles)
Tue May 06 10:55:48 CEST 2014: 42: Solution found.
Tue May 06 10:55:48 CEST 2014: 43: finished (6ms, 29cycles)
Tue May 06 10:55:48 CEST 2014: 43: Solution found.
Tue May 06 10:55:48 CEST 2014: 44: finished (89ms, 500cycles)
Tue May 06 10:55:48 CEST 2014: 44: No solution found.
Tue May 06 10:55:48 CEST 2014: 45: finished (7ms, 30cycles)
Tue May 06 10:55:48 CEST 2014: 45: Solution found.
Tue May 06 10:55:48 CEST 2014: 46: finished (85ms, 500cycles)
Tue May 06 10:55:48 CEST 2014: 46: No solution found.
Tue May 06 10:55:48 CEST 2014: 47: finished (3ms, 20cycles)
Tue May 06 10:55:48 CEST 2014: 47: Solution found.
Tue May 06 10:55:48 CEST 2014: 48: finished (83ms, 500cycles)
Tue May 06 10:55:48 CEST 2014: 48: No solution found.
Tue May 06 10:55:48 CEST 2014: 49: finished (84ms, 500cycles)
Tue May 06 10:55:48 CEST 2014: 49: No solution found.
Tue May 06 10:55:48 CEST 2014: 50: finished (10ms, 53cycles)
Tue May 06 10:55:48 CEST 2014: 50: Solution found.
Tue May 06 10:55:48 CEST 2014: 51: finished (7ms, 38cycles)
Tue May 06 10:55:48 CEST 2014: 51: Solution found.
Tue May 06 10:55:48 CEST 2014: 52: finished (4ms, 21cycles)
Tue May 06 10:55:48 CEST 2014: 52: Solution found.
Tue May 06 10:55:48 CEST 2014: 53: finished (77ms, 500cycles)
Tue May 06 10:55:48 CEST 2014: 53: No solution found.
Tue May 06 10:55:48 CEST 2014: 54: finished (4ms, 24cycles)
Tue May 06 10:55:48 CEST 2014: 54: Solution found.
Tue May 06 10:55:49 CEST 2014: 55: finished (103ms, 500cycles)
Tue May 06 10:55:49 CEST 2014: 55: No solution found.
Tue May 06 10:55:49 CEST 2014: 56: finished (92ms, 500cycles)
Tue May 06 10:55:49 CEST 2014: 56: No solution found.
Tue May 06 10:55:49 CEST 2014: 57: finished (88ms, 500cycles)
Tue May 06 10:55:49 CEST 2014: 57: No solution found.
Tue May 06 10:55:49 CEST 2014: 58: finished (83ms, 500cycles)
Tue May 06 10:55:49 CEST 2014: 58: No solution found.
Tue May 06 10:55:49 CEST 2014: 59: finished (94ms, 500cycles)
Tue May 06 10:55:49 CEST 2014: 59: No solution found.
Tue May 06 10:55:49 CEST 2014: 60: finished (89ms, 500cycles)
Tue May 06 10:55:49 CEST 2014: 60: No solution found.
Tue May 06 10:55:49 CEST 2014: 61: finished (2ms, 7cycles)
Tue May 06 10:55:49 CEST 2014: 61: Solution found.
Tue May 06 10:55:49 CEST 2014: 62: finished (89ms, 500cycles)
Tue May 06 10:55:49 CEST 2014: 62: No solution found.
Tue May 06 10:55:49 CEST 2014: 63: finished (90ms, 500cycles)
Tue May 06 10:55:49 CEST 2014: 63: No solution found.
Tue May 06 10:55:49 CEST 2014: 64: finished (5ms, 25cycles)
Tue May 06 10:55:49 CEST 2014: 64: Solution found.
Tue May 06 10:55:49 CEST 2014: 65: finished (8ms, 45cycles)
Tue May 06 10:55:49 CEST 2014: 65: Solution found.
Tue May 06 10:55:49 CEST 2014: 66: finished (2ms, 6cycles)
Tue May 06 10:55:49 CEST 2014: 66: Solution found.
Tue May 06 10:55:49 CEST 2014: 67: finished (17ms, 89cycles)
Tue May 06 10:55:49 CEST 2014: 67: Solution found.
Tue May 06 10:55:49 CEST 2014: 68: finished (10ms, 53cycles)
Tue May 06 10:55:49 CEST 2014: 68: Solution found.
Tue May 06 10:55:49 CEST 2014: 69: finished (92ms, 500cycles)
Tue May 06 10:55:49 CEST 2014: 69: No solution found.
Tue May 06 10:55:49 CEST 2014: 70: finished (3ms, 14cycles)
Tue May 06 10:55:49 CEST 2014: 70: Solution found.
Tue May 06 10:55:49 CEST 2014: 71: finished (80ms, 500cycles)
Tue May 06 10:55:49 CEST 2014: 71: No solution found.
Tue May 06 10:55:49 CEST 2014: 72: finished (96ms, 500cycles)
Tue May 06 10:55:49 CEST 2014: 72: No solution found.
Tue May 06 10:55:50 CEST 2014: 73: finished (95ms, 500cycles)
Tue May 06 10:55:50 CEST 2014: 73: No solution found.
Tue May 06 10:55:50 CEST 2014: 74: finished (18ms, 93cycles)
Tue May 06 10:55:50 CEST 2014: 74: Solution found.
Tue May 06 10:55:50 CEST 2014: 75: finished (2ms, 8cycles)
Tue May 06 10:55:50 CEST 2014: 75: Solution found.
Tue May 06 10:55:50 CEST 2014: 76: finished (81ms, 500cycles)
Tue May 06 10:55:50 CEST 2014: 76: No solution found.
Tue May 06 10:55:50 CEST 2014: 77: finished (78ms, 500cycles)
Tue May 06 10:55:50 CEST 2014: 77: No solution found.
Tue May 06 10:55:50 CEST 2014: 78: finished (3ms, 12cycles)
Tue May 06 10:55:50 CEST 2014: 78: Solution found.
Tue May 06 10:55:50 CEST 2014: 79: finished (84ms, 500cycles)
Tue May 06 10:55:50 CEST 2014: 79: No solution found.
Tue May 06 10:55:50 CEST 2014: 80: finished (84ms, 500cycles)
Tue May 06 10:55:50 CEST 2014: 80: No solution found.
Tue May 06 10:55:50 CEST 2014: 81: finished (101ms, 500cycles)
Tue May 06 10:55:50 CEST 2014: 81: No solution found.
Tue May 06 10:55:50 CEST 2014: 82: finished (97ms, 500cycles)
Tue May 06 10:55:50 CEST 2014: 82: No solution found.
Tue May 06 10:55:50 CEST 2014: 83: finished (5ms, 27cycles)
Tue May 06 10:55:50 CEST 2014: 83: Solution found.
Tue May 06 10:55:50 CEST 2014: 84: finished (40ms, 151cycles)
Tue May 06 10:55:50 CEST 2014: 84: Solution found.
Tue May 06 10:55:50 CEST 2014: 85: finished (81ms, 500cycles)
Tue May 06 10:55:50 CEST 2014: 85: No solution found.
Tue May 06 10:55:50 CEST 2014: 86: finished (89ms, 500cycles)
Tue May 06 10:55:50 CEST 2014: 86: No solution found.
Tue May 06 10:55:50 CEST 2014: 87: finished (94ms, 500cycles)
Tue May 06 10:55:50 CEST 2014: 87: No solution found.
Tue May 06 10:55:51 CEST 2014: 88: finished (78ms, 500cycles)
Tue May 06 10:55:51 CEST 2014: 88: No solution found.
Tue May 06 10:55:51 CEST 2014: 89: finished (90ms, 500cycles)
Tue May 06 10:55:51 CEST 2014: 89: No solution found.
Tue May 06 10:55:51 CEST 2014: 90: finished (80ms, 500cycles)
Tue May 06 10:55:51 CEST 2014: 90: No solution found.
Tue May 06 10:55:51 CEST 2014: 91: finished (4ms, 22cycles)
Tue May 06 10:55:51 CEST 2014: 91: Solution found.
Tue May 06 10:55:51 CEST 2014: 92: finished (83ms, 500cycles)
Tue May 06 10:55:51 CEST 2014: 92: No solution found.
Tue May 06 10:55:51 CEST 2014: 93: finished (89ms, 500cycles)
Tue May 06 10:55:51 CEST 2014: 93: No solution found.
Tue May 06 10:55:51 CEST 2014: 94: finished (83ms, 500cycles)
Tue May 06 10:55:51 CEST 2014: 94: No solution found.
Tue May 06 10:55:51 CEST 2014: 95: finished (90ms, 500cycles)
Tue May 06 10:55:51 CEST 2014: 95: No solution found.
Tue May 06 10:55:51 CEST 2014: 96: finished (81ms, 500cycles)
Tue May 06 10:55:51 CEST 2014: 96: No solution found.
Tue May 06 10:55:51 CEST 2014: 97: finished (1ms, 4cycles)
Tue May 06 10:55:51 CEST 2014: 97: Solution found.
Tue May 06 10:55:51 CEST 2014: 98: finished (95ms, 500cycles)
Tue May 06 10:55:51 CEST 2014: 98: No solution found.
Tue May 06 10:55:51 CEST 2014: 99: finished (6ms, 29cycles)
Tue May 06 10:55:51 CEST 2014: 99: Solution found.
Tue May 06 10:55:51 CEST 2014: Solution Found: 35
Tue May 06 10:55:51 CEST 2014: Avg cycles: 60
Tue May 06 10:55:51 CEST 2014: Max cycles: 397
Tue May 06 10:55:51 CEST 2014: Min cycles: 3
Tue May 06 10:55:51 CEST 2014: No solution found: 65
Tue May 06 10:55:51 CEST 2014: logging finished. (runtime: 6047ms)
