Tue May 06 11:26:27 CEST 2014: Problem Count: 40
Tue May 06 11:26:27 CEST 2014: CandidatesCount: 30
Tue May 06 11:26:27 CEST 2014: Max Cycles: 500
Tue May 06 11:26:27 CEST 2014: 0: finished (94ms, 348cycles)
Tue May 06 11:26:27 CEST 2014: 0: Solution found.
Tue May 06 11:26:27 CEST 2014: 1: finished (122ms, 500cycles)
Tue May 06 11:26:27 CEST 2014: 1: No solution found.
Tue May 06 11:26:28 CEST 2014: 2: finished (127ms, 500cycles)
Tue May 06 11:26:28 CEST 2014: 2: No solution found.
Tue May 06 11:26:28 CEST 2014: 3: finished (11ms, 31cycles)
Tue May 06 11:26:28 CEST 2014: 3: Solution found.
Tue May 06 11:26:28 CEST 2014: 4: finished (132ms, 500cycles)
Tue May 06 11:26:28 CEST 2014: 4: No solution found.
Tue May 06 11:26:28 CEST 2014: 5: finished (4ms, 12cycles)
Tue May 06 11:26:28 CEST 2014: 5: Solution found.
Tue May 06 11:26:28 CEST 2014: 6: finished (126ms, 500cycles)
Tue May 06 11:26:28 CEST 2014: 6: No solution found.
Tue May 06 11:26:28 CEST 2014: 7: finished (4ms, 10cycles)
Tue May 06 11:26:28 CEST 2014: 7: Solution found.
Tue May 06 11:26:28 CEST 2014: 8: finished (48ms, 169cycles)
Tue May 06 11:26:28 CEST 2014: 8: Solution found.
Tue May 06 11:26:28 CEST 2014: 9: finished (12ms, 44cycles)
Tue May 06 11:26:28 CEST 2014: 9: Solution found.
Tue May 06 11:26:28 CEST 2014: 10: finished (134ms, 500cycles)
Tue May 06 11:26:28 CEST 2014: 10: No solution found.
Tue May 06 11:26:28 CEST 2014: 11: finished (3ms, 11cycles)
Tue May 06 11:26:28 CEST 2014: 11: Solution found.
Tue May 06 11:26:28 CEST 2014: 12: finished (129ms, 500cycles)
Tue May 06 11:26:28 CEST 2014: 12: No solution found.
Tue May 06 11:26:28 CEST 2014: 13: finished (141ms, 500cycles)
Tue May 06 11:26:28 CEST 2014: 13: No solution found.
Tue May 06 11:26:28 CEST 2014: 14: finished (119ms, 500cycles)
Tue May 06 11:26:28 CEST 2014: 14: No solution found.
Tue May 06 11:26:28 CEST 2014: 15: finished (3ms, 10cycles)
Tue May 06 11:26:28 CEST 2014: 15: Solution found.
Tue May 06 11:26:29 CEST 2014: 16: finished (19ms, 53cycles)
Tue May 06 11:26:29 CEST 2014: 16: Solution found.
Tue May 06 11:26:29 CEST 2014: 17: finished (7ms, 23cycles)
Tue May 06 11:26:29 CEST 2014: 17: Solution found.
Tue May 06 11:26:29 CEST 2014: 18: finished (6ms, 17cycles)
Tue May 06 11:26:29 CEST 2014: 18: Solution found.
Tue May 06 11:26:29 CEST 2014: 19: finished (28ms, 101cycles)
Tue May 06 11:26:29 CEST 2014: 19: Solution found.
Tue May 06 11:26:29 CEST 2014: 20: finished (10ms, 36cycles)
Tue May 06 11:26:29 CEST 2014: 20: Solution found.
Tue May 06 11:26:29 CEST 2014: 21: finished (2ms, 6cycles)
Tue May 06 11:26:29 CEST 2014: 21: Solution found.
Tue May 06 11:26:29 CEST 2014: 22: finished (9ms, 30cycles)
Tue May 06 11:26:29 CEST 2014: 22: Solution found.
Tue May 06 11:26:29 CEST 2014: 23: finished (7ms, 11cycles)
Tue May 06 11:26:29 CEST 2014: 23: Solution found.
Tue May 06 11:26:29 CEST 2014: 24: finished (13ms, 20cycles)
Tue May 06 11:26:29 CEST 2014: 24: Solution found.
Tue May 06 11:26:29 CEST 2014: 25: finished (6ms, 22cycles)
Tue May 06 11:26:29 CEST 2014: 25: Solution found.
Tue May 06 11:26:29 CEST 2014: 26: finished (134ms, 500cycles)
Tue May 06 11:26:29 CEST 2014: 26: No solution found.
Tue May 06 11:26:29 CEST 2014: 27: finished (5ms, 15cycles)
Tue May 06 11:26:29 CEST 2014: 27: Solution found.
Tue May 06 11:26:29 CEST 2014: 28: finished (121ms, 500cycles)
Tue May 06 11:26:29 CEST 2014: 28: No solution found.
Tue May 06 11:26:29 CEST 2014: 29: finished (125ms, 500cycles)
Tue May 06 11:26:29 CEST 2014: 29: No solution found.
Tue May 06 11:26:29 CEST 2014: 30: finished (31ms, 69cycles)
Tue May 06 11:26:29 CEST 2014: 30: Solution found.
Tue May 06 11:26:29 CEST 2014: 31: finished (49ms, 171cycles)
Tue May 06 11:26:29 CEST 2014: 31: Solution found.
Tue May 06 11:26:29 CEST 2014: 32: finished (123ms, 500cycles)
Tue May 06 11:26:29 CEST 2014: 32: No solution found.
Tue May 06 11:26:29 CEST 2014: 33: finished (24ms, 82cycles)
Tue May 06 11:26:29 CEST 2014: 33: Solution found.
Tue May 06 11:26:29 CEST 2014: 34: finished (130ms, 500cycles)
Tue May 06 11:26:29 CEST 2014: 34: No solution found.
Tue May 06 11:26:29 CEST 2014: 35: finished (2ms, 6cycles)
Tue May 06 11:26:29 CEST 2014: 35: Solution found.
Tue May 06 11:26:29 CEST 2014: 36: finished (4ms, 11cycles)
Tue May 06 11:26:29 CEST 2014: 36: Solution found.
Tue May 06 11:26:29 CEST 2014: 37: finished (5ms, 19cycles)
Tue May 06 11:26:29 CEST 2014: 37: Solution found.
Tue May 06 11:26:29 CEST 2014: 38: finished (122ms, 500cycles)
Tue May 06 11:26:29 CEST 2014: 38: No solution found.
Tue May 06 11:26:29 CEST 2014: 39: finished (9ms, 30cycles)
Tue May 06 11:26:29 CEST 2014: 39: Solution found.
Tue May 06 11:26:29 CEST 2014: 40: finished (10ms, 37cycles)
Tue May 06 11:26:29 CEST 2014: 40: Solution found.
Tue May 06 11:26:29 CEST 2014: 41: finished (5ms, 18cycles)
Tue May 06 11:26:29 CEST 2014: 41: Solution found.
Tue May 06 11:26:30 CEST 2014: 42: finished (134ms, 500cycles)
Tue May 06 11:26:30 CEST 2014: 42: No solution found.
Tue May 06 11:26:30 CEST 2014: 43: finished (117ms, 500cycles)
Tue May 06 11:26:30 CEST 2014: 43: No solution found.
Tue May 06 11:26:30 CEST 2014: 44: finished (123ms, 500cycles)
Tue May 06 11:26:30 CEST 2014: 44: No solution found.
Tue May 06 11:26:30 CEST 2014: 45: finished (131ms, 500cycles)
Tue May 06 11:26:30 CEST 2014: 45: No solution found.
Tue May 06 11:26:30 CEST 2014: 46: finished (120ms, 500cycles)
Tue May 06 11:26:30 CEST 2014: 46: No solution found.
Tue May 06 11:26:30 CEST 2014: 47: finished (3ms, 9cycles)
Tue May 06 11:26:30 CEST 2014: 47: Solution found.
Tue May 06 11:26:30 CEST 2014: 48: finished (118ms, 500cycles)
Tue May 06 11:26:30 CEST 2014: 48: No solution found.
Tue May 06 11:26:30 CEST 2014: 49: finished (20ms, 63cycles)
Tue May 06 11:26:30 CEST 2014: 49: Solution found.
Tue May 06 11:26:30 CEST 2014: 50: finished (5ms, 15cycles)
Tue May 06 11:26:30 CEST 2014: 50: Solution found.
Tue May 06 11:26:30 CEST 2014: 51: finished (136ms, 500cycles)
Tue May 06 11:26:30 CEST 2014: 51: No solution found.
Tue May 06 11:26:30 CEST 2014: 52: finished (8ms, 29cycles)
Tue May 06 11:26:30 CEST 2014: 52: Solution found.
Tue May 06 11:26:31 CEST 2014: 53: finished (139ms, 500cycles)
Tue May 06 11:26:31 CEST 2014: 53: No solution found.
Tue May 06 11:26:31 CEST 2014: 54: finished (72ms, 230cycles)
Tue May 06 11:26:31 CEST 2014: 54: Solution found.
Tue May 06 11:26:31 CEST 2014: 55: finished (108ms, 383cycles)
Tue May 06 11:26:31 CEST 2014: 55: Solution found.
Tue May 06 11:26:31 CEST 2014: 56: finished (25ms, 47cycles)
Tue May 06 11:26:31 CEST 2014: 56: Solution found.
Tue May 06 11:26:31 CEST 2014: 57: finished (122ms, 500cycles)
Tue May 06 11:26:31 CEST 2014: 57: No solution found.
Tue May 06 11:26:31 CEST 2014: 58: finished (5ms, 15cycles)
Tue May 06 11:26:31 CEST 2014: 58: Solution found.
Tue May 06 11:26:31 CEST 2014: 59: finished (13ms, 42cycles)
Tue May 06 11:26:31 CEST 2014: 59: Solution found.
Tue May 06 11:26:31 CEST 2014: 60: finished (111ms, 500cycles)
Tue May 06 11:26:31 CEST 2014: 60: No solution found.
Tue May 06 11:26:31 CEST 2014: 61: finished (129ms, 500cycles)
Tue May 06 11:26:31 CEST 2014: 61: No solution found.
Tue May 06 11:26:31 CEST 2014: 62: finished (4ms, 13cycles)
Tue May 06 11:26:31 CEST 2014: 62: Solution found.
Tue May 06 11:26:31 CEST 2014: 63: finished (125ms, 500cycles)
Tue May 06 11:26:31 CEST 2014: 63: No solution found.
Tue May 06 11:26:31 CEST 2014: 64: finished (128ms, 500cycles)
Tue May 06 11:26:31 CEST 2014: 64: No solution found.
Tue May 06 11:26:32 CEST 2014: 65: finished (119ms, 500cycles)
Tue May 06 11:26:32 CEST 2014: 65: No solution found.
Tue May 06 11:26:32 CEST 2014: 66: finished (48ms, 157cycles)
Tue May 06 11:26:32 CEST 2014: 66: Solution found.
Tue May 06 11:26:32 CEST 2014: 67: finished (115ms, 500cycles)
Tue May 06 11:26:32 CEST 2014: 67: No solution found.
Tue May 06 11:26:32 CEST 2014: 68: finished (7ms, 18cycles)
Tue May 06 11:26:32 CEST 2014: 68: Solution found.
Tue May 06 11:26:32 CEST 2014: 69: finished (56ms, 208cycles)
Tue May 06 11:26:32 CEST 2014: 69: Solution found.
Tue May 06 11:26:32 CEST 2014: 70: finished (117ms, 500cycles)
Tue May 06 11:26:32 CEST 2014: 70: No solution found.
Tue May 06 11:26:32 CEST 2014: 71: finished (128ms, 500cycles)
Tue May 06 11:26:32 CEST 2014: 71: No solution found.
Tue May 06 11:26:32 CEST 2014: 72: finished (138ms, 500cycles)
Tue May 06 11:26:32 CEST 2014: 72: No solution found.
Tue May 06 11:26:32 CEST 2014: 73: finished (121ms, 500cycles)
Tue May 06 11:26:32 CEST 2014: 73: No solution found.
Tue May 06 11:26:32 CEST 2014: 74: finished (144ms, 500cycles)
Tue May 06 11:26:32 CEST 2014: 74: No solution found.
Tue May 06 11:26:32 CEST 2014: 75: finished (1ms, 5cycles)
Tue May 06 11:26:32 CEST 2014: 75: Solution found.
Tue May 06 11:26:33 CEST 2014: 76: finished (133ms, 500cycles)
Tue May 06 11:26:33 CEST 2014: 76: No solution found.
Tue May 06 11:26:33 CEST 2014: 77: finished (134ms, 500cycles)
Tue May 06 11:26:33 CEST 2014: 77: No solution found.
Tue May 06 11:26:33 CEST 2014: 78: finished (15ms, 47cycles)
Tue May 06 11:26:33 CEST 2014: 78: Solution found.
Tue May 06 11:26:33 CEST 2014: 79: finished (154ms, 500cycles)
Tue May 06 11:26:33 CEST 2014: 79: No solution found.
Tue May 06 11:26:33 CEST 2014: 80: finished (1ms, 1cycles)
Tue May 06 11:26:33 CEST 2014: 80: Solution found.
Tue May 06 11:26:33 CEST 2014: 81: finished (10ms, 30cycles)
Tue May 06 11:26:33 CEST 2014: 81: Solution found.
Tue May 06 11:26:33 CEST 2014: 82: finished (1ms, 1cycles)
Tue May 06 11:26:33 CEST 2014: 82: Solution found.
Tue May 06 11:26:33 CEST 2014: 83: finished (125ms, 500cycles)
Tue May 06 11:26:33 CEST 2014: 83: No solution found.
Tue May 06 11:26:33 CEST 2014: 84: finished (17ms, 57cycles)
Tue May 06 11:26:33 CEST 2014: 84: Solution found.
Tue May 06 11:26:33 CEST 2014: 85: finished (12ms, 41cycles)
Tue May 06 11:26:33 CEST 2014: 85: Solution found.
Tue May 06 11:26:33 CEST 2014: 86: finished (2ms, 5cycles)
Tue May 06 11:26:33 CEST 2014: 86: Solution found.
Tue May 06 11:26:33 CEST 2014: 87: finished (6ms, 19cycles)
Tue May 06 11:26:33 CEST 2014: 87: Solution found.
Tue May 06 11:26:33 CEST 2014: 88: finished (3ms, 8cycles)
Tue May 06 11:26:33 CEST 2014: 88: Solution found.
Tue May 06 11:26:33 CEST 2014: 89: finished (1ms, 3cycles)
Tue May 06 11:26:33 CEST 2014: 89: Solution found.
Tue May 06 11:26:33 CEST 2014: 90: finished (145ms, 500cycles)
Tue May 06 11:26:33 CEST 2014: 90: No solution found.
Tue May 06 11:26:33 CEST 2014: 91: finished (1ms, 3cycles)
Tue May 06 11:26:33 CEST 2014: 91: Solution found.
Tue May 06 11:26:33 CEST 2014: 92: finished (7ms, 26cycles)
Tue May 06 11:26:33 CEST 2014: 92: Solution found.
Tue May 06 11:26:33 CEST 2014: 93: finished (127ms, 500cycles)
Tue May 06 11:26:33 CEST 2014: 93: No solution found.
Tue May 06 11:26:33 CEST 2014: 94: finished (128ms, 500cycles)
Tue May 06 11:26:33 CEST 2014: 94: No solution found.
Tue May 06 11:26:33 CEST 2014: 95: finished (26ms, 93cycles)
Tue May 06 11:26:33 CEST 2014: 95: Solution found.
Tue May 06 11:26:34 CEST 2014: 96: finished (120ms, 500cycles)
Tue May 06 11:26:34 CEST 2014: 96: No solution found.
Tue May 06 11:26:34 CEST 2014: 97: finished (14ms, 22cycles)
Tue May 06 11:26:34 CEST 2014: 97: Solution found.
Tue May 06 11:26:34 CEST 2014: 98: finished (3ms, 9cycles)
Tue May 06 11:26:34 CEST 2014: 98: Solution found.
Tue May 06 11:26:34 CEST 2014: 99: finished (128ms, 500cycles)
Tue May 06 11:26:34 CEST 2014: 99: No solution found.
Tue May 06 11:26:34 CEST 2014: Solution Found: 57
Tue May 06 11:26:34 CEST 2014: Avg cycles: 52
Tue May 06 11:26:34 CEST 2014: Max cycles: 383
Tue May 06 11:26:34 CEST 2014: Min cycles: 1
Tue May 06 11:26:34 CEST 2014: No solution found: 43
Tue May 06 11:26:34 CEST 2014: logging finished. (runtime: 6435ms)
