Tue May 06 14:08:29 CEST 2014: Problem Count: 40
Tue May 06 14:08:29 CEST 2014: CandidatesCount: 20
Tue May 06 14:08:29 CEST 2014: Max Cycles: 500
Tue May 06 14:08:29 CEST 2014: 0: finished (11ms, 56cycles)
Tue May 06 14:08:29 CEST 2014: 0: Solution found.
Tue May 06 14:08:29 CEST 2014: 1: finished (1ms, 8cycles)
Tue May 06 14:08:29 CEST 2014: 1: Solution found.
Tue May 06 14:08:29 CEST 2014: 2: finished (91ms, 500cycles)
Tue May 06 14:08:29 CEST 2014: 2: No solution found.
Tue May 06 14:08:29 CEST 2014: 3: finished (81ms, 500cycles)
Tue May 06 14:08:29 CEST 2014: 3: No solution found.
Tue May 06 14:08:29 CEST 2014: 4: finished (77ms, 500cycles)
Tue May 06 14:08:29 CEST 2014: 4: No solution found.
Tue May 06 14:08:29 CEST 2014: 5: finished (10ms, 49cycles)
Tue May 06 14:08:29 CEST 2014: 5: Solution found.
Tue May 06 14:08:29 CEST 2014: 6: finished (9ms, 40cycles)
Tue May 06 14:08:29 CEST 2014: 6: Solution found.
Tue May 06 14:08:29 CEST 2014: 7: finished (76ms, 500cycles)
Tue May 06 14:08:29 CEST 2014: 7: No solution found.
Tue May 06 14:08:29 CEST 2014: 8: finished (30ms, 144cycles)
Tue May 06 14:08:29 CEST 2014: 8: Solution found.
Tue May 06 14:08:29 CEST 2014: 9: finished (83ms, 500cycles)
Tue May 06 14:08:29 CEST 2014: 9: No solution found.
Tue May 06 14:08:29 CEST 2014: 10: finished (3ms, 16cycles)
Tue May 06 14:08:29 CEST 2014: 10: Solution found.
Tue May 06 14:08:29 CEST 2014: 11: finished (6ms, 29cycles)
Tue May 06 14:08:29 CEST 2014: 11: Solution found.
Tue May 06 14:08:30 CEST 2014: 12: finished (76ms, 500cycles)
Tue May 06 14:08:30 CEST 2014: 12: No solution found.
Tue May 06 14:08:30 CEST 2014: 13: finished (10ms, 58cycles)
Tue May 06 14:08:30 CEST 2014: 13: Solution found.
Tue May 06 14:08:30 CEST 2014: 14: finished (1ms, 8cycles)
Tue May 06 14:08:30 CEST 2014: 14: Solution found.
Tue May 06 14:08:30 CEST 2014: 15: finished (140ms, 321cycles)
Tue May 06 14:08:30 CEST 2014: 15: Solution found.
Tue May 06 14:08:30 CEST 2014: 16: finished (96ms, 500cycles)
Tue May 06 14:08:30 CEST 2014: 16: No solution found.
Tue May 06 14:08:30 CEST 2014: 17: finished (92ms, 500cycles)
Tue May 06 14:08:30 CEST 2014: 17: No solution found.
Tue May 06 14:08:30 CEST 2014: 18: finished (4ms, 17cycles)
Tue May 06 14:08:30 CEST 2014: 18: Solution found.
Tue May 06 14:08:30 CEST 2014: 19: finished (86ms, 500cycles)
Tue May 06 14:08:30 CEST 2014: 19: No solution found.
Tue May 06 14:08:30 CEST 2014: 20: finished (50ms, 271cycles)
Tue May 06 14:08:30 CEST 2014: 20: Solution found.
Tue May 06 14:08:30 CEST 2014: 21: finished (90ms, 500cycles)
Tue May 06 14:08:30 CEST 2014: 21: No solution found.
Tue May 06 14:08:30 CEST 2014: 22: finished (82ms, 500cycles)
Tue May 06 14:08:30 CEST 2014: 22: No solution found.
Tue May 06 14:08:30 CEST 2014: 23: finished (82ms, 500cycles)
Tue May 06 14:08:30 CEST 2014: 23: No solution found.
Tue May 06 14:08:30 CEST 2014: 24: finished (9ms, 42cycles)
Tue May 06 14:08:30 CEST 2014: 24: Solution found.
Tue May 06 14:08:30 CEST 2014: 25: finished (25ms, 133cycles)
Tue May 06 14:08:30 CEST 2014: 25: Solution found.
Tue May 06 14:08:30 CEST 2014: 26: finished (6ms, 28cycles)
Tue May 06 14:08:30 CEST 2014: 26: Solution found.
Tue May 06 14:08:30 CEST 2014: 27: finished (93ms, 500cycles)
Tue May 06 14:08:30 CEST 2014: 27: No solution found.
Tue May 06 14:08:30 CEST 2014: 28: finished (93ms, 500cycles)
Tue May 06 14:08:30 CEST 2014: 28: No solution found.
Tue May 06 14:08:31 CEST 2014: 29: finished (41ms, 216cycles)
Tue May 06 14:08:31 CEST 2014: 29: Solution found.
Tue May 06 14:08:31 CEST 2014: 30: finished (4ms, 21cycles)
Tue May 06 14:08:31 CEST 2014: 30: Solution found.
Tue May 06 14:08:31 CEST 2014: 31: finished (50ms, 239cycles)
Tue May 06 14:08:31 CEST 2014: 31: Solution found.
Tue May 06 14:08:31 CEST 2014: 32: finished (85ms, 500cycles)
Tue May 06 14:08:31 CEST 2014: 32: No solution found.
Tue May 06 14:08:31 CEST 2014: 33: finished (9ms, 58cycles)
Tue May 06 14:08:31 CEST 2014: 33: Solution found.
Tue May 06 14:08:31 CEST 2014: 34: finished (77ms, 500cycles)
Tue May 06 14:08:31 CEST 2014: 34: No solution found.
Tue May 06 14:08:31 CEST 2014: 35: finished (5ms, 26cycles)
Tue May 06 14:08:31 CEST 2014: 35: Solution found.
Tue May 06 14:08:31 CEST 2014: 36: finished (4ms, 21cycles)
Tue May 06 14:08:31 CEST 2014: 36: Solution found.
Tue May 06 14:08:31 CEST 2014: 37: finished (87ms, 500cycles)
Tue May 06 14:08:31 CEST 2014: 37: No solution found.
Tue May 06 14:08:31 CEST 2014: 38: finished (5ms, 30cycles)
Tue May 06 14:08:31 CEST 2014: 38: Solution found.
Tue May 06 14:08:31 CEST 2014: 39: finished (100ms, 500cycles)
Tue May 06 14:08:31 CEST 2014: 39: No solution found.
Tue May 06 14:08:31 CEST 2014: 40: finished (82ms, 500cycles)
Tue May 06 14:08:31 CEST 2014: 40: No solution found.
Tue May 06 14:08:31 CEST 2014: 41: finished (19ms, 106cycles)
Tue May 06 14:08:31 CEST 2014: 41: Solution found.
Tue May 06 14:08:31 CEST 2014: 42: finished (3ms, 18cycles)
Tue May 06 14:08:31 CEST 2014: 42: Solution found.
Tue May 06 14:08:31 CEST 2014: 43: finished (91ms, 500cycles)
Tue May 06 14:08:31 CEST 2014: 43: No solution found.
Tue May 06 14:08:31 CEST 2014: 44: finished (100ms, 500cycles)
Tue May 06 14:08:31 CEST 2014: 44: No solution found.
Tue May 06 14:08:31 CEST 2014: 45: finished (84ms, 500cycles)
Tue May 06 14:08:31 CEST 2014: 45: No solution found.
Tue May 06 14:08:31 CEST 2014: 46: finished (92ms, 500cycles)
Tue May 06 14:08:31 CEST 2014: 46: No solution found.
Tue May 06 14:08:32 CEST 2014: 47: finished (85ms, 500cycles)
Tue May 06 14:08:32 CEST 2014: 47: No solution found.
Tue May 06 14:08:32 CEST 2014: 48: finished (107ms, 500cycles)
Tue May 06 14:08:32 CEST 2014: 48: No solution found.
Tue May 06 14:08:32 CEST 2014: 49: finished (77ms, 500cycles)
Tue May 06 14:08:32 CEST 2014: 49: No solution found.
Tue May 06 14:08:32 CEST 2014: 50: finished (79ms, 500cycles)
Tue May 06 14:08:32 CEST 2014: 50: No solution found.
Tue May 06 14:08:32 CEST 2014: 51: finished (5ms, 25cycles)
Tue May 06 14:08:32 CEST 2014: 51: Solution found.
Tue May 06 14:08:32 CEST 2014: 52: finished (87ms, 500cycles)
Tue May 06 14:08:32 CEST 2014: 52: No solution found.
Tue May 06 14:08:32 CEST 2014: 53: finished (88ms, 500cycles)
Tue May 06 14:08:32 CEST 2014: 53: No solution found.
Tue May 06 14:08:32 CEST 2014: 54: finished (85ms, 500cycles)
Tue May 06 14:08:32 CEST 2014: 54: No solution found.
Tue May 06 14:08:32 CEST 2014: 55: finished (86ms, 500cycles)
Tue May 06 14:08:32 CEST 2014: 55: No solution found.
Tue May 06 14:08:32 CEST 2014: 56: finished (4ms, 17cycles)
Tue May 06 14:08:32 CEST 2014: 56: Solution found.
Tue May 06 14:08:32 CEST 2014: 57: finished (88ms, 500cycles)
Tue May 06 14:08:32 CEST 2014: 57: No solution found.
Tue May 06 14:08:32 CEST 2014: 58: finished (79ms, 500cycles)
Tue May 06 14:08:32 CEST 2014: 58: No solution found.
Tue May 06 14:08:32 CEST 2014: 59: finished (97ms, 500cycles)
Tue May 06 14:08:32 CEST 2014: 59: No solution found.
Tue May 06 14:08:32 CEST 2014: 60: finished (2ms, 8cycles)
Tue May 06 14:08:32 CEST 2014: 60: Solution found.
Tue May 06 14:08:32 CEST 2014: 61: finished (87ms, 500cycles)
Tue May 06 14:08:32 CEST 2014: 61: No solution found.
Tue May 06 14:08:32 CEST 2014: 62: finished (1ms, 5cycles)
Tue May 06 14:08:32 CEST 2014: 62: Solution found.
Tue May 06 14:08:33 CEST 2014: 63: finished (93ms, 500cycles)
Tue May 06 14:08:33 CEST 2014: 63: No solution found.
Tue May 06 14:08:33 CEST 2014: 64: finished (94ms, 500cycles)
Tue May 06 14:08:33 CEST 2014: 64: No solution found.
Tue May 06 14:08:33 CEST 2014: 65: finished (10ms, 51cycles)
Tue May 06 14:08:33 CEST 2014: 65: Solution found.
Tue May 06 14:08:33 CEST 2014: 66: finished (2ms, 9cycles)
Tue May 06 14:08:33 CEST 2014: 66: Solution found.
Tue May 06 14:08:33 CEST 2014: 67: finished (30ms, 160cycles)
Tue May 06 14:08:33 CEST 2014: 67: Solution found.
Tue May 06 14:08:33 CEST 2014: 68: finished (4ms, 8cycles)
Tue May 06 14:08:33 CEST 2014: 68: Solution found.
Tue May 06 14:08:33 CEST 2014: 69: finished (79ms, 500cycles)
Tue May 06 14:08:33 CEST 2014: 69: No solution found.
Tue May 06 14:08:33 CEST 2014: 70: finished (75ms, 500cycles)
Tue May 06 14:08:33 CEST 2014: 70: No solution found.
Tue May 06 14:08:33 CEST 2014: 71: finished (88ms, 500cycles)
Tue May 06 14:08:33 CEST 2014: 71: No solution found.
Tue May 06 14:08:33 CEST 2014: 72: finished (6ms, 32cycles)
Tue May 06 14:08:33 CEST 2014: 72: Solution found.
Tue May 06 14:08:33 CEST 2014: 73: finished (11ms, 54cycles)
Tue May 06 14:08:33 CEST 2014: 73: Solution found.
Tue May 06 14:08:33 CEST 2014: 74: finished (6ms, 32cycles)
Tue May 06 14:08:33 CEST 2014: 74: Solution found.
Tue May 06 14:08:33 CEST 2014: 75: finished (2ms, 9cycles)
Tue May 06 14:08:33 CEST 2014: 75: Solution found.
Tue May 06 14:08:33 CEST 2014: 76: finished (2ms, 13cycles)
Tue May 06 14:08:33 CEST 2014: 76: Solution found.
Tue May 06 14:08:33 CEST 2014: 77: finished (76ms, 500cycles)
Tue May 06 14:08:33 CEST 2014: 77: No solution found.
Tue May 06 14:08:33 CEST 2014: 78: finished (88ms, 500cycles)
Tue May 06 14:08:33 CEST 2014: 78: No solution found.
Tue May 06 14:08:33 CEST 2014: 79: finished (83ms, 500cycles)
Tue May 06 14:08:33 CEST 2014: 79: No solution found.
Tue May 06 14:08:33 CEST 2014: 80: finished (77ms, 500cycles)
Tue May 06 14:08:33 CEST 2014: 80: No solution found.
Tue May 06 14:08:33 CEST 2014: 81: finished (78ms, 500cycles)
Tue May 06 14:08:33 CEST 2014: 81: No solution found.
Tue May 06 14:08:33 CEST 2014: 82: finished (100ms, 500cycles)
Tue May 06 14:08:33 CEST 2014: 82: No solution found.
Tue May 06 14:08:34 CEST 2014: 83: finished (88ms, 500cycles)
Tue May 06 14:08:34 CEST 2014: 83: No solution found.
Tue May 06 14:08:34 CEST 2014: 84: finished (81ms, 500cycles)
Tue May 06 14:08:34 CEST 2014: 84: No solution found.
Tue May 06 14:08:34 CEST 2014: 85: finished (90ms, 500cycles)
Tue May 06 14:08:34 CEST 2014: 85: No solution found.
Tue May 06 14:08:34 CEST 2014: 86: finished (102ms, 500cycles)
Tue May 06 14:08:34 CEST 2014: 86: No solution found.
Tue May 06 14:08:34 CEST 2014: 87: finished (84ms, 500cycles)
Tue May 06 14:08:34 CEST 2014: 87: No solution found.
Tue May 06 14:08:34 CEST 2014: 88: finished (84ms, 500cycles)
Tue May 06 14:08:34 CEST 2014: 88: No solution found.
Tue May 06 14:08:34 CEST 2014: 89: finished (8ms, 43cycles)
Tue May 06 14:08:34 CEST 2014: 89: Solution found.
Tue May 06 14:08:34 CEST 2014: 90: finished (94ms, 500cycles)
Tue May 06 14:08:34 CEST 2014: 90: No solution found.
Tue May 06 14:08:34 CEST 2014: 91: finished (4ms, 21cycles)
Tue May 06 14:08:34 CEST 2014: 91: Solution found.
Tue May 06 14:08:34 CEST 2014: 92: finished (86ms, 500cycles)
Tue May 06 14:08:34 CEST 2014: 92: No solution found.
Tue May 06 14:08:34 CEST 2014: 93: finished (61ms, 295cycles)
Tue May 06 14:08:34 CEST 2014: 93: Solution found.
Tue May 06 14:08:34 CEST 2014: 94: finished (11ms, 58cycles)
Tue May 06 14:08:34 CEST 2014: 94: Solution found.
Tue May 06 14:08:34 CEST 2014: 95: finished (6ms, 30cycles)
Tue May 06 14:08:34 CEST 2014: 95: Solution found.
Tue May 06 14:08:34 CEST 2014: 96: finished (79ms, 500cycles)
Tue May 06 14:08:34 CEST 2014: 96: No solution found.
Tue May 06 14:08:34 CEST 2014: 97: finished (78ms, 500cycles)
Tue May 06 14:08:34 CEST 2014: 97: No solution found.
Tue May 06 14:08:35 CEST 2014: 98: finished (80ms, 500cycles)
Tue May 06 14:08:35 CEST 2014: 98: No solution found.
Tue May 06 14:08:35 CEST 2014: 99: finished (77ms, 500cycles)
Tue May 06 14:08:35 CEST 2014: 99: No solution found.
Tue May 06 14:08:35 CEST 2014: Solution Found: 42
Tue May 06 14:08:35 CEST 2014: Avg cycles: 67
Tue May 06 14:08:35 CEST 2014: Max cycles: 321
Tue May 06 14:08:35 CEST 2014: Min cycles: 5
Tue May 06 14:08:35 CEST 2014: No solution found: 58
Tue May 06 14:08:35 CEST 2014: logging finished. (runtime: 5640ms)
