Sun May 18 00:04:54 CEST 2014: Problem Count: 50
Sun May 18 00:04:54 CEST 2014: CandidatesCount: 50
Sun May 18 00:04:54 CEST 2014: Max Cycles: 500
Sun May 18 00:04:54 CEST 2014: 0: finished (5ms, 8cycles)
Sun May 18 00:04:54 CEST 2014: 0: Solution found.
Sun May 18 00:04:54 CEST 2014: 1: finished (80ms, 128cycles)
Sun May 18 00:04:54 CEST 2014: 1: Solution found.
Sun May 18 00:04:54 CEST 2014: 2: finished (71ms, 123cycles)
Sun May 18 00:04:54 CEST 2014: 2: Solution found.
Sun May 18 00:04:54 CEST 2014: 3: finished (2ms, 2cycles)
Sun May 18 00:04:54 CEST 2014: 3: Solution found.
Sun May 18 00:04:55 CEST 2014: 4: finished (281ms, 500cycles)
Sun May 18 00:04:55 CEST 2014: 4: No solution found.
Sun May 18 00:04:55 CEST 2014: 5: finished (287ms, 500cycles)
Sun May 18 00:04:55 CEST 2014: 5: No solution found.
Sun May 18 00:04:55 CEST 2014: 6: finished (308ms, 500cycles)
Sun May 18 00:04:55 CEST 2014: 6: No solution found.
Sun May 18 00:04:55 CEST 2014: 7: finished (15ms, 25cycles)
Sun May 18 00:04:55 CEST 2014: 7: Solution found.
Sun May 18 00:04:56 CEST 2014: 8: finished (291ms, 500cycles)
Sun May 18 00:04:56 CEST 2014: 8: No solution found.
Sun May 18 00:04:56 CEST 2014: 9: finished (285ms, 500cycles)
Sun May 18 00:04:56 CEST 2014: 9: No solution found.
Sun May 18 00:04:56 CEST 2014: 10: finished (294ms, 500cycles)
Sun May 18 00:04:56 CEST 2014: 10: No solution found.
Sun May 18 00:04:56 CEST 2014: 11: finished (292ms, 500cycles)
Sun May 18 00:04:56 CEST 2014: 11: No solution found.
Sun May 18 00:04:56 CEST 2014: 12: finished (59ms, 103cycles)
Sun May 18 00:04:56 CEST 2014: 12: Solution found.
Sun May 18 00:04:56 CEST 2014: 13: finished (23ms, 36cycles)
Sun May 18 00:04:56 CEST 2014: 13: Solution found.
Sun May 18 00:04:57 CEST 2014: 14: finished (9ms, 14cycles)
Sun May 18 00:04:57 CEST 2014: 14: Solution found.
Sun May 18 00:04:57 CEST 2014: 15: finished (324ms, 500cycles)
Sun May 18 00:04:57 CEST 2014: 15: No solution found.
Sun May 18 00:04:57 CEST 2014: 16: finished (5ms, 6cycles)
Sun May 18 00:04:57 CEST 2014: 16: Solution found.
Sun May 18 00:04:57 CEST 2014: 17: finished (12ms, 19cycles)
Sun May 18 00:04:57 CEST 2014: 17: Solution found.
Sun May 18 00:04:57 CEST 2014: 18: finished (297ms, 500cycles)
Sun May 18 00:04:57 CEST 2014: 18: No solution found.
Sun May 18 00:04:57 CEST 2014: 19: finished (6ms, 7cycles)
Sun May 18 00:04:57 CEST 2014: 19: Solution found.
Sun May 18 00:04:57 CEST 2014: 20: finished (23ms, 36cycles)
Sun May 18 00:04:57 CEST 2014: 20: Solution found.
Sun May 18 00:04:57 CEST 2014: 21: finished (3ms, 4cycles)
Sun May 18 00:04:57 CEST 2014: 21: Solution found.
Sun May 18 00:04:57 CEST 2014: 22: finished (26ms, 42cycles)
Sun May 18 00:04:57 CEST 2014: 22: Solution found.
Sun May 18 00:04:57 CEST 2014: 23: finished (20ms, 30cycles)
Sun May 18 00:04:57 CEST 2014: 23: Solution found.
Sun May 18 00:04:57 CEST 2014: 24: finished (34ms, 53cycles)
Sun May 18 00:04:57 CEST 2014: 24: Solution found.
Sun May 18 00:04:58 CEST 2014: 25: finished (272ms, 500cycles)
Sun May 18 00:04:58 CEST 2014: 25: No solution found.
Sun May 18 00:04:58 CEST 2014: 26: finished (23ms, 39cycles)
Sun May 18 00:04:58 CEST 2014: 26: Solution found.
Sun May 18 00:04:58 CEST 2014: 27: finished (11ms, 17cycles)
Sun May 18 00:04:58 CEST 2014: 27: Solution found.
Sun May 18 00:04:58 CEST 2014: 28: finished (8ms, 12cycles)
Sun May 18 00:04:58 CEST 2014: 28: Solution found.
Sun May 18 00:04:58 CEST 2014: 29: finished (319ms, 500cycles)
Sun May 18 00:04:58 CEST 2014: 29: No solution found.
Sun May 18 00:04:58 CEST 2014: 30: finished (14ms, 22cycles)
Sun May 18 00:04:58 CEST 2014: 30: Solution found.
Sun May 18 00:04:58 CEST 2014: 31: finished (280ms, 500cycles)
Sun May 18 00:04:58 CEST 2014: 31: No solution found.
Sun May 18 00:04:58 CEST 2014: 32: finished (267ms, 500cycles)
Sun May 18 00:04:58 CEST 2014: 32: No solution found.
Sun May 18 00:04:59 CEST 2014: 33: finished (71ms, 107cycles)
Sun May 18 00:04:59 CEST 2014: 33: Solution found.
Sun May 18 00:04:59 CEST 2014: 34: finished (9ms, 14cycles)
Sun May 18 00:04:59 CEST 2014: 34: Solution found.
Sun May 18 00:04:59 CEST 2014: 35: finished (278ms, 500cycles)
Sun May 18 00:04:59 CEST 2014: 35: No solution found.
Sun May 18 00:04:59 CEST 2014: 36: finished (308ms, 500cycles)
Sun May 18 00:04:59 CEST 2014: 36: No solution found.
Sun May 18 00:04:59 CEST 2014: 37: finished (15ms, 24cycles)
Sun May 18 00:04:59 CEST 2014: 37: Solution found.
Sun May 18 00:04:59 CEST 2014: 38: finished (3ms, 3cycles)
Sun May 18 00:04:59 CEST 2014: 38: Solution found.
Sun May 18 00:04:59 CEST 2014: 39: finished (308ms, 500cycles)
Sun May 18 00:04:59 CEST 2014: 39: No solution found.
Sun May 18 00:04:59 CEST 2014: 40: finished (31ms, 52cycles)
Sun May 18 00:04:59 CEST 2014: 40: Solution found.
Sun May 18 00:04:59 CEST 2014: 41: finished (24ms, 39cycles)
Sun May 18 00:04:59 CEST 2014: 41: Solution found.
Sun May 18 00:05:00 CEST 2014: 42: finished (6ms, 9cycles)
Sun May 18 00:05:00 CEST 2014: 42: Solution found.
Sun May 18 00:05:00 CEST 2014: 43: finished (4ms, 2cycles)
Sun May 18 00:05:00 CEST 2014: 43: Solution found.
Sun May 18 00:05:00 CEST 2014: 44: finished (32ms, 54cycles)
Sun May 18 00:05:00 CEST 2014: 44: Solution found.
Sun May 18 00:05:00 CEST 2014: 45: finished (11ms, 16cycles)
Sun May 18 00:05:00 CEST 2014: 45: Solution found.
Sun May 18 00:05:00 CEST 2014: 46: finished (6ms, 8cycles)
Sun May 18 00:05:00 CEST 2014: 46: Solution found.
Sun May 18 00:05:00 CEST 2014: 47: finished (301ms, 500cycles)
Sun May 18 00:05:00 CEST 2014: 47: No solution found.
Sun May 18 00:05:00 CEST 2014: 48: finished (4ms, 5cycles)
Sun May 18 00:05:00 CEST 2014: 48: Solution found.
Sun May 18 00:05:00 CEST 2014: 49: finished (11ms, 16cycles)
Sun May 18 00:05:00 CEST 2014: 49: Solution found.
Sun May 18 00:05:00 CEST 2014: 50: finished (293ms, 500cycles)
Sun May 18 00:05:00 CEST 2014: 50: No solution found.
Sun May 18 00:05:00 CEST 2014: 51: finished (15ms, 24cycles)
Sun May 18 00:05:00 CEST 2014: 51: Solution found.
Sun May 18 00:05:00 CEST 2014: 52: finished (11ms, 17cycles)
Sun May 18 00:05:00 CEST 2014: 52: Solution found.
Sun May 18 00:05:00 CEST 2014: 53: finished (6ms, 8cycles)
Sun May 18 00:05:00 CEST 2014: 53: Solution found.
Sun May 18 00:05:00 CEST 2014: 54: finished (32ms, 43cycles)
Sun May 18 00:05:00 CEST 2014: 54: Solution found.
Sun May 18 00:05:01 CEST 2014: 55: finished (278ms, 500cycles)
Sun May 18 00:05:01 CEST 2014: 55: No solution found.
Sun May 18 00:05:01 CEST 2014: 56: finished (321ms, 500cycles)
Sun May 18 00:05:01 CEST 2014: 56: No solution found.
Sun May 18 00:05:01 CEST 2014: 57: finished (16ms, 25cycles)
Sun May 18 00:05:01 CEST 2014: 57: Solution found.
Sun May 18 00:05:01 CEST 2014: 58: finished (57ms, 84cycles)
Sun May 18 00:05:01 CEST 2014: 58: Solution found.
Sun May 18 00:05:01 CEST 2014: 59: finished (23ms, 26cycles)
Sun May 18 00:05:01 CEST 2014: 59: Solution found.
Sun May 18 00:05:01 CEST 2014: 60: finished (11ms, 14cycles)
Sun May 18 00:05:01 CEST 2014: 60: Solution found.
Sun May 18 00:05:01 CEST 2014: 61: finished (3ms, 3cycles)
Sun May 18 00:05:01 CEST 2014: 61: Solution found.
Sun May 18 00:05:01 CEST 2014: 62: finished (15ms, 23cycles)
Sun May 18 00:05:01 CEST 2014: 62: Solution found.
Sun May 18 00:05:01 CEST 2014: 63: finished (280ms, 500cycles)
Sun May 18 00:05:01 CEST 2014: 63: No solution found.
Sun May 18 00:05:01 CEST 2014: 64: finished (12ms, 10cycles)
Sun May 18 00:05:01 CEST 2014: 64: Solution found.
Sun May 18 00:05:02 CEST 2014: 65: finished (269ms, 500cycles)
Sun May 18 00:05:02 CEST 2014: 65: No solution found.
Sun May 18 00:05:02 CEST 2014: 66: finished (6ms, 9cycles)
Sun May 18 00:05:02 CEST 2014: 66: Solution found.
Sun May 18 00:05:02 CEST 2014: 67: finished (7ms, 12cycles)
Sun May 18 00:05:02 CEST 2014: 67: Solution found.
Sun May 18 00:05:02 CEST 2014: 68: finished (28ms, 36cycles)
Sun May 18 00:05:02 CEST 2014: 68: Solution found.
Sun May 18 00:05:02 CEST 2014: 69: finished (2ms, 3cycles)
Sun May 18 00:05:02 CEST 2014: 69: Solution found.
Sun May 18 00:05:02 CEST 2014: 70: finished (27ms, 44cycles)
Sun May 18 00:05:02 CEST 2014: 70: Solution found.
Sun May 18 00:05:02 CEST 2014: 71: finished (7ms, 11cycles)
Sun May 18 00:05:02 CEST 2014: 71: Solution found.
Sun May 18 00:05:02 CEST 2014: 72: finished (298ms, 500cycles)
Sun May 18 00:05:02 CEST 2014: 72: No solution found.
Sun May 18 00:05:02 CEST 2014: 73: finished (314ms, 500cycles)
Sun May 18 00:05:02 CEST 2014: 73: No solution found.
Sun May 18 00:05:02 CEST 2014: 74: finished (48ms, 74cycles)
Sun May 18 00:05:02 CEST 2014: 74: Solution found.
Sun May 18 00:05:02 CEST 2014: 75: finished (14ms, 25cycles)
Sun May 18 00:05:02 CEST 2014: 75: Solution found.
Sun May 18 00:05:02 CEST 2014: 76: finished (9ms, 14cycles)
Sun May 18 00:05:02 CEST 2014: 76: Solution found.
Sun May 18 00:05:02 CEST 2014: 77: finished (12ms, 20cycles)
Sun May 18 00:05:02 CEST 2014: 77: Solution found.
Sun May 18 00:05:02 CEST 2014: 78: finished (25ms, 30cycles)
Sun May 18 00:05:02 CEST 2014: 78: Solution found.
Sun May 18 00:05:02 CEST 2014: 79: finished (13ms, 20cycles)
Sun May 18 00:05:02 CEST 2014: 79: Solution found.
Sun May 18 00:05:03 CEST 2014: 80: finished (324ms, 500cycles)
Sun May 18 00:05:03 CEST 2014: 80: No solution found.
Sun May 18 00:05:03 CEST 2014: 81: finished (16ms, 22cycles)
Sun May 18 00:05:03 CEST 2014: 81: Solution found.
Sun May 18 00:05:03 CEST 2014: 82: finished (14ms, 21cycles)
Sun May 18 00:05:03 CEST 2014: 82: Solution found.
Sun May 18 00:05:03 CEST 2014: 83: finished (25ms, 36cycles)
Sun May 18 00:05:03 CEST 2014: 83: Solution found.
Sun May 18 00:05:03 CEST 2014: 84: finished (10ms, 15cycles)
Sun May 18 00:05:03 CEST 2014: 84: Solution found.
Sun May 18 00:05:03 CEST 2014: 85: finished (294ms, 500cycles)
Sun May 18 00:05:03 CEST 2014: 85: No solution found.
Sun May 18 00:05:03 CEST 2014: 86: finished (291ms, 500cycles)
Sun May 18 00:05:03 CEST 2014: 86: No solution found.
Sun May 18 00:05:03 CEST 2014: 87: finished (17ms, 26cycles)
Sun May 18 00:05:03 CEST 2014: 87: Solution found.
Sun May 18 00:05:03 CEST 2014: 88: finished (7ms, 11cycles)
Sun May 18 00:05:03 CEST 2014: 88: Solution found.
Sun May 18 00:05:03 CEST 2014: 89: finished (17ms, 29cycles)
Sun May 18 00:05:03 CEST 2014: 89: Solution found.
Sun May 18 00:05:04 CEST 2014: 90: finished (304ms, 500cycles)
Sun May 18 00:05:04 CEST 2014: 90: No solution found.
Sun May 18 00:05:04 CEST 2014: 91: finished (20ms, 30cycles)
Sun May 18 00:05:04 CEST 2014: 91: Solution found.
Sun May 18 00:05:04 CEST 2014: 92: finished (296ms, 500cycles)
Sun May 18 00:05:04 CEST 2014: 92: No solution found.
Sun May 18 00:05:04 CEST 2014: 93: finished (6ms, 9cycles)
Sun May 18 00:05:04 CEST 2014: 93: Solution found.
Sun May 18 00:05:04 CEST 2014: 94: finished (19ms, 29cycles)
Sun May 18 00:05:04 CEST 2014: 94: Solution found.
Sun May 18 00:05:04 CEST 2014: 95: finished (312ms, 500cycles)
Sun May 18 00:05:04 CEST 2014: 95: No solution found.
Sun May 18 00:05:04 CEST 2014: 96: finished (8ms, 10cycles)
Sun May 18 00:05:04 CEST 2014: 96: Solution found.
Sun May 18 00:05:04 CEST 2014: 97: finished (10ms, 16cycles)
Sun May 18 00:05:04 CEST 2014: 97: Solution found.
Sun May 18 00:05:04 CEST 2014: 98: finished (7ms, 9cycles)
Sun May 18 00:05:04 CEST 2014: 98: Solution found.
Sun May 18 00:05:04 CEST 2014: 99: finished (10ms, 17cycles)
Sun May 18 00:05:04 CEST 2014: 99: Solution found.
Sun May 18 00:05:04 CEST 2014: Solution Found: 70
Sun May 18 00:05:04 CEST 2014: Avg cycles: 27
Sun May 18 00:05:04 CEST 2014: Max cycles: 128
Sun May 18 00:05:04 CEST 2014: Min cycles: 2
Sun May 18 00:05:04 CEST 2014: No solution found: 30
Sun May 18 00:05:04 CEST 2014: logging finished. (runtime: 10144ms)
