Sun May 18 02:10:51 CEST 2014: Problem Count: 50
Sun May 18 02:10:51 CEST 2014: CandidatesCount: 50
Sun May 18 02:10:51 CEST 2014: Max Cycles: 500
Sun May 18 02:10:51 CEST 2014: 0: finished (1ms, 1cycles)
Sun May 18 02:10:51 CEST 2014: 0: Solution found.
Sun May 18 02:10:51 CEST 2014: 1: finished (9ms, 14cycles)
Sun May 18 02:10:51 CEST 2014: 1: Solution found.
Sun May 18 02:10:51 CEST 2014: 2: finished (276ms, 500cycles)
Sun May 18 02:10:51 CEST 2014: 2: No solution found.
Sun May 18 02:10:51 CEST 2014: 3: finished (15ms, 24cycles)
Sun May 18 02:10:51 CEST 2014: 3: Solution found.
Sun May 18 02:10:51 CEST 2014: 4: finished (17ms, 13cycles)
Sun May 18 02:10:51 CEST 2014: 4: Solution found.
Sun May 18 02:10:51 CEST 2014: 5: finished (46ms, 78cycles)
Sun May 18 02:10:51 CEST 2014: 5: Solution found.
Sun May 18 02:10:51 CEST 2014: 6: finished (8ms, 13cycles)
Sun May 18 02:10:51 CEST 2014: 6: Solution found.
Sun May 18 02:10:51 CEST 2014: 7: finished (14ms, 21cycles)
Sun May 18 02:10:51 CEST 2014: 7: Solution found.
Sun May 18 02:10:51 CEST 2014: 8: finished (16ms, 24cycles)
Sun May 18 02:10:51 CEST 2014: 8: Solution found.
Sun May 18 02:10:51 CEST 2014: 9: finished (301ms, 500cycles)
Sun May 18 02:10:51 CEST 2014: 9: No solution found.
Sun May 18 02:10:52 CEST 2014: 10: finished (291ms, 500cycles)
Sun May 18 02:10:52 CEST 2014: 10: No solution found.
Sun May 18 02:10:52 CEST 2014: 11: finished (4ms, 5cycles)
Sun May 18 02:10:52 CEST 2014: 11: Solution found.
Sun May 18 02:10:52 CEST 2014: 12: finished (5ms, 7cycles)
Sun May 18 02:10:52 CEST 2014: 12: Solution found.
Sun May 18 02:10:52 CEST 2014: 13: finished (15ms, 23cycles)
Sun May 18 02:10:52 CEST 2014: 13: Solution found.
Sun May 18 02:10:52 CEST 2014: 14: finished (310ms, 500cycles)
Sun May 18 02:10:52 CEST 2014: 14: No solution found.
Sun May 18 02:10:52 CEST 2014: 15: finished (6ms, 9cycles)
Sun May 18 02:10:52 CEST 2014: 15: Solution found.
Sun May 18 02:10:52 CEST 2014: 16: finished (6ms, 8cycles)
Sun May 18 02:10:52 CEST 2014: 16: Solution found.
Sun May 18 02:10:52 CEST 2014: 17: finished (6ms, 10cycles)
Sun May 18 02:10:52 CEST 2014: 17: Solution found.
Sun May 18 02:10:52 CEST 2014: 18: finished (11ms, 18cycles)
Sun May 18 02:10:52 CEST 2014: 18: Solution found.
Sun May 18 02:10:52 CEST 2014: 19: finished (9ms, 13cycles)
Sun May 18 02:10:52 CEST 2014: 19: Solution found.
Sun May 18 02:10:52 CEST 2014: 20: finished (4ms, 6cycles)
Sun May 18 02:10:52 CEST 2014: 20: Solution found.
Sun May 18 02:10:52 CEST 2014: 21: finished (269ms, 500cycles)
Sun May 18 02:10:52 CEST 2014: 21: No solution found.
Sun May 18 02:10:52 CEST 2014: 22: finished (292ms, 500cycles)
Sun May 18 02:10:52 CEST 2014: 22: No solution found.
Sun May 18 02:10:53 CEST 2014: 23: finished (322ms, 500cycles)
Sun May 18 02:10:53 CEST 2014: 23: No solution found.
Sun May 18 02:10:53 CEST 2014: 24: finished (22ms, 34cycles)
Sun May 18 02:10:53 CEST 2014: 24: Solution found.
Sun May 18 02:10:53 CEST 2014: 25: finished (263ms, 500cycles)
Sun May 18 02:10:53 CEST 2014: 25: No solution found.
Sun May 18 02:10:53 CEST 2014: 26: finished (182ms, 314cycles)
Sun May 18 02:10:53 CEST 2014: 26: Solution found.
Sun May 18 02:10:53 CEST 2014: 27: finished (13ms, 21cycles)
Sun May 18 02:10:53 CEST 2014: 27: Solution found.
Sun May 18 02:10:53 CEST 2014: 28: finished (2ms, 3cycles)
Sun May 18 02:10:53 CEST 2014: 28: Solution found.
Sun May 18 02:10:54 CEST 2014: 29: finished (280ms, 500cycles)
Sun May 18 02:10:54 CEST 2014: 29: No solution found.
Sun May 18 02:10:54 CEST 2014: 30: finished (2ms, 1cycles)
Sun May 18 02:10:54 CEST 2014: 30: Solution found.
Sun May 18 02:10:54 CEST 2014: 31: finished (310ms, 500cycles)
Sun May 18 02:10:54 CEST 2014: 31: No solution found.
Sun May 18 02:10:54 CEST 2014: 32: finished (21ms, 33cycles)
Sun May 18 02:10:54 CEST 2014: 32: Solution found.
Sun May 18 02:10:54 CEST 2014: 33: finished (268ms, 500cycles)
Sun May 18 02:10:54 CEST 2014: 33: No solution found.
Sun May 18 02:10:54 CEST 2014: 34: finished (21ms, 25cycles)
Sun May 18 02:10:54 CEST 2014: 34: Solution found.
Sun May 18 02:10:54 CEST 2014: 35: finished (21ms, 33cycles)
Sun May 18 02:10:54 CEST 2014: 35: Solution found.
Sun May 18 02:10:54 CEST 2014: 36: finished (15ms, 23cycles)
Sun May 18 02:10:54 CEST 2014: 36: Solution found.
Sun May 18 02:10:54 CEST 2014: 37: finished (34ms, 50cycles)
Sun May 18 02:10:54 CEST 2014: 37: Solution found.
Sun May 18 02:10:54 CEST 2014: 38: finished (257ms, 500cycles)
Sun May 18 02:10:54 CEST 2014: 38: No solution found.
Sun May 18 02:10:55 CEST 2014: 39: finished (50ms, 83cycles)
Sun May 18 02:10:55 CEST 2014: 39: Solution found.
Sun May 18 02:10:55 CEST 2014: 40: finished (6ms, 9cycles)
Sun May 18 02:10:55 CEST 2014: 40: Solution found.
Sun May 18 02:10:55 CEST 2014: 41: finished (322ms, 500cycles)
Sun May 18 02:10:55 CEST 2014: 41: No solution found.
Sun May 18 02:10:55 CEST 2014: 42: finished (13ms, 20cycles)
Sun May 18 02:10:55 CEST 2014: 42: Solution found.
Sun May 18 02:10:55 CEST 2014: 43: finished (287ms, 500cycles)
Sun May 18 02:10:55 CEST 2014: 43: No solution found.
Sun May 18 02:10:55 CEST 2014: 44: finished (10ms, 15cycles)
Sun May 18 02:10:55 CEST 2014: 44: Solution found.
Sun May 18 02:10:55 CEST 2014: 45: finished (15ms, 24cycles)
Sun May 18 02:10:55 CEST 2014: 45: Solution found.
Sun May 18 02:10:55 CEST 2014: 46: finished (265ms, 500cycles)
Sun May 18 02:10:55 CEST 2014: 46: No solution found.
Sun May 18 02:10:56 CEST 2014: 47: finished (277ms, 500cycles)
Sun May 18 02:10:56 CEST 2014: 47: No solution found.
Sun May 18 02:10:56 CEST 2014: 48: finished (2ms, 2cycles)
Sun May 18 02:10:56 CEST 2014: 48: Solution found.
Sun May 18 02:10:56 CEST 2014: 49: finished (306ms, 500cycles)
Sun May 18 02:10:56 CEST 2014: 49: No solution found.
Sun May 18 02:10:56 CEST 2014: 50: finished (6ms, 10cycles)
Sun May 18 02:10:56 CEST 2014: 50: Solution found.
Sun May 18 02:10:56 CEST 2014: 51: finished (4ms, 4cycles)
Sun May 18 02:10:56 CEST 2014: 51: Solution found.
Sun May 18 02:10:56 CEST 2014: 52: finished (294ms, 500cycles)
Sun May 18 02:10:56 CEST 2014: 52: No solution found.
Sun May 18 02:10:57 CEST 2014: 53: finished (275ms, 500cycles)
Sun May 18 02:10:57 CEST 2014: 53: No solution found.
Sun May 18 02:10:57 CEST 2014: 54: finished (15ms, 22cycles)
Sun May 18 02:10:57 CEST 2014: 54: Solution found.
Sun May 18 02:10:57 CEST 2014: 55: finished (273ms, 500cycles)
Sun May 18 02:10:57 CEST 2014: 55: No solution found.
Sun May 18 02:10:57 CEST 2014: 56: finished (302ms, 500cycles)
Sun May 18 02:10:57 CEST 2014: 56: No solution found.
Sun May 18 02:10:58 CEST 2014: 57: finished (754ms, 500cycles)
Sun May 18 02:10:58 CEST 2014: 57: No solution found.
Sun May 18 02:10:58 CEST 2014: 58: finished (15ms, 7cycles)
Sun May 18 02:10:58 CEST 2014: 58: Solution found.
Sun May 18 02:10:58 CEST 2014: 59: finished (15ms, 8cycles)
Sun May 18 02:10:58 CEST 2014: 59: Solution found.
Sun May 18 02:10:58 CEST 2014: 60: finished (40ms, 22cycles)
Sun May 18 02:10:58 CEST 2014: 60: Solution found.
Sun May 18 02:10:58 CEST 2014: 61: finished (234ms, 147cycles)
Sun May 18 02:10:58 CEST 2014: 61: Solution found.
Sun May 18 02:10:58 CEST 2014: 62: finished (21ms, 11cycles)
Sun May 18 02:10:58 CEST 2014: 62: Solution found.
Sun May 18 02:10:58 CEST 2014: 63: finished (47ms, 29cycles)
Sun May 18 02:10:58 CEST 2014: 63: Solution found.
Sun May 18 02:10:58 CEST 2014: 64: finished (45ms, 25cycles)
Sun May 18 02:10:58 CEST 2014: 64: Solution found.
Sun May 18 02:10:58 CEST 2014: 65: finished (37ms, 23cycles)
Sun May 18 02:10:58 CEST 2014: 65: Solution found.
Sun May 18 02:10:58 CEST 2014: 66: finished (20ms, 11cycles)
Sun May 18 02:10:58 CEST 2014: 66: Solution found.
Sun May 18 02:10:58 CEST 2014: 67: finished (35ms, 19cycles)
Sun May 18 02:10:58 CEST 2014: 67: Solution found.
Sun May 18 02:10:59 CEST 2014: 68: finished (810ms, 500cycles)
Sun May 18 02:10:59 CEST 2014: 68: No solution found.
Sun May 18 02:11:00 CEST 2014: 69: finished (783ms, 500cycles)
Sun May 18 02:11:00 CEST 2014: 69: No solution found.
Sun May 18 02:11:00 CEST 2014: 70: finished (12ms, 6cycles)
Sun May 18 02:11:00 CEST 2014: 70: Solution found.
Sun May 18 02:11:01 CEST 2014: 71: finished (838ms, 500cycles)
Sun May 18 02:11:01 CEST 2014: 71: No solution found.
Sun May 18 02:11:01 CEST 2014: 72: finished (20ms, 10cycles)
Sun May 18 02:11:01 CEST 2014: 72: Solution found.
Sun May 18 02:11:01 CEST 2014: 73: finished (49ms, 29cycles)
Sun May 18 02:11:01 CEST 2014: 73: Solution found.
Sun May 18 02:11:01 CEST 2014: 74: finished (38ms, 21cycles)
Sun May 18 02:11:01 CEST 2014: 74: Solution found.
Sun May 18 02:11:02 CEST 2014: 75: finished (757ms, 500cycles)
Sun May 18 02:11:02 CEST 2014: 75: No solution found.
Sun May 18 02:11:02 CEST 2014: 76: finished (12ms, 18cycles)
Sun May 18 02:11:02 CEST 2014: 76: Solution found.
Sun May 18 02:11:02 CEST 2014: 77: finished (18ms, 25cycles)
Sun May 18 02:11:02 CEST 2014: 77: Solution found.
Sun May 18 02:11:02 CEST 2014: 78: finished (20ms, 23cycles)
Sun May 18 02:11:02 CEST 2014: 78: Solution found.
Sun May 18 02:11:02 CEST 2014: 79: finished (17ms, 28cycles)
Sun May 18 02:11:02 CEST 2014: 79: Solution found.
Sun May 18 02:11:02 CEST 2014: 80: finished (6ms, 7cycles)
Sun May 18 02:11:02 CEST 2014: 80: Solution found.
Sun May 18 02:11:02 CEST 2014: 81: finished (283ms, 500cycles)
Sun May 18 02:11:02 CEST 2014: 81: No solution found.
Sun May 18 02:11:02 CEST 2014: 82: finished (23ms, 27cycles)
Sun May 18 02:11:02 CEST 2014: 82: Solution found.
Sun May 18 02:11:02 CEST 2014: 83: finished (296ms, 500cycles)
Sun May 18 02:11:02 CEST 2014: 83: No solution found.
Sun May 18 02:11:03 CEST 2014: 84: finished (332ms, 500cycles)
Sun May 18 02:11:03 CEST 2014: 84: No solution found.
Sun May 18 02:11:03 CEST 2014: 85: finished (12ms, 18cycles)
Sun May 18 02:11:03 CEST 2014: 85: Solution found.
Sun May 18 02:11:03 CEST 2014: 86: finished (15ms, 23cycles)
Sun May 18 02:11:03 CEST 2014: 86: Solution found.
Sun May 18 02:11:03 CEST 2014: 87: finished (315ms, 500cycles)
Sun May 18 02:11:03 CEST 2014: 87: No solution found.
Sun May 18 02:11:03 CEST 2014: 88: finished (12ms, 19cycles)
Sun May 18 02:11:03 CEST 2014: 88: Solution found.
Sun May 18 02:11:03 CEST 2014: 89: finished (290ms, 500cycles)
Sun May 18 02:11:03 CEST 2014: 89: No solution found.
Sun May 18 02:11:03 CEST 2014: 90: finished (15ms, 26cycles)
Sun May 18 02:11:03 CEST 2014: 90: Solution found.
Sun May 18 02:11:04 CEST 2014: 91: finished (273ms, 500cycles)
Sun May 18 02:11:04 CEST 2014: 91: No solution found.
Sun May 18 02:11:04 CEST 2014: 92: finished (62ms, 94cycles)
Sun May 18 02:11:04 CEST 2014: 92: Solution found.
Sun May 18 02:11:04 CEST 2014: 93: finished (285ms, 500cycles)
Sun May 18 02:11:04 CEST 2014: 93: No solution found.
Sun May 18 02:11:04 CEST 2014: 94: finished (16ms, 24cycles)
Sun May 18 02:11:04 CEST 2014: 94: Solution found.
Sun May 18 02:11:04 CEST 2014: 95: finished (13ms, 21cycles)
Sun May 18 02:11:04 CEST 2014: 95: Solution found.
Sun May 18 02:11:04 CEST 2014: 96: finished (15ms, 25cycles)
Sun May 18 02:11:04 CEST 2014: 96: Solution found.
Sun May 18 02:11:04 CEST 2014: 97: finished (297ms, 500cycles)
Sun May 18 02:11:04 CEST 2014: 97: No solution found.
Sun May 18 02:11:04 CEST 2014: 98: finished (16ms, 22cycles)
Sun May 18 02:11:04 CEST 2014: 98: Solution found.
Sun May 18 02:11:04 CEST 2014: 99: finished (9ms, 14cycles)
Sun May 18 02:11:04 CEST 2014: 99: Solution found.
Sun May 18 02:11:04 CEST 2014: Solution Found: 66
Sun May 18 02:11:04 CEST 2014: Avg cycles: 27
Sun May 18 02:11:04 CEST 2014: Max cycles: 314
Sun May 18 02:11:04 CEST 2014: Min cycles: 1
Sun May 18 02:11:04 CEST 2014: No solution found: 34
Sun May 18 02:11:04 CEST 2014: logging finished. (runtime: 13923ms)
