Wed May 14 15:36:02 CEST 2014: Problem Count: 40
Wed May 14 15:36:02 CEST 2014: CandidatesCount: 50
Wed May 14 15:36:02 CEST 2014: Max Cycles: 500
Wed May 14 15:36:02 CEST 2014: 0: finished (224ms, 500cycles)
Wed May 14 15:36:02 CEST 2014: 0: No solution found.
Wed May 14 15:36:02 CEST 2014: 1: finished (24ms, 45cycles)
Wed May 14 15:36:02 CEST 2014: 1: Solution found.
Wed May 14 15:36:02 CEST 2014: 2: finished (234ms, 500cycles)
Wed May 14 15:36:02 CEST 2014: 2: No solution found.
Wed May 14 15:36:02 CEST 2014: 3: finished (16ms, 34cycles)
Wed May 14 15:36:02 CEST 2014: 3: Solution found.
Wed May 14 15:36:02 CEST 2014: 4: finished (228ms, 500cycles)
Wed May 14 15:36:02 CEST 2014: 4: No solution found.
Wed May 14 15:36:02 CEST 2014: 5: finished (4ms, 5cycles)
Wed May 14 15:36:02 CEST 2014: 5: Solution found.
Wed May 14 15:36:03 CEST 2014: 6: finished (233ms, 500cycles)
Wed May 14 15:36:03 CEST 2014: 6: No solution found.
Wed May 14 15:36:03 CEST 2014: 7: finished (234ms, 500cycles)
Wed May 14 15:36:03 CEST 2014: 7: No solution found.
Wed May 14 15:36:03 CEST 2014: 8: finished (6ms, 10cycles)
Wed May 14 15:36:03 CEST 2014: 8: Solution found.
Wed May 14 15:36:03 CEST 2014: 9: finished (249ms, 500cycles)
Wed May 14 15:36:03 CEST 2014: 9: No solution found.
Wed May 14 15:36:03 CEST 2014: 10: finished (6ms, 9cycles)
Wed May 14 15:36:03 CEST 2014: 10: Solution found.
Wed May 14 15:36:03 CEST 2014: 11: finished (235ms, 500cycles)
Wed May 14 15:36:03 CEST 2014: 11: No solution found.
Wed May 14 15:36:04 CEST 2014: 12: finished (230ms, 500cycles)
Wed May 14 15:36:04 CEST 2014: 12: No solution found.
Wed May 14 15:36:04 CEST 2014: 13: finished (13ms, 24cycles)
Wed May 14 15:36:04 CEST 2014: 13: Solution found.
Wed May 14 15:36:04 CEST 2014: 14: finished (10ms, 19cycles)
Wed May 14 15:36:04 CEST 2014: 14: Solution found.
Wed May 14 15:36:04 CEST 2014: 15: finished (4ms, 7cycles)
Wed May 14 15:36:04 CEST 2014: 15: Solution found.
Wed May 14 15:36:04 CEST 2014: 16: finished (2ms, 2cycles)
Wed May 14 15:36:04 CEST 2014: 16: Solution found.
Wed May 14 15:36:04 CEST 2014: 17: finished (235ms, 500cycles)
Wed May 14 15:36:04 CEST 2014: 17: No solution found.
Wed May 14 15:36:04 CEST 2014: 18: finished (226ms, 500cycles)
Wed May 14 15:36:04 CEST 2014: 18: No solution found.
Wed May 14 15:36:04 CEST 2014: 19: finished (245ms, 500cycles)
Wed May 14 15:36:04 CEST 2014: 19: No solution found.
Wed May 14 15:36:04 CEST 2014: 20: finished (13ms, 25cycles)
Wed May 14 15:36:04 CEST 2014: 20: Solution found.
Wed May 14 15:36:05 CEST 2014: 21: finished (225ms, 500cycles)
Wed May 14 15:36:05 CEST 2014: 21: No solution found.
Wed May 14 15:36:05 CEST 2014: 22: finished (226ms, 500cycles)
Wed May 14 15:36:05 CEST 2014: 22: No solution found.
Wed May 14 15:36:05 CEST 2014: 23: finished (228ms, 500cycles)
Wed May 14 15:36:05 CEST 2014: 23: No solution found.
Wed May 14 15:36:05 CEST 2014: 24: finished (247ms, 500cycles)
Wed May 14 15:36:05 CEST 2014: 24: No solution found.
Wed May 14 15:36:05 CEST 2014: 25: finished (4ms, 5cycles)
Wed May 14 15:36:05 CEST 2014: 25: Solution found.
Wed May 14 15:36:05 CEST 2014: 26: finished (224ms, 500cycles)
Wed May 14 15:36:05 CEST 2014: 26: No solution found.
Wed May 14 15:36:06 CEST 2014: 27: finished (232ms, 500cycles)
Wed May 14 15:36:06 CEST 2014: 27: No solution found.
Wed May 14 15:36:06 CEST 2014: 28: finished (269ms, 500cycles)
Wed May 14 15:36:06 CEST 2014: 28: No solution found.
Wed May 14 15:36:06 CEST 2014: 29: finished (11ms, 18cycles)
Wed May 14 15:36:06 CEST 2014: 29: Solution found.
Wed May 14 15:36:06 CEST 2014: 30: finished (3ms, 3cycles)
Wed May 14 15:36:06 CEST 2014: 30: Solution found.
Wed May 14 15:36:06 CEST 2014: 31: finished (236ms, 500cycles)
Wed May 14 15:36:06 CEST 2014: 31: No solution found.
Wed May 14 15:36:06 CEST 2014: 32: finished (228ms, 500cycles)
Wed May 14 15:36:06 CEST 2014: 32: No solution found.
Wed May 14 15:36:07 CEST 2014: 33: finished (230ms, 500cycles)
Wed May 14 15:36:07 CEST 2014: 33: No solution found.
Wed May 14 15:36:07 CEST 2014: 34: finished (6ms, 11cycles)
Wed May 14 15:36:07 CEST 2014: 34: Solution found.
Wed May 14 15:36:07 CEST 2014: 35: finished (6ms, 11cycles)
Wed May 14 15:36:07 CEST 2014: 35: Solution found.
Wed May 14 15:36:07 CEST 2014: 36: finished (233ms, 500cycles)
Wed May 14 15:36:07 CEST 2014: 36: No solution found.
Wed May 14 15:36:07 CEST 2014: 37: finished (237ms, 500cycles)
Wed May 14 15:36:07 CEST 2014: 37: No solution found.
Wed May 14 15:36:07 CEST 2014: 38: finished (228ms, 500cycles)
Wed May 14 15:36:07 CEST 2014: 38: No solution found.
Wed May 14 15:36:08 CEST 2014: 39: finished (225ms, 500cycles)
Wed May 14 15:36:08 CEST 2014: 39: No solution found.
Wed May 14 15:36:08 CEST 2014: 40: finished (231ms, 500cycles)
Wed May 14 15:36:08 CEST 2014: 40: No solution found.
Wed May 14 15:36:08 CEST 2014: 41: finished (234ms, 500cycles)
Wed May 14 15:36:08 CEST 2014: 41: No solution found.
Wed May 14 15:36:08 CEST 2014: 42: finished (6ms, 10cycles)
Wed May 14 15:36:08 CEST 2014: 42: Solution found.
Wed May 14 15:36:08 CEST 2014: 43: finished (8ms, 13cycles)
Wed May 14 15:36:08 CEST 2014: 43: Solution found.
Wed May 14 15:36:08 CEST 2014: 44: finished (236ms, 500cycles)
Wed May 14 15:36:08 CEST 2014: 44: No solution found.
Wed May 14 15:36:08 CEST 2014: 45: finished (17ms, 26cycles)
Wed May 14 15:36:08 CEST 2014: 45: Solution found.
Wed May 14 15:36:09 CEST 2014: 46: finished (228ms, 500cycles)
Wed May 14 15:36:09 CEST 2014: 46: No solution found.
Wed May 14 15:36:09 CEST 2014: 47: finished (229ms, 500cycles)
Wed May 14 15:36:09 CEST 2014: 47: No solution found.
Wed May 14 15:36:09 CEST 2014: 48: finished (20ms, 38cycles)
Wed May 14 15:36:09 CEST 2014: 48: Solution found.
Wed May 14 15:36:09 CEST 2014: 49: finished (11ms, 22cycles)
Wed May 14 15:36:09 CEST 2014: 49: Solution found.
Wed May 14 15:36:09 CEST 2014: 50: finished (225ms, 500cycles)
Wed May 14 15:36:09 CEST 2014: 50: No solution found.
Wed May 14 15:36:09 CEST 2014: 51: finished (6ms, 10cycles)
Wed May 14 15:36:09 CEST 2014: 51: Solution found.
Wed May 14 15:36:09 CEST 2014: 52: finished (221ms, 500cycles)
Wed May 14 15:36:09 CEST 2014: 52: No solution found.
Wed May 14 15:36:09 CEST 2014: 53: finished (5ms, 6cycles)
Wed May 14 15:36:09 CEST 2014: 53: Solution found.
Wed May 14 15:36:10 CEST 2014: 54: finished (231ms, 500cycles)
Wed May 14 15:36:10 CEST 2014: 54: No solution found.
Wed May 14 15:36:10 CEST 2014: 55: finished (16ms, 31cycles)
Wed May 14 15:36:10 CEST 2014: 55: Solution found.
Wed May 14 15:36:10 CEST 2014: 56: finished (231ms, 500cycles)
Wed May 14 15:36:10 CEST 2014: 56: No solution found.
Wed May 14 15:36:10 CEST 2014: 57: finished (12ms, 22cycles)
Wed May 14 15:36:10 CEST 2014: 57: Solution found.
Wed May 14 15:36:10 CEST 2014: 58: finished (229ms, 500cycles)
Wed May 14 15:36:10 CEST 2014: 58: No solution found.
Wed May 14 15:36:10 CEST 2014: 59: finished (3ms, 4cycles)
Wed May 14 15:36:10 CEST 2014: 59: Solution found.
Wed May 14 15:36:10 CEST 2014: 60: finished (223ms, 500cycles)
Wed May 14 15:36:10 CEST 2014: 60: No solution found.
Wed May 14 15:36:10 CEST 2014: 61: finished (230ms, 500cycles)
Wed May 14 15:36:10 CEST 2014: 61: No solution found.
Wed May 14 15:36:11 CEST 2014: 62: finished (14ms, 19cycles)
Wed May 14 15:36:11 CEST 2014: 62: Solution found.
Wed May 14 15:36:11 CEST 2014: 63: finished (235ms, 500cycles)
Wed May 14 15:36:11 CEST 2014: 63: No solution found.
Wed May 14 15:36:11 CEST 2014: 64: finished (31ms, 62cycles)
Wed May 14 15:36:11 CEST 2014: 64: Solution found.
Wed May 14 15:36:11 CEST 2014: 65: finished (228ms, 500cycles)
Wed May 14 15:36:11 CEST 2014: 65: No solution found.
Wed May 14 15:36:11 CEST 2014: 66: finished (230ms, 500cycles)
Wed May 14 15:36:11 CEST 2014: 66: No solution found.
Wed May 14 15:36:12 CEST 2014: 67: finished (441ms, 500cycles)
Wed May 14 15:36:12 CEST 2014: 67: No solution found.
Wed May 14 15:36:12 CEST 2014: 68: finished (564ms, 500cycles)
Wed May 14 15:36:12 CEST 2014: 68: No solution found.
Wed May 14 15:36:13 CEST 2014: 69: finished (565ms, 500cycles)
Wed May 14 15:36:13 CEST 2014: 69: No solution found.
Wed May 14 15:36:13 CEST 2014: 70: finished (35ms, 28cycles)
Wed May 14 15:36:13 CEST 2014: 70: Solution found.
Wed May 14 15:36:13 CEST 2014: 71: finished (538ms, 500cycles)
Wed May 14 15:36:13 CEST 2014: 71: No solution found.
Wed May 14 15:36:14 CEST 2014: 72: finished (582ms, 500cycles)
Wed May 14 15:36:14 CEST 2014: 72: No solution found.
Wed May 14 15:36:14 CEST 2014: 73: finished (8ms, 5cycles)
Wed May 14 15:36:14 CEST 2014: 73: Solution found.
Wed May 14 15:36:14 CEST 2014: 74: finished (34ms, 22cycles)
Wed May 14 15:36:14 CEST 2014: 74: Solution found.
Wed May 14 15:36:15 CEST 2014: 75: finished (598ms, 500cycles)
Wed May 14 15:36:15 CEST 2014: 75: No solution found.
Wed May 14 15:36:15 CEST 2014: 76: finished (24ms, 12cycles)
Wed May 14 15:36:15 CEST 2014: 76: Solution found.
Wed May 14 15:36:15 CEST 2014: 77: finished (610ms, 500cycles)
Wed May 14 15:36:15 CEST 2014: 77: No solution found.
Wed May 14 15:36:16 CEST 2014: 78: finished (605ms, 500cycles)
Wed May 14 15:36:16 CEST 2014: 78: No solution found.
Wed May 14 15:36:16 CEST 2014: 79: finished (20ms, 15cycles)
Wed May 14 15:36:16 CEST 2014: 79: Solution found.
Wed May 14 15:36:16 CEST 2014: 80: finished (284ms, 500cycles)
Wed May 14 15:36:16 CEST 2014: 80: No solution found.
Wed May 14 15:36:16 CEST 2014: 81: finished (260ms, 500cycles)
Wed May 14 15:36:16 CEST 2014: 81: No solution found.
Wed May 14 15:36:17 CEST 2014: 82: finished (233ms, 500cycles)
Wed May 14 15:36:17 CEST 2014: 82: No solution found.
Wed May 14 15:36:17 CEST 2014: 83: finished (2ms, 2cycles)
Wed May 14 15:36:17 CEST 2014: 83: Solution found.
Wed May 14 15:36:17 CEST 2014: 84: finished (244ms, 500cycles)
Wed May 14 15:36:17 CEST 2014: 84: No solution found.
Wed May 14 15:36:17 CEST 2014: 85: finished (225ms, 500cycles)
Wed May 14 15:36:17 CEST 2014: 85: No solution found.
Wed May 14 15:36:17 CEST 2014: 86: finished (8ms, 14cycles)
Wed May 14 15:36:17 CEST 2014: 86: Solution found.
Wed May 14 15:36:17 CEST 2014: 87: finished (6ms, 10cycles)
Wed May 14 15:36:17 CEST 2014: 87: Solution found.
Wed May 14 15:36:17 CEST 2014: 88: finished (22ms, 44cycles)
Wed May 14 15:36:17 CEST 2014: 88: Solution found.
Wed May 14 15:36:17 CEST 2014: 89: finished (221ms, 500cycles)
Wed May 14 15:36:17 CEST 2014: 89: No solution found.
Wed May 14 15:36:18 CEST 2014: 90: finished (229ms, 500cycles)
Wed May 14 15:36:18 CEST 2014: 90: No solution found.
Wed May 14 15:36:18 CEST 2014: 91: finished (239ms, 500cycles)
Wed May 14 15:36:18 CEST 2014: 91: No solution found.
Wed May 14 15:36:18 CEST 2014: 92: finished (12ms, 22cycles)
Wed May 14 15:36:18 CEST 2014: 92: Solution found.
Wed May 14 15:36:18 CEST 2014: 93: finished (10ms, 19cycles)
Wed May 14 15:36:18 CEST 2014: 93: Solution found.
Wed May 14 15:36:18 CEST 2014: 94: finished (225ms, 500cycles)
Wed May 14 15:36:18 CEST 2014: 94: No solution found.
Wed May 14 15:36:18 CEST 2014: 95: finished (17ms, 31cycles)
Wed May 14 15:36:18 CEST 2014: 95: Solution found.
Wed May 14 15:36:18 CEST 2014: 96: finished (226ms, 500cycles)
Wed May 14 15:36:18 CEST 2014: 96: No solution found.
Wed May 14 15:36:19 CEST 2014: 97: finished (230ms, 500cycles)
Wed May 14 15:36:19 CEST 2014: 97: No solution found.
Wed May 14 15:36:19 CEST 2014: 98: finished (1ms, 1cycles)
Wed May 14 15:36:19 CEST 2014: 98: Solution found.
Wed May 14 15:36:19 CEST 2014: 99: finished (3ms, 6cycles)
Wed May 14 15:36:19 CEST 2014: 99: Solution found.
Wed May 14 15:36:19 CEST 2014: Solution Found: 41
Wed May 14 15:36:19 CEST 2014: Avg cycles: 17
Wed May 14 15:36:19 CEST 2014: Max cycles: 62
Wed May 14 15:36:19 CEST 2014: Min cycles: 1
Wed May 14 15:36:19 CEST 2014: No solution found: 59
Wed May 14 15:36:19 CEST 2014: logging finished. (runtime: 16899ms)
