Wed May 07 22:29:43 CEST 2014: Problem Count: 50
Wed May 07 22:29:43 CEST 2014: CandidatesCount: 50
Wed May 07 22:29:43 CEST 2014: Max Cycles: 500
Wed May 07 22:29:43 CEST 2014: 0: finished (30ms, 39cycles)
Wed May 07 22:29:43 CEST 2014: 0: Solution found.
Wed May 07 22:29:43 CEST 2014: 1: finished (26ms, 32cycles)
Wed May 07 22:29:43 CEST 2014: 1: Solution found.
Wed May 07 22:29:43 CEST 2014: 2: finished (341ms, 500cycles)
Wed May 07 22:29:43 CEST 2014: 2: No solution found.
Wed May 07 22:29:43 CEST 2014: 3: finished (29ms, 33cycles)
Wed May 07 22:29:43 CEST 2014: 3: Solution found.
Wed May 07 22:29:44 CEST 2014: 4: finished (326ms, 500cycles)
Wed May 07 22:29:44 CEST 2014: 4: No solution found.
Wed May 07 22:29:44 CEST 2014: 5: finished (330ms, 500cycles)
Wed May 07 22:29:44 CEST 2014: 5: No solution found.
Wed May 07 22:29:44 CEST 2014: 6: finished (39ms, 53cycles)
Wed May 07 22:29:44 CEST 2014: 6: Solution found.
Wed May 07 22:29:44 CEST 2014: 7: finished (342ms, 500cycles)
Wed May 07 22:29:44 CEST 2014: 7: No solution found.
Wed May 07 22:29:44 CEST 2014: 8: finished (29ms, 29cycles)
Wed May 07 22:29:44 CEST 2014: 8: Solution found.
Wed May 07 22:29:44 CEST 2014: 9: finished (26ms, 25cycles)
Wed May 07 22:29:44 CEST 2014: 9: Solution found.
Wed May 07 22:29:44 CEST 2014: 10: finished (5ms, 4cycles)
Wed May 07 22:29:44 CEST 2014: 10: Solution found.
Wed May 07 22:29:45 CEST 2014: 11: finished (356ms, 500cycles)
Wed May 07 22:29:45 CEST 2014: 11: No solution found.
Wed May 07 22:29:45 CEST 2014: 12: finished (324ms, 500cycles)
Wed May 07 22:29:45 CEST 2014: 12: No solution found.
Wed May 07 22:29:45 CEST 2014: 13: finished (354ms, 500cycles)
Wed May 07 22:29:45 CEST 2014: 13: No solution found.
Wed May 07 22:29:46 CEST 2014: 14: finished (339ms, 500cycles)
Wed May 07 22:29:46 CEST 2014: 14: No solution found.
Wed May 07 22:29:46 CEST 2014: 15: finished (329ms, 500cycles)
Wed May 07 22:29:46 CEST 2014: 15: No solution found.
Wed May 07 22:29:47 CEST 2014: 16: finished (635ms, 500cycles)
Wed May 07 22:29:47 CEST 2014: 16: No solution found.
Wed May 07 22:29:47 CEST 2014: 17: finished (6ms, 2cycles)
Wed May 07 22:29:47 CEST 2014: 17: Solution found.
Wed May 07 22:29:48 CEST 2014: 18: finished (948ms, 500cycles)
Wed May 07 22:29:48 CEST 2014: 18: No solution found.
Wed May 07 22:29:49 CEST 2014: 19: finished (1324ms, 500cycles)
Wed May 07 22:29:49 CEST 2014: 19: No solution found.
Wed May 07 22:29:50 CEST 2014: 20: finished (1351ms, 500cycles)
Wed May 07 22:29:50 CEST 2014: 20: No solution found.
Wed May 07 22:29:50 CEST 2014: 21: finished (44ms, 14cycles)
Wed May 07 22:29:50 CEST 2014: 21: Solution found.
Wed May 07 22:29:50 CEST 2014: 22: finished (30ms, 9cycles)
Wed May 07 22:29:50 CEST 2014: 22: Solution found.
Wed May 07 22:29:52 CEST 2014: 23: finished (1093ms, 500cycles)
Wed May 07 22:29:52 CEST 2014: 23: No solution found.
Wed May 07 22:29:52 CEST 2014: 24: finished (22ms, 10cycles)
Wed May 07 22:29:52 CEST 2014: 24: Solution found.
Wed May 07 22:29:52 CEST 2014: 25: finished (40ms, 16cycles)
Wed May 07 22:29:52 CEST 2014: 25: Solution found.
Wed May 07 22:29:52 CEST 2014: 26: finished (871ms, 500cycles)
Wed May 07 22:29:52 CEST 2014: 26: No solution found.
Wed May 07 22:29:53 CEST 2014: 27: finished (334ms, 500cycles)
Wed May 07 22:29:53 CEST 2014: 27: No solution found.
Wed May 07 22:29:53 CEST 2014: 28: finished (7ms, 6cycles)
Wed May 07 22:29:53 CEST 2014: 28: Solution found.
Wed May 07 22:29:53 CEST 2014: 29: finished (7ms, 7cycles)
Wed May 07 22:29:53 CEST 2014: 29: Solution found.
Wed May 07 22:29:53 CEST 2014: 30: finished (20ms, 23cycles)
Wed May 07 22:29:53 CEST 2014: 30: Solution found.
Wed May 07 22:29:53 CEST 2014: 31: finished (343ms, 500cycles)
Wed May 07 22:29:53 CEST 2014: 31: No solution found.
Wed May 07 22:29:53 CEST 2014: 32: finished (24ms, 30cycles)
Wed May 07 22:29:53 CEST 2014: 32: Solution found.
Wed May 07 22:29:54 CEST 2014: 33: finished (323ms, 500cycles)
Wed May 07 22:29:54 CEST 2014: 33: No solution found.
Wed May 07 22:29:54 CEST 2014: 34: finished (326ms, 500cycles)
Wed May 07 22:29:54 CEST 2014: 34: No solution found.
Wed May 07 22:29:54 CEST 2014: 35: finished (325ms, 500cycles)
Wed May 07 22:29:54 CEST 2014: 35: No solution found.
Wed May 07 22:29:54 CEST 2014: 36: finished (320ms, 500cycles)
Wed May 07 22:29:54 CEST 2014: 36: No solution found.
Wed May 07 22:29:55 CEST 2014: 37: finished (316ms, 500cycles)
Wed May 07 22:29:55 CEST 2014: 37: No solution found.
Wed May 07 22:29:55 CEST 2014: 38: finished (377ms, 500cycles)
Wed May 07 22:29:55 CEST 2014: 38: No solution found.
Wed May 07 22:29:56 CEST 2014: 39: finished (325ms, 500cycles)
Wed May 07 22:29:56 CEST 2014: 39: No solution found.
Wed May 07 22:29:56 CEST 2014: 40: finished (9ms, 12cycles)
Wed May 07 22:29:56 CEST 2014: 40: Solution found.
Wed May 07 22:29:56 CEST 2014: 41: finished (2ms, 2cycles)
Wed May 07 22:29:56 CEST 2014: 41: Solution found.
Wed May 07 22:29:56 CEST 2014: 42: finished (359ms, 500cycles)
Wed May 07 22:29:56 CEST 2014: 42: No solution found.
Wed May 07 22:29:56 CEST 2014: 43: finished (56ms, 75cycles)
Wed May 07 22:29:56 CEST 2014: 43: Solution found.
Wed May 07 22:29:56 CEST 2014: 44: finished (11ms, 14cycles)
Wed May 07 22:29:56 CEST 2014: 44: Solution found.
Wed May 07 22:29:56 CEST 2014: 45: finished (340ms, 500cycles)
Wed May 07 22:29:56 CEST 2014: 45: No solution found.
Wed May 07 22:29:57 CEST 2014: 46: finished (338ms, 500cycles)
Wed May 07 22:29:57 CEST 2014: 46: No solution found.
Wed May 07 22:29:57 CEST 2014: 47: finished (389ms, 500cycles)
Wed May 07 22:29:57 CEST 2014: 47: No solution found.
Wed May 07 22:29:57 CEST 2014: 48: finished (348ms, 500cycles)
Wed May 07 22:29:57 CEST 2014: 48: No solution found.
Wed May 07 22:29:58 CEST 2014: 49: finished (326ms, 500cycles)
Wed May 07 22:29:58 CEST 2014: 49: No solution found.
Wed May 07 22:29:58 CEST 2014: 50: finished (326ms, 500cycles)
Wed May 07 22:29:58 CEST 2014: 50: No solution found.
Wed May 07 22:29:58 CEST 2014: 51: finished (320ms, 500cycles)
Wed May 07 22:29:58 CEST 2014: 51: No solution found.
Wed May 07 22:29:59 CEST 2014: 52: finished (366ms, 500cycles)
Wed May 07 22:29:59 CEST 2014: 52: No solution found.
Wed May 07 22:29:59 CEST 2014: 53: finished (355ms, 500cycles)
Wed May 07 22:29:59 CEST 2014: 53: No solution found.
Wed May 07 22:29:59 CEST 2014: 54: finished (341ms, 500cycles)
Wed May 07 22:29:59 CEST 2014: 54: No solution found.
Wed May 07 22:30:00 CEST 2014: 55: finished (341ms, 500cycles)
Wed May 07 22:30:00 CEST 2014: 55: No solution found.
Wed May 07 22:30:00 CEST 2014: 56: finished (339ms, 500cycles)
Wed May 07 22:30:00 CEST 2014: 56: No solution found.
Wed May 07 22:30:00 CEST 2014: 57: finished (337ms, 500cycles)
Wed May 07 22:30:00 CEST 2014: 57: No solution found.
Wed May 07 22:30:00 CEST 2014: 58: finished (22ms, 27cycles)
Wed May 07 22:30:00 CEST 2014: 58: Solution found.
Wed May 07 22:30:01 CEST 2014: 59: finished (327ms, 500cycles)
Wed May 07 22:30:01 CEST 2014: 59: No solution found.
Wed May 07 22:30:01 CEST 2014: 60: finished (331ms, 500cycles)
Wed May 07 22:30:01 CEST 2014: 60: No solution found.
Wed May 07 22:30:01 CEST 2014: 61: finished (361ms, 500cycles)
Wed May 07 22:30:01 CEST 2014: 61: No solution found.
Wed May 07 22:30:02 CEST 2014: 62: finished (692ms, 500cycles)
Wed May 07 22:30:02 CEST 2014: 62: No solution found.
Wed May 07 22:30:03 CEST 2014: 63: finished (941ms, 500cycles)
Wed May 07 22:30:03 CEST 2014: 63: No solution found.
Wed May 07 22:30:03 CEST 2014: 64: finished (50ms, 22cycles)
Wed May 07 22:30:03 CEST 2014: 64: Solution found.
Wed May 07 22:30:03 CEST 2014: 65: finished (17ms, 7cycles)
Wed May 07 22:30:03 CEST 2014: 65: Solution found.
Wed May 07 22:30:03 CEST 2014: 66: finished (71ms, 27cycles)
Wed May 07 22:30:03 CEST 2014: 66: Solution found.
Wed May 07 22:30:04 CEST 2014: 67: finished (994ms, 500cycles)
Wed May 07 22:30:04 CEST 2014: 67: No solution found.
Wed May 07 22:30:04 CEST 2014: 68: finished (36ms, 15cycles)
Wed May 07 22:30:04 CEST 2014: 68: Solution found.
Wed May 07 22:30:05 CEST 2014: 69: finished (975ms, 500cycles)
Wed May 07 22:30:05 CEST 2014: 69: No solution found.
Wed May 07 22:30:06 CEST 2014: 70: finished (965ms, 500cycles)
Wed May 07 22:30:06 CEST 2014: 70: No solution found.
Wed May 07 22:30:07 CEST 2014: 71: finished (1006ms, 500cycles)
Wed May 07 22:30:07 CEST 2014: 71: No solution found.
Wed May 07 22:30:08 CEST 2014: 72: finished (685ms, 500cycles)
Wed May 07 22:30:08 CEST 2014: 72: No solution found.
Wed May 07 22:30:08 CEST 2014: 73: finished (318ms, 500cycles)
Wed May 07 22:30:08 CEST 2014: 73: No solution found.
Wed May 07 22:30:09 CEST 2014: 74: finished (338ms, 500cycles)
Wed May 07 22:30:09 CEST 2014: 74: No solution found.
Wed May 07 22:30:09 CEST 2014: 75: finished (396ms, 500cycles)
Wed May 07 22:30:09 CEST 2014: 75: No solution found.
Wed May 07 22:30:09 CEST 2014: 76: finished (389ms, 500cycles)
Wed May 07 22:30:09 CEST 2014: 76: No solution found.
Wed May 07 22:30:10 CEST 2014: 77: finished (327ms, 500cycles)
Wed May 07 22:30:10 CEST 2014: 77: No solution found.
Wed May 07 22:30:10 CEST 2014: 78: finished (16ms, 20cycles)
Wed May 07 22:30:10 CEST 2014: 78: Solution found.
Wed May 07 22:30:10 CEST 2014: 79: finished (332ms, 500cycles)
Wed May 07 22:30:10 CEST 2014: 79: No solution found.
Wed May 07 22:30:10 CEST 2014: 80: finished (338ms, 500cycles)
Wed May 07 22:30:10 CEST 2014: 80: No solution found.
Wed May 07 22:30:10 CEST 2014: 81: finished (12ms, 16cycles)
Wed May 07 22:30:10 CEST 2014: 81: Solution found.
Wed May 07 22:30:11 CEST 2014: 82: finished (336ms, 500cycles)
Wed May 07 22:30:11 CEST 2014: 82: No solution found.
Wed May 07 22:30:11 CEST 2014: 83: finished (324ms, 500cycles)
Wed May 07 22:30:11 CEST 2014: 83: No solution found.
Wed May 07 22:30:11 CEST 2014: 84: finished (19ms, 23cycles)
Wed May 07 22:30:11 CEST 2014: 84: Solution found.
Wed May 07 22:30:11 CEST 2014: 85: finished (340ms, 500cycles)
Wed May 07 22:30:11 CEST 2014: 85: No solution found.
Wed May 07 22:30:11 CEST 2014: 86: finished (19ms, 23cycles)
Wed May 07 22:30:11 CEST 2014: 86: Solution found.
Wed May 07 22:30:12 CEST 2014: 87: finished (364ms, 500cycles)
Wed May 07 22:30:12 CEST 2014: 87: No solution found.
Wed May 07 22:30:12 CEST 2014: 88: finished (352ms, 500cycles)
Wed May 07 22:30:12 CEST 2014: 88: No solution found.
Wed May 07 22:30:12 CEST 2014: 89: finished (18ms, 18cycles)
Wed May 07 22:30:12 CEST 2014: 89: Solution found.
Wed May 07 22:30:12 CEST 2014: 90: finished (362ms, 500cycles)
Wed May 07 22:30:12 CEST 2014: 90: No solution found.
Wed May 07 22:30:13 CEST 2014: 91: finished (328ms, 500cycles)
Wed May 07 22:30:13 CEST 2014: 91: No solution found.
Wed May 07 22:30:13 CEST 2014: 92: finished (330ms, 500cycles)
Wed May 07 22:30:13 CEST 2014: 92: No solution found.
Wed May 07 22:30:13 CEST 2014: 93: finished (323ms, 500cycles)
Wed May 07 22:30:13 CEST 2014: 93: No solution found.
Wed May 07 22:30:14 CEST 2014: 94: finished (324ms, 500cycles)
Wed May 07 22:30:14 CEST 2014: 94: No solution found.
Wed May 07 22:30:14 CEST 2014: 95: finished (6ms, 6cycles)
Wed May 07 22:30:14 CEST 2014: 95: Solution found.
Wed May 07 22:30:14 CEST 2014: 96: finished (328ms, 500cycles)
Wed May 07 22:30:14 CEST 2014: 96: No solution found.
Wed May 07 22:30:14 CEST 2014: 97: finished (321ms, 500cycles)
Wed May 07 22:30:14 CEST 2014: 97: No solution found.
Wed May 07 22:30:15 CEST 2014: 98: finished (335ms, 500cycles)
Wed May 07 22:30:15 CEST 2014: 98: No solution found.
Wed May 07 22:30:15 CEST 2014: 99: finished (7ms, 8cycles)
Wed May 07 22:30:15 CEST 2014: 99: Solution found.
Wed May 07 22:30:15 CEST 2014: Solution Found: 32
Wed May 07 22:30:15 CEST 2014: Avg cycles: 20
Wed May 07 22:30:15 CEST 2014: Max cycles: 75
Wed May 07 22:30:15 CEST 2014: Min cycles: 2
Wed May 07 22:30:15 CEST 2014: No solution found: 68
Wed May 07 22:30:15 CEST 2014: logging finished. (runtime: 31939ms)
