Wed May 14 14:36:37 CEST 2014: Problem Count: 50
Wed May 14 14:36:37 CEST 2014: CandidatesCount: 50
Wed May 14 14:36:37 CEST 2014: Max Cycles: 500
Wed May 14 14:36:37 CEST 2014: 0: finished (301ms, 500cycles)
Wed May 14 14:36:37 CEST 2014: 0: No solution found.
Wed May 14 14:36:37 CEST 2014: 1: finished (319ms, 500cycles)
Wed May 14 14:36:37 CEST 2014: 1: No solution found.
Wed May 14 14:36:37 CEST 2014: 2: finished (45ms, 67cycles)
Wed May 14 14:36:37 CEST 2014: 2: Solution found.
Wed May 14 14:36:37 CEST 2014: 3: finished (18ms, 28cycles)
Wed May 14 14:36:37 CEST 2014: 3: Solution found.
Wed May 14 14:36:38 CEST 2014: 4: finished (309ms, 500cycles)
Wed May 14 14:36:38 CEST 2014: 4: No solution found.
Wed May 14 14:36:38 CEST 2014: 5: finished (310ms, 500cycles)
Wed May 14 14:36:38 CEST 2014: 5: No solution found.
Wed May 14 14:36:38 CEST 2014: 6: finished (320ms, 500cycles)
Wed May 14 14:36:38 CEST 2014: 6: No solution found.
Wed May 14 14:36:38 CEST 2014: 7: finished (9ms, 13cycles)
Wed May 14 14:36:38 CEST 2014: 7: Solution found.
Wed May 14 14:36:39 CEST 2014: 8: finished (299ms, 500cycles)
Wed May 14 14:36:39 CEST 2014: 8: No solution found.
Wed May 14 14:36:39 CEST 2014: 9: finished (308ms, 500cycles)
Wed May 14 14:36:39 CEST 2014: 9: No solution found.
Wed May 14 14:36:39 CEST 2014: 10: finished (306ms, 500cycles)
Wed May 14 14:36:39 CEST 2014: 10: No solution found.
Wed May 14 14:36:40 CEST 2014: 11: finished (308ms, 500cycles)
Wed May 14 14:36:40 CEST 2014: 11: No solution found.
Wed May 14 14:36:40 CEST 2014: 12: finished (299ms, 500cycles)
Wed May 14 14:36:40 CEST 2014: 12: No solution found.
Wed May 14 14:36:40 CEST 2014: 13: finished (13ms, 19cycles)
Wed May 14 14:36:40 CEST 2014: 13: Solution found.
Wed May 14 14:36:40 CEST 2014: 14: finished (25ms, 39cycles)
Wed May 14 14:36:40 CEST 2014: 14: Solution found.
Wed May 14 14:36:40 CEST 2014: 15: finished (294ms, 500cycles)
Wed May 14 14:36:40 CEST 2014: 15: No solution found.
Wed May 14 14:36:40 CEST 2014: 16: finished (4ms, 4cycles)
Wed May 14 14:36:40 CEST 2014: 16: Solution found.
Wed May 14 14:36:40 CEST 2014: 17: finished (5ms, 7cycles)
Wed May 14 14:36:40 CEST 2014: 17: Solution found.
Wed May 14 14:36:41 CEST 2014: 18: finished (306ms, 500cycles)
Wed May 14 14:36:41 CEST 2014: 18: No solution found.
Wed May 14 14:36:41 CEST 2014: 19: finished (312ms, 500cycles)
Wed May 14 14:36:41 CEST 2014: 19: No solution found.
Wed May 14 14:36:41 CEST 2014: 20: finished (299ms, 500cycles)
Wed May 14 14:36:41 CEST 2014: 20: No solution found.
Wed May 14 14:36:41 CEST 2014: 21: finished (34ms, 51cycles)
Wed May 14 14:36:41 CEST 2014: 21: Solution found.
Wed May 14 14:36:42 CEST 2014: 22: finished (299ms, 500cycles)
Wed May 14 14:36:42 CEST 2014: 22: No solution found.
Wed May 14 14:36:42 CEST 2014: 23: finished (6ms, 9cycles)
Wed May 14 14:36:42 CEST 2014: 23: Solution found.
Wed May 14 14:36:42 CEST 2014: 24: finished (7ms, 10cycles)
Wed May 14 14:36:42 CEST 2014: 24: Solution found.
Wed May 14 14:36:42 CEST 2014: 25: finished (309ms, 500cycles)
Wed May 14 14:36:42 CEST 2014: 25: No solution found.
Wed May 14 14:36:42 CEST 2014: 26: finished (299ms, 500cycles)
Wed May 14 14:36:42 CEST 2014: 26: No solution found.
Wed May 14 14:36:42 CEST 2014: 27: finished (7ms, 10cycles)
Wed May 14 14:36:42 CEST 2014: 27: Solution found.
Wed May 14 14:36:42 CEST 2014: 28: finished (8ms, 11cycles)
Wed May 14 14:36:42 CEST 2014: 28: Solution found.
Wed May 14 14:36:42 CEST 2014: 29: finished (302ms, 500cycles)
Wed May 14 14:36:42 CEST 2014: 29: No solution found.
Wed May 14 14:36:43 CEST 2014: 30: finished (295ms, 500cycles)
Wed May 14 14:36:43 CEST 2014: 30: No solution found.
Wed May 14 14:36:43 CEST 2014: 31: finished (290ms, 500cycles)
Wed May 14 14:36:43 CEST 2014: 31: No solution found.
Wed May 14 14:36:43 CEST 2014: 32: finished (296ms, 500cycles)
Wed May 14 14:36:43 CEST 2014: 32: No solution found.
Wed May 14 14:36:44 CEST 2014: 33: finished (308ms, 500cycles)
Wed May 14 14:36:44 CEST 2014: 33: No solution found.
Wed May 14 14:36:44 CEST 2014: 34: finished (293ms, 500cycles)
Wed May 14 14:36:44 CEST 2014: 34: No solution found.
Wed May 14 14:36:44 CEST 2014: 35: finished (13ms, 14cycles)
Wed May 14 14:36:44 CEST 2014: 35: Solution found.
Wed May 14 14:36:44 CEST 2014: 36: finished (290ms, 500cycles)
Wed May 14 14:36:44 CEST 2014: 36: No solution found.
Wed May 14 14:36:45 CEST 2014: 37: finished (296ms, 500cycles)
Wed May 14 14:36:45 CEST 2014: 37: No solution found.
Wed May 14 14:36:45 CEST 2014: 38: finished (310ms, 500cycles)
Wed May 14 14:36:45 CEST 2014: 38: No solution found.
Wed May 14 14:36:45 CEST 2014: 39: finished (291ms, 500cycles)
Wed May 14 14:36:45 CEST 2014: 39: No solution found.
Wed May 14 14:36:45 CEST 2014: 40: finished (291ms, 500cycles)
Wed May 14 14:36:45 CEST 2014: 40: No solution found.
Wed May 14 14:36:46 CEST 2014: 41: finished (300ms, 500cycles)
Wed May 14 14:36:46 CEST 2014: 41: No solution found.
Wed May 14 14:36:46 CEST 2014: 42: finished (295ms, 500cycles)
Wed May 14 14:36:46 CEST 2014: 42: No solution found.
Wed May 14 14:36:46 CEST 2014: 43: finished (20ms, 29cycles)
Wed May 14 14:36:46 CEST 2014: 43: Solution found.
Wed May 14 14:36:46 CEST 2014: 44: finished (11ms, 16cycles)
Wed May 14 14:36:46 CEST 2014: 44: Solution found.
Wed May 14 14:36:46 CEST 2014: 45: finished (7ms, 9cycles)
Wed May 14 14:36:46 CEST 2014: 45: Solution found.
Wed May 14 14:36:46 CEST 2014: 46: finished (350ms, 500cycles)
Wed May 14 14:36:46 CEST 2014: 46: No solution found.
Wed May 14 14:36:47 CEST 2014: 47: finished (312ms, 500cycles)
Wed May 14 14:36:47 CEST 2014: 47: No solution found.
Wed May 14 14:36:47 CEST 2014: 48: finished (306ms, 500cycles)
Wed May 14 14:36:47 CEST 2014: 48: No solution found.
Wed May 14 14:36:47 CEST 2014: 49: finished (294ms, 500cycles)
Wed May 14 14:36:47 CEST 2014: 49: No solution found.
Wed May 14 14:36:48 CEST 2014: 50: finished (281ms, 500cycles)
Wed May 14 14:36:48 CEST 2014: 50: No solution found.
Wed May 14 14:36:48 CEST 2014: 51: finished (298ms, 500cycles)
Wed May 14 14:36:48 CEST 2014: 51: No solution found.
Wed May 14 14:36:48 CEST 2014: 52: finished (299ms, 500cycles)
Wed May 14 14:36:48 CEST 2014: 52: No solution found.
Wed May 14 14:36:48 CEST 2014: 53: finished (9ms, 13cycles)
Wed May 14 14:36:48 CEST 2014: 53: Solution found.
Wed May 14 14:36:49 CEST 2014: 54: finished (295ms, 500cycles)
Wed May 14 14:36:49 CEST 2014: 54: No solution found.
Wed May 14 14:36:49 CEST 2014: 55: finished (296ms, 500cycles)
Wed May 14 14:36:49 CEST 2014: 55: No solution found.
Wed May 14 14:36:49 CEST 2014: 56: finished (302ms, 500cycles)
Wed May 14 14:36:49 CEST 2014: 56: No solution found.
Wed May 14 14:36:49 CEST 2014: 57: finished (18ms, 28cycles)
Wed May 14 14:36:49 CEST 2014: 57: Solution found.
Wed May 14 14:36:49 CEST 2014: 58: finished (22ms, 32cycles)
Wed May 14 14:36:49 CEST 2014: 58: Solution found.
Wed May 14 14:36:49 CEST 2014: 59: finished (44ms, 68cycles)
Wed May 14 14:36:49 CEST 2014: 59: Solution found.
Wed May 14 14:36:49 CEST 2014: 60: finished (7ms, 9cycles)
Wed May 14 14:36:49 CEST 2014: 60: Solution found.
Wed May 14 14:36:50 CEST 2014: 61: finished (297ms, 500cycles)
Wed May 14 14:36:50 CEST 2014: 61: No solution found.
Wed May 14 14:36:50 CEST 2014: 62: finished (313ms, 500cycles)
Wed May 14 14:36:50 CEST 2014: 62: No solution found.
Wed May 14 14:36:50 CEST 2014: 63: finished (6ms, 8cycles)
Wed May 14 14:36:50 CEST 2014: 63: Solution found.
Wed May 14 14:36:50 CEST 2014: 64: finished (14ms, 21cycles)
Wed May 14 14:36:50 CEST 2014: 64: Solution found.
Wed May 14 14:36:50 CEST 2014: 65: finished (10ms, 13cycles)
Wed May 14 14:36:50 CEST 2014: 65: Solution found.
Wed May 14 14:36:50 CEST 2014: 66: finished (295ms, 500cycles)
Wed May 14 14:36:50 CEST 2014: 66: No solution found.
Wed May 14 14:36:50 CEST 2014: 67: finished (308ms, 500cycles)
Wed May 14 14:36:50 CEST 2014: 67: No solution found.
Wed May 14 14:36:51 CEST 2014: 68: finished (300ms, 500cycles)
Wed May 14 14:36:51 CEST 2014: 68: No solution found.
Wed May 14 14:36:51 CEST 2014: 69: finished (307ms, 500cycles)
Wed May 14 14:36:51 CEST 2014: 69: No solution found.
Wed May 14 14:36:51 CEST 2014: 70: finished (297ms, 500cycles)
Wed May 14 14:36:51 CEST 2014: 70: No solution found.
Wed May 14 14:36:52 CEST 2014: 71: finished (309ms, 500cycles)
Wed May 14 14:36:52 CEST 2014: 71: No solution found.
Wed May 14 14:36:52 CEST 2014: 72: finished (312ms, 500cycles)
Wed May 14 14:36:52 CEST 2014: 72: No solution found.
Wed May 14 14:36:52 CEST 2014: 73: finished (307ms, 500cycles)
Wed May 14 14:36:52 CEST 2014: 73: No solution found.
Wed May 14 14:36:53 CEST 2014: 74: finished (294ms, 500cycles)
Wed May 14 14:36:53 CEST 2014: 74: No solution found.
Wed May 14 14:36:53 CEST 2014: 75: finished (11ms, 16cycles)
Wed May 14 14:36:53 CEST 2014: 75: Solution found.
Wed May 14 14:36:53 CEST 2014: 76: finished (306ms, 500cycles)
Wed May 14 14:36:53 CEST 2014: 76: No solution found.
Wed May 14 14:36:53 CEST 2014: 77: finished (305ms, 500cycles)
Wed May 14 14:36:53 CEST 2014: 77: No solution found.
Wed May 14 14:36:53 CEST 2014: 78: finished (10ms, 13cycles)
Wed May 14 14:36:53 CEST 2014: 78: Solution found.
Wed May 14 14:36:54 CEST 2014: 79: finished (292ms, 500cycles)
Wed May 14 14:36:54 CEST 2014: 79: No solution found.
Wed May 14 14:36:54 CEST 2014: 80: finished (306ms, 500cycles)
Wed May 14 14:36:54 CEST 2014: 80: No solution found.
Wed May 14 14:36:54 CEST 2014: 81: finished (300ms, 500cycles)
Wed May 14 14:36:54 CEST 2014: 81: No solution found.
Wed May 14 14:36:54 CEST 2014: 82: finished (250ms, 384cycles)
Wed May 14 14:36:54 CEST 2014: 82: Solution found.
Wed May 14 14:36:55 CEST 2014: 83: finished (320ms, 500cycles)
Wed May 14 14:36:55 CEST 2014: 83: No solution found.
Wed May 14 14:36:55 CEST 2014: 84: finished (11ms, 16cycles)
Wed May 14 14:36:55 CEST 2014: 84: Solution found.
Wed May 14 14:36:55 CEST 2014: 85: finished (301ms, 500cycles)
Wed May 14 14:36:55 CEST 2014: 85: No solution found.
Wed May 14 14:36:55 CEST 2014: 86: finished (309ms, 500cycles)
Wed May 14 14:36:55 CEST 2014: 86: No solution found.
Wed May 14 14:36:56 CEST 2014: 87: finished (310ms, 500cycles)
Wed May 14 14:36:56 CEST 2014: 87: No solution found.
Wed May 14 14:36:56 CEST 2014: 88: finished (291ms, 500cycles)
Wed May 14 14:36:56 CEST 2014: 88: No solution found.
Wed May 14 14:36:56 CEST 2014: 89: finished (290ms, 500cycles)
Wed May 14 14:36:56 CEST 2014: 89: No solution found.
Wed May 14 14:36:56 CEST 2014: 90: finished (13ms, 18cycles)
Wed May 14 14:36:56 CEST 2014: 90: Solution found.
Wed May 14 14:36:57 CEST 2014: 91: finished (293ms, 500cycles)
Wed May 14 14:36:57 CEST 2014: 91: No solution found.
Wed May 14 14:36:57 CEST 2014: 92: finished (16ms, 22cycles)
Wed May 14 14:36:57 CEST 2014: 92: Solution found.
Wed May 14 14:36:57 CEST 2014: 93: finished (306ms, 500cycles)
Wed May 14 14:36:57 CEST 2014: 93: No solution found.
Wed May 14 14:36:57 CEST 2014: 94: finished (40ms, 60cycles)
Wed May 14 14:36:57 CEST 2014: 94: Solution found.
Wed May 14 14:36:57 CEST 2014: 95: finished (290ms, 500cycles)
Wed May 14 14:36:57 CEST 2014: 95: No solution found.
Wed May 14 14:36:57 CEST 2014: 96: finished (304ms, 500cycles)
Wed May 14 14:36:57 CEST 2014: 96: No solution found.
Wed May 14 14:36:58 CEST 2014: 97: finished (293ms, 500cycles)
Wed May 14 14:36:58 CEST 2014: 97: No solution found.
Wed May 14 14:36:58 CEST 2014: 98: finished (11ms, 15cycles)
Wed May 14 14:36:58 CEST 2014: 98: Solution found.
Wed May 14 14:36:58 CEST 2014: 99: finished (14ms, 22cycles)
Wed May 14 14:36:58 CEST 2014: 99: Solution found.
Wed May 14 14:36:58 CEST 2014: Solution Found: 33
Wed May 14 14:36:58 CEST 2014: Avg cycles: 33
Wed May 14 14:36:58 CEST 2014: Max cycles: 384
Wed May 14 14:36:58 CEST 2014: Min cycles: 4
Wed May 14 14:36:58 CEST 2014: No solution found: 67
Wed May 14 14:36:58 CEST 2014: logging finished. (runtime: 21005ms)
