Wed May 14 17:20:31 CEST 2014: Problem Count: 50
Wed May 14 17:20:31 CEST 2014: CandidatesCount: 50
Wed May 14 17:20:31 CEST 2014: Max Cycles: 500
Wed May 14 17:20:31 CEST 2014: 0: finished (299ms, 500cycles)
Wed May 14 17:20:31 CEST 2014: 0: No solution found.
Wed May 14 17:20:32 CEST 2014: 1: finished (317ms, 500cycles)
Wed May 14 17:20:32 CEST 2014: 1: No solution found.
Wed May 14 17:20:32 CEST 2014: 2: finished (302ms, 500cycles)
Wed May 14 17:20:32 CEST 2014: 2: No solution found.
Wed May 14 17:20:32 CEST 2014: 3: finished (302ms, 500cycles)
Wed May 14 17:20:32 CEST 2014: 3: No solution found.
Wed May 14 17:20:32 CEST 2014: 4: finished (6ms, 9cycles)
Wed May 14 17:20:32 CEST 2014: 4: Solution found.
Wed May 14 17:20:33 CEST 2014: 5: finished (310ms, 500cycles)
Wed May 14 17:20:33 CEST 2014: 5: No solution found.
Wed May 14 17:20:33 CEST 2014: 6: finished (301ms, 500cycles)
Wed May 14 17:20:33 CEST 2014: 6: No solution found.
Wed May 14 17:20:33 CEST 2014: 7: finished (303ms, 500cycles)
Wed May 14 17:20:33 CEST 2014: 7: No solution found.
Wed May 14 17:20:34 CEST 2014: 8: finished (300ms, 500cycles)
Wed May 14 17:20:34 CEST 2014: 8: No solution found.
Wed May 14 17:20:34 CEST 2014: 9: finished (320ms, 500cycles)
Wed May 14 17:20:34 CEST 2014: 9: No solution found.
Wed May 14 17:20:34 CEST 2014: 10: finished (305ms, 500cycles)
Wed May 14 17:20:34 CEST 2014: 10: No solution found.
Wed May 14 17:20:34 CEST 2014: 11: finished (20ms, 31cycles)
Wed May 14 17:20:34 CEST 2014: 11: Solution found.
Wed May 14 17:20:34 CEST 2014: 12: finished (4ms, 3cycles)
Wed May 14 17:20:34 CEST 2014: 12: Solution found.
Wed May 14 17:20:34 CEST 2014: 13: finished (18ms, 28cycles)
Wed May 14 17:20:34 CEST 2014: 13: Solution found.
Wed May 14 17:20:35 CEST 2014: 14: finished (648ms, 500cycles)
Wed May 14 17:20:35 CEST 2014: 14: No solution found.
Wed May 14 17:20:36 CEST 2014: 15: finished (799ms, 500cycles)
Wed May 14 17:20:36 CEST 2014: 15: No solution found.
Wed May 14 17:20:36 CEST 2014: 16: finished (796ms, 500cycles)
Wed May 14 17:20:36 CEST 2014: 16: No solution found.
Wed May 14 17:20:37 CEST 2014: 17: finished (793ms, 500cycles)
Wed May 14 17:20:37 CEST 2014: 17: No solution found.
Wed May 14 17:20:38 CEST 2014: 18: finished (797ms, 500cycles)
Wed May 14 17:20:38 CEST 2014: 18: No solution found.
Wed May 14 17:20:38 CEST 2014: 19: finished (25ms, 13cycles)
Wed May 14 17:20:38 CEST 2014: 19: Solution found.
Wed May 14 17:20:39 CEST 2014: 20: finished (808ms, 500cycles)
Wed May 14 17:20:39 CEST 2014: 20: No solution found.
Wed May 14 17:20:39 CEST 2014: 21: finished (344ms, 500cycles)
Wed May 14 17:20:39 CEST 2014: 21: No solution found.
Wed May 14 17:20:39 CEST 2014: 22: finished (5ms, 7cycles)
Wed May 14 17:20:39 CEST 2014: 22: Solution found.
Wed May 14 17:20:40 CEST 2014: 23: finished (308ms, 500cycles)
Wed May 14 17:20:40 CEST 2014: 23: No solution found.
Wed May 14 17:20:40 CEST 2014: 24: finished (292ms, 500cycles)
Wed May 14 17:20:40 CEST 2014: 24: No solution found.
Wed May 14 17:20:40 CEST 2014: 25: finished (289ms, 500cycles)
Wed May 14 17:20:40 CEST 2014: 25: No solution found.
Wed May 14 17:20:40 CEST 2014: 26: finished (297ms, 500cycles)
Wed May 14 17:20:40 CEST 2014: 26: No solution found.
Wed May 14 17:20:41 CEST 2014: 27: finished (313ms, 500cycles)
Wed May 14 17:20:41 CEST 2014: 27: No solution found.
Wed May 14 17:20:41 CEST 2014: 28: finished (307ms, 500cycles)
Wed May 14 17:20:41 CEST 2014: 28: No solution found.
Wed May 14 17:20:41 CEST 2014: 29: finished (9ms, 13cycles)
Wed May 14 17:20:41 CEST 2014: 29: Solution found.
Wed May 14 17:20:41 CEST 2014: 30: finished (23ms, 34cycles)
Wed May 14 17:20:41 CEST 2014: 30: Solution found.
Wed May 14 17:20:41 CEST 2014: 31: finished (299ms, 500cycles)
Wed May 14 17:20:41 CEST 2014: 31: No solution found.
Wed May 14 17:20:41 CEST 2014: 32: finished (14ms, 19cycles)
Wed May 14 17:20:41 CEST 2014: 32: Solution found.
Wed May 14 17:20:42 CEST 2014: 33: finished (295ms, 500cycles)
Wed May 14 17:20:42 CEST 2014: 33: No solution found.
Wed May 14 17:20:42 CEST 2014: 34: finished (18ms, 26cycles)
Wed May 14 17:20:42 CEST 2014: 34: Solution found.
Wed May 14 17:20:42 CEST 2014: 35: finished (291ms, 500cycles)
Wed May 14 17:20:42 CEST 2014: 35: No solution found.
Wed May 14 17:20:42 CEST 2014: 36: finished (32ms, 49cycles)
Wed May 14 17:20:42 CEST 2014: 36: Solution found.
Wed May 14 17:20:42 CEST 2014: 37: finished (12ms, 19cycles)
Wed May 14 17:20:42 CEST 2014: 37: Solution found.
Wed May 14 17:20:42 CEST 2014: 38: finished (289ms, 500cycles)
Wed May 14 17:20:42 CEST 2014: 38: No solution found.
Wed May 14 17:20:43 CEST 2014: 39: finished (291ms, 500cycles)
Wed May 14 17:20:43 CEST 2014: 39: No solution found.
Wed May 14 17:20:43 CEST 2014: 40: finished (8ms, 11cycles)
Wed May 14 17:20:43 CEST 2014: 40: Solution found.
Wed May 14 17:20:43 CEST 2014: 41: finished (15ms, 20cycles)
Wed May 14 17:20:43 CEST 2014: 41: Solution found.
Wed May 14 17:20:43 CEST 2014: 42: finished (295ms, 500cycles)
Wed May 14 17:20:43 CEST 2014: 42: No solution found.
Wed May 14 17:20:43 CEST 2014: 43: finished (300ms, 500cycles)
Wed May 14 17:20:43 CEST 2014: 43: No solution found.
Wed May 14 17:20:43 CEST 2014: 44: finished (9ms, 12cycles)
Wed May 14 17:20:43 CEST 2014: 44: Solution found.
Wed May 14 17:20:44 CEST 2014: 45: finished (299ms, 500cycles)
Wed May 14 17:20:44 CEST 2014: 45: No solution found.
Wed May 14 17:20:44 CEST 2014: 46: finished (12ms, 17cycles)
Wed May 14 17:20:44 CEST 2014: 46: Solution found.
Wed May 14 17:20:44 CEST 2014: 47: finished (293ms, 500cycles)
Wed May 14 17:20:44 CEST 2014: 47: No solution found.
Wed May 14 17:20:44 CEST 2014: 48: finished (312ms, 500cycles)
Wed May 14 17:20:44 CEST 2014: 48: No solution found.
Wed May 14 17:20:44 CEST 2014: 49: finished (318ms, 500cycles)
Wed May 14 17:20:44 CEST 2014: 49: No solution found.
Wed May 14 17:20:45 CEST 2014: 50: finished (294ms, 500cycles)
Wed May 14 17:20:45 CEST 2014: 50: No solution found.
Wed May 14 17:20:45 CEST 2014: 51: finished (290ms, 500cycles)
Wed May 14 17:20:45 CEST 2014: 51: No solution found.
Wed May 14 17:20:45 CEST 2014: 52: finished (26ms, 27cycles)
Wed May 14 17:20:45 CEST 2014: 52: Solution found.
Wed May 14 17:20:45 CEST 2014: 53: finished (14ms, 20cycles)
Wed May 14 17:20:45 CEST 2014: 53: Solution found.
Wed May 14 17:20:45 CEST 2014: 54: finished (312ms, 500cycles)
Wed May 14 17:20:45 CEST 2014: 54: No solution found.
Wed May 14 17:20:45 CEST 2014: 55: finished (9ms, 12cycles)
Wed May 14 17:20:45 CEST 2014: 55: Solution found.
Wed May 14 17:20:46 CEST 2014: 56: finished (303ms, 500cycles)
Wed May 14 17:20:46 CEST 2014: 56: No solution found.
Wed May 14 17:20:46 CEST 2014: 57: finished (26ms, 40cycles)
Wed May 14 17:20:46 CEST 2014: 57: Solution found.
Wed May 14 17:20:46 CEST 2014: 58: finished (302ms, 500cycles)
Wed May 14 17:20:46 CEST 2014: 58: No solution found.
Wed May 14 17:20:46 CEST 2014: 59: finished (308ms, 500cycles)
Wed May 14 17:20:46 CEST 2014: 59: No solution found.
Wed May 14 17:20:47 CEST 2014: 60: finished (306ms, 500cycles)
Wed May 14 17:20:47 CEST 2014: 60: No solution found.
Wed May 14 17:20:47 CEST 2014: 61: finished (10ms, 15cycles)
Wed May 14 17:20:47 CEST 2014: 61: Solution found.
Wed May 14 17:20:47 CEST 2014: 62: finished (303ms, 500cycles)
Wed May 14 17:20:47 CEST 2014: 62: No solution found.
Wed May 14 17:20:47 CEST 2014: 63: finished (306ms, 500cycles)
Wed May 14 17:20:47 CEST 2014: 63: No solution found.
Wed May 14 17:20:48 CEST 2014: 64: finished (290ms, 500cycles)
Wed May 14 17:20:48 CEST 2014: 64: No solution found.
Wed May 14 17:20:48 CEST 2014: 65: finished (296ms, 500cycles)
Wed May 14 17:20:48 CEST 2014: 65: No solution found.
Wed May 14 17:20:48 CEST 2014: 66: finished (295ms, 500cycles)
Wed May 14 17:20:48 CEST 2014: 66: No solution found.
Wed May 14 17:20:48 CEST 2014: 67: finished (17ms, 16cycles)
Wed May 14 17:20:48 CEST 2014: 67: Solution found.
Wed May 14 17:20:48 CEST 2014: 68: finished (21ms, 34cycles)
Wed May 14 17:20:48 CEST 2014: 68: Solution found.
Wed May 14 17:20:48 CEST 2014: 69: finished (296ms, 500cycles)
Wed May 14 17:20:48 CEST 2014: 69: No solution found.
Wed May 14 17:20:49 CEST 2014: 70: finished (314ms, 500cycles)
Wed May 14 17:20:49 CEST 2014: 70: No solution found.
Wed May 14 17:20:49 CEST 2014: 71: finished (296ms, 500cycles)
Wed May 14 17:20:49 CEST 2014: 71: No solution found.
Wed May 14 17:20:49 CEST 2014: 72: finished (50ms, 82cycles)
Wed May 14 17:20:49 CEST 2014: 72: Solution found.
Wed May 14 17:20:49 CEST 2014: 73: finished (298ms, 500cycles)
Wed May 14 17:20:49 CEST 2014: 73: No solution found.
Wed May 14 17:20:50 CEST 2014: 74: finished (301ms, 500cycles)
Wed May 14 17:20:50 CEST 2014: 74: No solution found.
Wed May 14 17:20:50 CEST 2014: 75: finished (4ms, 5cycles)
Wed May 14 17:20:50 CEST 2014: 75: Solution found.
Wed May 14 17:20:50 CEST 2014: 76: finished (290ms, 500cycles)
Wed May 14 17:20:50 CEST 2014: 76: No solution found.
Wed May 14 17:20:50 CEST 2014: 77: finished (44ms, 68cycles)
Wed May 14 17:20:50 CEST 2014: 77: Solution found.
Wed May 14 17:20:50 CEST 2014: 78: finished (33ms, 48cycles)
Wed May 14 17:20:50 CEST 2014: 78: Solution found.
Wed May 14 17:20:50 CEST 2014: 79: finished (301ms, 500cycles)
Wed May 14 17:20:50 CEST 2014: 79: No solution found.
Wed May 14 17:20:51 CEST 2014: 80: finished (301ms, 500cycles)
Wed May 14 17:20:51 CEST 2014: 80: No solution found.
Wed May 14 17:20:51 CEST 2014: 81: finished (293ms, 500cycles)
Wed May 14 17:20:51 CEST 2014: 81: No solution found.
Wed May 14 17:20:51 CEST 2014: 82: finished (19ms, 27cycles)
Wed May 14 17:20:51 CEST 2014: 82: Solution found.
Wed May 14 17:20:51 CEST 2014: 83: finished (15ms, 20cycles)
Wed May 14 17:20:51 CEST 2014: 83: Solution found.
Wed May 14 17:20:51 CEST 2014: 84: finished (298ms, 500cycles)
Wed May 14 17:20:51 CEST 2014: 84: No solution found.
Wed May 14 17:20:52 CEST 2014: 85: finished (310ms, 500cycles)
Wed May 14 17:20:52 CEST 2014: 85: No solution found.
Wed May 14 17:20:52 CEST 2014: 86: finished (290ms, 500cycles)
Wed May 14 17:20:52 CEST 2014: 86: No solution found.
Wed May 14 17:20:52 CEST 2014: 87: finished (297ms, 500cycles)
Wed May 14 17:20:52 CEST 2014: 87: No solution found.
Wed May 14 17:20:52 CEST 2014: 88: finished (11ms, 16cycles)
Wed May 14 17:20:52 CEST 2014: 88: Solution found.
Wed May 14 17:20:52 CEST 2014: 89: finished (7ms, 9cycles)
Wed May 14 17:20:52 CEST 2014: 89: Solution found.
Wed May 14 17:20:52 CEST 2014: 90: finished (88ms, 128cycles)
Wed May 14 17:20:52 CEST 2014: 90: Solution found.
Wed May 14 17:20:52 CEST 2014: 91: finished (17ms, 27cycles)
Wed May 14 17:20:52 CEST 2014: 91: Solution found.
Wed May 14 17:20:52 CEST 2014: 92: finished (26ms, 38cycles)
Wed May 14 17:20:52 CEST 2014: 92: Solution found.
Wed May 14 17:20:53 CEST 2014: 93: finished (303ms, 500cycles)
Wed May 14 17:20:53 CEST 2014: 93: No solution found.
Wed May 14 17:20:53 CEST 2014: 94: finished (306ms, 500cycles)
Wed May 14 17:20:53 CEST 2014: 94: No solution found.
Wed May 14 17:20:53 CEST 2014: 95: finished (6ms, 9cycles)
Wed May 14 17:20:53 CEST 2014: 95: Solution found.
Wed May 14 17:20:53 CEST 2014: 96: finished (293ms, 500cycles)
Wed May 14 17:20:53 CEST 2014: 96: No solution found.
Wed May 14 17:20:54 CEST 2014: 97: finished (306ms, 500cycles)
Wed May 14 17:20:54 CEST 2014: 97: No solution found.
Wed May 14 17:20:54 CEST 2014: 98: finished (302ms, 500cycles)
Wed May 14 17:20:54 CEST 2014: 98: No solution found.
Wed May 14 17:20:54 CEST 2014: 99: finished (4ms, 5cycles)
Wed May 14 17:20:54 CEST 2014: 99: Solution found.
Wed May 14 17:20:54 CEST 2014: Solution Found: 36
Wed May 14 17:20:54 CEST 2014: Avg cycles: 26
Wed May 14 17:20:54 CEST 2014: Max cycles: 128
Wed May 14 17:20:54 CEST 2014: Min cycles: 3
Wed May 14 17:20:54 CEST 2014: No solution found: 64
Wed May 14 17:20:54 CEST 2014: logging finished. (runtime: 22831ms)
