Wed May 07 01:51:33 CEST 2014: Problem Count: 30
Wed May 07 01:51:33 CEST 2014: CandidatesCount: 50
Wed May 07 01:51:33 CEST 2014: Max Cycles: 500
Wed May 07 01:51:34 CEST 2014: 0: finished (180ms, 500cycles)
Wed May 07 01:51:34 CEST 2014: 0: No solution found.
Wed May 07 01:51:34 CEST 2014: 1: finished (10ms, 24cycles)
Wed May 07 01:51:34 CEST 2014: 1: Solution found.
Wed May 07 01:51:34 CEST 2014: 2: finished (9ms, 21cycles)
Wed May 07 01:51:34 CEST 2014: 2: Solution found.
Wed May 07 01:51:34 CEST 2014: 3: finished (1ms, 2cycles)
Wed May 07 01:51:34 CEST 2014: 3: Solution found.
Wed May 07 01:51:34 CEST 2014: 4: finished (180ms, 500cycles)
Wed May 07 01:51:34 CEST 2014: 4: No solution found.
Wed May 07 01:51:34 CEST 2014: 5: finished (177ms, 500cycles)
Wed May 07 01:51:34 CEST 2014: 5: No solution found.
Wed May 07 01:51:34 CEST 2014: 6: finished (178ms, 500cycles)
Wed May 07 01:51:34 CEST 2014: 6: No solution found.
Wed May 07 01:51:34 CEST 2014: 7: finished (185ms, 500cycles)
Wed May 07 01:51:34 CEST 2014: 7: No solution found.
Wed May 07 01:51:34 CEST 2014: 8: finished (7ms, 13cycles)
Wed May 07 01:51:34 CEST 2014: 8: Solution found.
Wed May 07 01:51:34 CEST 2014: 9: finished (28ms, 61cycles)
Wed May 07 01:51:34 CEST 2014: 9: Solution found.
Wed May 07 01:51:34 CEST 2014: 10: finished (6ms, 10cycles)
Wed May 07 01:51:34 CEST 2014: 10: Solution found.
Wed May 07 01:51:34 CEST 2014: 11: finished (11ms, 25cycles)
Wed May 07 01:51:34 CEST 2014: 11: Solution found.
Wed May 07 01:51:34 CEST 2014: 12: finished (9ms, 16cycles)
Wed May 07 01:51:34 CEST 2014: 12: Solution found.
Wed May 07 01:51:34 CEST 2014: 13: finished (189ms, 500cycles)
Wed May 07 01:51:34 CEST 2014: 13: No solution found.
Wed May 07 01:51:35 CEST 2014: 14: finished (8ms, 17cycles)
Wed May 07 01:51:35 CEST 2014: 14: Solution found.
Wed May 07 01:51:35 CEST 2014: 15: finished (7ms, 19cycles)
Wed May 07 01:51:35 CEST 2014: 15: Solution found.
Wed May 07 01:51:35 CEST 2014: 16: finished (179ms, 500cycles)
Wed May 07 01:51:35 CEST 2014: 16: No solution found.
Wed May 07 01:51:35 CEST 2014: 17: finished (178ms, 500cycles)
Wed May 07 01:51:35 CEST 2014: 17: No solution found.
Wed May 07 01:51:35 CEST 2014: 18: finished (180ms, 500cycles)
Wed May 07 01:51:35 CEST 2014: 18: No solution found.
Wed May 07 01:51:35 CEST 2014: 19: finished (7ms, 15cycles)
Wed May 07 01:51:35 CEST 2014: 19: Solution found.
Wed May 07 01:51:35 CEST 2014: 20: finished (185ms, 500cycles)
Wed May 07 01:51:35 CEST 2014: 20: No solution found.
Wed May 07 01:51:35 CEST 2014: 21: finished (180ms, 500cycles)
Wed May 07 01:51:35 CEST 2014: 21: No solution found.
Wed May 07 01:51:36 CEST 2014: 22: finished (191ms, 500cycles)
Wed May 07 01:51:36 CEST 2014: 22: No solution found.
Wed May 07 01:51:36 CEST 2014: 23: finished (186ms, 500cycles)
Wed May 07 01:51:36 CEST 2014: 23: No solution found.
Wed May 07 01:51:36 CEST 2014: 24: finished (10ms, 20cycles)
Wed May 07 01:51:36 CEST 2014: 24: Solution found.
Wed May 07 01:51:36 CEST 2014: 25: finished (179ms, 500cycles)
Wed May 07 01:51:36 CEST 2014: 25: No solution found.
Wed May 07 01:51:36 CEST 2014: 26: finished (181ms, 500cycles)
Wed May 07 01:51:36 CEST 2014: 26: No solution found.
Wed May 07 01:51:36 CEST 2014: 27: finished (9ms, 16cycles)
Wed May 07 01:51:36 CEST 2014: 27: Solution found.
Wed May 07 01:51:36 CEST 2014: 28: finished (7ms, 16cycles)
Wed May 07 01:51:36 CEST 2014: 28: Solution found.
Wed May 07 01:51:36 CEST 2014: 29: finished (176ms, 500cycles)
Wed May 07 01:51:36 CEST 2014: 29: No solution found.
Wed May 07 01:51:37 CEST 2014: 30: finished (180ms, 500cycles)
Wed May 07 01:51:37 CEST 2014: 30: No solution found.
Wed May 07 01:51:37 CEST 2014: 31: finished (180ms, 500cycles)
Wed May 07 01:51:37 CEST 2014: 31: No solution found.
Wed May 07 01:51:37 CEST 2014: 32: finished (309ms, 500cycles)
Wed May 07 01:51:37 CEST 2014: 32: No solution found.
Wed May 07 01:51:38 CEST 2014: 33: finished (532ms, 500cycles)
Wed May 07 01:51:38 CEST 2014: 33: No solution found.
Wed May 07 01:51:38 CEST 2014: 34: finished (515ms, 500cycles)
Wed May 07 01:51:38 CEST 2014: 34: No solution found.
Wed May 07 01:51:39 CEST 2014: 35: finished (618ms, 500cycles)
Wed May 07 01:51:39 CEST 2014: 35: No solution found.
Wed May 07 01:51:39 CEST 2014: 36: finished (7ms, 3cycles)
Wed May 07 01:51:39 CEST 2014: 36: Solution found.
Wed May 07 01:51:39 CEST 2014: 37: finished (755ms, 500cycles)
Wed May 07 01:51:39 CEST 2014: 37: No solution found.
Wed May 07 01:51:40 CEST 2014: 38: finished (817ms, 500cycles)
Wed May 07 01:51:40 CEST 2014: 38: No solution found.
Wed May 07 01:51:41 CEST 2014: 39: finished (736ms, 500cycles)
Wed May 07 01:51:41 CEST 2014: 39: No solution found.
Wed May 07 01:51:42 CEST 2014: 40: finished (718ms, 500cycles)
Wed May 07 01:51:42 CEST 2014: 40: No solution found.
Wed May 07 01:51:42 CEST 2014: 41: finished (567ms, 500cycles)
Wed May 07 01:51:42 CEST 2014: 41: No solution found.
Wed May 07 01:51:43 CEST 2014: 42: finished (523ms, 500cycles)
Wed May 07 01:51:43 CEST 2014: 42: No solution found.
Wed May 07 01:51:43 CEST 2014: 43: finished (306ms, 500cycles)
Wed May 07 01:51:43 CEST 2014: 43: No solution found.
Wed May 07 01:51:43 CEST 2014: 44: finished (176ms, 500cycles)
Wed May 07 01:51:43 CEST 2014: 44: No solution found.
Wed May 07 01:51:43 CEST 2014: 45: finished (181ms, 500cycles)
Wed May 07 01:51:43 CEST 2014: 45: No solution found.
Wed May 07 01:51:44 CEST 2014: 46: finished (6ms, 13cycles)
Wed May 07 01:51:44 CEST 2014: 46: Solution found.
Wed May 07 01:51:44 CEST 2014: 47: finished (188ms, 500cycles)
Wed May 07 01:51:44 CEST 2014: 47: No solution found.
Wed May 07 01:51:44 CEST 2014: 48: finished (176ms, 500cycles)
Wed May 07 01:51:44 CEST 2014: 48: No solution found.
Wed May 07 01:51:44 CEST 2014: 49: finished (179ms, 500cycles)
Wed May 07 01:51:44 CEST 2014: 49: No solution found.
Wed May 07 01:51:44 CEST 2014: 50: finished (177ms, 500cycles)
Wed May 07 01:51:44 CEST 2014: 50: No solution found.
Wed May 07 01:51:44 CEST 2014: 51: finished (200ms, 500cycles)
Wed May 07 01:51:44 CEST 2014: 51: No solution found.
Wed May 07 01:51:44 CEST 2014: 52: finished (7ms, 15cycles)
Wed May 07 01:51:44 CEST 2014: 52: Solution found.
Wed May 07 01:51:44 CEST 2014: 53: finished (11ms, 24cycles)
Wed May 07 01:51:44 CEST 2014: 53: Solution found.
Wed May 07 01:51:45 CEST 2014: 54: finished (179ms, 500cycles)
Wed May 07 01:51:45 CEST 2014: 54: No solution found.
Wed May 07 01:51:45 CEST 2014: 55: finished (176ms, 500cycles)
Wed May 07 01:51:45 CEST 2014: 55: No solution found.
Wed May 07 01:51:45 CEST 2014: 56: finished (180ms, 500cycles)
Wed May 07 01:51:45 CEST 2014: 56: No solution found.
Wed May 07 01:51:45 CEST 2014: 57: finished (181ms, 500cycles)
Wed May 07 01:51:45 CEST 2014: 57: No solution found.
Wed May 07 01:51:45 CEST 2014: 58: finished (183ms, 500cycles)
Wed May 07 01:51:45 CEST 2014: 58: No solution found.
Wed May 07 01:51:45 CEST 2014: 59: finished (4ms, 5cycles)
Wed May 07 01:51:45 CEST 2014: 59: Solution found.
Wed May 07 01:51:46 CEST 2014: 60: finished (186ms, 500cycles)
Wed May 07 01:51:46 CEST 2014: 60: No solution found.
Wed May 07 01:51:46 CEST 2014: 61: finished (177ms, 500cycles)
Wed May 07 01:51:46 CEST 2014: 61: No solution found.
Wed May 07 01:51:46 CEST 2014: 62: finished (181ms, 500cycles)
Wed May 07 01:51:46 CEST 2014: 62: No solution found.
Wed May 07 01:51:46 CEST 2014: 63: finished (21ms, 48cycles)
Wed May 07 01:51:46 CEST 2014: 63: Solution found.
Wed May 07 01:51:46 CEST 2014: 64: finished (178ms, 500cycles)
Wed May 07 01:51:46 CEST 2014: 64: No solution found.
Wed May 07 01:51:46 CEST 2014: 65: finished (30ms, 47cycles)
Wed May 07 01:51:46 CEST 2014: 65: Solution found.
Wed May 07 01:51:46 CEST 2014: 66: finished (182ms, 500cycles)
Wed May 07 01:51:46 CEST 2014: 66: No solution found.
Wed May 07 01:51:46 CEST 2014: 67: finished (196ms, 500cycles)
Wed May 07 01:51:46 CEST 2014: 67: No solution found.
Wed May 07 01:51:47 CEST 2014: 68: finished (180ms, 500cycles)
Wed May 07 01:51:47 CEST 2014: 68: No solution found.
Wed May 07 01:51:47 CEST 2014: 69: finished (14ms, 34cycles)
Wed May 07 01:51:47 CEST 2014: 69: Solution found.
Wed May 07 01:51:47 CEST 2014: 70: finished (7ms, 14cycles)
Wed May 07 01:51:47 CEST 2014: 70: Solution found.
Wed May 07 01:51:47 CEST 2014: 71: finished (204ms, 500cycles)
Wed May 07 01:51:47 CEST 2014: 71: No solution found.
Wed May 07 01:51:47 CEST 2014: 72: finished (199ms, 500cycles)
Wed May 07 01:51:47 CEST 2014: 72: No solution found.
Wed May 07 01:51:47 CEST 2014: 73: finished (186ms, 500cycles)
Wed May 07 01:51:47 CEST 2014: 73: No solution found.
Wed May 07 01:51:47 CEST 2014: 74: finished (180ms, 500cycles)
Wed May 07 01:51:47 CEST 2014: 74: No solution found.
Wed May 07 01:51:48 CEST 2014: 75: finished (179ms, 500cycles)
Wed May 07 01:51:48 CEST 2014: 75: No solution found.
Wed May 07 01:51:48 CEST 2014: 76: finished (5ms, 11cycles)
Wed May 07 01:51:48 CEST 2014: 76: Solution found.
Wed May 07 01:51:48 CEST 2014: 77: finished (11ms, 24cycles)
Wed May 07 01:51:48 CEST 2014: 77: Solution found.
Wed May 07 01:51:48 CEST 2014: 78: finished (3ms, 5cycles)
Wed May 07 01:51:48 CEST 2014: 78: Solution found.
Wed May 07 01:51:48 CEST 2014: 79: finished (181ms, 500cycles)
Wed May 07 01:51:48 CEST 2014: 79: No solution found.
Wed May 07 01:51:48 CEST 2014: 80: finished (202ms, 500cycles)
Wed May 07 01:51:48 CEST 2014: 80: No solution found.
Wed May 07 01:51:48 CEST 2014: 81: finished (14ms, 31cycles)
Wed May 07 01:51:48 CEST 2014: 81: Solution found.
Wed May 07 01:51:48 CEST 2014: 82: finished (206ms, 500cycles)
Wed May 07 01:51:48 CEST 2014: 82: No solution found.
Wed May 07 01:51:48 CEST 2014: 83: finished (182ms, 500cycles)
Wed May 07 01:51:48 CEST 2014: 83: No solution found.
Wed May 07 01:51:48 CEST 2014: 84: finished (10ms, 16cycles)
Wed May 07 01:51:48 CEST 2014: 84: Solution found.
Wed May 07 01:51:49 CEST 2014: 85: finished (186ms, 500cycles)
Wed May 07 01:51:49 CEST 2014: 85: No solution found.
Wed May 07 01:51:49 CEST 2014: 86: finished (182ms, 500cycles)
Wed May 07 01:51:49 CEST 2014: 86: No solution found.
Wed May 07 01:51:49 CEST 2014: 87: finished (179ms, 500cycles)
Wed May 07 01:51:49 CEST 2014: 87: No solution found.
Wed May 07 01:51:49 CEST 2014: 88: finished (26ms, 60cycles)
Wed May 07 01:51:49 CEST 2014: 88: Solution found.
Wed May 07 01:51:49 CEST 2014: 89: finished (12ms, 29cycles)
Wed May 07 01:51:49 CEST 2014: 89: Solution found.
Wed May 07 01:51:49 CEST 2014: 90: finished (195ms, 500cycles)
Wed May 07 01:51:49 CEST 2014: 90: No solution found.
Wed May 07 01:51:49 CEST 2014: 91: finished (179ms, 500cycles)
Wed May 07 01:51:49 CEST 2014: 91: No solution found.
Wed May 07 01:51:49 CEST 2014: 92: finished (3ms, 4cycles)
Wed May 07 01:51:49 CEST 2014: 92: Solution found.
Wed May 07 01:51:50 CEST 2014: 93: finished (180ms, 500cycles)
Wed May 07 01:51:50 CEST 2014: 93: No solution found.
Wed May 07 01:51:50 CEST 2014: 94: finished (8ms, 19cycles)
Wed May 07 01:51:50 CEST 2014: 94: Solution found.
Wed May 07 01:51:50 CEST 2014: 95: finished (11ms, 26cycles)
Wed May 07 01:51:50 CEST 2014: 95: Solution found.
Wed May 07 01:51:50 CEST 2014: 96: finished (180ms, 500cycles)
Wed May 07 01:51:50 CEST 2014: 96: No solution found.
Wed May 07 01:51:50 CEST 2014: 97: finished (181ms, 500cycles)
Wed May 07 01:51:50 CEST 2014: 97: No solution found.
Wed May 07 01:51:50 CEST 2014: 98: finished (10ms, 21cycles)
Wed May 07 01:51:50 CEST 2014: 98: Solution found.
Wed May 07 01:51:50 CEST 2014: 99: finished (184ms, 500cycles)
Wed May 07 01:51:50 CEST 2014: 99: No solution found.
Wed May 07 01:51:50 CEST 2014: Solution Found: 34
Wed May 07 01:51:50 CEST 2014: Avg cycles: 21
Wed May 07 01:51:50 CEST 2014: Max cycles: 61
Wed May 07 01:51:50 CEST 2014: Min cycles: 2
Wed May 07 01:51:50 CEST 2014: No solution found: 66
Wed May 07 01:51:50 CEST 2014: logging finished. (runtime: 16857ms)
