Wed May 14 13:08:10 CEST 2014: Problem Count: 30
Wed May 14 13:08:10 CEST 2014: CandidatesCount: 50
Wed May 14 13:08:10 CEST 2014: Max Cycles: 500
Wed May 14 13:08:10 CEST 2014: 0: finished (14ms, 30cycles)
Wed May 14 13:08:10 CEST 2014: 0: Solution found.
Wed May 14 13:08:10 CEST 2014: 1: finished (6ms, 13cycles)
Wed May 14 13:08:10 CEST 2014: 1: Solution found.
Wed May 14 13:08:10 CEST 2014: 2: finished (162ms, 500cycles)
Wed May 14 13:08:10 CEST 2014: 2: No solution found.
Wed May 14 13:08:10 CEST 2014: 3: finished (181ms, 500cycles)
Wed May 14 13:08:10 CEST 2014: 3: No solution found.
Wed May 14 13:08:11 CEST 2014: 4: finished (159ms, 500cycles)
Wed May 14 13:08:11 CEST 2014: 4: No solution found.
Wed May 14 13:08:11 CEST 2014: 5: finished (288ms, 500cycles)
Wed May 14 13:08:11 CEST 2014: 5: No solution found.
Wed May 14 13:08:11 CEST 2014: 6: finished (22ms, 20cycles)
Wed May 14 13:08:11 CEST 2014: 6: Solution found.
Wed May 14 13:08:11 CEST 2014: 7: finished (9ms, 8cycles)
Wed May 14 13:08:11 CEST 2014: 7: Solution found.
Wed May 14 13:08:11 CEST 2014: 8: finished (17ms, 15cycles)
Wed May 14 13:08:11 CEST 2014: 8: Solution found.
Wed May 14 13:08:11 CEST 2014: 9: finished (19ms, 18cycles)
Wed May 14 13:08:11 CEST 2014: 9: Solution found.
Wed May 14 13:08:11 CEST 2014: 10: finished (7ms, 6cycles)
Wed May 14 13:08:11 CEST 2014: 10: Solution found.
Wed May 14 13:08:11 CEST 2014: 11: finished (15ms, 14cycles)
Wed May 14 13:08:11 CEST 2014: 11: Solution found.
Wed May 14 13:08:11 CEST 2014: 12: finished (427ms, 500cycles)
Wed May 14 13:08:11 CEST 2014: 12: No solution found.
Wed May 14 13:08:12 CEST 2014: 13: finished (428ms, 500cycles)
Wed May 14 13:08:12 CEST 2014: 13: No solution found.
Wed May 14 13:08:12 CEST 2014: 14: finished (431ms, 500cycles)
Wed May 14 13:08:12 CEST 2014: 14: No solution found.
Wed May 14 13:08:12 CEST 2014: 15: finished (13ms, 12cycles)
Wed May 14 13:08:12 CEST 2014: 15: Solution found.
Wed May 14 13:08:13 CEST 2014: 16: finished (431ms, 500cycles)
Wed May 14 13:08:13 CEST 2014: 16: No solution found.
Wed May 14 13:08:13 CEST 2014: 17: finished (429ms, 500cycles)
Wed May 14 13:08:13 CEST 2014: 17: No solution found.
Wed May 14 13:08:13 CEST 2014: 18: finished (25ms, 21cycles)
Wed May 14 13:08:13 CEST 2014: 18: Solution found.
Wed May 14 13:08:14 CEST 2014: 19: finished (431ms, 500cycles)
Wed May 14 13:08:14 CEST 2014: 19: No solution found.
Wed May 14 13:08:14 CEST 2014: 20: finished (434ms, 500cycles)
Wed May 14 13:08:14 CEST 2014: 20: No solution found.
Wed May 14 13:08:14 CEST 2014: 21: finished (431ms, 500cycles)
Wed May 14 13:08:14 CEST 2014: 21: No solution found.
Wed May 14 13:08:15 CEST 2014: 22: finished (428ms, 500cycles)
Wed May 14 13:08:15 CEST 2014: 22: No solution found.
Wed May 14 13:08:15 CEST 2014: 23: finished (426ms, 500cycles)
Wed May 14 13:08:15 CEST 2014: 23: No solution found.
Wed May 14 13:08:15 CEST 2014: 24: finished (168ms, 500cycles)
Wed May 14 13:08:15 CEST 2014: 24: No solution found.
Wed May 14 13:08:16 CEST 2014: 25: finished (170ms, 500cycles)
Wed May 14 13:08:16 CEST 2014: 25: No solution found.
Wed May 14 13:08:16 CEST 2014: 26: finished (172ms, 500cycles)
Wed May 14 13:08:16 CEST 2014: 26: No solution found.
Wed May 14 13:08:16 CEST 2014: 27: finished (30ms, 63cycles)
Wed May 14 13:08:16 CEST 2014: 27: Solution found.
Wed May 14 13:08:16 CEST 2014: 28: finished (158ms, 500cycles)
Wed May 14 13:08:16 CEST 2014: 28: No solution found.
Wed May 14 13:08:16 CEST 2014: 29: finished (2ms, 3cycles)
Wed May 14 13:08:16 CEST 2014: 29: Solution found.
Wed May 14 13:08:16 CEST 2014: 30: finished (161ms, 500cycles)
Wed May 14 13:08:16 CEST 2014: 30: No solution found.
Wed May 14 13:08:16 CEST 2014: 31: finished (4ms, 10cycles)
Wed May 14 13:08:16 CEST 2014: 31: Solution found.
Wed May 14 13:08:16 CEST 2014: 32: finished (2ms, 4cycles)
Wed May 14 13:08:16 CEST 2014: 32: Solution found.
Wed May 14 13:08:16 CEST 2014: 33: finished (6ms, 17cycles)
Wed May 14 13:08:16 CEST 2014: 33: Solution found.
Wed May 14 13:08:16 CEST 2014: 34: finished (162ms, 500cycles)
Wed May 14 13:08:16 CEST 2014: 34: No solution found.
Wed May 14 13:08:16 CEST 2014: 35: finished (8ms, 19cycles)
Wed May 14 13:08:16 CEST 2014: 35: Solution found.
Wed May 14 13:08:16 CEST 2014: 36: finished (7ms, 21cycles)
Wed May 14 13:08:16 CEST 2014: 36: Solution found.
Wed May 14 13:08:16 CEST 2014: 37: finished (172ms, 500cycles)
Wed May 14 13:08:16 CEST 2014: 37: No solution found.
Wed May 14 13:08:17 CEST 2014: 38: finished (159ms, 500cycles)
Wed May 14 13:08:17 CEST 2014: 38: No solution found.
Wed May 14 13:08:17 CEST 2014: 39: finished (2ms, 3cycles)
Wed May 14 13:08:17 CEST 2014: 39: Solution found.
Wed May 14 13:08:17 CEST 2014: 40: finished (30ms, 48cycles)
Wed May 14 13:08:17 CEST 2014: 40: Solution found.
Wed May 14 13:08:17 CEST 2014: 41: finished (8ms, 21cycles)
Wed May 14 13:08:17 CEST 2014: 41: Solution found.
Wed May 14 13:08:17 CEST 2014: 42: finished (164ms, 500cycles)
Wed May 14 13:08:17 CEST 2014: 42: No solution found.
Wed May 14 13:08:17 CEST 2014: 43: finished (9ms, 25cycles)
Wed May 14 13:08:17 CEST 2014: 43: Solution found.
Wed May 14 13:08:17 CEST 2014: 44: finished (173ms, 500cycles)
Wed May 14 13:08:17 CEST 2014: 44: No solution found.
Wed May 14 13:08:17 CEST 2014: 45: finished (158ms, 500cycles)
Wed May 14 13:08:17 CEST 2014: 45: No solution found.
Wed May 14 13:08:17 CEST 2014: 46: finished (160ms, 500cycles)
Wed May 14 13:08:17 CEST 2014: 46: No solution found.
Wed May 14 13:08:17 CEST 2014: 47: finished (161ms, 500cycles)
Wed May 14 13:08:17 CEST 2014: 47: No solution found.
Wed May 14 13:08:17 CEST 2014: 48: finished (5ms, 12cycles)
Wed May 14 13:08:17 CEST 2014: 48: Solution found.
Wed May 14 13:08:18 CEST 2014: 49: finished (157ms, 500cycles)
Wed May 14 13:08:18 CEST 2014: 49: No solution found.
Wed May 14 13:08:18 CEST 2014: 50: finished (15ms, 37cycles)
Wed May 14 13:08:18 CEST 2014: 50: Solution found.
Wed May 14 13:08:18 CEST 2014: 51: finished (166ms, 500cycles)
Wed May 14 13:08:18 CEST 2014: 51: No solution found.
Wed May 14 13:08:18 CEST 2014: 52: finished (162ms, 500cycles)
Wed May 14 13:08:18 CEST 2014: 52: No solution found.
Wed May 14 13:08:18 CEST 2014: 53: finished (4ms, 9cycles)
Wed May 14 13:08:18 CEST 2014: 53: Solution found.
Wed May 14 13:08:18 CEST 2014: 54: finished (170ms, 500cycles)
Wed May 14 13:08:18 CEST 2014: 54: No solution found.
Wed May 14 13:08:18 CEST 2014: 55: finished (157ms, 500cycles)
Wed May 14 13:08:18 CEST 2014: 55: No solution found.
Wed May 14 13:08:18 CEST 2014: 56: finished (157ms, 500cycles)
Wed May 14 13:08:18 CEST 2014: 56: No solution found.
Wed May 14 13:08:19 CEST 2014: 57: finished (174ms, 500cycles)
Wed May 14 13:08:19 CEST 2014: 57: No solution found.
Wed May 14 13:08:19 CEST 2014: 58: finished (157ms, 500cycles)
Wed May 14 13:08:19 CEST 2014: 58: No solution found.
Wed May 14 13:08:19 CEST 2014: 59: finished (160ms, 500cycles)
Wed May 14 13:08:19 CEST 2014: 59: No solution found.
Wed May 14 13:08:19 CEST 2014: 60: finished (161ms, 500cycles)
Wed May 14 13:08:19 CEST 2014: 60: No solution found.
Wed May 14 13:08:19 CEST 2014: 61: finished (157ms, 500cycles)
Wed May 14 13:08:19 CEST 2014: 61: No solution found.
Wed May 14 13:08:19 CEST 2014: 62: finished (159ms, 500cycles)
Wed May 14 13:08:19 CEST 2014: 62: No solution found.
Wed May 14 13:08:19 CEST 2014: 63: finished (6ms, 13cycles)
Wed May 14 13:08:19 CEST 2014: 63: Solution found.
Wed May 14 13:08:20 CEST 2014: 64: finished (165ms, 500cycles)
Wed May 14 13:08:20 CEST 2014: 64: No solution found.
Wed May 14 13:08:20 CEST 2014: 65: finished (13ms, 35cycles)
Wed May 14 13:08:20 CEST 2014: 65: Solution found.
Wed May 14 13:08:20 CEST 2014: 66: finished (165ms, 500cycles)
Wed May 14 13:08:20 CEST 2014: 66: No solution found.
Wed May 14 13:08:20 CEST 2014: 67: finished (8ms, 19cycles)
Wed May 14 13:08:20 CEST 2014: 67: Solution found.
Wed May 14 13:08:20 CEST 2014: 68: finished (173ms, 500cycles)
Wed May 14 13:08:20 CEST 2014: 68: No solution found.
Wed May 14 13:08:20 CEST 2014: 69: finished (158ms, 500cycles)
Wed May 14 13:08:20 CEST 2014: 69: No solution found.
Wed May 14 13:08:20 CEST 2014: 70: finished (8ms, 19cycles)
Wed May 14 13:08:20 CEST 2014: 70: Solution found.
Wed May 14 13:08:20 CEST 2014: 71: finished (159ms, 500cycles)
Wed May 14 13:08:20 CEST 2014: 71: No solution found.
Wed May 14 13:08:20 CEST 2014: 72: finished (171ms, 500cycles)
Wed May 14 13:08:20 CEST 2014: 72: No solution found.
Wed May 14 13:08:21 CEST 2014: 73: finished (158ms, 500cycles)
Wed May 14 13:08:21 CEST 2014: 73: No solution found.
Wed May 14 13:08:21 CEST 2014: 74: finished (3ms, 6cycles)
Wed May 14 13:08:21 CEST 2014: 74: Solution found.
Wed May 14 13:08:21 CEST 2014: 75: finished (2ms, 4cycles)
Wed May 14 13:08:21 CEST 2014: 75: Solution found.
Wed May 14 13:08:21 CEST 2014: 76: finished (158ms, 500cycles)
Wed May 14 13:08:21 CEST 2014: 76: No solution found.
Wed May 14 13:08:21 CEST 2014: 77: finished (157ms, 500cycles)
Wed May 14 13:08:21 CEST 2014: 77: No solution found.
Wed May 14 13:08:21 CEST 2014: 78: finished (156ms, 500cycles)
Wed May 14 13:08:21 CEST 2014: 78: No solution found.
Wed May 14 13:08:21 CEST 2014: 79: finished (165ms, 500cycles)
Wed May 14 13:08:21 CEST 2014: 79: No solution found.
Wed May 14 13:08:21 CEST 2014: 80: finished (10ms, 26cycles)
Wed May 14 13:08:21 CEST 2014: 80: Solution found.
Wed May 14 13:08:21 CEST 2014: 81: finished (157ms, 500cycles)
Wed May 14 13:08:21 CEST 2014: 81: No solution found.
Wed May 14 13:08:22 CEST 2014: 82: finished (159ms, 500cycles)
Wed May 14 13:08:22 CEST 2014: 82: No solution found.
Wed May 14 13:08:22 CEST 2014: 83: finished (7ms, 19cycles)
Wed May 14 13:08:22 CEST 2014: 83: Solution found.
Wed May 14 13:08:22 CEST 2014: 84: finished (158ms, 500cycles)
Wed May 14 13:08:22 CEST 2014: 84: No solution found.
Wed May 14 13:08:22 CEST 2014: 85: finished (12ms, 29cycles)
Wed May 14 13:08:22 CEST 2014: 85: Solution found.
Wed May 14 13:08:22 CEST 2014: 86: finished (157ms, 500cycles)
Wed May 14 13:08:22 CEST 2014: 86: No solution found.
Wed May 14 13:08:22 CEST 2014: 87: finished (158ms, 500cycles)
Wed May 14 13:08:22 CEST 2014: 87: No solution found.
Wed May 14 13:08:22 CEST 2014: 88: finished (158ms, 500cycles)
Wed May 14 13:08:22 CEST 2014: 88: No solution found.
Wed May 14 13:08:22 CEST 2014: 89: finished (168ms, 500cycles)
Wed May 14 13:08:22 CEST 2014: 89: No solution found.
Wed May 14 13:08:23 CEST 2014: 90: finished (178ms, 500cycles)
Wed May 14 13:08:23 CEST 2014: 90: No solution found.
Wed May 14 13:08:23 CEST 2014: 91: finished (157ms, 500cycles)
Wed May 14 13:08:23 CEST 2014: 91: No solution found.
Wed May 14 13:08:23 CEST 2014: 92: finished (159ms, 500cycles)
Wed May 14 13:08:23 CEST 2014: 92: No solution found.
Wed May 14 13:08:23 CEST 2014: 93: finished (159ms, 500cycles)
Wed May 14 13:08:23 CEST 2014: 93: No solution found.
Wed May 14 13:08:23 CEST 2014: 94: finished (157ms, 500cycles)
Wed May 14 13:08:23 CEST 2014: 94: No solution found.
Wed May 14 13:08:23 CEST 2014: 95: finished (171ms, 500cycles)
Wed May 14 13:08:23 CEST 2014: 95: No solution found.
Wed May 14 13:08:23 CEST 2014: 96: finished (2ms, 5cycles)
Wed May 14 13:08:23 CEST 2014: 96: Solution found.
Wed May 14 13:08:24 CEST 2014: 97: finished (160ms, 500cycles)
Wed May 14 13:08:24 CEST 2014: 97: No solution found.
Wed May 14 13:08:24 CEST 2014: 98: finished (8ms, 17cycles)
Wed May 14 13:08:24 CEST 2014: 98: Solution found.
Wed May 14 13:08:24 CEST 2014: 99: finished (159ms, 500cycles)
Wed May 14 13:08:24 CEST 2014: 99: No solution found.
Wed May 14 13:08:24 CEST 2014: Solution Found: 35
Wed May 14 13:08:24 CEST 2014: Avg cycles: 18
Wed May 14 13:08:24 CEST 2014: Max cycles: 63
Wed May 14 13:08:24 CEST 2014: Min cycles: 3
Wed May 14 13:08:24 CEST 2014: No solution found: 65
Wed May 14 13:08:24 CEST 2014: logging finished. (runtime: 13738ms)
