Wed May 14 17:16:51 CEST 2014: Problem Count: 50
Wed May 14 17:16:51 CEST 2014: CandidatesCount: 50
Wed May 14 17:16:51 CEST 2014: Max Cycles: 500
Wed May 14 17:16:51 CEST 2014: 0: finished (9ms, 12cycles)
Wed May 14 17:16:51 CEST 2014: 0: Solution found.
Wed May 14 17:16:52 CEST 2014: 1: finished (304ms, 500cycles)
Wed May 14 17:16:52 CEST 2014: 1: No solution found.
Wed May 14 17:16:52 CEST 2014: 2: finished (303ms, 500cycles)
Wed May 14 17:16:52 CEST 2014: 2: No solution found.
Wed May 14 17:16:52 CEST 2014: 3: finished (9ms, 13cycles)
Wed May 14 17:16:52 CEST 2014: 3: Solution found.
Wed May 14 17:16:52 CEST 2014: 4: finished (15ms, 23cycles)
Wed May 14 17:16:52 CEST 2014: 4: Solution found.
Wed May 14 17:16:52 CEST 2014: 5: finished (6ms, 7cycles)
Wed May 14 17:16:52 CEST 2014: 5: Solution found.
Wed May 14 17:16:52 CEST 2014: 6: finished (5ms, 8cycles)
Wed May 14 17:16:52 CEST 2014: 6: Solution found.
Wed May 14 17:16:52 CEST 2014: 7: finished (2ms, 2cycles)
Wed May 14 17:16:52 CEST 2014: 7: Solution found.
Wed May 14 17:16:52 CEST 2014: 8: finished (301ms, 500cycles)
Wed May 14 17:16:52 CEST 2014: 8: No solution found.
Wed May 14 17:16:53 CEST 2014: 9: finished (300ms, 500cycles)
Wed May 14 17:16:53 CEST 2014: 9: No solution found.
Wed May 14 17:16:53 CEST 2014: 10: finished (5ms, 7cycles)
Wed May 14 17:16:53 CEST 2014: 10: Solution found.
Wed May 14 17:16:53 CEST 2014: 11: finished (293ms, 500cycles)
Wed May 14 17:16:53 CEST 2014: 11: No solution found.
Wed May 14 17:16:53 CEST 2014: 12: finished (10ms, 15cycles)
Wed May 14 17:16:53 CEST 2014: 12: Solution found.
Wed May 14 17:16:53 CEST 2014: 13: finished (20ms, 30cycles)
Wed May 14 17:16:53 CEST 2014: 13: Solution found.
Wed May 14 17:16:53 CEST 2014: 14: finished (306ms, 500cycles)
Wed May 14 17:16:53 CEST 2014: 14: No solution found.
Wed May 14 17:16:54 CEST 2014: 15: finished (298ms, 500cycles)
Wed May 14 17:16:54 CEST 2014: 15: No solution found.
Wed May 14 17:16:54 CEST 2014: 16: finished (315ms, 500cycles)
Wed May 14 17:16:54 CEST 2014: 16: No solution found.
Wed May 14 17:16:54 CEST 2014: 17: finished (3ms, 3cycles)
Wed May 14 17:16:54 CEST 2014: 17: Solution found.
Wed May 14 17:16:54 CEST 2014: 18: finished (6ms, 7cycles)
Wed May 14 17:16:54 CEST 2014: 18: Solution found.
Wed May 14 17:16:54 CEST 2014: 19: finished (2ms, 2cycles)
Wed May 14 17:16:54 CEST 2014: 19: Solution found.
Wed May 14 17:16:54 CEST 2014: 20: finished (294ms, 500cycles)
Wed May 14 17:16:54 CEST 2014: 20: No solution found.
Wed May 14 17:16:55 CEST 2014: 21: finished (307ms, 500cycles)
Wed May 14 17:16:55 CEST 2014: 21: No solution found.
Wed May 14 17:16:55 CEST 2014: 22: finished (303ms, 500cycles)
Wed May 14 17:16:55 CEST 2014: 22: No solution found.
Wed May 14 17:16:55 CEST 2014: 23: finished (295ms, 500cycles)
Wed May 14 17:16:55 CEST 2014: 23: No solution found.
Wed May 14 17:16:55 CEST 2014: 24: finished (302ms, 500cycles)
Wed May 14 17:16:55 CEST 2014: 24: No solution found.
Wed May 14 17:16:56 CEST 2014: 25: finished (313ms, 500cycles)
Wed May 14 17:16:56 CEST 2014: 25: No solution found.
Wed May 14 17:16:56 CEST 2014: 26: finished (302ms, 500cycles)
Wed May 14 17:16:56 CEST 2014: 26: No solution found.
Wed May 14 17:16:56 CEST 2014: 27: finished (13ms, 20cycles)
Wed May 14 17:16:56 CEST 2014: 27: Solution found.
Wed May 14 17:16:56 CEST 2014: 28: finished (300ms, 500cycles)
Wed May 14 17:16:56 CEST 2014: 28: No solution found.
Wed May 14 17:16:57 CEST 2014: 29: finished (309ms, 500cycles)
Wed May 14 17:16:57 CEST 2014: 29: No solution found.
Wed May 14 17:16:57 CEST 2014: 30: finished (13ms, 18cycles)
Wed May 14 17:16:57 CEST 2014: 30: Solution found.
Wed May 14 17:16:57 CEST 2014: 31: finished (296ms, 500cycles)
Wed May 14 17:16:57 CEST 2014: 31: No solution found.
Wed May 14 17:16:57 CEST 2014: 32: finished (12ms, 18cycles)
Wed May 14 17:16:57 CEST 2014: 32: Solution found.
Wed May 14 17:16:57 CEST 2014: 33: finished (16ms, 23cycles)
Wed May 14 17:16:57 CEST 2014: 33: Solution found.
Wed May 14 17:16:57 CEST 2014: 34: finished (3ms, 3cycles)
Wed May 14 17:16:57 CEST 2014: 34: Solution found.
Wed May 14 17:16:57 CEST 2014: 35: finished (311ms, 500cycles)
Wed May 14 17:16:57 CEST 2014: 35: No solution found.
Wed May 14 17:16:58 CEST 2014: 36: finished (292ms, 500cycles)
Wed May 14 17:16:58 CEST 2014: 36: No solution found.
Wed May 14 17:16:58 CEST 2014: 37: finished (290ms, 500cycles)
Wed May 14 17:16:58 CEST 2014: 37: No solution found.
Wed May 14 17:16:58 CEST 2014: 38: finished (293ms, 500cycles)
Wed May 14 17:16:58 CEST 2014: 38: No solution found.
Wed May 14 17:16:58 CEST 2014: 39: finished (37ms, 54cycles)
Wed May 14 17:16:58 CEST 2014: 39: Solution found.
Wed May 14 17:16:59 CEST 2014: 40: finished (291ms, 500cycles)
Wed May 14 17:16:59 CEST 2014: 40: No solution found.
Wed May 14 17:16:59 CEST 2014: 41: finished (20ms, 28cycles)
Wed May 14 17:16:59 CEST 2014: 41: Solution found.
Wed May 14 17:16:59 CEST 2014: 42: finished (299ms, 500cycles)
Wed May 14 17:16:59 CEST 2014: 42: No solution found.
Wed May 14 17:16:59 CEST 2014: 43: finished (296ms, 500cycles)
Wed May 14 17:16:59 CEST 2014: 43: No solution found.
Wed May 14 17:16:59 CEST 2014: 44: finished (39ms, 60cycles)
Wed May 14 17:16:59 CEST 2014: 44: Solution found.
Wed May 14 17:16:59 CEST 2014: 45: finished (296ms, 500cycles)
Wed May 14 17:16:59 CEST 2014: 45: No solution found.
Wed May 14 17:17:00 CEST 2014: 46: finished (321ms, 500cycles)
Wed May 14 17:17:00 CEST 2014: 46: No solution found.
Wed May 14 17:17:00 CEST 2014: 47: finished (307ms, 500cycles)
Wed May 14 17:17:00 CEST 2014: 47: No solution found.
Wed May 14 17:17:00 CEST 2014: 48: finished (300ms, 500cycles)
Wed May 14 17:17:00 CEST 2014: 48: No solution found.
Wed May 14 17:17:00 CEST 2014: 49: finished (6ms, 5cycles)
Wed May 14 17:17:00 CEST 2014: 49: Solution found.
Wed May 14 17:17:01 CEST 2014: 50: finished (306ms, 500cycles)
Wed May 14 17:17:01 CEST 2014: 50: No solution found.
Wed May 14 17:17:01 CEST 2014: 51: finished (305ms, 500cycles)
Wed May 14 17:17:01 CEST 2014: 51: No solution found.
Wed May 14 17:17:01 CEST 2014: 52: finished (9ms, 12cycles)
Wed May 14 17:17:01 CEST 2014: 52: Solution found.
Wed May 14 17:17:01 CEST 2014: 53: finished (10ms, 14cycles)
Wed May 14 17:17:01 CEST 2014: 53: Solution found.
Wed May 14 17:17:01 CEST 2014: 54: finished (293ms, 500cycles)
Wed May 14 17:17:01 CEST 2014: 54: No solution found.
Wed May 14 17:17:02 CEST 2014: 55: finished (295ms, 500cycles)
Wed May 14 17:17:02 CEST 2014: 55: No solution found.
Wed May 14 17:17:02 CEST 2014: 56: finished (299ms, 500cycles)
Wed May 14 17:17:02 CEST 2014: 56: No solution found.
Wed May 14 17:17:02 CEST 2014: 57: finished (294ms, 500cycles)
Wed May 14 17:17:02 CEST 2014: 57: No solution found.
Wed May 14 17:17:02 CEST 2014: 58: finished (290ms, 500cycles)
Wed May 14 17:17:02 CEST 2014: 58: No solution found.
Wed May 14 17:17:03 CEST 2014: 59: finished (65ms, 92cycles)
Wed May 14 17:17:03 CEST 2014: 59: Solution found.
Wed May 14 17:17:03 CEST 2014: 60: finished (304ms, 500cycles)
Wed May 14 17:17:03 CEST 2014: 60: No solution found.
Wed May 14 17:17:03 CEST 2014: 61: finished (296ms, 500cycles)
Wed May 14 17:17:03 CEST 2014: 61: No solution found.
Wed May 14 17:17:03 CEST 2014: 62: finished (27ms, 44cycles)
Wed May 14 17:17:03 CEST 2014: 62: Solution found.
Wed May 14 17:17:03 CEST 2014: 63: finished (38ms, 49cycles)
Wed May 14 17:17:03 CEST 2014: 63: Solution found.
Wed May 14 17:17:03 CEST 2014: 64: finished (18ms, 26cycles)
Wed May 14 17:17:03 CEST 2014: 64: Solution found.
Wed May 14 17:17:03 CEST 2014: 65: finished (11ms, 16cycles)
Wed May 14 17:17:03 CEST 2014: 65: Solution found.
Wed May 14 17:17:04 CEST 2014: 66: finished (301ms, 500cycles)
Wed May 14 17:17:04 CEST 2014: 66: No solution found.
Wed May 14 17:17:04 CEST 2014: 67: finished (308ms, 500cycles)
Wed May 14 17:17:04 CEST 2014: 67: No solution found.
Wed May 14 17:17:04 CEST 2014: 68: finished (305ms, 500cycles)
Wed May 14 17:17:04 CEST 2014: 68: No solution found.
Wed May 14 17:17:04 CEST 2014: 69: finished (300ms, 500cycles)
Wed May 14 17:17:04 CEST 2014: 69: No solution found.
Wed May 14 17:17:04 CEST 2014: 70: finished (17ms, 25cycles)
Wed May 14 17:17:04 CEST 2014: 70: Solution found.
Wed May 14 17:17:05 CEST 2014: 71: finished (297ms, 500cycles)
Wed May 14 17:17:05 CEST 2014: 71: No solution found.
Wed May 14 17:17:05 CEST 2014: 72: finished (302ms, 500cycles)
Wed May 14 17:17:05 CEST 2014: 72: No solution found.
Wed May 14 17:17:05 CEST 2014: 73: finished (290ms, 500cycles)
Wed May 14 17:17:05 CEST 2014: 73: No solution found.
Wed May 14 17:17:05 CEST 2014: 74: finished (13ms, 19cycles)
Wed May 14 17:17:05 CEST 2014: 74: Solution found.
Wed May 14 17:17:05 CEST 2014: 75: finished (16ms, 25cycles)
Wed May 14 17:17:05 CEST 2014: 75: Solution found.
Wed May 14 17:17:05 CEST 2014: 76: finished (11ms, 14cycles)
Wed May 14 17:17:05 CEST 2014: 76: Solution found.
Wed May 14 17:17:06 CEST 2014: 77: finished (305ms, 500cycles)
Wed May 14 17:17:06 CEST 2014: 77: No solution found.
Wed May 14 17:17:06 CEST 2014: 78: finished (294ms, 500cycles)
Wed May 14 17:17:06 CEST 2014: 78: No solution found.
Wed May 14 17:17:06 CEST 2014: 79: finished (296ms, 500cycles)
Wed May 14 17:17:06 CEST 2014: 79: No solution found.
Wed May 14 17:17:07 CEST 2014: 80: finished (307ms, 500cycles)
Wed May 14 17:17:07 CEST 2014: 80: No solution found.
Wed May 14 17:17:07 CEST 2014: 81: finished (291ms, 500cycles)
Wed May 14 17:17:07 CEST 2014: 81: No solution found.
Wed May 14 17:17:07 CEST 2014: 82: finished (293ms, 500cycles)
Wed May 14 17:17:07 CEST 2014: 82: No solution found.
Wed May 14 17:17:08 CEST 2014: 83: finished (305ms, 500cycles)
Wed May 14 17:17:08 CEST 2014: 83: No solution found.
Wed May 14 17:17:08 CEST 2014: 84: finished (302ms, 500cycles)
Wed May 14 17:17:08 CEST 2014: 84: No solution found.
Wed May 14 17:17:08 CEST 2014: 85: finished (307ms, 500cycles)
Wed May 14 17:17:08 CEST 2014: 85: No solution found.
Wed May 14 17:17:08 CEST 2014: 86: finished (301ms, 500cycles)
Wed May 14 17:17:08 CEST 2014: 86: No solution found.
Wed May 14 17:17:09 CEST 2014: 87: finished (297ms, 500cycles)
Wed May 14 17:17:09 CEST 2014: 87: No solution found.
Wed May 14 17:17:09 CEST 2014: 88: finished (18ms, 13cycles)
Wed May 14 17:17:09 CEST 2014: 88: Solution found.
Wed May 14 17:17:09 CEST 2014: 89: finished (40ms, 20cycles)
Wed May 14 17:17:09 CEST 2014: 89: Solution found.
Wed May 14 17:17:09 CEST 2014: 90: finished (4ms, 1cycles)
Wed May 14 17:17:09 CEST 2014: 90: Solution found.
Wed May 14 17:17:09 CEST 2014: 91: finished (30ms, 15cycles)
Wed May 14 17:17:09 CEST 2014: 91: Solution found.
Wed May 14 17:17:09 CEST 2014: 92: finished (20ms, 10cycles)
Wed May 14 17:17:09 CEST 2014: 92: Solution found.
Wed May 14 17:17:09 CEST 2014: 93: finished (44ms, 24cycles)
Wed May 14 17:17:09 CEST 2014: 93: Solution found.
Wed May 14 17:17:10 CEST 2014: 94: finished (795ms, 500cycles)
Wed May 14 17:17:10 CEST 2014: 94: No solution found.
Wed May 14 17:17:11 CEST 2014: 95: finished (827ms, 500cycles)
Wed May 14 17:17:11 CEST 2014: 95: No solution found.
Wed May 14 17:17:11 CEST 2014: 96: finished (795ms, 500cycles)
Wed May 14 17:17:11 CEST 2014: 96: No solution found.
Wed May 14 17:17:11 CEST 2014: 97: finished (33ms, 18cycles)
Wed May 14 17:17:11 CEST 2014: 97: Solution found.
Wed May 14 17:17:11 CEST 2014: 98: finished (26ms, 14cycles)
Wed May 14 17:17:11 CEST 2014: 98: Solution found.
Wed May 14 17:17:12 CEST 2014: 99: finished (795ms, 500cycles)
Wed May 14 17:17:12 CEST 2014: 99: No solution found.
Wed May 14 17:17:12 CEST 2014: Solution Found: 40
Wed May 14 17:17:12 CEST 2014: Avg cycles: 20
Wed May 14 17:17:12 CEST 2014: Max cycles: 92
Wed May 14 17:17:12 CEST 2014: Min cycles: 1
Wed May 14 17:17:12 CEST 2014: No solution found: 60
Wed May 14 17:17:12 CEST 2014: logging finished. (runtime: 20757ms)
