Wed May 14 17:55:54 CEST 2014: Problem Count: 50
Wed May 14 17:55:54 CEST 2014: CandidatesCount: 50
Wed May 14 17:55:54 CEST 2014: Max Cycles: 500
Wed May 14 17:55:54 CEST 2014: 0: finished (20ms, 24cycles)
Wed May 14 17:55:54 CEST 2014: 0: Solution found.
Wed May 14 17:55:54 CEST 2014: 1: finished (14ms, 17cycles)
Wed May 14 17:55:54 CEST 2014: 1: Solution found.
Wed May 14 17:55:54 CEST 2014: 2: finished (19ms, 23cycles)
Wed May 14 17:55:54 CEST 2014: 2: Solution found.
Wed May 14 17:55:54 CEST 2014: 3: finished (6ms, 7cycles)
Wed May 14 17:55:54 CEST 2014: 3: Solution found.
Wed May 14 17:55:54 CEST 2014: 4: finished (15ms, 17cycles)
Wed May 14 17:55:54 CEST 2014: 4: Solution found.
Wed May 14 17:55:54 CEST 2014: 5: finished (361ms, 500cycles)
Wed May 14 17:55:54 CEST 2014: 5: No solution found.
Wed May 14 17:55:54 CEST 2014: 6: finished (9ms, 11cycles)
Wed May 14 17:55:54 CEST 2014: 6: Solution found.
Wed May 14 17:55:54 CEST 2014: 7: finished (90ms, 109cycles)
Wed May 14 17:55:54 CEST 2014: 7: Solution found.
Wed May 14 17:55:55 CEST 2014: 8: finished (360ms, 500cycles)
Wed May 14 17:55:55 CEST 2014: 8: No solution found.
Wed May 14 17:55:55 CEST 2014: 9: finished (373ms, 500cycles)
Wed May 14 17:55:55 CEST 2014: 9: No solution found.
Wed May 14 17:55:55 CEST 2014: 10: finished (369ms, 500cycles)
Wed May 14 17:55:55 CEST 2014: 10: No solution found.
Wed May 14 17:55:55 CEST 2014: 11: finished (5ms, 4cycles)
Wed May 14 17:55:55 CEST 2014: 11: Solution found.
Wed May 14 17:55:56 CEST 2014: 12: finished (367ms, 500cycles)
Wed May 14 17:55:56 CEST 2014: 12: No solution found.
Wed May 14 17:55:56 CEST 2014: 13: finished (370ms, 500cycles)
Wed May 14 17:55:56 CEST 2014: 13: No solution found.
Wed May 14 17:55:56 CEST 2014: 14: finished (24ms, 22cycles)
Wed May 14 17:55:56 CEST 2014: 14: Solution found.
Wed May 14 17:55:56 CEST 2014: 15: finished (5ms, 6cycles)
Wed May 14 17:55:56 CEST 2014: 15: Solution found.
Wed May 14 17:55:56 CEST 2014: 16: finished (16ms, 18cycles)
Wed May 14 17:55:56 CEST 2014: 16: Solution found.
Wed May 14 17:55:57 CEST 2014: 17: finished (367ms, 500cycles)
Wed May 14 17:55:57 CEST 2014: 17: No solution found.
Wed May 14 17:55:57 CEST 2014: 18: finished (379ms, 500cycles)
Wed May 14 17:55:57 CEST 2014: 18: No solution found.
Wed May 14 17:55:57 CEST 2014: 19: finished (10ms, 11cycles)
Wed May 14 17:55:57 CEST 2014: 19: Solution found.
Wed May 14 17:55:57 CEST 2014: 20: finished (37ms, 44cycles)
Wed May 14 17:55:57 CEST 2014: 20: Solution found.
Wed May 14 17:55:57 CEST 2014: 21: finished (29ms, 37cycles)
Wed May 14 17:55:57 CEST 2014: 21: Solution found.
Wed May 14 17:55:57 CEST 2014: 22: finished (18ms, 19cycles)
Wed May 14 17:55:57 CEST 2014: 22: Solution found.
Wed May 14 17:55:57 CEST 2014: 23: finished (14ms, 17cycles)
Wed May 14 17:55:57 CEST 2014: 23: Solution found.
Wed May 14 17:55:57 CEST 2014: 24: finished (380ms, 500cycles)
Wed May 14 17:55:57 CEST 2014: 24: No solution found.
Wed May 14 17:55:57 CEST 2014: 25: finished (13ms, 15cycles)
Wed May 14 17:55:57 CEST 2014: 25: Solution found.
Wed May 14 17:55:57 CEST 2014: 26: finished (12ms, 14cycles)
Wed May 14 17:55:57 CEST 2014: 26: Solution found.
Wed May 14 17:55:58 CEST 2014: 27: finished (379ms, 500cycles)
Wed May 14 17:55:58 CEST 2014: 27: No solution found.
Wed May 14 17:55:58 CEST 2014: 28: finished (363ms, 500cycles)
Wed May 14 17:55:58 CEST 2014: 28: No solution found.
Wed May 14 17:55:59 CEST 2014: 29: finished (362ms, 500cycles)
Wed May 14 17:55:59 CEST 2014: 29: No solution found.
Wed May 14 17:55:59 CEST 2014: 30: finished (370ms, 500cycles)
Wed May 14 17:55:59 CEST 2014: 30: No solution found.
Wed May 14 17:55:59 CEST 2014: 31: finished (12ms, 15cycles)
Wed May 14 17:55:59 CEST 2014: 31: Solution found.
Wed May 14 17:55:59 CEST 2014: 32: finished (366ms, 500cycles)
Wed May 14 17:55:59 CEST 2014: 32: No solution found.
Wed May 14 17:55:59 CEST 2014: 33: finished (16ms, 18cycles)
Wed May 14 17:55:59 CEST 2014: 33: Solution found.
Wed May 14 17:56:00 CEST 2014: 34: finished (387ms, 500cycles)
Wed May 14 17:56:00 CEST 2014: 34: No solution found.
Wed May 14 17:56:00 CEST 2014: 35: finished (371ms, 500cycles)
Wed May 14 17:56:00 CEST 2014: 35: No solution found.
Wed May 14 17:56:00 CEST 2014: 36: finished (365ms, 500cycles)
Wed May 14 17:56:00 CEST 2014: 36: No solution found.
Wed May 14 17:56:01 CEST 2014: 37: finished (389ms, 500cycles)
Wed May 14 17:56:01 CEST 2014: 37: No solution found.
Wed May 14 17:56:01 CEST 2014: 38: finished (380ms, 500cycles)
Wed May 14 17:56:01 CEST 2014: 38: No solution found.
Wed May 14 17:56:01 CEST 2014: 39: finished (58ms, 62cycles)
Wed May 14 17:56:01 CEST 2014: 39: Solution found.
Wed May 14 17:56:02 CEST 2014: 40: finished (379ms, 500cycles)
Wed May 14 17:56:02 CEST 2014: 40: No solution found.
Wed May 14 17:56:02 CEST 2014: 41: finished (14ms, 16cycles)
Wed May 14 17:56:02 CEST 2014: 41: Solution found.
Wed May 14 17:56:02 CEST 2014: 42: finished (376ms, 500cycles)
Wed May 14 17:56:02 CEST 2014: 42: No solution found.
Wed May 14 17:56:02 CEST 2014: 43: finished (366ms, 500cycles)
Wed May 14 17:56:02 CEST 2014: 43: No solution found.
Wed May 14 17:56:03 CEST 2014: 44: finished (388ms, 500cycles)
Wed May 14 17:56:03 CEST 2014: 44: No solution found.
Wed May 14 17:56:03 CEST 2014: 45: finished (370ms, 500cycles)
Wed May 14 17:56:03 CEST 2014: 45: No solution found.
Wed May 14 17:56:04 CEST 2014: 46: finished (371ms, 500cycles)
Wed May 14 17:56:04 CEST 2014: 46: No solution found.
Wed May 14 17:56:04 CEST 2014: 47: finished (375ms, 500cycles)
Wed May 14 17:56:04 CEST 2014: 47: No solution found.
Wed May 14 17:56:04 CEST 2014: 48: finished (7ms, 7cycles)
Wed May 14 17:56:04 CEST 2014: 48: Solution found.
Wed May 14 17:56:04 CEST 2014: 49: finished (386ms, 500cycles)
Wed May 14 17:56:04 CEST 2014: 49: No solution found.
Wed May 14 17:56:05 CEST 2014: 50: finished (393ms, 500cycles)
Wed May 14 17:56:05 CEST 2014: 50: No solution found.
Wed May 14 17:56:05 CEST 2014: 51: finished (18ms, 17cycles)
Wed May 14 17:56:05 CEST 2014: 51: Solution found.
Wed May 14 17:56:05 CEST 2014: 52: finished (386ms, 500cycles)
Wed May 14 17:56:05 CEST 2014: 52: No solution found.
Wed May 14 17:56:06 CEST 2014: 53: finished (396ms, 500cycles)
Wed May 14 17:56:06 CEST 2014: 53: No solution found.
Wed May 14 17:56:06 CEST 2014: 54: finished (397ms, 35cycles)
Wed May 14 17:56:06 CEST 2014: 54: Solution found.
Wed May 14 17:56:06 CEST 2014: 55: finished (369ms, 500cycles)
Wed May 14 17:56:06 CEST 2014: 55: No solution found.
Wed May 14 17:56:07 CEST 2014: 56: finished (381ms, 500cycles)
Wed May 14 17:56:07 CEST 2014: 56: No solution found.
Wed May 14 17:56:07 CEST 2014: 57: finished (377ms, 500cycles)
Wed May 14 17:56:07 CEST 2014: 57: No solution found.
Wed May 14 18:08:57 CEST 2014: 58: finished (770332ms, 500cycles)
Wed May 14 18:08:57 CEST 2014: 58: No solution found.
Wed May 14 18:08:57 CEST 2014: 59: finished (14ms, 15cycles)
Wed May 14 18:08:57 CEST 2014: 59: Solution found.
Wed May 14 18:08:58 CEST 2014: 60: finished (429ms, 500cycles)
Wed May 14 18:08:58 CEST 2014: 60: No solution found.
Wed May 14 18:08:58 CEST 2014: 61: finished (22ms, 18cycles)
Wed May 14 18:08:58 CEST 2014: 61: Solution found.
Wed May 14 18:08:58 CEST 2014: 62: finished (416ms, 500cycles)
Wed May 14 18:08:58 CEST 2014: 62: No solution found.
Wed May 14 18:08:59 CEST 2014: 63: finished (368ms, 500cycles)
Wed May 14 18:08:59 CEST 2014: 63: No solution found.
Wed May 14 18:08:59 CEST 2014: 64: finished (34ms, 38cycles)
Wed May 14 18:08:59 CEST 2014: 64: Solution found.
Wed May 14 18:08:59 CEST 2014: 65: finished (30ms, 38cycles)
Wed May 14 18:08:59 CEST 2014: 65: Solution found.
Wed May 14 18:08:59 CEST 2014: 66: finished (7ms, 7cycles)
Wed May 14 18:08:59 CEST 2014: 66: Solution found.
Wed May 14 18:08:59 CEST 2014: 67: finished (419ms, 500cycles)
Wed May 14 18:08:59 CEST 2014: 67: No solution found.
Wed May 14 18:09:00 CEST 2014: 68: finished (384ms, 500cycles)
Wed May 14 18:09:00 CEST 2014: 68: No solution found.
Wed May 14 18:09:00 CEST 2014: 69: finished (71ms, 86cycles)
Wed May 14 18:09:00 CEST 2014: 69: Solution found.
Wed May 14 18:09:00 CEST 2014: 70: finished (4ms, 4cycles)
Wed May 14 18:09:00 CEST 2014: 70: Solution found.
Wed May 14 18:09:00 CEST 2014: 71: finished (375ms, 500cycles)
Wed May 14 18:09:00 CEST 2014: 71: No solution found.
Wed May 14 18:09:00 CEST 2014: 72: finished (42ms, 46cycles)
Wed May 14 18:09:00 CEST 2014: 72: Solution found.
Wed May 14 18:09:00 CEST 2014: 73: finished (366ms, 500cycles)
Wed May 14 18:09:00 CEST 2014: 73: No solution found.
Wed May 14 18:09:01 CEST 2014: 74: finished (382ms, 500cycles)
Wed May 14 18:09:01 CEST 2014: 74: No solution found.
Wed May 14 18:09:01 CEST 2014: 75: finished (375ms, 500cycles)
Wed May 14 18:09:01 CEST 2014: 75: No solution found.
Wed May 14 18:09:01 CEST 2014: 76: finished (375ms, 500cycles)
Wed May 14 18:09:01 CEST 2014: 76: No solution found.
Wed May 14 18:09:02 CEST 2014: 77: finished (16ms, 18cycles)
Wed May 14 18:09:02 CEST 2014: 77: Solution found.
Wed May 14 18:09:02 CEST 2014: 78: finished (370ms, 500cycles)
Wed May 14 18:09:02 CEST 2014: 78: No solution found.
Wed May 14 18:09:02 CEST 2014: 79: finished (12ms, 14cycles)
Wed May 14 18:09:02 CEST 2014: 79: Solution found.
Wed May 14 18:09:02 CEST 2014: 80: finished (19ms, 23cycles)
Wed May 14 18:09:02 CEST 2014: 80: Solution found.
Wed May 14 18:09:02 CEST 2014: 81: finished (376ms, 500cycles)
Wed May 14 18:09:02 CEST 2014: 81: No solution found.
Wed May 14 18:09:02 CEST 2014: 82: finished (19ms, 23cycles)
Wed May 14 18:09:02 CEST 2014: 82: Solution found.
Wed May 14 18:09:03 CEST 2014: 83: finished (378ms, 500cycles)
Wed May 14 18:09:03 CEST 2014: 83: No solution found.
Wed May 14 18:09:03 CEST 2014: 84: finished (367ms, 500cycles)
Wed May 14 18:09:03 CEST 2014: 84: No solution found.
Wed May 14 18:09:03 CEST 2014: 85: finished (370ms, 500cycles)
Wed May 14 18:09:03 CEST 2014: 85: No solution found.
Wed May 14 18:09:04 CEST 2014: 86: finished (368ms, 500cycles)
Wed May 14 18:09:04 CEST 2014: 86: No solution found.
Wed May 14 18:09:04 CEST 2014: 87: finished (366ms, 500cycles)
Wed May 14 18:09:04 CEST 2014: 87: No solution found.
Wed May 14 18:09:05 CEST 2014: 88: finished (374ms, 500cycles)
Wed May 14 18:09:05 CEST 2014: 88: No solution found.
Wed May 14 18:09:05 CEST 2014: 89: finished (8ms, 9cycles)
Wed May 14 18:09:05 CEST 2014: 89: Solution found.
Wed May 14 18:09:05 CEST 2014: 90: finished (374ms, 500cycles)
Wed May 14 18:09:05 CEST 2014: 90: No solution found.
Wed May 14 18:09:05 CEST 2014: 91: finished (381ms, 500cycles)
Wed May 14 18:09:05 CEST 2014: 91: No solution found.
Wed May 14 18:09:06 CEST 2014: 92: finished (396ms, 500cycles)
Wed May 14 18:09:06 CEST 2014: 92: No solution found.
Wed May 14 18:09:06 CEST 2014: 93: finished (369ms, 500cycles)
Wed May 14 18:09:06 CEST 2014: 93: No solution found.
Wed May 14 18:09:06 CEST 2014: 94: finished (363ms, 500cycles)
Wed May 14 18:09:06 CEST 2014: 94: No solution found.
Wed May 14 18:09:07 CEST 2014: 95: finished (370ms, 500cycles)
Wed May 14 18:09:07 CEST 2014: 95: No solution found.
Wed May 14 18:09:07 CEST 2014: 96: finished (13ms, 16cycles)
Wed May 14 18:09:07 CEST 2014: 96: Solution found.
Wed May 14 18:09:07 CEST 2014: 97: finished (371ms, 500cycles)
Wed May 14 18:09:07 CEST 2014: 97: No solution found.
Wed May 14 18:09:08 CEST 2014: 98: finished (371ms, 500cycles)
Wed May 14 18:09:08 CEST 2014: 98: No solution found.
Wed May 14 18:09:08 CEST 2014: 99: finished (361ms, 500cycles)
Wed May 14 18:09:08 CEST 2014: 99: No solution found.
Wed May 14 18:09:08 CEST 2014: Solution Found: 39
Wed May 14 18:09:08 CEST 2014: Avg cycles: 24
Wed May 14 18:09:08 CEST 2014: Max cycles: 109
Wed May 14 18:09:08 CEST 2014: Min cycles: 4
Wed May 14 18:09:08 CEST 2014: No solution found: 61
Wed May 14 18:09:08 CEST 2014: logging finished. (runtime: 794127ms)
