Wed May 07 02:45:46 CEST 2014: Problem Count: 10
Wed May 07 02:45:46 CEST 2014: CandidatesCount: 50
Wed May 07 02:45:46 CEST 2014: Max Cycles: 500
Wed May 07 02:45:46 CEST 2014: 0: finished (12ms, 20cycles)
Wed May 07 02:45:46 CEST 2014: 0: Solution found.
Wed May 07 02:45:46 CEST 2014: 1: finished (8ms, 19cycles)
Wed May 07 02:45:46 CEST 2014: 1: Solution found.
Wed May 07 02:45:47 CEST 2014: 2: finished (165ms, 500cycles)
Wed May 07 02:45:47 CEST 2014: 2: No solution found.
Wed May 07 02:45:47 CEST 2014: 3: finished (168ms, 500cycles)
Wed May 07 02:45:47 CEST 2014: 3: No solution found.
Wed May 07 02:45:47 CEST 2014: 4: finished (1ms, 1cycles)
Wed May 07 02:45:47 CEST 2014: 4: Solution found.
Wed May 07 02:45:47 CEST 2014: 5: finished (129ms, 500cycles)
Wed May 07 02:45:47 CEST 2014: 5: No solution found.
Wed May 07 02:45:47 CEST 2014: 6: finished (173ms, 500cycles)
Wed May 07 02:45:47 CEST 2014: 6: No solution found.
Wed May 07 02:45:47 CEST 2014: 7: finished (11ms, 23cycles)
Wed May 07 02:45:47 CEST 2014: 7: Solution found.
Wed May 07 02:45:47 CEST 2014: 8: finished (169ms, 500cycles)
Wed May 07 02:45:47 CEST 2014: 8: No solution found.
Wed May 07 02:45:47 CEST 2014: 9: finished (12ms, 21cycles)
Wed May 07 02:45:47 CEST 2014: 9: Solution found.
Wed May 07 02:45:47 CEST 2014: 10: finished (9ms, 18cycles)
Wed May 07 02:45:47 CEST 2014: 10: Solution found.
Wed May 07 02:45:47 CEST 2014: 11: finished (176ms, 500cycles)
Wed May 07 02:45:47 CEST 2014: 11: No solution found.
Wed May 07 02:45:48 CEST 2014: 12: finished (169ms, 500cycles)
Wed May 07 02:45:48 CEST 2014: 12: No solution found.
Wed May 07 02:45:48 CEST 2014: 13: finished (188ms, 500cycles)
Wed May 07 02:45:48 CEST 2014: 13: No solution found.
Wed May 07 02:45:48 CEST 2014: 14: finished (7ms, 13cycles)
Wed May 07 02:45:48 CEST 2014: 14: Solution found.
Wed May 07 02:45:48 CEST 2014: 15: finished (2ms, 2cycles)
Wed May 07 02:45:48 CEST 2014: 15: Solution found.
Wed May 07 02:45:48 CEST 2014: 16: finished (167ms, 500cycles)
Wed May 07 02:45:48 CEST 2014: 16: No solution found.
Wed May 07 02:45:48 CEST 2014: 17: finished (5ms, 10cycles)
Wed May 07 02:45:48 CEST 2014: 17: Solution found.
Wed May 07 02:45:48 CEST 2014: 18: finished (11ms, 18cycles)
Wed May 07 02:45:48 CEST 2014: 18: Solution found.
Wed May 07 02:45:48 CEST 2014: 19: finished (6ms, 8cycles)
Wed May 07 02:45:48 CEST 2014: 19: Solution found.
Wed May 07 02:45:48 CEST 2014: 20: finished (8ms, 11cycles)
Wed May 07 02:45:48 CEST 2014: 20: Solution found.
Wed May 07 02:45:48 CEST 2014: 21: finished (191ms, 500cycles)
Wed May 07 02:45:48 CEST 2014: 21: No solution found.
Wed May 07 02:45:48 CEST 2014: 22: finished (8ms, 15cycles)
Wed May 07 02:45:48 CEST 2014: 22: Solution found.
Wed May 07 02:45:48 CEST 2014: 23: finished (166ms, 500cycles)
Wed May 07 02:45:48 CEST 2014: 23: No solution found.
Wed May 07 02:45:48 CEST 2014: 24: finished (10ms, 18cycles)
Wed May 07 02:45:48 CEST 2014: 24: Solution found.
Wed May 07 02:45:48 CEST 2014: 25: finished (17ms, 35cycles)
Wed May 07 02:45:48 CEST 2014: 25: Solution found.
Wed May 07 02:45:49 CEST 2014: 26: finished (189ms, 500cycles)
Wed May 07 02:45:49 CEST 2014: 26: No solution found.
Wed May 07 02:45:49 CEST 2014: 27: finished (164ms, 500cycles)
Wed May 07 02:45:49 CEST 2014: 27: No solution found.
Wed May 07 02:45:49 CEST 2014: 28: finished (166ms, 500cycles)
Wed May 07 02:45:49 CEST 2014: 28: No solution found.
Wed May 07 02:45:49 CEST 2014: 29: finished (174ms, 500cycles)
Wed May 07 02:45:49 CEST 2014: 29: No solution found.
Wed May 07 02:45:49 CEST 2014: 30: finished (162ms, 500cycles)
Wed May 07 02:45:49 CEST 2014: 30: No solution found.
Wed May 07 02:45:49 CEST 2014: 31: finished (160ms, 500cycles)
Wed May 07 02:45:49 CEST 2014: 31: No solution found.
Wed May 07 02:45:50 CEST 2014: 32: finished (166ms, 500cycles)
Wed May 07 02:45:50 CEST 2014: 32: No solution found.
Wed May 07 02:45:50 CEST 2014: 33: finished (160ms, 500cycles)
Wed May 07 02:45:50 CEST 2014: 33: No solution found.
Wed May 07 02:45:50 CEST 2014: 34: finished (8ms, 14cycles)
Wed May 07 02:45:50 CEST 2014: 34: Solution found.
Wed May 07 02:45:50 CEST 2014: 35: finished (177ms, 500cycles)
Wed May 07 02:45:50 CEST 2014: 35: No solution found.
Wed May 07 02:45:50 CEST 2014: 36: finished (197ms, 500cycles)
Wed May 07 02:45:50 CEST 2014: 36: No solution found.
Wed May 07 02:45:50 CEST 2014: 37: finished (162ms, 500cycles)
Wed May 07 02:45:50 CEST 2014: 37: No solution found.
Wed May 07 02:45:50 CEST 2014: 38: finished (11ms, 17cycles)
Wed May 07 02:45:50 CEST 2014: 38: Solution found.
Wed May 07 02:45:51 CEST 2014: 39: finished (188ms, 500cycles)
Wed May 07 02:45:51 CEST 2014: 39: No solution found.
Wed May 07 02:45:51 CEST 2014: 40: finished (166ms, 500cycles)
Wed May 07 02:45:51 CEST 2014: 40: No solution found.
Wed May 07 02:45:51 CEST 2014: 41: finished (6ms, 11cycles)
Wed May 07 02:45:51 CEST 2014: 41: Solution found.
Wed May 07 02:45:51 CEST 2014: 42: finished (187ms, 500cycles)
Wed May 07 02:45:51 CEST 2014: 42: No solution found.
Wed May 07 02:45:51 CEST 2014: 43: finished (162ms, 500cycles)
Wed May 07 02:45:51 CEST 2014: 43: No solution found.
Wed May 07 02:45:51 CEST 2014: 44: finished (178ms, 500cycles)
Wed May 07 02:45:51 CEST 2014: 44: No solution found.
Wed May 07 02:45:51 CEST 2014: 45: finished (11ms, 45cycles)
Wed May 07 02:45:51 CEST 2014: 45: Solution found.
Wed May 07 02:45:51 CEST 2014: 46: finished (68ms, 500cycles)
Wed May 07 02:45:51 CEST 2014: 46: No solution found.
Wed May 07 02:45:51 CEST 2014: 47: finished (78ms, 500cycles)
Wed May 07 02:45:51 CEST 2014: 47: No solution found.
Wed May 07 02:45:51 CEST 2014: 48: finished (65ms, 500cycles)
Wed May 07 02:45:51 CEST 2014: 48: No solution found.
Wed May 07 02:45:51 CEST 2014: 49: finished (1ms, 1cycles)
Wed May 07 02:45:51 CEST 2014: 49: Solution found.
Wed May 07 02:45:52 CEST 2014: 50: finished (67ms, 500cycles)
Wed May 07 02:45:52 CEST 2014: 50: No solution found.
Wed May 07 02:45:52 CEST 2014: 51: finished (68ms, 500cycles)
Wed May 07 02:45:52 CEST 2014: 51: No solution found.
Wed May 07 02:45:52 CEST 2014: 52: finished (5ms, 27cycles)
Wed May 07 02:45:52 CEST 2014: 52: Solution found.
Wed May 07 02:45:52 CEST 2014: 53: finished (2ms, 9cycles)
Wed May 07 02:45:52 CEST 2014: 53: Solution found.
Wed May 07 02:45:52 CEST 2014: 54: finished (64ms, 500cycles)
Wed May 07 02:45:52 CEST 2014: 54: No solution found.
Wed May 07 02:45:52 CEST 2014: 55: finished (81ms, 500cycles)
Wed May 07 02:45:52 CEST 2014: 55: No solution found.
Wed May 07 02:45:52 CEST 2014: 56: finished (4ms, 10cycles)
Wed May 07 02:45:52 CEST 2014: 56: Solution found.
Wed May 07 02:45:52 CEST 2014: 57: finished (64ms, 500cycles)
Wed May 07 02:45:52 CEST 2014: 57: No solution found.
Wed May 07 02:45:52 CEST 2014: 58: finished (86ms, 500cycles)
Wed May 07 02:45:52 CEST 2014: 58: No solution found.
Wed May 07 02:45:52 CEST 2014: 59: finished (10ms, 24cycles)
Wed May 07 02:45:52 CEST 2014: 59: Solution found.
Wed May 07 02:45:52 CEST 2014: 60: finished (78ms, 500cycles)
Wed May 07 02:45:52 CEST 2014: 60: No solution found.
Wed May 07 02:45:52 CEST 2014: 61: finished (6ms, 27cycles)
Wed May 07 02:45:52 CEST 2014: 61: Solution found.
Wed May 07 02:45:52 CEST 2014: 62: finished (68ms, 500cycles)
Wed May 07 02:45:52 CEST 2014: 62: No solution found.
Wed May 07 02:45:52 CEST 2014: 63: finished (6ms, 18cycles)
Wed May 07 02:45:52 CEST 2014: 63: Solution found.
Wed May 07 02:45:52 CEST 2014: 64: finished (63ms, 500cycles)
Wed May 07 02:45:52 CEST 2014: 64: No solution found.
Wed May 07 02:45:52 CEST 2014: 65: finished (69ms, 500cycles)
Wed May 07 02:45:52 CEST 2014: 65: No solution found.
Wed May 07 02:45:52 CEST 2014: 66: finished (71ms, 500cycles)
Wed May 07 02:45:52 CEST 2014: 66: No solution found.
Wed May 07 02:45:52 CEST 2014: 67: finished (65ms, 500cycles)
Wed May 07 02:45:52 CEST 2014: 67: No solution found.
Wed May 07 02:45:52 CEST 2014: 68: finished (67ms, 500cycles)
Wed May 07 02:45:52 CEST 2014: 68: No solution found.
Wed May 07 02:45:52 CEST 2014: 69: finished (64ms, 500cycles)
Wed May 07 02:45:52 CEST 2014: 69: No solution found.
Wed May 07 02:45:53 CEST 2014: 70: finished (91ms, 500cycles)
Wed May 07 02:45:53 CEST 2014: 70: No solution found.
Wed May 07 02:45:53 CEST 2014: 71: finished (86ms, 500cycles)
Wed May 07 02:45:53 CEST 2014: 71: No solution found.
Wed May 07 02:45:53 CEST 2014: 72: finished (95ms, 500cycles)
Wed May 07 02:45:53 CEST 2014: 72: No solution found.
Wed May 07 02:45:53 CEST 2014: 73: finished (1ms, 2cycles)
Wed May 07 02:45:53 CEST 2014: 73: Solution found.
Wed May 07 02:45:53 CEST 2014: 74: finished (2ms, 7cycles)
Wed May 07 02:45:53 CEST 2014: 74: Solution found.
Wed May 07 02:45:53 CEST 2014: 75: finished (6ms, 22cycles)
Wed May 07 02:45:53 CEST 2014: 75: Solution found.
Wed May 07 02:45:53 CEST 2014: 76: finished (92ms, 500cycles)
Wed May 07 02:45:53 CEST 2014: 76: No solution found.
Wed May 07 02:45:53 CEST 2014: 77: finished (2ms, 6cycles)
Wed May 07 02:45:53 CEST 2014: 77: Solution found.
Wed May 07 02:45:53 CEST 2014: 78: finished (17ms, 65cycles)
Wed May 07 02:45:53 CEST 2014: 78: Solution found.
Wed May 07 02:45:53 CEST 2014: 79: finished (77ms, 500cycles)
Wed May 07 02:45:53 CEST 2014: 79: No solution found.
Wed May 07 02:45:53 CEST 2014: 80: finished (67ms, 500cycles)
Wed May 07 02:45:53 CEST 2014: 80: No solution found.
Wed May 07 02:45:53 CEST 2014: 81: finished (62ms, 500cycles)
Wed May 07 02:45:53 CEST 2014: 81: No solution found.
Wed May 07 02:45:53 CEST 2014: 82: finished (6ms, 29cycles)
Wed May 07 02:45:53 CEST 2014: 82: Solution found.
Wed May 07 02:45:53 CEST 2014: 83: finished (81ms, 500cycles)
Wed May 07 02:45:53 CEST 2014: 83: No solution found.
Wed May 07 02:45:53 CEST 2014: 84: finished (66ms, 500cycles)
Wed May 07 02:45:53 CEST 2014: 84: No solution found.
Wed May 07 02:45:53 CEST 2014: 85: finished (64ms, 500cycles)
Wed May 07 02:45:53 CEST 2014: 85: No solution found.
Wed May 07 02:45:53 CEST 2014: 86: finished (67ms, 500cycles)
Wed May 07 02:45:53 CEST 2014: 86: No solution found.
Wed May 07 02:45:53 CEST 2014: 87: finished (64ms, 500cycles)
Wed May 07 02:45:53 CEST 2014: 87: No solution found.
Wed May 07 02:45:53 CEST 2014: 88: finished (8ms, 44cycles)
Wed May 07 02:45:53 CEST 2014: 88: Solution found.
Wed May 07 02:45:54 CEST 2014: 89: finished (65ms, 500cycles)
Wed May 07 02:45:54 CEST 2014: 89: No solution found.
Wed May 07 02:45:54 CEST 2014: 90: finished (69ms, 500cycles)
Wed May 07 02:45:54 CEST 2014: 90: No solution found.
Wed May 07 02:45:54 CEST 2014: 91: finished (66ms, 500cycles)
Wed May 07 02:45:54 CEST 2014: 91: No solution found.
Wed May 07 02:45:54 CEST 2014: 92: finished (2ms, 12cycles)
Wed May 07 02:45:54 CEST 2014: 92: Solution found.
Wed May 07 02:45:54 CEST 2014: 93: finished (64ms, 500cycles)
Wed May 07 02:45:54 CEST 2014: 93: No solution found.
Wed May 07 02:45:54 CEST 2014: 94: finished (68ms, 500cycles)
Wed May 07 02:45:54 CEST 2014: 94: No solution found.
Wed May 07 02:45:54 CEST 2014: 95: finished (3ms, 16cycles)
Wed May 07 02:45:54 CEST 2014: 95: Solution found.
Wed May 07 02:45:54 CEST 2014: 96: finished (64ms, 500cycles)
Wed May 07 02:45:54 CEST 2014: 96: No solution found.
Wed May 07 02:45:54 CEST 2014: 97: finished (10ms, 46cycles)
Wed May 07 02:45:54 CEST 2014: 97: Solution found.
Wed May 07 02:45:54 CEST 2014: 98: finished (65ms, 500cycles)
Wed May 07 02:45:54 CEST 2014: 98: No solution found.
Wed May 07 02:45:54 CEST 2014: 99: finished (1ms, 2cycles)
Wed May 07 02:45:54 CEST 2014: 99: Solution found.
Wed May 07 02:45:54 CEST 2014: Solution Found: 37
Wed May 07 02:45:54 CEST 2014: Avg cycles: 18
Wed May 07 02:45:54 CEST 2014: Max cycles: 65
Wed May 07 02:45:54 CEST 2014: Min cycles: 1
Wed May 07 02:45:54 CEST 2014: No solution found: 63
Wed May 07 02:45:54 CEST 2014: logging finished. (runtime: 7469ms)
