Wed May 07 22:22:28 CEST 2014: Problem Count: 40
Wed May 07 22:22:28 CEST 2014: CandidatesCount: 40
Wed May 07 22:22:28 CEST 2014: Max Cycles: 500
Wed May 07 22:22:29 CEST 2014: 0: finished (606ms, 500cycles)
Wed May 07 22:22:29 CEST 2014: 0: No solution found.
Wed May 07 22:22:29 CEST 2014: 1: finished (102ms, 68cycles)
Wed May 07 22:22:29 CEST 2014: 1: Solution found.
Wed May 07 22:22:29 CEST 2014: 2: finished (613ms, 500cycles)
Wed May 07 22:22:29 CEST 2014: 2: No solution found.
Wed May 07 22:22:30 CEST 2014: 3: finished (620ms, 500cycles)
Wed May 07 22:22:30 CEST 2014: 3: No solution found.
Wed May 07 22:22:31 CEST 2014: 4: finished (592ms, 500cycles)
Wed May 07 22:22:31 CEST 2014: 4: No solution found.
Wed May 07 22:22:31 CEST 2014: 5: finished (30ms, 16cycles)
Wed May 07 22:22:31 CEST 2014: 5: Solution found.
Wed May 07 22:22:31 CEST 2014: 6: finished (625ms, 500cycles)
Wed May 07 22:22:31 CEST 2014: 6: No solution found.
Wed May 07 22:22:32 CEST 2014: 7: finished (593ms, 500cycles)
Wed May 07 22:22:32 CEST 2014: 7: No solution found.
Wed May 07 22:22:32 CEST 2014: 8: finished (32ms, 25cycles)
Wed May 07 22:22:32 CEST 2014: 8: Solution found.
Wed May 07 22:22:33 CEST 2014: 9: finished (684ms, 500cycles)
Wed May 07 22:22:33 CEST 2014: 9: No solution found.
Wed May 07 22:22:33 CEST 2014: 10: finished (683ms, 500cycles)
Wed May 07 22:22:33 CEST 2014: 10: No solution found.
Wed May 07 22:22:34 CEST 2014: 11: finished (611ms, 500cycles)
Wed May 07 22:22:34 CEST 2014: 11: No solution found.
Wed May 07 22:22:34 CEST 2014: 12: finished (526ms, 500cycles)
Wed May 07 22:22:34 CEST 2014: 12: No solution found.
Wed May 07 22:22:35 CEST 2014: 13: finished (516ms, 500cycles)
Wed May 07 22:22:35 CEST 2014: 13: No solution found.
Wed May 07 22:22:35 CEST 2014: 14: finished (534ms, 500cycles)
Wed May 07 22:22:35 CEST 2014: 14: No solution found.
Wed May 07 22:22:36 CEST 2014: 15: finished (520ms, 500cycles)
Wed May 07 22:22:36 CEST 2014: 15: No solution found.
Wed May 07 22:22:37 CEST 2014: 16: finished (612ms, 500cycles)
Wed May 07 22:22:37 CEST 2014: 16: No solution found.
Wed May 07 22:22:37 CEST 2014: 17: finished (575ms, 500cycles)
Wed May 07 22:22:37 CEST 2014: 17: No solution found.
Wed May 07 22:22:37 CEST 2014: 18: finished (16ms, 14cycles)
Wed May 07 22:22:37 CEST 2014: 18: Solution found.
Wed May 07 22:22:38 CEST 2014: 19: finished (518ms, 500cycles)
Wed May 07 22:22:38 CEST 2014: 19: No solution found.
Wed May 07 22:22:38 CEST 2014: 20: finished (501ms, 500cycles)
Wed May 07 22:22:38 CEST 2014: 20: No solution found.
Wed May 07 22:22:39 CEST 2014: 21: finished (600ms, 500cycles)
Wed May 07 22:22:39 CEST 2014: 21: No solution found.
Wed May 07 22:22:39 CEST 2014: 22: finished (569ms, 500cycles)
Wed May 07 22:22:39 CEST 2014: 22: No solution found.
Wed May 07 22:22:40 CEST 2014: 23: finished (519ms, 500cycles)
Wed May 07 22:22:40 CEST 2014: 23: No solution found.
Wed May 07 22:22:40 CEST 2014: 24: finished (528ms, 500cycles)
Wed May 07 22:22:40 CEST 2014: 24: No solution found.
Wed May 07 22:22:41 CEST 2014: 25: finished (506ms, 500cycles)
Wed May 07 22:22:41 CEST 2014: 25: No solution found.
Wed May 07 22:22:41 CEST 2014: 26: finished (642ms, 500cycles)
Wed May 07 22:22:41 CEST 2014: 26: No solution found.
Wed May 07 22:22:42 CEST 2014: 27: finished (9ms, 7cycles)
Wed May 07 22:22:42 CEST 2014: 27: Solution found.
Wed May 07 22:22:42 CEST 2014: 28: finished (510ms, 500cycles)
Wed May 07 22:22:42 CEST 2014: 28: No solution found.
Wed May 07 22:22:43 CEST 2014: 29: finished (529ms, 500cycles)
Wed May 07 22:22:43 CEST 2014: 29: No solution found.
Wed May 07 22:22:43 CEST 2014: 30: finished (496ms, 500cycles)
Wed May 07 22:22:43 CEST 2014: 30: No solution found.
Wed May 07 22:22:44 CEST 2014: 31: finished (578ms, 500cycles)
Wed May 07 22:22:44 CEST 2014: 31: No solution found.
Wed May 07 22:22:44 CEST 2014: 32: finished (558ms, 500cycles)
Wed May 07 22:22:44 CEST 2014: 32: No solution found.
Wed May 07 22:22:45 CEST 2014: 33: finished (508ms, 500cycles)
Wed May 07 22:22:45 CEST 2014: 33: No solution found.
Wed May 07 22:22:45 CEST 2014: 34: finished (28ms, 22cycles)
Wed May 07 22:22:45 CEST 2014: 34: Solution found.
Wed May 07 22:22:45 CEST 2014: 35: finished (512ms, 500cycles)
Wed May 07 22:22:45 CEST 2014: 35: No solution found.
Wed May 07 22:22:46 CEST 2014: 36: finished (510ms, 500cycles)
Wed May 07 22:22:46 CEST 2014: 36: No solution found.
Wed May 07 22:22:46 CEST 2014: 37: finished (514ms, 500cycles)
Wed May 07 22:22:46 CEST 2014: 37: No solution found.
Wed May 07 22:22:46 CEST 2014: 38: finished (33ms, 29cycles)
Wed May 07 22:22:46 CEST 2014: 38: Solution found.
Wed May 07 22:22:47 CEST 2014: 39: finished (502ms, 500cycles)
Wed May 07 22:22:47 CEST 2014: 39: No solution found.
Wed May 07 22:22:47 CEST 2014: 40: finished (580ms, 500cycles)
Wed May 07 22:22:47 CEST 2014: 40: No solution found.
Wed May 07 22:22:47 CEST 2014: 41: finished (52ms, 40cycles)
Wed May 07 22:22:47 CEST 2014: 41: Solution found.
Wed May 07 22:22:47 CEST 2014: 42: finished (22ms, 15cycles)
Wed May 07 22:22:47 CEST 2014: 42: Solution found.
Wed May 07 22:22:47 CEST 2014: 43: finished (16ms, 11cycles)
Wed May 07 22:22:47 CEST 2014: 43: Solution found.
Wed May 07 22:22:47 CEST 2014: 44: finished (30ms, 16cycles)
Wed May 07 22:22:47 CEST 2014: 44: Solution found.
Wed May 07 22:22:48 CEST 2014: 45: finished (603ms, 500cycles)
Wed May 07 22:22:48 CEST 2014: 45: No solution found.
Wed May 07 22:22:49 CEST 2014: 46: finished (599ms, 500cycles)
Wed May 07 22:22:49 CEST 2014: 46: No solution found.
Wed May 07 22:22:49 CEST 2014: 47: finished (604ms, 500cycles)
Wed May 07 22:22:49 CEST 2014: 47: No solution found.
Wed May 07 22:22:49 CEST 2014: 48: finished (32ms, 23cycles)
Wed May 07 22:22:49 CEST 2014: 48: Solution found.
Wed May 07 22:22:50 CEST 2014: 49: finished (597ms, 500cycles)
Wed May 07 22:22:50 CEST 2014: 49: No solution found.
Wed May 07 22:22:51 CEST 2014: 50: finished (592ms, 500cycles)
Wed May 07 22:22:51 CEST 2014: 50: No solution found.
Wed May 07 22:22:51 CEST 2014: 51: finished (615ms, 500cycles)
Wed May 07 22:22:51 CEST 2014: 51: No solution found.
Wed May 07 22:22:52 CEST 2014: 52: finished (589ms, 500cycles)
Wed May 07 22:22:52 CEST 2014: 52: No solution found.
Wed May 07 22:22:52 CEST 2014: 53: finished (592ms, 500cycles)
Wed May 07 22:22:52 CEST 2014: 53: No solution found.
Wed May 07 22:22:53 CEST 2014: 54: finished (631ms, 500cycles)
Wed May 07 22:22:53 CEST 2014: 54: No solution found.
Wed May 07 22:22:53 CEST 2014: 55: finished (48ms, 32cycles)
Wed May 07 22:22:53 CEST 2014: 55: Solution found.
Wed May 07 22:22:54 CEST 2014: 56: finished (617ms, 500cycles)
Wed May 07 22:22:54 CEST 2014: 56: No solution found.
Wed May 07 22:22:54 CEST 2014: 57: finished (555ms, 500cycles)
Wed May 07 22:22:54 CEST 2014: 57: No solution found.
Wed May 07 22:22:55 CEST 2014: 58: finished (509ms, 500cycles)
Wed May 07 22:22:55 CEST 2014: 58: No solution found.
Wed May 07 22:22:55 CEST 2014: 59: finished (530ms, 500cycles)
Wed May 07 22:22:55 CEST 2014: 59: No solution found.
Wed May 07 22:22:56 CEST 2014: 60: finished (502ms, 500cycles)
Wed May 07 22:22:56 CEST 2014: 60: No solution found.
Wed May 07 22:22:56 CEST 2014: 61: finished (515ms, 500cycles)
Wed May 07 22:22:56 CEST 2014: 61: No solution found.
Wed May 07 22:22:56 CEST 2014: 62: finished (40ms, 32cycles)
Wed May 07 22:22:56 CEST 2014: 62: Solution found.
Wed May 07 22:22:57 CEST 2014: 63: finished (525ms, 500cycles)
Wed May 07 22:22:57 CEST 2014: 63: No solution found.
Wed May 07 22:22:57 CEST 2014: 64: finished (595ms, 500cycles)
Wed May 07 22:22:57 CEST 2014: 64: No solution found.
Wed May 07 22:22:58 CEST 2014: 65: finished (657ms, 500cycles)
Wed May 07 22:22:58 CEST 2014: 65: No solution found.
Wed May 07 22:22:58 CEST 2014: 66: finished (30ms, 21cycles)
Wed May 07 22:22:58 CEST 2014: 66: Solution found.
Wed May 07 22:22:59 CEST 2014: 67: finished (526ms, 500cycles)
Wed May 07 22:22:59 CEST 2014: 67: No solution found.
Wed May 07 22:22:59 CEST 2014: 68: finished (64ms, 52cycles)
Wed May 07 22:22:59 CEST 2014: 68: Solution found.
Wed May 07 22:22:59 CEST 2014: 69: finished (10ms, 8cycles)
Wed May 07 22:22:59 CEST 2014: 69: Solution found.
Wed May 07 22:22:59 CEST 2014: 70: finished (498ms, 500cycles)
Wed May 07 22:22:59 CEST 2014: 70: No solution found.
Wed May 07 22:23:00 CEST 2014: 71: finished (506ms, 500cycles)
Wed May 07 22:23:00 CEST 2014: 71: No solution found.
Wed May 07 22:23:00 CEST 2014: 72: finished (519ms, 500cycles)
Wed May 07 22:23:00 CEST 2014: 72: No solution found.
Wed May 07 22:23:00 CEST 2014: 73: finished (25ms, 23cycles)
Wed May 07 22:23:00 CEST 2014: 73: Solution found.
Wed May 07 22:23:01 CEST 2014: 74: finished (502ms, 500cycles)
Wed May 07 22:23:01 CEST 2014: 74: No solution found.
Wed May 07 22:23:01 CEST 2014: 75: finished (537ms, 500cycles)
Wed May 07 22:23:01 CEST 2014: 75: No solution found.
Wed May 07 22:23:01 CEST 2014: 76: finished (22ms, 19cycles)
Wed May 07 22:23:01 CEST 2014: 76: Solution found.
Wed May 07 22:23:02 CEST 2014: 77: finished (517ms, 500cycles)
Wed May 07 22:23:02 CEST 2014: 77: No solution found.
Wed May 07 22:23:02 CEST 2014: 78: finished (45ms, 41cycles)
Wed May 07 22:23:02 CEST 2014: 78: Solution found.
Wed May 07 22:23:02 CEST 2014: 79: finished (581ms, 500cycles)
Wed May 07 22:23:02 CEST 2014: 79: No solution found.
Wed May 07 22:23:03 CEST 2014: 80: finished (644ms, 500cycles)
Wed May 07 22:23:03 CEST 2014: 80: No solution found.
Wed May 07 22:23:03 CEST 2014: 81: finished (184ms, 140cycles)
Wed May 07 22:23:03 CEST 2014: 81: Solution found.
Wed May 07 22:23:04 CEST 2014: 82: finished (608ms, 500cycles)
Wed May 07 22:23:04 CEST 2014: 82: No solution found.
Wed May 07 22:23:04 CEST 2014: 83: finished (626ms, 500cycles)
Wed May 07 22:23:04 CEST 2014: 83: No solution found.
Wed May 07 22:23:05 CEST 2014: 84: finished (31ms, 22cycles)
Wed May 07 22:23:05 CEST 2014: 84: Solution found.
Wed May 07 22:23:05 CEST 2014: 85: finished (623ms, 500cycles)
Wed May 07 22:23:05 CEST 2014: 85: No solution found.
Wed May 07 22:23:06 CEST 2014: 86: finished (621ms, 500cycles)
Wed May 07 22:23:06 CEST 2014: 86: No solution found.
Wed May 07 22:23:06 CEST 2014: 87: finished (21ms, 18cycles)
Wed May 07 22:23:06 CEST 2014: 87: Solution found.
Wed May 07 22:23:06 CEST 2014: 88: finished (535ms, 500cycles)
Wed May 07 22:23:06 CEST 2014: 88: No solution found.
Wed May 07 22:23:07 CEST 2014: 89: finished (532ms, 500cycles)
Wed May 07 22:23:07 CEST 2014: 89: No solution found.
Wed May 07 22:23:07 CEST 2014: 90: finished (524ms, 500cycles)
Wed May 07 22:23:07 CEST 2014: 90: No solution found.
Wed May 07 22:23:08 CEST 2014: 91: finished (579ms, 500cycles)
Wed May 07 22:23:08 CEST 2014: 91: No solution found.
Wed May 07 22:23:08 CEST 2014: 92: finished (227ms, 500cycles)
Wed May 07 22:23:08 CEST 2014: 92: No solution found.
Wed May 07 22:23:08 CEST 2014: 93: finished (196ms, 500cycles)
Wed May 07 22:23:08 CEST 2014: 93: No solution found.
Wed May 07 22:23:09 CEST 2014: 94: finished (198ms, 500cycles)
Wed May 07 22:23:09 CEST 2014: 94: No solution found.
Wed May 07 22:23:09 CEST 2014: 95: finished (227ms, 500cycles)
Wed May 07 22:23:09 CEST 2014: 95: No solution found.
Wed May 07 22:23:09 CEST 2014: 96: finished (213ms, 500cycles)
Wed May 07 22:23:09 CEST 2014: 96: No solution found.
Wed May 07 22:23:09 CEST 2014: 97: finished (210ms, 500cycles)
Wed May 07 22:23:09 CEST 2014: 97: No solution found.
Wed May 07 22:23:09 CEST 2014: 98: finished (218ms, 500cycles)
Wed May 07 22:23:09 CEST 2014: 98: No solution found.
Wed May 07 22:23:10 CEST 2014: 99: finished (215ms, 500cycles)
Wed May 07 22:23:10 CEST 2014: 99: No solution found.
Wed May 07 22:23:10 CEST 2014: Solution Found: 23
Wed May 07 22:23:10 CEST 2014: Avg cycles: 30
Wed May 07 22:23:10 CEST 2014: Max cycles: 140
Wed May 07 22:23:10 CEST 2014: Min cycles: 7
Wed May 07 22:23:10 CEST 2014: No solution found: 77
Wed May 07 22:23:10 CEST 2014: logging finished. (runtime: 41661ms)
