Wed May 07 03:01:15 CEST 2014: Problem Count: 30
Wed May 07 03:01:15 CEST 2014: CandidatesCount: 30
Wed May 07 03:01:15 CEST 2014: Max Cycles: 500
Wed May 07 03:01:15 CEST 2014: 0: finished (360ms, 500cycles)
Wed May 07 03:01:15 CEST 2014: 0: No solution found.
Wed May 07 03:01:15 CEST 2014: 1: finished (370ms, 500cycles)
Wed May 07 03:01:15 CEST 2014: 1: No solution found.
Wed May 07 03:01:16 CEST 2014: 2: finished (330ms, 500cycles)
Wed May 07 03:01:16 CEST 2014: 2: No solution found.
Wed May 07 03:01:16 CEST 2014: 3: finished (357ms, 500cycles)
Wed May 07 03:01:16 CEST 2014: 3: No solution found.
Wed May 07 03:01:16 CEST 2014: 4: finished (325ms, 500cycles)
Wed May 07 03:01:16 CEST 2014: 4: No solution found.
Wed May 07 03:01:16 CEST 2014: 5: finished (10ms, 12cycles)
Wed May 07 03:01:16 CEST 2014: 5: Solution found.
Wed May 07 03:01:17 CEST 2014: 6: finished (349ms, 500cycles)
Wed May 07 03:01:17 CEST 2014: 6: No solution found.
Wed May 07 03:01:17 CEST 2014: 7: finished (25ms, 23cycles)
Wed May 07 03:01:17 CEST 2014: 7: Solution found.
Wed May 07 03:01:17 CEST 2014: 8: finished (27ms, 23cycles)
Wed May 07 03:01:17 CEST 2014: 8: Solution found.
Wed May 07 03:01:17 CEST 2014: 9: finished (21ms, 18cycles)
Wed May 07 03:01:17 CEST 2014: 9: Solution found.
Wed May 07 03:01:17 CEST 2014: 10: finished (305ms, 500cycles)
Wed May 07 03:01:17 CEST 2014: 10: No solution found.
Wed May 07 03:01:17 CEST 2014: 11: finished (318ms, 500cycles)
Wed May 07 03:01:17 CEST 2014: 11: No solution found.
Wed May 07 03:01:18 CEST 2014: 12: finished (279ms, 500cycles)
Wed May 07 03:01:18 CEST 2014: 12: No solution found.
Wed May 07 03:01:18 CEST 2014: 13: finished (294ms, 500cycles)
Wed May 07 03:01:18 CEST 2014: 13: No solution found.
Wed May 07 03:01:18 CEST 2014: 14: finished (286ms, 500cycles)
Wed May 07 03:01:18 CEST 2014: 14: No solution found.
Wed May 07 03:01:18 CEST 2014: 15: finished (4ms, 5cycles)
Wed May 07 03:01:18 CEST 2014: 15: Solution found.
Wed May 07 03:01:18 CEST 2014: 16: finished (5ms, 7cycles)
Wed May 07 03:01:18 CEST 2014: 16: Solution found.
Wed May 07 03:01:19 CEST 2014: 17: finished (303ms, 500cycles)
Wed May 07 03:01:19 CEST 2014: 17: No solution found.
Wed May 07 03:01:19 CEST 2014: 18: finished (27ms, 44cycles)
Wed May 07 03:01:19 CEST 2014: 18: Solution found.
Wed May 07 03:01:19 CEST 2014: 19: finished (286ms, 500cycles)
Wed May 07 03:01:19 CEST 2014: 19: No solution found.
Wed May 07 03:01:19 CEST 2014: 20: finished (283ms, 500cycles)
Wed May 07 03:01:19 CEST 2014: 20: No solution found.
Wed May 07 03:01:20 CEST 2014: 21: finished (306ms, 500cycles)
Wed May 07 03:01:20 CEST 2014: 21: No solution found.
Wed May 07 03:01:20 CEST 2014: 22: finished (283ms, 500cycles)
Wed May 07 03:01:20 CEST 2014: 22: No solution found.
Wed May 07 03:01:20 CEST 2014: 23: finished (284ms, 500cycles)
Wed May 07 03:01:20 CEST 2014: 23: No solution found.
Wed May 07 03:01:20 CEST 2014: 24: finished (278ms, 500cycles)
Wed May 07 03:01:20 CEST 2014: 24: No solution found.
Wed May 07 03:01:21 CEST 2014: 25: finished (376ms, 500cycles)
Wed May 07 03:01:21 CEST 2014: 25: No solution found.
Wed May 07 03:01:21 CEST 2014: 26: finished (20ms, 22cycles)
Wed May 07 03:01:21 CEST 2014: 26: Solution found.
Wed May 07 03:01:21 CEST 2014: 27: finished (369ms, 500cycles)
Wed May 07 03:01:21 CEST 2014: 27: No solution found.
Wed May 07 03:01:21 CEST 2014: 28: finished (276ms, 500cycles)
Wed May 07 03:01:21 CEST 2014: 28: No solution found.
Wed May 07 03:01:22 CEST 2014: 29: finished (348ms, 500cycles)
Wed May 07 03:01:22 CEST 2014: 29: No solution found.
Wed May 07 03:01:22 CEST 2014: 30: finished (281ms, 500cycles)
Wed May 07 03:01:22 CEST 2014: 30: No solution found.
Wed May 07 03:01:22 CEST 2014: 31: finished (289ms, 500cycles)
Wed May 07 03:01:22 CEST 2014: 31: No solution found.
Wed May 07 03:01:23 CEST 2014: 32: finished (310ms, 500cycles)
Wed May 07 03:01:23 CEST 2014: 32: No solution found.
Wed May 07 03:01:23 CEST 2014: 33: finished (10ms, 12cycles)
Wed May 07 03:01:23 CEST 2014: 33: Solution found.
Wed May 07 03:01:23 CEST 2014: 34: finished (16ms, 16cycles)
Wed May 07 03:01:23 CEST 2014: 34: Solution found.
Wed May 07 03:01:23 CEST 2014: 35: finished (340ms, 500cycles)
Wed May 07 03:01:23 CEST 2014: 35: No solution found.
Wed May 07 03:01:23 CEST 2014: 36: finished (346ms, 500cycles)
Wed May 07 03:01:23 CEST 2014: 36: No solution found.
Wed May 07 03:01:24 CEST 2014: 37: finished (329ms, 500cycles)
Wed May 07 03:01:24 CEST 2014: 37: No solution found.
Wed May 07 03:01:24 CEST 2014: 38: finished (336ms, 500cycles)
Wed May 07 03:01:24 CEST 2014: 38: No solution found.
Wed May 07 03:01:24 CEST 2014: 39: finished (351ms, 500cycles)
Wed May 07 03:01:24 CEST 2014: 39: No solution found.
Wed May 07 03:01:24 CEST 2014: 40: finished (6ms, 6cycles)
Wed May 07 03:01:24 CEST 2014: 40: Solution found.
Wed May 07 03:01:24 CEST 2014: 41: finished (16ms, 21cycles)
Wed May 07 03:01:24 CEST 2014: 41: Solution found.
Wed May 07 03:01:24 CEST 2014: 42: finished (4ms, 4cycles)
Wed May 07 03:01:24 CEST 2014: 42: Solution found.
Wed May 07 03:01:25 CEST 2014: 43: finished (354ms, 500cycles)
Wed May 07 03:01:25 CEST 2014: 43: No solution found.
Wed May 07 03:01:25 CEST 2014: 44: finished (324ms, 500cycles)
Wed May 07 03:01:25 CEST 2014: 44: No solution found.
Wed May 07 03:01:25 CEST 2014: 45: finished (33ms, 39cycles)
Wed May 07 03:01:25 CEST 2014: 45: Solution found.
Wed May 07 03:01:25 CEST 2014: 46: finished (3ms, 2cycles)
Wed May 07 03:01:25 CEST 2014: 46: Solution found.
Wed May 07 03:01:26 CEST 2014: 47: finished (332ms, 500cycles)
Wed May 07 03:01:26 CEST 2014: 47: No solution found.
Wed May 07 03:01:26 CEST 2014: 48: finished (21ms, 26cycles)
Wed May 07 03:01:26 CEST 2014: 48: Solution found.
Wed May 07 03:01:26 CEST 2014: 49: finished (365ms, 500cycles)
Wed May 07 03:01:26 CEST 2014: 49: No solution found.
Wed May 07 03:01:26 CEST 2014: 50: finished (3ms, 2cycles)
Wed May 07 03:01:26 CEST 2014: 50: Solution found.
Wed May 07 03:01:26 CEST 2014: 51: finished (14ms, 16cycles)
Wed May 07 03:01:26 CEST 2014: 51: Solution found.
Wed May 07 03:01:26 CEST 2014: 52: finished (361ms, 500cycles)
Wed May 07 03:01:26 CEST 2014: 52: No solution found.
Wed May 07 03:01:27 CEST 2014: 53: finished (363ms, 500cycles)
Wed May 07 03:01:27 CEST 2014: 53: No solution found.
Wed May 07 03:01:27 CEST 2014: 54: finished (26ms, 31cycles)
Wed May 07 03:01:27 CEST 2014: 54: Solution found.
Wed May 07 03:01:27 CEST 2014: 55: finished (333ms, 500cycles)
Wed May 07 03:01:27 CEST 2014: 55: No solution found.
Wed May 07 03:01:27 CEST 2014: 56: finished (335ms, 500cycles)
Wed May 07 03:01:27 CEST 2014: 56: No solution found.
Wed May 07 03:01:28 CEST 2014: 57: finished (355ms, 500cycles)
Wed May 07 03:01:28 CEST 2014: 57: No solution found.
Wed May 07 03:01:28 CEST 2014: 58: finished (28ms, 25cycles)
Wed May 07 03:01:28 CEST 2014: 58: Solution found.
Wed May 07 03:01:28 CEST 2014: 59: finished (330ms, 500cycles)
Wed May 07 03:01:28 CEST 2014: 59: No solution found.
Wed May 07 03:01:28 CEST 2014: 60: finished (357ms, 500cycles)
Wed May 07 03:01:28 CEST 2014: 60: No solution found.
Wed May 07 03:01:28 CEST 2014: 61: finished (56ms, 68cycles)
Wed May 07 03:01:28 CEST 2014: 61: Solution found.
Wed May 07 03:01:29 CEST 2014: 62: finished (350ms, 500cycles)
Wed May 07 03:01:29 CEST 2014: 62: No solution found.
Wed May 07 03:01:29 CEST 2014: 63: finished (356ms, 500cycles)
Wed May 07 03:01:29 CEST 2014: 63: No solution found.
Wed May 07 03:01:29 CEST 2014: 64: finished (328ms, 500cycles)
Wed May 07 03:01:29 CEST 2014: 64: No solution found.
Wed May 07 03:01:29 CEST 2014: 65: finished (5ms, 5cycles)
Wed May 07 03:01:29 CEST 2014: 65: Solution found.
Wed May 07 03:01:30 CEST 2014: 66: finished (325ms, 500cycles)
Wed May 07 03:01:30 CEST 2014: 66: No solution found.
Wed May 07 03:01:30 CEST 2014: 67: finished (333ms, 500cycles)
Wed May 07 03:01:30 CEST 2014: 67: No solution found.
Wed May 07 03:01:30 CEST 2014: 68: finished (9ms, 11cycles)
Wed May 07 03:01:30 CEST 2014: 68: Solution found.
Wed May 07 03:01:31 CEST 2014: 69: finished (340ms, 500cycles)
Wed May 07 03:01:31 CEST 2014: 69: No solution found.
Wed May 07 03:01:31 CEST 2014: 70: finished (342ms, 500cycles)
Wed May 07 03:01:31 CEST 2014: 70: No solution found.
Wed May 07 03:01:31 CEST 2014: 71: finished (327ms, 500cycles)
Wed May 07 03:01:31 CEST 2014: 71: No solution found.
Wed May 07 03:01:32 CEST 2014: 72: finished (330ms, 500cycles)
Wed May 07 03:01:32 CEST 2014: 72: No solution found.
Wed May 07 03:01:32 CEST 2014: 73: finished (363ms, 500cycles)
Wed May 07 03:01:32 CEST 2014: 73: No solution found.
Wed May 07 03:01:32 CEST 2014: 74: finished (360ms, 500cycles)
Wed May 07 03:01:32 CEST 2014: 74: No solution found.
Wed May 07 03:01:33 CEST 2014: 75: finished (358ms, 500cycles)
Wed May 07 03:01:33 CEST 2014: 75: No solution found.
Wed May 07 03:01:33 CEST 2014: 76: finished (7ms, 8cycles)
Wed May 07 03:01:33 CEST 2014: 76: Solution found.
Wed May 07 03:01:33 CEST 2014: 77: finished (330ms, 500cycles)
Wed May 07 03:01:33 CEST 2014: 77: No solution found.
Wed May 07 03:01:33 CEST 2014: 78: finished (334ms, 500cycles)
Wed May 07 03:01:33 CEST 2014: 78: No solution found.
Wed May 07 03:01:34 CEST 2014: 79: finished (331ms, 500cycles)
Wed May 07 03:01:34 CEST 2014: 79: No solution found.
Wed May 07 03:01:34 CEST 2014: 80: finished (363ms, 500cycles)
Wed May 07 03:01:34 CEST 2014: 80: No solution found.
Wed May 07 03:01:34 CEST 2014: 81: finished (354ms, 500cycles)
Wed May 07 03:01:34 CEST 2014: 81: No solution found.
Wed May 07 03:01:35 CEST 2014: 82: finished (342ms, 500cycles)
Wed May 07 03:01:35 CEST 2014: 82: No solution found.
Wed May 07 03:01:35 CEST 2014: 83: finished (354ms, 500cycles)
Wed May 07 03:01:35 CEST 2014: 83: No solution found.
Wed May 07 03:01:35 CEST 2014: 84: finished (8ms, 8cycles)
Wed May 07 03:01:35 CEST 2014: 84: Solution found.
Wed May 07 03:01:35 CEST 2014: 85: finished (15ms, 24cycles)
Wed May 07 03:01:35 CEST 2014: 85: Solution found.
Wed May 07 03:01:35 CEST 2014: 86: finished (334ms, 500cycles)
Wed May 07 03:01:35 CEST 2014: 86: No solution found.
Wed May 07 03:01:36 CEST 2014: 87: finished (307ms, 500cycles)
Wed May 07 03:01:36 CEST 2014: 87: No solution found.
Wed May 07 03:01:36 CEST 2014: 88: finished (300ms, 500cycles)
Wed May 07 03:01:36 CEST 2014: 88: No solution found.
Wed May 07 03:01:36 CEST 2014: 89: finished (34ms, 50cycles)
Wed May 07 03:01:36 CEST 2014: 89: Solution found.
Wed May 07 03:01:36 CEST 2014: 90: finished (280ms, 500cycles)
Wed May 07 03:01:36 CEST 2014: 90: No solution found.
Wed May 07 03:01:36 CEST 2014: 91: finished (4ms, 4cycles)
Wed May 07 03:01:36 CEST 2014: 91: Solution found.
Wed May 07 03:01:37 CEST 2014: 92: finished (301ms, 500cycles)
Wed May 07 03:01:37 CEST 2014: 92: No solution found.
Wed May 07 03:01:37 CEST 2014: 93: finished (299ms, 500cycles)
Wed May 07 03:01:37 CEST 2014: 93: No solution found.
Wed May 07 03:01:37 CEST 2014: 94: finished (279ms, 500cycles)
Wed May 07 03:01:37 CEST 2014: 94: No solution found.
Wed May 07 03:01:37 CEST 2014: 95: finished (282ms, 500cycles)
Wed May 07 03:01:37 CEST 2014: 95: No solution found.
Wed May 07 03:01:37 CEST 2014: 96: finished (13ms, 17cycles)
Wed May 07 03:01:37 CEST 2014: 96: Solution found.
Wed May 07 03:01:38 CEST 2014: 97: finished (301ms, 500cycles)
Wed May 07 03:01:38 CEST 2014: 97: No solution found.
Wed May 07 03:01:38 CEST 2014: 98: finished (301ms, 500cycles)
Wed May 07 03:01:38 CEST 2014: 98: No solution found.
Wed May 07 03:01:38 CEST 2014: 99: finished (7ms, 10cycles)
Wed May 07 03:01:38 CEST 2014: 99: Solution found.
Wed May 07 03:01:38 CEST 2014: Solution Found: 30
Wed May 07 03:01:38 CEST 2014: Avg cycles: 18
Wed May 07 03:01:38 CEST 2014: Max cycles: 68
Wed May 07 03:01:38 CEST 2014: Min cycles: 2
Wed May 07 03:01:38 CEST 2014: No solution found: 70
Wed May 07 03:01:38 CEST 2014: logging finished. (runtime: 23380ms)
