Wed May 14 11:37:54 CEST 2014: Problem Count: 30
Wed May 14 11:37:54 CEST 2014: CandidatesCount: 40
Wed May 14 11:37:54 CEST 2014: Max Cycles: 500
Wed May 14 11:37:54 CEST 2014: 0: finished (141ms, 500cycles)
Wed May 14 11:37:54 CEST 2014: 0: No solution found.
Wed May 14 11:37:55 CEST 2014: 1: finished (131ms, 500cycles)
Wed May 14 11:37:55 CEST 2014: 1: No solution found.
Wed May 14 11:37:55 CEST 2014: 2: finished (3ms, 10cycles)
Wed May 14 11:37:55 CEST 2014: 2: Solution found.
Wed May 14 11:37:55 CEST 2014: 3: finished (129ms, 500cycles)
Wed May 14 11:37:55 CEST 2014: 3: No solution found.
Wed May 14 11:37:55 CEST 2014: 4: finished (3ms, 10cycles)
Wed May 14 11:37:55 CEST 2014: 4: Solution found.
Wed May 14 11:37:55 CEST 2014: 5: finished (139ms, 500cycles)
Wed May 14 11:37:55 CEST 2014: 5: No solution found.
Wed May 14 11:37:55 CEST 2014: 6: finished (142ms, 500cycles)
Wed May 14 11:37:55 CEST 2014: 6: No solution found.
Wed May 14 11:37:55 CEST 2014: 7: finished (171ms, 500cycles)
Wed May 14 11:37:55 CEST 2014: 7: No solution found.
Wed May 14 11:37:55 CEST 2014: 8: finished (138ms, 500cycles)
Wed May 14 11:37:55 CEST 2014: 8: No solution found.
Wed May 14 11:37:55 CEST 2014: 9: finished (139ms, 500cycles)
Wed May 14 11:37:55 CEST 2014: 9: No solution found.
Wed May 14 11:37:56 CEST 2014: 10: finished (130ms, 500cycles)
Wed May 14 11:37:56 CEST 2014: 10: No solution found.
Wed May 14 11:37:56 CEST 2014: 11: finished (11ms, 31cycles)
Wed May 14 11:37:56 CEST 2014: 11: Solution found.
Wed May 14 11:37:56 CEST 2014: 12: finished (130ms, 500cycles)
Wed May 14 11:37:56 CEST 2014: 12: No solution found.
Wed May 14 11:37:56 CEST 2014: 13: finished (129ms, 500cycles)
Wed May 14 11:37:56 CEST 2014: 13: No solution found.
Wed May 14 11:37:56 CEST 2014: 14: finished (130ms, 500cycles)
Wed May 14 11:37:56 CEST 2014: 14: No solution found.
Wed May 14 11:37:56 CEST 2014: 15: finished (130ms, 500cycles)
Wed May 14 11:37:56 CEST 2014: 15: No solution found.
Wed May 14 11:37:56 CEST 2014: 16: finished (144ms, 500cycles)
Wed May 14 11:37:56 CEST 2014: 16: No solution found.
Wed May 14 11:37:56 CEST 2014: 17: finished (131ms, 500cycles)
Wed May 14 11:37:56 CEST 2014: 17: No solution found.
Wed May 14 11:37:56 CEST 2014: 18: finished (8ms, 29cycles)
Wed May 14 11:37:56 CEST 2014: 18: Solution found.
Wed May 14 11:37:56 CEST 2014: 19: finished (129ms, 500cycles)
Wed May 14 11:37:56 CEST 2014: 19: No solution found.
Wed May 14 11:37:56 CEST 2014: 20: finished (8ms, 21cycles)
Wed May 14 11:37:56 CEST 2014: 20: Solution found.
Wed May 14 11:37:57 CEST 2014: 21: finished (128ms, 500cycles)
Wed May 14 11:37:57 CEST 2014: 21: No solution found.
Wed May 14 11:37:57 CEST 2014: 22: finished (17ms, 56cycles)
Wed May 14 11:37:57 CEST 2014: 22: Solution found.
Wed May 14 11:37:57 CEST 2014: 23: finished (4ms, 11cycles)
Wed May 14 11:37:57 CEST 2014: 23: Solution found.
Wed May 14 11:37:57 CEST 2014: 24: finished (3ms, 6cycles)
Wed May 14 11:37:57 CEST 2014: 24: Solution found.
Wed May 14 11:37:57 CEST 2014: 25: finished (129ms, 500cycles)
Wed May 14 11:37:57 CEST 2014: 25: No solution found.
Wed May 14 11:37:57 CEST 2014: 26: finished (4ms, 11cycles)
Wed May 14 11:37:57 CEST 2014: 26: Solution found.
Wed May 14 11:37:57 CEST 2014: 27: finished (130ms, 500cycles)
Wed May 14 11:37:57 CEST 2014: 27: No solution found.
Wed May 14 11:37:57 CEST 2014: 28: finished (19ms, 59cycles)
Wed May 14 11:37:57 CEST 2014: 28: Solution found.
Wed May 14 11:37:57 CEST 2014: 29: finished (130ms, 500cycles)
Wed May 14 11:37:57 CEST 2014: 29: No solution found.
Wed May 14 11:37:57 CEST 2014: 30: finished (6ms, 17cycles)
Wed May 14 11:37:57 CEST 2014: 30: Solution found.
Wed May 14 11:37:57 CEST 2014: 31: finished (132ms, 500cycles)
Wed May 14 11:37:57 CEST 2014: 31: No solution found.
Wed May 14 11:37:57 CEST 2014: 32: finished (131ms, 500cycles)
Wed May 14 11:37:57 CEST 2014: 32: No solution found.
Wed May 14 11:37:57 CEST 2014: 33: finished (137ms, 500cycles)
Wed May 14 11:37:57 CEST 2014: 33: No solution found.
Wed May 14 11:37:58 CEST 2014: 34: finished (143ms, 500cycles)
Wed May 14 11:37:58 CEST 2014: 34: No solution found.
Wed May 14 11:37:58 CEST 2014: 35: finished (130ms, 500cycles)
Wed May 14 11:37:58 CEST 2014: 35: No solution found.
Wed May 14 11:37:58 CEST 2014: 36: finished (145ms, 500cycles)
Wed May 14 11:37:58 CEST 2014: 36: No solution found.
Wed May 14 11:37:58 CEST 2014: 37: finished (139ms, 500cycles)
Wed May 14 11:37:58 CEST 2014: 37: No solution found.
Wed May 14 11:37:58 CEST 2014: 38: finished (6ms, 21cycles)
Wed May 14 11:37:58 CEST 2014: 38: Solution found.
Wed May 14 11:37:58 CEST 2014: 39: finished (6ms, 19cycles)
Wed May 14 11:37:58 CEST 2014: 39: Solution found.
Wed May 14 11:37:58 CEST 2014: 40: finished (131ms, 500cycles)
Wed May 14 11:37:58 CEST 2014: 40: No solution found.
Wed May 14 11:37:58 CEST 2014: 41: finished (130ms, 500cycles)
Wed May 14 11:37:58 CEST 2014: 41: No solution found.
Wed May 14 11:37:58 CEST 2014: 42: finished (3ms, 7cycles)
Wed May 14 11:37:58 CEST 2014: 42: Solution found.
Wed May 14 11:37:58 CEST 2014: 43: finished (131ms, 500cycles)
Wed May 14 11:37:58 CEST 2014: 43: No solution found.
Wed May 14 11:37:59 CEST 2014: 44: finished (131ms, 500cycles)
Wed May 14 11:37:59 CEST 2014: 44: No solution found.
Wed May 14 11:37:59 CEST 2014: 45: finished (144ms, 500cycles)
Wed May 14 11:37:59 CEST 2014: 45: No solution found.
Wed May 14 11:37:59 CEST 2014: 46: finished (135ms, 500cycles)
Wed May 14 11:37:59 CEST 2014: 46: No solution found.
Wed May 14 11:37:59 CEST 2014: 47: finished (134ms, 500cycles)
Wed May 14 11:37:59 CEST 2014: 47: No solution found.
Wed May 14 11:37:59 CEST 2014: 48: finished (136ms, 500cycles)
Wed May 14 11:37:59 CEST 2014: 48: No solution found.
Wed May 14 11:37:59 CEST 2014: 49: finished (130ms, 500cycles)
Wed May 14 11:37:59 CEST 2014: 49: No solution found.
Wed May 14 11:37:59 CEST 2014: 50: finished (145ms, 500cycles)
Wed May 14 11:37:59 CEST 2014: 50: No solution found.
Wed May 14 11:37:59 CEST 2014: 51: finished (133ms, 500cycles)
Wed May 14 11:37:59 CEST 2014: 51: No solution found.
Wed May 14 11:38:00 CEST 2014: 52: finished (136ms, 500cycles)
Wed May 14 11:38:00 CEST 2014: 52: No solution found.
Wed May 14 11:38:00 CEST 2014: 53: finished (137ms, 500cycles)
Wed May 14 11:38:00 CEST 2014: 53: No solution found.
Wed May 14 11:38:00 CEST 2014: 54: finished (7ms, 7cycles)
Wed May 14 11:38:00 CEST 2014: 54: Solution found.
Wed May 14 11:38:00 CEST 2014: 55: finished (130ms, 500cycles)
Wed May 14 11:38:00 CEST 2014: 55: No solution found.
Wed May 14 11:38:00 CEST 2014: 56: finished (130ms, 500cycles)
Wed May 14 11:38:00 CEST 2014: 56: No solution found.
Wed May 14 11:38:00 CEST 2014: 57: finished (129ms, 500cycles)
Wed May 14 11:38:00 CEST 2014: 57: No solution found.
Wed May 14 11:38:00 CEST 2014: 58: finished (134ms, 500cycles)
Wed May 14 11:38:00 CEST 2014: 58: No solution found.
Wed May 14 11:38:00 CEST 2014: 59: finished (6ms, 17cycles)
Wed May 14 11:38:00 CEST 2014: 59: Solution found.
Wed May 14 11:38:00 CEST 2014: 60: finished (137ms, 500cycles)
Wed May 14 11:38:00 CEST 2014: 60: No solution found.
Wed May 14 11:38:00 CEST 2014: 61: finished (19ms, 64cycles)
Wed May 14 11:38:00 CEST 2014: 61: Solution found.
Wed May 14 11:38:01 CEST 2014: 62: finished (130ms, 500cycles)
Wed May 14 11:38:01 CEST 2014: 62: No solution found.
Wed May 14 11:38:01 CEST 2014: 63: finished (143ms, 500cycles)
Wed May 14 11:38:01 CEST 2014: 63: No solution found.
Wed May 14 11:38:01 CEST 2014: 64: finished (134ms, 500cycles)
Wed May 14 11:38:01 CEST 2014: 64: No solution found.
Wed May 14 11:38:01 CEST 2014: 65: finished (146ms, 500cycles)
Wed May 14 11:38:01 CEST 2014: 65: No solution found.
Wed May 14 11:38:01 CEST 2014: 66: finished (131ms, 500cycles)
Wed May 14 11:38:01 CEST 2014: 66: No solution found.
Wed May 14 11:38:01 CEST 2014: 67: finished (136ms, 500cycles)
Wed May 14 11:38:01 CEST 2014: 67: No solution found.
Wed May 14 11:38:01 CEST 2014: 68: finished (130ms, 500cycles)
Wed May 14 11:38:01 CEST 2014: 68: No solution found.
Wed May 14 11:38:01 CEST 2014: 69: finished (3ms, 8cycles)
Wed May 14 11:38:01 CEST 2014: 69: Solution found.
Wed May 14 11:38:01 CEST 2014: 70: finished (9ms, 31cycles)
Wed May 14 11:38:01 CEST 2014: 70: Solution found.
Wed May 14 11:38:02 CEST 2014: 71: finished (130ms, 500cycles)
Wed May 14 11:38:02 CEST 2014: 71: No solution found.
Wed May 14 11:38:02 CEST 2014: 72: finished (15ms, 43cycles)
Wed May 14 11:38:02 CEST 2014: 72: Solution found.
Wed May 14 11:38:02 CEST 2014: 73: finished (135ms, 500cycles)
Wed May 14 11:38:02 CEST 2014: 73: No solution found.
Wed May 14 11:38:02 CEST 2014: 74: finished (132ms, 500cycles)
Wed May 14 11:38:02 CEST 2014: 74: No solution found.
Wed May 14 11:38:02 CEST 2014: 75: finished (129ms, 500cycles)
Wed May 14 11:38:02 CEST 2014: 75: No solution found.
Wed May 14 11:38:02 CEST 2014: 76: finished (137ms, 500cycles)
Wed May 14 11:38:02 CEST 2014: 76: No solution found.
Wed May 14 11:38:02 CEST 2014: 77: finished (140ms, 500cycles)
Wed May 14 11:38:02 CEST 2014: 77: No solution found.
Wed May 14 11:38:02 CEST 2014: 78: finished (130ms, 500cycles)
Wed May 14 11:38:02 CEST 2014: 78: No solution found.
Wed May 14 11:38:02 CEST 2014: 79: finished (130ms, 500cycles)
Wed May 14 11:38:02 CEST 2014: 79: No solution found.
Wed May 14 11:38:03 CEST 2014: 80: finished (2ms, 5cycles)
Wed May 14 11:38:03 CEST 2014: 80: Solution found.
Wed May 14 11:38:03 CEST 2014: 81: finished (131ms, 500cycles)
Wed May 14 11:38:03 CEST 2014: 81: No solution found.
Wed May 14 11:38:03 CEST 2014: 82: finished (145ms, 500cycles)
Wed May 14 11:38:03 CEST 2014: 82: No solution found.
Wed May 14 11:38:03 CEST 2014: 83: finished (131ms, 500cycles)
Wed May 14 11:38:03 CEST 2014: 83: No solution found.
Wed May 14 11:38:03 CEST 2014: 84: finished (130ms, 500cycles)
Wed May 14 11:38:03 CEST 2014: 84: No solution found.
Wed May 14 11:38:03 CEST 2014: 85: finished (6ms, 18cycles)
Wed May 14 11:38:03 CEST 2014: 85: Solution found.
Wed May 14 11:38:03 CEST 2014: 86: finished (129ms, 500cycles)
Wed May 14 11:38:03 CEST 2014: 86: No solution found.
Wed May 14 11:38:03 CEST 2014: 87: finished (144ms, 500cycles)
Wed May 14 11:38:03 CEST 2014: 87: No solution found.
Wed May 14 11:38:03 CEST 2014: 88: finished (9ms, 27cycles)
Wed May 14 11:38:03 CEST 2014: 88: Solution found.
Wed May 14 11:38:03 CEST 2014: 89: finished (3ms, 8cycles)
Wed May 14 11:38:03 CEST 2014: 89: Solution found.
Wed May 14 11:38:03 CEST 2014: 90: finished (135ms, 500cycles)
Wed May 14 11:38:03 CEST 2014: 90: No solution found.
Wed May 14 11:38:03 CEST 2014: 91: finished (4ms, 10cycles)
Wed May 14 11:38:03 CEST 2014: 91: Solution found.
Wed May 14 11:38:04 CEST 2014: 92: finished (130ms, 500cycles)
Wed May 14 11:38:04 CEST 2014: 92: No solution found.
Wed May 14 11:38:04 CEST 2014: 93: finished (130ms, 500cycles)
Wed May 14 11:38:04 CEST 2014: 93: No solution found.
Wed May 14 11:38:04 CEST 2014: 94: finished (131ms, 500cycles)
Wed May 14 11:38:04 CEST 2014: 94: No solution found.
Wed May 14 11:38:04 CEST 2014: 95: finished (133ms, 500cycles)
Wed May 14 11:38:04 CEST 2014: 95: No solution found.
Wed May 14 11:38:04 CEST 2014: 96: finished (130ms, 500cycles)
Wed May 14 11:38:04 CEST 2014: 96: No solution found.
Wed May 14 11:38:04 CEST 2014: 97: finished (139ms, 500cycles)
Wed May 14 11:38:04 CEST 2014: 97: No solution found.
Wed May 14 11:38:04 CEST 2014: 98: finished (132ms, 500cycles)
Wed May 14 11:38:04 CEST 2014: 98: No solution found.
Wed May 14 11:38:05 CEST 2014: 99: finished (131ms, 500cycles)
Wed May 14 11:38:05 CEST 2014: 99: No solution found.
Wed May 14 11:38:05 CEST 2014: Solution Found: 25
Wed May 14 11:38:05 CEST 2014: Avg cycles: 21
Wed May 14 11:38:05 CEST 2014: Max cycles: 64
Wed May 14 11:38:05 CEST 2014: Min cycles: 5
Wed May 14 11:38:05 CEST 2014: No solution found: 75
Wed May 14 11:38:05 CEST 2014: logging finished. (runtime: 10288ms)
